87255286.000000 4737342.000000 
112812230.000000 4067012.000000 
112009390.000000 4082188.000000 
107381096.000000 4478096.000000 
96747250.000000 4655928.000000 
81954776.000000 5500858.000000 
110538318.000000 4143996.000000 
107895050.000000 4297506.000000 
71871956.000000 8055002.000000 
98729382.000000 4522426.000000 
67842916.000000 8193650.000000 
94634356.000000 4666390.000000 
116494212.000000 4043796.000000 
104008152.000000 4486418.000000 
83693742.000000 5210356.000000 
82321120.000000 5495820.000000 
66724260.000000 8505672.000000 
72180116.000000 7484194.000000 
65602166.000000 8885576.000000 
78177964.000000 7114938.000000 
66344880.000000 8673500.000000 
92508180.000000 4675406.000000 
81058602.000000 5856804.000000 
86143926.000000 4879698.000000 
75395150.000000 7121962.000000 
80326670.000000 6078572.000000 
85744242.000000 5163490.000000 
78773044.000000 6753316.000000 
86029486.000000 4993892.000000 

84652608.000000 4659874.000000 
69489204.000000 6608122.000000 
113827228.000000 3810532.000000 
93366886.000000 3863386.000000 
68483570.000000 7449400.000000 
65556602.000000 8351136.000000 
89270956.000000 4557530.000000 
89280094.000000 4437752.000000 
116044370.000000 3800566.000000 
67955122.000000 7568384.000000 
90178888.000000 4330154.000000 
70472434.000000 6526174.000000 
92324820.000000 3984148.000000 
93754928.000000 3816116.000000 
89002998.000000 4565830.000000 
67044778.000000 7740358.000000 
76111680.000000 5845506.000000 
79226568.000000 5822090.000000 
86430470.000000 4589416.000000 
81743622.000000 4993288.000000 
67425442.000000 7705626.000000 
87053076.000000 4567484.000000 
73192458.000000 6178344.000000 
89408456.000000 4336710.000000 
79268432.000000 5521818.000000 
84232856.000000 4776992.000000 
83651646.000000 4798956.000000 
73708812.000000 6131580.000000 

107104434.000000 3501286.000000 
75978806.000000 5156980.000000 
123475888.000000 3244818.000000 
75831178.000000 5335052.000000 
90742208.000000 3612612.000000 
81612192.000000 4505436.000000 
72670062.000000 5577568.000000 
62512008.000000 7397432.000000 
68610224.000000 6290156.000000 
119761014.000000 3287882.000000 
80120148.000000 4720542.000000 
74969776.000000 5490068.000000 
86370684.000000 4341244.000000 
115273940.000000 3290220.000000 
111572126.000000 3333264.000000 
86622434.000000 4046996.000000 
92646320.000000 3540922.000000 
82824128.000000 4357242.000000 
76327302.000000 4869006.000000 
62572574.000000 7158756.000000 
88626252.000000 3975496.000000 
89222558.000000 3941992.000000 
94166628.000000 3509884.000000 
73003886.000000 5524134.000000 
69681994.000000 5892602.000000 
89869412.000000 3871860.000000 
86857820.000000 3980986.000000 
86623090.000000 3991178.000000 
65834196.000000 7045176.000000 
65894774.000000 6806584.000000 

82992124.000000 3637554.000000 
82278464.000000 3637770.000000 
101862422.000000 3362698.000000 
80848338.000000 3973348.000000 
81548710.000000 3780606.000000 
67701654.000000 5587016.000000 
78519790.000000 4040696.000000 
101946910.000000 3312244.000000 
68819074.000000 5120402.000000 
63509872.000000 8240578.000000 
76808576.000000 4328668.000000 
80969256.000000 3967518.000000 
66988794.000000 6288346.000000 
81241610.000000 3966536.000000 
69123190.000000 5036330.000000 
63230628.000000 8333656.000000 
64872880.000000 8011360.000000 
68412988.000000 5413578.000000 
68167850.000000 5481168.000000 
71217572.000000 4946682.000000 
73378818.000000 4442688.000000 
74295766.000000 4433786.000000 
64924712.000000 7382534.000000 
67932426.000000 5519536.000000 
65871690.000000 6837550.000000 
69002986.000000 5051238.000000 
78185726.000000 4099412.000000 
72029624.000000 4544774.000000 
66925456.000000 6459616.000000 
99166706.000000 3537834.000000 
72800126.000000 4542630.000000 
72924506.000000 4527636.000000 
71279054.000000 4714688.000000 
71452670.000000 4645426.000000 
77271970.000000 4300342.000000 
77396350.000000 4285348.000000 
77584658.000000 4197530.000000 
68077714.000000 5495262.000000 
71577050.000000 4630432.000000 
96676026.000000 3566118.000000 
77680316.000000 4101326.000000 
98514612.000000 3556758.000000 
99895538.000000 3438972.000000 
88725028.000000 3573828.000000 

85176036.000000 4370710.000000 
123364306.000000 3552654.000000 
66436688.000000 12689198.000000 
105194876.000000 3578370.000000 
78175956.000000 5241974.000000 
67889266.000000 9326744.000000 
67111914.000000 11746564.000000 
75020548.000000 5608036.000000 
91324874.000000 3647674.000000 
80583204.000000 4785246.000000 
83396384.000000 4628104.000000 
85397668.000000 4052922.000000 
89696654.000000 3800964.000000 
69184634.000000 6010322.000000 
84676794.000000 4565796.000000 
77374016.000000 5305362.000000 
82308594.000000 4743472.000000 
68991766.000000 6559838.000000 
69302872.000000 5708418.000000 
78382676.000000 4916024.000000 
78031900.000000 5305152.000000 
75476296.000000 5598290.000000 
76183046.000000 5588576.000000 
68441256.000000 7211362.000000 
73441780.000000 5671460.000000 
84829608.000000 4504816.000000 
82216458.000000 4783524.000000 

82681794.000000 4626572.000000 
72082920.000000 6846468.000000 
73222130.000000 6645450.000000 
77494622.000000 4804376.000000 
86495250.000000 4262152.000000 
72584814.000000 6737974.000000 
64951920.000000 11693502.000000 
85904778.000000 4439136.000000 
98729386.000000 4101690.000000 
100544156.000000 4070144.000000 
74092258.000000 5378074.000000 
122758282.000000 3556632.000000 
73313800.000000 5383706.000000 
72331408.000000 6778280.000000 
102483566.000000 3899148.000000 
81912550.000000 4709082.000000 
66668338.000000 7912656.000000 
71079768.000000 6857238.000000 
82510924.000000 4639222.000000 
63730964.000000 12056440.000000 
76741100.000000 5136676.000000 
84804020.000000 4485298.000000 
108104892.000000 3628530.000000 
88522772.000000 4162146.000000 
86015816.000000 4324634.000000 
68596122.000000 6967950.000000 
90822774.000000 4122106.000000 
94857202.000000 4118726.000000 
66361350.000000 11483926.000000 
67515472.000000 7001536.000000 
73290808.000000 6368052.000000 
70057680.000000 6940378.000000 

83859204.000000 3976316.000000 
85116112.000000 3716736.000000 
109650492.000000 3525314.000000 
79464292.000000 4446274.000000 
65827710.000000 8489298.000000 
88747840.000000 3658420.000000 
80265104.000000 4224808.000000 
70812404.000000 5912394.000000 
79279094.000000 4480986.000000 
76936518.000000 5183332.000000 
65492354.000000 10119122.000000 
111938924.000000 3451636.000000 
64409752.000000 13663030.000000 
78422120.000000 5181616.000000 
65959594.000000 7095604.000000 
64605306.000000 11524196.000000 
63976950.000000 16094680.000000 
65684482.000000 9710142.000000 
93795178.000000 3593312.000000 
67165328.000000 6872322.000000 
80131684.000000 4373408.000000 
75288368.000000 5371444.000000 
66947870.000000 6890950.000000 
68654142.000000 6694016.000000 
68655070.000000 5963316.000000 
83383426.000000 4121868.000000 
71167920.000000 5616368.000000 
73096446.000000 5418672.000000 

65139418.000000 7581042.000000 
97937970.000000 3818626.000000 
97374338.000000 3838540.000000 
65190942.000000 6791364.000000 
77161584.000000 3862746.000000 
62789214.000000 8045642.000000 
63682968.000000 7913884.000000 
65672886.000000 5022254.000000 
67787534.000000 4956444.000000 
71482362.000000 4590654.000000 
69554944.000000 4811946.000000 
76632330.000000 3905826.000000 
68127894.000000 4828710.000000 
73832996.000000 4445132.000000 
73355612.000000 4475252.000000 
75511722.000000 4093764.000000 
68102042.000000 4906774.000000 
65334780.000000 5166428.000000 
64990326.000000 7657036.000000 

110113366.000000 3808318.000000 
77427654.000000 5524308.000000 
78260892.000000 5266928.000000 
80546284.000000 5040598.000000 
75356642.000000 5630520.000000 
95884756.000000 4162030.000000 
92745492.000000 4162500.000000 
74947472.000000 5778280.000000 
62009726.000000 8865956.000000 
81513822.000000 4998166.000000 
63012242.000000 8142686.000000 
70459268.000000 6508228.000000 
69360670.000000 6859134.000000 
101978186.000000 3939430.000000 
96273220.000000 3959042.000000 
86272292.000000 4515188.000000 
67036408.000000 6975444.000000 
66746418.000000 7023140.000000 
91085552.000000 4272476.000000 
90366136.000000 4324216.000000 
71036336.000000 6347746.000000 
97200166.000000 3958572.000000 
62199724.000000 8821932.000000 
70353200.000000 6789542.000000 
81738832.000000 4940398.000000 
83370450.000000 4897618.000000 
84853356.000000 4893050.000000 
72181202.000000 6137502.000000 
75194832.000000 5742372.000000 
85411792.000000 4886440.000000 
74460112.000000 5797244.000000 
88831326.000000 4424712.000000 
71600994.000000 6239248.000000 
64980196.000000 7799596.000000 
72259366.000000 5991894.000000 
61191840.000000 9271412.000000 
85835280.000000 4857204.000000 
86118724.000000 4620128.000000 
65733174.000000 7526438.000000 
77729314.000000 5274578.000000 
64163762.000000 7840436.000000 
73302868.000000 5880430.000000 
74097600.000000 5817386.000000 
62481880.000000 8514500.000000 
71654988.000000 6180470.000000 

77575374.000000 5321798.000000 
112842838.000000 3575850.000000 
110104340.000000 3679346.000000 
82298136.000000 4772254.000000 
116676674.000000 3549452.000000 
69431938.000000 6349060.000000 
68113252.000000 6404888.000000 
62970406.000000 7080012.000000 
70446382.000000 6335116.000000 
115283722.000000 3551578.000000 
81712416.000000 4863614.000000 
94186370.000000 4085462.000000 
98587200.000000 3981936.000000 
110587558.000000 3638714.000000 
103910840.000000 3819400.000000 
109671806.000000 3777170.000000 
66417178.000000 7017666.000000 
85248350.000000 4761252.000000 
61665092.000000 7968626.000000 
64985242.000000 7079268.000000 
80211250.000000 4961452.000000 
91446134.000000 4105154.000000 
85478756.000000 4357146.000000 
109120070.000000 3812252.000000 
72964912.000000 6173194.000000 
78086812.000000 5069046.000000 
76902634.000000 5617502.000000 
74155624.000000 5802376.000000 
102887616.000000 3864600.000000 
101257684.000000 3871610.000000 
98784180.000000 3967902.000000 
100991032.000000 3926764.000000 
76548498.000000 5622796.000000 
99155934.000000 3928390.000000 
98489416.000000 4055750.000000 
90951832.000000 4286436.000000 
103358550.000000 3836464.000000 
71907386.000000 6181996.000000 
79122446.000000 5063988.000000 
79861012.000000 5063538.000000 
74250228.000000 5649884.000000 

60741802.000000 11056484.000000 
59730942.000000 12358522.000000 
92357690.000000 3415258.000000 
113362372.000000 3177514.000000 
108088290.000000 3249744.000000 
62375086.000000 8202068.000000 
84087300.000000 3476542.000000 
83535564.000000 3494300.000000 
89512912.000000 3446568.000000 
83072810.000000 3533058.000000 
61574902.000000 10855256.000000 
96691340.000000 3285396.000000 
94687536.000000 3355418.000000 
64540046.000000 6207282.000000 
66056682.000000 5964292.000000 
93980150.000000 3371242.000000 
70430110.000000 4374128.000000 
72029024.000000 4188972.000000 
78922902.000000 4020602.000000 
80403064.000000 3828046.000000 
69978876.000000 4458046.000000 
78377702.000000 4149106.000000 
79258894.000000 4003542.000000 
68681224.000000 4604266.000000 
70808358.000000 4358816.000000 
65755892.000000 6000062.000000 
66577404.000000 4957368.000000 
63779764.000000 7332746.000000 
64031376.000000 7273902.000000 
64238956.000000 6241892.000000 
66276034.000000 4991922.000000 
68380154.000000 4639980.000000 
68325990.000000 4726070.000000 
77935976.000000 4164640.000000 
78637686.000000 4112426.000000 
67874884.000000 4810420.000000 
68158520.000000 4775866.000000 
70262212.000000 4422332.000000 
69925032.000000 4541346.000000 
72442740.000000 4173660.000000 
80774524.000000 3810986.000000 
62916976.000000 7859246.000000 
62831824.000000 7885926.000000 

90675270.000000 3954696.000000 
66117292.000000 10685800.000000 
66497558.000000 8677430.000000 
88541014.000000 4181142.000000 
69667552.000000 8629124.000000 
69736314.000000 8187284.000000 
90367290.000000 3956196.000000 
87355094.000000 4332072.000000 
83114714.000000 4449026.000000 
87376178.000000 4324156.000000 
88139110.000000 4323980.000000 
65953700.000000 11704184.000000 
66117764.000000 10042764.000000 
70702756.000000 7374100.000000 
75611534.000000 4837232.000000 
73866060.000000 4968274.000000 
71919534.000000 6530536.000000 
76342010.000000 4611810.000000 
79393358.000000 4483492.000000 
84621828.000000 4352522.000000 
73140504.000000 5649134.000000 
72053592.000000 5665536.000000 
71294768.000000 6583852.000000 
82578272.000000 4454008.000000 

86268416.000000 4580312.000000 
111097340.000000 3794494.000000 
69237026.000000 6645472.000000 
73815612.000000 6299028.000000 
86897386.000000 4565036.000000 
74108070.000000 5838864.000000 
71391284.000000 6314054.000000 
74251304.000000 5738186.000000 
75481370.000000 5208338.000000 
83460988.000000 4686044.000000 
62623950.000000 9355714.000000 
88686298.000000 4112144.000000 
94843554.000000 3829044.000000 
92014846.000000 4032416.000000 
87775182.000000 4148344.000000 
109447770.000000 3802736.000000 
82297134.000000 4734660.000000 
67892856.000000 7268406.000000 
64328712.000000 9112370.000000 
77512394.000000 5037470.000000 
65368424.000000 7575158.000000 
74844350.000000 5515150.000000 
92017762.000000 4029352.000000 
85447036.000000 4677632.000000 
79880808.000000 4855416.000000 
91153140.000000 4089628.000000 
60472444.000000 9711838.000000 
111375762.000000 3717690.000000 
68508908.000000 6724670.000000 

72115486.000000 6729648.000000 
121554248.000000 3868584.000000 
69384832.000000 8578140.000000 
85541486.000000 5005258.000000 
82860178.000000 5284926.000000 
72297572.000000 6630654.000000 
67986782.000000 9013376.000000 
98717444.000000 4012118.000000 
87087138.000000 4670286.000000 
76203156.000000 5890856.000000 
69633168.000000 7726232.000000 
68497658.000000 8846026.000000 
90974302.000000 4285372.000000 
86226700.000000 4779614.000000 
85647334.000000 4923764.000000 
82397800.000000 5354434.000000 
108787644.000000 3912276.000000 
88566690.000000 4405172.000000 
87828500.000000 4624796.000000 
83711704.000000 5200612.000000 
82820360.000000 5306182.000000 
86202902.000000 4875230.000000 
84079292.000000 5053154.000000 
106476098.000000 3953332.000000 
104084270.000000 4000452.000000 
70510422.000000 6989348.000000 
92479506.000000 4135630.000000 
68633798.000000 8594686.000000 
82944780.000000 5214670.000000 
104158142.000000 3978124.000000 
84742802.000000 5027850.000000 
78002160.000000 5734106.000000 
79874344.000000 5597802.000000 
77227550.000000 5883478.000000 
68176312.000000 8915262.000000 
76971032.000000 5886026.000000 
81375402.000000 5583218.000000 
114108914.000000 3904076.000000 
74504010.000000 5909006.000000 
71490304.000000 6884708.000000 
82022038.000000 5424076.000000 
72365622.000000 6088704.000000 
75609754.000000 5895322.000000 

81182714.000000 4712710.000000 
73265608.000000 6262720.000000 
71719980.000000 6700226.000000 
92843186.000000 4074762.000000 
114966840.000000 3802314.000000 
117042550.000000 3764384.000000 
94757842.000000 3983900.000000 
68317630.000000 7531824.000000 
78038614.000000 4759600.000000 
75685906.000000 5327794.000000 
111482908.000000 3902068.000000 
109773098.000000 3911350.000000 
82181610.000000 4661202.000000 
108666624.000000 3958792.000000 
66650950.000000 7608636.000000 
68320780.000000 7317042.000000 
72012306.000000 6446980.000000 
72266034.000000 6427302.000000 
82445100.000000 4638410.000000 
83458294.000000 4143592.000000 
73758362.000000 5953972.000000 
114030412.000000 3859334.000000 
108840172.000000 3941534.000000 
74682154.000000 5362400.000000 
68670956.000000 6805568.000000 
82766618.000000 4624686.000000 
76962230.000000 5221270.000000 
80401168.000000 4749224.000000 

67990444.000000 7129496.000000 
66395934.000000 7871534.000000 
87079396.000000 4192750.000000 
79090338.000000 4754888.000000 
67179908.000000 7327588.000000 
74321860.000000 5540686.000000 
84192532.000000 4198040.000000 
65324946.000000 7891474.000000 
78182084.000000 4917472.000000 
71338958.000000 6011402.000000 
93972660.000000 4001728.000000 
70202076.000000 6410904.000000 
93738252.000000 4066764.000000 
66219234.000000 7874966.000000 
77786672.000000 4973868.000000 
65131622.000000 8523312.000000 
99144140.000000 3436630.000000 
70981640.000000 6085206.000000 
75302030.000000 5242490.000000 
71945218.000000 5708466.000000 
72302536.000000 5634662.000000 
75659348.000000 5168686.000000 
74679178.000000 5466882.000000 
81560856.000000 4346248.000000 
80617842.000000 4519552.000000 
68622660.000000 7058342.000000 

71315192.000000 6469552.000000 
84137974.000000 4252750.000000 
74129926.000000 5622210.000000 
114867874.000000 3982226.000000 
63842434.000000 10091908.000000 
81288034.000000 4429396.000000 
76929424.000000 5275356.000000 
78499464.000000 5086150.000000 
65012598.000000 8261288.000000 
82668918.000000 4264682.000000 
77588592.000000 5150122.000000 
74427094.000000 5408196.000000 
74317558.000000 5489164.000000 
62785690.000000 12248116.000000 
73250216.000000 5686104.000000 
67889422.000000 7115252.000000 
79003762.000000 5002808.000000 
68718676.000000 6584190.000000 
72191996.000000 6029886.000000 
75422934.000000 5381888.000000 
71975316.000000 6242856.000000 
67794696.000000 7758408.000000 
71593770.000000 6460232.000000 
85612900.000000 4034974.000000 
79231866.000000 4655480.000000 
80978564.000000 4592338.000000 
80824412.000000 4595372.000000 

90465586.000000 3579682.000000 
72582218.000000 5366716.000000 
74778768.000000 5285274.000000 
75180212.000000 5216562.000000 
80365790.000000 4692598.000000 
90219400.000000 3652716.000000 
91726924.000000 3562674.000000 
77122330.000000 4975226.000000 
65510026.000000 8192212.000000 
112950370.000000 3422498.000000 
70985942.000000 5730576.000000 
76137688.000000 5136142.000000 
64681134.000000 11218070.000000 
71232620.000000 5697158.000000 
66362116.000000 7713518.000000 
80439938.000000 4677592.000000 
72625524.000000 5364388.000000 
77903876.000000 4812592.000000 
70160764.000000 5996672.000000 
67114548.000000 6761568.000000 
95957042.000000 3431502.000000 
85966400.000000 3712516.000000 
80516664.000000 3915400.000000 
92212802.000000 3526884.000000 
64969366.000000 8571066.000000 
68923466.000000 6078484.000000 
68677056.000000 6127934.000000 
76773982.000000 5033584.000000 
66573332.000000 7510132.000000 
77523506.000000 4890450.000000 
64769600.000000 8774790.000000 
67121832.000000 6370268.000000 
88430618.000000 3702772.000000 
76709868.000000 5096384.000000 
79480728.000000 4714354.000000 
84168626.000000 3913614.000000 

112815080.000000 3674106.000000 
104158234.000000 3988432.000000 
65061988.000000 8195212.000000 
97607256.000000 4092362.000000 
66403006.000000 6894386.000000 
96951050.000000 4312344.000000 
66710432.000000 6874230.000000 
76068482.000000 5215274.000000 
68529100.000000 6759064.000000 
71694224.000000 5332084.000000 
105456570.000000 3874960.000000 
76886444.000000 4327352.000000 
68821538.000000 6665078.000000 
76514216.000000 4582170.000000 
69884388.000000 5538142.000000 
104413686.000000 3920054.000000 
69655552.000000 6602796.000000 
99949802.000000 4092028.000000 

70420648.000000 6960536.000000 
80009464.000000 4556540.000000 
80015212.000000 4535364.000000 
64042844.000000 8535766.000000 
64719706.000000 8474112.000000 
66506230.000000 7405768.000000 
67468078.000000 7210948.000000 
68144940.000000 7149294.000000 
83889398.000000 3819028.000000 
75019316.000000 5526510.000000 
96655688.000000 3437730.000000 
73668926.000000 5792628.000000 
72301958.000000 6506178.000000 
78231282.000000 4605584.000000 
80373834.000000 4313188.000000 
73140098.000000 6287750.000000 
72190078.000000 6678832.000000 
65829368.000000 7467422.000000 
99141558.000000 3266628.000000 
108977922.000000 3121028.000000 
98564442.000000 3344014.000000 
98945810.000000 3337092.000000 
71468128.000000 6723310.000000 
73304294.000000 6169870.000000 
76738636.000000 5101318.000000 
110185808.000000 3106274.000000 
107464274.000000 3202646.000000 
103234036.000000 3226948.000000 
84703950.000000 3503310.000000 
83926102.000000 3586048.000000 

101634362.000000 3647182.000000 
70914200.000000 6103354.000000 
60093712.000000 9206684.000000 
79704058.000000 4685952.000000 
100002534.000000 3847700.000000 
73359682.000000 5975042.000000 
75868378.000000 5110532.000000 
101150158.000000 3689232.000000 
69254586.000000 6175512.000000 
63117094.000000 6481744.000000 
74200900.000000 5589942.000000 
62472918.000000 7405536.000000 
89102852.000000 3951140.000000 
82524852.000000 4164618.000000 
78694780.000000 4686286.000000 
75233388.000000 5550106.000000 
76510086.000000 4835698.000000 
78627592.000000 4774340.000000 
73868402.000000 5719578.000000 
79827102.000000 4610704.000000 
60577884.000000 8305330.000000 
92343778.000000 3898420.000000 
92432996.000000 3854042.000000 
62129752.000000 7539206.000000 
82468286.000000 4171774.000000 
76496872.000000 5072442.000000 
62462194.000000 7521178.000000 

66562370.000000 9366964.000000 
67892430.000000 8816306.000000 
73641418.000000 6142250.000000 
74677966.000000 5534144.000000 
80605740.000000 5082692.000000 
94771986.000000 3975236.000000 
87304710.000000 4624816.000000 
82128846.000000 4848986.000000 
80451030.000000 5161866.000000 
72334460.000000 6617802.000000 
68828784.000000 7889258.000000 
68600704.000000 7900154.000000 
69854446.000000 6754338.000000 
94295768.000000 4088660.000000 
83448588.000000 4713060.000000 
90162528.000000 4412654.000000 
75060080.000000 5189998.000000 
101703774.000000 3360214.000000 
67648262.000000 8942882.000000 
67266964.000000 9152566.000000 
80984402.000000 5070604.000000 
82171162.000000 4818364.000000 
66069480.000000 9995776.000000 
66673102.000000 9186440.000000 
86362682.000000 4648776.000000 
81507042.000000 4858568.000000 
72362778.000000 6235776.000000 
66180190.000000 9727962.000000 
81089786.000000 5032192.000000 
88660986.000000 4549362.000000 
91624394.000000 4217572.000000 
94014194.000000 4200894.000000 
87624434.000000 4566068.000000 
89266778.000000 4522112.000000 
95229682.000000 3901262.000000 
99343354.000000 3878398.000000 

72889086.000000 5670644.000000 
73575692.000000 5613796.000000 
93352876.000000 3833034.000000 
88416456.000000 4195268.000000 
71840146.000000 6007374.000000 
66102278.000000 7067002.000000 
78670924.000000 5030782.000000 
70048862.000000 6742332.000000 
90089040.000000 3883780.000000 
78345796.000000 5114602.000000 
85304710.000000 4299530.000000 
80350790.000000 4879582.000000 
88480380.000000 3999314.000000 
67851806.000000 6808448.000000 
120729376.000000 3520912.000000 
77960782.000000 5132358.000000 
75562216.000000 5174656.000000 
101834448.000000 3616990.000000 
111431214.000000 3568032.000000 
81839770.000000 4867452.000000 
113743578.000000 3556420.000000 
63452674.000000 8771602.000000 
70763898.000000 6324016.000000 
79458676.000000 4969284.000000 
84361572.000000 4743366.000000 
75173766.000000 5433034.000000 
72732902.000000 5916562.000000 
74849676.000000 5516754.000000 
67136810.000000 6841942.000000 
79402218.000000 4970050.000000 
70938478.000000 6080812.000000 
65387546.000000 7100592.000000 
65279120.000000 7581110.000000 
93765000.000000 3748570.000000 
85276710.000000 4353046.000000 
75142156.000000 5444554.000000 
75211498.000000 5242190.000000 
101357326.000000 3696828.000000 
79745892.000000 4898614.000000 
82211190.000000 4799940.000000 

72557826.000000 5924890.000000 
99707292.000000 4145300.000000 
81674174.000000 5009346.000000 
95491214.000000 4260022.000000 
95713386.000000 4163278.000000 
105301038.000000 4097720.000000 
124666970.000000 3770540.000000 
87449324.000000 4663456.000000 
65255626.000000 10642510.000000 
93730656.000000 4360462.000000 
82603746.000000 4918472.000000 
104868002.000000 4104398.000000 
74559284.000000 5357176.000000 
87650676.000000 4485366.000000 
73991230.000000 5626490.000000 
70389084.000000 6181144.000000 
112206236.000000 4019216.000000 
94420946.000000 4330496.000000 
65479986.000000 10335696.000000 
64255042.000000 11040598.000000 
95065292.000000 4284798.000000 
95483842.000000 4279634.000000 
85802382.000000 4671640.000000 
94699462.000000 4294364.000000 
73809928.000000 5765774.000000 
70209098.000000 6577696.000000 
69862304.000000 6833790.000000 
108600474.000000 4055234.000000 
111223230.000000 4041080.000000 
117848992.000000 4003534.000000 
84578826.000000 4741830.000000 
93079274.000000 4453626.000000 
66777534.000000 7219820.000000 
65715700.000000 7636608.000000 
118486564.000000 3989380.000000 
71688366.000000 6058256.000000 
101444658.000000 4117204.000000 
81081784.000000 5072538.000000 
86620570.000000 4667182.000000 
83277002.000000 4880290.000000 
85689882.000000 4718572.000000 
108643684.000000 4045654.000000 
70791668.000000 6093732.000000 
69479076.000000 6881248.000000 
74641390.000000 5262086.000000 
67135786.000000 7195456.000000 
107008192.000000 4065524.000000 
67966734.000000 7087720.000000 
83748066.000000 4743284.000000 
93997228.000000 4343528.000000 
78624636.000000 5094692.000000 
77898456.000000 5203718.000000 

86109764.000000 3903968.000000 
68451046.000000 6872552.000000 
128775564.000000 3506280.000000 
92056296.000000 3675414.000000 
68618106.000000 6842444.000000 
66641238.000000 7497266.000000 
66745748.000000 7110068.000000 
72785878.000000 5795294.000000 
91819548.000000 3903610.000000 
61879458.000000 12979446.000000 
82520054.000000 4116912.000000 
79988606.000000 4121384.000000 
74133484.000000 5534894.000000 
67356746.000000 6891448.000000 
84727868.000000 3945344.000000 
105375998.000000 3529586.000000 
85866964.000000 3933324.000000 
133278610.000000 3495784.000000 
92061932.000000 3547488.000000 
93350488.000000 3536304.000000 
69652352.000000 6721016.000000 
68893484.000000 6790840.000000 
79562494.000000 4472794.000000 
70038932.000000 5993568.000000 
74458718.000000 5194088.000000 
62737010.000000 9149186.000000 
64381894.000000 8854884.000000 
63462134.000000 8879676.000000 
66060660.000000 7675000.000000 
67015798.000000 6935768.000000 
77031046.000000 4477266.000000 
75515328.000000 4957998.000000 

65815562.000000 7376248.000000 
77929020.000000 5337988.000000 
94638414.000000 4179074.000000 
101074224.000000 4110930.000000 
93679878.000000 4229220.000000 
92503930.000000 4255698.000000 
78336410.000000 5226346.000000 
69948820.000000 6676858.000000 
83801936.000000 4663052.000000 
71439510.000000 6240528.000000 
81473550.000000 4940258.000000 
82648960.000000 4924182.000000 
90347838.000000 4267566.000000 
84984844.000000 4644958.000000 
74003738.000000 5428948.000000 
76692082.000000 5385038.000000 
87455244.000000 4537442.000000 
103894894.000000 4107922.000000 
104004618.000000 3904542.000000 
64565538.000000 7914446.000000 
88405300.000000 4345456.000000 
67578682.000000 6890676.000000 
72206936.000000 5691348.000000 
85937974.000000 4592700.000000 
79708548.000000 5084516.000000 

112333176.000000 3621444.000000 
99657178.000000 3831610.000000 
73133770.000000 5082918.000000 
74736940.000000 4993872.000000 
77607222.000000 4942658.000000 
103881460.000000 3734862.000000 
64987576.000000 8049140.000000 
105864644.000000 3656158.000000 
96065020.000000 3917652.000000 
118759790.000000 3591436.000000 
64936438.000000 8401822.000000 
65479420.000000 7109970.000000 
90955094.000000 4112280.000000 
77322754.000000 4988290.000000 
66056808.000000 6390348.000000 
64759060.000000 8411086.000000 
66712976.000000 6227394.000000 
67326528.000000 6192120.000000 
69210112.000000 5611064.000000 
78782652.000000 4162522.000000 
67351098.000000 6129120.000000 
92133500.000000 3970658.000000 
67964650.000000 6093846.000000 
89316232.000000 4144764.000000 
71240576.000000 5273672.000000 
64128580.000000 8583290.000000 
69785102.000000 5563704.000000 
66632044.000000 6342726.000000 
110132660.000000 3624308.000000 
78105674.000000 4327624.000000 
68259244.000000 6082750.000000 
74693748.000000 5000190.000000 
78020964.000000 4501638.000000 
68928396.000000 5755598.000000 
68353406.000000 5802958.000000 

72970322.000000 6032640.000000 
90652248.000000 3973648.000000 
99567870.000000 3733760.000000 
85081624.000000 4111550.000000 
101036022.000000 3710898.000000 
61940550.000000 9782182.000000 
91789370.000000 3869374.000000 
89676996.000000 3998880.000000 
78636470.000000 4994642.000000 
84003052.000000 4146636.000000 
96714892.000000 3797570.000000 
105783952.000000 3697884.000000 
79032004.000000 4478154.000000 
74536642.000000 6025798.000000 
63569300.000000 8124416.000000 
62826000.000000 8639532.000000 
62408112.000000 8691554.000000 
77359386.000000 5437290.000000 
107050640.000000 3561826.000000 
70882870.000000 6069402.000000 
60820886.000000 10074252.000000 
60182538.000000 10425640.000000 
110623540.000000 3447974.000000 
66743716.000000 7685164.000000 
68210446.000000 7502164.000000 
96318592.000000 3799440.000000 
62933952.000000 8365238.000000 
67367030.000000 7578436.000000 
61772460.000000 9919554.000000 
79062580.000000 4447292.000000 
65545802.000000 7838256.000000 
68359254.000000 7468458.000000 
87691878.000000 4033662.000000 
87483152.000000 4064500.000000 
107212278.000000 3524254.000000 
69640178.000000 6982954.000000 
64537416.000000 8112420.000000 
76163642.000000 5691392.000000 
77254970.000000 5621856.000000 
75294454.000000 5778394.000000 
78431182.000000 5415220.000000 
61494720.000000 9988490.000000 

67978804.000000 5825278.000000 
72607362.000000 4706244.000000 
105124662.000000 3629386.000000 
73116742.000000 4700762.000000 
69029960.000000 5616924.000000 
70915062.000000 4761088.000000 
121874546.000000 3558538.000000 
90694988.000000 4211844.000000 
78515032.000000 4420474.000000 
106728052.000000 3591248.000000 
98363118.000000 3894714.000000 
100599692.000000 3641300.000000 
98570108.000000 3724424.000000 
67819872.000000 5827320.000000 
84412910.000000 4387558.000000 
83024438.000000 4397544.000000 
65916096.000000 5973140.000000 
93644590.000000 4040926.000000 
85876574.000000 4385592.000000 
88473452.000000 4320138.000000 
93001460.000000 4202034.000000 
94035834.000000 3960640.000000 
90881514.000000 4210560.000000 
91836086.000000 4209508.000000 
89393976.000000 4318978.000000 
96097988.000000 3906434.000000 
84602520.000000 4386266.000000 
93405236.000000 4138022.000000 
93215576.000000 4139168.000000 
78421518.000000 4693744.000000 

81422930.000000 4910950.000000 
77633222.000000 5163144.000000 
83395818.000000 4666482.000000 
102838388.000000 3380806.000000 
81108968.000000 4954686.000000 
82904498.000000 4678566.000000 
91264220.000000 3467442.000000 
75616854.000000 5225646.000000 
72454444.000000 5845294.000000 
84880070.000000 4369808.000000 
83717930.000000 4397294.000000 
89835186.000000 3693720.000000 
64726452.000000 7611998.000000 
65214686.000000 7444526.000000 
82144810.000000 4808268.000000 
69927064.000000 6451382.000000 
69963948.000000 6427974.000000 
66299720.000000 7000018.000000 
63733824.000000 8767104.000000 
78962622.000000 4969804.000000 
85299802.000000 4164690.000000 
64032894.000000 7853806.000000 
90554298.000000 3522884.000000 
64338088.000000 7783466.000000 
65865918.000000 7061022.000000 
74146854.000000 5418212.000000 
70961478.000000 6147976.000000 
86510526.000000 3815240.000000 
86718318.000000 3748782.000000 
85355578.000000 4149508.000000 
69588216.000000 6522180.000000 
75179008.000000 5279978.000000 
72551200.000000 5774424.000000 
83218300.000000 4677746.000000 
65762924.000000 7102060.000000 
94512010.000000 3399952.000000 
66347636.000000 6945736.000000 
86065500.000000 4094066.000000 
93735672.000000 3466146.000000 
83374210.000000 4669578.000000 
66849890.000000 6847064.000000 
65457834.000000 7172720.000000 

