71090458.000000 8590002.000000 
73929622.000000 8556140.000000 
103125154.000000 4820000.000000 
78848796.000000 7457942.000000 
81619622.000000 6153002.000000 
112075940.000000 4634688.000000 
92180052.000000 4869170.000000 
112013832.000000 4648440.000000 
92624004.000000 4856806.000000 
81351624.000000 6613038.000000 
66344880.000000 8673500.000000 
65602166.000000 8885576.000000 
88377560.000000 5150220.000000 
103159934.000000 4653780.000000 
79533422.000000 6973842.000000 
85509170.000000 5403916.000000 
102164094.000000 4849834.000000 

79238412.000000 6037508.000000 
78439530.000000 6379358.000000 
70247204.000000 8170344.000000 
76628456.000000 6799516.000000 
87381174.000000 4966354.000000 
84073762.000000 5723980.000000 
80701864.000000 5823918.000000 
86510708.000000 5024066.000000 
97640722.000000 4204432.000000 
86035268.000000 5556808.000000 
67918610.000000 8718276.000000 
67358088.000000 8819112.000000 
76923068.000000 6620188.000000 
70259526.000000 7643726.000000 
71331082.000000 7451580.000000 
100921388.000000 4074490.000000 
74690688.000000 7207322.000000 
74944920.000000 7103970.000000 
73904596.000000 7295002.000000 
73108488.000000 7335136.000000 
89408456.000000 4336710.000000 
96066530.000000 4235434.000000 
69175542.000000 8318326.000000 
68609668.000000 8510918.000000 
83475490.000000 5749624.000000 
87761286.000000 4910816.000000 
87734526.000000 4935640.000000 
98692900.000000 4117218.000000 
85208576.000000 5584072.000000 

115123186.000000 3436686.000000 
105659858.000000 3582026.000000 
107104434.000000 3501286.000000 
96936102.000000 3583114.000000 
84038036.000000 5096820.000000 
72223264.000000 6488558.000000 
81432448.000000 6056920.000000 
85605388.000000 4777734.000000 
89801858.000000 4417528.000000 
78772030.000000 6104370.000000 
95225642.000000 3809968.000000 
87039582.000000 4476290.000000 
93148978.000000 3912588.000000 
72130032.000000 6588328.000000 
62512008.000000 7397432.000000 
62572574.000000 7158756.000000 
70641154.000000 6818162.000000 
81475750.000000 5770938.000000 
94793562.000000 3852082.000000 
94325840.000000 3875732.000000 
90421516.000000 4033532.000000 
90996888.000000 4028660.000000 
89940630.000000 4172668.000000 
86718746.000000 4530534.000000 
81667608.000000 5509078.000000 
116293116.000000 3345446.000000 

102192524.000000 3486038.000000 
93405582.000000 3612080.000000 
67853804.000000 6663808.000000 
67900958.000000 6652270.000000 
77396350.000000 4285348.000000 
97056920.000000 3583330.000000 
74752690.000000 5315452.000000 
69298192.000000 5448438.000000 
111683402.000000 3362374.000000 
103247294.000000 3442948.000000 
100157496.000000 3553778.000000 
66764426.000000 7974568.000000 
82629838.000000 3644586.000000 
67001404.000000 7094896.000000 
64872880.000000 8011360.000000 

68469308.000000 10178444.000000 
86591868.000000 4930816.000000 
105769080.000000 3957880.000000 
92038952.000000 4536512.000000 
86908062.000000 4923238.000000 
119564800.000000 3670874.000000 
98220436.000000 4198584.000000 
92777274.000000 4263940.000000 
100544612.000000 4065192.000000 
102718936.000000 3963418.000000 
112981658.000000 3712864.000000 
106147338.000000 3733794.000000 
92755996.000000 4493442.000000 
86295860.000000 5059392.000000 
81340508.000000 5068682.000000 
70801858.000000 8062024.000000 
70844700.000000 5979574.000000 
71924572.000000 5953634.000000 
80867132.000000 5164716.000000 
87042236.000000 4785220.000000 

66207310.000000 11908280.000000 
118376486.000000 4071366.000000 
115880924.000000 4162702.000000 
90521358.000000 4876178.000000 
91424970.000000 4187896.000000 
83377806.000000 5633230.000000 
83179260.000000 5691476.000000 
78940126.000000 6524286.000000 
83430914.000000 5601314.000000 
75233296.000000 6847940.000000 
79869064.000000 6480518.000000 
81013168.000000 6213040.000000 
66361350.000000 11483926.000000 
63730964.000000 12056440.000000 
90256950.000000 4903544.000000 
68379664.000000 11193782.000000 
120476894.000000 3835978.000000 
89420112.000000 4984010.000000 
68596122.000000 6967950.000000 
88174544.000000 5039460.000000 
85697440.000000 5123886.000000 
87219546.000000 5066148.000000 
83631418.000000 5221660.000000 

76297288.000000 5969754.000000 
75977758.000000 6004510.000000 
79014070.000000 5695036.000000 
85116112.000000 3716736.000000 
65684482.000000 9710142.000000 
65492354.000000 10119122.000000 
66947870.000000 6890950.000000 
82467352.000000 5515216.000000 
83160570.000000 5095742.000000 
73411212.000000 6840358.000000 
74187038.000000 6552012.000000 
81608580.000000 5548224.000000 
66746696.000000 7652618.000000 

78371456.000000 4884536.000000 
84150390.000000 4332418.000000 
81143322.000000 4488828.000000 
84711444.000000 4304674.000000 
84728052.000000 4285310.000000 
87631260.000000 4260384.000000 
81435370.000000 4416666.000000 
90509496.000000 4256370.000000 
91463392.000000 4138002.000000 
78378854.000000 4494634.000000 
96577546.000000 3881926.000000 
73550082.000000 4900736.000000 
64990326.000000 7657036.000000 
99833128.000000 3841808.000000 
99202032.000000 3861446.000000 
96059278.000000 3973886.000000 
65334780.000000 5166428.000000 
62789214.000000 8045642.000000 
65996446.000000 5144010.000000 

107323628.000000 4063014.000000 
101758586.000000 4078496.000000 
73429746.000000 6651224.000000 
63229750.000000 8564552.000000 
62199724.000000 8821932.000000 
61191840.000000 9271412.000000 
88831326.000000 4424712.000000 
123733838.000000 3902266.000000 
85746802.000000 5091622.000000 
87889392.000000 4814684.000000 
83680928.000000 5313212.000000 
86571514.000000 5085504.000000 
76574642.000000 5992394.000000 
78089354.000000 5862968.000000 
81956826.000000 5771856.000000 
82423152.000000 5338904.000000 
68316398.000000 8177708.000000 
96557178.000000 4316372.000000 
69855700.000000 8140992.000000 
67818882.000000 8345190.000000 
71715050.000000 7744794.000000 
120495442.000000 3910694.000000 
111774212.000000 3919448.000000 
110625196.000000 3931030.000000 
75102754.000000 6486254.000000 
73936760.000000 6630038.000000 
75448982.000000 6461088.000000 
75797628.000000 6420466.000000 

68641110.000000 7718324.000000 
113781582.000000 3844178.000000 
107381502.000000 3854746.000000 
71743872.000000 6930408.000000 
100443582.000000 3929000.000000 
89907958.000000 4959950.000000 
98727472.000000 4312308.000000 
73222256.000000 6690924.000000 
117911258.000000 3730968.000000 
116534064.000000 3736022.000000 
76303388.000000 6630398.000000 
81320610.000000 5758666.000000 
71051964.000000 7165444.000000 
76724884.000000 6457840.000000 
84341298.000000 5015826.000000 
78817582.000000 5949072.000000 
81632938.000000 5643146.000000 
69309222.000000 7663210.000000 
68165338.000000 8530270.000000 
70980684.000000 7620084.000000 
106668036.000000 3907210.000000 
93975428.000000 4377532.000000 
98679110.000000 4329828.000000 
90523728.000000 4863930.000000 
92913664.000000 4516166.000000 

113892890.000000 3274514.000000 
112607334.000000 3289924.000000 
100082662.000000 3393894.000000 
100712458.000000 3299266.000000 
98447960.000000 3551022.000000 
68106308.000000 7225564.000000 
74542406.000000 5987428.000000 
70570240.000000 6261996.000000 
72292472.000000 6086742.000000 
74834082.000000 4313650.000000 
93466448.000000 3747822.000000 
95158106.000000 3636864.000000 
95607570.000000 3556868.000000 
64062770.000000 7722616.000000 
64128988.000000 7648838.000000 
62423246.000000 8232036.000000 
62831824.000000 7885926.000000 
91969426.000000 4273030.000000 

110285142.000000 4125970.000000 
69957056.000000 9861392.000000 
68367838.000000 10447946.000000 
68688864.000000 9874374.000000 
77574568.000000 4649370.000000 
81272322.000000 4517740.000000 
69975084.000000 8228540.000000 
71376164.000000 7407180.000000 
72462308.000000 7390790.000000 
72592210.000000 6548688.000000 
73320050.000000 5699928.000000 
84621828.000000 4352522.000000 
74406962.000000 5683526.000000 
82578272.000000 4454008.000000 

94541944.000000 4729074.000000 
78171288.000000 5180210.000000 
82026580.000000 4905644.000000 
74313180.000000 7247034.000000 
109129244.000000 3894300.000000 
111097340.000000 3794494.000000 
111375762.000000 3717690.000000 
75629264.000000 5649186.000000 
96020908.000000 4439008.000000 
96838324.000000 4233670.000000 
99384708.000000 4162854.000000 
95942046.000000 4514514.000000 
68773774.000000 10146848.000000 
75259154.000000 6888872.000000 
90060206.000000 4887470.000000 
81812276.000000 4993298.000000 
68959384.000000 9731416.000000 
70322752.000000 7526912.000000 
69735174.000000 7713174.000000 
69538840.000000 7787444.000000 
68478688.000000 10403102.000000 
68712310.000000 10329950.000000 
94546410.000000 4579110.000000 
100735876.000000 4083048.000000 

68176312.000000 8915262.000000 
108787644.000000 3912276.000000 
85252858.000000 5163308.000000 
82565582.000000 5422288.000000 
88110030.000000 4880102.000000 
90471860.000000 4505714.000000 
85843148.000000 4951350.000000 
82944780.000000 5214670.000000 
96912192.000000 4433738.000000 
74825868.000000 6061616.000000 
81375402.000000 5583218.000000 
80755934.000000 5612178.000000 
82409138.000000 5560450.000000 
89169728.000000 4741842.000000 
102178246.000000 4030864.000000 
70524024.000000 8525174.000000 
78027848.000000 5850270.000000 
69231358.000000 8881036.000000 
72365622.000000 6088704.000000 
71490304.000000 6884708.000000 
79435398.000000 5755464.000000 
71081542.000000 7232596.000000 
75609754.000000 5895322.000000 

79910290.000000 4934556.000000 
79118134.000000 5187386.000000 
110769710.000000 4158916.000000 
111441150.000000 4072522.000000 
120455822.000000 3985706.000000 
67691254.000000 8605808.000000 
70416828.000000 7023798.000000 
85460818.000000 4537814.000000 
76194534.000000 5475180.000000 
76962230.000000 5221270.000000 
88771824.000000 4222658.000000 
82445204.000000 4648396.000000 
85714738.000000 4337912.000000 
75817136.000000 5484100.000000 
82766618.000000 4624686.000000 
73758362.000000 5953972.000000 
71838374.000000 6968994.000000 

88091866.000000 4891588.000000 
80596926.000000 5965772.000000 
77044702.000000 6105928.000000 
73654022.000000 6572184.000000 
99144140.000000 3436630.000000 
87438586.000000 5332136.000000 
84845718.000000 5731918.000000 
81564940.000000 5786260.000000 
91840554.000000 4823742.000000 
93738252.000000 4066764.000000 
87179972.000000 5666382.000000 
70788820.000000 7252818.000000 
68910628.000000 7489330.000000 
70762216.000000 7277106.000000 

69629518.000000 8685890.000000 
84363390.000000 4993424.000000 
93339686.000000 4440972.000000 
90871002.000000 4477656.000000 
66973878.000000 10140762.000000 
99244820.000000 4416936.000000 
91850464.000000 4446352.000000 
78393906.000000 5462754.000000 
76677806.000000 5563736.000000 
73285066.000000 7073670.000000 
73733848.000000 7038484.000000 
76326164.000000 7022554.000000 
116201706.000000 4302820.000000 
83409890.000000 5234372.000000 

74493660.000000 5619308.000000 
66775902.000000 9764480.000000 
65179786.000000 10825836.000000 
64945564.000000 10859154.000000 
66062460.000000 10439984.000000 
79330722.000000 4813866.000000 
68275612.000000 7655994.000000 
74463116.000000 6558634.000000 
69396576.000000 7292044.000000 
88430618.000000 3702772.000000 
79480728.000000 4714354.000000 
119978438.000000 3416792.000000 
71105064.000000 6746758.000000 
106696940.000000 3434822.000000 
71503732.000000 6671908.000000 
106343836.000000 3562174.000000 

66123584.000000 10657342.000000 
66181574.000000 10330374.000000 
79850000.000000 5644694.000000 
84745244.000000 5263472.000000 
101331760.000000 4657784.000000 
87593416.000000 4797008.000000 
73416496.000000 6072944.000000 
74024416.000000 5984952.000000 
71412270.000000 6552918.000000 
72200240.000000 6437372.000000 
70265994.000000 6817990.000000 
114889718.000000 4088824.000000 
114891672.000000 3687012.000000 
69763720.000000 6976264.000000 
66857340.000000 7165874.000000 
67364118.000000 7023252.000000 
69683028.000000 7006254.000000 
95204150.000000 4693698.000000 
85336760.000000 5040602.000000 
85010496.000000 5119256.000000 
79891170.000000 5324712.000000 
110219708.000000 4373354.000000 
109754456.000000 4388654.000000 
109427094.000000 4404658.000000 
104653412.000000 4496072.000000 
110800906.000000 4296230.000000 
76320488.000000 5783922.000000 
106735312.000000 4457884.000000 
75029698.000000 5859880.000000 
77183276.000000 5650094.000000 

67053148.000000 10281328.000000 
66939854.000000 10313814.000000 
66764050.000000 10362544.000000 
66632388.000000 10402058.000000 
103234036.000000 3226948.000000 
115775094.000000 3151484.000000 
71468128.000000 6723310.000000 
69807770.000000 7994054.000000 
70617918.000000 7993342.000000 
111165696.000000 3183824.000000 
107464274.000000 3202646.000000 
69007348.000000 9054198.000000 
67643534.000000 9086564.000000 
67511872.000000 9126078.000000 
67418754.000000 9174808.000000 
84359788.000000 5249786.000000 
84155936.000000 5295944.000000 
81493254.000000 5425484.000000 
80686670.000000 5638640.000000 
76885410.000000 6052908.000000 
73424940.000000 6232500.000000 
95806764.000000 4169270.000000 
98066728.000000 3573076.000000 
78395490.000000 5816568.000000 
84814596.000000 5097558.000000 
85236810.000000 5010272.000000 
86068400.000000 4789786.000000 
85423530.000000 4863156.000000 
92477398.000000 4242240.000000 
102225768.000000 3409036.000000 
101685786.000000 3425454.000000 
81110168.000000 5568958.000000 
96635238.000000 3750272.000000 
95985738.000000 3766432.000000 
88570630.000000 4663570.000000 
88628178.000000 4370684.000000 

74638358.000000 6185018.000000 
83358554.000000 4683088.000000 
85176508.000000 4251672.000000 
92432996.000000 3854042.000000 
91942512.000000 3975804.000000 
65859522.000000 6595292.000000 
76035326.000000 5604982.000000 
76496872.000000 5072442.000000 
62129752.000000 7539206.000000 
60753554.000000 8432000.000000 
60970936.000000 8413972.000000 
92343778.000000 3898420.000000 
81339158.000000 4854574.000000 
73862554.000000 6310684.000000 
81924144.000000 4808706.000000 

105605470.000000 3888574.000000 
92744074.000000 4485816.000000 
92900658.000000 4455194.000000 
69380144.000000 10275020.000000 
101405950.000000 4025258.000000 
96892428.000000 4117150.000000 
79718694.000000 5648276.000000 
94792044.000000 4397540.000000 
94346886.000000 4424874.000000 
95936250.000000 4240524.000000 
110625736.000000 3570668.000000 
108939302.000000 3625186.000000 
99129636.000000 4109768.000000 
105199008.000000 3963144.000000 
102451662.000000 3989322.000000 
87624434.000000 4566068.000000 
100409034.000000 4031536.000000 
89266778.000000 4522112.000000 
75891584.000000 5850160.000000 
80311368.000000 5588412.000000 
81440424.000000 5544096.000000 
75018038.000000 6289614.000000 
85861276.000000 4797012.000000 
67021718.000000 11552634.000000 
71385854.000000 8172196.000000 
69826738.000000 9564964.000000 
82640514.000000 5286334.000000 
73878078.000000 7233970.000000 
71604352.000000 7747150.000000 
83293526.000000 5114132.000000 
83286300.000000 5284848.000000 

68751504.000000 7743376.000000 
69047568.000000 7660368.000000 
68357014.000000 8830968.000000 
68067122.000000 8941496.000000 
68064840.000000 9289956.000000 
124988310.000000 3569942.000000 
73091110.000000 7127872.000000 
124579656.000000 3609258.000000 
125118852.000000 3564832.000000 
74555110.000000 5750082.000000 
70164346.000000 7432208.000000 
92757504.000000 4464758.000000 
89968422.000000 4487800.000000 
74515016.000000 6263332.000000 
111169512.000000 3618206.000000 
95949118.000000 4403052.000000 
87248244.000000 4648480.000000 
78754344.000000 5743720.000000 
79333978.000000 5554464.000000 
85776348.000000 4778760.000000 
86276674.000000 4716166.000000 
86216044.000000 4740366.000000 
97288880.000000 3863770.000000 
96042608.000000 3897744.000000 
101357326.000000 3696828.000000 
79729292.000000 5509854.000000 
80076744.000000 5442426.000000 
129731610.000000 3542508.000000 

105301038.000000 4097720.000000 
104868002.000000 4104398.000000 
98503044.000000 4240206.000000 
96836596.000000 4244450.000000 
95461154.000000 4452084.000000 
130060996.000000 4058428.000000 
66664380.000000 7640576.000000 
67966734.000000 7087720.000000 
66347690.000000 9714608.000000 
70389084.000000 6181144.000000 
74719802.000000 6008126.000000 
70791668.000000 6093732.000000 
86272744.000000 4768740.000000 
85643858.000000 4877114.000000 
82797018.000000 5056268.000000 
79718100.000000 5109720.000000 
77680226.000000 5526642.000000 
64255042.000000 11040598.000000 
90550388.000000 4511744.000000 
79704308.000000 5201500.000000 
67135786.000000 7195456.000000 
99766106.000000 4218726.000000 
78612884.000000 5307456.000000 

103853340.000000 3683162.000000 
120079796.000000 3608408.000000 
78574018.000000 6152070.000000 
70525798.000000 6497322.000000 
70601976.000000 6361148.000000 
70677490.000000 6328040.000000 
68265046.000000 7780446.000000 
70279920.000000 6918074.000000 
69943438.000000 6962394.000000 
79846584.000000 5743406.000000 
104714046.000000 3630580.000000 
120758712.000000 3598756.000000 
98812808.000000 3869430.000000 
98887022.000000 3810578.000000 
79278872.000000 6037594.000000 
87840334.000000 4141508.000000 
84104660.000000 4389798.000000 
67157318.000000 10395216.000000 
80419404.000000 5700770.000000 
92596972.000000 4011246.000000 
90065812.000000 4015826.000000 

104294220.000000 4189372.000000 
64565538.000000 7914446.000000 
70282052.000000 6722972.000000 
103494270.000000 4300610.000000 
101062240.000000 4709126.000000 
117035030.000000 4123566.000000 
118012224.000000 4060760.000000 
83264384.000000 5459730.000000 
85762694.000000 4852026.000000 
77375390.000000 6149592.000000 
74728136.000000 6688996.000000 
66307938.000000 7465286.000000 
101103906.000000 4575904.000000 
102826718.000000 4504674.000000 
79551626.000000 5513646.000000 
99962438.000000 4786834.000000 
100811262.000000 4737788.000000 

89316232.000000 4144764.000000 
94278366.000000 4134690.000000 
65820250.000000 7667940.000000 
64723008.000000 8911590.000000 
64491880.000000 9331756.000000 
88024234.000000 4478204.000000 
79365604.000000 5472582.000000 
64957232.000000 8480282.000000 
66632044.000000 6342726.000000 
128804450.000000 3730294.000000 
115107490.000000 3771370.000000 
121577242.000000 3738090.000000 
118059094.000000 3769970.000000 
70526496.000000 6115984.000000 
76148884.000000 5720904.000000 
66548448.000000 6762496.000000 
65877704.000000 7393274.000000 
102281822.000000 3913550.000000 
105424830.000000 3833684.000000 
96065020.000000 3917652.000000 
71802172.000000 5982704.000000 
71841370.000000 5903970.000000 
73251016.000000 5839536.000000 
78764946.000000 5660420.000000 
80497876.000000 4573750.000000 

71276380.000000 7374296.000000 
71815342.000000 6513958.000000 
98007502.000000 3928374.000000 
97750106.000000 3983378.000000 
87242838.000000 5179144.000000 
124090528.000000 3595182.000000 
78713414.000000 6138344.000000 
93538010.000000 4058378.000000 
94168596.000000 3983456.000000 
99903014.000000 3868512.000000 
118689940.000000 3698144.000000 
122165254.000000 3685864.000000 
85579756.000000 5291518.000000 
89634328.000000 4643404.000000 
92507082.000000 4163544.000000 
64363042.000000 9826184.000000 
77730212.000000 6503450.000000 
60336538.000000 12429586.000000 
70550094.000000 7676886.000000 
81883430.000000 5742650.000000 
67888652.000000 7865488.000000 
83475212.000000 5413264.000000 
61772460.000000 9919554.000000 
71230472.000000 7541516.000000 
87593798.000000 4679448.000000 
62446294.000000 9833792.000000 
64995456.000000 9740366.000000 
78376470.000000 6452340.000000 
61022788.000000 12353144.000000 
71382052.000000 7286462.000000 
65048970.000000 8471734.000000 

93066908.000000 4432516.000000 
94480508.000000 4010868.000000 
80572646.000000 4984632.000000 
82634800.000000 4932736.000000 
66353454.000000 6022672.000000 
71684182.000000 5935772.000000 
88459948.000000 4476336.000000 
95570000.000000 3969990.000000 
104331422.000000 3805872.000000 
77452098.000000 5396058.000000 
82726880.000000 4489480.000000 
94221524.000000 4061404.000000 
96613606.000000 3940124.000000 
96428394.000000 3941454.000000 
76761874.000000 5704408.000000 
90506214.000000 4443852.000000 
77885450.000000 5152574.000000 
105124662.000000 3629386.000000 
111771204.000000 3582180.000000 

85574738.000000 5274436.000000 
76030322.000000 5816688.000000 
73535040.000000 6708560.000000 
86394784.000000 4925248.000000 
87899194.000000 4771118.000000 
89640360.000000 4400606.000000 
88932620.000000 4472126.000000 
94133664.000000 3758830.000000 
93583928.000000 4020386.000000 
85425666.000000 5279720.000000 
66347636.000000 6945736.000000 
101846110.000000 3515154.000000 
93079884.000000 4231032.000000 
87742720.000000 4903328.000000 
63733824.000000 8767104.000000 
93074274.000000 4235898.000000 
82525660.000000 5753520.000000 
82687784.000000 5649986.000000 
83836360.000000 5496026.000000 
83221382.000000 5583854.000000 
74534198.000000 6511402.000000 
98110220.000000 3674912.000000 
99161900.000000 3541798.000000 
91061846.000000 4278276.000000 
75465760.000000 6496196.000000 
84930160.000000 5432146.000000 

