3720114.000000 3709316.000000 3693002.000000 
3699784.000000 3705488.000000 3719172.000000 
3700848.000000 3689974.000000 3719920.000000 
3706610.000000 3696248.000000 3710378.000000 
3718306.000000 3732778.000000 3685270.000000 
3733032.000000 3709882.000000 3690392.000000 
3707638.000000 3711912.000000 3697278.000000 
3705830.000000 3718810.000000 3701630.000000 
3709366.000000 3688098.000000 3705330.000000 

3712598.000000 3690980.000000 3756294.000000 
3666462.000000 3728956.000000 3714612.000000 
3689630.000000 3699854.000000 3695714.000000 
3674556.000000 3700224.000000 3717976.000000 
3666646.000000 3711820.000000 3688524.000000 
3679140.000000 3713264.000000 3688288.000000 
3697868.000000 3692856.000000 3715542.000000 
3683944.000000 3708608.000000 3697014.000000 
3689910.000000 3693718.000000 3747908.000000 
3693414.000000 3695522.000000 3715126.000000 
3689846.000000 3693886.000000 3745392.000000 
3688366.000000 3694280.000000 3748088.000000 
3680336.000000 3703082.000000 3709860.000000 

3705682.000000 3676728.000000 3691578.000000 
3728240.000000 3671796.000000 3693960.000000 
3709962.000000 3699290.000000 3678004.000000 
3703434.000000 3738148.000000 3684858.000000 
3682746.000000 3662990.000000 3718222.000000 
3755388.000000 3715168.000000 3676928.000000 
3715460.000000 3698464.000000 3680680.000000 
3718304.000000 3682118.000000 3682016.000000 
3688364.000000 3683844.000000 3686030.000000 
3698030.000000 3728646.000000 3685744.000000 
3706534.000000 3696734.000000 3681350.000000 
3714386.000000 3750606.000000 3665318.000000 
3735592.000000 3741582.000000 3659726.000000 
3659472.000000 3681390.000000 3693102.000000 
3676602.000000 3666950.000000 3702506.000000 
3758750.000000 3722680.000000 3674456.000000 
3706160.000000 3725134.000000 3665874.000000 
3701352.000000 3703790.000000 3684912.000000 
3703548.000000 3741180.000000 3675942.000000 
3694342.000000 3754438.000000 3680402.000000 
3749148.000000 3778220.000000 3650854.000000 
3698874.000000 3636282.000000 3714722.000000 
3699370.000000 3657524.000000 3697388.000000 
3691130.000000 3642706.000000 3704786.000000 

3675838.000000 3722180.000000 3699996.000000 
3694090.000000 3718052.000000 3723720.000000 
3701550.000000 3712660.000000 3724468.000000 
3672710.000000 3723418.000000 3712480.000000 
3714912.000000 3734806.000000 3698034.000000 
3703462.000000 3739956.000000 3698862.000000 
3675020.000000 3739802.000000 3706870.000000 
3721924.000000 3732760.000000 3693602.000000 
3725888.000000 3745830.000000 3681584.000000 
3718554.000000 3715982.000000 3718198.000000 
3676408.000000 3718106.000000 3720632.000000 
3699696.000000 3719872.000000 3708626.000000 
3718612.000000 3735876.000000 3686048.000000 
3708304.000000 3712192.000000 3725100.000000 

3661268.000000 3660798.000000 3699510.000000 
3654848.000000 3655746.000000 3708928.000000 
3665364.000000 3665248.000000 3698246.000000 
3658914.000000 3659626.000000 3705534.000000 

3729240.000000 3629892.000000 3770778.000000 
3685164.000000 3683040.000000 3695470.000000 
3656612.000000 3666604.000000 3717788.000000 
3665532.000000 3657568.000000 3717838.000000 
3659304.000000 3695360.000000 3707226.000000 
3679790.000000 3716686.000000 3699518.000000 
3670878.000000 3632056.000000 3702646.000000 
3664084.000000 3664674.000000 3716924.000000 
3652216.000000 3668470.000000 3718520.000000 
3667824.000000 3654014.000000 3726072.000000 
3667160.000000 3660394.000000 3717260.000000 
3677472.000000 3656918.000000 3700990.000000 
3664906.000000 3686546.000000 3706246.000000 
3666112.000000 3667058.000000 3711276.000000 
3663688.000000 3657260.000000 3727624.000000 
3659794.000000 3672902.000000 3708270.000000 
3711156.000000 3715660.000000 3693202.000000 

3697228.000000 3764432.000000 3681244.000000 
3680138.000000 3702238.000000 3757214.000000 
3740146.000000 3683664.000000 3755412.000000 
3723586.000000 3757278.000000 3673778.000000 
3678714.000000 3720056.000000 3751874.000000 
3677196.000000 3715210.000000 3757020.000000 
3690040.000000 3724238.000000 3747772.000000 
3729900.000000 3715466.000000 3659158.000000 
3727360.000000 3733268.000000 3696388.000000 
3690562.000000 3696606.000000 3705512.000000 
3699468.000000 3776964.000000 3676990.000000 
3713756.000000 3750302.000000 3702470.000000 
3770262.000000 3694422.000000 3717482.000000 
3770638.000000 3704578.000000 3705432.000000 
3712336.000000 3687364.000000 3722896.000000 
3690298.000000 3787102.000000 3685128.000000 
3695036.000000 3777702.000000 3698182.000000 
3718314.000000 3736990.000000 3689504.000000 
3682388.000000 3686490.000000 3758076.000000 
3705140.000000 3751586.000000 3684482.000000 
3676456.000000 3742096.000000 3717814.000000 
3708462.000000 3764016.000000 3667948.000000 

3683990.000000 3660616.000000 3751232.000000 
3676964.000000 3675270.000000 3741954.000000 
3707530.000000 3674464.000000 3712738.000000 
3715844.000000 3701754.000000 3683916.000000 
3656864.000000 3664140.000000 3744362.000000 
3673482.000000 3719240.000000 3704330.000000 
3662624.000000 3710396.000000 3726604.000000 
3709910.000000 3687108.000000 3708794.000000 
3688062.000000 3666348.000000 3742708.000000 
3677478.000000 3674060.000000 3738156.000000 
3674106.000000 3707278.000000 3713986.000000 
3702238.000000 3725474.000000 3695686.000000 
3685296.000000 3709280.000000 3696390.000000 
3704496.000000 3674906.000000 3722874.000000 
3658264.000000 3693642.000000 3730962.000000 
3667802.000000 3704228.000000 3725088.000000 
3675588.000000 3675862.000000 3740378.000000 
3673694.000000 3654644.000000 3767382.000000 
3679850.000000 3657188.000000 3763828.000000 
3665074.000000 3705298.000000 3719762.000000 
3707430.000000 3656570.000000 3756712.000000 
3706212.000000 3709662.000000 3689296.000000 
3688428.000000 3657202.000000 3728470.000000 
3672036.000000 3663464.000000 3749442.000000 
3668132.000000 3690468.000000 3727242.000000 
3679706.000000 3711508.000000 3700790.000000 
3678490.000000 3679440.000000 3709956.000000 
3711866.000000 3681762.000000 3691244.000000 
3691166.000000 3698066.000000 3708644.000000 
3671204.000000 3685504.000000 3726880.000000 
3667732.000000 3673936.000000 3742548.000000 
3671126.000000 3682708.000000 3738346.000000 
3704534.000000 3694340.000000 3707540.000000 

3720348.000000 3707952.000000 3719410.000000 
3708224.000000 3692232.000000 3721382.000000 
3720146.000000 3719756.000000 3696072.000000 
3725232.000000 3678664.000000 3737322.000000 
3721724.000000 3752372.000000 3672934.000000 
3740490.000000 3672220.000000 3766174.000000 
3690268.000000 3680734.000000 3762614.000000 
3705688.000000 3684222.000000 3744572.000000 
3715902.000000 3712642.000000 3701358.000000 
3676466.000000 3708480.000000 3734098.000000 
3702314.000000 3689990.000000 3722276.000000 
3707448.000000 3683908.000000 3746146.000000 
3711616.000000 3678830.000000 3767706.000000 
3712070.000000 3680192.000000 3732240.000000 
3693678.000000 3742430.000000 3707588.000000 
3707588.000000 3744764.000000 3688220.000000 
3699018.000000 3692786.000000 3737340.000000 
3698904.000000 3701298.000000 3750768.000000 
3702020.000000 3695016.000000 3726772.000000 
3709144.000000 3693548.000000 3720600.000000 
3767922.000000 3731512.000000 3692108.000000 
3698122.000000 3696848.000000 3759270.000000 
3738718.000000 3673758.000000 3808958.000000 
3695532.000000 3732834.000000 3722226.000000 
3688740.000000 3707686.000000 3739470.000000 

3724044.000000 3757822.000000 3656520.000000 
3699956.000000 3753774.000000 3662258.000000 
3708428.000000 3737822.000000 3663292.000000 
3694740.000000 3746704.000000 3671550.000000 
3719564.000000 3770874.000000 3656768.000000 
3691776.000000 3768004.000000 3673716.000000 
3662578.000000 3725120.000000 3685372.000000 
3702554.000000 3735274.000000 3673778.000000 
3724642.000000 3735872.000000 3668940.000000 
3713838.000000 3726650.000000 3673566.000000 
3676152.000000 3710032.000000 3691864.000000 
3675898.000000 3718090.000000 3682538.000000 
3698752.000000 3763298.000000 3660742.000000 
3663958.000000 3729082.000000 3683918.000000 
3675902.000000 3711702.000000 3678654.000000 
3668484.000000 3756016.000000 3683658.000000 
3705566.000000 3701244.000000 3690084.000000 
3693294.000000 3736344.000000 3674740.000000 
3711108.000000 3728932.000000 3669730.000000 
3668682.000000 3718328.000000 3682956.000000 
3663086.000000 3713090.000000 3693438.000000 
3662412.000000 3720240.000000 3699410.000000 
3671334.000000 3734312.000000 3680786.000000 
3688642.000000 3716910.000000 3677810.000000 
3675518.000000 3718184.000000 3675352.000000 
3729066.000000 3724632.000000 3674540.000000 
3694210.000000 3705406.000000 3686710.000000 
3708170.000000 3681750.000000 3706140.000000 
3729658.000000 3707826.000000 3684968.000000 
3715142.000000 3711300.000000 3676586.000000 
3720732.000000 3679868.000000 3708586.000000 
3681306.000000 3706872.000000 3686312.000000 
3720750.000000 3725864.000000 3673600.000000 
3683754.000000 3691258.000000 3692632.000000 
3695974.000000 3690192.000000 3697878.000000 

3690186.000000 3734400.000000 3641398.000000 
3680212.000000 3722826.000000 3659540.000000 
3678406.000000 3713602.000000 3669300.000000 
3671526.000000 3724872.000000 3661960.000000 
3666608.000000 3726226.000000 3657552.000000 
3682110.000000 3743264.000000 3647444.000000 
3712644.000000 3734146.000000 3647708.000000 
3663492.000000 3721126.000000 3665988.000000 
3668542.000000 3706296.000000 3698362.000000 
3644158.000000 3719380.000000 3678778.000000 
3694438.000000 3692110.000000 3660872.000000 
3673544.000000 3718552.000000 3681088.000000 
3681312.000000 3726550.000000 3649734.000000 
3675100.000000 3701264.000000 3679874.000000 
3655468.000000 3712942.000000 3705370.000000 
3684214.000000 3710768.000000 3679686.000000 
3697312.000000 3691360.000000 3653816.000000 
3695080.000000 3682692.000000 3654942.000000 
3703626.000000 3676588.000000 3667878.000000 
3660320.000000 3710500.000000 3700822.000000 
3670956.000000 3702924.000000 3682120.000000 
3666388.000000 3707232.000000 3686832.000000 
3694376.000000 3689928.000000 3672556.000000 
3685682.000000 3694246.000000 3661688.000000 
3671742.000000 3701208.000000 3682266.000000 
3672206.000000 3733172.000000 3651328.000000 
3673740.000000 3717408.000000 3672266.000000 
3655254.000000 3739352.000000 3668822.000000 
3687440.000000 3698150.000000 3653466.000000 
3698866.000000 3694466.000000 3650828.000000 
3684478.000000 3701916.000000 3650750.000000 

3714546.000000 3691770.000000 3732924.000000 
3713666.000000 3699682.000000 3757642.000000 
3717314.000000 3675160.000000 3745370.000000 

3679118.000000 3722046.000000 3736812.000000 
3659170.000000 3725370.000000 3773384.000000 
3686078.000000 3709630.000000 3778470.000000 
3707466.000000 3726534.000000 3718550.000000 
3668580.000000 3723992.000000 3776882.000000 
3732240.000000 3698398.000000 3715184.000000 
3667358.000000 3712364.000000 3801866.000000 
3694766.000000 3730578.000000 3693850.000000 
3660066.000000 3720742.000000 3778038.000000 
3725886.000000 3719010.000000 3714208.000000 
3723910.000000 3735916.000000 3679296.000000 
3726824.000000 3730416.000000 3671604.000000 
3685952.000000 3768336.000000 3705282.000000 
3675012.000000 3750636.000000 3718220.000000 
3715746.000000 3714780.000000 3716964.000000 
3670706.000000 3718930.000000 3786926.000000 
3731434.000000 3712164.000000 3705630.000000 
3728346.000000 3693958.000000 3764574.000000 
3674698.000000 3713444.000000 3786490.000000 
3711224.000000 3728018.000000 3708908.000000 
3689076.000000 3718178.000000 3749122.000000 
3655794.000000 3722462.000000 3789022.000000 
3690394.000000 3728458.000000 3735300.000000 
3711666.000000 3720114.000000 3693732.000000 
3730564.000000 3707392.000000 3719766.000000 
3716660.000000 3708416.000000 3718110.000000 
3692344.000000 3743648.000000 3696412.000000 
3708262.000000 3704606.000000 3733518.000000 
3717928.000000 3731854.000000 3689104.000000 
3715004.000000 3719966.000000 3699774.000000 
3666656.000000 3724168.000000 3763858.000000 
3682590.000000 3738074.000000 3730776.000000 
3680660.000000 3715308.000000 3779176.000000 
3684844.000000 3743774.000000 3727528.000000 
3732634.000000 3751264.000000 3658650.000000 
3670744.000000 3720008.000000 3784900.000000 
3692640.000000 3709716.000000 3731796.000000 
3672608.000000 3755424.000000 3742964.000000 
3703076.000000 3707828.000000 3721734.000000 
3710426.000000 3714990.000000 3714760.000000 
3659214.000000 3713668.000000 3811912.000000 
3649078.000000 3726630.000000 3746250.000000 
3672032.000000 3722814.000000 3772084.000000 

3688954.000000 3689192.000000 3731844.000000 
3677898.000000 3690638.000000 3725882.000000 
3678578.000000 3733200.000000 3709922.000000 
3698734.000000 3681706.000000 3733300.000000 
3670618.000000 3708404.000000 3754824.000000 
3698286.000000 3687730.000000 3732336.000000 
3673124.000000 3724244.000000 3715726.000000 
3678450.000000 3717824.000000 3725756.000000 
3657772.000000 3721288.000000 3739300.000000 
3658958.000000 3710620.000000 3738690.000000 
3669330.000000 3716304.000000 3733676.000000 
3687602.000000 3720858.000000 3716372.000000 
3659486.000000 3719082.000000 3722264.000000 
3688466.000000 3690570.000000 3724344.000000 
3691096.000000 3689522.000000 3725972.000000 
3661936.000000 3721686.000000 3720308.000000 
3660034.000000 3708628.000000 3752720.000000 
3700506.000000 3689460.000000 3731482.000000 
3659996.000000 3717720.000000 3733852.000000 
3679178.000000 3730702.000000 3714778.000000 
3672344.000000 3721286.000000 3718666.000000 
3664846.000000 3708588.000000 3746934.000000 
3675440.000000 3717410.000000 3730004.000000 

3701660.000000 3705440.000000 3694704.000000 
3697042.000000 3703814.000000 3702516.000000 
3683978.000000 3706708.000000 3687260.000000 
3708280.000000 3714234.000000 3686742.000000 
3683916.000000 3706220.000000 3698618.000000 
3692996.000000 3695998.000000 3710528.000000 
3699568.000000 3721370.000000 3683996.000000 

3686362.000000 3678972.000000 3703102.000000 
3670672.000000 3686824.000000 3697910.000000 
3716600.000000 3751646.000000 3669348.000000 
3686122.000000 3693928.000000 3685566.000000 
3664298.000000 3710630.000000 3674568.000000 
3657338.000000 3688484.000000 3704898.000000 
3660812.000000 3669012.000000 3712890.000000 
3657214.000000 3709488.000000 3704914.000000 
3650850.000000 3718214.000000 3686100.000000 
3743214.000000 3783694.000000 3666890.000000 
3713168.000000 3774058.000000 3671198.000000 
3655580.000000 3707152.000000 3714702.000000 
3720022.000000 3672492.000000 3702198.000000 
3672506.000000 3677288.000000 3709212.000000 

3690600.000000 3719072.000000 3679594.000000 
3700800.000000 3699334.000000 3697540.000000 
3733756.000000 3694796.000000 3732874.000000 
3689468.000000 3709726.000000 3689922.000000 
3704922.000000 3696272.000000 3713130.000000 
3689978.000000 3711130.000000 3688136.000000 
3693196.000000 3707484.000000 3699964.000000 
3703792.000000 3697712.000000 3710260.000000 
3699860.000000 3707076.000000 3699546.000000 

3688212.000000 3700266.000000 3673278.000000 
3666206.000000 3669678.000000 3698078.000000 
3680538.000000 3692594.000000 3677004.000000 
3673680.000000 3649376.000000 3680344.000000 
3705858.000000 3716266.000000 3670808.000000 
3670494.000000 3714822.000000 3673634.000000 
3686652.000000 3710838.000000 3673502.000000 
3672010.000000 3709416.000000 3677630.000000 
3663338.000000 3687712.000000 3679308.000000 
3684282.000000 3730546.000000 3672876.000000 
3681748.000000 3702804.000000 3676364.000000 
3716182.000000 3727630.000000 3669774.000000 

3682666.000000 3683044.000000 3670032.000000 
3684896.000000 3694266.000000 3668290.000000 
3664420.000000 3688140.000000 3673050.000000 
3681860.000000 3673008.000000 3677772.000000 
3653388.000000 3716990.000000 3657362.000000 
3666090.000000 3698176.000000 3665310.000000 
3663122.000000 3703904.000000 3686680.000000 

3654986.000000 3647002.000000 3673718.000000 
3659248.000000 3645380.000000 3692906.000000 

3681288.000000 3724308.000000 3694358.000000 
3689788.000000 3720770.000000 3698504.000000 
3694168.000000 3713434.000000 3707888.000000 
3693278.000000 3726686.000000 3686788.000000 
3675798.000000 3717848.000000 3703810.000000 
3683418.000000 3730158.000000 3678160.000000 
3676620.000000 3753668.000000 3687800.000000 
3673022.000000 3723224.000000 3705746.000000 
3697378.000000 3699850.000000 3654702.000000 
3693756.000000 3733754.000000 3665846.000000 
3686746.000000 3742632.000000 3675830.000000 
3667300.000000 3719490.000000 3711892.000000 
3693506.000000 3724776.000000 3691578.000000 
3701108.000000 3707144.000000 3649550.000000 

3734080.000000 3706124.000000 3707418.000000 
3718580.000000 3676440.000000 3726122.000000 
3706010.000000 3683520.000000 3714380.000000 
3705476.000000 3661758.000000 3733906.000000 
3691432.000000 3698380.000000 3718872.000000 
3701934.000000 3671092.000000 3752612.000000 
3692962.000000 3686150.000000 3708360.000000 
3740978.000000 3696094.000000 3700548.000000 
3739118.000000 3721348.000000 3689710.000000 
3722874.000000 3714326.000000 3697880.000000 
3691464.000000 3688924.000000 3721536.000000 
3706450.000000 3710474.000000 3704042.000000 
3700686.000000 3708962.000000 3707020.000000 

3728814.000000 3711792.000000 3732506.000000 
3659210.000000 3744920.000000 3712082.000000 
3667334.000000 3739768.000000 3731700.000000 
3730460.000000 3671750.000000 3766414.000000 
3728046.000000 3687826.000000 3736190.000000 
3693088.000000 3680388.000000 3767928.000000 
3692416.000000 3678884.000000 3781524.000000 
3732288.000000 3706968.000000 3684108.000000 
3722062.000000 3726820.000000 3686176.000000 
3677574.000000 3727674.000000 3723926.000000 
3745796.000000 3680276.000000 3742198.000000 
3643982.000000 3710710.000000 3743026.000000 
3717672.000000 3743216.000000 3713554.000000 
3709724.000000 3700124.000000 3736268.000000 
3700190.000000 3683086.000000 3737916.000000 
3721852.000000 3681592.000000 3744356.000000 
3746328.000000 3679978.000000 3762136.000000 
3715984.000000 3681798.000000 3750748.000000 
3716326.000000 3689580.000000 3733142.000000 
3732822.000000 3682862.000000 3740310.000000 
3745946.000000 3697228.000000 3732250.000000 
3765184.000000 3764972.000000 3675916.000000 
3776766.000000 3761010.000000 3680736.000000 
3718896.000000 3716082.000000 3722518.000000 
3664044.000000 3708566.000000 3740162.000000 
3746272.000000 3698136.000000 3716668.000000 
3687104.000000 3724432.000000 3719152.000000 
3719746.000000 3715014.000000 3712440.000000 
3797450.000000 3790872.000000 3668182.000000 
3746572.000000 3670638.000000 3749918.000000 
3745664.000000 3700572.000000 3711138.000000 
3670722.000000 3691704.000000 3746152.000000 
3673016.000000 3719644.000000 3727600.000000 

3763594.000000 3698710.000000 3737516.000000 
3686938.000000 3743476.000000 3708572.000000 
3775968.000000 3697972.000000 3721556.000000 
3762856.000000 3695952.000000 3740200.000000 
3750278.000000 3700596.000000 3744778.000000 
3722576.000000 3772824.000000 3645320.000000 
3762078.000000 3684280.000000 3793242.000000 
3752954.000000 3694522.000000 3758886.000000 
3752874.000000 3701274.000000 3738566.000000 
3789310.000000 3681874.000000 3752578.000000 
3688828.000000 3703748.000000 3648460.000000 
3763054.000000 3687744.000000 3741778.000000 
3734878.000000 3697102.000000 3797412.000000 
3697310.000000 3697944.000000 3749254.000000 
3761770.000000 3667392.000000 3794556.000000 
3777332.000000 3685478.000000 3737196.000000 
3740044.000000 3689268.000000 3765322.000000 
3769530.000000 3686134.000000 3772158.000000 
3751674.000000 3697210.000000 3756362.000000 
3730196.000000 3697658.000000 3750900.000000 
3780000.000000 3684158.000000 3760120.000000 

3724272.000000 3676026.000000 3729450.000000 
3724658.000000 3677184.000000 3714430.000000 
3714266.000000 3683936.000000 3712774.000000 
3737704.000000 3675038.000000 3712694.000000 
3700970.000000 3684704.000000 3691094.000000 
3690932.000000 3708638.000000 3691426.000000 
3712146.000000 3680334.000000 3722976.000000 
3729092.000000 3680366.000000 3699640.000000 
3699236.000000 3699968.000000 3697506.000000 
3722228.000000 3682050.000000 3701374.000000 
3720878.000000 3683438.000000 3694148.000000 
3708138.000000 3707082.000000 3690930.000000 
3728482.000000 3677930.000000 3706554.000000 
3725658.000000 3695418.000000 3686500.000000 
3698872.000000 3703144.000000 3692718.000000 
3698238.000000 3708374.000000 3686236.000000 
3729902.000000 3694458.000000 3687100.000000 
3712820.000000 3692276.000000 3689142.000000 
3714776.000000 3680256.000000 3710480.000000 
3685312.000000 3705420.000000 3705426.000000 
3710776.000000 3702336.000000 3688758.000000 
3735084.000000 3683102.000000 3682574.000000 
3683240.000000 3720042.000000 3716788.000000 
3722268.000000 3716594.000000 3684668.000000 
3740566.000000 3689176.000000 3674688.000000 
3698596.000000 3699368.000000 3713826.000000 
3693578.000000 3703412.000000 3712082.000000 

3697994.000000 3704404.000000 3688966.000000 
3716180.000000 3714524.000000 3678354.000000 
3699328.000000 3713618.000000 3681804.000000 
3686920.000000 3671270.000000 3698098.000000 
3674748.000000 3689762.000000 3689528.000000 
3716042.000000 3753742.000000 3665028.000000 
3698814.000000 3761206.000000 3674858.000000 
3725024.000000 3727382.000000 3673690.000000 
3718402.000000 3654174.000000 3739246.000000 
3731216.000000 3723810.000000 3676972.000000 
3713640.000000 3755666.000000 3670916.000000 
3665422.000000 3714918.000000 3688294.000000 
3727660.000000 3669276.000000 3717286.000000 
3725632.000000 3766058.000000 3662220.000000 
3692128.000000 3784336.000000 3683702.000000 
3711796.000000 3724798.000000 3677208.000000 

3733346.000000 3710440.000000 3727706.000000 
3733172.000000 3706284.000000 3749636.000000 

3689246.000000 3735388.000000 3715894.000000 
3701066.000000 3680438.000000 3772644.000000 
3695424.000000 3753254.000000 3713332.000000 
3700536.000000 3749062.000000 3714082.000000 
3671030.000000 3693386.000000 3747296.000000 
3653628.000000 3706812.000000 3716080.000000 
3709828.000000 3698428.000000 3728138.000000 
3713922.000000 3725654.000000 3715548.000000 
3770662.000000 3675444.000000 3838938.000000 
3697160.000000 3682404.000000 3748896.000000 
3717212.000000 3678814.000000 3790474.000000 
3716096.000000 3734458.000000 3708438.000000 
3671718.000000 3689998.000000 3731158.000000 
3685698.000000 3685300.000000 3749256.000000 
3676720.000000 3741674.000000 3714454.000000 
3690126.000000 3681046.000000 3757830.000000 
3651722.000000 3703928.000000 3722048.000000 
3671428.000000 3695830.000000 3742238.000000 
3710876.000000 3733228.000000 3715884.000000 
3761552.000000 3678532.000000 3832610.000000 
3766672.000000 3678244.000000 3859160.000000 
3695434.000000 3683242.000000 3742614.000000 

3714622.000000 3707854.000000 3686686.000000 
3700982.000000 3662082.000000 3699118.000000 
3699692.000000 3671480.000000 3710832.000000 
3710942.000000 3718646.000000 3696644.000000 

3666344.000000 3712240.000000 3677490.000000 
3658538.000000 3682458.000000 3686326.000000 
3652006.000000 3700958.000000 3677596.000000 
3635386.000000 3687230.000000 3684256.000000 
3643042.000000 3675464.000000 3701100.000000 
3639012.000000 3680656.000000 3693406.000000 

