3724092.000000 3714966.000000 3696482.000000 
3699784.000000 3705488.000000 3719172.000000 
3700848.000000 3689974.000000 3719920.000000 
3706610.000000 3696248.000000 3710378.000000 
3733032.000000 3709882.000000 3690392.000000 
3707638.000000 3711912.000000 3697278.000000 
3705830.000000 3718810.000000 3701630.000000 
3709366.000000 3688098.000000 3705330.000000 

3689910.000000 3693718.000000 3747908.000000 
3683944.000000 3708608.000000 3697014.000000 
3674556.000000 3700224.000000 3717976.000000 
3689630.000000 3699854.000000 3695714.000000 
3666646.000000 3711820.000000 3688524.000000 
3688366.000000 3694280.000000 3748088.000000 
3689846.000000 3693886.000000 3745392.000000 
3680336.000000 3703082.000000 3709860.000000 
3706976.000000 3693188.000000 3779842.000000 

3678930.000000 3673840.000000 3674424.000000 
3685790.000000 3673684.000000 3682164.000000 
3703666.000000 3716720.000000 3665222.000000 
3654798.000000 3663834.000000 3714196.000000 
3639672.000000 3651280.000000 3716014.000000 
3651544.000000 3667122.000000 3697842.000000 
3653458.000000 3675598.000000 3667268.000000 
3655318.000000 3665122.000000 3683138.000000 
3667828.000000 3654630.000000 3695410.000000 
3677190.000000 3664078.000000 3689032.000000 
3701388.000000 3645778.000000 3682552.000000 
3704494.000000 3655656.000000 3675808.000000 
3682532.000000 3653498.000000 3682260.000000 
3688816.000000 3651336.000000 3695494.000000 
3727254.000000 3704740.000000 3640738.000000 
3730706.000000 3685596.000000 3659882.000000 
3731322.000000 3684768.000000 3664174.000000 
3721384.000000 3741292.000000 3655426.000000 
3702226.000000 3636474.000000 3745908.000000 
3664210.000000 3660964.000000 3700660.000000 
3703352.000000 3640358.000000 3717654.000000 

3725888.000000 3745830.000000 3681584.000000 
3675020.000000 3739802.000000 3706870.000000 
3675838.000000 3722180.000000 3699996.000000 
3721924.000000 3732760.000000 3693602.000000 
3703462.000000 3739956.000000 3698862.000000 
3694090.000000 3718052.000000 3723720.000000 
3699696.000000 3719872.000000 3708626.000000 
3714912.000000 3734806.000000 3698034.000000 
3712416.000000 3717616.000000 3736748.000000 
3676408.000000 3718106.000000 3720632.000000 
3672710.000000 3723418.000000 3712480.000000 
3718612.000000 3735876.000000 3686048.000000 
3717806.000000 3717520.000000 3741906.000000 

3654848.000000 3655746.000000 3708928.000000 
3665364.000000 3665248.000000 3698246.000000 
3658914.000000 3659626.000000 3705534.000000 

3693858.000000 3633548.000000 3735588.000000 
3666434.000000 3641886.000000 3714852.000000 
3682578.000000 3660948.000000 3697598.000000 
3660496.000000 3645718.000000 3716050.000000 
3672724.000000 3640798.000000 3710014.000000 
3664906.000000 3686546.000000 3706246.000000 
3695926.000000 3625594.000000 3725184.000000 
3671002.000000 3666510.000000 3709270.000000 
3682198.000000 3637308.000000 3705604.000000 
3677472.000000 3656918.000000 3700990.000000 
3713392.000000 3636666.000000 3720630.000000 
3659794.000000 3672902.000000 3708270.000000 
3666112.000000 3667058.000000 3711276.000000 

3695602.000000 3720794.000000 3638506.000000 
3671328.000000 3688694.000000 3649978.000000 
3657590.000000 3696082.000000 3657868.000000 
3655358.000000 3704242.000000 3662540.000000 
3648872.000000 3680440.000000 3666788.000000 
3651712.000000 3657776.000000 3722142.000000 
3673266.000000 3671350.000000 3717386.000000 
3632090.000000 3699158.000000 3690954.000000 
3640494.000000 3735290.000000 3675242.000000 
3638418.000000 3758488.000000 3668178.000000 
3641752.000000 3685990.000000 3738562.000000 
3644440.000000 3717024.000000 3654584.000000 
3642366.000000 3726200.000000 3668882.000000 
3665048.000000 3705616.000000 3648646.000000 
3665680.000000 3702042.000000 3645442.000000 
3670400.000000 3688354.000000 3665712.000000 
3647618.000000 3716978.000000 3675328.000000 
3668604.000000 3675370.000000 3709012.000000 
3687840.000000 3731002.000000 3633078.000000 
3671802.000000 3710726.000000 3638806.000000 

3659238.000000 3687264.000000 3731936.000000 
3658264.000000 3693642.000000 3730962.000000 
3690148.000000 3710312.000000 3719576.000000 
3670958.000000 3662392.000000 3748530.000000 
3677582.000000 3665818.000000 3733750.000000 
3662564.000000 3666854.000000 3726850.000000 
3656864.000000 3664140.000000 3744362.000000 
3710666.000000 3690600.000000 3690920.000000 
3711866.000000 3681762.000000 3691244.000000 
3707978.000000 3699422.000000 3714642.000000 

3677864.000000 3684148.000000 3702946.000000 
3683692.000000 3695360.000000 3696324.000000 
3715832.000000 3712426.000000 3679604.000000 
3688040.000000 3670008.000000 3685556.000000 
3693988.000000 3656984.000000 3681270.000000 
3688862.000000 3663870.000000 3722232.000000 
3675604.000000 3748444.000000 3687080.000000 
3677324.000000 3756202.000000 3662908.000000 
3682668.000000 3753898.000000 3675952.000000 
3675242.000000 3726584.000000 3731112.000000 
3675410.000000 3721900.000000 3739938.000000 

3662578.000000 3725120.000000 3685372.000000 
3675902.000000 3711702.000000 3678654.000000 
3705566.000000 3701244.000000 3690084.000000 
3708170.000000 3681750.000000 3706140.000000 
3681306.000000 3706872.000000 3686312.000000 
3663086.000000 3713090.000000 3693438.000000 
3668682.000000 3718328.000000 3682956.000000 
3675898.000000 3718090.000000 3682538.000000 
3714660.000000 3742504.000000 3669920.000000 
3683754.000000 3691258.000000 3692632.000000 
3695974.000000 3690192.000000 3697878.000000 
3720732.000000 3679868.000000 3708586.000000 
3707704.000000 3760772.000000 3665506.000000 
3707340.000000 3737126.000000 3675932.000000 
3731444.000000 3733692.000000 3678402.000000 

3678406.000000 3713602.000000 3669300.000000 
3668542.000000 3706296.000000 3698362.000000 
3703626.000000 3676588.000000 3667878.000000 
3695080.000000 3682692.000000 3654942.000000 
3675100.000000 3701264.000000 3679874.000000 
3666388.000000 3707232.000000 3686832.000000 
3663492.000000 3721126.000000 3665988.000000 
3671526.000000 3724872.000000 3661960.000000 
3673544.000000 3718552.000000 3681088.000000 
3666608.000000 3726226.000000 3657552.000000 
3670956.000000 3702924.000000 3682120.000000 
3660320.000000 3710500.000000 3700822.000000 
3644158.000000 3719380.000000 3678778.000000 
3655468.000000 3712942.000000 3705370.000000 
3684214.000000 3710768.000000 3679686.000000 
3694376.000000 3689928.000000 3672556.000000 
3685682.000000 3694246.000000 3661688.000000 
3671742.000000 3701208.000000 3682266.000000 
3672206.000000 3733172.000000 3651328.000000 
3673740.000000 3717408.000000 3672266.000000 
3655254.000000 3739352.000000 3668822.000000 
3687440.000000 3698150.000000 3653466.000000 
3698866.000000 3694466.000000 3650828.000000 
3684478.000000 3701916.000000 3650750.000000 

3714546.000000 3691770.000000 3732924.000000 
3717314.000000 3675160.000000 3745370.000000 

3686350.000000 3686044.000000 3677164.000000 
3703872.000000 3685660.000000 3689660.000000 
3739476.000000 3705582.000000 3657972.000000 
3724384.000000 3706776.000000 3656434.000000 
3723572.000000 3706868.000000 3659810.000000 
3712536.000000 3700822.000000 3662808.000000 
3696446.000000 3698756.000000 3669150.000000 
3666450.000000 3723828.000000 3701844.000000 
3685278.000000 3687450.000000 3704078.000000 
3707516.000000 3678438.000000 3729576.000000 
3639804.000000 3726938.000000 3693466.000000 
3661496.000000 3738840.000000 3691506.000000 
3665486.000000 3765780.000000 3670344.000000 
3668382.000000 3744422.000000 3676338.000000 
3650928.000000 3745486.000000 3677480.000000 
3640036.000000 3748462.000000 3691540.000000 
3667560.000000 3712952.000000 3694666.000000 
3686110.000000 3702932.000000 3683498.000000 
3674988.000000 3695704.000000 3683622.000000 
3668458.000000 3738308.000000 3688202.000000 
3668622.000000 3707786.000000 3636352.000000 
3683212.000000 3710844.000000 3632450.000000 
3640300.000000 3697982.000000 3741070.000000 

3657772.000000 3721288.000000 3739300.000000 
3660034.000000 3708628.000000 3752720.000000 
3673124.000000 3724244.000000 3715726.000000 
3678578.000000 3733200.000000 3709922.000000 
3658958.000000 3710620.000000 3738690.000000 
3661936.000000 3721686.000000 3720308.000000 
3688466.000000 3690570.000000 3724344.000000 
3659486.000000 3719082.000000 3722264.000000 
3671264.000000 3716526.000000 3736936.000000 
3691096.000000 3689522.000000 3725972.000000 
3659996.000000 3717720.000000 3733852.000000 
3679178.000000 3730702.000000 3714778.000000 
3672344.000000 3721286.000000 3718666.000000 
3664846.000000 3708588.000000 3746934.000000 
3675440.000000 3717410.000000 3730004.000000 

3683916.000000 3706220.000000 3698618.000000 
3683978.000000 3706708.000000 3687260.000000 

3627324.000000 3632642.000000 3699596.000000 
3607654.000000 3656042.000000 3634482.000000 
3596376.000000 3686980.000000 3602940.000000 
3594090.000000 3668134.000000 3615546.000000 
3585306.000000 3641676.000000 3634812.000000 
3566564.000000 3648222.000000 3647280.000000 
3565336.000000 3635556.000000 3647774.000000 

3690600.000000 3719072.000000 3679594.000000 
3700800.000000 3699334.000000 3697540.000000 
3689978.000000 3711130.000000 3688136.000000 
3689468.000000 3709726.000000 3689922.000000 
3693196.000000 3707484.000000 3699964.000000 
3703792.000000 3697712.000000 3710260.000000 
3699860.000000 3707076.000000 3699546.000000 

3663338.000000 3687712.000000 3679308.000000 
3681748.000000 3702804.000000 3676364.000000 
3666206.000000 3669678.000000 3698078.000000 
3673680.000000 3649376.000000 3680344.000000 
3671644.000000 3668502.000000 3679834.000000 
3680538.000000 3692594.000000 3677004.000000 
3672010.000000 3709416.000000 3677630.000000 
3705858.000000 3716266.000000 3670808.000000 
3684282.000000 3730546.000000 3672876.000000 
3670494.000000 3714822.000000 3673634.000000 
3686652.000000 3710838.000000 3673502.000000 

3684896.000000 3694266.000000 3668290.000000 
3666090.000000 3698176.000000 3665310.000000 
3664420.000000 3688140.000000 3673050.000000 
3681860.000000 3673008.000000 3677772.000000 
3653388.000000 3716990.000000 3657362.000000 

3659248.000000 3645380.000000 3692906.000000 
3654986.000000 3647002.000000 3673718.000000 

3683418.000000 3730158.000000 3678160.000000 
3693756.000000 3733754.000000 3665846.000000 
3697378.000000 3699850.000000 3654702.000000 
3693278.000000 3726686.000000 3686788.000000 
3681288.000000 3724308.000000 3694358.000000 
3673022.000000 3723224.000000 3705746.000000 
3667300.000000 3719490.000000 3711892.000000 
3701108.000000 3707144.000000 3649550.000000 
3686746.000000 3742632.000000 3675830.000000 
3676620.000000 3753668.000000 3687800.000000 
3693506.000000 3724776.000000 3691578.000000 

3705476.000000 3661758.000000 3733906.000000 
3691464.000000 3688924.000000 3721536.000000 
3692962.000000 3686150.000000 3708360.000000 
3718580.000000 3676440.000000 3726122.000000 
3706010.000000 3683520.000000 3714380.000000 
3722874.000000 3714326.000000 3697880.000000 
3691432.000000 3698380.000000 3718872.000000 
3706450.000000 3710474.000000 3704042.000000 
3700686.000000 3708962.000000 3707020.000000 
3748306.000000 3755586.000000 3695282.000000 

3585050.000000 3619002.000000 3622644.000000 
3588486.000000 3610422.000000 3608706.000000 
3593884.000000 3603660.000000 3666138.000000 
3573126.000000 3634978.000000 3625482.000000 
3576536.000000 3623228.000000 3612922.000000 

3630238.000000 3659466.000000 3698624.000000 
3624512.000000 3675158.000000 3675120.000000 
3627144.000000 3662386.000000 3670174.000000 
3671028.000000 3629908.000000 3665508.000000 
3666894.000000 3629272.000000 3680632.000000 
3652818.000000 3652628.000000 3655390.000000 
3631134.000000 3664642.000000 3658692.000000 
3667492.000000 3627616.000000 3725158.000000 
3662306.000000 3642106.000000 3701764.000000 
3658074.000000 3644120.000000 3765200.000000 
3640186.000000 3677518.000000 3642148.000000 
3644580.000000 3671926.000000 3634056.000000 
3637278.000000 3657656.000000 3643472.000000 
3633012.000000 3658684.000000 3646888.000000 
3640984.000000 3653656.000000 3659088.000000 
3641894.000000 3645106.000000 3661260.000000 

3699236.000000 3699968.000000 3697506.000000 
3685312.000000 3705420.000000 3705426.000000 
3683240.000000 3720042.000000 3716788.000000 
3720878.000000 3683438.000000 3694148.000000 
3735084.000000 3683102.000000 3682574.000000 
3740566.000000 3689176.000000 3674688.000000 
3729902.000000 3694458.000000 3687100.000000 
3725658.000000 3695418.000000 3686500.000000 
3710776.000000 3702336.000000 3688758.000000 
3698604.000000 3711788.000000 3697846.000000 
3712820.000000 3692276.000000 3689142.000000 
3700970.000000 3684704.000000 3691094.000000 
3720444.000000 3684442.000000 3714592.000000 
3698596.000000 3699368.000000 3713826.000000 
3693578.000000 3703412.000000 3712082.000000 

3641390.000000 3650186.000000 3656336.000000 
3681672.000000 3651920.000000 3643656.000000 
3667716.000000 3640566.000000 3648570.000000 
3674426.000000 3637336.000000 3660228.000000 
3663058.000000 3619388.000000 3664942.000000 
3652576.000000 3686890.000000 3619450.000000 
3654652.000000 3674234.000000 3620974.000000 
3676244.000000 3670556.000000 3634060.000000 
3651280.000000 3637726.000000 3678726.000000 
3648382.000000 3641222.000000 3648698.000000 
3676946.000000 3669980.000000 3646410.000000 
3653030.000000 3674348.000000 3636550.000000 
3643452.000000 3648406.000000 3660348.000000 
3641230.000000 3643152.000000 3666060.000000 
3645850.000000 3676738.000000 3630880.000000 
3668018.000000 3672506.000000 3646036.000000 
3654998.000000 3680006.000000 3609048.000000 
3639894.000000 3662018.000000 3678366.000000 

3733346.000000 3710440.000000 3727706.000000 
3733172.000000 3706284.000000 3749636.000000 

3690126.000000 3681046.000000 3757830.000000 
3695434.000000 3683242.000000 3742614.000000 
3697160.000000 3682404.000000 3748896.000000 
3680478.000000 3699972.000000 3734064.000000 
3710704.000000 3688646.000000 3731042.000000 
3713660.000000 3681140.000000 3739228.000000 
3761552.000000 3678532.000000 3832610.000000 
3671030.000000 3693386.000000 3747296.000000 
3653628.000000 3706812.000000 3716080.000000 
3651722.000000 3703928.000000 3722048.000000 
3652446.000000 3705970.000000 3717644.000000 
3671428.000000 3695830.000000 3742238.000000 
3766672.000000 3678244.000000 3859160.000000 

3710942.000000 3718646.000000 3696644.000000 
3715272.000000 3717632.000000 3683282.000000 
3699692.000000 3671480.000000 3710832.000000 
3700982.000000 3662082.000000 3699118.000000 
3714622.000000 3707854.000000 3686686.000000 

3635386.000000 3687230.000000 3684256.000000 
3643042.000000 3675464.000000 3701100.000000 
3639012.000000 3680656.000000 3693406.000000 
3666426.000000 3684826.000000 3690140.000000 
3676318.000000 3718568.000000 3679820.000000 

