3720114.000000 3709316.000000 3693002.000000 
3699784.000000 3705488.000000 3719172.000000 
3718306.000000 3732778.000000 3685270.000000 
3700848.000000 3689974.000000 3719920.000000 
3706610.000000 3696248.000000 3710378.000000 
3733032.000000 3709882.000000 3690392.000000 
3707638.000000 3711912.000000 3697278.000000 
3705830.000000 3718810.000000 3701630.000000 
3709366.000000 3688098.000000 3705330.000000 

3674556.000000 3700224.000000 3717976.000000 
3683292.000000 3699708.000000 3737156.000000 
3689910.000000 3693718.000000 3747908.000000 
3666462.000000 3728956.000000 3714612.000000 
3689630.000000 3699854.000000 3695714.000000 
3682936.000000 3710428.000000 3708414.000000 
3679140.000000 3713264.000000 3688288.000000 
3697868.000000 3692856.000000 3715542.000000 
3693414.000000 3695522.000000 3715126.000000 
3688366.000000 3694280.000000 3748088.000000 
3683944.000000 3708608.000000 3697014.000000 
3666646.000000 3711820.000000 3688524.000000 
3689846.000000 3693886.000000 3745392.000000 
3680336.000000 3703082.000000 3709860.000000 

3583852.000000 3559844.000000 3576942.000000 
3588120.000000 3567262.000000 3569390.000000 
3569166.000000 3587554.000000 3565782.000000 
3543526.000000 3580874.000000 3597646.000000 
3569690.000000 3587158.000000 3563246.000000 
3570576.000000 3586116.000000 3566580.000000 
3578174.000000 3577544.000000 3566748.000000 
3541604.000000 3576940.000000 3599120.000000 
3533992.000000 3615256.000000 3568204.000000 
3526900.000000 3605468.000000 3585544.000000 
3538838.000000 3586690.000000 3590390.000000 
3549288.000000 3597984.000000 3549872.000000 
3550672.000000 3588402.000000 3565948.000000 
3543070.000000 3581030.000000 3585340.000000 
3536858.000000 3587310.000000 3581380.000000 
3533544.000000 3595156.000000 3568764.000000 
3558000.000000 3577896.000000 3567446.000000 
3545468.000000 3571412.000000 3572286.000000 
3569096.000000 3560872.000000 3576176.000000 
3573490.000000 3547572.000000 3585052.000000 
3585646.000000 3544588.000000 3594340.000000 
3581458.000000 3541768.000000 3613044.000000 
3581844.000000 3542804.000000 3608918.000000 
3539312.000000 3557694.000000 3608926.000000 
3533890.000000 3592846.000000 3603880.000000 
3537116.000000 3580644.000000 3600244.000000 
3526350.000000 3592668.000000 3608308.000000 
3547520.000000 3569704.000000 3587776.000000 
3536410.000000 3564976.000000 3610110.000000 
3531810.000000 3589360.000000 3604262.000000 
3525174.000000 3576810.000000 3632414.000000 
3527110.000000 3584272.000000 3608622.000000 
3563188.000000 3566152.000000 3575644.000000 
3534648.000000 3593330.000000 3603608.000000 
3577024.000000 3583258.000000 3562032.000000 
3568690.000000 3566348.000000 3570542.000000 
3549954.000000 3557802.000000 3595386.000000 
3556438.000000 3573642.000000 3570612.000000 
3526746.000000 3560598.000000 3611202.000000 
3537586.000000 3563316.000000 3600036.000000 
3549936.000000 3554018.000000 3600180.000000 
3551586.000000 3563120.000000 3587310.000000 
3556822.000000 3592692.000000 3563366.000000 
3548292.000000 3558874.000000 3593616.000000 
3554452.000000 3549794.000000 3584650.000000 
3560926.000000 3577752.000000 3569120.000000 
3555664.000000 3557002.000000 3578590.000000 
3541384.000000 3584282.000000 3571114.000000 

3718554.000000 3715982.000000 3718198.000000 
3712680.000000 3716362.000000 3714178.000000 
3701550.000000 3712660.000000 3724468.000000 
3708304.000000 3712192.000000 3725100.000000 
3675020.000000 3739802.000000 3706870.000000 
3675838.000000 3722180.000000 3699996.000000 
3691088.000000 3745286.000000 3688446.000000 
3692818.000000 3730932.000000 3683548.000000 
3725888.000000 3745830.000000 3681584.000000 
3688950.000000 3728174.000000 3690112.000000 
3696122.000000 3719160.000000 3706344.000000 
3672710.000000 3723418.000000 3712480.000000 
3694090.000000 3718052.000000 3723720.000000 
3676408.000000 3718106.000000 3720632.000000 

3661268.000000 3660798.000000 3699510.000000 
3654848.000000 3655746.000000 3708928.000000 
3665364.000000 3665248.000000 3698246.000000 
3658914.000000 3659626.000000 3705534.000000 

3637476.000000 3650558.000000 3705250.000000 
3677742.000000 3620474.000000 3746994.000000 
3696146.000000 3610986.000000 3762012.000000 
3654046.000000 3630948.000000 3714362.000000 
3640382.000000 3631518.000000 3711636.000000 
3643668.000000 3638434.000000 3711574.000000 
3646926.000000 3643268.000000 3699056.000000 
3646622.000000 3638700.000000 3706004.000000 
3657790.000000 3649814.000000 3687542.000000 
3664140.000000 3635104.000000 3699742.000000 
3695700.000000 3625536.000000 3708414.000000 
3678360.000000 3628488.000000 3698872.000000 
3670878.000000 3632056.000000 3702646.000000 
3656786.000000 3644898.000000 3697136.000000 
3672142.000000 3637992.000000 3695660.000000 
3658910.000000 3639880.000000 3695656.000000 
3655116.000000 3626426.000000 3704224.000000 
3678310.000000 3622040.000000 3720178.000000 
3684482.000000 3617442.000000 3735646.000000 
3653814.000000 3636232.000000 3699154.000000 
3651704.000000 3632430.000000 3704432.000000 

3611458.000000 3554000.000000 3612290.000000 
3583110.000000 3562532.000000 3601094.000000 
3538124.000000 3596098.000000 3581750.000000 
3541288.000000 3610784.000000 3561466.000000 
3588340.000000 3562824.000000 3584480.000000 
3562714.000000 3576862.000000 3603948.000000 
3568270.000000 3578906.000000 3587984.000000 
3576838.000000 3582346.000000 3578996.000000 
3580560.000000 3560414.000000 3615782.000000 
3564528.000000 3575596.000000 3601532.000000 
3540378.000000 3624550.000000 3554314.000000 
3575942.000000 3556412.000000 3628204.000000 
3566676.000000 3572680.000000 3606034.000000 
3561584.000000 3577038.000000 3601240.000000 
3566540.000000 3567230.000000 3613758.000000 
3572978.000000 3570280.000000 3604088.000000 
3579324.000000 3599576.000000 3549860.000000 
3578052.000000 3582800.000000 3578992.000000 
3598530.000000 3548408.000000 3619718.000000 
3576772.000000 3614846.000000 3545020.000000 
3586158.000000 3560120.000000 3610198.000000 
3585264.000000 3555656.000000 3612364.000000 
3539630.000000 3595880.000000 3583174.000000 
3575890.000000 3580660.000000 3582722.000000 
3573154.000000 3572248.000000 3600694.000000 
3589340.000000 3556802.000000 3583368.000000 
3582618.000000 3562734.000000 3607024.000000 
3543286.000000 3600046.000000 3572480.000000 
3534318.000000 3587094.000000 3592144.000000 
3552478.000000 3613506.000000 3549722.000000 
3571236.000000 3588982.000000 3564618.000000 
3537376.000000 3605428.000000 3585036.000000 
3586976.000000 3577178.000000 3564546.000000 
3578622.000000 3582098.000000 3567362.000000 
3578476.000000 3564286.000000 3567514.000000 
3529096.000000 3583870.000000 3606210.000000 
3559838.000000 3617318.000000 3547546.000000 
3535856.000000 3580288.000000 3589058.000000 
3544556.000000 3587460.000000 3570916.000000 
3540572.000000 3586518.000000 3576188.000000 
3577304.000000 3605156.000000 3541582.000000 
3592896.000000 3586778.000000 3550930.000000 
3583498.000000 3597120.000000 3547698.000000 
3595534.000000 3590782.000000 3550084.000000 
3603156.000000 3593990.000000 3547498.000000 
3591030.000000 3604478.000000 3537756.000000 
3585614.000000 3607944.000000 3537584.000000 
3588634.000000 3606872.000000 3537960.000000 
3538030.000000 3627894.000000 3572520.000000 
3545156.000000 3589240.000000 3556540.000000 
3520314.000000 3594972.000000 3609852.000000 
3592864.000000 3545626.000000 3660694.000000 
3535974.000000 3609482.000000 3576966.000000 
3529094.000000 3591086.000000 3604806.000000 
3576616.000000 3577510.000000 3597438.000000 
3565182.000000 3573332.000000 3602408.000000 
3569274.000000 3570474.000000 3609530.000000 
3562026.000000 3578462.000000 3589840.000000 
3529638.000000 3596672.000000 3595130.000000 
3541946.000000 3578884.000000 3598860.000000 
3568796.000000 3575388.000000 3599900.000000 
3564402.000000 3573586.000000 3604884.000000 
3552822.000000 3601824.000000 3548718.000000 
3529148.000000 3603676.000000 3585774.000000 
3596846.000000 3551822.000000 3632976.000000 
3594118.000000 3568230.000000 3559212.000000 
3523180.000000 3621282.000000 3597492.000000 
3532744.000000 3607028.000000 3581630.000000 
3524048.000000 3573954.000000 3609936.000000 
3529748.000000 3588020.000000 3600178.000000 
3534374.000000 3586244.000000 3600032.000000 
3539644.000000 3573760.000000 3604072.000000 
3516186.000000 3595200.000000 3613506.000000 
3531166.000000 3562658.000000 3615824.000000 
3514070.000000 3575042.000000 3625704.000000 
3570274.000000 3593172.000000 3555074.000000 
3523856.000000 3599464.000000 3587802.000000 
3578078.000000 3546320.000000 3649138.000000 
3552524.000000 3558052.000000 3631808.000000 
3572986.000000 3578718.000000 3584480.000000 
3524606.000000 3640550.000000 3563978.000000 
3538112.000000 3637472.000000 3567132.000000 
3556900.000000 3586104.000000 3569548.000000 
3532110.000000 3648092.000000 3558348.000000 
3531394.000000 3624588.000000 3576680.000000 
3539934.000000 3624598.000000 3572292.000000 
3558282.000000 3556362.000000 3640618.000000 
3564008.000000 3559488.000000 3631760.000000 
3583298.000000 3554876.000000 3621366.000000 
3581650.000000 3551906.000000 3623830.000000 
3561946.000000 3547820.000000 3640374.000000 
3578450.000000 3551262.000000 3636050.000000 
3580060.000000 3557236.000000 3627126.000000 
3587618.000000 3554254.000000 3607988.000000 
3571610.000000 3553714.000000 3629558.000000 

3665172.000000 3690432.000000 3646810.000000 
3651724.000000 3651170.000000 3706292.000000 
3616482.000000 3672002.000000 3700484.000000 
3638288.000000 3662402.000000 3743754.000000 
3622624.000000 3680714.000000 3682616.000000 
3614278.000000 3674012.000000 3683064.000000 
3633890.000000 3666072.000000 3707078.000000 
3631498.000000 3672876.000000 3685992.000000 
3639084.000000 3671894.000000 3693160.000000 
3623996.000000 3679944.000000 3679236.000000 
3640060.000000 3665362.000000 3711182.000000 
3674198.000000 3653640.000000 3705898.000000 
3648182.000000 3657626.000000 3706848.000000 
3653632.000000 3638796.000000 3712574.000000 
3655532.000000 3694998.000000 3653842.000000 
3670952.000000 3653886.000000 3695158.000000 
3630722.000000 3668574.000000 3697454.000000 
3641678.000000 3658654.000000 3694118.000000 
3641172.000000 3669126.000000 3682262.000000 
3679066.000000 3658174.000000 3691350.000000 
3639222.000000 3672658.000000 3684694.000000 
3638320.000000 3676162.000000 3665060.000000 
3663066.000000 3674332.000000 3652538.000000 
3649476.000000 3701818.000000 3655112.000000 
3660612.000000 3658990.000000 3685230.000000 
3658548.000000 3673182.000000 3653816.000000 
3663740.000000 3659038.000000 3675760.000000 
3633162.000000 3699306.000000 3665398.000000 
3624338.000000 3677814.000000 3667872.000000 
3652810.000000 3678744.000000 3658800.000000 
3659486.000000 3665054.000000 3662270.000000 
3696888.000000 3652554.000000 3702178.000000 
3643354.000000 3684622.000000 3659234.000000 
3649682.000000 3663450.000000 3669302.000000 
3654434.000000 3659758.000000 3680468.000000 
3647264.000000 3657376.000000 3710182.000000 
3646976.000000 3645822.000000 3714472.000000 

3487678.000000 3600486.000000 3518412.000000 
3450984.000000 3548742.000000 3576472.000000 
3443060.000000 3560806.000000 3555746.000000 
3454354.000000 3580924.000000 3550542.000000 
3475736.000000 3561638.000000 3530288.000000 
3463086.000000 3571504.000000 3536662.000000 
3470810.000000 3552802.000000 3536126.000000 
3458498.000000 3538856.000000 3574608.000000 
3465478.000000 3569018.000000 3532876.000000 
3462178.000000 3516566.000000 3599492.000000 
3461200.000000 3539236.000000 3564816.000000 
3462602.000000 3514596.000000 3586860.000000 
3454274.000000 3573162.000000 3551940.000000 
3462418.000000 3528990.000000 3561620.000000 
3463810.000000 3559864.000000 3546444.000000 
3456768.000000 3543642.000000 3572310.000000 
3458604.000000 3543150.000000 3572700.000000 
3457422.000000 3559198.000000 3551114.000000 
3481644.000000 3507034.000000 3580868.000000 
3448230.000000 3551072.000000 3553570.000000 
3463550.000000 3539694.000000 3556814.000000 
3452506.000000 3544404.000000 3556490.000000 
3461292.000000 3534458.000000 3566588.000000 
3507526.000000 3492482.000000 3568826.000000 
3454886.000000 3531138.000000 3577020.000000 
3465622.000000 3530980.000000 3540786.000000 
3458874.000000 3541404.000000 3557848.000000 
3472100.000000 3552234.000000 3534742.000000 
3462108.000000 3569358.000000 3548372.000000 
3507624.000000 3537876.000000 3512740.000000 
3476320.000000 3546906.000000 3527330.000000 
3491478.000000 3546396.000000 3515928.000000 
3505458.000000 3545234.000000 3515940.000000 
3481248.000000 3510112.000000 3548876.000000 
3463860.000000 3542606.000000 3547938.000000 
3480930.000000 3514072.000000 3539018.000000 
3482222.000000 3513074.000000 3545382.000000 
3458562.000000 3548168.000000 3550950.000000 
3460316.000000 3577074.000000 3545338.000000 
3460408.000000 3524088.000000 3574350.000000 
3466796.000000 3518682.000000 3554406.000000 
3456098.000000 3568202.000000 3551266.000000 
3482144.000000 3513828.000000 3530352.000000 
3490398.000000 3523672.000000 3519178.000000 
3457830.000000 3556378.000000 3548692.000000 
3472466.000000 3522314.000000 3541616.000000 
3514694.000000 3487514.000000 3542054.000000 
3507150.000000 3496858.000000 3528892.000000 
3472778.000000 3514084.000000 3531268.000000 
3489292.000000 3515358.000000 3526188.000000 
3469802.000000 3510886.000000 3554792.000000 
3465620.000000 3519532.000000 3552806.000000 
3483630.000000 3521224.000000 3524012.000000 
3481208.000000 3525204.000000 3519082.000000 
3488194.000000 3495914.000000 3531200.000000 
3495198.000000 3501704.000000 3521956.000000 
3492776.000000 3506410.000000 3516102.000000 
3510286.000000 3528954.000000 3514970.000000 
3484230.000000 3506086.000000 3556358.000000 

3732642.000000 3736620.000000 3668044.000000 
3719564.000000 3770874.000000 3656768.000000 
3729066.000000 3724632.000000 3674540.000000 
3707232.000000 3689110.000000 3713008.000000 
3724642.000000 3735872.000000 3668940.000000 
3711108.000000 3728932.000000 3669730.000000 
3705566.000000 3701244.000000 3690084.000000 
3708428.000000 3737822.000000 3663292.000000 
3694210.000000 3705406.000000 3686710.000000 
3707054.000000 3733232.000000 3672312.000000 
3694740.000000 3746704.000000 3671550.000000 
3691776.000000 3768004.000000 3673716.000000 
3708170.000000 3681750.000000 3706140.000000 
3688642.000000 3716910.000000 3677810.000000 
3662412.000000 3720240.000000 3699410.000000 
3675898.000000 3718090.000000 3682538.000000 
3663958.000000 3729082.000000 3683918.000000 
3702554.000000 3735274.000000 3673778.000000 
3713838.000000 3726650.000000 3673566.000000 
3720750.000000 3725864.000000 3673600.000000 
3724044.000000 3757822.000000 3656520.000000 
3715142.000000 3711300.000000 3676586.000000 
3693294.000000 3736344.000000 3674740.000000 
3729658.000000 3707826.000000 3684968.000000 
3695974.000000 3690192.000000 3697878.000000 
3699956.000000 3753774.000000 3662258.000000 
3662578.000000 3725120.000000 3685372.000000 
3675902.000000 3711702.000000 3678654.000000 
3675518.000000 3718184.000000 3675352.000000 
3698752.000000 3763298.000000 3660742.000000 
3683754.000000 3691258.000000 3692632.000000 
3681306.000000 3706872.000000 3686312.000000 
3663086.000000 3713090.000000 3693438.000000 
3668682.000000 3718328.000000 3682956.000000 
3671334.000000 3734312.000000 3680786.000000 
3676152.000000 3710032.000000 3691864.000000 

3678406.000000 3713602.000000 3669300.000000 
3688368.000000 3733324.000000 3649808.000000 
3690186.000000 3734400.000000 3641398.000000 
3671526.000000 3724872.000000 3661960.000000 
3683596.000000 3745498.000000 3650566.000000 
3666608.000000 3726226.000000 3657552.000000 
3673544.000000 3718552.000000 3681088.000000 
3668542.000000 3706296.000000 3698362.000000 
3644158.000000 3719380.000000 3678778.000000 
3703626.000000 3676588.000000 3667878.000000 
3695080.000000 3682692.000000 3654942.000000 
3663492.000000 3721126.000000 3665988.000000 
3675100.000000 3701264.000000 3679874.000000 
3670956.000000 3702924.000000 3682120.000000 
3666388.000000 3707232.000000 3686832.000000 
3684214.000000 3710768.000000 3679686.000000 
3660320.000000 3710500.000000 3700822.000000 
3655468.000000 3712942.000000 3705370.000000 
3694376.000000 3689928.000000 3672556.000000 
3685682.000000 3694246.000000 3661688.000000 
3671742.000000 3701208.000000 3682266.000000 
3672206.000000 3733172.000000 3651328.000000 
3673740.000000 3717408.000000 3672266.000000 
3655254.000000 3739352.000000 3668822.000000 
3687440.000000 3698150.000000 3653466.000000 
3698866.000000 3694466.000000 3650828.000000 
3684478.000000 3701916.000000 3650750.000000 

3714546.000000 3691770.000000 3732924.000000 
3717314.000000 3675160.000000 3745370.000000 

3540128.000000 3525010.000000 3525002.000000 
3547314.000000 3507592.000000 3528114.000000 
3542120.000000 3543544.000000 3503464.000000 
3559226.000000 3520958.000000 3525046.000000 
3551852.000000 3521612.000000 3512874.000000 
3535384.000000 3552146.000000 3509616.000000 
3512586.000000 3622574.000000 3510792.000000 
3495888.000000 3646704.000000 3535528.000000 
3495910.000000 3552240.000000 3555626.000000 
3493404.000000 3610856.000000 3537614.000000 
3523520.000000 3626368.000000 3507706.000000 
3509912.000000 3602230.000000 3512544.000000 
3507362.000000 3606978.000000 3518708.000000 
3492918.000000 3656938.000000 3535356.000000 
3539748.000000 3492934.000000 3569540.000000 
3499380.000000 3559826.000000 3549900.000000 
3488886.000000 3629382.000000 3540220.000000 
3507878.000000 3565930.000000 3523274.000000 
3482058.000000 3559862.000000 3552774.000000 
3500714.000000 3535274.000000 3548094.000000 
3505870.000000 3556030.000000 3526572.000000 
3519530.000000 3553398.000000 3522836.000000 
3533338.000000 3514390.000000 3558206.000000 
3536254.000000 3550760.000000 3510254.000000 
3510012.000000 3564392.000000 3517492.000000 
3533796.000000 3513392.000000 3555400.000000 
3522020.000000 3554704.000000 3509342.000000 
3515478.000000 3526704.000000 3542550.000000 
3511248.000000 3544136.000000 3522884.000000 
3499682.000000 3548340.000000 3529132.000000 
3535528.000000 3499574.000000 3568886.000000 
3503928.000000 3527424.000000 3529502.000000 
3550464.000000 3504296.000000 3556728.000000 
3543428.000000 3519074.000000 3531072.000000 
3537706.000000 3545762.000000 3511160.000000 
3500864.000000 3573384.000000 3523952.000000 
3533994.000000 3526474.000000 3531922.000000 
3517034.000000 3524812.000000 3541426.000000 
3539160.000000 3540230.000000 3504588.000000 
3498308.000000 3626460.000000 3532726.000000 
3547986.000000 3533192.000000 3504926.000000 
3528910.000000 3514772.000000 3552956.000000 
3482248.000000 3564682.000000 3543304.000000 
3532444.000000 3541114.000000 3514450.000000 
3535556.000000 3552624.000000 3506708.000000 
3540652.000000 3521670.000000 3530908.000000 
3537668.000000 3504604.000000 3552988.000000 
3534104.000000 3556524.000000 3506746.000000 
3540506.000000 3536096.000000 3513946.000000 
3548278.000000 3506780.000000 3550034.000000 
3545202.000000 3522862.000000 3527308.000000 
3507588.000000 3568074.000000 3515176.000000 
3532892.000000 3561140.000000 3492340.000000 
3521248.000000 3574914.000000 3508652.000000 
3529172.000000 3522444.000000 3534162.000000 
3543312.000000 3521754.000000 3529502.000000 
3530544.000000 3553114.000000 3509320.000000 
3519768.000000 3546650.000000 3521270.000000 
3519872.000000 3542074.000000 3515068.000000 
3499636.000000 3571156.000000 3542644.000000 
3527874.000000 3553748.000000 3512042.000000 
3526980.000000 3556846.000000 3496870.000000 
3491470.000000 3560162.000000 3550238.000000 
3529000.000000 3526782.000000 3515382.000000 
3547354.000000 3551560.000000 3501386.000000 
3522360.000000 3517218.000000 3539056.000000 
3522024.000000 3504088.000000 3560428.000000 
3534458.000000 3510162.000000 3541940.000000 
3526206.000000 3522080.000000 3538890.000000 
3523136.000000 3526714.000000 3521024.000000 
3521694.000000 3523336.000000 3542394.000000 
3509940.000000 3515354.000000 3552770.000000 
3481962.000000 3573730.000000 3564466.000000 
3482058.000000 3624590.000000 3545902.000000 
3510256.000000 3560326.000000 3514242.000000 
3520282.000000 3524090.000000 3535000.000000 
3517946.000000 3534806.000000 3524552.000000 
3519638.000000 3516726.000000 3544306.000000 
3532030.000000 3541906.000000 3514342.000000 
3503484.000000 3526820.000000 3532448.000000 

3700196.000000 3684162.000000 3734036.000000 
3669330.000000 3716304.000000 3733676.000000 
3654832.000000 3711502.000000 3742734.000000 
3689432.000000 3683508.000000 3736602.000000 
3698286.000000 3687730.000000 3732336.000000 
3667200.000000 3719024.000000 3727738.000000 
3687602.000000 3720858.000000 3716372.000000 
3678578.000000 3733200.000000 3709922.000000 
3678450.000000 3717824.000000 3725756.000000 
3659486.000000 3719082.000000 3722264.000000 
3657772.000000 3721288.000000 3739300.000000 
3670618.000000 3708404.000000 3754824.000000 
3677898.000000 3690638.000000 3725882.000000 
3688954.000000 3689192.000000 3731844.000000 
3691096.000000 3689522.000000 3725972.000000 
3700506.000000 3689460.000000 3731482.000000 
3688466.000000 3690570.000000 3724344.000000 
3658958.000000 3710620.000000 3738690.000000 
3673124.000000 3724244.000000 3715726.000000 
3661936.000000 3721686.000000 3720308.000000 
3660034.000000 3708628.000000 3752720.000000 
3659996.000000 3717720.000000 3733852.000000 
3679178.000000 3730702.000000 3714778.000000 
3672344.000000 3721286.000000 3718666.000000 
3664846.000000 3708588.000000 3746934.000000 
3675440.000000 3717410.000000 3730004.000000 

3715276.000000 3695400.000000 3728962.000000 
3695206.000000 3767382.000000 3677966.000000 
3678380.000000 3737116.000000 3693854.000000 
3683588.000000 3719480.000000 3685390.000000 
3687904.000000 3703644.000000 3682424.000000 
3678582.000000 3702708.000000 3689168.000000 
3683978.000000 3706708.000000 3687260.000000 
3705938.000000 3698902.000000 3700254.000000 
3707604.000000 3699592.000000 3691578.000000 
3692996.000000 3695998.000000 3710528.000000 

3472144.000000 3537958.000000 3500552.000000 
3468672.000000 3578152.000000 3500624.000000 
3459424.000000 3534172.000000 3518870.000000 
3474320.000000 3532310.000000 3502754.000000 
3478334.000000 3556186.000000 3494448.000000 
3516190.000000 3534316.000000 3480004.000000 
3463958.000000 3512696.000000 3523510.000000 
3451374.000000 3587838.000000 3500814.000000 
3448392.000000 3586396.000000 3510666.000000 
3481924.000000 3579044.000000 3483354.000000 
3466382.000000 3488894.000000 3555236.000000 
3475422.000000 3495890.000000 3544074.000000 
3473236.000000 3529556.000000 3504470.000000 
3471528.000000 3487502.000000 3555424.000000 
3502500.000000 3498452.000000 3513758.000000 
3498418.000000 3480910.000000 3570936.000000 
3475488.000000 3484924.000000 3561392.000000 
3511888.000000 3525296.000000 3483102.000000 
3480534.000000 3493816.000000 3549318.000000 
3467222.000000 3538544.000000 3507062.000000 
3497206.000000 3508962.000000 3500658.000000 
3470148.000000 3507512.000000 3520124.000000 
3479306.000000 3485362.000000 3553128.000000 
3481256.000000 3549778.000000 3491844.000000 
3467226.000000 3541698.000000 3504532.000000 
3470154.000000 3576620.000000 3499440.000000 
3472282.000000 3508204.000000 3518194.000000 
3456740.000000 3528832.000000 3522578.000000 
3468182.000000 3510654.000000 3510826.000000 
3460896.000000 3517892.000000 3508306.000000 
3470374.000000 3500634.000000 3522042.000000 
3453590.000000 3502410.000000 3540974.000000 
3453330.000000 3505862.000000 3524006.000000 
3460166.000000 3496686.000000 3529766.000000 
3475136.000000 3497910.000000 3525790.000000 
3497114.000000 3505342.000000 3503660.000000 
3452622.000000 3521576.000000 3529008.000000 
3449798.000000 3581434.000000 3521422.000000 
3487030.000000 3579628.000000 3480214.000000 
3476102.000000 3563154.000000 3485992.000000 
3482244.000000 3494608.000000 3523700.000000 
3514216.000000 3538022.000000 3471104.000000 
3490860.000000 3545598.000000 3483822.000000 
3509772.000000 3544906.000000 3480910.000000 
3512828.000000 3574370.000000 3477630.000000 
3482846.000000 3540300.000000 3484162.000000 
3479456.000000 3543216.000000 3498846.000000 
3471002.000000 3545908.000000 3502524.000000 
3473770.000000 3556718.000000 3496130.000000 
3496408.000000 3485658.000000 3522964.000000 
3503166.000000 3498264.000000 3509480.000000 
3485388.000000 3520100.000000 3496586.000000 
3464318.000000 3513024.000000 3523346.000000 
3480376.000000 3553156.000000 3488774.000000 
3472646.000000 3548916.000000 3496582.000000 
3473290.000000 3558742.000000 3486360.000000 
3502588.000000 3543806.000000 3482812.000000 
3511714.000000 3594926.000000 3470226.000000 
3470750.000000 3495944.000000 3552786.000000 
3483588.000000 3498154.000000 3519412.000000 
3509578.000000 3530640.000000 3485932.000000 
3472044.000000 3528942.000000 3505236.000000 
3460440.000000 3570110.000000 3502586.000000 
3451000.000000 3565864.000000 3509750.000000 
3502724.000000 3537500.000000 3483438.000000 
3484542.000000 3497528.000000 3521010.000000 
3480066.000000 3518518.000000 3496896.000000 
3478710.000000 3505770.000000 3503920.000000 
3478346.000000 3513528.000000 3501286.000000 
3477590.000000 3501224.000000 3508118.000000 
3500490.000000 3581162.000000 3476440.000000 
3499248.000000 3530110.000000 3487580.000000 
3487594.000000 3501622.000000 3507906.000000 
3486630.000000 3486490.000000 3515986.000000 
3454668.000000 3551934.000000 3520784.000000 
3447708.000000 3534048.000000 3530768.000000 
3483592.000000 3527144.000000 3487996.000000 
3474892.000000 3513660.000000 3501332.000000 
3480536.000000 3514430.000000 3499712.000000 
3485670.000000 3513024.000000 3492214.000000 
3483036.000000 3501216.000000 3514574.000000 
3456934.000000 3532174.000000 3522526.000000 
3506716.000000 3504900.000000 3501610.000000 
3504052.000000 3489802.000000 3514382.000000 
3469038.000000 3587466.000000 3497138.000000 
3502630.000000 3482804.000000 3551392.000000 
3505744.000000 3522340.000000 3489138.000000 
3505550.000000 3512714.000000 3498962.000000 
3495054.000000 3507392.000000 3502338.000000 
3450438.000000 3532378.000000 3538498.000000 
3458338.000000 3541732.000000 3514638.000000 
3491398.000000 3517368.000000 3490064.000000 
3512236.000000 3480676.000000 3560512.000000 
3477390.000000 3506486.000000 3521608.000000 
3464602.000000 3517554.000000 3517142.000000 
3459388.000000 3537854.000000 3518202.000000 
3450526.000000 3534580.000000 3529596.000000 
3514532.000000 3473256.000000 3564850.000000 
3479610.000000 3495794.000000 3551306.000000 
3445694.000000 3540628.000000 3545840.000000 
3460452.000000 3549262.000000 3514598.000000 
3456090.000000 3574374.000000 3501138.000000 
3444688.000000 3566296.000000 3580814.000000 
3461678.000000 3552228.000000 3504978.000000 
3497246.000000 3498950.000000 3512506.000000 
3447976.000000 3510336.000000 3577662.000000 

3700800.000000 3699334.000000 3697540.000000 
3690600.000000 3719072.000000 3679594.000000 
3689978.000000 3711130.000000 3688136.000000 
3689468.000000 3709726.000000 3689922.000000 
3693196.000000 3707484.000000 3699964.000000 
3703792.000000 3697712.000000 3710260.000000 
3699860.000000 3707076.000000 3699546.000000 

3694490.000000 3688912.000000 3673218.000000 
3683520.000000 3653120.000000 3674850.000000 
3670620.000000 3650766.000000 3688082.000000 
3683840.000000 3644460.000000 3674060.000000 
3660686.000000 3670948.000000 3704316.000000 
3677778.000000 3696866.000000 3674528.000000 
3665688.000000 3683182.000000 3692654.000000 
3678332.000000 3639618.000000 3680036.000000 
3669638.000000 3655650.000000 3697892.000000 
3666206.000000 3669678.000000 3698078.000000 
3673680.000000 3649376.000000 3680344.000000 
3671644.000000 3668502.000000 3679834.000000 
3666786.000000 3678602.000000 3685978.000000 
3688212.000000 3700266.000000 3673278.000000 
3680538.000000 3692594.000000 3677004.000000 
3705858.000000 3716266.000000 3670808.000000 
3663338.000000 3687712.000000 3679308.000000 
3684282.000000 3730546.000000 3672876.000000 
3686652.000000 3710838.000000 3673502.000000 
3670494.000000 3714822.000000 3673634.000000 
3672010.000000 3709416.000000 3677630.000000 

3657690.000000 3702894.000000 3648312.000000 
3657460.000000 3686922.000000 3664230.000000 
3655046.000000 3682630.000000 3681650.000000 
3681860.000000 3673008.000000 3677772.000000 
3654920.000000 3687004.000000 3686134.000000 
3669192.000000 3685390.000000 3663014.000000 
3634766.000000 3693912.000000 3649400.000000 
3639080.000000 3688464.000000 3653882.000000 
3636688.000000 3704186.000000 3641408.000000 

3651082.000000 3684868.000000 3670212.000000 
3654986.000000 3647002.000000 3673718.000000 
3659248.000000 3645380.000000 3692906.000000 

3732538.000000 3687212.000000 3708190.000000 
3691968.000000 3714446.000000 3718572.000000 
3725410.000000 3690796.000000 3712522.000000 
3712700.000000 3698386.000000 3712212.000000 
3692324.000000 3712460.000000 3736616.000000 
3725022.000000 3691292.000000 3701060.000000 
3701204.000000 3697662.000000 3719274.000000 
3694168.000000 3713434.000000 3707888.000000 
3689788.000000 3720770.000000 3698504.000000 
3670978.000000 3716802.000000 3714352.000000 
3678906.000000 3715640.000000 3705580.000000 
3693278.000000 3726686.000000 3686788.000000 
3673022.000000 3723224.000000 3705746.000000 
3693652.000000 3706898.000000 3722300.000000 
3681288.000000 3724308.000000 3694358.000000 
3675798.000000 3717848.000000 3703810.000000 
3667300.000000 3719490.000000 3711892.000000 
3676620.000000 3753668.000000 3687800.000000 
3693756.000000 3733754.000000 3665846.000000 
3683418.000000 3730158.000000 3678160.000000 
3686746.000000 3742632.000000 3675830.000000 
3713270.000000 3693122.000000 3679976.000000 
3710518.000000 3699328.000000 3694146.000000 
3693172.000000 3719426.000000 3700268.000000 
3701108.000000 3707144.000000 3649550.000000 
3697378.000000 3699850.000000 3654702.000000 
3693506.000000 3724776.000000 3691578.000000 

3733618.000000 3735558.000000 3687176.000000 
3701472.000000 3662984.000000 3760946.000000 
3705022.000000 3661496.000000 3750838.000000 
3735752.000000 3733018.000000 3692896.000000 
3731138.000000 3704724.000000 3693054.000000 
3740978.000000 3696094.000000 3700548.000000 
3704452.000000 3673618.000000 3720908.000000 
3692742.000000 3679512.000000 3722880.000000 
3684582.000000 3687760.000000 3707016.000000 
3699836.000000 3666458.000000 3728352.000000 
3723054.000000 3683404.000000 3716146.000000 
3706010.000000 3683520.000000 3714380.000000 
3711290.000000 3681082.000000 3716850.000000 
3692166.000000 3689518.000000 3703526.000000 
3684540.000000 3679534.000000 3718566.000000 
3708512.000000 3694740.000000 3703344.000000 
3712070.000000 3726456.000000 3694722.000000 
3695500.000000 3701988.000000 3696484.000000 
3692962.000000 3686150.000000 3708360.000000 
3705476.000000 3661758.000000 3733906.000000 
3739118.000000 3721348.000000 3689710.000000 

3479874.000000 3518698.000000 3470126.000000 
3502922.000000 3516970.000000 3468852.000000 
3485382.000000 3543538.000000 3464168.000000 
3446746.000000 3504010.000000 3534440.000000 
3440600.000000 3524022.000000 3523208.000000 
3489480.000000 3492730.000000 3506680.000000 
3479948.000000 3504190.000000 3498730.000000 
3496966.000000 3504592.000000 3493968.000000 
3445438.000000 3497188.000000 3541702.000000 
3449438.000000 3492380.000000 3542526.000000 
3453626.000000 3524596.000000 3508758.000000 
3451260.000000 3516648.000000 3510082.000000 
3447548.000000 3542080.000000 3520478.000000 
3455788.000000 3512946.000000 3488550.000000 
3447064.000000 3511510.000000 3521742.000000 
3459382.000000 3471740.000000 3570678.000000 
3447772.000000 3532058.000000 3510928.000000 
3491494.000000 3540140.000000 3467686.000000 
3478976.000000 3545046.000000 3466246.000000 
3445200.000000 3509036.000000 3551690.000000 
3480520.000000 3534344.000000 3467832.000000 
3454088.000000 3518242.000000 3507540.000000 
3458434.000000 3504036.000000 3511600.000000 
3464130.000000 3465776.000000 3557796.000000 
3448612.000000 3534586.000000 3509556.000000 
3474594.000000 3458692.000000 3545140.000000 
3453156.000000 3527796.000000 3509060.000000 
3479858.000000 3541136.000000 3472786.000000 
3452078.000000 3532960.000000 3495888.000000 
3439418.000000 3515632.000000 3537934.000000 
3478454.000000 3506114.000000 3474734.000000 
3454534.000000 3506466.000000 3509348.000000 
3447966.000000 3507702.000000 3518950.000000 
3470144.000000 3469042.000000 3551248.000000 
3448382.000000 3485706.000000 3543328.000000 
3451028.000000 3502476.000000 3532656.000000 
3475388.000000 3507990.000000 3496744.000000 
3473098.000000 3462296.000000 3536802.000000 
3483470.000000 3498898.000000 3496004.000000 
3461112.000000 3508268.000000 3473684.000000 
3454468.000000 3515434.000000 3487290.000000 
3460622.000000 3501418.000000 3515764.000000 
3467100.000000 3493514.000000 3504652.000000 
3449954.000000 3489042.000000 3535396.000000 
3448754.000000 3498768.000000 3537810.000000 
3445400.000000 3504018.000000 3522818.000000 
3449524.000000 3521066.000000 3510156.000000 
3475164.000000 3505512.000000 3501088.000000 
3472018.000000 3494324.000000 3501286.000000 
3451354.000000 3477572.000000 3521944.000000 
3488396.000000 3494434.000000 3496972.000000 
3461482.000000 3471966.000000 3508548.000000 
3457516.000000 3484152.000000 3517954.000000 
3486372.000000 3492758.000000 3501774.000000 

3448318.000000 3523416.000000 3505130.000000 
3522126.000000 3502990.000000 3460208.000000 
3467764.000000 3519460.000000 3477978.000000 
3454648.000000 3491664.000000 3509366.000000 
3493358.000000 3501364.000000 3477296.000000 
3463694.000000 3488646.000000 3518490.000000 
3468360.000000 3521890.000000 3471004.000000 
3480780.000000 3515244.000000 3462810.000000 
3445850.000000 3552022.000000 3488200.000000 
3464546.000000 3500618.000000 3481562.000000 
3462988.000000 3503988.000000 3488846.000000 
3455956.000000 3489580.000000 3508860.000000 
3467280.000000 3476492.000000 3507270.000000 
3509480.000000 3552366.000000 3424892.000000 
3455756.000000 3492102.000000 3506230.000000 
3490020.000000 3547244.000000 3445318.000000 
3437422.000000 3525282.000000 3505052.000000 
3524960.000000 3513444.000000 3449794.000000 
3447880.000000 3492994.000000 3521594.000000 
3450322.000000 3510222.000000 3504116.000000 
3446014.000000 3529742.000000 3481672.000000 
3501128.000000 3531536.000000 3428878.000000 
3487294.000000 3470024.000000 3521370.000000 
3498108.000000 3520902.000000 3438992.000000 
3481258.000000 3520476.000000 3462632.000000 
3496342.000000 3468570.000000 3523680.000000 
3526022.000000 3481228.000000 3495692.000000 
3452242.000000 3554172.000000 3479826.000000 
3511472.000000 3492000.000000 3483368.000000 
3507498.000000 3492262.000000 3460592.000000 
3503634.000000 3492154.000000 3467920.000000 
3451642.000000 3561334.000000 3472692.000000 
3485552.000000 3517378.000000 3461058.000000 
3486964.000000 3514196.000000 3456218.000000 
3493298.000000 3513602.000000 3449644.000000 
3476914.000000 3523800.000000 3454412.000000 
3454990.000000 3525678.000000 3445584.000000 
3479834.000000 3484414.000000 3495078.000000 
3479322.000000 3470802.000000 3517466.000000 
3486496.000000 3477276.000000 3503748.000000 
3520938.000000 3470620.000000 3517278.000000 
3473894.000000 3473156.000000 3519306.000000 
3475976.000000 3462020.000000 3524904.000000 
3462340.000000 3489238.000000 3528078.000000 
3473780.000000 3471198.000000 3521500.000000 
3475268.000000 3520836.000000 3464824.000000 
3493576.000000 3512810.000000 3466090.000000 
3466626.000000 3483820.000000 3517010.000000 
3475830.000000 3463364.000000 3530278.000000 
3489472.000000 3491352.000000 3489456.000000 
3481192.000000 3487366.000000 3492966.000000 
3476474.000000 3519392.000000 3463668.000000 
3474236.000000 3496002.000000 3484400.000000 
3472778.000000 3507948.000000 3467636.000000 
3465174.000000 3477694.000000 3554446.000000 
3458120.000000 3481394.000000 3549312.000000 
3458316.000000 3489392.000000 3531538.000000 
3447722.000000 3503078.000000 3532340.000000 
3446560.000000 3506608.000000 3528806.000000 
3447790.000000 3519248.000000 3508840.000000 
3448092.000000 3498040.000000 3514960.000000 
3469942.000000 3490126.000000 3501328.000000 
3456360.000000 3493104.000000 3492742.000000 
3470072.000000 3473856.000000 3522674.000000 
3481490.000000 3461566.000000 3535858.000000 
3470338.000000 3500052.000000 3490374.000000 
3458988.000000 3484022.000000 3530304.000000 
3456046.000000 3504892.000000 3503688.000000 
3455858.000000 3509338.000000 3486046.000000 
3470340.000000 3474880.000000 3522666.000000 
3460022.000000 3478176.000000 3545000.000000 
3467102.000000 3488402.000000 3515796.000000 
3466152.000000 3476654.000000 3584444.000000 
3464564.000000 3485622.000000 3526982.000000 
3462710.000000 3488994.000000 3516384.000000 
3457674.000000 3488158.000000 3555178.000000 
3456152.000000 3489368.000000 3540360.000000 
3463698.000000 3481442.000000 3534016.000000 
3459950.000000 3486982.000000 3528832.000000 
3456794.000000 3485016.000000 3559624.000000 
3464888.000000 3481164.000000 3525846.000000 

3678486.000000 3713574.000000 3702724.000000 
3699144.000000 3700938.000000 3685970.000000 
3711440.000000 3680348.000000 3705112.000000 
3679742.000000 3710792.000000 3701724.000000 
3720470.000000 3677790.000000 3694554.000000 
3653760.000000 3725670.000000 3714468.000000 
3687762.000000 3698100.000000 3707784.000000 
3664004.000000 3726920.000000 3703334.000000 
3656182.000000 3727388.000000 3710764.000000 
3720878.000000 3683438.000000 3694148.000000 
3665348.000000 3719326.000000 3699748.000000 
3687842.000000 3690418.000000 3688006.000000 
3665148.000000 3704836.000000 3714342.000000 
3682320.000000 3708028.000000 3704826.000000 
3698238.000000 3708374.000000 3686236.000000 
3708294.000000 3703982.000000 3681640.000000 
3710776.000000 3696624.000000 3683166.000000 
3714776.000000 3680256.000000 3710480.000000 
3709146.000000 3697628.000000 3680986.000000 
3715578.000000 3694846.000000 3683388.000000 
3710912.000000 3684274.000000 3684334.000000 
3739418.000000 3692662.000000 3678168.000000 
3682766.000000 3721630.000000 3689528.000000 
3686652.000000 3718000.000000 3686306.000000 
3685312.000000 3705420.000000 3705426.000000 
3684886.000000 3679588.000000 3718880.000000 
3735670.000000 3695184.000000 3679014.000000 
3700970.000000 3684704.000000 3691094.000000 
3735084.000000 3683102.000000 3682574.000000 
3740566.000000 3689176.000000 3674688.000000 

3479556.000000 3520748.000000 3521742.000000 
3450600.000000 3542748.000000 3576154.000000 
3496150.000000 3505134.000000 3519128.000000 
3465482.000000 3556684.000000 3510810.000000 
3518844.000000 3557986.000000 3485742.000000 
3469346.000000 3481792.000000 3539304.000000 
3482590.000000 3512860.000000 3515728.000000 
3465970.000000 3483112.000000 3523390.000000 
3505600.000000 3540440.000000 3486854.000000 
3492538.000000 3510654.000000 3514308.000000 
3485360.000000 3523196.000000 3508324.000000 
3475760.000000 3481418.000000 3528182.000000 
3491782.000000 3507608.000000 3517912.000000 
3476588.000000 3478108.000000 3529542.000000 
3484194.000000 3474928.000000 3546322.000000 
3479922.000000 3473702.000000 3555628.000000 
3490004.000000 3538646.000000 3492906.000000 
3500730.000000 3560348.000000 3486394.000000 
3456712.000000 3539678.000000 3545110.000000 
3517416.000000 3562592.000000 3485242.000000 
3496316.000000 3504188.000000 3514728.000000 
3501016.000000 3533350.000000 3498876.000000 
3520356.000000 3505478.000000 3513474.000000 
3487098.000000 3512770.000000 3521190.000000 
3516022.000000 3559600.000000 3486306.000000 
3505164.000000 3547764.000000 3488408.000000 
3499762.000000 3466206.000000 3574772.000000 
3503756.000000 3556312.000000 3486744.000000 
3500478.000000 3499408.000000 3516576.000000 
3494846.000000 3506948.000000 3515164.000000 
3496290.000000 3494348.000000 3518454.000000 
3504214.000000 3506282.000000 3513944.000000 
3488454.000000 3476550.000000 3543250.000000 
3490174.000000 3488574.000000 3521970.000000 
3490572.000000 3485994.000000 3519370.000000 
3457318.000000 3536308.000000 3553744.000000 
3465816.000000 3542772.000000 3532656.000000 
3499750.000000 3473896.000000 3539160.000000 
3489106.000000 3506488.000000 3520316.000000 
3507882.000000 3466910.000000 3556562.000000 
3483502.000000 3474302.000000 3551598.000000 
3480354.000000 3467670.000000 3552368.000000 
3457908.000000 3532444.000000 3564748.000000 
3499242.000000 3566772.000000 3483296.000000 
3488434.000000 3576250.000000 3484596.000000 
3489704.000000 3521674.000000 3505958.000000 
3483184.000000 3586806.000000 3473862.000000 
3486954.000000 3520788.000000 3513398.000000 
3505728.000000 3545328.000000 3486660.000000 
3484338.000000 3538780.000000 3504082.000000 
3516952.000000 3538268.000000 3493556.000000 
3495066.000000 3516546.000000 3509416.000000 
3492450.000000 3579020.000000 3480722.000000 
3521672.000000 3560548.000000 3481644.000000 
3454952.000000 3525416.000000 3581702.000000 
3498610.000000 3511816.000000 3509914.000000 
3469378.000000 3560946.000000 3504190.000000 
3511776.000000 3517630.000000 3503318.000000 
3519010.000000 3533216.000000 3492588.000000 
3472874.000000 3535868.000000 3513292.000000 
3500436.000000 3517974.000000 3501022.000000 
3469710.000000 3541098.000000 3518248.000000 
3511206.000000 3501170.000000 3513550.000000 
3461728.000000 3563074.000000 3504196.000000 
3459558.000000 3546516.000000 3512536.000000 
3493808.000000 3519890.000000 3512144.000000 
3487406.000000 3538182.000000 3504306.000000 
3488698.000000 3533324.000000 3506942.000000 
3455552.000000 3545496.000000 3518570.000000 
3486616.000000 3576288.000000 3483842.000000 
3453076.000000 3532480.000000 3573892.000000 
3457640.000000 3513874.000000 3586118.000000 
3458360.000000 3518302.000000 3577752.000000 
3495948.000000 3532376.000000 3505164.000000 
3501762.000000 3515930.000000 3507222.000000 
3501680.000000 3506924.000000 3507748.000000 
3473826.000000 3549256.000000 3504552.000000 
3494482.000000 3520102.000000 3506608.000000 
3456226.000000 3525518.000000 3573882.000000 
3465498.000000 3518314.000000 3570348.000000 
3496572.000000 3547510.000000 3489366.000000 
3466888.000000 3552758.000000 3510310.000000 
3477606.000000 3526854.000000 3509098.000000 
3521868.000000 3532606.000000 3498166.000000 
3498344.000000 3535178.000000 3502504.000000 
3501986.000000 3537652.000000 3493876.000000 
3499220.000000 3522762.000000 3499410.000000 
3460452.000000 3532864.000000 3538674.000000 
3470318.000000 3538172.000000 3522386.000000 
3472024.000000 3537906.000000 3520732.000000 
3474798.000000 3524268.000000 3519694.000000 
3461336.000000 3581922.000000 3502410.000000 
3462584.000000 3567382.000000 3504054.000000 
3465730.000000 3539022.000000 3534418.000000 
3469580.000000 3544936.000000 3522168.000000 
3485340.000000 3540008.000000 3501230.000000 
3474398.000000 3553100.000000 3497844.000000 
3471298.000000 3555774.000000 3506322.000000 
3475958.000000 3560654.000000 3495906.000000 
3481746.000000 3540434.000000 3490948.000000 
3466748.000000 3562242.000000 3487980.000000 
3481738.000000 3576614.000000 3486314.000000 
3464718.000000 3499610.000000 3592122.000000 
3464002.000000 3514842.000000 3579500.000000 
3462836.000000 3523490.000000 3566318.000000 
3459374.000000 3523604.000000 3576162.000000 
3462576.000000 3527160.000000 3548568.000000 
3458390.000000 3517590.000000 3581660.000000 
3462980.000000 3511960.000000 3582658.000000 
3461444.000000 3517434.000000 3571728.000000 

3733346.000000 3710440.000000 3727706.000000 
3733172.000000 3706284.000000 3749636.000000 

3698014.000000 3715648.000000 3704192.000000 
3690574.000000 3725376.000000 3708006.000000 
3692172.000000 3723324.000000 3706474.000000 
3706376.000000 3722720.000000 3700792.000000 
3698006.000000 3717256.000000 3707140.000000 
3693058.000000 3719190.000000 3709246.000000 
3690336.000000 3693014.000000 3722274.000000 
3696194.000000 3711814.000000 3707476.000000 
3686812.000000 3708998.000000 3712302.000000 
3677340.000000 3720340.000000 3711730.000000 
3693788.000000 3703338.000000 3710356.000000 
3676094.000000 3734382.000000 3717264.000000 
3676332.000000 3723040.000000 3716126.000000 
3739288.000000 3666470.000000 3775420.000000 
3721112.000000 3668770.000000 3766296.000000 
3740164.000000 3671306.000000 3754994.000000 
3712274.000000 3697910.000000 3718874.000000 
3687224.000000 3733760.000000 3706360.000000 
3701818.000000 3674966.000000 3752450.000000 
3699610.000000 3687594.000000 3739298.000000 
3696624.000000 3687142.000000 3741266.000000 
3695194.000000 3697838.000000 3718966.000000 
3693416.000000 3679554.000000 3757386.000000 
3681860.000000 3688738.000000 3742430.000000 
3693128.000000 3717176.000000 3708886.000000 
3693280.000000 3680634.000000 3759732.000000 
3703786.000000 3684872.000000 3732794.000000 
3729976.000000 3676176.000000 3749504.000000 
3689868.000000 3698264.000000 3731730.000000 
3720316.000000 3691644.000000 3728526.000000 
3706336.000000 3686414.000000 3728662.000000 
3687388.000000 3713962.000000 3711440.000000 
3689240.000000 3704364.000000 3728974.000000 
3680636.000000 3704568.000000 3718016.000000 
3712644.000000 3692144.000000 3727168.000000 
3716078.000000 3684932.000000 3732508.000000 
3705534.000000 3697984.000000 3716794.000000 
3712704.000000 3692120.000000 3725976.000000 
3685698.000000 3685300.000000 3749256.000000 
3713660.000000 3681140.000000 3739228.000000 
3690126.000000 3681046.000000 3757830.000000 
3680478.000000 3699972.000000 3734064.000000 
3697160.000000 3682404.000000 3748896.000000 
3695434.000000 3683242.000000 3742614.000000 

3696106.000000 3664866.000000 3756720.000000 
3716888.000000 3667876.000000 3695166.000000 
3695708.000000 3702964.000000 3728132.000000 
3720808.000000 3690004.000000 3675214.000000 
3698686.000000 3671764.000000 3715102.000000 
3702880.000000 3685754.000000 3686692.000000 
3699232.000000 3693514.000000 3684596.000000 
3713518.000000 3701422.000000 3673968.000000 
3710658.000000 3672044.000000 3698998.000000 
3708112.000000 3689986.000000 3680342.000000 
3702598.000000 3690434.000000 3680186.000000 
3723780.000000 3661752.000000 3710936.000000 
3700716.000000 3659966.000000 3773540.000000 
3705836.000000 3657214.000000 3754480.000000 
3702186.000000 3659522.000000 3733340.000000 
3724148.000000 3700536.000000 3673332.000000 
3693794.000000 3677330.000000 3740566.000000 
3700982.000000 3662082.000000 3699118.000000 
3699692.000000 3671480.000000 3710832.000000 

3643894.000000 3698718.000000 3674948.000000 
3658538.000000 3682458.000000 3686326.000000 
3635386.000000 3687230.000000 3684256.000000 
3643042.000000 3675464.000000 3701100.000000 
3639012.000000 3680656.000000 3693406.000000 

