3720114.000000 3709316.000000 3693002.000000 
3699784.000000 3705488.000000 3719172.000000 
3718306.000000 3732778.000000 3685270.000000 
3700848.000000 3689974.000000 3719920.000000 
3706610.000000 3696248.000000 3710378.000000 
3733032.000000 3709882.000000 3690392.000000 
3707638.000000 3711912.000000 3697278.000000 
3705830.000000 3718810.000000 3701630.000000 
3709366.000000 3688098.000000 3705330.000000 

3666462.000000 3728956.000000 3714612.000000 
3689630.000000 3699854.000000 3695714.000000 
3689910.000000 3693718.000000 3747908.000000 
3712598.000000 3690980.000000 3756294.000000 
3679140.000000 3713264.000000 3688288.000000 
3666646.000000 3711820.000000 3688524.000000 
3674556.000000 3700224.000000 3717976.000000 
3688366.000000 3694280.000000 3748088.000000 
3689846.000000 3693886.000000 3745392.000000 
3693414.000000 3695522.000000 3715126.000000 
3697868.000000 3692856.000000 3715542.000000 
3680336.000000 3703082.000000 3709860.000000 

3734118.000000 3719714.000000 3659298.000000 
3638846.000000 3679408.000000 3727356.000000 
3637784.000000 3687186.000000 3726484.000000 
3655318.000000 3665122.000000 3683138.000000 
3677190.000000 3664078.000000 3689032.000000 
3730706.000000 3685596.000000 3659882.000000 
3698874.000000 3636282.000000 3714722.000000 
3639672.000000 3651280.000000 3716014.000000 
3651544.000000 3667122.000000 3697842.000000 
3714236.000000 3724034.000000 3647376.000000 
3709102.000000 3747186.000000 3639848.000000 
3667828.000000 3654630.000000 3695410.000000 
3677240.000000 3645094.000000 3709192.000000 
3704494.000000 3655656.000000 3675808.000000 
3731322.000000 3684768.000000 3664174.000000 
3678930.000000 3673840.000000 3674424.000000 
3738748.000000 3715884.000000 3648092.000000 
3695238.000000 3643786.000000 3735026.000000 
3710570.000000 3686478.000000 3663036.000000 
3701388.000000 3645778.000000 3682552.000000 
3709142.000000 3651342.000000 3671772.000000 
3714978.000000 3661662.000000 3666146.000000 
3720104.000000 3733852.000000 3635758.000000 
3709432.000000 3720640.000000 3660054.000000 
3653458.000000 3675598.000000 3667268.000000 
3703584.000000 3637804.000000 3710942.000000 
3706160.000000 3725134.000000 3665874.000000 

3675838.000000 3722180.000000 3699996.000000 
3721924.000000 3732760.000000 3693602.000000 
3703462.000000 3739956.000000 3698862.000000 
3718554.000000 3715982.000000 3718198.000000 
3714912.000000 3734806.000000 3698034.000000 
3675020.000000 3739802.000000 3706870.000000 
3694090.000000 3718052.000000 3723720.000000 
3699696.000000 3719872.000000 3708626.000000 
3701550.000000 3712660.000000 3724468.000000 
3676408.000000 3718106.000000 3720632.000000 
3672710.000000 3723418.000000 3712480.000000 
3718612.000000 3735876.000000 3686048.000000 
3725888.000000 3745830.000000 3681584.000000 
3708304.000000 3712192.000000 3725100.000000 

3661268.000000 3660798.000000 3699510.000000 
3654848.000000 3655746.000000 3708928.000000 
3665364.000000 3665248.000000 3698246.000000 
3658914.000000 3659626.000000 3705534.000000 

3682578.000000 3660948.000000 3697598.000000 
3685164.000000 3683040.000000 3695470.000000 
3715642.000000 3620868.000000 3751860.000000 
3696136.000000 3618504.000000 3762998.000000 
3666318.000000 3641662.000000 3697672.000000 
3653814.000000 3636232.000000 3699154.000000 
3653312.000000 3653308.000000 3731742.000000 
3676690.000000 3627598.000000 3714544.000000 
3670878.000000 3632056.000000 3702646.000000 
3695926.000000 3625594.000000 3725184.000000 
3711156.000000 3715660.000000 3693202.000000 
3652216.000000 3668470.000000 3718520.000000 

3652888.000000 3718842.000000 3698988.000000 
3636920.000000 3670632.000000 3724418.000000 
3657448.000000 3664168.000000 3722478.000000 
3653076.000000 3659600.000000 3737680.000000 
3676896.000000 3660234.000000 3735056.000000 
3680876.000000 3653534.000000 3738322.000000 
3659786.000000 3654446.000000 3744610.000000 
3644978.000000 3666422.000000 3722730.000000 
3646616.000000 3666586.000000 3709740.000000 
3674766.000000 3694216.000000 3673508.000000 
3653224.000000 3679216.000000 3698438.000000 
3657976.000000 3666390.000000 3715308.000000 
3690642.000000 3617312.000000 3744726.000000 
3693180.000000 3622458.000000 3726636.000000 
3689448.000000 3633328.000000 3750260.000000 
3649758.000000 3721098.000000 3693250.000000 
3663950.000000 3706754.000000 3658908.000000 
3665048.000000 3705616.000000 3648646.000000 
3678506.000000 3707484.000000 3640008.000000 
3693820.000000 3700146.000000 3655254.000000 
3689372.000000 3701234.000000 3649518.000000 
3691996.000000 3700648.000000 3652308.000000 
3677514.000000 3702660.000000 3652310.000000 
3689744.000000 3684470.000000 3677218.000000 
3655700.000000 3703438.000000 3689514.000000 
3675268.000000 3668458.000000 3702502.000000 
3682030.000000 3674310.000000 3685734.000000 
3698846.000000 3679076.000000 3669222.000000 
3649646.000000 3702196.000000 3708626.000000 
3661818.000000 3720232.000000 3675576.000000 
3654900.000000 3724556.000000 3675172.000000 
3695432.000000 3671826.000000 3681988.000000 
3699236.000000 3668662.000000 3689660.000000 
3718742.000000 3665898.000000 3687156.000000 
3726222.000000 3658852.000000 3723622.000000 

3707526.000000 3688986.000000 3718548.000000 
3690148.000000 3710312.000000 3719576.000000 
3678964.000000 3661450.000000 3764438.000000 
3673694.000000 3654644.000000 3767382.000000 
3689662.000000 3655514.000000 3752810.000000 
3742516.000000 3766600.000000 3673124.000000 
3700136.000000 3658442.000000 3742308.000000 
3670958.000000 3662392.000000 3748530.000000 
3687958.000000 3661930.000000 3740774.000000 
3706018.000000 3660424.000000 3738066.000000 
3659238.000000 3687264.000000 3731936.000000 
3658264.000000 3693642.000000 3730962.000000 
3710666.000000 3690600.000000 3690920.000000 
3711866.000000 3681762.000000 3691244.000000 
3707978.000000 3699422.000000 3714642.000000 
3692950.000000 3661390.000000 3746118.000000 
3672876.000000 3683432.000000 3721382.000000 
3679850.000000 3657188.000000 3763828.000000 
3677582.000000 3665818.000000 3733750.000000 
3662564.000000 3666854.000000 3726850.000000 
3656864.000000 3664140.000000 3744362.000000 
3732258.000000 3713828.000000 3676104.000000 
3709188.000000 3711310.000000 3678870.000000 
3706212.000000 3709662.000000 3689296.000000 
3702014.000000 3699656.000000 3720626.000000 

3701410.000000 3670222.000000 3708508.000000 
3671356.000000 3682014.000000 3721142.000000 
3698906.000000 3677244.000000 3706350.000000 
3667902.000000 3703518.000000 3658810.000000 
3680452.000000 3697582.000000 3656796.000000 
3706712.000000 3654364.000000 3730176.000000 
3669740.000000 3634780.000000 3755840.000000 
3696802.000000 3715444.000000 3654742.000000 
3673580.000000 3671180.000000 3752312.000000 
3718210.000000 3661508.000000 3707512.000000 
3702938.000000 3670900.000000 3707248.000000 
3692482.000000 3681932.000000 3718122.000000 
3751398.000000 3742348.000000 3651700.000000 
3678060.000000 3713054.000000 3656336.000000 
3648894.000000 3682542.000000 3684186.000000 
3642028.000000 3685016.000000 3663902.000000 
3676794.000000 3636422.000000 3749300.000000 
3679422.000000 3635752.000000 3732068.000000 
3675454.000000 3641584.000000 3740262.000000 

3724044.000000 3757822.000000 3656520.000000 
3708428.000000 3737822.000000 3663292.000000 
3713838.000000 3726650.000000 3673566.000000 
3705566.000000 3701244.000000 3690084.000000 
3726092.000000 3720646.000000 3676120.000000 
3671334.000000 3734312.000000 3680786.000000 
3670556.000000 3725582.000000 3689292.000000 
3662412.000000 3720240.000000 3699410.000000 
3663086.000000 3713090.000000 3693438.000000 
3681306.000000 3706872.000000 3686312.000000 
3720750.000000 3725864.000000 3673600.000000 
3715142.000000 3711300.000000 3676586.000000 
3708170.000000 3681750.000000 3706140.000000 
3720732.000000 3679868.000000 3708586.000000 
3719564.000000 3770874.000000 3656768.000000 
3698752.000000 3763298.000000 3660742.000000 
3707340.000000 3737126.000000 3675932.000000 
3683754.000000 3691258.000000 3692632.000000 
3695974.000000 3690192.000000 3697878.000000 
3707704.000000 3760772.000000 3665506.000000 

3668542.000000 3706296.000000 3698362.000000 
3690186.000000 3734400.000000 3641398.000000 
3655468.000000 3712942.000000 3705370.000000 
3663492.000000 3721126.000000 3665988.000000 
3660320.000000 3710500.000000 3700822.000000 
3694438.000000 3692110.000000 3660872.000000 
3697312.000000 3691360.000000 3653816.000000 
3695080.000000 3682692.000000 3654942.000000 
3703626.000000 3676588.000000 3667878.000000 
3670956.000000 3702924.000000 3682120.000000 
3666388.000000 3707232.000000 3686832.000000 
3712644.000000 3734146.000000 3647708.000000 
3684214.000000 3710768.000000 3679686.000000 
3675100.000000 3701264.000000 3679874.000000 
3644158.000000 3719380.000000 3678778.000000 
3671526.000000 3724872.000000 3661960.000000 
3666608.000000 3726226.000000 3657552.000000 
3673544.000000 3718552.000000 3681088.000000 
3682110.000000 3743264.000000 3647444.000000 
3681312.000000 3726550.000000 3649734.000000 
3694376.000000 3689928.000000 3672556.000000 
3685682.000000 3694246.000000 3661688.000000 
3671742.000000 3701208.000000 3682266.000000 
3672206.000000 3733172.000000 3651328.000000 
3673740.000000 3717408.000000 3672266.000000 
3655254.000000 3739352.000000 3668822.000000 
3687440.000000 3698150.000000 3653466.000000 
3698866.000000 3694466.000000 3650828.000000 
3684478.000000 3701916.000000 3650750.000000 

3714546.000000 3691770.000000 3732924.000000 
3713666.000000 3699682.000000 3757642.000000 
3717314.000000 3675160.000000 3745370.000000 

3644856.000000 3718040.000000 3691092.000000 
3636050.000000 3691102.000000 3700988.000000 
3676006.000000 3718502.000000 3644358.000000 
3680846.000000 3708190.000000 3651728.000000 
3680468.000000 3714602.000000 3664014.000000 
3707078.000000 3782700.000000 3637182.000000 
3719128.000000 3780326.000000 3628854.000000 
3723650.000000 3797882.000000 3625932.000000 
3729738.000000 3801936.000000 3621882.000000 
3701676.000000 3802018.000000 3614984.000000 
3718330.000000 3703998.000000 3657126.000000 
3716024.000000 3704378.000000 3657326.000000 
3665384.000000 3737120.000000 3661900.000000 
3657744.000000 3724732.000000 3671482.000000 
3680818.000000 3716250.000000 3639306.000000 
3689546.000000 3648070.000000 3713410.000000 
3684650.000000 3648912.000000 3721192.000000 
3682946.000000 3659058.000000 3720802.000000 
3667124.000000 3663048.000000 3707716.000000 
3697008.000000 3653296.000000 3688116.000000 
3702320.000000 3665244.000000 3661412.000000 
3702708.000000 3664338.000000 3678668.000000 
3685876.000000 3664110.000000 3684436.000000 
3664582.000000 3666516.000000 3669478.000000 
3634910.000000 3714668.000000 3754188.000000 
3640036.000000 3748462.000000 3691540.000000 

3657772.000000 3721288.000000 3739300.000000 
3698286.000000 3687730.000000 3732336.000000 
3687602.000000 3720858.000000 3716372.000000 
3678578.000000 3733200.000000 3709922.000000 
3671264.000000 3716526.000000 3736936.000000 
3678450.000000 3717824.000000 3725756.000000 
3659486.000000 3719082.000000 3722264.000000 
3658958.000000 3710620.000000 3738690.000000 
3673124.000000 3724244.000000 3715726.000000 
3700506.000000 3689460.000000 3731482.000000 
3661936.000000 3721686.000000 3720308.000000 
3688466.000000 3690570.000000 3724344.000000 
3660034.000000 3708628.000000 3752720.000000 
3670618.000000 3708404.000000 3754824.000000 
3691096.000000 3689522.000000 3725972.000000 
3659996.000000 3717720.000000 3733852.000000 
3679178.000000 3730702.000000 3714778.000000 
3672344.000000 3721286.000000 3718666.000000 
3664846.000000 3708588.000000 3746934.000000 
3675440.000000 3717410.000000 3730004.000000 

3703882.000000 3704286.000000 3709670.000000 
3699568.000000 3721370.000000 3683996.000000 
3683916.000000 3706220.000000 3698618.000000 
3683978.000000 3706708.000000 3687260.000000 
3724962.000000 3703998.000000 3708486.000000 

3644736.000000 3727204.000000 3569410.000000 
3642770.000000 3720192.000000 3602102.000000 
3633438.000000 3731982.000000 3601414.000000 
3593750.000000 3694816.000000 3602900.000000 
3610486.000000 3627378.000000 3717528.000000 
3617280.000000 3626804.000000 3746238.000000 
3625614.000000 3623294.000000 3724380.000000 
3606108.000000 3684234.000000 3620460.000000 
3596376.000000 3686980.000000 3602940.000000 
3584082.000000 3689546.000000 3628338.000000 
3566564.000000 3648222.000000 3647280.000000 
3565336.000000 3635556.000000 3647774.000000 
3646300.000000 3631854.000000 3708942.000000 
3594526.000000 3681376.000000 3628586.000000 
3612450.000000 3635354.000000 3687176.000000 

3700800.000000 3699334.000000 3697540.000000 
3704922.000000 3696272.000000 3713130.000000 
3690600.000000 3719072.000000 3679594.000000 
3689978.000000 3711130.000000 3688136.000000 
3689468.000000 3709726.000000 3689922.000000 
3693196.000000 3707484.000000 3699964.000000 
3703792.000000 3697712.000000 3710260.000000 
3699860.000000 3707076.000000 3699546.000000 

3673680.000000 3649376.000000 3680344.000000 
3688212.000000 3700266.000000 3673278.000000 
3680538.000000 3692594.000000 3677004.000000 
3663338.000000 3687712.000000 3679308.000000 
3681748.000000 3702804.000000 3676364.000000 
3672010.000000 3709416.000000 3677630.000000 
3666206.000000 3669678.000000 3698078.000000 
3670494.000000 3714822.000000 3673634.000000 
3684282.000000 3730546.000000 3672876.000000 
3686652.000000 3710838.000000 3673502.000000 
3705858.000000 3716266.000000 3670808.000000 
3716182.000000 3727630.000000 3669774.000000 

3682666.000000 3683044.000000 3670032.000000 
3666090.000000 3698176.000000 3665310.000000 
3664420.000000 3688140.000000 3673050.000000 
3663122.000000 3703904.000000 3686680.000000 
3681860.000000 3673008.000000 3677772.000000 
3653388.000000 3716990.000000 3657362.000000 

3659248.000000 3645380.000000 3692906.000000 
3654986.000000 3647002.000000 3673718.000000 

3686746.000000 3742632.000000 3675830.000000 
3693278.000000 3726686.000000 3686788.000000 
3673022.000000 3723224.000000 3705746.000000 
3683418.000000 3730158.000000 3678160.000000 
3693756.000000 3733754.000000 3665846.000000 
3697378.000000 3699850.000000 3654702.000000 
3681288.000000 3724308.000000 3694358.000000 
3675798.000000 3717848.000000 3703810.000000 
3667300.000000 3719490.000000 3711892.000000 
3693506.000000 3724776.000000 3691578.000000 
3701108.000000 3707144.000000 3649550.000000 
3676620.000000 3753668.000000 3687800.000000 

3701934.000000 3671092.000000 3752612.000000 
3730088.000000 3746262.000000 3701710.000000 
3706010.000000 3683520.000000 3714380.000000 
3718580.000000 3676440.000000 3726122.000000 
3705476.000000 3661758.000000 3733906.000000 
3691464.000000 3688924.000000 3721536.000000 
3692962.000000 3686150.000000 3708360.000000 
3740978.000000 3696094.000000 3700548.000000 
3691432.000000 3698380.000000 3718872.000000 
3739118.000000 3721348.000000 3689710.000000 
3706450.000000 3710474.000000 3704042.000000 
3700686.000000 3708962.000000 3707020.000000 
3736942.000000 3743440.000000 3703782.000000 

3636618.000000 3639966.000000 3629116.000000 
3577068.000000 3631028.000000 3637696.000000 
3593884.000000 3603660.000000 3666138.000000 
3615528.000000 3618766.000000 3657958.000000 
3615972.000000 3597806.000000 3670170.000000 
3626878.000000 3617902.000000 3662370.000000 
3632828.000000 3628344.000000 3655144.000000 
3599684.000000 3678654.000000 3631394.000000 
3567448.000000 3672212.000000 3636332.000000 
3571002.000000 3665180.000000 3644000.000000 
3643858.000000 3694530.000000 3605836.000000 
3653932.000000 3681940.000000 3601054.000000 
3638402.000000 3648754.000000 3606388.000000 
3657730.000000 3659150.000000 3605964.000000 
3670906.000000 3659310.000000 3605452.000000 
3624454.000000 3643794.000000 3624794.000000 
3627230.000000 3657140.000000 3619210.000000 
3623504.000000 3664826.000000 3616034.000000 

3650060.000000 3704034.000000 3625464.000000 
3637198.000000 3676876.000000 3638832.000000 
3688870.000000 3640774.000000 3766956.000000 
3689580.000000 3618422.000000 3700128.000000 
3622882.000000 3667828.000000 3651146.000000 
3615328.000000 3679712.000000 3645048.000000 
3610298.000000 3682388.000000 3635726.000000 
3625168.000000 3661898.000000 3644660.000000 
3643962.000000 3646218.000000 3690782.000000 
3648302.000000 3644676.000000 3679156.000000 
3625778.000000 3651786.000000 3647352.000000 

3729902.000000 3694458.000000 3687100.000000 
3725658.000000 3695418.000000 3686500.000000 
3714926.000000 3710460.000000 3688080.000000 
3720878.000000 3683438.000000 3694148.000000 
3728482.000000 3677930.000000 3706554.000000 
3737704.000000 3675038.000000 3712694.000000 
3683240.000000 3720042.000000 3716788.000000 
3729092.000000 3680366.000000 3699640.000000 
3704110.000000 3709428.000000 3688922.000000 
3690932.000000 3708638.000000 3691426.000000 
3700844.000000 3716860.000000 3689444.000000 
3699236.000000 3699968.000000 3697506.000000 
3685312.000000 3705420.000000 3705426.000000 
3735084.000000 3683102.000000 3682574.000000 
3740566.000000 3689176.000000 3674688.000000 
3722268.000000 3716594.000000 3684668.000000 
3710776.000000 3702336.000000 3688758.000000 
3720444.000000 3684442.000000 3714592.000000 
3712820.000000 3692276.000000 3689142.000000 
3700970.000000 3684704.000000 3691094.000000 
3698596.000000 3699368.000000 3713826.000000 
3693578.000000 3703412.000000 3712082.000000 

3625106.000000 3670992.000000 3672146.000000 
3624702.000000 3675640.000000 3673664.000000 
3625248.000000 3696266.000000 3669066.000000 
3628000.000000 3683186.000000 3658256.000000 
3679918.000000 3683110.000000 3640406.000000 
3680216.000000 3689128.000000 3637868.000000 
3631200.000000 3661652.000000 3688616.000000 
3627552.000000 3664830.000000 3691178.000000 
3643988.000000 3649824.000000 3683182.000000 
3655686.000000 3651524.000000 3668826.000000 
3694722.000000 3671234.000000 3663566.000000 
3680258.000000 3706080.000000 3636522.000000 
3659804.000000 3642562.000000 3674908.000000 
3686020.000000 3673892.000000 3662400.000000 
3721532.000000 3669924.000000 3667402.000000 
3706842.000000 3696780.000000 3629906.000000 
3716458.000000 3701064.000000 3618552.000000 
3685248.000000 3684582.000000 3630138.000000 
3682244.000000 3696144.000000 3634366.000000 
3620998.000000 3648974.000000 3696114.000000 
3610122.000000 3630198.000000 3700244.000000 
3621748.000000 3635482.000000 3696778.000000 
3682810.000000 3717424.000000 3624598.000000 
3713870.000000 3742664.000000 3611368.000000 
3695300.000000 3714528.000000 3622414.000000 
3679078.000000 3718090.000000 3615550.000000 
3702342.000000 3709606.000000 3629036.000000 
3655242.000000 3663170.000000 3680838.000000 
3609562.000000 3676022.000000 3686270.000000 
3616844.000000 3703602.000000 3674540.000000 
3623362.000000 3701868.000000 3662848.000000 
3630452.000000 3702366.000000 3654624.000000 
3644480.000000 3718548.000000 3646604.000000 
3677734.000000 3736324.000000 3639818.000000 
3688174.000000 3675696.000000 3659806.000000 
3641162.000000 3695318.000000 3647648.000000 

3733346.000000 3710440.000000 3727706.000000 
3733172.000000 3706284.000000 3749636.000000 

3685698.000000 3685300.000000 3749256.000000 
3692524.000000 3697712.000000 3739102.000000 
3719124.000000 3748728.000000 3713694.000000 
3694430.000000 3705200.000000 3714526.000000 
3705860.000000 3701802.000000 3727658.000000 
3709436.000000 3693244.000000 3736384.000000 
3718618.000000 3688388.000000 3739302.000000 
3710704.000000 3688646.000000 3731042.000000 
3680478.000000 3699972.000000 3734064.000000 
3761552.000000 3678532.000000 3832610.000000 
3695434.000000 3683242.000000 3742614.000000 
3697160.000000 3682404.000000 3748896.000000 
3701066.000000 3680438.000000 3772644.000000 
3717212.000000 3678814.000000 3790474.000000 
3653628.000000 3706812.000000 3716080.000000 
3651722.000000 3703928.000000 3722048.000000 
3652446.000000 3705970.000000 3717644.000000 
3671030.000000 3693386.000000 3747296.000000 
3689246.000000 3735388.000000 3715894.000000 
3766672.000000 3678244.000000 3859160.000000 

3700982.000000 3662082.000000 3699118.000000 
3699692.000000 3671480.000000 3710832.000000 
3710942.000000 3718646.000000 3696644.000000 
3715272.000000 3717632.000000 3683282.000000 
3726382.000000 3716754.000000 3695548.000000 

3652006.000000 3700958.000000 3677596.000000 
3635386.000000 3687230.000000 3684256.000000 
3658538.000000 3682458.000000 3686326.000000 
3666344.000000 3712240.000000 3677490.000000 
3643042.000000 3675464.000000 3701100.000000 
3639012.000000 3680656.000000 3693406.000000 

