3724092.000000 3714966.000000 3696482.000000 
3699784.000000 3705488.000000 3719172.000000 
3700848.000000 3689974.000000 3719920.000000 
3706610.000000 3696248.000000 3710378.000000 
3733032.000000 3709882.000000 3690392.000000 
3707638.000000 3711912.000000 3697278.000000 
3705830.000000 3718810.000000 3701630.000000 
3709366.000000 3688098.000000 3705330.000000 

3689910.000000 3693718.000000 3747908.000000 
3712598.000000 3690980.000000 3756294.000000 
3697868.000000 3692856.000000 3715542.000000 
3693414.000000 3695522.000000 3715126.000000 
3689630.000000 3699854.000000 3695714.000000 
3689846.000000 3693886.000000 3745392.000000 
3688366.000000 3694280.000000 3748088.000000 
3666646.000000 3711820.000000 3688524.000000 
3680336.000000 3703082.000000 3709860.000000 

3702226.000000 3636474.000000 3745908.000000 
3653458.000000 3675598.000000 3667268.000000 
3655318.000000 3665122.000000 3683138.000000 
3667828.000000 3654630.000000 3695410.000000 
3688772.000000 3668194.000000 3680954.000000 
3700184.000000 3641120.000000 3728626.000000 
3664166.000000 3660100.000000 3717020.000000 
3677240.000000 3645094.000000 3709192.000000 
3694722.000000 3644388.000000 3730884.000000 
3705988.000000 3654154.000000 3708084.000000 
3678930.000000 3673840.000000 3674424.000000 
3721384.000000 3741292.000000 3655426.000000 
3717038.000000 3670876.000000 3678058.000000 
3738748.000000 3715884.000000 3648092.000000 
3698640.000000 3730448.000000 3666990.000000 
3706160.000000 3725134.000000 3665874.000000 
3703352.000000 3640358.000000 3717654.000000 
3726808.000000 3694302.000000 3665806.000000 

3712416.000000 3717616.000000 3736748.000000 
3676408.000000 3718106.000000 3720632.000000 
3675838.000000 3722180.000000 3699996.000000 
3721924.000000 3732760.000000 3693602.000000 
3718612.000000 3735876.000000 3686048.000000 
3675020.000000 3739802.000000 3706870.000000 
3714912.000000 3734806.000000 3698034.000000 
3694090.000000 3718052.000000 3723720.000000 
3672710.000000 3723418.000000 3712480.000000 
3699696.000000 3719872.000000 3708626.000000 
3717806.000000 3717520.000000 3741906.000000 

3654848.000000 3655746.000000 3708928.000000 
3665364.000000 3665248.000000 3698246.000000 
3658914.000000 3659626.000000 3705534.000000 

3652216.000000 3668470.000000 3718520.000000 
3685164.000000 3683040.000000 3695470.000000 
3682578.000000 3660948.000000 3697598.000000 
3666318.000000 3641662.000000 3697672.000000 
3676690.000000 3627598.000000 3714544.000000 
3664906.000000 3686546.000000 3706246.000000 
3670330.000000 3638986.000000 3743448.000000 
3670878.000000 3632056.000000 3702646.000000 
3670528.000000 3640678.000000 3705284.000000 
3664084.000000 3664674.000000 3716924.000000 
3659794.000000 3672902.000000 3708270.000000 
3666112.000000 3667058.000000 3711276.000000 
3663688.000000 3657260.000000 3727624.000000 

3657086.000000 3725616.000000 3680420.000000 
3660976.000000 3718238.000000 3689686.000000 
3651120.000000 3695230.000000 3703246.000000 
3676900.000000 3677062.000000 3698426.000000 
3670220.000000 3697870.000000 3697076.000000 
3667444.000000 3698058.000000 3691504.000000 
3669004.000000 3690906.000000 3701504.000000 
3665012.000000 3696118.000000 3700024.000000 
3687866.000000 3662152.000000 3768798.000000 
3675870.000000 3663716.000000 3743018.000000 
3667972.000000 3703594.000000 3663492.000000 
3667004.000000 3751204.000000 3658648.000000 
3666722.000000 3747288.000000 3667360.000000 
3659566.000000 3765278.000000 3655934.000000 
3688296.000000 3692630.000000 3649016.000000 
3687422.000000 3695208.000000 3668006.000000 
3688498.000000 3695780.000000 3647794.000000 
3697910.000000 3691640.000000 3665122.000000 
3692086.000000 3681618.000000 3678772.000000 
3672174.000000 3682364.000000 3668330.000000 
3724900.000000 3664188.000000 3704984.000000 
3668526.000000 3693126.000000 3728018.000000 
3659950.000000 3710538.000000 3691478.000000 
3675268.000000 3668458.000000 3702502.000000 
3682030.000000 3674310.000000 3685734.000000 
3698846.000000 3679076.000000 3669222.000000 
3675566.000000 3667486.000000 3711692.000000 
3687514.000000 3664206.000000 3685504.000000 

3680616.000000 3715790.000000 3713966.000000 
3677582.000000 3665818.000000 3733750.000000 
3662564.000000 3666854.000000 3726850.000000 
3677472.000000 3663324.000000 3758776.000000 
3711866.000000 3681762.000000 3691244.000000 
3710666.000000 3690600.000000 3690920.000000 
3702464.000000 3705882.000000 3704230.000000 
3706212.000000 3709662.000000 3689296.000000 
3707978.000000 3699422.000000 3714642.000000 
3702014.000000 3699656.000000 3720626.000000 

3702806.000000 3677076.000000 3702140.000000 
3679018.000000 3652798.000000 3714246.000000 
3678698.000000 3681888.000000 3691872.000000 
3648894.000000 3682542.000000 3684186.000000 
3642028.000000 3685016.000000 3663902.000000 
3669530.000000 3680826.000000 3704394.000000 
3705588.000000 3678798.000000 3684506.000000 
3706990.000000 3677060.000000 3707508.000000 
3698906.000000 3677244.000000 3706350.000000 

3729658.000000 3707826.000000 3684968.000000 
3708170.000000 3681750.000000 3706140.000000 
3681306.000000 3706872.000000 3686312.000000 
3675518.000000 3718184.000000 3675352.000000 
3675902.000000 3711702.000000 3678654.000000 
3742264.000000 3741860.000000 3672960.000000 
3714660.000000 3742504.000000 3669920.000000 
3683754.000000 3691258.000000 3692632.000000 
3695974.000000 3690192.000000 3697878.000000 
3707704.000000 3760772.000000 3665506.000000 

3668542.000000 3706296.000000 3698362.000000 
3670956.000000 3702924.000000 3682120.000000 
3666388.000000 3707232.000000 3686832.000000 
3660320.000000 3710500.000000 3700822.000000 
3644158.000000 3719380.000000 3678778.000000 
3688368.000000 3733324.000000 3649808.000000 
3663492.000000 3721126.000000 3665988.000000 
3655468.000000 3712942.000000 3705370.000000 
3675100.000000 3701264.000000 3679874.000000 
3684214.000000 3710768.000000 3679686.000000 
3683596.000000 3745498.000000 3650566.000000 
3673544.000000 3718552.000000 3681088.000000 
3694376.000000 3689928.000000 3672556.000000 
3685682.000000 3694246.000000 3661688.000000 
3671742.000000 3701208.000000 3682266.000000 
3672206.000000 3733172.000000 3651328.000000 
3673740.000000 3717408.000000 3672266.000000 
3655254.000000 3739352.000000 3668822.000000 
3687440.000000 3698150.000000 3653466.000000 
3698866.000000 3694466.000000 3650828.000000 
3684478.000000 3701916.000000 3650750.000000 

3713666.000000 3699682.000000 3757642.000000 
3735490.000000 3713744.000000 3740796.000000 
3717314.000000 3675160.000000 3745370.000000 

3668054.000000 3701706.000000 3657306.000000 
3677850.000000 3698410.000000 3721256.000000 
3716862.000000 3686492.000000 3653622.000000 
3703042.000000 3681552.000000 3656772.000000 
3688288.000000 3689178.000000 3650832.000000 
3648522.000000 3711594.000000 3701536.000000 
3648152.000000 3715290.000000 3694094.000000 
3640300.000000 3697982.000000 3741070.000000 
3695600.000000 3738888.000000 3639308.000000 

3657772.000000 3721288.000000 3739300.000000 
3677898.000000 3690638.000000 3725882.000000 
3669330.000000 3716304.000000 3733676.000000 
3687602.000000 3720858.000000 3716372.000000 
3698734.000000 3681706.000000 3733300.000000 
3678578.000000 3733200.000000 3709922.000000 
3673124.000000 3724244.000000 3715726.000000 
3700506.000000 3689460.000000 3731482.000000 
3678450.000000 3717824.000000 3725756.000000 
3659486.000000 3719082.000000 3722264.000000 
3658958.000000 3710620.000000 3738690.000000 
3698286.000000 3687730.000000 3732336.000000 
3661936.000000 3721686.000000 3720308.000000 
3660034.000000 3708628.000000 3752720.000000 
3670618.000000 3708404.000000 3754824.000000 
3691096.000000 3689522.000000 3725972.000000 
3688466.000000 3690570.000000 3724344.000000 
3659996.000000 3717720.000000 3733852.000000 
3679178.000000 3730702.000000 3714778.000000 
3672344.000000 3721286.000000 3718666.000000 
3664846.000000 3708588.000000 3746934.000000 
3675440.000000 3717410.000000 3730004.000000 

3683916.000000 3706220.000000 3698618.000000 
3683978.000000 3706708.000000 3687260.000000 
3697042.000000 3703814.000000 3702516.000000 
3701660.000000 3705440.000000 3694704.000000 
3699568.000000 3721370.000000 3683996.000000 

3652132.000000 3626708.000000 3732856.000000 
3664980.000000 3625040.000000 3726936.000000 
3577970.000000 3640614.000000 3636022.000000 
3635768.000000 3707418.000000 3585354.000000 
3628186.000000 3698924.000000 3612578.000000 
3579900.000000 3672700.000000 3624538.000000 
3585894.000000 3667234.000000 3627184.000000 
3574512.000000 3656874.000000 3645584.000000 
3575996.000000 3659924.000000 3635128.000000 
3581988.000000 3637966.000000 3653668.000000 
3582240.000000 3655866.000000 3634494.000000 

3700800.000000 3699334.000000 3697540.000000 
3704922.000000 3696272.000000 3713130.000000 
3690600.000000 3719072.000000 3679594.000000 
3689468.000000 3709726.000000 3689922.000000 
3689978.000000 3711130.000000 3688136.000000 
3693196.000000 3707484.000000 3699964.000000 
3703792.000000 3697712.000000 3710260.000000 
3699860.000000 3707076.000000 3699546.000000 

3663338.000000 3687712.000000 3679308.000000 
3681748.000000 3702804.000000 3676364.000000 
3673680.000000 3649376.000000 3680344.000000 
3671644.000000 3668502.000000 3679834.000000 
3680538.000000 3692594.000000 3677004.000000 
3672010.000000 3709416.000000 3677630.000000 
3684282.000000 3730546.000000 3672876.000000 
3670494.000000 3714822.000000 3673634.000000 
3705858.000000 3716266.000000 3670808.000000 
3686652.000000 3710838.000000 3673502.000000 

3653388.000000 3716990.000000 3657362.000000 
3664420.000000 3688140.000000 3673050.000000 
3666090.000000 3698176.000000 3665310.000000 
3682666.000000 3683044.000000 3670032.000000 
3681860.000000 3673008.000000 3677772.000000 
3663122.000000 3703904.000000 3686680.000000 

3659248.000000 3645380.000000 3692906.000000 
3654986.000000 3647002.000000 3673718.000000 

3697378.000000 3699850.000000 3654702.000000 
3686746.000000 3742632.000000 3675830.000000 
3681288.000000 3724308.000000 3694358.000000 
3675798.000000 3717848.000000 3703810.000000 
3667300.000000 3719490.000000 3711892.000000 
3693506.000000 3724776.000000 3691578.000000 
3701108.000000 3707144.000000 3649550.000000 

3701934.000000 3671092.000000 3752612.000000 
3730088.000000 3746262.000000 3701710.000000 
3691464.000000 3688924.000000 3721536.000000 
3692962.000000 3686150.000000 3708360.000000 
3718580.000000 3676440.000000 3726122.000000 
3705476.000000 3661758.000000 3733906.000000 
3691432.000000 3698380.000000 3718872.000000 
3739118.000000 3721348.000000 3689710.000000 
3706450.000000 3710474.000000 3704042.000000 
3700686.000000 3708962.000000 3707020.000000 
3736942.000000 3743440.000000 3703782.000000 

3620664.000000 3620968.000000 3640352.000000 
3654270.000000 3706750.000000 3639828.000000 
3582214.000000 3656302.000000 3646062.000000 
3583000.000000 3625330.000000 3642594.000000 

3740110.000000 3642816.000000 3771408.000000 
3622412.000000 3657822.000000 3663772.000000 
3669170.000000 3689336.000000 3642718.000000 
3710178.000000 3651576.000000 3681212.000000 
3672728.000000 3699032.000000 3623512.000000 
3656588.000000 3695500.000000 3627210.000000 
3643962.000000 3646218.000000 3690782.000000 
3625778.000000 3651786.000000 3647352.000000 

3700844.000000 3716860.000000 3689444.000000 
3699236.000000 3699968.000000 3697506.000000 
3685312.000000 3705420.000000 3705426.000000 
3740566.000000 3689176.000000 3674688.000000 
3729902.000000 3694458.000000 3687100.000000 
3725658.000000 3695418.000000 3686500.000000 
3712820.000000 3692276.000000 3689142.000000 
3700970.000000 3684704.000000 3691094.000000 
3704110.000000 3709428.000000 3688922.000000 
3720444.000000 3684442.000000 3714592.000000 
3698596.000000 3699368.000000 3713826.000000 
3693578.000000 3703412.000000 3712082.000000 

3667300.000000 3610644.000000 3704156.000000 
3639806.000000 3611998.000000 3700970.000000 
3641986.000000 3623304.000000 3697142.000000 
3642156.000000 3626836.000000 3694708.000000 
3680198.000000 3643800.000000 3659932.000000 
3624428.000000 3668504.000000 3675166.000000 
3659986.000000 3652518.000000 3661620.000000 
3646280.000000 3653546.000000 3636376.000000 
3645114.000000 3654886.000000 3621464.000000 
3656608.000000 3673088.000000 3617590.000000 
3628118.000000 3656020.000000 3682022.000000 
3624794.000000 3660114.000000 3658088.000000 
3641162.000000 3659862.000000 3634920.000000 
3638220.000000 3653824.000000 3643720.000000 
3634018.000000 3631326.000000 3664872.000000 
3634986.000000 3713578.000000 3637498.000000 
3635412.000000 3714454.000000 3632418.000000 

3733346.000000 3710440.000000 3727706.000000 
3733172.000000 3706284.000000 3749636.000000 

3692296.000000 3694180.000000 3743672.000000 
3695434.000000 3683242.000000 3742614.000000 
3690126.000000 3681046.000000 3757830.000000 
3697160.000000 3682404.000000 3748896.000000 
3712658.000000 3689524.000000 3734606.000000 
3700604.000000 3695526.000000 3739064.000000 
3682856.000000 3707626.000000 3733128.000000 
3680478.000000 3699972.000000 3734064.000000 
3761552.000000 3678532.000000 3832610.000000 
3714412.000000 3719452.000000 3731404.000000 
3700136.000000 3720106.000000 3718640.000000 
3696704.000000 3724740.000000 3727166.000000 
3682008.000000 3731704.000000 3730148.000000 
3766672.000000 3678244.000000 3859160.000000 

3699692.000000 3671480.000000 3710832.000000 
3700982.000000 3662082.000000 3699118.000000 

3666344.000000 3712240.000000 3677490.000000 
3658538.000000 3682458.000000 3686326.000000 
3635386.000000 3687230.000000 3684256.000000 
3639012.000000 3680656.000000 3693406.000000 
3665728.000000 3680508.000000 3704554.000000 

