3718306.000000 3732778.000000 3685270.000000 
3720114.000000 3709316.000000 3693002.000000 
3699784.000000 3705488.000000 3719172.000000 
3700848.000000 3689974.000000 3719920.000000 
3706610.000000 3696248.000000 3710378.000000 
3733032.000000 3709882.000000 3690392.000000 
3707638.000000 3711912.000000 3697278.000000 
3705830.000000 3718810.000000 3701630.000000 
3709366.000000 3688098.000000 3705330.000000 

3666462.000000 3728956.000000 3714612.000000 
3674556.000000 3700224.000000 3717976.000000 
3712598.000000 3690980.000000 3756294.000000 
3679140.000000 3713264.000000 3688288.000000 
3683944.000000 3708608.000000 3697014.000000 
3666646.000000 3711820.000000 3688524.000000 
3689630.000000 3699854.000000 3695714.000000 
3697868.000000 3692856.000000 3715542.000000 
3689910.000000 3693718.000000 3747908.000000 
3693414.000000 3695522.000000 3715126.000000 
3688366.000000 3694280.000000 3748088.000000 
3689846.000000 3693886.000000 3745392.000000 
3680336.000000 3703082.000000 3709860.000000 

3638850.000000 3661644.000000 3711578.000000 
3718940.000000 3713108.000000 3652306.000000 
3688802.000000 3643250.000000 3730316.000000 
3659450.000000 3661332.000000 3683818.000000 
3688476.000000 3681320.000000 3655092.000000 
3672720.000000 3643058.000000 3769288.000000 
3648764.000000 3677340.000000 3678130.000000 
3714978.000000 3661662.000000 3666146.000000 
3672510.000000 3665774.000000 3666838.000000 
3668996.000000 3652716.000000 3672672.000000 
3676408.000000 3643864.000000 3719822.000000 
3720104.000000 3733852.000000 3635758.000000 
3662736.000000 3650862.000000 3725096.000000 
3672092.000000 3696122.000000 3656874.000000 
3736900.000000 3693718.000000 3651566.000000 
3685174.000000 3644582.000000 3683988.000000 
3669338.000000 3644574.000000 3728452.000000 
3691130.000000 3642706.000000 3704786.000000 
3665278.000000 3650072.000000 3742204.000000 
3684894.000000 3728850.000000 3655516.000000 
3709142.000000 3651342.000000 3671772.000000 
3719110.000000 3646266.000000 3678150.000000 
3644692.000000 3662252.000000 3693378.000000 
3651676.000000 3673566.000000 3675214.000000 
3640300.000000 3670912.000000 3680318.000000 
3653400.000000 3675870.000000 3668118.000000 
3653830.000000 3673898.000000 3674596.000000 
3652866.000000 3670580.000000 3679652.000000 
3634514.000000 3665532.000000 3682428.000000 
3727254.000000 3704740.000000 3640738.000000 
3677676.000000 3672392.000000 3661368.000000 
3723916.000000 3703390.000000 3652618.000000 
3694116.000000 3659020.000000 3671234.000000 
3714236.000000 3724034.000000 3647376.000000 
3675674.000000 3663534.000000 3671318.000000 
3752378.000000 3774208.000000 3635144.000000 
3698874.000000 3636282.000000 3714722.000000 
3650016.000000 3651134.000000 3713772.000000 
3676764.000000 3664052.000000 3662542.000000 
3671534.000000 3690496.000000 3661924.000000 
3676222.000000 3673596.000000 3666528.000000 
3671966.000000 3683936.000000 3664074.000000 
3701086.000000 3638882.000000 3686070.000000 
3703584.000000 3637804.000000 3710942.000000 
3670218.000000 3649834.000000 3710310.000000 
3701388.000000 3645778.000000 3682552.000000 
3669026.000000 3691886.000000 3666368.000000 
3664210.000000 3660964.000000 3700660.000000 
3656452.000000 3668446.000000 3667104.000000 
3698756.000000 3730972.000000 3639506.000000 
3639672.000000 3651280.000000 3716014.000000 
3653458.000000 3675598.000000 3667268.000000 
3719956.000000 3662792.000000 3655328.000000 
3697296.000000 3733332.000000 3653944.000000 
3655318.000000 3665122.000000 3683138.000000 
3677240.000000 3645094.000000 3709192.000000 
3667828.000000 3654630.000000 3695410.000000 

3721924.000000 3732760.000000 3693602.000000 
3703462.000000 3739956.000000 3698862.000000 
3676408.000000 3718106.000000 3720632.000000 
3675020.000000 3739802.000000 3706870.000000 
3675838.000000 3722180.000000 3699996.000000 
3718554.000000 3715982.000000 3718198.000000 
3701550.000000 3712660.000000 3724468.000000 
3699696.000000 3719872.000000 3708626.000000 
3714912.000000 3734806.000000 3698034.000000 
3694090.000000 3718052.000000 3723720.000000 
3672710.000000 3723418.000000 3712480.000000 
3718612.000000 3735876.000000 3686048.000000 
3725888.000000 3745830.000000 3681584.000000 
3708304.000000 3712192.000000 3725100.000000 

3661268.000000 3660798.000000 3699510.000000 
3654848.000000 3655746.000000 3708928.000000 
3665364.000000 3665248.000000 3698246.000000 
3658914.000000 3659626.000000 3705534.000000 

3715642.000000 3620868.000000 3751860.000000 
3653312.000000 3653308.000000 3731742.000000 
3695926.000000 3625594.000000 3725184.000000 
3685970.000000 3620962.000000 3775588.000000 
3696136.000000 3618504.000000 3762998.000000 
3652446.000000 3655962.000000 3709242.000000 
3685164.000000 3683040.000000 3695470.000000 
3653814.000000 3636232.000000 3699154.000000 
3667552.000000 3688882.000000 3695934.000000 
3682578.000000 3660948.000000 3697598.000000 
3676690.000000 3627598.000000 3714544.000000 
3670878.000000 3632056.000000 3702646.000000 
3666318.000000 3641662.000000 3697672.000000 
3711156.000000 3715660.000000 3693202.000000 
3652216.000000 3668470.000000 3718520.000000 

3653114.000000 3662514.000000 3692000.000000 
3634808.000000 3728936.000000 3667580.000000 
3641682.000000 3669606.000000 3679948.000000 
3642586.000000 3681752.000000 3667120.000000 
3640214.000000 3672434.000000 3676830.000000 
3617338.000000 3691602.000000 3692850.000000 
3633060.000000 3702212.000000 3674780.000000 
3641162.000000 3672140.000000 3671730.000000 
3678506.000000 3707484.000000 3640008.000000 
3678390.000000 3656566.000000 3654006.000000 
3643038.000000 3696560.000000 3656298.000000 
3689596.000000 3632004.000000 3736210.000000 
3624866.000000 3698108.000000 3689270.000000 
3660752.000000 3721524.000000 3646622.000000 
3682180.000000 3623532.000000 3747936.000000 
3669228.000000 3609946.000000 3751596.000000 
3664380.000000 3704268.000000 3651778.000000 
3663718.000000 3694184.000000 3652128.000000 
3651370.000000 3654488.000000 3696816.000000 
3631536.000000 3657252.000000 3693562.000000 
3695630.000000 3698164.000000 3637934.000000 
3626770.000000 3673698.000000 3677852.000000 
3657820.000000 3650090.000000 3696076.000000 
3639272.000000 3672966.000000 3669358.000000 
3665680.000000 3702042.000000 3645442.000000 
3675630.000000 3671020.000000 3645992.000000 
3637982.000000 3729282.000000 3664214.000000 
3668024.000000 3675978.000000 3646228.000000 
3695602.000000 3720794.000000 3638506.000000 
3639980.000000 3702808.000000 3654018.000000 
3688112.000000 3657220.000000 3641362.000000 
3644946.000000 3718658.000000 3652374.000000 
3679026.000000 3690162.000000 3643370.000000 
3666806.000000 3693060.000000 3653982.000000 
3658794.000000 3679838.000000 3658920.000000 
3654328.000000 3660536.000000 3668758.000000 
3649186.000000 3686796.000000 3657204.000000 
3657120.000000 3684354.000000 3656184.000000 
3673538.000000 3658476.000000 3658542.000000 
3637842.000000 3665226.000000 3680998.000000 
3660640.000000 3696666.000000 3655762.000000 
3678188.000000 3656368.000000 3655876.000000 
3632274.000000 3730360.000000 3676760.000000 
3669182.000000 3633264.000000 3743918.000000 
3670246.000000 3632506.000000 3745738.000000 
3638978.000000 3748018.000000 3662170.000000 
3663566.000000 3710198.000000 3653736.000000 
3670254.000000 3695158.000000 3641338.000000 
3663980.000000 3689382.000000 3655882.000000 
3643394.000000 3666592.000000 3671730.000000 
3658388.000000 3658578.000000 3660116.000000 
3671906.000000 3661450.000000 3650996.000000 
3635938.000000 3676638.000000 3674918.000000 
3720674.000000 3723006.000000 3633898.000000 
3655324.000000 3654696.000000 3690426.000000 
3632216.000000 3669746.000000 3679682.000000 
3634414.000000 3709024.000000 3673308.000000 
3668560.000000 3653800.000000 3664516.000000 
3683384.000000 3659634.000000 3640338.000000 
3681486.000000 3652872.000000 3654436.000000 
3666364.000000 3676610.000000 3657580.000000 
3661300.000000 3638298.000000 3736708.000000 
3680652.000000 3683538.000000 3642422.000000 
3673340.000000 3645270.000000 3735212.000000 
3672890.000000 3721330.000000 3638244.000000 
3661194.000000 3717958.000000 3652944.000000 
3665048.000000 3705616.000000 3648646.000000 
3687840.000000 3731002.000000 3633078.000000 
3671802.000000 3710726.000000 3638806.000000 
3651124.000000 3685072.000000 3666370.000000 
3648872.000000 3680440.000000 3666788.000000 
3683726.000000 3639512.000000 3656948.000000 
3682162.000000 3649572.000000 3652202.000000 

3742516.000000 3766600.000000 3673124.000000 
3670970.000000 3714190.000000 3719674.000000 
3696860.000000 3750762.000000 3694416.000000 
3715844.000000 3701754.000000 3683916.000000 
3662624.000000 3710396.000000 3726604.000000 
3679850.000000 3657188.000000 3763828.000000 
3702008.000000 3708752.000000 3692804.000000 
3699692.000000 3710984.000000 3697048.000000 
3666476.000000 3695770.000000 3724622.000000 
3672940.000000 3662238.000000 3747506.000000 
3677918.000000 3662038.000000 3743762.000000 
3673482.000000 3719240.000000 3704330.000000 
3679234.000000 3673344.000000 3723634.000000 
3677582.000000 3665818.000000 3733750.000000 
3688428.000000 3657202.000000 3728470.000000 
3678490.000000 3679440.000000 3709956.000000 
3673524.000000 3699124.000000 3698316.000000 
3682226.000000 3693236.000000 3706298.000000 
3732258.000000 3713828.000000 3676104.000000 
3663246.000000 3664040.000000 3752964.000000 
3670958.000000 3662392.000000 3748530.000000 
3672402.000000 3659070.000000 3755608.000000 
3704496.000000 3674906.000000 3722874.000000 
3687958.000000 3661930.000000 3740774.000000 
3711866.000000 3681762.000000 3691244.000000 
3689662.000000 3655514.000000 3752810.000000 
3672876.000000 3683432.000000 3721382.000000 
3656864.000000 3664140.000000 3744362.000000 
3673694.000000 3654644.000000 3767382.000000 
3709188.000000 3711310.000000 3678870.000000 
3706212.000000 3709662.000000 3689296.000000 
3659238.000000 3687264.000000 3731936.000000 
3658264.000000 3693642.000000 3730962.000000 
3662564.000000 3666854.000000 3726850.000000 
3710666.000000 3690600.000000 3690920.000000 

3670516.000000 3646796.000000 3647162.000000 
3661782.000000 3635018.000000 3672592.000000 
3663182.000000 3642048.000000 3662260.000000 
3649856.000000 3647252.000000 3704240.000000 
3658256.000000 3622290.000000 3722142.000000 
3641234.000000 3641308.000000 3707420.000000 
3697614.000000 3674224.000000 3638362.000000 
3644994.000000 3653208.000000 3693398.000000 
3652254.000000 3637132.000000 3704698.000000 
3691728.000000 3692746.000000 3633940.000000 
3696880.000000 3691370.000000 3634942.000000 
3689844.000000 3704856.000000 3632658.000000 
3652546.000000 3636514.000000 3701636.000000 
3649784.000000 3652814.000000 3701372.000000 
3631602.000000 3658018.000000 3671392.000000 
3632570.000000 3655794.000000 3670752.000000 
3644328.000000 3658270.000000 3670458.000000 
3655578.000000 3661822.000000 3646674.000000 
3653692.000000 3671214.000000 3643438.000000 
3642356.000000 3629322.000000 3714512.000000 
3650552.000000 3658866.000000 3647810.000000 
3648352.000000 3653486.000000 3669322.000000 
3653466.000000 3630682.000000 3678518.000000 
3665828.000000 3656966.000000 3660986.000000 
3648302.000000 3697296.000000 3659310.000000 
3642028.000000 3685016.000000 3663902.000000 

3668484.000000 3756016.000000 3683658.000000 
3694740.000000 3746704.000000 3671550.000000 
3702554.000000 3735274.000000 3673778.000000 
3662578.000000 3725120.000000 3685372.000000 
3699956.000000 3753774.000000 3662258.000000 
3724044.000000 3757822.000000 3656520.000000 
3724642.000000 3735872.000000 3668940.000000 
3691776.000000 3768004.000000 3673716.000000 
3708428.000000 3737822.000000 3663292.000000 
3729066.000000 3724632.000000 3674540.000000 
3663086.000000 3713090.000000 3693438.000000 
3663958.000000 3729082.000000 3683918.000000 
3719564.000000 3770874.000000 3656768.000000 
3705566.000000 3701244.000000 3690084.000000 
3694210.000000 3705406.000000 3686710.000000 
3668682.000000 3718328.000000 3682956.000000 
3675898.000000 3718090.000000 3682538.000000 
3711108.000000 3728932.000000 3669730.000000 
3713838.000000 3726650.000000 3673566.000000 
3688642.000000 3716910.000000 3677810.000000 
3698752.000000 3763298.000000 3660742.000000 
3662412.000000 3720240.000000 3699410.000000 
3676152.000000 3710032.000000 3691864.000000 
3675902.000000 3711702.000000 3678654.000000 
3715142.000000 3711300.000000 3676586.000000 
3729658.000000 3707826.000000 3684968.000000 
3708170.000000 3681750.000000 3706140.000000 
3720732.000000 3679868.000000 3708586.000000 
3720750.000000 3725864.000000 3673600.000000 
3681306.000000 3706872.000000 3686312.000000 
3675518.000000 3718184.000000 3675352.000000 
3693294.000000 3736344.000000 3674740.000000 
3671334.000000 3734312.000000 3680786.000000 
3683754.000000 3691258.000000 3692632.000000 
3695974.000000 3690192.000000 3697878.000000 

3678406.000000 3713602.000000 3669300.000000 
3682110.000000 3743264.000000 3647444.000000 
3712644.000000 3734146.000000 3647708.000000 
3681312.000000 3726550.000000 3649734.000000 
3690186.000000 3734400.000000 3641398.000000 
3694438.000000 3692110.000000 3660872.000000 
3697312.000000 3691360.000000 3653816.000000 
3666608.000000 3726226.000000 3657552.000000 
3671526.000000 3724872.000000 3661960.000000 
3680212.000000 3722826.000000 3659540.000000 
3670956.000000 3702924.000000 3682120.000000 
3668542.000000 3706296.000000 3698362.000000 
3675100.000000 3701264.000000 3679874.000000 
3666388.000000 3707232.000000 3686832.000000 
3663492.000000 3721126.000000 3665988.000000 
3644158.000000 3719380.000000 3678778.000000 
3660320.000000 3710500.000000 3700822.000000 
3655468.000000 3712942.000000 3705370.000000 
3684214.000000 3710768.000000 3679686.000000 
3695080.000000 3682692.000000 3654942.000000 
3703626.000000 3676588.000000 3667878.000000 
3673544.000000 3718552.000000 3681088.000000 
3694376.000000 3689928.000000 3672556.000000 
3685682.000000 3694246.000000 3661688.000000 
3671742.000000 3701208.000000 3682266.000000 
3672206.000000 3733172.000000 3651328.000000 
3673740.000000 3717408.000000 3672266.000000 
3655254.000000 3739352.000000 3668822.000000 
3687440.000000 3698150.000000 3653466.000000 
3698866.000000 3694466.000000 3650828.000000 
3684478.000000 3701916.000000 3650750.000000 

3713666.000000 3699682.000000 3757642.000000 
3714546.000000 3691770.000000 3732924.000000 
3717314.000000 3675160.000000 3745370.000000 

3683386.000000 3677182.000000 3639154.000000 
3708208.000000 3735634.000000 3626992.000000 
3718974.000000 3744436.000000 3622408.000000 
3688980.000000 3807220.000000 3625680.000000 
3663224.000000 3728660.000000 3632918.000000 
3626452.000000 3755580.000000 3708166.000000 
3699356.000000 3658558.000000 3661116.000000 
3637502.000000 3700010.000000 3698754.000000 
3651308.000000 3698560.000000 3652944.000000 
3663690.000000 3722034.000000 3637046.000000 
3644356.000000 3694180.000000 3659720.000000 
3690806.000000 3741110.000000 3630438.000000 
3674556.000000 3709828.000000 3633076.000000 
3682598.000000 3757802.000000 3632880.000000 
3633276.000000 3729566.000000 3704814.000000 
3636050.000000 3691102.000000 3700988.000000 
3641276.000000 3693754.000000 3681858.000000 
3687440.000000 3661500.000000 3679482.000000 
3675928.000000 3679268.000000 3648800.000000 
3702022.000000 3681042.000000 3633636.000000 
3721082.000000 3679832.000000 3632420.000000 
3652808.000000 3706558.000000 3647434.000000 
3691024.000000 3790254.000000 3623184.000000 
3664252.000000 3672814.000000 3656348.000000 
3646994.000000 3675508.000000 3654526.000000 
3646064.000000 3692780.000000 3681110.000000 
3643204.000000 3723406.000000 3663120.000000 
3645922.000000 3641244.000000 3707756.000000 
3639368.000000 3644000.000000 3687524.000000 
3649134.000000 3658574.000000 3679900.000000 
3688614.000000 3683918.000000 3635752.000000 
3682940.000000 3695772.000000 3648004.000000 
3633512.000000 3748118.000000 3683928.000000 
3668326.000000 3782658.000000 3628952.000000 
3662844.000000 3674974.000000 3659760.000000 
3715080.000000 3719608.000000 3629710.000000 
3669154.000000 3698284.000000 3640768.000000 
3633540.000000 3718466.000000 3679788.000000 
3638626.000000 3694516.000000 3674404.000000 
3639674.000000 3713042.000000 3665782.000000 
3636846.000000 3703648.000000 3668130.000000 
3664582.000000 3666516.000000 3669478.000000 
3643628.000000 3696850.000000 3666962.000000 
3634910.000000 3714668.000000 3754188.000000 

3688954.000000 3689192.000000 3731844.000000 
3698734.000000 3681706.000000 3733300.000000 
3657772.000000 3721288.000000 3739300.000000 
3677898.000000 3690638.000000 3725882.000000 
3698286.000000 3687730.000000 3732336.000000 
3670618.000000 3708404.000000 3754824.000000 
3669330.000000 3716304.000000 3733676.000000 
3678578.000000 3733200.000000 3709922.000000 
3660034.000000 3708628.000000 3752720.000000 
3687602.000000 3720858.000000 3716372.000000 
3678450.000000 3717824.000000 3725756.000000 
3661936.000000 3721686.000000 3720308.000000 
3658958.000000 3710620.000000 3738690.000000 
3673124.000000 3724244.000000 3715726.000000 
3691096.000000 3689522.000000 3725972.000000 
3659486.000000 3719082.000000 3722264.000000 
3700506.000000 3689460.000000 3731482.000000 
3688466.000000 3690570.000000 3724344.000000 
3659996.000000 3717720.000000 3733852.000000 
3679178.000000 3730702.000000 3714778.000000 
3672344.000000 3721286.000000 3718666.000000 
3664846.000000 3708588.000000 3746934.000000 
3675440.000000 3717410.000000 3730004.000000 

3692996.000000 3695998.000000 3710528.000000 
3683916.000000 3706220.000000 3698618.000000 
3699568.000000 3721370.000000 3683996.000000 
3708280.000000 3714234.000000 3686742.000000 
3683978.000000 3706708.000000 3687260.000000 
3697042.000000 3703814.000000 3702516.000000 
3701660.000000 3705440.000000 3694704.000000 

3605716.000000 3653788.000000 3630616.000000 
3580612.000000 3629376.000000 3658436.000000 
3656942.000000 3614374.000000 3738006.000000 
3633526.000000 3722764.000000 3586418.000000 
3644736.000000 3727204.000000 3569410.000000 
3585306.000000 3641676.000000 3634812.000000 
3606702.000000 3666828.000000 3629586.000000 
3594090.000000 3668134.000000 3615546.000000 
3605460.000000 3705762.000000 3593198.000000 
3566564.000000 3648222.000000 3647280.000000 
3597444.000000 3658652.000000 3633428.000000 
3627740.000000 3616846.000000 3705866.000000 
3578064.000000 3681890.000000 3626764.000000 
3590334.000000 3666532.000000 3632872.000000 
3598594.000000 3666248.000000 3630670.000000 
3617374.000000 3699690.000000 3594914.000000 
3596376.000000 3686980.000000 3602940.000000 
3582240.000000 3655866.000000 3634494.000000 
3599986.000000 3628698.000000 3682306.000000 
3612058.000000 3619860.000000 3687234.000000 
3585894.000000 3667234.000000 3627184.000000 
3574512.000000 3656874.000000 3645584.000000 
3575996.000000 3659924.000000 3635128.000000 
3577970.000000 3640614.000000 3636022.000000 
3565336.000000 3635556.000000 3647774.000000 
3635768.000000 3707418.000000 3585354.000000 
3579900.000000 3672700.000000 3624538.000000 
3593750.000000 3694816.000000 3602900.000000 

3704922.000000 3696272.000000 3713130.000000 
3700800.000000 3699334.000000 3697540.000000 
3690600.000000 3719072.000000 3679594.000000 
3733756.000000 3694796.000000 3732874.000000 
3689978.000000 3711130.000000 3688136.000000 
3689468.000000 3709726.000000 3689922.000000 
3693196.000000 3707484.000000 3699964.000000 
3703792.000000 3697712.000000 3710260.000000 
3699860.000000 3707076.000000 3699546.000000 

3688212.000000 3700266.000000 3673278.000000 
3666206.000000 3669678.000000 3698078.000000 
3663338.000000 3687712.000000 3679308.000000 
3681748.000000 3702804.000000 3676364.000000 
3673680.000000 3649376.000000 3680344.000000 
3671644.000000 3668502.000000 3679834.000000 
3680538.000000 3692594.000000 3677004.000000 
3672010.000000 3709416.000000 3677630.000000 
3716182.000000 3727630.000000 3669774.000000 
3670494.000000 3714822.000000 3673634.000000 
3684282.000000 3730546.000000 3672876.000000 
3705858.000000 3716266.000000 3670808.000000 
3686652.000000 3710838.000000 3673502.000000 

3684896.000000 3694266.000000 3668290.000000 
3682666.000000 3683044.000000 3670032.000000 
3681860.000000 3673008.000000 3677772.000000 
3653388.000000 3716990.000000 3657362.000000 
3663122.000000 3703904.000000 3686680.000000 
3666090.000000 3698176.000000 3665310.000000 
3664420.000000 3688140.000000 3673050.000000 

3659248.000000 3645380.000000 3692906.000000 
3654986.000000 3647002.000000 3673718.000000 

3694168.000000 3713434.000000 3707888.000000 
3676620.000000 3753668.000000 3687800.000000 
3683418.000000 3730158.000000 3678160.000000 
3675798.000000 3717848.000000 3703810.000000 
3693756.000000 3733754.000000 3665846.000000 
3697378.000000 3699850.000000 3654702.000000 
3693278.000000 3726686.000000 3686788.000000 
3681288.000000 3724308.000000 3694358.000000 
3673022.000000 3723224.000000 3705746.000000 
3667300.000000 3719490.000000 3711892.000000 
3701108.000000 3707144.000000 3649550.000000 
3686746.000000 3742632.000000 3675830.000000 
3693506.000000 3724776.000000 3691578.000000 

3734080.000000 3706124.000000 3707418.000000 
3740978.000000 3696094.000000 3700548.000000 
3706010.000000 3683520.000000 3714380.000000 
3701934.000000 3671092.000000 3752612.000000 
3722874.000000 3714326.000000 3697880.000000 
3691464.000000 3688924.000000 3721536.000000 
3692962.000000 3686150.000000 3708360.000000 
3718580.000000 3676440.000000 3726122.000000 
3705476.000000 3661758.000000 3733906.000000 
3691432.000000 3698380.000000 3718872.000000 
3739118.000000 3721348.000000 3689710.000000 
3706450.000000 3710474.000000 3704042.000000 
3700686.000000 3708962.000000 3707020.000000 

3561432.000000 3582380.000000 3650804.000000 
3583576.000000 3624262.000000 3600642.000000 
3567030.000000 3598370.000000 3609482.000000 
3553414.000000 3604182.000000 3620190.000000 
3606316.000000 3623190.000000 3590296.000000 
3597206.000000 3615008.000000 3598752.000000 
3588486.000000 3610422.000000 3608706.000000 

3596506.000000 3680792.000000 3674178.000000 
3615410.000000 3635224.000000 3630224.000000 
3666476.000000 3621054.000000 3691890.000000 
3671578.000000 3615684.000000 3712804.000000 
3646208.000000 3621406.000000 3702778.000000 
3646670.000000 3704394.000000 3606212.000000 
3613150.000000 3656474.000000 3629584.000000 
3658400.000000 3701814.000000 3600558.000000 
3630440.000000 3653292.000000 3622532.000000 
3609624.000000 3686096.000000 3635880.000000 
3606608.000000 3654202.000000 3640454.000000 
3632604.000000 3647222.000000 3619920.000000 
3626486.000000 3627668.000000 3640956.000000 
3626322.000000 3655550.000000 3619680.000000 
3613568.000000 3642972.000000 3623080.000000 
3638560.000000 3667072.000000 3612576.000000 
3689580.000000 3618422.000000 3700128.000000 
3613334.000000 3643020.000000 3623432.000000 
3617170.000000 3671918.000000 3620862.000000 
3614862.000000 3676710.000000 3622792.000000 
3626316.000000 3672414.000000 3613240.000000 
3632148.000000 3673736.000000 3610124.000000 
3632996.000000 3665644.000000 3619106.000000 
3621814.000000 3622502.000000 3641412.000000 
3631080.000000 3625754.000000 3637042.000000 

3714776.000000 3680256.000000 3710480.000000 
3714266.000000 3683936.000000 3712774.000000 
3724658.000000 3677184.000000 3714430.000000 
3722228.000000 3682050.000000 3701374.000000 
3699236.000000 3699968.000000 3697506.000000 
3724272.000000 3676026.000000 3729450.000000 
3712146.000000 3680334.000000 3722976.000000 
3737704.000000 3675038.000000 3712694.000000 
3690932.000000 3708638.000000 3691426.000000 
3683240.000000 3720042.000000 3716788.000000 
3728482.000000 3677930.000000 3706554.000000 
3729092.000000 3680366.000000 3699640.000000 
3712820.000000 3692276.000000 3689142.000000 
3720878.000000 3683438.000000 3694148.000000 
3698872.000000 3703144.000000 3692718.000000 
3698238.000000 3708374.000000 3686236.000000 
3722268.000000 3716594.000000 3684668.000000 
3708138.000000 3707082.000000 3690930.000000 
3685312.000000 3705420.000000 3705426.000000 
3735084.000000 3683102.000000 3682574.000000 
3740566.000000 3689176.000000 3674688.000000 
3710776.000000 3702336.000000 3688758.000000 
3729902.000000 3694458.000000 3687100.000000 
3725658.000000 3695418.000000 3686500.000000 
3700970.000000 3684704.000000 3691094.000000 
3698596.000000 3699368.000000 3713826.000000 
3693578.000000 3703412.000000 3712082.000000 

3626788.000000 3697232.000000 3634374.000000 
3632244.000000 3700346.000000 3621660.000000 
3616992.000000 3609630.000000 3710938.000000 
3614472.000000 3637678.000000 3701882.000000 
3635764.000000 3595666.000000 3729968.000000 
3626598.000000 3649286.000000 3636382.000000 
3639626.000000 3615232.000000 3703668.000000 
3639070.000000 3612280.000000 3706226.000000 
3617674.000000 3600968.000000 3718152.000000 
3643272.000000 3627822.000000 3653272.000000 
3631184.000000 3627404.000000 3655208.000000 
3620734.000000 3629548.000000 3636574.000000 
3608854.000000 3641582.000000 3661400.000000 
3632014.000000 3622158.000000 3661156.000000 
3706810.000000 3733470.000000 3599278.000000 
3664512.000000 3653584.000000 3619982.000000 
3652746.000000 3656308.000000 3610840.000000 
3645114.000000 3654886.000000 3621464.000000 
3668992.000000 3663550.000000 3604274.000000 
3642386.000000 3677574.000000 3616676.000000 
3645382.000000 3600026.000000 3723740.000000 
3630238.000000 3628304.000000 3698096.000000 
3601822.000000 3651060.000000 3647710.000000 
3629332.000000 3667402.000000 3629658.000000 
3643214.000000 3620972.000000 3689824.000000 
3630196.000000 3626236.000000 3698398.000000 
3631274.000000 3612280.000000 3710782.000000 
3662756.000000 3714230.000000 3608558.000000 
3600936.000000 3645532.000000 3650216.000000 
3637062.000000 3646608.000000 3628218.000000 
3628320.000000 3645312.000000 3631382.000000 
3660476.000000 3673038.000000 3609666.000000 
3619750.000000 3635974.000000 3651212.000000 
3709404.000000 3724516.000000 3602854.000000 
3666626.000000 3615910.000000 3696508.000000 
3645000.000000 3654914.000000 3618098.000000 
3667300.000000 3610644.000000 3704156.000000 
3649982.000000 3654160.000000 3620704.000000 
3675672.000000 3612340.000000 3694364.000000 
3641200.000000 3693872.000000 3623578.000000 
3654998.000000 3680006.000000 3609048.000000 
3642082.000000 3645606.000000 3630280.000000 
3663058.000000 3619388.000000 3664942.000000 
3671470.000000 3602030.000000 3715116.000000 
3660484.000000 3599126.000000 3717268.000000 
3654214.000000 3604240.000000 3704208.000000 
3639806.000000 3611998.000000 3700970.000000 
3612160.000000 3638628.000000 3638590.000000 
3634084.000000 3613336.000000 3704248.000000 
3648286.000000 3642736.000000 3627454.000000 

3733346.000000 3710440.000000 3727706.000000 
3733172.000000 3706284.000000 3749636.000000 

3716096.000000 3734458.000000 3708438.000000 
3666082.000000 3728688.000000 3715350.000000 
3729378.000000 3678946.000000 3789206.000000 
3695424.000000 3753254.000000 3713332.000000 
3681064.000000 3760996.000000 3707520.000000 
3651722.000000 3703928.000000 3722048.000000 
3652446.000000 3705970.000000 3717644.000000 
3694482.000000 3755220.000000 3711832.000000 
3770662.000000 3675444.000000 3838938.000000 
3671428.000000 3695830.000000 3742238.000000 
3694430.000000 3705200.000000 3714526.000000 
3705860.000000 3701802.000000 3727658.000000 
3717212.000000 3678814.000000 3790474.000000 
3740214.000000 3677776.000000 3758244.000000 
3671030.000000 3693386.000000 3747296.000000 
3675092.000000 3729270.000000 3713580.000000 
3674726.000000 3686236.000000 3735210.000000 
3671718.000000 3689998.000000 3731158.000000 
3653628.000000 3706812.000000 3716080.000000 
3701066.000000 3680438.000000 3772644.000000 
3685698.000000 3685300.000000 3749256.000000 
3713660.000000 3681140.000000 3739228.000000 
3706606.000000 3698528.000000 3729740.000000 
3730342.000000 3678898.000000 3752718.000000 
3709828.000000 3698428.000000 3728138.000000 
3695434.000000 3683242.000000 3742614.000000 
3697160.000000 3682404.000000 3748896.000000 
3690126.000000 3681046.000000 3757830.000000 
3710704.000000 3688646.000000 3731042.000000 

3715272.000000 3717632.000000 3683282.000000 
3714622.000000 3707854.000000 3686686.000000 
3710942.000000 3718646.000000 3696644.000000 
3721502.000000 3694970.000000 3698690.000000 
3700982.000000 3662082.000000 3699118.000000 
3699692.000000 3671480.000000 3710832.000000 

3652006.000000 3700958.000000 3677596.000000 
3635386.000000 3687230.000000 3684256.000000 
3658538.000000 3682458.000000 3686326.000000 
3666344.000000 3712240.000000 3677490.000000 
3643042.000000 3675464.000000 3701100.000000 
3639012.000000 3680656.000000 3693406.000000 

