3724092.000000 3714966.000000 3696482.000000 
3699784.000000 3705488.000000 3719172.000000 
3700848.000000 3689974.000000 3719920.000000 
3706610.000000 3696248.000000 3710378.000000 
3733032.000000 3709882.000000 3690392.000000 
3707638.000000 3711912.000000 3697278.000000 
3705830.000000 3718810.000000 3701630.000000 
3709366.000000 3688098.000000 3705330.000000 

3689910.000000 3693718.000000 3747908.000000 
3674556.000000 3700224.000000 3717976.000000 
3666646.000000 3711820.000000 3688524.000000 
3666462.000000 3728956.000000 3714612.000000 
3688366.000000 3694280.000000 3748088.000000 
3689846.000000 3693886.000000 3745392.000000 
3680336.000000 3703082.000000 3709860.000000 
3706976.000000 3693188.000000 3779842.000000 

3732580.000000 3765938.000000 3658928.000000 
3638846.000000 3679408.000000 3727356.000000 
3637784.000000 3687186.000000 3726484.000000 
3639672.000000 3651280.000000 3716014.000000 
3653458.000000 3675598.000000 3667268.000000 
3655318.000000 3665122.000000 3683138.000000 
3667828.000000 3654630.000000 3695410.000000 
3677190.000000 3664078.000000 3689032.000000 
3678930.000000 3673840.000000 3674424.000000 
3702226.000000 3636474.000000 3745908.000000 
3703352.000000 3640358.000000 3717654.000000 
3695428.000000 3653706.000000 3715566.000000 

3675020.000000 3739802.000000 3706870.000000 
3675838.000000 3722180.000000 3699996.000000 
3721924.000000 3732760.000000 3693602.000000 
3703462.000000 3739956.000000 3698862.000000 
3699696.000000 3719872.000000 3708626.000000 
3714912.000000 3734806.000000 3698034.000000 
3676408.000000 3718106.000000 3720632.000000 
3672710.000000 3723418.000000 3712480.000000 
3725888.000000 3745830.000000 3681584.000000 
3708304.000000 3712192.000000 3725100.000000 
3718612.000000 3735876.000000 3686048.000000 

3654848.000000 3655746.000000 3708928.000000 
3665364.000000 3665248.000000 3698246.000000 
3658914.000000 3659626.000000 3705534.000000 

3693858.000000 3633548.000000 3735588.000000 
3682578.000000 3660948.000000 3697598.000000 
3672724.000000 3640798.000000 3710014.000000 
3660496.000000 3645718.000000 3716050.000000 
3715642.000000 3620868.000000 3751860.000000 
3696136.000000 3618504.000000 3762998.000000 
3664906.000000 3686546.000000 3706246.000000 
3660576.000000 3644528.000000 3708526.000000 
3666434.000000 3641886.000000 3714852.000000 
3695926.000000 3625594.000000 3725184.000000 
3682198.000000 3637308.000000 3705604.000000 
3677472.000000 3656918.000000 3700990.000000 
3713392.000000 3636666.000000 3720630.000000 
3659794.000000 3672902.000000 3708270.000000 

3647514.000000 3739060.000000 3672130.000000 
3655358.000000 3704242.000000 3662540.000000 
3648872.000000 3680440.000000 3666788.000000 
3635774.000000 3693790.000000 3736742.000000 
3641604.000000 3690586.000000 3738950.000000 
3693820.000000 3700146.000000 3655254.000000 
3653224.000000 3679216.000000 3698438.000000 
3657976.000000 3666390.000000 3715308.000000 
3646994.000000 3704734.000000 3722368.000000 
3643084.000000 3685390.000000 3724062.000000 
3639466.000000 3686040.000000 3742896.000000 
3641752.000000 3685990.000000 3738562.000000 
3671604.000000 3678058.000000 3710722.000000 
3663950.000000 3706754.000000 3658908.000000 
3665048.000000 3705616.000000 3648646.000000 
3655834.000000 3670790.000000 3735180.000000 
3664388.000000 3665930.000000 3741380.000000 
3677514.000000 3702660.000000 3652310.000000 
3647194.000000 3680660.000000 3702990.000000 
3671802.000000 3710726.000000 3638806.000000 

3659238.000000 3687264.000000 3731936.000000 
3658264.000000 3693642.000000 3730962.000000 
3680260.000000 3720628.000000 3724608.000000 
3677582.000000 3665818.000000 3733750.000000 
3662564.000000 3666854.000000 3726850.000000 
3656864.000000 3664140.000000 3744362.000000 
3710666.000000 3690600.000000 3690920.000000 
3711866.000000 3681762.000000 3691244.000000 
3707978.000000 3699422.000000 3714642.000000 
3702014.000000 3699656.000000 3720626.000000 
3672036.000000 3663464.000000 3749442.000000 

3673580.000000 3671180.000000 3752312.000000 
3717162.000000 3700130.000000 3706760.000000 
3718210.000000 3661508.000000 3707512.000000 
3702938.000000 3670900.000000 3707248.000000 
3706712.000000 3654364.000000 3730176.000000 
3676794.000000 3636422.000000 3749300.000000 
3679422.000000 3635752.000000 3732068.000000 
3675454.000000 3641584.000000 3740262.000000 
3669740.000000 3634780.000000 3755840.000000 

3670556.000000 3725582.000000 3689292.000000 
3681306.000000 3706872.000000 3686312.000000 
3663086.000000 3713090.000000 3693438.000000 
3662412.000000 3720240.000000 3699410.000000 
3671334.000000 3734312.000000 3680786.000000 
3719814.000000 3732132.000000 3682926.000000 
3707704.000000 3760772.000000 3665506.000000 
3683754.000000 3691258.000000 3692632.000000 
3695974.000000 3690192.000000 3697878.000000 
3722104.000000 3728846.000000 3685620.000000 

3660320.000000 3710500.000000 3700822.000000 
3655468.000000 3712942.000000 3705370.000000 
3684214.000000 3710768.000000 3679686.000000 
3663492.000000 3721126.000000 3665988.000000 
3670956.000000 3702924.000000 3682120.000000 
3666388.000000 3707232.000000 3686832.000000 
3644158.000000 3719380.000000 3678778.000000 
3671526.000000 3724872.000000 3661960.000000 
3666608.000000 3726226.000000 3657552.000000 
3673544.000000 3718552.000000 3681088.000000 
3694376.000000 3689928.000000 3672556.000000 
3685682.000000 3694246.000000 3661688.000000 
3671742.000000 3701208.000000 3682266.000000 
3672206.000000 3733172.000000 3651328.000000 
3673740.000000 3717408.000000 3672266.000000 
3655254.000000 3739352.000000 3668822.000000 
3687440.000000 3698150.000000 3653466.000000 
3698866.000000 3694466.000000 3650828.000000 
3684478.000000 3701916.000000 3650750.000000 

3714546.000000 3691770.000000 3732924.000000 
3717314.000000 3675160.000000 3745370.000000 

3644856.000000 3718040.000000 3691092.000000 
3665496.000000 3702458.000000 3685738.000000 
3636050.000000 3691102.000000 3700988.000000 
3640036.000000 3748462.000000 3691540.000000 
3674988.000000 3695704.000000 3683622.000000 
3674118.000000 3706172.000000 3681918.000000 
3677694.000000 3729682.000000 3670378.000000 
3665384.000000 3737120.000000 3661900.000000 
3657744.000000 3724732.000000 3671482.000000 
3634910.000000 3714668.000000 3754188.000000 

3657772.000000 3721288.000000 3739300.000000 
3669330.000000 3716304.000000 3733676.000000 
3673124.000000 3724244.000000 3715726.000000 
3659486.000000 3719082.000000 3722264.000000 
3658958.000000 3710620.000000 3738690.000000 
3661936.000000 3721686.000000 3720308.000000 
3688466.000000 3690570.000000 3724344.000000 
3660034.000000 3708628.000000 3752720.000000 
3670618.000000 3708404.000000 3754824.000000 
3691096.000000 3689522.000000 3725972.000000 
3659996.000000 3717720.000000 3733852.000000 
3679178.000000 3730702.000000 3714778.000000 
3672344.000000 3721286.000000 3718666.000000 
3664846.000000 3708588.000000 3746934.000000 
3675440.000000 3717410.000000 3730004.000000 

3683916.000000 3706220.000000 3698618.000000 
3683978.000000 3706708.000000 3687260.000000 

3686362.000000 3678972.000000 3703102.000000 
3670898.000000 3681326.000000 3676358.000000 
3597272.000000 3691618.000000 3625940.000000 
3594526.000000 3681376.000000 3628586.000000 
3644736.000000 3727204.000000 3569410.000000 
3642770.000000 3720192.000000 3602102.000000 
3633438.000000 3731982.000000 3601414.000000 
3593750.000000 3694816.000000 3602900.000000 

3690600.000000 3719072.000000 3679594.000000 
3689978.000000 3711130.000000 3688136.000000 
3689468.000000 3709726.000000 3689922.000000 
3693196.000000 3707484.000000 3699964.000000 
3701094.000000 3706834.000000 3726096.000000 
3703792.000000 3697712.000000 3710260.000000 
3699860.000000 3707076.000000 3699546.000000 

3708164.000000 3690438.000000 3686376.000000 
3681748.000000 3702804.000000 3676364.000000 
3671550.000000 3698590.000000 3682836.000000 
3688212.000000 3700266.000000 3673278.000000 
3680538.000000 3692594.000000 3677004.000000 
3686652.000000 3710838.000000 3673502.000000 
3672010.000000 3709416.000000 3677630.000000 
3684282.000000 3730546.000000 3672876.000000 
3670494.000000 3714822.000000 3673634.000000 
3705858.000000 3716266.000000 3670808.000000 
3716182.000000 3727630.000000 3669774.000000 

3664420.000000 3688140.000000 3673050.000000 
3666090.000000 3698176.000000 3665310.000000 
3682666.000000 3683044.000000 3670032.000000 
3681860.000000 3673008.000000 3677772.000000 
3653388.000000 3716990.000000 3657362.000000 

3659248.000000 3645380.000000 3692906.000000 
3654986.000000 3647002.000000 3673718.000000 

3697378.000000 3699850.000000 3654702.000000 
3693506.000000 3724776.000000 3691578.000000 
3701108.000000 3707144.000000 3649550.000000 
3676620.000000 3753668.000000 3687800.000000 
3676512.000000 3736818.000000 3722470.000000 
3680914.000000 3736108.000000 3709564.000000 
3683802.000000 3728506.000000 3730172.000000 
3687026.000000 3725160.000000 3719552.000000 
3692972.000000 3729962.000000 3712518.000000 
3687696.000000 3738934.000000 3700454.000000 

3718580.000000 3676440.000000 3726122.000000 
3705476.000000 3661758.000000 3733906.000000 
3730088.000000 3746262.000000 3701710.000000 
3739578.000000 3755042.000000 3699190.000000 
3691464.000000 3688924.000000 3721536.000000 
3692962.000000 3686150.000000 3708360.000000 
3706010.000000 3683520.000000 3714380.000000 
3691432.000000 3698380.000000 3718872.000000 
3706450.000000 3710474.000000 3704042.000000 
3700686.000000 3708962.000000 3707020.000000 
3736942.000000 3743440.000000 3703782.000000 
3745306.000000 3753980.000000 3700806.000000 
3748306.000000 3755586.000000 3695282.000000 

3577068.000000 3631028.000000 3637696.000000 
3593884.000000 3603660.000000 3666138.000000 
3615528.000000 3618766.000000 3657958.000000 
3615972.000000 3597806.000000 3670170.000000 
3626878.000000 3617902.000000 3662370.000000 
3632828.000000 3628344.000000 3655144.000000 
3622078.000000 3696214.000000 3634132.000000 
3624454.000000 3643794.000000 3624794.000000 

3630238.000000 3659466.000000 3698624.000000 
3689580.000000 3618422.000000 3700128.000000 
3657600.000000 3626444.000000 3763242.000000 
3648302.000000 3644676.000000 3679156.000000 
3633012.000000 3658684.000000 3646888.000000 
3640984.000000 3653656.000000 3659088.000000 
3641894.000000 3645106.000000 3661260.000000 

3720878.000000 3683438.000000 3694148.000000 
3700844.000000 3716860.000000 3689444.000000 
3699236.000000 3699968.000000 3697506.000000 
3685312.000000 3705420.000000 3705426.000000 
3740566.000000 3689176.000000 3674688.000000 
3735084.000000 3683102.000000 3682574.000000 
3710776.000000 3702336.000000 3688758.000000 
3698604.000000 3711788.000000 3697846.000000 
3720444.000000 3684442.000000 3714592.000000 
3725658.000000 3695418.000000 3686500.000000 
3700970.000000 3684704.000000 3691094.000000 
3704110.000000 3709428.000000 3688922.000000 
3714926.000000 3710460.000000 3688080.000000 
3698596.000000 3699368.000000 3713826.000000 
3693578.000000 3703412.000000 3712082.000000 

3655456.000000 3663068.000000 3671468.000000 
3673450.000000 3667964.000000 3659252.000000 
3640744.000000 3652992.000000 3689438.000000 
3631200.000000 3661652.000000 3688616.000000 
3627552.000000 3664830.000000 3691178.000000 
3630954.000000 3649360.000000 3698884.000000 
3643988.000000 3649824.000000 3683182.000000 
3655686.000000 3651524.000000 3668826.000000 
3699250.000000 3621138.000000 3740260.000000 
3668618.000000 3622752.000000 3685600.000000 
3661392.000000 3626928.000000 3677024.000000 
3689806.000000 3664578.000000 3651536.000000 
3659804.000000 3642562.000000 3674908.000000 
3655242.000000 3663170.000000 3680838.000000 
3651578.000000 3645846.000000 3694004.000000 

3733346.000000 3710440.000000 3727706.000000 
3733172.000000 3706284.000000 3749636.000000 

3685698.000000 3685300.000000 3749256.000000 
3702930.000000 3697808.000000 3743770.000000 
3680478.000000 3699972.000000 3734064.000000 
3761552.000000 3678532.000000 3832610.000000 
3653628.000000 3706812.000000 3716080.000000 
3651722.000000 3703928.000000 3722048.000000 
3652446.000000 3705970.000000 3717644.000000 
3671030.000000 3693386.000000 3747296.000000 
3766672.000000 3678244.000000 3859160.000000 

3710650.000000 3687960.000000 3708922.000000 
3727388.000000 3705530.000000 3699674.000000 
3710942.000000 3718646.000000 3696644.000000 
3706586.000000 3704492.000000 3708172.000000 
3709054.000000 3697588.000000 3701020.000000 
3699692.000000 3671480.000000 3710832.000000 

3635386.000000 3687230.000000 3684256.000000 
3658538.000000 3682458.000000 3686326.000000 
3643042.000000 3675464.000000 3701100.000000 
3639012.000000 3680656.000000 3693406.000000 
3676318.000000 3718568.000000 3679820.000000 

