21835076.000000 17649990.000000 
21575226.000000 17839704.000000 
21332174.000000 18012268.000000 
24370496.000000 15990350.000000 
24392990.000000 15980180.000000 
24166548.000000 16083970.000000 
25387960.000000 15853364.000000 
25530472.000000 15803950.000000 
25641570.000000 15798080.000000 
25426212.000000 15830938.000000 
24161876.000000 16753214.000000 
27221778.000000 15448648.000000 
27038318.000000 15448666.000000 
21137654.000000 18308738.000000 
20715162.000000 18549850.000000 
20979584.000000 18460260.000000 
21250220.000000 18299892.000000 
26328056.000000 15589810.000000 
26323286.000000 15640610.000000 
26141014.000000 15713380.000000 
27357908.000000 15288290.000000 
26059220.000000 15744604.000000 
20286674.000000 19472666.000000 
28700296.000000 15207652.000000 
28673998.000000 15234812.000000 
28225440.000000 15243440.000000 
26914006.000000 15579302.000000 
28013252.000000 15265328.000000 
29369034.000000 15112624.000000 
22157850.000000 17049984.000000 

25287038.000000 15273566.000000 
24982108.000000 15597376.000000 
20647756.000000 19857298.000000 
20309042.000000 20033652.000000 
21768742.000000 18904622.000000 
19878436.000000 21858890.000000 
24526570.000000 15906912.000000 
25574022.000000 14934660.000000 
23247396.000000 17009164.000000 
25068280.000000 15492088.000000 
23450926.000000 16747968.000000 
22642274.000000 17124838.000000 
20577028.000000 19955654.000000 
21414416.000000 19082666.000000 
23314882.000000 16750174.000000 
20878946.000000 19487678.000000 
22336468.000000 17875008.000000 
23279644.000000 16912746.000000 
22072808.000000 18793986.000000 
21840864.000000 18837556.000000 
22121588.000000 18586322.000000 
22206874.000000 18266936.000000 
21289570.000000 19168906.000000 
21163384.000000 19224598.000000 
23255240.000000 17003834.000000 
24036302.000000 16178184.000000 
23588148.000000 16417722.000000 
21762466.000000 18915414.000000 
22633952.000000 17795398.000000 

22138708.000000 16755606.000000 
26288488.000000 14807346.000000 
22587664.000000 16389650.000000 
22703866.000000 16374830.000000 
22256480.000000 16739734.000000 
24827274.000000 15000176.000000 
25361514.000000 14923440.000000 
26565654.000000 14698882.000000 
25372158.000000 14907364.000000 
25896616.000000 14844586.000000 
27094440.000000 14620046.000000 
26569982.000000 14682824.000000 
27237982.000000 14471894.000000 
24733054.000000 15933254.000000 
27492236.000000 14300226.000000 
28128622.000000 14118248.000000 
24540220.000000 15938040.000000 
21624956.000000 18086126.000000 
21117868.000000 18474302.000000 
22891262.000000 16220872.000000 
20655502.000000 18594718.000000 
20378252.000000 18869410.000000 
19948492.000000 18883544.000000 
23247018.000000 16186734.000000 
20558870.000000 18651474.000000 
19868752.000000 19027150.000000 

25840178.000000 14123364.000000 
23522490.000000 16352154.000000 
25530190.000000 14738136.000000 
22128022.000000 16968828.000000 
25938536.000000 14122626.000000 
26550590.000000 13785070.000000 
23876556.000000 15604430.000000 
18847128.000000 18755292.000000 
18819624.000000 19580712.000000 
22651308.000000 16710428.000000 
24397428.000000 15256328.000000 
22981330.000000 16368024.000000 
18986028.000000 18485148.000000 
23664520.000000 16029372.000000 
21460200.000000 18060068.000000 
25258958.000000 15124040.000000 
21898996.000000 17401022.000000 

19951750.000000 21059372.000000 
19866158.000000 21581038.000000 
23091170.000000 17275196.000000 
20882236.000000 19768318.000000 
28002212.000000 15398570.000000 
21278660.000000 18628976.000000 
24353368.000000 16575626.000000 
23339086.000000 17116420.000000 
24923270.000000 16407428.000000 
21986026.000000 17962440.000000 
22845452.000000 17731038.000000 
19644594.000000 21847422.000000 
19769606.000000 21636670.000000 
20598076.000000 20332750.000000 
21399010.000000 18365690.000000 
28365814.000000 15333696.000000 
28434606.000000 15273054.000000 
24999494.000000 16070442.000000 
25379882.000000 15786470.000000 
21119684.000000 19420700.000000 
21165892.000000 18764954.000000 
26707528.000000 15663730.000000 
21036064.000000 19747734.000000 
20180168.000000 20515430.000000 
20040986.000000 20692936.000000 
20731450.000000 20169648.000000 
20655538.000000 20311220.000000 
20751980.000000 20158304.000000 
20776354.000000 20041116.000000 
23823046.000000 16746086.000000 
23460764.000000 16951420.000000 
28590278.000000 15102416.000000 
26765922.000000 15646848.000000 
24663834.000000 16412878.000000 
21095028.000000 19692656.000000 
27850278.000000 15491782.000000 
24995630.000000 16162992.000000 
22783940.000000 17914392.000000 
24601536.000000 16433724.000000 
20821888.000000 19922374.000000 

27544252.000000 14284030.000000 
28713702.000000 14089710.000000 
26644012.000000 14682272.000000 
19973168.000000 21933184.000000 
20257734.000000 21447532.000000 
24902022.000000 15083424.000000 
23422966.000000 16317240.000000 
20883000.000000 19807876.000000 
27097606.000000 14637392.000000 
27248438.000000 14386930.000000 
24352008.000000 15827194.000000 
24391386.000000 15437958.000000 
20574172.000000 20748218.000000 
20984414.000000 19360508.000000 
21897370.000000 17313714.000000 
29067582.000000 13832550.000000 
20785794.000000 20033826.000000 
22510230.000000 17130748.000000 
23388784.000000 16512040.000000 
28696776.000000 14215544.000000 
26510238.000000 14868028.000000 
23767774.000000 16187798.000000 
23524892.000000 16308602.000000 
23142190.000000 16678362.000000 
21012110.000000 18281600.000000 

27535930.000000 15301560.000000 
28148864.000000 15288104.000000 
22058196.000000 17937124.000000 
27071744.000000 15571574.000000 
27421778.000000 15375966.000000 
25220688.000000 15940886.000000 
25081472.000000 15944216.000000 
23795014.000000 16365682.000000 
23613046.000000 17104890.000000 
23614682.000000 16758632.000000 
21749484.000000 18300154.000000 
21193470.000000 18442848.000000 
23392854.000000 17533446.000000 
24604888.000000 16240342.000000 
24008818.000000 16329932.000000 
23635238.000000 16542126.000000 
21068732.000000 21821508.000000 
23191698.000000 17567596.000000 
23476620.000000 17276732.000000 
21671628.000000 18427326.000000 
26311060.000000 15615812.000000 
25675322.000000 15630602.000000 
24688080.000000 16137730.000000 
28192712.000000 15221978.000000 
21159028.000000 20909458.000000 
28492486.000000 15015794.000000 

21329854.000000 17832754.000000 
21535692.000000 17541236.000000 
22396468.000000 16560810.000000 
22424568.000000 16468206.000000 
21656360.000000 16869994.000000 
20785564.000000 20796540.000000 
23240786.000000 16123840.000000 
23557686.000000 15672036.000000 
23387810.000000 15863284.000000 
19657702.000000 20984616.000000 
19435954.000000 21534098.000000 
19283782.000000 21539844.000000 
30002164.000000 14105822.000000 
23932938.000000 15371530.000000 
24056120.000000 14736272.000000 
20600086.000000 20971702.000000 
21179292.000000 20387904.000000 
25517538.000000 14667422.000000 
21178452.000000 20585826.000000 
29236966.000000 14283448.000000 
28171262.000000 14376710.000000 
27800912.000000 14385694.000000 

26132972.000000 14681538.000000 
19890388.000000 21054766.000000 
23508576.000000 16710216.000000 
20744094.000000 16782738.000000 
22684482.000000 16724036.000000 
19904888.000000 18083774.000000 
25024038.000000 15795368.000000 
24190778.000000 15891258.000000 
24448142.000000 15864678.000000 
20285816.000000 17380020.000000 
22180282.000000 16777180.000000 
26844718.000000 14477762.000000 

25813344.000000 15845040.000000 
21076948.000000 19199496.000000 
20554688.000000 19417166.000000 
20482564.000000 19689650.000000 
20171188.000000 20944100.000000 
21920998.000000 18641836.000000 
27237008.000000 15701870.000000 
22625374.000000 16750826.000000 
26015176.000000 15709382.000000 
23888982.000000 16527382.000000 
23477242.000000 16649892.000000 
20794090.000000 19232434.000000 
20414540.000000 20119846.000000 
20214560.000000 20379454.000000 
20472258.000000 20095990.000000 
22167494.000000 17691156.000000 
22335048.000000 17231186.000000 
28372484.000000 15474924.000000 
24781000.000000 15958338.000000 
24530090.000000 16043220.000000 
22894256.000000 16730912.000000 
24355008.000000 16408994.000000 
24147038.000000 16518112.000000 

23628062.000000 14564304.000000 
24191802.000000 14516582.000000 
25099688.000000 13972118.000000 
25485432.000000 13818164.000000 
20435890.000000 20119804.000000 
25053630.000000 14139200.000000 
19980958.000000 20520242.000000 
20016930.000000 20476836.000000 
25585702.000000 13366688.000000 
21378866.000000 16109368.000000 
24557180.000000 14236618.000000 
24462682.000000 14468660.000000 
23507170.000000 14904096.000000 
22755690.000000 15741874.000000 
20838818.000000 17717758.000000 
19713846.000000 20634058.000000 
22980430.000000 15221736.000000 
23532384.000000 14866966.000000 
20084964.000000 20212798.000000 
20179792.000000 20169434.000000 
20491608.000000 18852630.000000 
20838406.000000 18092406.000000 
21107258.000000 16257748.000000 
20808850.000000 18218914.000000 
20891980.000000 17035842.000000 
23029420.000000 15182506.000000 
23109312.000000 15009670.000000 
23563644.000000 14594666.000000 

21860748.000000 17604564.000000 
21981782.000000 17546916.000000 
27949470.000000 13745576.000000 
28841902.000000 13588326.000000 
25511902.000000 14038698.000000 
22111156.000000 16894520.000000 
25100814.000000 14836302.000000 
21769534.000000 17625234.000000 
22949130.000000 15749084.000000 
19777658.000000 19202764.000000 
22709172.000000 15807214.000000 
22665352.000000 16395916.000000 
23964962.000000 15345182.000000 
24261770.000000 15303802.000000 
20674476.000000 18347668.000000 
21613180.000000 18259626.000000 
25129752.000000 14367440.000000 
23588560.000000 15642536.000000 
24488376.000000 14935768.000000 
24462040.000000 14979670.000000 
26410774.000000 13883664.000000 
26404386.000000 13906070.000000 
24338658.000000 15092402.000000 

26228664.000000 15012838.000000 
27276558.000000 14712220.000000 
29312482.000000 14665840.000000 
29496224.000000 14653928.000000 
22930350.000000 17283370.000000 
23082860.000000 17243690.000000 
23178790.000000 17218468.000000 
22032820.000000 17737540.000000 
19549026.000000 19492636.000000 
24818798.000000 15711148.000000 
26408580.000000 14861870.000000 
23333964.000000 16214376.000000 
25780656.000000 15029778.000000 
25356778.000000 15245330.000000 
26852952.000000 14714574.000000 
20522676.000000 17990654.000000 
20142194.000000 18388576.000000 
20115892.000000 18675494.000000 
28871502.000000 14681654.000000 
21465724.000000 17908026.000000 
22253934.000000 17389288.000000 

20696172.000000 20242928.000000 
21052008.000000 18761622.000000 
24344024.000000 14737574.000000 
23307874.000000 14885476.000000 
23748880.000000 14742646.000000 
22694492.000000 16473456.000000 
23078344.000000 15799450.000000 
23146896.000000 15726954.000000 
22994580.000000 15808202.000000 
21707682.000000 17209672.000000 
22433036.000000 16669334.000000 
21178690.000000 18464758.000000 
27018196.000000 14406110.000000 
20917024.000000 19280878.000000 
23165098.000000 15633628.000000 
22356840.000000 17124446.000000 
22952818.000000 15815670.000000 
20782082.000000 20183494.000000 
20845276.000000 20057862.000000 
20467974.000000 20454602.000000 
20891182.000000 19731578.000000 
27155070.000000 14355942.000000 
27033436.000000 14375686.000000 
20197564.000000 20564540.000000 
26872594.000000 14510872.000000 
25653154.000000 14688440.000000 
25955208.000000 14591266.000000 
26127652.000000 14565274.000000 
21007174.000000 19280590.000000 
27520020.000000 14302064.000000 
28527774.000000 14121566.000000 
19912286.000000 21347578.000000 

19589522.000000 24244002.000000 
22551314.000000 17078840.000000 
20299650.000000 20876364.000000 
21473118.000000 18979874.000000 
19823722.000000 22542278.000000 
20162898.000000 22345906.000000 
26923378.000000 13778636.000000 
21605216.000000 17415212.000000 
26240768.000000 13988268.000000 
22412062.000000 17239586.000000 
29135676.000000 13692898.000000 
29400770.000000 13616864.000000 
29444936.000000 13601718.000000 
21270970.000000 19499604.000000 
25131390.000000 14359782.000000 
25173014.000000 14346692.000000 
25629836.000000 14155378.000000 
28964886.000000 13721868.000000 
21077740.000000 19711240.000000 
20799028.000000 20008440.000000 
20945424.000000 19828170.000000 
21290254.000000 19059754.000000 
24796864.000000 14600212.000000 
23062596.000000 15480376.000000 
22916216.000000 16395576.000000 
23323320.000000 14857880.000000 
24644276.000000 14612692.000000 
24948530.000000 14475214.000000 

19441200.000000 24135280.000000 
19720318.000000 22505092.000000 
20035388.000000 21771788.000000 
20309788.000000 21686934.000000 
25309792.000000 14629262.000000 
24849370.000000 15158532.000000 
23763106.000000 15721722.000000 
23542996.000000 15799784.000000 
22295846.000000 16988280.000000 
21773858.000000 18121744.000000 
21280820.000000 19412538.000000 
21360612.000000 19350556.000000 
21519856.000000 19318568.000000 
21579454.000000 19131488.000000 
25402798.000000 14276964.000000 
25491266.000000 14227360.000000 
24980232.000000 14906622.000000 
21718508.000000 18285672.000000 
21657294.000000 18471316.000000 
20003216.000000 22427250.000000 
26743998.000000 13884178.000000 
22829982.000000 16670578.000000 
25251500.000000 14741280.000000 
26322662.000000 13890466.000000 
23847246.000000 15457426.000000 
24577388.000000 15438940.000000 
26903826.000000 13348938.000000 
24656304.000000 15279630.000000 
20623856.000000 20844490.000000 

20675972.000000 21010232.000000 
20231594.000000 21300930.000000 
20690222.000000 20803950.000000 
20173772.000000 22886888.000000 
20326670.000000 21082338.000000 
20954298.000000 20448768.000000 
21031866.000000 20334090.000000 
21145696.000000 19354898.000000 
21329070.000000 18938048.000000 
21114116.000000 19721188.000000 
21403570.000000 18835200.000000 
23454338.000000 16181210.000000 
20727768.000000 20780230.000000 
19883112.000000 24558942.000000 
21182506.000000 19293118.000000 
23663466.000000 16167858.000000 
28220900.000000 14589290.000000 
23155220.000000 16416244.000000 
24739258.000000 14922592.000000 
25252730.000000 14843140.000000 
28530982.000000 14538492.000000 
21672382.000000 17532264.000000 
24716418.000000 15279354.000000 
22598532.000000 16932574.000000 
22949228.000000 16660076.000000 
28585246.000000 14448848.000000 
28750554.000000 14367860.000000 
23290422.000000 16334434.000000 
24178902.000000 15982756.000000 
24558992.000000 15914388.000000 
28570678.000000 14536404.000000 
27707030.000000 14695998.000000 
28441208.000000 14573664.000000 

24995770.000000 15705206.000000 
20647658.000000 18692432.000000 
19947042.000000 19315904.000000 
23597172.000000 16429652.000000 
20626434.000000 18896344.000000 
19753660.000000 19404670.000000 
22752058.000000 16541994.000000 
23661918.000000 15853942.000000 
25519814.000000 15465218.000000 
25415126.000000 15513036.000000 
20073582.000000 19179292.000000 
20243850.000000 19173022.000000 
27148078.000000 14725786.000000 
19684438.000000 22553966.000000 
19641672.000000 23105152.000000 
25628444.000000 14994540.000000 
21471494.000000 17359812.000000 
25113992.000000 15644698.000000 
20951258.000000 17944560.000000 
21239314.000000 17670564.000000 
25532008.000000 15352694.000000 
25564744.000000 15040696.000000 
25913008.000000 14966246.000000 

27425884.000000 15106338.000000 
23376824.000000 16204170.000000 
19504784.000000 22931802.000000 
22461160.000000 16424516.000000 
26814106.000000 15183398.000000 
26457928.000000 15489908.000000 
19396804.000000 23025264.000000 
23933148.000000 16157768.000000 
26539716.000000 15338930.000000 
27295464.000000 15139740.000000 
20544662.000000 17847244.000000 
21056730.000000 17752106.000000 
25775056.000000 15627596.000000 
22413854.000000 16632580.000000 
21389016.000000 17400724.000000 
21108428.000000 17439292.000000 
24309346.000000 15972576.000000 
21723464.000000 17163542.000000 
19747604.000000 18689276.000000 
20378436.000000 17889140.000000 
24980498.000000 15862846.000000 
21762928.000000 17014298.000000 
21788334.000000 16670282.000000 
27438968.000000 15022628.000000 
27482406.000000 14997188.000000 
26368696.000000 15532808.000000 
26172552.000000 15579650.000000 
25429106.000000 15841654.000000 

20211752.000000 23004814.000000 
20831624.000000 17830954.000000 
21072508.000000 16941326.000000 
20704682.000000 18189992.000000 
20637910.000000 19544694.000000 
22798196.000000 16566114.000000 
20365248.000000 22542676.000000 
23004500.000000 16314982.000000 
24130494.000000 15128362.000000 
23931804.000000 15463788.000000 
20425624.000000 20252950.000000 
22522772.000000 16910460.000000 
22761532.000000 16667104.000000 
22898480.000000 16369644.000000 
23565604.000000 15622242.000000 
27563278.000000 14834042.000000 
25644400.000000 15074776.000000 

21662236.000000 17771058.000000 
26150242.000000 14946364.000000 
26517052.000000 14837018.000000 
19967344.000000 22137254.000000 
19763188.000000 22338700.000000 
19747766.000000 22456922.000000 
23323690.000000 15759560.000000 
20324148.000000 20530228.000000 
20105034.000000 21775842.000000 
19892086.000000 22186692.000000 
23194560.000000 16300520.000000 
21592568.000000 17996412.000000 
21868982.000000 17293422.000000 
22969170.000000 16949070.000000 
24773654.000000 15111788.000000 
25452296.000000 15072424.000000 
26060198.000000 15027766.000000 
23480986.000000 15609992.000000 
20637698.000000 20010388.000000 
20834508.000000 19429804.000000 
20950820.000000 18922776.000000 
22603478.000000 17154454.000000 
24053014.000000 15415298.000000 
23880898.000000 15443432.000000 

21212966.000000 19240034.000000 
20745896.000000 20203448.000000 
20999392.000000 19265814.000000 
20374858.000000 21531176.000000 
20237356.000000 21892012.000000 
25442528.000000 14407092.000000 
22241192.000000 18432156.000000 
26575862.000000 14385096.000000 
22744674.000000 16484088.000000 
22041622.000000 19121316.000000 
22092054.000000 18656388.000000 
22176742.000000 18547512.000000 
22590850.000000 17324786.000000 
22613100.000000 17195186.000000 
22520468.000000 17756364.000000 
25200592.000000 15068270.000000 
22671740.000000 17092628.000000 
22291888.000000 18307524.000000 
22583798.000000 17736624.000000 
25138414.000000 15097686.000000 
23928456.000000 15747502.000000 
24425464.000000 15246694.000000 
23466636.000000 15898576.000000 
23094138.000000 16108216.000000 
22919826.000000 16269102.000000 
23304718.000000 16060306.000000 

19573462.000000 21947576.000000 
19467582.000000 22236370.000000 
19233682.000000 22317478.000000 
21991400.000000 18615418.000000 
22376322.000000 18327194.000000 
22890358.000000 18128796.000000 
22008488.000000 18389306.000000 
21683470.000000 19711722.000000 
19838424.000000 21580526.000000 
19604524.000000 21661634.000000 
24423602.000000 14943822.000000 
25377602.000000 14619870.000000 
25860890.000000 14426566.000000 
26490586.000000 14068274.000000 
26432098.000000 14200772.000000 
20111290.000000 21189622.000000 
20728968.000000 20043380.000000 
20661418.000000 20381196.000000 
20855900.000000 19950680.000000 
18849728.000000 22820702.000000 
25321872.000000 14734422.000000 
25075220.000000 14808520.000000 
21771232.000000 18840822.000000 
22565648.000000 18140566.000000 
22964444.000000 17617030.000000 
20684806.000000 20207446.000000 
23825946.000000 16128370.000000 
23122284.000000 16595134.000000 
23016920.000000 17560194.000000 
20330958.000000 21152996.000000 
27224894.000000 13581526.000000 
27140816.000000 13677584.000000 
23976798.000000 15417308.000000 
24308566.000000 15319270.000000 
19140552.000000 22369694.000000 
20443794.000000 20808392.000000 
26757394.000000 13957772.000000 
26910922.000000 13838104.000000 

28773444.000000 14301970.000000 
26944584.000000 14839592.000000 
25881354.000000 15138470.000000 
26324026.000000 14902910.000000 
21956126.000000 17084278.000000 
21217906.000000 17599904.000000 
20936944.000000 18026150.000000 
20681914.000000 18579642.000000 
24609654.000000 15821310.000000 
24772406.000000 15738564.000000 
20355686.000000 19366342.000000 
28016948.000000 14513950.000000 
20056616.000000 20880682.000000 
22813824.000000 16328324.000000 
28664818.000000 14484072.000000 
20363460.000000 19181490.000000 
20101034.000000 19758524.000000 
23551472.000000 15924232.000000 
23198382.000000 16079954.000000 
23068276.000000 16157464.000000 
26938014.000000 14864910.000000 
26148012.000000 15069190.000000 
27060140.000000 14517546.000000 
25540822.000000 15297454.000000 
26216260.000000 15037732.000000 
28649136.000000 14511918.000000 
22515090.000000 16444166.000000 
22097898.000000 16936818.000000 
21814392.000000 17224600.000000 
28729202.000000 14463910.000000 

19616386.000000 21101620.000000 
19738936.000000 20418166.000000 
19347110.000000 22538450.000000 
26043646.000000 14974356.000000 
20399182.000000 18256962.000000 
20734118.000000 17554998.000000 
21772590.000000 17506998.000000 
23062718.000000 15612244.000000 
28223442.000000 14892652.000000 
24594138.000000 15237282.000000 
25773278.000000 15029624.000000 
20105764.000000 18760944.000000 
20045522.000000 20202246.000000 
22014346.000000 17124398.000000 
22713170.000000 15614688.000000 
21953332.000000 17460954.000000 
22137496.000000 16733122.000000 
23804284.000000 15320640.000000 
25527866.000000 15120848.000000 

19644752.000000 20130528.000000 
20580112.000000 19767746.000000 
24907350.000000 15580702.000000 
22722032.000000 17265874.000000 
21691080.000000 18316306.000000 
22658580.000000 18131608.000000 
21778426.000000 18292738.000000 
21512996.000000 19057756.000000 
21768328.000000 18295512.000000 
25813924.000000 15492878.000000 
25847378.000000 15485742.000000 
22376080.000000 18178152.000000 
19262758.000000 20974558.000000 
19090968.000000 22363934.000000 
19182546.000000 22311464.000000 
22780550.000000 16867300.000000 
23192798.000000 15591998.000000 
23141600.000000 15620294.000000 
20810762.000000 19313980.000000 
21123818.000000 19070500.000000 
22528560.000000 18159222.000000 
25673842.000000 15498758.000000 
20417828.000000 19889276.000000 

20709292.000000 19842200.000000 
20034930.000000 20736936.000000 
23731532.000000 15804174.000000 
20592770.000000 20266282.000000 
19343630.000000 21314712.000000 
19869838.000000 21260910.000000 
22740982.000000 16714294.000000 
20410578.000000 20690750.000000 
20950642.000000 18342506.000000 
21644438.000000 17700464.000000 
20960402.000000 17916002.000000 
21787340.000000 17187306.000000 
28668038.000000 14765772.000000 
27768666.000000 14838504.000000 
27759790.000000 15004554.000000 
23047328.000000 16451180.000000 
21726790.000000 17614848.000000 
26311690.000000 15260118.000000 
26033302.000000 15313074.000000 
22919308.000000 16512276.000000 
22152104.000000 16960254.000000 
24000068.000000 15403550.000000 
25490084.000000 15320354.000000 
27697840.000000 15117252.000000 
26988300.000000 15228522.000000 

27212112.000000 14780108.000000 
27722870.000000 14500314.000000 
19332564.000000 22308948.000000 
18967372.000000 22486566.000000 
21977862.000000 16364704.000000 
27256708.000000 14684828.000000 
27767520.000000 14404860.000000 
26510048.000000 14949518.000000 
18743706.000000 23607900.000000 
27171014.000000 14810488.000000 
20587190.000000 17241976.000000 
20226388.000000 18217004.000000 
19827018.000000 19829324.000000 
19793682.000000 20537666.000000 
19894924.000000 19653856.000000 
22379374.000000 16066602.000000 
21257890.000000 16623016.000000 
26229184.000000 14952938.000000 
25622560.000000 15248064.000000 
24223754.000000 15253752.000000 
23320206.000000 15263494.000000 
23203680.000000 15416442.000000 

28331306.000000 14700130.000000 
28022548.000000 14711472.000000 
27996118.000000 14847894.000000 
21866046.000000 18309754.000000 
22953546.000000 15679146.000000 
23415060.000000 15395094.000000 
21933426.000000 17292142.000000 
25640012.000000 14954644.000000 
25854252.000000 14872484.000000 
19248384.000000 21622628.000000 
19299492.000000 21492158.000000 
19316540.000000 21005746.000000 
25504638.000000 15032750.000000 
20420372.000000 19506528.000000 
24464842.000000 15275006.000000 
24584730.000000 15193190.000000 
22513850.000000 15986240.000000 
20887314.000000 18877542.000000 
20770146.000000 19360810.000000 
22505486.000000 16225652.000000 
19688094.000000 20069074.000000 
20772686.000000 19094518.000000 
21502580.000000 18398154.000000 
21149750.000000 18546886.000000 
19241622.000000 21988208.000000 
19348680.000000 20324688.000000 
25109282.000000 15072836.000000 

19556170.000000 19668638.000000 
19638630.000000 19543656.000000 
20817392.000000 17691996.000000 
22377252.000000 17157886.000000 
24646102.000000 16611768.000000 
20180830.000000 18963948.000000 
23820196.000000 16680750.000000 
20735590.000000 17974594.000000 
24143226.000000 16656410.000000 
27778270.000000 15127442.000000 
27832194.000000 15063196.000000 
19934848.000000 19159292.000000 
23769778.000000 16970552.000000 
21692650.000000 17560984.000000 
23140110.000000 17046062.000000 
25532946.000000 15571508.000000 
25156772.000000 15681006.000000 
26884490.000000 15199290.000000 
21891642.000000 17432910.000000 
21986384.000000 17257040.000000 
22042008.000000 17174708.000000 
20996230.000000 17661396.000000 
20781046.000000 17963020.000000 
20307976.000000 18132690.000000 
21959612.000000 17399294.000000 
21373214.000000 17626232.000000 
24560372.000000 16646716.000000 
20246574.000000 18543436.000000 
20578624.000000 18097468.000000 
24883886.000000 16540260.000000 

