23716282.000000 15144326.000000 
24246752.000000 15064676.000000 
22380762.000000 15816936.000000 
23472998.000000 15198720.000000 
24250182.000000 15039452.000000 
23319182.000000 15334928.000000 
22151296.000000 15971788.000000 
21998662.000000 16082832.000000 
22151506.000000 15876580.000000 
21519768.000000 16573200.000000 
24738982.000000 14856384.000000 
25506092.000000 14533750.000000 
21539878.000000 16563460.000000 
23006434.000000 15620410.000000 
23157878.000000 15489506.000000 
24741562.000000 14799398.000000 
25037538.000000 14677880.000000 
25694586.000000 14460110.000000 
25048498.000000 14620708.000000 
26910474.000000 14366112.000000 
25694792.000000 14402904.000000 
21715940.000000 16354658.000000 
24593518.000000 14978352.000000 
24625274.000000 14945356.000000 
21298778.000000 16811920.000000 
21996120.000000 16140766.000000 
21467814.000000 16596278.000000 
24045798.000000 15082658.000000 
21780884.000000 16154924.000000 
21611848.000000 16370566.000000 
22018186.000000 16003118.000000 
23304470.000000 15423168.000000 
23151530.000000 15548868.000000 

23685148.000000 14760164.000000 
23318070.000000 14885686.000000 
23337966.000000 14811302.000000 
23828260.000000 14747778.000000 
20855708.000000 15975258.000000 
22089476.000000 15232128.000000 
19500188.000000 20677378.000000 
21799196.000000 15479526.000000 
21116676.000000 15949082.000000 
20085338.000000 16774938.000000 
22013006.000000 15300018.000000 
20693580.000000 16050838.000000 
20238468.000000 16622030.000000 
20156136.000000 16741628.000000 
20622162.000000 16171204.000000 
22109872.000000 15149192.000000 
22083454.000000 15280454.000000 
22231616.000000 15104170.000000 
20555772.000000 16204172.000000 
20621956.000000 16188222.000000 
20663044.000000 16135016.000000 
20424254.000000 16236334.000000 
20270854.000000 16389308.000000 
20341444.000000 16355990.000000 
21025980.000000 15971010.000000 
19778406.000000 17011596.000000 
21648966.000000 15527736.000000 
21332990.000000 15679358.000000 
20146206.000000 16766666.000000 
19990786.000000 16847464.000000 
20216030.000000 16733534.000000 
19937706.000000 16924806.000000 
21913598.000000 15367768.000000 
21815738.000000 15475496.000000 
19638176.000000 17837518.000000 
21657430.000000 15485926.000000 
21546564.000000 15532956.000000 
21222124.000000 15726388.000000 
21136754.000000 15913138.000000 
21877566.000000 15448504.000000 
19525156.000000 19512172.000000 
19665216.000000 17205740.000000 
19572434.000000 19324200.000000 
19594940.000000 19303724.000000 
22007054.000000 15349902.000000 
23042920.000000 15095806.000000 
21525866.000000 15674126.000000 
21141136.000000 15862148.000000 
23134236.000000 14955324.000000 
23045312.000000 15073480.000000 
25058382.000000 14739916.000000 

19467974.000000 17704466.000000 
21666916.000000 15888178.000000 
24681936.000000 13513280.000000 
23842864.000000 14292416.000000 
24402230.000000 13631802.000000 
24052408.000000 13880286.000000 
24330490.000000 13761824.000000 
24611846.000000 13519546.000000 
24340520.000000 13637882.000000 
24109668.000000 13801904.000000 
23900688.000000 14220610.000000 
24699386.000000 13426216.000000 
24040730.000000 14213900.000000 
24765810.000000 13419904.000000 
24446052.000000 13589922.000000 
19455452.000000 17719588.000000 
19907312.000000 17148342.000000 
19387410.000000 18087396.000000 
19693030.000000 17224420.000000 
19633826.000000 17238272.000000 
20036068.000000 17084244.000000 
19846464.000000 17154720.000000 
19943506.000000 17101972.000000 
20548132.000000 16516540.000000 
20686626.000000 16434902.000000 
20708978.000000 16291392.000000 
20454716.000000 16727416.000000 
21780536.000000 15536256.000000 
21631956.000000 15902044.000000 
21279344.000000 16190566.000000 
21347988.000000 15915392.000000 
21999692.000000 14907956.000000 
21844470.000000 15264238.000000 
21947732.000000 15059154.000000 
22428246.000000 14749232.000000 
19276330.000000 18104648.000000 
19591974.000000 17429488.000000 
22225138.000000 14763396.000000 
20100036.000000 16971688.000000 
19444352.000000 17893262.000000 
19497944.000000 17569238.000000 
18900870.000000 18249552.000000 
20260084.000000 16746544.000000 
20696702.000000 16397588.000000 
20535042.000000 16622740.000000 
19089476.000000 18179192.000000 
23028120.000000 14293640.000000 
22658560.000000 14303484.000000 
22598036.000000 14542238.000000 
22646658.000000 14410754.000000 

23311668.000000 14539060.000000 
24673862.000000 13630686.000000 
22561346.000000 14811466.000000 
22569960.000000 14779100.000000 
19590206.000000 16911974.000000 
19789708.000000 16625780.000000 
19616886.000000 16707894.000000 
20233270.000000 16470732.000000 
22633732.000000 14720694.000000 
22106204.000000 15009832.000000 
20151050.000000 16477478.000000 
20810152.000000 15965266.000000 
20460712.000000 16076970.000000 
20349104.000000 16206352.000000 
24594342.000000 13724938.000000 
20322340.000000 16394746.000000 
23332918.000000 14442610.000000 
23921000.000000 13773998.000000 
21723316.000000 15742576.000000 
23419736.000000 13936276.000000 
22171154.000000 14957016.000000 
22828812.000000 14604680.000000 
21816982.000000 15713428.000000 
22197676.000000 14850196.000000 
19586634.000000 16964618.000000 
19222428.000000 17214084.000000 
23159226.000000 14567110.000000 
22701766.000000 14683038.000000 
21855374.000000 15203266.000000 
21877818.000000 15116608.000000 
19046748.000000 17225266.000000 
19001660.000000 17328958.000000 
19244326.000000 17132902.000000 
19264298.000000 17015602.000000 
19387970.000000 16995636.000000 
20307294.000000 16457658.000000 
21439616.000000 15803240.000000 
21322662.000000 15835496.000000 
18817520.000000 18453456.000000 
18638996.000000 18645612.000000 
18837076.000000 18336496.000000 
18788190.000000 18643848.000000 
18804766.000000 18505308.000000 
18974840.000000 17505660.000000 
19236242.000000 17187820.000000 
18956046.000000 18247884.000000 

23546068.000000 14331668.000000 
20573670.000000 16338586.000000 
24065224.000000 14159940.000000 
23805726.000000 14280948.000000 
21028728.000000 16143144.000000 
23074376.000000 14661850.000000 
22928878.000000 14716982.000000 
20113798.000000 16501888.000000 
20903996.000000 16202180.000000 
23175084.000000 14635942.000000 
23031678.000000 14691000.000000 
22138830.000000 15201530.000000 
22282566.000000 15190452.000000 
21155798.000000 15762696.000000 
22488518.000000 15182726.000000 
23632056.000000 14316206.000000 
22684694.000000 14914634.000000 
22669634.000000 14964198.000000 
20393454.000000 16349234.000000 
22856428.000000 14754986.000000 
20377060.000000 16497278.000000 
23106910.000000 14648606.000000 
22752920.000000 14780900.000000 
22537546.000000 15154230.000000 
21955736.000000 15299820.000000 
20843470.000000 16205228.000000 
21919672.000000 15326216.000000 
21855330.000000 15528294.000000 
21960422.000000 15224612.000000 
22722672.000000 14821746.000000 
21898544.000000 15411194.000000 
21565862.000000 15727966.000000 
21618864.000000 15585524.000000 
21055196.000000 15863014.000000 
21098072.000000 15765738.000000 
19444810.000000 16850436.000000 
23430240.000000 14351466.000000 
22514228.000000 15180120.000000 
19922248.000000 16506368.000000 
19721092.000000 16828336.000000 
19784994.000000 16771984.000000 
23258674.000000 14518650.000000 

18751146.000000 17763088.000000 
18719082.000000 17775118.000000 
26406328.000000 14246376.000000 
18663138.000000 17817536.000000 
19762022.000000 16223904.000000 
20718508.000000 15652166.000000 
20801010.000000 15484050.000000 
22546320.000000 14925866.000000 
22101876.000000 15164414.000000 
22624676.000000 14855960.000000 
22771766.000000 14824034.000000 
22538112.000000 14948452.000000 
20887476.000000 15370224.000000 
22129612.000000 15103660.000000 
19743028.000000 16338882.000000 
22181334.000000 14980904.000000 
21440430.000000 15279908.000000 
20477506.000000 15725146.000000 
21977512.000000 15200236.000000 
23556728.000000 14539288.000000 
25672190.000000 14497908.000000 
19944702.000000 16032896.000000 
20064386.000000 15865332.000000 
19771094.000000 16222922.000000 
19772942.000000 16106842.000000 
19782014.000000 16105860.000000 
19732980.000000 16405292.000000 
19981318.000000 15919728.000000 
18330316.000000 18009812.000000 
20101100.000000 15752010.000000 
18476236.000000 17950558.000000 
18830000.000000 17582634.000000 
18698080.000000 17801768.000000 
19038766.000000 17367302.000000 
18973636.000000 17395766.000000 
18495352.000000 17943832.000000 
18861526.000000 17480576.000000 
25958890.000000 14391384.000000 
22807198.000000 14819198.000000 
22455510.000000 14958228.000000 
19200380.000000 16906718.000000 
18347140.000000 18002108.000000 
26079144.000000 14375454.000000 
21858502.000000 15220398.000000 
19509966.000000 16619290.000000 
19201972.000000 16895088.000000 
19054622.000000 16995868.000000 
19361544.000000 16730090.000000 
24001576.000000 14500186.000000 
25681656.000000 14497494.000000 
26080620.000000 14361312.000000 
22924742.000000 14776344.000000 
22952900.000000 14773960.000000 
22108192.000000 15107558.000000 
21709532.000000 15232764.000000 
18939828.000000 17423542.000000 
23027854.000000 14630816.000000 
19623426.000000 16502614.000000 
18562364.000000 17871040.000000 
19039614.000000 17255540.000000 
19054316.000000 17161186.000000 
19660300.000000 16429040.000000 

20804652.000000 16226488.000000 
19719456.000000 17730278.000000 
20311110.000000 16785762.000000 
19970346.000000 17219626.000000 
21268486.000000 15727832.000000 
21062618.000000 15748618.000000 
19986852.000000 17004080.000000 
22528748.000000 15128172.000000 
21378808.000000 15583620.000000 
20892336.000000 15913118.000000 
20271388.000000 16829802.000000 
20486616.000000 16226896.000000 
20830472.000000 16023466.000000 
20380058.000000 16413430.000000 
21420882.000000 15526770.000000 
22564990.000000 14933838.000000 
21742124.000000 15273836.000000 
21557176.000000 15293722.000000 
22428696.000000 15166886.000000 

21293774.000000 15323202.000000 
22415212.000000 14984594.000000 
20694770.000000 15725502.000000 
23027960.000000 14561564.000000 
19744368.000000 16676554.000000 
23126002.000000 14521840.000000 
22860176.000000 14707304.000000 
20438094.000000 15837588.000000 
21075740.000000 15382092.000000 
20761190.000000 15653024.000000 
21937182.000000 15177670.000000 
22290354.000000 15066512.000000 
22110174.000000 15083010.000000 
21944012.000000 15177006.000000 
23955530.000000 14172038.000000 
22295324.000000 15004552.000000 
22751380.000000 14746994.000000 
23760338.000000 14212276.000000 
24236324.000000 14000348.000000 
23610192.000000 14344364.000000 
23914552.000000 14181148.000000 
23491288.000000 14383272.000000 
24041132.000000 14040586.000000 
22604726.000000 14806142.000000 
23160526.000000 14506366.000000 
24734074.000000 13921512.000000 
24800996.000000 13782734.000000 
24762190.000000 13806046.000000 
24829112.000000 13667268.000000 
23050002.000000 14545088.000000 
24624572.000000 13996716.000000 
21881644.000000 15202566.000000 
22547972.000000 14845034.000000 
21994684.000000 15143214.000000 
22020322.000000 15117468.000000 
25582534.000000 13607144.000000 
21380932.000000 15235562.000000 
21771130.000000 15233702.000000 
19627262.000000 16738118.000000 
19849500.000000 16377146.000000 
20350204.000000 15872260.000000 
19787606.000000 16647730.000000 
19206552.000000 16907308.000000 
20523748.000000 15803524.000000 
19465734.000000 16747362.000000 
20944964.000000 15538282.000000 
20882536.000000 15595368.000000 
19817418.000000 16619590.000000 
19020562.000000 17250442.000000 
20267072.000000 15915610.000000 
20058364.000000 16043132.000000 
19969538.000000 16093968.000000 
20205028.000000 15978514.000000 
20979180.000000 15534890.000000 
22399410.000000 14991194.000000 
22456164.000000 14952302.000000 

21852498.000000 15097586.000000 
19206670.000000 17774518.000000 
23450566.000000 14198036.000000 
23680706.000000 14084930.000000 
19272308.000000 17583496.000000 
21660902.000000 15219622.000000 
24343756.000000 13978284.000000 
21688172.000000 15122296.000000 
23591724.000000 14187086.000000 
24265318.000000 14059700.000000 
23364816.000000 14233726.000000 
23786248.000000 14061114.000000 
23216404.000000 14508428.000000 
23283990.000000 14295558.000000 
23133846.000000 14583180.000000 
22547196.000000 14666318.000000 
21646336.000000 15225590.000000 
22335126.000000 14775870.000000 
19597506.000000 17281332.000000 
22426934.000000 14683194.000000 
22275106.000000 14808460.000000 
22366862.000000 14715736.000000 
21623480.000000 15280012.000000 
22216118.000000 14884946.000000 
22080592.000000 14934810.000000 
22137514.000000 14914760.000000 
20759802.000000 16011062.000000 
22024222.000000 14966836.000000 
19263610.000000 17661124.000000 
21024676.000000 15732900.000000 
20920558.000000 15879618.000000 
21644538.000000 15279082.000000 
20689144.000000 16107314.000000 
21197822.000000 15570598.000000 
20915530.000000 15988612.000000 
21016272.000000 15866438.000000 
20976526.000000 15870390.000000 
21098512.000000 15693684.000000 
20823974.000000 15997900.000000 
20918590.000000 15905018.000000 
20629660.000000 16114942.000000 
20286234.000000 16373358.000000 
23121980.000000 14634068.000000 
19658808.000000 16997996.000000 
19693084.000000 16903160.000000 
19629666.000000 17091786.000000 
19797136.000000 16820464.000000 
20731342.000000 16022872.000000 
21434096.000000 15281722.000000 
21305514.000000 15508448.000000 
21393224.000000 15297752.000000 
21306142.000000 15475014.000000 
21405800.000000 15297214.000000 
21446646.000000 15281160.000000 
21349534.000000 15459280.000000 
22023838.000000 15021066.000000 
19953670.000000 16570510.000000 
19974772.000000 16493358.000000 
20696340.000000 16065880.000000 
20298192.000000 16253522.000000 
20305082.000000 16172994.000000 
19359554.000000 17367148.000000 
19350856.000000 17444776.000000 
19561280.000000 17310158.000000 

23163262.000000 14923040.000000 
22901904.000000 15041820.000000 
22961418.000000 14956490.000000 
23710482.000000 14644530.000000 
23223818.000000 14907656.000000 
22181532.000000 15550866.000000 
22399458.000000 15098618.000000 
22169590.000000 15576698.000000 
22266512.000000 15175310.000000 
22248578.000000 15201174.000000 
22381416.000000 15124442.000000 
19713004.000000 16106504.000000 
17949206.000000 18759094.000000 
18774214.000000 17306238.000000 
18842550.000000 17244244.000000 
19175976.000000 16874108.000000 
22239982.000000 15272886.000000 
19298068.000000 16695690.000000 
22862932.000000 15083630.000000 
18316274.000000 17756420.000000 
22232592.000000 15278010.000000 
22353022.000000 15141464.000000 
22360520.000000 15136380.000000 
19475518.000000 16553568.000000 
19398452.000000 16634602.000000 
22891430.000000 15076796.000000 
18383526.000000 17699106.000000 
18642530.000000 17370256.000000 
18927892.000000 16981990.000000 
18575036.000000 17382012.000000 
19246104.000000 16759798.000000 
19132078.000000 16917608.000000 
19134958.000000 16893734.000000 
18958862.000000 16933826.000000 
18506672.000000 17439366.000000 
18890622.000000 16995376.000000 
18859698.000000 17043864.000000 
21024530.000000 15578236.000000 
20671190.000000 15736464.000000 
18013102.000000 18651536.000000 
19701884.000000 16141006.000000 
19782014.000000 16105860.000000 
19800144.000000 16060868.000000 
20101100.000000 15752010.000000 
19821666.000000 15973288.000000 
19919828.000000 15893304.000000 
19616942.000000 16248736.000000 
19502550.000000 16326486.000000 
19454748.000000 16625308.000000 
19609148.000000 16249432.000000 
19494710.000000 16326858.000000 

18997868.000000 17355336.000000 
21674660.000000 14648120.000000 
19000570.000000 17219058.000000 
21703480.000000 14572942.000000 
23398774.000000 13551720.000000 
24407682.000000 13051596.000000 
22621818.000000 14139284.000000 
18892244.000000 18713836.000000 
21935234.000000 14557070.000000 
24088286.000000 13194722.000000 
20675124.000000 15380452.000000 
20507388.000000 15400180.000000 
22319724.000000 14282276.000000 
20311788.000000 15641676.000000 
20255442.000000 15648756.000000 
20385646.000000 15511176.000000 
20169224.000000 15650212.000000 
20102334.000000 15678032.000000 
23772194.000000 13216540.000000 
23715356.000000 13278138.000000 
22766170.000000 13912220.000000 
24139988.000000 13088696.000000 
23540644.000000 13456984.000000 
22946064.000000 13631400.000000 
22838190.000000 13786888.000000 
19084826.000000 16779452.000000 
19912734.000000 15990956.000000 
22302404.000000 14439468.000000 
20930220.000000 15136500.000000 
19176608.000000 16612770.000000 
22349846.000000 14176702.000000 
22159294.000000 14551290.000000 
20076998.000000 15818930.000000 
19983588.000000 15825442.000000 
19789326.000000 16141986.000000 
19401408.000000 16524368.000000 
21366450.000000 14708802.000000 
21275682.000000 14950922.000000 
21088486.000000 15078790.000000 
20553720.000000 15386472.000000 
19005376.000000 17010658.000000 
19437872.000000 16378978.000000 
18985160.000000 17950586.000000 
19912112.000000 16001154.000000 
19895344.000000 16102630.000000 
19531832.000000 16214598.000000 
19753838.000000 16150204.000000 
21251908.000000 15025818.000000 
20400510.000000 15504536.000000 
18942548.000000 18055190.000000 
20896128.000000 15222048.000000 
22349256.000000 14234598.000000 
21337630.000000 14783980.000000 
22311578.000000 14336060.000000 
20838060.000000 15334622.000000 
25114714.000000 13041026.000000 
25123536.000000 12991698.000000 

20312140.000000 16424330.000000 
24638828.000000 13995934.000000 
20345228.000000 16373086.000000 
20942100.000000 15849844.000000 
24841710.000000 13862908.000000 
24899996.000000 13717290.000000 
25402594.000000 13470862.000000 
25121000.000000 13576542.000000 
24651526.000000 13954766.000000 
24853740.000000 13752100.000000 
20252690.000000 16425114.000000 
24733982.000000 13917506.000000 
25820462.000000 13374048.000000 
24489334.000000 14202150.000000 
20963936.000000 15743080.000000 
21170760.000000 15701528.000000 
21580626.000000 15284282.000000 
23388826.000000 14346762.000000 
23615626.000000 14328538.000000 
21617720.000000 15160546.000000 
21610750.000000 15211466.000000 
21646148.000000 15090336.000000 
23314344.000000 14348192.000000 
20357644.000000 16324326.000000 
19413592.000000 17041444.000000 
19749522.000000 16504780.000000 
22688266.000000 14358000.000000 
21817622.000000 14878546.000000 
21775018.000000 14999850.000000 
22017336.000000 14826476.000000 
22498098.000000 14656448.000000 
19368428.000000 17070036.000000 
22602068.000000 14538934.000000 
22132146.000000 14795274.000000 
22419604.000000 14750928.000000 
21188250.000000 15696840.000000 
19685670.000000 16785994.000000 
23849658.000000 14271326.000000 
20644792.000000 16027114.000000 
20661014.000000 15913350.000000 
20468036.000000 16147090.000000 
20373126.000000 16273350.000000 
19476186.000000 16858902.000000 
20139640.000000 16461918.000000 
21197308.000000 15622148.000000 
21402154.000000 15492704.000000 
19503524.000000 16857082.000000 
21529322.000000 15368392.000000 
24434630.000000 14263024.000000 

20334838.000000 16746856.000000 
22493890.000000 15319960.000000 
20469928.000000 16664528.000000 
20548820.000000 16605338.000000 
21975962.000000 15655450.000000 
22678450.000000 14773304.000000 
22451016.000000 15364914.000000 
22105450.000000 15454098.000000 
22068528.000000 15532428.000000 
20972826.000000 16147616.000000 
23497528.000000 14128570.000000 
23276170.000000 14174684.000000 
23072328.000000 14363084.000000 
22171228.000000 15422224.000000 
20502712.000000 16628922.000000 
22877588.000000 14590096.000000 
22600212.000000 15197904.000000 
22502656.000000 15203720.000000 
22201418.000000 15373808.000000 
22040680.000000 15583124.000000 
21101770.000000 16126720.000000 
20727410.000000 16354518.000000 
20810522.000000 16268672.000000 
20619646.000000 16458172.000000 
19878230.000000 17248628.000000 
20041606.000000 17085062.000000 
20293750.000000 16957034.000000 
20819332.000000 16255108.000000 
20508496.000000 16621006.000000 
20573918.000000 16461960.000000 
20233682.000000 17010928.000000 
20190756.000000 17014188.000000 
20948278.000000 16234162.000000 
19102892.000000 18655618.000000 
20644868.000000 16368638.000000 
19841130.000000 17408624.000000 
19601930.000000 17589942.000000 
19358498.000000 17773646.000000 
19330386.000000 17969758.000000 
21700766.000000 15830126.000000 
19789980.000000 17495322.000000 
19199444.000000 18078140.000000 
19846368.000000 17307054.000000 
19611774.000000 17504706.000000 
19584558.000000 17690682.000000 
19171332.000000 18274252.000000 
19570300.000000 17716982.000000 
21791572.000000 15675054.000000 
21360578.000000 15946056.000000 
21292016.000000 16095590.000000 
19126476.000000 18454770.000000 
18998846.000000 19177846.000000 
26046452.000000 14096472.000000 
18944156.000000 19413220.000000 
18821964.000000 19436954.000000 

23166112.000000 14556792.000000 
20685348.000000 15471470.000000 
20978408.000000 15409952.000000 
22343382.000000 14993042.000000 
22404360.000000 14904712.000000 
21120576.000000 15221308.000000 
22601092.000000 14664676.000000 
21244990.000000 15159420.000000 
21632454.000000 15151214.000000 
22012774.000000 15060864.000000 
21832628.000000 15091018.000000 
21801730.000000 15148864.000000 
21026620.000000 15337260.000000 
19485688.000000 16719442.000000 
18196672.000000 18353822.000000 
19523156.000000 16658814.000000 
19519664.000000 16719352.000000 
19344968.000000 16906454.000000 
19216138.000000 17036184.000000 
20264512.000000 15563822.000000 
20431982.000000 15504038.000000 
20041692.000000 15725862.000000 
20097504.000000 15608218.000000 
20268366.000000 15552918.000000 
19774014.000000 16286224.000000 
19970950.000000 15992956.000000 
19894628.000000 16227720.000000 
19604544.000000 16345136.000000 
20065076.000000 15670358.000000 
19561590.000000 16504226.000000 
18047474.000000 18405490.000000 
18725642.000000 17092268.000000 
18607886.000000 17320008.000000 
23032804.000000 14598594.000000 
22193436.000000 15001086.000000 
21921972.000000 15071092.000000 
22504690.000000 14829332.000000 
23107636.000000 14578838.000000 
23268810.000000 14404178.000000 
22894634.000000 14621166.000000 
23515962.000000 14394522.000000 

19925626.000000 16180010.000000 
19970950.000000 15992956.000000 
19036704.000000 17165978.000000 
19463440.000000 16939482.000000 
19340494.000000 17116074.000000 
18920884.000000 17495178.000000 
22705522.000000 14866256.000000 
19477888.000000 16523152.000000 
19769748.000000 16341722.000000 
19602732.000000 16400352.000000 
25621752.000000 13796160.000000 
19517424.000000 16457922.000000 
19569452.000000 16430280.000000 
19774014.000000 16286224.000000 
19604544.000000 16345136.000000 
22587086.000000 15004424.000000 
20978408.000000 15409952.000000 
21120576.000000 15221308.000000 
21244990.000000 15159420.000000 
21026620.000000 15337260.000000 
22354404.000000 15101012.000000 
20431982.000000 15504038.000000 
20264512.000000 15563822.000000 
20041692.000000 15725862.000000 
20268366.000000 15552918.000000 
20097504.000000 15608218.000000 
20065076.000000 15670358.000000 
22003934.000000 15119432.000000 
20685348.000000 15471470.000000 
22738688.000000 14823374.000000 
21835474.000000 15121598.000000 
21448526.000000 15139348.000000 
21682902.000000 15132802.000000 
22237872.000000 15117896.000000 
22731574.000000 14856020.000000 
22857646.000000 14585742.000000 
22740976.000000 14754632.000000 
22508440.000000 15056698.000000 
22660248.000000 14866818.000000 
18743628.000000 18102314.000000 
22539832.000000 15029056.000000 
19454594.000000 17106732.000000 
18508792.000000 18547418.000000 
18478666.000000 18671452.000000 
23825868.000000 13946028.000000 
22810350.000000 14698442.000000 
22826160.000000 14687508.000000 
22962474.000000 14417928.000000 
22834912.000000 14586736.000000 
23041076.000000 14376372.000000 
22818442.000000 14688128.000000 
22635326.000000 14904612.000000 
26916494.000000 13655544.000000 
26063496.000000 13693554.000000 
23435652.000000 14026542.000000 
23266378.000000 14196698.000000 
22595260.000000 14937986.000000 
22892840.000000 14562634.000000 
22759026.000000 14730210.000000 
23191178.000000 14207996.000000 
24075782.000000 13808592.000000 
23597138.000000 13947234.000000 
23352664.000000 14103000.000000 
23135174.000000 14276844.000000 
23129420.000000 14295360.000000 
22926658.000000 14449778.000000 
18374738.000000 19775618.000000 

18812040.000000 17732076.000000 
19079598.000000 17431448.000000 
19235716.000000 17241616.000000 
22674216.000000 14042770.000000 
22673626.000000 14100666.000000 
22177598.000000 14538614.000000 
24407682.000000 13051596.000000 
22259848.000000 14437614.000000 
22621818.000000 14139284.000000 
21241096.000000 15337700.000000 
21251908.000000 15025818.000000 
21674660.000000 14648120.000000 
21185364.000000 15360954.000000 
22349256.000000 14234598.000000 
22319724.000000 14282276.000000 
24139988.000000 13088696.000000 
22159294.000000 14551290.000000 
22349846.000000 14176702.000000 
21275682.000000 14950922.000000 
21935234.000000 14557070.000000 
21116186.000000 15362654.000000 
21337630.000000 14783980.000000 
20835702.000000 15498630.000000 
20904006.000000 15468736.000000 
23485756.000000 13567506.000000 
20931278.000000 15393680.000000 
21703480.000000 14572942.000000 
21366450.000000 14708802.000000 
22838190.000000 13786888.000000 
24088286.000000 13194722.000000 
19527732.000000 16956036.000000 
19278124.000000 16959652.000000 
22946064.000000 13631400.000000 
18412980.000000 18031960.000000 
18149956.000000 18501866.000000 
19015692.000000 17546826.000000 
18829326.000000 17576598.000000 
18437538.000000 17749996.000000 
23772194.000000 13216540.000000 
23715356.000000 13278138.000000 
23540644.000000 13456984.000000 
20523748.000000 15803524.000000 
20605786.000000 15783408.000000 
20811234.000000 15645348.000000 
21075740.000000 15382092.000000 
20761190.000000 15653024.000000 
20058364.000000 16043132.000000 
19888602.000000 16378458.000000 
19598774.000000 16483544.000000 
19969538.000000 16093968.000000 
20205028.000000 15978514.000000 
20267072.000000 15915610.000000 
19571524.000000 16545682.000000 
20350720.000000 15898032.000000 
20694770.000000 15725502.000000 
20438094.000000 15837588.000000 

24498184.000000 13859892.000000 
23615626.000000 14328538.000000 
24371336.000000 13875100.000000 
23314344.000000 14348192.000000 
23944924.000000 14236252.000000 
23862162.000000 14257492.000000 
24015706.000000 14048884.000000 
21632454.000000 15151214.000000 
21244990.000000 15159420.000000 
21026620.000000 15337260.000000 
22498098.000000 14656448.000000 
20978408.000000 15409952.000000 
21120576.000000 15221308.000000 
22132146.000000 14795274.000000 
22688266.000000 14358000.000000 
20890744.000000 15494972.000000 
22419604.000000 14750928.000000 
22602068.000000 14538934.000000 
20837236.000000 15497958.000000 
19025548.000000 17775242.000000 
19942330.000000 16129414.000000 
19894628.000000 16227720.000000 
19248476.000000 16992894.000000 
19970950.000000 15992956.000000 
19118564.000000 17097110.000000 
19290034.000000 16714910.000000 
19104252.000000 17268562.000000 
19026014.000000 17502272.000000 
19523156.000000 16658814.000000 
19569452.000000 16430280.000000 
20097504.000000 15608218.000000 
20065076.000000 15670358.000000 
20264512.000000 15563822.000000 
19561590.000000 16504226.000000 
19774014.000000 16286224.000000 
19604544.000000 16345136.000000 
20268366.000000 15552918.000000 
21817622.000000 14878546.000000 
20431982.000000 15504038.000000 
22017336.000000 14826476.000000 
21775018.000000 14999850.000000 
20041692.000000 15725862.000000 

19901056.000000 16294776.000000 
22578128.000000 14422590.000000 
19775372.000000 16547610.000000 
18973636.000000 17395766.000000 
19342630.000000 16967436.000000 
22445242.000000 14625820.000000 
18495352.000000 17943832.000000 
18531140.000000 17918274.000000 
18861526.000000 17480576.000000 
19030326.000000 17372222.000000 
18830000.000000 17582634.000000 
18347140.000000 18002108.000000 
20073488.000000 16085802.000000 
21115032.000000 15428124.000000 
20975862.000000 15592980.000000 
21042590.000000 15576118.000000 
19784496.000000 16456474.000000 
19797432.000000 16334526.000000 
19911494.000000 16136006.000000 
21151960.000000 15416752.000000 
19039614.000000 17255540.000000 
19460864.000000 16797798.000000 
19370838.000000 16891862.000000 
18329824.000000 18328774.000000 
18634158.000000 17780918.000000 
19229082.000000 17015780.000000 
19224040.000000 17052136.000000 
19054316.000000 17161186.000000 
18534512.000000 17853570.000000 
18716960.000000 17770544.000000 
18476236.000000 17950558.000000 
18330316.000000 18009812.000000 
18817826.000000 17697248.000000 
18514008.000000 17926210.000000 
18939828.000000 17423542.000000 
19236838.000000 16972302.000000 
19067114.000000 17081352.000000 
19477890.000000 16575040.000000 
21562522.000000 15187202.000000 
21396834.000000 15196942.000000 
21310604.000000 15305754.000000 
20311250.000000 15883406.000000 
20276798.000000 15970128.000000 
20469292.000000 15865118.000000 
20653472.000000 15674608.000000 
22336064.000000 14686162.000000 
22287234.000000 14737882.000000 
23372000.000000 14104696.000000 
22488762.000000 14433590.000000 
21698830.000000 14869354.000000 
21635772.000000 15027954.000000 
21581758.000000 15172844.000000 
21623724.000000 15052770.000000 
21650912.000000 14932922.000000 
20535418.000000 15736394.000000 
20488092.000000 15817068.000000 
23274714.000000 14229366.000000 
21588918.000000 15073958.000000 
22199868.000000 14750114.000000 
21509056.000000 15188076.000000 
22646658.000000 14410754.000000 
22658560.000000 14303484.000000 
22884404.000000 14240250.000000 
18264470.000000 19429394.000000 

19773682.000000 17339262.000000 
19687498.000000 17360510.000000 
18963416.000000 18104170.000000 
20034526.000000 16925630.000000 
19223868.000000 17527390.000000 
19907670.000000 17121638.000000 
20584262.000000 15890074.000000 
19619928.000000 17422952.000000 
21913820.000000 15563454.000000 
19920828.000000 17053032.000000 
19969666.000000 17022222.000000 
18888242.000000 18173156.000000 
20084992.000000 16620828.000000 
20103976.000000 16439978.000000 
20278366.000000 16010962.000000 
20416042.000000 15919792.000000 
20617054.000000 15829710.000000 
20622752.000000 15803828.000000 
20819626.000000 15754582.000000 
19932652.000000 17039550.000000 
18853140.000000 18726030.000000 
19826824.000000 17192620.000000 
19562284.000000 17451212.000000 
18810686.000000 18811518.000000 
19103696.000000 17966768.000000 
19146982.000000 17597148.000000 
22318636.000000 15365848.000000 
22928254.000000 15169326.000000 
24796086.000000 15108036.000000 
22065646.000000 15536868.000000 
19133870.000000 17965116.000000 
22137572.000000 15400758.000000 
21273356.000000 15742414.000000 
21567060.000000 15568296.000000 
21390128.000000 15598870.000000 
22495200.000000 15335146.000000 

19305586.000000 18062164.000000 
21372834.000000 15577680.000000 
22501888.000000 14942626.000000 
22003148.000000 15367750.000000 
21612064.000000 15518984.000000 
22295324.000000 15004552.000000 
22020322.000000 15117468.000000 
22171418.000000 15006096.000000 
21222282.000000 15653868.000000 
22017864.000000 15298756.000000 
20784952.000000 15795976.000000 
21774296.000000 15374950.000000 
21655920.000000 15429630.000000 
21481140.000000 15521298.000000 
21242386.000000 15586926.000000 
19314194.000000 17756314.000000 
22005938.000000 15335664.000000 
20258302.000000 16144714.000000 
19894498.000000 16688542.000000 
20546212.000000 15928106.000000 
19719998.000000 16753484.000000 
20382424.000000 16023912.000000 
20372144.000000 16134742.000000 
20024370.000000 16215150.000000 
20955892.000000 15781630.000000 
19709326.000000 17025118.000000 
19571028.000000 17254956.000000 
19646936.000000 17098902.000000 
19951610.000000 16637904.000000 
19572362.000000 17206250.000000 
20992450.000000 15708246.000000 
20138576.000000 16174078.000000 
20657430.000000 15843898.000000 
23449666.000000 14671368.000000 
19490306.000000 17581400.000000 
19349278.000000 17587628.000000 
23365440.000000 14845062.000000 
23149134.000000 14900856.000000 

19888368.000000 16265854.000000 
18530680.000000 18131392.000000 
24435948.000000 14568400.000000 
21026620.000000 15337260.000000 
21120576.000000 15221308.000000 
21244990.000000 15159420.000000 
21448526.000000 15139348.000000 
22654578.000000 14941754.000000 
18841716.000000 17420438.000000 
18758532.000000 17422722.000000 
18980020.000000 17399304.000000 
23120988.000000 14827848.000000 
20041692.000000 15725862.000000 
19925626.000000 16180010.000000 
19602732.000000 16400352.000000 
19105966.000000 17058920.000000 
23239654.000000 14788848.000000 
20978408.000000 15409952.000000 
20264512.000000 15563822.000000 
20685348.000000 15471470.000000 
20431982.000000 15504038.000000 
19894628.000000 16227720.000000 
19942330.000000 16129414.000000 
19477888.000000 16523152.000000 
22627944.000000 14980364.000000 
20065076.000000 15670358.000000 
20268366.000000 15552918.000000 
20097504.000000 15608218.000000 
19569452.000000 16430280.000000 
19517424.000000 16457922.000000 
19415114.000000 16841338.000000 
19604544.000000 16345136.000000 
18484752.000000 18234872.000000 
19970950.000000 15992956.000000 
19174436.000000 16987196.000000 
19769748.000000 16341722.000000 
19046748.000000 17225266.000000 
19774014.000000 16286224.000000 
19249642.000000 16870876.000000 
19186426.000000 16878096.000000 
19001660.000000 17328958.000000 
23118786.000000 14828946.000000 
22772888.000000 14859510.000000 
18712698.000000 17534274.000000 
22414584.000000 15017844.000000 
22656610.000000 14912124.000000 
23429994.000000 14679288.000000 
23408416.000000 14744262.000000 
23584706.000000 14629930.000000 
22450162.000000 15001454.000000 
23343914.000000 14780138.000000 
21648908.000000 15114134.000000 
21773964.000000 15057092.000000 
22046832.000000 15044678.000000 
19141152.000000 16989816.000000 
25791036.000000 14508452.000000 

25058232.000000 13965824.000000 
25045534.000000 14006992.000000 
24808996.000000 14229414.000000 
25967672.000000 13492416.000000 
19116438.000000 18504550.000000 
25210552.000000 13851410.000000 
19013192.000000 18859980.000000 
24910684.000000 14120976.000000 
19547778.000000 17322788.000000 
25096040.000000 13962442.000000 
19566516.000000 17274636.000000 
24873752.000000 14216986.000000 
25139332.000000 13921076.000000 
25478330.000000 13604064.000000 
25951964.000000 13513544.000000 
25041612.000000 14032842.000000 
24964428.000000 14038750.000000 
25219450.000000 13779436.000000 
25478038.000000 13688316.000000 
25229432.000000 13738246.000000 
25496692.000000 13562688.000000 
19727240.000000 16992056.000000 
20919574.000000 15544680.000000 
19935094.000000 16759136.000000 
19912182.000000 16806458.000000 
20495994.000000 16138492.000000 
19745824.000000 16946042.000000 
20895578.000000 15591928.000000 
20644928.000000 15993910.000000 
20986908.000000 15422600.000000 
20081876.000000 16601432.000000 
20044224.000000 16648684.000000 
20981672.000000 15467816.000000 
20711694.000000 15820820.000000 
20761296.000000 15724788.000000 
20533646.000000 16091240.000000 
20671640.000000 15946684.000000 
20409994.000000 16186468.000000 
20207302.000000 16405002.000000 
20796232.000000 15677514.000000 
20735632.000000 15773408.000000 
20111458.000000 16444704.000000 
20088028.000000 16492244.000000 
20409478.000000 16401234.000000 
19117394.000000 18177776.000000 
19536522.000000 17568330.000000 
19488336.000000 17844866.000000 
24420844.000000 14301546.000000 
24371486.000000 14472046.000000 
24434630.000000 14263024.000000 
24095034.000000 14662792.000000 
23493612.000000 15042318.000000 
24058626.000000 14701846.000000 
24127876.000000 14481804.000000 
23861484.000000 14713586.000000 
23568774.000000 14894568.000000 
23447966.000000 15044366.000000 
19516810.000000 17647310.000000 
19229356.000000 17906034.000000 
22509046.000000 15044440.000000 
21921972.000000 15071092.000000 
19345726.000000 17870318.000000 
19510370.000000 17657222.000000 
21819486.000000 15163868.000000 
21297400.000000 15384064.000000 
21267582.000000 15406390.000000 

22835222.000000 14590414.000000 
24068456.000000 13668854.000000 
18265772.000000 18470254.000000 
19132078.000000 16917608.000000 
23209308.000000 14151080.000000 
23961098.000000 13697234.000000 
22716684.000000 14621378.000000 
18642530.000000 17370256.000000 
18842550.000000 17244244.000000 
22815708.000000 14600430.000000 
19616942.000000 16248736.000000 
23524442.000000 13902958.000000 
23105322.000000 14180940.000000 
22921194.000000 14208064.000000 
23816488.000000 13786652.000000 
23270060.000000 14139138.000000 
24215174.000000 13588438.000000 
23885576.000000 13719566.000000 
23294390.000000 13938974.000000 
23594044.000000 13852744.000000 
23640294.000000 13791738.000000 
18575036.000000 17382012.000000 
22862546.000000 14434366.000000 
19134958.000000 16893734.000000 
19609148.000000 16249432.000000 
18958862.000000 16933826.000000 
17968544.000000 18723886.000000 
18927892.000000 16981990.000000 
24115180.000000 13611476.000000 
22583540.000000 14625514.000000 
22407036.000000 14753698.000000 
18267426.000000 18413490.000000 
18316274.000000 17756420.000000 
18774214.000000 17306238.000000 
18890622.000000 16995376.000000 
19340882.000000 16872094.000000 
19454748.000000 16625308.000000 
19494710.000000 16326858.000000 
19502550.000000 16326486.000000 
18506672.000000 17439366.000000 
18243114.000000 18704290.000000 
19325430.000000 16880128.000000 
17820498.000000 19251374.000000 
21558702.000000 15565724.000000 
18859698.000000 17043864.000000 
17904648.000000 18831444.000000 
20581266.000000 15830884.000000 
21641400.000000 15464892.000000 
22369048.000000 14891690.000000 
22371232.000000 14879668.000000 
22196970.000000 14949110.000000 
21907700.000000 15406284.000000 
22046414.000000 15221776.000000 
19167230.000000 16888838.000000 
20650756.000000 15666538.000000 
19782014.000000 16105860.000000 
19361184.000000 16791234.000000 
20131072.000000 15859406.000000 
19397750.000000 16761346.000000 
19713004.000000 16106504.000000 
19441226.000000 16721908.000000 
19490268.000000 16434696.000000 
22858592.000000 14574272.000000 
20946362.000000 15640978.000000 
21743288.000000 15418128.000000 
21194946.000000 15568112.000000 
21623694.000000 15480046.000000 
20102508.000000 16060882.000000 

24439568.000000 13961990.000000 
23479140.000000 14364996.000000 
21312248.000000 15501142.000000 
21392194.000000 15349510.000000 
21338726.000000 15405406.000000 
21362126.000000 15400118.000000 
21419064.000000 15256248.000000 
21296934.000000 15523134.000000 
21377112.000000 15371544.000000 
21333288.000000 15458942.000000 
20449414.000000 16000480.000000 
22556478.000000 14631752.000000 
22744284.000000 14584158.000000 
20515872.000000 15915190.000000 
20610110.000000 15706218.000000 
24334980.000000 13984398.000000 
20550938.000000 15875478.000000 
18844056.000000 17481668.000000 
19910322.000000 16514322.000000 
18830500.000000 17569380.000000 
19616492.000000 16697842.000000 
21684144.000000 14986932.000000 
21628318.000000 15065356.000000 
21618196.000000 15065480.000000 
21512292.000000 15090674.000000 
21470392.000000 15179314.000000 
19182274.000000 17063846.000000 
21485242.000000 15157278.000000 
22221312.000000 14878620.000000 
20711916.000000 15618618.000000 
21887814.000000 14940842.000000 
19250282.000000 16956008.000000 
19603258.000000 16738934.000000 
18632966.000000 17757240.000000 
20163228.000000 16272824.000000 
19402402.000000 16899090.000000 
19406468.000000 16797140.000000 
18604558.000000 18061050.000000 
18651124.000000 17672668.000000 
18847340.000000 17404848.000000 
18942562.000000 17286612.000000 
18833826.000000 17497672.000000 
19696552.000000 16674678.000000 
19705002.000000 16531984.000000 
19618162.000000 16677352.000000 
19915688.000000 16411876.000000 
19607350.000000 16723822.000000 
19958448.000000 16356172.000000 
20211274.000000 16069100.000000 
22218432.000000 14921546.000000 
22507206.000000 14696966.000000 
22319400.000000 14744560.000000 
23839438.000000 14069362.000000 
20701292.000000 15694076.000000 
21175482.000000 15525918.000000 
23359304.000000 14559584.000000 

21562522.000000 15187202.000000 
18287028.000000 17982792.000000 
21396834.000000 15196942.000000 
18607886.000000 17320008.000000 
18725642.000000 17092268.000000 
18947122.000000 17025400.000000 
20488622.000000 15672854.000000 
20793436.000000 15612294.000000 
19290034.000000 16714910.000000 
19151590.000000 16908404.000000 
17834662.000000 18167606.000000 
19165694.000000 16776634.000000 
19399760.000000 16650016.000000 
19460712.000000 16515130.000000 
19598252.000000 16342766.000000 
19808912.000000 16220366.000000 
19258544.000000 16734464.000000 
20572648.000000 15621836.000000 
20215850.000000 15680848.000000 
20167966.000000 15887336.000000 
20007444.000000 16110612.000000 
19995654.000000 16191882.000000 
20167496.000000 15983956.000000 
20184762.000000 15767382.000000 
18970704.000000 17003666.000000 
18823308.000000 17072282.000000 
19004038.000000 16990206.000000 
21509056.000000 15188076.000000 
18929726.000000 17033688.000000 
18963060.000000 17020228.000000 
18856642.000000 17058822.000000 
18555586.000000 17417020.000000 
18465614.000000 17507210.000000 
18311586.000000 17700828.000000 
20967244.000000 15605876.000000 
18052624.000000 18116598.000000 
21100134.000000 15492212.000000 
21635772.000000 15027954.000000 
19378172.000000 16672098.000000 
19343104.000000 16683198.000000 
21581758.000000 15172844.000000 
21623724.000000 15052770.000000 
21243044.000000 15280296.000000 
21698830.000000 14869354.000000 
21219646.000000 15422918.000000 
21650912.000000 14932922.000000 
21588918.000000 15073958.000000 

23027854.000000 14630816.000000 
22624676.000000 14855960.000000 
18534512.000000 17853570.000000 
18716960.000000 17770544.000000 
18817826.000000 17697248.000000 
18634158.000000 17780918.000000 
22807198.000000 14819198.000000 
21908202.000000 15127234.000000 
21708752.000000 15239558.000000 
21603638.000000 15302452.000000 
21500064.000000 15342534.000000 
20841940.000000 15614754.000000 
22771516.000000 14837996.000000 
21488970.000000 15356758.000000 
21707974.000000 15281092.000000 
22544428.000000 14875070.000000 
22320436.000000 15029904.000000 
22972572.000000 14649656.000000 
18234616.000000 19289658.000000 
18751146.000000 17763088.000000 
18915540.000000 17401684.000000 
18531140.000000 17918274.000000 
18967974.000000 17338190.000000 
18869138.000000 17416016.000000 
18514008.000000 17926210.000000 
20240872.000000 15981280.000000 
18330316.000000 18009812.000000 
18347140.000000 18002108.000000 
19008592.000000 17212080.000000 
18237894.000000 18731130.000000 
19797432.000000 16334526.000000 
18861526.000000 17480576.000000 
19623426.000000 16502614.000000 
18830000.000000 17582634.000000 
18495352.000000 17943832.000000 
19901056.000000 16294776.000000 
19165558.000000 17020190.000000 
18734632.000000 17763816.000000 
19660300.000000 16429040.000000 
19911494.000000 16136006.000000 
19998206.000000 16021808.000000 
19465730.000000 16644120.000000 
19435302.000000 16664602.000000 
19351408.000000 16724048.000000 
19236838.000000 16972302.000000 
19549722.000000 16584520.000000 
18476236.000000 17950558.000000 
19054316.000000 17161186.000000 
19620194.000000 16535120.000000 
21864050.000000 15159238.000000 
21079964.000000 15527036.000000 
20392314.000000 15852882.000000 
20728400.000000 15754872.000000 
19067114.000000 17081352.000000 
19229082.000000 17015780.000000 
19239016.000000 16845424.000000 
20837682.000000 15690490.000000 
21200970.000000 15419888.000000 
19601298.000000 16564344.000000 
19505830.000000 16609936.000000 
19777832.000000 16383414.000000 
19826280.000000 16323694.000000 
20151516.000000 16018290.000000 
20159650.000000 15982804.000000 
20569574.000000 15782768.000000 
20764020.000000 15737568.000000 

21360630.000000 15869104.000000 
19981582.000000 16887110.000000 
21502580.000000 15767040.000000 
23927936.000000 14974046.000000 
24087126.000000 14721388.000000 
18939666.000000 18135226.000000 
19382924.000000 17349440.000000 
21914318.000000 15507954.000000 
21878492.000000 15604808.000000 
20218046.000000 16648914.000000 
22205270.000000 15315262.000000 
23736086.000000 14989244.000000 
23940040.000000 14826302.000000 
21762890.000000 15707020.000000 
22241176.000000 15218376.000000 
21996260.000000 15484878.000000 
22089668.000000 15428328.000000 
19823110.000000 17009404.000000 
19413542.000000 17196066.000000 
19083786.000000 17560528.000000 
19181250.000000 17508012.000000 
23593078.000000 15073996.000000 
21505220.000000 15748458.000000 
19511006.000000 17143550.000000 
21321332.000000 15891372.000000 
21443712.000000 15772638.000000 
21465756.000000 15769764.000000 
20728510.000000 16373422.000000 
20930904.000000 16042300.000000 
19919384.000000 16988570.000000 
20399152.000000 16519066.000000 
20753816.000000 16283740.000000 
20174874.000000 16764004.000000 
20179476.000000 16759294.000000 
20507676.000000 16502580.000000 
20634740.000000 16456848.000000 

21592438.000000 15218968.000000 
24117102.000000 13703944.000000 
20605786.000000 15783408.000000 
23952982.000000 13810744.000000 
20944964.000000 15538282.000000 
20694770.000000 15725502.000000 
22219018.000000 14912530.000000 
22206272.000000 14969382.000000 
23780124.000000 13889836.000000 
22517682.000000 14808296.000000 
20523748.000000 15803524.000000 
20438094.000000 15837588.000000 
20267072.000000 15915610.000000 
20350720.000000 15898032.000000 
20205028.000000 15978514.000000 
20058364.000000 16043132.000000 
19969538.000000 16093968.000000 
19151974.000000 17549162.000000 
21963656.000000 15058236.000000 
21293774.000000 15323202.000000 
19888602.000000 16378458.000000 
19598774.000000 16483544.000000 
19571524.000000 16545682.000000 
20761190.000000 15653024.000000 
21075740.000000 15382092.000000 
19420706.000000 16766802.000000 
19552408.000000 16643524.000000 
20882536.000000 15595368.000000 
18899118.000000 17853338.000000 
23854824.000000 13848728.000000 
18731868.000000 17968436.000000 
22810350.000000 14698442.000000 
23085942.000000 14396174.000000 
23360476.000000 14122858.000000 
23191178.000000 14207996.000000 
23714938.000000 13892454.000000 
22857646.000000 14585742.000000 
22962474.000000 14417928.000000 
22910902.000000 14576862.000000 
23129420.000000 14295360.000000 
23435652.000000 14026542.000000 
23597138.000000 13947234.000000 
24014696.000000 13785698.000000 
24276974.000000 13640914.000000 
23876424.000000 13813146.000000 
20979180.000000 15534890.000000 
21745590.000000 15069192.000000 
18934480.000000 17656872.000000 
19182238.000000 17525990.000000 
18878618.000000 17884738.000000 
19253124.000000 16916356.000000 
19188366.000000 17323660.000000 
21380932.000000 15235562.000000 
19333838.000000 16900810.000000 
19189238.000000 17144116.000000 

23737040.000000 14681122.000000 
19232114.000000 17898758.000000 
23533066.000000 14765208.000000 
19694872.000000 17404782.000000 
21003926.000000 16271738.000000 
19185422.000000 17914214.000000 
21394594.000000 15823342.000000 
19037356.000000 18804526.000000 
21225322.000000 16010174.000000 
21026664.000000 16220528.000000 
21159420.000000 16059212.000000 
21229002.000000 15938506.000000 
21249478.000000 15891796.000000 
21056458.000000 16059542.000000 
21035982.000000 16106252.000000 
21249802.000000 15851414.000000 
21232992.000000 15898170.000000 
23501260.000000 14800984.000000 
22192108.000000 15191556.000000 
19986692.000000 16998232.000000 
20292262.000000 16855788.000000 
20079364.000000 16928604.000000 
20956924.000000 16299232.000000 
20175324.000000 16878042.000000 
20006092.000000 16947746.000000 
20098610.000000 16880256.000000 
18979580.000000 19451762.000000 
22213202.000000 15145028.000000 
22210252.000000 15183080.000000 
19623514.000000 17459060.000000 
19579970.000000 17474780.000000 
21584722.000000 15689760.000000 
19533940.000000 17552584.000000 
19050408.000000 18322312.000000 
19163236.000000 18295138.000000 
19697558.000000 17370846.000000 
22358232.000000 14986708.000000 
22632248.000000 14887506.000000 
19301552.000000 17654942.000000 
19666340.000000 17455570.000000 
19348762.000000 17639268.000000 
19097254.000000 18304718.000000 
21944432.000000 15252934.000000 
20313804.000000 16847738.000000 
21916250.000000 15299474.000000 
20964324.000000 16273024.000000 
20421556.000000 16473030.000000 
20514074.000000 16405540.000000 
20479790.000000 16453626.000000 
20387118.000000 16523254.000000 
20342582.000000 16748844.000000 
20765250.000000 16366956.000000 
20379282.000000 16694120.000000 
20862048.000000 16302774.000000 
20830968.000000 16355012.000000 
19820698.000000 17055392.000000 
19797786.000000 17103694.000000 
19556488.000000 17502362.000000 
19728180.000000 17122882.000000 
19705114.000000 17173322.000000 
22254368.000000 15026174.000000 
22248014.000000 15104240.000000 
21638168.000000 15567864.000000 
21767468.000000 15367882.000000 
22605168.000000 14961172.000000 
21451334.000000 15763202.000000 
21513724.000000 15694924.000000 
22093476.000000 15222386.000000 
21799316.000000 15321388.000000 
21753754.000000 15391690.000000 
21721906.000000 15438184.000000 
21672278.000000 15516870.000000 

25463420.000000 14803446.000000 
22151564.000000 15258384.000000 
22068878.000000 15440996.000000 
23089074.000000 15171620.000000 
19974612.000000 17432800.000000 
19854216.000000 17451042.000000 
20143842.000000 17095066.000000 
20089966.000000 17314586.000000 
20175114.000000 16991190.000000 
25833750.000000 14495032.000000 
21693192.000000 15457548.000000 
24993582.000000 14814450.000000 
20356642.000000 16400318.000000 
22843076.000000 15182424.000000 
20727978.000000 15796370.000000 
20493184.000000 15998410.000000 
20488740.000000 16290576.000000 
23609256.000000 14988856.000000 
23654288.000000 14881290.000000 
23305152.000000 15102916.000000 
22833306.000000 15235694.000000 
21330792.000000 15618884.000000 
19787346.000000 17954464.000000 
20304934.000000 16818962.000000 

