1888.0000000000 2886.0000000000
1889.0000000000 2885.0000000000
2885.0000000000 1889.0000000000
2886.0000000000 1888.0000000000
2882.0000000000 2883.0000000000
2883.0000000000 2882.0000000000

2886.0000000000 1888.0000000000
2885.0000000000 1889.0000000000
2883.0000000000 2882.0000000000
1889.0000000000 2885.0000000000
2882.0000000000 2883.0000000000
1888.0000000000 2886.0000000000

2886.0000000000 1888.0000000000
2885.0000000000 1889.0000000000
2883.0000000000 2882.0000000000
1889.0000000000 2885.0000000000
2882.0000000000 2883.0000000000
1888.0000000000 2886.0000000000

2886.0000000000 1888.0000000000
2885.0000000000 1889.0000000000
2883.0000000000 2882.0000000000
1889.0000000000 2885.0000000000
2882.0000000000 2883.0000000000
1888.0000000000 2886.0000000000

2886.0000000000 1888.0000000000
2885.0000000000 1889.0000000000
2883.0000000000 2882.0000000000
1889.0000000000 2885.0000000000
2882.0000000000 2883.0000000000
1888.0000000000 2886.0000000000

1888.0000000000 2886.0000000000
1889.0000000000 2885.0000000000
2885.0000000000 1889.0000000000
2886.0000000000 1888.0000000000
2882.0000000000 2883.0000000000
2883.0000000000 2882.0000000000

2886.0000000000 1888.0000000000
2885.0000000000 1889.0000000000
2883.0000000000 2882.0000000000
1889.0000000000 2885.0000000000
2882.0000000000 2883.0000000000
1888.0000000000 2886.0000000000

1888.0000000000 2886.0000000000
1889.0000000000 2885.0000000000
2885.0000000000 1889.0000000000
2886.0000000000 1888.0000000000
2882.0000000000 2883.0000000000
2883.0000000000 2882.0000000000

2886.0000000000 1888.0000000000
2885.0000000000 1889.0000000000
2883.0000000000 2882.0000000000
1889.0000000000 2885.0000000000
2882.0000000000 2883.0000000000
1888.0000000000 2886.0000000000

2886.0000000000 1888.0000000000
2885.0000000000 1889.0000000000
2883.0000000000 2882.0000000000
1889.0000000000 2885.0000000000
2882.0000000000 2883.0000000000
1888.0000000000 2886.0000000000

2886.0000000000 1888.0000000000
2885.0000000000 1889.0000000000
2883.0000000000 2882.0000000000
1889.0000000000 2885.0000000000
2882.0000000000 2883.0000000000
1888.0000000000 2886.0000000000

1888.0000000000 2886.0000000000
1889.0000000000 2885.0000000000
2885.0000000000 1889.0000000000
2886.0000000000 1888.0000000000
2882.0000000000 2883.0000000000
2883.0000000000 2882.0000000000

2886.0000000000 1888.0000000000
2885.0000000000 1889.0000000000
2883.0000000000 2882.0000000000
1889.0000000000 2885.0000000000
2882.0000000000 2883.0000000000
1888.0000000000 2886.0000000000

2886.0000000000 1888.0000000000
2885.0000000000 1889.0000000000
2883.0000000000 2882.0000000000
1889.0000000000 2885.0000000000
2882.0000000000 2883.0000000000
1888.0000000000 2886.0000000000

2886.0000000000 1888.0000000000
2885.0000000000 1889.0000000000
2883.0000000000 2882.0000000000
1889.0000000000 2885.0000000000
2882.0000000000 2883.0000000000
1888.0000000000 2886.0000000000

1888.0000000000 2886.0000000000
1889.0000000000 2885.0000000000
2885.0000000000 1889.0000000000
2886.0000000000 1888.0000000000
2882.0000000000 2883.0000000000
2883.0000000000 2882.0000000000

1888.0000000000 2886.0000000000
1889.0000000000 2885.0000000000
2885.0000000000 1889.0000000000
2886.0000000000 1888.0000000000
2882.0000000000 2883.0000000000
2883.0000000000 2882.0000000000

1888.0000000000 2886.0000000000
1889.0000000000 2885.0000000000
2885.0000000000 1889.0000000000
2886.0000000000 1888.0000000000
2882.0000000000 2883.0000000000
2883.0000000000 2882.0000000000

2886.0000000000 1888.0000000000
2885.0000000000 1889.0000000000
2883.0000000000 2882.0000000000
1889.0000000000 2885.0000000000
2882.0000000000 2883.0000000000
1888.0000000000 2886.0000000000

1888.0000000000 2886.0000000000
1889.0000000000 2885.0000000000
2885.0000000000 1889.0000000000
2886.0000000000 1888.0000000000
2882.0000000000 2883.0000000000
2883.0000000000 2882.0000000000

2886.0000000000 1888.0000000000
2885.0000000000 1889.0000000000
2883.0000000000 2882.0000000000
1889.0000000000 2885.0000000000
2882.0000000000 2883.0000000000
1888.0000000000 2886.0000000000

2886.0000000000 1888.0000000000
2885.0000000000 1889.0000000000
2883.0000000000 2882.0000000000
1889.0000000000 2885.0000000000
2882.0000000000 2883.0000000000
1888.0000000000 2886.0000000000

1888.0000000000 2886.0000000000
1889.0000000000 2885.0000000000
2885.0000000000 1889.0000000000
2886.0000000000 1888.0000000000
2882.0000000000 2883.0000000000
2883.0000000000 2882.0000000000

1888.0000000000 2886.0000000000
1889.0000000000 2885.0000000000
2885.0000000000 1889.0000000000
2886.0000000000 1888.0000000000
2882.0000000000 2883.0000000000
2883.0000000000 2882.0000000000

1888.0000000000 2886.0000000000
1889.0000000000 2885.0000000000
2885.0000000000 1889.0000000000
2886.0000000000 1888.0000000000
2882.0000000000 2883.0000000000
2883.0000000000 2882.0000000000

1888.0000000000 2886.0000000000
1889.0000000000 2885.0000000000
2885.0000000000 1889.0000000000
2886.0000000000 1888.0000000000
2882.0000000000 2883.0000000000
2883.0000000000 2882.0000000000

1888.0000000000 2886.0000000000
1889.0000000000 2885.0000000000
2885.0000000000 1889.0000000000
2886.0000000000 1888.0000000000
2882.0000000000 2883.0000000000
2883.0000000000 2882.0000000000

2886.0000000000 1888.0000000000
2885.0000000000 1889.0000000000
2883.0000000000 2882.0000000000
1889.0000000000 2885.0000000000
2882.0000000000 2883.0000000000
1888.0000000000 2886.0000000000

1888.0000000000 2886.0000000000
1889.0000000000 2885.0000000000
2885.0000000000 1889.0000000000
2886.0000000000 1888.0000000000
2882.0000000000 2883.0000000000
2883.0000000000 2882.0000000000

2886.0000000000 1888.0000000000
2885.0000000000 1889.0000000000
2883.0000000000 2882.0000000000
1889.0000000000 2885.0000000000
2882.0000000000 2883.0000000000
1888.0000000000 2886.0000000000

