21214656.000000 3502672.000000 
16325920.000000 4591192.000000 
13497380.000000 6526332.000000 
13225012.000000 6552184.000000 
17244144.000000 4363590.000000 
13802340.000000 6066594.000000 
21299652.000000 3415266.000000 
19346678.000000 3604864.000000 
18965594.000000 3606516.000000 
21420288.000000 3367406.000000 
21472646.000000 3318472.000000 
18131878.000000 3941302.000000 
12713046.000000 8014662.000000 
19924898.000000 3532980.000000 
15035670.000000 5177104.000000 
15828800.000000 4972858.000000 
17376952.000000 4313816.000000 
17626590.000000 4077780.000000 
16812444.000000 4410444.000000 
16117120.000000 4929172.000000 
13842158.000000 6028226.000000 
21269124.000000 3426208.000000 
14337680.000000 5545674.000000 
13925734.000000 5866994.000000 
20829680.000000 3519366.000000 
16123106.000000 4754416.000000 
17326232.000000 4333934.000000 
15367212.000000 5041254.000000 
14673118.000000 5216400.000000 
14309054.000000 5554864.000000 
17528004.000000 4303324.000000 
13994746.000000 5778504.000000 
13656138.000000 6076492.000000 
15600942.000000 5024336.000000 
18562316.000000 3803470.000000 
15548992.000000 5031370.000000 
17166704.000000 4404260.000000 
16120864.000000 4831726.000000 
15323636.000000 5129486.000000 
14629542.000000 5304632.000000 
14293768.000000 5653436.000000 

13182078.000000 6914498.000000 
13326178.000000 6767678.000000 
12523136.000000 7405408.000000 
14149862.000000 5970032.000000 
13188508.000000 6864700.000000 
13312890.000000 6771814.000000 
12653198.000000 7253008.000000 
12601530.000000 7258850.000000 
12829002.000000 7049554.000000 
12279474.000000 7581406.000000 
12508020.000000 7405682.000000 
12818466.000000 7180900.000000 
12048106.000000 7865422.000000 
21193882.000000 3596422.000000 
16790536.000000 4573678.000000 
14595936.000000 5851140.000000 
17291042.000000 4420998.000000 
16793802.000000 4553568.000000 
14874272.000000 5639174.000000 
14792150.000000 5772272.000000 
15201118.000000 5443730.000000 
12575972.000000 7348388.000000 
12601052.000000 7282216.000000 
14964514.000000 5580298.000000 
14831922.000000 5669754.000000 
13880654.000000 6310148.000000 
14094170.000000 5999696.000000 
14359424.000000 5942640.000000 
16740164.000000 4577628.000000 
16171284.000000 4664476.000000 
15856798.000000 5007684.000000 
18344844.000000 4074558.000000 
18190654.000000 4080176.000000 
16051698.000000 4897684.000000 
16711802.000000 4624922.000000 
17311074.000000 4416448.000000 
15549038.000000 5127112.000000 
17573690.000000 4224782.000000 
17315700.000000 4396314.000000 
13773922.000000 6383164.000000 
15710672.000000 5058680.000000 
16029888.000000 4954644.000000 
14508476.000000 5925250.000000 
13784434.000000 6365620.000000 
13892194.000000 6102648.000000 
18525556.000000 4071826.000000 
13678748.000000 6440414.000000 
13592194.000000 6484884.000000 
12872946.000000 6998110.000000 
13884588.000000 6273262.000000 
13396412.000000 6653128.000000 
13363718.000000 6743824.000000 
15288956.000000 5223770.000000 
18984934.000000 3993952.000000 
20460416.000000 3817258.000000 
19465492.000000 3977164.000000 
15207156.000000 5401080.000000 
12278740.000000 7684706.000000 
14540616.000000 5864064.000000 
14802156.000000 5740080.000000 
19842082.000000 3885052.000000 
13456990.000000 6554200.000000 
15003620.000000 5527034.000000 
15502112.000000 5133714.000000 
17161534.000000 4509368.000000 
15239718.000000 5393026.000000 
15978588.000000 4990430.000000 
16165494.000000 4871878.000000 
15850772.000000 5010786.000000 

16023122.000000 4893828.000000 
15749086.000000 4908750.000000 
13461220.000000 8251846.000000 
21461234.000000 3432598.000000 
21444736.000000 3433144.000000 
19069110.000000 3946488.000000 
23585310.000000 3288512.000000 
19074980.000000 3885560.000000 
18151054.000000 4093642.000000 
18225062.000000 4040074.000000 
21795798.000000 3419352.000000 
14443092.000000 6048852.000000 
15239058.000000 5327374.000000 
22319290.000000 3333434.000000 
16982438.000000 4373330.000000 
15628244.000000 5030090.000000 
15023882.000000 5470524.000000 
15449176.000000 5101918.000000 
15453754.000000 5087146.000000 
16044880.000000 4809536.000000 
15430546.000000 5131852.000000 
13707280.000000 6335910.000000 
17803126.000000 4094430.000000 
17506192.000000 4162524.000000 
17444572.000000 4233624.000000 
19581500.000000 3534404.000000 
17340790.000000 4334432.000000 
19456184.000000 3873600.000000 
16932946.000000 4714774.000000 
16971486.000000 4707236.000000 
15052328.000000 5401446.000000 
15660664.000000 5001344.000000 
15663674.000000 4986532.000000 
16283340.000000 4722366.000000 

20465796.000000 3909722.000000 
15363072.000000 5259010.000000 
17658610.000000 4311430.000000 
17501580.000000 4313294.000000 
17026042.000000 4484230.000000 
17389518.000000 4444618.000000 
14363164.000000 5863010.000000 
14313054.000000 5984208.000000 
13905752.000000 6415358.000000 
15416286.000000 5056042.000000 
19867194.000000 4022982.000000 
19415548.000000 4074018.000000 
21595810.000000 3810590.000000 
19424246.000000 4062102.000000 
21115516.000000 3815438.000000 
20629680.000000 3872768.000000 
23283884.000000 3773602.000000 
14867244.000000 5862656.000000 
16129258.000000 4882846.000000 
18263398.000000 4267418.000000 
15269096.000000 5572442.000000 
15729444.000000 4911412.000000 
20147734.000000 4006398.000000 
16419110.000000 4740064.000000 
16482436.000000 4677022.000000 
16803166.000000 4576252.000000 
16747060.000000 4638394.000000 
17230252.000000 4478792.000000 
18794860.000000 4126962.000000 
18122206.000000 4283416.000000 
15453986.000000 5039728.000000 
15547244.000000 4951546.000000 
14923088.000000 5692868.000000 
17812020.000000 4288174.000000 
13728100.000000 6653910.000000 
13852198.000000 6545712.000000 
18269976.000000 4169682.000000 
18314786.000000 4135288.000000 
17280374.000000 4448086.000000 
13082254.000000 7568472.000000 
13648090.000000 7098438.000000 
13389750.000000 7464600.000000 

13099812.000000 6993968.000000 
12934310.000000 7073368.000000 
24427472.000000 3350414.000000 
23019286.000000 3504922.000000 
23273436.000000 3489912.000000 
13313804.000000 6356330.000000 
13142702.000000 6656650.000000 
15396022.000000 5129790.000000 
21847602.000000 3620298.000000 
22322480.000000 3618330.000000 
15970940.000000 4539276.000000 
15914732.000000 4550818.000000 
12757572.000000 7665168.000000 
15338998.000000 5135002.000000 
15672542.000000 4759286.000000 
15038692.000000 5361434.000000 
16221254.000000 4350528.000000 
12818506.000000 7535996.000000 
12258384.000000 8433538.000000 
12665548.000000 7793798.000000 
13038840.000000 7051548.000000 
13672470.000000 6237614.000000 
22499774.000000 3512308.000000 
16536028.000000 4180048.000000 
22929212.000000 3506828.000000 
15856882.000000 4585574.000000 
13757548.000000 6168838.000000 
13851928.000000 5997534.000000 
15780204.000000 4742756.000000 
17317726.000000 4071638.000000 
15016928.000000 5497372.000000 
23498894.000000 3428850.000000 
17589812.000000 4063372.000000 
18535420.000000 4047748.000000 
19979696.000000 3904940.000000 
16711636.000000 4116050.000000 
12446436.000000 8052898.000000 
12614002.000000 8044742.000000 
19858842.000000 3995670.000000 
15439304.000000 5043528.000000 
15443274.000000 5028266.000000 
14310004.000000 5769214.000000 
14379244.000000 5509154.000000 
15111694.000000 5228510.000000 
15137546.000000 5188264.000000 
15456048.000000 4982120.000000 
22787626.000000 3510096.000000 
20887268.000000 3835862.000000 
23554626.000000 3413858.000000 
24001986.000000 3357206.000000 
20632324.000000 3846572.000000 
21020694.000000 3708946.000000 
23261282.000000 3492360.000000 
13136074.000000 6669438.000000 
25744066.000000 3265174.000000 
24691480.000000 3326926.000000 
25120918.000000 3321446.000000 
25317280.000000 3272014.000000 

16522970.000000 4509960.000000 
22527038.000000 3641102.000000 
16438400.000000 4517870.000000 
13623376.000000 6390332.000000 
13699648.000000 5940252.000000 
15103244.000000 5138366.000000 
14313808.000000 5574792.000000 
13911750.000000 5898278.000000 
14028154.000000 5741424.000000 
14595040.000000 5540732.000000 
15851326.000000 4874556.000000 
16035754.000000 4742440.000000 
17850614.000000 4075738.000000 
18395002.000000 4013578.000000 
15486324.000000 5037856.000000 
15662656.000000 4948448.000000 
15894740.000000 4805710.000000 
16624586.000000 4356898.000000 
16064134.000000 4739092.000000 
15642254.000000 4958470.000000 
15590084.000000 4978450.000000 
17688236.000000 4133116.000000 
18319002.000000 4059592.000000 
14560558.000000 5542650.000000 
16169474.000000 4683142.000000 
15268104.000000 5105926.000000 
15840252.000000 4945762.000000 
12437278.000000 7959512.000000 
13430562.000000 6395154.000000 
12972830.000000 6702724.000000 
12672576.000000 7198142.000000 
12427862.000000 8484838.000000 
12283376.000000 8489022.000000 
16678862.000000 4201394.000000 
22010160.000000 3694230.000000 
22342402.000000 3642598.000000 
22194796.000000 3692734.000000 
20928220.000000 3780840.000000 
20364514.000000 3842712.000000 
16591806.000000 4451730.000000 

12954584.000000 6437790.000000 
13465776.000000 6197526.000000 
13358976.000000 6236156.000000 
18072774.000000 4044024.000000 
19886416.000000 3727828.000000 
19926920.000000 3613652.000000 
17505644.000000 4050236.000000 
12705894.000000 8887254.000000 
19245894.000000 3828618.000000 
19468082.000000 3791004.000000 
19449606.000000 3824094.000000 
13838620.000000 6191130.000000 
17145710.000000 4183324.000000 
15380708.000000 4773240.000000 
14694512.000000 5392388.000000 
15943404.000000 4561760.000000 
15803478.000000 4712906.000000 
15947720.000000 4219074.000000 
15830464.000000 4639126.000000 
14020686.000000 6061644.000000 
14262616.000000 5660412.000000 
14609966.000000 5547250.000000 
14853792.000000 5388958.000000 
14079730.000000 5962944.000000 
14956900.000000 5162140.000000 
25752066.000000 3592196.000000 
18210992.000000 3919118.000000 
18216192.000000 3857444.000000 
15217164.000000 5148222.000000 
14103428.000000 5931338.000000 
26126786.000000 3513888.000000 
13955322.000000 6163392.000000 
25774950.000000 3561716.000000 
12779468.000000 7308536.000000 

16823392.000000 4514410.000000 
12078832.000000 8059932.000000 
12161618.000000 7844948.000000 
12108186.000000 7942974.000000 
12468510.000000 7760680.000000 
20690650.000000 3991720.000000 
16184228.000000 5095078.000000 
15160080.000000 5810594.000000 
16189616.000000 5005212.000000 
16270382.000000 4896358.000000 
16184928.000000 5086750.000000 
16042086.000000 5130996.000000 
16097376.000000 5096056.000000 
16258438.000000 4977086.000000 
20067672.000000 4008254.000000 
18943362.000000 4195398.000000 
13268972.000000 6850232.000000 
13420024.000000 6709806.000000 
12737694.000000 7233832.000000 
13834334.000000 6640990.000000 
13772728.000000 6668420.000000 
12995536.000000 7127092.000000 
15707996.000000 5466740.000000 
19303318.000000 4185844.000000 
15973404.000000 5238696.000000 
14605246.000000 5843084.000000 
14562038.000000 5964022.000000 
14162668.000000 6394572.000000 
15546550.000000 5565024.000000 
15608248.000000 5476598.000000 
15229624.000000 5571788.000000 
13082632.000000 7119958.000000 
12485128.000000 7240104.000000 
13919836.000000 6448412.000000 
14116650.000000 6417748.000000 
17237888.000000 4351944.000000 
17322252.000000 4223230.000000 
19309494.000000 4155982.000000 
14213774.000000 6339482.000000 
16457142.000000 4760152.000000 
16558402.000000 4745370.000000 
15133768.000000 5828492.000000 
14411466.000000 6078714.000000 
16728464.000000 4661908.000000 
15934330.000000 5338412.000000 
15761714.000000 5397710.000000 
21432956.000000 3928878.000000 
20809394.000000 3945028.000000 
17027438.000000 4509454.000000 
15756576.000000 5405878.000000 
14244376.000000 6315806.000000 
14404840.000000 6259162.000000 
24737660.000000 3467922.000000 
24134024.000000 3484004.000000 
22701888.000000 3672818.000000 
23326842.000000 3669466.000000 
19435422.000000 4068364.000000 
22217234.000000 3865680.000000 
19320004.000000 4111210.000000 

12742190.000000 7694198.000000 
21357392.000000 3471788.000000 
21810472.000000 3445950.000000 
20413070.000000 3508042.000000 
18740900.000000 3567112.000000 
17292486.000000 4226566.000000 
12978384.000000 7397546.000000 
15187688.000000 5006298.000000 
15963758.000000 4634514.000000 
17712020.000000 3742360.000000 
16120190.000000 4286594.000000 
24679492.000000 3349858.000000 
24436020.000000 3352744.000000 
15101160.000000 5028838.000000 
15279814.000000 4888512.000000 
13492002.000000 5874012.000000 
13542528.000000 5839684.000000 
13891804.000000 5689784.000000 
14116546.000000 5685546.000000 
15023586.000000 5094582.000000 
14142540.000000 5253158.000000 
14321194.000000 5112832.000000 
22454600.000000 3383130.000000 
12187564.000000 7714666.000000 
12902060.000000 7649954.000000 
12995816.000000 6976824.000000 
13048040.000000 6832230.000000 
13097816.000000 6752410.000000 
13171624.000000 6682960.000000 
13168708.000000 6703932.000000 
15943292.000000 4792394.000000 
15764856.000000 4815194.000000 
18621948.000000 3646056.000000 
20381854.000000 3558518.000000 
17382020.000000 4057724.000000 
21216106.000000 3506584.000000 

11918676.000000 7876790.000000 
12114938.000000 7678664.000000 
12003178.000000 7743140.000000 
14149300.000000 5818124.000000 
13931038.000000 6156786.000000 
17160978.000000 4346850.000000 
17746622.000000 3998972.000000 
12528410.000000 7122456.000000 
12812778.000000 6892842.000000 
12809872.000000 6935396.000000 
15594550.000000 4967220.000000 
14541146.000000 5666226.000000 
16023254.000000 4840158.000000 
23921854.000000 3686880.000000 
16355976.000000 4604034.000000 
15834320.000000 4913970.000000 
15999356.000000 4901766.000000 
16249766.000000 4752352.000000 
16188896.000000 4790804.000000 
16674680.000000 4563794.000000 
12679398.000000 6988434.000000 
23702584.000000 3731810.000000 
14928408.000000 5517356.000000 
14982698.000000 5337056.000000 
15417400.000000 4980404.000000 
15098390.000000 5101568.000000 
15140998.000000 5016790.000000 
13715406.000000 6207242.000000 
14166686.000000 5697260.000000 
13252964.000000 6471504.000000 
13177740.000000 6689840.000000 
13081956.000000 6793756.000000 
13449390.000000 6381526.000000 
14805830.000000 5665696.000000 
12496968.000000 7399670.000000 
11981322.000000 7850298.000000 
17451988.000000 4280074.000000 
12256508.000000 7493394.000000 
12569778.000000 7026894.000000 
12531154.000000 7098078.000000 
14897076.000000 5662292.000000 
18767208.000000 3862380.000000 
17562350.000000 4198098.000000 
20506918.000000 3857970.000000 
20697946.000000 3808806.000000 
12202886.000000 7602448.000000 
20934540.000000 3782296.000000 
21125124.000000 3735370.000000 

14541124.000000 6266604.000000 
17332798.000000 4556398.000000 
17494564.000000 4491260.000000 
17956114.000000 4425868.000000 
19400766.000000 3913480.000000 
20575956.000000 3528412.000000 
17446846.000000 4495334.000000 
19791792.000000 3820680.000000 
20260952.000000 3697038.000000 
16613504.000000 4584690.000000 
16404410.000000 4655850.000000 
16333376.000000 4825018.000000 
14171464.000000 6311852.000000 
15648328.000000 5221434.000000 
20319862.000000 3594154.000000 
16211486.000000 4934244.000000 
13192216.000000 6623378.000000 
19966130.000000 3711504.000000 
16784810.000000 4560578.000000 
16590626.000000 4592390.000000 
15320612.000000 5335694.000000 
14549858.000000 5971206.000000 
23136928.000000 3246414.000000 
14986230.000000 5777298.000000 
14993374.000000 5738432.000000 
14705240.000000 5901310.000000 
13056292.000000 7302996.000000 
13286532.000000 6607060.000000 
13579866.000000 6505302.000000 
13422256.000000 6547872.000000 
15209520.000000 5640460.000000 
18396268.000000 4367998.000000 
18489142.000000 4114926.000000 
17355830.000000 4504314.000000 
20332058.000000 3589174.000000 
18529884.000000 4044350.000000 
18341514.000000 4406148.000000 
20763146.000000 3493024.000000 
22428500.000000 3373686.000000 
21388246.000000 3425940.000000 
22560528.000000 3366378.000000 
18646890.000000 3965732.000000 
15980228.000000 5033950.000000 
14852726.000000 5821208.000000 
14129880.000000 6385544.000000 
12752936.000000 7707850.000000 

12436542.000000 8899824.000000 
13470152.000000 8008212.000000 
13555738.000000 7585690.000000 
14400566.000000 6981702.000000 
16313690.000000 5125614.000000 
18740946.000000 4223820.000000 
16542428.000000 4653388.000000 
16409654.000000 4900632.000000 
16844054.000000 4629228.000000 
19192926.000000 4071494.000000 
17457282.000000 4262924.000000 
17028438.000000 4623806.000000 
17426448.000000 4457354.000000 
15426712.000000 5725620.000000 
15057326.000000 6086590.000000 
15629040.000000 5538428.000000 
20960572.000000 3734662.000000 
14488332.000000 6114764.000000 
15256588.000000 5781250.000000 
21146282.000000 3631596.000000 
21130264.000000 3670924.000000 
21065576.000000 3671200.000000 
14455908.000000 6767672.000000 
15852528.000000 5376172.000000 
16388610.000000 5093220.000000 
16047482.000000 5189768.000000 
21691404.000000 3307780.000000 
21675514.000000 3353952.000000 
15932642.000000 5250530.000000 
17289306.000000 4559258.000000 
20699854.000000 3779978.000000 
15622466.000000 5629470.000000 
19608274.000000 3803874.000000 
13002214.000000 8877938.000000 

12310690.000000 7168684.000000 
11428524.000000 7926638.000000 
12381804.000000 7142210.000000 
11780164.000000 7699908.000000 
18285680.000000 4338588.000000 
17841304.000000 4411088.000000 
18173814.000000 4405886.000000 
17535410.000000 4482254.000000 
15188092.000000 5223398.000000 
15172056.000000 5248438.000000 
14780008.000000 5760550.000000 
14671824.000000 5786098.000000 
14653310.000000 5813054.000000 
14968808.000000 5428020.000000 
14442552.000000 5999038.000000 
14550138.000000 5937192.000000 
16947186.000000 4667174.000000 
15970602.000000 4748460.000000 
15574860.000000 5020890.000000 
18969856.000000 4069726.000000 
13740740.000000 6206700.000000 
12417524.000000 7124516.000000 
13029948.000000 6464002.000000 
12890458.000000 6478652.000000 
12819344.000000 6505126.000000 
12811050.000000 6518236.000000 
17133420.000000 4492566.000000 
19091830.000000 3772518.000000 
19417342.000000 3749802.000000 
13353980.000000 6291236.000000 
13280774.000000 6319018.000000 
11980546.000000 7550484.000000 
12295668.000000 7284100.000000 
21534288.000000 3652114.000000 
22120606.000000 3583562.000000 
18719086.000000 4224054.000000 
20883088.000000 3693492.000000 
21423640.000000 3667278.000000 
13417462.000000 6245284.000000 
12762688.000000 6812102.000000 
12469910.000000 7080894.000000 
12669394.000000 6944994.000000 
12547754.000000 7010908.000000 
12607530.000000 6978096.000000 
13934284.000000 6135492.000000 
13488576.000000 6218810.000000 
23954062.000000 3576770.000000 
23706434.000000 3582632.000000 

12645216.000000 7258716.000000 
12575242.000000 7558956.000000 
12559170.000000 7595786.000000 
12545794.000000 7723554.000000 
13150184.000000 7111958.000000 
22196446.000000 3677806.000000 
13567548.000000 6340894.000000 
14798184.000000 5841880.000000 
15444956.000000 5716586.000000 
15346290.000000 5764984.000000 
20242006.000000 3936552.000000 
22881630.000000 3609004.000000 
22930088.000000 3595148.000000 
14115644.000000 6116610.000000 
14085468.000000 6269812.000000 
19856644.000000 3964088.000000 
18416042.000000 4088510.000000 
14059554.000000 6334334.000000 
15449416.000000 5600262.000000 
15688846.000000 5437718.000000 
16117970.000000 5165334.000000 
12622282.000000 7393546.000000 
13376820.000000 6445494.000000 
14607334.000000 5961764.000000 
17527960.000000 4428786.000000 
14557482.000000 6073184.000000 
16178784.000000 4818034.000000 
16199210.000000 4730782.000000 
17057746.000000 4728208.000000 
21431462.000000 3695306.000000 
20766098.000000 3720374.000000 
18172828.000000 4294850.000000 
18007958.000000 4369822.000000 
17486480.000000 4481036.000000 
17169132.000000 4533334.000000 
15936456.000000 5312682.000000 
15964858.000000 5235876.000000 
15671788.000000 5494884.000000 
15837254.000000 5335378.000000 
18228140.000000 4220620.000000 
22156908.000000 3692908.000000 

11541400.000000 8011412.000000 
11517084.000000 8011594.000000 
12427370.000000 7273914.000000 
12662628.000000 6822028.000000 
15841840.000000 4809560.000000 
15220012.000000 5125450.000000 
15016454.000000 5139466.000000 
14898948.000000 5179560.000000 
14832634.000000 5222782.000000 
14611456.000000 5256818.000000 
14478248.000000 5473098.000000 
15609296.000000 4948646.000000 
13653298.000000 6138198.000000 
13726404.000000 6079084.000000 
12597094.000000 7203746.000000 
14087030.000000 5787606.000000 
19611720.000000 4146538.000000 
18698162.000000 4525900.000000 
11932650.000000 7511682.000000 
13813000.000000 5788146.000000 
14274092.000000 5646356.000000 
14258164.000000 5683038.000000 
15418658.000000 5112006.000000 
18711720.000000 4491110.000000 
18983380.000000 4380304.000000 
18965976.000000 4483822.000000 
17120790.000000 4563776.000000 
19140268.000000 4275308.000000 
19050024.000000 4339966.000000 
13521318.000000 6473434.000000 
13568930.000000 6401788.000000 
13412800.000000 6493894.000000 
13575542.000000 6225998.000000 
14122902.000000 5693480.000000 
13404478.000000 6525830.000000 
13333738.000000 6557164.000000 
14287466.000000 5583286.000000 
18086648.000000 4560262.000000 
16391014.000000 4690600.000000 

20940034.000000 3512092.000000 
20744434.000000 3516522.000000 
19416650.000000 3759196.000000 
15712776.000000 5229632.000000 
16082494.000000 4836288.000000 
15718638.000000 5201912.000000 
15940124.000000 5106704.000000 
15549756.000000 5261906.000000 
15523748.000000 5328804.000000 
17224780.000000 4595670.000000 
17168006.000000 4613084.000000 
17144970.000000 4701964.000000 
15922648.000000 5147374.000000 
14043628.000000 6019914.000000 
14467062.000000 5830054.000000 
14763642.000000 5697498.000000 
17521632.000000 4485264.000000 
17564442.000000 4467370.000000 
17829766.000000 4406172.000000 
14602358.000000 5827720.000000 
15035612.000000 5642900.000000 
18368946.000000 4288860.000000 
14691324.000000 5717120.000000 
15063536.000000 5620832.000000 
15199116.000000 5554466.000000 
17288992.000000 4567088.000000 
16065348.000000 5080290.000000 
19500970.000000 3707438.000000 
20048954.000000 3578696.000000 
19939276.000000 3605378.000000 
18874398.000000 3962392.000000 
18987784.000000 3810296.000000 
18918998.000000 3839052.000000 
14059452.000000 5971390.000000 
13897344.000000 6150118.000000 
12739772.000000 6488954.000000 
14640524.000000 5720242.000000 
14903144.000000 5655112.000000 
14208182.000000 5864796.000000 
14035808.000000 6064632.000000 
18486458.000000 4214902.000000 
18743692.000000 4152802.000000 
17359366.000000 4520502.000000 
16754252.000000 4740314.000000 
17033470.000000 4720240.000000 
20500864.000000 3563438.000000 
19277348.000000 3792068.000000 
13454350.000000 6199456.000000 
13664230.000000 6154296.000000 
13593986.000000 6172912.000000 
12621598.000000 6933276.000000 
18795284.000000 4020278.000000 
21359138.000000 3493840.000000 
18149396.000000 4403662.000000 
21365904.000000 3374882.000000 
18522338.000000 4167160.000000 
18377936.000000 4220514.000000 

12756930.000000 7703104.000000 
12809752.000000 7518126.000000 
13476734.000000 6410490.000000 
13700132.000000 6124080.000000 
19080954.000000 3908910.000000 
13924240.000000 6116600.000000 
15889174.000000 4837262.000000 
18100024.000000 4136528.000000 
17401096.000000 4285016.000000 
17361790.000000 4352822.000000 
14087814.000000 6107400.000000 
14304742.000000 5883518.000000 
14560698.000000 5567748.000000 
14667282.000000 5350592.000000 
17178268.000000 4363890.000000 
16674586.000000 4539488.000000 
13582354.000000 6354788.000000 
19274366.000000 3769260.000000 
19147970.000000 3892718.000000 
14527972.000000 5778944.000000 
15481760.000000 5076096.000000 
20334528.000000 3648496.000000 
17823496.000000 4244520.000000 
17817112.000000 4253846.000000 
18016394.000000 4206110.000000 
16575650.000000 4611748.000000 
16529812.000000 4755222.000000 
12609730.000000 7915930.000000 
12674290.000000 7705016.000000 
14429996.000000 5827614.000000 
14212954.000000 6020068.000000 
15389472.000000 5136214.000000 
16404910.000000 4777800.000000 
15229372.000000 5159616.000000 
15166900.000000 5221190.000000 
15681824.000000 4865560.000000 
15519370.000000 4940340.000000 
14460642.000000 5817512.000000 
14532492.000000 5776682.000000 
20796096.000000 3612084.000000 
18736556.000000 4001554.000000 
13485510.000000 6356998.000000 
19694292.000000 3667328.000000 
13465404.000000 6414370.000000 
13445034.000000 6440268.000000 
13023382.000000 7238850.000000 
13063132.000000 7236252.000000 
13325840.000000 6486732.000000 
18431324.000000 4080540.000000 
19459908.000000 3720906.000000 
13149758.000000 6968600.000000 
13255788.000000 6836836.000000 
16228748.000000 4791478.000000 
16868218.000000 4456506.000000 
18097716.000000 4141724.000000 
15478000.000000 5124674.000000 

14706114.000000 5935906.000000 
14587656.000000 5989682.000000 
14467288.000000 6206906.000000 
12973550.000000 7484910.000000 
17666192.000000 4279472.000000 
15754566.000000 5331652.000000 
15428508.000000 5492528.000000 
19629948.000000 3962594.000000 
18644440.000000 4257422.000000 
16616862.000000 4617534.000000 
19021122.000000 4115526.000000 
16078350.000000 5095196.000000 
13919662.000000 6524620.000000 
14455198.000000 6222778.000000 
14027548.000000 6455452.000000 
14236782.000000 6363696.000000 
14582726.000000 6176122.000000 
13865562.000000 6525192.000000 
14074062.000000 6435780.000000 
19362910.000000 4111960.000000 
19390376.000000 4057234.000000 
17404448.000000 4371222.000000 
16813456.000000 4546226.000000 
17208162.000000 4444004.000000 
16933576.000000 4477074.000000 
16342200.000000 4651468.000000 
14253138.000000 6291074.000000 
14197598.000000 6380338.000000 
16244660.000000 4875084.000000 
13343406.000000 7368474.000000 
12908128.000000 7632812.000000 
20835812.000000 3732100.000000 
13676514.000000 6675166.000000 
14443932.000000 6276166.000000 
14212154.000000 6374380.000000 
13784470.000000 6603914.000000 
14005480.000000 6520156.000000 
14023610.000000 6518838.000000 
13630066.000000 6675222.000000 
13850342.000000 6593808.000000 
14715914.000000 5824028.000000 
14694772.000000 5987130.000000 
18697336.000000 4195634.000000 
18926122.000000 4154728.000000 
14977834.000000 5741218.000000 
15603102.000000 5484932.000000 
15896460.000000 5324278.000000 
21016330.000000 3647126.000000 
19556770.000000 4048554.000000 
19892496.000000 3867372.000000 
15654018.000000 5419548.000000 
15103278.000000 5515024.000000 
17620106.000000 4345382.000000 
17319138.000000 4426294.000000 
16174040.000000 4943216.000000 
16022582.000000 5169126.000000 
16080800.000000 4974392.000000 
15959564.000000 5204214.000000 
13520326.000000 6691944.000000 
13468622.000000 6780538.000000 
16789924.000000 4573604.000000 
17381068.000000 4400502.000000 
15589004.000000 5487240.000000 
14162886.000000 6434604.000000 

14801056.000000 5440008.000000 
18646460.000000 4349486.000000 
20488784.000000 4031874.000000 
15223572.000000 5363724.000000 
15035424.000000 5389438.000000 
17206712.000000 4580776.000000 
16096150.000000 4761608.000000 
15731354.000000 4944666.000000 
15234664.000000 5362822.000000 
15495092.000000 5165558.000000 
14336060.000000 5614406.000000 
14816264.000000 5435414.000000 
14212294.000000 5909632.000000 
14315038.000000 5867666.000000 
16472290.000000 4697364.000000 
16946184.000000 4633444.000000 
15047136.000000 5370004.000000 
15272738.000000 5222412.000000 
13938790.000000 5932058.000000 
15601844.000000 5084154.000000 
17753894.000000 4498780.000000 
14764676.000000 5597276.000000 
14973400.000000 5406482.000000 
15434166.000000 5198284.000000 
15614032.000000 5012456.000000 
13903622.000000 6157904.000000 
14628394.000000 5601436.000000 
23293422.000000 3839940.000000 
20557886.000000 3929232.000000 
21750344.000000 3884912.000000 
22937866.000000 3881312.000000 
19557114.000000 4056838.000000 
19099624.000000 4260920.000000 
18286476.000000 4464976.000000 

19863716.000000 3644310.000000 
12255772.000000 8402940.000000 
12906454.000000 7393914.000000 
11682176.000000 8764480.000000 
13047426.000000 7264616.000000 
11884500.000000 8634524.000000 
11824330.000000 8665326.000000 
13205110.000000 6905480.000000 
13288152.000000 6760908.000000 
13608638.000000 6561538.000000 
12967824.000000 7381232.000000 
14660600.000000 5750922.000000 
15237908.000000 5157746.000000 
16109810.000000 4714420.000000 
14509496.000000 5932400.000000 
14446824.000000 5959754.000000 
15125686.000000 5342474.000000 
12727088.000000 7650012.000000 
14445842.000000 5990562.000000 
14070094.000000 6070278.000000 
13687628.000000 6438232.000000 
13658558.000000 6501580.000000 
14526006.000000 5813338.000000 
14720026.000000 5530826.000000 
14816952.000000 5414574.000000 
17271996.000000 4227538.000000 
15158462.000000 5302220.000000 
13712186.000000 6434730.000000 
17865454.000000 3905824.000000 
16764636.000000 4468522.000000 
22141158.000000 3618826.000000 
13080280.000000 7209618.000000 
18629386.000000 3644696.000000 
12865722.000000 7502628.000000 
14197930.000000 6070262.000000 
17185270.000000 4240338.000000 
17340914.000000 4173174.000000 
17255130.000000 4240128.000000 
17391408.000000 4115056.000000 
16347580.000000 4680260.000000 
16552976.000000 4621098.000000 
17287552.000000 4208794.000000 
17726166.000000 3972018.000000 
17656044.000000 3993452.000000 
15464628.000000 4986126.000000 
15597144.000000 4882080.000000 
15749648.000000 4768654.000000 
16865660.000000 4378200.000000 
17057222.000000 4264724.000000 
16559026.000000 4492572.000000 
13478024.000000 6626668.000000 
13815408.000000 6404378.000000 
13950574.000000 6398772.000000 
13650398.000000 6503034.000000 
23271394.000000 3608624.000000 

13466864.000000 6423972.000000 
14322104.000000 5738088.000000 
14308506.000000 5829518.000000 
13972200.000000 6174614.000000 
14064242.000000 6102102.000000 
12356910.000000 7696654.000000 
13868474.000000 6201796.000000 
14867954.000000 5621720.000000 
12999874.000000 6966222.000000 
15719594.000000 4849966.000000 
15850450.000000 4520580.000000 
16430954.000000 4304218.000000 
16493768.000000 4199574.000000 
12441772.000000 7626768.000000 
14213226.000000 5958824.000000 
14601208.000000 5669868.000000 
14093710.000000 5980114.000000 
13848124.000000 6310148.000000 
13634596.000000 6357846.000000 
20824048.000000 3643712.000000 
13429756.000000 6476984.000000 
17781470.000000 3825558.000000 
17545486.000000 3979472.000000 
17433932.000000 4060614.000000 
17119316.000000 4129076.000000 
16934380.000000 4139588.000000 
20089330.000000 3751360.000000 
13431348.000000 6432092.000000 
14984700.000000 5595160.000000 
13246432.000000 6556436.000000 
12099632.000000 8389484.000000 
12491966.000000 7383692.000000 
15277364.000000 5431230.000000 
15582800.000000 5188744.000000 
14990178.000000 5528150.000000 
12914460.000000 7321042.000000 
15291764.000000 5418254.000000 
15411328.000000 5227174.000000 
15319262.000000 5272422.000000 
13081230.000000 6855570.000000 
20122976.000000 3666244.000000 
16257230.000000 4325686.000000 

13018604.000000 7479802.000000 
12612208.000000 7659634.000000 
12976684.000000 7564770.000000 
18568438.000000 4211748.000000 
18384102.000000 4295236.000000 
18290620.000000 4317656.000000 
18184898.000000 4375794.000000 
19234198.000000 4029950.000000 
15818208.000000 4504600.000000 
13788064.000000 5990436.000000 
13734536.000000 6058864.000000 
14315444.000000 5577498.000000 
13609330.000000 6177520.000000 
14103372.000000 5638390.000000 
14622126.000000 5291666.000000 
19194094.000000 4153586.000000 
15516692.000000 4802518.000000 
13314968.000000 6777610.000000 
13465974.000000 6747936.000000 
13284076.000000 6932832.000000 
13514948.000000 6722826.000000 
15099834.000000 5191986.000000 
15003894.000000 5243114.000000 
15026994.000000 5217574.000000 
17197074.000000 4423260.000000 
20779618.000000 3989892.000000 
18401930.000000 4272272.000000 
17653936.000000 4412110.000000 
17952816.000000 4377206.000000 
15500492.000000 4863244.000000 
15474470.000000 4893646.000000 
15376262.000000 4897860.000000 
15330616.000000 5002980.000000 
15520406.000000 4783498.000000 
15719148.000000 4590988.000000 
15621918.000000 4592730.000000 
19720364.000000 4008454.000000 

12415584.000000 7866026.000000 
13015854.000000 6888626.000000 
14616462.000000 5905304.000000 
14242476.000000 6146354.000000 
14785222.000000 5417638.000000 
18175046.000000 4175226.000000 
15613454.000000 5407640.000000 
16979520.000000 4382804.000000 
17019636.000000 4178882.000000 
15810982.000000 5201004.000000 
18943278.000000 4032178.000000 
22034934.000000 3473856.000000 
12678400.000000 7232678.000000 
12719386.000000 7082670.000000 
12927044.000000 6996942.000000 
13655826.000000 6785070.000000 
16840622.000000 4566908.000000 
16774564.000000 4627340.000000 
18199312.000000 4164086.000000 
12529418.000000 7707742.000000 
22300906.000000 3470562.000000 
16630108.000000 4657084.000000 
12594044.000000 7575960.000000 
13569714.000000 6785548.000000 
13662202.000000 6602840.000000 
19299144.000000 3600324.000000 
24715236.000000 3297818.000000 
16074252.000000 4764882.000000 
16955288.000000 4500934.000000 
13473896.000000 6798098.000000 
19103214.000000 3947076.000000 
18635568.000000 4128158.000000 
14247810.000000 6127660.000000 
14368730.000000 6109896.000000 
18778368.000000 4060832.000000 
18457062.000000 4140010.000000 
15995408.000000 5001018.000000 
14379440.000000 6010774.000000 
16763822.000000 4629886.000000 
14115534.000000 6150078.000000 
14104824.000000 6249200.000000 
13740718.000000 6367348.000000 
24449264.000000 3301112.000000 
24229544.000000 3347632.000000 
23963572.000000 3350926.000000 

14112190.000000 5937014.000000 
13541220.000000 6186894.000000 
18618136.000000 4014954.000000 
17068144.000000 4388398.000000 
14531232.000000 5710012.000000 
20707706.000000 3754582.000000 
17410102.000000 4363376.000000 
17505996.000000 4357662.000000 
19996774.000000 3836502.000000 
20277452.000000 3822644.000000 
15021576.000000 5409218.000000 
15579558.000000 4973424.000000 
14071670.000000 6034750.000000 
13944770.000000 6073094.000000 
15701882.000000 4772720.000000 
16015878.000000 4581526.000000 
15535694.000000 4999078.000000 
15631072.000000 4893088.000000 
17374850.000000 4372654.000000 
15078864.000000 5141052.000000 
15242780.000000 5076554.000000 
14839926.000000 5624476.000000 
19791156.000000 3956500.000000 
19884062.000000 3950014.000000 
13213514.000000 6474342.000000 
13185424.000000 6847612.000000 
15910016.000000 4612584.000000 
16072826.000000 4510618.000000 
16391920.000000 4410666.000000 
15480798.000000 5023086.000000 
16646510.000000 4394468.000000 
17925354.000000 4076964.000000 
17670046.000000 4199630.000000 
18757162.000000 3979148.000000 
15600494.000000 4925722.000000 
18793050.000000 3964778.000000 
17995452.000000 4030688.000000 
17728426.000000 4153432.000000 

14513878.000000 5286216.000000 
15095360.000000 4965388.000000 
17106190.000000 4386850.000000 
12994822.000000 6577006.000000 
12664828.000000 6601080.000000 
12593630.000000 6643322.000000 
12416816.000000 6938746.000000 
13029670.000000 6558832.000000 
13118396.000000 6521986.000000 
12343638.000000 6980946.000000 
18021944.000000 4159418.000000 
13511126.000000 6025246.000000 
13077166.000000 6542406.000000 
13982000.000000 5476230.000000 
13398764.000000 6100700.000000 
16236752.000000 4551428.000000 
13535870.000000 5929108.000000 
12496874.000000 6888402.000000 
12308884.000000 7710702.000000 
15993238.000000 4704642.000000 
16400968.000000 4479586.000000 
16712520.000000 4425112.000000 
11864598.000000 7900754.000000 
13568018.000000 5892756.000000 
17943070.000000 4226376.000000 
12192638.000000 7863638.000000 
15696946.000000 4816080.000000 
18352378.000000 4042914.000000 
16175618.000000 4585758.000000 
16404526.000000 4476492.000000 
18956194.000000 3823396.000000 
15934226.000000 4752986.000000 
18519228.000000 3964238.000000 
12559500.000000 6723060.000000 
13137462.000000 6153978.000000 
13633262.000000 5707668.000000 
13701246.000000 5507200.000000 
13673758.000000 5543100.000000 
13855432.000000 5481456.000000 
18587232.000000 3895190.000000 
15733622.000000 4754036.000000 
18263828.000000 4100088.000000 
14899140.000000 5193682.000000 
14700970.000000 5241532.000000 
14389254.000000 5406700.000000 
17407506.000000 4332010.000000 
17540062.000000 4284178.000000 
17726490.000000 4250816.000000 
14944416.000000 4967316.000000 
19484034.000000 3773004.000000 
18389726.000000 3994222.000000 
19034676.000000 3808084.000000 
15237290.000000 4839740.000000 
18737014.000000 3858542.000000 
18020076.000000 4199972.000000 

15234112.000000 4913514.000000 
22501732.000000 3712976.000000 
21746844.000000 3719960.000000 
18068806.000000 4299186.000000 
18784554.000000 4145120.000000 
13969890.000000 5609612.000000 
13860074.000000 5978364.000000 
13341744.000000 6404892.000000 
12939130.000000 6448182.000000 
13887910.000000 5939576.000000 
13578652.000000 5998838.000000 
15123680.000000 4971268.000000 
14252448.000000 5409152.000000 
14426320.000000 5304098.000000 
12435736.000000 6805772.000000 
18683076.000000 4272266.000000 
18511120.000000 4292290.000000 
16416738.000000 4423974.000000 
16549436.000000 4413296.000000 
15954708.000000 4757494.000000 
14948240.000000 5013326.000000 
18844874.000000 3817774.000000 
21488714.000000 3805076.000000 
12802558.000000 6720606.000000 
11597746.000000 7441756.000000 
11564064.000000 7443268.000000 
11893392.000000 6967706.000000 
11775066.000000 7175962.000000 
11539420.000000 7521466.000000 
18450526.000000 4296748.000000 
17803166.000000 4306528.000000 
11339942.000000 7988092.000000 
18709916.000000 4247538.000000 
17393866.000000 4312564.000000 
17189832.000000 4351500.000000 
23585006.000000 3696072.000000 
23441286.000000 3699556.000000 

13489904.000000 7182860.000000 
22968446.000000 3565274.000000 
14248498.000000 5506376.000000 
14168652.000000 5550222.000000 
17728710.000000 4220210.000000 
13162614.000000 8745678.000000 
14857780.000000 5193300.000000 
15383904.000000 4823906.000000 
15693370.000000 4650480.000000 
15953152.000000 4629188.000000 
16660356.000000 4354930.000000 
16500656.000000 4387370.000000 
13526918.000000 6255766.000000 
21571898.000000 3724994.000000 
21615358.000000 3719878.000000 
16585520.000000 4366352.000000 
17004220.000000 4267166.000000 
17072856.000000 4255936.000000 
16913054.000000 4289452.000000 
15130446.000000 4988702.000000 
15048012.000000 5035034.000000 
19003064.000000 3895170.000000 
19922406.000000 3741936.000000 
22710036.000000 3569958.000000 
22592960.000000 3624318.000000 
22271068.000000 3673548.000000 
17925362.000000 4106500.000000 
18163450.000000 3909610.000000 
18771572.000000 3903630.000000 
17278268.000000 4255770.000000 
14801138.000000 5425016.000000 

12985472.000000 7729552.000000 
12936324.000000 7994292.000000 
21087858.000000 3535828.000000 
14382568.000000 5826300.000000 
22818786.000000 3244474.000000 
14974796.000000 5229116.000000 
14584228.000000 5529024.000000 
21737666.000000 3272180.000000 
15897866.000000 4854930.000000 
17049990.000000 4612014.000000 
19111272.000000 3734408.000000 
18202116.000000 3979012.000000 
18013356.000000 4033576.000000 
16472222.000000 4679844.000000 
16683260.000000 4679670.000000 
18996160.000000 3823468.000000 
17898896.000000 4122160.000000 
13521160.000000 6603238.000000 
13248782.000000 6733686.000000 
13188882.000000 6944380.000000 
14403026.000000 5814522.000000 
13749286.000000 5986724.000000 
15788176.000000 4935076.000000 
14795406.000000 5393808.000000 
17310564.000000 4385292.000000 
21723648.000000 3321372.000000 
17071304.000000 4572636.000000 
23305726.000000 3208458.000000 
15207174.000000 5108522.000000 
15360580.000000 4952310.000000 
21576454.000000 3520358.000000 
21593454.000000 3514610.000000 
20628826.000000 3652034.000000 
17721130.000000 4143620.000000 
17871502.000000 4133456.000000 
17414030.000000 4281422.000000 
17568222.000000 4271050.000000 
17237458.000000 4564028.000000 
22626714.000000 3258274.000000 
14905096.000000 5313662.000000 
15084486.000000 5148970.000000 
20657510.000000 3625464.000000 
20423980.000000 3678206.000000 
20664776.000000 3571290.000000 
20616246.000000 3677956.000000 
20857042.000000 3571040.000000 
16897014.000000 4661470.000000 
13735334.000000 6439230.000000 
16126616.000000 4763800.000000 
16338954.000000 4763578.000000 
14566424.000000 5623862.000000 
18977764.000000 3895132.000000 

12745372.000000 7563264.000000 
12394350.000000 7988614.000000 
12594048.000000 7795768.000000 
19355278.000000 4098212.000000 
18147606.000000 4394810.000000 
18441960.000000 4356624.000000 
16187698.000000 4934188.000000 
14704200.000000 6139646.000000 
14271958.000000 6274118.000000 
14148664.000000 6336458.000000 
11971058.000000 8554818.000000 
12926802.000000 7142176.000000 
20090868.000000 3821242.000000 
24910992.000000 3811680.000000 
19989076.000000 4071086.000000 
13535006.000000 6726576.000000 
12953702.000000 7081610.000000 
13170020.000000 6835796.000000 
13011308.000000 6910798.000000 
15504122.000000 5272338.000000 
16576462.000000 4673094.000000 
15239426.000000 5696442.000000 
12375052.000000 8180030.000000 
16036250.000000 4971038.000000 
14117974.000000 6526888.000000 
12206912.000000 8445260.000000 
13991522.000000 6531702.000000 
12268466.000000 8434952.000000 
12185256.000000 8459570.000000 
12113254.000000 8460758.000000 
16757680.000000 4627424.000000 
13894196.000000 6610558.000000 
14894376.000000 5976154.000000 
12341794.000000 8245030.000000 
15498200.000000 5655720.000000 
27012004.000000 3673966.000000 
26166730.000000 3703978.000000 
25550778.000000 3750726.000000 
26114750.000000 3731332.000000 
18077926.000000 4522958.000000 

15330660.000000 4802056.000000 
15173216.000000 5137416.000000 
15289740.000000 5013222.000000 
16104142.000000 4395250.000000 
12831408.000000 8080036.000000 
14705140.000000 5403786.000000 
15179788.000000 5082742.000000 
12054576.000000 8770472.000000 
17198798.000000 4065668.000000 
17816174.000000 3868876.000000 
17572920.000000 3906360.000000 
11914376.000000 9068034.000000 
12053232.000000 8780884.000000 
12094710.000000 8093612.000000 
12853248.000000 6876990.000000 
13029176.000000 6610710.000000 
12848278.000000 6904226.000000 
15561228.000000 4749364.000000 
15486896.000000 4787688.000000 
16708054.000000 4217628.000000 
14223524.000000 5445664.000000 
13744122.000000 6221324.000000 
13848860.000000 5924296.000000 
13803730.000000 6075902.000000 
15264058.000000 5020710.000000 
15013680.000000 5181756.000000 
15961346.000000 4425562.000000 
15904676.000000 4444724.000000 
15879932.000000 4540288.000000 
13343188.000000 6329074.000000 
14807740.000000 5384352.000000 
14976554.000000 5322080.000000 
17315578.000000 3981396.000000 

