14850760.000000 5328634.000000 
15470732.000000 5078886.000000 
15541102.000000 5048252.000000 
14398596.000000 5536136.000000 
13066926.000000 7086084.000000 
13379232.000000 6516376.000000 
17244144.000000 4363590.000000 
12167918.000000 8441836.000000 
12237544.000000 8115620.000000 
12431810.000000 7961206.000000 
14899184.000000 5313592.000000 
13605288.000000 5910266.000000 
13782710.000000 5852664.000000 
13770628.000000 5860976.000000 
14101874.000000 5708890.000000 
19395720.000000 3897566.000000 
19415200.000000 3839850.000000 
13394518.000000 6417804.000000 
16733676.000000 4648354.000000 
18703532.000000 4072364.000000 
17122806.000000 4435770.000000 
13496000.000000 6137162.000000 
13443872.000000 6377326.000000 
15319958.000000 5103684.000000 
17820862.000000 4320944.000000 
14337680.000000 5545674.000000 
13141026.000000 6886168.000000 
13288328.000000 6668798.000000 
13209970.000000 6744626.000000 
14783582.000000 5403154.000000 
14411860.000000 5509106.000000 
16255552.000000 4665178.000000 
17107238.000000 4557174.000000 
16832680.000000 4558220.000000 
15256322.000000 5177196.000000 
18063296.000000 4183756.000000 
18360860.000000 4074146.000000 
14443878.000000 5473820.000000 
14335134.000000 5563912.000000 
19027050.000000 3900618.000000 
13009426.000000 7192004.000000 
13491694.000000 6359534.000000 
14157548.000000 5672776.000000 
17680340.000000 4337204.000000 
14962420.000000 5239366.000000 
15775474.000000 4832822.000000 
16610552.000000 4657978.000000 
14765694.000000 5455596.000000 
21299652.000000 3415266.000000 
20113464.000000 3748116.000000 
20974636.000000 3442314.000000 
14091324.000000 5725018.000000 
16723626.000000 4656448.000000 
12908036.000000 7242552.000000 
14322618.000000 5625120.000000 
13994746.000000 5778504.000000 
17993666.000000 4315260.000000 

13456990.000000 6554200.000000 
13430028.000000 6593510.000000 
12391658.000000 7568068.000000 
14662392.000000 5745014.000000 
16886804.000000 4597052.000000 
18765966.000000 3915662.000000 
13086064.000000 7138324.000000 
17887634.000000 4137490.000000 
20329658.000000 3693158.000000 
19437082.000000 3741784.000000 
13165018.000000 7133248.000000 
20515110.000000 3652938.000000 
15245826.000000 5410746.000000 
17964944.000000 4090228.000000 
17734022.000000 4186534.000000 
19697730.000000 3729750.000000 
19275534.000000 3745676.000000 
19274356.000000 3769372.000000 
16739210.000000 4647634.000000 
18334852.000000 3916628.000000 
17315700.000000 4396314.000000 
18190654.000000 4080176.000000 
15761844.000000 5129050.000000 
17573690.000000 4224782.000000 
21932230.000000 3542536.000000 
12601530.000000 7258850.000000 
21051680.000000 3606404.000000 
13363718.000000 6743824.000000 
15457802.000000 5360348.000000 
15896172.000000 4993040.000000 
15958256.000000 4790260.000000 
16271846.000000 4664934.000000 
15850772.000000 5010786.000000 
15585914.000000 5140614.000000 
20750290.000000 3612288.000000 
17002968.000000 4430958.000000 
15173672.000000 5518512.000000 
21193882.000000 3596422.000000 
17111748.000000 4426084.000000 
13973542.000000 6228024.000000 
12938884.000000 7241022.000000 
14590300.000000 5866378.000000 
14883878.000000 5674416.000000 
14009844.000000 6166766.000000 
17478722.000000 4393326.000000 
14359424.000000 5942640.000000 
13643174.000000 6252598.000000 
13207112.000000 6771508.000000 
13911232.000000 6246150.000000 
13014056.000000 7181006.000000 
14595936.000000 5851140.000000 
13538852.000000 6500386.000000 
15523080.000000 5238784.000000 
14098698.000000 6120448.000000 
14208838.000000 6073798.000000 
14961106.000000 5588868.000000 

13460516.000000 7210048.000000 
13445496.000000 7425322.000000 
15702198.000000 5095436.000000 
21444736.000000 3433144.000000 
22062168.000000 3420238.000000 
19805028.000000 3732654.000000 
23585310.000000 3288512.000000 
19811070.000000 3668206.000000 
14321066.000000 6379836.000000 
13425144.000000 7811826.000000 
21373106.000000 3541072.000000 
13439368.000000 7493016.000000 
13431398.000000 7746428.000000 
18225062.000000 4040074.000000 
15480220.000000 5296786.000000 
16896874.000000 4724890.000000 
17444572.000000 4233624.000000 
17613074.000000 4136088.000000 
17035628.000000 4524674.000000 
13836968.000000 6687402.000000 
14116034.000000 6581330.000000 
12861298.000000 8345834.000000 
12673120.000000 8379952.000000 
17332324.000000 4447454.000000 
14532558.000000 6038162.000000 
14187496.000000 6499450.000000 
12656372.000000 8887360.000000 
12609992.000000 8899740.000000 
12350734.000000 8999098.000000 
14663174.000000 5693062.000000 
14684208.000000 5430128.000000 
14787504.000000 5420718.000000 
14893770.000000 5328628.000000 
14997066.000000 5319218.000000 
15367166.000000 5306934.000000 
15546870.000000 5216916.000000 
14636818.000000 5949954.000000 
17340790.000000 4334432.000000 
16994046.000000 4597896.000000 
17239454.000000 4450396.000000 
18108016.000000 4064896.000000 
19641040.000000 3816826.000000 
19430266.000000 3853618.000000 
16058666.000000 4883438.000000 
16296530.000000 4789956.000000 
15807070.000000 4967976.000000 
16017070.000000 4925004.000000 
16505896.000000 4744542.000000 
13753632.000000 6795310.000000 
18769676.000000 3951060.000000 
16102100.000000 4832484.000000 
16906992.000000 4649484.000000 
12885774.000000 8162164.000000 
13000680.000000 7960132.000000 
13354166.000000 7930520.000000 

12757930.000000 8552516.000000 
21253990.000000 3888680.000000 
21050106.000000 3923904.000000 
20537742.000000 3984894.000000 
14888742.000000 5617556.000000 
19343628.000000 4130532.000000 
14577588.000000 5819974.000000 
15547244.000000 4951546.000000 
15485774.000000 5153376.000000 
17446646.000000 4317612.000000 
17023766.000000 4466340.000000 
20565744.000000 3972416.000000 
14038476.000000 6502578.000000 
13383534.000000 7157798.000000 
16699334.000000 4725796.000000 
14141118.000000 6396998.000000 
13394582.000000 7109416.000000 
23359054.000000 3731866.000000 
14489916.000000 6065242.000000 
13076766.000000 7520288.000000 
15290892.000000 5272198.000000 
17009258.000000 4609490.000000 
20128882.000000 4025690.000000 
20946968.000000 3934966.000000 
22320818.000000 3777236.000000 
22818350.000000 3735884.000000 
18950176.000000 4170184.000000 
18263398.000000 4267418.000000 
16589240.000000 4946752.000000 
15019754.000000 5284826.000000 
14306344.000000 6186792.000000 
16616428.000000 4927972.000000 
13654926.000000 7062244.000000 
18122206.000000 4283416.000000 
13728100.000000 6653910.000000 
19349480.000000 4038080.000000 
21694254.000000 3845042.000000 
20880318.000000 3940682.000000 
17812020.000000 4288174.000000 
12967140.000000 8032466.000000 
14077402.000000 6419652.000000 
14218492.000000 6342906.000000 
20352090.000000 3993514.000000 
18875566.000000 4190318.000000 
13852198.000000 6545712.000000 
13648090.000000 7098438.000000 

25652332.000000 3210566.000000 
16408890.000000 4530816.000000 
23293028.000000 3411758.000000 
22820802.000000 3415086.000000 
22068446.000000 3559976.000000 
14431784.000000 6237032.000000 
13846172.000000 6257058.000000 
19702552.000000 3816104.000000 
22582834.000000 3477464.000000 
20931788.000000 3625408.000000 
24489750.000000 3338546.000000 
14731966.000000 5612810.000000 
12759764.000000 7643838.000000 
13785548.000000 6775340.000000 
15161838.000000 5536524.000000 
15202254.000000 5531986.000000 
24455532.000000 3344870.000000 
24922964.000000 3281272.000000 
25752638.000000 3122174.000000 
19321934.000000 3896636.000000 
18247540.000000 3914100.000000 
13234506.000000 7319592.000000 
16046112.000000 4533706.000000 
21874552.000000 3616052.000000 
24001986.000000 3357206.000000 
13634238.000000 6781904.000000 
15255262.000000 4932526.000000 
20497110.000000 3631040.000000 
12964996.000000 7498206.000000 
16711636.000000 4116050.000000 
16432408.000000 4246916.000000 
16691976.000000 4173892.000000 
24315328.000000 3348530.000000 
13333460.000000 7260548.000000 
22499774.000000 3512308.000000 
25190016.000000 3266262.000000 
15684120.000000 4723136.000000 
24968732.000000 3279814.000000 
23640930.000000 3364484.000000 
14680584.000000 5666184.000000 
13480802.000000 6990754.000000 
13429448.000000 7094240.000000 
24691480.000000 3326926.000000 

13056334.000000 7124802.000000 
13497156.000000 7008658.000000 
14367348.000000 6022914.000000 
15183764.000000 5335936.000000 
14638928.000000 5482280.000000 
14577598.000000 5841336.000000 
19980958.000000 3746216.000000 
16083960.000000 4812922.000000 
13565678.000000 6651578.000000 
12926968.000000 8306866.000000 
22247940.000000 3377570.000000 
19663684.000000 3878840.000000 
17450836.000000 4202738.000000 
20174550.000000 3742478.000000 
20396466.000000 3557594.000000 
21195630.000000 3548618.000000 
16418282.000000 4702086.000000 
15476212.000000 4986628.000000 
14866236.000000 5367560.000000 
14149724.000000 6087098.000000 
12949998.000000 7811832.000000 
21243394.000000 3389064.000000 
23671920.000000 3362966.000000 
18839630.000000 3916704.000000 
20278552.000000 3710678.000000 
14351992.000000 6039554.000000 
13515924.000000 6724872.000000 
13658456.000000 6375628.000000 
13930660.000000 6218644.000000 
12732966.000000 8374994.000000 
13312282.000000 7070018.000000 
16652874.000000 4459128.000000 
18607060.000000 3988190.000000 
17850614.000000 4075738.000000 
16398430.000000 4811842.000000 
18395002.000000 4013578.000000 
17840536.000000 4131800.000000 
16821706.000000 4286762.000000 
16722460.000000 4289596.000000 
16615132.000000 4513414.000000 
16560664.000000 4548850.000000 

13659708.000000 6360070.000000 
14571504.000000 5678384.000000 
15811618.000000 4502674.000000 
17398492.000000 4169018.000000 
17213206.000000 4273568.000000 
17737872.000000 4091002.000000 
18072774.000000 4044024.000000 
18411624.000000 3871574.000000 
14560790.000000 5736168.000000 
16958596.000000 4415920.000000 
17280900.000000 4203820.000000 
13099184.000000 6913798.000000 
13171738.000000 6450604.000000 
13687396.000000 6193210.000000 
13907110.000000 5854480.000000 
13037390.000000 6930330.000000 
19179962.000000 3617092.000000 
18907478.000000 3625502.000000 
14726594.000000 5512246.000000 
14955386.000000 5402332.000000 
25578170.000000 3380906.000000 
24963244.000000 3510834.000000 
24778790.000000 3583676.000000 
24376916.000000 3590526.000000 
17149520.000000 4319876.000000 
16175510.000000 4478554.000000 
15728868.000000 4647070.000000 
16878176.000000 4478164.000000 
15604528.000000 4981254.000000 
15165704.000000 5331628.000000 
17124610.000000 4388334.000000 
17074634.000000 4407702.000000 
15631034.000000 4923194.000000 
15202530.000000 5245532.000000 
15488008.000000 5113826.000000 
15440188.000000 5193310.000000 
13592636.000000 6397174.000000 
14277298.000000 5737594.000000 
12426378.000000 6978378.000000 
12418896.000000 7446636.000000 
12932012.000000 6970564.000000 
23471584.000000 3590626.000000 
18255374.000000 3968248.000000 
25741926.000000 3302024.000000 
26005840.000000 3191266.000000 
26022500.000000 3157674.000000 
15557996.000000 5048754.000000 
16943040.000000 4462554.000000 

15817776.000000 4951392.000000 
15947780.000000 4943124.000000 
15575978.000000 5526278.000000 
12161618.000000 7844948.000000 
17737138.000000 4401174.000000 
18386890.000000 4115362.000000 
13526130.000000 6648600.000000 
18274252.000000 4222518.000000 
14831572.000000 5856452.000000 
14906970.000000 5769262.000000 
18745392.000000 4012190.000000 
13299534.000000 6806316.000000 
12653084.000000 6907430.000000 
15456954.000000 5656508.000000 
13936690.000000 6250964.000000 
14822282.000000 5988406.000000 
25263264.000000 3338378.000000 
22488872.000000 3497170.000000 
13928000.000000 6527322.000000 
19079618.000000 3777194.000000 
15141796.000000 5703780.000000 
14389764.000000 6161158.000000 
18662538.000000 4023120.000000 
17202912.000000 4495914.000000 
14390284.000000 6120310.000000 
18375014.000000 4169722.000000 
21420482.000000 3677216.000000 
24720950.000000 3389576.000000 
23389334.000000 3406976.000000 
17027438.000000 4509454.000000 
24117314.000000 3405658.000000 
22779338.000000 3428658.000000 
20496238.000000 3745972.000000 
17774022.000000 4242436.000000 
17463692.000000 4482272.000000 
15752922.000000 5225178.000000 
17568520.000000 4418378.000000 
16450056.000000 4585022.000000 
16406234.000000 4834280.000000 
16379302.000000 4865868.000000 
20746222.000000 3711938.000000 

19684406.000000 3720118.000000 
13690938.000000 6678664.000000 
21016754.000000 3509448.000000 
21951806.000000 3428078.000000 
17273364.000000 4523532.000000 
16083644.000000 4867406.000000 
15382582.000000 5117120.000000 
14320948.000000 5413606.000000 
19986062.000000 3664322.000000 
14138952.000000 6314446.000000 
12723676.000000 7983652.000000 
23745000.000000 3378974.000000 
13602398.000000 6693088.000000 
13985764.000000 6511064.000000 
13530366.000000 7233352.000000 
17712020.000000 3742360.000000 
17522150.000000 4090066.000000 
13268414.000000 7341166.000000 
13249448.000000 7653214.000000 
14220754.000000 6252940.000000 
15859230.000000 5090864.000000 
24607298.000000 3281854.000000 
21460818.000000 3465978.000000 
15011016.000000 5411310.000000 
15212022.000000 5395674.000000 
17175116.000000 4605380.000000 
16464582.000000 4783634.000000 
12615644.000000 8144528.000000 
12683652.000000 8027964.000000 
17216244.000000 4560460.000000 
16823942.000000 4640680.000000 
23444510.000000 3416238.000000 
13050166.000000 7697482.000000 
12866744.000000 7830872.000000 
13341484.000000 7285466.000000 
20285450.000000 3591628.000000 
21216106.000000 3506584.000000 
20601088.000000 3539790.000000 
13977266.000000 6660920.000000 
21895578.000000 3463094.000000 
24436020.000000 3352744.000000 
23531318.000000 3384664.000000 

15707232.000000 5148130.000000 
13567132.000000 6909442.000000 
21683692.000000 3725912.000000 
16017334.000000 4999970.000000 
13267512.000000 7141358.000000 
14982722.000000 5453230.000000 
15060258.000000 5447110.000000 
22144326.000000 3584084.000000 
14934998.000000 5730440.000000 
12613078.000000 7222722.000000 
12429274.000000 7315782.000000 
13579034.000000 6829364.000000 
14085236.000000 6567232.000000 
16785832.000000 4538568.000000 
13318102.000000 7019376.000000 
14507418.000000 5998774.000000 
13896600.000000 6795172.000000 
14125930.000000 6470142.000000 
14636058.000000 5776776.000000 
14105100.000000 6530142.000000 
12046970.000000 7824940.000000 
12163558.000000 7760476.000000 
15267742.000000 5415082.000000 
18255564.000000 4127274.000000 
18419062.000000 3997596.000000 
13953996.000000 6574414.000000 
13403026.000000 6945324.000000 
18011802.000000 4134126.000000 
14136176.000000 6319614.000000 
15290892.000000 5247862.000000 
15516938.000000 5191632.000000 
19462848.000000 3960314.000000 
13684398.000000 6813302.000000 
16292016.000000 4900820.000000 
16268356.000000 4947236.000000 
16506618.000000 4590296.000000 
15752982.000000 5028648.000000 
13952220.000000 6762770.000000 
19549736.000000 3776618.000000 
18885452.000000 3989762.000000 
17864406.000000 4150890.000000 
21917262.000000 3705766.000000 
22007654.000000 3672824.000000 
22389784.000000 3571918.000000 
13921038.000000 6766858.000000 
14246478.000000 6169486.000000 
14326968.000000 6000062.000000 
20473324.000000 3726234.000000 
19547720.000000 3911778.000000 
13041754.000000 7148344.000000 
12388844.000000 7682860.000000 
14589492.000000 5930202.000000 
16747608.000000 4552614.000000 
14126560.000000 6380282.000000 
17339172.000000 4367534.000000 
17428714.000000 4253330.000000 

17287722.000000 4388918.000000 
12296786.000000 7662360.000000 
22196886.000000 3483250.000000 
15602858.000000 4926560.000000 
15736092.000000 4816256.000000 
14247992.000000 6222830.000000 
18144706.000000 4103866.000000 
18179542.000000 4064940.000000 
18761710.000000 4029228.000000 
17615496.000000 4141880.000000 
13719440.000000 6430320.000000 
13793332.000000 6395792.000000 
14566778.000000 5618636.000000 
14738230.000000 5586150.000000 
15131882.000000 5457110.000000 
21993012.000000 3491252.000000 
14335420.000000 6037544.000000 
12848792.000000 7055636.000000 
13192216.000000 6623378.000000 
14263568.000000 6215132.000000 
14074700.000000 6237758.000000 
14415298.000000 5834706.000000 
13951168.000000 6245858.000000 
15543872.000000 5218884.000000 
16027356.000000 4564500.000000 
15518332.000000 5358110.000000 
15540684.000000 5319222.000000 
13672316.000000 6471878.000000 
13520156.000000 6508398.000000 
17542784.000000 4219806.000000 
17551416.000000 4211748.000000 
17644478.000000 4127330.000000 
15733762.000000 4897206.000000 
13579866.000000 6505302.000000 
19499156.000000 3698388.000000 
13286532.000000 6607060.000000 
13422256.000000 6547872.000000 
18446226.000000 4059774.000000 
18762390.000000 4025960.000000 
15437562.000000 5431900.000000 
16718524.000000 4451210.000000 
13046574.000000 6856220.000000 
20652548.000000 3549474.000000 
20817348.000000 3494226.000000 
13018624.000000 6883336.000000 
20332058.000000 3589174.000000 
19013594.000000 3801502.000000 
20753006.000000 3533796.000000 

14162640.000000 6356416.000000 
16503770.000000 4870486.000000 
16493042.000000 4970382.000000 
14593790.000000 5912968.000000 
16556584.000000 4846224.000000 
11833330.000000 9664776.000000 
11917460.000000 9440006.000000 
17841932.000000 4224272.000000 
17345474.000000 4387538.000000 
12072776.000000 9021122.000000 
12449586.000000 8135364.000000 
15985148.000000 5187832.000000 
16302966.000000 5141152.000000 
12348052.000000 8616880.000000 
14488332.000000 6114764.000000 
15414198.000000 5288546.000000 
16276302.000000 5161280.000000 
16313294.000000 5121434.000000 
17408478.000000 4332948.000000 
16857526.000000 4734040.000000 
16975242.000000 4529164.000000 
16912976.000000 4557510.000000 
17346324.000000 4360524.000000 
16795372.000000 4761616.000000 
16745972.000000 4830868.000000 
14255440.000000 6321036.000000 
22314434.000000 3669924.000000 
12645564.000000 6711282.000000 
13168602.000000 6480092.000000 
13723104.000000 6479368.000000 
12197856.000000 8899958.000000 
13771440.000000 6394020.000000 
13908114.000000 6379460.000000 
18171820.000000 4009676.000000 
18084932.000000 4074088.000000 
18020790.000000 4102430.000000 
16772220.000000 4821146.000000 
14620528.000000 5905886.000000 
15208008.000000 5311784.000000 
14940228.000000 5503600.000000 
14740464.000000 5507936.000000 
15646280.000000 5251560.000000 
19275700.000000 3677380.000000 
18906330.000000 3696072.000000 
14327478.000000 6156002.000000 

17524414.000000 4525904.000000 
21719726.000000 3628176.000000 
12228276.000000 8210314.000000 
12144422.000000 8233930.000000 
21796732.000000 3623862.000000 
21148966.000000 3633872.000000 
20987410.000000 3678552.000000 
17535410.000000 4482254.000000 
25240638.000000 3436852.000000 
22985772.000000 3516376.000000 
23459124.000000 3502506.000000 
12460484.000000 7503532.000000 
12435950.000000 7505478.000000 
16804084.000000 4915316.000000 
12343708.000000 7894930.000000 
13806810.000000 6417066.000000 
14027324.000000 6277766.000000 
17772860.000000 4281864.000000 
19373772.000000 3771706.000000 
18881508.000000 3892648.000000 
12811050.000000 6518236.000000 
12819344.000000 6505126.000000 
12554108.000000 7359338.000000 
12564606.000000 7351834.000000 
17669758.000000 4402650.000000 
16028314.000000 5119870.000000 
14886202.000000 5380430.000000 
14354740.000000 5789938.000000 
14464182.000000 5763630.000000 
14780150.000000 5430792.000000 
16257180.000000 5056692.000000 
15533026.000000 5153234.000000 
15936454.000000 5134080.000000 
12244526.000000 7937380.000000 
12308350.000000 7908194.000000 
14247804.000000 5959260.000000 
16716794.000000 4959126.000000 
16834474.000000 4903962.000000 
16767964.000000 4931734.000000 
19091830.000000 3772518.000000 
17049902.000000 4653470.000000 
18255970.000000 4179782.000000 
17484384.000000 4586912.000000 
16261904.000000 5016878.000000 
17032794.000000 4886342.000000 
17569910.000000 4409166.000000 
22138566.000000 3527566.000000 
17397340.000000 4627726.000000 
22404084.000000 3519998.000000 
21804826.000000 3528794.000000 
19417342.000000 3749802.000000 
13309516.000000 6467944.000000 
13316142.000000 6457050.000000 
11983102.000000 8527854.000000 
19682904.000000 3715424.000000 
12607530.000000 6978096.000000 
12351564.000000 7612266.000000 
24710304.000000 3465046.000000 

16576102.000000 5008980.000000 
14590680.000000 6131194.000000 
14225874.000000 6202030.000000 
16264168.000000 5287870.000000 
16111746.000000 5300262.000000 
19591666.000000 4064526.000000 
16068994.000000 5344526.000000 
16269776.000000 5160410.000000 
12610190.000000 7509706.000000 
13260030.000000 6934056.000000 
14365170.000000 6143078.000000 
15513502.000000 5508844.000000 
20928182.000000 3616276.000000 
21033772.000000 3572980.000000 
19538214.000000 4090220.000000 
20883082.000000 3684082.000000 
22254176.000000 3487922.000000 
19628668.000000 4049138.000000 
13746126.000000 6433482.000000 
15070024.000000 5734426.000000 
15155536.000000 5683210.000000 
15705800.000000 5378486.000000 
16763866.000000 4283426.000000 
17081270.000000 4251542.000000 
22974080.000000 3381016.000000 
23209716.000000 3338872.000000 
13472838.000000 6789274.000000 
15318622.000000 5670088.000000 
18699608.000000 4094670.000000 
13966554.000000 6331056.000000 
20784150.000000 3738032.000000 
15188184.000000 5673540.000000 
15447132.000000 5646980.000000 
14607334.000000 5961764.000000 
21738042.000000 3540248.000000 
22592762.000000 3444752.000000 
13591074.000000 6517726.000000 
13311300.000000 6829978.000000 
19564968.000000 4068784.000000 
19679604.000000 3931054.000000 
20124528.000000 3793164.000000 
15688846.000000 5437718.000000 
14735710.000000 5774396.000000 

13157168.000000 7008972.000000 
12427370.000000 7273914.000000 
12342286.000000 7409946.000000 
20892146.000000 4061758.000000 
21788938.000000 3889380.000000 
19583912.000000 4154458.000000 
14952856.000000 5258486.000000 
17084096.000000 4413180.000000 
15759994.000000 4739826.000000 
12966764.000000 7095690.000000 
18398136.000000 4295366.000000 
18370984.000000 4338094.000000 
13377782.000000 6641114.000000 
13337368.000000 6749922.000000 
13635406.000000 6128124.000000 
13953168.000000 5735590.000000 
14258742.000000 5669626.000000 
19140268.000000 4275308.000000 
15220106.000000 5110388.000000 
20191370.000000 4150106.000000 
16222962.000000 4620802.000000 
16540816.000000 4481136.000000 
13813000.000000 5788146.000000 
16080408.000000 4661746.000000 
15764862.000000 4688366.000000 
15378706.000000 4843292.000000 
14427184.000000 5393910.000000 
15136094.000000 5139826.000000 
16347716.000000 4552716.000000 
14258164.000000 5683038.000000 
14287466.000000 5583286.000000 
14122902.000000 5693480.000000 
14274092.000000 5646356.000000 
13404478.000000 6525830.000000 

17143126.000000 4749888.000000 
12311112.000000 7582592.000000 
17794622.000000 4264630.000000 
18698972.000000 4208206.000000 
12673022.000000 6777488.000000 
20940034.000000 3512092.000000 
20138360.000000 3721416.000000 
13442292.000000 6411386.000000 
20744434.000000 3516522.000000 
19416650.000000 3759196.000000 
12970454.000000 6496986.000000 
15743994.000000 5158288.000000 
14763642.000000 5697498.000000 
15028814.000000 5632572.000000 
13979986.000000 5887490.000000 
14661216.000000 5867182.000000 
15328176.000000 5556030.000000 
17548680.000000 4506556.000000 
17158476.000000 4732214.000000 
16934478.000000 4827764.000000 
19544894.000000 3733598.000000 
21790058.000000 3496636.000000 
18918998.000000 3839052.000000 
18434010.000000 4222802.000000 
18874398.000000 3962392.000000 
14903144.000000 5655112.000000 
12793392.000000 6530586.000000 
13271336.000000 6469700.000000 
13950234.000000 6134406.000000 
20470392.000000 3648722.000000 
20351496.000000 3689492.000000 
22301466.000000 3479402.000000 
15518788.000000 5495038.000000 
15309794.000000 5565634.000000 
13552304.000000 6254658.000000 
13844102.000000 6199026.000000 
13839348.000000 6209570.000000 
15537578.000000 5485026.000000 
16651164.000000 4881088.000000 
17701028.000000 4505406.000000 
20044122.000000 3733538.000000 
15907158.000000 5144450.000000 
15924634.000000 5103780.000000 
12621598.000000 6933276.000000 
18772210.000000 4127272.000000 
16197144.000000 4937244.000000 
16086408.000000 5011092.000000 
16065348.000000 5080290.000000 
16060554.000000 5081350.000000 

14832404.000000 5584834.000000 
14488664.000000 6020152.000000 
20560308.000000 3664942.000000 
21009740.000000 3532086.000000 
15411520.000000 5319538.000000 
16037854.000000 4737596.000000 
15917524.000000 4738582.000000 
13348602.000000 6962094.000000 
15046770.000000 5327806.000000 
16868218.000000 4456506.000000 
15005846.000000 5440126.000000 
16873264.000000 4442676.000000 
14120420.000000 6144254.000000 
13644320.000000 6373426.000000 
18329392.000000 3958066.000000 
12922450.000000 7561712.000000 
19274366.000000 3769260.000000 
15799472.000000 4980816.000000 
17017352.000000 4232542.000000 
18097716.000000 4141724.000000 
17022484.000000 4213770.000000 
17068878.000000 4164700.000000 
20704544.000000 3613946.000000 
15507650.000000 5313288.000000 
15522818.000000 5070712.000000 
16222502.000000 4479664.000000 
16147120.000000 4556698.000000 
20796096.000000 3612084.000000 
14002806.000000 6218492.000000 
13547186.000000 6433264.000000 
19694292.000000 3667328.000000 
14494494.000000 5941004.000000 
14553818.000000 5885752.000000 
14937454.000000 5545054.000000 
18100024.000000 4136528.000000 
18129828.000000 4117212.000000 
18833782.000000 3826936.000000 
19459908.000000 3720906.000000 
18141304.000000 4013872.000000 
13516136.000000 6702664.000000 
13542414.000000 6674998.000000 

15335066.000000 5512238.000000 
14616794.000000 6146214.000000 
18788478.000000 4222580.000000 
16320000.000000 4972250.000000 
16455464.000000 4680846.000000 
17704880.000000 4272514.000000 
17652378.000000 4327226.000000 
19021122.000000 4115526.000000 
19839164.000000 3907868.000000 
21418958.000000 3610824.000000 
21114088.000000 3619690.000000 
19162520.000000 4006650.000000 
19892496.000000 3867372.000000 
20837716.000000 3713096.000000 
20776432.000000 3854038.000000 
13560340.000000 7177556.000000 
15102352.000000 6071892.000000 
17508366.000000 4377334.000000 
18909544.000000 4188172.000000 
15173528.000000 5665434.000000 
15589004.000000 5487240.000000 
20835812.000000 3732100.000000 
18543278.000000 4269406.000000 
16451634.000000 4970422.000000 
14817132.000000 6083808.000000 
19226174.000000 3950860.000000 
13564392.000000 6886678.000000 
15603102.000000 5484932.000000 
15277044.000000 5645808.000000 
15754566.000000 5331652.000000 
15428508.000000 5492528.000000 
13354646.000000 7440008.000000 
21016330.000000 3647126.000000 
13919662.000000 6524620.000000 
13039488.000000 7603198.000000 
13118010.000000 7574046.000000 
16789924.000000 4573604.000000 
14236782.000000 6363696.000000 
14440196.000000 6336634.000000 
17321176.000000 4429596.000000 
17343192.000000 4407574.000000 
13676514.000000 6675166.000000 
15832818.000000 5215784.000000 
15752788.000000 5403910.000000 
13546836.000000 7295098.000000 
18902772.000000 4209702.000000 
16080800.000000 4974392.000000 
15959564.000000 5204214.000000 
16454528.000000 4847106.000000 
13229694.000000 7448040.000000 
17381068.000000 4400502.000000 
13515572.000000 7400862.000000 
14162886.000000 6434604.000000 

20430510.000000 3947352.000000 
21618264.000000 3903108.000000 
14801056.000000 5440008.000000 
15495092.000000 5165558.000000 
23058784.000000 3854746.000000 
20658412.000000 3925596.000000 
19492098.000000 3954608.000000 
18536514.000000 4084710.000000 
16986792.000000 4578660.000000 
18054960.000000 4423232.000000 
16472290.000000 4697364.000000 
18361030.000000 4197582.000000 
15235568.000000 5380652.000000 
17151078.000000 4431006.000000 
19266514.000000 4006488.000000 
14315038.000000 5867666.000000 
14628394.000000 5601436.000000 
14459334.000000 5701504.000000 
16096150.000000 4761608.000000 
14576002.000000 5693570.000000 
15731354.000000 4944666.000000 
15614032.000000 5012456.000000 
15601844.000000 5084154.000000 
18143210.000000 4309278.000000 
14103942.000000 5943082.000000 
14969148.000000 5384868.000000 
15414708.000000 5193130.000000 
14068794.000000 6168946.000000 
23293422.000000 3839940.000000 
20557886.000000 3929232.000000 
21750344.000000 3884912.000000 
22937866.000000 3881312.000000 

16753932.000000 4458650.000000 
18479058.000000 3683858.000000 
19388220.000000 3642694.000000 
12210734.000000 8399338.000000 
13267594.000000 7019256.000000 
16963454.000000 4297626.000000 
16967468.000000 4182830.000000 
16388758.000000 4652400.000000 
17678960.000000 3922984.000000 
12868604.000000 7176816.000000 
22170024.000000 3549338.000000 
15126262.000000 5128686.000000 
15457026.000000 4982606.000000 
24512986.000000 3363522.000000 
22473072.000000 3475236.000000 
21113998.000000 3554642.000000 
14792882.000000 5800122.000000 
15077158.000000 5367742.000000 
25137708.000000 3352584.000000 
23110466.000000 3463722.000000 
14843390.000000 5732876.000000 
20862128.000000 3624020.000000 
16211714.000000 4686456.000000 
14040338.000000 6019978.000000 
16347580.000000 4680260.000000 
18423266.000000 3775134.000000 
18409164.000000 3796648.000000 
20991216.000000 3606918.000000 
22294656.000000 3484186.000000 
22244748.000000 3509196.000000 
16109810.000000 4714420.000000 
15987070.000000 4841112.000000 
14681912.000000 5972062.000000 
16559026.000000 4492572.000000 
15955518.000000 4923314.000000 
12491086.000000 8234114.000000 
12835000.000000 7925082.000000 
12796798.000000 8008254.000000 
17911228.000000 3898606.000000 
17391408.000000 4115056.000000 
17204404.000000 4170578.000000 
17306308.000000 4142614.000000 
17865454.000000 3905824.000000 
17656044.000000 3993452.000000 
13506374.000000 6457540.000000 
13593546.000000 6110722.000000 
13839366.000000 6054454.000000 

14322104.000000 5738088.000000 
14308506.000000 5829518.000000 
16167124.000000 4755784.000000 
15782392.000000 5056186.000000 
15161048.000000 5325384.000000 
16493768.000000 4199574.000000 
14810188.000000 5449164.000000 
14213226.000000 5958824.000000 
19764104.000000 3612236.000000 
14017540.000000 6426174.000000 
14179264.000000 6072578.000000 
12559352.000000 7405990.000000 
13361358.000000 6832070.000000 
13429756.000000 6476984.000000 
13431348.000000 6432092.000000 
13014546.000000 7143968.000000 
19348030.000000 3787272.000000 
16110116.000000 4961714.000000 
15781600.000000 5221902.000000 
17731316.000000 4079756.000000 
16257230.000000 4325686.000000 
12898424.000000 7309028.000000 
12846914.000000 7351816.000000 
18675008.000000 4066482.000000 
18866998.000000 4025374.000000 
18940142.000000 3926766.000000 
17617372.000000 4145600.000000 
14035852.000000 6204134.000000 
19812474.000000 3584046.000000 

18380224.000000 4055886.000000 
18547092.000000 3734090.000000 
14329008.000000 5996984.000000 
13888918.000000 6359058.000000 
14966362.000000 5450484.000000 
16766908.000000 4426446.000000 
14021624.000000 6138850.000000 
16472894.000000 4535400.000000 
14204750.000000 6131546.000000 
14473876.000000 5462778.000000 
15719148.000000 4590988.000000 
15717282.000000 4599620.000000 
14261156.000000 6091492.000000 
15223620.000000 4918168.000000 
20884368.000000 3697982.000000 
20892796.000000 3691878.000000 
17197074.000000 4423260.000000 
15219952.000000 5210922.000000 
12830070.000000 7990800.000000 
18310628.000000 4072394.000000 
17397014.000000 4232646.000000 
13895832.000000 6307100.000000 
13600532.000000 6421100.000000 
13264044.000000 6583624.000000 
15520406.000000 4783498.000000 
14307394.000000 6030550.000000 
18259052.000000 4186968.000000 

14809490.000000 5693602.000000 
19917096.000000 3540496.000000 
21135820.000000 3439540.000000 
21769242.000000 3358400.000000 
17665544.000000 4180916.000000 
18594930.000000 3777072.000000 
18431352.000000 3832792.000000 
14490358.000000 5895506.000000 
14875890.000000 5628916.000000 
15485452.000000 5372214.000000 
14335554.000000 6069390.000000 
14379440.000000 6010774.000000 
20344188.000000 3511392.000000 
22883778.000000 3353096.000000 
22917586.000000 3316070.000000 
23144564.000000 3300610.000000 
23256760.000000 3297074.000000 
12937206.000000 7710774.000000 
12748530.000000 7738934.000000 
21503110.000000 3365764.000000 
23440952.000000 3243410.000000 
14073770.000000 6481182.000000 
15772252.000000 5244774.000000 
15408646.000000 5384276.000000 
15882164.000000 4978132.000000 
15772474.000000 5119102.000000 
15972164.000000 4932630.000000 
17054864.000000 4348898.000000 
16732230.000000 4634354.000000 
14317566.000000 6181194.000000 
13532194.000000 6744336.000000 
15086378.000000 5499242.000000 
23707084.000000 3236046.000000 
23720894.000000 3201934.000000 
16763744.000000 4460832.000000 
16900210.000000 4386488.000000 
15510472.000000 5325154.000000 
17233600.000000 4218522.000000 
18822876.000000 3757358.000000 
17727522.000000 3974480.000000 
18129906.000000 3946458.000000 
14173644.000000 6346220.000000 
14184354.000000 6247098.000000 
14304192.000000 6241776.000000 
16074252.000000 4764882.000000 
17047146.000000 4384932.000000 
19205704.000000 3711370.000000 
19469824.000000 3626972.000000 
13291196.000000 7572498.000000 
13291422.000000 7470842.000000 
12854294.000000 7733266.000000 
13276908.000000 7633422.000000 

20324474.000000 3866350.000000 
20403970.000000 3843746.000000 
13223350.000000 6916186.000000 
13670118.000000 6270058.000000 
15854370.000000 4906580.000000 
18793050.000000 3964778.000000 
21994938.000000 3759540.000000 
21334874.000000 3775782.000000 
20245208.000000 3893110.000000 
15427964.000000 5143514.000000 
14112190.000000 5937014.000000 
16129198.000000 4532532.000000 
16015878.000000 4581526.000000 
13714666.000000 6213252.000000 
13337440.000000 6508242.000000 
13428004.000000 6446308.000000 
13786556.000000 6210300.000000 
15277908.000000 5342826.000000 
14671332.000000 5886976.000000 
15204256.000000 5430742.000000 
15579558.000000 4973424.000000 
15950166.000000 4828704.000000 
15014220.000000 5448700.000000 
17520546.000000 4390428.000000 
17980406.000000 4111708.000000 
15627250.000000 4935012.000000 
14839926.000000 5624476.000000 
19884062.000000 3950014.000000 
15480798.000000 5023086.000000 
15944234.000000 4841704.000000 
16391920.000000 4410666.000000 
16646510.000000 4394468.000000 
17670046.000000 4199630.000000 
14699570.000000 5820098.000000 
22391416.000000 3710418.000000 
22783432.000000 3646444.000000 
17728426.000000 4153432.000000 
17995452.000000 4030688.000000 
18688202.000000 3980406.000000 

13306594.000000 6670384.000000 
14513878.000000 5286216.000000 
14090974.000000 5900374.000000 
19013056.000000 3754480.000000 
12829570.000000 7038458.000000 
21865036.000000 3569716.000000 
14115808.000000 5737754.000000 
12400540.000000 7637824.000000 
14050806.000000 5931070.000000 
17407506.000000 4332010.000000 
13667540.000000 5988186.000000 
13511126.000000 6025246.000000 
13645750.000000 6008776.000000 
13327094.000000 6131654.000000 
14209610.000000 5557460.000000 
17540062.000000 4284178.000000 
12824940.000000 7239094.000000 
17726490.000000 4250816.000000 
17041870.000000 4347680.000000 
16712520.000000 4425112.000000 
13775260.000000 5951036.000000 
12403464.000000 7310754.000000 
12458308.000000 7260406.000000 
13068002.000000 6670862.000000 
12935620.000000 6692742.000000 
14471384.000000 5500464.000000 
18214810.000000 3935886.000000 
16219558.000000 4625518.000000 
19752752.000000 3728512.000000 
18260528.000000 3929588.000000 
15907576.000000 4771130.000000 
17727380.000000 4222878.000000 
19865382.000000 3720856.000000 
18025042.000000 4183708.000000 
15696946.000000 4816080.000000 
16763876.000000 4399780.000000 
16078594.000000 4763962.000000 
16404526.000000 4476492.000000 
18956194.000000 3823396.000000 
18533762.000000 3877108.000000 
18114242.000000 4169194.000000 
18147358.000000 4063446.000000 
12801726.000000 7257646.000000 
21004012.000000 3632908.000000 
21260842.000000 3595836.000000 
20508930.000000 3684302.000000 
16087368.000000 4648098.000000 
14944416.000000 4967316.000000 
15237290.000000 4839740.000000 
18737014.000000 3858542.000000 
18020076.000000 4199972.000000 

16099788.000000 4561768.000000 
17352730.000000 4214558.000000 
17192696.000000 4251014.000000 
17176660.000000 4305504.000000 
14890424.000000 4908276.000000 
16177162.000000 4553164.000000 
21557182.000000 3659342.000000 
18721142.000000 3962004.000000 
18562534.000000 4018272.000000 
12435736.000000 6805772.000000 
20084600.000000 3813760.000000 
15954708.000000 4757494.000000 
14133130.000000 5565332.000000 
14827818.000000 5236040.000000 
15292222.000000 4899022.000000 
19869358.000000 3849630.000000 
18688662.000000 3966542.000000 
16845916.000000 4307732.000000 
18281420.000000 4093762.000000 
21104140.000000 3691122.000000 
14238028.000000 5283866.000000 
14345546.000000 5259160.000000 
13702326.000000 5918510.000000 
13399992.000000 6143064.000000 
13315638.000000 6341720.000000 
13169956.000000 6587542.000000 
21782500.000000 3591960.000000 
22209280.000000 3587192.000000 
19421416.000000 3892944.000000 
19339786.000000 3924188.000000 
16384124.000000 4336090.000000 
13287954.000000 6460840.000000 
12422900.000000 7799144.000000 
12875944.000000 6753646.000000 
20476698.000000 3735888.000000 
14115636.000000 5658938.000000 
14101334.000000 5700058.000000 
23509936.000000 3528282.000000 
22421976.000000 3583866.000000 
22772276.000000 3536986.000000 

14973620.000000 4971784.000000 
15138732.000000 4866548.000000 
16525162.000000 4244506.000000 
16462082.000000 4267360.000000 
15545886.000000 4717816.000000 
21109918.000000 3867316.000000 
21426814.000000 3743358.000000 
12674052.000000 7807310.000000 
14366440.000000 5815636.000000 
14313124.000000 5950270.000000 
17728710.000000 4220210.000000 
22968446.000000 3565274.000000 
26127174.000000 3555888.000000 
22710036.000000 3569958.000000 
25894028.000000 3560088.000000 
12972898.000000 7593746.000000 
15694892.000000 4717444.000000 
13666300.000000 6193190.000000 
13607774.000000 6239302.000000 
20866444.000000 3966836.000000 
20698990.000000 4016496.000000 
15743604.000000 4663606.000000 
14903296.000000 5024580.000000 
15068408.000000 4919344.000000 
15374876.000000 4830976.000000 
17879630.000000 4078854.000000 
14439300.000000 5640554.000000 
14378760.000000 5706660.000000 
14157944.000000 6167204.000000 
12557084.000000 9602032.000000 
20574992.000000 4066030.000000 
15821884.000000 4639608.000000 
13117728.000000 6947740.000000 
12686814.000000 7620902.000000 
14443486.000000 5239058.000000 
22159132.000000 3683948.000000 
22227050.000000 3585724.000000 
22090242.000000 3720508.000000 
16252346.000000 4420984.000000 
13231354.000000 6635344.000000 
13506884.000000 6459596.000000 
14212272.000000 6159184.000000 
16015432.000000 4480938.000000 
16008416.000000 4493850.000000 
15858010.000000 4528990.000000 
14403398.000000 5704646.000000 
15409424.000000 4750356.000000 

21980676.000000 3517062.000000 
23249276.000000 3285608.000000 
16784456.000000 4607580.000000 
16813946.000000 4430362.000000 
14795406.000000 5393808.000000 
15360580.000000 4952310.000000 
20293034.000000 3743264.000000 
14905096.000000 5313662.000000 
15084486.000000 5148970.000000 
22035468.000000 3474576.000000 
14464430.000000 5717358.000000 
16088620.000000 4870746.000000 
16383886.000000 4735288.000000 
19175676.000000 3949652.000000 
17285136.000000 4296742.000000 
19367942.000000 3949402.000000 
17496206.000000 4295754.000000 
15242250.000000 5007740.000000 
17898896.000000 4122160.000000 
14584228.000000 5529024.000000 
12924598.000000 7013360.000000 
13086124.000000 6981266.000000 
13749286.000000 5986724.000000 
23108650.000000 3311442.000000 
23115350.000000 3305442.000000 
20678786.000000 3667904.000000 
19147050.000000 3989180.000000 
19037956.000000 3999916.000000 
14403026.000000 5814522.000000 
18551086.000000 4035632.000000 
12776270.000000 7017620.000000 
13183878.000000 6796284.000000 
12381216.000000 7761726.000000 
12714542.000000 7185066.000000 
14532160.000000 5678948.000000 
19562592.000000 3821062.000000 
23222176.000000 3294710.000000 
19434692.000000 3869742.000000 
14382568.000000 5826300.000000 
13320502.000000 6348370.000000 
22294510.000000 3396652.000000 
18048508.000000 4114986.000000 
22007762.000000 3480586.000000 
19754858.000000 3820812.000000 
20248872.000000 3817238.000000 
20251196.000000 3805986.000000 
14566424.000000 5623862.000000 
22572132.000000 3347484.000000 
21253470.000000 3589894.000000 
23344762.000000 3216618.000000 
16351742.000000 4792722.000000 
12656404.000000 7323400.000000 
16220738.000000 4851690.000000 
16253018.000000 4833752.000000 
15685502.000000 4877406.000000 

12394350.000000 7988614.000000 
12812182.000000 7789860.000000 
12594048.000000 7795768.000000 
20001688.000000 3712986.000000 
23369644.000000 3494554.000000 
25908722.000000 3356278.000000 
17549742.000000 4263530.000000 
15881434.000000 5350508.000000 
23297702.000000 3568574.000000 
14070328.000000 6716718.000000 
14881502.000000 6287466.000000 
22982076.000000 3569966.000000 
25445596.000000 3436442.000000 
16100206.000000 4871096.000000 
15239426.000000 5696442.000000 
18438692.000000 3967872.000000 
14992894.000000 6189136.000000 
24238898.000000 3482402.000000 
13173202.000000 7417712.000000 
18267238.000000 4015574.000000 
16576462.000000 4673094.000000 
15648194.000000 5626622.000000 
19389594.000000 3718532.000000 
17541138.000000 4389834.000000 
14370808.000000 6348408.000000 
14264350.000000 6690520.000000 
21966526.000000 3574166.000000 
15729276.000000 5418562.000000 
15679098.000000 5547772.000000 
15098328.000000 5916066.000000 
17491186.000000 4588812.000000 
16757680.000000 4627424.000000 
13985652.000000 6735996.000000 
13930126.000000 6876752.000000 
15976012.000000 5338896.000000 
15821522.000000 5379634.000000 
21163356.000000 3695798.000000 
21777618.000000 3686160.000000 
13354056.000000 7243106.000000 
13543096.000000 7027312.000000 
14319158.000000 6536818.000000 
13923480.000000 6893262.000000 
15498200.000000 5655720.000000 
16050902.000000 5119830.000000 
16039984.000000 5191332.000000 
13857376.000000 6907572.000000 

23956832.000000 3588862.000000 
22014486.000000 3690940.000000 
15454280.000000 4970640.000000 
14393050.000000 5753640.000000 
14412302.000000 5563854.000000 
16540118.000000 4401480.000000 
17198798.000000 4065668.000000 
17816174.000000 3868876.000000 
17729966.000000 3878982.000000 
17572920.000000 3906360.000000 
17486712.000000 3916466.000000 
13218146.000000 7473686.000000 
12746362.000000 8235594.000000 
16014890.000000 4570456.000000 
15917894.000000 4635116.000000 
15877450.000000 4693786.000000 
13064458.000000 7759882.000000 
18677104.000000 3846310.000000 
14694808.000000 5551656.000000 
15486896.000000 4787688.000000 
12993518.000000 8098934.000000 
13296254.000000 7434202.000000 
16553930.000000 4395802.000000 
16263198.000000 4551294.000000 
16382898.000000 4505384.000000 
16413470.000000 4431218.000000 
16353984.000000 4534696.000000 
12025420.000000 8563398.000000 
12434070.000000 8556304.000000 
12722322.000000 8288588.000000 
13744122.000000 6221324.000000 
13848860.000000 5924296.000000 
23048196.000000 3658666.000000 
15031208.000000 5086976.000000 
14821420.000000 5295366.000000 
17315578.000000 3981396.000000 
16581326.000000 4351656.000000 
16791998.000000 4335778.000000 
16532380.000000 4419954.000000 
12453606.000000 8294132.000000 
13210434.000000 7758134.000000 
21401828.000000 3781804.000000 
21888768.000000 3754686.000000 
13343188.000000 6329074.000000 

