1995666.000000 1987266.000000 2001332.000000 
1991808.000000 1970642.000000 2005318.000000 
1969938.000000 2021202.000000 2007882.000000 
1960188.000000 2025104.000000 2012582.000000 
1963178.000000 2011818.000000 2013478.000000 
1969738.000000 2048160.000000 2001926.000000 
1966856.000000 1977916.000000 2011134.000000 
1971050.000000 1983892.000000 2007628.000000 
1978488.000000 1983514.000000 2003520.000000 
1952720.000000 2065742.000000 2022390.000000 
1956222.000000 2050586.000000 2011346.000000 
1955406.000000 2064024.000000 2024848.000000 
1984572.000000 2006138.000000 1994298.000000 
1970606.000000 2041740.000000 1999554.000000 
2009508.000000 1964306.000000 2041878.000000 
1982126.000000 1999332.000000 2001744.000000 
1988738.000000 1965484.000000 2050096.000000 
2007778.000000 1973900.000000 1997032.000000 
2013046.000000 1998276.000000 1995534.000000 
1963082.000000 2008614.000000 2016574.000000 
1961108.000000 2004744.000000 2017956.000000 
1970788.000000 2010320.000000 2008188.000000 
1964390.000000 2064736.000000 1971324.000000 
1964954.000000 2061528.000000 1969856.000000 
1984730.000000 2027984.000000 1986916.000000 
1998070.000000 2014554.000000 1985014.000000 
1988126.000000 2011610.000000 1985612.000000 
1979728.000000 2026280.000000 1990078.000000 
1986026.000000 2029242.000000 1982468.000000 
1983878.000000 2023982.000000 1987194.000000 
2012160.000000 2019404.000000 1970196.000000 
2008010.000000 2000514.000000 1975928.000000 
2022780.000000 1998994.000000 1974162.000000 
2019984.000000 2030592.000000 1961032.000000 
1998892.000000 2033888.000000 1957904.000000 
2000264.000000 2054190.000000 1949348.000000 
1995492.000000 2066742.000000 1960298.000000 
2000556.000000 2015858.000000 1979854.000000 
1997884.000000 2033338.000000 1977092.000000 
2004114.000000 2007656.000000 1993586.000000 
2037736.000000 2003098.000000 1973456.000000 
1980090.000000 2011354.000000 1989152.000000 
2018880.000000 2066440.000000 1948690.000000 
2021654.000000 1996674.000000 1989656.000000 
2028280.000000 1987792.000000 1973838.000000 
2042724.000000 2008036.000000 1953210.000000 
2057798.000000 2024106.000000 1945302.000000 
2038530.000000 2027322.000000 1948514.000000 
2031116.000000 2069938.000000 1945416.000000 
2025366.000000 2076802.000000 1941758.000000 
1987458.000000 1994984.000000 2001714.000000 
1956748.000000 2027284.000000 2017678.000000 
1961030.000000 2046342.000000 2005184.000000 
1973062.000000 2033284.000000 1989290.000000 
1970112.000000 2046566.000000 2000574.000000 
1972834.000000 2041720.000000 2004588.000000 
2017570.000000 2003966.000000 1966424.000000 
2026556.000000 2025094.000000 1955998.000000 
2004190.000000 2013302.000000 1973916.000000 
2014470.000000 2014686.000000 1965286.000000 
2024592.000000 2030144.000000 1952282.000000 
2028468.000000 2026918.000000 1952930.000000 

1983412.000000 2057672.000000 1999332.000000 
1996750.000000 2014792.000000 2017504.000000 
1997932.000000 2017610.000000 2010520.000000 
1999076.000000 2018210.000000 1998056.000000 
1994262.000000 1999504.000000 2037614.000000 
2015580.000000 2037458.000000 1987992.000000 
2009096.000000 2040926.000000 1991714.000000 
2002342.000000 2047324.000000 1995444.000000 
2021128.000000 1999816.000000 1997012.000000 
2019928.000000 1996850.000000 2003066.000000 
2006630.000000 2043134.000000 1997706.000000 
2023938.000000 2031822.000000 1972498.000000 
2038302.000000 2021038.000000 1989882.000000 
1990856.000000 1991168.000000 2044476.000000 
1985140.000000 1996374.000000 2061326.000000 
1983298.000000 2004824.000000 2052158.000000 
2005632.000000 2011170.000000 2009838.000000 
1996236.000000 2069696.000000 1994614.000000 
2026908.000000 2029724.000000 1975068.000000 
2017440.000000 2038928.000000 1975594.000000 
2012400.000000 2043088.000000 1958112.000000 
2005922.000000 2051222.000000 1947798.000000 
2004042.000000 2044414.000000 1955474.000000 
2003272.000000 2050768.000000 1954452.000000 
1998878.000000 2062396.000000 1964028.000000 
2000454.000000 2053070.000000 1972796.000000 
1968206.000000 2065276.000000 2000094.000000 
1980458.000000 2065556.000000 1996498.000000 
2020902.000000 2012540.000000 1993568.000000 
2016610.000000 2033692.000000 1996562.000000 
1982044.000000 2008574.000000 2037856.000000 
1984922.000000 2002932.000000 2038162.000000 
1986754.000000 1991006.000000 2049048.000000 
2030092.000000 2021982.000000 1993318.000000 
1985704.000000 2047960.000000 2013588.000000 
2026656.000000 1981756.000000 2019932.000000 
2019872.000000 1992734.000000 2008914.000000 
2015128.000000 2005064.000000 1998030.000000 
2025380.000000 2011566.000000 1996732.000000 
2002234.000000 2000146.000000 2037392.000000 
1984678.000000 1996616.000000 2061212.000000 
1971410.000000 2028942.000000 2094862.000000 
2027354.000000 1990636.000000 2019194.000000 
2007844.000000 1989104.000000 2022834.000000 
1982514.000000 1989186.000000 2083612.000000 
2035572.000000 1947852.000000 2095108.000000 
2007516.000000 2002818.000000 2010428.000000 
2002374.000000 1986134.000000 2059174.000000 
2006412.000000 1970908.000000 2059056.000000 
1968636.000000 2044868.000000 2027934.000000 
1971670.000000 2035242.000000 2033276.000000 
1979728.000000 2031438.000000 2021732.000000 
1969984.000000 2041812.000000 2032364.000000 
2019096.000000 2029788.000000 1979834.000000 
1992012.000000 2041474.000000 2014374.000000 
1981532.000000 2013076.000000 2056464.000000 
1971796.000000 1992912.000000 2072500.000000 
1991288.000000 1988136.000000 2057324.000000 
1984764.000000 1992428.000000 2062966.000000 
1986316.000000 1989170.000000 2077384.000000 
1975264.000000 2032062.000000 2047026.000000 
2008334.000000 1973192.000000 2026076.000000 
2011042.000000 1958604.000000 2024224.000000 
2008038.000000 1974046.000000 2024626.000000 
2038254.000000 2026748.000000 1992730.000000 
1980054.000000 2022744.000000 2020124.000000 
1981752.000000 2020426.000000 2016118.000000 
1987700.000000 2013112.000000 2025950.000000 
2019464.000000 1950408.000000 2092562.000000 
2018854.000000 1954314.000000 2042494.000000 
1971110.000000 2038538.000000 2023706.000000 
1994516.000000 2014942.000000 2022194.000000 
1999412.000000 2006432.000000 2018212.000000 
1969846.000000 2032962.000000 2045964.000000 
2054308.000000 1949046.000000 2062760.000000 
1968034.000000 2044162.000000 2045636.000000 
1994804.000000 2034900.000000 2010882.000000 
2005456.000000 1984656.000000 2033580.000000 
1990268.000000 1974870.000000 2063370.000000 
1964760.000000 2049054.000000 2021304.000000 
2002976.000000 1980916.000000 2050562.000000 

1948394.000000 2046724.000000 2003778.000000 
1958776.000000 2040402.000000 1996246.000000 
1980898.000000 2043092.000000 1967020.000000 
1969336.000000 2005842.000000 1995306.000000 
1954560.000000 2029736.000000 2000100.000000 
1959212.000000 2008384.000000 1995174.000000 
1949038.000000 1955034.000000 2033158.000000 
1956062.000000 2029186.000000 2003108.000000 
1935202.000000 2020512.000000 2023722.000000 
1977000.000000 1967772.000000 2003018.000000 
1942186.000000 1987994.000000 2025622.000000 
1948348.000000 1976258.000000 2019012.000000 
1956166.000000 2024208.000000 1996464.000000 
1947822.000000 1975512.000000 2027904.000000 
1953700.000000 1961570.000000 2030514.000000 
1962306.000000 1977356.000000 2000544.000000 
1946028.000000 1998144.000000 2018236.000000 
1942168.000000 2043480.000000 2006796.000000 
1935024.000000 2052660.000000 2012194.000000 
1960482.000000 1950596.000000 2038562.000000 
1960376.000000 1945478.000000 2055018.000000 
1961694.000000 1931590.000000 2056662.000000 
1967488.000000 1919862.000000 2060456.000000 
1961156.000000 1941394.000000 2059604.000000 
1964604.000000 2012044.000000 1987988.000000 
1940542.000000 1982940.000000 2044344.000000 
1948972.000000 1973700.000000 2032596.000000 
1949468.000000 2030212.000000 1997622.000000 
2008872.000000 1953878.000000 2025438.000000 
1939168.000000 2005656.000000 2023464.000000 
1938478.000000 2025536.000000 2011562.000000 
1930944.000000 2020004.000000 2043846.000000 
1939498.000000 1999972.000000 2017304.000000 
1980286.000000 2019896.000000 1982062.000000 
1980440.000000 2027440.000000 1977988.000000 
1960732.000000 1986910.000000 2014926.000000 
1944642.000000 2011518.000000 2008610.000000 
1946584.000000 2022244.000000 2003804.000000 
1942006.000000 2029266.000000 2007204.000000 
1958392.000000 1973298.000000 2028872.000000 
1946806.000000 1969816.000000 2044916.000000 
2001164.000000 1965134.000000 2029094.000000 
2004608.000000 1943836.000000 2039274.000000 
2007608.000000 1935182.000000 2047886.000000 
2000052.000000 1942798.000000 2053626.000000 
2001230.000000 1961334.000000 2027536.000000 
1969324.000000 2028428.000000 1972790.000000 
1959226.000000 1987842.000000 2018904.000000 
1983348.000000 1991632.000000 1996730.000000 
1983552.000000 1993674.000000 1988876.000000 
1986606.000000 1992672.000000 1981210.000000 
1987808.000000 1986490.000000 1987854.000000 
1981868.000000 2004920.000000 1995372.000000 
1966622.000000 2030868.000000 1987542.000000 
1983498.000000 1971360.000000 1989532.000000 
1981962.000000 1982960.000000 1996912.000000 
1958582.000000 2009220.000000 1997156.000000 
1949446.000000 2001012.000000 2016352.000000 
1943154.000000 1973698.000000 2052528.000000 
1947444.000000 1967222.000000 2056298.000000 
1964020.000000 2067360.000000 1986938.000000 
1967630.000000 1969906.000000 2016734.000000 

1983318.000000 2017940.000000 1954194.000000 
1984208.000000 2017646.000000 1943228.000000 
1973696.000000 1972348.000000 1991118.000000 
1958474.000000 1964950.000000 1996356.000000 
1957840.000000 1983730.000000 2011158.000000 
1981146.000000 2012232.000000 1960824.000000 
1975902.000000 2037402.000000 1959020.000000 
1959766.000000 2030836.000000 1964582.000000 
1971252.000000 2025978.000000 1964754.000000 
1968972.000000 2032528.000000 1961138.000000 
1964556.000000 2028146.000000 1966832.000000 
1956148.000000 2025624.000000 2015318.000000 
1954642.000000 2033264.000000 2002128.000000 
1965088.000000 1999592.000000 1988866.000000 
1960256.000000 2025314.000000 1967184.000000 
1979464.000000 2041860.000000 1950834.000000 
1972830.000000 2056476.000000 1954198.000000 
1961390.000000 2039224.000000 1954936.000000 
1981230.000000 2034844.000000 1958934.000000 
1958788.000000 2058588.000000 1968876.000000 
1961274.000000 2016598.000000 1985178.000000 
1961898.000000 2015698.000000 1987514.000000 
1992048.000000 1989742.000000 1969062.000000 
2005596.000000 2003428.000000 1958056.000000 
2008112.000000 2013266.000000 1950346.000000 
2011392.000000 2028480.000000 1941584.000000 
1991896.000000 2008898.000000 1957198.000000 
1967340.000000 2021012.000000 1972872.000000 
1981986.000000 1955220.000000 2031050.000000 
1977030.000000 1944014.000000 2038870.000000 
1982624.000000 1950174.000000 2020300.000000 
1982428.000000 1950624.000000 2021952.000000 
1983500.000000 1952964.000000 2011398.000000 
1981126.000000 1971070.000000 1990844.000000 
1965800.000000 1981694.000000 1981174.000000 
1971448.000000 1993708.000000 1960834.000000 
1986470.000000 1992036.000000 1973798.000000 
2019332.000000 1957284.000000 1995734.000000 
2005182.000000 1980294.000000 1983890.000000 
2017304.000000 1986374.000000 1967412.000000 
2003798.000000 2004524.000000 1954170.000000 

2006198.000000 1975812.000000 2040218.000000 
1998076.000000 1983348.000000 2001288.000000 
1973466.000000 1984822.000000 1984336.000000 
1954678.000000 1987494.000000 1981238.000000 
2022808.000000 1952088.000000 2086046.000000 
1992204.000000 1958238.000000 2061492.000000 
2007610.000000 1953858.000000 2054420.000000 
2015766.000000 1974492.000000 2035080.000000 
2024366.000000 1976344.000000 2000334.000000 
2023250.000000 1956734.000000 2009632.000000 
2051440.000000 1971208.000000 2007978.000000 
2062664.000000 1976026.000000 2004018.000000 
2028732.000000 1974648.000000 2006524.000000 
2004556.000000 1967990.000000 2060382.000000 
1998096.000000 1977358.000000 2051470.000000 
1961000.000000 1985574.000000 2074196.000000 
1967532.000000 1981856.000000 2085748.000000 
2002964.000000 1977200.000000 2060510.000000 
1989598.000000 1980002.000000 2091020.000000 
2014012.000000 1965686.000000 2038172.000000 
2016456.000000 1960774.000000 2041340.000000 
1986976.000000 1992038.000000 1979318.000000 
2010394.000000 1992988.000000 1977004.000000 
1999064.000000 1979328.000000 1983802.000000 
2040624.000000 2019798.000000 1966944.000000 
2012726.000000 2030422.000000 1964292.000000 
2012984.000000 2028488.000000 1968808.000000 
2007820.000000 2018672.000000 1976990.000000 
2034324.000000 2037146.000000 1964152.000000 
2025440.000000 2038922.000000 1959692.000000 
2054346.000000 2018600.000000 1961172.000000 
2040164.000000 2022838.000000 1953874.000000 
2034446.000000 2024546.000000 1964078.000000 
2020408.000000 2007524.000000 1972188.000000 
2014760.000000 2007102.000000 1974022.000000 
2011500.000000 2014332.000000 1968954.000000 
2013498.000000 2040828.000000 1945430.000000 
2013736.000000 2016244.000000 1968026.000000 
2003518.000000 2022980.000000 1973348.000000 

1985560.000000 1966130.000000 1975922.000000 
1997272.000000 1972680.000000 1953760.000000 
1961822.000000 1991490.000000 1974858.000000 
1995070.000000 1988348.000000 1947014.000000 
1986806.000000 2013940.000000 1945724.000000 
1942346.000000 2049142.000000 1972302.000000 
1944932.000000 2054470.000000 1968462.000000 
1952950.000000 2026340.000000 1954658.000000 
1939486.000000 2026466.000000 1981988.000000 
1944738.000000 2071220.000000 1966388.000000 
2014742.000000 1930208.000000 2067672.000000 
2000054.000000 1931878.000000 2057572.000000 
1996912.000000 1942538.000000 2044018.000000 
2002960.000000 1952352.000000 2017028.000000 
1968696.000000 2011942.000000 1947380.000000 
1967444.000000 2029876.000000 1946638.000000 
1975594.000000 2028566.000000 1942736.000000 
1975784.000000 2022382.000000 1943712.000000 
1957996.000000 2010536.000000 1972248.000000 
1959480.000000 2015202.000000 1970306.000000 
1955206.000000 1997006.000000 2017560.000000 
1986862.000000 1974082.000000 1965786.000000 
1981852.000000 1974560.000000 1970044.000000 
1963320.000000 1980808.000000 1951904.000000 
1989180.000000 2000068.000000 1949528.000000 
1964034.000000 1954666.000000 1993516.000000 
1977416.000000 2001572.000000 1951334.000000 
1962284.000000 2003190.000000 1961690.000000 
1998538.000000 2026950.000000 1941740.000000 
1955748.000000 1959560.000000 2003630.000000 
1959152.000000 1965316.000000 1985692.000000 
1940010.000000 2000186.000000 1974468.000000 
1952760.000000 1999228.000000 1986564.000000 
1981844.000000 1941194.000000 2058476.000000 

1946202.000000 2014430.000000 2038686.000000 
1955506.000000 2000516.000000 2028736.000000 
1965830.000000 1999742.000000 2028650.000000 
1969228.000000 1990648.000000 2048948.000000 
1998902.000000 1970398.000000 2026866.000000 
2021204.000000 1966626.000000 2026446.000000 
1999426.000000 1968966.000000 2036344.000000 
1994282.000000 1964184.000000 2043918.000000 
2018156.000000 1970788.000000 2016924.000000 
2022488.000000 1961074.000000 2024316.000000 
2003764.000000 1957288.000000 2043130.000000 
2007784.000000 1950174.000000 2050626.000000 
1991178.000000 1962848.000000 2065628.000000 
2009982.000000 1956200.000000 2047120.000000 
2005090.000000 1951886.000000 2054490.000000 
1994014.000000 1958006.000000 2060796.000000 
1969630.000000 1974206.000000 2075890.000000 
2007188.000000 1976374.000000 2008458.000000 
1978542.000000 2011276.000000 1952040.000000 
1988378.000000 1978634.000000 1987494.000000 
1955424.000000 2045208.000000 2024824.000000 
1954226.000000 2069634.000000 2012524.000000 
1978358.000000 1991640.000000 1984514.000000 
1980770.000000 1977408.000000 2036660.000000 
1967954.000000 1979986.000000 2054420.000000 
1976016.000000 1982876.000000 2053994.000000 
2013864.000000 1962240.000000 2041032.000000 
2012030.000000 1970924.000000 2006536.000000 
2001768.000000 2005474.000000 1959070.000000 
1966452.000000 1995514.000000 1970440.000000 
1979474.000000 1992676.000000 1966868.000000 
2003276.000000 1985080.000000 1985658.000000 

1935130.000000 2052238.000000 1975162.000000 
1978612.000000 2014312.000000 1975966.000000 
1964258.000000 1985900.000000 1989542.000000 
1952616.000000 1999722.000000 2006522.000000 
2027006.000000 1967810.000000 2008426.000000 
2023034.000000 1965024.000000 2009986.000000 
1927332.000000 2023636.000000 2001144.000000 
1934544.000000 2017428.000000 1995332.000000 
1974222.000000 1948294.000000 2022460.000000 
1970474.000000 1960008.000000 2019432.000000 
1939456.000000 1952044.000000 2025136.000000 
1916658.000000 2043716.000000 2028110.000000 
1974360.000000 2050206.000000 1955764.000000 
1975854.000000 2074428.000000 1953612.000000 
1973668.000000 2079832.000000 1959400.000000 
1986028.000000 1981224.000000 1996262.000000 
1952220.000000 1971214.000000 2021558.000000 
1927680.000000 2002770.000000 2033832.000000 
1987100.000000 1945294.000000 2029062.000000 
1964040.000000 1974778.000000 2008194.000000 
2001708.000000 1989750.000000 1979476.000000 
1954624.000000 1963622.000000 2019030.000000 
1956686.000000 1976992.000000 2003400.000000 
1975894.000000 2047744.000000 1957510.000000 
1916712.000000 2029804.000000 2034352.000000 
1913388.000000 2040690.000000 2032628.000000 
1915644.000000 2045362.000000 2020716.000000 
1958594.000000 1999264.000000 1976400.000000 
1945170.000000 2031016.000000 1966674.000000 
1941528.000000 2033784.000000 1960206.000000 
1993226.000000 1992548.000000 1969706.000000 
1939442.000000 1990148.000000 2011224.000000 
1929486.000000 2007132.000000 2016300.000000 
1921528.000000 2008540.000000 2009870.000000 
1932534.000000 2001038.000000 2021434.000000 
1934970.000000 2003964.000000 2003398.000000 
1934138.000000 2024458.000000 1993766.000000 
1997936.000000 2054036.000000 1954570.000000 
1989054.000000 1987318.000000 1983868.000000 
1998260.000000 1987014.000000 1979936.000000 
1984366.000000 1967814.000000 1997284.000000 
1979282.000000 1981602.000000 1997532.000000 
1979448.000000 1972480.000000 2015384.000000 
1975832.000000 1956832.000000 2019448.000000 
1972928.000000 1990352.000000 1985540.000000 
1977064.000000 1987920.000000 1980506.000000 
1992516.000000 1972332.000000 1982600.000000 
1968946.000000 1971842.000000 2016720.000000 
1950114.000000 2006198.000000 1985392.000000 
1949916.000000 2014850.000000 1974012.000000 
1974800.000000 1983472.000000 1994482.000000 
1981954.000000 2041214.000000 1959886.000000 
1980342.000000 1986678.000000 1988520.000000 
1985804.000000 2000658.000000 1974152.000000 
1979698.000000 2010096.000000 1966070.000000 
1985352.000000 2002882.000000 1957590.000000 
2003802.000000 2037308.000000 1942682.000000 
1948842.000000 2015008.000000 1989282.000000 
1939078.000000 2021422.000000 1967216.000000 
1948788.000000 2031252.000000 1963666.000000 
1957184.000000 2028292.000000 1962618.000000 
1926864.000000 2085954.000000 1993782.000000 
1984058.000000 2003504.000000 1975600.000000 
1932134.000000 2023852.000000 1996764.000000 

1968872.000000 1965264.000000 2063296.000000 
1967350.000000 1952338.000000 2065958.000000 
1989476.000000 1946946.000000 2051548.000000 
2002718.000000 1943630.000000 2036206.000000 
2002592.000000 1944608.000000 2030108.000000 
1998616.000000 1963588.000000 1998528.000000 
2004866.000000 1927850.000000 2053984.000000 
1983808.000000 1969808.000000 2007680.000000 
2022174.000000 1959528.000000 1982736.000000 
1979234.000000 1983358.000000 2009740.000000 
2008214.000000 1924184.000000 2069146.000000 
2000760.000000 1930044.000000 2050578.000000 
2003400.000000 1940656.000000 2000804.000000 
2019168.000000 1930916.000000 2004180.000000 
2015798.000000 1930690.000000 2006362.000000 
2047634.000000 1941516.000000 1995522.000000 
2046462.000000 1926662.000000 2002646.000000 
2025158.000000 1925692.000000 2005022.000000 
2017656.000000 1927502.000000 2050734.000000 
2015348.000000 1917928.000000 2055452.000000 
1993600.000000 1941012.000000 2040932.000000 
1995134.000000 1949344.000000 2031508.000000 
2049026.000000 1949540.000000 1993692.000000 
1999314.000000 1950376.000000 2016918.000000 
2075518.000000 2008592.000000 1965240.000000 
1996194.000000 1976580.000000 1977072.000000 
2059218.000000 2022416.000000 1976682.000000 
2036188.000000 1971386.000000 1981976.000000 
1962796.000000 1986292.000000 2051136.000000 
1969378.000000 1974068.000000 2038720.000000 
1974788.000000 1955478.000000 2021816.000000 
1984814.000000 1951142.000000 2015816.000000 
1987584.000000 1951248.000000 2012272.000000 
2011052.000000 1933220.000000 2034530.000000 
2040302.000000 1916108.000000 2117668.000000 
1994004.000000 1936206.000000 2036650.000000 
1990332.000000 1941212.000000 2043388.000000 
2001704.000000 1951556.000000 1987616.000000 
1975094.000000 1965736.000000 2015440.000000 
1996542.000000 1960540.000000 2009032.000000 
1973966.000000 1968078.000000 2042338.000000 
1964120.000000 1970170.000000 2042048.000000 
2041454.000000 1950354.000000 1995610.000000 
1995886.000000 1929720.000000 2069286.000000 
2000742.000000 1934212.000000 2066940.000000 
1980960.000000 1972440.000000 2000832.000000 
1987840.000000 1970154.000000 1985502.000000 

1993742.000000 2015690.000000 2016934.000000 
2009264.000000 2018760.000000 1996526.000000 
2010282.000000 2006550.000000 1995872.000000 
2021160.000000 2010002.000000 1982582.000000 
2007358.000000 2022896.000000 1998220.000000 
2056476.000000 1997176.000000 2083516.000000 
2018122.000000 2006210.000000 2007490.000000 
2002994.000000 2007966.000000 2016682.000000 
2040266.000000 2005612.000000 2052102.000000 
2002388.000000 2019656.000000 2002150.000000 
1988726.000000 2017928.000000 2004812.000000 
1997488.000000 2011464.000000 2006730.000000 
2043566.000000 2002386.000000 2058686.000000 
2039402.000000 2001338.000000 2073722.000000 
2055174.000000 1998342.000000 2098336.000000 
1994156.000000 2010130.000000 2019296.000000 
1981162.000000 2026072.000000 2033640.000000 
1981614.000000 2020104.000000 2016028.000000 

1964722.000000 1989856.000000 2011264.000000 
1966614.000000 1981214.000000 2006664.000000 
2063000.000000 1935630.000000 2050296.000000 
2044226.000000 1937772.000000 2038110.000000 
2042696.000000 1933722.000000 2053048.000000 
2039794.000000 1928238.000000 2078258.000000 
2035796.000000 1936586.000000 2068590.000000 
1967420.000000 1987626.000000 2003964.000000 
1982448.000000 1942312.000000 2079540.000000 
1970476.000000 1953682.000000 2058912.000000 
1959630.000000 1988738.000000 2015260.000000 
1967054.000000 1975740.000000 2007806.000000 
1990962.000000 2036130.000000 1966080.000000 
1983424.000000 2001330.000000 1971078.000000 
1982094.000000 1979562.000000 2004586.000000 
1988384.000000 1968930.000000 2002194.000000 
1965520.000000 1955268.000000 2044908.000000 
1946470.000000 1974812.000000 2060088.000000 
2026932.000000 2010186.000000 1970288.000000 
1966072.000000 1988288.000000 2015842.000000 
1971522.000000 1982436.000000 2005304.000000 
1972010.000000 2024534.000000 1978090.000000 
2028710.000000 2026022.000000 1959492.000000 
1969476.000000 1986878.000000 1987918.000000 
1977618.000000 2010168.000000 1978932.000000 
1951242.000000 2033038.000000 1984262.000000 
1973810.000000 1949442.000000 2043536.000000 
1965232.000000 1951176.000000 2060284.000000 
1999124.000000 1958824.000000 2007810.000000 
1970998.000000 1949444.000000 2058162.000000 
1954658.000000 1968384.000000 2034980.000000 
1967042.000000 1959050.000000 2044506.000000 
1973918.000000 1950406.000000 2027102.000000 
1970246.000000 1973796.000000 2030236.000000 
1953144.000000 1973180.000000 2030988.000000 
1946248.000000 1989038.000000 2025536.000000 
1952212.000000 1982186.000000 2031316.000000 
1933440.000000 1997806.000000 2025804.000000 
1934446.000000 2002184.000000 2018490.000000 
1934858.000000 2015160.000000 1995668.000000 
1917058.000000 2030458.000000 1996152.000000 
1938736.000000 2039764.000000 1991424.000000 
2050808.000000 1962168.000000 2007754.000000 
1999656.000000 2023614.000000 1969554.000000 
1948470.000000 2012886.000000 1986780.000000 
1951888.000000 2008686.000000 1997750.000000 
2025374.000000 2013196.000000 1969888.000000 
2045308.000000 1958600.000000 2011574.000000 
2063770.000000 1943102.000000 2035922.000000 
1977546.000000 1972228.000000 2020704.000000 
2019860.000000 1969920.000000 1986462.000000 
1978734.000000 1972520.000000 2015596.000000 
2046348.000000 1951730.000000 2021278.000000 
2027684.000000 1945818.000000 2025206.000000 
1950290.000000 1987576.000000 2017704.000000 
1956192.000000 1972752.000000 2033100.000000 
1958122.000000 1960606.000000 2032336.000000 
1972292.000000 1986670.000000 1993862.000000 
2017090.000000 1977890.000000 1981990.000000 
1981278.000000 1980788.000000 1979246.000000 
1981930.000000 1982508.000000 1976480.000000 
1932678.000000 2011860.000000 2032844.000000 
1964984.000000 1986928.000000 2023862.000000 
1981654.000000 1943128.000000 2076630.000000 
1977858.000000 1949426.000000 2061822.000000 
1937242.000000 2000008.000000 2023280.000000 
1983514.000000 1938872.000000 2099856.000000 
1975362.000000 1984164.000000 2000940.000000 
2041722.000000 1995518.000000 1971604.000000 
2048290.000000 1996226.000000 1969038.000000 
1996114.000000 1966220.000000 2010426.000000 
2051750.000000 1992332.000000 1966478.000000 
2044658.000000 2025786.000000 1959644.000000 
2054928.000000 2009096.000000 1961238.000000 
1969840.000000 1974618.000000 2023894.000000 
1973078.000000 1968406.000000 2025286.000000 
1960614.000000 1979414.000000 2028164.000000 
2008760.000000 1941290.000000 2070584.000000 
1966998.000000 2032404.000000 1978312.000000 
2022446.000000 1967424.000000 2001956.000000 
1975560.000000 2032504.000000 1977736.000000 
1956970.000000 1991742.000000 1990862.000000 
1959092.000000 1996710.000000 1980190.000000 
1956330.000000 2015286.000000 1981720.000000 
1944634.000000 2013276.000000 2012084.000000 
1945870.000000 1992970.000000 2003228.000000 
1976216.000000 2012010.000000 1977972.000000 
1975740.000000 2017014.000000 1978782.000000 
1996268.000000 1947018.000000 2061308.000000 
1988034.000000 1979522.000000 1997396.000000 
1993666.000000 1966732.000000 2007306.000000 
1996722.000000 1972666.000000 2001944.000000 
1980872.000000 1968336.000000 2004702.000000 
2003406.000000 1979064.000000 1998884.000000 
2009660.000000 1935272.000000 2089794.000000 
2016794.000000 1930780.000000 2079362.000000 
2010002.000000 1941036.000000 2065940.000000 
2006620.000000 1942372.000000 2052494.000000 

2008748.000000 1940004.000000 2037342.000000 
2000824.000000 1931768.000000 2050494.000000 
2006066.000000 1957886.000000 2018560.000000 
2024664.000000 1954106.000000 2022808.000000 
1987250.000000 2005702.000000 1998342.000000 
1972338.000000 1960674.000000 2022946.000000 
1992794.000000 1944914.000000 2027842.000000 
1968844.000000 1967522.000000 2020622.000000 
1968150.000000 1963234.000000 2031890.000000 
1976274.000000 1959142.000000 2050282.000000 
1989342.000000 1977060.000000 2014224.000000 
1966250.000000 1986310.000000 2005000.000000 
1984078.000000 1959600.000000 2046346.000000 
1998758.000000 2029800.000000 1994746.000000 
1999918.000000 1969556.000000 1983244.000000 
2015196.000000 1979892.000000 1978814.000000 
2026296.000000 1960680.000000 2005518.000000 
2035982.000000 1954910.000000 2020020.000000 
2038476.000000 1952202.000000 2020456.000000 
2021032.000000 1956112.000000 2016762.000000 
1993858.000000 1973840.000000 1999554.000000 
1968954.000000 1960202.000000 2064518.000000 
1970506.000000 1954928.000000 2057740.000000 
2011888.000000 1951906.000000 2026136.000000 
1992940.000000 1997892.000000 2002598.000000 
2030464.000000 1956500.000000 2009972.000000 
1980510.000000 1946680.000000 2085166.000000 
1992592.000000 1930012.000000 2080254.000000 
1969680.000000 1958076.000000 2071680.000000 
1965464.000000 1965836.000000 2046752.000000 
1994978.000000 1960618.000000 2010306.000000 
2007080.000000 1966620.000000 2006214.000000 
1963974.000000 1975926.000000 2020942.000000 
1951648.000000 1976486.000000 2015760.000000 
1964698.000000 1969928.000000 2028314.000000 
1973110.000000 1977826.000000 2006044.000000 
2035378.000000 1949058.000000 2027014.000000 
1996874.000000 1998700.000000 1998126.000000 
2036746.000000 1954108.000000 2002502.000000 
2050486.000000 1963828.000000 1998350.000000 
1966382.000000 1963262.000000 2047548.000000 
1969992.000000 1960014.000000 2045112.000000 
1976724.000000 1951794.000000 2057222.000000 
1946046.000000 2034522.000000 2064538.000000 
1955900.000000 1999624.000000 2005926.000000 
2024948.000000 1952834.000000 2020696.000000 
1991922.000000 1952388.000000 2051736.000000 
2015280.000000 1961628.000000 1999826.000000 

1995122.000000 1977168.000000 2031482.000000 
1972802.000000 1985230.000000 2053178.000000 
1962934.000000 1991696.000000 2033060.000000 
1978608.000000 2008278.000000 2032524.000000 
2011542.000000 1944010.000000 2061124.000000 
2034632.000000 1972736.000000 1981262.000000 
1994982.000000 1971560.000000 2052582.000000 
1995310.000000 1957204.000000 2008938.000000 
2013328.000000 1972828.000000 1995004.000000 
2006380.000000 1991470.000000 1979574.000000 
2017526.000000 1988118.000000 1968768.000000 
2007922.000000 1969392.000000 2003026.000000 
1986086.000000 1978324.000000 2033376.000000 
2046162.000000 1934866.000000 2119986.000000 
2051678.000000 1933192.000000 2115396.000000 
1994526.000000 1983876.000000 2027678.000000 
2006400.000000 1957036.000000 2081180.000000 
1984280.000000 1983120.000000 2037898.000000 
1991148.000000 2000166.000000 2004404.000000 
1987566.000000 1989946.000000 2020436.000000 
1986820.000000 1998776.000000 2019396.000000 
1992528.000000 1975550.000000 2064170.000000 
1983030.000000 1980166.000000 2040204.000000 
1986872.000000 1976730.000000 2039522.000000 
2031402.000000 1939824.000000 2089194.000000 
2044174.000000 1955424.000000 2057292.000000 
1991902.000000 1991500.000000 2000090.000000 
1996374.000000 1990022.000000 1983526.000000 
2000042.000000 1985740.000000 1990490.000000 
1989234.000000 1982062.000000 2027958.000000 
1994572.000000 1982322.000000 2025082.000000 
2048814.000000 1949310.000000 2037342.000000 
2064472.000000 1953944.000000 2027042.000000 
2063586.000000 1956528.000000 2028882.000000 
2072936.000000 1948080.000000 2027188.000000 
1987842.000000 1999264.000000 2015098.000000 
1999106.000000 1989688.000000 2005926.000000 
1999148.000000 1989332.000000 2005616.000000 
1984634.000000 2014524.000000 1994570.000000 
1984046.000000 2005102.000000 2031738.000000 

1966260.000000 2046794.000000 2014628.000000 
1971792.000000 2039774.000000 2011608.000000 
1990468.000000 2038830.000000 1990704.000000 
2042362.000000 1974826.000000 2060604.000000 
2028148.000000 1978454.000000 2060336.000000 
2014186.000000 1985860.000000 2032608.000000 
2005222.000000 1989940.000000 2051794.000000 
2039996.000000 1969164.000000 2071350.000000 
2012518.000000 1979648.000000 2078242.000000 
2061470.000000 1975264.000000 2042392.000000 
2011202.000000 1990600.000000 2028722.000000 
2069202.000000 2032230.000000 1980968.000000 
1970302.000000 2028308.000000 2025782.000000 
2024436.000000 2055630.000000 1979616.000000 
1995540.000000 2015590.000000 1982294.000000 
1985798.000000 2006490.000000 1990982.000000 
1979556.000000 1995306.000000 1998890.000000 
1973918.000000 2002012.000000 2013076.000000 
1972396.000000 2003838.000000 2023520.000000 
2010650.000000 1988842.000000 2084218.000000 
2018060.000000 1980794.000000 2011776.000000 
1988994.000000 1992454.000000 2022216.000000 
2010888.000000 1991960.000000 2038112.000000 
1984198.000000 2043704.000000 1993848.000000 
1977128.000000 2041446.000000 2005068.000000 
2043052.000000 1978884.000000 2044442.000000 
2052872.000000 1978538.000000 2058708.000000 
2030972.000000 1977952.000000 2065904.000000 
2031274.000000 1980634.000000 2039744.000000 
2031952.000000 1978866.000000 2045928.000000 
2034878.000000 1980240.000000 2039688.000000 
2019178.000000 2063402.000000 1978742.000000 
2010802.000000 2051126.000000 1980708.000000 

2029582.000000 2008798.000000 1991128.000000 
2009670.000000 2015016.000000 1988794.000000 
2018474.000000 2010144.000000 1990068.000000 
1987098.000000 1999036.000000 2013560.000000 
1979550.000000 2005316.000000 1996310.000000 
2015714.000000 2011454.000000 1990042.000000 
1992908.000000 1984808.000000 2043432.000000 
1966082.000000 2004194.000000 2033212.000000 
2018486.000000 1992342.000000 2003376.000000 
1999900.000000 1974432.000000 2004918.000000 
1998042.000000 1992740.000000 1999694.000000 
1967804.000000 2038852.000000 1964020.000000 
1960578.000000 2020384.000000 1971570.000000 
1968660.000000 2028352.000000 1963618.000000 
1997512.000000 2036080.000000 1957070.000000 
1990084.000000 2042164.000000 1963558.000000 
1951980.000000 2043556.000000 1987818.000000 
1987792.000000 1991622.000000 2015700.000000 
2006786.000000 1965330.000000 2022066.000000 
2014972.000000 1996894.000000 1992512.000000 
1964522.000000 2015216.000000 1968518.000000 
1968486.000000 2026878.000000 1964464.000000 

2013772.000000 2053024.000000 1962404.000000 
2012390.000000 2023554.000000 1971876.000000 
1973610.000000 1980492.000000 2113718.000000 
1970414.000000 1982562.000000 2121590.000000 
1997270.000000 1953658.000000 2042620.000000 
2003512.000000 1947516.000000 2042990.000000 
2001670.000000 1952208.000000 2054048.000000 
1995192.000000 1957300.000000 2070568.000000 
1995098.000000 1953400.000000 2079120.000000 
1965540.000000 2007032.000000 2029320.000000 
1953458.000000 2009208.000000 2057514.000000 
1966248.000000 2002082.000000 2040636.000000 
1955508.000000 2014514.000000 2054116.000000 
1963096.000000 2001196.000000 2046102.000000 
2017046.000000 1966024.000000 2029612.000000 
2027450.000000 1945248.000000 2074386.000000 
2013270.000000 1968276.000000 2008830.000000 
1960224.000000 2005228.000000 2046298.000000 
1993074.000000 1976228.000000 2012632.000000 
1989850.000000 1967050.000000 2043280.000000 
1988354.000000 1970310.000000 2036000.000000 
1986872.000000 1964732.000000 2046468.000000 
1977422.000000 1975638.000000 2060580.000000 
1975060.000000 1997340.000000 2008902.000000 
1975408.000000 1987828.000000 1988230.000000 
1976230.000000 2003618.000000 1982894.000000 
1991240.000000 1994738.000000 1977470.000000 
1987778.000000 1984640.000000 1981490.000000 
1995456.000000 1976342.000000 1996178.000000 
1999694.000000 1990038.000000 1979624.000000 
1997972.000000 1970740.000000 2002872.000000 
1997750.000000 1969798.000000 2015342.000000 
1992284.000000 1968182.000000 2030444.000000 
1992082.000000 1963804.000000 2035072.000000 
1979368.000000 1973350.000000 2048572.000000 
1972868.000000 1990654.000000 2035060.000000 
1961726.000000 2009384.000000 2026584.000000 
1984944.000000 1961286.000000 2075154.000000 
1970808.000000 1983764.000000 2035516.000000 
1962124.000000 1987100.000000 2047966.000000 
1964890.000000 1997422.000000 2044392.000000 
1957628.000000 1991860.000000 2056072.000000 
1965764.000000 2007598.000000 2017522.000000 
1973224.000000 1995080.000000 2027856.000000 
1983222.000000 2023772.000000 1963132.000000 
1977204.000000 2023462.000000 1976822.000000 
1972806.000000 2040718.000000 1971670.000000 
1960696.000000 2018366.000000 1986170.000000 
1959356.000000 2013622.000000 2005004.000000 
1981432.000000 1979068.000000 2023580.000000 
1976674.000000 1982100.000000 2029668.000000 
1975406.000000 1991782.000000 2024748.000000 
1968868.000000 1984778.000000 2079068.000000 

1983236.000000 2055758.000000 1986236.000000 
1988968.000000 2050542.000000 1983860.000000 
2007982.000000 1940420.000000 2072992.000000 
2000148.000000 1944944.000000 2076494.000000 
2006684.000000 1947922.000000 2057678.000000 
1995004.000000 1946782.000000 2080628.000000 
1985364.000000 1957092.000000 2083468.000000 
2000778.000000 1996456.000000 1983060.000000 
2003026.000000 1986002.000000 1986390.000000 
2006930.000000 1979334.000000 1969260.000000 
1968826.000000 2053182.000000 2009240.000000 
1960476.000000 2066702.000000 2003940.000000 
1966768.000000 2071910.000000 1999754.000000 
1992372.000000 2056540.000000 1982284.000000 
1996836.000000 2055918.000000 1978360.000000 
1986786.000000 2059064.000000 1973134.000000 
2003352.000000 2060378.000000 1969222.000000 
1999108.000000 2055194.000000 1978448.000000 
2011662.000000 2027786.000000 1968846.000000 
2013170.000000 1991390.000000 1962490.000000 
1992230.000000 1976080.000000 1987018.000000 
2015386.000000 1944716.000000 2068672.000000 
2000838.000000 1959986.000000 2050678.000000 
2005762.000000 1954828.000000 2060004.000000 
1992644.000000 1953816.000000 2075994.000000 
1996868.000000 1968272.000000 2008022.000000 
1987586.000000 1960024.000000 2008910.000000 
2001924.000000 1968810.000000 2004606.000000 
1963716.000000 1998452.000000 2073620.000000 
1962514.000000 2010842.000000 2040026.000000 
1962718.000000 2011972.000000 2020138.000000 
1970898.000000 2003198.000000 2031466.000000 
1994594.000000 1972642.000000 2001670.000000 
1977374.000000 2052750.000000 1997960.000000 
1982274.000000 1999908.000000 1993134.000000 
1987946.000000 2004254.000000 1989910.000000 
1978544.000000 1983008.000000 2024722.000000 
1980760.000000 1992062.000000 2011230.000000 
1985160.000000 1973838.000000 1994096.000000 
1973666.000000 1984772.000000 2019704.000000 
1974634.000000 2003440.000000 2000376.000000 
1986790.000000 2009646.000000 1986406.000000 
2016102.000000 1979610.000000 1967960.000000 
1966528.000000 1985872.000000 2060852.000000 
1977910.000000 1969772.000000 2036300.000000 
1970422.000000 1974220.000000 2039126.000000 
1970354.000000 1967102.000000 2075412.000000 
1985496.000000 1954944.000000 2051650.000000 
1981658.000000 1963384.000000 2064012.000000 
1971364.000000 1968746.000000 2046644.000000 
1977986.000000 1988898.000000 2014360.000000 
1979316.000000 2030602.000000 1990116.000000 
1972348.000000 2003972.000000 2011652.000000 
1977584.000000 1994608.000000 2001862.000000 
1972558.000000 2003886.000000 2010056.000000 
1981728.000000 1973860.000000 1998328.000000 

1956028.000000 1984958.000000 2027634.000000 
1960132.000000 1990494.000000 2021578.000000 
1968382.000000 1979618.000000 2009298.000000 
1955718.000000 1989314.000000 2063682.000000 
1989942.000000 2056988.000000 1965040.000000 
1967706.000000 2034022.000000 1966732.000000 
1985640.000000 2025792.000000 1967780.000000 
1961730.000000 1973274.000000 2063768.000000 
2015750.000000 2014006.000000 1966384.000000 
2033082.000000 2035796.000000 1951198.000000 
1982096.000000 1959636.000000 2072026.000000 
1985784.000000 1960568.000000 2061230.000000 
1977460.000000 1970790.000000 2053132.000000 
1968566.000000 1967538.000000 2054922.000000 
1996906.000000 1967602.000000 2037218.000000 
2055754.000000 2012008.000000 1968622.000000 
2049316.000000 2026902.000000 1963474.000000 
2004798.000000 2013900.000000 1980802.000000 
2002134.000000 2019642.000000 1982184.000000 
2003888.000000 2019090.000000 1970476.000000 
2010732.000000 2018934.000000 1970152.000000 
1995524.000000 2020966.000000 1973498.000000 
1950428.000000 1972400.000000 2086996.000000 
1953424.000000 2044220.000000 2017926.000000 
2010548.000000 2020638.000000 1969426.000000 
1971048.000000 2021848.000000 1981900.000000 
2014154.000000 1978902.000000 1981006.000000 
2010414.000000 1983926.000000 1976770.000000 
1970948.000000 2002180.000000 2003742.000000 
1974378.000000 2004968.000000 2003102.000000 
1991456.000000 2019960.000000 1984502.000000 
2000004.000000 2013640.000000 1986588.000000 
2001338.000000 2055150.000000 1959310.000000 
1996108.000000 2058534.000000 1960686.000000 
2066350.000000 1963674.000000 2018638.000000 
2009108.000000 2018510.000000 1973776.000000 
2011082.000000 2030678.000000 1958470.000000 
2014120.000000 2055724.000000 1941416.000000 
2035292.000000 2046294.000000 1934532.000000 
1995382.000000 2014314.000000 1988956.000000 
1973754.000000 2005020.000000 2001562.000000 
1989394.000000 1995668.000000 1991926.000000 
1986704.000000 2002538.000000 1997978.000000 
1966392.000000 1968828.000000 2091010.000000 
1960832.000000 1970584.000000 2078668.000000 
1964656.000000 1972982.000000 2076882.000000 
1983002.000000 2023908.000000 1980052.000000 
1987584.000000 2049534.000000 1966548.000000 
1966004.000000 2018018.000000 2001912.000000 
1958412.000000 2019838.000000 2006282.000000 
1970236.000000 2031256.000000 1998322.000000 
1969544.000000 1976564.000000 2045310.000000 
1957912.000000 1976732.000000 2046330.000000 
1946934.000000 1989944.000000 2030392.000000 
1957390.000000 2025784.000000 2013118.000000 
1960194.000000 2026242.000000 1998378.000000 
1927820.000000 2022104.000000 2023992.000000 
1937578.000000 2042320.000000 2022092.000000 
1995572.000000 1981416.000000 2001884.000000 
2010218.000000 1967872.000000 1984984.000000 
2006682.000000 1981158.000000 1977994.000000 
1940914.000000 2020896.000000 2046218.000000 
1950002.000000 2032728.000000 2018488.000000 
1996946.000000 2020102.000000 1972038.000000 
2009432.000000 2024086.000000 1968732.000000 

1968490.000000 2028134.000000 2010134.000000 
1986114.000000 1975122.000000 2031252.000000 
1930578.000000 2051966.000000 2001872.000000 
1934616.000000 2037586.000000 2014206.000000 
1935254.000000 2028780.000000 1989090.000000 
1931200.000000 2039324.000000 2014116.000000 
1957108.000000 2027826.000000 2015804.000000 
1977240.000000 1975430.000000 2046572.000000 
1979652.000000 1976868.000000 2040324.000000 
1974830.000000 2031348.000000 1977768.000000 
1972862.000000 1997014.000000 2010192.000000 
1982692.000000 2002658.000000 1992630.000000 
1969126.000000 1996954.000000 2012530.000000 
2007428.000000 1950908.000000 2095344.000000 
1979422.000000 2005094.000000 2005328.000000 
1974878.000000 1983452.000000 2014564.000000 
1984902.000000 1979228.000000 2038108.000000 
1962602.000000 1995456.000000 2012964.000000 
1979914.000000 1974198.000000 2038556.000000 
1982710.000000 1963990.000000 2043382.000000 
1979820.000000 1973396.000000 2038616.000000 
1999094.000000 1960334.000000 2076556.000000 
2007634.000000 1952674.000000 2085428.000000 
1977598.000000 1960490.000000 2098872.000000 
1940042.000000 2002186.000000 2068078.000000 
1949320.000000 2010042.000000 2063880.000000 
1947972.000000 2017550.000000 2041818.000000 
1996070.000000 1979940.000000 1982002.000000 
1966020.000000 2038600.000000 1981088.000000 
1977324.000000 2043450.000000 1975138.000000 
1978746.000000 2036050.000000 1975348.000000 
2000454.000000 1954298.000000 2042198.000000 
1988938.000000 1962104.000000 2010482.000000 
1980938.000000 2028082.000000 1992950.000000 
1956838.000000 2027626.000000 2023264.000000 
1968558.000000 1994794.000000 2017984.000000 
1972128.000000 2001936.000000 2007978.000000 
1961136.000000 2006200.000000 2034460.000000 
1963554.000000 1981278.000000 2026324.000000 
1952532.000000 2003038.000000 2050000.000000 
1947432.000000 2019058.000000 2045232.000000 
1947406.000000 2028284.000000 2064522.000000 
2034162.000000 1959290.000000 2041660.000000 
1960812.000000 1968970.000000 2055162.000000 
1980690.000000 1980852.000000 2035768.000000 
2022546.000000 1976792.000000 2009284.000000 
1980092.000000 2000340.000000 2001610.000000 
1962670.000000 1975532.000000 2042522.000000 
1955608.000000 1986912.000000 2037614.000000 

1968772.000000 1946140.000000 2030096.000000 
1968794.000000 1955742.000000 2012750.000000 
1953062.000000 1948474.000000 2020036.000000 
1955228.000000 1943650.000000 2045706.000000 
1964968.000000 2010662.000000 1983900.000000 
1981542.000000 1991706.000000 1980840.000000 
1982304.000000 1986868.000000 1995772.000000 
1928288.000000 1961092.000000 2030102.000000 
1977954.000000 2020684.000000 1958578.000000 
1934066.000000 1961114.000000 2008694.000000 
1948202.000000 1965298.000000 2001166.000000 
1934230.000000 1995148.000000 2000578.000000 
1938254.000000 2005660.000000 1999252.000000 
1975692.000000 2029662.000000 1977246.000000 
1944072.000000 1983782.000000 2005302.000000 
1938732.000000 1989870.000000 1984098.000000 
1927318.000000 1997206.000000 2006166.000000 
1919696.000000 2010352.000000 1985644.000000 
1921898.000000 2005854.000000 1985570.000000 
1925382.000000 2014214.000000 1979820.000000 
1953036.000000 1957838.000000 2032248.000000 
1977252.000000 2017676.000000 1976718.000000 
1966092.000000 2008126.000000 1981700.000000 

1945072.000000 2015920.000000 2004814.000000 
1939742.000000 1970934.000000 2013490.000000 
1950616.000000 1979268.000000 1995784.000000 
2052778.000000 2073964.000000 1958312.000000 
2041524.000000 2050930.000000 1967030.000000 
2004810.000000 1978258.000000 1992830.000000 
2013942.000000 1965096.000000 2017752.000000 
1969652.000000 1996290.000000 1987870.000000 
1953506.000000 2002510.000000 1990720.000000 
1944674.000000 2016792.000000 1984312.000000 
1967214.000000 1942344.000000 2024232.000000 
1935892.000000 2011596.000000 2027034.000000 
1975082.000000 1968512.000000 2000248.000000 
1979952.000000 2020842.000000 1973948.000000 
1956464.000000 1937240.000000 2032532.000000 
1940446.000000 1941370.000000 2030750.000000 
1920294.000000 1942720.000000 2027924.000000 
1928952.000000 1931170.000000 2039704.000000 
1967526.000000 1952974.000000 2021712.000000 
2069778.000000 2058846.000000 1958518.000000 
2052212.000000 2069790.000000 1966282.000000 
2055228.000000 2062666.000000 1966346.000000 
1957292.000000 1970222.000000 2003842.000000 
1960956.000000 1956274.000000 2019540.000000 
1944190.000000 1966592.000000 2010584.000000 
2074912.000000 2059246.000000 1955166.000000 
2025362.000000 2075630.000000 1969792.000000 
1988612.000000 1963150.000000 2018360.000000 

2023232.000000 1977588.000000 2023526.000000 
2022072.000000 1981742.000000 2016254.000000 
2029160.000000 1983332.000000 2012856.000000 
2013444.000000 2002296.000000 1984914.000000 
1980090.000000 2006152.000000 2015166.000000 
2019920.000000 1971280.000000 2046400.000000 
1994756.000000 1986364.000000 2045216.000000 
1977196.000000 2002226.000000 2027898.000000 
1958148.000000 2018200.000000 2029254.000000 
1997684.000000 2034318.000000 1978630.000000 
1995472.000000 2003040.000000 1997862.000000 
1993284.000000 2005124.000000 1992200.000000 
1988902.000000 2011372.000000 1983552.000000 
2014150.000000 1988292.000000 2010028.000000 
2022244.000000 2035246.000000 1974454.000000 
2050428.000000 1990138.000000 1986324.000000 
2025612.000000 2017414.000000 1981584.000000 
2048362.000000 1965990.000000 2036240.000000 
1993702.000000 2009158.000000 1989476.000000 
1999310.000000 2007242.000000 1989626.000000 
2003296.000000 1996724.000000 1999614.000000 
2011304.000000 1977074.000000 2030948.000000 
2043484.000000 1951674.000000 2063706.000000 
2019490.000000 1994480.000000 1993704.000000 
2020800.000000 1973624.000000 2039876.000000 
2031270.000000 1959156.000000 2047050.000000 
2023306.000000 1968418.000000 2037634.000000 
2033450.000000 1970020.000000 2031918.000000 
2009704.000000 1975774.000000 2042182.000000 
2021418.000000 1970832.000000 2035284.000000 
2104436.000000 1952462.000000 2050194.000000 
2101146.000000 1957650.000000 2032924.000000 
2018864.000000 1972534.000000 2043230.000000 
2030214.000000 1968970.000000 2035240.000000 
2030774.000000 2025288.000000 1974750.000000 
2077976.000000 1924748.000000 2089924.000000 
2077450.000000 1927198.000000 2078936.000000 
2070452.000000 1934078.000000 2059650.000000 
2079208.000000 1937588.000000 2056332.000000 
2028452.000000 1951374.000000 2066860.000000 
2034384.000000 1969792.000000 2032858.000000 
2076512.000000 1945274.000000 2050958.000000 
2060752.000000 1962378.000000 2039570.000000 
2069262.000000 1942326.000000 2054274.000000 
2011938.000000 1990660.000000 1997204.000000 
1979548.000000 1992350.000000 2016212.000000 
2045250.000000 1956020.000000 2045556.000000 
2037688.000000 2002578.000000 1980320.000000 
2040174.000000 2024258.000000 1976414.000000 
2036292.000000 1978784.000000 1991368.000000 
2028222.000000 1995198.000000 1980404.000000 
1994312.000000 1998418.000000 2012304.000000 
1987574.000000 2002958.000000 2001852.000000 
2001426.000000 1998454.000000 2009636.000000 
2016924.000000 1967504.000000 2068460.000000 
2027544.000000 1989556.000000 1989840.000000 
2060006.000000 1944376.000000 2064622.000000 
2063958.000000 1945304.000000 2055328.000000 
2013172.000000 1961710.000000 2071344.000000 
2044300.000000 1993884.000000 1986224.000000 
2020330.000000 2043164.000000 1977164.000000 
1978736.000000 2011112.000000 2010224.000000 
1985636.000000 1987826.000000 2015104.000000 
1994954.000000 1980520.000000 2027634.000000 
1969694.000000 2016546.000000 2028556.000000 
2026542.000000 1997808.000000 1987320.000000 
2014244.000000 1995520.000000 1996150.000000 
2050862.000000 1975772.000000 1995242.000000 
2031186.000000 1982874.000000 2008464.000000 
2051462.000000 1962842.000000 2019424.000000 
2039602.000000 1968582.000000 2004508.000000 

1987300.000000 1969054.000000 2051028.000000 
2007196.000000 1997508.000000 2009860.000000 
1994648.000000 2006270.000000 2030254.000000 
1973952.000000 2022976.000000 2034888.000000 
1990516.000000 1962234.000000 2054958.000000 
2013944.000000 1955002.000000 2041796.000000 
2036570.000000 1950694.000000 2056846.000000 
1999420.000000 1997680.000000 2032256.000000 
1975564.000000 1969184.000000 2046086.000000 
1966908.000000 1963752.000000 2062306.000000 
1980772.000000 1989618.000000 2033298.000000 
2006294.000000 1965400.000000 2028672.000000 
2012794.000000 1959010.000000 2058834.000000 
1995378.000000 2003078.000000 2009150.000000 
2000244.000000 1998492.000000 2024558.000000 
2018714.000000 1952802.000000 2045364.000000 
2001154.000000 1945288.000000 2068824.000000 
1998640.000000 1947488.000000 2066384.000000 
2013530.000000 1998186.000000 2009192.000000 
1989364.000000 1957778.000000 2086606.000000 
2027614.000000 1947264.000000 2059102.000000 
2016828.000000 1960996.000000 2033202.000000 
2033940.000000 1952544.000000 2056760.000000 
2000846.000000 1965792.000000 2043538.000000 
1957042.000000 1965818.000000 2074372.000000 
1992044.000000 1954666.000000 2066086.000000 
1986270.000000 1965130.000000 2059714.000000 
1955606.000000 1971674.000000 2036232.000000 
2008194.000000 2000568.000000 2007572.000000 
1993618.000000 1960158.000000 2057734.000000 
2012706.000000 1989188.000000 2025476.000000 
2003376.000000 1966642.000000 2036260.000000 
2009054.000000 1959584.000000 2044034.000000 
2006652.000000 2035692.000000 2000986.000000 
2011124.000000 1963324.000000 2032312.000000 
2002192.000000 1989598.000000 2019030.000000 
2005372.000000 1985346.000000 2035390.000000 

1942432.000000 1979826.000000 2048236.000000 
1941658.000000 1985294.000000 2046070.000000 
1940132.000000 2047842.000000 2027618.000000 
1950836.000000 2001646.000000 2014598.000000 
1951392.000000 1985866.000000 2027440.000000 
2017514.000000 2003168.000000 1978662.000000 
1997822.000000 1971016.000000 2043634.000000 
1955526.000000 2006450.000000 1991134.000000 
1996330.000000 1983268.000000 1995598.000000 
1983450.000000 1997796.000000 2005528.000000 
1990304.000000 1996004.000000 1992040.000000 
2027660.000000 1975966.000000 1988602.000000 
2027582.000000 1977550.000000 1998714.000000 
1953022.000000 2001486.000000 2020780.000000 
1936886.000000 2021208.000000 2058828.000000 
1949710.000000 2047520.000000 1982480.000000 
1940440.000000 2014380.000000 2024424.000000 
1946264.000000 2016150.000000 1982492.000000 
1943116.000000 2065984.000000 1995972.000000 
1937552.000000 2052082.000000 2000174.000000 
1916672.000000 2058040.000000 2014250.000000 
1923240.000000 2049612.000000 2005474.000000 
1942536.000000 2044684.000000 1998612.000000 
1969640.000000 1998336.000000 2004268.000000 
1927976.000000 2044514.000000 2043858.000000 
1934180.000000 2032146.000000 2027852.000000 
1932950.000000 2066602.000000 2002700.000000 
1930472.000000 2082376.000000 1991508.000000 
1943794.000000 2036174.000000 2008346.000000 
1972916.000000 2016472.000000 1974778.000000 
1960686.000000 2013148.000000 1990700.000000 
1956062.000000 1995956.000000 2017040.000000 
1970000.000000 2007988.000000 1989036.000000 
2003864.000000 1986472.000000 1988584.000000 
1992998.000000 1998268.000000 1985398.000000 
1999626.000000 1991938.000000 1983834.000000 
2009036.000000 1979214.000000 1986460.000000 
1941146.000000 2019558.000000 2023390.000000 
1941974.000000 2052170.000000 1998148.000000 
2009352.000000 2016414.000000 1941058.000000 
1957374.000000 2020230.000000 1971106.000000 
1955386.000000 2013170.000000 1976618.000000 
1953178.000000 2026946.000000 1969380.000000 
1959912.000000 2026782.000000 1942016.000000 
1990872.000000 2019126.000000 1944306.000000 
1995152.000000 2013152.000000 1976770.000000 
2011994.000000 2005114.000000 1956768.000000 
2000412.000000 2017694.000000 1957108.000000 
2003206.000000 2014924.000000 1966360.000000 
2005222.000000 2017028.000000 1962544.000000 
2009058.000000 2012752.000000 1968828.000000 
1958906.000000 2018082.000000 1972712.000000 
1983968.000000 2016742.000000 1970882.000000 
1979790.000000 2015296.000000 1971086.000000 
2015414.000000 2000344.000000 1983304.000000 
1956070.000000 1978704.000000 2044134.000000 
1946188.000000 1973222.000000 2049646.000000 
1949016.000000 1981182.000000 2047486.000000 
1958236.000000 1973968.000000 2027808.000000 
1968510.000000 2002256.000000 2014056.000000 
1988650.000000 1997958.000000 1992482.000000 
1944678.000000 2016118.000000 2019926.000000 
1944090.000000 2010480.000000 2023654.000000 
1950250.000000 2005110.000000 2037336.000000 
1998844.000000 1972096.000000 2036526.000000 
2004964.000000 1954658.000000 2004202.000000 
2000962.000000 1960488.000000 2004844.000000 
1971148.000000 1994006.000000 2010624.000000 
1976724.000000 1987582.000000 2005954.000000 
1984684.000000 2005134.000000 1984890.000000 
1989242.000000 2002270.000000 1984216.000000 
1964332.000000 2004306.000000 1995694.000000 
1944814.000000 2018632.000000 2000702.000000 
1969854.000000 2000298.000000 1997320.000000 
1941302.000000 2001834.000000 2050674.000000 

1963876.000000 2017570.000000 1989564.000000 
1985186.000000 2028908.000000 1967860.000000 
2012094.000000 1927856.000000 2070582.000000 
2040104.000000 1954018.000000 2038178.000000 
2004170.000000 1943986.000000 2046706.000000 
1983664.000000 1961914.000000 2058896.000000 
2018100.000000 1953226.000000 2042554.000000 
2021930.000000 1956782.000000 2024252.000000 
2011078.000000 1962624.000000 2030634.000000 
1956502.000000 2041146.000000 1985494.000000 
1949188.000000 2068158.000000 1988294.000000 
1967330.000000 1985714.000000 2030978.000000 
1995078.000000 1976466.000000 2020378.000000 
2009442.000000 1977224.000000 1996446.000000 
2005662.000000 1964452.000000 1999140.000000 
2002842.000000 1987460.000000 1987206.000000 
1990774.000000 1998254.000000 1987902.000000 
1998332.000000 2005946.000000 1976802.000000 
1991990.000000 2009878.000000 1974040.000000 
1982766.000000 2050622.000000 1967894.000000 
1943230.000000 2026090.000000 2046814.000000 
1970648.000000 2013068.000000 1992016.000000 
1979460.000000 2014856.000000 1973580.000000 
1974092.000000 2000988.000000 1979306.000000 
1972238.000000 1992742.000000 1994824.000000 
1960302.000000 1993326.000000 1998798.000000 
1951118.000000 1988620.000000 2008754.000000 
1962546.000000 1989466.000000 2004326.000000 
2004090.000000 1947498.000000 2071790.000000 
1990060.000000 1959796.000000 2065680.000000 
2003186.000000 1954334.000000 2059332.000000 
2015930.000000 1934054.000000 2048678.000000 
2033314.000000 2101402.000000 1959818.000000 
1947664.000000 2037276.000000 2020266.000000 
1955080.000000 2011294.000000 2003994.000000 
1960768.000000 2012480.000000 1997532.000000 
1950034.000000 2025698.000000 1991262.000000 
1960794.000000 2023768.000000 1971380.000000 
1967298.000000 2019848.000000 1989030.000000 
1996960.000000 1969004.000000 2023082.000000 
1971438.000000 2066772.000000 1969818.000000 
1975198.000000 2078188.000000 1964838.000000 
1973978.000000 1989418.000000 2007978.000000 
1980642.000000 1977148.000000 2007628.000000 
1979830.000000 1980520.000000 2006558.000000 
1966658.000000 1974634.000000 2033282.000000 
2001164.000000 1966250.000000 2038414.000000 
2003800.000000 1963204.000000 2044186.000000 
2019714.000000 2047412.000000 1963116.000000 
2019902.000000 1963530.000000 2023872.000000 
2047562.000000 2009520.000000 1971478.000000 
1987926.000000 1961850.000000 2056126.000000 
1992478.000000 1969604.000000 2052162.000000 

1977282.000000 1957438.000000 2032184.000000 
2020172.000000 2002584.000000 1984760.000000 
2018788.000000 2008124.000000 1984682.000000 
2002792.000000 1956008.000000 2029578.000000 
1991470.000000 1990768.000000 1987560.000000 
2003038.000000 1945340.000000 2052698.000000 
1942648.000000 2032744.000000 1992798.000000 
1948120.000000 2014444.000000 1987192.000000 
1993886.000000 2016438.000000 1980232.000000 
1981762.000000 2020678.000000 1973392.000000 
1958364.000000 2044074.000000 1968398.000000 
1978226.000000 2028332.000000 1975200.000000 
2011700.000000 2016612.000000 1979364.000000 
1993726.000000 1949388.000000 2049034.000000 
1989156.000000 1937758.000000 2076056.000000 
1963500.000000 1949954.000000 2067904.000000 
1999124.000000 1948610.000000 2054116.000000 
1979878.000000 2006738.000000 1995446.000000 
1971396.000000 2019024.000000 1986730.000000 
1946042.000000 1975186.000000 2049106.000000 
1989988.000000 2010032.000000 1993994.000000 
1965888.000000 1982134.000000 2011234.000000 
1968056.000000 1979426.000000 1999382.000000 
1959162.000000 1987530.000000 2003906.000000 
1973256.000000 2012130.000000 1994388.000000 
1946902.000000 1986010.000000 2046080.000000 
2008580.000000 2015042.000000 1984102.000000 
2002614.000000 2005676.000000 1985688.000000 
2019002.000000 1954974.000000 2042684.000000 
2021350.000000 1952556.000000 2030618.000000 
2016916.000000 1962488.000000 2020370.000000 
1980280.000000 1963026.000000 1998338.000000 
1990088.000000 1956514.000000 2020712.000000 
1982140.000000 1961754.000000 2030618.000000 
1973282.000000 1962342.000000 2042332.000000 
1951232.000000 1974368.000000 2019632.000000 
1973168.000000 1965400.000000 2024266.000000 
1971464.000000 1950946.000000 2051718.000000 
1969906.000000 1951088.000000 2044342.000000 
2002486.000000 1978518.000000 1990774.000000 
2003888.000000 2008868.000000 1985110.000000 
1967526.000000 1998402.000000 2003352.000000 
1951924.000000 2007370.000000 2006432.000000 
1954278.000000 2007922.000000 2003146.000000 
1937912.000000 2059828.000000 2070724.000000 
1940380.000000 2003870.000000 2008040.000000 
1942674.000000 2002160.000000 2020420.000000 
1952042.000000 1998260.000000 2008586.000000 
1977444.000000 2003912.000000 1997128.000000 
2003390.000000 2041680.000000 1961318.000000 
1952680.000000 1971852.000000 2048888.000000 
1951360.000000 1972790.000000 2079744.000000 

1943466.000000 1999234.000000 2018130.000000 
1961232.000000 1976782.000000 2002936.000000 
1953164.000000 2010862.000000 1953480.000000 
1958522.000000 2002096.000000 1961314.000000 
1965458.000000 1997164.000000 1956136.000000 
1962626.000000 2001114.000000 1981618.000000 
1995548.000000 1995020.000000 1978660.000000 
1949654.000000 1999480.000000 2009348.000000 
1964062.000000 2001060.000000 1991640.000000 
2002592.000000 1967938.000000 2008596.000000 
1997334.000000 1989322.000000 1979380.000000 
2021192.000000 1933466.000000 2026854.000000 
2015334.000000 1923438.000000 2036606.000000 
2002736.000000 1944440.000000 2047208.000000 
2009650.000000 1984322.000000 1984632.000000 
2023678.000000 1994566.000000 1978822.000000 
1988484.000000 1966154.000000 2012038.000000 
1960960.000000 1971844.000000 2010908.000000 
1945466.000000 1976502.000000 2015264.000000 
1941860.000000 1977442.000000 2020060.000000 
1949450.000000 1977548.000000 2011600.000000 
1953618.000000 1973380.000000 2013346.000000 
1958004.000000 1974278.000000 2004274.000000 
1965238.000000 1986630.000000 1999702.000000 
1987562.000000 1966202.000000 2029438.000000 
1953290.000000 2004112.000000 2001722.000000 
1990862.000000 1980564.000000 1987836.000000 
1982784.000000 1973896.000000 1994330.000000 
2014408.000000 1970852.000000 1985698.000000 
2013074.000000 1959866.000000 1993980.000000 
2006968.000000 1955780.000000 2005760.000000 
1976578.000000 1989350.000000 1983574.000000 
1979194.000000 1976448.000000 1989104.000000 
2004802.000000 1968928.000000 2002750.000000 
2011300.000000 1966420.000000 1989142.000000 
1993290.000000 1996722.000000 1977326.000000 
1974264.000000 1986244.000000 1991940.000000 
1968618.000000 1990516.000000 1989614.000000 
1995778.000000 1962308.000000 2014252.000000 
1988230.000000 1946254.000000 2023500.000000 
1968586.000000 1950374.000000 2040536.000000 
1976502.000000 1946534.000000 2041408.000000 
1960626.000000 1967886.000000 2052642.000000 
1981572.000000 1964806.000000 2039974.000000 
1984254.000000 1971666.000000 2036232.000000 
1944482.000000 2004450.000000 1990378.000000 
1938668.000000 2013578.000000 1977164.000000 
1953066.000000 1992106.000000 2009582.000000 
1980458.000000 1973640.000000 2005450.000000 

1980420.000000 2020716.000000 1983868.000000 
1927516.000000 2038608.000000 2011154.000000 
1952538.000000 2000698.000000 2065860.000000 
1981076.000000 1982696.000000 2052546.000000 
1958420.000000 1999176.000000 2032104.000000 
1985536.000000 1985380.000000 2003432.000000 
1948042.000000 2023122.000000 1973336.000000 
1961714.000000 2017292.000000 1994132.000000 
1953878.000000 2003646.000000 2033220.000000 
1944188.000000 2001692.000000 2037920.000000 
1974916.000000 1999348.000000 1988880.000000 
1993388.000000 1977372.000000 2028868.000000 
1973256.000000 1989870.000000 2037450.000000 
1939676.000000 2019168.000000 2004582.000000 
1931794.000000 2042954.000000 2011024.000000 
1947304.000000 2003784.000000 2028840.000000 
1947378.000000 2032866.000000 1977790.000000 
1933086.000000 2027754.000000 1983208.000000 
1965880.000000 1991820.000000 2008242.000000 
1963584.000000 1994978.000000 2013560.000000 
1927088.000000 2009762.000000 2017010.000000 
1959818.000000 1997358.000000 2046876.000000 
1973102.000000 2010522.000000 1988824.000000 
1964272.000000 1992976.000000 2014598.000000 
1975916.000000 1988174.000000 2026312.000000 
1953862.000000 2019958.000000 1991906.000000 
1980236.000000 1985128.000000 2019670.000000 
1986080.000000 1978646.000000 2023350.000000 
1987976.000000 1987420.000000 2001048.000000 
1953912.000000 2000116.000000 2053926.000000 
1971222.000000 2012414.000000 1988406.000000 
2006402.000000 1973436.000000 2045960.000000 
1981212.000000 1983818.000000 2011624.000000 
1982862.000000 2016408.000000 1984626.000000 
1938670.000000 2010692.000000 2015644.000000 
1962844.000000 1997508.000000 2043706.000000 
1965388.000000 2002918.000000 1993568.000000 
1997302.000000 1980720.000000 2017372.000000 
1967884.000000 2013678.000000 1990564.000000 
1936632.000000 2006092.000000 2049992.000000 
1957634.000000 2014898.000000 2008170.000000 
1943052.000000 2005150.000000 2017828.000000 
1970072.000000 1989538.000000 2042232.000000 
1955714.000000 2020342.000000 1985896.000000 
1981564.000000 1998874.000000 2007234.000000 
1960374.000000 2001608.000000 2000742.000000 
1961920.000000 1998916.000000 2022406.000000 
1997516.000000 1974188.000000 2034792.000000 

1978954.000000 1980114.000000 2029620.000000 
1993630.000000 1977762.000000 2003612.000000 
2009930.000000 1976502.000000 1999342.000000 
1953686.000000 2024802.000000 1980462.000000 
1961766.000000 1991444.000000 2009750.000000 
2003992.000000 1965336.000000 1999394.000000 
2015390.000000 1962958.000000 2006976.000000 
1999804.000000 1981568.000000 1995888.000000 
1987650.000000 1983266.000000 1984376.000000 
1980994.000000 1986640.000000 1979342.000000 
1986566.000000 1993410.000000 1974848.000000 
1976040.000000 1997558.000000 2002240.000000 
1962354.000000 2020660.000000 1991710.000000 
1956476.000000 1993892.000000 2016690.000000 
1953650.000000 1998954.000000 2011350.000000 
1949998.000000 2004250.000000 1997196.000000 
1935772.000000 2031214.000000 1982380.000000 
1952766.000000 2039692.000000 1975808.000000 
1963142.000000 2044676.000000 1966726.000000 
2011550.000000 2047974.000000 1938268.000000 
1990766.000000 2050888.000000 1922894.000000 
1996420.000000 2046006.000000 1942058.000000 
1986978.000000 2025032.000000 1954632.000000 
1972326.000000 1999154.000000 1956656.000000 
1967462.000000 2004440.000000 1956476.000000 
1986570.000000 1992458.000000 1974648.000000 
1964272.000000 2003934.000000 1992206.000000 
2012518.000000 2039596.000000 1936860.000000 
2014934.000000 2031632.000000 1945142.000000 
2020674.000000 2027770.000000 1948960.000000 
1984418.000000 2084472.000000 1954970.000000 
1949956.000000 2013872.000000 1999664.000000 
1953882.000000 2007924.000000 1994750.000000 
1959032.000000 1997600.000000 2000628.000000 
1962854.000000 2019086.000000 1989898.000000 
1995080.000000 2038990.000000 1944410.000000 
2046918.000000 1957196.000000 2073980.000000 
1985724.000000 2097776.000000 1948368.000000 

1953338.000000 1988774.000000 1998106.000000 
1977388.000000 1979816.000000 2025292.000000 
1974298.000000 2042252.000000 1979846.000000 
1986644.000000 1975376.000000 2018062.000000 
1966554.000000 1985234.000000 1990696.000000 
1965958.000000 2020106.000000 1984886.000000 
1957170.000000 2017864.000000 1990736.000000 
1973926.000000 2013388.000000 1988298.000000 
1973266.000000 2033826.000000 1980526.000000 
1973488.000000 2019174.000000 1981452.000000 

