2001694.000000 1981116.000000 2023760.000000 
1991106.000000 1983078.000000 2005382.000000 
2008546.000000 1973220.000000 2036426.000000 
2006552.000000 1976026.000000 2025942.000000 
2051266.000000 1980382.000000 2021062.000000 
1989444.000000 1989648.000000 2021604.000000 
2064296.000000 1970270.000000 2021396.000000 
2006882.000000 1972020.000000 2038334.000000 
2025578.000000 2050014.000000 1962692.000000 
2025396.000000 2029140.000000 1965968.000000 
1999906.000000 1975196.000000 2037136.000000 
2026592.000000 1963390.000000 2088716.000000 
2005944.000000 2005392.000000 2004312.000000 
1978754.000000 1993584.000000 2006916.000000 
1999694.000000 1982290.000000 2020922.000000 
1991754.000000 2039302.000000 1983304.000000 
1988738.000000 1965484.000000 2050096.000000 
1987522.000000 1976022.000000 2031716.000000 
2009128.000000 1983306.000000 2004082.000000 
2013046.000000 1998276.000000 1995534.000000 
1972582.000000 2033452.000000 2015304.000000 
1961108.000000 2004744.000000 2017956.000000 
1966618.000000 2014918.000000 2017276.000000 
1972280.000000 2050264.000000 2007224.000000 
1988122.000000 2026740.000000 1990342.000000 
1981582.000000 2031384.000000 1999354.000000 
1997568.000000 2010916.000000 1988504.000000 
2014036.000000 2031610.000000 1971542.000000 
1986568.000000 2032074.000000 1995530.000000 
1974878.000000 1996414.000000 2023332.000000 
2028058.000000 1997636.000000 2002114.000000 
1978678.000000 1991066.000000 2044254.000000 
2029762.000000 1980514.000000 2024044.000000 
2000884.000000 1981890.000000 2027616.000000 
1992008.000000 2022364.000000 1993214.000000 
1956748.000000 2027284.000000 2017678.000000 
1969528.000000 2029382.000000 2017156.000000 
1981624.000000 1992998.000000 2029704.000000 
1972920.000000 2026448.000000 2007766.000000 
1976242.000000 1996370.000000 2022578.000000 
1986792.000000 1987762.000000 2026196.000000 
1967492.000000 2003182.000000 2050518.000000 
1972834.000000 2041720.000000 2004588.000000 
1982770.000000 1990052.000000 2035156.000000 
1978304.000000 2024760.000000 2008392.000000 
1980766.000000 2017924.000000 2003866.000000 
2009508.000000 1964306.000000 2041878.000000 
1989578.000000 1988176.000000 2018930.000000 
1973062.000000 2033284.000000 1989290.000000 
1989504.000000 2018508.000000 1996780.000000 
2017570.000000 2003966.000000 1966424.000000 
2026556.000000 2025094.000000 1955998.000000 
2035134.000000 2018110.000000 1959430.000000 
2006256.000000 2003506.000000 1974906.000000 
2028468.000000 2026918.000000 1952930.000000 
1992636.000000 2028776.000000 1989856.000000 

1995072.000000 1986476.000000 2093404.000000 
1988736.000000 1995342.000000 2084156.000000 
1983682.000000 2034070.000000 2080032.000000 
2027368.000000 1982322.000000 2002402.000000 
2009812.000000 2053594.000000 1983260.000000 
2007986.000000 2033522.000000 1987912.000000 
1984428.000000 2054852.000000 2012348.000000 
2015522.000000 1979282.000000 2019360.000000 
2020732.000000 1996034.000000 2005816.000000 
2021128.000000 1999816.000000 1997012.000000 
1987620.000000 2065348.000000 2006986.000000 
1985034.000000 2066834.000000 2000986.000000 
2022904.000000 2006962.000000 1983340.000000 
2024530.000000 2016072.000000 1982802.000000 
2048388.000000 2053348.000000 1974696.000000 
2031966.000000 1978488.000000 2007548.000000 
2034006.000000 1994860.000000 1998114.000000 
1996038.000000 2025680.000000 2019650.000000 
2022472.000000 1958130.000000 2024754.000000 
2022782.000000 1967126.000000 2019652.000000 
1982140.000000 2039866.000000 2050768.000000 
1986106.000000 2034166.000000 2049878.000000 
2019498.000000 2018704.000000 1994952.000000 
2017312.000000 1977276.000000 2031842.000000 
2007516.000000 2002818.000000 2010428.000000 
2015590.000000 1994520.000000 2014968.000000 
1998382.000000 1983334.000000 2034702.000000 
2013272.000000 1995828.000000 2029890.000000 
2019566.000000 1959282.000000 2045692.000000 
2017990.000000 1971320.000000 2028036.000000 
2016310.000000 1983414.000000 2018064.000000 
1974896.000000 2041484.000000 2053766.000000 
1991168.000000 2055654.000000 2002746.000000 
1985736.000000 2039014.000000 2012930.000000 
1985642.000000 2047886.000000 2018440.000000 
1997402.000000 1998966.000000 2057128.000000 
2002634.000000 1967984.000000 2044982.000000 
1968034.000000 2044162.000000 2045636.000000 
1990342.000000 2038830.000000 2023926.000000 
2026372.000000 2053544.000000 1979142.000000 
2019096.000000 2029788.000000 1979834.000000 
1984694.000000 2045096.000000 2038994.000000 
1985592.000000 2050254.000000 2018636.000000 
1961398.000000 2051200.000000 2025412.000000 
1966782.000000 2047448.000000 2041130.000000 
2001446.000000 2012770.000000 2025370.000000 
1991966.000000 2026268.000000 1992976.000000 
1987682.000000 2020190.000000 2050062.000000 
1993994.000000 2003064.000000 2032836.000000 
1976614.000000 2073392.000000 2011208.000000 
1990266.000000 2059444.000000 2005658.000000 
2019972.000000 2018486.000000 1988808.000000 
2005340.000000 2016868.000000 1997006.000000 
2052620.000000 1955918.000000 2048996.000000 
1982636.000000 2061656.000000 2010338.000000 
2043542.000000 1976086.000000 2018892.000000 
2048446.000000 1970282.000000 2018626.000000 
2010524.000000 1964926.000000 2032952.000000 
2035572.000000 1947852.000000 2095108.000000 
1964760.000000 2049054.000000 2021304.000000 
1989048.000000 2032412.000000 2045002.000000 
1985726.000000 2036356.000000 2070936.000000 
2008774.000000 2027876.000000 1991148.000000 

1974656.000000 1968628.000000 2029044.000000 
1981164.000000 1973818.000000 2014048.000000 
2024428.000000 1943164.000000 2089840.000000 
2003642.000000 1943594.000000 2080166.000000 
2013772.000000 2005380.000000 1976922.000000 
2034502.000000 2045414.000000 1948400.000000 
2046948.000000 2035022.000000 1965638.000000 
1939168.000000 2005656.000000 2023464.000000 
1982108.000000 1969026.000000 2021748.000000 
2071824.000000 1957480.000000 2023644.000000 
1943154.000000 1973698.000000 2052528.000000 
1948348.000000 1976258.000000 2019012.000000 
1947822.000000 1975512.000000 2027904.000000 
1953700.000000 1961570.000000 2030514.000000 
1974802.000000 1958372.000000 2047146.000000 
1974602.000000 2022712.000000 1982802.000000 
1970402.000000 2006484.000000 1995096.000000 
1954504.000000 2037948.000000 1974320.000000 
1958800.000000 2021712.000000 1986828.000000 
1987466.000000 1956726.000000 2055846.000000 
1951864.000000 2027116.000000 2010600.000000 
1964604.000000 2012044.000000 1987988.000000 
2004608.000000 1943836.000000 2039274.000000 
1990578.000000 1952058.000000 2046154.000000 
1974010.000000 2001914.000000 1993198.000000 
1962306.000000 1977356.000000 2000544.000000 
1977498.000000 2029568.000000 1970220.000000 
1990956.000000 2017284.000000 1968620.000000 
1982128.000000 1995028.000000 1987298.000000 
1981166.000000 1990018.000000 1996318.000000 
1977964.000000 2007988.000000 1992904.000000 
2034536.000000 1942834.000000 2088720.000000 
1969092.000000 1978764.000000 1997416.000000 
1955856.000000 1981266.000000 1996324.000000 
1985600.000000 1960470.000000 2027418.000000 
2001778.000000 1955860.000000 2026320.000000 
1999410.000000 1958214.000000 2025040.000000 
1996124.000000 1967342.000000 2022154.000000 
2004906.000000 1945910.000000 2028888.000000 
1950282.000000 1957954.000000 2060330.000000 
1946806.000000 1969816.000000 2044916.000000 
1958392.000000 1973298.000000 2028872.000000 
2001624.000000 1946732.000000 2069740.000000 
1986606.000000 1992672.000000 1981210.000000 
1987808.000000 1986490.000000 1987854.000000 
2007976.000000 2012110.000000 1980112.000000 
1983498.000000 1971360.000000 1989532.000000 
1997058.000000 1975468.000000 1988984.000000 
2051668.000000 1939802.000000 2065820.000000 
2010762.000000 1989602.000000 1986900.000000 
1969324.000000 2028428.000000 1972790.000000 
1980440.000000 2027440.000000 1977988.000000 
1996024.000000 2013478.000000 1975368.000000 
1967630.000000 1969906.000000 2016734.000000 

1981326.000000 2003020.000000 1989846.000000 
1973758.000000 2037814.000000 1947118.000000 
1973892.000000 2020360.000000 1967280.000000 
1962638.000000 1997012.000000 2000732.000000 
1970502.000000 2008948.000000 1990012.000000 
1965780.000000 2027000.000000 1968882.000000 
1983828.000000 2014240.000000 1978536.000000 
1969104.000000 2019338.000000 1987382.000000 
1966384.000000 2018922.000000 1996848.000000 
1987238.000000 1956112.000000 2081442.000000 
1947622.000000 2007400.000000 2033580.000000 
1947914.000000 2013226.000000 2012634.000000 
1944680.000000 2026128.000000 2016960.000000 
1969288.000000 2014830.000000 1990680.000000 
1997130.000000 2019364.000000 1970544.000000 
1995220.000000 2021286.000000 1955756.000000 
2001494.000000 2019840.000000 1951452.000000 
1960326.000000 2051854.000000 1983530.000000 
1975970.000000 2025636.000000 1961750.000000 
1997626.000000 1961022.000000 2042408.000000 
2000794.000000 1953570.000000 2053970.000000 
1947474.000000 2015720.000000 2012558.000000 
1977048.000000 2021320.000000 1950140.000000 
1998200.000000 2018426.000000 1967666.000000 
1980918.000000 2019766.000000 1984026.000000 
1989830.000000 2021240.000000 1964634.000000 
1982552.000000 2018512.000000 1982464.000000 
1987484.000000 1959356.000000 2061594.000000 
1977232.000000 1999008.000000 1991984.000000 
1982990.000000 1991720.000000 1990100.000000 
2000730.000000 1941364.000000 2056980.000000 
2011250.000000 1948348.000000 2054920.000000 
2005182.000000 1980294.000000 1983890.000000 
2002116.000000 1959138.000000 2049516.000000 
1970910.000000 2019830.000000 1979982.000000 
1967356.000000 1964178.000000 2000596.000000 
1982446.000000 1972380.000000 1992848.000000 
1991386.000000 2010170.000000 1981362.000000 
2015404.000000 2013644.000000 1980260.000000 
1970146.000000 2007036.000000 1994140.000000 
1955932.000000 2032098.000000 1991930.000000 
1964820.000000 2026552.000000 1984418.000000 
1972212.000000 2027122.000000 1965000.000000 
1952950.000000 2038970.000000 1994004.000000 
2000158.000000 1960192.000000 2056316.000000 
2016012.000000 1937672.000000 2081290.000000 
1995066.000000 1962294.000000 2016820.000000 
2025108.000000 1951004.000000 2034822.000000 
2007796.000000 1938688.000000 2061394.000000 
2020936.000000 1941132.000000 2059912.000000 
2019332.000000 1957284.000000 1995734.000000 
2012286.000000 1957512.000000 2015976.000000 
1966932.000000 1986582.000000 1999256.000000 
1950212.000000 1969850.000000 2006132.000000 
1965692.000000 1990046.000000 2005684.000000 
2018654.000000 2002892.000000 1962834.000000 
2000340.000000 1997980.000000 1981060.000000 
1999032.000000 1955126.000000 2079894.000000 

2009858.000000 1969152.000000 2087894.000000 
2019388.000000 1959946.000000 2082256.000000 
1991802.000000 1985142.000000 2057694.000000 
2035812.000000 2028106.000000 1972914.000000 
1988720.000000 2011944.000000 1998810.000000 
1990716.000000 1995564.000000 2007800.000000 
1967002.000000 2001532.000000 2045738.000000 
1995034.000000 2010570.000000 1995242.000000 
1994594.000000 1980354.000000 2087180.000000 
1973324.000000 2011638.000000 2043412.000000 
2012770.000000 1972724.000000 2047026.000000 
2003236.000000 1978152.000000 2044346.000000 
1969790.000000 2005542.000000 2044932.000000 
2029786.000000 1954960.000000 2023140.000000 
2013906.000000 1971376.000000 2011884.000000 
1992826.000000 1980768.000000 2100402.000000 
1992958.000000 1982174.000000 2082246.000000 
1960142.000000 1995042.000000 2072118.000000 
1961000.000000 1985574.000000 2074196.000000 
1998848.000000 1975998.000000 2134938.000000 
1992932.000000 1984184.000000 2086844.000000 
2014264.000000 2022380.000000 1979672.000000 
2006508.000000 2009166.000000 1987922.000000 
1971688.000000 2033914.000000 2004722.000000 
1959188.000000 2020702.000000 2027258.000000 
1999208.000000 1995744.000000 2004020.000000 
1999382.000000 1995386.000000 2008406.000000 
1996002.000000 1994846.000000 2021538.000000 
1996614.000000 1983608.000000 2042798.000000 
1964500.000000 1996550.000000 2054092.000000 
2000084.000000 1984522.000000 2017390.000000 
2013568.000000 2007008.000000 1985006.000000 
1974368.000000 2022072.000000 2021714.000000 
1969248.000000 1987850.000000 2047524.000000 
1962200.000000 2003210.000000 2056336.000000 
2025670.000000 2041352.000000 1973682.000000 
2011940.000000 2025244.000000 1980918.000000 
1966954.000000 2011384.000000 2053126.000000 
2012880.000000 2006038.000000 1994582.000000 
1984756.000000 2019878.000000 1993286.000000 
1976736.000000 1996498.000000 2001622.000000 
2029042.000000 1955022.000000 2094660.000000 
2001958.000000 1977912.000000 2056718.000000 
1962328.000000 2023856.000000 2019560.000000 
1994852.000000 2040184.000000 1980554.000000 
2002148.000000 2037742.000000 1989754.000000 
2025858.000000 2018488.000000 1982914.000000 
2023408.000000 1999850.000000 1983690.000000 
2015210.000000 1970150.000000 2008098.000000 
2013682.000000 1974226.000000 2019392.000000 
2014016.000000 2069588.000000 1980084.000000 
2018192.000000 1989012.000000 2006250.000000 
2023524.000000 1983014.000000 2002288.000000 
2009090.000000 1990722.000000 2008714.000000 
1975370.000000 1991704.000000 2024490.000000 
2074870.000000 1948964.000000 2111074.000000 
2066976.000000 1950770.000000 2094176.000000 
2014722.000000 1969062.000000 2090948.000000 
1974440.000000 2032944.000000 2012592.000000 
1975998.000000 2017902.000000 2007780.000000 
2006770.000000 1972922.000000 2022448.000000 
2009558.000000 1991544.000000 2005782.000000 

2011818.000000 1955406.000000 2011388.000000 
1996708.000000 1967262.000000 1985490.000000 
1989356.000000 1978804.000000 1961938.000000 
1999106.000000 1965200.000000 1949452.000000 
1974698.000000 1971890.000000 1994896.000000 
2000736.000000 1954196.000000 2020400.000000 
1979600.000000 2006926.000000 1959814.000000 
1989678.000000 1961846.000000 1999464.000000 
1972574.000000 1984870.000000 2010750.000000 
1966400.000000 1984878.000000 1999690.000000 
1963968.000000 2041086.000000 1958122.000000 
1977732.000000 2025082.000000 1958598.000000 
1957158.000000 1992148.000000 2021010.000000 
1966324.000000 1964726.000000 2023740.000000 
1966284.000000 1969010.000000 2015740.000000 
1949336.000000 2007050.000000 1986084.000000 
1977378.000000 1973414.000000 1979128.000000 
1979782.000000 1987974.000000 1969010.000000 
2005776.000000 1958838.000000 2000386.000000 
1976730.000000 1982962.000000 1989332.000000 
1997086.000000 1989938.000000 1949252.000000 
1997880.000000 1983814.000000 1949778.000000 
1990278.000000 1956552.000000 2013830.000000 
1995424.000000 1947044.000000 2027822.000000 
1974516.000000 1956664.000000 2015684.000000 
1961232.000000 1992792.000000 1992986.000000 
1960890.000000 1998240.000000 1989624.000000 
1946566.000000 2008614.000000 1991098.000000 
1976760.000000 2013998.000000 1962496.000000 
1975346.000000 1991702.000000 1964770.000000 
1970634.000000 1971606.000000 2010852.000000 
2016068.000000 1943380.000000 2054068.000000 
2020502.000000 1949874.000000 1977320.000000 
2008086.000000 1962242.000000 1991226.000000 
1948350.000000 2034672.000000 1981034.000000 
1952750.000000 2002006.000000 1963038.000000 
2015044.000000 1945776.000000 2024584.000000 
1966668.000000 1991524.000000 1979854.000000 
1965194.000000 2048692.000000 1956076.000000 
1962448.000000 2028144.000000 1962022.000000 
1965278.000000 2020936.000000 1959964.000000 
1964770.000000 1989934.000000 1983018.000000 
1976454.000000 1990054.000000 1978912.000000 
1974582.000000 1983256.000000 2005088.000000 

1955484.000000 2020404.000000 2078672.000000 
1964668.000000 1999482.000000 2062714.000000 
1955506.000000 2000516.000000 2028736.000000 
1988368.000000 1988820.000000 1990576.000000 
1983534.000000 1989338.000000 1995854.000000 
2027384.000000 1989820.000000 1985512.000000 
2025574.000000 1974144.000000 1997070.000000 
1977756.000000 1988836.000000 2012304.000000 
1981562.000000 1984898.000000 2027628.000000 
1923454.000000 2045202.000000 2100728.000000 
1931982.000000 2022152.000000 2085640.000000 
1968682.000000 1992654.000000 2085710.000000 
1938924.000000 2010796.000000 2101140.000000 
1978358.000000 1991640.000000 1984514.000000 
2007188.000000 1976374.000000 2008458.000000 
1988378.000000 1978634.000000 1987494.000000 
2010544.000000 1991488.000000 1979768.000000 
1978542.000000 2011276.000000 1952040.000000 
1998902.000000 1970398.000000 2026866.000000 
1966452.000000 1995514.000000 1970440.000000 
2041040.000000 1955136.000000 2061550.000000 
2013864.000000 1962240.000000 2041032.000000 
2012030.000000 1970924.000000 2006536.000000 
1950790.000000 2003648.000000 2113294.000000 
2001768.000000 2005474.000000 1959070.000000 
1979474.000000 1992676.000000 1966868.000000 
2003276.000000 1985080.000000 1985658.000000 

1945406.000000 2010054.000000 2029134.000000 
1987100.000000 1945294.000000 2029062.000000 
1981054.000000 2006930.000000 1971412.000000 
1969174.000000 1963996.000000 2024028.000000 
1936528.000000 2013712.000000 2012228.000000 
1981398.000000 1958522.000000 2025282.000000 
1959296.000000 1973570.000000 2006912.000000 
1989482.000000 1973810.000000 2004720.000000 
1971232.000000 1984758.000000 1990856.000000 
2007550.000000 1978510.000000 1974368.000000 
1927680.000000 2002770.000000 2033832.000000 
1937526.000000 2007686.000000 2031624.000000 
1994472.000000 1958338.000000 2012104.000000 
1993106.000000 1963142.000000 2025128.000000 
1981898.000000 1974388.000000 1988608.000000 
2000322.000000 1961168.000000 1987068.000000 
1958594.000000 1999264.000000 1976400.000000 
2011430.000000 1970502.000000 1970406.000000 
1993226.000000 1992548.000000 1969706.000000 
1958062.000000 2031034.000000 1984770.000000 
1946594.000000 1978540.000000 2000694.000000 
1952348.000000 1994750.000000 1997470.000000 
1953314.000000 1995486.000000 1986046.000000 
1984222.000000 1957080.000000 2027264.000000 
1992516.000000 1972332.000000 1982600.000000 
1993772.000000 1971686.000000 2019920.000000 
1992838.000000 1965806.000000 2023798.000000 
1989640.000000 1972824.000000 2016102.000000 
1974800.000000 1983472.000000 1994482.000000 
1986742.000000 1996604.000000 1984280.000000 
1995970.000000 1964254.000000 2005020.000000 
1981598.000000 1971968.000000 2016760.000000 
1999910.000000 1988842.000000 1962946.000000 
1979698.000000 2010096.000000 1966070.000000 
1985352.000000 2002882.000000 1957590.000000 
1984058.000000 2003504.000000 1975600.000000 

2015058.000000 1974486.000000 1977594.000000 
1964992.000000 1937356.000000 2033350.000000 
1971222.000000 1948810.000000 2033192.000000 
1982858.000000 1994046.000000 2002222.000000 
1994710.000000 1954274.000000 1999666.000000 
1997056.000000 1965114.000000 1987874.000000 
1983808.000000 1969808.000000 2007680.000000 
2000242.000000 1953314.000000 2017166.000000 
2026278.000000 1971644.000000 1975132.000000 
1975406.000000 2029640.000000 2010668.000000 
1979002.000000 2030226.000000 1999540.000000 
1987818.000000 1978178.000000 1984324.000000 
2005216.000000 1963896.000000 1987214.000000 
2018428.000000 1952866.000000 1995416.000000 
2017578.000000 1948420.000000 2003556.000000 
2003382.000000 1955096.000000 1997308.000000 
1958572.000000 2037904.000000 2013648.000000 
1972300.000000 1993036.000000 2023352.000000 
1977572.000000 1980858.000000 2014728.000000 
1986714.000000 1979216.000000 2007432.000000 
1961854.000000 2000618.000000 2041636.000000 
1953234.000000 1985516.000000 2045526.000000 
1971650.000000 1956788.000000 2023736.000000 
1980034.000000 1961250.000000 2021092.000000 
1987974.000000 1957618.000000 1989362.000000 
1978782.000000 1985520.000000 2008664.000000 
1982926.000000 1999500.000000 1989906.000000 
1986810.000000 2004094.000000 1989652.000000 
1982900.000000 2006658.000000 1988878.000000 
1947442.000000 2006218.000000 2020112.000000 
1956116.000000 2002216.000000 2026420.000000 
1960512.000000 1951406.000000 2053524.000000 
1956364.000000 1983236.000000 2049590.000000 
1987630.000000 1979776.000000 2004150.000000 
1975094.000000 1965736.000000 2015440.000000 
2021524.000000 1951098.000000 1995966.000000 
1967044.000000 1993876.000000 2017242.000000 
1977148.000000 2015512.000000 2005294.000000 
1987840.000000 1970154.000000 1985502.000000 
2006980.000000 1975854.000000 1968666.000000 
2004384.000000 1980272.000000 1961812.000000 
1993176.000000 1985896.000000 1966198.000000 
1992274.000000 1977418.000000 1981032.000000 

2002994.000000 2007966.000000 2016682.000000 
2009264.000000 2018760.000000 1996526.000000 
2018122.000000 2006210.000000 2007490.000000 
2002388.000000 2019656.000000 2002150.000000 
2055174.000000 1998342.000000 2098336.000000 
2056476.000000 1997176.000000 2083516.000000 
2040266.000000 2005612.000000 2052102.000000 
2060082.000000 1999974.000000 2049318.000000 
1993742.000000 2015690.000000 2016934.000000 
1988726.000000 2017928.000000 2004812.000000 
2024518.000000 2015512.000000 1989856.000000 
1997488.000000 2011464.000000 2006730.000000 
2043566.000000 2002386.000000 2058686.000000 
2039402.000000 2001338.000000 2073722.000000 
2024344.000000 2014364.000000 2005552.000000 
1994156.000000 2010130.000000 2019296.000000 
1981162.000000 2026072.000000 2033640.000000 
1981614.000000 2020104.000000 2016028.000000 

1963522.000000 1977412.000000 2025790.000000 
1978178.000000 1967680.000000 2024990.000000 
1966876.000000 1963006.000000 2034228.000000 
1953214.000000 1968402.000000 2031974.000000 
1965128.000000 1961624.000000 2058076.000000 
1967054.000000 1975740.000000 2007806.000000 
1983514.000000 1938872.000000 2099856.000000 
1971522.000000 1945182.000000 2082456.000000 
1974866.000000 1946026.000000 2073236.000000 
1999058.000000 2016700.000000 1968146.000000 
1983424.000000 2001330.000000 1971078.000000 
2000252.000000 2012872.000000 1970458.000000 
1983354.000000 1938904.000000 2060138.000000 
1971770.000000 1989420.000000 1994904.000000 
2051924.000000 1951436.000000 2016934.000000 
1963984.000000 2012944.000000 2009548.000000 
1971540.000000 1974452.000000 2008066.000000 
1973490.000000 1972336.000000 2011782.000000 
1970642.000000 1978622.000000 1999062.000000 
1969774.000000 1981366.000000 2001154.000000 
2056128.000000 1972434.000000 1997044.000000 
1963028.000000 1968072.000000 2065522.000000 
1982238.000000 1961026.000000 2000318.000000 
1963278.000000 2018652.000000 2008018.000000 
1969946.000000 1957596.000000 2039098.000000 
1965704.000000 1952706.000000 2047478.000000 
1970998.000000 1949444.000000 2058162.000000 
1994456.000000 1981252.000000 1993364.000000 
1970948.000000 1975160.000000 2015268.000000 
1966868.000000 1990380.000000 2001056.000000 
1977084.000000 1997558.000000 1984856.000000 
1967706.000000 1997860.000000 1972568.000000 
1963338.000000 2019582.000000 1978256.000000 
1950366.000000 2044902.000000 1994380.000000 
1979426.000000 1942694.000000 2023214.000000 
1966548.000000 2007174.000000 1994454.000000 
1959166.000000 1997608.000000 2015910.000000 
1970932.000000 1991744.000000 1997666.000000 
1949844.000000 2016452.000000 2054658.000000 
1950290.000000 1987576.000000 2017704.000000 
1972292.000000 1986670.000000 1993862.000000 
1975102.000000 1987320.000000 1992104.000000 
1982130.000000 1974218.000000 1999938.000000 
1981930.000000 1982508.000000 1976480.000000 
1999542.000000 1980428.000000 1992798.000000 
2014868.000000 1973062.000000 1987212.000000 
2037034.000000 1993122.000000 1969336.000000 
1957682.000000 1982684.000000 2026696.000000 
2018392.000000 1990186.000000 1976366.000000 
2025446.000000 2002028.000000 1964714.000000 
2039762.000000 2009050.000000 1960232.000000 
1973810.000000 1949442.000000 2043536.000000 
1971562.000000 1951614.000000 2046354.000000 
1953282.000000 2028086.000000 1996020.000000 
2059968.000000 1937436.000000 2069906.000000 
1950200.000000 2004432.000000 2037722.000000 
1960940.000000 2005958.000000 2011718.000000 
1965494.000000 1995486.000000 2004324.000000 
1940278.000000 2017546.000000 2013822.000000 
1943940.000000 2028998.000000 2002460.000000 
1951720.000000 2032824.000000 2001940.000000 
1958892.000000 2019618.000000 2002500.000000 
2045308.000000 1958600.000000 2011574.000000 
1988034.000000 1979522.000000 1997396.000000 
2044226.000000 1937772.000000 2038110.000000 

2001370.000000 1991598.000000 1994804.000000 
2000152.000000 1958592.000000 2043964.000000 
2022638.000000 2001318.000000 1984248.000000 
2015706.000000 1995674.000000 1984516.000000 
1992436.000000 1952782.000000 2070592.000000 
2023510.000000 1942292.000000 2047236.000000 
2008612.000000 1942400.000000 2033892.000000 
2007076.000000 1949416.000000 2033892.000000 
2002994.000000 1985028.000000 2008554.000000 
1990552.000000 1971632.000000 2028738.000000 
1984444.000000 2008100.000000 2008004.000000 
1989716.000000 1996310.000000 2009152.000000 
1999530.000000 1974382.000000 2017186.000000 
2030462.000000 1994712.000000 1983300.000000 
1989342.000000 1977060.000000 2014224.000000 
1973734.000000 1977172.000000 2035702.000000 
2004658.000000 1990976.000000 2005260.000000 
2012632.000000 1996824.000000 1994480.000000 
2024366.000000 1981146.000000 1992180.000000 
2017026.000000 1993876.000000 1989402.000000 
2038476.000000 1952202.000000 2020456.000000 
2005654.000000 1958264.000000 2031430.000000 
2031304.000000 1975518.000000 2009388.000000 
2009774.000000 1964596.000000 2016496.000000 
2000048.000000 1961208.000000 2016870.000000 
2014778.000000 1976886.000000 1999438.000000 
2005778.000000 1975882.000000 2000786.000000 
2010862.000000 1953600.000000 2016836.000000 
1984750.000000 1979982.000000 2015178.000000 
1998474.000000 1992968.000000 2010626.000000 
1964334.000000 1996950.000000 2043330.000000 
1967374.000000 2001426.000000 2037700.000000 
2034848.000000 1960636.000000 2014398.000000 
2043292.000000 1953666.000000 2016772.000000 
1963186.000000 1985658.000000 2083976.000000 
1969946.000000 1978140.000000 2075494.000000 
2019188.000000 1971188.000000 2010914.000000 
2039988.000000 1974252.000000 1998592.000000 
1965908.000000 2017102.000000 2042330.000000 
1994188.000000 1994952.000000 1999738.000000 
2034722.000000 1986338.000000 1985284.000000 
2030152.000000 1977650.000000 1996200.000000 
1987940.000000 2002634.000000 2011544.000000 
1970184.000000 1994724.000000 2043048.000000 
1994380.000000 1951194.000000 2056114.000000 
1969992.000000 1960014.000000 2045112.000000 
1974894.000000 1996950.000000 2029430.000000 
1959778.000000 2021804.000000 2047538.000000 
2036746.000000 1954108.000000 2002502.000000 
1983154.000000 2016328.000000 2014884.000000 
2041310.000000 1970282.000000 2001666.000000 
1978394.000000 2026362.000000 2029178.000000 

1985008.000000 1991256.000000 2009602.000000 
1995122.000000 1987626.000000 2012224.000000 
2001556.000000 1986240.000000 2014134.000000 
1994202.000000 1990476.000000 2021726.000000 
2029388.000000 1973180.000000 2012274.000000 
2025880.000000 1967270.000000 2023488.000000 
2031506.000000 2011606.000000 1994494.000000 
2048044.000000 1993440.000000 1986318.000000 
2008556.000000 1964638.000000 2072018.000000 
1986086.000000 1978324.000000 2033376.000000 
1993102.000000 1990670.000000 2023512.000000 
2026210.000000 2020052.000000 1989428.000000 
2025336.000000 2021992.000000 1992420.000000 
2008962.000000 2033634.000000 1997956.000000 
1983944.000000 2010694.000000 2004636.000000 
1979046.000000 1997462.000000 2041406.000000 
1984280.000000 1983120.000000 2037898.000000 
2040762.000000 1959368.000000 2073292.000000 
1972244.000000 2003718.000000 2049386.000000 
2026360.000000 1960516.000000 2087530.000000 
2016798.000000 1963258.000000 2101084.000000 
1992528.000000 1975550.000000 2064170.000000 
1983030.000000 1980166.000000 2040204.000000 
1973792.000000 2005304.000000 2037076.000000 
1990814.000000 2000402.000000 2002286.000000 
1982508.000000 2016262.000000 2011038.000000 
1984280.000000 2003420.000000 2015880.000000 
2013332.000000 1999014.000000 2002120.000000 
2004716.000000 1983394.000000 2011708.000000 
2009520.000000 1976950.000000 2032966.000000 
2039814.000000 1967034.000000 2034674.000000 
2058668.000000 1959042.000000 2069800.000000 
2021866.000000 2031628.000000 1994274.000000 
1976074.000000 2028164.000000 2021258.000000 
1978464.000000 2010456.000000 2014756.000000 
2011316.000000 1974180.000000 2028798.000000 
1990962.000000 1978310.000000 2040754.000000 
1974332.000000 1979448.000000 2050616.000000 
2029094.000000 1960926.000000 2046588.000000 
1999106.000000 1989688.000000 2005926.000000 
1999148.000000 1989332.000000 2005616.000000 
2020234.000000 2033872.000000 1997394.000000 
1997694.000000 2012096.000000 2001140.000000 
2001024.000000 1986890.000000 2024720.000000 
2007416.000000 1977534.000000 2053156.000000 
2000746.000000 1982274.000000 2032512.000000 
1975552.000000 2022424.000000 2033486.000000 
2012878.000000 1973872.000000 2017296.000000 
2010354.000000 1975962.000000 2014546.000000 

2034092.000000 2016250.000000 1992820.000000 
1987050.000000 2037878.000000 1994796.000000 
2062170.000000 2023932.000000 1983038.000000 
2057148.000000 2034714.000000 1983454.000000 
2044696.000000 1974506.000000 2052986.000000 
2005394.000000 2024566.000000 1985184.000000 
1987662.000000 2040864.000000 1991104.000000 
2005222.000000 1989940.000000 2051794.000000 
2010302.000000 1980048.000000 2029058.000000 
2024884.000000 1979066.000000 2022910.000000 
2032852.000000 1978980.000000 2017848.000000 
2011178.000000 1985888.000000 2025154.000000 
2058962.000000 1992328.000000 2007050.000000 
2039996.000000 1969164.000000 2071350.000000 
2012518.000000 1979648.000000 2078242.000000 
2056516.000000 2004876.000000 1998550.000000 
2003334.000000 2048696.000000 1985698.000000 
2042138.000000 1975722.000000 2022234.000000 
2046042.000000 1973130.000000 2051806.000000 
1979010.000000 2062816.000000 2019702.000000 
1971458.000000 2049936.000000 2049412.000000 
2050652.000000 2015488.000000 1998486.000000 
2024098.000000 2050384.000000 1977056.000000 
2039406.000000 1978352.000000 2027374.000000 
2069202.000000 2032230.000000 1980968.000000 
2058076.000000 1994236.000000 2007522.000000 
1999896.000000 2041256.000000 1990270.000000 
2005034.000000 2038702.000000 1990794.000000 
2005378.000000 2018048.000000 1993598.000000 
1979556.000000 1995306.000000 1998890.000000 
1982234.000000 1995212.000000 2012994.000000 
1972396.000000 2003838.000000 2023520.000000 
2011386.000000 2046368.000000 1982322.000000 
2018060.000000 1980794.000000 2011776.000000 
1988994.000000 1992454.000000 2022216.000000 
2032396.000000 1976380.000000 2054800.000000 
2023554.000000 1978484.000000 2037714.000000 
2056834.000000 2040702.000000 1983726.000000 
2010702.000000 2056704.000000 1984468.000000 
1984198.000000 2043704.000000 1993848.000000 
1987226.000000 2036162.000000 1997756.000000 
2061470.000000 1975264.000000 2042392.000000 
2010802.000000 2051126.000000 1980708.000000 
2053778.000000 2014828.000000 1994092.000000 
2007596.000000 2059946.000000 1976304.000000 
2039706.000000 1976096.000000 2050500.000000 

1954656.000000 2032946.000000 2017962.000000 
1999822.000000 1987958.000000 2074252.000000 
1975744.000000 1996488.000000 2049516.000000 
1981806.000000 2015036.000000 1979816.000000 
1995748.000000 1998656.000000 1998530.000000 
1989478.000000 2003966.000000 2012144.000000 
2020690.000000 1963478.000000 2033496.000000 
2023264.000000 1972886.000000 2030866.000000 
2031340.000000 1969982.000000 2028412.000000 
2048918.000000 1997034.000000 2012112.000000 
2019622.000000 1985826.000000 2023358.000000 
2010368.000000 1988876.000000 2041294.000000 
1964954.000000 2005238.000000 1987232.000000 
1972672.000000 2008408.000000 1980702.000000 
1960578.000000 2020384.000000 1971570.000000 
2003250.000000 1976560.000000 2043130.000000 
2013216.000000 1993874.000000 2015406.000000 
2032724.000000 1981450.000000 2025684.000000 
2019384.000000 1969238.000000 2053618.000000 
2010798.000000 1990946.000000 2016930.000000 
2017450.000000 1986376.000000 2040150.000000 
2019704.000000 1984616.000000 2041484.000000 
1964522.000000 2015216.000000 1968518.000000 
1992934.000000 2022504.000000 1967916.000000 
1985458.000000 2028116.000000 1965512.000000 
2004882.000000 1991322.000000 2023708.000000 
2013964.000000 1974762.000000 2054234.000000 
2014180.000000 1973112.000000 2057144.000000 
1992562.000000 1989456.000000 2037756.000000 
2004436.000000 1996088.000000 2034088.000000 
1987058.000000 1998724.000000 2041870.000000 
2009306.000000 1990468.000000 2016950.000000 

2007754.000000 2028058.000000 1980436.000000 
1998306.000000 1966376.000000 2072462.000000 
1975004.000000 1980152.000000 2094514.000000 
2026778.000000 1951252.000000 2077958.000000 
2018326.000000 1969680.000000 2026272.000000 
1986760.000000 1984854.000000 2022456.000000 
2007536.000000 1956660.000000 2065314.000000 
2015040.000000 1961880.000000 2059772.000000 
1991920.000000 1976358.000000 2035972.000000 
2022162.000000 2015500.000000 1982720.000000 
1977704.000000 1984126.000000 2075540.000000 
1995554.000000 1975946.000000 2057838.000000 
1955508.000000 2014514.000000 2054116.000000 
1963096.000000 2001196.000000 2046102.000000 
2016914.000000 2039222.000000 1975282.000000 
2051814.000000 1942066.000000 2071710.000000 
1982824.000000 2004056.000000 2028746.000000 
1979748.000000 2020228.000000 2021658.000000 
2027544.000000 1962836.000000 2026824.000000 
2019634.000000 1960124.000000 2031374.000000 
1987518.000000 1997724.000000 2020516.000000 
1999812.000000 2001658.000000 1986384.000000 
2013148.000000 2016058.000000 1982426.000000 
2034488.000000 2017012.000000 1968716.000000 
2028880.000000 2005598.000000 1976612.000000 
2002550.000000 2042682.000000 1980226.000000 
1985266.000000 2024952.000000 2019720.000000 
1985902.000000 2027750.000000 2019246.000000 
2008560.000000 1981182.000000 1997002.000000 
2044152.000000 1953672.000000 2048190.000000 
2025318.000000 1965230.000000 2013856.000000 
2019926.000000 1965638.000000 2014186.000000 
1997972.000000 1970740.000000 2002872.000000 
1995552.000000 1979584.000000 2006022.000000 
2019404.000000 1965852.000000 2024014.000000 
1991450.000000 2002462.000000 1995138.000000 
1995482.000000 1985968.000000 2012782.000000 
2016354.000000 1999240.000000 1987632.000000 
2032540.000000 1952422.000000 2049782.000000 
1968868.000000 1984778.000000 2079068.000000 
1980480.000000 1993446.000000 2070092.000000 
1988704.000000 2035900.000000 1985188.000000 
1992170.000000 2003262.000000 1988650.000000 
1989474.000000 2015834.000000 2017474.000000 
2010232.000000 2017500.000000 1977180.000000 
2026188.000000 1949860.000000 2106842.000000 
1980054.000000 2006944.000000 2041326.000000 
1985464.000000 1985734.000000 2053170.000000 
1979044.000000 1967512.000000 2075316.000000 
2041524.000000 1945332.000000 2098016.000000 
1992506.000000 2001486.000000 2019484.000000 
2007300.000000 1970112.000000 2065550.000000 
2011616.000000 1952962.000000 2069354.000000 
2016956.000000 2025414.000000 1960842.000000 
2023258.000000 2004182.000000 1979998.000000 
2009214.000000 1992154.000000 1992632.000000 
1981720.000000 1982360.000000 2056098.000000 
2050248.000000 1944642.000000 2100588.000000 
2000656.000000 2030934.000000 1983560.000000 
1987984.000000 1984162.000000 2045486.000000 
1985740.000000 1993024.000000 2041778.000000 
1988970.000000 1970232.000000 2069534.000000 

2038928.000000 1961380.000000 2043088.000000 
2055948.000000 1957082.000000 2042064.000000 
2036854.000000 1961824.000000 2040016.000000 
1996834.000000 1969828.000000 2020870.000000 
2017226.000000 2007438.000000 1961396.000000 
2016102.000000 1979610.000000 1967960.000000 
2013170.000000 1991390.000000 1962490.000000 
1994594.000000 1972642.000000 2001670.000000 
1978650.000000 1992572.000000 1986546.000000 
1984476.000000 2003636.000000 1986156.000000 
1985160.000000 1973838.000000 1994096.000000 
2014918.000000 1949354.000000 2106294.000000 
1996162.000000 1969250.000000 2108634.000000 
1978186.000000 1980802.000000 2084824.000000 
1996794.000000 1970512.000000 2046682.000000 
1998628.000000 1982148.000000 1992936.000000 
2016748.000000 1968252.000000 2032732.000000 
1984642.000000 2000864.000000 1973014.000000 
1987262.000000 2005724.000000 1969368.000000 
1974634.000000 2003440.000000 2000376.000000 
2022918.000000 1961938.000000 2070744.000000 
2024264.000000 1959134.000000 2065138.000000 
2019066.000000 1967176.000000 2053800.000000 
2028792.000000 1965452.000000 2006126.000000 
1974728.000000 2067530.000000 1997470.000000 
1998230.000000 1983502.000000 1989090.000000 
1981728.000000 1973860.000000 1998328.000000 

1972056.000000 1943726.000000 2080650.000000 
1949210.000000 1998694.000000 2067934.000000 
1948004.000000 2002450.000000 2105068.000000 
1945340.000000 2008270.000000 2103898.000000 
1989588.000000 1989958.000000 1993686.000000 
1986990.000000 2011668.000000 2004880.000000 
1955718.000000 1989314.000000 2063682.000000 
1959814.000000 1971388.000000 2007012.000000 
1967616.000000 2020116.000000 1996892.000000 
2010414.000000 1983926.000000 1976770.000000 
1977460.000000 1970790.000000 2053132.000000 
1968566.000000 1967538.000000 2054922.000000 
1948368.000000 1989798.000000 2081990.000000 
1963638.000000 1951918.000000 2106316.000000 
1960832.000000 1970584.000000 2078668.000000 
1993798.000000 2024288.000000 1978826.000000 
1988708.000000 2018816.000000 1987058.000000 
1950428.000000 1972400.000000 2086996.000000 
1961326.000000 1955840.000000 2116840.000000 
1957150.000000 1967644.000000 2106288.000000 
2045928.000000 1966648.000000 1997766.000000 
1956446.000000 1970384.000000 2080440.000000 
1945030.000000 2037062.000000 2035598.000000 
1967694.000000 2041134.000000 1985172.000000 
1946568.000000 2024158.000000 1990766.000000 
1969126.000000 2023406.000000 1990162.000000 
2014154.000000 1978902.000000 1981006.000000 
2010218.000000 1967872.000000 1984984.000000 
2006682.000000 1981158.000000 1977994.000000 
1970952.000000 2011056.000000 2005756.000000 
1989200.000000 2016820.000000 1984744.000000 
1978266.000000 2023572.000000 1987864.000000 
1988540.000000 2026988.000000 1980564.000000 
1981902.000000 2028990.000000 1978272.000000 
1981722.000000 1958836.000000 2049158.000000 
2001698.000000 1999130.000000 1987902.000000 
2008030.000000 2009774.000000 1974536.000000 
1998078.000000 2015140.000000 1971256.000000 
2012366.000000 2014962.000000 1967232.000000 
1997844.000000 2005986.000000 1986058.000000 
1992450.000000 1969910.000000 2046140.000000 
1964006.000000 1951272.000000 2076164.000000 
1968472.000000 1966104.000000 2067574.000000 
2004112.000000 1977172.000000 2001452.000000 
1985312.000000 2018010.000000 2001820.000000 
1959750.000000 1981718.000000 2079154.000000 
1962014.000000 1968402.000000 2102542.000000 
1957136.000000 2016300.000000 2028180.000000 
1995572.000000 1981416.000000 2001884.000000 
1988356.000000 2005014.000000 2001158.000000 
2004656.000000 1993850.000000 1985898.000000 
1959808.000000 1985886.000000 2072170.000000 

2017746.000000 1994738.000000 1991512.000000 
1977312.000000 2038034.000000 1995500.000000 
1973776.000000 2052842.000000 1985262.000000 
1983444.000000 2050932.000000 1979632.000000 
1983154.000000 2003646.000000 2006542.000000 
1973270.000000 2019820.000000 2001304.000000 
1981406.000000 1981982.000000 2021102.000000 
1969276.000000 1994198.000000 2013146.000000 
1978618.000000 2015198.000000 1992954.000000 
1948064.000000 2022374.000000 2054220.000000 
1972890.000000 1978816.000000 2053286.000000 
2007442.000000 2016116.000000 1986330.000000 
1949266.000000 2036198.000000 2029064.000000 
1950242.000000 2046884.000000 2016900.000000 
1963260.000000 2055188.000000 2010756.000000 
1959742.000000 2030232.000000 2018914.000000 
1960468.000000 2034978.000000 2014662.000000 
2018122.000000 2023190.000000 1982662.000000 
1963664.000000 2008080.000000 2050446.000000 
1994994.000000 1985408.000000 2000206.000000 
1981244.000000 1993546.000000 2019542.000000 
2003572.000000 1992206.000000 1992080.000000 
1937588.000000 2036560.000000 2064206.000000 
1940650.000000 2054742.000000 2063400.000000 
2015302.000000 1958770.000000 2040330.000000 
1955162.000000 2033496.000000 2038086.000000 
1958012.000000 2029290.000000 2053194.000000 
1979134.000000 2006620.000000 2000920.000000 
1976660.000000 2016792.000000 2001118.000000 
1956914.000000 2008466.000000 2060336.000000 
1947722.000000 2000266.000000 2061018.000000 
1941888.000000 2009700.000000 2072636.000000 
1942806.000000 2060990.000000 2061146.000000 
1964636.000000 2061602.000000 2004356.000000 
1968362.000000 2042352.000000 2012318.000000 
2005844.000000 1980164.000000 1993808.000000 
2019722.000000 1979398.000000 2007804.000000 
1997322.000000 2030090.000000 1983570.000000 
1978580.000000 2033116.000000 1991934.000000 
2015334.000000 2032944.000000 1981330.000000 
1988938.000000 1962104.000000 2010482.000000 
1998966.000000 1995640.000000 1986942.000000 
1958300.000000 2020842.000000 2036378.000000 
2002824.000000 2023968.000000 1983382.000000 
2019404.000000 1991328.000000 1988152.000000 
2017692.000000 1986330.000000 1992310.000000 
2014776.000000 1959658.000000 2009778.000000 
2016094.000000 1971952.000000 2009066.000000 
1975028.000000 2016964.000000 1996986.000000 
1989246.000000 2004044.000000 1994434.000000 
2025452.000000 2033776.000000 1979344.000000 
1968558.000000 1994794.000000 2017984.000000 
1967492.000000 2006658.000000 2018780.000000 
1952538.000000 2039064.000000 2018070.000000 
1983984.000000 1962188.000000 2029954.000000 
1982692.000000 1964876.000000 2041092.000000 
1944462.000000 2049050.000000 2058770.000000 
2008512.000000 2027534.000000 1982558.000000 

1988278.000000 1987168.000000 1985250.000000 
1968316.000000 2016346.000000 1979400.000000 
1986996.000000 2005382.000000 1993590.000000 
1978428.000000 1950118.000000 2046116.000000 
1973172.000000 2023040.000000 1968938.000000 
1972894.000000 2025436.000000 1974602.000000 
1995380.000000 2006358.000000 1966550.000000 
2010734.000000 2016986.000000 1966028.000000 
1995924.000000 1996632.000000 1983910.000000 
1970952.000000 1952728.000000 2038096.000000 
1960584.000000 1950928.000000 2047670.000000 
1949344.000000 1961684.000000 2024858.000000 
1965880.000000 1951596.000000 2038826.000000 
1950024.000000 1970100.000000 2001512.000000 
1948684.000000 1969186.000000 2018924.000000 
1939660.000000 1976084.000000 2026360.000000 
1953564.000000 1967018.000000 2012308.000000 
1991792.000000 2002278.000000 1968504.000000 
1973940.000000 2011378.000000 1978504.000000 
1977954.000000 2020684.000000 1958578.000000 
1977252.000000 2017676.000000 1976718.000000 
1962358.000000 1957072.000000 2012880.000000 
1946886.000000 1968306.000000 2024310.000000 
1954376.000000 1958132.000000 2005876.000000 
1943430.000000 1980308.000000 1994994.000000 
1950524.000000 1972266.000000 1994988.000000 
1943142.000000 1981946.000000 2005114.000000 
1939446.000000 1995264.000000 2032156.000000 
1950652.000000 1955002.000000 2026596.000000 
1945090.000000 1961766.000000 2026660.000000 
1948430.000000 1963340.000000 2023964.000000 
1946154.000000 1978922.000000 2016718.000000 
1984620.000000 1944576.000000 2034414.000000 
1945016.000000 1972516.000000 2022832.000000 
1941606.000000 1970356.000000 2028242.000000 
1966092.000000 2008126.000000 1981700.000000 
1943452.000000 1965898.000000 2037214.000000 

1970404.000000 2025344.000000 1984328.000000 
2055318.000000 2048532.000000 1967764.000000 
1939742.000000 1970934.000000 2013490.000000 
1925152.000000 2018784.000000 2025014.000000 
1995844.000000 1973838.000000 1996698.000000 
1985730.000000 2017632.000000 1988536.000000 
2037522.000000 2059428.000000 1951806.000000 
2014310.000000 2051492.000000 1970558.000000 
1999822.000000 2029828.000000 1979696.000000 
1987288.000000 2010836.000000 1992800.000000 
2006336.000000 2051034.000000 1974624.000000 
1969630.000000 1982362.000000 2001460.000000 
1984824.000000 1952726.000000 2009950.000000 
1967214.000000 1942344.000000 2024232.000000 
1944002.000000 1964098.000000 2016602.000000 
1998400.000000 1944582.000000 2008376.000000 
1951146.000000 1965704.000000 2009284.000000 
1953290.000000 1970280.000000 2002978.000000 
1997982.000000 1968900.000000 2002070.000000 
1962792.000000 1941292.000000 2029332.000000 
1926200.000000 1980246.000000 2016736.000000 
1933494.000000 1959612.000000 2029486.000000 
1951118.000000 1993266.000000 2012682.000000 
2069778.000000 2058846.000000 1958518.000000 
1947974.000000 1996120.000000 2013456.000000 
1957516.000000 1959690.000000 2012888.000000 
1939954.000000 1951478.000000 2017336.000000 
2026074.000000 2059338.000000 1966414.000000 
2032842.000000 2058708.000000 1970430.000000 
2012700.000000 1970286.000000 1997098.000000 
1934034.000000 1996504.000000 2008234.000000 
1927580.000000 2004660.000000 2012164.000000 
2045122.000000 2057392.000000 1966988.000000 
2049090.000000 2025638.000000 1979346.000000 
1988528.000000 1959086.000000 2009752.000000 
1950112.000000 2017218.000000 2000986.000000 

1976054.000000 2040946.000000 1996276.000000 
1969352.000000 2046448.000000 1990914.000000 
1989878.000000 1989208.000000 2044954.000000 
2082468.000000 1954102.000000 2054252.000000 
2009236.000000 1984018.000000 2027136.000000 
1977196.000000 2002226.000000 2027898.000000 
2008440.000000 1986078.000000 2031378.000000 
2007430.000000 1993552.000000 2020944.000000 
1995472.000000 2003040.000000 1997862.000000 
1993236.000000 2011318.000000 1990954.000000 
1988902.000000 2011372.000000 1983552.000000 
1976758.000000 2031778.000000 1989630.000000 
1984760.000000 2012388.000000 2022340.000000 
2019490.000000 1994480.000000 1993704.000000 
2005488.000000 1981268.000000 2031790.000000 
1994306.000000 2005294.000000 2026862.000000 
2005658.000000 1996928.000000 2015610.000000 
2002166.000000 2000650.000000 2013826.000000 
2026542.000000 1997808.000000 1987320.000000 
1992428.000000 2005546.000000 2022800.000000 
2008510.000000 2006498.000000 1992298.000000 
2013444.000000 2002296.000000 1984914.000000 
2022288.000000 1964816.000000 2078730.000000 
1998244.000000 1982690.000000 2040990.000000 
2011304.000000 1977074.000000 2030948.000000 
2044918.000000 1958080.000000 2073020.000000 
2012656.000000 1983222.000000 2029152.000000 
2023060.000000 1986876.000000 2025264.000000 
2033450.000000 1970020.000000 2031918.000000 
2093914.000000 1968174.000000 2022858.000000 
2009050.000000 1973612.000000 2037870.000000 
2028698.000000 1975356.000000 2034864.000000 
2030558.000000 1974860.000000 2036246.000000 
2059932.000000 1938658.000000 2088372.000000 
2053706.000000 1954812.000000 2086370.000000 
2065602.000000 1944470.000000 2071884.000000 
2057924.000000 1952108.000000 2084164.000000 
2003870.000000 1996960.000000 2002766.000000 
1988446.000000 2006422.000000 2026228.000000 
2033070.000000 1988908.000000 2023508.000000 
2029644.000000 1978160.000000 2028364.000000 
2016924.000000 1967504.000000 2068460.000000 
2027544.000000 1989556.000000 1989840.000000 
2014030.000000 1997574.000000 2000462.000000 
2036604.000000 1964208.000000 2055202.000000 
2030774.000000 1960924.000000 2056936.000000 
2038554.000000 1960426.000000 2056096.000000 
1982844.000000 2000528.000000 2027660.000000 
2044300.000000 1993884.000000 1986224.000000 
1976516.000000 2030100.000000 1995650.000000 
2001292.000000 2046836.000000 1967688.000000 
2023370.000000 1984130.000000 2023742.000000 
2014244.000000 1995520.000000 1996150.000000 
1988304.000000 1991528.000000 2056644.000000 
1987590.000000 1999036.000000 2027296.000000 
2050862.000000 1975772.000000 1995242.000000 
1969694.000000 2016546.000000 2028556.000000 
1966384.000000 2031946.000000 2041430.000000 
1999298.000000 2007466.000000 1997236.000000 
1987752.000000 2015316.000000 1975706.000000 
2045712.000000 1966598.000000 2025120.000000 
1968070.000000 2023796.000000 2029248.000000 

1995694.000000 2040670.000000 1991196.000000 
1990412.000000 2009820.000000 2009252.000000 
1989786.000000 1981144.000000 2025644.000000 
2000846.000000 1965792.000000 2043538.000000 
1983202.000000 1963806.000000 2056954.000000 
1980772.000000 1989618.000000 2033298.000000 
1973952.000000 2022976.000000 2034888.000000 
1985846.000000 2006336.000000 2021760.000000 
1973176.000000 2029756.000000 2015026.000000 
1992832.000000 1992564.000000 2010140.000000 
1994802.000000 2017520.000000 2001416.000000 
1986446.000000 1966482.000000 2037000.000000 
1997526.000000 1965864.000000 2034956.000000 
1989530.000000 1956866.000000 2063646.000000 
2000036.000000 1967030.000000 2027686.000000 
1982774.000000 2004210.000000 2026416.000000 
1989364.000000 1957778.000000 2086606.000000 
2018714.000000 1952802.000000 2045364.000000 
2001154.000000 1945288.000000 2068824.000000 
1985140.000000 1968120.000000 2047978.000000 
2005462.000000 1960056.000000 2035404.000000 
2035614.000000 1952972.000000 2041996.000000 
1979256.000000 2020676.000000 2030814.000000 
2027614.000000 1947264.000000 2059102.000000 
2033940.000000 1952544.000000 2056760.000000 
1982326.000000 1969642.000000 2052436.000000 
1992644.000000 1998038.000000 2006614.000000 
1998926.000000 1983744.000000 2021634.000000 
1990824.000000 2009930.000000 2001696.000000 
1997728.000000 2037818.000000 1980706.000000 
1998232.000000 1990016.000000 2011130.000000 
1992044.000000 1954666.000000 2066086.000000 
1955606.000000 1971674.000000 2036232.000000 
1957042.000000 1965818.000000 2074372.000000 
1985016.000000 1973176.000000 2028858.000000 
1993952.000000 1987844.000000 2022492.000000 
1992796.000000 1993896.000000 2001446.000000 
2006294.000000 1965400.000000 2028672.000000 
2016162.000000 1980704.000000 2017622.000000 
2010472.000000 1978558.000000 2026420.000000 
1993618.000000 1960158.000000 2057734.000000 
1990516.000000 1962234.000000 2054958.000000 
1986770.000000 1991820.000000 2019946.000000 
2001108.000000 1988184.000000 2019790.000000 
1995990.000000 1991068.000000 2017398.000000 
2009054.000000 1959584.000000 2044034.000000 
2006652.000000 2035692.000000 2000986.000000 
2011124.000000 1963324.000000 2032312.000000 
2002192.000000 1989598.000000 2019030.000000 

1980582.000000 1985806.000000 2039496.000000 
1997822.000000 1971016.000000 2043634.000000 
1969020.000000 2011650.000000 2011070.000000 
1995234.000000 1971106.000000 2047762.000000 
2013774.000000 1973680.000000 1999892.000000 
1986800.000000 1985162.000000 2005790.000000 
2006282.000000 1990642.000000 1986154.000000 
1992998.000000 1998268.000000 1985398.000000 
1981748.000000 1982450.000000 2058044.000000 
1953168.000000 2008532.000000 2030632.000000 
1994426.000000 1980676.000000 2027880.000000 
1998356.000000 1980032.000000 2028756.000000 
1969688.000000 1988858.000000 1997796.000000 
2025348.000000 1962424.000000 2085978.000000 
2021598.000000 1962504.000000 2079862.000000 
1978046.000000 1984316.000000 2056826.000000 
1969608.000000 2000062.000000 2005882.000000 
1964558.000000 1993140.000000 2015118.000000 
2027660.000000 1975966.000000 1988602.000000 
2017128.000000 1980034.000000 1982542.000000 
2035414.000000 1975190.000000 1992904.000000 
1967508.000000 2014040.000000 2011912.000000 
2045556.000000 1961144.000000 2014100.000000 
1988420.000000 1976122.000000 2055114.000000 
2019828.000000 1969168.000000 2056274.000000 
2003262.000000 1966744.000000 2068240.000000 
2003262.000000 2012048.000000 1978366.000000 
1978844.000000 2005316.000000 1996998.000000 
1969646.000000 2013284.000000 1981010.000000 
1974958.000000 2010416.000000 1994018.000000 
2002240.000000 1981714.000000 2017184.000000 
1957934.000000 1987436.000000 2022990.000000 
2016442.000000 2067502.000000 1961856.000000 
2004714.000000 2002518.000000 1980214.000000 
2011674.000000 2005296.000000 1976448.000000 
2025300.000000 1986516.000000 1970218.000000 
2003864.000000 1986472.000000 1988584.000000 
1990534.000000 2006482.000000 1995286.000000 
2012886.000000 2002392.000000 1970000.000000 
2009036.000000 1979214.000000 1986460.000000 
1976974.000000 1983166.000000 2064384.000000 
2000484.000000 2006222.000000 1984854.000000 
2070084.000000 1954570.000000 2093604.000000 
1966398.000000 2013886.000000 2012538.000000 
1957374.000000 2020230.000000 1971106.000000 
1953910.000000 2020510.000000 1982918.000000 
1953658.000000 2015966.000000 2016152.000000 
1951432.000000 2036358.000000 2025854.000000 
1951834.000000 2020788.000000 2021716.000000 
2028810.000000 1970836.000000 2020034.000000 
2119002.000000 1947798.000000 2084736.000000 
2110312.000000 1949246.000000 2080040.000000 
2001130.000000 1972720.000000 2017240.000000 
2007032.000000 1983706.000000 1997982.000000 
1997956.000000 1989760.000000 1987758.000000 
1991136.000000 1985466.000000 1991082.000000 
1967652.000000 2012454.000000 1996922.000000 
1985736.000000 2008704.000000 1995832.000000 
2030768.000000 1965022.000000 2048174.000000 
2021198.000000 1965906.000000 2044874.000000 
2029440.000000 1961086.000000 2049630.000000 
2038104.000000 1957694.000000 2071688.000000 
1951368.000000 2024332.000000 2050634.000000 
2079562.000000 1949152.000000 2115862.000000 
2042236.000000 1957292.000000 2059126.000000 
2061774.000000 1957754.000000 2054530.000000 
1997616.000000 2016142.000000 1968288.000000 
2007226.000000 1977868.000000 2000836.000000 
1966270.000000 2044072.000000 1962190.000000 
1966800.000000 2031796.000000 1969290.000000 
1943018.000000 2023976.000000 2077906.000000 
1937130.000000 2042806.000000 2036072.000000 
2081008.000000 1951526.000000 2059482.000000 

1960788.000000 2038278.000000 1988846.000000 
1950662.000000 2013240.000000 2006772.000000 
1996372.000000 1957492.000000 2028024.000000 
1987674.000000 1962204.000000 2019380.000000 
1999304.000000 1943576.000000 2007036.000000 
2014280.000000 1940112.000000 2019978.000000 
1999644.000000 1943004.000000 2028908.000000 
2001982.000000 1937512.000000 2055720.000000 
1992588.000000 1948738.000000 2038052.000000 
1984496.000000 1953150.000000 2030728.000000 
1985982.000000 1948030.000000 2050520.000000 
1980452.000000 1955766.000000 2062964.000000 
1996246.000000 1989880.000000 1996920.000000 
1985676.000000 1983986.000000 2006364.000000 
1991672.000000 1985112.000000 2006182.000000 
2000824.000000 1996738.000000 1985652.000000 
1985182.000000 2009872.000000 1998508.000000 
1972586.000000 2013240.000000 2005684.000000 
1957642.000000 2009470.000000 2053126.000000 
1948370.000000 2021564.000000 2085392.000000 
1943230.000000 2026090.000000 2046814.000000 
1962068.000000 2004624.000000 2034714.000000 
1957976.000000 2006952.000000 2022398.000000 
1965616.000000 1998582.000000 2029078.000000 
1958568.000000 1992672.000000 2056056.000000 
2015930.000000 1934054.000000 2048678.000000 
1947664.000000 2037276.000000 2020266.000000 
1950034.000000 2025698.000000 1991262.000000 
1973960.000000 2027366.000000 1979874.000000 
1967298.000000 2019848.000000 1989030.000000 
1977896.000000 2015128.000000 1997708.000000 
1973406.000000 2000050.000000 2002612.000000 
1977338.000000 1990048.000000 2007716.000000 
1973868.000000 1998942.000000 2020368.000000 
1982612.000000 1973996.000000 2008182.000000 
1967784.000000 1983214.000000 2020888.000000 
1961234.000000 1999340.000000 2042242.000000 
1987698.000000 2014046.000000 1997588.000000 
1983042.000000 2007730.000000 1998636.000000 
1985776.000000 1997888.000000 1998294.000000 
1988248.000000 1996208.000000 1995530.000000 
2041772.000000 1996560.000000 1992552.000000 
2004820.000000 1921324.000000 2072036.000000 
2015474.000000 1927230.000000 2068232.000000 
2033290.000000 1926418.000000 2068634.000000 
2037534.000000 1916102.000000 2090418.000000 
2010000.000000 1935810.000000 2061506.000000 
1989774.000000 1938416.000000 2062056.000000 
1992920.000000 2015124.000000 1977842.000000 
1992698.000000 2026994.000000 1974092.000000 
2024688.000000 1976078.000000 2004498.000000 

1958216.000000 2043398.000000 1988184.000000 
1973806.000000 2033434.000000 1984404.000000 
2004280.000000 1988094.000000 2001856.000000 
1938220.000000 2055900.000000 2021616.000000 
1950666.000000 2049872.000000 2023680.000000 
2010100.000000 1962646.000000 2050260.000000 
2019868.000000 1964936.000000 1998878.000000 
2019194.000000 1971006.000000 1985104.000000 
2024148.000000 1979488.000000 1980948.000000 
1994900.000000 1989540.000000 1979358.000000 
2012200.000000 1959996.000000 2016230.000000 
2000404.000000 1971598.000000 2021032.000000 
2004270.000000 1977010.000000 2012776.000000 
1987702.000000 1982348.000000 2010544.000000 
1991470.000000 1990768.000000 1987560.000000 
1949174.000000 2061546.000000 1998502.000000 
1969622.000000 2052658.000000 1966848.000000 
2037640.000000 1959736.000000 2046406.000000 
1944920.000000 2014886.000000 2030356.000000 
1971464.000000 1950946.000000 2051718.000000 
1964062.000000 1959514.000000 2050768.000000 
1988636.000000 2012134.000000 1983950.000000 
1993882.000000 2018222.000000 1981050.000000 
1987510.000000 2026906.000000 1976640.000000 
1982520.000000 2018610.000000 1981500.000000 
1954618.000000 1980624.000000 2041798.000000 
1952680.000000 1971852.000000 2048888.000000 
1982116.000000 1998320.000000 1986096.000000 
1965272.000000 1984618.000000 2041010.000000 
1965888.000000 1982134.000000 2011234.000000 
1963680.000000 1990794.000000 1987640.000000 
1952202.000000 1997682.000000 1990796.000000 
1965080.000000 1967100.000000 2044058.000000 
2005630.000000 1977188.000000 2010288.000000 
1974936.000000 2021360.000000 1979512.000000 
1988654.000000 1963842.000000 2050166.000000 
1962892.000000 1997300.000000 2034906.000000 
1982412.000000 1965266.000000 2026446.000000 
1959176.000000 1991894.000000 2039730.000000 
1995806.000000 1975998.000000 2022094.000000 
1995922.000000 1980716.000000 2007754.000000 
2000068.000000 1980308.000000 2005912.000000 
2015104.000000 1978748.000000 2010142.000000 
2021642.000000 2006844.000000 1974588.000000 
1963928.000000 2010252.000000 1986698.000000 
1960502.000000 2064076.000000 1986228.000000 
1989520.000000 2017478.000000 1982070.000000 
1964994.000000 2002712.000000 1985096.000000 
2003804.000000 2016794.000000 1960806.000000 
2008040.000000 2017122.000000 1959436.000000 
1998582.000000 2046926.000000 1968138.000000 
1992904.000000 1970712.000000 2026234.000000 
1966966.000000 1973066.000000 2036790.000000 
2001394.000000 2014386.000000 1971862.000000 
1963554.000000 1999620.000000 1989934.000000 
1974574.000000 2049220.000000 1971858.000000 
1974288.000000 2033176.000000 1984022.000000 
1979752.000000 2080158.000000 1966784.000000 

2006216.000000 2066290.000000 1952620.000000 
1976208.000000 2005028.000000 1960416.000000 
1987242.000000 2030794.000000 1955938.000000 
1947268.000000 2012288.000000 2014724.000000 
1939518.000000 2019574.000000 1967204.000000 
1938252.000000 2033374.000000 1974882.000000 
1939318.000000 2039404.000000 1967088.000000 
1938244.000000 2017690.000000 1993054.000000 
1964556.000000 2016156.000000 1960866.000000 
2015034.000000 2004804.000000 1951580.000000 
2018506.000000 2008390.000000 1950562.000000 
2010766.000000 2019160.000000 1954640.000000 
2033328.000000 1945818.000000 2035806.000000 
1952934.000000 2014774.000000 1980768.000000 
2024900.000000 2063128.000000 1945864.000000 
1996332.000000 2039364.000000 1954568.000000 
1986806.000000 2057718.000000 1952678.000000 
2030850.000000 1965942.000000 2018966.000000 
1949826.000000 1997066.000000 2009530.000000 
1945466.000000 1976502.000000 2015264.000000 
1970124.000000 1968346.000000 2033502.000000 
1974182.000000 1976020.000000 1968864.000000 
1989230.000000 1995094.000000 1959726.000000 
1989950.000000 2043298.000000 1953758.000000 
1955726.000000 1987444.000000 1971332.000000 
1982784.000000 1973896.000000 1994330.000000 
1948562.000000 2005176.000000 1982818.000000 
1953212.000000 1998782.000000 1989436.000000 
1993060.000000 2012304.000000 1955044.000000 
2004682.000000 1968048.000000 2043474.000000 
1979720.000000 1970074.000000 2030710.000000 
1974320.000000 2026950.000000 1956510.000000 
2016354.000000 1959048.000000 2023246.000000 
2013628.000000 1966754.000000 2017180.000000 
2008568.000000 1971028.000000 1996942.000000 
1969412.000000 1996164.000000 1960908.000000 
1966188.000000 1984774.000000 2013716.000000 
1961244.000000 1987388.000000 2000990.000000 
1966706.000000 2004218.000000 1964002.000000 
2029344.000000 1966170.000000 2014498.000000 
2013092.000000 1962792.000000 2058242.000000 

1948850.000000 2009506.000000 2007448.000000 
1933086.000000 2027754.000000 1983208.000000 
1943932.000000 2037200.000000 1980548.000000 
1959480.000000 2015352.000000 2003564.000000 
1973122.000000 1999134.000000 2000132.000000 
1931794.000000 2042954.000000 2011024.000000 
1948042.000000 2023122.000000 1973336.000000 
1953862.000000 2019958.000000 1991906.000000 
1947378.000000 2032866.000000 1977790.000000 
1958420.000000 1999176.000000 2032104.000000 
1963584.000000 1994978.000000 2013560.000000 
1952538.000000 2000698.000000 2065860.000000 
1939676.000000 2019168.000000 2004582.000000 
1927088.000000 2009762.000000 2017010.000000 
1985536.000000 1985380.000000 2003432.000000 
1959818.000000 1997358.000000 2046876.000000 
1947304.000000 2003784.000000 2028840.000000 
1964272.000000 1992976.000000 2014598.000000 
1961714.000000 2017292.000000 1994132.000000 
1980236.000000 1985128.000000 2019670.000000 
1965880.000000 1991820.000000 2008242.000000 
2008608.000000 1975898.000000 2028294.000000 
1993388.000000 1977372.000000 2028868.000000 
1973256.000000 1989870.000000 2037450.000000 
1953878.000000 2003646.000000 2033220.000000 
1944188.000000 2001692.000000 2037920.000000 
1973102.000000 2010522.000000 1988824.000000 
1964514.000000 2020070.000000 1978158.000000 
1997010.000000 1980102.000000 2014466.000000 
1974916.000000 1999348.000000 1988880.000000 
1986208.000000 1990600.000000 1998828.000000 
1981076.000000 1982696.000000 2052546.000000 
1975916.000000 1988174.000000 2026312.000000 
1986080.000000 1978646.000000 2023350.000000 
1987976.000000 1987420.000000 2001048.000000 
1953912.000000 2000116.000000 2053926.000000 
1971222.000000 2012414.000000 1988406.000000 
2006402.000000 1973436.000000 2045960.000000 
1981212.000000 1983818.000000 2011624.000000 
1982862.000000 2016408.000000 1984626.000000 
1938670.000000 2010692.000000 2015644.000000 
1962844.000000 1997508.000000 2043706.000000 
1965388.000000 2002918.000000 1993568.000000 
1967884.000000 2013678.000000 1990564.000000 
1936632.000000 2006092.000000 2049992.000000 
1943052.000000 2005150.000000 2017828.000000 
1970072.000000 1989538.000000 2042232.000000 
1955714.000000 2020342.000000 1985896.000000 
1981564.000000 1998874.000000 2007234.000000 
1960374.000000 2001608.000000 2000742.000000 
1961920.000000 1998916.000000 2022406.000000 
1997516.000000 1974188.000000 2034792.000000 

1972100.000000 2003298.000000 1994758.000000 
1987260.000000 1979438.000000 1995272.000000 
1987760.000000 1974406.000000 2010186.000000 
2016348.000000 1941920.000000 2028332.000000 
2006294.000000 1970312.000000 1999636.000000 
1993254.000000 1957562.000000 2010320.000000 
1988682.000000 1963310.000000 2014844.000000 
2002444.000000 1953530.000000 2018026.000000 
2000356.000000 1946556.000000 2033458.000000 
2010818.000000 1964778.000000 2009676.000000 
1982442.000000 1956144.000000 2022640.000000 
1979268.000000 1948552.000000 2026186.000000 
1974314.000000 1998866.000000 1972714.000000 
1946886.000000 2015278.000000 2007090.000000 
1953114.000000 2019240.000000 1995794.000000 
1946482.000000 2011772.000000 2036848.000000 
1966796.000000 2007324.000000 1993866.000000 
2023758.000000 2032492.000000 1954166.000000 
1982636.000000 1983924.000000 1975006.000000 
1972326.000000 1999154.000000 1956656.000000 
1967462.000000 2004440.000000 1956476.000000 
1964698.000000 2029820.000000 1981072.000000 
1964510.000000 2049130.000000 1994828.000000 
1964542.000000 2037676.000000 1961948.000000 
1950160.000000 1979652.000000 2005768.000000 
1952778.000000 2006212.000000 1997396.000000 
1950080.000000 1988728.000000 2002100.000000 
2011790.000000 2018824.000000 1955366.000000 
1990048.000000 1976008.000000 1979976.000000 
1948482.000000 2049832.000000 2006416.000000 
1977330.000000 1968630.000000 2055768.000000 
1990672.000000 2046868.000000 1944760.000000 
1998420.000000 2037822.000000 1933330.000000 
2011644.000000 2031682.000000 1955394.000000 

1953338.000000 1988774.000000 1998106.000000 
1966554.000000 1985234.000000 1990696.000000 
1986644.000000 1975376.000000 2018062.000000 
1981058.000000 2005904.000000 1990580.000000 
1977032.000000 2008912.000000 1987290.000000 
1973926.000000 2013388.000000 1988298.000000 
2000074.000000 2060986.000000 1980478.000000 
1965958.000000 2020106.000000 1984886.000000 
1957170.000000 2017864.000000 1990736.000000 
1973266.000000 2033826.000000 1980526.000000 
1971698.000000 2053110.000000 1980504.000000 
1973488.000000 2019174.000000 1981452.000000 

