2295.0000000000 1296.0000000000
2294.0000000000 2294.0000000000
1296.0000000000 2295.0000000000

2295.0000000000 1296.0000000000
2294.0000000000 2294.0000000000
1296.0000000000 2295.0000000000

2295.0000000000 1296.0000000000
2294.0000000000 2294.0000000000
1296.0000000000 2295.0000000000

2295.0000000000 1296.0000000000
1296.0000000000 2295.0000000000
2294.0000000000 2294.0000000000

2294.0000000000 2294.0000000000
2295.0000000000 1296.0000000000
1296.0000000000 2295.0000000000

2295.0000000000 1296.0000000000
1296.0000000000 2295.0000000000
2294.0000000000 2294.0000000000

2295.0000000000 1296.0000000000
2294.0000000000 2294.0000000000
1296.0000000000 2295.0000000000

2295.0000000000 1296.0000000000
1296.0000000000 2295.0000000000
2294.0000000000 2294.0000000000

2295.0000000000 1296.0000000000
2294.0000000000 2294.0000000000
1296.0000000000 2295.0000000000

2294.0000000000 2294.0000000000
2295.0000000000 1296.0000000000
1296.0000000000 2295.0000000000

2294.0000000000 2294.0000000000
2295.0000000000 1296.0000000000
1296.0000000000 2295.0000000000

2294.0000000000 2294.0000000000
2295.0000000000 1296.0000000000
1296.0000000000 2295.0000000000

2295.0000000000 1296.0000000000
1296.0000000000 2295.0000000000
2294.0000000000 2294.0000000000

2294.0000000000 2294.0000000000
2295.0000000000 1296.0000000000
1296.0000000000 2295.0000000000

2294.0000000000 2294.0000000000
2295.0000000000 1296.0000000000
1296.0000000000 2295.0000000000

2295.0000000000 1296.0000000000
1296.0000000000 2295.0000000000
2294.0000000000 2294.0000000000

2295.0000000000 1296.0000000000
1296.0000000000 2295.0000000000
2294.0000000000 2294.0000000000

2294.0000000000 2294.0000000000
2295.0000000000 1296.0000000000
1296.0000000000 2295.0000000000

2295.0000000000 1296.0000000000
1296.0000000000 2295.0000000000
2294.0000000000 2294.0000000000

2294.0000000000 2294.0000000000
2295.0000000000 1296.0000000000
1296.0000000000 2295.0000000000

2295.0000000000 1296.0000000000
1296.0000000000 2295.0000000000
2294.0000000000 2294.0000000000

2295.0000000000 1296.0000000000
2294.0000000000 2294.0000000000
1296.0000000000 2295.0000000000

2294.0000000000 2294.0000000000
2295.0000000000 1296.0000000000
1296.0000000000 2295.0000000000

2294.0000000000 2294.0000000000
2295.0000000000 1296.0000000000
1296.0000000000 2295.0000000000

2295.0000000000 1296.0000000000
2294.0000000000 2294.0000000000
1296.0000000000 2295.0000000000

2295.0000000000 1296.0000000000
1296.0000000000 2295.0000000000
2294.0000000000 2294.0000000000

2294.0000000000 2294.0000000000
2295.0000000000 1296.0000000000
1296.0000000000 2295.0000000000

2295.0000000000 1296.0000000000
1296.0000000000 2295.0000000000
2294.0000000000 2294.0000000000

2295.0000000000 1296.0000000000
1296.0000000000 2295.0000000000
2294.0000000000 2294.0000000000

2295.0000000000 1296.0000000000
1296.0000000000 2295.0000000000
2294.0000000000 2294.0000000000

