10010 9370 
9964 9437 
10317 8650 
10292 8754 
9004 10192 
8944 10204 
10187 8962 
10092 9091 
10076 9148 
10231 8954 
8711 10301 
10318 8164 
9780 9577 
7913 10478 
9472 9941 
9478 9898 
10119 9074 
9786 9534 
9699 9603 
9779 9595 
9043 10138 
9042 10156 
9049 10095 
8942 10267 
8686 10308 
8685 10326 
9296 9972 
9661 9658 
9698 9626 
9697 9644 
10247 8950 
10166 8994 
10130 9008 
8663 10346 
9245 10022 
10091 9109 
9822 9505 
9399 9957 
8360 10376 
8353 10437 
9225 10052 
9204 10080 
10014 9217 
9573 9769 
9552 9797 
10336 8126 
8683 10336 
9266 9994 
7933 10468 
9224 10070 
10013 9235 
9578 9659 
9572 9787 
10338 8076 

9568 9860 
10293 8663 
9632 9712 
10120 9199 
10004 9371 
10209 8921 
9027 10142 
9025 10279 
10287 8768 
9561 9921 
9703 9661 
10314 8635 
10372 8446 
10421 8383 
9851 9532 
9510 9971 
10078 9201 
9214 10076 
9212 10126 
8407 10425 
8428 10397 
9724 9633 
9845 9575 
9962 9373 
9956 9416 
10273 8869 
8922 10294 
10071 9262 
10202 8982 
8835 10371 
9630 9849 
9225 10052 
9398 10047 
9235 10048 
8427 10415 
9723 9651 
9854 9454 
9224 10070 
8749 10391 

10104 9274 
10231 8931 
10291 8772 
9511 9944 
9595 9919 
10195 9126 
9024 10244 
10005 9359 
9603 9750 
10146 9189 
9957 9404 
9561 9921 
10241 8853 
10206 9008 
9956 9422 
8203 10406 
9214 10076 
9863 9473 
10336 8584 
8995 10250 
10317 8650 
8688 10338 
8709 10310 
8708 10328 
9219 10065 
9212 10126 
8711 10301 
8663 10346 
9884 9445 
9883 9463 
9677 9654 
9710 9595 
9746 9581 
9698 9626 
9661 9658 
9697 9644 
9785 9527 
9833 9482 
9805 9517 
9296 9972 
9245 10022 
9601 9800 
9977 9368 
10050 9327 
8209 10363 
8006 10447 
8027 10419 
8715 10267 
8494 10349 
9235 10048 
9266 9994 
8026 10437 

9884 9445 
10089 9188 
9854 9540 
10114 9096 
9582 9810 
10005 9359 
8983 10239 
9325 9992 
10247 8727 
10063 9310 
9957 9404 
10148 9029 
9534 9889 
9626 9653 
9130 10119 
9131 10101 
10278 8465 
10359 8461 
10277 8483 
8470 10411 
8491 10383 
9883 9463 
9956 9422 
8407 10425 
8977 10282 
9214 10080 
8799 10359 
8848 10296 
10146 9079 
10153 9018 
9540 9846 
9319 10035 
9625 9671 
9598 9688 
9597 9706 
10268 8699 
8490 10401 
8427 10415 
9709 9602 
9618 9678 
10169 9001 
9646 9643 

9148 10183 
8983 10239 
9228 10123 
10064 9292 
8347 10412 
9521 9786 
10168 9213 
10169 9195 
8977 10282 
10194 8914 
9149 10165 
8740 10322 
9892 9393 
9855 9533 
9431 9955 
10298 8443 
10290 8743 
10208 8787 
10063 9310 
9245 10022 
8340 10473 
9594 9763 
10318 8433 
10297 8461 
10289 8761 
9229 10105 
9515 9829 
9516 9797 
9514 9847 
9547 9785 
8761 10294 
9243 10072 
9865 9410 
9726 9585 
9725 9603 
9744 9575 
9774 9559 
9856 9515 
9452 9890 
9424 10016 
9615 9735 
9704 9732 
9710 9689 
8440 10352 
10320 8383 
8494 10349 
8760 10312 
9864 9428 
9473 9862 
9614 9753 

9970 9303 
10097 9278 
9937 9406 
9216 10131 
10138 8939 
9873 9555 
8522 10387 
9049 10236 
9897 9445 
9455 9989 
9486 9790 
9800 9650 
10241 8728 
9245 10022 
10207 8916 
8652 10279 
8407 10425 
9687 9756 
9056 10175 
8888 10244 
8883 10247 
10274 8503 
8651 10311 
8657 10268 
8650 10329 
8610 10334 
8609 10352 
8428 10397 
10110 8942 
9985 9292 
10262 8700 
9510 9759 
8543 10359 
9507 9762 
9461 9946 
10288 8399 
8673 10251 
8427 10415 
10261 8718 
8542 10377 
9506 9780 
9266 9994 
8903 10237 

10078 9177 
9211 10125 
8849 10246 
9354 9916 
10318 8479 
9922 9327 
9540 9862 
9151 10143 
10065 9182 
7997 10490 
9579 9761 
9892 9484 
9546 9819 
10017 9227 
9167 10139 
9693 9629 
8851 10196 
9306 9961 
9973 9311 
10030 9222 
8118 10447 
10217 8861 
8653 10330 
9217 10082 
9215 10094 
10213 8947 
10165 9004 
10242 8559 
9809 9489 
9425 9878 
9424 9896 
9687 9756 
9805 9517 
8741 10248 
9327 9933 
10085 9160 
9921 9345 
9994 9283 
10051 9194 
8013 10486 
8166 10402 
8139 10419 
8659 10287 
8440 10352 
10223 8770 
10249 8498 
9709 9602 
8494 10349 
8655 10303 
9326 9951 
10106 9132 
10037 9217 
9993 9301 
10050 9212 
8138 10437 

9004 10196 
9992 9417 
9486 9790 
9703 9661 
10266 8640 
10298 8443 
9910 9419 
9263 10084 
10171 9084 
9832 9502 
9909 9437 
10028 9158 
9751 9616 
10020 9345 
8470 10411 
8491 10383 
10318 8433 
10297 8461 
8407 10425 
9459 9800 
9425 9878 
9424 9896 
9904 9464 
9458 9814 
9724 9633 
8916 10243 
8741 10248 
10003 9366 
10287 8612 
9301 9948 
9295 9991 
9294 10009 
8724 10283 
8723 10301 
9507 9762 
10224 8716 
10218 8759 
10197 8787 
10217 8777 
10188 8802 
9530 9700 
9529 9732 
9528 9750 
9562 9694 
9513 9757 
9100 10086 
10129 9086 
10123 9129 
8490 10401 
10320 8383 
8427 10415 
9431 9835 
9723 9651 
10286 8630 
9506 9780 
10219 8727 
10182 8956 
10183 8812 

9971 9314 
10029 9295 
9849 9511 
9328 9987 
10153 8922 
9516 9797 
9056 10175 
9785 9560 
9917 9335 
10076 9054 
9521 9786 
10028 9313 
9941 9316 
10329 8685 
8834 10242 
10124 9009 
8803 10341 
9279 10050 
10052 9172 
9294 10022 
9553 9705 
10280 8748 
9547 9785 
9515 9829 
9514 9847 
9026 10177 
8988 10183 
8987 10201 
9913 9370 
9866 9383 
9871 9372 
9865 9415 
9864 9433 
9746 9581 
9661 9658 
9698 9626 
9697 9644 
9801 9556 
9090 10093 
9085 10104 
9083 10154 
9154 10052 
10097 9026 
10096 9044 
10133 8945 
10132 8963 
8755 10386 
9447 9877 
9280 10032 
9620 9695 
9590 9697 
7981 10450 
8169 10411 
8170 10393 
10169 8918 
10217 8873 
9552 9723 
10185 8882 
9106 10076 
9446 9895 
10073 9144 
7980 10468 

10217 8906 
10257 8867 
9563 9871 
9874 9566 
10220 8878 
9947 9525 
10219 8896 
10414 8321 
8032 10456 
8922 10294 
10097 9147 
9568 9860 
10164 9024 
10277 8857 
9955 9326 
9693 9629 
9294 10016 
8835 10340 
9616 9774 
8101 10448 
10206 9008 
10213 8947 
10116 9069 
9618 9724 
10122 9026 
10292 8855 
9561 9921 
9215 10094 
9167 10139 
9173 10096 
8663 10346 
9292 10066 
9299 10005 
10005 9210 
10070 9164 
10049 9192 
9625 9663 
9623 9713 
7967 10474 
7987 10464 
9315 9988 
10069 9182 
9317 9944 
9709 9602 

9858 9570 
8983 10239 
9645 9718 
9874 9566 
9427 9889 
9248 10024 
8706 10335 
9321 9983 
9305 9986 
9617 9784 
9629 9721 
10247 8727 
9947 9525 
10174 8929 
9661 9658 
9746 9581 
9697 9644 
9698 9626 
8977 10282 
10100 9130 
10035 9281 
10042 9220 
8848 10296 
8847 10314 
9232 10027 
9170 10069 
9163 10130 
9165 10080 
9554 9798 
9546 9853 
9432 9878 
9425 9939 
9624 9723 
9710 9586 
8475 10364 
10180 8886 
8494 10349 
10268 8699 
8726 10325 
9186 10052 
9266 9994 
9553 9816 
9448 9861 

9924 9576 
10044 9271 
9216 10030 
9951 9388 
10004 9310 
9972 9360 
8806 10260 
10105 9127 
10113 9040 
10168 8898 
9568 9860 
10372 8446 
9296 9972 
8686 10358 
10098 9188 
10107 9083 
10106 9101 
8711 10300 
9167 10139 
9173 10096 
10134 8976 
10133 8994 
10289 8683 
10241 8728 
10262 8700 
9425 9878 
9424 9896 
9214 10080 
9221 10019 
9583 9785 
9873 9626 
9723 9637 
9696 9654 
9675 9682 
8680 10401 
10205 8755 
8439 10431 
9971 9378 
9356 9907 
9355 9925 
8837 10248 
10099 9170 
10140 8933 
10261 8718 
9317 9944 
10224 8734 
9237 10002 
9590 9724 
9695 9672 
10177 8790 

8830 10283 
9568 9860 
10140 9046 
8781 10346 
8533 10395 
10119 9074 
10092 9091 
9956 9422 
10005 9359 
8983 10142 
9957 9404 
10041 9233 
9356 10030 
10296 8700 
9950 9447 
9307 10093 
8667 10392 
9751 9616 
10290 8743 
10289 8761 
10103 9090 
8839 10212 
10091 9109 
8935 10187 
8956 10159 
9724 9633 
9703 9661 
10208 8787 
9901 9510 
9902 9492 
9392 10029 
8485 10440 
8673 10349 
10089 9188 
10040 9251 
10175 8946 
10148 8963 
9123 10102 
8955 10177 
9723 9651 
10147 8981 

9478 9999 
8669 10410 
10005 9359 
8823 10354 
9956 9422 
9072 10146 
9939 9530 
8319 10424 
8130 10460 
9568 9860 
8318 10442 
10289 8761 
10114 9201 
10118 9063 
9957 9404 
9825 9554 
9050 10218 
9049 10236 
9728 9624 
9679 9687 
9680 9669 
10134 9059 
10182 9014 
10140 9016 
10208 8787 
10290 8743 
10296 8700 
8123 10521 
9746 9581 
9697 9644 
9698 9626 
9841 9550 
9616 9735 
9617 9717 
9305 10044 
9298 10105 
9075 10114 
9056 10175 
9392 10029 
10067 9279 
10073 9236 

10169 9195 
10217 8861 
9875 9518 
9969 9351 
9944 9455 
10298 8443 
8988 10213 
10030 9306 
10289 8683 
9459 9800 
8105 10461 
8283 10372 
9704 9771 
10318 8433 
10297 8461 
8711 10301 
8684 10318 
8663 10346 
10241 8728 
10262 8700 
9711 9710 
9083 10154 
9085 10104 
9090 10093 
9425 9878 
9424 9896 
9469 9776 
9197 9929 
9149 9974 
9148 9992 
10046 9302 
8778 10229 
8777 10247 
9827 9563 
9833 9520 
9811 9567 
8180 10398 
8216 10384 
10320 8383 
8683 10336 
10261 8718 
9106 10076 
9296 9912 
9431 9835 
9169 9964 
8303 10362 

10125 9250 
10268 8986 
8704 10342 
9568 9860 
8706 10292 
10031 9311 
9151 10143 
9751 9616 
9219 10020 
10407 8233 
9221 10010 
9167 10139 
9952 9389 
9561 9921 
8697 10403 
10151 9039 
10000 9344 
9866 9510 
10343 8282 
9215 10094 
9173 10096 
8839 10212 
9724 9633 
9703 9661 
9951 9407 
9430 9977 
9838 9602 
9842 9599 
9859 9571 
9350 10008 
10269 8304 
9723 9651 

9561 9921 
9810 9560 
8927 10252 
9784 9581 
9656 9752 
9600 9825 
10077 9329 
9568 9860 
9779 9592 
8932 10241 
8925 10302 
9356 9969 
9740 9728 
9607 9764 
10057 9339 
10032 9340 
9563 9871 
10165 9004 
8943 10240 
9885 9533 
9777 9642 
9068 10155 
9214 10080 
8665 10336 
8685 10326 
8686 10308 
10247 8727 
9110 10129 
9130 10119 
9131 10101 
10085 9111 
10106 9083 
9892 9472 
10206 8805 
10226 8795 
10233 8734 
10227 8777 
8644 10383 
10203 8892 
8777 10306 
9349 10030 
9964 9407 
10080 9152 
10268 8699 
10105 9101 
8592 10387 

9951 9538 
9992 9417 
10065 9185 
9678 9687 
8130 10460 
10064 9203 
8875 10252 
8992 10243 
10082 9066 
10112 9065 
8711 10301 
10076 9109 
9658 9766 
8663 10346 
9784 9602 
9806 9555 
10290 8743 
9469 9881 
9638 9776 
9800 9598 
9848 9553 
10014 9311 
9534 9801 
10123 9059 
8684 10318 
9698 9626 
9697 9644 
9176 10067 
9175 10085 
10075 9127 
8123 10521 
9227 9986 
10296 8700 
10289 8761 
10208 8787 
10018 9242 
10017 9260 
9296 9972 
10008 9354 
9517 9836 
8993 10225 
10144 9031 
8683 10336 
9247 9976 
9317 9944 
9489 9871 
9554 9791 

8657 10268 
8652 10279 
9521 9786 
10169 9120 
9455 9902 
10004 9371 
10094 9257 
8022 10441 
9515 9829 
10046 9302 
10194 8914 
8173 10386 
10288 8867 
9940 9420 
9956 9416 
8650 10329 
8651 10311 
10120 9183 
9348 9915 
9364 9911 
9516 9797 
9874 9510 
9776 9613 
9514 9847 
9547 9785 
10030 9306 
8556 10337 
8555 10355 
9245 10022 
8785 10199 
9285 9921 
9706 9634 
9704 9771 
8967 10183 
8988 10155 
9825 9573 
9927 9451 
9926 9469 
9760 9617 
8194 10358 
8673 10251 
9051 10048 
9266 9994 
8987 10173 
8043 10413 
8193 10376 

10038 9229 
9823 9578 
9353 10025 
9969 9381 
9517 9910 
9510 9971 
9216 10030 
9013 10191 
9939 9383 
9892 9472 
8854 10224 
8459 10391 
9899 9422 
9816 9639 
10290 8743 
8559 10328 
8511 10373 
10048 9199 
10054 9156 
10047 9217 
8853 10242 
8738 10294 
10289 8761 
10296 8700 
10208 8787 
8532 10345 
9725 9705 
9885 9533 
9214 10080 
10008 9231 
9791 9649 
8847 10285 
8914 10202 
10297 8423 
10140 9103 
8531 10363 

9931 9483 
10003 9445 
9033 10173 
9401 9892 
8033 10462 
7962 10507 
7978 10503 
8977 10282 
9394 9953 
7993 10501 
10140 9016 
8983 10239 
10100 9073 
10116 9069 
9607 9758 
9606 9776 
10118 9063 
10134 9059 
10076 9148 
10091 9109 
10092 9091 
9432 9840 
9795 9525 
9796 9507 
9130 10119 
9131 10101 
9089 10149 
9090 10131 
10245 8343 
10233 8573 
9232 10054 
9272 9965 
8441 10334 
9214 10080 
9496 9802 
9411 9845 
9724 9633 
9483 9822 
9484 9804 
10202 8799 
10070 9167 
10041 9233 
10040 9251 
8727 10307 
9003 10175 
10266 8315 
10232 8591 
8440 10352 
9237 10002 
9723 9651 
10145 8847 
10201 8817 
8726 10325 

10032 9312 
9989 9502 
8977 10282 
9117 10167 
10104 9274 
9661 9658 
8755 10386 
9973 9506 
9586 9821 
9296 9972 
9697 9644 
9130 10119 
9131 10101 
8428 10397 
10295 8234 
10296 8216 
10184 9031 
10226 8795 
10227 8777 
10280 8748 
10117 9057 
10118 9039 
9873 9635 
9588 9771 
9317 9944 
8427 10415 
9318 9883 
9489 9871 
9600 9751 
9609 9743 
9208 9988 

9971 9412 
9834 9613 
10370 8262 
10213 8947 
9568 9860 
9956 9422 
8054 10463 
9907 9572 
9826 9624 
10030 9222 
10078 9177 
9673 9688 
9653 9696 
8048 10506 
8144 10410 
10266 8640 
10287 8612 
8709 10310 
8708 10328 
9425 9878 
9424 9896 
8533 10404 
8662 10342 
9172 10064 
9237 9994 
9231 10037 
9230 10055 
9296 9972 
10123 9059 
10233 8734 
10227 8777 
10226 8795 
8977 10282 
8983 10239 
9608 9709 
9171 10065 
10051 9194 
8077 10444 
10322 8307 
10286 8630 
8540 10343 
9317 9944 
10144 9031 
10050 9212 

9892 9490 
9691 9778 
9930 9477 
9216 10030 
9724 9756 
9857 9580 
10194 8914 
9868 9504 
9989 9356 
10092 9207 
9874 9501 
9075 10114 
9221 10019 
9941 9401 
9940 9419 
9050 10218 
10196 8818 
10197 8800 
9642 9841 
10281 8287 
10314 8241 
10279 8337 
10280 8319 
10286 8276 
10145 8977 
10146 8959 
10152 8916 
8717 10348 
8511 10373 
10241 8728 
10262 8700 
10106 9083 
9909 9487 
9861 9532 
9296 9972 
9214 10080 
9337 9944 
9338 9926 
8741 10248 
8742 10230 
9056 10175 
10266 8417 
9675 9819 
10043 9270 
10050 9209 
9469 9881 
9503 9851 
9738 9584 
9725 9613 
8531 10363 
10261 8718 
10105 9101 
9237 10002 
9344 9883 
8762 10220 
10217 8790 
10265 8435 
9489 9871 

10292 8855 
10341 8792 
10220 8878 
8871 10308 
9056 10175 
8755 10386 
9204 10080 
10219 8896 
10134 9054 
8851 10318 
9469 9881 
9075 10114 
10326 8794 
10344 8475 
9049 10236 
8803 10341 
9970 9298 
9963 9359 
10277 8857 
10133 9072 
10106 9089 
10105 9107 
10034 9229 
9687 9756 
9851 9532 
9845 9575 
9245 10022 
9225 10052 
10180 8906 
10159 8934 
10160 8916 
10070 9167 
10021 9230 
9517 9836 
10076 9125 
10012 9296 
7962 10445 
9283 9993 
9331 9948 
9304 9965 
10154 9044 
9266 9994 
9224 10070 
9489 9871 
7983 10417 
9303 9983 

10018 9336 
10122 9116 
9661 9772 
9918 9446 
8706 10292 
10064 9211 
9929 9381 
9945 9377 
8704 10342 
8977 10282 
8566 10396 
10160 8931 
9221 10019 
9844 9559 
10176 8914 
9854 9540 
8983 10239 
9367 9896 
8470 10411 
10214 8908 
10159 8949 
10215 8890 
10076 9148 
10146 8959 
10145 8977 
10280 8748 
9526 9785 
9296 9972 
9873 9459 
9216 10030 
9214 10080 
9838 9602 
9455 9850 
9454 9868 
10077 9129 
9355 9925 
10133 8994 
9383 9879 
9366 9914 
9695 9619 
9674 9647 
9694 9637 
10019 9224 
8490 10401 
9317 9944 
9237 10002 
9461 9807 

9568 9860 
8770 10347 
8671 10371 
9957 9404 
10213 8947 
9752 9760 
9854 9540 
9884 9445 
9151 10161 
7942 10496 
10178 9149 
9603 9822 
9113 10254 
10058 9200 
8407 10425 
10052 9243 
8802 10287 
9298 9992 
7963 10481 
7958 10492 
10290 8743 
10296 8700 
10289 8761 
9167 10157 
9780 9577 
9779 9595 
9883 9463 
9956 9422 
9221 10019 
9216 10030 
9214 10080 
9314 9950 
8428 10397 
9971 9269 
9970 9287 
10051 9261 
8823 10259 
10312 8114 
10343 7974 
9297 10010 
9346 9947 
9540 9862 
8036 10462 
8427 10415 
10315 8009 
7983 10471 
8056 10452 
8071 10437 

9975 9445 
9370 10067 
9568 9860 
8901 10261 
9726 9761 
9828 9600 
10281 8791 
8634 10399 
9920 9486 
8947 10184 
9881 9520 
9563 9871 
10028 9318 
10265 8808 
10287 8748 
8654 10389 
9981 9402 
9214 10080 
9830 9537 
10086 9063 
10123 9059 
9902 9492 
9901 9510 
9110 10129 
9131 10101 
9130 10119 
10303 8454 
10171 8949 
9441 9889 
9461 9879 
8655 10371 
9991 9375 
10030 9222 
10051 9194 
8940 10245 
8813 10268 
8794 10304 
10144 9031 
10302 8472 
10050 9212 
8942 10195 

10310 8793 
9907 9465 
9933 9386 
10280 8795 
8447 10420 
9833 9520 
9465 9997 
9913 9422 
10018 9236 
8138 10457 
9875 9518 
8697 10403 
8918 10183 
9989 9312 
9906 9483 
9471 9774 
9472 9756 
9621 9698 
9600 9726 
9627 9655 
9620 9716 
10273 8869 
10133 8945 
10139 8902 
10132 8963 
10128 9013 
10089 9084 
10109 9074 
9664 9590 
9663 9608 
9315 10087 
9341 10083 
9827 9563 
9758 9578 
9932 9404 
10017 9254 
9990 9271 
9982 9373 
9492 9746 
9622 9666 
10134 8913 
8837 10209 
10038 9226 

10129 9085 
9855 9571 
10351 8474 
9459 9800 
8663 10346 
8522 10387 
8935 10196 
8711 10301 
9710 9595 
9245 10022 
8850 10221 
9007 10147 
9952 9389 
9951 9407 
10221 9041 
9554 9724 
9505 9787 
9590 9710 
9542 9755 
9541 9773 
10064 9110 
10063 9128 
9425 9878 
9424 9896 
9661 9658 
9746 9581 
9698 9626 
9697 9644 
9651 9659 
9603 9704 
9624 9676 
9881 9449 
9250 10011 
9243 10072 
10329 8685 
10280 8748 
9868 9519 
8686 10308 
8685 10326 
8543 10359 
10055 9227 
10029 9349 
9374 9935 
9395 9907 
8913 10200 
8912 10218 
8983 10151 
8956 10168 
9169 10131 
9175 10088 
9431 9835 
8683 10336 
9623 9694 
9266 9994 
8542 10377 
9394 9925 
8961 10155 
8955 10186 
9027 10137 

