2000.0000000000 999.0000000000
1001.0000000000 1998.0000000000
1000.0000000000 1999.0000000000
1999.0000000000 1000.0000000000
1998.0000000000 1001.0000000000
999.0000000000 2000.0000000000

2000.0000000000 999.0000000000
1998.0000000000 1001.0000000000
999.0000000000 2000.0000000000
1001.0000000000 1998.0000000000
1999.0000000000 1000.0000000000
1000.0000000000 1999.0000000000

2000.0000000000 999.0000000000
1998.0000000000 1001.0000000000
999.0000000000 2000.0000000000
1001.0000000000 1998.0000000000
1999.0000000000 1000.0000000000
1000.0000000000 1999.0000000000

2000.0000000000 999.0000000000
1001.0000000000 1998.0000000000
1000.0000000000 1999.0000000000
1999.0000000000 1000.0000000000
1998.0000000000 1001.0000000000
999.0000000000 2000.0000000000

2000.0000000000 999.0000000000
1001.0000000000 1998.0000000000
1000.0000000000 1999.0000000000
1999.0000000000 1000.0000000000
1998.0000000000 1001.0000000000
999.0000000000 2000.0000000000

2000.0000000000 999.0000000000
1998.0000000000 1001.0000000000
999.0000000000 2000.0000000000
1001.0000000000 1998.0000000000
1999.0000000000 1000.0000000000
1000.0000000000 1999.0000000000

2000.0000000000 999.0000000000
1998.0000000000 1001.0000000000
999.0000000000 2000.0000000000
1001.0000000000 1998.0000000000
1999.0000000000 1000.0000000000
1000.0000000000 1999.0000000000

2000.0000000000 999.0000000000
1998.0000000000 1001.0000000000
999.0000000000 2000.0000000000
1001.0000000000 1998.0000000000
1999.0000000000 1000.0000000000
1000.0000000000 1999.0000000000

2000.0000000000 999.0000000000
1001.0000000000 1998.0000000000
1000.0000000000 1999.0000000000
1999.0000000000 1000.0000000000
1998.0000000000 1001.0000000000
999.0000000000 2000.0000000000

2000.0000000000 999.0000000000
1998.0000000000 1001.0000000000
999.0000000000 2000.0000000000
1001.0000000000 1998.0000000000
1999.0000000000 1000.0000000000
1000.0000000000 1999.0000000000

2000.0000000000 999.0000000000
1998.0000000000 1001.0000000000
999.0000000000 2000.0000000000
1001.0000000000 1998.0000000000
1999.0000000000 1000.0000000000
1000.0000000000 1999.0000000000

2000.0000000000 999.0000000000
1001.0000000000 1998.0000000000
1000.0000000000 1999.0000000000
1999.0000000000 1000.0000000000
1998.0000000000 1001.0000000000
999.0000000000 2000.0000000000

2000.0000000000 999.0000000000
1998.0000000000 1001.0000000000
999.0000000000 2000.0000000000
1001.0000000000 1998.0000000000
1999.0000000000 1000.0000000000
1000.0000000000 1999.0000000000

2000.0000000000 999.0000000000
1001.0000000000 1998.0000000000
1000.0000000000 1999.0000000000
1999.0000000000 1000.0000000000
1998.0000000000 1001.0000000000
999.0000000000 2000.0000000000

2000.0000000000 999.0000000000
1998.0000000000 1001.0000000000
999.0000000000 2000.0000000000
1001.0000000000 1998.0000000000
1999.0000000000 1000.0000000000
1000.0000000000 1999.0000000000

2000.0000000000 999.0000000000
1001.0000000000 1998.0000000000
1000.0000000000 1999.0000000000
1999.0000000000 1000.0000000000
1998.0000000000 1001.0000000000
999.0000000000 2000.0000000000

2000.0000000000 999.0000000000
1001.0000000000 1998.0000000000
1000.0000000000 1999.0000000000
1999.0000000000 1000.0000000000
1998.0000000000 1001.0000000000
999.0000000000 2000.0000000000

2000.0000000000 999.0000000000
1998.0000000000 1001.0000000000
999.0000000000 2000.0000000000
1001.0000000000 1998.0000000000
1999.0000000000 1000.0000000000
1000.0000000000 1999.0000000000

2000.0000000000 999.0000000000
1998.0000000000 1001.0000000000
999.0000000000 2000.0000000000
1001.0000000000 1998.0000000000
1999.0000000000 1000.0000000000
1000.0000000000 1999.0000000000

2000.0000000000 999.0000000000
1001.0000000000 1998.0000000000
1000.0000000000 1999.0000000000
1999.0000000000 1000.0000000000
1998.0000000000 1001.0000000000
999.0000000000 2000.0000000000

2000.0000000000 999.0000000000
1998.0000000000 1001.0000000000
999.0000000000 2000.0000000000
1001.0000000000 1998.0000000000
1999.0000000000 1000.0000000000
1000.0000000000 1999.0000000000

2000.0000000000 999.0000000000
1001.0000000000 1998.0000000000
1000.0000000000 1999.0000000000
1999.0000000000 1000.0000000000
1998.0000000000 1001.0000000000
999.0000000000 2000.0000000000

2000.0000000000 999.0000000000
1001.0000000000 1998.0000000000
1000.0000000000 1999.0000000000
1999.0000000000 1000.0000000000
1998.0000000000 1001.0000000000
999.0000000000 2000.0000000000

2000.0000000000 999.0000000000
1998.0000000000 1001.0000000000
999.0000000000 2000.0000000000
1001.0000000000 1998.0000000000
1999.0000000000 1000.0000000000
1000.0000000000 1999.0000000000

2000.0000000000 999.0000000000
1998.0000000000 1001.0000000000
999.0000000000 2000.0000000000
1001.0000000000 1998.0000000000
1999.0000000000 1000.0000000000
1000.0000000000 1999.0000000000

2000.0000000000 999.0000000000
1001.0000000000 1998.0000000000
1000.0000000000 1999.0000000000
1999.0000000000 1000.0000000000
1998.0000000000 1001.0000000000
999.0000000000 2000.0000000000

2000.0000000000 999.0000000000
1998.0000000000 1001.0000000000
999.0000000000 2000.0000000000
1001.0000000000 1998.0000000000
1999.0000000000 1000.0000000000
1000.0000000000 1999.0000000000

2000.0000000000 999.0000000000
1998.0000000000 1001.0000000000
999.0000000000 2000.0000000000
1001.0000000000 1998.0000000000
1999.0000000000 1000.0000000000
1000.0000000000 1999.0000000000

2000.0000000000 999.0000000000
1998.0000000000 1001.0000000000
999.0000000000 2000.0000000000
1001.0000000000 1998.0000000000
1999.0000000000 1000.0000000000
1000.0000000000 1999.0000000000

2000.0000000000 999.0000000000
1998.0000000000 1001.0000000000
999.0000000000 2000.0000000000
1001.0000000000 1998.0000000000
1999.0000000000 1000.0000000000
1000.0000000000 1999.0000000000

