3782 3855 
4071 3623 
4120 3422 
4077 3606 
4145 3356 
4132 3392 
3927 3745 
4000 3655 
4091 3539 
3761 3866 
3952 3656 

3839 3806 
4050 3622 
3890 3773 
3761 3866 
4077 3606 
3904 3754 
4134 3558 
4008 3666 

4069 3702 
4171 3667 
4197 3572 
4180 3604 
4121 3700 
4200 3566 
3750 4080 
3951 3910 
4003 3859 
3800 4059 
3778 4077 
4052 3834 
3854 3914 
3986 3891 
3802 3995 
3978 3903 
4030 3852 
3810 3983 
4232 3553 

3973 3671 
4167 3372 
4216 3358 
3945 3787 
4151 3537 
3950 3761 
4124 3553 
4121 3590 
4234 3273 
3971 3703 
3692 3921 
4077 3606 
4050 3622 

3960 3743 
4121 3590 
4009 3729 
4151 3537 
4061 3727 
3936 3864 
3958 3846 
4124 3553 
4077 3606 
4160 3488 
4223 3179 
4174 3401 

4097 3615 
4235 3312 
3927 3807 
3899 3810 
4020 3664 
4149 3613 
4206 3433 
4184 3451 
4072 3662 
3877 3828 
3971 3712 
3692 3921 
3761 3866 
3943 3756 

4099 3588 
4022 3637 
3975 3722 
4050 3634 
4165 3470 
3804 3837 
3697 3928 
3676 3939 
3626 3960 
3725 3925 
3782 3855 
3675 3946 
3988 3690 
4009 3679 
3953 3740 
4071 3623 
3932 3751 
3828 3793 
3654 3957 
4237 3236 
3833 3766 
4077 3606 
3761 3866 
4210 3304 
3904 3754 

4171 3351 
4151 3537 
4099 3539 
4060 3615 
3905 3744 
4223 3349 
3910 3717 
3855 3775 
3692 3921 
4077 3606 
3781 3791 
3761 3866 
3941 3678 
4008 3666 
3767 3805 

4050 3634 
4099 3588 
4151 3537 
4045 3760 
3935 3779 
3907 3782 
4071 3623 
4077 3606 
4174 3401 
3761 3866 
4160 3488 
3713 3905 

4234 3273 
4022 3637 
4174 3513 
4213 3284 
4121 3590 
4071 3623 
3899 3781 
3975 3722 
3953 3740 
3761 3866 
3692 3921 
4000 3655 
4153 3524 
4077 3606 
3827 3803 
3904 3754 

4099 3539 
4151 3537 
4169 3464 
3938 3735 
4189 3324 
4000 3655 
3890 3773 
3947 3667 
4185 3350 
4077 3606 
3465 3874 
3775 3797 
4223 3179 
3761 3866 

4177 3569 
4155 3587 
4180 3532 
4156 3580 
4229 3518 
4208 3529 
4234 3273 
4237 3236 
3692 3921 
3927 3745 
3761 3866 
4134 3598 
4084 3610 
4000 3655 
3823 3790 
3904 3754 
4029 3641 
3811 3815 

3752 3865 
4022 3637 
3899 3780 
3913 3766 
3860 3839 
4179 3451 
3724 3937 
4195 3293 
4127 3502 
3998 3719 
4000 3655 
4126 3599 
3918 3740 
4112 3620 
3864 3792 

3987 3818 
4007 3746 
4171 3546 
4239 3347 
4261 3329 
3917 3965 
3971 3934 
3993 3789 
3974 3819 
3998 3763 
3900 3966 
3949 3952 
4052 3734 
4072 3662 
4091 3632 
4195 3537 
4122 3629 
4149 3613 
4217 3470 
4238 3405 

4221 3559 
4273 3508 
4260 3537 
3988 3847 
4293 3451 
4151 3743 
4171 3671 
3934 3940 
4011 3816 
4033 3749 
3956 3873 

4200 3664 
4045 3750 
4207 3648 
4178 3671 
4156 3689 
3703 4042 
3844 3938 
3852 3926 
4066 3739 
3731 4039 
4185 3666 
3681 4060 
3689 4048 
3737 4010 
3822 3956 
4020 3801 
3830 3944 
4118 3737 
3991 3824 
3632 4074 
3682 4053 
3660 4071 
3801 3967 
3823 3949 
3773 3970 
3963 3827 
4012 3813 
3941 3845 
3976 3826 

3856 3766 
3807 3800 
3828 3769 
3785 3818 
3529 3899 
3501 3902 
4077 3606 
3761 3866 
3918 3740 
4147 3462 
4162 3408 
4174 3401 
4188 3334 
4081 3530 
4019 3736 

3883 3891 
3854 3914 
4171 3667 
4200 3644 
4118 3737 
4055 3748 
4121 3700 
4150 3677 
4033 3766 
3922 3772 
4241 3561 
3914 3784 
4062 3743 

4099 3588 
4041 3725 
4019 3743 
4050 3634 
4071 3623 
4167 3425 
4184 3350 
4212 3291 
3758 3813 
3618 3845 
3597 3856 
4151 3537 
4189 3324 
3569 3859 
4077 3606 
3772 3756 
3734 3833 
3736 3831 
3883 3750 

4050 3634 
3909 3826 
3883 3846 
3932 3751 
4163 3305 
4000 3655 
3413 3911 
4077 3606 
4133 3504 
4091 3539 
4147 3462 
3761 3866 
3621 3874 

4175 3630 
4022 3703 
4091 3632 
4072 3662 
3980 3815 
3975 3842 
4001 3804 
3783 3894 
4201 3296 
3692 3921 
4223 3179 
4203 3220 

4275 3502 
4201 3571 
4065 3625 
4253 3520 
3695 3822 
3555 3826 
3833 3766 
3827 3803 
3904 3754 
4141 3594 
4126 3599 
4077 3606 
3905 3718 
4013 3676 

4068 3625 
3775 3860 
4050 3634 
4039 3648 
4154 3552 
3964 3705 
3942 3812 
4173 3522 
3920 3830 
3892 3833 
4151 3589 
4017 3666 
3753 3878 
4042 3646 
3956 3717 
4160 3546 
4223 3179 
4134 3624 
3761 3866 
4046 3643 

4050 3634 
4026 3778 
4216 3488 
4006 3850 
4074 3586 
4087 3548 
3761 3866 

4263 3524 
4171 3546 
4149 3613 
3956 3873 
3934 3940 
4097 3615 
3782 3986 
3760 4004 
3810 3983 
3983 3829 
3622 4026 
3672 4005 
3650 4023 
3961 3847 
4008 3666 

3797 3853 
4230 3433 
4259 3410 
4165 3526 
4136 3549 
4237 3428 
4151 3537 
4125 3605 
4208 3451 
3987 3656 
4042 3646 
3775 3860 
3804 3837 
3811 3784 
3782 3855 
4071 3623 
3753 3878 
3857 3735 
3761 3866 
4000 3655 
3886 3712 
4077 3606 
3821 3737 
3891 3666 

3974 3789 
4096 3709 
3977 3752 
4025 3741 
4074 3727 
3854 4001 
3875 3990 
3851 4038 
4052 3734 
3903 3987 
3853 4008 
3952 3796 
4287 3558 
4098 3679 
4265 3576 
4004 3745 
4150 3677 
3806 4050 
3930 3814 
3827 4039 

4124 3544 
4092 3604 
4064 3607 
4163 3467 
4116 3556 
4015 3653 
3862 3733 
4099 3588 
3840 3751 
3812 3754 
3696 3945 
4050 3634 
3636 4008 
3761 3866 
3710 3939 
3789 3845 
3688 3957 
3729 3926 
4042 3646 
3757 3905 
4151 3537 
3781 3857 
3941 3696 
3798 3764 
3947 3667 
3847 3735 
4077 3606 
4223 3179 
4000 3655 
4198 3448 
3930 3727 

4077 3606 
3739 3832 
4000 3655 
3901 3735 
4091 3539 
4160 3468 
4210 3304 
4100 3516 
3919 3688 
3970 3687 
3863 3811 

4235 3312 
4097 3615 
4149 3613 
4203 3367 
4163 3546 
4187 3400 
4165 3501 
4072 3662 
4020 3664 
3928 3963 

