4071 3623 
4019 3625 
4110 3509 
3782 3855 
4120 3422 
4077 3606 
4145 3356 
4132 3392 
3927 3745 
4000 3655 
4091 3539 
3761 3866 
3952 3656 

3839 3809 
3785 3818 
3932 3751 
3956 3703 
4102 3571 
4060 3615 
4050 3622 
3890 3773 
3761 3866 
4077 3606 
3904 3754 
4134 3558 
4008 3666 

3901 3758 
3654 3957 
3783 3894 
3887 3774 
4232 3553 
3945 3754 
4122 3629 
3646 3969 
4158 3622 
3816 3837 
3678 3909 
3813 3843 
4072 3662 
3978 3739 
4020 3664 

4139 3460 
3973 3671 
4185 3287 
3714 3903 
3971 3703 
3968 3740 
4234 3273 
4121 3590 
3692 3921 
4163 3305 
3720 3781 
4145 3356 
4077 3606 
3919 3754 
4050 3622 

3830 3837 
4124 3553 
3906 3740 
4151 3537 
3833 3800 
4012 3658 
3642 3847 
3879 3752 
3876 3789 
3938 3727 
4050 3622 
4077 3606 
4160 3488 
4223 3179 
4174 3401 
3593 3861 

4107 3520 
4098 3548 
3783 3894 
3877 3828 
3945 3777 
4184 3451 
3680 3943 
3971 3712 
4097 3615 
4020 3664 
3692 3921 

3956 3703 
3654 3957 
3922 3771 
3828 3793 
3626 3960 
3675 3946 
4001 3676 
3978 3685 
4237 3236 
4012 3642 
4099 3539 
3785 3818 
4019 3625 
4151 3537 
3782 3855 
4165 3470 
3932 3751 
3953 3740 
3899 3780 
4077 3606 
3761 3866 
4210 3304 

3785 3818 
4010 3635 
3936 3704 
4060 3615 
4218 3375 
4223 3349 
4099 3539 
3905 3744 
4168 3388 
4151 3537 
3782 3855 
3910 3717 
3855 3775 
3692 3921 
4077 3606 
3761 3866 
3941 3678 
4008 3666 

3802 3858 
3979 3730 
3912 3755 
4151 3537 
3876 3789 
3968 3740 
4036 3653 
3854 3807 
3947 3751 
3908 3762 
3984 3704 
3728 3895 
3957 3748 
4099 3588 
3681 3918 
3890 3773 
3919 3754 
4077 3606 
4000 3655 
4174 3401 
3761 3866 
4160 3488 
3713 3905 

4234 3273 
3956 3810 
4174 3513 
3850 3826 
4121 3590 
3975 3722 
3822 3829 
4213 3284 
3782 3855 
4050 3634 
4071 3623 
3761 3866 
3692 3921 
4000 3655 
4153 3524 
4077 3606 

3465 3908 
4002 3694 
3964 3704 
4189 3324 
4151 3537 
3938 3735 
3785 3818 
3770 3823 
4167 3425 
4099 3539 
3890 3773 
4185 3350 
4077 3606 
4223 3179 
3761 3866 

4001 3676 
3899 3780 
4129 3624 
3922 3771 
3975 3722 
3785 3818 
4237 3236 
4158 3550 
3782 3855 
4234 3273 
4155 3587 
4208 3529 
3953 3740 
3932 3751 
3978 3685 
3692 3921 
3761 3866 
4134 3598 
3823 3790 
4029 3641 
3811 3815 

4050 3668 
4179 3451 
3951 3729 
3899 3780 
3693 3888 
3832 3805 
4174 3477 
3740 3829 
4217 3275 
4195 3293 
3913 3766 
4127 3502 
3998 3719 
4126 3599 
3918 3740 
4112 3620 
3864 3792 

3877 3828 
3899 3810 
3992 3671 
4239 3313 
3822 3829 
3640 3893 
3786 3881 
4241 3237 
3968 3765 
3818 3871 
4188 3380 
4186 3456 
4165 3521 
4122 3629 
3949 3777 
4072 3662 
4151 3537 
3990 3747 
3927 3795 
4020 3664 
4149 3613 

3551 3927 
3822 3838 
4151 3594 
3877 3828 
4072 3689 
3474 3955 
3553 3851 
3496 3937 
3993 3812 
4124 3647 
4164 3447 
4186 3408 
3996 3744 
4129 3612 
4169 3412 

3783 3894 
3756 3901 
3945 3777 
3971 3712 
3642 3998 
4150 3541 
4081 3607 
3995 3690 
4020 3664 
4095 3551 
4071 3623 
4086 3572 

3962 3813 
3984 3746 
4028 3618 
3728 3895 
3529 3899 
4099 3588 
4151 3537 
3782 3855 
3785 3818 
4169 3444 
4159 3479 
3501 3902 
4077 3606 
3761 3866 
4174 3401 
4188 3334 
4019 3736 

3783 3894 
4122 3629 
4163 3546 
4235 3312 
3785 3818 
4006 3710 
4203 3367 
3984 3728 
4149 3613 
4020 3664 
4072 3662 
3949 3765 

3937 3739 
4160 3342 
4212 3291 
4099 3588 
4071 3623 
4151 3537 
3758 3813 
3618 3845 
3597 3856 
4189 3324 
4050 3634 
3764 3758 
4041 3725 
3569 3859 
4077 3606 
3772 3756 
3734 3833 
3736 3831 
3883 3750 

3935 3795 
3932 3832 
3434 3900 
3970 3689 
3956 3703 
3782 3855 
4213 3284 
3953 3740 
3883 3846 
4050 3634 
4099 3539 
4110 3509 
4150 3425 
4163 3305 
4000 3655 
3413 3911 
4077 3606 
4133 3504 
4147 3462 
3761 3866 
3621 3874 

3783 3894 
3680 3943 
4009 3684 
3823 3807 
4072 3662 
4097 3615 
4002 3694 
4149 3613 
4151 3537 
3785 3818 
3928 3792 
4020 3664 
4201 3296 
3692 3921 
4157 3434 
3932 3726 
4223 3179 
4203 3220 

4253 3520 
4201 3571 
3973 3711 
3978 3685 
3906 3848 
3951 3729 
4065 3625 
4141 3594 
4126 3599 
4077 3606 
4013 3676 

3941 3819 
3980 3706 
3920 3830 
3782 3855 
3944 3782 
3966 3764 
3753 3878 
4054 3658 
3892 3833 
4017 3666 
4160 3546 
4223 3179 
4134 3624 
3761 3866 

4191 3446 
4186 3472 
3979 3754 
4237 3236 
3785 3818 
3783 3882 
3951 3757 
4217 3308 
4074 3586 
4054 3658 
3899 3780 
3924 3767 
3998 3698 
4087 3548 

3678 3909 
4179 3422 
3877 3828 
3626 3960 
4231 3420 
3948 3712 
3899 3810 
4235 3312 
4149 3613 
3926 3754 
3654 3957 
4097 3615 
3783 3894 
4008 3666 

3785 3818 
4233 3344 
3726 3885 
4178 3383 
3782 3855 
4181 3346 
3753 3878 
4151 3537 
4042 3625 
4234 3273 
4237 3236 
4071 3623 
3889 3675 
3857 3735 
4099 3539 
4159 3413 
3761 3866 
4000 3655 
3886 3712 
4077 3606 
3821 3737 
3891 3666 

3746 3983 
3748 3907 
3714 3993 
4237 3236 
4235 3312 
3856 3851 
4072 3662 
3783 3894 
4148 3523 
4158 3340 
3756 3901 
3930 3814 
4183 3314 
4020 3664 
4082 3569 
3792 3876 
4004 3745 
4074 3592 

3761 3848 
3611 3951 
4163 3467 
3915 3761 
3969 3683 
3711 3853 
3947 3701 
4099 3539 
3798 3764 
4151 3537 
4054 3658 
3668 3948 
4077 3606 
4223 3179 
4198 3448 
3772 3795 
3930 3727 

3650 3874 
3655 3847 
4099 3539 
4019 3625 
4110 3509 
4149 3502 
4077 3606 
3739 3832 
4000 3655 
3901 3735 
4160 3468 
4210 3304 
4100 3516 
3919 3688 
3970 3687 
3863 3811 

3868 3896 
3836 3906 
3680 3943 
4151 3369 
4183 3314 
4097 3615 
4020 3664 
4111 3548 
4115 3393 
3692 3921 
3893 3789 

