4019 3625 
4110 3509 
3782 3855 
4120 3422 
4077 3606 
4145 3356 
4132 3392 
3927 3745 
4000 3655 
4091 3539 
3761 3866 
3952 3656 

3839 3809 
3785 3818 
3932 3751 
3956 3703 
4060 3615 
4050 3622 
3890 3773 
3761 3866 
4077 3606 
3904 3754 
4134 3558 
4008 3666 

4020 3664 
3654 3957 
3646 3969 
3678 3909 
4158 3622 
3783 3894 
4070 3631 
3901 3758 
3945 3754 
3816 3837 
3813 3843 
4160 3546 
3949 3688 
3818 3761 
3957 3677 

3714 3903 
4139 3460 
4182 3275 
4185 3238 
4099 3539 
3968 3740 
3971 3703 
4118 3470 
3692 3921 
4163 3305 
3720 3781 
4145 3356 
4077 3606 
3919 3754 
4050 3622 
4115 3507 

3828 3793 
4012 3658 
4099 3539 
3645 3810 
3642 3847 
3879 3752 
3876 3789 
3938 3727 
4050 3622 
4077 3606 
4160 3488 
4223 3179 
4174 3401 
3593 3861 
3827 3803 

3877 3828 
3971 3712 
4184 3451 
4098 3548 
4097 3615 
4020 3664 
3783 3894 
3692 3921 
3943 3756 

3828 3793 
4019 3625 
3654 3957 
3675 3946 
3626 3960 
3957 3681 
4099 3539 
3782 3855 
3785 3818 
4110 3509 
4113 3472 
3932 3751 
3953 3740 
3956 3703 
3833 3766 
4000 3655 
4163 3305 
4223 3179 
4077 3606 
4161 3323 
3761 3866 
4157 3435 
4210 3304 
3904 3754 

3905 3744 
4168 3388 
4144 3444 
4099 3539 
3782 3855 
3785 3818 
4060 3615 
3910 3717 
4149 3418 
3855 3775 
3692 3921 
4077 3606 
4223 3179 
3761 3866 
3941 3678 
4008 3666 

3947 3751 
3971 3703 
3968 3740 
4099 3539 
4019 3625 
3785 3818 
3782 3855 
3890 3773 
3919 3754 
4077 3606 
4000 3655 
4133 3504 
4174 3401 
3761 3866 
4160 3488 
3859 3781 
3713 3905 

4182 3275 
3782 3855 
4019 3625 
4174 3513 
3855 3800 
3876 3789 
3932 3751 
3953 3740 
3761 3866 
3692 3921 
4000 3655 
4153 3524 
4077 3606 
3827 3803 
4050 3622 
3904 3754 

4002 3694 
3938 3735 
3964 3704 
4167 3425 
4189 3324 
4099 3539 
3785 3818 
3890 3773 
4185 3350 
4077 3606 
3465 3874 
4223 3179 
3761 3866 

3785 3818 
3782 3855 
4185 3238 
4182 3275 
4158 3550 
4155 3587 
4159 3346 
3932 3751 
3956 3703 
3953 3740 
3692 3921 
3761 3866 
4163 3305 
4134 3598 
4084 3610 
4223 3179 
4000 3655 
3823 3790 
3904 3754 
4029 3641 
3811 3815 

4174 3477 
4179 3451 
4050 3668 
3766 3798 
3740 3829 
3692 3867 
4195 3293 
3886 3774 
3938 3723 
4127 3502 
3998 3719 
3904 3754 
4126 3599 
3918 3740 
4112 3620 
3772 3795 
3864 3792 

4020 3664 
3818 3871 
4097 3615 
4166 3398 
4164 3474 
4143 3539 
4070 3631 
4241 3237 
4239 3313 
3970 3689 
3968 3765 
3877 3828 
3927 3795 
3724 3878 

3474 3955 
3551 3927 
3553 3851 
4020 3664 
4040 3628 
3877 3828 
4186 3408 
3996 3744 
3964 3792 
4129 3612 
4169 3412 
4134 3459 
3998 3668 

3926 3730 
3903 3744 
3851 3753 
4150 3541 
3971 3712 
3642 3998 
4020 3664 
3783 3894 
4086 3572 
4074 3592 

3529 3899 
3550 3888 
4099 3539 
3782 3855 
3785 3818 
4159 3479 
4162 3442 
3962 3813 
3501 3902 
4077 3606 
3761 3866 
4174 3401 
4188 3334 
4019 3736 

4151 3369 
4185 3238 
4183 3314 
3785 3818 
3783 3894 
4070 3631 
4097 3615 
4020 3664 
4113 3472 
4111 3548 
3949 3765 
3984 3728 

3618 3845 
3597 3856 
4132 3401 
4137 3375 
4115 3476 
4189 3324 
4157 3330 
4099 3539 
4002 3694 
4019 3625 
3739 3794 
3764 3758 
3991 3699 
3569 3859 
3913 3725 
4138 3360 
4077 3606 
3772 3756 
3734 3833 
3736 3831 
3743 3769 
3883 3750 
3957 3713 
3970 3710 
4014 3629 

4185 3238 
4182 3275 
4019 3625 
3434 3900 
4099 3539 
4110 3509 
4150 3425 
3970 3689 
3956 3703 
3953 3740 
3932 3751 
3785 3818 
3782 3855 
3853 3795 
3924 3760 
4163 3305 
4000 3655 
3413 3911 
4050 3622 
4077 3606 
4133 3504 
4147 3462 
3761 3866 
3903 3771 
3621 3874 

4002 3694 
4020 3664 
4097 3615 
4099 3539 
3783 3894 
3785 3818 
3928 3792 
4009 3684 
4201 3296 
3692 3921 
4157 3434 
3932 3726 
4223 3179 
4203 3220 

4211 3442 
4159 3493 
3956 3703 
4065 3625 
3555 3826 
3833 3766 
3827 3803 
3904 3754 
4141 3594 
4126 3599 
4077 3606 
3905 3718 
4013 3676 

3855 3800 
3847 3812 
3876 3789 
4054 3658 
3785 3818 
3753 3878 
3782 3855 
3958 3724 
3924 3773 
3966 3675 
3934 3735 
3963 3712 
4017 3666 
4160 3546 
4223 3179 
4134 3624 
3811 3815 
3761 3866 
3906 3775 

4217 3308 
4191 3446 
4054 3658 
3785 3818 
3970 3689 
3956 3703 
3924 3767 
3951 3757 
4089 3452 
4087 3548 
3761 3866 
3971 3682 

4147 3435 
4181 3346 
3926 3730 
4183 3314 
4185 3238 
4101 3494 
3642 3951 
4097 3615 
4099 3539 
3783 3894 
3877 3828 
3879 3752 
4159 3413 
3947 3698 
4008 3666 

4139 3460 
4182 3275 
4185 3238 
3782 3855 
3785 3818 
3753 3878 
4019 3625 
3889 3675 
3857 3735 
4099 3539 
4159 3413 
4163 3305 
3761 3866 
4000 3655 
3886 3712 
4223 3179 
4077 3606 
3821 3737 
3891 3666 

4148 3523 
4183 3314 
4185 3238 
4020 3664 
3683 3934 
3688 3933 
3740 3928 
3783 3894 
4082 3569 
3792 3876 
3856 3851 
3930 3814 
4223 3179 
4074 3592 
3932 3738 

3711 3853 
3941 3696 
3968 3662 
4099 3539 
4054 3658 
3611 3951 
3613 3870 
3621 3858 
3798 3764 
3739 3832 
3947 3667 
3847 3735 
4077 3606 
3821 3737 
4129 3484 
4223 3179 
4198 3448 
3772 3795 
3930 3727 

4099 3539 
4019 3625 
4110 3509 
4149 3502 
4077 3606 
3739 3832 
4000 3655 
3901 3735 
4160 3468 
4210 3304 
4100 3516 
3919 3688 
3970 3687 
3863 3811 

4151 3369 
4183 3314 
4097 3615 
4020 3664 
3868 3896 
4111 3548 
4115 3393 
3692 3921 
3893 3789 

