2893.0000000000 1895.0000000000
2892.0000000000 2892.0000000000
1895.0000000000 2893.0000000000

2893.0000000000 1895.0000000000
2892.0000000000 2892.0000000000
1895.0000000000 2893.0000000000

2893.0000000000 1895.0000000000
2892.0000000000 2892.0000000000
1895.0000000000 2893.0000000000

2893.0000000000 1895.0000000000
1895.0000000000 2893.0000000000
2892.0000000000 2892.0000000000

2893.0000000000 1895.0000000000
1895.0000000000 2893.0000000000
2892.0000000000 2892.0000000000

2893.0000000000 1895.0000000000
2892.0000000000 2892.0000000000
1895.0000000000 2893.0000000000

2893.0000000000 1895.0000000000
2892.0000000000 2892.0000000000
1895.0000000000 2893.0000000000

2893.0000000000 1895.0000000000
1895.0000000000 2893.0000000000
2892.0000000000 2892.0000000000

2893.0000000000 1895.0000000000
1895.0000000000 2893.0000000000
2892.0000000000 2892.0000000000

2893.0000000000 1895.0000000000
2892.0000000000 2892.0000000000
1895.0000000000 2893.0000000000

2893.0000000000 1895.0000000000
1895.0000000000 2893.0000000000
2892.0000000000 2892.0000000000

2893.0000000000 1895.0000000000
2892.0000000000 2892.0000000000
1895.0000000000 2893.0000000000

2893.0000000000 1895.0000000000
2892.0000000000 2892.0000000000
1895.0000000000 2893.0000000000

2893.0000000000 1895.0000000000
1895.0000000000 2893.0000000000
2892.0000000000 2892.0000000000

2893.0000000000 1895.0000000000
2892.0000000000 2892.0000000000
1895.0000000000 2893.0000000000

2893.0000000000 1895.0000000000
1895.0000000000 2893.0000000000
2892.0000000000 2892.0000000000

2893.0000000000 1895.0000000000
1895.0000000000 2893.0000000000
2892.0000000000 2892.0000000000

2893.0000000000 1895.0000000000
1895.0000000000 2893.0000000000
2892.0000000000 2892.0000000000

2893.0000000000 1895.0000000000
2892.0000000000 2892.0000000000
1895.0000000000 2893.0000000000

2893.0000000000 1895.0000000000
1895.0000000000 2893.0000000000
2892.0000000000 2892.0000000000

2893.0000000000 1895.0000000000
1895.0000000000 2893.0000000000
2892.0000000000 2892.0000000000

2893.0000000000 1895.0000000000
1895.0000000000 2893.0000000000
2892.0000000000 2892.0000000000

2893.0000000000 1895.0000000000
1895.0000000000 2893.0000000000
2892.0000000000 2892.0000000000

2893.0000000000 1895.0000000000
2892.0000000000 2892.0000000000
1895.0000000000 2893.0000000000

2893.0000000000 1895.0000000000
1895.0000000000 2893.0000000000
2892.0000000000 2892.0000000000

2893.0000000000 1895.0000000000
1895.0000000000 2893.0000000000
2892.0000000000 2892.0000000000

2893.0000000000 1895.0000000000
1895.0000000000 2893.0000000000
2892.0000000000 2892.0000000000

2893.0000000000 1895.0000000000
1895.0000000000 2893.0000000000
2892.0000000000 2892.0000000000

2893.0000000000 1895.0000000000
2892.0000000000 2892.0000000000
1895.0000000000 2893.0000000000

2893.0000000000 1895.0000000000
1895.0000000000 2893.0000000000
2892.0000000000 2892.0000000000

