18209850.000000 4039910.000000 
16688474.000000 4591400.000000 
13034654.000000 7008086.000000 
23647446.000000 3303938.000000 
16567054.000000 4738570.000000 
14249016.000000 5601040.000000 
13506528.000000 6316866.000000 
14330788.000000 5436572.000000 
19971198.000000 3819240.000000 
18839850.000000 4010606.000000 
18628992.000000 4011644.000000 
14504740.000000 5411412.000000 
13176358.000000 6846112.000000 
13821434.000000 5849986.000000 
13372970.000000 6445474.000000 
14629542.000000 5304632.000000 
12919960.000000 7214596.000000 
20109234.000000 3802134.000000 
12734434.000000 7260524.000000 
16507744.000000 4748976.000000 
13605288.000000 5910266.000000 
12908036.000000 7242552.000000 
17402070.000000 4232590.000000 
14059136.000000 5729570.000000 
20974636.000000 3442314.000000 
19395720.000000 3897566.000000 
18063296.000000 4183756.000000 
14309054.000000 5554864.000000 
24005238.000000 3276336.000000 
17898772.000000 4184412.000000 
20295026.000000 3617426.000000 
15256322.000000 5177196.000000 
13782710.000000 5852664.000000 
15953528.000000 4767318.000000 
19497484.000000 3857470.000000 
15281766.000000 5149350.000000 
13394518.000000 6417804.000000 
13194684.000000 6843198.000000 
19754610.000000 3856952.000000 
23421514.000000 3386342.000000 
13514320.000000 6001564.000000 
20738682.000000 3577014.000000 
16591336.000000 4698774.000000 
15106802.000000 5210892.000000 
13209970.000000 6744626.000000 
13491694.000000 6359534.000000 
13770628.000000 5860976.000000 
14101668.000000 5612758.000000 
13994746.000000 5778504.000000 
15292814.000000 4927088.000000 
13887192.000000 5799746.000000 
13288328.000000 6668798.000000 
16790074.000000 4586804.000000 
15010684.000000 5234200.000000 
19027050.000000 3900618.000000 
12292994.000000 7276926.000000 
21299652.000000 3415266.000000 
19401908.000000 3864522.000000 
20629272.000000 3598774.000000 
14962420.000000 5239366.000000 
16812444.000000 4410444.000000 
16610552.000000 4657978.000000 

15385006.000000 5369408.000000 
13230876.000000 6872852.000000 
13312890.000000 6771814.000000 
16513288.000000 4722106.000000 
16541130.000000 4675874.000000 
17730080.000000 4145818.000000 
17422246.000000 4256306.000000 
14347644.000000 5793602.000000 
16193968.000000 4831736.000000 
13493538.000000 6543838.000000 
20038040.000000 3620232.000000 
13430028.000000 6593510.000000 
12187846.000000 7830612.000000 
12495390.000000 7428822.000000 
17184478.000000 4419470.000000 
16711870.000000 4636498.000000 
20750290.000000 3612288.000000 
13773922.000000 6383164.000000 
12598270.000000 6977692.000000 
14982642.000000 5468958.000000 
17973596.000000 4079140.000000 
12575066.000000 7282524.000000 
20971876.000000 3569390.000000 
13220666.000000 6958764.000000 
13791388.000000 6269972.000000 
14920032.000000 5654068.000000 
15668840.000000 5227524.000000 
13939556.000000 6266886.000000 
14869272.000000 5670716.000000 
13362028.000000 6723678.000000 
14941488.000000 5575764.000000 
23811470.000000 3476110.000000 
18334852.000000 3916628.000000 
23523464.000000 3500212.000000 
13965594.000000 6255172.000000 
14098872.000000 5906838.000000 
15411862.000000 5251150.000000 
14009844.000000 6166766.000000 
14508476.000000 5783866.000000 
12252276.000000 7708380.000000 
17153216.000000 4578718.000000 
19219848.000000 3863222.000000 
13598142.000000 6385806.000000 
18489042.000000 3911010.000000 
19437082.000000 3741784.000000 
23926204.000000 3440626.000000 
12215592.000000 7807198.000000 
13592194.000000 6484884.000000 
13456990.000000 6554200.000000 
13538852.000000 6500386.000000 
12523136.000000 7405408.000000 
13969360.000000 6242564.000000 
17295920.000000 4325104.000000 
17110852.000000 4578958.000000 
21223370.000000 3521954.000000 
15245826.000000 5410746.000000 
13098210.000000 6965694.000000 
15753040.000000 5038672.000000 
12048106.000000 7865422.000000 
17161534.000000 4509368.000000 
14662392.000000 5745014.000000 
14740524.000000 5701094.000000 
14098698.000000 6120448.000000 
19282892.000000 3747402.000000 
12508020.000000 7405682.000000 
12278740.000000 7684706.000000 
16000136.000000 4960356.000000 
16496896.000000 4790012.000000 
18301130.000000 3991274.000000 
13973542.000000 6228024.000000 

13288010.000000 6519576.000000 
17366544.000000 4391482.000000 
14636818.000000 5949954.000000 
21444736.000000 3433144.000000 
13152482.000000 7400970.000000 
14801676.000000 5558392.000000 
14681274.000000 5681230.000000 
14639992.000000 5928632.000000 
14624194.000000 6008276.000000 
15222330.000000 5314584.000000 
14037994.000000 6370914.000000 
14800360.000000 5582860.000000 
15823588.000000 4842484.000000 
15415020.000000 5191030.000000 
15807538.000000 4943414.000000 
15918258.000000 4796472.000000 
17741506.000000 4165530.000000 
17444572.000000 4233624.000000 
16383876.000000 4721592.000000 
17267972.000000 4452942.000000 
14828802.000000 5517146.000000 
16489828.000000 4701044.000000 
20814114.000000 3574974.000000 
18225062.000000 4040074.000000 
14311102.000000 6137636.000000 
18175116.000000 4133278.000000 
14163118.000000 6170842.000000 
14340384.000000 6056580.000000 
16616528.000000 4520688.000000 
14562710.000000 6038886.000000 
17394574.000000 4304188.000000 
15548834.000000 5059248.000000 
12645038.000000 8092094.000000 
20961722.000000 3534558.000000 
18715890.000000 3750584.000000 
14667876.000000 5893364.000000 
12192106.000000 8525658.000000 
12549526.000000 8331966.000000 
12767302.000000 7869596.000000 
15198420.000000 5428632.000000 
11887240.000000 9017940.000000 
12015380.000000 8846978.000000 
15020638.000000 5482396.000000 
15449176.000000 5101918.000000 
15465562.000000 5092960.000000 
15766040.000000 5044872.000000 
20367352.000000 3684766.000000 
22319290.000000 3333434.000000 
12932960.000000 7674468.000000 
22062168.000000 3420238.000000 
17189452.000000 4465880.000000 
23585310.000000 3288512.000000 
12557116.000000 8110154.000000 

15485774.000000 5153376.000000 
14914264.000000 5751944.000000 
15367912.000000 5176654.000000 
13693450.000000 6746746.000000 
15088430.000000 5396120.000000 
15203196.000000 5375744.000000 
13664090.000000 6944442.000000 
21583712.000000 3828956.000000 
12480958.000000 8174160.000000 
12617772.000000 7814782.000000 
15729444.000000 4911412.000000 
18899534.000000 4022004.000000 
18269976.000000 4169682.000000 
20946968.000000 3934966.000000 
18127050.000000 4232880.000000 
21354412.000000 3831198.000000 
14923088.000000 5692868.000000 
20994676.000000 3896646.000000 
19883424.000000 3938208.000000 
14732536.000000 5773390.000000 
17546002.000000 4434386.000000 
16500156.000000 4734852.000000 
21696090.000000 3675806.000000 
17263162.000000 4462168.000000 
12860336.000000 7779528.000000 
13796228.000000 6586550.000000 
21067396.000000 3892192.000000 
16468840.000000 4797328.000000 
17180114.000000 4523584.000000 
15492022.000000 5091720.000000 
17609112.000000 4343784.000000 
16699334.000000 4725796.000000 
13399292.000000 7151976.000000 
17190560.000000 4475726.000000 
17151746.000000 4530318.000000 
17574248.000000 4400508.000000 
13731862.000000 6605176.000000 
13854112.000000 6497418.000000 
14940510.000000 5552724.000000 
13063340.000000 7470858.000000 
12512942.000000 8027206.000000 
15363072.000000 5259010.000000 
13905752.000000 6415358.000000 
13962414.000000 6362254.000000 
18835708.000000 4122742.000000 
21307978.000000 3844360.000000 
24851872.000000 3649378.000000 
14257054.000000 5851614.000000 
14927978.000000 5617236.000000 
14255684.000000 6259456.000000 
13348178.000000 7304404.000000 
26150820.000000 3606748.000000 
16746272.000000 4660806.000000 
14250374.000000 6300358.000000 
15547244.000000 4951546.000000 
19314956.000000 3957944.000000 
21264790.000000 3878418.000000 
18794860.000000 4126962.000000 
15290892.000000 5272198.000000 
21584326.000000 3738080.000000 
17812020.000000 4288174.000000 
13549842.000000 7119728.000000 
13640754.000000 7050694.000000 
16755872.000000 4649166.000000 
13095168.000000 7364516.000000 
17047850.000000 4584370.000000 
18314786.000000 4135288.000000 
13383534.000000 7157798.000000 
15289756.000000 5326308.000000 
16742300.000000 4702274.000000 
12888988.000000 7628766.000000 
12886742.000000 7691768.000000 
13567188.000000 7053926.000000 
13852198.000000 6545712.000000 
13728100.000000 6653910.000000 
14218492.000000 6342906.000000 
17280374.000000 4448086.000000 

16279202.000000 4676996.000000 
14201752.000000 6111358.000000 
16360278.000000 4614842.000000 
15028762.000000 5784812.000000 
26642512.000000 3114354.000000 
20256110.000000 3618588.000000 
18076206.000000 4108026.000000 
12478508.000000 8355342.000000 
14607102.000000 5889820.000000 
15701706.000000 4973398.000000 
25432314.000000 3203728.000000 
22353434.000000 3529076.000000 
15189638.000000 5440744.000000 
15265532.000000 5435506.000000 
24996732.000000 3207724.000000 
13517534.000000 6729382.000000 
14843902.000000 5815464.000000 
12580480.000000 8071732.000000 
12811996.000000 7610646.000000 
16264412.000000 4716066.000000 
15377070.000000 5254566.000000 
15591022.000000 5119478.000000 
15273426.000000 5408316.000000 
14570788.000000 5991556.000000 
13903416.000000 6384080.000000 
15780204.000000 4742756.000000 
18242346.000000 3991078.000000 
18532206.000000 3921190.000000 
16777370.000000 4409398.000000 
13333460.000000 7260548.000000 
22165526.000000 3588968.000000 
13482588.000000 7021320.000000 
12898562.000000 7598146.000000 
22820802.000000 3415086.000000 
16612352.000000 4519888.000000 
16348560.000000 4650794.000000 
19934084.000000 3815096.000000 
20195090.000000 3765438.000000 
16905688.000000 4295834.000000 
15435544.000000 5231802.000000 
14841968.000000 5852696.000000 
14192988.000000 6326402.000000 
16957838.000000 4181720.000000 
13266828.000000 7439692.000000 
12982020.000000 7474174.000000 
22963750.000000 3334700.000000 
24612150.000000 3208966.000000 
22585664.000000 3465590.000000 
15058890.000000 5537790.000000 
15076632.000000 5502838.000000 
26347056.000000 3118778.000000 
24526628.000000 3305666.000000 
24473900.000000 3306308.000000 
24538676.000000 3288112.000000 
12964996.000000 7498206.000000 
13280672.000000 7350842.000000 
22499774.000000 3512308.000000 
25752638.000000 3122174.000000 
25665384.000000 3187734.000000 

17898004.000000 4045988.000000 
17663116.000000 4123228.000000 
12938678.000000 7549136.000000 
21315792.000000 3409248.000000 
12867406.000000 7864788.000000 
16607022.000000 4491096.000000 
15123568.000000 5618268.000000 
24983776.000000 3307470.000000 
13518064.000000 6337732.000000 
13732568.000000 6260288.000000 
16244466.000000 4795684.000000 
12708668.000000 8454126.000000 
15146162.000000 5571626.000000 
15539722.000000 5459502.000000 
13930660.000000 6218644.000000 
20205910.000000 3590208.000000 
23568310.000000 3342630.000000 
14321644.000000 5995554.000000 
18495474.000000 4003178.000000 
14610524.000000 5679442.000000 
16615396.000000 4476024.000000 
24460818.000000 3333732.000000 
17446860.000000 4165920.000000 
15598970.000000 5372724.000000 
15383616.000000 5501752.000000 
17596158.000000 4151888.000000 
13248966.000000 6754300.000000 
19979136.000000 3606590.000000 
23301906.000000 3349846.000000 
16438400.000000 4517870.000000 
15709488.000000 4962030.000000 
15700800.000000 5031372.000000 
18713970.000000 3936632.000000 
15834886.000000 4808992.000000 
18613086.000000 3970614.000000 
20888480.000000 3511532.000000 
19051326.000000 3824420.000000 
20396466.000000 3557594.000000 
15231478.000000 5555788.000000 
21962122.000000 3365898.000000 
19822158.000000 3706922.000000 
19811920.000000 3777318.000000 
12465024.000000 9287130.000000 
13116956.000000 7351080.000000 
19970756.000000 3677040.000000 
15447278.000000 5480332.000000 
18607060.000000 3988190.000000 
16914594.000000 4205120.000000 
18764568.000000 3924804.000000 
18688826.000000 3960330.000000 
21291082.000000 3473300.000000 
17853172.000000 4093964.000000 
18576050.000000 3991154.000000 
24534060.000000 3311146.000000 
16660338.000000 4473792.000000 
16683830.000000 4234018.000000 
16429236.000000 4736680.000000 
18339102.000000 4039748.000000 
14349206.000000 5781738.000000 

12648512.000000 7121802.000000 
16583094.000000 4681660.000000 
21639394.000000 3488518.000000 
12969512.000000 6805626.000000 
13510418.000000 6388668.000000 
13793262.000000 6059248.000000 
16133696.000000 4830962.000000 
15026948.000000 5417424.000000 
17369144.000000 4334432.000000 
13151422.000000 6459322.000000 
14103428.000000 5931338.000000 
16317438.000000 4715776.000000 
18786788.000000 3968458.000000 
23460450.000000 3477902.000000 
14199010.000000 5756506.000000 
17126678.000000 4377136.000000 
24991390.000000 3299850.000000 
15876736.000000 4903704.000000 
18355328.000000 4009310.000000 
19040954.000000 3826360.000000 
19240742.000000 3701934.000000 
17035078.000000 4398004.000000 
19839964.000000 3545068.000000 
19827504.000000 3657516.000000 
23779500.000000 3330016.000000 
16263142.000000 4807996.000000 
23556916.000000 3460658.000000 
16784904.000000 4451702.000000 
15264246.000000 5030442.000000 
12461838.000000 7826902.000000 
14786556.000000 5473636.000000 
15631034.000000 4923194.000000 
14766250.000000 5650730.000000 
15088514.000000 5321876.000000 
23560794.000000 3446792.000000 
14560310.000000 5736170.000000 
17264174.000000 4361746.000000 
14277298.000000 5737594.000000 
17266436.000000 4354134.000000 
17505644.000000 4050236.000000 
17503160.000000 4225436.000000 
19167502.000000 3729540.000000 
15202530.000000 5245532.000000 
27034934.000000 3281576.000000 

14852166.000000 5808098.000000 
15240006.000000 5590540.000000 
14160280.000000 6350652.000000 
13357882.000000 6960072.000000 
13218152.000000 7057636.000000 
17082160.000000 4466654.000000 
12610358.000000 7690616.000000 
15039524.000000 5773954.000000 
14411466.000000 6078714.000000 
12737694.000000 7233832.000000 
14390284.000000 6120310.000000 
22421870.000000 3529372.000000 
18509854.000000 3823108.000000 
13277622.000000 7047834.000000 
13931256.000000 6410016.000000 
18317382.000000 4063354.000000 
14504534.000000 6043378.000000 
15732402.000000 5260888.000000 
13167764.000000 7100990.000000 
15752038.000000 5247936.000000 
12123082.000000 7736360.000000 
16466074.000000 4724128.000000 
14775586.000000 5856634.000000 
14347048.000000 6272006.000000 
22615574.000000 3456810.000000 
23100606.000000 3353264.000000 
13315214.000000 6999692.000000 
19771248.000000 3706224.000000 
14292050.000000 6298386.000000 
13572420.000000 6432034.000000 
16020178.000000 5000630.000000 
15973126.000000 5027612.000000 
15888540.000000 5036810.000000 
21542768.000000 3591418.000000 
17326814.000000 4278794.000000 
16308236.000000 4889716.000000 
15463570.000000 5345920.000000 
13420024.000000 6709806.000000 
20930480.000000 3595346.000000 
16030208.000000 4949860.000000 
18408804.000000 4021888.000000 
18293014.000000 4109406.000000 
19007852.000000 3746578.000000 
14919508.000000 5787390.000000 
15752922.000000 5225178.000000 
16259892.000000 4920392.000000 
25161544.000000 3295188.000000 
14213774.000000 6339482.000000 
15768824.000000 5168132.000000 
19813734.000000 3670152.000000 
15456956.000000 5426006.000000 
21550686.000000 3584300.000000 
24907160.000000 3344082.000000 
17237888.000000 4351944.000000 
16335870.000000 4809590.000000 
23576074.000000 3348022.000000 
22169932.000000 3568854.000000 
15213316.000000 5721796.000000 
16594866.000000 4496018.000000 
17343086.000000 4259680.000000 
18254328.000000 4189830.000000 
18277220.000000 4136888.000000 
16436070.000000 4752776.000000 
13082632.000000 7119958.000000 
17644130.000000 4218302.000000 
14547708.000000 5924414.000000 
15114554.000000 5772826.000000 
17457452.000000 4220888.000000 
18230100.000000 4202276.000000 

15863814.000000 4945062.000000 
24607298.000000 3281854.000000 
17013890.000000 4624998.000000 
16383030.000000 4940802.000000 
17777590.000000 4144404.000000 
18020608.000000 3770072.000000 
13969678.000000 6435742.000000 
13801370.000000 6493382.000000 
17458506.000000 4339988.000000 
14464022.000000 5996450.000000 
21103928.000000 3371992.000000 
12715424.000000 7900226.000000 
17273364.000000 4523532.000000 
15044942.000000 5265018.000000 
15011016.000000 5411310.000000 
16881776.000000 4723626.000000 
13168708.000000 6703932.000000 
24365098.000000 3283620.000000 
20194124.000000 3405636.000000 
14470778.000000 5932608.000000 
24718926.000000 3248638.000000 
14649924.000000 5521666.000000 
24075002.000000 3315618.000000 
14804310.000000 5421452.000000 
12597162.000000 8188800.000000 
16445686.000000 4870518.000000 
17683980.000000 4243098.000000 
18740900.000000 3567112.000000 
12850674.000000 7698888.000000 
17072958.000000 4609158.000000 
14512816.000000 5699032.000000 
13413716.000000 6602870.000000 
22432296.000000 3348486.000000 
12993236.000000 7006638.000000 
14008168.000000 6010968.000000 
16880190.000000 4764936.000000 
12065786.000000 8266020.000000 
18714558.000000 3668728.000000 
16783748.000000 4852514.000000 
16835736.000000 4837706.000000 
12644050.000000 8076308.000000 
15604066.000000 4962202.000000 
17642930.000000 4311492.000000 
12659900.000000 8005850.000000 
14705870.000000 5486824.000000 
13833956.000000 6451742.000000 

16540776.000000 4700128.000000 
13292620.000000 6803732.000000 
15267742.000000 5415082.000000 
15370332.000000 5184958.000000 
18689402.000000 3873840.000000 
15335602.000000 5409878.000000 
16055292.000000 5074778.000000 
12003178.000000 7743140.000000 
13737662.000000 6613030.000000 
14449758.000000 5933188.000000 
14589564.000000 5850572.000000 
16017174.000000 5129774.000000 
22038896.000000 3655520.000000 
18419062.000000 3997596.000000 
12740312.000000 7220692.000000 
12150540.000000 7663182.000000 
13364456.000000 6665282.000000 
13343884.000000 6763762.000000 
15345278.000000 5408962.000000 
11918676.000000 7876790.000000 
18345826.000000 4070110.000000 
20870720.000000 3773216.000000 
14854570.000000 5719714.000000 
16661684.000000 4647632.000000 
14312942.000000 6159002.000000 
22389784.000000 3571918.000000 
16744040.000000 4617084.000000 
23092222.000000 3536964.000000 
13152092.000000 6972528.000000 
19426002.000000 3805072.000000 
16812522.000000 4592312.000000 
14897076.000000 5662292.000000 
16307016.000000 4908322.000000 
17914060.000000 4081836.000000 
16045820.000000 5117924.000000 
13862820.000000 6457262.000000 
15357676.000000 5362396.000000 
12483344.000000 7545764.000000 
13138142.000000 7180654.000000 
15203220.000000 5443720.000000 
12408888.000000 7585362.000000 
19919436.000000 3780526.000000 
21217528.000000 3702026.000000 
16529280.000000 4898126.000000 
16252598.000000 4948276.000000 
17864406.000000 4150890.000000 
12098322.000000 7732898.000000 
12553640.000000 7448766.000000 
21137216.000000 3729026.000000 
17682934.000000 4317810.000000 
14877906.000000 5675992.000000 
14113506.000000 6214656.000000 
12710394.000000 7254042.000000 
14769958.000000 5822260.000000 
13988196.000000 6270256.000000 
16035262.000000 5125754.000000 
14246478.000000 6169486.000000 
17105776.000000 4564012.000000 
14849702.000000 5771238.000000 
17147446.000000 4535604.000000 
17182696.000000 4359014.000000 
14367612.000000 6071676.000000 
14982722.000000 5453230.000000 
21313280.000000 3664752.000000 
21125124.000000 3735370.000000 

15676672.000000 5089848.000000 
17287044.000000 4430408.000000 
15926496.000000 4827282.000000 
12580490.000000 7510392.000000 
12171746.000000 8500032.000000 
23251462.000000 3360232.000000 
12978642.000000 6895750.000000 
18568176.000000 4162842.000000 
22165324.000000 3461564.000000 
20019560.000000 3621056.000000 
19136316.000000 3756380.000000 
13869474.000000 6336664.000000 
18737286.000000 4140834.000000 
20262560.000000 3596042.000000 
15207520.000000 5388744.000000 
13877104.000000 6163530.000000 
15091704.000000 5516366.000000 
18996410.000000 4008926.000000 
20919918.000000 3490914.000000 
14975336.000000 5627892.000000 
13108696.000000 6782318.000000 
12473026.000000 7542836.000000 
13900180.000000 6147868.000000 
14453674.000000 5862770.000000 
17544066.000000 4414214.000000 
20234374.000000 3615208.000000 
20306598.000000 3532938.000000 
12638614.000000 7466404.000000 
13346264.000000 6578636.000000 
17693422.000000 4173636.000000 
14630540.000000 5692710.000000 
15514922.000000 5262854.000000 
12704272.000000 6931276.000000 
14905892.000000 5648344.000000 
22944638.000000 3420320.000000 
22065680.000000 3484684.000000 
12188444.000000 7799410.000000 
12315380.000000 7547164.000000 
14335420.000000 6037544.000000 
15320612.000000 5335694.000000 
15131882.000000 5457110.000000 
15734096.000000 5028344.000000 
15004278.000000 5586130.000000 
19724148.000000 3633006.000000 
14447208.000000 6033974.000000 
13715186.000000 6467790.000000 
13520156.000000 6508398.000000 
13076410.000000 6826452.000000 
13742010.000000 6340626.000000 
18810324.000000 4026748.000000 
13192216.000000 6623378.000000 
12296786.000000 7662360.000000 
13632078.000000 6471112.000000 
13037388.000000 6839426.000000 
13018624.000000 6883336.000000 
20717662.000000 3505226.000000 
13579866.000000 6505302.000000 
14580780.000000 5862232.000000 
15659206.000000 5112704.000000 
15962964.000000 4727930.000000 
16084140.000000 4451610.000000 
15857346.000000 4844182.000000 
13286532.000000 6607060.000000 
13422256.000000 6547872.000000 

11421792.000000 8474636.000000 
13414688.000000 6696308.000000 
17496678.000000 4395162.000000 
14186422.000000 6033476.000000 
15889798.000000 5307494.000000 
16482956.000000 4916364.000000 
13825190.000000 6400012.000000 
12755960.000000 6849826.000000 
13667850.000000 6559254.000000 
13345532.000000 6776054.000000 
21601324.000000 3354110.000000 
16816490.000000 4468870.000000 
16725502.000000 4838894.000000 
18171820.000000 4009676.000000 
18600770.000000 3943740.000000 
18514864.000000 3955832.000000 
12613630.000000 7136992.000000 
12093400.000000 7207014.000000 
13354472.000000 6773616.000000 
21691404.000000 3307780.000000 
19275700.000000 3677380.000000 
16726206.000000 4729540.000000 
13708564.000000 6513098.000000 
16052738.000000 5154456.000000 
13376682.000000 6716712.000000 
14462398.000000 5806916.000000 
13547528.000000 6571166.000000 
14782538.000000 5385040.000000 
14404352.000000 5920402.000000 
14142886.000000 6035668.000000 
11760622.000000 8330482.000000 
11779360.000000 8237460.000000 
18113724.000000 4390966.000000 
15003792.000000 5339428.000000 
15939694.000000 5278546.000000 
16389012.000000 5106280.000000 
21196656.000000 3595076.000000 
17426448.000000 4457354.000000 
14069540.000000 6273508.000000 
14555424.000000 5708180.000000 
16503770.000000 4870486.000000 
16047482.000000 5189768.000000 
18161316.000000 4390000.000000 
14439292.000000 5881822.000000 

13470150.000000 6450350.000000 
19229490.000000 3857864.000000 
12632164.000000 7047884.000000 
24524978.000000 3433818.000000 
16429392.000000 4861208.000000 
12590540.000000 7188766.000000 
14690398.000000 5637466.000000 
13688464.000000 6131496.000000 
14250336.000000 5868772.000000 
16967510.000000 4590850.000000 
22708964.000000 3451064.000000 
11917154.000000 8337294.000000 
12618756.000000 7147042.000000 
12057162.000000 7759106.000000 
19772000.000000 3697074.000000 
23522502.000000 3441858.000000 
12811050.000000 6518236.000000 
12104948.000000 7576056.000000 
11931034.000000 7993646.000000 
18446688.000000 4176780.000000 
15273768.000000 5239108.000000 
23771128.000000 3435138.000000 
19770522.000000 3748918.000000 
14641654.000000 5646914.000000 
14699350.000000 5619076.000000 
16108146.000000 4957416.000000 
16046330.000000 4985270.000000 
22303382.000000 3460202.000000 
17132178.000000 4253758.000000 
16527426.000000 4665076.000000 
16733148.000000 4603976.000000 
14392382.000000 5718472.000000 
17815244.000000 4205516.000000 
16199462.000000 4932570.000000 
17021566.000000 4579350.000000 
15226508.000000 5398552.000000 
14706646.000000 5533584.000000 
14898318.000000 5469164.000000 
12295668.000000 7284100.000000 
13957304.000000 6091732.000000 
15487088.000000 5222856.000000 
19373772.000000 3771706.000000 
21978734.000000 3518396.000000 
18255970.000000 4179782.000000 
17659110.000000 4217516.000000 
16371454.000000 4887246.000000 
16301530.000000 4914036.000000 
16002964.000000 5106308.000000 
13564866.000000 6353218.000000 
15112350.000000 5466328.000000 
12586096.000000 7195552.000000 
11831206.000000 8563932.000000 
15599536.000000 5125462.000000 
15552596.000000 5205484.000000 
19031488.000000 4003386.000000 
14847216.000000 5500016.000000 
20099272.000000 3577796.000000 
19417342.000000 3749802.000000 
21898852.000000 3556200.000000 
19057174.000000 3920506.000000 
18591864.000000 4072018.000000 
12055838.000000 7974298.000000 
14456150.000000 5711614.000000 
19124420.000000 3878172.000000 
19314970.000000 3853860.000000 
18969856.000000 4069726.000000 
18973636.000000 4049696.000000 

23781742.000000 3359932.000000 
14192810.000000 6055766.000000 
13339188.000000 6658188.000000 
17253000.000000 4599540.000000 
22650768.000000 3409358.000000 
16601690.000000 5096596.000000 
17421692.000000 4563678.000000 
15288174.000000 5643506.000000 
15955364.000000 5313940.000000 
16776072.000000 4995636.000000 
16966442.000000 4859390.000000 
18533334.000000 4172990.000000 
14488684.000000 5984838.000000 
12765548.000000 7245148.000000 
14679600.000000 5863666.000000 
20403442.000000 3729938.000000 
19777336.000000 3771988.000000 
18007958.000000 4369822.000000 
15947330.000000 5409142.000000 
14944356.000000 5707040.000000 
24131074.000000 3284556.000000 
17134030.000000 4689338.000000 
15470760.000000 5630974.000000 
16361218.000000 5247372.000000 
18276384.000000 4274746.000000 
13154032.000000 7052726.000000 
21385318.000000 3533930.000000 
17621966.000000 4525324.000000 
21791242.000000 3505486.000000 
18702014.000000 4118590.000000 
19362978.000000 4047584.000000 
19426576.000000 3916850.000000 
21305182.000000 3577800.000000 
12556334.000000 7368186.000000 
14517062.000000 5984362.000000 
15791774.000000 5421172.000000 
15632390.000000 5539374.000000 
14002324.000000 6173450.000000 
21301540.000000 3670596.000000 
13727536.000000 6281434.000000 
16759364.000000 5063114.000000 
23250124.000000 3400518.000000 
13182916.000000 6871430.000000 
17848222.000000 4463544.000000 
17963156.000000 4456910.000000 
19423808.000000 4045538.000000 
15516968.000000 5625002.000000 
15545300.000000 5539882.000000 
14798184.000000 5841880.000000 
21079908.000000 3681794.000000 
13537050.000000 6399118.000000 
15688846.000000 5437718.000000 
14899314.000000 5820652.000000 
14607334.000000 5961764.000000 
16074764.000000 5257366.000000 
12887368.000000 7057052.000000 
16444300.000000 5132586.000000 
12645216.000000 7258716.000000 
16858064.000000 4905468.000000 
14835214.000000 5836580.000000 

15195864.000000 4987450.000000 
13953168.000000 5735590.000000 
14174888.000000 5660886.000000 
20958322.000000 3979346.000000 
13182514.000000 6346028.000000 
12662628.000000 6822028.000000 
17794984.000000 4257908.000000 
11932322.000000 7714834.000000 
17748582.000000 4267724.000000 
21310194.000000 3812600.000000 
15730812.000000 4787542.000000 
13997592.000000 5707538.000000 
12460212.000000 7030054.000000 
16268928.000000 4431392.000000 
16217970.000000 4453542.000000 
11966758.000000 7713768.000000 
18097040.000000 4089728.000000 
14363946.000000 5386094.000000 
17974798.000000 4244436.000000 
11517084.000000 8011594.000000 
15757000.000000 4642392.000000 
13505434.000000 6312340.000000 
17699138.000000 4306852.000000 
12896140.000000 6686176.000000 
13567120.000000 6086930.000000 
14780904.000000 5182542.000000 
15061964.000000 5023030.000000 
16422092.000000 4379740.000000 
18723744.000000 3985894.000000 
12406640.000000 7597164.000000 
17387192.000000 4336110.000000 
13138964.000000 6544174.000000 
12178682.000000 7701464.000000 
13553634.000000 6098126.000000 
15615486.000000 4800994.000000 
13697076.000000 5966156.000000 
13812330.000000 5767174.000000 
14600342.000000 5249738.000000 
15530116.000000 4975098.000000 
15571160.000000 4895966.000000 
15980308.000000 4550572.000000 
14782528.000000 5118984.000000 
11817182.000000 8004452.000000 
15612076.000000 4866192.000000 
14287466.000000 5583286.000000 
14122902.000000 5693480.000000 
14274092.000000 5646356.000000 

16252776.000000 4988856.000000 
13714238.000000 6212742.000000 
18591268.000000 4199346.000000 
19902014.000000 3797544.000000 
11750040.000000 8895438.000000 
18460870.000000 4259158.000000 
14014196.000000 6121886.000000 
14086280.000000 5653278.000000 
20014666.000000 3708486.000000 
18694160.000000 3931942.000000 
20919656.000000 3521722.000000 
21282830.000000 3517824.000000 
15139156.000000 5565146.000000 
12472168.000000 6900976.000000 
12673022.000000 6777488.000000 
20864386.000000 3623844.000000 
20012226.000000 3777142.000000 
14865694.000000 5591344.000000 
16835782.000000 4887876.000000 
13898646.000000 6125068.000000 
15947148.000000 5050790.000000 
15485272.000000 5373680.000000 
12154374.000000 7555092.000000 
15427590.000000 5461032.000000 
15221108.000000 5512590.000000 
21365904.000000 3374882.000000 
15701558.000000 5234464.000000 
15878902.000000 5209698.000000 
20537988.000000 3651958.000000 
14367638.000000 5641932.000000 
21359138.000000 3493840.000000 
13442292.000000 6411386.000000 
15563088.000000 5371644.000000 
17137956.000000 4756048.000000 
20346884.000000 3684662.000000 
17368954.000000 4618168.000000 
20284394.000000 3691300.000000 
17091398.000000 4787062.000000 
15907158.000000 5144450.000000 
14077722.000000 6115314.000000 
13280472.000000 6473024.000000 
18342908.000000 4297924.000000 
18425320.000000 4263072.000000 
16906740.000000 4883230.000000 
19619356.000000 3849578.000000 
17046900.000000 4819572.000000 
16181864.000000 5046204.000000 
18188880.000000 4412382.000000 
13641462.000000 6272248.000000 
19529816.000000 3860834.000000 
14749578.000000 5597758.000000 
14082280.000000 6098672.000000 
12323354.000000 7452698.000000 
12793392.000000 6530586.000000 
16334400.000000 4907840.000000 
16225710.000000 5027634.000000 
13752904.000000 6177546.000000 
17144970.000000 4701964.000000 
13468082.000000 6328490.000000 
12970454.000000 6496986.000000 
11932338.000000 8745240.000000 
17834884.000000 4417074.000000 
15304564.000000 5503882.000000 
16487270.000000 4906396.000000 
12437916.000000 7206042.000000 

12574268.000000 7749046.000000 
16381010.000000 4693800.000000 
14103484.000000 6237516.000000 
14030270.000000 6273824.000000 
16906826.000000 4371578.000000 
16849378.000000 4382770.000000 
14743316.000000 5604820.000000 
24700014.000000 3424818.000000 
16046760.000000 4773358.000000 
15838338.000000 4824606.000000 
15157438.000000 5427374.000000 
15261558.000000 5190710.000000 
14831976.000000 5604404.000000 
15681068.000000 4965448.000000 
13361008.000000 6647678.000000 
25777722.000000 3424178.000000 
16578424.000000 4649750.000000 
16738562.000000 4479878.000000 
13063132.000000 7236252.000000 
15534886.000000 5032426.000000 
13239370.000000 6900082.000000 
14394060.000000 6041788.000000 
26323298.000000 3400936.000000 
20557500.000000 3511728.000000 
14448726.000000 5998694.000000 
14832584.000000 5566472.000000 
15083890.000000 5509968.000000 
18825498.000000 3643392.000000 
13586242.000000 6321878.000000 
14147986.000000 6088828.000000 
14039358.000000 6264928.000000 
18661338.000000 3709636.000000 
14455818.000000 5867194.000000 
14467500.000000 5735112.000000 
13837320.000000 6301278.000000 
15379808.000000 5080096.000000 
16981464.000000 4201054.000000 
16385168.000000 4652118.000000 
17281876.000000 4070264.000000 
19175396.000000 3597074.000000 
16315418.000000 4721144.000000 
19357658.000000 3570056.000000 
18026154.000000 3941584.000000 
20926440.000000 3504754.000000 
18148228.000000 3743900.000000 
16741144.000000 4428664.000000 
13368956.000000 6595026.000000 
13353508.000000 6862392.000000 
13425298.000000 6581996.000000 
15100354.000000 5503462.000000 
26440732.000000 3380200.000000 
22153688.000000 3464830.000000 
15260866.000000 5389078.000000 
18938556.000000 3612214.000000 
16636298.000000 4481792.000000 
19764538.000000 3524896.000000 
20166556.000000 3522902.000000 
26058192.000000 3406534.000000 
15237820.000000 5425996.000000 

15959564.000000 5204214.000000 
20263340.000000 3879646.000000 
13464482.000000 7014714.000000 
13630066.000000 6675222.000000 
16698554.000000 4687368.000000 
13418178.000000 7262020.000000 
18576610.000000 4096682.000000 
17975534.000000 4271540.000000 
23017398.000000 3547010.000000 
12907538.000000 7707920.000000 
16461224.000000 4744318.000000 
13784470.000000 6603914.000000 
15447928.000000 5611934.000000 
14731674.000000 5623570.000000 
14546386.000000 5888322.000000 
19038004.000000 4083732.000000 
14212154.000000 6374380.000000 
20759456.000000 3875954.000000 
17372196.000000 4468284.000000 
17381068.000000 4400502.000000 
12793566.000000 8706976.000000 
17438992.000000 4356444.000000 
13850342.000000 6593808.000000 
16080800.000000 4974392.000000 
21016330.000000 3647126.000000 
16785990.000000 4509672.000000 
13274674.000000 7424166.000000 
19902960.000000 3933496.000000 
15840588.000000 5370574.000000 
17633412.000000 4334576.000000 
20837716.000000 3713096.000000 
17954868.000000 4292056.000000 
17620106.000000 4345382.000000 
14253138.000000 6291074.000000 
20835812.000000 3732100.000000 
18125108.000000 4267830.000000 
16376466.000000 4798712.000000 
16174040.000000 4943216.000000 
16022582.000000 5169126.000000 
13373606.000000 7391822.000000 
14346616.000000 6201928.000000 
13865562.000000 6525192.000000 
14074062.000000 6435780.000000 
20754182.000000 3877002.000000 
21031614.000000 3627878.000000 
13468622.000000 6780538.000000 
17061648.000000 4500326.000000 
12908128.000000 7632812.000000 
21112834.000000 3588838.000000 
19958728.000000 3888014.000000 
14036290.000000 6517318.000000 
16781432.000000 4643116.000000 
12799584.000000 7884132.000000 
15752788.000000 5403910.000000 
23019474.000000 3516452.000000 
14005480.000000 6520156.000000 
13676514.000000 6675166.000000 
18232452.000000 4161132.000000 
18133086.000000 4201684.000000 
13919662.000000 6524620.000000 
21416510.000000 3579990.000000 
15589004.000000 5487240.000000 
12973550.000000 7484910.000000 
14236782.000000 6363696.000000 
14197598.000000 6380338.000000 
19226174.000000 3950860.000000 
13229694.000000 7448040.000000 
14162886.000000 6434604.000000 

22029862.000000 3814490.000000 
13511572.000000 6433812.000000 
22975708.000000 3683496.000000 
22119442.000000 3797090.000000 
15900672.000000 4894086.000000 
20430510.000000 3947352.000000 
21264188.000000 3893354.000000 
13753050.000000 6190242.000000 
13476666.000000 6873882.000000 
14184116.000000 5878866.000000 
13481830.000000 6513666.000000 
17377266.000000 4378620.000000 
18104574.000000 4334016.000000 
15442666.000000 5084008.000000 
14924166.000000 5418316.000000 
21856270.000000 3854774.000000 
20727708.000000 3902132.000000 
17818522.000000 4337964.000000 
13938790.000000 5932058.000000 
14235472.000000 5770776.000000 
19266514.000000 4006488.000000 
19064850.000000 4062808.000000 
13687898.000000 6236606.000000 
14764676.000000 5597276.000000 
18125990.000000 4191634.000000 
20658412.000000 3925596.000000 
15272738.000000 5222412.000000 
17425856.000000 4355212.000000 
15414708.000000 5193130.000000 
17268176.000000 4407252.000000 
17120954.000000 4462354.000000 
15221488.000000 5338550.000000 
18536514.000000 4084710.000000 
17151078.000000 4431006.000000 
14628394.000000 5601436.000000 
14336060.000000 5614406.000000 
13903622.000000 6157904.000000 
14198546.000000 5874000.000000 
18271462.000000 4134078.000000 
19492098.000000 3954608.000000 
14801056.000000 5440008.000000 
14969148.000000 5384868.000000 
15614032.000000 5012456.000000 
16096150.000000 4761608.000000 
16472290.000000 4697364.000000 
14816264.000000 5435414.000000 
15047136.000000 5370004.000000 
15731354.000000 4944666.000000 
16804386.000000 4493786.000000 
20557886.000000 3929232.000000 
21750344.000000 3884912.000000 

17598354.000000 4058128.000000 
19829570.000000 3578148.000000 
13967438.000000 6318804.000000 
16478906.000000 4602260.000000 
24342492.000000 3407670.000000 
14888284.000000 5454224.000000 
14780386.000000 5918516.000000 
15955518.000000 4923314.000000 
14048984.000000 6274220.000000 
12898582.000000 7612256.000000 
13936180.000000 6334452.000000 
20882240.000000 3570214.000000 
12491086.000000 8234114.000000 
24995540.000000 3269572.000000 
11824330.000000 8665326.000000 
16501616.000000 4385710.000000 
12835000.000000 7925082.000000 
17607534.000000 4014320.000000 
11884500.000000 8634524.000000 
11716978.000000 9317708.000000 
23582514.000000 3431002.000000 
13455776.000000 7003022.000000 
17173554.000000 4104802.000000 
17077040.000000 4130564.000000 
18530882.000000 3724592.000000 
21963526.000000 3509946.000000 
11776914.000000 9288268.000000 
15237908.000000 5157746.000000 
18729964.000000 3612510.000000 
23622896.000000 3415944.000000 
13179936.000000 7379182.000000 
14338428.000000 6001756.000000 
22473072.000000 3475236.000000 
13878072.000000 6427180.000000 
13447568.000000 7199400.000000 
17057222.000000 4264724.000000 
18354910.000000 3868422.000000 
14096024.000000 6125288.000000 
16431452.000000 4652138.000000 
16347522.000000 4659980.000000 
16012598.000000 4869450.000000 
22913212.000000 3434644.000000 
24949564.000000 3330204.000000 
24944620.000000 3333578.000000 
13687628.000000 6438232.000000 
18261680.000000 3894810.000000 
24359146.000000 3350238.000000 
17678960.000000 3922984.000000 
16496714.000000 4576636.000000 
13449372.000000 7052484.000000 
18409164.000000 3796648.000000 
13506374.000000 6457540.000000 
17776888.000000 3896552.000000 
12747826.000000 7933120.000000 
22822336.000000 3475148.000000 
14445842.000000 5990562.000000 
17500426.000000 4084560.000000 
15666048.000000 5014376.000000 
16214548.000000 4708942.000000 
21113998.000000 3554642.000000 
18423266.000000 3775134.000000 
17656044.000000 3993452.000000 
16109810.000000 4714420.000000 
22244748.000000 3509196.000000 
22294656.000000 3484186.000000 

20089330.000000 3751360.000000 
17758920.000000 4171190.000000 
15531556.000000 5255056.000000 
16493768.000000 4199574.000000 
14334054.000000 5785948.000000 
15048522.000000 5582626.000000 
15120910.000000 5538924.000000 
12898424.000000 7309028.000000 
15828272.000000 5124804.000000 
22365778.000000 3554502.000000 
13125160.000000 6807308.000000 
14140964.000000 6133354.000000 
18716880.000000 3902268.000000 
15792704.000000 5156460.000000 
15975982.000000 4991562.000000 
12045744.000000 8321322.000000 
14910918.000000 5650726.000000 
17829438.000000 4168608.000000 
15464904.000000 5432900.000000 
13119636.000000 6963034.000000 
12393394.000000 7763526.000000 
13431348.000000 6432092.000000 
12241398.000000 8296660.000000 
12491966.000000 7383692.000000 
16155228.000000 4788328.000000 
16208478.000000 4690566.000000 
15316616.000000 5515484.000000 
17197122.000000 4181772.000000 
12817264.000000 7345102.000000 
18206840.000000 3906720.000000 
20141336.000000 3742550.000000 
13888384.000000 6395092.000000 
12952832.000000 7195358.000000 
15965798.000000 5079136.000000 
14014784.000000 6286938.000000 
14213226.000000 5958824.000000 
11951650.000000 8691524.000000 
14035852.000000 6204134.000000 
16257230.000000 4325686.000000 
19263576.000000 3871362.000000 
15471518.000000 5377998.000000 
19303726.000000 3854036.000000 
14830212.000000 5738892.000000 
20180330.000000 3688136.000000 
14547986.000000 5785126.000000 
12978156.000000 7041344.000000 

13665350.000000 6197500.000000 
16193854.000000 4589694.000000 
14285644.000000 5773030.000000 
13988770.000000 6062506.000000 
20945020.000000 3702266.000000 
14684312.000000 5448314.000000 
15388066.000000 5150648.000000 
13514948.000000 6722826.000000 
15717282.000000 4599620.000000 
12982788.000000 7666880.000000 
19710456.000000 3743686.000000 
21076220.000000 3680338.000000 
21087024.000000 3676910.000000 
15516692.000000 4802518.000000 
19563616.000000 3850278.000000 
21138070.000000 3674490.000000 
21152380.000000 3660084.000000 
14549024.000000 5631346.000000 
20179516.000000 3720032.000000 
16602230.000000 4471028.000000 
16545122.000000 4525278.000000 
16607676.000000 4364780.000000 
14726978.000000 5346698.000000 
17393656.000000 4322270.000000 
12795992.000000 7894618.000000 
12977134.000000 7893164.000000 
21895224.000000 3529508.000000 
13067932.000000 7498622.000000 
13525116.000000 6632986.000000 
18376562.000000 3974906.000000 
15099834.000000 5191986.000000 
13191996.000000 7436620.000000 
17641044.000000 4216092.000000 
18212778.000000 4128152.000000 
16373956.000000 4534932.000000 
15719148.000000 4590988.000000 
15409028.000000 4968644.000000 
18495926.000000 3913862.000000 
14520548.000000 5658198.000000 
14934546.000000 5337612.000000 
14175692.000000 5943652.000000 
13313176.000000 6755080.000000 

18695766.000000 3879190.000000 
16017952.000000 4894236.000000 
22982102.000000 3288064.000000 
15817804.000000 5071902.000000 
18260466.000000 3979024.000000 
14656166.000000 5765846.000000 
12650202.000000 8357730.000000 
19415934.000000 3589546.000000 
19917096.000000 3540496.000000 
21135820.000000 3439540.000000 
22685512.000000 3320586.000000 
14038986.000000 6177582.000000 
20344188.000000 3511392.000000 
21503110.000000 3365764.000000 
14526124.000000 5801490.000000 
15030148.000000 5474896.000000 
15873794.000000 4936288.000000 
17278456.000000 4240486.000000 
15677790.000000 5236720.000000 
13167942.000000 7332344.000000 
18921398.000000 3785732.000000 
13287864.000000 7318816.000000 
14981822.000000 5528704.000000 
12748530.000000 7738934.000000 
15769556.000000 5231120.000000 
18089732.000000 4051550.000000 
14436398.000000 5818744.000000 
14138100.000000 6107426.000000 
13644284.000000 6493232.000000 
15196968.000000 5256542.000000 
15079798.000000 5423032.000000 
19205704.000000 3711370.000000 
14115534.000000 6150078.000000 
13149410.000000 7704016.000000 
18696814.000000 3826996.000000 
15785136.000000 5098852.000000 
21769242.000000 3358400.000000 
14659634.000000 5599928.000000 
13325778.000000 7308422.000000 
18645138.000000 3962844.000000 
19192512.000000 3765786.000000 
14021560.000000 6295038.000000 
16952674.000000 4385246.000000 
16376478.000000 4419444.000000 
21424938.000000 3437232.000000 
22419380.000000 3327950.000000 
16313670.000000 4769108.000000 
14335554.000000 6069390.000000 
13551532.000000 6640424.000000 
13329828.000000 6739608.000000 
17554600.000000 4089382.000000 
14393976.000000 5965368.000000 
16038044.000000 4867872.000000 
23707084.000000 3236046.000000 
12716096.000000 7832080.000000 
12854294.000000 7733266.000000 
17168550.000000 4358632.000000 
23440952.000000 3243410.000000 
13672012.000000 6411218.000000 
14379440.000000 6010774.000000 

20707706.000000 3754582.000000 
24570390.000000 3571470.000000 
24442454.000000 3605040.000000 
13872246.000000 6076778.000000 
14294106.000000 5634314.000000 
17738366.000000 4148950.000000 
18276456.000000 4018888.000000 
18241902.000000 4059334.000000 
13030536.000000 8340498.000000 
13271280.000000 6725468.000000 
13223350.000000 6916186.000000 
14266314.000000 5721486.000000 
15232720.000000 4937674.000000 
22783432.000000 3646444.000000 
19669256.000000 3814582.000000 
18848554.000000 3876694.000000 
19062686.000000 3842616.000000 
12991510.000000 8465900.000000 
17451042.000000 4214834.000000 
14260918.000000 5934012.000000 
16015878.000000 4581526.000000 
17670046.000000 4199630.000000 
19698786.000000 3786362.000000 
22312350.000000 3676996.000000 
15948238.000000 4711878.000000 
13337440.000000 6508242.000000 
16072826.000000 4510618.000000 
18493810.000000 4003678.000000 
13086736.000000 7355708.000000 
22111480.000000 3692222.000000 
18678490.000000 3880304.000000 
18626924.000000 3898208.000000 
15961128.000000 4683200.000000 
21152736.000000 3707128.000000 
16646510.000000 4394468.000000 
17925354.000000 4076964.000000 
13944770.000000 6073094.000000 
14187580.000000 5952670.000000 
14668678.000000 5562668.000000 
16391920.000000 4410666.000000 
13464628.000000 6354050.000000 
13490428.000000 6349104.000000 
23775582.000000 3631946.000000 
14071670.000000 6034750.000000 
15701882.000000 4772720.000000 
15536422.000000 4834502.000000 
18539808.000000 3994358.000000 
13805328.000000 6146866.000000 
13849058.000000 6081976.000000 
13428004.000000 6446308.000000 
18575696.000000 3979988.000000 
14993412.000000 5020534.000000 
15209792.000000 4938710.000000 
14884302.000000 5486514.000000 
13541220.000000 6186894.000000 

13234554.000000 6636646.000000 
19961130.000000 3708366.000000 
16404526.000000 4476492.000000 
18400942.000000 3830988.000000 
18166894.000000 3868346.000000 
13974044.000000 5724306.000000 
12440822.000000 7399580.000000 
13307136.000000 6566350.000000 
14748656.000000 5443648.000000 
16348176.000000 4547590.000000 
17060962.000000 4376788.000000 
15723848.000000 4803268.000000 
13313082.000000 6370744.000000 
16175618.000000 4585758.000000 
14491202.000000 5527848.000000 
20229782.000000 3691844.000000 
12062306.000000 9115144.000000 
16712520.000000 4425112.000000 
12545634.000000 7086766.000000 
16008030.000000 4678590.000000 
16379486.000000 4520942.000000 
20191924.000000 3700126.000000 
16243264.000000 4580312.000000 
12910490.000000 6716538.000000 
14616418.000000 5487060.000000 
12236246.000000 9004506.000000 
17438722.000000 4325188.000000 
18722094.000000 3780050.000000 
20938728.000000 3643300.000000 
12456768.000000 7318620.000000 
14655234.000000 5463264.000000 
19921606.000000 3709602.000000 
14428724.000000 5651118.000000 
19752752.000000 3728512.000000 
17407506.000000 4332010.000000 
21818472.000000 3622878.000000 
14429336.000000 5648248.000000 
15696946.000000 4816080.000000 
24177594.000000 3559882.000000 
21935224.000000 3609904.000000 
19143980.000000 3745296.000000 
18147460.000000 4147186.000000 
12667476.000000 6879794.000000 
19462600.000000 3732790.000000 
18748264.000000 3769752.000000 
14858044.000000 5378624.000000 
14944416.000000 4967316.000000 
15733622.000000 4754036.000000 
12772892.000000 6733770.000000 
18130724.000000 4163202.000000 
23489752.000000 3582414.000000 
13418346.000000 6161404.000000 
13533766.000000 5940522.000000 
12308884.000000 7710702.000000 
14899140.000000 5193682.000000 
17702068.000000 4264018.000000 
15237290.000000 4839740.000000 
17726490.000000 4250816.000000 
17540062.000000 4284178.000000 
12693868.000000 6842374.000000 
12400540.000000 7637824.000000 
17943070.000000 4226376.000000 
18020076.000000 4199972.000000 

21686460.000000 3554044.000000 
15234112.000000 4913514.000000 
14082156.000000 5789868.000000 
14948240.000000 5013326.000000 
15123680.000000 4971268.000000 
17248498.000000 4242114.000000 
13987872.000000 5840180.000000 
14725954.000000 5100138.000000 
21665632.000000 3574072.000000 
20783180.000000 3658586.000000 
12939130.000000 6448182.000000 
13341744.000000 6404892.000000 
13537658.000000 6166340.000000 
17352730.000000 4214558.000000 
16586476.000000 4369070.000000 
22714314.000000 3494752.000000 
16676968.000000 4270574.000000 
18159170.000000 4159156.000000 
12927398.000000 6709342.000000 
12689036.000000 6866958.000000 
15502026.000000 4757874.000000 
12481726.000000 6937548.000000 
12938338.000000 6690238.000000 
17422426.000000 4187888.000000 
12936180.000000 6702634.000000 
14133130.000000 5565332.000000 
16130084.000000 4669546.000000 
12352412.000000 7291882.000000 
12342326.000000 7295806.000000 
19141584.000000 3768174.000000 
20968734.000000 3587022.000000 
16143030.000000 4466878.000000 
19782286.000000 3764532.000000 
14282650.000000 5511630.000000 
14099012.000000 5584864.000000 
13441886.000000 6370292.000000 
14406586.000000 5270584.000000 
12896808.000000 6760304.000000 
18139678.000000 4162282.000000 
23716410.000000 3454218.000000 
13510422.000000 6311132.000000 
15954708.000000 4757494.000000 
21967106.000000 3500516.000000 
18363886.000000 3816484.000000 
18315106.000000 4057730.000000 
20620740.000000 3661100.000000 
16476690.000000 4405598.000000 
16733078.000000 4256818.000000 
18951614.000000 3802496.000000 
18264054.000000 4130782.000000 
15181528.000000 4967554.000000 
12117498.000000 7410476.000000 
13552548.000000 6013824.000000 
16416738.000000 4423974.000000 
16375200.000000 4442908.000000 
12200032.000000 7387050.000000 
20372230.000000 3728800.000000 
17746184.000000 4173910.000000 
18281420.000000 4093762.000000 

14713336.000000 5433858.000000 
16844418.000000 4300682.000000 
20457894.000000 3799822.000000 
14688106.000000 5610722.000000 
22568108.000000 3652634.000000 
22968446.000000 3565274.000000 
21419680.000000 3742122.000000 
16317830.000000 4474070.000000 
17019898.000000 4123558.000000 
18399746.000000 4017498.000000 
13218072.000000 6752876.000000 
15580568.000000 4790944.000000 
16913054.000000 4289452.000000 
14917356.000000 5372270.000000 
15239858.000000 5059408.000000 
20250962.000000 3998782.000000 
12589210.000000 7475012.000000 
15558074.000000 4864538.000000 
15392480.000000 4897080.000000 
15074424.000000 5163106.000000 
12496338.000000 7592818.000000 
16500656.000000 4387370.000000 
12262640.000000 7927052.000000 
13508818.000000 6102780.000000 
22862848.000000 3619536.000000 
13965704.000000 6052318.000000 
22309698.000000 3657318.000000 
12955278.000000 7058558.000000 
12378518.000000 7748144.000000 
22217212.000000 3690768.000000 
12432176.000000 7607564.000000 
22945826.000000 3593664.000000 
22978026.000000 3511178.000000 
13317032.000000 6704326.000000 
14920704.000000 5357122.000000 
20632364.000000 3767902.000000 
15810340.000000 4691968.000000 
12760718.000000 7229580.000000 
16783506.000000 4370694.000000 
12640938.000000 7242770.000000 
12632174.000000 7258764.000000 
22683974.000000 3638580.000000 
17616150.000000 4077798.000000 
15106256.000000 5135224.000000 
12195760.000000 8292802.000000 
15858010.000000 4528990.000000 
14086560.000000 5922966.000000 
14207216.000000 5890328.000000 
16008416.000000 4493850.000000 
22271068.000000 3673548.000000 
14314318.000000 5653658.000000 
13327462.000000 6141996.000000 
13131610.000000 6885080.000000 
13067036.000000 6933040.000000 

17683064.000000 4308290.000000 
17232156.000000 4458994.000000 
18938862.000000 3999192.000000 
17725982.000000 4217712.000000 
19018038.000000 3949408.000000 
13139112.000000 6768230.000000 
20664776.000000 3571290.000000 
12784678.000000 7313058.000000 
14579242.000000 5586694.000000 
12310360.000000 7698432.000000 
21087992.000000 3570794.000000 
12489720.000000 7481180.000000 
13472186.000000 6568394.000000 
20025738.000000 3684786.000000 
17860158.000000 4172530.000000 
21265602.000000 3553648.000000 
21292404.000000 3547052.000000 
13547958.000000 6471158.000000 
19248746.000000 3799802.000000 
19070650.000000 3829678.000000 
14408060.000000 5720008.000000 
14532160.000000 5678948.000000 
21398776.000000 3504822.000000 
12428086.000000 7521054.000000 
15207174.000000 5108522.000000 
21843040.000000 3467086.000000 
21504902.000000 3488310.000000 
14286464.000000 5737816.000000 
17038396.000000 4510220.000000 
18496108.000000 4114396.000000 
16444900.000000 4551720.000000 
17318496.000000 4384810.000000 
19183860.000000 3816448.000000 
12785988.000000 7118278.000000 
17457356.000000 4336420.000000 
19486164.000000 3727626.000000 
14105760.000000 5850470.000000 
13088872.000000 6921132.000000 
15360580.000000 4952310.000000 
13086124.000000 6981266.000000 
13657934.000000 6285782.000000 
23305726.000000 3208458.000000 
18048508.000000 4114986.000000 
19655052.000000 3718570.000000 
17986610.000000 4131948.000000 
22220418.000000 3371458.000000 
15084486.000000 5148970.000000 
16065528.000000 4874690.000000 
18804728.000000 4097672.000000 
14244918.000000 5786092.000000 
19847318.000000 3718320.000000 
18843128.000000 4078932.000000 
17207404.000000 4459364.000000 
22549322.000000 3343718.000000 
22626714.000000 3258274.000000 
14905096.000000 5313662.000000 
18591310.000000 4107384.000000 
14584228.000000 5529024.000000 
17700486.000000 4224340.000000 
13749286.000000 5986724.000000 
14566424.000000 5623862.000000 
12656404.000000 7323400.000000 
14974796.000000 5229116.000000 
14795406.000000 5393808.000000 

20403608.000000 3677958.000000 
18438692.000000 3967872.000000 
13650922.000000 6451500.000000 
12341794.000000 8245030.000000 
15227168.000000 5729336.000000 
22894832.000000 3299414.000000 
15847160.000000 5189400.000000 
14545668.000000 6084900.000000 
22829084.000000 3557730.000000 
22739906.000000 3559212.000000 
14296074.000000 6307158.000000 
19329548.000000 3916686.000000 
13463320.000000 6969336.000000 
13593730.000000 6843932.000000 
15222790.000000 5747234.000000 
14994070.000000 6004786.000000 
12591098.000000 8042894.000000 
15242670.000000 5608392.000000 
15043232.000000 5769306.000000 
13494608.000000 6848626.000000 
13284120.000000 6994458.000000 
18066836.000000 4385218.000000 
16141620.000000 5066688.000000 
14919650.000000 6047934.000000 
17089358.000000 4522082.000000 
16050902.000000 5119830.000000 
15977374.000000 5155644.000000 
20138712.000000 3868354.000000 
17914612.000000 4425456.000000 
12701522.000000 7084384.000000 
14185458.000000 6341510.000000 
13949444.000000 6407302.000000 
17263776.000000 4475900.000000 
21033444.000000 3574858.000000 
17166238.000000 4500808.000000 
20361766.000000 3754008.000000 
15239426.000000 5696442.000000 
12302248.000000 8771986.000000 
15408644.000000 5522998.000000 
12375052.000000 8180030.000000 
12594048.000000 7795768.000000 
18060428.000000 4388862.000000 
13606094.000000 6806134.000000 
16757680.000000 4627424.000000 
12554936.000000 8053326.000000 
13201304.000000 7066582.000000 
14202192.000000 6329318.000000 
18267238.000000 4015574.000000 
15434468.000000 5264798.000000 
16659444.000000 4936592.000000 
16326992.000000 4993312.000000 
16481460.000000 4958222.000000 

13806044.000000 6498102.000000 
17123764.000000 3859960.000000 
16849908.000000 3898026.000000 
13268722.000000 7342742.000000 
13367524.000000 7239688.000000 
14248500.000000 5962358.000000 
14308164.000000 5919800.000000 
15987016.000000 4401354.000000 
16467098.000000 4111740.000000 
15113594.000000 5326976.000000 
16831684.000000 3903814.000000 
13192560.000000 7578522.000000 
13527226.000000 6800554.000000 
15371070.000000 5253554.000000 
23041594.000000 3602660.000000 
21930516.000000 3603638.000000 
19442802.000000 3788332.000000 
14482412.000000 5446802.000000 
15637364.000000 4925958.000000 
15444588.000000 5120370.000000 
20782842.000000 3639500.000000 
14195574.000000 6055854.000000 
15700182.000000 4917190.000000 
14393050.000000 5753640.000000 
15529798.000000 5005664.000000 
15910504.000000 4466122.000000 
12185942.000000 7822860.000000 
12019878.000000 8400260.000000 
20584460.000000 3670148.000000 
20466824.000000 3681620.000000 
21160624.000000 3633688.000000 
19839248.000000 3756074.000000 
13183008.000000 7613742.000000 
15771896.000000 4639162.000000 
23326334.000000 3548268.000000 
13554988.000000 6691406.000000 
19667678.000000 3771162.000000 
16613148.000000 4095764.000000 
16077976.000000 4382264.000000 
18581172.000000 3797914.000000 
15296172.000000 5260132.000000 
13854666.000000 6093976.000000 
23993626.000000 3542968.000000 

