17138350.000000 4727986.000000 
17326232.000000 4333934.000000 
17248866.000000 4602210.000000 
16168562.000000 4949940.000000 
13379232.000000 6516376.000000 
12092072.000000 8364988.000000 
22915852.000000 3651008.000000 
20791096.000000 3701028.000000 
18794708.000000 4292394.000000 
16785288.000000 4834452.000000 
13782710.000000 5852664.000000 
13770628.000000 5860976.000000 
14742622.000000 5450146.000000 
13163728.000000 6545140.000000 
16226318.000000 4897234.000000 
13394518.000000 6417804.000000 
14101874.000000 5708890.000000 
13919496.000000 5771710.000000 
13443872.000000 6377326.000000 
12472052.000000 7485122.000000 
14130576.000000 5702948.000000 
20640384.000000 3824220.000000 
13160178.000000 6884954.000000 
13141026.000000 6886168.000000 
14144142.000000 5564320.000000 
14893328.000000 5236734.000000 
18901012.000000 4207540.000000 
16371742.000000 4853456.000000 
17273152.000000 4466282.000000 
14335134.000000 5563912.000000 
16448692.000000 4851138.000000 
15256322.000000 5177196.000000 
15563780.000000 5052260.000000 
16981300.000000 4795006.000000 
14790440.000000 5403684.000000 
14850760.000000 5328634.000000 
15470732.000000 5078886.000000 
20010858.000000 4050904.000000 
19569652.000000 4089822.000000 
13605288.000000 5910266.000000 
12092788.000000 7506612.000000 
13468238.000000 6042734.000000 
14443878.000000 5473820.000000 
15939322.000000 5032448.000000 
12472540.000000 7274136.000000 
12666894.000000 7165826.000000 
12760602.000000 7091490.000000 
14091324.000000 5725018.000000 

15653626.000000 5311802.000000 
15054028.000000 5857974.000000 
19138504.000000 3907230.000000 
16767182.000000 4737268.000000 
16695632.000000 4938994.000000 
17159598.000000 4654784.000000 
15577944.000000 5364138.000000 
16261114.000000 5025458.000000 
16737492.000000 4844166.000000 
15511368.000000 5473184.000000 
16185278.000000 5131784.000000 
18112944.000000 4311054.000000 
21223370.000000 3521954.000000 
21818828.000000 3493954.000000 
19437082.000000 3741784.000000 
14009844.000000 6166766.000000 
15724036.000000 5256394.000000 
15512460.000000 5424234.000000 
15122868.000000 5848014.000000 
15110806.000000 5857678.000000 
13801680.000000 6777150.000000 
13834622.000000 6641860.000000 
17109124.000000 4732046.000000 
13516756.000000 6973274.000000 
18663314.000000 4060138.000000 
19214926.000000 3871852.000000 
14524926.000000 6047330.000000 
13884588.000000 6273262.000000 
19278170.000000 3780756.000000 
16036100.000000 5165002.000000 
19732348.000000 3682784.000000 
20215828.000000 3615380.000000 
13757502.000000 6789208.000000 
20971876.000000 3569390.000000 
21426352.000000 3505096.000000 
21972112.000000 3441604.000000 
17478722.000000 4393326.000000 
18355816.000000 4149474.000000 
18382314.000000 4127564.000000 
18765966.000000 3915662.000000 
15246072.000000 5579836.000000 
15155702.000000 5687966.000000 
19282892.000000 3747402.000000 
16184956.000000 5153780.000000 
18189364.000000 4223542.000000 
17670442.000000 4315628.000000 
13044794.000000 7683294.000000 
14625584.000000 5879724.000000 
14559118.000000 5987850.000000 

12064274.000000 8230462.000000 
12040206.000000 8423978.000000 
19041338.000000 4214600.000000 
19393134.000000 4114724.000000 
19942876.000000 3867478.000000 
20367352.000000 3684766.000000 
12613014.000000 7658916.000000 
12413646.000000 7882132.000000 
15480220.000000 5296786.000000 
14314830.000000 6104394.000000 
15261856.000000 5505386.000000 
13955304.000000 6482794.000000 
17911408.000000 4364978.000000 
18355312.000000 4353644.000000 
19250664.000000 4173552.000000 
19361456.000000 4167052.000000 
17774302.000000 4553380.000000 
17452092.000000 4572776.000000 
18370052.000000 4335434.000000 
18529936.000000 4275862.000000 
16718236.000000 4929462.000000 
15987136.000000 5138798.000000 
13229504.000000 7084108.000000 
15552734.000000 5185052.000000 
19579072.000000 4018830.000000 
14091070.000000 6177314.000000 
14233008.000000 6124750.000000 
17190250.000000 4614972.000000 
14088194.000000 6335932.000000 
13722234.000000 6510424.000000 
13458650.000000 6734824.000000 
13997110.000000 6468040.000000 
16026946.000000 4968986.000000 
15882896.000000 5171014.000000 
14558950.000000 5817418.000000 
14468060.000000 5881704.000000 
12805328.000000 7295818.000000 
20095530.000000 3757832.000000 
13299882.000000 6906068.000000 
15087220.000000 5670852.000000 
15094162.000000 5660120.000000 
16735000.000000 4764032.000000 
14475278.000000 5830082.000000 
21886516.000000 3625024.000000 
17902822.000000 4417488.000000 

20605780.000000 3886220.000000 
24043632.000000 3585796.000000 
24646630.000000 3570032.000000 
16589240.000000 4946752.000000 
15832318.000000 5259414.000000 
18205860.000000 4276070.000000 
20040478.000000 3991868.000000 
20042734.000000 3956864.000000 
19729758.000000 4004750.000000 
21111360.000000 3839334.000000 
21282288.000000 3717526.000000 
16926162.000000 4802314.000000 
22342476.000000 3631162.000000 
23621632.000000 3587148.000000 
21115516.000000 3815438.000000 
20629680.000000 3872768.000000 
15989900.000000 5252088.000000 
16189062.000000 5157436.000000 
16201862.000000 5103402.000000 
16990434.000000 4744532.000000 
17029516.000000 4676886.000000 
17609112.000000 4343784.000000 
18263398.000000 4267418.000000 
15657464.000000 5624738.000000 
17812020.000000 4288174.000000 
19702220.000000 4061638.000000 
18794860.000000 4126962.000000 
18122206.000000 4283416.000000 
17199556.000000 4489806.000000 
13728100.000000 6653910.000000 
14426390.000000 6327026.000000 
14553018.000000 6218652.000000 
14034714.000000 6551312.000000 
18314786.000000 4135288.000000 
19699964.000000 4096642.000000 
19576744.000000 4112066.000000 
13082254.000000 7568472.000000 
13648090.000000 7098438.000000 
14736548.000000 6167504.000000 
13389750.000000 7464600.000000 
15542986.000000 5908578.000000 
14918102.000000 6019956.000000 
15170498.000000 5993750.000000 
15346302.000000 5916774.000000 
15260404.000000 5961934.000000 
14831020.000000 6091484.000000 
14774482.000000 6096878.000000 

20939710.000000 3667386.000000 
20106632.000000 3775918.000000 
15195150.000000 5552400.000000 
14470658.000000 6484040.000000 
22893934.000000 3368404.000000 
21200222.000000 3394808.000000 
18023128.000000 3936910.000000 
19306162.000000 3922604.000000 
17933898.000000 4003994.000000 
19302984.000000 3927272.000000 
14557254.000000 6398962.000000 
16691976.000000 4173892.000000 
16234022.000000 4471252.000000 
16049450.000000 4585608.000000 
15004624.000000 5733552.000000 
15780204.000000 4742756.000000 
24538676.000000 3288112.000000 
21160860.000000 3546478.000000 
15775354.000000 4948292.000000 
17846526.000000 4122532.000000 
15484606.000000 5446618.000000 
21081168.000000 3627016.000000 
14570788.000000 5991556.000000 
24830588.000000 3165038.000000 
25613378.000000 3076368.000000 
23464182.000000 3367782.000000 
13784270.000000 6931250.000000 
24760578.000000 3271742.000000 
14209628.000000 6580106.000000 
24488870.000000 3321570.000000 
19883506.000000 3851326.000000 
16646730.000000 4292468.000000 
24061448.000000 3333140.000000 
15760490.000000 5384054.000000 
20429554.000000 3721654.000000 

13460266.000000 7895342.000000 
18871578.000000 3739040.000000 
16578232.000000 4568144.000000 
17864462.000000 4257250.000000 
18764568.000000 3924804.000000 
18607060.000000 3988190.000000 
20888480.000000 3511532.000000 
21315792.000000 3409248.000000 
17766640.000000 4332278.000000 
16064134.000000 4739092.000000 
18383334.000000 3998148.000000 
18688826.000000 3960330.000000 
22555342.000000 3301076.000000 
21706082.000000 3313244.000000 
22037494.000000 3309350.000000 
22293184.000000 3307752.000000 
21439678.000000 3320460.000000 
21424020.000000 3390248.000000 
21291082.000000 3473300.000000 
17932526.000000 4128016.000000 
14401752.000000 6540940.000000 
19364354.000000 3645800.000000 
19564506.000000 3644198.000000 
20846742.000000 3525072.000000 
19110146.000000 3651920.000000 
19310298.000000 3650318.000000 
19090740.000000 3706710.000000 
14849232.000000 6001148.000000 
13998916.000000 7375998.000000 
15797720.000000 5589640.000000 
16756300.000000 4382752.000000 
16335572.000000 4654932.000000 
14837240.000000 6369452.000000 
14888642.000000 5962554.000000 
15969934.000000 5540356.000000 
14272876.000000 6889430.000000 
13759094.000000 7773294.000000 
24372288.000000 3209130.000000 
20396466.000000 3557594.000000 
20662870.000000 3550378.000000 
15107396.000000 5766482.000000 

13649398.000000 8222036.000000 
20518922.000000 3541548.000000 
19839964.000000 3545068.000000 
19179962.000000 3617092.000000 
17075542.000000 4702916.000000 
18034172.000000 4155500.000000 
14380656.000000 6010198.000000 
25539998.000000 3255212.000000 
19045662.000000 3868770.000000 
17846882.000000 4161194.000000 
16168308.000000 4904340.000000 
18746138.000000 3909526.000000 
17757326.000000 4180494.000000 
18258032.000000 4063578.000000 
17145710.000000 4183324.000000 
14289112.000000 6060742.000000 
16223206.000000 4835624.000000 
14842838.000000 5557280.000000 
14390664.000000 5882564.000000 
15267974.000000 5206110.000000 
15631034.000000 4923194.000000 
15202530.000000 5245532.000000 
14510542.000000 5834258.000000 
15488008.000000 5113826.000000 
24626744.000000 3279378.000000 
22749992.000000 3413004.000000 
19006790.000000 3907712.000000 
13497248.000000 8725978.000000 
20568634.000000 3484864.000000 
23190572.000000 3280678.000000 
22582656.000000 3443950.000000 
16685796.000000 4743844.000000 
16750334.000000 4734586.000000 
14179134.000000 6237400.000000 
16470004.000000 4781002.000000 
14981262.000000 5480490.000000 
19167502.000000 3729540.000000 
16392346.000000 4814880.000000 
16159226.000000 4916236.000000 
14092176.000000 6538542.000000 
13954980.000000 6554402.000000 
13936610.000000 6668004.000000 
13799502.000000 6678782.000000 
13664780.000000 6706800.000000 
15593576.000000 4923806.000000 
18683360.000000 4027854.000000 
13474970.000000 8822318.000000 

12161618.000000 7844948.000000 
12468510.000000 7760680.000000 
15645784.000000 5681912.000000 
14052928.000000 6602534.000000 
14938980.000000 5913762.000000 
14096244.000000 6492842.000000 
16270382.000000 4896358.000000 
14213774.000000 6339482.000000 
14162668.000000 6394572.000000 
12995536.000000 7127092.000000 
12737694.000000 7233832.000000 
19303318.000000 4185844.000000 
14561592.000000 6132258.000000 
15555666.000000 5795120.000000 
18249456.000000 4259646.000000 
17086634.000000 4511180.000000 
13528688.000000 6896848.000000 
14562038.000000 5964022.000000 
13981684.000000 6617660.000000 
18185032.000000 4298530.000000 
13866090.000000 6679288.000000 
13618404.000000 6808204.000000 
13290404.000000 6927180.000000 
12485128.000000 7240104.000000 
16107376.000000 5289398.000000 
13717512.000000 6741008.000000 
14116650.000000 6417748.000000 
16197522.000000 5203716.000000 
16203688.000000 5039606.000000 
19309494.000000 4155982.000000 
14109576.000000 6489672.000000 
15756576.000000 5405878.000000 
15069400.000000 5858846.000000 
17051894.000000 4700574.000000 
14412292.000000 6192474.000000 
17972572.000000 4445874.000000 
21432956.000000 3928878.000000 
20809394.000000 3945028.000000 
18039282.000000 4357168.000000 
16457142.000000 4760152.000000 
15619500.000000 5790370.000000 
14404840.000000 6259162.000000 
24737660.000000 3467922.000000 
20078092.000000 4064094.000000 
24134024.000000 3484004.000000 
22701888.000000 3672818.000000 
23326842.000000 3669466.000000 
19435422.000000 4068364.000000 
22217234.000000 3865680.000000 
19320004.000000 4111210.000000 

12137540.000000 7863620.000000 
18442226.000000 4104810.000000 
13680160.000000 6570564.000000 
21245714.000000 3528696.000000 
21202664.000000 3529938.000000 
15925850.000000 5177664.000000 
18837686.000000 3877926.000000 
20097168.000000 3767168.000000 
18842848.000000 3781064.000000 
14343250.000000 5641438.000000 
14505774.000000 5605522.000000 
15039502.000000 5228456.000000 
12507426.000000 7705128.000000 
21161622.000000 3626098.000000 
14948702.000000 5494686.000000 
17703174.000000 4233496.000000 
17401134.000000 4538268.000000 
17232038.000000 4578110.000000 
16797340.000000 4939700.000000 
16182432.000000 5096304.000000 
16872062.000000 4839794.000000 
12803568.000000 7379850.000000 
17569656.000000 4306480.000000 
13029174.000000 7106868.000000 
13404156.000000 6749736.000000 
13864948.000000 6046356.000000 
13126764.000000 6928944.000000 
13258168.000000 6790046.000000 
13951238.000000 5928494.000000 
13456276.000000 6573388.000000 
13801370.000000 6493382.000000 
16807488.000000 4902096.000000 
12065786.000000 8266020.000000 
12187564.000000 7714666.000000 
12936404.000000 7340958.000000 
13390622.000000 6751744.000000 
13257490.000000 6799798.000000 
18511148.000000 4075684.000000 
16341868.000000 5034260.000000 
16566106.000000 4992306.000000 
16732464.000000 4953318.000000 
13686498.000000 6527980.000000 
13104132.000000 7040000.000000 
13126016.000000 6948846.000000 
24633894.000000 3493882.000000 
22346136.000000 3514126.000000 
24391694.000000 3495648.000000 
21057226.000000 3752398.000000 

16559144.000000 4711484.000000 
21874876.000000 3644252.000000 
22144326.000000 3584084.000000 
18546366.000000 4007392.000000 
17729870.000000 4386012.000000 
18071724.000000 4127684.000000 
16078648.000000 4963008.000000 
15374936.000000 5065134.000000 
15644470.000000 4983342.000000 
15152140.000000 5641358.000000 
15278576.000000 5356582.000000 
16810616.000000 4530526.000000 
16628196.000000 4649496.000000 
14176820.000000 6281464.000000 
14769806.000000 5789000.000000 
14281404.000000 6001372.000000 
12854148.000000 7489232.000000 
17760690.000000 4200964.000000 
23454966.000000 3546742.000000 
23371998.000000 3547434.000000 
13265342.000000 7367004.000000 
14696824.000000 5996854.000000 
17864406.000000 4150890.000000 
19141710.000000 3844870.000000 
22124466.000000 3631914.000000 
22389784.000000 3571918.000000 
20416838.000000 3792608.000000 
20510620.000000 3713058.000000 
20867344.000000 3684186.000000 
20950774.000000 3645586.000000 
13930756.000000 6839632.000000 
14014488.000000 6813488.000000 
18689402.000000 3873840.000000 
13758668.000000 7065046.000000 
18590724.000000 3958620.000000 
12432636.000000 7764660.000000 
13454094.000000 7248354.000000 

14541124.000000 6266604.000000 
17332798.000000 4556398.000000 
17812990.000000 4491240.000000 
17956114.000000 4425868.000000 
19400766.000000 3913480.000000 
20575956.000000 3528412.000000 
17446846.000000 4495334.000000 
19791792.000000 3820680.000000 
16404410.000000 4655850.000000 
16333376.000000 4825018.000000 
14171464.000000 6311852.000000 
15648328.000000 5221434.000000 
16211486.000000 4934244.000000 
13192216.000000 6623378.000000 
19966130.000000 3711504.000000 
16784810.000000 4560578.000000 
16590626.000000 4592390.000000 
15320612.000000 5335694.000000 
14549858.000000 5971206.000000 
23136928.000000 3246414.000000 
14986230.000000 5777298.000000 
14705240.000000 5901310.000000 
13056292.000000 7302996.000000 
13286532.000000 6607060.000000 
13579866.000000 6505302.000000 
13422256.000000 6547872.000000 
15209520.000000 5640460.000000 
18396268.000000 4367998.000000 
18489142.000000 4114926.000000 
20332058.000000 3589174.000000 
18529884.000000 4044350.000000 
18341514.000000 4406148.000000 
20763146.000000 3493024.000000 
22428500.000000 3373686.000000 
21388246.000000 3425940.000000 
22560528.000000 3366378.000000 
18646890.000000 3965732.000000 
15980228.000000 5033950.000000 
14129880.000000 6385544.000000 
12752936.000000 7707850.000000 

11481910.000000 8271288.000000 
11309654.000000 8763184.000000 
11254556.000000 8787090.000000 
11209404.000000 9201456.000000 
18233382.000000 4506530.000000 
16188288.000000 5358636.000000 
11907460.000000 7337308.000000 
12330598.000000 6824002.000000 
15294666.000000 5674078.000000 
14679510.000000 5912952.000000 
13371224.000000 6447228.000000 
12508234.000000 6760198.000000 
17291090.000000 4636756.000000 
16890142.000000 4915744.000000 
17119532.000000 4648502.000000 
15699690.000000 5370512.000000 
15631056.000000 5400336.000000 
15618572.000000 5481654.000000 
17047200.000000 4729790.000000 
17132512.000000 4642146.000000 
16962124.000000 4741854.000000 
15580036.000000 5521214.000000 
15439146.000000 5552730.000000 
18603128.000000 4468274.000000 
16226828.000000 5329308.000000 
14142886.000000 6035668.000000 
14053154.000000 6114778.000000 
13965850.000000 6305414.000000 
16735998.000000 4962966.000000 
11469528.000000 8657148.000000 
11403416.000000 8680198.000000 
14444576.000000 5986452.000000 
14058950.000000 6107732.000000 
14657844.000000 5979892.000000 
17814994.000000 4619662.000000 
16333732.000000 5328016.000000 
12133514.000000 6832084.000000 
12645564.000000 6711282.000000 
13168602.000000 6480092.000000 
13771440.000000 6394020.000000 
13908114.000000 6379460.000000 
19608274.000000 3803874.000000 
19561326.000000 4197600.000000 
15986998.000000 5361068.000000 
16385602.000000 5070522.000000 
15306992.000000 5651472.000000 
13999400.000000 6288540.000000 
14906524.000000 5883116.000000 
13543912.000000 6430502.000000 
15004310.000000 5687716.000000 
14953120.000000 5716890.000000 
19209894.000000 4419872.000000 

16989840.000000 4589418.000000 
16037622.000000 5180554.000000 
15262432.000000 5694372.000000 
21680902.000000 3554786.000000 
15487088.000000 5222856.000000 
15557012.000000 5196066.000000 
14968128.000000 5956214.000000 
15017280.000000 5770288.000000 
16139966.000000 5023326.000000 
16661790.000000 4843102.000000 
20198722.000000 3760036.000000 
16284846.000000 4994516.000000 
16562414.000000 4886916.000000 
14728276.000000 6126964.000000 
14803100.000000 6046856.000000 
15074010.000000 5754792.000000 
18168778.000000 4329100.000000 
16934252.000000 4807720.000000 
15336818.000000 5648086.000000 
15116560.000000 5711228.000000 
15368636.000000 5635596.000000 
14215170.000000 6366570.000000 
14059872.000000 6438790.000000 
18235798.000000 4255590.000000 
18331274.000000 4227550.000000 
17526738.000000 4425792.000000 
19091830.000000 3772518.000000 
19031488.000000 4003386.000000 
19047882.000000 3923490.000000 
13530796.000000 7030860.000000 
16076766.000000 5038236.000000 
16379886.000000 4975044.000000 
16409384.000000 4942984.000000 
16498582.000000 4918364.000000 
15384818.000000 5510170.000000 
18025356.000000 4388208.000000 
17145612.000000 4552150.000000 
22138566.000000 3527566.000000 
13371076.000000 7110048.000000 
14440280.000000 6275660.000000 
22451470.000000 3489150.000000 
23462504.000000 3411630.000000 
23246766.000000 3464186.000000 
20218200.000000 3632942.000000 
13725276.000000 6684256.000000 
13366878.000000 7144832.000000 
13183968.000000 7447234.000000 
23724388.000000 3400314.000000 
25291008.000000 3393310.000000 
21445068.000000 3593662.000000 
12803200.000000 8116084.000000 
13166374.000000 8027824.000000 
12923772.000000 8082088.000000 

12512006.000000 7501086.000000 
12464068.000000 7722794.000000 
16268052.000000 5203840.000000 
17043156.000000 4874696.000000 
18657336.000000 4414634.000000 
18584102.000000 4429126.000000 
18916144.000000 4289920.000000 
18860696.000000 4378630.000000 
19098476.000000 4213226.000000 
12805336.000000 7274520.000000 
13567548.000000 6340894.000000 
20242006.000000 3936552.000000 
15449416.000000 5600262.000000 
16469686.000000 5086828.000000 
12622282.000000 7393546.000000 
15395312.000000 5789600.000000 
13376820.000000 6445494.000000 
16573752.000000 5060112.000000 
15349364.000000 5793524.000000 
16442136.000000 5106768.000000 
16507618.000000 5070422.000000 
15158866.000000 5926144.000000 
16988004.000000 4901410.000000 
16909732.000000 4928552.000000 
16605700.000000 5005148.000000 
22071934.000000 3797198.000000 
14429970.000000 6100544.000000 
13727536.000000 6281434.000000 
13537050.000000 6399118.000000 
21746934.000000 3838512.000000 
17169132.000000 4533334.000000 
15936456.000000 5312682.000000 
15964858.000000 5235876.000000 
20053964.000000 4031418.000000 
19906882.000000 4128696.000000 
23299062.000000 3596234.000000 
15265464.000000 5898262.000000 
22971958.000000 3645862.000000 
22524964.000000 3693448.000000 
22198768.000000 3741014.000000 

21208754.000000 3821358.000000 
21152138.000000 3860366.000000 
20782190.000000 3933004.000000 
21885166.000000 3743842.000000 
24999330.000000 3706294.000000 
16957404.000000 4329332.000000 
17927334.000000 4289670.000000 
19510802.000000 3934276.000000 
19345660.000000 3977298.000000 
19160818.000000 4008480.000000 
18520246.000000 4063288.000000 
17976932.000000 4163790.000000 
16540816.000000 4481136.000000 
16257988.000000 4692636.000000 
16130280.000000 4850380.000000 
15397984.000000 5331332.000000 
18093468.000000 4154062.000000 
16347716.000000 4552716.000000 
15603116.000000 5017748.000000 
15270956.000000 5500106.000000 
15652996.000000 5005374.000000 
15661932.000000 4965046.000000 
16003714.000000 4913438.000000 
14258164.000000 5683038.000000 
14274092.000000 5646356.000000 
14122902.000000 5693480.000000 
15410718.000000 5059448.000000 
15047564.000000 5522484.000000 
14902212.000000 5531514.000000 
14287466.000000 5583286.000000 
15391718.000000 5355348.000000 
13567660.000000 7990560.000000 
14112308.000000 6078836.000000 
13748648.000000 7419108.000000 

19028894.000000 4060888.000000 
19416650.000000 3759196.000000 
14954260.000000 5802370.000000 
15009524.000000 5773628.000000 
15255426.000000 5710870.000000 
13334776.000000 6448412.000000 
14485692.000000 6022718.000000 
18418900.000000 4704190.000000 
12098980.000000 8324042.000000 
15209804.000000 5772262.000000 
15431046.000000 5689556.000000 
15871354.000000 5143410.000000 
14082280.000000 6098672.000000 
14349002.000000 6033336.000000 
13778206.000000 6202830.000000 
14490134.000000 5978948.000000 
15787358.000000 5322982.000000 
16065348.000000 5080290.000000 
16934478.000000 4827764.000000 
13976572.000000 6196816.000000 
18809212.000000 4168714.000000 
12288980.000000 7292264.000000 
12900124.000000 6646420.000000 
12443210.000000 6855262.000000 
12345560.000000 6944382.000000 
12343384.000000 7074690.000000 
11922362.000000 9853074.000000 
13472458.000000 6375346.000000 
13072090.000000 6524914.000000 
14194252.000000 6081302.000000 
12215768.000000 7870410.000000 
11989920.000000 9585016.000000 
11807670.000000 9860698.000000 
18512222.000000 4528422.000000 
18624590.000000 4404540.000000 

12756930.000000 7703104.000000 
12809752.000000 7518126.000000 
17499236.000000 4600812.000000 
13217402.000000 6898512.000000 
13157386.000000 6960362.000000 
13924240.000000 6116600.000000 
13871176.000000 6352876.000000 
13318906.000000 6866178.000000 
16228748.000000 4791478.000000 
15889174.000000 4837262.000000 
19357658.000000 3570056.000000 
18148228.000000 3743900.000000 
17845072.000000 4358740.000000 
14086926.000000 5995304.000000 
14064190.000000 6043426.000000 
14560698.000000 5567748.000000 
14304742.000000 5883518.000000 
13425298.000000 6581996.000000 
14844618.000000 5531722.000000 
14958182.000000 5482342.000000 
16851662.000000 4774590.000000 
12687760.000000 8856086.000000 
12700894.000000 8545302.000000 
13361008.000000 6647678.000000 
13582354.000000 6354788.000000 
13328458.000000 6803302.000000 
13344206.000000 6800392.000000 
17649610.000000 4439148.000000 
15240782.000000 5464864.000000 
17228688.000000 4615454.000000 
15364084.000000 5338152.000000 
17826506.000000 4436400.000000 
15285322.000000 5415280.000000 
15080430.000000 5481614.000000 
12983298.000000 7492662.000000 
16941108.000000 4711392.000000 
15561676.000000 4948514.000000 
15403182.000000 5251788.000000 
18097716.000000 4141724.000000 
15401978.000000 5269292.000000 
13368956.000000 6595026.000000 
13485510.000000 6356998.000000 
13023382.000000 7238850.000000 
13063132.000000 7236252.000000 
15478000.000000 5124674.000000 

19313300.000000 4051184.000000 
19926302.000000 3983504.000000 
19940244.000000 3926434.000000 
19707124.000000 3987978.000000 
19021122.000000 4115526.000000 
19968764.000000 3824812.000000 
23019474.000000 3516452.000000 
23017398.000000 3547010.000000 
21112834.000000 3588838.000000 
15351194.000000 5901018.000000 
16474900.000000 5098332.000000 
18832824.000000 4162800.000000 
17732346.000000 4309068.000000 
16789924.000000 4573604.000000 
20835812.000000 3732100.000000 
18450146.000000 4289746.000000 
17934000.000000 4301980.000000 
16297470.000000 5166014.000000 
21031614.000000 3627878.000000 
21016330.000000 3647126.000000 
18602776.000000 4289644.000000 
15091886.000000 6223294.000000 
16699258.000000 4746082.000000 
16551646.000000 4941356.000000 
13757924.000000 7006996.000000 
18680372.000000 4185322.000000 
17193242.000000 4553840.000000 
16572660.000000 4879308.000000 
16485632.000000 5039056.000000 
17381068.000000 4400502.000000 
17289726.000000 4531210.000000 
16757134.000000 4725162.000000 
15503110.000000 5656668.000000 
15589004.000000 5487240.000000 
13419432.000000 7605666.000000 
13874570.000000 6822280.000000 
14162886.000000 6434604.000000 
14602844.000000 6368228.000000 
16272656.000000 5379370.000000 
13706532.000000 7560334.000000 
13931514.000000 6593148.000000 
14897616.000000 6352336.000000 
15093732.000000 6193074.000000 
15084326.000000 6310994.000000 
15302772.000000 6151728.000000 
13925322.000000 6769118.000000 
16231930.000000 5457968.000000 

15035424.000000 5389438.000000 
13684496.000000 6634416.000000 
13704408.000000 6593074.000000 
13581358.000000 6720042.000000 
13824190.000000 6551522.000000 
18646460.000000 4349486.000000 
15601844.000000 5084154.000000 
15614032.000000 5012456.000000 
16253314.000000 4985422.000000 
17408376.000000 4604458.000000 
14336060.000000 5614406.000000 
15223572.000000 5363724.000000 
14816264.000000 5435414.000000 
16472290.000000 4697364.000000 
14801056.000000 5440008.000000 
14235472.000000 5770776.000000 
15234664.000000 5362822.000000 
13873184.000000 6510446.000000 
14212294.000000 5909632.000000 
14973400.000000 5406482.000000 
13938790.000000 5932058.000000 
17753894.000000 4498780.000000 
15568762.000000 5294530.000000 
13903622.000000 6157904.000000 
14628394.000000 5601436.000000 
23293422.000000 3839940.000000 
20557886.000000 3929232.000000 
21750344.000000 3884912.000000 
22937866.000000 3881312.000000 
19557114.000000 4056838.000000 
19099624.000000 4260920.000000 
18286476.000000 4464976.000000 

12255772.000000 8402940.000000 
12906454.000000 7393914.000000 
11682176.000000 8764480.000000 
11574544.000000 9370452.000000 
11884500.000000 8634524.000000 
13197384.000000 6770432.000000 
13221758.000000 6552256.000000 
13219122.000000 6583036.000000 
12967824.000000 7381232.000000 
15911056.000000 5000676.000000 
14742598.000000 5691272.000000 
12727088.000000 7650012.000000 
12898582.000000 7612256.000000 
12583292.000000 8099090.000000 
12688398.000000 7959778.000000 
17185270.000000 4240338.000000 
17271996.000000 4227538.000000 
18358802.000000 3959038.000000 
18818602.000000 3869160.000000 
17391198.000000 4195954.000000 
13712186.000000 6434730.000000 
17726166.000000 3972018.000000 
16764636.000000 4468522.000000 
13813864.000000 6431244.000000 
14431372.000000 5932018.000000 
14131684.000000 6056222.000000 
14073778.000000 6252848.000000 
13094220.000000 7356972.000000 
13041248.000000 7371676.000000 
16978350.000000 4390730.000000 
17287552.000000 4208794.000000 
15477816.000000 5123642.000000 
16347580.000000 4680260.000000 
17656044.000000 3993452.000000 
15955518.000000 4923314.000000 
16559026.000000 4492572.000000 
14907594.000000 5587370.000000 
13815408.000000 6404378.000000 
16109810.000000 4714420.000000 
15237908.000000 5157746.000000 
13950574.000000 6398772.000000 
13650398.000000 6503034.000000 
19340322.000000 3841120.000000 
23271394.000000 3608624.000000 
20918164.000000 3839690.000000 
21356766.000000 3745536.000000 
21943534.000000 3735898.000000 
22647018.000000 3619738.000000 
22174212.000000 3658120.000000 

13039054.000000 7498752.000000 
13649556.000000 6927316.000000 
14551770.000000 5917702.000000 
14147636.000000 6523760.000000 
15455538.000000 5650198.000000 
14116470.000000 6777758.000000 
16192270.000000 5199974.000000 
14213226.000000 5958824.000000 
17394894.000000 4661210.000000 
16700978.000000 4937576.000000 
16772132.000000 4829732.000000 
17713786.000000 4309386.000000 
16816632.000000 4706126.000000 
21830316.000000 3582730.000000 
19650010.000000 3801990.000000 
17955450.000000 3869098.000000 
20089330.000000 3751360.000000 
20180330.000000 3688136.000000 
20289002.000000 3675224.000000 
23157496.000000 3569250.000000 
23414210.000000 3566794.000000 
15944376.000000 5303422.000000 
16289224.000000 5194308.000000 
14997640.000000 5801578.000000 
16145288.000000 5280190.000000 
15567226.000000 5311420.000000 
16453532.000000 4965618.000000 
16046568.000000 5289330.000000 
15228152.000000 5772768.000000 
16337060.000000 5009978.000000 
20138442.000000 3699090.000000 
12994038.000000 7809418.000000 
13998546.000000 6824032.000000 

12438902.000000 8243298.000000 
12511350.000000 8203794.000000 
12651512.000000 7674898.000000 
15416722.000000 5083492.000000 
13812340.000000 6315656.000000 
13314968.000000 6777610.000000 
13284076.000000 6932832.000000 
12974298.000000 7413182.000000 
14182580.000000 6267374.000000 
14906392.000000 5545224.000000 
14205914.000000 6208896.000000 
14266170.000000 6161130.000000 
17800442.000000 4417868.000000 
15219952.000000 5210922.000000 
15520406.000000 4783498.000000 
14987398.000000 5361228.000000 
18401930.000000 4272272.000000 
16219206.000000 4696966.000000 
14735768.000000 5687590.000000 
16155320.000000 4702300.000000 
20779618.000000 3989892.000000 
15851520.000000 4766176.000000 
14096996.000000 6308426.000000 
13735334.000000 6372806.000000 
13666672.000000 6652480.000000 
13514948.000000 6722826.000000 
13618252.000000 6658430.000000 
14646906.000000 5884164.000000 
14657560.000000 5870778.000000 
14323438.000000 6098414.000000 
19720364.000000 4008454.000000 
14532816.000000 6090490.000000 
14621612.000000 6026734.000000 
14060768.000000 6312746.000000 

19315166.000000 3774770.000000 
19917096.000000 3540496.000000 
21135820.000000 3439540.000000 
15818012.000000 5373958.000000 
16086732.000000 4971896.000000 
18431352.000000 3832792.000000 
17282024.000000 4229134.000000 
16831418.000000 4353612.000000 
21654954.000000 3426302.000000 
17292744.000000 4197512.000000 
16841804.000000 4267882.000000 
19569592.000000 3716122.000000 
19650964.000000 3547860.000000 
20869688.000000 3446904.000000 
22419380.000000 3327950.000000 
22377636.000000 3385902.000000 
16494296.000000 4519710.000000 
16760386.000000 4468232.000000 
16351922.000000 4793054.000000 
16390448.000000 4752826.000000 
16540248.000000 4499274.000000 
16806480.000000 4447834.000000 
15824300.000000 5344484.000000 
18594930.000000 3777072.000000 
15486736.000000 5488756.000000 
14449202.000000 6655612.000000 
14599780.000000 6552798.000000 
23720894.000000 3201934.000000 
15985180.000000 5299508.000000 
20801518.000000 3513900.000000 
16043290.000000 5256628.000000 
15495224.000000 5446348.000000 
23440952.000000 3243410.000000 
23506684.000000 3226068.000000 
19500260.000000 3745978.000000 
24598040.000000 3196882.000000 
22111664.000000 3389196.000000 
14718124.000000 6086520.000000 
17898688.000000 4029716.000000 
17517338.000000 4101228.000000 
15398114.000000 5501972.000000 
15269636.000000 5539304.000000 
15365692.000000 5515924.000000 
15078620.000000 5698494.000000 
22679958.000000 3308328.000000 
22600994.000000 3309874.000000 
14611154.000000 6256474.000000 
14843676.000000 6049528.000000 
13745390.000000 7457216.000000 

14582256.000000 6127178.000000 
19669256.000000 3814582.000000 
19888260.000000 3799378.000000 
22354444.000000 3615896.000000 
18256868.000000 3996712.000000 
20021508.000000 3774074.000000 
24570390.000000 3571470.000000 
15087332.000000 5577968.000000 
15535694.000000 4999078.000000 
15209170.000000 5406296.000000 
15579558.000000 4973424.000000 
15012140.000000 5701566.000000 
14640924.000000 6070356.000000 
15277908.000000 5342826.000000 
15469740.000000 5271422.000000 
14476060.000000 6330830.000000 
13858552.000000 6336940.000000 
16015878.000000 4581526.000000 
16129198.000000 4532532.000000 
14699570.000000 5820098.000000 
15950166.000000 4828704.000000 
18989334.000000 3841928.000000 
20707706.000000 3754582.000000 
20754684.000000 3726940.000000 
16391920.000000 4410666.000000 
23537684.000000 3586252.000000 
16646510.000000 4394468.000000 
17925354.000000 4076964.000000 
22178844.000000 3676612.000000 
21663490.000000 3687754.000000 
18575696.000000 3979988.000000 
18757162.000000 3979148.000000 
17995452.000000 4030688.000000 
18793050.000000 3964778.000000 
15475036.000000 5268628.000000 

15545944.000000 5221222.000000 
12591352.000000 8074804.000000 
19708002.000000 3579596.000000 
16729496.000000 4583282.000000 
15788238.000000 4619694.000000 
16199550.000000 4613434.000000 
18096412.000000 4016034.000000 
14282348.000000 6139928.000000 
13538036.000000 6165240.000000 
13520740.000000 6372316.000000 
15162818.000000 5358478.000000 
14721706.000000 5606154.000000 
15023014.000000 5543386.000000 
15020268.000000 5560944.000000 
24098526.000000 3516026.000000 
24295324.000000 3509630.000000 
17356966.000000 4430434.000000 
18773040.000000 3707458.000000 
19159724.000000 3616584.000000 
17306090.000000 4432810.000000 
17040084.000000 4457310.000000 
18546922.000000 3920884.000000 
18258544.000000 3973494.000000 
14456548.000000 5872948.000000 
14319958.000000 5921260.000000 
17539816.000000 4371370.000000 
19109212.000000 3636638.000000 
18737014.000000 3858542.000000 
18748264.000000 3769752.000000 
21396040.000000 3525894.000000 
14393972.000000 5903278.000000 
17669102.000000 4160892.000000 
17829854.000000 4103628.000000 
18519228.000000 3964238.000000 
18587232.000000 3895190.000000 
15757608.000000 5164220.000000 
14206262.000000 6153984.000000 
12850992.000000 7195956.000000 
13410892.000000 7192386.000000 

13492820.000000 7330946.000000 
20740338.000000 3693934.000000 
13237150.000000 7624258.000000 
14787954.000000 5734960.000000 
14442784.000000 6154394.000000 
23196108.000000 3339862.000000 
23950164.000000 3330570.000000 
12867788.000000 8083398.000000 
12963770.000000 7647608.000000 
16586476.000000 4369070.000000 
16720666.000000 4361940.000000 
15641524.000000 5653628.000000 
19192752.000000 3738676.000000 
22706548.000000 3465460.000000 
16477122.000000 4436702.000000 
16088990.000000 4975084.000000 
20783180.000000 3658586.000000 
17574982.000000 4230504.000000 
19040892.000000 3940170.000000 
18688662.000000 3966542.000000 
14328320.000000 6261878.000000 
14427494.000000 6188460.000000 
15896348.000000 5211610.000000 
16213776.000000 4952934.000000 
20001414.000000 3701526.000000 
19803030.000000 3738364.000000 
17322390.000000 4335046.000000 
17216004.000000 4346400.000000 
16549436.000000 4413296.000000 
18927246.000000 3961750.000000 
17385948.000000 4268752.000000 
16345174.000000 4719538.000000 
16228984.000000 4903870.000000 
16270346.000000 4873772.000000 
21877924.000000 3569004.000000 
21665632.000000 3574072.000000 
15770916.000000 5590060.000000 
15872600.000000 5538338.000000 
15642156.000000 5650734.000000 
15781244.000000 5580774.000000 
15602026.000000 5692082.000000 
14605458.000000 5887456.000000 
23058974.000000 3365818.000000 
21967106.000000 3500516.000000 
21080708.000000 3577044.000000 
18261150.000000 4018126.000000 
17937612.000000 4085010.000000 
13858678.000000 6559562.000000 
17189832.000000 4351500.000000 
14071356.000000 6375230.000000 
14376980.000000 6228616.000000 
13737206.000000 6795120.000000 
15559352.000000 5728750.000000 

13489904.000000 7182860.000000 
22968446.000000 3565274.000000 
26127174.000000 3555888.000000 
21347950.000000 3723818.000000 
15019818.000000 5606348.000000 
14998100.000000 5663944.000000 
14343396.000000 6052014.000000 
15508450.000000 5443484.000000 
15076342.000000 5488772.000000 
14779210.000000 5741620.000000 
15693370.000000 4650480.000000 
15953152.000000 4629188.000000 
14651324.000000 5775686.000000 
13526918.000000 6255766.000000 
14884768.000000 5717728.000000 
16585520.000000 4366352.000000 
17004220.000000 4267166.000000 
19829906.000000 3823646.000000 
19922406.000000 3741936.000000 
22710036.000000 3569958.000000 
22309698.000000 3657318.000000 
22271068.000000 3673548.000000 
22683974.000000 3638580.000000 
22691508.000000 3625464.000000 
18163450.000000 3909610.000000 
17761314.000000 4006866.000000 
17209632.000000 4267000.000000 
13425270.000000 10215922.000000 

11914110.000000 7969728.000000 
19055164.000000 4181778.000000 
17183060.000000 4525262.000000 
16279500.000000 5041918.000000 
12263864.000000 7479728.000000 
13428636.000000 6839346.000000 
12923392.000000 7015214.000000 
16930600.000000 4731700.000000 
17173638.000000 4666484.000000 
12785988.000000 7118278.000000 
14649572.000000 5532346.000000 
19249076.000000 4159196.000000 
12617230.000000 7172126.000000 
20079864.000000 4022838.000000 
12924598.000000 7013360.000000 
13086124.000000 6981266.000000 
21980676.000000 3517062.000000 
16332296.000000 4858716.000000 
20965576.000000 3884348.000000 
16728252.000000 4778128.000000 
12023750.000000 7711968.000000 
12137344.000000 7531380.000000 
15035112.000000 5411608.000000 
15193808.000000 5325294.000000 
15709756.000000 5107984.000000 
20279332.000000 4003412.000000 
16839806.000000 4771532.000000 
12293118.000000 7474970.000000 
17347248.000000 4524050.000000 
17688752.000000 4439484.000000 
17903726.000000 4328640.000000 
19745246.000000 4109366.000000 
19643876.000000 4146460.000000 
15925260.000000 5046324.000000 
12606686.000000 7283546.000000 
12587778.000000 7317616.000000 
13547958.000000 6471158.000000 
12989414.000000 7010990.000000 
17053438.000000 4686888.000000 
15153512.000000 5380048.000000 
14277996.000000 5581602.000000 
14955480.000000 5483938.000000 
18114796.000000 4327652.000000 
14043306.000000 5908102.000000 
13805850.000000 5923342.000000 
17789866.000000 4362724.000000 
16913752.000000 4754558.000000 
17630950.000000 4466474.000000 
18935216.000000 4217976.000000 
15235002.000000 5205576.000000 
12799354.000000 7016742.000000 
17393586.000000 4475458.000000 
17727582.000000 4380140.000000 
24418760.000000 3466558.000000 
18764094.000000 4318832.000000 
21966590.000000 3788710.000000 

25284222.000000 3333722.000000 
24824488.000000 3394618.000000 
23209582.000000 3418836.000000 
22727968.000000 3428656.000000 
25752648.000000 3325138.000000 
17120076.000000 4721166.000000 
16425086.000000 5050036.000000 
18438692.000000 3967872.000000 
19852162.000000 3880220.000000 
21984650.000000 3647224.000000 
22035098.000000 3575338.000000 
19816692.000000 3925594.000000 
18267238.000000 4015574.000000 
18246022.000000 4441704.000000 
17738480.000000 4525298.000000 
14370468.000000 6773750.000000 
15480200.000000 6160134.000000 
18151060.000000 4468380.000000 
17077418.000000 4943436.000000 
20168560.000000 3672286.000000 
22533948.000000 3483802.000000 
16268014.000000 5344036.000000 
16138452.000000 5639900.000000 
14981172.000000 6342206.000000 
15424358.000000 6266688.000000 
21924874.000000 3659524.000000 
15866022.000000 5892808.000000 
14373444.000000 6755222.000000 
17302790.000000 4679808.000000 
16573368.000000 5020080.000000 
15909790.000000 5766646.000000 
17556438.000000 4561616.000000 
14093982.000000 6895776.000000 
14647716.000000 6653646.000000 
15841454.000000 6141198.000000 
15373032.000000 6297514.000000 
12998312.000000 8076084.000000 
13432284.000000 7960760.000000 
13857376.000000 6907572.000000 
17116126.000000 4941206.000000 
13479534.000000 7328574.000000 
14390004.000000 6728230.000000 
14273466.000000 6868086.000000 
18077926.000000 4522958.000000 
13480396.000000 7310136.000000 
16966742.000000 4975928.000000 

15674044.000000 4840194.000000 
15566778.000000 5217460.000000 
24271570.000000 3465614.000000 
24773500.000000 3456698.000000 
22464068.000000 3529816.000000 
25214488.000000 3444188.000000 
22812176.000000 3528226.000000 
20825690.000000 3538790.000000 
16051674.000000 4676976.000000 
15874834.000000 4759838.000000 
15256952.000000 5381812.000000 
15109496.000000 5653390.000000 
15523206.000000 5301958.000000 
14364810.000000 6458046.000000 
13497832.000000 6461276.000000 
19690484.000000 3631182.000000 
19767814.000000 3606714.000000 
20435338.000000 3595078.000000 
16123054.000000 4609622.000000 
14786798.000000 5974630.000000 
16646852.000000 4389534.000000 
16757408.000000 4364796.000000 
17976644.000000 3887016.000000 
17287168.000000 3937886.000000 
17131844.000000 3974524.000000 
16150020.000000 4453284.000000 
17031924.000000 4212650.000000 
17321610.000000 3904382.000000 
15551474.000000 5286364.000000 
15133328.000000 5458842.000000 
19605726.000000 3764702.000000 
18396596.000000 3790852.000000 
15308640.000000 5376454.000000 
15336768.000000 5359030.000000 
15424114.000000 5350946.000000 

