16812444.000000 4410444.000000 
15764532.000000 5001790.000000 
12616438.000000 8314842.000000 
18879850.000000 3853624.000000 
12713046.000000 8014662.000000 
14372082.000000 5543696.000000 
20271902.000000 3709020.000000 
20189080.000000 3736888.000000 
13817746.000000 5910496.000000 
14480826.000000 5453604.000000 
15106802.000000 5210892.000000 
13957302.000000 5910404.000000 
14790440.000000 5403684.000000 
17919428.000000 4199486.000000 
15986322.000000 4907010.000000 
13390284.000000 6777408.000000 
17387140.000000 4324102.000000 
16285950.000000 4874600.000000 
13491694.000000 6359534.000000 
16634802.000000 4636138.000000 
16308390.000000 4749046.000000 
13992246.000000 5891090.000000 
17496446.000000 4246972.000000 
15972436.000000 4944874.000000 
14588212.000000 5408098.000000 
18313524.000000 4170964.000000 
18360860.000000 4074146.000000 
15999564.000000 4900716.000000 
17162294.000000 4339860.000000 
16487922.000000 4641846.000000 
14443878.000000 5473820.000000 
14850760.000000 5328634.000000 
15215546.000000 5120800.000000 
14899184.000000 5313592.000000 
14398596.000000 5536136.000000 
16307484.000000 4831996.000000 
15563780.000000 5052260.000000 
13376692.000000 6811438.000000 
12923322.000000 7143980.000000 
13715602.000000 5989368.000000 
13762436.000000 5921928.000000 
14334620.000000 5553350.000000 
15470732.000000 5078886.000000 
15775414.000000 4963756.000000 
14303322.000000 5644932.000000 
14145288.000000 5663616.000000 
18797450.000000 4048654.000000 
18151346.000000 4184024.000000 
20558582.000000 3690566.000000 
20578704.000000 3514118.000000 
18703532.000000 4072364.000000 
19635966.000000 3812102.000000 
21358884.000000 3377524.000000 
13590002.000000 6008838.000000 
14962420.000000 5239366.000000 
20974636.000000 3442314.000000 
14091324.000000 5725018.000000 
13994746.000000 5778504.000000 
12908036.000000 7242552.000000 
21299652.000000 3415266.000000 
16134472.000000 4892132.000000 
13731886.000000 5936704.000000 
13668366.000000 5997910.000000 

13456990.000000 6554200.000000 
13430028.000000 6593510.000000 
13230876.000000 6872852.000000 
12278740.000000 7684706.000000 
12601052.000000 7282216.000000 
16757856.000000 4505090.000000 
17422246.000000 4256306.000000 
15618480.000000 5107866.000000 
15793472.000000 4918954.000000 
15320876.000000 5377074.000000 
14009844.000000 6166766.000000 
15014586.000000 5544200.000000 
14359424.000000 5942640.000000 
16571398.000000 4690542.000000 
15860790.000000 4853832.000000 
12575972.000000 7348388.000000 
19282892.000000 3747402.000000 
15550648.000000 5161422.000000 
18765966.000000 3915662.000000 
16945580.000000 4376948.000000 
15754338.000000 5076392.000000 
15094644.000000 5506226.000000 
15385006.000000 5369408.000000 
16711802.000000 4624922.000000 
18190654.000000 4080176.000000 
12495390.000000 7428822.000000 
20038040.000000 3620232.000000 
19615526.000000 3636124.000000 
13363718.000000 6743824.000000 
12968926.000000 7078584.000000 
12770708.000000 7223488.000000 
13884588.000000 6273262.000000 
13973542.000000 6228024.000000 
13737086.000000 6488678.000000 
13699530.000000 6494178.000000 
21051680.000000 3606404.000000 
14098698.000000 6120448.000000 
12966630.000000 7217608.000000 
21193882.000000 3596422.000000 
20750290.000000 3612288.000000 
14590300.000000 5866378.000000 
13613058.000000 6521838.000000 
13847306.000000 6427910.000000 
16217252.000000 4781930.000000 
14662392.000000 5745014.000000 
14595936.000000 5851140.000000 
14802156.000000 5740080.000000 
22788890.000000 3456298.000000 
14323958.000000 6049806.000000 
18173828.000000 4114894.000000 
13792844.000000 6433628.000000 
13931170.000000 6263084.000000 
15582898.000000 5132444.000000 
15173838.000000 5381218.000000 

14591456.000000 5602238.000000 
14437770.000000 5992412.000000 
15137826.000000 5312632.000000 
15681800.000000 5008166.000000 
13362662.000000 7276644.000000 
21407312.000000 3577650.000000 
13838378.000000 6256908.000000 
17586188.000000 4315786.000000 
18205408.000000 4162138.000000 
19408392.000000 3945906.000000 
13818550.000000 6404358.000000 
22061348.000000 3531230.000000 
23504568.000000 3456628.000000 
12435048.000000 9545180.000000 
16904222.000000 4676944.000000 
12885774.000000 8162164.000000 
13000680.000000 7960132.000000 
17643354.000000 4287140.000000 
17716874.000000 4284302.000000 
19793316.000000 3764630.000000 
13729372.000000 7143478.000000 
19222854.000000 3977354.000000 
19667366.000000 3853444.000000 
15479442.000000 5055086.000000 
15909148.000000 4927926.000000 
15370358.000000 5260182.000000 
15465562.000000 5092960.000000 
12648202.000000 8373456.000000 
12879530.000000 8316918.000000 
12647784.000000 8591504.000000 
14282758.000000 6253666.000000 
21594224.000000 3540054.000000 
14684208.000000 5430128.000000 
14787504.000000 5420718.000000 
14893770.000000 5328628.000000 
14997066.000000 5319218.000000 
15354398.000000 5300984.000000 
19811070.000000 3668206.000000 
13807134.000000 7106878.000000 
17340790.000000 4334432.000000 
19456184.000000 3873600.000000 
18761172.000000 4064896.000000 
18673840.000000 4070904.000000 
18608582.000000 4143206.000000 
18899720.000000 4056674.000000 
17932952.000000 4230552.000000 
18093408.000000 4212682.000000 
15807070.000000 4967976.000000 
16192180.000000 4713898.000000 
15377902.000000 5172700.000000 
15643302.000000 5031606.000000 
16994046.000000 4597896.000000 
17239454.000000 4450396.000000 

13046842.000000 7713282.000000 
13076766.000000 7520288.000000 
14093626.000000 6409734.000000 
16989286.000000 4547894.000000 
17609112.000000 4343784.000000 
16755872.000000 4649166.000000 
14525134.000000 6039716.000000 
15904920.000000 5016304.000000 
16525038.000000 4886666.000000 
15359388.000000 5822870.000000 
15135016.000000 5845046.000000 
15163146.000000 5835104.000000 
17899284.000000 4290462.000000 
13640754.000000 7050694.000000 
14963726.000000 5915322.000000 
16652518.000000 4774594.000000 
16621658.000000 4850606.000000 
14289396.000000 6203882.000000 
13383534.000000 7157798.000000 
13559446.000000 7085318.000000 
13567188.000000 7053926.000000 
14676778.000000 5963122.000000 
14581414.000000 5994840.000000 
14739794.000000 5953684.000000 
15056662.000000 5855632.000000 
14489916.000000 6065242.000000 
15850946.000000 5022544.000000 
15404014.000000 5296570.000000 
15789464.000000 5095560.000000 
16715390.000000 4685048.000000 
15720894.000000 5100066.000000 
15614624.000000 5228516.000000 
15400478.000000 5773098.000000 
17280374.000000 4448086.000000 
17389948.000000 4367896.000000 
15702724.000000 5114870.000000 
16935626.000000 4590544.000000 
16144450.000000 4916598.000000 
12967140.000000 8032466.000000 
13852198.000000 6545712.000000 
17199556.000000 4489806.000000 
13728100.000000 6653910.000000 
14077402.000000 6419652.000000 
18182304.000000 4072870.000000 
19309272.000000 3967838.000000 
18634174.000000 4008710.000000 
19718844.000000 3694770.000000 
14218492.000000 6342906.000000 

24968732.000000 3279814.000000 
13423734.000000 6667816.000000 
13360668.000000 6771424.000000 
13266828.000000 7439692.000000 
14490836.000000 5957352.000000 
14769682.000000 5837484.000000 
21256998.000000 3628240.000000 
22683324.000000 3385630.000000 
13788012.000000 6256970.000000 
14529934.000000 5848522.000000 
13649890.000000 6420288.000000 
14429494.000000 6224302.000000 
18580274.000000 3782424.000000 
19922928.000000 3723834.000000 
15255190.000000 5223618.000000 
16519078.000000 4398718.000000 
15498968.000000 5001558.000000 
18093726.000000 3890514.000000 
22963750.000000 3334700.000000 
21959894.000000 3588752.000000 
13014696.000000 7460662.000000 
13353066.000000 7240712.000000 
15561084.000000 4602936.000000 
17317726.000000 4071638.000000 
17589812.000000 4063372.000000 
12964996.000000 7498206.000000 
13303258.000000 7427368.000000 
25115722.000000 3236500.000000 
15332136.000000 5207488.000000 
15249832.000000 5260048.000000 
16398756.000000 4591856.000000 
16647828.000000 4385774.000000 
15413300.000000 5070306.000000 
15443274.000000 5028266.000000 
15189638.000000 5440744.000000 
16691976.000000 4173892.000000 
16973358.000000 4123824.000000 
22499774.000000 3512308.000000 
14849310.000000 5525858.000000 
24691480.000000 3326926.000000 

12942446.000000 8233496.000000 
13295776.000000 7446246.000000 
15685108.000000 5387476.000000 
13606110.000000 6597430.000000 
13623376.000000 6390332.000000 
15641972.000000 5396806.000000 
15836576.000000 5279046.000000 
14560558.000000 5542650.000000 
14638928.000000 5482280.000000 
13930660.000000 6218644.000000 
13565678.000000 6651578.000000 
20931762.000000 3593158.000000 
19322316.000000 3922254.000000 
21363814.000000 3545130.000000 
19822158.000000 3706922.000000 
16530700.000000 4673914.000000 
15986620.000000 4862080.000000 
15910738.000000 5049644.000000 
16253382.000000 4725430.000000 
16244466.000000 4795684.000000 
20620686.000000 3656768.000000 
21534100.000000 3507710.000000 
19991196.000000 3675820.000000 
20664868.000000 3608714.000000 
21398686.000000 3521544.000000 
12796166.000000 8955222.000000 
13233144.000000 7476606.000000 
14149724.000000 6087098.000000 
15454726.000000 5412206.000000 
15447278.000000 5480332.000000 
15796988.000000 5286098.000000 
15846566.000000 5176150.000000 
12949998.000000 7811832.000000 
13345720.000000 7325086.000000 
19743794.000000 3779166.000000 
23789310.000000 3501840.000000 
12935594.000000 8504964.000000 
13515924.000000 6724872.000000 
13658456.000000 6375628.000000 
24089860.000000 3433974.000000 
19052476.000000 3948798.000000 
15947028.000000 4978144.000000 
16678862.000000 4201394.000000 
16824202.000000 4093148.000000 
18574380.000000 3988918.000000 
16578232.000000 4568144.000000 
18607060.000000 3988190.000000 
18395002.000000 4013578.000000 
16684466.000000 4164096.000000 
16894860.000000 4075854.000000 
17845684.000000 4019620.000000 
17696236.000000 4043278.000000 
16591806.000000 4451730.000000 

12895756.000000 8690654.000000 
15192798.000000 5243344.000000 
22740670.000000 3527828.000000 
17313214.000000 4256478.000000 
17259918.000000 4273452.000000 
17336898.000000 3990484.000000 
15285472.000000 5023206.000000 
15382162.000000 4957694.000000 
14571504.000000 5678384.000000 
16974772.000000 4388016.000000 
24322104.000000 3379644.000000 
14263544.000000 5857516.000000 
17149520.000000 4319876.000000 
18411624.000000 3871574.000000 
16371566.000000 4437058.000000 
17012956.000000 4382926.000000 
14846092.000000 5481538.000000 
14989716.000000 5473308.000000 
16116850.000000 4487974.000000 
16756968.000000 4434602.000000 
13917738.000000 6260436.000000 
15144676.000000 5262202.000000 
18907478.000000 3625502.000000 
18985404.000000 3597758.000000 
14103428.000000 5931338.000000 
15126382.000000 5436632.000000 
14719936.000000 5572656.000000 
24044880.000000 3451342.000000 
22163228.000000 3577164.000000 
15405440.000000 4840036.000000 
15580782.000000 4592692.000000 
15622312.000000 4501920.000000 
18600726.000000 3849040.000000 
12705894.000000 8887254.000000 
13027164.000000 7207548.000000 
15141840.000000 5332562.000000 
13018624.000000 7360458.000000 
15267974.000000 5206110.000000 
14355608.000000 5723686.000000 
14517272.000000 5722454.000000 
12995348.000000 7425468.000000 
18255374.000000 3968248.000000 
14787472.000000 5554792.000000 
14277298.000000 5737594.000000 
13629484.000000 6293482.000000 
13601892.000000 6498904.000000 
13236994.000000 6526766.000000 
16863304.000000 4407684.000000 

18256050.000000 4194402.000000 
13078250.000000 7268494.000000 
19001180.000000 4027434.000000 
13928000.000000 6527322.000000 
15279668.000000 5794984.000000 
12786866.000000 7536992.000000 
16203688.000000 5039606.000000 
13618404.000000 6808204.000000 
17391548.000000 4258768.000000 
21095764.000000 3714260.000000 
13717512.000000 6741008.000000 
15231862.000000 5807148.000000 
18454956.000000 4145824.000000 
15801478.000000 5300874.000000 
16014344.000000 5177900.000000 
18915476.000000 4030002.000000 
21480598.000000 3634618.000000 
20849320.000000 3764940.000000 
15372216.000000 5719254.000000 
15338542.000000 5777868.000000 
20478778.000000 3765176.000000 
20254710.000000 3808360.000000 
13936690.000000 6250964.000000 
15396474.000000 5629530.000000 
14775586.000000 5856634.000000 
23338576.000000 3471540.000000 
22085972.000000 3507038.000000 
22143062.000000 3477146.000000 
13106890.000000 7157404.000000 
13324428.000000 7003804.000000 
14547708.000000 5924414.000000 
13015910.000000 7364042.000000 
15420146.000000 5385498.000000 
19225260.000000 3930950.000000 
19622606.000000 3887444.000000 
16118650.000000 5099584.000000 
19726060.000000 3863386.000000 
12625508.000000 7733930.000000 
18731624.000000 4110968.000000 
21420482.000000 3677216.000000 
19181976.000000 3963152.000000 
18373808.000000 4193382.000000 
21006500.000000 3730240.000000 
14545680.000000 6149434.000000 
16436070.000000 4752776.000000 
17327520.000000 4445546.000000 
16679064.000000 4526466.000000 
16733422.000000 4496760.000000 
16453452.000000 4730596.000000 
14412292.000000 6192474.000000 
16406234.000000 4834280.000000 
19763426.000000 3863134.000000 
18870452.000000 4071500.000000 
13551184.000000 6940016.000000 
16236888.000000 5037542.000000 
17202912.000000 4495914.000000 
17560624.000000 4198946.000000 
17457452.000000 4220888.000000 
16176626.000000 5055234.000000 
13277034.000000 7144926.000000 
24737660.000000 3467922.000000 

13112526.000000 7685142.000000 
13602398.000000 6693088.000000 
13832918.000000 6329936.000000 
21016754.000000 3509448.000000 
21252520.000000 3481016.000000 
15729120.000000 5128714.000000 
15276196.000000 5158586.000000 
14524084.000000 5353242.000000 
13144988.000000 7587896.000000 
13800270.000000 6548042.000000 
12680222.000000 8096990.000000 
12723676.000000 7983652.000000 
14521524.000000 5818654.000000 
17491850.000000 4366636.000000 
16985848.000000 4448888.000000 
16979420.000000 4485504.000000 
17712020.000000 3742360.000000 
17522150.000000 4090066.000000 
16709266.000000 4801478.000000 
13341484.000000 7285466.000000 
13268414.000000 7341166.000000 
16217244.000000 4875134.000000 
24436020.000000 3352744.000000 
13963742.000000 5988328.000000 
24679492.000000 3349858.000000 
14397558.000000 5905964.000000 
21648536.000000 3418792.000000 
14997632.000000 5249172.000000 
15861332.000000 4957766.000000 
15125132.000000 5165520.000000 
15808534.000000 4982322.000000 
16823942.000000 4640680.000000 
16316470.000000 4856082.000000 
18621948.000000 3646056.000000 
21216106.000000 3506584.000000 
20510542.000000 3557190.000000 
20267876.000000 3584554.000000 
24338584.000000 3405328.000000 

12046970.000000 7824940.000000 
12744266.000000 7335774.000000 
12527136.000000 7627564.000000 
16303518.000000 4791182.000000 
14198604.000000 6302516.000000 
16355976.000000 4604034.000000 
16149724.000000 4945392.000000 
12388844.000000 7682860.000000 
14761504.000000 5884606.000000 
19081340.000000 3958270.000000 
12885718.000000 7298244.000000 
14126560.000000 6380282.000000 
15690948.000000 4980332.000000 
15573200.000000 5098514.000000 
14764752.000000 5870780.000000 
15036278.000000 5401828.000000 
15219098.000000 5138494.000000 
15036094.000000 5587764.000000 
12163558.000000 7760476.000000 
12508252.000000 7655670.000000 
13354302.000000 7088444.000000 
13231600.000000 7236028.000000 
18016436.000000 4110312.000000 
13235098.000000 7196812.000000 
13937350.000000 6499750.000000 
17330332.000000 4240164.000000 
23892256.000000 3506214.000000 
18757502.000000 4059010.000000 
15015140.000000 5666866.000000 
18862810.000000 3967950.000000 
18604004.000000 4097080.000000 
14100476.000000 6484912.000000 
13674562.000000 6642818.000000 
14765062.000000 5759938.000000 
19549736.000000 3776618.000000 
17864406.000000 4150890.000000 
13049620.000000 7260616.000000 
21252122.000000 3715918.000000 
21313280.000000 3664752.000000 
14449758.000000 5933188.000000 
16663170.000000 4587246.000000 
16674680.000000 4563794.000000 
19547720.000000 3911778.000000 
18379150.000000 4102074.000000 
16719090.000000 4548596.000000 
13267512.000000 7141358.000000 
13076886.000000 7254350.000000 
13567132.000000 6909442.000000 
14367612.000000 6071676.000000 
14589492.000000 5930202.000000 
16912304.000000 4514444.000000 
17261688.000000 4470122.000000 
13195534.000000 7239818.000000 
13502958.000000 6973482.000000 
21125124.000000 3735370.000000 

13516284.000000 6414144.000000 
12296786.000000 7662360.000000 
19286122.000000 3966130.000000 
20241938.000000 3528216.000000 
20230760.000000 3581846.000000 
16800196.000000 4379362.000000 
20919918.000000 3490914.000000 
20580600.000000 3526504.000000 
14738230.000000 5586150.000000 
14516062.000000 5775956.000000 
14541682.000000 5595692.000000 
14416072.000000 5825554.000000 
14107526.000000 5979676.000000 
15004278.000000 5586130.000000 
15055694.000000 5411294.000000 
12848792.000000 7055636.000000 
13803594.000000 6093822.000000 
13192216.000000 6623378.000000 
15441096.000000 5094828.000000 
15988186.000000 4837802.000000 
16079052.000000 4459840.000000 
16027356.000000 4564500.000000 
13108100.000000 6839614.000000 
13346264.000000 6578636.000000 
13273806.000000 6595014.000000 
17542784.000000 4219806.000000 
17551416.000000 4211748.000000 
15315064.000000 5246818.000000 
19499156.000000 3698388.000000 
13422256.000000 6547872.000000 
12781278.000000 7638272.000000 
17481764.000000 4239390.000000 
17599626.000000 4103940.000000 
17708838.000000 4024764.000000 
16976240.000000 4372896.000000 
17150794.000000 4350184.000000 
15533226.000000 4895104.000000 
15097182.000000 5383182.000000 
15661676.000000 4852510.000000 
15739020.000000 4849336.000000 
20889628.000000 3517202.000000 
13102008.000000 6866790.000000 
13018624.000000 6883336.000000 

16413320.000000 4899514.000000 
12459710.000000 8155486.000000 
12080020.000000 8863164.000000 
12327394.000000 8857482.000000 
16784470.000000 4796348.000000 
18127814.000000 4026952.000000 
16127622.000000 5095174.000000 
15343422.000000 5336652.000000 
15003792.000000 5339428.000000 
16356118.000000 4949370.000000 
15532050.000000 5238528.000000 
14591968.000000 6053250.000000 
13719026.000000 6370668.000000 
14280120.000000 6276776.000000 
17355668.000000 4410202.000000 
17408478.000000 4332948.000000 
14488332.000000 6114764.000000 
16912976.000000 4557510.000000 
14727646.000000 5944130.000000 
15983022.000000 5225614.000000 
14513412.000000 6062462.000000 
14687432.000000 6011336.000000 
16975242.000000 4529164.000000 
16684274.000000 4871250.000000 
16834364.000000 4792770.000000 
16772220.000000 4821146.000000 
14044006.000000 6313968.000000 
20143324.000000 3646696.000000 
16480728.000000 4890090.000000 
16745972.000000 4830868.000000 
16108116.000000 5212828.000000 
12645564.000000 6711282.000000 
13168602.000000 6480092.000000 
18171820.000000 4009676.000000 
18109676.000000 4038052.000000 
14778300.000000 5471238.000000 
14770804.000000 5483952.000000 
14740464.000000 5507936.000000 
14407006.000000 6125568.000000 
14327478.000000 6156002.000000 

12367618.000000 8241218.000000 
12528128.000000 7785464.000000 
12396900.000000 7928316.000000 
17841304.000000 4411088.000000 
17538896.000000 4463152.000000 
17535410.000000 4482254.000000 
22985772.000000 3516376.000000 
18124636.000000 4358436.000000 
19762886.000000 3545572.000000 
19429584.000000 3676880.000000 
12811050.000000 6518236.000000 
16179268.000000 4712808.000000 
15623266.000000 5280516.000000 
18446688.000000 4176780.000000 
14777418.000000 5421492.000000 
15770416.000000 5218422.000000 
15961804.000000 5147642.000000 
13527498.000000 6315560.000000 
19417342.000000 3749802.000000 
19181160.000000 4048706.000000 
14354740.000000 5789938.000000 
14464182.000000 5763630.000000 
14886202.000000 5380430.000000 
13694018.000000 6142640.000000 
12461128.000000 7858638.000000 
16733148.000000 4603976.000000 
16548928.000000 4691174.000000 
17133420.000000 4492566.000000 
16153458.000000 4981236.000000 
22404084.000000 3519998.000000 
14205548.000000 6009616.000000 
12546920.000000 7262790.000000 
12607530.000000 6978096.000000 

12896872.000000 7539518.000000 
19770742.000000 4051354.000000 
22567208.000000 3364522.000000 
17035424.000000 4724608.000000 
20887092.000000 3843836.000000 
21227726.000000 3791650.000000 
19538214.000000 4090220.000000 
21306260.000000 3550964.000000 
21196328.000000 3803672.000000 
20395878.000000 3920038.000000 
20516590.000000 3886510.000000 
15858064.000000 5324744.000000 
13746126.000000 6433482.000000 
20242006.000000 3936552.000000 
16367330.000000 5168244.000000 
23209716.000000 3338872.000000 
21011822.000000 3827834.000000 
19452716.000000 4107642.000000 
19457650.000000 4105942.000000 
22262390.000000 3427076.000000 
19588540.000000 4052128.000000 
16695022.000000 5029926.000000 
13632954.000000 6501260.000000 
16092354.000000 5293282.000000 
14513866.000000 6014876.000000 
19119054.000000 4111958.000000 
14161434.000000 6065800.000000 
14607334.000000 5961764.000000 
18193880.000000 4210074.000000 
20222724.000000 4008448.000000 
20123006.000000 4037256.000000 
18238728.000000 4154338.000000 
17523628.000000 4339392.000000 
17169132.000000 4533334.000000 
21483074.000000 3440996.000000 
15688846.000000 5437718.000000 
15955364.000000 5313940.000000 
15247244.000000 5486006.000000 
15021972.000000 5717032.000000 
16478106.000000 5089080.000000 
16892572.000000 4996560.000000 
14735710.000000 5774396.000000 
14517062.000000 5984362.000000 
13456166.000000 7398108.000000 

12334572.000000 7907876.000000 
16039874.000000 4783882.000000 
16570430.000000 4532052.000000 
15841840.000000 4809560.000000 
17179382.000000 4248354.000000 
17581636.000000 3977512.000000 
17433590.000000 4144584.000000 
13567668.000000 6429850.000000 
12966764.000000 7095690.000000 
13653298.000000 6138198.000000 
13726404.000000 6079084.000000 
16118150.000000 4635402.000000 
13953168.000000 5735590.000000 
14258742.000000 5669626.000000 
15013356.000000 5210334.000000 
14952856.000000 5258486.000000 
15455508.000000 5016246.000000 
15220106.000000 5110388.000000 
13441680.000000 6759068.000000 
15568224.000000 4981756.000000 
15571160.000000 4895966.000000 
16271192.000000 4587728.000000 
14684574.000000 5297192.000000 
13847948.000000 5994392.000000 
13997592.000000 5707538.000000 
14427184.000000 5393910.000000 
14656822.000000 5383606.000000 
16222962.000000 4620802.000000 
14122902.000000 5693480.000000 
15295108.000000 5034482.000000 
16347716.000000 4552716.000000 
17112694.000000 4530162.000000 
14274092.000000 5646356.000000 
14258164.000000 5683038.000000 
12514850.000000 7872182.000000 
13157168.000000 7008972.000000 
13493298.000000 6627054.000000 
12691580.000000 7299228.000000 
13541130.000000 6599300.000000 
13898030.000000 5796406.000000 
14287466.000000 5583286.000000 

12575816.000000 7244690.000000 
12503128.000000 7273268.000000 
12379716.000000 8169836.000000 
12673022.000000 6777488.000000 
20940034.000000 3512092.000000 
21359138.000000 3493840.000000 
16187850.000000 5009414.000000 
16427514.000000 4980056.000000 
13802502.000000 6089058.000000 
16881310.000000 4695446.000000 
13926442.000000 6061408.000000 
13815756.000000 6084272.000000 
17566012.000000 4662488.000000 
15787358.000000 5322982.000000 
15028814.000000 5632572.000000 
20725104.000000 3602278.000000 
20933660.000000 3548714.000000 
18947880.000000 3657084.000000 
17714720.000000 4600018.000000 
15922648.000000 5147374.000000 
15947148.000000 5050790.000000 
18874398.000000 3962392.000000 
12609088.000000 6904282.000000 
12793392.000000 6530586.000000 
13271336.000000 6469700.000000 
13311566.000000 6464506.000000 
17834202.000000 4541088.000000 
13950994.000000 5793772.000000 
14000892.000000 5742076.000000 
14207026.000000 5633302.000000 
12970454.000000 6496986.000000 
13638928.000000 6240122.000000 
13552304.000000 6254658.000000 
13442292.000000 6411386.000000 
16651164.000000 4881088.000000 
17875666.000000 4107462.000000 
18831640.000000 4095314.000000 
15421306.000000 5466258.000000 
15309794.000000 5565634.000000 

14440754.000000 5941496.000000 
14157112.000000 6188126.000000 
13923440.000000 6504328.000000 
13868606.000000 6511588.000000 
14121840.000000 6210330.000000 
14072832.000000 6286666.000000 
16862568.000000 4488392.000000 
14282806.000000 6120590.000000 
14438126.000000 6101784.000000 
13491502.000000 7431762.000000 
13721938.000000 6538718.000000 
21742320.000000 3512542.000000 
13261288.000000 7532970.000000 
16137738.000000 4753072.000000 
15961756.000000 4806896.000000 
16152158.000000 4688638.000000 
15725602.000000 5004122.000000 
15353118.000000 5067390.000000 
18948568.000000 3643732.000000 
18499226.000000 3841100.000000 
18658094.000000 3709742.000000 
15808320.000000 4985176.000000 
14305864.000000 6108978.000000 
14518426.000000 5871664.000000 
15036296.000000 5182086.000000 
19357658.000000 3570056.000000 
19205178.000000 3633504.000000 
21445568.000000 3554460.000000 
18787328.000000 3707240.000000 
17488344.000000 3875890.000000 
14698710.000000 5681588.000000 
13465528.000000 7439090.000000 
16647568.000000 4540472.000000 
15954292.000000 4831708.000000 
16043330.000000 4758602.000000 
15893204.000000 4907792.000000 
14836878.000000 5207920.000000 
17056522.000000 4195738.000000 
17109414.000000 4126166.000000 
16542688.000000 4550496.000000 
16465978.000000 4614772.000000 
16503282.000000 4582336.000000 
16112446.000000 4758236.000000 
15620832.000000 5044894.000000 
16361650.000000 4625856.000000 
14566514.000000 5836646.000000 
14185844.000000 6127572.000000 
13942844.000000 6457032.000000 
13542414.000000 6674998.000000 

13008660.000000 7612406.000000 
16022582.000000 5169126.000000 
16574632.000000 4690388.000000 
16789924.000000 4573604.000000 
17208162.000000 4444004.000000 
17704880.000000 4272514.000000 
17652378.000000 4327226.000000 
18780234.000000 4203052.000000 
19865794.000000 3909686.000000 
19974102.000000 3838398.000000 
13354646.000000 7440008.000000 
18996854.000000 4093474.000000 
19001832.000000 4042578.000000 
21112834.000000 3588838.000000 
19162520.000000 4006650.000000 
15417238.000000 5639702.000000 
21016330.000000 3647126.000000 
19707124.000000 3987978.000000 
19958728.000000 3888014.000000 
19074438.000000 4036644.000000 
20852444.000000 3732866.000000 
15332136.000000 5809268.000000 
17376982.000000 4334668.000000 
16933576.000000 4477074.000000 
15218144.000000 6046350.000000 
15840588.000000 5370574.000000 
15689446.000000 5489640.000000 
21416510.000000 3579990.000000 
13919662.000000 6524620.000000 
14991522.000000 6135558.000000 
13676514.000000 6675166.000000 
14972144.000000 6181626.000000 
16376466.000000 4798712.000000 
16174040.000000 4943216.000000 
16091818.000000 5008624.000000 
15895852.000000 5189944.000000 
16532418.000000 4755264.000000 
13229694.000000 7448040.000000 
15102352.000000 6071892.000000 
14197598.000000 6380338.000000 
14005480.000000 6520156.000000 
14236782.000000 6363696.000000 
14074062.000000 6435780.000000 
14346616.000000 6201928.000000 
13850342.000000 6593808.000000 
13848534.000000 6661854.000000 
14159352.000000 6429642.000000 
13468622.000000 6780538.000000 
13417394.000000 7398652.000000 

16461222.000000 4828818.000000 
14212294.000000 5909632.000000 
14336060.000000 5614406.000000 
14093632.000000 5933446.000000 
18143210.000000 4309278.000000 
19266514.000000 4006488.000000 
18271462.000000 4134078.000000 
17268176.000000 4407252.000000 
15235568.000000 5380652.000000 
16117540.000000 4946874.000000 
14816264.000000 5435414.000000 
16132042.000000 4934870.000000 
16946184.000000 4633444.000000 
17206712.000000 4580776.000000 
16564008.000000 4746410.000000 
15601844.000000 5084154.000000 
14973400.000000 5406482.000000 
15434166.000000 5198284.000000 
15614032.000000 5012456.000000 
14628394.000000 5601436.000000 
16364662.000000 4885312.000000 
14315038.000000 5867666.000000 
14801056.000000 5440008.000000 
15495092.000000 5165558.000000 
14068794.000000 6168946.000000 
23293422.000000 3839940.000000 
20557886.000000 3929232.000000 
21750344.000000 3884912.000000 
22937866.000000 3881312.000000 

21315134.000000 3423370.000000 
18479058.000000 3683858.000000 
17122252.000000 4226030.000000 
12389506.000000 9407168.000000 
14232000.000000 6085472.000000 
18409164.000000 3796648.000000 
16963454.000000 4297626.000000 
16522686.000000 4403690.000000 
13052138.000000 7133140.000000 
13449372.000000 7052484.000000 
12835000.000000 7925082.000000 
17191228.000000 4155962.000000 
17963382.000000 3879392.000000 
17696922.000000 3909244.000000 
16109810.000000 4714420.000000 
16498498.000000 4632972.000000 
14548888.000000 5838744.000000 
15018662.000000 5405616.000000 
15291996.000000 5354816.000000 
18423266.000000 3775134.000000 
15460276.000000 5110260.000000 
14250986.000000 5920772.000000 
16069292.000000 4875446.000000 
17391408.000000 4115056.000000 
17493312.000000 4087092.000000 
14947236.000000 5694988.000000 
16742218.000000 4369298.000000 
16347580.000000 4680260.000000 
12924540.000000 7618220.000000 
25245612.000000 3406584.000000 
13483138.000000 6941084.000000 
12401438.000000 8823242.000000 
12748278.000000 7929658.000000 
17307094.000000 4144380.000000 
20999118.000000 3485328.000000 
20271376.000000 3560976.000000 
17656044.000000 3993452.000000 
17678960.000000 3922984.000000 
17776888.000000 3896552.000000 
12530270.000000 8688198.000000 
13519874.000000 6563402.000000 
13570886.000000 6218056.000000 

13880004.000000 6300388.000000 
13625330.000000 6733192.000000 
12099632.000000 8389484.000000 
14549626.000000 5889342.000000 
12689264.000000 7876206.000000 
14993930.000000 5708290.000000 
17077284.000000 4222482.000000 
15326584.000000 5325694.000000 
12896874.000000 7680578.000000 
12796140.000000 7809852.000000 
19699110.000000 3589004.000000 
14293258.000000 6012272.000000 
13184710.000000 6766536.000000 
14159474.000000 6115168.000000 
14327236.000000 5947608.000000 
14210102.000000 6069432.000000 
16014952.000000 4897580.000000 
12856140.000000 7756626.000000 
13014546.000000 7143968.000000 
18484196.000000 3924278.000000 
18683348.000000 3867434.000000 
19348030.000000 3787272.000000 
12914460.000000 7321042.000000 
14014784.000000 6286938.000000 
19055004.000000 3830476.000000 
16829912.000000 4271324.000000 
14790526.000000 5859194.000000 
14830212.000000 5738892.000000 
15307370.000000 5444688.000000 
15193144.000000 5604492.000000 
17617372.000000 4145600.000000 
16233430.000000 4309466.000000 
15528858.000000 4985880.000000 
17822568.000000 4022654.000000 
12952832.000000 7195358.000000 
13126324.000000 7041336.000000 
15289038.000000 5563018.000000 
13832036.000000 6662174.000000 

13429930.000000 7400906.000000 
14492840.000000 5940598.000000 
14329008.000000 5996984.000000 
13857710.000000 6196924.000000 
13611324.000000 6537430.000000 
14880722.000000 5325654.000000 
14743302.000000 5368062.000000 
15474470.000000 4893646.000000 
14204750.000000 6131546.000000 
18075894.000000 4260928.000000 
14668604.000000 5445612.000000 
14216480.000000 6028920.000000 
14544694.000000 5869528.000000 
14065064.000000 6195860.000000 
16373956.000000 4534932.000000 
16633800.000000 4530134.000000 
16964392.000000 4514148.000000 
18524114.000000 4200628.000000 
18790906.000000 3968990.000000 
15223620.000000 4918168.000000 
15178898.000000 4994946.000000 
21107086.000000 3828550.000000 
21115558.000000 3821172.000000 
20286076.000000 3873140.000000 
13487450.000000 7316956.000000 
13524684.000000 7213960.000000 
17209032.000000 4385178.000000 
13708004.000000 6434168.000000 
17393656.000000 4322270.000000 
17927492.000000 4297126.000000 
17950882.000000 4267532.000000 
15520406.000000 4783498.000000 
15719148.000000 4590988.000000 
17817572.000000 4313376.000000 
18157574.000000 4240214.000000 
18590170.000000 3998866.000000 

21769242.000000 3358400.000000 
15270486.000000 5452458.000000 
15026814.000000 5564172.000000 
14875890.000000 5628916.000000 
14013320.000000 6469856.000000 
14393976.000000 5965368.000000 
17173404.000000 4250312.000000 
13477072.000000 6893102.000000 
13528852.000000 6862230.000000 
21503110.000000 3365764.000000 
14858932.000000 5667888.000000 
18690356.000000 3901424.000000 
18665476.000000 3990296.000000 
14640570.000000 5945250.000000 
14713074.000000 5943306.000000 
17923160.000000 4078838.000000 
14847970.000000 5835880.000000 
13249860.000000 7725922.000000 
18696814.000000 3826996.000000 
15995408.000000 5001018.000000 
17168550.000000 4358632.000000 
18300442.000000 4071108.000000 
15403280.000000 5310374.000000 
15388002.000000 5417792.000000 
15086378.000000 5499242.000000 
19299144.000000 3600324.000000 
16094140.000000 4863156.000000 
14184354.000000 6247098.000000 
24161862.000000 3308786.000000 
12943244.000000 8060128.000000 
15062424.000000 5507384.000000 
17127944.000000 4382070.000000 
23896138.000000 3313868.000000 
14368730.000000 6109896.000000 
14379440.000000 6010774.000000 
14304192.000000 6241776.000000 
16634280.000000 4401254.000000 
16185176.000000 4444678.000000 
17834382.000000 4081340.000000 
17441128.000000 4163534.000000 
15587544.000000 5033458.000000 
21085794.000000 3478674.000000 
13260078.000000 7450766.000000 
14789606.000000 5907916.000000 
14824914.000000 5870594.000000 

23082744.000000 3773888.000000 
15209792.000000 4938710.000000 
15232720.000000 4937674.000000 
19145518.000000 3903166.000000 
13558048.000000 7150966.000000 
20245230.000000 3888836.000000 
20492222.000000 3871552.000000 
16646510.000000 4394468.000000 
17702852.000000 4309692.000000 
18390594.000000 3948818.000000 
14975820.000000 5746466.000000 
13613252.000000 6246226.000000 
14112190.000000 5937014.000000 
15021576.000000 5409218.000000 
14699570.000000 5820098.000000 
14048012.000000 6153648.000000 
13714666.000000 6213252.000000 
13682240.000000 6245066.000000 
15810226.000000 4879640.000000 
14671332.000000 5886976.000000 
23575974.000000 3720656.000000 
15631072.000000 4893088.000000 
16391920.000000 4410666.000000 
15910016.000000 4612584.000000 
16072826.000000 4510618.000000 
15902780.000000 4806186.000000 
17925354.000000 4076964.000000 
17995452.000000 4030688.000000 

18955586.000000 3844668.000000 
19921606.000000 3709602.000000 
13463270.000000 6441992.000000 
20249916.000000 3701260.000000 
13215040.000000 6530330.000000 
13522430.000000 6172220.000000 
12709918.000000 7015228.000000 
12470708.000000 7525308.000000 
12745710.000000 6732212.000000 
17758720.000000 4178948.000000 
18023598.000000 4102814.000000 
17407506.000000 4332010.000000 
13414742.000000 6469976.000000 
14147690.000000 5430354.000000 
18352378.000000 4042914.000000 
16912730.000000 4389014.000000 
17476218.000000 4270776.000000 
17661286.000000 4237438.000000 
17106190.000000 4386850.000000 
19352036.000000 3746508.000000 
12609774.000000 7239962.000000 
12618394.000000 7175406.000000 
13467568.000000 6341164.000000 
13639412.000000 6111774.000000 
16736138.000000 4427984.000000 
15934226.000000 4752986.000000 
16477742.000000 4478706.000000 
13764236.000000 5943646.000000 
13901988.000000 5823696.000000 
14944416.000000 4967316.000000 
14907532.000000 5344184.000000 
14793600.000000 5351358.000000 
15696946.000000 4816080.000000 
19865382.000000 3720856.000000 
19084374.000000 3797686.000000 
18221570.000000 4071868.000000 
16330308.000000 4514576.000000 
16066672.000000 4617728.000000 
20657226.000000 3585124.000000 
15733622.000000 4754036.000000 
18956194.000000 3823396.000000 
13718994.000000 6018068.000000 
19752752.000000 3728512.000000 
18587232.000000 3895190.000000 
18389726.000000 3994222.000000 
19034676.000000 3808084.000000 
15237290.000000 4839740.000000 
16008030.000000 4678590.000000 
18519228.000000 3964238.000000 
18737014.000000 3858542.000000 

12516884.000000 9109406.000000 
13557140.000000 6372842.000000 
16099788.000000 4561768.000000 
16718984.000000 4298480.000000 
14492926.000000 5252398.000000 
14186176.000000 5713584.000000 
13862232.000000 6063202.000000 
13889488.000000 5774868.000000 
17743132.000000 4150978.000000 
12873846.000000 7675518.000000 
19011844.000000 4062646.000000 
22800036.000000 3561798.000000 
15292222.000000 4899022.000000 
15392002.000000 4838908.000000 
15954708.000000 4757494.000000 
19079252.000000 4007798.000000 
13643750.000000 6111014.000000 
12642934.000000 8501078.000000 
12672410.000000 8477384.000000 
13530160.000000 6379784.000000 
16384124.000000 4336090.000000 
17258366.000000 4251426.000000 
14725954.000000 5100138.000000 
19615214.000000 3775744.000000 
19639204.000000 3598882.000000 
12867788.000000 8083398.000000 
18281420.000000 4093762.000000 
14948240.000000 5013326.000000 
13428166.000000 6492946.000000 
18542708.000000 4065634.000000 
19103160.000000 3951480.000000 
19421416.000000 3892944.000000 
12896808.000000 6760304.000000 
13169956.000000 6587542.000000 

22786626.000000 3723976.000000 
19891374.000000 4244864.000000 
19762850.000000 4272286.000000 
22516824.000000 3728798.000000 
15268436.000000 4818226.000000 
21743810.000000 3766688.000000 
21212942.000000 3893792.000000 
12674052.000000 7807310.000000 
13687602.000000 6253754.000000 
14850344.000000 5176026.000000 
13447340.000000 6850430.000000 
13094828.000000 6948260.000000 
12838392.000000 7097694.000000 
14443486.000000 5239058.000000 
14361520.000000 5282666.000000 
15048012.000000 5035034.000000 
14168652.000000 5550222.000000 
12905406.000000 7037112.000000 
14041288.000000 5717176.000000 
21040752.000000 4016782.000000 
19812366.000000 4256020.000000 
23089790.000000 3689876.000000 
22883168.000000 3690174.000000 
20454480.000000 4098612.000000 
13460500.000000 6568480.000000 
16660356.000000 4354930.000000 
16500656.000000 4387370.000000 
16913054.000000 4289452.000000 
19893002.000000 4130382.000000 
13596846.000000 6530788.000000 
13664918.000000 6258644.000000 
15562914.000000 4628040.000000 
15757024.000000 4542310.000000 
12686814.000000 7620902.000000 
14784538.000000 5213484.000000 
16015432.000000 4480938.000000 
15982402.000000 4505318.000000 
15831996.000000 4540458.000000 
16008416.000000 4493850.000000 
15858010.000000 4528990.000000 
15386452.000000 4709822.000000 
20777320.000000 4017910.000000 
19536374.000000 4285684.000000 

13158436.000000 7228420.000000 
14382568.000000 5826300.000000 
15685502.000000 4877406.000000 
15357716.000000 5044892.000000 
16226840.000000 4682928.000000 
16380556.000000 4564724.000000 
13428636.000000 6839346.000000 
13266588.000000 6933080.000000 
16035932.000000 4818190.000000 
12655084.000000 8492422.000000 
22074062.000000 3529728.000000 
14584228.000000 5529024.000000 
18551086.000000 4035632.000000 
19026896.000000 3997764.000000 
18393352.000000 4115758.000000 
19528654.000000 3803248.000000 
23222176.000000 3294710.000000 
13521160.000000 6603238.000000 
13188882.000000 6944380.000000 
14403026.000000 5814522.000000 
13749286.000000 5986724.000000 
22199102.000000 3525200.000000 
18954220.000000 4005816.000000 
17457356.000000 4336420.000000 
19681366.000000 3756018.000000 
21402884.000000 3531470.000000 
19567394.000000 3779658.000000 
19594658.000000 3773000.000000 
16370938.000000 4604496.000000 
13407886.000000 6893448.000000 
16444900.000000 4551720.000000 
17318496.000000 4384810.000000 
22736420.000000 3318562.000000 
17860158.000000 4172530.000000 
12656404.000000 7323400.000000 
22665166.000000 3466292.000000 
22510694.000000 3487776.000000 
17725982.000000 4217712.000000 
22413474.000000 3490704.000000 
23115350.000000 3305442.000000 
18071228.000000 4171542.000000 
14905096.000000 5313662.000000 
14566424.000000 5623862.000000 
20678786.000000 3667904.000000 
23108650.000000 3311442.000000 
20958276.000000 3636624.000000 
19070650.000000 3829678.000000 
23344762.000000 3216618.000000 
16008128.000000 4875792.000000 
13547958.000000 6471158.000000 

12554936.000000 8053326.000000 
13545358.000000 7127750.000000 
20000512.000000 3633022.000000 
19165894.000000 3881464.000000 
18166666.000000 4045296.000000 
16363378.000000 4837616.000000 
17904266.000000 4174364.000000 
17549742.000000 4263530.000000 
17489710.000000 4407938.000000 
15703260.000000 5411612.000000 
15380916.000000 5808136.000000 
18438692.000000 3967872.000000 
23297702.000000 3568574.000000 
14286540.000000 6197718.000000 
14766862.000000 6101828.000000 
14504174.000000 6133000.000000 
14186682.000000 6644050.000000 
15138732.000000 5941444.000000 
15338404.000000 5934620.000000 
18267238.000000 4015574.000000 
16576462.000000 4673094.000000 
19389594.000000 3718532.000000 
19607246.000000 3663422.000000 
17089358.000000 4522082.000000 
15783548.000000 5288118.000000 
13120156.000000 7589378.000000 
14072074.000000 6747430.000000 
13606094.000000 6806134.000000 
15866182.000000 5254068.000000 
15493316.000000 5558786.000000 
16757680.000000 4627424.000000 
17263776.000000 4475900.000000 
25161968.000000 3510014.000000 
14040202.000000 6766102.000000 
13150420.000000 7225172.000000 
15343650.000000 5901186.000000 
13079674.000000 7852688.000000 
12990518.000000 7857624.000000 
16326992.000000 4993312.000000 
16285894.000000 5067418.000000 
16203832.000000 5078292.000000 
16050902.000000 5119830.000000 
16039984.000000 5191332.000000 

22913360.000000 3695132.000000 
14849850.000000 5365344.000000 
15454280.000000 4970640.000000 
14482412.000000 5446802.000000 
14867400.000000 5197828.000000 
14412302.000000 5563854.000000 
16216072.000000 4448614.000000 
16540118.000000 4401480.000000 
15874834.000000 4759838.000000 
16014890.000000 4570456.000000 
15917894.000000 4635116.000000 
16581326.000000 4351656.000000 
12482316.000000 8324830.000000 
12160458.000000 8540848.000000 
12913638.000000 8274440.000000 
23616234.000000 3609586.000000 
15486896.000000 4787688.000000 
13261790.000000 7515386.000000 
16553930.000000 4395802.000000 
14015530.000000 6144272.000000 
14125862.000000 5846552.000000 
14111784.000000 5946480.000000 
16939332.000000 3985568.000000 
16904268.000000 4020164.000000 
17123764.000000 3859960.000000 
16593522.000000 4276374.000000 
13192812.000000 7647150.000000 
13343188.000000 6329074.000000 
13376322.000000 6247806.000000 
13804028.000000 6181536.000000 
16532380.000000 4419954.000000 
16413470.000000 4431218.000000 

