20926604.000000 3550468.000000 
18940510.000000 3942970.000000 
19249098.000000 3903488.000000 
19269160.000000 3893740.000000 
13078852.000000 7117704.000000 
16168562.000000 4949940.000000 
17679658.000000 4304676.000000 
13379232.000000 6516376.000000 
17244144.000000 4363590.000000 
21472646.000000 3318472.000000 
20189370.000000 3741426.000000 
20118760.000000 3805872.000000 
13605288.000000 5910266.000000 
13782710.000000 5852664.000000 
13770628.000000 5860976.000000 
18735644.000000 3943306.000000 
18209850.000000 4039910.000000 
14742622.000000 5450146.000000 
14962420.000000 5239366.000000 
13163728.000000 6545140.000000 
12867582.000000 7310900.000000 
12566562.000000 7494964.000000 
12343914.000000 8167412.000000 
12360492.000000 8130692.000000 
17703432.000000 4290118.000000 
16371742.000000 4853456.000000 
13394518.000000 6417804.000000 
16812444.000000 4410444.000000 
16610552.000000 4657978.000000 
14101874.000000 5708890.000000 
13491694.000000 6359534.000000 
18105082.000000 4240910.000000 
21269124.000000 3426208.000000 
14130576.000000 5702948.000000 
20738682.000000 3577014.000000 
14899184.000000 5313592.000000 
16304332.000000 4933660.000000 
19754610.000000 3856952.000000 
14335134.000000 5563912.000000 
15256322.000000 5177196.000000 
15563780.000000 5052260.000000 
14790440.000000 5403684.000000 
14850760.000000 5328634.000000 
13994746.000000 5778504.000000 
17830456.000000 4270852.000000 
14160574.000000 5565044.000000 
17765956.000000 4287114.000000 
14443878.000000 5473820.000000 
17322724.000000 4335004.000000 
19497484.000000 3857470.000000 
16442084.000000 4776184.000000 
16334760.000000 4932792.000000 
13544378.000000 6097732.000000 
15939322.000000 5032448.000000 
14091324.000000 5725018.000000 
16294732.000000 4946960.000000 
15360598.000000 5141400.000000 

13594802.000000 6567982.000000 
19138504.000000 3907230.000000 
13367600.000000 6601260.000000 
12645104.000000 6859340.000000 
12370360.000000 7061946.000000 
12279474.000000 7581406.000000 
12048106.000000 7865422.000000 
12215592.000000 7807198.000000 
17159598.000000 4654784.000000 
14792150.000000 5772272.000000 
15150338.000000 5621956.000000 
18112944.000000 4311054.000000 
21223370.000000 3521954.000000 
21818828.000000 3493954.000000 
14359424.000000 5942640.000000 
18765966.000000 3915662.000000 
17109124.000000 4732046.000000 
16683394.000000 4893688.000000 
16931556.000000 4878248.000000 
17151850.000000 4683486.000000 
16051698.000000 4897684.000000 
14098698.000000 6120448.000000 
13860376.000000 6337614.000000 
15543502.000000 5227664.000000 
15705882.000000 5142990.000000 
13884588.000000 6273262.000000 
13678748.000000 6440414.000000 
19282892.000000 3747402.000000 
19278170.000000 3780756.000000 
20971876.000000 3569390.000000 
21426352.000000 3505096.000000 
21972112.000000 3441604.000000 
17478722.000000 4393326.000000 
18355816.000000 4149474.000000 
18382314.000000 4127564.000000 
20013984.000000 3688176.000000 
12278740.000000 7684706.000000 
17161534.000000 4509368.000000 
13973542.000000 6228024.000000 
15388286.000000 5316222.000000 
15239718.000000 5393026.000000 
18189364.000000 4223542.000000 
17670442.000000 4315628.000000 
14625584.000000 5879724.000000 

12064274.000000 8230462.000000 
12040206.000000 8423978.000000 
23585310.000000 3288512.000000 
19811070.000000 3668206.000000 
12613014.000000 7658916.000000 
12413646.000000 7882132.000000 
14314830.000000 6104394.000000 
18225062.000000 4040074.000000 
14088194.000000 6335932.000000 
13722234.000000 6510424.000000 
13458650.000000 6734824.000000 
14443092.000000 6048852.000000 
13955304.000000 6482794.000000 
15239058.000000 5327374.000000 
19715286.000000 3952666.000000 
20680378.000000 3551160.000000 
21703208.000000 3330230.000000 
16718236.000000 4929462.000000 
17139684.000000 4614680.000000 
17043266.000000 4631352.000000 
16850980.000000 4832528.000000 
15087220.000000 5670852.000000 
15094162.000000 5660120.000000 
15656230.000000 5075562.000000 
15453754.000000 5087146.000000 
16804176.000000 4865210.000000 
19579072.000000 4018830.000000 
14091070.000000 6177314.000000 
14233008.000000 6124750.000000 
16026946.000000 4968986.000000 
19473212.000000 4027148.000000 
17444572.000000 4233624.000000 
14558950.000000 5817418.000000 
14468060.000000 5881704.000000 
13295176.000000 7656246.000000 
17340790.000000 4334432.000000 
21027598.000000 3474364.000000 
20946576.000000 3477760.000000 
13299882.000000 6906068.000000 
15868986.000000 4975316.000000 
15663674.000000 4986532.000000 
16945972.000000 4784228.000000 
17325616.000000 4478888.000000 
17235198.000000 4602052.000000 

12888988.000000 7628766.000000 
20135470.000000 3975424.000000 
20551538.000000 3965764.000000 
16589240.000000 4946752.000000 
18205860.000000 4276070.000000 
13621566.000000 7167034.000000 
13612834.000000 7202636.000000 
13640754.000000 7050694.000000 
14569086.000000 5736846.000000 
14192226.000000 5931032.000000 
14205470.000000 5873236.000000 
13384262.000000 7416416.000000 
16926162.000000 4802314.000000 
19867194.000000 4022982.000000 
22342476.000000 3631162.000000 
21595810.000000 3810590.000000 
23708946.000000 3604000.000000 
21115516.000000 3815438.000000 
20629680.000000 3872768.000000 
13493166.000000 7387762.000000 
16189062.000000 5157436.000000 
14268772.000000 5791732.000000 
16990434.000000 4744532.000000 
17029516.000000 4676886.000000 
14889350.000000 5731192.000000 
16201862.000000 5103402.000000 
15157050.000000 5538044.000000 
15279624.000000 5360020.000000 
15290892.000000 5272198.000000 
15984954.000000 5183972.000000 
17609112.000000 4343784.000000 
18263398.000000 4267418.000000 
15762086.000000 5259048.000000 
15121314.000000 5568466.000000 
14900244.000000 5671522.000000 
16361198.000000 5089250.000000 
14038476.000000 6502578.000000 
12757930.000000 8552516.000000 
12744544.000000 8638036.000000 
17812020.000000 4288174.000000 
18794860.000000 4126962.000000 
18314786.000000 4135288.000000 
14034714.000000 6551312.000000 
17199556.000000 4489806.000000 
13731862.000000 6605176.000000 
13728100.000000 6653910.000000 
14077402.000000 6419652.000000 
16795384.000000 4942618.000000 
13796228.000000 6586550.000000 
19699964.000000 4096642.000000 
19576744.000000 4112066.000000 
13082254.000000 7568472.000000 

13049820.000000 7414982.000000 
22036232.000000 3527020.000000 
14772010.000000 5834936.000000 
14490836.000000 5957352.000000 
12440470.000000 8058240.000000 
12376150.000000 8119152.000000 
12504546.000000 7858566.000000 
13743380.000000 6252054.000000 
18023128.000000 3936910.000000 
19306162.000000 3922604.000000 
15174198.000000 5510588.000000 
12720516.000000 7594004.000000 
12578568.000000 7602190.000000 
12132350.000000 8429592.000000 
12026228.000000 8432486.000000 
12749168.000000 7423238.000000 
24573784.000000 3325318.000000 
24006276.000000 3390134.000000 
17933898.000000 4003994.000000 
19302984.000000 3927272.000000 
13059262.000000 7286020.000000 
17041140.000000 4216448.000000 
17293078.000000 4200082.000000 
16234022.000000 4471252.000000 
16049450.000000 4585608.000000 
14105524.000000 6099424.000000 
13757548.000000 6168838.000000 
15780204.000000 4742756.000000 
13686896.000000 6259328.000000 
21160860.000000 3546478.000000 
16908620.000000 4227596.000000 
16631436.000000 4400930.000000 
15429692.000000 5055150.000000 
15413300.000000 5070306.000000 
15443274.000000 5028266.000000 
20189416.000000 3849954.000000 
17846526.000000 4122532.000000 
20424536.000000 3845634.000000 
21081168.000000 3627016.000000 
24830588.000000 3165038.000000 
25613378.000000 3076368.000000 
23349270.000000 3402750.000000 
16646730.000000 4292468.000000 
24808576.000000 3325108.000000 
24061448.000000 3333140.000000 
23194616.000000 3442380.000000 
23226570.000000 3431292.000000 
13142702.000000 6656650.000000 
22553558.000000 3450542.000000 
22062818.000000 3472982.000000 
20429554.000000 3721654.000000 
14976332.000000 5600468.000000 
15216386.000000 5209650.000000 
15232842.000000 5191746.000000 

16072170.000000 5115036.000000 
17450836.000000 4202738.000000 
17202040.000000 4259230.000000 
16978840.000000 4289040.000000 
15776738.000000 5353416.000000 
15785464.000000 5320372.000000 
15836576.000000 5279046.000000 
18871578.000000 3739040.000000 
16578232.000000 4568144.000000 
15047716.000000 5541498.000000 
17850614.000000 4075738.000000 
18764568.000000 3924804.000000 
18607060.000000 3988190.000000 
21315792.000000 3409248.000000 
17688236.000000 4133116.000000 
15454726.000000 5412206.000000 
18688826.000000 3960330.000000 
18531108.000000 4023584.000000 
22037494.000000 3309350.000000 
22293184.000000 3307752.000000 
21439678.000000 3320460.000000 
21424020.000000 3390248.000000 
21291082.000000 3473300.000000 
15801892.000000 5312944.000000 
16240584.000000 4782752.000000 
16152434.000000 4815732.000000 
15868806.000000 5205944.000000 
12437278.000000 7959512.000000 
12668934.000000 7882224.000000 
12672576.000000 7198142.000000 
13266468.000000 6998612.000000 
13299624.000000 6777816.000000 
13801310.000000 6562220.000000 
21107638.000000 3519304.000000 
19364354.000000 3645800.000000 
19564506.000000 3644198.000000 
20846742.000000 3525072.000000 
19110146.000000 3651920.000000 
19310298.000000 3650318.000000 
14504060.000000 5820386.000000 
14480038.000000 5850716.000000 
14418036.000000 6306180.000000 
14669494.000000 5745584.000000 
16756300.000000 4382752.000000 
16335572.000000 4654932.000000 
24372288.000000 3209130.000000 
20396466.000000 3557594.000000 
13954090.000000 6308894.000000 
20662870.000000 3550378.000000 

22749992.000000 3413004.000000 
12820824.000000 6823150.000000 
20518922.000000 3541548.000000 
19839964.000000 3545068.000000 
19179962.000000 3617092.000000 
19167502.000000 3729540.000000 
14783452.000000 5563186.000000 
17109682.000000 4451700.000000 
13144530.000000 6398874.000000 
13691044.000000 6142908.000000 
25539998.000000 3255212.000000 
17529352.000000 4281702.000000 
19045662.000000 3868770.000000 
16168308.000000 4904340.000000 
14262616.000000 5660412.000000 
13934454.000000 5912458.000000 
18746138.000000 3909526.000000 
17757326.000000 4180494.000000 
18258032.000000 4063578.000000 
12406414.000000 7722410.000000 
16509480.000000 4760420.000000 
17011954.000000 4536706.000000 
17264174.000000 4361746.000000 
17369144.000000 4334432.000000 
14842838.000000 5557280.000000 
13574740.000000 6232454.000000 
15631034.000000 4923194.000000 
15202530.000000 5245532.000000 
15488008.000000 5113826.000000 
24626744.000000 3279378.000000 
19006790.000000 3907712.000000 
12698406.000000 6981480.000000 
12647012.000000 7466808.000000 
20568634.000000 3484864.000000 
23190572.000000 3280678.000000 
12969512.000000 6805626.000000 
12789320.000000 6920630.000000 
16685796.000000 4743844.000000 
16750334.000000 4734586.000000 
16470004.000000 4781002.000000 
14981262.000000 5480490.000000 
13903126.000000 6133372.000000 
16392346.000000 4814880.000000 
16159226.000000 4916236.000000 
13504816.000000 6386416.000000 
17720506.000000 4249280.000000 

12161618.000000 7844948.000000 
12468510.000000 7760680.000000 
15645784.000000 5681912.000000 
16721892.000000 4659992.000000 
14938980.000000 5913762.000000 
24725680.000000 3432482.000000 
14213774.000000 6339482.000000 
14162668.000000 6394572.000000 
12995536.000000 7127092.000000 
12737694.000000 7233832.000000 
21042260.000000 3565222.000000 
20930480.000000 3595346.000000 
15555666.000000 5795120.000000 
18249456.000000 4259646.000000 
13528688.000000 6896848.000000 
17547908.000000 4359154.000000 
17886396.000000 4277158.000000 
22997658.000000 3520384.000000 
14805028.000000 6104400.000000 
15644204.000000 5761972.000000 
15702384.000000 5670434.000000 
13618404.000000 6808204.000000 
13290404.000000 6927180.000000 
12485128.000000 7240104.000000 
18816372.000000 4070104.000000 
18505340.000000 4184194.000000 
13717512.000000 6741008.000000 
20876426.000000 3667742.000000 
18654968.000000 4173714.000000 
19417692.000000 3761912.000000 
19768482.000000 3749770.000000 
19155994.000000 3776870.000000 
19771248.000000 3706224.000000 
14109576.000000 6489672.000000 
18983866.000000 3954724.000000 
16178812.000000 4741952.000000 
16726306.000000 4534132.000000 
16974282.000000 4508794.000000 
23427744.000000 3477694.000000 
20533862.000000 3668128.000000 
23322864.000000 3490342.000000 
15734516.000000 5547372.000000 
15756576.000000 5405878.000000 
24264864.000000 3434948.000000 
14708264.000000 6191914.000000 
15069400.000000 5858846.000000 
14412292.000000 6192474.000000 
23965446.000000 3439354.000000 
14160132.000000 6478056.000000 
19813734.000000 3670152.000000 
21592494.000000 3532300.000000 
18904232.000000 3976708.000000 
18602120.000000 4177778.000000 
14404840.000000 6259162.000000 
14923268.000000 6101832.000000 

21016754.000000 3509448.000000 
21289762.000000 3477016.000000 
20709566.000000 3524900.000000 
22829414.000000 3386042.000000 
15141568.000000 5584904.000000 
21525368.000000 3419736.000000 
18842848.000000 3781064.000000 
18689734.000000 3923062.000000 
18656274.000000 4029102.000000 
19114970.000000 3710310.000000 
23008690.000000 3359896.000000 
16872062.000000 4839794.000000 
16162560.000000 5261046.000000 
15771978.000000 5342006.000000 
13069880.000000 7291980.000000 
12936404.000000 7340958.000000 
12803568.000000 7379850.000000 
23375152.000000 3333066.000000 
19435090.000000 3572462.000000 
14390876.000000 5849280.000000 
13864948.000000 6046356.000000 
16626668.000000 4883970.000000 
16932114.000000 4597368.000000 
13951238.000000 5928494.000000 
13456276.000000 6573388.000000 
14528668.000000 5733250.000000 
14594408.000000 5696172.000000 
14862108.000000 5690096.000000 
16322110.000000 5109850.000000 
16122792.000000 5306022.000000 
13801370.000000 6493382.000000 
12065786.000000 8266020.000000 
12187564.000000 7714666.000000 
14978496.000000 5685014.000000 
15589402.000000 5488834.000000 
22077272.000000 3413536.000000 
13390622.000000 6751744.000000 
13257490.000000 6799798.000000 
20337538.000000 3526826.000000 
21454010.000000 3431810.000000 
16035116.000000 5306702.000000 
18511148.000000 4075684.000000 
16341868.000000 5034260.000000 
15756766.000000 5432888.000000 
16783748.000000 4852514.000000 
16566106.000000 4992306.000000 
13104132.000000 7040000.000000 
13126016.000000 6948846.000000 
16264708.000000 5129900.000000 
16176340.000000 5194426.000000 
17281998.000000 4148900.000000 

13476360.000000 6520662.000000 
13152564.000000 6861682.000000 
12003178.000000 7743140.000000 
12710394.000000 7254042.000000 
21874876.000000 3644252.000000 
14982722.000000 5453230.000000 
14934998.000000 5730440.000000 
22144326.000000 3584084.000000 
13992724.000000 6312862.000000 
14113506.000000 6214656.000000 
18546366.000000 4007392.000000 
13001138.000000 6929878.000000 
14756164.000000 5879004.000000 
14872672.000000 5764884.000000 
16252598.000000 4948276.000000 
16406648.000000 4914852.000000 
12732354.000000 7201158.000000 
13951568.000000 6374640.000000 
13937960.000000 6413008.000000 
13838568.000000 6428582.000000 
18071724.000000 4127684.000000 
12388844.000000 7682860.000000 
16573084.000000 4878044.000000 
15374936.000000 5065134.000000 
15644470.000000 4983342.000000 
16810616.000000 4530526.000000 
16628196.000000 4649496.000000 
14769806.000000 5789000.000000 
13566092.000000 6513276.000000 
12440794.000000 7461476.000000 
18255564.000000 4127274.000000 
12554688.000000 7409348.000000 
11981322.000000 7850298.000000 
17562350.000000 4198098.000000 
17518136.000000 4283056.000000 
17864406.000000 4150890.000000 
19141710.000000 3844870.000000 
22124466.000000 3631914.000000 
22389784.000000 3571918.000000 
20416838.000000 3792608.000000 
20510620.000000 3713058.000000 
20867344.000000 3684186.000000 
20950774.000000 3645586.000000 
17410032.000000 4481910.000000 
15335602.000000 5409878.000000 
14246478.000000 6169486.000000 
14326968.000000 6000062.000000 
14448918.000000 5907168.000000 
18689402.000000 3873840.000000 
12553640.000000 7448766.000000 
18590724.000000 3958620.000000 

12586618.000000 7319166.000000 
12536234.000000 7335778.000000 
12051190.000000 7998580.000000 
12319214.000000 7513484.000000 
12296786.000000 7662360.000000 
18337746.000000 4171184.000000 
15754616.000000 4831136.000000 
16210056.000000 4756540.000000 
16141262.000000 4804806.000000 
15990388.000000 4808590.000000 
19400766.000000 3913480.000000 
19791792.000000 3820680.000000 
16404410.000000 4655850.000000 
16968688.000000 4547296.000000 
17376564.000000 4345982.000000 
14221902.000000 6170252.000000 
13192216.000000 6623378.000000 
13802646.000000 6226486.000000 
13699956.000000 6319550.000000 
14848712.000000 5802196.000000 
15566274.000000 5114730.000000 
15340558.000000 5168404.000000 
15033024.000000 5531222.000000 
14871258.000000 5537172.000000 
19966130.000000 3711504.000000 
16784810.000000 4560578.000000 
16590626.000000 4592390.000000 
13065666.000000 6799406.000000 
12676064.000000 6810468.000000 
12651072.000000 6893608.000000 
15320612.000000 5335694.000000 
14549858.000000 5971206.000000 
18252760.000000 4313788.000000 
14705240.000000 5901310.000000 
13286532.000000 6607060.000000 
13579866.000000 6505302.000000 
13422256.000000 6547872.000000 
20332058.000000 3589174.000000 
18529884.000000 4044350.000000 
20753006.000000 3533796.000000 
20763146.000000 3493024.000000 
22428500.000000 3373686.000000 
21388246.000000 3425940.000000 
22560528.000000 3366378.000000 
18646890.000000 3965732.000000 

16688386.000000 5079380.000000 
15822018.000000 5473822.000000 
16313690.000000 5125614.000000 
11907460.000000 7337308.000000 
12133514.000000 6832084.000000 
13501440.000000 6518790.000000 
16844054.000000 4629228.000000 
16734610.000000 4873692.000000 
12508234.000000 6760198.000000 
19192926.000000 4071494.000000 
17457282.000000 4262924.000000 
17028438.000000 4623806.000000 
16765008.000000 4852116.000000 
15580036.000000 5521214.000000 
15439146.000000 5552730.000000 
14258430.000000 6065428.000000 
14053154.000000 6114778.000000 
13648422.000000 6464800.000000 
13281328.000000 6574354.000000 
13965850.000000 6305414.000000 
15316038.000000 5686040.000000 
19608274.000000 3803874.000000 
11643372.000000 8312070.000000 
11469528.000000 8657148.000000 
11403416.000000 8680198.000000 
20964830.000000 3757208.000000 
14444576.000000 5986452.000000 
14169668.000000 6067814.000000 
14058950.000000 6107732.000000 
14859900.000000 5937008.000000 
21065576.000000 3671200.000000 
13185244.000000 6666740.000000 
15852528.000000 5376172.000000 
13771440.000000 6394020.000000 
13908114.000000 6379460.000000 
21691404.000000 3307780.000000 
21675514.000000 3353952.000000 
15932642.000000 5250530.000000 
17289306.000000 4559258.000000 
13999400.000000 6288540.000000 
14906524.000000 5883116.000000 
14953120.000000 5716890.000000 

11786168.000000 8032278.000000 
11846390.000000 7999104.000000 
11934486.000000 7875048.000000 
15711868.000000 5520124.000000 
11917814.000000 7970004.000000 
16409384.000000 4942984.000000 
16498582.000000 4918364.000000 
16989840.000000 4589418.000000 
16037622.000000 5180554.000000 
22341428.000000 3554776.000000 
15262432.000000 5694372.000000 
17841304.000000 4411088.000000 
21680902.000000 3554786.000000 
14968128.000000 5956214.000000 
14632226.000000 6005250.000000 
14931910.000000 5967446.000000 
15131576.000000 5725086.000000 
15017280.000000 5770288.000000 
16139966.000000 5023326.000000 
16661790.000000 4843102.000000 
14905020.000000 5974434.000000 
20198722.000000 3760036.000000 
15743118.000000 5491324.000000 
15074010.000000 5754792.000000 
15782480.000000 5205684.000000 
15336818.000000 5648086.000000 
18235798.000000 4255590.000000 
18331274.000000 4227550.000000 
17526738.000000 4425792.000000 
19091830.000000 3772518.000000 
19031488.000000 4003386.000000 
19047882.000000 3923490.000000 
16076766.000000 5038236.000000 
16379886.000000 4975044.000000 
16369196.000000 5001218.000000 
13934284.000000 6135492.000000 
13029948.000000 6464002.000000 
18049508.000000 4391724.000000 
17145612.000000 4552150.000000 
12488804.000000 7296222.000000 
12546920.000000 7262790.000000 
12607530.000000 6978096.000000 
13565944.000000 6300294.000000 
13511836.000000 6379552.000000 
12308690.000000 7317540.000000 
11980546.000000 7550484.000000 
22451470.000000 3489150.000000 
21445068.000000 3593662.000000 
23462504.000000 3411630.000000 
23246766.000000 3464186.000000 
22437484.000000 3538566.000000 
20218200.000000 3632942.000000 
15594920.000000 5565282.000000 
23724388.000000 3400314.000000 
25291008.000000 3393310.000000 

24389146.000000 3210990.000000 
21629800.000000 3548304.000000 
21711612.000000 3504486.000000 
24131074.000000 3284556.000000 
24158796.000000 3239364.000000 
21669794.000000 3513374.000000 
21940798.000000 3451540.000000 
21751606.000000 3469556.000000 
15753118.000000 5556492.000000 
15449416.000000 5600262.000000 
16886876.000000 4670764.000000 
13567548.000000 6340894.000000 
20242006.000000 3936552.000000 
23839328.000000 3316302.000000 
16433362.000000 5156152.000000 
18389348.000000 4319574.000000 
16645598.000000 4755942.000000 
15395312.000000 5789600.000000 
15151700.000000 5897940.000000 
13343982.000000 7373826.000000 
13376820.000000 6445494.000000 
14359280.000000 6305098.000000 
21357682.000000 3622768.000000 
21132940.000000 3747718.000000 
20890346.000000 3754812.000000 
16635508.000000 5040220.000000 
16573752.000000 5060112.000000 
23067674.000000 3400398.000000 
23223900.000000 3380982.000000 
16442136.000000 5106768.000000 
16507618.000000 5070422.000000 
18037798.000000 4465336.000000 
14429970.000000 6100544.000000 
12767860.000000 7398480.000000 
17169132.000000 4533334.000000 
19693758.000000 4015360.000000 
18699608.000000 4094670.000000 
18533334.000000 4172990.000000 
23624738.000000 3345028.000000 
23061850.000000 3439774.000000 
15936456.000000 5312682.000000 
15964858.000000 5235876.000000 
12598612.000000 7720020.000000 
20448400.000000 3894582.000000 
19925436.000000 3988350.000000 
23109790.000000 3395612.000000 

11541400.000000 8011412.000000 
11517084.000000 8011594.000000 
12042658.000000 8003762.000000 
12427370.000000 7273914.000000 
12299582.000000 7781058.000000 
12143790.000000 7807618.000000 
12056554.000000 7943350.000000 
21208754.000000 3821358.000000 
21152138.000000 3860366.000000 
20782190.000000 3933004.000000 
16957404.000000 4329332.000000 
17927334.000000 4289670.000000 
14898948.000000 5179560.000000 
14832634.000000 5222782.000000 
14611456.000000 5256818.000000 
14478248.000000 5473098.000000 
15841840.000000 4809560.000000 
19510802.000000 3934276.000000 
19345660.000000 3977298.000000 
19160818.000000 4008480.000000 
18520246.000000 4063288.000000 
17976932.000000 4163790.000000 
16540816.000000 4481136.000000 
15609296.000000 4948646.000000 
13653298.000000 6138198.000000 
23817878.000000 3797856.000000 
13726404.000000 6079084.000000 
14258164.000000 5683038.000000 
13480208.000000 6501180.000000 
12799462.000000 7178706.000000 
12597094.000000 7203746.000000 
14047180.000000 6013866.000000 
14122902.000000 5693480.000000 
14101372.000000 5914020.000000 
18093468.000000 4154062.000000 
12966764.000000 7095690.000000 
16347716.000000 4552716.000000 
15603116.000000 5017748.000000 
14274092.000000 5646356.000000 
15410718.000000 5059448.000000 
14287466.000000 5583286.000000 
13404478.000000 6525830.000000 
13333738.000000 6557164.000000 

17229698.000000 4780800.000000 
19416650.000000 3759196.000000 
13334776.000000 6448412.000000 
14485692.000000 6022718.000000 
12098980.000000 8324042.000000 
16887202.000000 4938562.000000 
16438262.000000 4983944.000000 
15871354.000000 5143410.000000 
16860094.000000 4961090.000000 
13678632.000000 6420970.000000 
14542804.000000 5932974.000000 
15046238.000000 5437676.000000 
15527344.000000 5356146.000000 
15863736.000000 5252030.000000 
13778206.000000 6202830.000000 
17548680.000000 4506556.000000 
15787358.000000 5322982.000000 
16065348.000000 5080290.000000 
18250470.000000 4413188.000000 
16934478.000000 4827764.000000 
19500970.000000 3707438.000000 
20389390.000000 3619208.000000 
18874398.000000 3962392.000000 
14844786.000000 5732852.000000 
15471152.000000 5383276.000000 
15467460.000000 5410370.000000 
18486458.000000 4214902.000000 
18743692.000000 4152802.000000 
19290348.000000 3947086.000000 
20184888.000000 3627838.000000 
20633994.000000 3611940.000000 
12288980.000000 7292264.000000 
12900124.000000 6646420.000000 
12443210.000000 6855262.000000 
12345560.000000 6944382.000000 
12343384.000000 7074690.000000 
11922362.000000 9853074.000000 
16404158.000000 5063026.000000 
13072090.000000 6524914.000000 
14194252.000000 6081302.000000 
21359138.000000 3493840.000000 
21365904.000000 3374882.000000 
12215768.000000 7870410.000000 
20940034.000000 3512092.000000 
20744434.000000 3516522.000000 
11989920.000000 9585016.000000 
11807670.000000 9860698.000000 

12687760.000000 8856086.000000 
12756930.000000 7703104.000000 
12809752.000000 7518126.000000 
23143082.000000 3526536.000000 
13361008.000000 6647678.000000 
13582354.000000 6354788.000000 
13328458.000000 6803302.000000 
21662494.000000 3526896.000000 
21009740.000000 3532086.000000 
15255688.000000 5472312.000000 
13217402.000000 6898512.000000 
13157386.000000 6960362.000000 
13368956.000000 6595026.000000 
19357658.000000 3570056.000000 
18148228.000000 3743900.000000 
18068966.000000 4115300.000000 
18912888.000000 3735912.000000 
14560698.000000 5567748.000000 
14087814.000000 6107400.000000 
14304742.000000 5883518.000000 
14844618.000000 5531722.000000 
14958182.000000 5482342.000000 
16154192.000000 4931624.000000 
16091500.000000 5059602.000000 
20705918.000000 3552540.000000 
12700894.000000 8545302.000000 
15893070.000000 5090484.000000 
17022484.000000 4213770.000000 
17068878.000000 4164700.000000 
14258080.000000 6103786.000000 
16732098.000000 4480566.000000 
13953142.000000 6251502.000000 
16463616.000000 4601844.000000 
16268182.000000 4642470.000000 
16228058.000000 4673904.000000 
13111446.000000 7511300.000000 
15478000.000000 5124674.000000 
15401978.000000 5269292.000000 

12829800.000000 7718328.000000 
12740126.000000 7735958.000000 
13064752.000000 7395728.000000 
12973550.000000 7484910.000000 
15277044.000000 5645808.000000 
15173528.000000 5665434.000000 
15150720.000000 5709072.000000 
20532000.000000 3883962.000000 
13263282.000000 7369850.000000 
15968630.000000 5247930.000000 
17061648.000000 4500326.000000 
19021122.000000 4115526.000000 
19720422.000000 4050512.000000 
23034418.000000 3536810.000000 
21112834.000000 3588838.000000 
13919662.000000 6524620.000000 
16474900.000000 5098332.000000 
18832824.000000 4162800.000000 
19409676.000000 4107274.000000 
15632346.000000 5281776.000000 
16030382.000000 5223632.000000 
16917370.000000 4553458.000000 
15603102.000000 5484932.000000 
14197598.000000 6380338.000000 
17732346.000000 4309068.000000 
16789924.000000 4573604.000000 
16699258.000000 4746082.000000 
12908128.000000 7632812.000000 
20835812.000000 3732100.000000 
13784470.000000 6603914.000000 
13676514.000000 6675166.000000 
14817132.000000 6083808.000000 
18450146.000000 4289746.000000 
17934000.000000 4301980.000000 
14760222.000000 6261978.000000 
16297470.000000 5166014.000000 
16346724.000000 5099808.000000 
16538126.000000 4958966.000000 
21031614.000000 3627878.000000 
21016330.000000 3647126.000000 
20218788.000000 4040732.000000 
18602776.000000 4289644.000000 
20366664.000000 4018582.000000 
20119840.000000 4040952.000000 
16625394.000000 4916690.000000 
20321218.000000 4028864.000000 
15040946.000000 5858358.000000 
15428508.000000 5492528.000000 
15335066.000000 5512238.000000 
13265962.000000 7076314.000000 
13468622.000000 6780538.000000 
18680372.000000 4185322.000000 
16485632.000000 5039056.000000 
17381068.000000 4400502.000000 
16670176.000000 4882826.000000 
15589004.000000 5487240.000000 
20302170.000000 4029978.000000 
14162886.000000 6434604.000000 
14602844.000000 6368228.000000 

15035424.000000 5389438.000000 
21618264.000000 3903108.000000 
14336060.000000 5614406.000000 
14801056.000000 5440008.000000 
23058784.000000 3854746.000000 
15524350.000000 5305910.000000 
18582038.000000 4205162.000000 
15510116.000000 5338854.000000 
13835450.000000 6874980.000000 
17580076.000000 4381898.000000 
17151078.000000 4431006.000000 
14212294.000000 5909632.000000 
15223572.000000 5363724.000000 
14816264.000000 5435414.000000 
13938790.000000 5932058.000000 
14235472.000000 5770776.000000 
17021012.000000 4728136.000000 
14628394.000000 5601436.000000 
16096150.000000 4761608.000000 
15627346.000000 5131846.000000 
22235020.000000 3877474.000000 
20658412.000000 3925596.000000 
19492098.000000 3954608.000000 
19287812.000000 4071140.000000 
18160398.000000 4274576.000000 
16815400.000000 4749172.000000 
15733128.000000 5104548.000000 
15568762.000000 5294530.000000 
23293422.000000 3839940.000000 
20557886.000000 3929232.000000 
21750344.000000 3884912.000000 

11819046.000000 9180258.000000 
11843514.000000 8977768.000000 
12255772.000000 8402940.000000 
21221966.000000 3557090.000000 
11884500.000000 8634524.000000 
11776914.000000 9288268.000000 
11716978.000000 9317708.000000 
13197384.000000 6770432.000000 
13221758.000000 6552256.000000 
13219122.000000 6583036.000000 
12967824.000000 7381232.000000 
15911056.000000 5000676.000000 
14742598.000000 5691272.000000 
15237908.000000 5157746.000000 
16109810.000000 4714420.000000 
12727088.000000 7650012.000000 
12898582.000000 7612256.000000 
19829570.000000 3578148.000000 
17813300.000000 3925038.000000 
19536508.000000 3694654.000000 
18907056.000000 3703840.000000 
18687838.000000 3733874.000000 
17185270.000000 4240338.000000 
17271996.000000 4227538.000000 
13712186.000000 6434730.000000 
16764636.000000 4468522.000000 
19779932.000000 3682352.000000 
13813864.000000 6431244.000000 
14431372.000000 5932018.000000 
14131684.000000 6056222.000000 
14073778.000000 6252848.000000 
25570118.000000 3323134.000000 
24944620.000000 3333578.000000 
22913212.000000 3434644.000000 
16978350.000000 4390730.000000 
17391408.000000 4115056.000000 
17287552.000000 4208794.000000 
14954954.000000 5656076.000000 
15477816.000000 5123642.000000 
16347580.000000 4680260.000000 
18423266.000000 3775134.000000 
17726166.000000 3972018.000000 
15955518.000000 4923314.000000 
16559026.000000 4492572.000000 
19825518.000000 3667492.000000 
17986188.000000 3821672.000000 
17892958.000000 3848060.000000 
17656044.000000 3993452.000000 
17865454.000000 3905824.000000 
13815408.000000 6404378.000000 
13950574.000000 6398772.000000 
13650398.000000 6503034.000000 
22244748.000000 3509196.000000 

12187510.000000 8228498.000000 
12045744.000000 8321322.000000 
12578246.000000 7689854.000000 
12636436.000000 7682350.000000 
12400080.000000 8057142.000000 
12391484.000000 8225988.000000 
15196040.000000 5310932.000000 
15211452.000000 5138638.000000 
15127018.000000 5525754.000000 
16834598.000000 4459238.000000 
16233242.000000 4951752.000000 
16858416.000000 4454410.000000 
12890080.000000 7437260.000000 
12914460.000000 7321042.000000 
16816632.000000 4706126.000000 
16700978.000000 4937576.000000 
16772132.000000 4829732.000000 
13014546.000000 7143968.000000 
14226442.000000 6079556.000000 
13191436.000000 6415012.000000 
20089330.000000 3751360.000000 
20180330.000000 3688136.000000 
19650010.000000 3801990.000000 
17955450.000000 3869098.000000 
14140964.000000 6133354.000000 
23089332.000000 3624284.000000 
23157496.000000 3569250.000000 
22624306.000000 3628654.000000 
21920714.000000 3672970.000000 
23414210.000000 3566794.000000 
22892908.000000 3625010.000000 
22188944.000000 3666644.000000 
14830212.000000 5738892.000000 
16753008.000000 4856344.000000 
14701036.000000 6029522.000000 
14823980.000000 6011916.000000 
20138442.000000 3699090.000000 
17676292.000000 4035514.000000 
17562240.000000 4117450.000000 
17533094.000000 4381610.000000 
12882834.000000 7549646.000000 
12646954.000000 7637790.000000 

23891108.000000 3636828.000000 
12438902.000000 8243298.000000 
12511350.000000 8203794.000000 
12651512.000000 7674898.000000 
12976684.000000 7564770.000000 
14041452.000000 6326246.000000 
13411958.000000 7091654.000000 
13495428.000000 7012560.000000 
13470372.000000 7087740.000000 
17887716.000000 4300756.000000 
13382250.000000 7337224.000000 
13323014.000000 7360720.000000 
16633270.000000 4525162.000000 
15416722.000000 5083492.000000 
14060768.000000 6312746.000000 
14230980.000000 6264918.000000 
18256610.000000 3988602.000000 
14182580.000000 6267374.000000 
14906392.000000 5545224.000000 
14096996.000000 6308426.000000 
13735334.000000 6372806.000000 
13666672.000000 6652480.000000 
15219952.000000 5210922.000000 
17928072.000000 4173928.000000 
15000140.000000 5417710.000000 
15520406.000000 4783498.000000 
18682952.000000 3762834.000000 
18769622.000000 3686652.000000 
18851120.000000 3640004.000000 
14303534.000000 6211144.000000 
17393656.000000 4322270.000000 
14967690.000000 5538464.000000 
13514948.000000 6722826.000000 
13170820.000000 7539062.000000 
13188142.000000 7510246.000000 
13284880.000000 7463132.000000 
15719148.000000 4590988.000000 
15621918.000000 4592730.000000 
13618252.000000 6658430.000000 
14657560.000000 5870778.000000 
14323438.000000 6098414.000000 
17090044.000000 4370706.000000 
14255196.000000 6257024.000000 

19315166.000000 3774770.000000 
22187904.000000 3421510.000000 
19917096.000000 3540496.000000 
21135820.000000 3439540.000000 
14616462.000000 5905304.000000 
12429932.000000 7976336.000000 
13034362.000000 7000046.000000 
16831418.000000 4353612.000000 
14785222.000000 5417638.000000 
21654954.000000 3426302.000000 
15613454.000000 5407640.000000 
16281478.000000 4847258.000000 
17019636.000000 4178882.000000 
16329764.000000 4808576.000000 
16841804.000000 4267882.000000 
22679958.000000 3308328.000000 
22600994.000000 3309874.000000 
18984030.000000 3869816.000000 
20801518.000000 3513900.000000 
22340374.000000 3394850.000000 
13528852.000000 6862230.000000 
19650964.000000 3547860.000000 
20869688.000000 3446904.000000 
22419380.000000 3327950.000000 
13477072.000000 6893102.000000 
16494296.000000 4519710.000000 
16760386.000000 4468232.000000 
13740718.000000 6367348.000000 
13655826.000000 6785070.000000 
13470042.000000 6966550.000000 
16360056.000000 4771642.000000 
12978804.000000 7570902.000000 
15824300.000000 5344484.000000 
19249906.000000 3863968.000000 
14173644.000000 6346220.000000 
14184354.000000 6247098.000000 
23440952.000000 3243410.000000 
23506684.000000 3226068.000000 
19350028.000000 3641220.000000 
15985180.000000 5299508.000000 
12594044.000000 7575960.000000 
18634588.000000 3928454.000000 
14383266.000000 6064490.000000 
14368730.000000 6109896.000000 
14304192.000000 6241776.000000 
12428146.000000 8265692.000000 
15995408.000000 5001018.000000 
17898688.000000 4029716.000000 
17517338.000000 4101228.000000 
19469824.000000 3626972.000000 

24219722.000000 3629074.000000 
14743602.000000 5836648.000000 
18575696.000000 3979988.000000 
12752646.000000 8379398.000000 
18541142.000000 4020434.000000 
13805328.000000 6146866.000000 
13599692.000000 6211164.000000 
15627250.000000 4935012.000000 
15242780.000000 5076554.000000 
15078864.000000 5141052.000000 
15137056.000000 5137752.000000 
20277452.000000 3822644.000000 
12758426.000000 8313934.000000 
12531062.000000 8438948.000000 
20426400.000000 3791666.000000 
14967604.000000 5727378.000000 
14581232.000000 6033014.000000 
15535694.000000 4999078.000000 
15579558.000000 4973424.000000 
16129198.000000 4532532.000000 
16015878.000000 4581526.000000 
15012140.000000 5701566.000000 
16391920.000000 4410666.000000 
16646510.000000 4394468.000000 
22632976.000000 3636928.000000 
13198660.000000 7217670.000000 
15014220.000000 5448700.000000 
18989334.000000 3841928.000000 
20707706.000000 3754582.000000 
12882408.000000 7347984.000000 
13213514.000000 6474342.000000 
13428004.000000 6446308.000000 
20754684.000000 3726940.000000 
15902780.000000 4806186.000000 
15405840.000000 5005116.000000 
22312350.000000 3676996.000000 
17925354.000000 4076964.000000 
21663490.000000 3687754.000000 
22528844.000000 3640336.000000 
22435120.000000 3652952.000000 
18757162.000000 3979148.000000 
18793050.000000 3964778.000000 
17995452.000000 4030688.000000 
14916834.000000 5777654.000000 

19921606.000000 3709602.000000 
19959236.000000 3665594.000000 
12016962.000000 8019518.000000 
11997468.000000 8222160.000000 
12110756.000000 7782892.000000 
12037202.000000 7941506.000000 
21638208.000000 3597166.000000 
22216498.000000 3540902.000000 
16729496.000000 4583282.000000 
12645170.000000 6846448.000000 
12684764.000000 6819246.000000 
12772892.000000 6733770.000000 
12576820.000000 7271298.000000 
12507166.000000 7351636.000000 
12448706.000000 7402346.000000 
18221570.000000 4071868.000000 
17726490.000000 4250816.000000 
19039416.000000 3718094.000000 
18748264.000000 3769752.000000 
16290242.000000 4824748.000000 
17306090.000000 4432810.000000 
17539816.000000 4371370.000000 
13775260.000000 5951036.000000 
17040084.000000 4457310.000000 
18258544.000000 3973494.000000 
18047604.000000 4105528.000000 
18546922.000000 3920884.000000 
11328094.000000 9018872.000000 
11299964.000000 9246110.000000 
11597702.000000 8916144.000000 
13339676.000000 6284776.000000 
13524218.000000 6216292.000000 
14471384.000000 5500464.000000 
14668454.000000 5448694.000000 
20086110.000000 3657536.000000 
20491490.000000 3624206.000000 
17943070.000000 4226376.000000 
13547702.000000 6089926.000000 
15237290.000000 4839740.000000 
18519228.000000 3964238.000000 
18587232.000000 3895190.000000 
16316656.000000 4784864.000000 
16478358.000000 4724330.000000 
12310194.000000 7566184.000000 
12815090.000000 6615518.000000 
23133690.000000 3530488.000000 
14899140.000000 5193682.000000 
13244112.000000 6488128.000000 
14700970.000000 5241532.000000 
13948042.000000 5671186.000000 
14679732.000000 5300556.000000 
14944416.000000 4967316.000000 
14616418.000000 5487060.000000 
18020076.000000 4199972.000000 
18737014.000000 3858542.000000 

13000592.000000 6548968.000000 
12689036.000000 6866958.000000 
14710404.000000 5553922.000000 
16720666.000000 4361940.000000 
21665632.000000 3574072.000000 
21877924.000000 3569004.000000 
14748714.000000 5368762.000000 
15234112.000000 4913514.000000 
15954708.000000 4757494.000000 
20783180.000000 3658586.000000 
14041868.000000 5673578.000000 
17574982.000000 4230504.000000 
12802558.000000 6720606.000000 
18688662.000000 3966542.000000 
13896088.000000 5984072.000000 
14948240.000000 5013326.000000 
13341744.000000 6404892.000000 
20001414.000000 3701526.000000 
17322390.000000 4335046.000000 
23389068.000000 3535034.000000 
17216004.000000 4346400.000000 
16416738.000000 4423974.000000 
17385948.000000 4268752.000000 
16345174.000000 4719538.000000 
12481726.000000 6937548.000000 
16549436.000000 4413296.000000 
22772276.000000 3536986.000000 
23800030.000000 3357006.000000 
23456850.000000 3478480.000000 
18844874.000000 3817774.000000 
18261150.000000 4018126.000000 
17937612.000000 4085010.000000 
22219354.000000 3550264.000000 
22414710.000000 3540940.000000 
22120856.000000 3556200.000000 
11893392.000000 6967706.000000 
11597746.000000 7441756.000000 
11564064.000000 7443268.000000 
17189832.000000 4351500.000000 

12276330.000000 7881282.000000 
12564824.000000 7615360.000000 
12429528.000000 7811162.000000 
12701656.000000 7472078.000000 
13368910.000000 6782138.000000 
12639776.000000 7611002.000000 
13221914.000000 7019840.000000 
18044634.000000 4338254.000000 
14168676.000000 5897482.000000 
18536564.000000 4237564.000000 
18646456.000000 4205898.000000 
18438240.000000 4280992.000000 
17886714.000000 4404508.000000 
14086560.000000 5922966.000000 
19753070.000000 4128480.000000 
19786518.000000 4048732.000000 
20001448.000000 4044384.000000 
21322844.000000 3761860.000000 
21347950.000000 3723818.000000 
21220758.000000 3771952.000000 
17814398.000000 4429900.000000 
13197014.000000 7167846.000000 
13484066.000000 6688994.000000 
13260130.000000 6845642.000000 
13003646.000000 7229554.000000 
13064868.000000 7191138.000000 
13104920.000000 7189710.000000 
20892976.000000 3977236.000000 
21047484.000000 3929442.000000 
15356604.000000 4904358.000000 
15693370.000000 4650480.000000 
14773546.000000 5274092.000000 
14938658.000000 5168856.000000 
15140054.000000 5080488.000000 
13526918.000000 6255766.000000 
15858010.000000 4528990.000000 
13402360.000000 6721168.000000 
12166554.000000 9052104.000000 
22710036.000000 3569958.000000 
22271068.000000 3673548.000000 
17757894.000000 4476032.000000 
14314318.000000 5653658.000000 
14341604.000000 5624098.000000 
15260328.000000 4983556.000000 
14207216.000000 5890328.000000 
14030098.000000 6049420.000000 
14242952.000000 5840478.000000 
13214326.000000 7033114.000000 
16008416.000000 4493850.000000 
14566684.000000 5584012.000000 
12818276.000000 7261494.000000 
13344878.000000 6844138.000000 

14684472.000000 5560864.000000 
12012370.000000 8119410.000000 
21262834.000000 3562784.000000 
13547958.000000 6471158.000000 
14302146.000000 5992718.000000 
12923392.000000 7015214.000000 
22818786.000000 3244474.000000 
14905096.000000 5313662.000000 
22885802.000000 3244318.000000 
21737666.000000 3272180.000000 
16659668.000000 4733460.000000 
17049990.000000 4612014.000000 
17789866.000000 4362724.000000 
12785988.000000 7118278.000000 
19705572.000000 3733716.000000 
19897838.000000 3733466.000000 
18414948.000000 4157096.000000 
20025738.000000 3684786.000000 
18549340.000000 4110602.000000 
12617230.000000 7172126.000000 
15636342.000000 5057364.000000 
13813564.000000 6101268.000000 
14403026.000000 5814522.000000 
15548968.000000 5194056.000000 
14795406.000000 5393808.000000 
14443402.000000 5800336.000000 
17365808.000000 4580814.000000 
12023750.000000 7711968.000000 
23305726.000000 3208458.000000 
12293118.000000 7474970.000000 
12190326.000000 7638508.000000 
14532160.000000 5678948.000000 
14756274.000000 5536770.000000 
18293832.000000 4268236.000000 
17688752.000000 4439484.000000 
17903726.000000 4328640.000000 
19434692.000000 3869742.000000 
22626714.000000 3258274.000000 
18114796.000000 4327652.000000 
18877958.000000 4080516.000000 
19362568.000000 3938968.000000 
19562592.000000 3821062.000000 
17630950.000000 4466474.000000 
15235002.000000 5205576.000000 
15745798.000000 4977022.000000 
14382568.000000 5826300.000000 
14566424.000000 5623862.000000 
14514860.000000 5750124.000000 
19147050.000000 3989180.000000 
12799354.000000 7016742.000000 
16918922.000000 4682464.000000 
16126616.000000 4763800.000000 
18821558.000000 4080714.000000 
17393586.000000 4475458.000000 
17727582.000000 4380140.000000 

12394350.000000 7988614.000000 
13154928.000000 7406588.000000 
23713440.000000 3473908.000000 
25284222.000000 3333722.000000 
15351700.000000 5829622.000000 
23369644.000000 3494554.000000 
15629830.000000 5531534.000000 
13136266.000000 7634152.000000 
12812182.000000 7789860.000000 
12594048.000000 7795768.000000 
25206744.000000 3430764.000000 
22982076.000000 3569966.000000 
16187698.000000 4934188.000000 
16141040.000000 5247072.000000 
16087732.000000 5391474.000000 
13494608.000000 6848626.000000 
19852162.000000 3880220.000000 
18438692.000000 3967872.000000 
11971058.000000 8554818.000000 
22035098.000000 3575338.000000 
13320666.000000 6866792.000000 
13535006.000000 6726576.000000 
12821896.000000 7711986.000000 
19816692.000000 3925594.000000 
18246022.000000 4441704.000000 
15326736.000000 6263462.000000 
17738480.000000 4525298.000000 
15450710.000000 5766382.000000 
16576462.000000 4673094.000000 
13278598.000000 6974296.000000 
18297476.000000 4432158.000000 
18151060.000000 4468380.000000 
20168560.000000 3672286.000000 
22984288.000000 3544388.000000 
12185256.000000 8459570.000000 
12113254.000000 8460758.000000 
14117974.000000 6526888.000000 
12206912.000000 8445260.000000 
13991522.000000 6531702.000000 
12268466.000000 8434952.000000 
18384818.000000 4395598.000000 
13894196.000000 6610558.000000 
14426174.000000 6332082.000000 
21924874.000000 3659524.000000 
12341794.000000 8245030.000000 
17556438.000000 4561616.000000 
15498200.000000 5655720.000000 
15729276.000000 5418562.000000 
15003508.000000 6279040.000000 
18077926.000000 4522958.000000 

12111146.000000 8099214.000000 
20825690.000000 3538790.000000 
13057074.000000 7831378.000000 
15179788.000000 5082742.000000 
24271570.000000 3465614.000000 
25214488.000000 3444188.000000 
22812176.000000 3528226.000000 
24773500.000000 3456698.000000 
22464068.000000 3529816.000000 
16051674.000000 4676976.000000 
19721738.000000 3733314.000000 
13990924.000000 6109284.000000 
17321610.000000 3904382.000000 
19767814.000000 3606714.000000 
20435338.000000 3595078.000000 
14531432.000000 5588566.000000 
15114182.000000 5465584.000000 
15119180.000000 5444548.000000 
13744122.000000 6221324.000000 
13903380.000000 6201548.000000 
16646852.000000 4389534.000000 
16757408.000000 4364796.000000 
17976644.000000 3887016.000000 
16150020.000000 4453284.000000 
17031924.000000 4212650.000000 
17165426.000000 4165952.000000 
12025420.000000 8563398.000000 
14479012.000000 5857506.000000 
15713568.000000 4741978.000000 
15682734.000000 4811826.000000 
15008786.000000 5488368.000000 
14829658.000000 5556024.000000 
14869444.000000 5508306.000000 
14679832.000000 5576118.000000 
19589378.000000 3791192.000000 
19605726.000000 3764702.000000 
13343188.000000 6329074.000000 
13274246.000000 7406148.000000 
13133282.000000 7496376.000000 
17315578.000000 3981396.000000 
16413470.000000 4431218.000000 

