12768350.000000 7103684.000000 
12795666.000000 7076328.000000 
12562210.000000 7211900.000000 
14949672.000000 5191214.000000 
24534724.000000 3186154.000000 
15936504.000000 4792288.000000 
15662344.000000 4900122.000000 
15554662.000000 4902182.000000 
15237598.000000 4956546.000000 
16088546.000000 4725566.000000 
16106654.000000 4706520.000000 
13401996.000000 6110442.000000 
11922806.000000 8544424.000000 
11782576.000000 8567264.000000 
15953528.000000 4767318.000000 
14737788.000000 5204190.000000 
16325920.000000 4591192.000000 
15664606.000000 4888624.000000 
15932328.000000 4800610.000000 
12953678.000000 6970202.000000 
12092788.000000 7506612.000000 
12138260.000000 7478568.000000 
16971260.000000 4374648.000000 
15715130.000000 4868076.000000 
19757048.000000 3596830.000000 
12055420.000000 8102814.000000 
23574060.000000 3244644.000000 
16625294.000000 4469372.000000 
20907838.000000 3292458.000000 
20736594.000000 3362570.000000 
17626072.000000 4138482.000000 
13468238.000000 6042734.000000 
13110884.000000 6923492.000000 
17886228.000000 4066422.000000 
19346678.000000 3604864.000000 
18965594.000000 3606516.000000 
17727242.000000 4107578.000000 
16753796.000000 4465070.000000 
13786014.000000 5839392.000000 
13516002.000000 5949216.000000 
14330788.000000 5436572.000000 
14576622.000000 5295064.000000 
15158030.000000 4995200.000000 
14148822.000000 5483946.000000 
17343976.000000 4219914.000000 
13887192.000000 5799746.000000 
13112384.000000 6876018.000000 
14144142.000000 5564320.000000 
18131878.000000 3941302.000000 
19924898.000000 3532980.000000 
13919496.000000 5771710.000000 
15774346.000000 4810372.000000 
15750650.000000 4853108.000000 
16159006.000000 4611998.000000 
13163728.000000 6545140.000000 
14101668.000000 5612758.000000 
14059136.000000 5729570.000000 
13240298.000000 6453612.000000 
16952590.000000 4399356.000000 
19883104.000000 3573062.000000 
16342874.000000 4534652.000000 
12658556.000000 7137434.000000 
14964958.000000 5092642.000000 
14673118.000000 5216400.000000 
13305852.000000 6161300.000000 
15292814.000000 4927088.000000 
16028932.000000 4727156.000000 
14504740.000000 5411412.000000 
17389178.000000 4165448.000000 
13514320.000000 6001564.000000 
18562316.000000 3803470.000000 
18283934.000000 3880056.000000 
17022508.000000 4244178.000000 
16812444.000000 4410444.000000 
13605288.000000 5910266.000000 
13782710.000000 5852664.000000 
13770628.000000 5860976.000000 
14091324.000000 5725018.000000 

17655278.000000 4184756.000000 
13575298.000000 6275366.000000 
19380352.000000 3739780.000000 
17392954.000000 4267242.000000 
14615924.000000 5780390.000000 
21916204.000000 3450942.000000 
22408358.000000 3373252.000000 
15113566.000000 5407110.000000 
15638372.000000 4879842.000000 
15288956.000000 5223770.000000 
18075668.000000 4031736.000000 
12149208.000000 7651052.000000 
17674676.000000 4159662.000000 
15544082.000000 5123532.000000 
21613752.000000 3468892.000000 
18732722.000000 3863690.000000 
16157358.000000 4772784.000000 
13892194.000000 6102648.000000 
13749326.000000 6261724.000000 
14827794.000000 5546144.000000 
12873014.000000 6750286.000000 
18066526.000000 4065118.000000 
17848496.000000 4092624.000000 
19051884.000000 3827324.000000 
12645104.000000 6859340.000000 
17201316.000000 4272464.000000 
18327538.000000 4011624.000000 
13253052.000000 6461370.000000 
13291792.000000 6396800.000000 
19226162.000000 3745398.000000 
14379366.000000 5822852.000000 
13164254.000000 6531514.000000 
15402060.000000 5128658.000000 
15632972.000000 5027204.000000 
18489042.000000 3911010.000000 
21346434.000000 3476902.000000 
22177804.000000 3430824.000000 
15127634.000000 5359790.000000 
17595342.000000 4218162.000000 
15060370.000000 5456128.000000 
17499250.000000 4225948.000000 
14149862.000000 5970032.000000 
12598270.000000 6977692.000000 
14238194.000000 5848122.000000 
14631272.000000 5610386.000000 
14963786.000000 5514378.000000 
16547120.000000 4624312.000000 
23394414.000000 3343148.000000 
14982642.000000 5468958.000000 
17839676.000000 4106916.000000 
21972112.000000 3441604.000000 
15296968.000000 5129316.000000 
16593686.000000 4471898.000000 
20107628.000000 3544104.000000 
15267860.000000 5358192.000000 
17422246.000000 4256306.000000 
14094170.000000 5999696.000000 
13390496.000000 6381184.000000 
20921070.000000 3492754.000000 
13988160.000000 6060012.000000 
17802664.000000 4134780.000000 
12370360.000000 7061946.000000 
12279474.000000 7581406.000000 
19527070.000000 3592596.000000 
15628416.000000 5032410.000000 
17198292.000000 4377386.000000 
17573690.000000 4224782.000000 
17730080.000000 4145818.000000 
15593230.000000 5058620.000000 
15722410.000000 4847382.000000 
15958256.000000 4790260.000000 
17964944.000000 4090228.000000 
14508476.000000 5783866.000000 
18334852.000000 3916628.000000 
16171284.000000 4664476.000000 
16987270.000000 4383572.000000 
16938226.000000 4396348.000000 
17973596.000000 4079140.000000 
17076404.000000 4378898.000000 
12048106.000000 7865422.000000 

18346328.000000 3871326.000000 
12064274.000000 8230462.000000 
12040206.000000 8423978.000000 
14153682.000000 5880616.000000 
15993492.000000 4679432.000000 
21232866.000000 3456464.000000 
12797590.000000 7825000.000000 
12844710.000000 7697016.000000 
21461234.000000 3432598.000000 
21703208.000000 3330230.000000 
14241354.000000 5725202.000000 
14591456.000000 5602238.000000 
18715890.000000 3750584.000000 
15498264.000000 4981310.000000 
13215534.000000 6649830.000000 
12860236.000000 7007920.000000 
19581500.000000 3534404.000000 
12596254.000000 8011178.000000 
12659162.000000 7850940.000000 
16269634.000000 4510820.000000 
16977606.000000 4234814.000000 
19347564.000000 3634538.000000 
18480384.000000 3847510.000000 
26445162.000000 3260388.000000 
25153924.000000 3275512.000000 
17680360.000000 4127298.000000 
17848710.000000 4033576.000000 
16050142.000000 4570378.000000 
15635176.000000 4869990.000000 
15642692.000000 4859810.000000 
13453414.000000 6036620.000000 
16702666.000000 4452302.000000 
13503646.000000 6036600.000000 
23585310.000000 3288512.000000 
20946576.000000 3477760.000000 
15930198.000000 4782618.000000 
15918258.000000 4796472.000000 
17613074.000000 4136088.000000 
16282666.000000 4483076.000000 
11539188.000000 9211758.000000 
16730038.000000 4293344.000000 
15292884.000000 5007672.000000 
13261830.000000 6352414.000000 
17040214.000000 4158540.000000 
14787504.000000 5420718.000000 
14893770.000000 5328628.000000 
14997066.000000 5319218.000000 
15554992.000000 4924916.000000 
15823588.000000 4842484.000000 
15969988.000000 4770000.000000 
15083712.000000 5108266.000000 
21444736.000000 3433144.000000 
14684208.000000 5430128.000000 

18761394.000000 3952518.000000 
19276584.000000 3920172.000000 
15197092.000000 5172222.000000 
14582330.000000 5679050.000000 
15405098.000000 5117662.000000 
14205470.000000 5873236.000000 
13055642.000000 7217948.000000 
19746776.000000 3641840.000000 
18219396.000000 4098158.000000 
23457048.000000 3596612.000000 
17858346.000000 4281844.000000 
17135836.000000 4383658.000000 
14192226.000000 5931032.000000 
17323220.000000 4376054.000000 
14585554.000000 5677320.000000 
14593338.000000 5622168.000000 
13253094.000000 7002418.000000 
18757514.000000 3963094.000000 
15416286.000000 5056042.000000 
14650746.000000 5594158.000000 
17070662.000000 4451148.000000 
16600636.000000 4616862.000000 
16216994.000000 4680732.000000 
17023766.000000 4466340.000000 
14734708.000000 5273886.000000 
24646630.000000 3570032.000000 
15295062.000000 5145426.000000 
16018596.000000 4853400.000000 
12649700.000000 7666032.000000 
16482436.000000 4677022.000000 
13912822.000000 6379088.000000 
14257054.000000 5851614.000000 
12512942.000000 8027206.000000 
13664090.000000 6944442.000000 
14268772.000000 5791732.000000 
16002200.000000 4891288.000000 
16665798.000000 4550542.000000 
18058156.000000 4187084.000000 
17658610.000000 4311430.000000 
17501580.000000 4313294.000000 
13952620.000000 6304940.000000 
12888988.000000 7628766.000000 
14569086.000000 5736846.000000 
17777020.000000 4306546.000000 
15453986.000000 5039728.000000 
16144268.000000 4812248.000000 
14688614.000000 5309224.000000 
18093340.000000 4167472.000000 
16501754.000000 4630542.000000 
14917898.000000 5207420.000000 
14290478.000000 5745254.000000 
14657004.000000 5536920.000000 
19063776.000000 3942186.000000 
16914652.000000 4476518.000000 
16849478.000000 4544008.000000 
13854112.000000 6497418.000000 
15729444.000000 4911412.000000 
17446646.000000 4317612.000000 
13905752.000000 6415358.000000 
18669354.000000 4087982.000000 
15547244.000000 4951546.000000 
13710602.000000 6530110.000000 
22342476.000000 3631162.000000 
17389948.000000 4367896.000000 
17812020.000000 4288174.000000 

20870792.000000 3566756.000000 
22433978.000000 3452510.000000 
12328854.000000 7754098.000000 
12521904.000000 7572386.000000 
15511614.000000 4822816.000000 
13124212.000000 7051264.000000 
13038840.000000 7051548.000000 
15529068.000000 4789558.000000 
13734010.000000 5951772.000000 
19427952.000000 3771546.000000 
17861432.000000 3999952.000000 
12198010.000000 7761324.000000 
12113622.000000 8232656.000000 
25820872.000000 3068310.000000 
18293722.000000 3797222.000000 
17769502.000000 4058588.000000 
19776930.000000 3764548.000000 
22606498.000000 3331976.000000 
22767242.000000 3317368.000000 
22553558.000000 3450542.000000 
16925876.000000 4106138.000000 
13136074.000000 6669438.000000 
18023128.000000 3936910.000000 
22062818.000000 3472982.000000 
15856882.000000 4585574.000000 
21160860.000000 3546478.000000 
16189270.000000 4301210.000000 
13142702.000000 6656650.000000 
22180354.000000 3456218.000000 
17317726.000000 4071638.000000 
15156538.000000 4875922.000000 
22566414.000000 3358644.000000 
14379244.000000 5509154.000000 
15914732.000000 4550818.000000 
22968642.000000 3270918.000000 
25613378.000000 3076368.000000 
16376472.000000 4188802.000000 
19922928.000000 3723834.000000 
15120828.000000 5086950.000000 
20620578.000000 3570790.000000 
16536028.000000 4180048.000000 
15111694.000000 5228510.000000 
24094736.000000 3258814.000000 
12749168.000000 7423238.000000 
15939064.000000 4321902.000000 
25606288.000000 3162848.000000 
21776778.000000 3541308.000000 
13296854.000000 6628094.000000 
19384096.000000 3777458.000000 
17709810.000000 4061216.000000 
21532734.000000 3544948.000000 
15554736.000000 4600588.000000 
18093726.000000 3890514.000000 
12892564.000000 7281512.000000 
17956954.000000 3984030.000000 
21860050.000000 3517778.000000 
14275924.000000 5588850.000000 
13313804.000000 6356330.000000 
18970046.000000 3779556.000000 
15549838.000000 4786402.000000 
16691976.000000 4173892.000000 
17589812.000000 4063372.000000 
12976460.000000 7110500.000000 
18580274.000000 3782424.000000 
13672470.000000 6237614.000000 
16711636.000000 4116050.000000 
18271662.000000 3823564.000000 
14863400.000000 5245384.000000 
24490828.000000 3163412.000000 
14719396.000000 5370170.000000 
20516472.000000 3615106.000000 
20256110.000000 3618588.000000 

12972830.000000 6702724.000000 
13327986.000000 6699812.000000 
24372288.000000 3209130.000000 
23089058.000000 3295436.000000 
15816102.000000 4907180.000000 
21228832.000000 3389674.000000 
21243394.000000 3389064.000000 
13337140.000000 6688482.000000 
15268104.000000 5105926.000000 
15642254.000000 4958470.000000 
14162126.000000 5644752.000000 
21706082.000000 3313244.000000 
18738302.000000 3834288.000000 
14186346.000000 5573810.000000 
15751168.000000 4946774.000000 
18724836.000000 3862226.000000 
18884498.000000 3721672.000000 
17014016.000000 4048048.000000 
16270490.000000 4541444.000000 
16254956.000000 4615894.000000 
18854518.000000 3817698.000000 
19911860.000000 3574542.000000 
17579366.000000 3971952.000000 
19364354.000000 3645800.000000 
14866236.000000 5367560.000000 
19310298.000000 3650318.000000 
19090740.000000 3706710.000000 
15806282.000000 4934084.000000 
13574772.000000 6302302.000000 
24210092.000000 3267828.000000 
16894860.000000 4075854.000000 
13679038.000000 6007142.000000 
15590084.000000 4978450.000000 
12509600.000000 7562088.000000 
23351216.000000 3288760.000000 
13911750.000000 5898278.000000 
14028154.000000 5741424.000000 
16582904.000000 4241228.000000 
16419092.000000 4353900.000000 
15929842.000000 4725198.000000 
20972480.000000 3456622.000000 
12427862.000000 8484838.000000 
12385310.000000 9080932.000000 
14595040.000000 5540732.000000 
18871578.000000 3739040.000000 
15476212.000000 4986628.000000 
16684466.000000 4164096.000000 
19110146.000000 3651920.000000 
15845960.000000 4737786.000000 
12672576.000000 7198142.000000 
14862052.000000 5462300.000000 
22037494.000000 3309350.000000 
21208266.000000 3411146.000000 
17083194.000000 4040384.000000 
20943814.000000 3470916.000000 
18009882.000000 3887412.000000 
19679840.000000 3611498.000000 
19754226.000000 3607352.000000 
16763814.000000 4126590.000000 
20502396.000000 3473194.000000 
17775298.000000 3942248.000000 
16678862.000000 4201394.000000 
16824202.000000 4093148.000000 
15103244.000000 5138366.000000 
15941384.000000 4651268.000000 
14638928.000000 5482280.000000 
20404822.000000 3487900.000000 
19854344.000000 3607168.000000 
13699648.000000 5940252.000000 
13599702.000000 6234924.000000 
20214266.000000 3520514.000000 
14560558.000000 5542650.000000 
12502194.000000 8098756.000000 
16334054.000000 4439634.000000 
13430562.000000 6395154.000000 
13409616.000000 6464354.000000 

15406526.000000 4647198.000000 
25233890.000000 3268738.000000 
14447746.000000 5575048.000000 
14566930.000000 5382804.000000 
17336898.000000 3990484.000000 
26194924.000000 3192598.000000 
21086592.000000 3467206.000000 
22727376.000000 3419010.000000 
14174196.000000 5660202.000000 
12512262.000000 7085664.000000 
14992816.000000 5025546.000000 
17105568.000000 4147854.000000 
23042204.000000 3352818.000000 
14261116.000000 5588550.000000 
13956382.000000 5692204.000000 
12312094.000000 7939520.000000 
14428846.000000 5581640.000000 
13373382.000000 6134998.000000 
20518922.000000 3541548.000000 
22739326.000000 3369416.000000 
15838388.000000 4471266.000000 
23213692.000000 3288844.000000 
13351666.000000 6290910.000000 
15380708.000000 4773240.000000 
12870636.000000 6520032.000000 
14761432.000000 5145610.000000 
12409274.000000 7097578.000000 
25539998.000000 3255212.000000 
22553674.000000 3457438.000000 
22582656.000000 3443950.000000 
26038128.000000 3224558.000000 
15152280.000000 4833214.000000 
15947720.000000 4219074.000000 
12710390.000000 6605200.000000 
18146742.000000 3899790.000000 
17799236.000000 3927110.000000 
12606500.000000 6868856.000000 
15552966.000000 4585236.000000 
14982126.000000 5105924.000000 
17225832.000000 4045602.000000 
18260636.000000 3788084.000000 
15592212.000000 4564038.000000 
18985404.000000 3597758.000000 
13946242.000000 5702610.000000 
14477206.000000 5383140.000000 
13907110.000000 5854480.000000 
15454556.000000 4585432.000000 
12395674.000000 7723864.000000 
12954584.000000 6437790.000000 
15622312.000000 4501920.000000 
13552800.000000 5963496.000000 
20568634.000000 3484864.000000 
12572300.000000 6894108.000000 
19257888.000000 3589348.000000 
12976600.000000 6422700.000000 
13196460.000000 6307706.000000 
13074864.000000 6360070.000000 
18907478.000000 3625502.000000 
18216192.000000 3857444.000000 

14575896.000000 5880762.000000 
16335226.000000 4612622.000000 
12778402.000000 7234246.000000 
20400920.000000 3502732.000000 
12419000.000000 7378342.000000 
16697390.000000 4347066.000000 
15032048.000000 5704776.000000 
18272784.000000 3965750.000000 
15864876.000000 4631208.000000 
15765764.000000 4700432.000000 
23387194.000000 3378544.000000 
15112094.000000 5659488.000000 
16450056.000000 4585022.000000 
17281622.000000 4168246.000000 
24276962.000000 3362902.000000 
14218058.000000 6105226.000000 
17599934.000000 4143752.000000 
15588320.000000 5021268.000000 
14411356.000000 5994942.000000 
18560938.000000 3734764.000000 
14160892.000000 6188528.000000 
15126182.000000 5616790.000000 
19660546.000000 3637140.000000 
18558768.000000 3760982.000000 
12375398.000000 7392808.000000 
13724120.000000 6262096.000000 
16963604.000000 4200594.000000 
16838094.000000 4213692.000000 
15138602.000000 5563406.000000 
16644552.000000 4493506.000000 
16019206.000000 4614090.000000 
14708834.000000 5822022.000000 
17713686.000000 4038712.000000 
18500272.000000 3791226.000000 
18209158.000000 4021102.000000 
12849164.000000 6800538.000000 
15443920.000000 5104932.000000 
14237814.000000 6043036.000000 
18848496.000000 3731262.000000 
12485128.000000 7240104.000000 
25009180.000000 3292636.000000 
16542620.000000 4568440.000000 
18254138.000000 3990962.000000 
17885230.000000 4036946.000000 
14969352.000000 5732598.000000 
13936690.000000 6250964.000000 
20224846.000000 3577864.000000 
20219974.000000 3602558.000000 
19052606.000000 3659324.000000 
22143062.000000 3477146.000000 
12207976.000000 7718232.000000 
15054418.000000 5680084.000000 
14767558.000000 5769074.000000 
18906992.000000 3701018.000000 
16653350.000000 4442002.000000 
24688706.000000 3359610.000000 
12976710.000000 6497386.000000 
12937230.000000 6510896.000000 
18317764.000000 3935610.000000 
13301740.000000 6491680.000000 
24907160.000000 3344082.000000 
15678066.000000 5013416.000000 
15270262.000000 5173048.000000 
15145158.000000 5285064.000000 
22276336.000000 3457592.000000 
14547708.000000 5924414.000000 
16594866.000000 4496018.000000 
16683036.000000 4435752.000000 
11854172.000000 7740488.000000 
12123082.000000 7736360.000000 
14605246.000000 5843084.000000 
17603210.000000 4100570.000000 

19612558.000000 3479618.000000 
18717584.000000 3547058.000000 
20194124.000000 3405636.000000 
15963758.000000 4634514.000000 
16120190.000000 4286594.000000 
12039370.000000 8355722.000000 
17477902.000000 3883286.000000 
12922174.000000 7329648.000000 
15934070.000000 4727638.000000 
24454102.000000 3236658.000000 
12066596.000000 7835170.000000 
20041012.000000 3437572.000000 
17265278.000000 4150826.000000 
17382020.000000 4057724.000000 
12065786.000000 8266020.000000 
13105364.000000 6772088.000000 
15633356.000000 4748518.000000 
12169866.000000 7705110.000000 
12848564.000000 7383640.000000 
18522448.000000 3642928.000000 
12923154.000000 6857766.000000 
17263178.000000 4260390.000000 
13768730.000000 5761046.000000 
14142540.000000 5253158.000000 
14553452.000000 4864064.000000 
15458594.000000 4768870.000000 
13168708.000000 6703932.000000 
22758370.000000 3253848.000000 
20263372.000000 3371824.000000 
20282318.000000 3303378.000000 
12742000.000000 7451592.000000 
19822742.000000 3460974.000000 
13464298.000000 6618418.000000 
12445892.000000 7670778.000000 
17958364.000000 3727024.000000 
13492002.000000 5874012.000000 
13841278.000000 5724112.000000 
13891804.000000 5689784.000000 
14116546.000000 5685546.000000 
13436636.000000 6647972.000000 
17281998.000000 4148900.000000 
13858778.000000 5712412.000000 
17683194.000000 3826790.000000 
17712020.000000 3742360.000000 
14345976.000000 5166486.000000 
13303956.000000 6661692.000000 

15888102.000000 4813594.000000 
13868262.000000 6188360.000000 
15417400.000000 4980404.000000 
12277454.000000 7485750.000000 
16681040.000000 4461744.000000 
14518782.000000 5523546.000000 
14513150.000000 5548740.000000 
17002018.000000 4319996.000000 
13252964.000000 6471504.000000 
15077860.000000 5190794.000000 
15764014.000000 4927534.000000 
17261690.000000 4243620.000000 
17267124.000000 4230558.000000 
13888290.000000 5901426.000000 
15038954.000000 5283146.000000 
12816006.000000 7059894.000000 
11932070.000000 7782310.000000 
12223298.000000 7543428.000000 
12074790.000000 7651130.000000 
17254002.000000 4286682.000000 
17150594.000000 4313954.000000 
16787788.000000 4421016.000000 
13063868.000000 6697776.000000 
19672078.000000 3737966.000000 
12100398.000000 7551106.000000 
15071152.000000 5280674.000000 
13396532.000000 6415278.000000 
12596390.000000 7064896.000000 
17500124.000000 4146840.000000 
13615354.000000 6238576.000000 
12938190.000000 6876192.000000 
12569742.000000 7140274.000000 
14306812.000000 5664200.000000 
13449390.000000 6381526.000000 
20950774.000000 3645586.000000 
12056560.000000 7714384.000000 
12874626.000000 7043946.000000 
13715406.000000 6207242.000000 
19657056.000000 3774786.000000 
20470692.000000 3697936.000000 
14982698.000000 5337056.000000 
15140998.000000 5016790.000000 
12401070.000000 7243346.000000 
12998624.000000 6756038.000000 
14166686.000000 5697260.000000 
23520500.000000 3498780.000000 
22484220.000000 3510564.000000 
11925898.000000 7974884.000000 
16129078.000000 4531848.000000 
15929526.000000 4626872.000000 
21528186.000000 3623194.000000 
15098390.000000 5101568.000000 
14753194.000000 5345574.000000 
18767208.000000 3862380.000000 
13159976.000000 6684092.000000 
15594550.000000 4967220.000000 
15925408.000000 4794732.000000 
20608820.000000 3669492.000000 
14149300.000000 5818124.000000 
17746622.000000 3998972.000000 
17962374.000000 3929458.000000 
19097872.000000 3803350.000000 
15834320.000000 4913970.000000 
12003178.000000 7743140.000000 
22144326.000000 3584084.000000 
19549736.000000 3776618.000000 
22389784.000000 3571918.000000 
18689402.000000 3873840.000000 

12188444.000000 7799410.000000 
15183154.000000 5223618.000000 
13078742.000000 6576196.000000 
12983980.000000 6755356.000000 
12926216.000000 6796876.000000 
18430424.000000 3610982.000000 
14516228.000000 5630626.000000 
16912240.000000 4102884.000000 
16192426.000000 4410814.000000 
20716054.000000 3466334.000000 
16708240.000000 4299478.000000 
16521228.000000 4333846.000000 
12651072.000000 6893608.000000 
16671274.000000 4313644.000000 
19746760.000000 3529112.000000 
19773494.000000 3528808.000000 
13936594.000000 5899956.000000 
14110106.000000 5851766.000000 
22560528.000000 3366378.000000 
18280032.000000 3748382.000000 
12319214.000000 7513484.000000 
12167598.000000 7955354.000000 
19504250.000000 3548132.000000 
15162460.000000 5291462.000000 
13482044.000000 6193398.000000 
15245464.000000 4908040.000000 
20629916.000000 3500642.000000 
14962752.000000 5340276.000000 
19483370.000000 3557374.000000 
21645986.000000 3412264.000000 
23123228.000000 3318338.000000 
21388246.000000 3425940.000000 
17305424.000000 4075964.000000 
17393692.000000 3991420.000000 
12676064.000000 6810468.000000 
12976726.000000 6796002.000000 
19912420.000000 3514396.000000 
19865946.000000 3517770.000000 
14792946.000000 5468132.000000 
15114644.000000 5317318.000000 
17934592.000000 3914758.000000 
16049522.000000 4425146.000000 
18351176.000000 3663566.000000 
15727812.000000 4595984.000000 
15733856.000000 4506962.000000 
14356988.000000 5714378.000000 
12520278.000000 7464152.000000 
12536234.000000 7335778.000000 
20870392.000000 3426042.000000 
12586618.000000 7319166.000000 
14716094.000000 5549942.000000 
15587782.000000 4727238.000000 
17918100.000000 3986276.000000 
12051190.000000 7998580.000000 
22428500.000000 3373686.000000 
15305658.000000 4857898.000000 
14759578.000000 5535580.000000 
13559916.000000 6187340.000000 
13820548.000000 5957160.000000 
16853608.000000 4280290.000000 
15561892.000000 4780634.000000 
16879074.000000 4178492.000000 
13742684.000000 5973546.000000 
13249836.000000 6463964.000000 
16395880.000000 4375750.000000 
20666490.000000 3470872.000000 
12296786.000000 7662360.000000 
14541682.000000 5595692.000000 
14323012.000000 5796716.000000 

15519248.000000 5138114.000000 
17866558.000000 4135610.000000 
12196424.000000 6802668.000000 
15148976.000000 5275128.000000 
14055198.000000 5996912.000000 
11481910.000000 8271288.000000 
13108274.000000 6604948.000000 
12133514.000000 6832084.000000 
14782538.000000 5385040.000000 
15511704.000000 5175964.000000 
17078444.000000 4381878.000000 
11907460.000000 7337308.000000 
11818172.000000 7712574.000000 
11371776.000000 8533004.000000 
11311550.000000 8556402.000000 
21601324.000000 3354110.000000 
15786860.000000 4986060.000000 
17464478.000000 4219610.000000 
15440830.000000 5194074.000000 
15390934.000000 5223022.000000 
17105706.000000 4356118.000000 
11522060.000000 7991174.000000 
11880428.000000 7644100.000000 
14483728.000000 5552226.000000 
14975610.000000 5295054.000000 
13516524.000000 6400138.000000 
15743184.000000 5004670.000000 
17136592.000000 4271252.000000 
20675166.000000 3454024.000000 
14276760.000000 5818252.000000 
14535030.000000 5522282.000000 
18103744.000000 4005212.000000 
14462398.000000 5806916.000000 
13966890.000000 6007112.000000 
11309654.000000 8763184.000000 
11254556.000000 8787090.000000 
11209404.000000 9201456.000000 
16733952.000000 4559344.000000 
16798146.000000 4528902.000000 
12730682.000000 6704500.000000 
12645564.000000 6711282.000000 
13168602.000000 6480092.000000 
15647880.000000 5060256.000000 
19280298.000000 3580964.000000 
16856188.000000 4512278.000000 
11887728.000000 7567504.000000 
13492406.000000 6446778.000000 
13522456.000000 6219934.000000 
14465766.000000 5607552.000000 
14770804.000000 5483952.000000 
17128340.000000 4352930.000000 
18004182.000000 4059138.000000 
15645350.000000 5086192.000000 
15603846.000000 5116038.000000 
12063476.000000 7044032.000000 
11455260.000000 8273978.000000 
14740464.000000 5507936.000000 
18600770.000000 3943740.000000 
15952488.000000 4619302.000000 
18432240.000000 3946058.000000 
18381364.000000 3976180.000000 
18619422.000000 3639048.000000 
17760742.000000 4209772.000000 
12975684.000000 6701086.000000 
14778300.000000 5471238.000000 
14886196.000000 5311418.000000 
18066326.000000 4030762.000000 
21691404.000000 3307780.000000 

22895224.000000 3347050.000000 
14698722.000000 5458658.000000 
16317500.000000 4457280.000000 
18443182.000000 4069618.000000 
17630120.000000 4152368.000000 
17995204.000000 4113932.000000 
14102472.000000 5985360.000000 
19557366.000000 3656466.000000 
19179830.000000 3660260.000000 
12454606.000000 7046902.000000 
12368790.000000 7113434.000000 
11851278.000000 7673434.000000 
15527100.000000 4979364.000000 
15292988.000000 5171112.000000 
15644274.000000 4713376.000000 
13595056.000000 6179332.000000 
15276952.000000 5196152.000000 
13029948.000000 6464002.000000 
22255640.000000 3382036.000000 
14933514.000000 5313804.000000 
15985508.000000 4647916.000000 
15871286.000000 4701560.000000 
13840114.000000 6068410.000000 
12297676.000000 7139908.000000 
14392382.000000 5718472.000000 
18687852.000000 4050398.000000 
21327418.000000 3556832.000000 
11780164.000000 7699908.000000 
13699386.000000 6122344.000000 
14389548.000000 5771532.000000 
14205948.000000 5860224.000000 
22121528.000000 3389024.000000 
21902530.000000 3442374.000000 
21766940.000000 3504044.000000 
18821094.000000 3991106.000000 
14446400.000000 5527630.000000 
14847342.000000 5394702.000000 
15404702.000000 5139666.000000 
14183314.000000 5919530.000000 
15188092.000000 5223398.000000 
13280774.000000 6319018.000000 
18825276.000000 3975764.000000 
18643052.000000 4065794.000000 
14381234.000000 5784106.000000 
13022390.000000 6476362.000000 
13353980.000000 6291236.000000 
16990776.000000 4272242.000000 
20047186.000000 3597808.000000 
17946428.000000 4152082.000000 
14277866.000000 5824436.000000 
14211020.000000 5854518.000000 
12295668.000000 7284100.000000 
13212748.000000 6450254.000000 
12890458.000000 6478652.000000 
21704776.000000 3509382.000000 
13488576.000000 6218810.000000 
14408240.000000 5652128.000000 
11428524.000000 7926638.000000 
13759578.000000 6105022.000000 
12654090.000000 6911002.000000 
13417462.000000 6245284.000000 
15582458.000000 4741230.000000 
18881508.000000 3892648.000000 
14036858.000000 6053252.000000 
17132178.000000 4253758.000000 
14867004.000000 5341576.000000 
14723848.000000 5409012.000000 
12547754.000000 7010908.000000 
16701482.000000 4383402.000000 
14679948.000000 5508446.000000 
15513696.000000 5113364.000000 
14354740.000000 5789938.000000 
13688464.000000 6131496.000000 
12607530.000000 6978096.000000 
18816606.000000 4010608.000000 
12747416.000000 6781838.000000 
13523942.000000 6205806.000000 
12049190.000000 7524594.000000 
18043398.000000 4092472.000000 
21680902.000000 3554786.000000 
20099272.000000 3577796.000000 
19926918.000000 3636876.000000 
12819344.000000 6505126.000000 
12811050.000000 6518236.000000 
12882164.000000 6491762.000000 
19091830.000000 3772518.000000 
11980546.000000 7550484.000000 

16115264.000000 5019808.000000 
13071634.000000 6554198.000000 
14789460.000000 5682136.000000 
15083858.000000 5506676.000000 
16042804.000000 5119662.000000 
13554292.000000 6246192.000000 
19596504.000000 3729036.000000 
18839096.000000 4044030.000000 
13343866.000000 6459068.000000 
13479728.000000 6279516.000000 
15320506.000000 5451790.000000 
23047234.000000 3263744.000000 
19391168.000000 3807164.000000 
13474136.000000 6391006.000000 
12518944.000000 7037740.000000 
12329244.000000 7459856.000000 
22618618.000000 3329428.000000 
18193880.000000 4210074.000000 
14875182.000000 5633610.000000 
19305178.000000 3941220.000000 
15290738.000000 5457320.000000 
19628552.000000 3662576.000000 
15837360.000000 5224094.000000 
15678676.000000 5292274.000000 
21483074.000000 3440996.000000 
14686190.000000 5760288.000000 
14255802.000000 5931022.000000 
12367766.000000 7227110.000000 
12721658.000000 6885182.000000 
22349626.000000 3345218.000000 
20157088.000000 3495490.000000 
19307954.000000 3902540.000000 
16178784.000000 4818034.000000 
16199210.000000 4730782.000000 
14455348.000000 5830966.000000 
18010952.000000 4225726.000000 
20099320.000000 3618232.000000 
18154154.000000 4216484.000000 
19302880.000000 3977242.000000 
18238728.000000 4154338.000000 
16538226.000000 4647176.000000 
14584310.000000 5799518.000000 
16110960.000000 5029216.000000 
12539506.000000 6966308.000000 
18854328.000000 3979282.000000 
18416042.000000 4088510.000000 
21869094.000000 3409170.000000 
13335146.000000 6459312.000000 
16763866.000000 4283426.000000 
17081270.000000 4251542.000000 
15965986.000000 5163482.000000 
15438972.000000 5451642.000000 
13793622.000000 6070426.000000 
14537496.000000 5800522.000000 
14192810.000000 6055766.000000 
15444556.000000 5389158.000000 
15570294.000000 5322146.000000 
22317706.000000 3407718.000000 
24389146.000000 3210990.000000 
24158796.000000 3239364.000000 
18306824.000000 4114824.000000 
14992166.000000 5610104.000000 

14845316.000000 5104200.000000 
19174256.000000 3788666.000000 
18615716.000000 3791346.000000 
18096178.000000 3865978.000000 
16479164.000000 4254080.000000 
11873938.000000 7682158.000000 
14393098.000000 5336208.000000 
13494622.000000 6122080.000000 
14109296.000000 5670566.000000 
13309200.000000 6228524.000000 
13151056.000000 6336856.000000 
15504740.000000 4619182.000000 
13721040.000000 5951780.000000 
14048380.000000 5679798.000000 
17179382.000000 4248354.000000 
24999330.000000 3706294.000000 
21706784.000000 3766332.000000 
13006642.000000 6604516.000000 
21885166.000000 3743842.000000 
17313322.000000 4206042.000000 
14181666.000000 5494280.000000 
15253394.000000 4846124.000000 
22321798.000000 3724614.000000 
13138964.000000 6544174.000000 
13978762.000000 5696580.000000 
14967906.000000 4959970.000000 
12637598.000000 6813782.000000 
16443274.000000 4313866.000000 
16150204.000000 4329996.000000 
12479934.000000 6920634.000000 
12422888.000000 7042282.000000 
15903896.000000 4481220.000000 
15762660.000000 4575516.000000 
17581636.000000 3977512.000000 
15265580.000000 4733250.000000 
12342286.000000 7409946.000000 
13953168.000000 5735590.000000 
15159994.000000 4938244.000000 
18188278.000000 3863434.000000 
17623356.000000 3941680.000000 
17475314.000000 4108632.000000 
17433590.000000 4144584.000000 
13697076.000000 5966156.000000 
12896140.000000 6686176.000000 
14780904.000000 5182542.000000 
11517084.000000 8011594.000000 
19088786.000000 3788992.000000 
17791966.000000 3881334.000000 
14363946.000000 5386094.000000 
15799756.000000 4556668.000000 
15752846.000000 4591958.000000 
14174888.000000 5660886.000000 
14782528.000000 5118984.000000 
11932650.000000 7511682.000000 
14580488.000000 5260792.000000 
18322342.000000 3805900.000000 
13567120.000000 6086930.000000 
13124318.000000 6544614.000000 
14600342.000000 5249738.000000 
13553634.000000 6098126.000000 
13812330.000000 5767174.000000 

14520840.000000 5625778.000000 
19069798.000000 3609146.000000 
12615476.000000 6650974.000000 
16507468.000000 4711326.000000 
11820470.000000 8118960.000000 
12014330.000000 7330370.000000 
14530990.000000 5610618.000000 
16470132.000000 4830812.000000 
17081824.000000 4600068.000000 
20569502.000000 3514906.000000 
13326304.000000 6307410.000000 
18334892.000000 3928720.000000 
15046238.000000 5437676.000000 
20048954.000000 3578696.000000 
15549756.000000 5261906.000000 
25434022.000000 3255814.000000 
22281216.000000 3362732.000000 
22558998.000000 3316242.000000 
20544022.000000 3529680.000000 
14105930.000000 5639032.000000 
17105928.000000 4582490.000000 
25600786.000000 3255096.000000 
19330622.000000 3594608.000000 
15408794.000000 5363774.000000 
14207026.000000 5633302.000000 
21365904.000000 3374882.000000 
18656256.000000 3742918.000000 
15758878.000000 5090298.000000 
15643920.000000 5162458.000000 
21149206.000000 3496982.000000 
20844238.000000 3501496.000000 
13454350.000000 6199456.000000 
17505188.000000 4316884.000000 
16011282.000000 5030430.000000 
12556662.000000 6826830.000000 
16818314.000000 4661908.000000 
12343384.000000 7074690.000000 
15623680.000000 5239718.000000 
20500864.000000 3563438.000000 
12115564.000000 7181288.000000 
15030846.000000 5465550.000000 
13593986.000000 6172912.000000 
12934762.000000 6340438.000000 
17862208.000000 3986106.000000 
18028818.000000 3945300.000000 
17794622.000000 4264630.000000 
17241152.000000 4473022.000000 
13415054.000000 6295248.000000 
12345560.000000 6944382.000000 
12472168.000000 6900976.000000 
14598124.000000 5586206.000000 
14694840.000000 5557298.000000 
14086280.000000 5653278.000000 
15278596.000000 5410252.000000 
16003568.000000 5035090.000000 
17527798.000000 4313038.000000 
16878624.000000 4621162.000000 
15743994.000000 5158288.000000 
13723296.000000 5862710.000000 
13633788.000000 6147336.000000 
14004094.000000 5706990.000000 
13971782.000000 5720014.000000 
13717888.000000 6090758.000000 
15947148.000000 5050790.000000 
25312454.000000 3269916.000000 
12521600.000000 6828512.000000 
12739772.000000 6488954.000000 
13827374.000000 5822380.000000 
21359138.000000 3493840.000000 
19838482.000000 3590118.000000 
16082494.000000 4836288.000000 
13780814.000000 5847246.000000 
13950994.000000 5793772.000000 
16068522.000000 4865072.000000 
14618736.000000 5573962.000000 
12934352.000000 6361930.000000 

14368186.000000 5691546.000000 
18890134.000000 3548210.000000 
13325840.000000 6486732.000000 
16810462.000000 4256554.000000 
12864866.000000 7024020.000000 
25033506.000000 3372092.000000 
19139808.000000 3460750.000000 
13256738.000000 6684426.000000 
13221562.000000 6741094.000000 
16100326.000000 4404918.000000 
12756930.000000 7703104.000000 
14459946.000000 5671460.000000 
17610108.000000 3814252.000000 
12809752.000000 7518126.000000 
14220900.000000 5894774.000000 
12674290.000000 7705016.000000 
21919196.000000 3452218.000000 
22953216.000000 3428572.000000 
13098822.000000 6795544.000000 
13687786.000000 6017708.000000 
18136334.000000 3725512.000000 
17486542.000000 3909574.000000 
15490880.000000 4737302.000000 
15816900.000000 4576410.000000 
14292890.000000 5854434.000000 
14772562.000000 5312038.000000 
16983332.000000 3941362.000000 
14836878.000000 5207920.000000 
16100454.000000 4288704.000000 
15486692.000000 4859742.000000 
14087742.000000 5927172.000000 
19057508.000000 3524748.000000 
16019412.000000 4444114.000000 
17799932.000000 3727250.000000 
14523946.000000 5636868.000000 
14655624.000000 5480384.000000 
15064914.000000 5181436.000000 
13445034.000000 6440268.000000 
14269150.000000 5883908.000000 
13914108.000000 5984382.000000 
12574268.000000 7749046.000000 
15036296.000000 5182086.000000 
15592922.000000 4588298.000000 
15186626.000000 5032162.000000 
15160608.000000 5110578.000000 
16854190.000000 4219920.000000 
15320284.000000 4954670.000000 
15324238.000000 4934522.000000 
18207604.000000 3674236.000000 
14560698.000000 5567748.000000 
24700014.000000 3424818.000000 
13462192.000000 6065420.000000 
18798930.000000 3563224.000000 
15562902.000000 4681088.000000 
15388184.000000 4893472.000000 
14667282.000000 5350592.000000 
15144080.000000 5179690.000000 

21416510.000000 3579990.000000 
21112834.000000 3588838.000000 
17830872.000000 4251244.000000 
15464368.000000 5462350.000000 
16097962.000000 4960000.000000 
15612776.000000 5396832.000000 
16705190.000000 4600208.000000 
18789860.000000 4007196.000000 
13064752.000000 7395728.000000 
18121158.000000 4204680.000000 
16716438.000000 4576778.000000 
14731674.000000 5623570.000000 
14692388.000000 5765388.000000 
14489428.000000 6029588.000000 
14546386.000000 5888322.000000 
15052894.000000 5545106.000000 
12973550.000000 7484910.000000 
19865794.000000 3909686.000000 
15998398.000000 4979066.000000 
14016834.000000 6444032.000000 
16166616.000000 4766480.000000 
16101712.000000 4944314.000000 
18727054.000000 4030878.000000 
19183248.000000 3957920.000000 
18184192.000000 4180826.000000 
23019474.000000 3516452.000000 
17843506.000000 4227052.000000 
13784470.000000 6603914.000000 
15216106.000000 5540386.000000 
13630066.000000 6675222.000000 
14346616.000000 6201928.000000 
16342200.000000 4651468.000000 
15990432.000000 5098806.000000 
17231376.000000 4423822.000000 
13660912.000000 6621534.000000 
23017398.000000 3547010.000000 
18576610.000000 4096682.000000 
13265962.000000 7076314.000000 
14253138.000000 6291074.000000 
18202106.000000 4121288.000000 
15428508.000000 5492528.000000 
21031614.000000 3627878.000000 
19892496.000000 3867372.000000 
17451666.000000 4329620.000000 
17244238.000000 4399458.000000 
13314786.000000 7017240.000000 
12740126.000000 7735958.000000 
15522518.000000 5424942.000000 
15632346.000000 5281776.000000 
12908128.000000 7632812.000000 
20837716.000000 3713096.000000 
18277282.000000 4108668.000000 
19162520.000000 4006650.000000 
20793406.000000 3779814.000000 
16785990.000000 4509672.000000 
13436352.000000 6847926.000000 
17586120.000000 4291900.000000 
17704880.000000 4272514.000000 
19968764.000000 3824812.000000 
17208162.000000 4444004.000000 
16933576.000000 4477074.000000 
15335066.000000 5512238.000000 
17666192.000000 4279472.000000 
14074062.000000 6435780.000000 
13520326.000000 6691944.000000 
17114078.000000 4445358.000000 
19184534.000000 3924476.000000 
13865562.000000 6525192.000000 
20886244.000000 3711996.000000 
14123052.000000 6361540.000000 
15887118.000000 5129898.000000 
15801282.000000 5189526.000000 
13977268.000000 6483154.000000 
16616862.000000 4617534.000000 
20835812.000000 3732100.000000 
17376982.000000 4334668.000000 
22988392.000000 3577484.000000 
13468622.000000 6780538.000000 
13919662.000000 6524620.000000 
13850342.000000 6593808.000000 
21016330.000000 3647126.000000 
16080800.000000 4974392.000000 

13878010.000000 6152374.000000 
13753050.000000 6190242.000000 
14924166.000000 5418316.000000 
13481830.000000 6513666.000000 
13511572.000000 6433812.000000 
22119442.000000 3797090.000000 
14184116.000000 5878866.000000 
22975708.000000 3683496.000000 
13938790.000000 5932058.000000 
15221488.000000 5338550.000000 
21264188.000000 3893354.000000 
14198546.000000 5874000.000000 
22001776.000000 3804390.000000 
18125990.000000 4191634.000000 
15900672.000000 4894086.000000 
15442666.000000 5084008.000000 
14235472.000000 5770776.000000 
21856270.000000 3854774.000000 
20727708.000000 3902132.000000 
15047136.000000 5370004.000000 
19064850.000000 4062808.000000 
14969148.000000 5384868.000000 
17120954.000000 4462354.000000 
14336060.000000 5614406.000000 
14628394.000000 5601436.000000 
14764676.000000 5597276.000000 
16804386.000000 4493786.000000 
17425856.000000 4355212.000000 
17377266.000000 4378620.000000 
20430510.000000 3947352.000000 
18104574.000000 4334016.000000 
14816264.000000 5435414.000000 
15414708.000000 5193130.000000 
15272738.000000 5222412.000000 
20658412.000000 3925596.000000 
17268176.000000 4407252.000000 
17151078.000000 4431006.000000 
14801056.000000 5440008.000000 
16096150.000000 4761608.000000 
16472290.000000 4697364.000000 
19266514.000000 4006488.000000 
18271462.000000 4134078.000000 
19492098.000000 3954608.000000 
18536514.000000 4084710.000000 
15614032.000000 5012456.000000 
15731354.000000 4944666.000000 
20557886.000000 3929232.000000 
21750344.000000 3884912.000000 

17272058.000000 4024906.000000 
16105582.000000 4586140.000000 
16824702.000000 4163214.000000 
13660734.000000 6020388.000000 
13570886.000000 6218056.000000 
14601172.000000 5706438.000000 
16803356.000000 4316480.000000 
17175544.000000 4050668.000000 
16430940.000000 4457322.000000 
14362106.000000 5874714.000000 
12959526.000000 6934264.000000 
11604672.000000 9189838.000000 
14286568.000000 5893540.000000 
13051718.000000 6754498.000000 
20050618.000000 3553198.000000 
12235830.000000 8478926.000000 
11682176.000000 8764480.000000 
15702462.000000 4855098.000000 
12645292.000000 7394228.000000 
24995540.000000 3269572.000000 
21188526.000000 3405198.000000 
20444282.000000 3542680.000000 
22639184.000000 3272902.000000 
20012358.000000 3560676.000000 
12327826.000000 8310212.000000 
17696922.000000 3909244.000000 
14720026.000000 5530826.000000 
18146472.000000 3750734.000000 
16203526.000000 4499038.000000 
12414472.000000 8094052.000000 
16276022.000000 4464042.000000 
13269364.000000 6481020.000000 
15624940.000000 4877124.000000 
15569946.000000 4959144.000000 
16004240.000000 4611590.000000 
16466640.000000 4355216.000000 
12467406.000000 7964058.000000 
19728890.000000 3572230.000000 
15406160.000000 5115838.000000 
14412500.000000 5846206.000000 
14272040.000000 5900082.000000 
18629386.000000 3644696.000000 
17607534.000000 4014320.000000 
13816666.000000 5914812.000000 
18673474.000000 3622562.000000 
13506374.000000 6457540.000000 
17824938.000000 3888014.000000 
20110806.000000 3544264.000000 
12634266.000000 7408522.000000 
18565032.000000 3651860.000000 
12131908.000000 8585508.000000 
14883838.000000 5320054.000000 
15597144.000000 4882080.000000 
14290402.000000 5892166.000000 
15775574.000000 4762772.000000 
17776888.000000 3896552.000000 
15854966.000000 4741672.000000 
15749648.000000 4768654.000000 
20956302.000000 3483828.000000 
14809758.000000 5351808.000000 
15046378.000000 5207984.000000 
12255772.000000 8402940.000000 
13221758.000000 6552256.000000 
13219122.000000 6583036.000000 
17109802.000000 4075974.000000 
16908994.000000 4108788.000000 
17986188.000000 3821672.000000 
17892958.000000 3848060.000000 
15730258.000000 4850142.000000 
15457026.000000 4982606.000000 
15965998.000000 4730782.000000 
14526006.000000 5813338.000000 
14649680.000000 5593896.000000 
15126262.000000 5128686.000000 
11884500.000000 8634524.000000 
12072312.000000 8615352.000000 
11824330.000000 8665326.000000 
18479058.000000 3683858.000000 
12848068.000000 6953574.000000 
13057338.000000 6732962.000000 
13140874.000000 6692686.000000 
15292628.000000 5118624.000000 
19374686.000000 3611568.000000 
18729964.000000 3612510.000000 
17678960.000000 3922984.000000 
17656044.000000 3993452.000000 

15285120.000000 5094312.000000 
19674986.000000 3614362.000000 
12884060.000000 6579906.000000 
19699110.000000 3589004.000000 
12394092.000000 7341084.000000 
14512156.000000 5693034.000000 
14521170.000000 5538368.000000 
14699282.000000 5422486.000000 
14215334.000000 5710720.000000 
12142412.000000 8096238.000000 
12175014.000000 8075772.000000 
15719594.000000 4849966.000000 
14930022.000000 5391124.000000 
14910202.000000 5421800.000000 
12666604.000000 7111770.000000 
12619492.000000 7266540.000000 
14094736.000000 5782702.000000 
15850450.000000 4520580.000000 
15687618.000000 4942002.000000 
15380072.000000 5078498.000000 
13191436.000000 6415012.000000 
14072884.000000 5805594.000000 
17046576.000000 4043086.000000 
15135536.000000 5384572.000000 
18279818.000000 3714210.000000 
11897762.000000 8623362.000000 
16413480.000000 4218304.000000 
13529518.000000 6339036.000000 
22706172.000000 3453654.000000 
12721906.000000 6788546.000000 
13349594.000000 6405058.000000 
15161048.000000 5325384.000000 
17375952.000000 3998652.000000 
13414540.000000 6391130.000000 
11998320.000000 8530430.000000 
16255774.000000 4430332.000000 
16934380.000000 4139588.000000 
20141784.000000 3567658.000000 
19812474.000000 3584046.000000 
19065494.000000 3628592.000000 
19892212.000000 3572298.000000 
12045744.000000 8321322.000000 
12273938.000000 7389206.000000 
13603064.000000 6011888.000000 
13709602.000000 5940756.000000 
13491182.000000 6375364.000000 
15178940.000000 5300882.000000 
15211452.000000 5138638.000000 
19697150.000000 3605034.000000 
17418664.000000 3775426.000000 
16982288.000000 4139176.000000 
16493768.000000 4199574.000000 
16257230.000000 4325686.000000 

18731928.000000 3643480.000000 
16594880.000000 4271056.000000 
18495926.000000 3913862.000000 
18472384.000000 3940572.000000 
18356688.000000 3953452.000000 
12732548.000000 8062728.000000 
14986758.000000 5280560.000000 
15998592.000000 4406816.000000 
13070082.000000 6745166.000000 
13433632.000000 6589986.000000 
12738290.000000 7922018.000000 
12450940.000000 8526656.000000 
13537214.000000 6307268.000000 
12661552.000000 8168284.000000 
13470484.000000 6521882.000000 
13168042.000000 6706016.000000 
13609330.000000 6177520.000000 
13354306.000000 6653268.000000 
17775774.000000 4107208.000000 
21708338.000000 3490950.000000 
15026994.000000 5217574.000000 
12680146.000000 8166008.000000 
17322450.000000 4195640.000000 
14522928.000000 5443216.000000 
18722548.000000 3657298.000000 
18698226.000000 3684402.000000 
16286892.000000 4326272.000000 
18208448.000000 3968288.000000 
17428766.000000 4138440.000000 
18061978.000000 4007932.000000 
15467792.000000 4866298.000000 
17504124.000000 4131612.000000 
18780474.000000 3637580.000000 
14985110.000000 5285242.000000 
15003894.000000 5243114.000000 
15122876.000000 5165354.000000 
16094524.000000 4354376.000000 
15099834.000000 5191986.000000 
15158926.000000 5133156.000000 
21776166.000000 3401468.000000 
14023778.000000 5879424.000000 
15807832.000000 4532282.000000 
18611556.000000 3760584.000000 
14334388.000000 5535876.000000 
14366228.000000 5463710.000000 
12919072.000000 7407422.000000 
21535030.000000 3584820.000000 
21561856.000000 3584602.000000 
15818208.000000 4504600.000000 
18531786.000000 3813992.000000 
18618090.000000 3737144.000000 
13734536.000000 6058864.000000 
14315444.000000 5577498.000000 
21856652.000000 3348166.000000 
14622126.000000 5291666.000000 
18645624.000000 3720328.000000 
15992058.000000 4478342.000000 
12482900.000000 8345604.000000 
13788064.000000 5990436.000000 
15516692.000000 4802518.000000 
15223620.000000 4918168.000000 
20548188.000000 3592992.000000 
20211288.000000 3631744.000000 
14103372.000000 5638390.000000 
15500492.000000 4863244.000000 
18635878.000000 3733480.000000 
15376262.000000 4897860.000000 
15621918.000000 4592730.000000 
15178898.000000 4994946.000000 
15719148.000000 4590988.000000 
15520406.000000 4783498.000000 

23120656.000000 3231424.000000 
15381052.000000 5008508.000000 
18847844.000000 3683540.000000 
14654814.000000 5536878.000000 
14582416.000000 5659244.000000 
22679958.000000 3308328.000000 
26121412.000000 3206028.000000 
26298408.000000 3166586.000000 
14602490.000000 5586126.000000 
15503424.000000 4922556.000000 
13795964.000000 5925412.000000 
19871258.000000 3544710.000000 
13015854.000000 6888626.000000 
14479698.000000 5662172.000000 
18044468.000000 3932510.000000 
14901278.000000 5259342.000000 
24025516.000000 3219662.000000 
21318426.000000 3421234.000000 
17517338.000000 4101228.000000 
16559790.000000 4366128.000000 
14330734.000000 5775200.000000 
12903768.000000 7641720.000000 
14278066.000000 5872780.000000 
19238348.000000 3673678.000000 
15878662.000000 4669856.000000 
14716664.000000 5466244.000000 
15013830.000000 5174876.000000 
13477536.000000 6604092.000000 
15703512.000000 4910450.000000 
15356656.000000 5015900.000000 
20811786.000000 3458694.000000 
12833406.000000 7668158.000000 
14240034.000000 5884632.000000 
13401124.000000 6640814.000000 
22200736.000000 3309486.000000 
18154534.000000 3798360.000000 
15488592.000000 4926928.000000 
22982102.000000 3288064.000000 
15292008.000000 5097424.000000 
16637772.000000 4315266.000000 
16623548.000000 4357262.000000 
15966848.000000 4599460.000000 
16302814.000000 4409786.000000 
12969304.000000 7496654.000000 
20615866.000000 3492630.000000 
20852936.000000 3436780.000000 
16196020.000000 4414108.000000 
18022676.000000 3946874.000000 
17149380.000000 4129554.000000 
16185176.000000 4444678.000000 
19472568.000000 3587720.000000 
19415934.000000 3589546.000000 
12572926.000000 7728702.000000 
23773188.000000 3221386.000000 
13524496.000000 6281884.000000 
17562488.000000 4004602.000000 
17019636.000000 4178882.000000 
15855574.000000 4795660.000000 
14828104.000000 5453588.000000 
16524908.000000 4374178.000000 
16724956.000000 4193226.000000 
13588532.000000 6187838.000000 
17727522.000000 3974480.000000 
20344188.000000 3511392.000000 
21769242.000000 3358400.000000 
24636924.000000 3217296.000000 
18594930.000000 3777072.000000 
21503110.000000 3365764.000000 
19299144.000000 3600324.000000 
19917096.000000 3540496.000000 
19613230.000000 3581964.000000 
21090134.000000 3421634.000000 
17554600.000000 4089382.000000 
19650964.000000 3547860.000000 
18822876.000000 3757358.000000 

14842330.000000 5377620.000000 
15985366.000000 4591734.000000 
13805328.000000 6146866.000000 
19242654.000000 3733976.000000 
17131686.000000 4147504.000000 
13539750.000000 6444858.000000 
13325080.000000 6510552.000000 
20503432.000000 3690904.000000 
24158438.000000 3573410.000000 
17689086.000000 3977376.000000 
16240136.000000 4472932.000000 
15136248.000000 5016718.000000 
13949874.000000 5998476.000000 
12907598.000000 8304756.000000 
13015078.000000 8297854.000000 
22664996.000000 3584846.000000 
16878076.000000 4322262.000000 
14266314.000000 5721486.000000 
21663490.000000 3687754.000000 
17340350.000000 4131066.000000 
16974018.000000 4204130.000000 
24766158.000000 3559924.000000 
14668678.000000 5562668.000000 
15757512.000000 4657248.000000 
15603440.000000 4716114.000000 
22354444.000000 3615896.000000 
14670224.000000 5399044.000000 
14531232.000000 5710012.000000 
14198680.000000 5875574.000000 
24570390.000000 3571470.000000 
15232720.000000 4937674.000000 
18280406.000000 3827306.000000 
15910016.000000 4612584.000000 
15576190.000000 4884456.000000 
18137810.000000 3964158.000000 
22460006.000000 3600248.000000 
13069154.000000 6608616.000000 
15209792.000000 4938710.000000 
17405196.000000 4113514.000000 
14411256.000000 5716290.000000 
14578262.000000 5598602.000000 
13541220.000000 6186894.000000 
14112190.000000 5937014.000000 
14993412.000000 5020534.000000 
13849058.000000 6081976.000000 
13872246.000000 6076778.000000 
13428004.000000 6446308.000000 
22178844.000000 3676612.000000 
16646510.000000 4394468.000000 
13944770.000000 6073094.000000 
16072826.000000 4510618.000000 
16391920.000000 4410666.000000 
16015878.000000 4581526.000000 
13337440.000000 6508242.000000 

12312994.000000 7231522.000000 
13264430.000000 6037476.000000 
17779416.000000 4138650.000000 
17302106.000000 4177678.000000 
13633262.000000 5707668.000000 
14519930.000000 5231306.000000 
16266388.000000 4518720.000000 
13252948.000000 6104080.000000 
13866112.000000 5445578.000000 
14684796.000000 5169684.000000 
21219508.000000 3490696.000000 
18727976.000000 3698554.000000 
18166894.000000 3868346.000000 
17829854.000000 4103628.000000 
17013778.000000 4375620.000000 
12197876.000000 7604562.000000 
16236752.000000 4551428.000000 
14699890.000000 5147810.000000 
12131838.000000 7886534.000000 
16531316.000000 4444628.000000 
12593630.000000 6643322.000000 
21535794.000000 3432676.000000 
18023598.000000 4102814.000000 
15704152.000000 4807982.000000 
16122032.000000 4582656.000000 
18874772.000000 3668050.000000 
12416816.000000 6938746.000000 
12343638.000000 6980946.000000 
18141458.000000 4076246.000000 
17700576.000000 4148672.000000 
14147690.000000 5430354.000000 
17176164.000000 4238142.000000 
12559500.000000 6723060.000000 
13701246.000000 5507200.000000 
13673758.000000 5543100.000000 
15939588.000000 4628530.000000 
16374214.000000 4495804.000000 
12755554.000000 6365848.000000 
12902706.000000 6244610.000000 
19708002.000000 3579596.000000 
17041870.000000 4347680.000000 
15075660.000000 4930144.000000 
13040386.000000 6106344.000000 
12664828.000000 6601080.000000 
12184536.000000 7741338.000000 
13511126.000000 6025246.000000 
20631264.000000 3531204.000000 
13535870.000000 5929108.000000 
11806590.000000 8136012.000000 
19159724.000000 3616584.000000 
18842258.000000 3678660.000000 
16066672.000000 4617728.000000 
11328094.000000 9018872.000000 
11762808.000000 8380304.000000 
18270866.000000 3834772.000000 
16106240.000000 4613282.000000 
15801788.000000 4697304.000000 
16712520.000000 4425112.000000 
14782786.000000 5057720.000000 
17637346.000000 4173514.000000 
11864598.000000 7900754.000000 
16407298.000000 4457296.000000 
16404526.000000 4476492.000000 
12496874.000000 6888402.000000 
13568018.000000 5892756.000000 
14326698.000000 5278738.000000 
18418694.000000 3824568.000000 
17167256.000000 4312954.000000 
16837762.000000 4390506.000000 
15530596.000000 4810690.000000 
16763876.000000 4399780.000000 
14161292.000000 5340112.000000 
16912730.000000 4389014.000000 
18400942.000000 3830988.000000 
16330308.000000 4514576.000000 
18722094.000000 3780050.000000 
15733622.000000 4754036.000000 
14944416.000000 4967316.000000 
19109212.000000 3636638.000000 
18143598.000000 3960140.000000 
15237290.000000 4839740.000000 
15723848.000000 4803268.000000 

12629032.000000 6487262.000000 
20290502.000000 3560466.000000 
13691464.000000 5780828.000000 
20750698.000000 3454062.000000 
15773860.000000 4465176.000000 
13206426.000000 6201050.000000 
16328206.000000 4428088.000000 
12449888.000000 6658680.000000 
14345546.000000 5259160.000000 
13624140.000000 5859042.000000 
14238028.000000 5283866.000000 
23058974.000000 3365818.000000 
23196108.000000 3339862.000000 
21811596.000000 3374752.000000 
15265998.000000 4707720.000000 
15134146.000000 4867514.000000 
12980760.000000 6407422.000000 
14775898.000000 4997996.000000 
13045972.000000 6206526.000000 
14890424.000000 4908276.000000 
11403726.000000 7991688.000000 
12546050.000000 6493756.000000 
16606006.000000 4201418.000000 
13861312.000000 5503060.000000 
17447320.000000 4062954.000000 
19342490.000000 3739692.000000 
18363886.000000 3816484.000000 
19141584.000000 3768174.000000 
16864076.000000 4100350.000000 
15698780.000000 4672902.000000 
12317214.000000 6824850.000000 
14224092.000000 5447662.000000 
12313162.000000 6923434.000000 
17936086.000000 4014850.000000 
18056998.000000 3953680.000000 
12820774.000000 6416330.000000 
18951614.000000 3802496.000000 
14409060.000000 5184798.000000 
14643908.000000 5115590.000000 
13391308.000000 6008290.000000 
19639204.000000 3598882.000000 
12421214.000000 6696450.000000 
11597746.000000 7441756.000000 
11893392.000000 6967706.000000 
11775066.000000 7175962.000000 
11539420.000000 7521466.000000 
12051022.000000 6929300.000000 
13366750.000000 6115406.000000 
15021864.000000 4868698.000000 
11786204.000000 7098352.000000 
14725954.000000 5100138.000000 
13535348.000000 5866516.000000 
13679186.000000 5858690.000000 
16384124.000000 4336090.000000 

13668828.000000 6047884.000000 
12044752.000000 7358604.000000 
12975962.000000 6764918.000000 
14667848.000000 5174512.000000 
20194394.000000 3808730.000000 
15001644.000000 4919722.000000 
12640938.000000 7242770.000000 
13123996.000000 6722434.000000 
13111932.000000 6751236.000000 
12632174.000000 7258764.000000 
15067178.000000 4903942.000000 
22125774.000000 3578294.000000 
13128804.000000 6695332.000000 
15217716.000000 4798850.000000 
12905406.000000 7037112.000000 
15976156.000000 4249690.000000 
15592598.000000 4606856.000000 
16701582.000000 4112184.000000 
16699712.000000 4136336.000000 
20506572.000000 3759768.000000 
12960870.000000 7011662.000000 
22055036.000000 3701728.000000 
17286606.000000 4034300.000000 
18095472.000000 3846746.000000 
18738772.000000 3840736.000000 
13134196.000000 6665936.000000 
22833598.000000 3514006.000000 
21615358.000000 3719878.000000 
13141686.000000 6092610.000000 
12944376.000000 7016652.000000 
15138732.000000 4866548.000000 
17452200.000000 4001758.000000 
15876298.000000 4399886.000000 
15717994.000000 4510140.000000 
15138386.000000 4869824.000000 
15625990.000000 4575250.000000 
14679604.000000 4955170.000000 
12793818.000000 7146786.000000 
15379706.000000 4668854.000000 
16548370.000000 4190186.000000 
15851086.000000 4458730.000000 
16141750.000000 4217148.000000 
22710036.000000 3569958.000000 
14166028.000000 5365932.000000 
14969438.000000 4946846.000000 
12730580.000000 7183562.000000 
12863026.000000 7146312.000000 
20457894.000000 3799822.000000 
14443486.000000 5239058.000000 
14361520.000000 5282666.000000 
13909078.000000 5574164.000000 
13760212.000000 5724862.000000 
14277258.000000 5314060.000000 
21399412.000000 3735798.000000 
15160584.000000 4854278.000000 
15460192.000000 4609944.000000 
14589410.000000 5232674.000000 

13010462.000000 6678984.000000 
20226574.000000 3689850.000000 
15737138.000000 4835356.000000 
16066462.000000 4738450.000000 
17782298.000000 4072672.000000 
18941798.000000 3843302.000000 
20545934.000000 3552644.000000 
18849810.000000 3900760.000000 
19486164.000000 3727626.000000 
13090060.000000 6615004.000000 
14277996.000000 5581602.000000 
19256356.000000 3748154.000000 
16480258.000000 4541086.000000 
17491208.000000 4216514.000000 
18529324.000000 4045264.000000 
12451074.000000 7323638.000000 
17656944.000000 4133204.000000 
20306552.000000 3661926.000000 
23940722.000000 3190750.000000 
18589218.000000 4018096.000000 
18087656.000000 4067596.000000 
19655052.000000 3718570.000000 
16237410.000000 4648640.000000 
14890522.000000 5165384.000000 
17319396.000000 4248116.000000 
12480940.000000 7044482.000000 
13889276.000000 5805368.000000 
12343796.000000 7410850.000000 
18161684.000000 4062606.000000 
19372966.000000 3733732.000000 
16166162.000000 4670956.000000 
20752678.000000 3551190.000000 
14360642.000000 5356088.000000 
15685502.000000 4877406.000000 
16813946.000000 4430362.000000 
17020360.000000 4327562.000000 
21337014.000000 3390528.000000 
12263864.000000 7479728.000000 
15166680.000000 5086406.000000 
16059688.000000 4790332.000000 
22415666.000000 3292598.000000 
16032072.000000 4797462.000000 
12293118.000000 7474970.000000 
16604320.000000 4487702.000000 
16118796.000000 4715480.000000 
19925272.000000 3701388.000000 
21723648.000000 3321372.000000 
17147240.000000 4305476.000000 
16406976.000000 4557152.000000 
16380556.000000 4564724.000000 
12105852.000000 7745390.000000 
13941672.000000 5771426.000000 
20263624.000000 3677656.000000 
18914426.000000 3866256.000000 
18827748.000000 3931730.000000 
21087858.000000 3535828.000000 
22818786.000000 3244474.000000 
18551086.000000 4035632.000000 
12211600.000000 7570244.000000 
13320502.000000 6348370.000000 
11914110.000000 7969728.000000 
18806498.000000 3970330.000000 
12451158.000000 7161702.000000 
14873386.000000 5214816.000000 
15341952.000000 4984102.000000 
15242250.000000 5007740.000000 
13492888.000000 6192142.000000 
12776270.000000 7017620.000000 
19064532.000000 3828410.000000 
17489416.000000 4225328.000000 
13369996.000000 6247114.000000 
19129106.000000 3811604.000000 
19191066.000000 3788470.000000 
19195286.000000 3761440.000000 
14656556.000000 5290670.000000 
14132370.000000 5677616.000000 
12799354.000000 7016742.000000 
17285136.000000 4296742.000000 
22626714.000000 3258274.000000 
15084486.000000 5148970.000000 
15360580.000000 4952310.000000 
16370938.000000 4604496.000000 
16444900.000000 4551720.000000 
12895398.000000 6907174.000000 
19847318.000000 3718320.000000 
16905824.000000 4356122.000000 
16982846.000000 4342458.000000 
17099562.000000 4314030.000000 
23305726.000000 3208458.000000 
22189156.000000 3303310.000000 
13749286.000000 5986724.000000 

26194846.000000 3242006.000000 
16265054.000000 4800950.000000 
15370698.000000 5376636.000000 
12185256.000000 8459570.000000 
13072146.000000 6808504.000000 
18156598.000000 4196950.000000 
16684924.000000 4623250.000000 
12394350.000000 7988614.000000 
12341794.000000 8245030.000000 
13459004.000000 6770720.000000 
16922704.000000 4570436.000000 
14804174.000000 5812734.000000 
22334948.000000 3320226.000000 
13869252.000000 6343644.000000 
20525664.000000 3529670.000000 
16036250.000000 4971038.000000 
15149744.000000 5389162.000000 
12701522.000000 7084384.000000 
13470106.000000 6531852.000000 
16969160.000000 4527298.000000 
18763652.000000 3948902.000000 
23655134.000000 3248876.000000 
19389594.000000 3718532.000000 
19597300.000000 3582598.000000 
17725442.000000 4223516.000000 
12522722.000000 7159416.000000 
14790042.000000 5817718.000000 
16100206.000000 4871096.000000 
22092776.000000 3326430.000000 
14893400.000000 5724462.000000 
15129422.000000 5557674.000000 
21138160.000000 3423584.000000 
21837006.000000 3407006.000000 
12305074.000000 8444332.000000 
17347912.000000 4464534.000000 
18166666.000000 4045296.000000 
13650922.000000 6451500.000000 
14125512.000000 5927134.000000 
13752724.000000 6369840.000000 
19303044.000000 3806284.000000 
20290750.000000 3531788.000000 
14986730.000000 5645794.000000 
21137700.000000 3423808.000000 
17549742.000000 4263530.000000 
17421620.000000 4286354.000000 
16882400.000000 4615152.000000 
15668522.000000 5229878.000000 
20782332.000000 3507714.000000 
21201714.000000 3418480.000000 
15847160.000000 5189400.000000 
15434468.000000 5264798.000000 
16250496.000000 4835608.000000 
12982110.000000 6981652.000000 
17358098.000000 4453550.000000 
18339392.000000 3996474.000000 
18917538.000000 3812660.000000 
20091866.000000 3532992.000000 
13704488.000000 6412518.000000 
13049796.000000 6979370.000000 
18267238.000000 4015574.000000 
18438692.000000 3967872.000000 
16576462.000000 4673094.000000 
17089358.000000 4522082.000000 
12375052.000000 8180030.000000 
15977374.000000 5155644.000000 
15402566.000000 5339364.000000 
17263776.000000 4475900.000000 

20267062.000000 3510960.000000 
14104346.000000 5425280.000000 
14350962.000000 5375876.000000 
17049588.000000 3905192.000000 
12181588.000000 7914140.000000 
17048640.000000 3924784.000000 
17123764.000000 3859960.000000 
12185942.000000 7822860.000000 
12853248.000000 6876990.000000 
13298978.000000 6501406.000000 
15741324.000000 4713328.000000 
18487140.000000 3769834.000000 
17888560.000000 3780438.000000 
21138048.000000 3501294.000000 
12493882.000000 7624612.000000 
15771896.000000 4639162.000000 
17094520.000000 3869468.000000 
17238192.000000 3797248.000000 
24200146.000000 3382144.000000 
16444870.000000 4330648.000000 
16094980.000000 4353572.000000 
19751412.000000 3631054.000000 
15904676.000000 4444724.000000 
15874104.000000 4518890.000000 
12628738.000000 7562088.000000 
16462052.000000 4322092.000000 
12094710.000000 8093612.000000 
15987016.000000 4401354.000000 
13223412.000000 6535136.000000 
15013680.000000 5181756.000000 
16864490.000000 4063004.000000 
16532398.000000 4209618.000000 
16676070.000000 4137398.000000 
15561228.000000 4749364.000000 
14009974.000000 5909544.000000 
16038310.000000 4372734.000000 
18903798.000000 3754576.000000 
15015408.000000 5138836.000000 
13029176.000000 6610710.000000 
15848126.000000 4561782.000000 
15031208.000000 5086976.000000 
14821420.000000 5295366.000000 
16829426.000000 4097600.000000 
16904268.000000 4020164.000000 
15713568.000000 4741978.000000 
13744122.000000 6221324.000000 
15817554.000000 4635948.000000 
15255216.000000 4993564.000000 
15179788.000000 5082742.000000 
13848860.000000 5924296.000000 
21303838.000000 3415628.000000 
11865832.000000 8775034.000000 
11945260.000000 8387912.000000 
12700630.000000 7168386.000000 
12848278.000000 6904226.000000 
19767814.000000 3606714.000000 
19690484.000000 3631182.000000 
16486726.000000 4240282.000000 
16939332.000000 3985568.000000 
17158832.000000 3824344.000000 
13305318.000000 6354534.000000 
13803730.000000 6075902.000000 
12093132.000000 8147272.000000 
15486896.000000 4787688.000000 
19444874.000000 3704458.000000 
14867400.000000 5197828.000000 
16630398.000000 4168062.000000 
16618196.000000 4194564.000000 
23111480.000000 3398250.000000 
15330660.000000 4802056.000000 
14843184.000000 5248684.000000 
16050416.000000 4370982.000000 
13376322.000000 6247806.000000 
13338452.000000 6273266.000000 

