50554188.000000 31096248.000000 
52443094.000000 27526878.000000 
71133540.000000 24235782.000000 
43425586.000000 41869698.000000 
45103910.000000 37767294.000000 
49187098.000000 31202346.000000 
47681952.000000 34908000.000000 
48158708.000000 33254472.000000 
61497154.000000 25460878.000000 
50807826.000000 30454152.000000 
43231044.000000 41913760.000000 
43975136.000000 39287314.000000 
48276618.000000 33133546.000000 
48538738.000000 31339378.000000 
63021040.000000 25322934.000000 
47824294.000000 34898980.000000 
53426848.000000 27260526.000000 
67222714.000000 24378126.000000 
63329502.000000 24923150.000000 
47623842.000000 34964698.000000 
50854726.000000 28977670.000000 
45592088.000000 36935946.000000 
48100322.000000 33426498.000000 
48353502.000000 31578718.000000 
43637006.000000 39923146.000000 
51418808.000000 28437920.000000 
61984982.000000 25374190.000000 
65575534.000000 24774478.000000 
45864032.000000 36922564.000000 
45585982.000000 36965118.000000 
44125154.000000 39139034.000000 
62861104.000000 25355204.000000 
63315016.000000 24968036.000000 
45442662.000000 36999628.000000 
44954484.000000 37830976.000000 
46235164.000000 35805394.000000 
53355622.000000 27349644.000000 
46085738.000000 35869076.000000 
46723342.000000 34974046.000000 
46573916.000000 35037728.000000 
54928666.000000 25683074.000000 
55185502.000000 25653972.000000 
71355292.000000 24046576.000000 
60621032.000000 25479864.000000 
50622590.000000 30677344.000000 
43831236.000000 39868076.000000 
44319384.000000 39083964.000000 
43486988.000000 40071426.000000 

75770924.000000 20641578.000000 
62119360.000000 22940682.000000 
56195482.000000 24711584.000000 
72338548.000000 20649436.000000 
71737336.000000 20799568.000000 
50740340.000000 28830458.000000 
63531308.000000 22507566.000000 
49212014.000000 29213028.000000 
59093212.000000 23688030.000000 
53700624.000000 25230516.000000 
64810432.000000 21493536.000000 
70008930.000000 20848428.000000 
56387874.000000 24149366.000000 
50748668.000000 28827960.000000 
46755362.000000 31584934.000000 
44564118.000000 44610066.000000 
47796556.000000 29532086.000000 
50824028.000000 26763950.000000 
56064036.000000 24716558.000000 
60050068.000000 23366000.000000 
51707248.000000 26454750.000000 
55473596.000000 24915688.000000 
69523006.000000 20934216.000000 
58122002.000000 23746074.000000 
47472722.000000 29890910.000000 
67135222.000000 21135840.000000 
63945986.000000 22246830.000000 
63588254.000000 22473442.000000 
44944958.000000 39942688.000000 
44850296.000000 40305252.000000 
46527654.000000 37111980.000000 
45248930.000000 37262644.000000 
45061608.000000 37652652.000000 

52107242.000000 29853002.000000 
61147488.000000 23564570.000000 
45869834.000000 42484750.000000 
53157842.000000 27690996.000000 
57501698.000000 25901928.000000 
58527468.000000 25590416.000000 
63887104.000000 22439142.000000 
51640774.000000 30502968.000000 
42781638.000000 46104190.000000 
51009114.000000 30605462.000000 
52698764.000000 29011586.000000 
47770798.000000 35507972.000000 
55303786.000000 27104354.000000 
68556624.000000 21311724.000000 
40456730.000000 54162794.000000 
41607070.000000 50558532.000000 
60520422.000000 24153262.000000 
49229156.000000 33262142.000000 
57920622.000000 25594204.000000 
58782992.000000 25566928.000000 
48822198.000000 34310598.000000 
63678994.000000 22937290.000000 
45142560.000000 43689118.000000 
64087216.000000 21902216.000000 
64177406.000000 21404468.000000 
44243270.000000 44711200.000000 
42443078.000000 47314656.000000 
50742598.000000 31692292.000000 
46704140.000000 37882410.000000 
52048294.000000 30254582.000000 
42251698.000000 50438078.000000 
50955936.000000 31437070.000000 
49516372.000000 32627300.000000 
68667154.000000 20811966.000000 
45927190.000000 38946026.000000 
44119434.000000 45983986.000000 
51984084.000000 30429016.000000 
47939404.000000 35179522.000000 
47524656.000000 36224300.000000 
53093264.000000 27952504.000000 
55251870.000000 27635412.000000 
50437052.000000 31765584.000000 
63555596.000000 23206422.000000 
55936972.000000 26133854.000000 
40290634.000000 58222996.000000 
47344996.000000 36491284.000000 
59116818.000000 24482760.000000 
63707268.000000 22865178.000000 
46538878.000000 38832142.000000 
39787412.000000 59427976.000000 
46913542.000000 37387424.000000 
39622554.000000 59732758.000000 
40146344.000000 58532712.000000 
48929130.000000 33790622.000000 

53552760.000000 30595482.000000 
65779104.000000 24749522.000000 
64814386.000000 25338544.000000 
67411222.000000 23640782.000000 
38877544.000000 45850572.000000 
41851350.000000 45275986.000000 
38870256.000000 50228230.000000 
41369810.000000 45829314.000000 
44141486.000000 42469234.000000 
63161016.000000 26416992.000000 
63918538.000000 25717232.000000 
49317298.000000 35523706.000000 
46882840.000000 37066010.000000 
43168346.000000 43771824.000000 
70338558.000000 20651506.000000 
47336562.000000 35598942.000000 
69054086.000000 23572538.000000 
49858242.000000 33905296.000000 
46546820.000000 38908774.000000 
47054324.000000 36255730.000000 
45215390.000000 39429238.000000 
64923086.000000 24813730.000000 
64603042.000000 25604072.000000 
38794798.000000 50666664.000000 
38093248.000000 51882282.000000 
58601582.000000 27437336.000000 
58092052.000000 28271508.000000 
55183726.000000 28386258.000000 
51146906.000000 31541156.000000 
53752716.000000 30074826.000000 
53891576.000000 28837338.000000 
49932598.000000 32136392.000000 
49701992.000000 35105144.000000 
63808074.000000 25768314.000000 
38048052.000000 54207960.000000 
37473468.000000 56166120.000000 
62986078.000000 27030946.000000 
48110030.000000 35565058.000000 
51501350.000000 31052840.000000 

46354378.000000 45309330.000000 
55143618.000000 31223942.000000 
60136472.000000 28599612.000000 
49491356.000000 36502032.000000 
53977566.000000 32224204.000000 
54670574.000000 32206794.000000 
57105696.000000 30082456.000000 
61380418.000000 27815766.000000 
62439360.000000 27669470.000000 
59803160.000000 29705896.000000 
71749892.000000 26122390.000000 
60881432.000000 28046924.000000 
60073614.000000 28886598.000000 
76919428.000000 25721208.000000 
50574000.000000 34175578.000000 
60236426.000000 28471600.000000 
61595190.000000 27702372.000000 
45955438.000000 45998010.000000 
61287244.000000 27943108.000000 
54849308.000000 32103636.000000 
52469168.000000 33760126.000000 
46789700.000000 43452546.000000 
64291870.000000 26827432.000000 
63938984.000000 26839314.000000 
48429110.000000 41011638.000000 
55938012.000000 31181024.000000 
50526554.000000 34777914.000000 
59792906.000000 29775640.000000 
62988612.000000 27547554.000000 
63161882.000000 27004894.000000 
70602138.000000 26528270.000000 
72024800.000000 25973142.000000 
56691592.000000 31070720.000000 
46480584.000000 44712322.000000 
66298794.000000 26613450.000000 
53223264.000000 33674998.000000 
69992534.000000 26531622.000000 
63374294.000000 26851924.000000 
45579008.000000 48537224.000000 
47905492.000000 42265442.000000 
61743530.000000 27685918.000000 
67950136.000000 26611428.000000 
45931992.000000 48496932.000000 
47102818.000000 43236790.000000 
45405170.000000 49772404.000000 
63243592.000000 26992830.000000 
49359120.000000 39995452.000000 
48133402.000000 42140732.000000 
63674184.000000 26839800.000000 
46578380.000000 44507094.000000 
71988494.000000 25981426.000000 
46282612.000000 45634334.000000 

51679282.000000 29940796.000000 
61226696.000000 24787928.000000 
50625832.000000 31925186.000000 
55982730.000000 25173812.000000 
47802972.000000 39981518.000000 
54203668.000000 27926712.000000 
66964320.000000 22917630.000000 
39898626.000000 56149892.000000 
55297152.000000 26934472.000000 
47753624.000000 40735726.000000 
47439230.000000 41602902.000000 
42598478.000000 55792192.000000 
50332464.000000 36221552.000000 
73270196.000000 21510134.000000 
48374102.000000 36650704.000000 
45787134.000000 45859028.000000 
50351072.000000 31973842.000000 
55573480.000000 26844874.000000 
42974542.000000 46255274.000000 
45955472.000000 43204966.000000 
61592044.000000 23372482.000000 
67207248.000000 22493528.000000 
52221322.000000 28705464.000000 
60270226.000000 25027454.000000 
39434766.000000 57981434.000000 
35484538.000000 59376756.000000 
66741428.000000 23110534.000000 
51569776.000000 31458882.000000 
66082288.000000 23261038.000000 
68949928.000000 22422426.000000 
67197190.000000 22548508.000000 
60707906.000000 24922592.000000 
61063094.000000 24895560.000000 

71625190.000000 18907786.000000 
47228390.000000 37557536.000000 
50806440.000000 35551756.000000 
48934088.000000 37482384.000000 
44742954.000000 47138234.000000 
81528052.000000 18858040.000000 
55319122.000000 28945366.000000 
43478558.000000 59772294.000000 
59894488.000000 23181520.000000 
51254006.000000 33045044.000000 
83869378.000000 18254700.000000 
59839852.000000 23771302.000000 
64177874.000000 20440184.000000 
59797750.000000 24162576.000000 
41185296.000000 63150764.000000 
49764818.000000 36964684.000000 
46346024.000000 39146310.000000 
58529580.000000 25766844.000000 
56233792.000000 27091062.000000 
44448362.000000 49685814.000000 
60837752.000000 22695520.000000 
68847714.000000 20425728.000000 
44251578.000000 54074086.000000 
43871604.000000 54912668.000000 
59324210.000000 24252654.000000 
63043628.000000 22027052.000000 
53332788.000000 31140130.000000 
60409138.000000 22700136.000000 
59129360.000000 24441386.000000 
51175598.000000 35051750.000000 
52725480.000000 32969854.000000 
55900022.000000 27258210.000000 
52742288.000000 32139626.000000 
56528088.000000 25865762.000000 
63417598.000000 21415352.000000 

53872776.000000 28603788.000000 
42744816.000000 62905310.000000 
56903568.000000 23218690.000000 
55001922.000000 27125090.000000 
51043940.000000 29441262.000000 
50610552.000000 31320154.000000 
63063524.000000 21535146.000000 
51486550.000000 29085268.000000 
45856432.000000 36582710.000000 
49461636.000000 32422396.000000 
63750168.000000 20043472.000000 
45096896.000000 39219342.000000 
54685086.000000 27404374.000000 
56647976.000000 23234034.000000 
69393170.000000 19067234.000000 
64492348.000000 19581230.000000 
53919856.000000 27668354.000000 
50639772.000000 30511470.000000 
51180262.000000 29439030.000000 
43304242.000000 47372436.000000 
61388934.000000 22256758.000000 
61271528.000000 22277952.000000 
55138836.000000 24817820.000000 
48416212.000000 33668502.000000 
63467846.000000 20460436.000000 
43568338.000000 43664606.000000 
53351846.000000 28932850.000000 
59704504.000000 22843842.000000 
65785352.000000 19329164.000000 
54014824.000000 27551870.000000 
53962292.000000 27559626.000000 

55635282.000000 26202922.000000 
52599898.000000 31061240.000000 
39634590.000000 47724226.000000 
46428730.000000 41093786.000000 
47645342.000000 40333548.000000 
72304028.000000 20711302.000000 
52660254.000000 30319708.000000 
55131326.000000 26486340.000000 
52357428.000000 33055952.000000 
77908668.000000 19790610.000000 
49758964.000000 33243658.000000 
54995098.000000 26547714.000000 
42768690.000000 45776102.000000 
57785532.000000 25158344.000000 
42548780.000000 46480594.000000 
38110790.000000 55274322.000000 
74934140.000000 20530694.000000 
52853674.000000 29440534.000000 
52565232.000000 31265424.000000 
56305196.000000 25265400.000000 
59927214.000000 23176560.000000 
43356532.000000 41509584.000000 
43246674.000000 43883634.000000 
48365572.000000 36123640.000000 
38627458.000000 48239726.000000 
70419420.000000 21075792.000000 
53509734.000000 27889916.000000 
54656740.000000 26783480.000000 
52481778.000000 31524440.000000 
61583316.000000 21850968.000000 
75786786.000000 20434780.000000 
58739288.000000 23802652.000000 
74015290.000000 20560716.000000 
56805430.000000 25259818.000000 
59884988.000000 23218006.000000 
66511354.000000 21150836.000000 
57343234.000000 25200608.000000 
57964790.000000 24052814.000000 

50206906.000000 29819928.000000 
59580078.000000 22707704.000000 
48533262.000000 34296798.000000 
46675216.000000 46657374.000000 
45843652.000000 49684164.000000 
47153372.000000 44623564.000000 
47419392.000000 40322210.000000 
55937318.000000 25051902.000000 
56979556.000000 24388088.000000 
46844078.000000 44936670.000000 
54059046.000000 27695996.000000 
47313658.000000 41373764.000000 
42741364.000000 50807008.000000 
54269778.000000 26241020.000000 
48081038.000000 37501372.000000 
47249654.000000 43102676.000000 
46395472.000000 49518538.000000 
51030048.000000 28383478.000000 
46592512.000000 48099072.000000 
68829180.000000 22224174.000000 

52809346.000000 23610752.000000 
56097624.000000 23284164.000000 
67026058.000000 19733118.000000 
56115180.000000 22916928.000000 
74446174.000000 18150114.000000 
56229364.000000 22814312.000000 
57944480.000000 20802246.000000 
47227822.000000 33542666.000000 
45893300.000000 36465372.000000 
51640370.000000 25064514.000000 
49948976.000000 31716282.000000 
69331830.000000 19432588.000000 
50455914.000000 28976232.000000 
76028046.000000 18142170.000000 
79807068.000000 18052960.000000 
65098286.000000 20266276.000000 
51367264.000000 28612170.000000 
56638412.000000 21156662.000000 
52407738.000000 25054700.000000 
73265808.000000 18933418.000000 
47465774.000000 33468656.000000 
45412592.000000 38055618.000000 
68525058.000000 19717162.000000 
70262134.000000 19006742.000000 
74188968.000000 18919322.000000 
57512946.000000 21142226.000000 
58920286.000000 20788314.000000 
51565804.000000 27155986.000000 
48337762.000000 31722438.000000 
48154762.000000 33178676.000000 
81404724.000000 18044388.000000 
66261794.000000 19911884.000000 
56272388.000000 22600610.000000 

43736142.000000 37246134.000000 
44818776.000000 31176366.000000 
38941584.000000 50781538.000000 
52048366.000000 26542656.000000 
41653624.000000 43810582.000000 
44013646.000000 36658856.000000 
47949910.000000 28774416.000000 
42344340.000000 41549918.000000 
40388908.000000 46789668.000000 
47899960.000000 30999654.000000 
41946618.000000 43136018.000000 
43477402.000000 38633802.000000 
43195120.000000 38704404.000000 
62241202.000000 24959628.000000 
51783778.000000 27319094.000000 
63794974.000000 23594748.000000 
44771690.000000 32092720.000000 
43230890.000000 38663986.000000 
44496572.000000 34399544.000000 
66899434.000000 22855420.000000 
65835454.000000 23299684.000000 
53092788.000000 25482196.000000 
62337458.000000 24084218.000000 
49303168.000000 27701074.000000 
44045952.000000 35370746.000000 
70155698.000000 22684572.000000 
54004550.000000 25042328.000000 

41942630.000000 53943348.000000 
48173182.000000 35308338.000000 
47819868.000000 38259778.000000 
48300794.000000 34902948.000000 
44654750.000000 46195424.000000 
45659138.000000 38868340.000000 
51765398.000000 28125560.000000 
43542740.000000 53141738.000000 
45249272.000000 43712102.000000 
45233136.000000 45192952.000000 
55395108.000000 25272958.000000 
76050130.000000 21753756.000000 
47680548.000000 38648062.000000 
44449876.000000 51043034.000000 
44453466.000000 50680490.000000 
44547022.000000 50098154.000000 
48813260.000000 33227420.000000 
49617752.000000 32688764.000000 
60469624.000000 24068782.000000 
49600366.000000 32871702.000000 
49899210.000000 31859016.000000 
70820310.000000 22930064.000000 
64722470.000000 23405174.000000 
51053950.000000 30617520.000000 
44545556.000000 50408588.000000 
72163602.000000 22566370.000000 
48305840.000000 34592526.000000 
57940394.000000 24626000.000000 
48818306.000000 32916998.000000 
43954132.000000 52827734.000000 

44579138.000000 39643202.000000 
60543486.000000 24917322.000000 
62003862.000000 23064120.000000 
51921142.000000 29218356.000000 
54779448.000000 27198212.000000 
48706602.000000 30879386.000000 
43729234.000000 39674400.000000 
46020680.000000 36109980.000000 
55938088.000000 26217580.000000 
45092242.000000 38688674.000000 
55248386.000000 26613392.000000 
46177708.000000 33207052.000000 
53063422.000000 27623408.000000 
50792868.000000 30437434.000000 
66264578.000000 21270380.000000 
64022200.000000 21574646.000000 
43232776.000000 44877620.000000 
42218028.000000 46639266.000000 
45131752.000000 37747618.000000 
58610790.000000 25050486.000000 
42297536.000000 44889242.000000 
46176882.000000 33838802.000000 
48601512.000000 31034066.000000 
48756920.000000 30743582.000000 

53533286.000000 32534816.000000 
59690584.000000 28153702.000000 
62536634.000000 25966744.000000 
63548964.000000 25913478.000000 
66483184.000000 25849262.000000 
40939026.000000 55287776.000000 
42453130.000000 45314836.000000 
44661434.000000 44877366.000000 
75739010.000000 21350108.000000 
41568938.000000 46267178.000000 
61757212.000000 27046230.000000 
68106854.000000 23505240.000000 
69429962.000000 23370124.000000 
45757528.000000 40923960.000000 
44930274.000000 43883808.000000 
80452430.000000 21159318.000000 
73373700.000000 23099358.000000 
71498130.000000 23312784.000000 
54323982.000000 31553372.000000 
45944266.000000 39180774.000000 
48531076.000000 37133660.000000 
59363692.000000 28271930.000000 
59921564.000000 27797426.000000 
47118132.000000 37689402.000000 
57397598.000000 29024486.000000 
70901614.000000 23314374.000000 
56115282.000000 29575824.000000 
75486704.000000 22974476.000000 
58222316.000000 28458420.000000 
41561260.000000 52119376.000000 
51606326.000000 33170432.000000 
54212892.000000 32237970.000000 
48932290.000000 34578424.000000 
50718770.000000 33961420.000000 
67776898.000000 23528306.000000 
41544954.000000 52820094.000000 
52370328.000000 32758552.000000 
61565264.000000 27447320.000000 
47847624.000000 37164922.000000 
66554582.000000 24079072.000000 
56058038.000000 31076132.000000 
45272228.000000 42966226.000000 
45351568.000000 42772614.000000 
42313106.000000 45929178.000000 
46854460.000000 38245564.000000 
60928300.000000 27677366.000000 
43662600.000000 45128976.000000 
61066744.000000 27564602.000000 
43741940.000000 44935364.000000 

65549812.000000 22735242.000000 
54046230.000000 32230420.000000 
65268530.000000 22788266.000000 
48690292.000000 37938326.000000 
58341456.000000 29141688.000000 
51623226.000000 32839080.000000 
59634356.000000 28151184.000000 
63551776.000000 25181246.000000 
55158598.000000 31103338.000000 
57590756.000000 29200234.000000 
67559756.000000 22719422.000000 
48355312.000000 38590018.000000 
49382254.000000 35283404.000000 
43969398.000000 42968600.000000 
44134650.000000 42923978.000000 
45507068.000000 41103344.000000 
59440690.000000 29130816.000000 
51338180.000000 33786040.000000 
63639322.000000 23229962.000000 
59586918.000000 28920692.000000 
56544716.000000 29376146.000000 
45702384.000000 40679360.000000 
60195936.000000 25367658.000000 
56998598.000000 29311026.000000 
46262282.000000 39725800.000000 
44669702.000000 41592896.000000 
50446936.000000 34154694.000000 
48353046.000000 38658550.000000 
44550980.000000 42760548.000000 
45302744.000000 41384844.000000 

48276570.000000 28602552.000000 
65333876.000000 22120878.000000 
66159536.000000 21904100.000000 
41773448.000000 43048062.000000 
49809208.000000 25457330.000000 
58055780.000000 22945154.000000 
40141492.000000 45270728.000000 
43192560.000000 36766316.000000 
45425250.000000 34710458.000000 
81159658.000000 20904660.000000 
44554462.000000 35517660.000000 
46082134.000000 32088568.000000 
70925952.000000 21211156.000000 
42191796.000000 37493020.000000 
36953454.000000 49555694.000000 
35510548.000000 52515502.000000 
36647420.000000 50320588.000000 
49732708.000000 27430842.000000 
50124228.000000 25106492.000000 
46751828.000000 29290762.000000 
78082792.000000 20956362.000000 
35921398.000000 51783038.000000 
45584946.000000 33677734.000000 
48915214.000000 28251614.000000 
40634258.000000 44055902.000000 
65652080.000000 22070290.000000 
38036020.000000 49442870.000000 
60990628.000000 22261084.000000 
38234798.000000 45431390.000000 
52362966.000000 24705402.000000 
74969784.000000 21208790.000000 
56118634.000000 24334826.000000 
40276542.000000 44224890.000000 
49223334.000000 27901456.000000 
51824924.000000 24770564.000000 
58380166.000000 22592518.000000 
61615264.000000 22127038.000000 
58976050.000000 22526754.000000 
61019380.000000 22192802.000000 

41857488.000000 45960184.000000 
61925346.000000 23363234.000000 
63298468.000000 23330712.000000 
55398566.000000 27353648.000000 
61820630.000000 23364234.000000 
44852988.000000 39679742.000000 
52754480.000000 29184440.000000 
65914426.000000 22773804.000000 
56701344.000000 26979992.000000 
45243762.000000 36295878.000000 
59113562.000000 24482380.000000 
53387178.000000 29085474.000000 
67147464.000000 21340500.000000 
46460228.000000 35425312.000000 
59491040.000000 23965084.000000 
57663700.000000 24954270.000000 
42370056.000000 40505758.000000 
50534694.000000 30468068.000000 
49503636.000000 32093688.000000 
57662388.000000 26179042.000000 
56273082.000000 27016520.000000 
52198976.000000 29988014.000000 
61431704.000000 23915764.000000 
56907928.000000 26777250.000000 
60145314.000000 23920342.000000 
41781830.000000 54658710.000000 
54470730.000000 28993842.000000 
54592396.000000 27520370.000000 

43236210.000000 45179324.000000 
61671978.000000 22684718.000000 
56876468.000000 24140072.000000 
50585310.000000 32201430.000000 
47866442.000000 34034260.000000 
44624176.000000 39642814.000000 
49233746.000000 32957354.000000 
60545800.000000 24047816.000000 
47687406.000000 34498614.000000 
48437384.000000 33773118.000000 
45024684.000000 35579490.000000 
44826512.000000 36944570.000000 
53313350.000000 25157280.000000 
43708246.000000 42451140.000000 
53869082.000000 25146622.000000 
49662744.000000 32889350.000000 
52318820.000000 25303972.000000 
46403562.000000 35385540.000000 
51611388.000000 26731332.000000 
54858478.000000 24991266.000000 
51360570.000000 31306006.000000 

41282140.000000 46603960.000000 
62375544.000000 24057878.000000 
58648324.000000 24094244.000000 
56117920.000000 24995418.000000 
47499834.000000 31646626.000000 
46314124.000000 34933420.000000 
47050362.000000 32880754.000000 
47857328.000000 31373704.000000 
63589040.000000 23592110.000000 
46456538.000000 34925474.000000 
47450938.000000 32862292.000000 
56151156.000000 24371310.000000 
45408796.000000 39681236.000000 
42553914.000000 44170454.000000 
44923788.000000 41015776.000000 
53527652.000000 26906180.000000 
50988084.000000 28504892.000000 
42439360.000000 45390366.000000 
51973298.000000 27894538.000000 
46778640.000000 34654790.000000 
54218452.000000 25277218.000000 
50117386.000000 29826080.000000 
44474840.000000 41845176.000000 
52029158.000000 27798174.000000 
41705318.000000 45398784.000000 
69824304.000000 22380238.000000 
68494404.000000 22565258.000000 
49807670.000000 30447314.000000 
53889724.000000 26470024.000000 
63880642.000000 23427468.000000 
49017282.000000 30792180.000000 
45410874.000000 36403510.000000 
66638010.000000 22826968.000000 
49136058.000000 30585448.000000 
52292420.000000 27205618.000000 
51167818.000000 28259930.000000 
65390436.000000 22965616.000000 
46068608.000000 36183292.000000 
51285986.000000 28078272.000000 

49779286.000000 33003782.000000 
50524586.000000 32013648.000000 
52220460.000000 28282102.000000 
55054174.000000 26384180.000000 
68105640.000000 22042332.000000 
58860994.000000 24984272.000000 
47946762.000000 37127782.000000 
59402042.000000 22731700.000000 
59249620.000000 24941314.000000 
57926312.000000 25840118.000000 
48261394.000000 36846068.000000 
58185778.000000 25331254.000000 
50964042.000000 30753066.000000 
52209760.000000 30226674.000000 
54277722.000000 27421516.000000 
57872116.000000 26269194.000000 
50261516.000000 32858928.000000 
71916848.000000 21574878.000000 
52208178.000000 30608862.000000 
48553204.000000 36737536.000000 
50754498.000000 31638742.000000 
47286756.000000 38251276.000000 
48793046.000000 35663212.000000 
45422236.000000 44289398.000000 
47407052.000000 37505384.000000 
47381618.000000 37542832.000000 
59642204.000000 22698468.000000 
61818806.000000 22208432.000000 
52489530.000000 27725918.000000 
47167210.000000 38388116.000000 
45742620.000000 38532940.000000 
58422110.000000 25257012.000000 
47324152.000000 38248344.000000 

47770470.000000 37437800.000000 
47905526.000000 36622950.000000 
79843812.000000 22447710.000000 
49028672.000000 32187002.000000 
51032372.000000 31177758.000000 
64889828.000000 23244410.000000 
44366526.000000 47805712.000000 
47676346.000000 37915998.000000 
47144520.000000 40094288.000000 
68510776.000000 22647116.000000 
47140854.000000 41045584.000000 
44486208.000000 41890664.000000 
51517312.000000 28483100.000000 
53512556.000000 27464516.000000 
54214620.000000 25698822.000000 
62601396.000000 23597506.000000 
53597766.000000 27407010.000000 
50857936.000000 31329888.000000 
42644918.000000 58710152.000000 
54344860.000000 25640538.000000 
60515596.000000 24380562.000000 
43835464.000000 49466922.000000 
47302224.000000 38593688.000000 
43406000.000000 50938186.000000 
50983506.000000 31209696.000000 
50552830.000000 31537416.000000 
48922684.000000 33507302.000000 
43337852.000000 54193690.000000 
64587012.000000 23304272.000000 
51557106.000000 28416700.000000 

61274410.000000 24759920.000000 
53561994.000000 31279530.000000 
43722378.000000 41473772.000000 
59587744.000000 25803298.000000 
58876942.000000 26871870.000000 
58768270.000000 26901544.000000 
63834774.000000 24758862.000000 
57310928.000000 28059704.000000 
53011856.000000 31542292.000000 
51599250.000000 32209344.000000 
65085278.000000 24532064.000000 
65099966.000000 24508794.000000 
57154678.000000 29373708.000000 
52712350.000000 32035444.000000 
42579066.000000 42097650.000000 
50110928.000000 34392050.000000 
43793330.000000 40827420.000000 
60381778.000000 25264632.000000 
50630544.000000 32879552.000000 
52421054.000000 32055518.000000 
53810558.000000 30777036.000000 
41316540.000000 45637704.000000 
43576742.000000 41554786.000000 
50701884.000000 32254474.000000 
60396466.000000 25241362.000000 
45087126.000000 38558158.000000 
45010382.000000 38562282.000000 
47263210.000000 36733176.000000 
50377990.000000 33121200.000000 
50471998.000000 33042814.000000 
49785210.000000 34555738.000000 
48175020.000000 35317208.000000 
56680356.000000 30062652.000000 
56483224.000000 30171998.000000 
49492760.000000 34894866.000000 
44210526.000000 40232700.000000 
44964532.000000 39741042.000000 
43877488.000000 40703060.000000 

55820142.000000 24543108.000000 
67439954.000000 22229052.000000 
47247604.000000 34618544.000000 
55913730.000000 24434908.000000 
43337964.000000 48850978.000000 
64882114.000000 22424980.000000 
44537606.000000 38805692.000000 
51117704.000000 27148104.000000 
41837232.000000 54536408.000000 
51173314.000000 26784176.000000 
58611946.000000 23986302.000000 
58511664.000000 24095836.000000 
52366524.000000 25323944.000000 
55147566.000000 24826140.000000 
62029940.000000 23660896.000000 
57532802.000000 24367334.000000 
47253166.000000 32215738.000000 
42324696.000000 49051950.000000 
45741144.000000 34868584.000000 
54813242.000000 24879940.000000 
44168084.000000 44710102.000000 
64572082.000000 23387100.000000 
61950182.000000 23775362.000000 
43178224.000000 48956256.000000 
48691420.000000 27597046.000000 
43835658.000000 44983236.000000 
45177548.000000 38758388.000000 
48752176.000000 27233118.000000 
47264456.000000 30648502.000000 
51629378.000000 26615500.000000 
51942622.000000 26395606.000000 
44292112.000000 41839474.000000 
51960338.000000 25921034.000000 

75922440.000000 22476452.000000 
68596010.000000 23595726.000000 
44798310.000000 44762922.000000 
56816552.000000 26011316.000000 
46790054.000000 40430002.000000 
48630046.000000 35230312.000000 
65186202.000000 23714570.000000 
62372530.000000 25334488.000000 
45575020.000000 44583144.000000 
49740454.000000 33774084.000000 
52507542.000000 29606756.000000 
50186652.000000 29959234.000000 
44620584.000000 46131530.000000 
58850450.000000 25483660.000000 
49400778.000000 34567342.000000 
69664542.000000 23181782.000000 
72590136.000000 22735056.000000 
47454932.000000 39132728.000000 
64619220.000000 23784714.000000 
44626730.000000 45424148.000000 
62402544.000000 25302736.000000 
58443488.000000 25667126.000000 
44710144.000000 45347702.000000 
43640824.000000 46617848.000000 
52578966.000000 28477998.000000 
46343732.000000 43291254.000000 
65079398.000000 23782900.000000 
68984262.000000 23436414.000000 
44972412.000000 44683166.000000 
43219514.000000 51157738.000000 
69393668.000000 23329156.000000 
63790732.000000 24384742.000000 
48598646.000000 37922706.000000 
49342358.000000 34786442.000000 
43554800.000000 49540986.000000 
77006178.000000 22277206.000000 
77338556.000000 22164670.000000 
52724336.000000 26962214.000000 
49727662.000000 34514260.000000 
48520016.000000 39073390.000000 

48116774.000000 42862836.000000 
54383668.000000 28170340.000000 
49449976.000000 33285926.000000 
52365258.000000 28205974.000000 
51467626.000000 33257492.000000 

45254576.000000 39331848.000000 
58937952.000000 22429214.000000 
51954124.000000 26957554.000000 
45580164.000000 34941002.000000 
40022550.000000 56057918.000000 
43820010.000000 42599182.000000 
58601778.000000 23218824.000000 
63539336.000000 21834500.000000 
55671168.000000 24189166.000000 
53841164.000000 24801006.000000 
60289542.000000 22267336.000000 
52756444.000000 24998958.000000 
66209492.000000 21229520.000000 
41669996.000000 45057792.000000 
48455130.000000 34569884.000000 
48154628.000000 34877944.000000 
48552610.000000 34384452.000000 
57014130.000000 23969496.000000 
39728618.000000 58750702.000000 
48258774.000000 34637684.000000 
53353092.000000 24942336.000000 
44171560.000000 40285518.000000 
40387608.000000 48919336.000000 
40352536.000000 50737950.000000 
41592898.000000 48616592.000000 
39815074.000000 57507964.000000 
49277546.000000 28840068.000000 
49396576.000000 28181438.000000 
50226976.000000 27356858.000000 
51586274.000000 27130212.000000 
48678016.000000 33293334.000000 
50120114.000000 28052056.000000 
45414688.000000 36721370.000000 

59345020.000000 24523168.000000 
51096006.000000 29781726.000000 
58110524.000000 24967630.000000 
61526546.000000 23019602.000000 
46273844.000000 35768048.000000 
49014528.000000 33477686.000000 
53168914.000000 26938858.000000 
43723234.000000 40294290.000000 
44782738.000000 38338258.000000 
65594512.000000 21943864.000000 
65952912.000000 21061884.000000 
64225714.000000 22937472.000000 
51545814.000000 28952648.000000 
56183448.000000 25011972.000000 
43671664.000000 41168622.000000 
47911918.000000 33599728.000000 
44130656.000000 39470060.000000 
51393764.000000 29522580.000000 
45563262.000000 35809018.000000 
60666066.000000 24467206.000000 
42213404.000000 41338710.000000 
41269134.000000 48084870.000000 
43743796.000000 39731192.000000 
56645966.000000 25007218.000000 
47437316.000000 34982998.000000 

61162056.000000 26514170.000000 
45687992.000000 33385646.000000 
65350744.000000 25976440.000000 
38258660.000000 47846638.000000 
45067930.000000 33519132.000000 
39877394.000000 46115320.000000 
62852222.000000 26431666.000000 
40782600.000000 42147986.000000 
71571864.000000 25871562.000000 
50517178.000000 27382646.000000 
64984514.000000 26208620.000000 
64159518.000000 26274722.000000 
38256262.000000 48425328.000000 
46139476.000000 29692512.000000 
49482510.000000 27647772.000000 
50217168.000000 27394586.000000 
42995098.000000 37689922.000000 
60307982.000000 26655714.000000 
39877460.000000 42606858.000000 
38609830.000000 47815558.000000 
59499632.000000 26985920.000000 
49782374.000000 27638160.000000 
60862600.000000 26623144.000000 
41497772.000000 39637342.000000 
42839410.000000 38854806.000000 
43072082.000000 34349968.000000 
48539980.000000 28720446.000000 
39082824.000000 46952734.000000 
62736856.000000 26490902.000000 

63401376.000000 24176136.000000 
43489164.000000 43407786.000000 
43216260.000000 43671000.000000 
73021714.000000 21641308.000000 
46822976.000000 32153788.000000 
45519264.000000 40473506.000000 
45764122.000000 39537268.000000 
40637608.000000 45927176.000000 
45340176.000000 40927896.000000 
45302012.000000 42322344.000000 
89889400.000000 21349350.000000 
49963280.000000 28954336.000000 
37280032.000000 59271956.000000 
40968412.000000 45203476.000000 
36738728.000000 66754500.000000 
39991654.000000 48204492.000000 
65366588.000000 22265740.000000 
49635164.000000 30323564.000000 
45385456.000000 40824168.000000 
70024968.000000 21984080.000000 
50055202.000000 28828914.000000 
45867440.000000 34144828.000000 
47524740.000000 30742224.000000 
50595524.000000 26279972.000000 
44095074.000000 42936168.000000 
40846256.000000 45914168.000000 
39505046.000000 52583778.000000 
64747976.000000 23853340.000000 
38378920.000000 55992754.000000 
37711594.000000 56157526.000000 
45983636.000000 32980970.000000 
41827748.000000 44729988.000000 
40577378.000000 48166074.000000 
54376108.000000 24199180.000000 
73718098.000000 21575760.000000 
43587968.000000 42975074.000000 
39479512.000000 52769644.000000 
50129466.000000 28737436.000000 
38645278.000000 52844082.000000 
48905436.000000 30462312.000000 
92360538.000000 21255476.000000 

