43637006.000000 39923146.000000 
59287894.000000 26369008.000000 
63140054.000000 25569702.000000 
62715514.000000 25631526.000000 
43831236.000000 39868076.000000 
50622590.000000 30677344.000000 
52133238.000000 28611848.000000 
45585982.000000 36965118.000000 
44954484.000000 37830976.000000 
56123268.000000 27273454.000000 
47681952.000000 34908000.000000 
67222714.000000 24378126.000000 
58148102.000000 26654878.000000 
71146360.000000 24371968.000000 
51454760.000000 30615592.000000 
51967280.000000 30500398.000000 
53355622.000000 27349644.000000 
61173474.000000 26230606.000000 
52405292.000000 28459922.000000 
48100322.000000 33426498.000000 
48353502.000000 31578718.000000 
58841070.000000 26473780.000000 
62616460.000000 25963576.000000 
57195238.000000 27002724.000000 
64264226.000000 24926558.000000 
63315016.000000 24968036.000000 
62327110.000000 26087406.000000 
61319552.000000 26095918.000000 
62722504.000000 25627240.000000 
66208934.000000 24862114.000000 
45864032.000000 36922564.000000 
57673954.000000 26922728.000000 
57248842.000000 26967242.000000 
46573916.000000 35037728.000000 
46085738.000000 35869076.000000 
44319384.000000 39083964.000000 
44125154.000000 39139034.000000 

68032944.000000 21722966.000000 
47839424.000000 32030816.000000 
47198368.000000 32829374.000000 
48454760.000000 31205206.000000 
66027170.000000 22254762.000000 
65999328.000000 22783122.000000 
69523006.000000 20934216.000000 
46527654.000000 37111980.000000 
69360182.000000 21504898.000000 
63736400.000000 23104382.000000 
59442404.000000 23749878.000000 
49747580.000000 29415306.000000 
45248930.000000 37262644.000000 
61362032.000000 23519090.000000 
59286126.000000 23752538.000000 
59257990.000000 23752544.000000 
53868334.000000 25838624.000000 
52314552.000000 27247014.000000 
55354936.000000 25306168.000000 
58899556.000000 24881966.000000 
53394574.000000 26896796.000000 
52175546.000000 27683906.000000 
69257918.000000 21620434.000000 
58231210.000000 25232284.000000 

44847244.000000 46509874.000000 
46735314.000000 38506608.000000 
46486286.000000 38545294.000000 
39787412.000000 59427976.000000 
40290634.000000 58222996.000000 
40146344.000000 58532712.000000 
44364224.000000 48656094.000000 
43206890.000000 49078794.000000 
57920622.000000 25594204.000000 
54450730.000000 29340614.000000 
62026178.000000 23980686.000000 
57511948.000000 27123184.000000 
59116818.000000 24482760.000000 
55799844.000000 28254428.000000 
55595196.000000 28351010.000000 
51115306.000000 31578358.000000 
47344996.000000 36491284.000000 
69961794.000000 21721780.000000 
68613608.000000 21976510.000000 
56269282.000000 27285488.000000 
63678994.000000 22937290.000000 
63555596.000000 23206422.000000 
65400588.000000 22351940.000000 
64071134.000000 22606640.000000 
56219194.000000 27383566.000000 
44823336.000000 46672708.000000 
57797162.000000 26647666.000000 
48929130.000000 33790622.000000 
45504818.000000 45322570.000000 
54955614.000000 28605076.000000 
50599502.000000 32514130.000000 
49510664.000000 33418508.000000 
48822198.000000 34310598.000000 
42975104.000000 50408530.000000 
47970606.000000 36119422.000000 
49675358.000000 32974506.000000 
46913542.000000 37387424.000000 
53291406.000000 29342758.000000 
52865930.000000 30402818.000000 
44542882.000000 47809878.000000 
42965338.000000 51029924.000000 
40456730.000000 54162794.000000 
46057430.000000 40197584.000000 
50430384.000000 32769202.000000 
49965874.000000 32928708.000000 
51563770.000000 31407934.000000 
52604810.000000 30936640.000000 
52033550.000000 31338384.000000 
52287838.000000 31086412.000000 

61916408.000000 26681772.000000 
45215390.000000 39429238.000000 
39475394.000000 44664982.000000 
40740400.000000 43981598.000000 
52580256.000000 29738600.000000 
38978732.000000 50652072.000000 
46082798.000000 38593688.000000 
39090234.000000 45864322.000000 
51146906.000000 31541156.000000 
44045134.000000 40862496.000000 
63057654.000000 22243014.000000 
59263804.000000 27965638.000000 
61831348.000000 27135516.000000 
51717018.000000 31249522.000000 
52850512.000000 28922830.000000 
48541408.000000 32701920.000000 
65314628.000000 22205680.000000 
46797324.000000 36540378.000000 
47850368.000000 36111038.000000 
58767076.000000 28750092.000000 
47683622.000000 36201586.000000 
49945398.000000 32273488.000000 
60127580.000000 27760138.000000 
58179286.000000 28891592.000000 
72351778.000000 21171434.000000 
62312910.000000 24498510.000000 
61950062.000000 26165436.000000 
47599310.000000 36499564.000000 
62756960.000000 23025684.000000 
61987462.000000 26048390.000000 
62069282.000000 24912252.000000 

54889868.000000 33619296.000000 
46789700.000000 43452546.000000 
72721062.000000 26007678.000000 
55969422.000000 31445012.000000 
46354378.000000 45309330.000000 
70602138.000000 26528270.000000 
45579008.000000 48537224.000000 
48846502.000000 41081532.000000 
59803160.000000 29705896.000000 
60305444.000000 29595584.000000 
56691592.000000 31070720.000000 
60239478.000000 29622712.000000 
53223264.000000 33674998.000000 
50526554.000000 34777914.000000 
57434050.000000 30851728.000000 
49824794.000000 41032726.000000 
50192588.000000 38681938.000000 
63374294.000000 26851924.000000 
69992534.000000 26531622.000000 
49926718.000000 40145860.000000 
48611188.000000 43010392.000000 
49881118.000000 40495160.000000 
47300394.000000 43441690.000000 
72523860.000000 26456082.000000 
66298794.000000 26613450.000000 
63674184.000000 26839800.000000 
63365706.000000 27495948.000000 
61380418.000000 27815766.000000 
61287244.000000 27943108.000000 
50282604.000000 38304512.000000 
45931992.000000 48496932.000000 
45405170.000000 49772404.000000 
46578380.000000 44507094.000000 
46282612.000000 45634334.000000 
45955438.000000 45998010.000000 
80685938.000000 25882892.000000 
57839920.000000 30580718.000000 
60778892.000000 29057416.000000 

49929672.000000 37898464.000000 
48091988.000000 38565618.000000 
62408684.000000 24034508.000000 
63734998.000000 23834488.000000 
50628286.000000 37134486.000000 
74991570.000000 22305034.000000 
45698784.000000 40379106.000000 
50792462.000000 36165090.000000 
73425682.000000 22316248.000000 
67372498.000000 22910030.000000 
50816294.000000 34290426.000000 
68649136.000000 22517220.000000 
51679282.000000 29940796.000000 
63971036.000000 23630926.000000 
65330260.000000 23474872.000000 
45621686.000000 48735022.000000 
43089098.000000 49309200.000000 
76734128.000000 22090188.000000 
68005398.000000 22693716.000000 
51569776.000000 31458882.000000 
52408018.000000 29563044.000000 
53586662.000000 29291292.000000 
66139840.000000 23413456.000000 
67103760.000000 23129706.000000 
50705334.000000 36215722.000000 
55412822.000000 27185598.000000 
58593658.000000 25524378.000000 
56488896.000000 25980114.000000 
60707906.000000 24922592.000000 
42048720.000000 53899616.000000 
42962526.000000 49443988.000000 
55573480.000000 26844874.000000 
61954410.000000 24093888.000000 
56844084.000000 25953082.000000 
66444560.000000 23280214.000000 
68949928.000000 22422426.000000 
61063094.000000 24895560.000000 
74917366.000000 22308570.000000 

44686688.000000 51468672.000000 
48934088.000000 37482384.000000 
47513974.000000 47764244.000000 
47676162.000000 46444114.000000 
77070588.000000 20294330.000000 
60855814.000000 23840392.000000 
56060078.000000 31026376.000000 
69354588.000000 20455296.000000 
43682976.000000 59511594.000000 
59797750.000000 24162576.000000 
88661648.000000 19433324.000000 
48538654.000000 39056892.000000 
53332788.000000 31140130.000000 
56528088.000000 25865762.000000 
68300724.000000 20865122.000000 
51254006.000000 33045044.000000 
52725480.000000 32969854.000000 
65666982.000000 20996966.000000 
50806440.000000 35551756.000000 
78774766.000000 19756474.000000 
52742288.000000 32139626.000000 
63417598.000000 21415352.000000 

67772504.000000 19843172.000000 
43942024.000000 44762918.000000 
62670866.000000 21997512.000000 
48748022.000000 36192372.000000 
48988238.000000 36137110.000000 
51043940.000000 29441262.000000 
56953452.000000 23345134.000000 
51180262.000000 29439030.000000 
50246538.000000 34882438.000000 
57188038.000000 23330702.000000 
67405720.000000 20978702.000000 
51592450.000000 28568412.000000 
45188444.000000 39867176.000000 
46245132.000000 39744360.000000 
56757450.000000 26357350.000000 
56005596.000000 27533038.000000 
50944728.000000 33274654.000000 
51559606.000000 29082444.000000 
54014824.000000 27551870.000000 
47339254.000000 37741108.000000 
51486550.000000 29085268.000000 
53962292.000000 27559626.000000 
47097476.000000 37905328.000000 
47179452.000000 37775886.000000 

53224210.000000 31098578.000000 
74015290.000000 20560716.000000 
43678724.000000 44239240.000000 
40408910.000000 59025158.000000 
40122420.000000 59239580.000000 
44327400.000000 43278026.000000 
43215130.000000 44503646.000000 
43782488.000000 44222518.000000 
44449468.000000 43059706.000000 
63046432.000000 23242164.000000 
72189946.000000 21133274.000000 
66511354.000000 21150836.000000 
78508242.000000 20544400.000000 
54002142.000000 28231346.000000 
53815922.000000 28781922.000000 
40729722.000000 55632030.000000 
40447536.000000 56166200.000000 
52397920.000000 32422348.000000 
57477054.000000 23888690.000000 
56157414.000000 25421994.000000 
57343234.000000 25200608.000000 
49964784.000000 34551428.000000 
61702956.000000 23651162.000000 
53216840.000000 31665010.000000 
65739058.000000 22129822.000000 
56805430.000000 25259818.000000 
40812982.000000 48214660.000000 
52369290.000000 33615758.000000 
42548780.000000 46480594.000000 
44698358.000000 37778932.000000 
65344436.000000 23209972.000000 
44808216.000000 35703952.000000 
54539128.000000 25462982.000000 

50139108.000000 34667238.000000 
49478454.000000 36188600.000000 
47421380.000000 48432870.000000 
47270228.000000 55093764.000000 
59580078.000000 22707704.000000 
55433020.000000 27498530.000000 
49352920.000000 39671670.000000 
72318710.000000 22520874.000000 
69004286.000000 22574670.000000 
72493964.000000 22260770.000000 
47120480.000000 55380382.000000 
47596152.000000 43140114.000000 
51079122.000000 31649526.000000 
50405406.000000 34051200.000000 
56226342.000000 26941856.000000 
48236002.000000 40948296.000000 
51540710.000000 28388818.000000 
51231482.000000 28675366.000000 
55363870.000000 28112870.000000 
47832464.000000 42405798.000000 
56737992.000000 25453702.000000 

70262134.000000 19006742.000000 
78278184.000000 18594760.000000 
45412592.000000 38055618.000000 
45893300.000000 36465372.000000 
52809346.000000 23610752.000000 
51565804.000000 27155986.000000 
47465774.000000 33468656.000000 
79807068.000000 18052960.000000 
48337762.000000 31722438.000000 
52407738.000000 25054700.000000 
67026058.000000 19733118.000000 
66185112.000000 20719290.000000 
57107882.000000 22586234.000000 
74188968.000000 18919322.000000 
51129684.000000 29110052.000000 
56801792.000000 23113658.000000 
81404724.000000 18044388.000000 
66664936.000000 20089608.000000 
57512946.000000 21142226.000000 
58920286.000000 20788314.000000 
57317536.000000 21576388.000000 
68525058.000000 19717162.000000 

47422826.000000 32199244.000000 
49000922.000000 28732772.000000 
48956890.000000 29080836.000000 
50702272.000000 25703482.000000 
40876326.000000 46569132.000000 
44650524.000000 35487854.000000 
37401872.000000 47722166.000000 
41235232.000000 45262384.000000 
42612572.000000 36839100.000000 
66899434.000000 22855420.000000 
45178444.000000 32770650.000000 
51014194.000000 25702972.000000 

69240224.000000 24048584.000000 
51053950.000000 30617520.000000 
52525876.000000 30118478.000000 
56182872.000000 26757248.000000 
48055902.000000 49971050.000000 
67416610.000000 24257586.000000 
63028382.000000 25419798.000000 
76493484.000000 23967060.000000 
54925116.000000 28301396.000000 
53102674.000000 29809226.000000 
53320526.000000 29517708.000000 
57467274.000000 25785792.000000 
54507224.000000 28861724.000000 
60844258.000000 25620114.000000 
56890112.000000 26001580.000000 
50963962.000000 32361178.000000 
50213774.000000 32644208.000000 
65613822.000000 24885856.000000 
44152244.000000 53966892.000000 
43767248.000000 54039762.000000 
44309058.000000 53137640.000000 
45285270.000000 52783458.000000 
46062040.000000 51680992.000000 
67293774.000000 24781572.000000 
65361110.000000 25418776.000000 
53969388.000000 29387984.000000 
48818306.000000 32916998.000000 
48305840.000000 34592526.000000 

42297536.000000 44889242.000000 
43839768.000000 39249796.000000 
50885508.000000 29187686.000000 
50072294.000000 29647578.000000 
53063422.000000 27623408.000000 
56964870.000000 26321312.000000 
48706602.000000 30879386.000000 
45487394.000000 36672862.000000 
57245676.000000 25403556.000000 
61091936.000000 25139998.000000 
62163476.000000 22382536.000000 
46930674.000000 32115478.000000 
46177708.000000 33207052.000000 
66264578.000000 21270380.000000 
64022200.000000 21574646.000000 

63597246.000000 21837610.000000 
60494796.000000 28408644.000000 
56931788.000000 29583428.000000 
54420440.000000 32164120.000000 
45039090.000000 44611932.000000 
40939026.000000 55287776.000000 
41750970.000000 51969454.000000 
59950728.000000 28654884.000000 
42763984.000000 46504538.000000 
45678534.000000 41665094.000000 
47118132.000000 37689402.000000 
47847624.000000 37164922.000000 
42583972.000000 47009788.000000 
43147508.000000 46156190.000000 
43362794.000000 45851908.000000 
49717914.000000 35984836.000000 
42405312.000000 51429500.000000 
56028124.000000 30677874.000000 
60107800.000000 28570936.000000 
61066744.000000 27564602.000000 
56891016.000000 30467718.000000 
43741940.000000 44935364.000000 
58351692.000000 28992082.000000 
63139000.000000 25447792.000000 
63101704.000000 26324324.000000 
49934084.000000 34650910.000000 
50864492.000000 34567964.000000 
43662600.000000 45128976.000000 
52370328.000000 32758552.000000 
55939398.000000 31684332.000000 

63639322.000000 23229962.000000 
67139818.000000 23132990.000000 
50189172.000000 38062224.000000 
57590756.000000 29200234.000000 
59634356.000000 28151184.000000 
48353046.000000 38658550.000000 
50446936.000000 34154694.000000 
45702384.000000 40679360.000000 
59440690.000000 29130816.000000 
55886564.000000 32118388.000000 
56998598.000000 29311026.000000 
60195936.000000 25367658.000000 
44669702.000000 41592896.000000 
44550980.000000 42760548.000000 
58341456.000000 29141688.000000 
51422232.000000 33960736.000000 
67559756.000000 22719422.000000 
56544716.000000 29376146.000000 
46262282.000000 39725800.000000 
45507068.000000 41103344.000000 
51623226.000000 32839080.000000 
54929928.000000 32234252.000000 
45302744.000000 41384844.000000 

41498384.000000 40396248.000000 
52362966.000000 24705402.000000 
35921398.000000 51783038.000000 
35510548.000000 52515502.000000 
39142746.000000 46419690.000000 
40634258.000000 44055902.000000 
40276542.000000 44224890.000000 
47937970.000000 28664124.000000 
45538194.000000 28851936.000000 
50124228.000000 25106492.000000 
45276522.000000 34027882.000000 
49223334.000000 27901456.000000 
51824924.000000 24770564.000000 
58380166.000000 22592518.000000 
61615264.000000 22127038.000000 
58976050.000000 22526754.000000 
61019380.000000 22192802.000000 

54897618.000000 29978494.000000 
56766744.000000 26713226.000000 
60951850.000000 23999714.000000 
54174104.000000 31808532.000000 
44869620.000000 39349748.000000 
44561574.000000 44590256.000000 
52025548.000000 34434968.000000 
71105072.000000 21182370.000000 
48898340.000000 36701106.000000 
48714366.000000 36929702.000000 
47018670.000000 37181856.000000 
51032576.000000 36046910.000000 
55355946.000000 27969148.000000 
55508586.000000 27784452.000000 
53536306.000000 32526930.000000 
42807566.000000 49707882.000000 
43855306.000000 49090262.000000 
54897736.000000 29225638.000000 

45024684.000000 35579490.000000 
60416030.000000 24377170.000000 
77731034.000000 23582018.000000 
48651336.000000 34402318.000000 
64736586.000000 23975350.000000 
48446470.000000 34568430.000000 
58924780.000000 24571386.000000 
59171684.000000 24563624.000000 
48029804.000000 35127768.000000 
44826512.000000 36944570.000000 
51360570.000000 31306006.000000 
73306030.000000 23668846.000000 
66052714.000000 23896342.000000 
51151426.000000 32724198.000000 
49662744.000000 32889350.000000 
53313350.000000 25157280.000000 
51611388.000000 26731332.000000 
60589642.000000 24283498.000000 
57676716.000000 24966488.000000 
58904350.000000 24876752.000000 
46403562.000000 35385540.000000 
54858478.000000 24991266.000000 
53155742.000000 26566422.000000 
62102772.000000 24118588.000000 
67691588.000000 23719002.000000 
67237608.000000 23853034.000000 
64613108.000000 24091356.000000 

44685086.000000 43799492.000000 
48586908.000000 33501676.000000 
54634454.000000 27045906.000000 
58558276.000000 25274674.000000 
56927210.000000 25991538.000000 
56987790.000000 25895154.000000 
52498682.000000 28013048.000000 
45727616.000000 40700518.000000 
46068608.000000 36183292.000000 
66638010.000000 22826968.000000 
55727890.000000 26715886.000000 
45593206.000000 42167804.000000 
63880642.000000 23427468.000000 
49017282.000000 30792180.000000 
45973676.000000 39214860.000000 
47589444.000000 34746814.000000 
47619920.000000 34004476.000000 
47874628.000000 33991380.000000 
44252882.000000 44778448.000000 
65390436.000000 22965616.000000 
69824304.000000 22380238.000000 
62375544.000000 24057878.000000 
60246938.000000 24275270.000000 
57073076.000000 25822210.000000 
57156378.000000 25635988.000000 
55846196.000000 26290958.000000 
55923080.000000 26106630.000000 
43868932.000000 44959116.000000 
45309720.000000 42806270.000000 
44992404.000000 42819416.000000 
43859140.000000 45774132.000000 
48492330.000000 33928554.000000 
49008898.000000 32186590.000000 
59495236.000000 25128272.000000 
51285986.000000 28078272.000000 
51167818.000000 28259930.000000 
42620758.000000 46651354.000000 
49136058.000000 30585448.000000 
50117386.000000 29826080.000000 
48554812.000000 33923540.000000 

61818806.000000 22208432.000000 
45422236.000000 44289398.000000 
47407052.000000 37505384.000000 
55241148.000000 26815756.000000 
52489530.000000 27725918.000000 
47286756.000000 38251276.000000 
59642204.000000 22698468.000000 
50177212.000000 33478620.000000 
50922512.000000 32488486.000000 
58860994.000000 24984272.000000 
57926312.000000 25840118.000000 
56945494.000000 26458480.000000 
45742620.000000 38532940.000000 
48869212.000000 37415710.000000 
58422110.000000 25257012.000000 
50659442.000000 33333766.000000 
75341798.000000 22021402.000000 
57872116.000000 26269194.000000 
47324152.000000 38248344.000000 
70470576.000000 22132928.000000 
49464352.000000 36944446.000000 
47167210.000000 38388116.000000 
49489786.000000 36906998.000000 

61752160.000000 24890364.000000 
61424936.000000 25100604.000000 
45971490.000000 46898686.000000 
45816622.000000 52891374.000000 
44492680.000000 61138672.000000 
44594292.000000 59878260.000000 
48286032.000000 42404846.000000 
62481118.000000 22766804.000000 
52021398.000000 28720486.000000 
52554340.000000 26473842.000000 
54612472.000000 25693410.000000 
49112662.000000 37355290.000000 
49326244.000000 35381586.000000 
54491968.000000 25999170.000000 
48774200.000000 42188738.000000 
49865966.000000 33924472.000000 
60286730.000000 25178726.000000 
49648016.000000 35258566.000000 
51047224.000000 31735922.000000 

42837826.000000 43199436.000000 
41316540.000000 45637704.000000 
53302972.000000 31686234.000000 
42985332.000000 42641264.000000 
43576742.000000 41554786.000000 
60381778.000000 25264632.000000 
50701884.000000 32254474.000000 
58147824.000000 28189950.000000 
56669484.000000 30495664.000000 
47263210.000000 36733176.000000 
65099966.000000 24508794.000000 
60396466.000000 25241362.000000 
57511874.000000 29530350.000000 
57672110.000000 29224646.000000 
59550358.000000 27851822.000000 
43793330.000000 40827420.000000 
57908940.000000 28654902.000000 
52463688.000000 32138114.000000 
43069346.000000 42523184.000000 
62391730.000000 24781312.000000 
53810558.000000 30777036.000000 
43877488.000000 40703060.000000 
44964532.000000 39741042.000000 
45010382.000000 38562282.000000 
45087126.000000 38558158.000000 
53672422.000000 31650528.000000 
49785210.000000 34555738.000000 
49492760.000000 34894866.000000 
48175020.000000 35317208.000000 
44210526.000000 40232700.000000 
50471998.000000 33042814.000000 
59953660.000000 27776966.000000 

48691420.000000 27597046.000000 
68294246.000000 22440150.000000 
41837232.000000 54536408.000000 
42324696.000000 49051950.000000 
43540924.000000 49037158.000000 
43682688.000000 47538732.000000 
54250690.000000 25497300.000000 
64932578.000000 22569442.000000 
55439016.000000 25430134.000000 
55820142.000000 24543108.000000 
44537606.000000 38805692.000000 
46158142.000000 36152342.000000 
51629378.000000 26615500.000000 
59875924.000000 24160852.000000 
47264456.000000 30648502.000000 
44292112.000000 41839474.000000 
48752176.000000 27233118.000000 
51960338.000000 25921034.000000 

44338794.000000 49430864.000000 
46864194.000000 46552606.000000 
44828358.000000 47663562.000000 
48879308.000000 32586228.000000 
48340982.000000 32833434.000000 
49181930.000000 32319450.000000 
50428012.000000 32061210.000000 
48032896.000000 41583114.000000 
57638700.000000 25347074.000000 
63882920.000000 24816442.000000 
73913568.000000 23582404.000000 
72003486.000000 24380348.000000 
73207176.000000 23893016.000000 
70953142.000000 24455002.000000 
82898370.000000 23108510.000000 
54940890.000000 26428718.000000 
51004630.000000 29327926.000000 
50698092.000000 30004950.000000 
49052296.000000 32486750.000000 
72279874.000000 24162986.000000 
72135650.000000 24276774.000000 
81580470.000000 23473154.000000 
68924880.000000 24508460.000000 
68788528.000000 24558114.000000 

48116774.000000 42862836.000000 
54383668.000000 28170340.000000 
49449976.000000 33285926.000000 
52365258.000000 28205974.000000 
51467626.000000 33257492.000000 

51369568.000000 30504584.000000 
46240680.000000 38292354.000000 
51866318.000000 25240120.000000 
51969758.000000 25203256.000000 
47646778.000000 36090462.000000 
44769614.000000 52060298.000000 
42575828.000000 53245268.000000 
45599072.000000 43864462.000000 
67033452.000000 24700526.000000 
47053080.000000 36255840.000000 
50242076.000000 35720530.000000 
46089080.000000 42653408.000000 
72969828.000000 23799864.000000 
43551330.000000 53010132.000000 
45578264.000000 47904200.000000 
53195112.000000 25084038.000000 
53298552.000000 25047174.000000 
57463236.000000 24957758.000000 
51020446.000000 34909720.000000 

54942152.000000 28423920.000000 
49279004.000000 33850254.000000 
46124198.000000 39602626.000000 
46681780.000000 34724716.000000 
46514054.000000 39328724.000000 
54973348.000000 27594746.000000 
69574356.000000 21285184.000000 
62078874.000000 24470538.000000 
43743796.000000 39731192.000000 
62965050.000000 23595894.000000 
64242084.000000 22710626.000000 
71574112.000000 20727714.000000 
61259052.000000 25085690.000000 
52602000.000000 29517734.000000 
57914842.000000 25736698.000000 
51393764.000000 29522580.000000 
51361492.000000 29666608.000000 
53423714.000000 28467188.000000 
59078574.000000 25318600.000000 
46198954.000000 39589102.000000 

64984514.000000 26208620.000000 
41345730.000000 42382246.000000 
39082824.000000 46952734.000000 
60307982.000000 26655714.000000 
55949124.000000 29085402.000000 
46196278.000000 31609884.000000 
44052904.000000 34163800.000000 
43072082.000000 34349968.000000 
47549888.000000 31379022.000000 
50886042.000000 29346218.000000 
59559374.000000 28630344.000000 
59070462.000000 28648648.000000 
43031714.000000 41029900.000000 
49412386.000000 30382756.000000 
48590522.000000 30980852.000000 
59902680.000000 27303120.000000 
55725192.000000 29104916.000000 
62736856.000000 26490902.000000 
49988972.000000 30344174.000000 

80028126.000000 21687720.000000 
40136716.000000 58296762.000000 
49612500.000000 26709418.000000 
49186534.000000 28848510.000000 
44492834.000000 42723158.000000 
43880830.000000 43302376.000000 
41001652.000000 54221180.000000 
45767818.000000 42440538.000000 
45983636.000000 32980970.000000 
53234040.000000 23991908.000000 
51135624.000000 26099084.000000 
48205876.000000 30306296.000000 
50606868.000000 26689822.000000 
41996858.000000 45265700.000000 
77202922.000000 22056020.000000 
71768452.000000 22097186.000000 
41923932.000000 47080842.000000 
47524740.000000 30742224.000000 
47840532.000000 30563268.000000 
51440466.000000 25919458.000000 
69946804.000000 22362522.000000 
62717832.000000 23106856.000000 

