71355292.000000 24046576.000000 
63021040.000000 25322934.000000 
71133540.000000 24235782.000000 
48158708.000000 33254472.000000 
55185502.000000 25653972.000000 
45585982.000000 36965118.000000 
45103910.000000 37767294.000000 
49187098.000000 31202346.000000 
47623842.000000 34964698.000000 
45592088.000000 36935946.000000 
50854726.000000 28977670.000000 
60621032.000000 25479864.000000 
52443094.000000 27526878.000000 
67222714.000000 24378126.000000 
48100322.000000 33426498.000000 
43231044.000000 41913760.000000 
43425586.000000 41869698.000000 
50554188.000000 31096248.000000 
46723342.000000 34974046.000000 
53426848.000000 27260526.000000 
54928666.000000 25683074.000000 
66223248.000000 24817282.000000 
63329502.000000 24923150.000000 
63315016.000000 24968036.000000 
66208934.000000 24862114.000000 
61984982.000000 25374190.000000 
51418808.000000 28437920.000000 
44125154.000000 39139034.000000 
48276618.000000 33133546.000000 
50622590.000000 30677344.000000 
50807826.000000 30454152.000000 
48538738.000000 31339378.000000 
46235164.000000 35805394.000000 
44954484.000000 37830976.000000 
43637006.000000 39923146.000000 
47681952.000000 34908000.000000 
47824294.000000 34898980.000000 
53355622.000000 27349644.000000 
43831236.000000 39868076.000000 
48353502.000000 31578718.000000 
45442662.000000 36999628.000000 
43486988.000000 40071426.000000 
46085738.000000 35869076.000000 
43975136.000000 39287314.000000 
44319384.000000 39083964.000000 
45864032.000000 36922564.000000 
46573916.000000 35037728.000000 

62119360.000000 22940682.000000 
71737336.000000 20799568.000000 
75770924.000000 20641578.000000 
62062414.000000 22948880.000000 
47796556.000000 29532086.000000 
63945986.000000 22246830.000000 
64662606.000000 21488108.000000 
46527654.000000 37111980.000000 
72338548.000000 20649436.000000 
56064036.000000 24716558.000000 
56195482.000000 24711584.000000 
50824028.000000 26763950.000000 
67135222.000000 21135840.000000 
60050068.000000 23366000.000000 
45061608.000000 37652652.000000 
69849598.000000 20883904.000000 
55473596.000000 24915688.000000 
56387874.000000 24149366.000000 
50748668.000000 28827960.000000 
50740340.000000 28830458.000000 
44564118.000000 44610066.000000 
63588254.000000 22473442.000000 
63531308.000000 22507566.000000 
47472722.000000 29890910.000000 
53700624.000000 25230516.000000 
70008930.000000 20848428.000000 
69523006.000000 20934216.000000 
44850296.000000 40305252.000000 
44944958.000000 39942688.000000 
58122002.000000 23746074.000000 
59093212.000000 23688030.000000 
46755362.000000 31584934.000000 
49212014.000000 29213028.000000 
45248930.000000 37262644.000000 
51707248.000000 26454750.000000 

54458064.000000 26154430.000000 
45791408.000000 43212232.000000 
61147488.000000 23564570.000000 
41607070.000000 50558532.000000 
61053126.000000 23597400.000000 
40456730.000000 54162794.000000 
46704140.000000 37882410.000000 
57958400.000000 24497190.000000 
57501698.000000 25901928.000000 
59916590.000000 24270222.000000 
49496092.000000 32106564.000000 
64054896.000000 21098662.000000 
53157842.000000 27690996.000000 
47089100.000000 36932254.000000 
44479626.000000 43920322.000000 
43981678.000000 44190558.000000 
42179834.000000 46864566.000000 
47787498.000000 36155660.000000 
42781638.000000 46104190.000000 
39622554.000000 59732758.000000 
63555596.000000 23206422.000000 
60520422.000000 24153262.000000 
40290634.000000 58222996.000000 
40146344.000000 58532712.000000 
47939404.000000 35179522.000000 
53565752.000000 26626870.000000 
68667154.000000 20811966.000000 
39787412.000000 59427976.000000 
50437052.000000 31765584.000000 
63707268.000000 22865178.000000 
48822198.000000 34310598.000000 
63887104.000000 22439142.000000 
51009114.000000 30605462.000000 
49295348.000000 32714542.000000 
59116818.000000 24482760.000000 
44646952.000000 43343332.000000 
45806872.000000 38330254.000000 
47524656.000000 36224300.000000 
51529924.000000 29550664.000000 
49229156.000000 33262142.000000 
57541644.000000 25539270.000000 
53093264.000000 27952504.000000 
52698764.000000 29011586.000000 
42147394.000000 49408898.000000 
63678994.000000 22937290.000000 
48929130.000000 33790622.000000 
47868380.000000 35895758.000000 
50955936.000000 31437070.000000 
46913542.000000 37387424.000000 
47344996.000000 36491284.000000 
50742598.000000 31692292.000000 

40783340.000000 42760122.000000 
37725490.000000 53745204.000000 
43582984.000000 39460462.000000 
42047492.000000 40495790.000000 
47856478.000000 30983938.000000 
39812984.000000 43994154.000000 
37476448.000000 54711454.000000 
78977660.000000 20045550.000000 
39557380.000000 44007904.000000 
36779744.000000 55196176.000000 
46848586.000000 31355346.000000 
38872854.000000 49445774.000000 
58208530.000000 26594498.000000 
63756146.000000 21797288.000000 
50174808.000000 29693230.000000 
54414346.000000 27213868.000000 
59874280.000000 25812968.000000 
44442364.000000 37584212.000000 
74483022.000000 20536940.000000 
61977542.000000 24600924.000000 
37969928.000000 52285438.000000 
37614876.000000 54069962.000000 
37890222.000000 52663208.000000 
37817902.000000 53290052.000000 
49934172.000000 30680482.000000 
68552926.000000 20730690.000000 
65712536.000000 21283718.000000 
63951100.000000 21432808.000000 
57500770.000000 26988818.000000 
41252120.000000 42494122.000000 
41010432.000000 42507872.000000 
39062118.000000 44832798.000000 
39260524.000000 44651226.000000 
59656742.000000 26369856.000000 
38794798.000000 50666664.000000 
49807156.000000 30886162.000000 
60071430.000000 25250088.000000 
42345898.000000 40488798.000000 
74714718.000000 20440178.000000 
38600686.000000 51036070.000000 
43331764.000000 39462956.000000 
42933794.000000 39747202.000000 
38093248.000000 51882282.000000 
62756960.000000 23025684.000000 
53105876.000000 28760318.000000 
52379838.000000 29029514.000000 
44519832.000000 36531532.000000 
44077376.000000 38084444.000000 
53760094.000000 28289836.000000 
63192700.000000 21873366.000000 
57707020.000000 26754152.000000 
44834560.000000 36400714.000000 
38330814.000000 51152196.000000 
40527002.000000 43435168.000000 
40782606.000000 43421418.000000 
37751794.000000 53303684.000000 
77305164.000000 20306596.000000 
63057654.000000 22243014.000000 
52850512.000000 28922830.000000 
38877544.000000 45850572.000000 
62453122.000000 24474582.000000 
75595352.000000 20383040.000000 
62312910.000000 24498510.000000 
62663266.000000 23982722.000000 

60236426.000000 28471600.000000 
60136472.000000 28599612.000000 
71749892.000000 26122390.000000 
55143618.000000 31223942.000000 
61287244.000000 27943108.000000 
61595190.000000 27702372.000000 
63938984.000000 26839314.000000 
59803160.000000 29705896.000000 
57105696.000000 30082456.000000 
47905492.000000 42265442.000000 
46354378.000000 45309330.000000 
60881432.000000 28046924.000000 
50574000.000000 34175578.000000 
62439360.000000 27669470.000000 
50526554.000000 34777914.000000 
61380418.000000 27815766.000000 
76919428.000000 25721208.000000 
53977566.000000 32224204.000000 
54041812.000000 31557608.000000 
55938012.000000 31181024.000000 
56691592.000000 31070720.000000 
71988494.000000 25981426.000000 
59792906.000000 29775640.000000 
45405170.000000 49772404.000000 
46789700.000000 43452546.000000 
64291870.000000 26827432.000000 
62988612.000000 27547554.000000 
63161882.000000 27004894.000000 
69992534.000000 26531622.000000 
45931992.000000 48496932.000000 
45579008.000000 48537224.000000 
49491356.000000 36502032.000000 
52469168.000000 33760126.000000 
53223264.000000 33674998.000000 
72024800.000000 25973142.000000 
70602138.000000 26528270.000000 
46578380.000000 44507094.000000 
67950136.000000 26611428.000000 
48429110.000000 41011638.000000 
47102818.000000 43236790.000000 
66298794.000000 26613450.000000 
49359120.000000 39995452.000000 
48133402.000000 42140732.000000 
63243592.000000 26992830.000000 
61743530.000000 27685918.000000 
45955438.000000 45998010.000000 
63674184.000000 26839800.000000 
63374294.000000 26851924.000000 
46480584.000000 44712322.000000 
46282612.000000 45634334.000000 

42360854.000000 47544612.000000 
42317724.000000 60590706.000000 
40723838.000000 64208800.000000 
45647790.000000 44734200.000000 
45670358.000000 43584464.000000 
41175582.000000 63772102.000000 
54066910.000000 25419706.000000 
39797762.000000 64968764.000000 
53476942.000000 27839822.000000 
49242344.000000 33048566.000000 
72791456.000000 22022434.000000 
55982730.000000 25173812.000000 
65684882.000000 22246588.000000 
60934926.000000 23284568.000000 
45698784.000000 40379106.000000 
53078066.000000 28861860.000000 
40028814.000000 64447788.000000 
48091988.000000 38565618.000000 
50625832.000000 31925186.000000 
42974542.000000 46255274.000000 
51943000.000000 29875916.000000 
50351072.000000 31973842.000000 
48444158.000000 36746610.000000 
60270226.000000 25027454.000000 
52671736.000000 29498164.000000 
52408018.000000 29563044.000000 
47124576.000000 38988596.000000 
60326372.000000 24916786.000000 
51679282.000000 29940796.000000 
51569776.000000 31458882.000000 

55235708.000000 27697072.000000 
43878640.000000 46956234.000000 
41787768.000000 60618386.000000 
42565660.000000 52923610.000000 
49977610.000000 36579924.000000 
58529580.000000 25766844.000000 
50268978.000000 36110814.000000 
58763236.000000 23626850.000000 
51928154.000000 32947876.000000 
63127736.000000 21071860.000000 
81528052.000000 18858040.000000 
42825866.000000 47457558.000000 
45775606.000000 43157834.000000 
44058854.000000 44720062.000000 
80888506.000000 19331868.000000 
59332088.000000 22555866.000000 
52660820.000000 32915434.000000 
62391538.000000 22174498.000000 
62504632.000000 21345138.000000 
54820820.000000 28682022.000000 
55900022.000000 27258210.000000 
42516594.000000 54824622.000000 
41283174.000000 60766906.000000 
46278810.000000 40652566.000000 
64177874.000000 20440184.000000 
83869378.000000 18254700.000000 
52956002.000000 32028444.000000 
54691776.000000 30337294.000000 
49764818.000000 36964684.000000 
50416010.000000 34626518.000000 
52669248.000000 32533240.000000 
48934088.000000 37482384.000000 
47228390.000000 37557536.000000 
68847714.000000 20425728.000000 
79774570.000000 19605628.000000 
74302424.000000 19964032.000000 
52742288.000000 32139626.000000 
53332788.000000 31140130.000000 
56528088.000000 25865762.000000 
51254006.000000 33045044.000000 
78774766.000000 19756474.000000 

53477140.000000 27633854.000000 
61159142.000000 22269312.000000 
65620124.000000 19940584.000000 
59903306.000000 22764280.000000 
61267118.000000 22247490.000000 
43326584.000000 46440304.000000 
43304242.000000 47372436.000000 
45188444.000000 39867176.000000 
47870528.000000 36049924.000000 
63467846.000000 20460436.000000 
53704018.000000 27630822.000000 
47176644.000000 37405884.000000 
43942024.000000 44762918.000000 
49502800.000000 33427208.000000 
41921714.000000 53265690.000000 
42942198.000000 47389134.000000 
41801432.000000 61069148.000000 
53881062.000000 26538786.000000 
53821072.000000 26566264.000000 
50406004.000000 32024692.000000 
61959366.000000 22204444.000000 
61881792.000000 22218172.000000 
44519152.000000 41797906.000000 
48969242.000000 35585740.000000 
46507004.000000 37951906.000000 
55234986.000000 23277130.000000 
53780580.000000 26589382.000000 
62973304.000000 21661760.000000 
68082178.000000 19822708.000000 
62670866.000000 21997512.000000 
44310140.000000 44050270.000000 
45584074.000000 39188554.000000 
50610552.000000 31320154.000000 
56903568.000000 23218690.000000 
63354632.000000 20474170.000000 
51479672.000000 28568708.000000 
51592450.000000 28568412.000000 
68759792.000000 19777592.000000 
68480520.000000 19789962.000000 
67772504.000000 19843172.000000 
47033082.000000 37835246.000000 
65413230.000000 19959700.000000 
65184594.000000 19972322.000000 
50474230.000000 31322386.000000 
51043940.000000 29441262.000000 
51180262.000000 29439030.000000 
59704504.000000 22843842.000000 
62484770.000000 22192548.000000 
46263962.000000 37981888.000000 
56647976.000000 23234034.000000 
50991574.000000 29490180.000000 
59706488.000000 22821536.000000 
55138836.000000 24817820.000000 

48261950.000000 32962768.000000 
60506190.000000 22702040.000000 
52909982.000000 27934610.000000 
58576446.000000 23359970.000000 
56157414.000000 25421994.000000 
49543566.000000 30784068.000000 
57084468.000000 24217780.000000 
52187990.000000 29684932.000000 
43791622.000000 40583960.000000 
42267882.000000 41700134.000000 
53726756.000000 27068764.000000 
52599174.000000 29604206.000000 
59209006.000000 23071922.000000 
48950824.000000 30861592.000000 
51893090.000000 29750318.000000 
57477054.000000 23888690.000000 
52655858.000000 28750186.000000 
43542968.000000 41235762.000000 
40794514.000000 42630088.000000 
37340498.000000 45958674.000000 
36631266.000000 47670866.000000 
50700330.000000 30273898.000000 
75786786.000000 20434780.000000 
54539128.000000 25462982.000000 
53663760.000000 27713842.000000 
46839358.000000 34434416.000000 
52727558.000000 28169316.000000 
70419420.000000 21075792.000000 
51048030.000000 30206858.000000 
45623254.000000 35439928.000000 
43970346.000000 39560928.000000 
42771666.000000 41401658.000000 
44202490.000000 36592626.000000 
44808216.000000 35703952.000000 
74015290.000000 20560716.000000 
61583316.000000 21850968.000000 
72492440.000000 20857132.000000 
66511354.000000 21150836.000000 
56805430.000000 25259818.000000 

47904296.000000 37500180.000000 
47291294.000000 41811308.000000 
54578016.000000 25749008.000000 
50738824.000000 27123894.000000 
46087820.000000 42984040.000000 
62262798.000000 22400660.000000 
59213218.000000 23129176.000000 
58826896.000000 23336574.000000 
46032894.000000 46097752.000000 
45201330.000000 47531610.000000 
45801744.000000 46190036.000000 
49206184.000000 30655218.000000 
49600704.000000 28358294.000000 
47514848.000000 39175984.000000 
48468196.000000 32723924.000000 
63734036.000000 22331980.000000 
45186072.000000 48914896.000000 
46861594.000000 42241724.000000 
44421630.000000 53548898.000000 
51233386.000000 25974348.000000 
50111326.000000 27139580.000000 
54946664.000000 24161894.000000 
48038888.000000 34038054.000000 
44055564.000000 60499894.000000 
68677426.000000 21580326.000000 
58553854.000000 23924468.000000 
47419392.000000 40322210.000000 
59464798.000000 22472730.000000 

79621370.000000 18480918.000000 
49948976.000000 31716282.000000 
51367264.000000 28612170.000000 
73265808.000000 18933418.000000 
57944480.000000 20802246.000000 
56638412.000000 21156662.000000 
69331830.000000 19432588.000000 
78278184.000000 18594760.000000 
47227822.000000 33542666.000000 
79807068.000000 18052960.000000 
56115180.000000 22916928.000000 
51640370.000000 25064514.000000 
45893300.000000 36465372.000000 
48154762.000000 33178676.000000 
52407738.000000 25054700.000000 
67026058.000000 19733118.000000 
70262134.000000 19006742.000000 
81404724.000000 18044388.000000 
56272388.000000 22600610.000000 
45412592.000000 38055618.000000 
52809346.000000 23610752.000000 
48337762.000000 31722438.000000 
50455914.000000 28976232.000000 
51565804.000000 27155986.000000 
74188968.000000 18919322.000000 
66261794.000000 19911884.000000 
65098286.000000 20266276.000000 
57512946.000000 21142226.000000 
58920286.000000 20788314.000000 
47465774.000000 33468656.000000 
56229364.000000 22814312.000000 
56097624.000000 23284164.000000 
68525058.000000 19717162.000000 

47490742.000000 29620622.000000 
49236086.000000 25427816.000000 
39991300.000000 42855394.000000 
47949910.000000 28774416.000000 
44225656.000000 32703492.000000 
48343024.000000 26811894.000000 
54004550.000000 25042328.000000 
62166502.000000 22748206.000000 
39613136.000000 45557834.000000 
37570236.000000 46784918.000000 
44342750.000000 31174970.000000 
39121236.000000 45600978.000000 
44332892.000000 32062340.000000 
43266954.000000 34761016.000000 
47497838.000000 29602492.000000 
43481692.000000 34720434.000000 
40344652.000000 38291614.000000 
42808180.000000 35029878.000000 
37401872.000000 47722166.000000 
42074656.000000 35698484.000000 
53668690.000000 25072822.000000 
53209568.000000 25076380.000000 
40140742.000000 42564852.000000 

77127612.000000 22061010.000000 
47199342.000000 42965426.000000 
74500072.000000 22113618.000000 
49899210.000000 31859016.000000 
44057098.000000 51191512.000000 
44124070.000000 49876266.000000 
60539236.000000 23705730.000000 
47680548.000000 38648062.000000 
48173182.000000 35308338.000000 
47829052.000000 38470720.000000 
42818242.000000 63764630.000000 
64722470.000000 23405174.000000 
55006324.000000 27395776.000000 
67822618.000000 22562390.000000 
66066530.000000 23373108.000000 
56168248.000000 26768386.000000 
55446122.000000 27213922.000000 
45386676.000000 46985956.000000 
51765398.000000 28125560.000000 
43954132.000000 52827734.000000 
43165136.000000 54827426.000000 
66478094.000000 22921912.000000 
60469624.000000 24068782.000000 
56181820.000000 25275754.000000 
43542740.000000 53141738.000000 
48813260.000000 33227420.000000 
45039696.000000 49428436.000000 
47347578.000000 39812440.000000 
58219440.000000 24302376.000000 
47296058.000000 40084624.000000 
51053950.000000 30617520.000000 
57940394.000000 24626000.000000 
48300794.000000 34902948.000000 
48305840.000000 34592526.000000 
45880064.000000 44171886.000000 
46214354.000000 43271156.000000 
43053892.000000 55788846.000000 
47219876.000000 41320466.000000 
49600366.000000 32871702.000000 
48818306.000000 32916998.000000 

41218158.000000 59040944.000000 
56722608.000000 24443524.000000 
60258946.000000 24030474.000000 
41722692.000000 45598458.000000 
55292796.000000 24598570.000000 
52730372.000000 25061046.000000 
43839768.000000 39249796.000000 
45723572.000000 32250912.000000 
43992878.000000 35175476.000000 
46234830.000000 30946666.000000 
41539456.000000 54101522.000000 
43325734.000000 41263412.000000 
54893850.000000 24747748.000000 
48756920.000000 30743582.000000 
44888288.000000 34532826.000000 
50072294.000000 29647578.000000 
59637200.000000 24083132.000000 
49301464.000000 30717612.000000 
49523706.000000 30428370.000000 
49752172.000000 29861000.000000 
57811528.000000 24442438.000000 
43232776.000000 44877620.000000 
52334102.000000 25210224.000000 
50349268.000000 28741360.000000 
64022200.000000 21574646.000000 
45583484.000000 33828498.000000 
50418228.000000 27629818.000000 
66264578.000000 21270380.000000 
42297536.000000 44889242.000000 
51294018.000000 26717020.000000 
50540676.000000 27257514.000000 
45129618.000000 33862330.000000 
48706602.000000 30879386.000000 
62163476.000000 22382536.000000 

52788200.000000 32483144.000000 
62804426.000000 24302082.000000 
60241010.000000 25639864.000000 
45089202.000000 43577254.000000 
59439216.000000 26965502.000000 
60808024.000000 24939042.000000 
62545880.000000 24612550.000000 
50052452.000000 32558768.000000 
46382320.000000 39023306.000000 
53340334.000000 28814712.000000 
41053446.000000 51212492.000000 
60150474.000000 26192470.000000 
48499162.000000 35071258.000000 
54507804.000000 28697292.000000 
73517752.000000 20778502.000000 
42441756.000000 45538580.000000 
57365710.000000 27834606.000000 
54663874.000000 28594340.000000 
58680254.000000 27477342.000000 
63601566.000000 21728560.000000 
45757528.000000 40923960.000000 
49820502.000000 33072812.000000 
40939026.000000 55287776.000000 
45119204.000000 41025518.000000 
63130664.000000 22975962.000000 
59068554.000000 27260356.000000 
53270652.000000 31026924.000000 
42453130.000000 45314836.000000 
62542272.000000 24721930.000000 
63597246.000000 21837610.000000 
45944266.000000 39180774.000000 
48932290.000000 34578424.000000 
52804728.000000 32404386.000000 
53518222.000000 28711754.000000 
57773582.000000 27573010.000000 
43662600.000000 45128976.000000 
46854460.000000 38245564.000000 
44930274.000000 43883808.000000 
42109446.000000 46702228.000000 
53232148.000000 32066566.000000 
59231238.000000 27204050.000000 
41904594.000000 46972186.000000 
41536282.000000 47555824.000000 
47118132.000000 37689402.000000 
47847624.000000 37164922.000000 
41833128.000000 47201070.000000 
42406696.000000 46347472.000000 
43741940.000000 44935364.000000 

49415230.000000 36704526.000000 
54046230.000000 32230420.000000 
48355312.000000 38590018.000000 
63551776.000000 25181246.000000 
63980380.000000 23176510.000000 
67559756.000000 22719422.000000 
49854592.000000 35787094.000000 
43969398.000000 42968600.000000 
45507068.000000 41103344.000000 
59634356.000000 28151184.000000 
44134650.000000 42923978.000000 
50446936.000000 34154694.000000 
58341456.000000 29141688.000000 
48690292.000000 37938326.000000 
57590756.000000 29200234.000000 
55158598.000000 31103338.000000 
51623226.000000 32839080.000000 
51338180.000000 33786040.000000 
59586918.000000 28920692.000000 
45702384.000000 40679360.000000 
60195936.000000 25367658.000000 
63639322.000000 23229962.000000 
44669702.000000 41592896.000000 
65268530.000000 22788266.000000 
65549812.000000 22735242.000000 
48353046.000000 38658550.000000 
59440690.000000 29130816.000000 
46262282.000000 39725800.000000 
56998598.000000 29311026.000000 
56544716.000000 29376146.000000 
44550980.000000 42760548.000000 
45302744.000000 41384844.000000 

60990628.000000 22261084.000000 
39316988.000000 44072334.000000 
70925952.000000 21211156.000000 
35510548.000000 52515502.000000 
39463220.000000 43746282.000000 
37422172.000000 50140358.000000 
67713842.000000 22125512.000000 
39073550.000000 44422866.000000 
40459506.000000 43273888.000000 
38553764.000000 45073320.000000 
58030716.000000 24430442.000000 
48370974.000000 28092684.000000 
51824924.000000 24770564.000000 
39921258.000000 43290688.000000 
38036020.000000 49442870.000000 
45332970.000000 33170756.000000 
43885582.000000 33291468.000000 
35864326.000000 51750608.000000 
67807862.000000 22076208.000000 
49732708.000000 27430842.000000 
49809208.000000 25457330.000000 
41636674.000000 36511998.000000 
41456382.000000 40740630.000000 
50124228.000000 25106492.000000 
38189818.000000 45890312.000000 
68040804.000000 21990862.000000 
49223334.000000 27901456.000000 
41498384.000000 40396248.000000 
52362966.000000 24705402.000000 
37019582.000000 51637784.000000 
47937970.000000 28664124.000000 
45538194.000000 28851936.000000 
58380166.000000 22592518.000000 
61615264.000000 22127038.000000 
58976050.000000 22526754.000000 
61019380.000000 22192802.000000 

41761386.000000 55784026.000000 
56766744.000000 26713226.000000 
52704546.000000 28492604.000000 
41801912.000000 55063076.000000 
58100760.000000 24523212.000000 
57420034.000000 26417626.000000 
65861954.000000 22946720.000000 
46527424.000000 35314874.000000 
57537148.000000 26327540.000000 
60808886.000000 23279462.000000 
54592396.000000 27520370.000000 
66778312.000000 21809900.000000 
67147464.000000 21340500.000000 
46460228.000000 35425312.000000 
43795858.000000 35462930.000000 
55982228.000000 26861718.000000 
58672146.000000 23874494.000000 
65914426.000000 22773804.000000 
43471852.000000 36873454.000000 
49532870.000000 29755414.000000 
57662388.000000 26179042.000000 
42231186.000000 37393628.000000 
47897440.000000 31388520.000000 
49329090.000000 31135752.000000 
41978930.000000 39430686.000000 
41857488.000000 45960184.000000 
71105072.000000 21182370.000000 
50655384.000000 29017078.000000 

61671978.000000 22684718.000000 
44624176.000000 39642814.000000 
43708246.000000 42451140.000000 
49233746.000000 32957354.000000 
45024684.000000 35579490.000000 
47866442.000000 34034260.000000 
50585310.000000 32201430.000000 
52318820.000000 25303972.000000 
53869082.000000 25146622.000000 
47687406.000000 34498614.000000 
51360570.000000 31306006.000000 
49662744.000000 32889350.000000 
60545800.000000 24047816.000000 
57287126.000000 24228314.000000 
48437384.000000 33773118.000000 
44826512.000000 36944570.000000 
46403562.000000 35385540.000000 
51611388.000000 26731332.000000 
53313350.000000 25157280.000000 
54858478.000000 24991266.000000 

46378492.000000 34675862.000000 
41492996.000000 49939604.000000 
41705318.000000 45398784.000000 
46314124.000000 34933420.000000 
53978996.000000 24972312.000000 
47050362.000000 32880754.000000 
52924372.000000 26301000.000000 
47450938.000000 32862292.000000 
47857328.000000 31373704.000000 
52292420.000000 27205618.000000 
66220082.000000 22874732.000000 
56151156.000000 24371310.000000 
42439360.000000 45390366.000000 
53042540.000000 26166512.000000 
50988084.000000 28504892.000000 
58648324.000000 24094244.000000 
63589040.000000 23592110.000000 
53148790.000000 25013554.000000 
68494404.000000 22565258.000000 
42977092.000000 42965278.000000 
52029158.000000 27798174.000000 
45410874.000000 36403510.000000 
44767400.000000 37321854.000000 
55310614.000000 24399972.000000 
63880642.000000 23427468.000000 
50117386.000000 29826080.000000 
69824304.000000 22380238.000000 
62375544.000000 24057878.000000 
42553914.000000 44170454.000000 
44474840.000000 41845176.000000 
46778640.000000 34654790.000000 
46068608.000000 36183292.000000 
49136058.000000 30585448.000000 
66638010.000000 22826968.000000 
49807670.000000 30447314.000000 
49017282.000000 30792180.000000 
65390436.000000 22965616.000000 
51285986.000000 28078272.000000 
51973298.000000 27894538.000000 
51167818.000000 28259930.000000 

49841122.000000 35605736.000000 
54277722.000000 27421516.000000 
59402042.000000 22731700.000000 
58185778.000000 25331254.000000 
47946762.000000 37127782.000000 
48261394.000000 36846068.000000 
68105640.000000 22042332.000000 
71916848.000000 21574878.000000 
49953472.000000 35099726.000000 
57926312.000000 25840118.000000 
48553204.000000 36737536.000000 
50754498.000000 31638742.000000 
47286756.000000 38251276.000000 
52208178.000000 30608862.000000 
50964042.000000 30753066.000000 
58860994.000000 24984272.000000 
59249620.000000 24941314.000000 
47324152.000000 38248344.000000 
52489530.000000 27725918.000000 
50718580.000000 32586010.000000 
50292018.000000 32872994.000000 
50177212.000000 33478620.000000 
55054174.000000 26384180.000000 
49984918.000000 34770882.000000 
47381618.000000 37542832.000000 
59642204.000000 22698468.000000 
58422110.000000 25257012.000000 
57872116.000000 26269194.000000 
61818806.000000 22208432.000000 
45422236.000000 44289398.000000 
47407052.000000 37505384.000000 
48793046.000000 35663212.000000 
47167210.000000 38388116.000000 
45742620.000000 38532940.000000 

48145490.000000 32363420.000000 
41284972.000000 58109586.000000 
46566842.000000 37738718.000000 
68510776.000000 22647116.000000 
41541518.000000 47143702.000000 
44772038.000000 43082432.000000 
44684028.000000 46834048.000000 
45295008.000000 41762326.000000 
46366054.000000 38769408.000000 
62013100.000000 22680108.000000 
59359338.000000 24147828.000000 
65935748.000000 22666120.000000 
45888650.000000 41358712.000000 
50468874.000000 29864442.000000 
46079610.000000 40836522.000000 
46194456.000000 40113018.000000 
48112948.000000 35810110.000000 
47137380.000000 37609034.000000 
52554340.000000 26473842.000000 
69143250.000000 22505330.000000 
58551742.000000 25397818.000000 
51557106.000000 28416700.000000 
54344860.000000 25640538.000000 

58768270.000000 26901544.000000 
58876942.000000 26871870.000000 
43722378.000000 41473772.000000 
61274410.000000 24759920.000000 
41316540.000000 45637704.000000 
53471418.000000 30813608.000000 
65085278.000000 24532064.000000 
56505136.000000 30720782.000000 
59587744.000000 25803298.000000 
63834774.000000 24758862.000000 
43576742.000000 41554786.000000 
57154678.000000 29373708.000000 
57982178.000000 28523578.000000 
56803282.000000 30257608.000000 
50377990.000000 33121200.000000 
57741374.000000 28970876.000000 
57563438.000000 29254320.000000 
52712350.000000 32035444.000000 
50110928.000000 34392050.000000 
57908940.000000 28654902.000000 
56518116.000000 30478008.000000 
53011856.000000 31542292.000000 
51599250.000000 32209344.000000 
43793330.000000 40827420.000000 
56905736.000000 30242436.000000 
58147824.000000 28189950.000000 
47263210.000000 36733176.000000 
60381778.000000 25264632.000000 
60396466.000000 25241362.000000 
52421054.000000 32055518.000000 
42579066.000000 42097650.000000 
57672110.000000 29224646.000000 
50701884.000000 32254474.000000 
53810558.000000 30777036.000000 
50630544.000000 32879552.000000 
50471998.000000 33042814.000000 
65099966.000000 24508794.000000 
48175020.000000 35317208.000000 
44210526.000000 40232700.000000 
44964532.000000 39741042.000000 
43877488.000000 40703060.000000 
45087126.000000 38558158.000000 
45010382.000000 38562282.000000 
49785210.000000 34555738.000000 
49492760.000000 34894866.000000 

47247604.000000 34618544.000000 
55147566.000000 24826140.000000 
62029940.000000 23660896.000000 
61950182.000000 23775362.000000 
55913730.000000 24434908.000000 
57532802.000000 24367334.000000 
64882114.000000 22424980.000000 
58611946.000000 23986302.000000 
58511664.000000 24095836.000000 
55820142.000000 24543108.000000 
44537606.000000 38805692.000000 
43178224.000000 48956256.000000 
64572082.000000 23387100.000000 
44168084.000000 44710102.000000 
41837232.000000 54536408.000000 
45177548.000000 38758388.000000 
51117704.000000 27148104.000000 
67439954.000000 22229052.000000 
43682688.000000 47538732.000000 
45741144.000000 34868584.000000 
47253166.000000 32215738.000000 
54813242.000000 24879940.000000 
51173314.000000 26784176.000000 
51942622.000000 26395606.000000 
43337964.000000 48850978.000000 
42324696.000000 49051950.000000 
47264456.000000 30648502.000000 
48752176.000000 27233118.000000 
43835658.000000 44983236.000000 
44292112.000000 41839474.000000 
52366524.000000 25323944.000000 
51629378.000000 26615500.000000 
48691420.000000 27597046.000000 
51960338.000000 25921034.000000 

69653754.000000 23405038.000000 
65335572.000000 23713316.000000 
43966342.000000 49796482.000000 
44188500.000000 49341856.000000 
44294610.000000 49210966.000000 
46914020.000000 32818700.000000 
43481210.000000 51499992.000000 
44991206.000000 47658460.000000 
43702216.000000 51043158.000000 
45207964.000000 47204354.000000 
57086150.000000 25659382.000000 
62145696.000000 23799768.000000 
49563416.000000 32052768.000000 
49181930.000000 32319450.000000 
76850826.000000 23319124.000000 
52370926.000000 27218560.000000 
47716066.000000 32571414.000000 
78020062.000000 23103090.000000 
43809814.000000 50979132.000000 
46113798.000000 35458672.000000 
57638700.000000 25347074.000000 
45308268.000000 46249996.000000 
50557658.000000 31996404.000000 
45106450.000000 47528540.000000 
45845242.000000 45524620.000000 
54940890.000000 26428718.000000 
51004630.000000 29327926.000000 
50698092.000000 30004950.000000 
44828358.000000 47663562.000000 
43597162.000000 51352702.000000 
44081586.000000 49666562.000000 
44478548.000000 48461662.000000 
51084606.000000 29022302.000000 
49052296.000000 32486750.000000 

48116774.000000 42862836.000000 
54383668.000000 28170340.000000 
49449976.000000 33285926.000000 
52365258.000000 28205974.000000 
51467626.000000 33257492.000000 

41371904.000000 46742474.000000 
44530488.000000 44433578.000000 
39266606.000000 49601992.000000 
40699010.000000 48691000.000000 
40856416.000000 47884908.000000 
41917224.000000 46612380.000000 
41163480.000000 46820834.000000 
57530734.000000 23765430.000000 
39806874.000000 48901324.000000 
49589694.000000 33967686.000000 
52807666.000000 24676026.000000 
49877172.000000 32465318.000000 
44804840.000000 41538692.000000 
44663360.000000 42175338.000000 
38877724.000000 49793776.000000 
50694504.000000 28795080.000000 
50177356.000000 28859196.000000 
45107010.000000 41132446.000000 
45254576.000000 39331848.000000 
57426134.000000 23772698.000000 
53671836.000000 24607670.000000 
47177642.000000 34419666.000000 
46598798.000000 35368842.000000 
44551676.000000 43955706.000000 
56097168.000000 23934652.000000 
56201768.000000 23927384.000000 
42160248.000000 44585718.000000 
50932820.000000 28060260.000000 
51866318.000000 25240120.000000 
51969758.000000 25203256.000000 
46095124.000000 35391170.000000 
45929624.000000 37171538.000000 

43988474.000000 39238490.000000 
67274784.000000 20902272.000000 
57647478.000000 24386628.000000 
41269134.000000 48084870.000000 
48787724.000000 33587270.000000 
52108660.000000 28783892.000000 
50810456.000000 30820712.000000 
55960708.000000 25172838.000000 
49054330.000000 32975208.000000 
65324788.000000 21054798.000000 
43392930.000000 39747760.000000 
42213404.000000 41338710.000000 
44456774.000000 37837614.000000 
70294274.000000 19811186.000000 
43642456.000000 39299410.000000 
57201058.000000 24745472.000000 
58868900.000000 23592094.000000 
46948036.000000 33849834.000000 
50689350.000000 32962270.000000 
69917248.000000 19813158.000000 
57158800.000000 24777034.000000 
58384752.000000 24327248.000000 
59029836.000000 23470406.000000 
51281068.000000 29095156.000000 
51545814.000000 28952648.000000 
50701792.000000 31597442.000000 
45028780.000000 36993874.000000 
48873794.000000 33409610.000000 
51096006.000000 29781726.000000 
48015020.000000 33697584.000000 
68128310.000000 19837992.000000 
55251772.000000 26229730.000000 
53168914.000000 26938858.000000 
59232306.000000 23390258.000000 
61823174.000000 21809908.000000 
60452742.000000 22794568.000000 
46154910.000000 35516902.000000 
46681780.000000 34724716.000000 
45563262.000000 35809018.000000 
68477328.000000 19837236.000000 
55716010.000000 26222984.000000 
64982754.000000 21417508.000000 
56645966.000000 25007218.000000 
56183448.000000 25011972.000000 
61327296.000000 22434190.000000 
59971634.000000 23335088.000000 

42269726.000000 38738414.000000 
42215202.000000 38756772.000000 
38963006.000000 42949420.000000 
48836042.000000 28710834.000000 
41183626.000000 39526566.000000 
45189710.000000 33110630.000000 
59732042.000000 25746474.000000 
41874996.000000 38770132.000000 
39273188.000000 42937504.000000 
41692416.000000 38782036.000000 
44757328.000000 33711472.000000 
44466208.000000 33732332.000000 
40928040.000000 39542814.000000 
40516334.000000 41006920.000000 
40719302.000000 40994552.000000 
40752588.000000 40990556.000000 
39743698.000000 41839366.000000 
40869772.000000 40829786.000000 
48539980.000000 28720446.000000 
43821188.000000 33854130.000000 
44776664.000000 33542320.000000 
45480976.000000 33087442.000000 
45067930.000000 33519132.000000 
59441640.000000 25756496.000000 
46874134.000000 29177498.000000 
40873516.000000 39561172.000000 
38256262.000000 48425328.000000 
42995098.000000 37689922.000000 
43072082.000000 34349968.000000 
39505564.000000 41855674.000000 
58941006.000000 27182126.000000 
46062532.000000 33022666.000000 
38258660.000000 47846638.000000 
43368144.000000 34340356.000000 
44117396.000000 33842190.000000 
47170342.000000 29165558.000000 
50217168.000000 27394586.000000 
38609830.000000 47815558.000000 
46435538.000000 29682900.000000 
46139476.000000 29692512.000000 
50517178.000000 27382646.000000 
49782374.000000 27638160.000000 
49482510.000000 27647772.000000 

73708694.000000 20340858.000000 
36738728.000000 66754500.000000 
48633936.000000 29061038.000000 
42996808.000000 40974146.000000 
49143152.000000 28739548.000000 
48911014.000000 28748620.000000 
38689496.000000 52663520.000000 
48084132.000000 30543060.000000 
83304962.000000 19871310.000000 
41087862.000000 44857342.000000 
42733584.000000 44379930.000000 
42979766.000000 41095472.000000 
50661484.000000 26616678.000000 
37275544.000000 59726948.000000 
67413252.000000 21507462.000000 
37319730.000000 59562042.000000 
46398140.000000 30729358.000000 
39292310.000000 47071014.000000 
63624256.000000 23070916.000000 
38645278.000000 52844082.000000 
43421664.000000 39022274.000000 
37755812.000000 55976964.000000 
72286506.000000 20381566.000000 
71763034.000000 20431102.000000 
61104722.000000 23215198.000000 
48154262.000000 29462614.000000 
48469404.000000 29274894.000000 
48635126.000000 28994958.000000 
51638412.000000 24009266.000000 
62836290.000000 23088712.000000 
65518908.000000 22180734.000000 
45915272.000000 32656816.000000 
41237328.000000 44417602.000000 
37711594.000000 56157526.000000 
65366588.000000 22265740.000000 
43375366.000000 39364338.000000 
43768404.000000 36401340.000000 
44080944.000000 36186988.000000 
47840532.000000 30563268.000000 
51135624.000000 26099084.000000 
49612500.000000 26709418.000000 
40968412.000000 45203476.000000 
50606868.000000 26689822.000000 
40637608.000000 45927176.000000 
62717832.000000 23106856.000000 
42857068.000000 43389778.000000 
49236926.000000 27935132.000000 
53234040.000000 23991908.000000 
51146544.000000 24060924.000000 
40846256.000000 45914168.000000 
45867440.000000 34144828.000000 

