47824294.000000 34898980.000000 
49179496.000000 32865126.000000 
49347488.000000 32837014.000000 
61984982.000000 25374190.000000 
60621032.000000 25479864.000000 
49715016.000000 31644088.000000 
43831236.000000 39868076.000000 
46235164.000000 35805394.000000 
63021040.000000 25322934.000000 
47681952.000000 34908000.000000 
71146360.000000 24371968.000000 
67222714.000000 24378126.000000 
53426848.000000 27260526.000000 
51454760.000000 30615592.000000 
52133238.000000 28611848.000000 
52405292.000000 28459922.000000 
52313482.000000 28491926.000000 
46723342.000000 34974046.000000 
44319384.000000 39083964.000000 
48638640.000000 34165782.000000 
53355622.000000 27349644.000000 
54928666.000000 25683074.000000 
49126646.000000 33334430.000000 
46085738.000000 35869076.000000 
63315016.000000 24968036.000000 
66208934.000000 24862114.000000 
63329502.000000 24923150.000000 
66223248.000000 24817282.000000 
46573916.000000 35037728.000000 
71355292.000000 24046576.000000 

59442404.000000 23749878.000000 
51387686.000000 29036364.000000 
48454760.000000 31205206.000000 
50586066.000000 30729794.000000 
55499608.000000 25749204.000000 
56995388.000000 25166278.000000 
55409492.000000 26444576.000000 
62160970.000000 23331032.000000 
69523006.000000 20934216.000000 
67135222.000000 21135840.000000 
72338548.000000 20649436.000000 
69849598.000000 20883904.000000 
54774418.000000 27216300.000000 
62450738.000000 23167114.000000 
60050068.000000 23366000.000000 
65989088.000000 22401638.000000 
64248338.000000 22950534.000000 
52175546.000000 27683906.000000 
66330164.000000 22210436.000000 
55151014.000000 26675746.000000 
59290008.000000 24499036.000000 
48244374.000000 35849928.000000 
46087128.000000 38577140.000000 
47940416.000000 35985806.000000 
47409428.000000 36749866.000000 
47751534.000000 36465050.000000 

42965338.000000 51029924.000000 
43206890.000000 49078794.000000 
57541644.000000 25539270.000000 
50437052.000000 31765584.000000 
49229156.000000 33262142.000000 
48929130.000000 33790622.000000 
46698350.000000 40541190.000000 
48864656.000000 35611712.000000 
59116818.000000 24482760.000000 
64087216.000000 21902216.000000 
59916590.000000 24270222.000000 
61147488.000000 23564570.000000 
58422738.000000 25472168.000000 
51009114.000000 30605462.000000 
52698764.000000 29011586.000000 
55802292.000000 27361774.000000 
53157842.000000 27690996.000000 
49496092.000000 32106564.000000 
63678994.000000 22937290.000000 
49361828.000000 33153988.000000 
45142560.000000 43689118.000000 
45136390.000000 44986904.000000 
44388194.000000 46216686.000000 
47868380.000000 35895758.000000 
50955936.000000 31437070.000000 
47578202.000000 37058882.000000 
51529924.000000 29550664.000000 
53093264.000000 27952504.000000 
55251870.000000 27635412.000000 
57213196.000000 26910936.000000 
56377926.000000 27236118.000000 
47699262.000000 36386680.000000 
50742598.000000 31692292.000000 
47409480.000000 37549848.000000 
42698284.000000 57912842.000000 

43332880.000000 42301588.000000 
44442364.000000 37584212.000000 
44133632.000000 37992352.000000 
47054324.000000 36255730.000000 
48081100.000000 33251578.000000 
52379838.000000 29029514.000000 
39361900.000000 45096934.000000 
40331178.000000 44541590.000000 
40527002.000000 43435168.000000 
40782606.000000 43421418.000000 
38093248.000000 51882282.000000 
37751794.000000 53303684.000000 
51146906.000000 31541156.000000 
57740152.000000 26765874.000000 
55056022.000000 27512032.000000 
43627076.000000 40748696.000000 
44834560.000000 36400714.000000 
44519832.000000 36531532.000000 
47936532.000000 34761318.000000 
47336562.000000 35598942.000000 
47737038.000000 35111650.000000 
43092208.000000 42530592.000000 
43140910.000000 42490916.000000 
69054086.000000 23572538.000000 
52850512.000000 28922830.000000 
53760094.000000 28289836.000000 
50313646.000000 31720280.000000 
69390974.000000 21887838.000000 
66632908.000000 24643256.000000 
72351778.000000 21171434.000000 
75595352.000000 20383040.000000 
62597642.000000 24832958.000000 
61131364.000000 25665560.000000 

54889868.000000 33619296.000000 
61595190.000000 27702372.000000 
50526554.000000 34777914.000000 
46789700.000000 43452546.000000 
58895098.000000 30535578.000000 
62988612.000000 27547554.000000 
63374294.000000 26851924.000000 
55969422.000000 31445012.000000 
63161882.000000 27004894.000000 
60239478.000000 29622712.000000 
50574000.000000 34175578.000000 
53223264.000000 33674998.000000 
61569282.000000 28233328.000000 
57434050.000000 30851728.000000 
66298794.000000 26613450.000000 
46354378.000000 45309330.000000 
49359120.000000 39995452.000000 
48611188.000000 43010392.000000 
63243592.000000 26992830.000000 
60130574.000000 30219834.000000 
50282604.000000 38304512.000000 
46480584.000000 44712322.000000 
63674184.000000 26839800.000000 
61743530.000000 27685918.000000 
49767862.000000 39442702.000000 
45955438.000000 45998010.000000 
48846502.000000 41081532.000000 
45579008.000000 48537224.000000 
47102818.000000 43236790.000000 
46578380.000000 44507094.000000 
45405170.000000 49772404.000000 
45931992.000000 48496932.000000 
46282612.000000 45634334.000000 
57839920.000000 30580718.000000 
60778892.000000 29057416.000000 

48091988.000000 38565618.000000 
46575638.000000 49996316.000000 
74991570.000000 22305034.000000 
49880902.000000 37516494.000000 
49895592.000000 37272514.000000 
51679282.000000 29940796.000000 
60270226.000000 25027454.000000 
63734998.000000 23834488.000000 
74439986.000000 22333732.000000 
66139840.000000 23413456.000000 
62641094.000000 23967536.000000 
62408684.000000 24034508.000000 
63738566.000000 23697902.000000 
65330260.000000 23474872.000000 
51943000.000000 29875916.000000 
55481318.000000 28373192.000000 
58932814.000000 25620342.000000 
51569776.000000 31458882.000000 
67363022.000000 22845466.000000 
74630972.000000 22325622.000000 
60179436.000000 25322320.000000 
56196704.000000 27995920.000000 
52408018.000000 29563044.000000 
53860648.000000 29243740.000000 
56488896.000000 25980114.000000 
60707906.000000 24922592.000000 
61954410.000000 24093888.000000 
52671736.000000 29498164.000000 
53586662.000000 29291292.000000 
56844084.000000 25953082.000000 
61063094.000000 24895560.000000 
68005398.000000 22693716.000000 
48072570.000000 49758634.000000 
68649136.000000 22517220.000000 
67082540.000000 23013900.000000 
50351072.000000 31973842.000000 
68949928.000000 22422426.000000 
78565984.000000 22249074.000000 
48067788.000000 49784278.000000 
74917366.000000 22308570.000000 

45176828.000000 51439064.000000 
44686688.000000 51468672.000000 
53390856.000000 32859420.000000 
48934088.000000 37482384.000000 
47228390.000000 37557536.000000 
55142406.000000 32183400.000000 
61855498.000000 22840834.000000 
65266100.000000 20967882.000000 
68847714.000000 20425728.000000 
56390506.000000 28859550.000000 
56164208.000000 28937382.000000 
75095250.000000 20302486.000000 
68300724.000000 20865122.000000 
55763264.000000 30840594.000000 
60855814.000000 23840392.000000 
56528088.000000 25865762.000000 
50826578.000000 35724142.000000 
54439888.000000 32589924.000000 
78774766.000000 19756474.000000 
52712852.000000 33869934.000000 
55981426.000000 30662468.000000 
63417598.000000 21415352.000000 

61959366.000000 22204444.000000 
68759792.000000 19777592.000000 
68082178.000000 19822708.000000 
67772504.000000 19843172.000000 
46204492.000000 47918542.000000 
47354424.000000 39102222.000000 
48151532.000000 39070404.000000 
53337250.000000 29301416.000000 
51321966.000000 36376644.000000 
50790034.000000 38638726.000000 
63467846.000000 20460436.000000 
65413230.000000 19959700.000000 
65184594.000000 19972322.000000 
56953452.000000 23345134.000000 
57188038.000000 23330702.000000 
53402726.000000 29211546.000000 
61425608.000000 22719124.000000 
47025306.000000 45451520.000000 
62484770.000000 22192548.000000 
56627542.000000 24748264.000000 
55138836.000000 24817820.000000 
55001922.000000 27125090.000000 
51332938.000000 29944758.000000 
54685086.000000 27404374.000000 
54014824.000000 27551870.000000 
54611548.000000 27413042.000000 
53962292.000000 27559626.000000 

49150792.000000 34839324.000000 
66511354.000000 21150836.000000 
41899566.000000 42914812.000000 
37340498.000000 45958674.000000 
36631266.000000 47670866.000000 
42499420.000000 40826268.000000 
43970346.000000 39560928.000000 
62546268.000000 23262760.000000 
57343234.000000 25200608.000000 
56196186.000000 26410228.000000 
48063118.000000 35200084.000000 
55424532.000000 27193214.000000 
65739058.000000 22129822.000000 
55839288.000000 27156532.000000 
72228690.000000 21137894.000000 
77890762.000000 21120402.000000 
56805430.000000 25259818.000000 
57964790.000000 24052814.000000 
52727558.000000 28169316.000000 
52909982.000000 27934610.000000 
52146370.000000 29962834.000000 
42267882.000000 41700134.000000 
43791622.000000 40583960.000000 
51017864.000000 31335584.000000 
51048030.000000 30206858.000000 
49744666.000000 31525244.000000 
44202490.000000 36592626.000000 
44808216.000000 35703952.000000 

50262022.000000 29125682.000000 
50953792.000000 27144928.000000 
48038888.000000 34038054.000000 
60054764.000000 24056556.000000 
49717972.000000 31839926.000000 
48468196.000000 32723924.000000 
47904296.000000 37500180.000000 
47336074.000000 42977978.000000 
46905970.000000 43247982.000000 
47419392.000000 40322210.000000 
46032894.000000 46097752.000000 
45843652.000000 49684164.000000 
43906098.000000 51866894.000000 
47759544.000000 39611484.000000 
55943844.000000 25779608.000000 
55074792.000000 27140752.000000 
56737992.000000 25453702.000000 

70262134.000000 19006742.000000 
54997902.000000 24557468.000000 
47134208.000000 37305300.000000 
54434262.000000 24914020.000000 
74188968.000000 18919322.000000 
47227822.000000 33542666.000000 
47465774.000000 33468656.000000 
51565804.000000 27155986.000000 
48337762.000000 31722438.000000 
52407738.000000 25054700.000000 
58920286.000000 20788314.000000 
57512946.000000 21142226.000000 
56638412.000000 21156662.000000 
51146916.000000 29252290.000000 
46277148.000000 38186420.000000 
56272388.000000 22600610.000000 
57944480.000000 20802246.000000 
56081380.000000 24084024.000000 
46131048.000000 38477926.000000 
56229364.000000 22814312.000000 
56097624.000000 23284164.000000 
56115180.000000 22916928.000000 
68525058.000000 19717162.000000 
82465454.000000 18496978.000000 
46403556.000000 38044182.000000 

50365824.000000 29096314.000000 
50007798.000000 29098600.000000 
51291374.000000 27322136.000000 
52149482.000000 26461990.000000 
51738020.000000 26464256.000000 
50949976.000000 28427858.000000 
43481692.000000 34720434.000000 
42074656.000000 35698484.000000 
56878088.000000 25997646.000000 
46491286.000000 31769748.000000 
45075290.000000 32747814.000000 

43542740.000000 53141738.000000 
46214354.000000 43271156.000000 
45880064.000000 44171886.000000 
70133964.000000 24073974.000000 
44639478.000000 52102810.000000 
45453460.000000 47603348.000000 
48209276.000000 38392976.000000 
47347578.000000 39812440.000000 
53908488.000000 28571274.000000 
54674602.000000 28537406.000000 
57467274.000000 25785792.000000 
57940394.000000 24626000.000000 
52352082.000000 29345034.000000 
56890112.000000 26001580.000000 
48305840.000000 34592526.000000 
48300794.000000 34902948.000000 
48813260.000000 33227420.000000 
48818306.000000 32916998.000000 
50788698.000000 31876138.000000 
50213774.000000 32644208.000000 
56190754.000000 28161866.000000 
48278598.000000 36775008.000000 
47219876.000000 41320466.000000 
47847734.000000 38806680.000000 
47899254.000000 38534496.000000 
67416610.000000 24257586.000000 
66497394.000000 24530666.000000 
55167384.000000 28518526.000000 
55490692.000000 28315188.000000 
56520594.000000 27576972.000000 

52491004.000000 30475776.000000 
42188744.000000 51978958.000000 
42218028.000000 46639266.000000 
42297536.000000 44889242.000000 
45723572.000000 32250912.000000 
44648046.000000 35959676.000000 
59637200.000000 24083132.000000 
56406598.000000 25006126.000000 
54210358.000000 28785286.000000 
44066480.000000 37749656.000000 
48543096.000000 32180920.000000 
43839768.000000 39249796.000000 
43325734.000000 41263412.000000 
54014278.000000 29052618.000000 
49301464.000000 30717612.000000 
48601512.000000 31034066.000000 
48551194.000000 31169870.000000 
48706602.000000 30879386.000000 
54479216.000000 27924506.000000 
71101770.000000 23806546.000000 
64339928.000000 23903780.000000 
55384550.000000 27727076.000000 

82058920.000000 22886898.000000 
64689056.000000 24929440.000000 
63946306.000000 25325336.000000 
63588542.000000 27541178.000000 
41536282.000000 47555824.000000 
41904594.000000 46972186.000000 
41833128.000000 47201070.000000 
42406696.000000 46347472.000000 
41480082.000000 51573280.000000 
43147508.000000 46156190.000000 
45272228.000000 42966226.000000 
43662600.000000 45128976.000000 
43741940.000000 44935364.000000 
54481976.000000 32485256.000000 
68111880.000000 23464286.000000 
79018522.000000 23115182.000000 
68361010.000000 23124256.000000 
67776898.000000 23528306.000000 
46259944.000000 41445550.000000 
49149028.000000 37344304.000000 
54983682.000000 30022120.000000 
49285604.000000 37165890.000000 
47954570.000000 40508540.000000 
49485018.000000 34764518.000000 
46910182.000000 41062240.000000 
47221964.000000 40718256.000000 
58485578.000000 28119190.000000 
45770098.000000 42465846.000000 
44930274.000000 43883808.000000 
48533728.000000 39350072.000000 
48671180.000000 38941164.000000 
49121462.000000 38562544.000000 
47968298.000000 40367050.000000 
49476546.000000 37132538.000000 
57793902.000000 29584942.000000 
48090704.000000 39544050.000000 
52370328.000000 32758552.000000 
50718770.000000 33961420.000000 
49934084.000000 34650910.000000 

49464744.000000 37561952.000000 
48690292.000000 37938326.000000 
45507068.000000 41103344.000000 
46262282.000000 39725800.000000 
44950620.000000 42055064.000000 
50446936.000000 34154694.000000 
61161572.000000 29232658.000000 
55583008.000000 32800562.000000 
54692704.000000 33608552.000000 
48353046.000000 38658550.000000 
44134650.000000 42923978.000000 
56998598.000000 29311026.000000 
64194196.000000 25023864.000000 
64194122.000000 26053196.000000 
64260730.000000 24240402.000000 
62140648.000000 26478706.000000 
44550980.000000 42760548.000000 
43969398.000000 42968600.000000 
56833826.000000 30735376.000000 
46001378.000000 40928036.000000 
45302744.000000 41384844.000000 
62858148.000000 26228198.000000 

35921398.000000 51783038.000000 
46075154.000000 34351902.000000 
43955136.000000 39912574.000000 
38553764.000000 45073320.000000 
52017162.000000 26674458.000000 
37019582.000000 51637784.000000 
41498384.000000 40396248.000000 
43016144.000000 39961352.000000 
39921258.000000 43290688.000000 
39872978.000000 44916608.000000 
47002972.000000 31271548.000000 
46901428.000000 31452182.000000 
52000910.000000 27746348.000000 
52969812.000000 26465614.000000 
47937970.000000 28664124.000000 
48370974.000000 28092684.000000 
51210508.000000 27844470.000000 
56565384.000000 26005024.000000 
57662378.000000 25406092.000000 
58380166.000000 22592518.000000 
61615264.000000 22127038.000000 
58976050.000000 22526754.000000 
58055890.000000 25333852.000000 
61019380.000000 22192802.000000 

71105072.000000 21182370.000000 
46102742.000000 38254056.000000 
48898340.000000 36701106.000000 
48714366.000000 36929702.000000 
47018670.000000 37181856.000000 
61367040.000000 25975880.000000 
49297576.000000 32161702.000000 
57327214.000000 27114124.000000 
56666696.000000 27383230.000000 
54897736.000000 29225638.000000 
57662388.000000 26179042.000000 
54528968.000000 31924784.000000 
44934516.000000 48800716.000000 
65076986.000000 24954908.000000 
55647848.000000 28065894.000000 
67703864.000000 22773258.000000 
65914426.000000 22773804.000000 
63408962.000000 25350458.000000 

43708246.000000 42451140.000000 
47866442.000000 34034260.000000 
51151426.000000 32724198.000000 
52318820.000000 25303972.000000 
49662744.000000 32889350.000000 
51360570.000000 31306006.000000 
45024684.000000 35579490.000000 
49233746.000000 32957354.000000 
48437384.000000 33773118.000000 
44826512.000000 36944570.000000 
62102772.000000 24118588.000000 
53313350.000000 25157280.000000 
51611388.000000 26731332.000000 
46403562.000000 35385540.000000 
54858478.000000 24991266.000000 
57287126.000000 24228314.000000 
72853250.000000 23802268.000000 
67237608.000000 23853034.000000 
64613108.000000 24091356.000000 
65411994.000000 24011924.000000 

43272544.000000 47067626.000000 
44767400.000000 37321854.000000 
57073076.000000 25822210.000000 
57156378.000000 25635988.000000 
42961076.000000 54439192.000000 
43822206.000000 44970638.000000 
44642432.000000 44895262.000000 
71348344.000000 23269398.000000 
46068608.000000 36183292.000000 
47619920.000000 34004476.000000 
50729466.000000 30057666.000000 
57520874.000000 25172180.000000 
47581774.000000 35559854.000000 
48550410.000000 32484392.000000 
55637876.000000 26304126.000000 
53889724.000000 26470024.000000 
62919066.000000 24450718.000000 
56360258.000000 26279652.000000 
63151420.000000 24272096.000000 
56437142.000000 26095324.000000 
48356866.000000 33942528.000000 
66305332.000000 23312660.000000 
49017282.000000 30792180.000000 
49008898.000000 32186590.000000 
52498682.000000 28013048.000000 
62427486.000000 24711102.000000 
44685086.000000 43799492.000000 
70378754.000000 23301830.000000 
48504518.000000 32667984.000000 
49136058.000000 30585448.000000 
47874628.000000 33991380.000000 
57798142.000000 24950006.000000 
65905694.000000 23455180.000000 
57059804.000000 25970436.000000 
71333074.000000 23299512.000000 
52905570.000000 27436844.000000 
47589444.000000 34746814.000000 
48402318.000000 33496658.000000 
51285986.000000 28078272.000000 
51167818.000000 28259930.000000 

45742620.000000 38532940.000000 
47167210.000000 38388116.000000 
50659442.000000 33333766.000000 
52489530.000000 27725918.000000 
52308392.000000 30646314.000000 
58860994.000000 24984272.000000 
59249620.000000 24941314.000000 
56945494.000000 26458480.000000 
50822298.000000 32451034.000000 
68105640.000000 22042332.000000 
59642204.000000 22698468.000000 
58422110.000000 25257012.000000 
57872116.000000 26269194.000000 
61818806.000000 22208432.000000 
52254538.000000 32180508.000000 
48962412.000000 37234858.000000 
49464352.000000 36944446.000000 
47407052.000000 37505384.000000 
50177212.000000 33478620.000000 
55241148.000000 26815756.000000 
49489786.000000 36906998.000000 

65935748.000000 22666120.000000 
46005318.000000 51925170.000000 
46582534.000000 47294260.000000 
47708864.000000 40055368.000000 
47021364.000000 44201310.000000 
47405858.000000 40421610.000000 
51557106.000000 28416700.000000 
54344860.000000 25640538.000000 
48411872.000000 34167252.000000 
49865966.000000 33924472.000000 
50777762.000000 33345402.000000 
53219144.000000 26953766.000000 
46350924.000000 48913008.000000 
58551742.000000 25397818.000000 
62481118.000000 22766804.000000 
59454648.000000 25218740.000000 
59477482.000000 24304264.000000 
51330184.000000 33020960.000000 

57154678.000000 29373708.000000 
58147824.000000 28189950.000000 
59429770.000000 27857804.000000 
60381778.000000 25264632.000000 
60307272.000000 26713556.000000 
42579066.000000 42097650.000000 
59727074.000000 27789610.000000 
60396466.000000 25241362.000000 
59550358.000000 27851822.000000 
51599250.000000 32209344.000000 
50630544.000000 32879552.000000 
53011856.000000 31542292.000000 
57672110.000000 29224646.000000 
57563438.000000 29254320.000000 
53810558.000000 30777036.000000 
49492760.000000 34894866.000000 
44210526.000000 40232700.000000 
62391730.000000 24781312.000000 
44964532.000000 39741042.000000 
50701884.000000 32254474.000000 
52463688.000000 32138114.000000 
43877488.000000 40703060.000000 
47263210.000000 36733176.000000 
45010382.000000 38562282.000000 
45087126.000000 38558158.000000 
49785210.000000 34555738.000000 
48175020.000000 35317208.000000 
50471998.000000 33042814.000000 
59953660.000000 27776966.000000 

56348184.000000 25472112.000000 
56518548.000000 24585086.000000 
54250690.000000 25497300.000000 
45177548.000000 38758388.000000 
47253166.000000 32215738.000000 
45741144.000000 34868584.000000 
44537606.000000 38805692.000000 
47264456.000000 30648502.000000 
44168084.000000 44710102.000000 
43835658.000000 44983236.000000 
44292112.000000 41839474.000000 
51629378.000000 26615500.000000 
43337964.000000 48850978.000000 
42324696.000000 49051950.000000 
48752176.000000 27233118.000000 
48691420.000000 27597046.000000 
51960338.000000 25921034.000000 
70152706.000000 23523646.000000 
66454430.000000 23713448.000000 

46113798.000000 35458672.000000 
48630046.000000 35230312.000000 
48790426.000000 34961232.000000 
45106450.000000 47528540.000000 
44338794.000000 49430864.000000 
44828358.000000 47663562.000000 
43481210.000000 51499992.000000 
44081586.000000 49666562.000000 
43597162.000000 51352702.000000 
43993468.000000 50161002.000000 
44478548.000000 48461662.000000 
63651684.000000 26382668.000000 
62815560.000000 27392398.000000 
51084606.000000 29022302.000000 
50698092.000000 30004950.000000 
49052296.000000 32486750.000000 
59875706.000000 28656512.000000 
62388944.000000 27471944.000000 
61520040.000000 28101880.000000 
67354982.000000 25601792.000000 
66484344.000000 26236310.000000 
59739354.000000 28706166.000000 
69730190.000000 25460234.000000 
80961966.000000 24291878.000000 
74987312.000000 24336280.000000 
70663730.000000 24828686.000000 
70559626.000000 24942304.000000 

48116774.000000 42862836.000000 
54383668.000000 28170340.000000 
49449976.000000 33285926.000000 
52365258.000000 28205974.000000 
51467626.000000 33257492.000000 

39183164.000000 50634956.000000 
53671836.000000 24607670.000000 
51866318.000000 25240120.000000 
47177642.000000 34419666.000000 
46598798.000000 35368842.000000 
46095124.000000 35391170.000000 
45929624.000000 37171538.000000 
42160248.000000 44585718.000000 
44804840.000000 41538692.000000 
44663360.000000 42175338.000000 
44551676.000000 43955706.000000 
39801124.000000 47085228.000000 
40789636.000000 44916328.000000 
53195112.000000 25084038.000000 
56097168.000000 23934652.000000 
50645094.000000 30073622.000000 
57426134.000000 23772698.000000 

56645966.000000 25007218.000000 
44995536.000000 45909714.000000 
45882190.000000 40567210.000000 
60452742.000000 22794568.000000 
52849380.000000 30527412.000000 
51515632.000000 33728544.000000 
51153816.000000 34037430.000000 
48374708.000000 37039508.000000 
49161888.000000 36617368.000000 
48556138.000000 36877276.000000 
45898076.000000 39435174.000000 
46514054.000000 39328724.000000 
51060268.000000 34383064.000000 
65324788.000000 21054798.000000 
62076892.000000 22396348.000000 
64270962.000000 22344604.000000 
51894310.000000 33377428.000000 
68128310.000000 19837992.000000 
68477328.000000 19837236.000000 
50299908.000000 35193148.000000 
52628442.000000 33124196.000000 
54346282.000000 29625330.000000 
56183448.000000 25011972.000000 
61327296.000000 22434190.000000 
64732624.000000 22281858.000000 
59971634.000000 23335088.000000 
59232306.000000 23390258.000000 

44276640.000000 36037138.000000 
43981158.000000 39576764.000000 
43503456.000000 39762460.000000 
42150756.000000 41605100.000000 
41345730.000000 42382246.000000 
39082824.000000 46952734.000000 
65024388.000000 26237394.000000 
47170342.000000 29165558.000000 
46874134.000000 29177498.000000 
46139476.000000 29692512.000000 
49482510.000000 27647772.000000 
42711702.000000 41341928.000000 
45687992.000000 33385646.000000 
45357250.000000 33391950.000000 
44633306.000000 34020430.000000 
58941006.000000 27182126.000000 
58598836.000000 27435520.000000 
60347556.000000 26684538.000000 
62736856.000000 26490902.000000 

45915272.000000 32656816.000000 
49612500.000000 26709418.000000 
49186534.000000 28848510.000000 
73708694.000000 20340858.000000 
67413252.000000 21507462.000000 
66543882.000000 23263620.000000 
53234040.000000 23991908.000000 
51440466.000000 25919458.000000 
51135624.000000 26099084.000000 
43092778.000000 46573506.000000 
44680540.000000 43027128.000000 
43375364.000000 43698808.000000 
50606868.000000 26689822.000000 
42265724.000000 46646580.000000 

