54902070.000000 24854286.000000 
54618788.000000 24946302.000000 
54645234.000000 24883388.000000 
54540890.000000 25104762.000000 
53395986.000000 25366096.000000 
54078294.000000 25334440.000000 
53652822.000000 25336994.000000 
47272398.000000 34578026.000000 
47086644.000000 34801212.000000 
47260400.000000 34620470.000000 
47074646.000000 34843656.000000 
57267636.000000 24128024.000000 
43637006.000000 39923146.000000 
57074050.000000 24144500.000000 
44962632.000000 37792112.000000 
45003550.000000 37752824.000000 
43831236.000000 39868076.000000 
56828996.000000 24684774.000000 
48212482.000000 32570206.000000 
44854124.000000 37816506.000000 
48061518.000000 32696516.000000 
48065880.000000 32654384.000000 
48216844.000000 32528074.000000 
49092420.000000 30387064.000000 
48906666.000000 30610002.000000 
46723342.000000 34974046.000000 
45341824.000000 36984480.000000 
54553124.000000 25078404.000000 
49864788.000000 27703836.000000 
49681172.000000 27766496.000000 
46573916.000000 35037728.000000 
45300906.000000 37023768.000000 
45723870.000000 36872652.000000 
45491250.000000 36920798.000000 
45450332.000000 36960086.000000 
45236084.000000 37704014.000000 
46235164.000000 35805394.000000 
53302274.000000 25511430.000000 
52870978.000000 25715426.000000 
52332402.000000 26055408.000000 
52682120.000000 25722784.000000 
50600606.000000 26143436.000000 
52520842.000000 26039408.000000 
50789476.000000 26126938.000000 
44813206.000000 37855794.000000 
46085738.000000 35869076.000000 

55212996.000000 22385764.000000 
46969400.000000 28067018.000000 
47079004.000000 27808098.000000 
45556364.000000 30103586.000000 
52351912.000000 24188584.000000 
44935324.000000 35631868.000000 
53252380.000000 23724278.000000 
52340024.000000 24262608.000000 
54080740.000000 23014896.000000 
52401268.000000 24150256.000000 
45084580.000000 35260924.000000 
45131716.000000 31382224.000000 
46252496.000000 28390064.000000 
45411286.000000 30383016.000000 
54906354.000000 22911330.000000 
46107418.000000 28669494.000000 
55264710.000000 22347434.000000 
53668260.000000 23109748.000000 
52626354.000000 23925418.000000 
50847462.000000 24585814.000000 
50899176.000000 24547484.000000 
46796034.000000 28215370.000000 
49834870.000000 25286876.000000 
47367048.000000 26778170.000000 
47512734.000000 26506782.000000 
48340446.000000 25865680.000000 
48230234.000000 26116558.000000 
53085682.000000 23760066.000000 
52257238.000000 24448908.000000 
52242530.000000 24466718.000000 
49851906.000000 25269066.000000 
63745500.000000 22230880.000000 
64748506.000000 22116672.000000 
77507938.000000 21444290.000000 
69257918.000000 21620434.000000 

66551450.000000 20544192.000000 
69506358.000000 20355438.000000 
54649242.000000 26150504.000000 
48838390.000000 31879158.000000 
49971402.000000 29706694.000000 
50300784.000000 29622572.000000 
53082156.000000 27378262.000000 
52594212.000000 27908764.000000 
52603970.000000 27605752.000000 
54051654.000000 26312324.000000 
54163392.000000 26217606.000000 
54458064.000000 26154430.000000 
50772490.000000 27923890.000000 
50340488.000000 27983352.000000 
53534286.000000 26313986.000000 
53511606.000000 26621430.000000 
49207124.000000 30135056.000000 
63677702.000000 20747560.000000 
57392088.000000 24265574.000000 
58947676.000000 23606776.000000 
54759420.000000 25716148.000000 
57329106.000000 24357488.000000 
55712080.000000 25474854.000000 
54869746.000000 25553184.000000 
42134512.000000 42231002.000000 
58392526.000000 23709048.000000 
41569704.000000 46601090.000000 
43353844.000000 38611224.000000 
40781056.000000 47649516.000000 
63566996.000000 20907864.000000 
42399316.000000 40038540.000000 
58667512.000000 23670254.000000 
59226704.000000 22395066.000000 
59146658.000000 22556560.000000 
59399850.000000 21356126.000000 
59275584.000000 21517770.000000 
56859888.000000 24457176.000000 
56778450.000000 24619900.000000 
43838956.000000 38317294.000000 
56068774.000000 25460244.000000 
57632474.000000 23867726.000000 
44736536.000000 37825306.000000 
47056224.000000 34570884.000000 
47099040.000000 34071306.000000 
47519560.000000 33747594.000000 
48229980.000000 32883274.000000 
44812588.000000 36081168.000000 
45862606.000000 34612792.000000 
43843368.000000 38223860.000000 
44763996.000000 36751996.000000 
47945666.000000 33309724.000000 
47803404.000000 33393526.000000 
49175524.000000 31690824.000000 
48704216.000000 32523160.000000 
48136120.000000 32943874.000000 

41214390.000000 31761444.000000 
48605534.000000 22702602.000000 
47743820.000000 23268090.000000 
42909354.000000 29037560.000000 
43698302.000000 28119680.000000 
42464976.000000 29399690.000000 
42778970.000000 29044714.000000 
43745266.000000 28109224.000000 
43400724.000000 28161826.000000 
43204804.000000 28592468.000000 
43317752.000000 28495298.000000 
43419818.000000 28132802.000000 
40820898.000000 34668284.000000 
42916390.000000 28950584.000000 
45642748.000000 25112094.000000 
45404364.000000 25283610.000000 
42640896.000000 29052814.000000 
42510512.000000 29059968.000000 
42196518.000000 29414944.000000 
43237786.000000 28550886.000000 
43029338.000000 28853414.000000 
48322792.000000 22717856.000000 
47461526.000000 23283344.000000 
42326902.000000 29407790.000000 
47174416.000000 23639008.000000 
48035682.000000 23073520.000000 
48303716.000000 22746878.000000 
47442450.000000 23316138.000000 
48016606.000000 23102542.000000 
47155340.000000 23671802.000000 
45125980.000000 25298864.000000 
45974498.000000 24664280.000000 
43803084.000000 27881540.000000 
44133470.000000 25315946.000000 
44411962.000000 25300692.000000 
45621570.000000 25150186.000000 
43846360.000000 25670918.000000 
45955404.000000 24693304.000000 
44114376.000000 25344970.000000 
43827266.000000 25699942.000000 
51111482.000000 22280572.000000 
51674358.000000 21721504.000000 
41969394.000000 30938408.000000 
41328526.000000 31458816.000000 
41641688.000000 30959158.000000 
41620224.000000 31113596.000000 
41349990.000000 31304378.000000 
62678660.000000 18795290.000000 
65428650.000000 18476558.000000 
66240124.000000 18028328.000000 
65400824.000000 18599378.000000 
65195314.000000 18743528.000000 
67762254.000000 17939778.000000 
56223750.000000 18980616.000000 
37843128.000000 44562164.000000 
55391770.000000 19204020.000000 
65966810.000000 18118198.000000 
38151770.000000 39233192.000000 
38018730.000000 43221924.000000 
53400536.000000 20301980.000000 
39091930.000000 37202942.000000 
37202538.000000 45113982.000000 
39589344.000000 35517284.000000 
38446714.000000 37754760.000000 
55829110.000000 19086086.000000 
54292432.000000 19803934.000000 
61050404.000000 18896310.000000 
54824478.000000 19409226.000000 
53400640.000000 20202858.000000 
40387278.000000 34764004.000000 
54824582.000000 19310104.000000 
37748136.000000 44565698.000000 
52864026.000000 20694684.000000 
40207440.000000 34776554.000000 
40482270.000000 34760470.000000 
50458036.000000 22529980.000000 
41149700.000000 34161100.000000 
40701182.000000 34734418.000000 
40112448.000000 34780088.000000 
40091742.000000 34963566.000000 
41027620.000000 34389000.000000 
40067714.000000 34964754.000000 
52863922.000000 20793806.000000 
40823262.000000 34506518.000000 
50240360.000000 22701962.000000 
39537736.000000 35846618.000000 
51136904.000000 21816792.000000 
40888298.000000 34496638.000000 
54427316.000000 19671440.000000 
54292328.000000 19903056.000000 
53895166.000000 20157726.000000 
52993318.000000 20564194.000000 
52456704.000000 21048476.000000 
50604808.000000 22314388.000000 
52101424.000000 21580274.000000 
38996938.000000 37206476.000000 
39765304.000000 35308984.000000 
38968034.000000 37341142.000000 
40060840.000000 35109422.000000 
39262906.000000 35862702.000000 
39881002.000000 35121972.000000 
39786010.000000 35125506.000000 
38063190.000000 40534728.000000 
38301302.000000 38496932.000000 

47725102.000000 38388900.000000 
46701502.000000 39662680.000000 
47914258.000000 38176698.000000 
45839558.000000 42955698.000000 
46448176.000000 42770512.000000 
58407142.000000 29295674.000000 
65368954.000000 26297980.000000 
49711596.000000 35480398.000000 
46542044.000000 42476272.000000 
58538076.000000 28554932.000000 
49993078.000000 35469504.000000 
53646156.000000 32382772.000000 
47017298.000000 39512286.000000 
47309922.000000 38413788.000000 
53806088.000000 31515026.000000 
57207528.000000 29808682.000000 
56681428.000000 30267734.000000 
55308448.000000 30835988.000000 
54650742.000000 31135660.000000 
58670864.000000 27742098.000000 
56187976.000000 30655392.000000 
48042622.000000 37461478.000000 
56031098.000000 30796980.000000 
53257602.000000 32819196.000000 
48345298.000000 37055718.000000 
49657186.000000 35526010.000000 
52609414.000000 33481934.000000 
52380926.000000 33486094.000000 
54176322.000000 31308358.000000 
52911690.000000 33075070.000000 
57105696.000000 30082456.000000 
49393980.000000 35699816.000000 
49091618.000000 36106312.000000 
59510718.000000 27381092.000000 
50574000.000000 34175578.000000 
49015760.000000 36841442.000000 
50526554.000000 34777914.000000 
60153660.000000 27081672.000000 
61545628.000000 26513214.000000 

44681034.000000 28082652.000000 
44044850.000000 28514080.000000 
45190934.000000 28076444.000000 
40926944.000000 37013216.000000 
40792012.000000 37110666.000000 
40651298.000000 37133610.000000 
40946494.000000 34445212.000000 
44250476.000000 28097250.000000 
43615148.000000 28525554.000000 
41403270.000000 33209488.000000 
43016612.000000 28628194.000000 
43070162.000000 28586510.000000 
43487268.000000 28572648.000000 
42928524.000000 28748784.000000 
41903848.000000 29830060.000000 
42959850.000000 28720758.000000 
42455222.000000 29155270.000000 
42511418.000000 28762646.000000 
42423040.000000 29184040.000000 
42006790.000000 29194778.000000 
41061046.000000 33795484.000000 
41789948.000000 32511554.000000 
41324172.000000 33416194.000000 
41517822.000000 32553532.000000 
46426924.000000 28007872.000000 
47232094.000000 27651718.000000 
47413514.000000 27641010.000000 
46608344.000000 27997164.000000 
40041800.000000 40140268.000000 
48026436.000000 27495932.000000 
47820182.000000 27530852.000000 
48069326.000000 26820160.000000 
51916670.000000 21627610.000000 
50996850.000000 22671582.000000 
50474708.000000 22893582.000000 
51517090.000000 21692272.000000 
50075128.000000 22958720.000000 
50597270.000000 22736244.000000 
49651894.000000 23900918.000000 
49171114.000000 24014410.000000 
49570694.000000 23949272.000000 
49008752.000000 25127460.000000 
48214442.000000 25193548.000000 
58145154.000000 21421370.000000 
58058192.000000 21432548.000000 

37082118.000000 44196000.000000 
56637268.000000 19078968.000000 
50663146.000000 22490032.000000 
55377984.000000 19454162.000000 
51439892.000000 22228494.000000 
52906232.000000 21063478.000000 
53188260.000000 20710132.000000 
52330774.000000 21143590.000000 
55099744.000000 19534686.000000 
52322162.000000 21378278.000000 
49017838.000000 23525754.000000 
51288616.000000 22298530.000000 
51028052.000000 22481678.000000 
52003448.000000 21461762.000000 
51480758.000000 21822666.000000 
50240360.000000 22701962.000000 
48149662.000000 24162920.000000 
51454064.000000 22004140.000000 
51873056.000000 21643250.000000 
49702906.000000 22710930.000000 
49166346.000000 23206522.000000 
48129654.000000 24387642.000000 
48176488.000000 23981452.000000 
48746796.000000 23648530.000000 
47996890.000000 24457300.000000 
46690690.000000 26864076.000000 
46667636.000000 26866104.000000 
47181228.000000 25822442.000000 
47584216.000000 25367714.000000 
47901016.000000 24902810.000000 
47053386.000000 26217026.000000 
47092922.000000 25925388.000000 
47272778.000000 25443332.000000 
47589516.000000 24978402.000000 
46852440.000000 26533158.000000 
46730226.000000 26572438.000000 
45328316.000000 28855878.000000 
39660090.000000 36944256.000000 
44909678.000000 29624040.000000 
44855744.000000 29833260.000000 
37552900.000000 43097798.000000 
44565918.000000 30189348.000000 
44567438.000000 29848498.000000 
56337680.000000 19210216.000000 
39778800.000000 36403160.000000 
39346332.000000 36965006.000000 
37618840.000000 42770178.000000 
39789390.000000 36364076.000000 
54727418.000000 20344864.000000 
54706904.000000 20348556.000000 
55083848.000000 19938672.000000 
44354566.000000 30631586.000000 
41438544.000000 33730208.000000 
37102074.000000 43477516.000000 
39021962.000000 38102084.000000 
54796584.000000 20018916.000000 
47186504.000000 25583724.000000 
38321956.000000 38529320.000000 
35503592.000000 46957452.000000 
38033590.000000 38544442.000000 
37899066.000000 42593210.000000 
53158234.000000 20959232.000000 
53462114.000000 20436130.000000 
53740354.000000 20355606.000000 
38462706.000000 38388986.000000 
37920642.000000 38641612.000000 
39039132.000000 37908022.000000 
39052302.000000 37157814.000000 
39340668.000000 37142692.000000 
38751072.000000 38373864.000000 
41171556.000000 34102638.000000 
44174576.000000 30643372.000000 
43733310.000000 30867480.000000 
37415566.000000 43456656.000000 
39900010.000000 35613774.000000 
39923254.000000 35371098.000000 
40645834.000000 34875648.000000 
40947664.000000 34653992.000000 
40820898.000000 34668284.000000 
40067714.000000 34964754.000000 
40353508.000000 34955136.000000 
43452310.000000 30879304.000000 
42469064.000000 30938488.000000 
41992612.000000 31556022.000000 
41711758.000000 31565518.000000 
38781520.000000 38115098.000000 
42188348.000000 30947990.000000 
43950202.000000 30850978.000000 
36572924.000000 44252188.000000 
45110446.000000 28931660.000000 
46380222.000000 26924382.000000 
45629422.000000 26931268.000000 
45341954.000000 26975546.000000 
46401400.000000 26886290.000000 
45361048.000000 26946522.000000 
37917332.000000 41642070.000000 

64688166.000000 19536986.000000 
42105158.000000 33474812.000000 
57838830.000000 21065746.000000 
57901822.000000 21059210.000000 
42181626.000000 31644836.000000 
41333414.000000 41389770.000000 
41890998.000000 33528764.000000 
43537210.000000 30053982.000000 
64122632.000000 19704066.000000 
42552900.000000 31121994.000000 
44152130.000000 29571308.000000 
63849638.000000 19815562.000000 
65329752.000000 19259782.000000 
42272286.000000 31166668.000000 
43268228.000000 30094796.000000 
64995662.000000 19360142.000000 
54682182.000000 22783682.000000 
42125952.000000 33071814.000000 
64340520.000000 19638366.000000 
43882292.000000 29615246.000000 
54564776.000000 22804876.000000 
63040856.000000 20052966.000000 
59752842.000000 20850500.000000 
59562556.000000 20988902.000000 
54500328.000000 23294844.000000 
51484316.000000 23934410.000000 
54266092.000000 23296148.000000 
51032990.000000 24147058.000000 
51245072.000000 23962916.000000 
59181050.000000 21041590.000000 
56234132.000000 21959214.000000 
56618032.000000 21675846.000000 
56468230.000000 21931184.000000 
56665912.000000 21672822.000000 
62982752.000000 20057180.000000 
63738538.000000 19819534.000000 
64157550.000000 19681600.000000 
64562854.000000 19576848.000000 
64769140.000000 19363002.000000 
56577748.000000 21930788.000000 
52772150.000000 23651134.000000 
60021190.000000 20846036.000000 
59547224.000000 21035326.000000 
56814036.000000 21585346.000000 
56766156.000000 21588370.000000 
52719124.000000 23654634.000000 
60276698.000000 20548808.000000 
63358288.000000 19941470.000000 
45930478.000000 26578886.000000 
60313106.000000 20415702.000000 
45660536.000000 26620882.000000 
45143152.000000 27977052.000000 
44878598.000000 28018680.000000 
44687000.000000 28063358.000000 
58938842.000000 21053806.000000 
64011532.000000 19708038.000000 
60561482.000000 20276552.000000 
57061412.000000 21398268.000000 
56972732.000000 21410450.000000 
55968004.000000 22119424.000000 
46658176.000000 26143890.000000 
65103230.000000 19262642.000000 
53782678.000000 23465986.000000 
55074992.000000 22568996.000000 
54845540.000000 22592092.000000 
45413842.000000 27644634.000000 
45605440.000000 27600172.000000 
60597890.000000 20143446.000000 
63300184.000000 19945684.000000 
55389932.000000 22212774.000000 
55160480.000000 22235870.000000 
46387378.000000 26189010.000000 
50595618.000000 24417986.000000 
49552338.000000 24599466.000000 
53275716.000000 23473426.000000 
49356598.000000 24716864.000000 
49393708.000000 24602384.000000 
47516516.000000 24720976.000000 
55705716.000000 22135898.000000 
55476264.000000 22158994.000000 
57203758.000000 21240964.000000 
56077060.000000 22066566.000000 
49197968.000000 24719782.000000 
47361456.000000 24838722.000000 
57115078.000000 21253146.000000 
64492348.000000 19581230.000000 
51778760.000000 23655640.000000 

58758960.000000 19340648.000000 
58427678.000000 19578448.000000 
58398140.000000 19749986.000000 
58674664.000000 19512170.000000 
39021962.000000 38102084.000000 
38781520.000000 38115098.000000 
53967828.000000 20183094.000000 
53400536.000000 20301980.000000 
60194594.000000 18853350.000000 
59810722.000000 18933104.000000 
59727198.000000 19123970.000000 
54274994.000000 20015440.000000 
51044170.000000 22301756.000000 
39536450.000000 34406258.000000 
52863922.000000 20793806.000000 
39423502.000000 34503428.000000 
52330774.000000 21143590.000000 
59241498.000000 19324904.000000 
59270264.000000 19134022.000000 
39942004.000000 33847104.000000 
37589056.000000 40814812.000000 
48746796.000000 23648530.000000 
54400888.000000 19994460.000000 
41050978.000000 31329318.000000 
51873056.000000 21643250.000000 
37920642.000000 38641612.000000 
39284710.000000 36789614.000000 
52844852.000000 21009830.000000 
52003448.000000 21461762.000000 
45642748.000000 25112094.000000 
52864026.000000 20694684.000000 
53400640.000000 20202858.000000 
43794798.000000 28019294.000000 
45621570.000000 25150186.000000 
37702004.000000 40717642.000000 
39397658.000000 36692444.000000 
43745266.000000 28109224.000000 
40054952.000000 33749934.000000 
43803084.000000 27881540.000000 
43515974.000000 28236512.000000 
42916390.000000 28950584.000000 
52456704.000000 21048476.000000 
40891504.000000 31423704.000000 
44411962.000000 25300692.000000 
43775704.000000 28048318.000000 
43846360.000000 25670918.000000 
43827266.000000 25699942.000000 
44133470.000000 25315946.000000 
40105960.000000 32044232.000000 
38751072.000000 38373864.000000 
43526200.000000 28192770.000000 
43237786.000000 28550886.000000 
44114376.000000 25344970.000000 
43204804.000000 28592468.000000 
43029338.000000 28853414.000000 
39052302.000000 37157814.000000 
43317752.000000 28495298.000000 
40395422.000000 31685702.000000 
38321956.000000 38529320.000000 
41843442.000000 30125300.000000 
41255496.000000 30498952.000000 
41544958.000000 30140422.000000 
40218908.000000 31947062.000000 
38033590.000000 38544442.000000 
40806854.000000 31573410.000000 
40508370.000000 31588532.000000 
38462706.000000 38388986.000000 
42331126.000000 29617858.000000 
42620588.000000 29259328.000000 
52993318.000000 20564194.000000 
65397428.000000 18625234.000000 
48129654.000000 24387642.000000 
51111482.000000 22280572.000000 
51674358.000000 21721504.000000 
49595252.000000 23156134.000000 
50604808.000000 22314388.000000 
52322162.000000 21378278.000000 
50240360.000000 22701962.000000 
48149662.000000 24162920.000000 
47996890.000000 24457300.000000 
49621150.000000 22987682.000000 
49166346.000000 23206522.000000 
47901016.000000 24902810.000000 
47589516.000000 24978402.000000 
65420070.000000 18434414.000000 
50458036.000000 22529980.000000 
48176488.000000 23981452.000000 
49017838.000000 23525754.000000 
51136904.000000 21816792.000000 
49702906.000000 22710930.000000 

54719604.000000 21394834.000000 
55903146.000000 20835772.000000 
55624220.000000 21244730.000000 
57582836.000000 20258910.000000 
57564326.000000 20416216.000000 
55353882.000000 21346228.000000 
48589626.000000 27112876.000000 
57093606.000000 20701092.000000 
55631424.000000 20860648.000000 
57097376.000000 20543836.000000 
54436926.000000 21419754.000000 
50000282.000000 25188288.000000 
52463754.000000 22858342.000000 
51501634.000000 23442676.000000 
50118856.000000 24585902.000000 
50037922.000000 24641592.000000 
51420700.000000 23498366.000000 
52027614.000000 23430728.000000 
51051484.000000 23740688.000000 
50970550.000000 23796044.000000 
44551926.000000 30225416.000000 
48641714.000000 26964304.000000 
54401602.000000 21608504.000000 
48722648.000000 26904842.000000 
54239580.000000 21833526.000000 
47312328.000000 27968796.000000 
45017584.000000 29167118.000000 
47417934.000000 27408638.000000 
47470486.000000 27253558.000000 
47364880.000000 27813716.000000 
45070106.000000 29011992.000000 
48823934.000000 26129708.000000 
48771846.000000 26278280.000000 
53368210.000000 22174494.000000 
53532492.000000 21966176.000000 
44632842.000000 30166290.000000 
48904868.000000 26070246.000000 
47551420.000000 27194096.000000 
45151022.000000 28952866.000000 
52499100.000000 22530738.000000 
53114012.000000 22389334.000000 
52078362.000000 22952222.000000 
52156282.000000 22882824.000000 
53883908.000000 21872340.000000 
53446130.000000 22105096.000000 
52861472.000000 22436858.000000 
52577020.000000 22461340.000000 
53191932.000000 22319936.000000 
55396772.000000 21269624.000000 
53610412.000000 21896778.000000 

45893300.000000 36465372.000000 
46595790.000000 36451088.000000 
66664936.000000 20089608.000000 
74188968.000000 18919322.000000 
62936232.000000 20719194.000000 
68223132.000000 20082896.000000 
50617628.000000 28810088.000000 
54221342.000000 23256840.000000 
50390140.000000 29097016.000000 
56422140.000000 21854764.000000 
56417382.000000 22072234.000000 
56115180.000000 22916928.000000 
51505250.000000 27061522.000000 
53313662.000000 23266210.000000 
51786402.000000 24318716.000000 
56229364.000000 22814312.000000 
50070714.000000 29170330.000000 
50653290.000000 28115810.000000 
52002938.000000 23620626.000000 
46910576.000000 33736766.000000 
47765016.000000 32682326.000000 
56272388.000000 22600610.000000 
56633654.000000 21376316.000000 
52809346.000000 23610752.000000 
50869486.000000 27418050.000000 
51363322.000000 27234580.000000 
56638412.000000 21156662.000000 
57944480.000000 20802246.000000 
49948976.000000 31716282.000000 
51640370.000000 25064514.000000 
47952982.000000 32499136.000000 
68525058.000000 19717162.000000 
50455914.000000 28976232.000000 
47981250.000000 31984566.000000 
48135316.000000 31801086.000000 
47227822.000000 33542666.000000 
47465774.000000 33468656.000000 
58920286.000000 20788314.000000 
57512946.000000 21142226.000000 
48337762.000000 31722438.000000 
82465454.000000 18496978.000000 

36146428.000000 41330136.000000 
37041548.000000 39540728.000000 
38986730.000000 34724832.000000 
35846662.000000 41350886.000000 
38421180.000000 36275342.000000 
38568650.000000 35984846.000000 
39134200.000000 34434358.000000 
51401686.000000 22885728.000000 
48497946.000000 23636634.000000 
46683538.000000 24661862.000000 
44833890.000000 25653856.000000 
45355638.000000 25467066.000000 
43515974.000000 28236512.000000 
51351556.000000 22917654.000000 
47155340.000000 23671802.000000 
47174416.000000 23639008.000000 
45696006.000000 24679534.000000 
43846360.000000 25670918.000000 
45676912.000000 24708558.000000 
45334460.000000 25505158.000000 
43745266.000000 28109224.000000 
43827266.000000 25699942.000000 
39357048.000000 34321738.000000 
39922526.000000 32771242.000000 
36741782.000000 39561478.000000 
55890444.000000 22276638.000000 
39775056.000000 33061716.000000 
55638418.000000 22486816.000000 
41941528.000000 30618544.000000 
41809964.000000 32176454.000000 
41497958.000000 32473282.000000 
41690072.000000 32198960.000000 
41617850.000000 32450776.000000 
42178564.000000 28770926.000000 
41997006.000000 29062016.000000 
42809968.000000 28704200.000000 
42802688.000000 28769628.000000 

40963998.000000 46275848.000000 
39592756.000000 48154484.000000 
44053142.000000 37744104.000000 
40342038.000000 47277488.000000 
41713116.000000 45402152.000000 
42740368.000000 43917124.000000 
42292070.000000 45339168.000000 
44941274.000000 36022920.000000 
41595568.000000 45562220.000000 
50478840.000000 26840310.000000 
43330206.000000 38839608.000000 
44958050.000000 31514742.000000 
44224898.000000 36986424.000000 
42344102.000000 44701732.000000 
45531990.000000 30051136.000000 
56971436.000000 22339522.000000 
57231322.000000 21484242.000000 
59408340.000000 20826532.000000 
56358690.000000 22452118.000000 
56651578.000000 22441322.000000 
55199094.000000 22460518.000000 
52571310.000000 24754744.000000 
53156278.000000 24513336.000000 
54366138.000000 22847336.000000 
54884388.000000 22471320.000000 
54051432.000000 22858138.000000 
52899864.000000 24525870.000000 
50053180.000000 26878426.000000 
49899038.000000 26964078.000000 
56656730.000000 22350324.000000 
51370442.000000 25758434.000000 
51738354.000000 25141562.000000 
51423648.000000 25152364.000000 
50682456.000000 26168118.000000 
50528314.000000 26348110.000000 
51216300.000000 25938426.000000 
52256604.000000 24765546.000000 
53439338.000000 23851922.000000 
48454948.000000 28061798.000000 
53695752.000000 23839388.000000 
48030240.000000 28307086.000000 
53755298.000000 23334842.000000 
54011712.000000 23322308.000000 
46346130.000000 29736788.000000 
49460096.000000 27050610.000000 
48628852.000000 27423000.000000 
47611566.000000 28579332.000000 
48560170.000000 27957426.000000 
53385894.000000 24198906.000000 
52840404.000000 24720292.000000 
53302840.000000 24204870.000000 
48404812.000000 28245838.000000 
46940362.000000 28951762.000000 

62399540.000000 22846478.000000 
59172888.000000 22921656.000000 
62752786.000000 22643354.000000 
59285048.000000 22919980.000000 
62547098.000000 22647422.000000 
58988498.000000 22980280.000000 
44704990.000000 28331266.000000 
42802688.000000 28769628.000000 
44712270.000000 28265838.000000 
47947996.000000 27003506.000000 
44930082.000000 28083126.000000 
47955276.000000 26938078.000000 
42809968.000000 28704200.000000 
48129024.000000 26878536.000000 
48179316.000000 26849348.000000 
46903368.000000 27130124.000000 
45996424.000000 27259784.000000 
44937178.000000 28017098.000000 
46749348.000000 27215814.000000 
42178564.000000 28770926.000000 
58876338.000000 22981956.000000 
43919820.000000 28339556.000000 
45134020.000000 27316412.000000 
44980000.000000 27402102.000000 
43892282.000000 28544956.000000 
41997006.000000 29062016.000000 
41941528.000000 30618544.000000 
54929330.000000 24789116.000000 
55370444.000000 24311540.000000 
52050514.000000 25046868.000000 
48825602.000000 26004000.000000 
49809208.000000 25457330.000000 
51505134.000000 25177900.000000 
48792684.000000 26005138.000000 
51512472.000000 25112030.000000 
49271166.000000 25522492.000000 
49039464.000000 25586056.000000 
48317660.000000 26067564.000000 
55321712.000000 24736454.000000 
57380492.000000 23789084.000000 
56421960.000000 24067330.000000 
56833154.000000 23864288.000000 

48941922.000000 26552690.000000 
44847730.000000 29858550.000000 
44638004.000000 29943532.000000 
44673676.000000 29860250.000000 
45534584.000000 28874882.000000 
48710356.000000 27366588.000000 
45358662.000000 28878918.000000 
45224194.000000 28923118.000000 
44933472.000000 29278350.000000 
45067940.000000 29234150.000000 
42046346.000000 33372840.000000 
41728956.000000 33718044.000000 
44910244.000000 29349110.000000 
45200966.000000 28993878.000000 
62799156.000000 20597250.000000 
39020426.000000 36444692.000000 
39338512.000000 36089726.000000 
63056818.000000 20352332.000000 
41881140.000000 33716636.000000 
42019910.000000 33675344.000000 
42337300.000000 33330140.000000 
40035938.000000 34792890.000000 
42198530.000000 33371432.000000 
40353328.000000 34447686.000000 
49334280.000000 25624090.000000 
62756008.000000 20718640.000000 
49714308.000000 25024950.000000 
50013630.000000 24669048.000000 
48945342.000000 26284396.000000 
49538682.000000 25029056.000000 
49434628.000000 25562154.000000 
49838004.000000 24673154.000000 
49135306.000000 25918056.000000 
49034958.000000 25979992.000000 
49821642.000000 24743908.000000 
49306602.000000 25676014.000000 
49007280.000000 26031916.000000 
49522320.000000 25099810.000000 
54487434.000000 23416328.000000 
54312528.000000 23419228.000000 
54840748.000000 22969728.000000 
54541426.000000 23325630.000000 
54786756.000000 23060426.000000 
54611850.000000 23063326.000000 
55015654.000000 22966828.000000 
55633598.000000 22959014.000000 
55673280.000000 22884444.000000 
63289880.000000 20103638.000000 
42558334.000000 32425426.000000 
60010298.000000 21371476.000000 
59933188.000000 21578484.000000 
62916714.000000 20520014.000000 
65635654.000000 19636274.000000 
65573610.000000 19680476.000000 
65900000.000000 19317308.000000 
42680448.000000 32191946.000000 
42752472.000000 31898060.000000 
62994080.000000 20395952.000000 
53091284.000000 23425676.000000 
46870560.000000 28037448.000000 
43099200.000000 31386928.000000 
42486310.000000 32719312.000000 
63486420.000000 19745650.000000 
59727978.000000 21723448.000000 
63185610.000000 20111958.000000 
63064606.000000 20166464.000000 
42916430.000000 31641770.000000 
43416686.000000 31035182.000000 
43802642.000000 30377372.000000 
44120128.000000 30025626.000000 
63294890.000000 20030120.000000 
46582164.000000 28639692.000000 
43069958.000000 31543756.000000 
43420744.000000 30691648.000000 
63711694.000000 19682824.000000 
65962044.000000 19273106.000000 
65774770.000000 19335916.000000 
65712726.000000 19380118.000000 
63590690.000000 19737330.000000 
63365416.000000 19800156.000000 
52851322.000000 23511180.000000 
43103258.000000 31043394.000000 
46769004.000000 28042654.000000 
47086490.000000 27690908.000000 
47188046.000000 27685702.000000 
52560380.000000 23867082.000000 
48209952.000000 27393352.000000 
48108396.000000 27398558.000000 
56077148.000000 22494758.000000 
56385608.000000 22146032.000000 
56072862.000000 22574210.000000 
48017676.000000 27654064.000000 
60569950.000000 20771648.000000 
60287630.000000 21123620.000000 
60052500.000000 21200848.000000 
60334820.000000 20848876.000000 
56381322.000000 22225484.000000 
52675856.000000 23514080.000000 
52915818.000000 23428576.000000 
52624876.000000 23784478.000000 
52384914.000000 23869982.000000 
47916180.000000 27659270.000000 
38477696.000000 41733274.000000 
37590386.000000 42214672.000000 
38867212.000000 41601010.000000 
37979902.000000 42082408.000000 
37922172.000000 42103306.000000 
37035094.000000 42581450.000000 
38122864.000000 42029828.000000 
38240664.000000 41741406.000000 
37353354.000000 42222804.000000 
37235554.000000 42511226.000000 
36917294.000000 42869872.000000 

65299950.000000 22305366.000000 
57763870.000000 27505614.000000 
47134828.000000 38887748.000000 
64883810.000000 22653632.000000 
63067732.000000 23413996.000000 
59166764.000000 25802534.000000 
62190652.000000 23770558.000000 
58809836.000000 26546848.000000 
43274234.000000 41623802.000000 
63342742.000000 23086618.000000 
59795486.000000 25296142.000000 
60152414.000000 24456032.000000 
61780308.000000 24162482.000000 
63811878.000000 22738594.000000 
62318730.000000 23475986.000000 
55854058.000000 28590286.000000 
55866262.000000 27816428.000000 
49293384.000000 33749346.000000 
49685722.000000 33280050.000000 
45733832.000000 39395814.000000 
46682490.000000 39025250.000000 
45320516.000000 40096358.000000 
43971088.000000 40249938.000000 
56812560.000000 27697752.000000 
53958458.000000 28788456.000000 
55861780.000000 28127780.000000 
53953976.000000 29099808.000000 
46546652.000000 39030832.000000 
47935582.000000 35257982.000000 
52432836.000000 30417264.000000 
48327920.000000 34549196.000000 
49394924.000000 33417174.000000 
50753156.000000 32149868.000000 
49002586.000000 34125960.000000 
50360818.000000 32619164.000000 
48976322.000000 34214398.000000 
47613434.000000 35721194.000000 
48026334.000000 35017340.000000 
47207090.000000 38214428.000000 
43550924.000000 40950490.000000 
57729564.000000 27614774.000000 

43794798.000000 28019294.000000 
43775704.000000 28048318.000000 
40891504.000000 31423704.000000 
58237082.000000 22559370.000000 
46975628.000000 24306654.000000 
40218908.000000 31947062.000000 
40508370.000000 31588532.000000 
45404364.000000 25283610.000000 
43803084.000000 27881540.000000 
43515974.000000 28236512.000000 
38787178.000000 35412336.000000 
46261608.000000 24309092.000000 
43745266.000000 28109224.000000 
36222878.000000 44443320.000000 
43204804.000000 28592468.000000 
39150974.000000 34830658.000000 
43029338.000000 28853414.000000 
43317752.000000 28495298.000000 
42916390.000000 28950584.000000 
43526200.000000 28192770.000000 
40032226.000000 33663282.000000 
39728466.000000 34446274.000000 
39477624.000000 34461528.000000 
39159394.000000 34816858.000000 
38234476.000000 37398340.000000 
38525942.000000 37042558.000000 
45125980.000000 25298864.000000 
38900024.000000 34845912.000000 
39464224.000000 34475348.000000 
41544958.000000 30140422.000000 
37994094.000000 37407842.000000 
38285560.000000 37052060.000000 
36623714.000000 38407394.000000 
45621570.000000 25150186.000000 
41843442.000000 30125300.000000 
42909354.000000 29037560.000000 
42464976.000000 29399690.000000 
42196518.000000 29414944.000000 
42640896.000000 29052814.000000 
42326902.000000 29407790.000000 
43827266.000000 25699942.000000 
44411962.000000 25300692.000000 
39213274.000000 34490602.000000 
42778970.000000 29044714.000000 
36672286.000000 38066734.000000 
36915180.000000 38051612.000000 
36380820.000000 38422516.000000 
45676912.000000 24708558.000000 
45642748.000000 25112094.000000 
42510512.000000 29059968.000000 
43237786.000000 28550886.000000 
41255496.000000 30498952.000000 
45696006.000000 24679534.000000 
43846360.000000 25670918.000000 
45983116.000000 24324346.000000 
45964022.000000 24353370.000000 
44133470.000000 25315946.000000 
44114376.000000 25344970.000000 
48016606.000000 23102542.000000 
47155340.000000 23671802.000000 
47442450.000000 23316138.000000 
47743820.000000 23268090.000000 
48303716.000000 22746878.000000 
48035682.000000 23073520.000000 
47174416.000000 23639008.000000 
48605534.000000 22702602.000000 
48322792.000000 22717856.000000 
47461526.000000 23283344.000000 
57884220.000000 22600364.000000 
35502038.000000 46622090.000000 
35113296.000000 49177952.000000 
35409806.000000 48407886.000000 
36140512.000000 46293646.000000 
57906884.000000 22562780.000000 
61615264.000000 22127038.000000 
58976050.000000 22526754.000000 
61019380.000000 22192802.000000 

55136718.000000 20905984.000000 
56574022.000000 19942828.000000 
56255772.000000 20110474.000000 
56364282.000000 20025332.000000 
57465632.000000 19482790.000000 
53109258.000000 22151952.000000 
52662946.000000 22410066.000000 
52528398.000000 22419566.000000 
52219976.000000 22493478.000000 
49497216.000000 24374178.000000 
52076150.000000 22920458.000000 
52806762.000000 22225814.000000 
53222636.000000 21888674.000000 
49489818.000000 24458186.000000 
49196828.000000 24621652.000000 
49204226.000000 24537644.000000 
57043000.000000 19513742.000000 
42077654.000000 32130450.000000 
39077834.000000 38620714.000000 
50087330.000000 24329950.000000 
56813496.000000 19585200.000000 
54457504.000000 20923898.000000 
53700358.000000 21526960.000000 
51724878.000000 23206220.000000 
50406758.000000 23581410.000000 
50414156.000000 23497402.000000 
48695842.000000 24820118.000000 
55320004.000000 20742972.000000 
50111510.000000 23743202.000000 
51429630.000000 23368012.000000 
50118908.000000 23659194.000000 
48400718.000000 24981962.000000 
48149558.000000 25538316.000000 
46807308.000000 25702628.000000 
38761750.000000 38972224.000000 
53389678.000000 21599198.000000 
55919582.000000 20201152.000000 
54152750.000000 20994042.000000 
53139216.000000 22047420.000000 
42044278.000000 32356664.000000 
41729682.000000 32706016.000000 
41917652.000000 32497794.000000 
42618728.000000 29526616.000000 
41090810.000000 36829242.000000 
41436172.000000 33536036.000000 
42150528.000000 30446628.000000 
42806698.000000 29318394.000000 
43603228.000000 28178826.000000 
43043834.000000 28775074.000000 
43209676.000000 28410384.000000 
42578802.000000 29682494.000000 
46614766.000000 25703158.000000 
44029814.000000 27324814.000000 
43635406.000000 27559496.000000 
44583062.000000 26766584.000000 
55637448.000000 20575228.000000 
53830408.000000 21429042.000000 
45005208.000000 26047342.000000 
53973296.000000 21257806.000000 
39773440.000000 37309898.000000 
56699328.000000 19790108.000000 
55774854.000000 20422512.000000 
41338444.000000 35432596.000000 
40084516.000000 36968468.000000 

61671978.000000 22684718.000000 
44826512.000000 36944570.000000 
58175658.000000 23413464.000000 
60127960.000000 22842058.000000 
57775752.000000 23672114.000000 
51013858.000000 28412450.000000 
49583104.000000 32178264.000000 
49096628.000000 32366582.000000 
50879370.000000 30328768.000000 
50423334.000000 30442618.000000 
47646654.000000 33405428.000000 
50305098.000000 30747896.000000 
50956510.000000 30135374.000000 
49755384.000000 31227596.000000 
49764904.000000 30800414.000000 
52316452.000000 25344340.000000 
55936404.000000 24639078.000000 
47111746.000000 33897836.000000 
56394864.000000 24637740.000000 
50400870.000000 30596662.000000 
48443060.000000 32589666.000000 
45024684.000000 35579490.000000 
56649402.000000 23896332.000000 
45821158.000000 34711542.000000 
52318820.000000 25303972.000000 
51611388.000000 26731332.000000 
53869082.000000 25146622.000000 
54858478.000000 24991266.000000 
53313350.000000 25157280.000000 

43570322.000000 37167840.000000 
43980968.000000 36078174.000000 
46380968.000000 33264928.000000 
46314980.000000 33448520.000000 
43616572.000000 37110082.000000 
44027218.000000 36020416.000000 
44945078.000000 35303706.000000 
44426218.000000 36000728.000000 
47999752.000000 28614382.000000 
49195800.000000 27010064.000000 
49400406.000000 26592200.000000 
46968272.000000 29965754.000000 
45551556.000000 34005040.000000 
45950556.000000 33985352.000000 
45140910.000000 35094706.000000 
49425978.000000 26494702.000000 
48954758.000000 27131200.000000 
49098112.000000 27034804.000000 
48452384.000000 27440386.000000 
47742384.000000 29024104.000000 
47846780.000000 28888754.000000 
47214086.000000 29198680.000000 
48531456.000000 27256058.000000 
47084366.000000 29237154.000000 
46433772.000000 33024552.000000 
45934016.000000 33986408.000000 
48152308.000000 28093222.000000 
45523370.000000 35076074.000000 
46834348.000000 33006090.000000 
55232656.000000 24506774.000000 
55310614.000000 24399972.000000 
56365686.000000 23421928.000000 
56151156.000000 24371310.000000 
56353446.000000 24267356.000000 
59487598.000000 22126194.000000 
51700162.000000 25452302.000000 
51769844.000000 25355938.000000 
51030566.000000 25590380.000000 
50924506.000000 25776602.000000 
57605960.000000 22299032.000000 
52022758.000000 24777574.000000 
52923094.000000 24736322.000000 

61525648.000000 22241422.000000 
47887692.000000 36359524.000000 
61818806.000000 22208432.000000 
69162210.000000 22154766.000000 
69259812.000000 22121558.000000 
49309658.000000 31346628.000000 
47110038.000000 38341684.000000 
56687810.000000 24571482.000000 
50566074.000000 30278352.000000 
50356530.000000 31164028.000000 
50701832.000000 29693192.000000 
54747068.000000 25571808.000000 
56256156.000000 24924708.000000 
51748704.000000 29513504.000000 
51958248.000000 28436236.000000 
48767612.000000 35700660.000000 
45742620.000000 38532940.000000 
59402042.000000 22731700.000000 
53898630.000000 25757738.000000 
52220460.000000 28282102.000000 
47128614.000000 36879448.000000 
59642204.000000 22698468.000000 
56375964.000000 24606794.000000 
55906550.000000 24973284.000000 
52738080.000000 26021082.000000 
52468966.000000 26577264.000000 
48793046.000000 35663212.000000 

38972048.000000 46045308.000000 
38493668.000000 47792656.000000 
38024052.000000 53722050.000000 
38312036.000000 53365214.000000 
37720950.000000 54378490.000000 
38862880.000000 46257690.000000 
39171084.000000 45898290.000000 
39280252.000000 45685908.000000 
41891122.000000 41045406.000000 
41089550.000000 41435204.000000 
43557904.000000 34979174.000000 
43942026.000000 33235798.000000 
42956648.000000 35366918.000000 
42131970.000000 39643726.000000 
42637838.000000 36196718.000000 
39803792.000000 43736734.000000 
37779520.000000 54230136.000000 
43253480.000000 35011026.000000 
41404140.000000 41073442.000000 
40620858.000000 42822808.000000 
41757144.000000 41064438.000000 
39980836.000000 43210930.000000 
40299360.000000 42850726.000000 
38801576.000000 47433928.000000 
39643516.000000 44839354.000000 
38064606.000000 53623568.000000 
38726458.000000 47651366.000000 
40190300.000000 43158916.000000 
38418550.000000 48010094.000000 
42464694.000000 36241164.000000 
42428910.000000 37164220.000000 
39530538.000000 45086408.000000 
39324992.000000 45199558.000000 
57162794.000000 24463394.000000 
38335190.000000 52876410.000000 
38818898.000000 47203400.000000 
42436150.000000 36455410.000000 
52791544.000000 24884040.000000 
40971924.000000 41652640.000000 
42420396.000000 39426106.000000 
39871776.000000 43519120.000000 
41286514.000000 41290878.000000 
42247214.000000 39494400.000000 
41932624.000000 39856162.000000 
39694732.000000 43949128.000000 
42675466.000000 35530870.000000 
52948786.000000 24876820.000000 
57319976.000000 24456306.000000 
51583040.000000 25269342.000000 
57082902.000000 24544606.000000 
51343882.000000 25366710.000000 
53264406.000000 24717982.000000 
43930080.000000 33364422.000000 
53421588.000000 24710894.000000 
52140308.000000 24910990.000000 
53184514.000000 24799194.000000 
51898014.000000 24917832.000000 
51658856.000000 25015200.000000 
53027332.000000 24806282.000000 
47616562.000000 25910146.000000 
44733380.000000 29758454.000000 
44500314.000000 29774374.000000 
44436548.000000 30114346.000000 
44203482.000000 30130266.000000 
45808856.000000 27663060.000000 
45244246.000000 28034552.000000 
45069236.000000 28054558.000000 
43574434.000000 34293918.000000 
47200538.000000 25946204.000000 
47375548.000000 25926198.000000 
47051952.000000 26281638.000000 
46876942.000000 26301644.000000 
45392832.000000 27699118.000000 
45567842.000000 27679112.000000 
46796532.000000 27507660.000000 
43957200.000000 33040702.000000 
44132228.000000 33022134.000000 
43633604.000000 33396142.000000 
43808632.000000 33377574.000000 
42972298.000000 35174978.000000 
56925720.000000 24551694.000000 
48593506.000000 25695558.000000 
48683404.000000 25675306.000000 
48924086.000000 25664880.000000 

54155238.000000 31041788.000000 
53366526.000000 31539010.000000 
54412402.000000 30401130.000000 
50110928.000000 34392050.000000 
53313726.000000 31795386.000000 
50076664.000000 34529504.000000 
54829878.000000 30387540.000000 
49785210.000000 34555738.000000 
57780318.000000 27235814.000000 
55882924.000000 29078964.000000 
43793330.000000 40827420.000000 
59187954.000000 25838140.000000 
49492760.000000 34894866.000000 
59693816.000000 24731926.000000 
55297128.000000 29996494.000000 
50235210.000000 34362602.000000 
57924990.000000 27056082.000000 
58868472.000000 26218458.000000 
56981616.000000 27809458.000000 
56405466.000000 28830594.000000 
57744884.000000 27805378.000000 
56527056.000000 27892878.000000 
55391172.000000 29917956.000000 
56217260.000000 28964180.000000 
53162424.000000 31799208.000000 
50306400.000000 33737854.000000 
56044058.000000 29057842.000000 
50377990.000000 33121200.000000 
50621580.000000 32966904.000000 
47263210.000000 36733176.000000 
44210526.000000 40232700.000000 
58799722.000000 26306110.000000 
59587744.000000 25803298.000000 
59862762.000000 24694860.000000 
58403724.000000 26781658.000000 
55711840.000000 29122506.000000 
48175020.000000 35317208.000000 
50701884.000000 32254474.000000 
50630544.000000 32879552.000000 
52463688.000000 32138114.000000 
50471998.000000 33042814.000000 
44964532.000000 39741042.000000 
45010382.000000 38562282.000000 
45087126.000000 38558158.000000 
43877488.000000 40703060.000000 
43069346.000000 42523184.000000 
42984420.000000 43741742.000000 

58033628.000000 23899740.000000 
44216840.000000 33169818.000000 
46583462.000000 31857114.000000 
46834250.000000 30840654.000000 
48355654.000000 28358152.000000 
48193924.000000 28408214.000000 
45367658.000000 31957506.000000 
44672098.000000 32486006.000000 
46424832.000000 31898046.000000 
44256176.000000 32534128.000000 
44949832.000000 32018098.000000 
46679300.000000 30890046.000000 
57710550.000000 23940878.000000 
61031482.000000 23647892.000000 
60142076.000000 23728306.000000 
57663246.000000 24186118.000000 
59241888.000000 23763884.000000 
54716316.000000 24784162.000000 
54521078.000000 24825776.000000 
51117704.000000 27148104.000000 
42324696.000000 49051950.000000 
55643258.000000 24349882.000000 
48691420.000000 27597046.000000 
55320210.000000 24391018.000000 
53979960.000000 24872530.000000 
51531570.000000 25281966.000000 
51173314.000000 26784176.000000 
56763088.000000 24221694.000000 
47563582.000000 30375784.000000 
47441206.000000 30636664.000000 
43682688.000000 47538732.000000 
47264456.000000 30648502.000000 
65761882.000000 22635276.000000 
43178224.000000 48956256.000000 
48752176.000000 27233118.000000 

52997134.000000 25205060.000000 
57215304.000000 24415826.000000 
58320032.000000 23761146.000000 
58611060.000000 23427488.000000 
45326196.000000 34090176.000000 
52460226.000000 26500464.000000 
52249134.000000 26553698.000000 
51365270.000000 26706566.000000 
45627984.000000 30589336.000000 
52554684.000000 25256088.000000 
57638374.000000 24057564.000000 
56541884.000000 24900458.000000 
62291884.000000 23405510.000000 
44121274.000000 39557920.000000 
45556572.000000 30793496.000000 
48338876.000000 27086794.000000 
45019228.000000 37917314.000000 
45526194.000000 30892382.000000 
62521340.000000 23057056.000000 
65484092.000000 23047734.000000 
47896426.000000 27137822.000000 
46210396.000000 28379572.000000 
46657052.000000 28328542.000000 

48116774.000000 42862836.000000 
54383668.000000 28170340.000000 
49449976.000000 33285926.000000 
52365258.000000 28205974.000000 
51467626.000000 33257492.000000 

55471772.000000 21306052.000000 
56527090.000000 20241492.000000 
41767720.000000 38505190.000000 
41448644.000000 38857572.000000 
40948776.000000 41113156.000000 
40629700.000000 41465322.000000 
42107200.000000 38341176.000000 
42783948.000000 36155976.000000 
42549864.000000 37152176.000000 
42458334.000000 37168622.000000 
46274228.000000 28330424.000000 
41249140.000000 39476500.000000 
42138962.000000 37521676.000000 
41413958.000000 39420250.000000 
45648340.000000 29241290.000000 
45858008.000000 28563830.000000 
47712906.000000 26012752.000000 
40595788.000000 42103900.000000 
40430970.000000 42160150.000000 
47156254.000000 26661376.000000 
43122470.000000 34021946.000000 
42808710.000000 34369872.000000 
42235472.000000 37505210.000000 
51394346.000000 22856002.000000 
43765528.000000 32185276.000000 
42881356.000000 34198274.000000 
44084268.000000 31837330.000000 
43195116.000000 33850348.000000 
43486312.000000 32188968.000000 
43800072.000000 31841042.000000 
44892112.000000 30925872.000000 
55488890.000000 20981406.000000 
48888992.000000 24747740.000000 
49007548.000000 24094218.000000 
47637908.000000 26312892.000000 
50170726.000000 22981074.000000 
47531368.000000 26349776.000000 
50065380.000000 23017956.000000 
49132610.000000 23716330.000000 
54459712.000000 22046654.000000 
45205904.000000 30576058.000000 
46503346.000000 27425512.000000 
50048500.000000 23634730.000000 
47876932.000000 25488156.000000 
49943154.000000 23671612.000000 
47839162.000000 25635942.000000 
46700930.000000 26748696.000000 
48904954.000000 24411340.000000 
49027264.000000 23753212.000000 
47732622.000000 25672826.000000 
46807470.000000 26711812.000000 
46609886.000000 27388628.000000 
47995572.000000 24830162.000000 
48100918.000000 24793280.000000 
54563152.000000 22009790.000000 
55592330.000000 20944542.000000 
47982278.000000 25451274.000000 

50940480.000000 24601414.000000 
50461600.000000 24622542.000000 
50437538.000000 24854842.000000 
45777762.000000 27948612.000000 
45204216.000000 28302032.000000 
45297024.000000 28069734.000000 
45870570.000000 27716314.000000 
51113468.000000 23813698.000000 
51137530.000000 23581398.000000 
51626006.000000 23562750.000000 
44462594.000000 30777058.000000 
44653588.000000 30099858.000000 
44508510.000000 30379288.000000 
48094876.000000 26465888.000000 
40635688.000000 35304228.000000 
44317516.000000 31056488.000000 
48260800.000000 26392960.000000 
48497362.000000 26283634.000000 
42746272.000000 32995232.000000 
42723924.000000 33003850.000000 
42937460.000000 32419428.000000 
40826876.000000 34728424.000000 
41400880.000000 33037682.000000 
41209692.000000 33613486.000000 
42915112.000000 32428046.000000 
45141558.000000 28648882.000000 
50966286.000000 24590740.000000 
44226518.000000 32101296.000000 
44950564.000000 29326082.000000 
45095642.000000 29046652.000000 
44444924.000000 30849682.000000 
50135310.000000 24981604.000000 
60801002.000000 19005484.000000 
44016140.000000 32300742.000000 
54725486.000000 21742350.000000 
48232166.000000 26415270.000000 
48249202.000000 26397460.000000 
46401188.000000 26757558.000000 
46546874.000000 26486170.000000 
46284236.000000 27136886.000000 
48880208.000000 25914142.000000 
48897244.000000 25896332.000000 
48980174.000000 25260636.000000 
48997210.000000 25242826.000000 
48736650.000000 26100482.000000 
48753686.000000 26082672.000000 
56075478.000000 19710542.000000 
57852156.000000 19645964.000000 
59318350.000000 19052462.000000 
53807720.000000 21816450.000000 
54069890.000000 21782220.000000 
55082750.000000 20115794.000000 
53494560.000000 21924500.000000 
51947686.000000 23062096.000000 
54739802.000000 20815868.000000 
52865296.000000 22228838.000000 
63052500.000000 18778448.000000 
58790064.000000 19404400.000000 
56740476.000000 19701040.000000 
53076494.000000 22196568.000000 
52501832.000000 22329752.000000 
64723264.000000 18612390.000000 
63097994.000000 18658440.000000 
58180730.000000 19408646.000000 

54701214.000000 24637146.000000 
49629126.000000 24894184.000000 
49836324.000000 24664664.000000 
54900874.000000 24407638.000000 
48813908.000000 25671248.000000 
61856024.000000 24263134.000000 
61227754.000000 24265150.000000 
43331034.000000 34225020.000000 
43034972.000000 34234632.000000 
44853796.000000 32741596.000000 
39334414.000000 43975762.000000 
39248386.000000 44159432.000000 
39935950.000000 43888178.000000 
40514576.000000 43733824.000000 
40521296.000000 43712082.000000 
41491038.000000 39997354.000000 
42972058.000000 34570070.000000 
42606726.000000 35045766.000000 
42628170.000000 34800390.000000 
40347470.000000 43818564.000000 
40354190.000000 43796822.000000 
42490352.000000 38159524.000000 
39327694.000000 43997504.000000 
42478112.000000 38413000.000000 
45619878.000000 30095590.000000 
41340922.000000 40090142.000000 
40996014.000000 40257242.000000 
39139830.000000 44943562.000000 
40986606.000000 40441238.000000 
42947772.000000 34790786.000000 
39141478.000000 44862838.000000 
44519528.000000 32789496.000000 
44193558.000000 33349398.000000 
43855958.000000 33370142.000000 
43402574.000000 33825044.000000 
43764266.000000 33509946.000000 
43426666.000000 33530690.000000 
45168024.000000 31646282.000000 
42087788.000000 39035136.000000 
46737578.000000 26671528.000000 
46002564.000000 28759924.000000 
45300276.000000 30105194.000000 
44942832.000000 32268976.000000 
48106752.000000 25912314.000000 
46113460.000000 28111276.000000 
45711444.000000 28780784.000000 
48313906.000000 25682792.000000 
46244328.000000 26910670.000000 
45143932.000000 31940636.000000 
41668176.000000 39075020.000000 
42095788.000000 38981852.000000 
48527812.000000 25680868.000000 
46451482.000000 26681148.000000 
46951484.000000 26669604.000000 
46665388.000000 26679224.000000 
45278832.000000 30350570.000000 
46089368.000000 28405630.000000 
45687352.000000 29075138.000000 
41656120.000000 39307994.000000 

45957016.000000 29380422.000000 
45963940.000000 29353446.000000 
40047852.000000 34881552.000000 
39971600.000000 34891570.000000 
45641756.000000 29623690.000000 
45648680.000000 29549204.000000 
37877406.000000 37390464.000000 
39171446.000000 35696206.000000 
38878822.000000 35768150.000000 
36857884.000000 39294912.000000 
37836122.000000 37399112.000000 
36816600.000000 39303560.000000 
38900080.000000 35704784.000000 
38462436.000000 35781628.000000 
38453532.000000 36234358.000000 
47535894.000000 26332508.000000 
48574714.000000 24556920.000000 
45561408.000000 30513124.000000 
43331820.000000 31695830.000000 
43240350.000000 31716880.000000 
43513506.000000 31670660.000000 
43422036.000000 31691710.000000 
44996264.000000 30682860.000000 
48907056.000000 24060098.000000 
43983008.000000 31385102.000000 
47733334.000000 24610874.000000 
43641394.000000 31480150.000000 
43759102.000000 31459106.000000 
43926908.000000 31411722.000000 
42132368.000000 31760366.000000 
42459074.000000 31730296.000000 
42014660.000000 31781410.000000 
40193990.000000 34008058.000000 
41902038.000000 32173266.000000 
40252766.000000 33981438.000000 
42341366.000000 31751340.000000 
41405356.000000 33669822.000000 
41346580.000000 33696442.000000 
48846074.000000 24406650.000000 
50038640.000000 23147910.000000 
46694514.000000 26386462.000000 
49201912.000000 23197132.000000 
48931702.000000 23205962.000000 
46385594.000000 26555376.000000 
46701482.000000 26359488.000000 
47662754.000000 24817838.000000 
47683796.000000 24743212.000000 
47613960.000000 25004084.000000 
46378626.000000 26629860.000000 
46330394.000000 28402300.000000 
46337362.000000 28327476.000000 
47542862.000000 26305534.000000 
52793036.000000 22992498.000000 

