1006552.000000 938352.000000 
1014944.000000 931070.000000 
1051846.000000 895174.000000 
1083910.000000 872730.000000 
959258.000000 990296.000000 
1138794.000000 842538.000000 
1129562.000000 844682.000000 
1017316.000000 928236.000000 
1011396.000000 931660.000000 
1032894.000000 911888.000000 
1034612.000000 909382.000000 
1061002.000000 886008.000000 
994254.000000 950324.000000 
976966.000000 966274.000000 
949496.000000 1003600.000000 
924284.000000 1058390.000000 
928722.000000 1036282.000000 
980360.000000 964924.000000 
950442.000000 1001784.000000 
1079306.000000 872862.000000 
1122360.000000 849602.000000 
1018726.000000 924748.000000 
935482.000000 1035596.000000 
1085166.000000 870986.000000 
1037670.000000 906070.000000 
1026768.000000 919742.000000 
1057818.000000 891200.000000 
964200.000000 979226.000000 
1113786.000000 850822.000000 
1008412.000000 937792.000000 
952826.000000 995804.000000 
1101302.000000 862428.000000 
988996.000000 953430.000000 
1084104.000000 872714.000000 
992792.000000 950518.000000 
1033864.000000 911342.000000 
975400.000000 966462.000000 
1055178.000000 894808.000000 
1056412.000000 893690.000000 
1078304.000000 877224.000000 
1084682.000000 871204.000000 
1092242.000000 867592.000000 
1085384.000000 868960.000000 
1145172.000000 835648.000000 
943412.000000 1014078.000000 
1031632.000000 913420.000000 
971896.000000 970622.000000 
1011054.000000 932814.000000 
1093720.000000 867378.000000 
970426.000000 978858.000000 
957942.000000 994774.000000 
970630.000000 973208.000000 
996246.000000 943070.000000 
1090670.000000 867858.000000 
1089764.000000 868176.000000 
1094684.000000 866884.000000 
1102472.000000 858994.000000 
979738.000000 965034.000000 
1006952.000000 938084.000000 
1138476.000000 844302.000000 
1010056.000000 936660.000000 
984298.000000 958552.000000 
1060864.000000 890906.000000 
1047934.000000 897874.000000 
970522.000000 978852.000000 
941176.000000 1026012.000000 
1016140.000000 931004.000000 
1009792.000000 937028.000000 
1104360.000000 858580.000000 
991080.000000 953014.000000 
937992.000000 1026328.000000 
991240.000000 952156.000000 
1151068.000000 834116.000000 
986484.000000 954052.000000 
1046258.000000 900610.000000 
1010916.000000 936288.000000 
961134.000000 982950.000000 
1107340.000000 856474.000000 
981092.000000 959786.000000 
1123332.000000 849432.000000 
986158.000000 957560.000000 
1044652.000000 901668.000000 
949452.000000 1004362.000000 
953116.000000 995248.000000 
1139576.000000 842454.000000 
1018834.000000 920330.000000 
1000452.000000 942544.000000 
1003004.000000 939516.000000 
1017796.000000 926526.000000 
1015398.000000 931016.000000 
1167490.000000 831860.000000 
1139682.000000 842420.000000 
1141774.000000 841788.000000 
948206.000000 1007082.000000 
945628.000000 1011174.000000 
1068020.000000 881042.000000 
947898.000000 1007198.000000 
1027002.000000 919180.000000 
1142710.000000 836680.000000 
1069496.000000 877538.000000 
1095150.000000 862912.000000 
1044106.000000 903952.000000 
1028262.000000 915056.000000 
1003284.000000 939064.000000 
1010306.000000 936430.000000 
937030.000000 1032410.000000 

966048.000000 977004.000000 
1032634.000000 910712.000000 
1098124.000000 858872.000000 
1153266.000000 833064.000000 
1058992.000000 891372.000000 
922866.000000 1039298.000000 
922572.000000 1041134.000000 
981762.000000 964030.000000 
1067008.000000 883904.000000 
1059354.000000 887164.000000 
1090658.000000 866220.000000 
1020506.000000 923782.000000 
1016808.000000 926690.000000 
983188.000000 962782.000000 
927274.000000 1035624.000000 
1137170.000000 834054.000000 
1122102.000000 845530.000000 
1034888.000000 906708.000000 
1069762.000000 883622.000000 
969748.000000 972142.000000 
946558.000000 1004332.000000 
985348.000000 958836.000000 
1025742.000000 919426.000000 
1010402.000000 930908.000000 
1013244.000000 929264.000000 
1080624.000000 869784.000000 
1019414.000000 925062.000000 
1091696.000000 864062.000000 
1026194.000000 919226.000000 
1009572.000000 936116.000000 
1094268.000000 862374.000000 
1041170.000000 904678.000000 
1065398.000000 884342.000000 
1071874.000000 882696.000000 
959532.000000 987440.000000 
1085994.000000 867272.000000 
983532.000000 960742.000000 
1090360.000000 867152.000000 
1024966.000000 920368.000000 
1071890.000000 880330.000000 
927002.000000 1037024.000000 
1021968.000000 923504.000000 
949738.000000 1003192.000000 
931598.000000 1019108.000000 
1028864.000000 914738.000000 
1059322.000000 891096.000000 
1028606.000000 916126.000000 
1076110.000000 874002.000000 
1003104.000000 940452.000000 
953840.000000 995578.000000 
951478.000000 999840.000000 
1044316.000000 898536.000000 
1004790.000000 936356.000000 
985836.000000 956868.000000 
959200.000000 987676.000000 
989072.000000 953468.000000 
1100126.000000 858278.000000 
1096890.000000 862000.000000 
1101662.000000 856524.000000 
1096688.000000 862226.000000 
951750.000000 999834.000000 
1023692.000000 922634.000000 
958074.000000 990490.000000 
974364.000000 969172.000000 
1031544.000000 911790.000000 
1028984.000000 913326.000000 
1046624.000000 897534.000000 
962486.000000 985512.000000 
1073936.000000 879174.000000 
1018134.000000 926346.000000 
1055536.000000 891582.000000 
936894.000000 1015424.000000 
958964.000000 988928.000000 
1021762.000000 923724.000000 
1120240.000000 845702.000000 
1131562.000000 844808.000000 
920114.000000 1052558.000000 
1105208.000000 855300.000000 
986982.000000 956428.000000 
977878.000000 965226.000000 
928604.000000 1023508.000000 
921250.000000 1042180.000000 
946986.000000 1004072.000000 
928888.000000 1022936.000000 
1128428.000000 845334.000000 
1133272.000000 842316.000000 
1073362.000000 879846.000000 
1000888.000000 941890.000000 
952430.000000 997168.000000 
950542.000000 999898.000000 
1024110.000000 922080.000000 
982342.000000 963748.000000 
941650.000000 1011804.000000 
949794.000000 1000806.000000 
993472.000000 943392.000000 
991046.000000 951756.000000 
1047572.000000 893638.000000 
1193126.000000 825498.000000 
1100838.000000 857158.000000 
1115084.000000 846334.000000 
1106814.000000 849798.000000 
1072358.000000 879928.000000 
966036.000000 977950.000000 
942562.000000 1007004.000000 
955478.000000 993954.000000 
1039336.000000 906132.000000 
1042210.000000 900002.000000 
955240.000000 994320.000000 

1097254.000000 860364.000000 
1012570.000000 920656.000000 
1163068.000000 831002.000000 
971578.000000 975856.000000 
996558.000000 938520.000000 
1100184.000000 858534.000000 
950386.000000 1002476.000000 
1078376.000000 865690.000000 
1097590.000000 859944.000000 
1011512.000000 924222.000000 
932690.000000 1027542.000000 
1114266.000000 852384.000000 
959368.000000 987450.000000 
1126104.000000 839318.000000 
1151392.000000 831642.000000 
1031078.000000 904432.000000 
994132.000000 945374.000000 
973054.000000 972742.000000 
1057378.000000 877814.000000 
946972.000000 1004332.000000 
1003030.000000 934058.000000 
1136320.000000 837892.000000 
1143496.000000 835382.000000 
968420.000000 977656.000000 
1046652.000000 894990.000000 
957312.000000 994790.000000 
941666.000000 1017754.000000 
945490.000000 1012128.000000 
1111236.000000 852754.000000 
940966.000000 1018134.000000 
1040162.000000 899460.000000 
1129476.000000 838504.000000 
942002.000000 1015832.000000 
1035018.000000 899844.000000 
1141140.000000 836254.000000 
1040640.000000 899156.000000 
1149948.000000 831858.000000 
1040680.000000 898036.000000 
1021990.000000 911324.000000 
964418.000000 980770.000000 
967328.000000 980462.000000 
1049700.000000 889838.000000 
979712.000000 963570.000000 
967788.000000 980208.000000 
1019430.000000 916964.000000 
979940.000000 959772.000000 
1088448.000000 864806.000000 
962886.000000 987298.000000 
1051782.000000 888548.000000 
982608.000000 959324.000000 
940658.000000 1022650.000000 
988376.000000 948376.000000 
1114532.000000 852286.000000 
1009908.000000 925740.000000 
986032.000000 956312.000000 
939972.000000 1022828.000000 
976398.000000 971004.000000 
1018292.000000 917238.000000 
929276.000000 1031438.000000 
979122.000000 964392.000000 
1124564.000000 840704.000000 
1009148.000000 926270.000000 
1163824.000000 830694.000000 
1115642.000000 849956.000000 
1072964.000000 872888.000000 
1117472.000000 845132.000000 
958398.000000 988524.000000 
1034798.000000 901130.000000 
1124480.000000 842770.000000 
996308.000000 943646.000000 
1061894.000000 877702.000000 
986138.000000 951394.000000 
1005898.000000 930936.000000 
1019878.000000 915022.000000 
1096050.000000 863604.000000 
1073046.000000 867158.000000 
1042958.000000 895200.000000 
1055490.000000 885200.000000 
1007812.000000 927662.000000 
1003282.000000 932610.000000 
977616.000000 969250.000000 
1047604.000000 892392.000000 
1096574.000000 862762.000000 
1029470.000000 908440.000000 
1182966.000000 827046.000000 
963256.000000 984684.000000 
1025908.000000 908740.000000 
1119726.000000 843014.000000 
1088248.000000 865152.000000 
1017710.000000 918738.000000 
1104276.000000 855004.000000 
957572.000000 991730.000000 
953212.000000 996896.000000 
985894.000000 957526.000000 
970622.000000 977484.000000 
1033334.000000 902622.000000 
936340.000000 1022838.000000 

1110670.000000 848328.000000 
1079882.000000 865476.000000 
1004980.000000 935280.000000 
1026280.000000 907950.000000 
999340.000000 937268.000000 
1102954.000000 851638.000000 
1006786.000000 931108.000000 
979488.000000 960492.000000 
1108166.000000 850868.000000 
969252.000000 974618.000000 
1011676.000000 922868.000000 
938732.000000 1012894.000000 
1098802.000000 852800.000000 
1067530.000000 873716.000000 
961086.000000 982674.000000 
982600.000000 958588.000000 
1005018.000000 934108.000000 
1084128.000000 861652.000000 
986694.000000 947590.000000 
1129578.000000 839166.000000 
996836.000000 937810.000000 
1065910.000000 874564.000000 
969396.000000 973486.000000 
1050626.000000 888450.000000 
941732.000000 1009934.000000 
990804.000000 942674.000000 
1019370.000000 914758.000000 
1123692.000000 844116.000000 
1010400.000000 926148.000000 
1040250.000000 895262.000000 
1147904.000000 829374.000000 
1159200.000000 823496.000000 
1018654.000000 919168.000000 
1113346.000000 848050.000000 
1089248.000000 860924.000000 
1027938.000000 907128.000000 
996066.000000 941252.000000 
1011472.000000 924678.000000 
984442.000000 957484.000000 
1056672.000000 884724.000000 
974264.000000 962934.000000 
960518.000000 989276.000000 
1064900.000000 877026.000000 
941590.000000 1012086.000000 
1071246.000000 867382.000000 
986442.000000 954976.000000 
988094.000000 944624.000000 
1018682.000000 916360.000000 
1050992.000000 885046.000000 
994686.000000 941454.000000 
996804.000000 938514.000000 
949764.000000 999560.000000 
1044236.000000 888822.000000 
945814.000000 1006946.000000 
1116804.000000 846832.000000 
1135966.000000 832482.000000 
1110422.000000 849746.000000 
1105894.000000 850918.000000 
1083780.000000 864600.000000 
959432.000000 989744.000000 
968246.000000 975798.000000 
1123930.000000 839816.000000 
1132438.000000 835794.000000 
950474.000000 990738.000000 
937362.000000 1020558.000000 
1034676.000000 901216.000000 
938134.000000 1019012.000000 
1023916.000000 911198.000000 
1019996.000000 911556.000000 
1011928.000000 922370.000000 
1029450.000000 904626.000000 
946816.000000 1002822.000000 
1009178.000000 926306.000000 
1059030.000000 878086.000000 
1025534.000000 910972.000000 
1035994.000000 896898.000000 
1061738.000000 877038.000000 
936706.000000 1022014.000000 
933858.000000 1022412.000000 
1091912.000000 855106.000000 
1143600.000000 830626.000000 
1031592.000000 902904.000000 
1117102.000000 845178.000000 
966738.000000 977606.000000 
957638.000000 989920.000000 
971426.000000 969500.000000 
994660.000000 942558.000000 
965264.000000 981550.000000 
1153656.000000 824914.000000 
945072.000000 1009000.000000 
1101198.000000 852470.000000 
1116204.000000 847166.000000 
1096724.000000 854852.000000 
1005764.000000 931854.000000 

1041846.000000 900386.000000 
1019660.000000 920494.000000 
990872.000000 947158.000000 
965012.000000 978234.000000 
1107652.000000 849460.000000 
977416.000000 963258.000000 
977574.000000 961242.000000 
1118124.000000 844388.000000 
938708.000000 1031858.000000 
983770.000000 951668.000000 
922998.000000 1050248.000000 
1076016.000000 871514.000000 
1092952.000000 854898.000000 
1065302.000000 877316.000000 
1039570.000000 902122.000000 
955726.000000 982206.000000 
949242.000000 1009524.000000 
1126724.000000 833038.000000 
1121786.000000 840540.000000 
1132676.000000 832020.000000 
1078474.000000 871260.000000 
1020468.000000 919960.000000 
1032890.000000 902528.000000 
940234.000000 1017172.000000 
1023144.000000 919326.000000 
1137098.000000 830038.000000 
947294.000000 1011840.000000 
1073572.000000 874520.000000 
982272.000000 953912.000000 
950008.000000 987930.000000 
1086090.000000 862104.000000 
969874.000000 973298.000000 
968828.000000 977138.000000 
1006146.000000 934152.000000 
971474.000000 973244.000000 
1097352.000000 852338.000000 
1075920.000000 871550.000000 
979130.000000 960550.000000 
975934.000000 964192.000000 
1006300.000000 933664.000000 
1015660.000000 924608.000000 
1102602.000000 851784.000000 
985426.000000 950754.000000 
1081094.000000 867832.000000 
962972.000000 980370.000000 
1091156.000000 857664.000000 
994858.000000 945098.000000 
1026096.000000 915504.000000 
1169984.000000 826764.000000 
1052162.000000 892670.000000 
976018.000000 963774.000000 
1124646.000000 834934.000000 
999212.000000 941254.000000 
1039814.000000 900600.000000 
1053392.000000 890868.000000 
1055844.000000 884164.000000 
1120046.000000 841488.000000 
1017936.000000 920566.000000 
1107114.000000 850212.000000 
935620.000000 1033670.000000 
996706.000000 943122.000000 
939682.000000 1024156.000000 
1122378.000000 838200.000000 
998810.000000 942622.000000 
975160.000000 966738.000000 
1051218.000000 895250.000000 
1051340.000000 892994.000000 
1021438.000000 919768.000000 
1050450.000000 896364.000000 
968206.000000 977340.000000 
1008428.000000 933520.000000 
1073748.000000 873810.000000 
1144022.000000 829212.000000 
999304.000000 936748.000000 
1110708.000000 844520.000000 
1028416.000000 908742.000000 
1079934.000000 868964.000000 
1064068.000000 884138.000000 
1075116.000000 873228.000000 
1054506.000000 890742.000000 
1043106.000000 899194.000000 
1083312.000000 863560.000000 
1069656.000000 876940.000000 
1040830.000000 900522.000000 
1151762.000000 826950.000000 
1107728.000000 845572.000000 
1047786.000000 897016.000000 
1027320.000000 915336.000000 
1072206.000000 874980.000000 
1009110.000000 926212.000000 
1025506.000000 918486.000000 
971780.000000 972262.000000 
993024.000000 945624.000000 
1100580.000000 852326.000000 
1025448.000000 918572.000000 

1032518.000000 909828.000000 
1049346.000000 893038.000000 
1122850.000000 841906.000000 
1083722.000000 865026.000000 
1102100.000000 852030.000000 
1017964.000000 922376.000000 
934272.000000 1022006.000000 
1043714.000000 900472.000000 
1046458.000000 896928.000000 
984404.000000 952086.000000 
1007044.000000 928824.000000 
927086.000000 1036250.000000 
923920.000000 1044840.000000 
1000222.000000 933968.000000 
1019958.000000 916800.000000 
1206740.000000 795704.000000 
1062880.000000 884656.000000 
1159238.000000 817404.000000 
1081256.000000 868602.000000 
1081472.000000 868122.000000 
1107914.000000 849790.000000 
1033022.000000 908750.000000 
934072.000000 1022546.000000 
970954.000000 964022.000000 
963204.000000 978338.000000 
1130948.000000 833844.000000 
928120.000000 1034976.000000 
965724.000000 972824.000000 
1009394.000000 925474.000000 
1061918.000000 885180.000000 
1025718.000000 915554.000000 
1067422.000000 878480.000000 
954880.000000 990674.000000 
954172.000000 993306.000000 
927052.000000 1044322.000000 
957674.000000 987816.000000 
941138.000000 1010986.000000 
1072682.000000 875628.000000 
1080120.000000 869776.000000 
1107214.000000 850266.000000 
961498.000000 983408.000000 
1111006.000000 847154.000000 
1119598.000000 842160.000000 
1078472.000000 871130.000000 
937816.000000 1017884.000000 
947872.000000 995108.000000 
1036108.000000 903528.000000 
959546.000000 984394.000000 
937838.000000 1017618.000000 
1063568.000000 883834.000000 
1109570.000000 848204.000000 
1046076.000000 899580.000000 
1015188.000000 925076.000000 
1114558.000000 845804.000000 
1025044.000000 915944.000000 
930734.000000 1026132.000000 
942766.000000 1006906.000000 
1065052.000000 880804.000000 
1105408.000000 851614.000000 
1057706.000000 887048.000000 
1074498.000000 872720.000000 
972300.000000 960274.000000 
968926.000000 969558.000000 
938192.000000 1012900.000000 
1083316.000000 866252.000000 
1026794.000000 912658.000000 
1126456.000000 833926.000000 
944630.000000 1002964.000000 
1079568.000000 869938.000000 
994120.000000 941890.000000 
1053080.000000 892144.000000 
1068288.000000 877516.000000 
1082386.000000 867984.000000 
1177108.000000 812658.000000 
1178866.000000 810124.000000 
1061784.000000 886990.000000 
1138006.000000 830562.000000 
1017348.000000 924142.000000 
1099984.000000 857376.000000 
1116114.000000 845328.000000 
1117148.000000 843440.000000 
1100122.000000 853852.000000 
1125068.000000 840430.000000 
1110260.000000 847980.000000 
983822.000000 956714.000000 
1085482.000000 863810.000000 
1033446.000000 908360.000000 
1042570.000000 900592.000000 
1132270.000000 832240.000000 
958516.000000 984518.000000 
1031884.000000 911674.000000 
1088332.000000 860440.000000 
1167914.000000 817168.000000 
1149914.000000 824460.000000 
1005310.000000 933460.000000 
1048294.000000 895422.000000 
1124250.000000 841550.000000 
1126202.000000 838960.000000 
1072406.000000 876780.000000 
1034420.000000 908068.000000 
1054758.000000 889036.000000 
987008.000000 944464.000000 
962202.000000 982984.000000 
1053882.000000 891208.000000 
996382.000000 937738.000000 
1092660.000000 858060.000000 
1119550.000000 842164.000000 
1094588.000000 857964.000000 
980822.000000 959902.000000 
1146000.000000 827312.000000 

1066080.000000 883906.000000 
1133878.000000 833302.000000 
1040498.000000 906642.000000 
948818.000000 1001198.000000 
1109064.000000 850632.000000 
1093758.000000 864014.000000 
1058072.000000 890280.000000 
1099304.000000 855156.000000 
1008334.000000 936376.000000 
1009836.000000 933530.000000 
1116938.000000 848324.000000 
1067882.000000 877906.000000 
971296.000000 970804.000000 
1067870.000000 883564.000000 
1059872.000000 887666.000000 
1044540.000000 903602.000000 
1023072.000000 921090.000000 
943198.000000 1024140.000000 
938732.000000 1036128.000000 
985840.000000 956904.000000 
958626.000000 986904.000000 
1032318.000000 910520.000000 
1088616.000000 865062.000000 
956958.000000 992682.000000 
1125746.000000 839534.000000 
1040932.000000 905682.000000 
1014148.000000 928460.000000 
1158192.000000 827566.000000 
1056202.000000 891636.000000 
1124344.000000 843008.000000 
1097016.000000 858704.000000 
952742.000000 998464.000000 
1105810.000000 850786.000000 
962442.000000 984672.000000 
1063628.000000 884734.000000 
989602.000000 952524.000000 
1078312.000000 876092.000000 
1116752.000000 850326.000000 
1044074.000000 904628.000000 
929590.000000 1069906.000000 
1043516.000000 904966.000000 
980874.000000 963300.000000 
998976.000000 945744.000000 
1017540.000000 925578.000000 
934900.000000 1046356.000000 
965528.000000 982550.000000 
982514.000000 960208.000000 
1011632.000000 929930.000000 
1122736.000000 847400.000000 
1014266.000000 925922.000000 
1008656.000000 935274.000000 
994552.000000 948378.000000 
1010494.000000 931554.000000 
1077686.000000 876890.000000 
1037654.000000 906786.000000 
1045370.000000 902744.000000 
983278.000000 959844.000000 
1095538.000000 861044.000000 
945230.000000 1008064.000000 
1123032.000000 844336.000000 
1085026.000000 870460.000000 
1021678.000000 924922.000000 
1009614.000000 934394.000000 
1000934.000000 941620.000000 
1105614.000000 853704.000000 
983908.000000 959262.000000 
996000.000000 945748.000000 
1033526.000000 910150.000000 
1079998.000000 872624.000000 
981514.000000 960474.000000 
1087158.000000 867264.000000 
1027034.000000 919318.000000 
992382.000000 949482.000000 
956670.000000 994004.000000 
958564.000000 992622.000000 
1029106.000000 918312.000000 
991812.000000 950070.000000 
1067196.000000 883616.000000 
962582.000000 983026.000000 
1046068.000000 894922.000000 
970930.000000 972640.000000 
1049066.000000 892780.000000 
949282.000000 1000208.000000 
1062412.000000 886316.000000 
1024222.000000 920272.000000 
984002.000000 958934.000000 
1027832.000000 918342.000000 
973570.000000 969850.000000 
1018916.000000 925050.000000 
969928.000000 977712.000000 
999528.000000 943078.000000 
1034886.000000 909624.000000 
1012958.000000 929476.000000 
1029146.000000 911936.000000 
974618.000000 965420.000000 
1061436.000000 887590.000000 
1082044.000000 870892.000000 
1085800.000000 869450.000000 
984602.000000 957720.000000 
943464.000000 1011138.000000 
1001798.000000 941180.000000 
1089266.000000 864264.000000 
1144750.000000 831402.000000 
1026740.000000 919352.000000 
954894.000000 994928.000000 
1025454.000000 919410.000000 
1076250.000000 877090.000000 
942186.000000 1031838.000000 
978918.000000 964454.000000 
967418.000000 979736.000000 
1021866.000000 922594.000000 
991508.000000 952384.000000 
969848.000000 979420.000000 
1036122.000000 908084.000000 
999458.000000 945056.000000 
1003088.000000 937736.000000 
1078038.000000 876480.000000 
945940.000000 1003706.000000 
1041106.000000 904974.000000 
1139922.000000 833004.000000 
1058618.000000 890250.000000 
988436.000000 954002.000000 
999196.000000 945710.000000 

1164592.000000 823794.000000 
974320.000000 970948.000000 
945688.000000 1011472.000000 
945102.000000 1014238.000000 
1040988.000000 906414.000000 
1123896.000000 842032.000000 
1169770.000000 820646.000000 
939886.000000 1014254.000000 
1201954.000000 803888.000000 
1096140.000000 865674.000000 
1106752.000000 850506.000000 
1115172.000000 847572.000000 
983720.000000 961854.000000 
949364.000000 1005540.000000 
995370.000000 950292.000000 
998728.000000 943936.000000 
1093232.000000 865724.000000 
1145456.000000 832230.000000 
1158214.000000 826630.000000 
1011994.000000 933186.000000 
1161420.000000 826348.000000 
1170872.000000 820128.000000 
1032958.000000 906748.000000 
1019056.000000 926092.000000 
1086760.000000 870634.000000 
1059302.000000 887182.000000 
1021718.000000 913496.000000 
1157184.000000 829538.000000 
1009798.000000 934400.000000 
1121416.000000 847128.000000 
1067392.000000 885974.000000 
1068968.000000 883378.000000 
1021180.000000 921306.000000 
1161834.000000 825512.000000 
960668.000000 982806.000000 
933970.000000 1029818.000000 
1046134.000000 897750.000000 
981606.000000 963838.000000 
950818.000000 1003738.000000 
930788.000000 1030872.000000 
1042152.000000 901068.000000 
1147742.000000 830976.000000 
997156.000000 944578.000000 
1085008.000000 871522.000000 
1100042.000000 861798.000000 
1166684.000000 822436.000000 
1072872.000000 876790.000000 
955750.000000 992570.000000 
951474.000000 998382.000000 
966474.000000 977198.000000 
1102998.000000 860324.000000 
1141056.000000 833844.000000 
1008274.000000 936406.000000 
999044.000000 936494.000000 
1097030.000000 862978.000000 
1105364.000000 860286.000000 
1013700.000000 926140.000000 
1026724.000000 912308.000000 
980720.000000 966656.000000 
991396.000000 951638.000000 
996470.000000 945104.000000 
1051718.000000 893948.000000 
1010934.000000 933600.000000 
1082268.000000 872614.000000 
1012560.000000 932546.000000 
1128398.000000 839668.000000 
986098.000000 961098.000000 
1057686.000000 891924.000000 
1012798.000000 927154.000000 
990544.000000 955214.000000 
987448.000000 955426.000000 
926382.000000 1036284.000000 
1079632.000000 873438.000000 
1041092.000000 902608.000000 
1062670.000000 887064.000000 
924700.000000 1065280.000000 
1019460.000000 923988.000000 
936080.000000 1021706.000000 
1092628.000000 866440.000000 
1069428.000000 881126.000000 
1166632.000000 823628.000000 
1055750.000000 892782.000000 
1058658.000000 890162.000000 
1044394.000000 900572.000000 
1019994.000000 922170.000000 
1129242.000000 833990.000000 
1185086.000000 809850.000000 
1063402.000000 886606.000000 
1055060.000000 892788.000000 
930104.000000 1035454.000000 
1157224.000000 827836.000000 
1172022.000000 818364.000000 
1019266.000000 925300.000000 
1105396.000000 856794.000000 
1176786.000000 814988.000000 
1058868.000000 889678.000000 
1040598.000000 906422.000000 
990692.000000 954134.000000 
1153396.000000 829576.000000 
995484.000000 946280.000000 
975730.000000 966882.000000 
1085604.000000 871334.000000 
1070614.000000 878512.000000 
1050138.000000 894792.000000 
1058506.000000 891590.000000 
1087964.000000 870182.000000 
1091952.000000 867196.000000 

1017156.000000 918654.000000 
1163538.000000 822228.000000 
1052344.000000 891392.000000 
1005090.000000 931752.000000 
1125210.000000 845420.000000 
1025906.000000 918248.000000 
934190.000000 1014864.000000 
1135478.000000 841624.000000 
1052284.000000 891546.000000 
1087608.000000 862680.000000 
1060312.000000 884726.000000 
1034658.000000 908434.000000 
1097788.000000 854626.000000 
1015408.000000 921850.000000 
916164.000000 1044716.000000 
922786.000000 1037412.000000 
1072088.000000 879472.000000 
1036134.000000 907620.000000 
1110788.000000 848786.000000 
984584.000000 959862.000000 
979488.000000 961370.000000 
1149776.000000 823858.000000 
972660.000000 972094.000000 
1072170.000000 875620.000000 
1176616.000000 815422.000000 
1119956.000000 845576.000000 
1028814.000000 913106.000000 
979138.000000 962440.000000 
1031996.000000 911776.000000 
1074344.000000 873384.000000 
1064938.000000 880884.000000 
927346.000000 1023894.000000 
1033922.000000 909392.000000 
960778.000000 978946.000000 
1048708.000000 894862.000000 
1136306.000000 840476.000000 
985204.000000 955762.000000 
1038304.000000 903786.000000 
1037698.000000 905674.000000 
1073492.000000 874910.000000 
1032498.000000 911720.000000 
967824.000000 977910.000000 
941292.000000 1007940.000000 
1137108.000000 839904.000000 
1040330.000000 900094.000000 
947300.000000 994398.000000 
974210.000000 968884.000000 
934674.000000 1014678.000000 
965628.000000 978238.000000 
953916.000000 988664.000000 
1009766.000000 930596.000000 
1193688.000000 802888.000000 
1137382.000000 839126.000000 
1030384.000000 912020.000000 
1020362.000000 918532.000000 
1026780.000000 915176.000000 
1055134.000000 886468.000000 
1078766.000000 869072.000000 
971652.000000 972826.000000 
1010904.000000 928288.000000 
935120.000000 1011778.000000 
927102.000000 1029584.000000 
924762.000000 1035764.000000 
1087258.000000 864834.000000 
1182460.000000 814906.000000 
1125298.000000 844918.000000 
988466.000000 946356.000000 
1093812.000000 855170.000000 
1045446.000000 897510.000000 
1139736.000000 833400.000000 
1031904.000000 911910.000000 
1145034.000000 831062.000000 
1083748.000000 868130.000000 
1131424.000000 842910.000000 
1047500.000000 896682.000000 
1002962.000000 938652.000000 
926092.000000 1032550.000000 
968742.000000 974712.000000 
973682.000000 970974.000000 
927668.000000 1019236.000000 
1167818.000000 821444.000000 
982252.000000 961098.000000 
968630.000000 977254.000000 
1067454.000000 880350.000000 
1026718.000000 917140.000000 
959420.000000 985222.000000 
997346.000000 939802.000000 
987212.000000 954612.000000 
992300.000000 944146.000000 
983944.000000 960248.000000 
977578.000000 964906.000000 
941834.000000 1002562.000000 
1014206.000000 924386.000000 
1130094.000000 844286.000000 
1071712.000000 879606.000000 
1010900.000000 929000.000000 
1149442.000000 830738.000000 
1010560.000000 930038.000000 
1012100.000000 925642.000000 
1000516.000000 939688.000000 
1050308.000000 893748.000000 
1003946.000000 934168.000000 

938942.000000 1007482.000000 
1013308.000000 919524.000000 
994872.000000 940754.000000 
960742.000000 981980.000000 
1077824.000000 865128.000000 
946982.000000 1003234.000000 
1029880.000000 909544.000000 
1026378.000000 910494.000000 
958404.000000 984126.000000 
991106.000000 940920.000000 
950358.000000 995602.000000 
1051136.000000 890686.000000 
1042800.000000 895916.000000 
1073408.000000 865806.000000 
1031888.000000 907128.000000 
999994.000000 936206.000000 
969744.000000 964322.000000 
1051818.000000 887260.000000 
1081520.000000 864442.000000 
1099790.000000 843424.000000 
989764.000000 944658.000000 
988188.000000 946546.000000 
998498.000000 940376.000000 
1017834.000000 918886.000000 
1062490.000000 872480.000000 
1098300.000000 848974.000000 
975284.000000 963480.000000 
1000502.000000 930878.000000 
1031140.000000 908880.000000 
1088514.000000 854616.000000 
1082386.000000 864072.000000 
983296.000000 955098.000000 
1040042.000000 896120.000000 
962114.000000 977310.000000 
1004776.000000 925874.000000 
1022858.000000 914998.000000 
1082790.000000 860496.000000 
951886.000000 990638.000000 
966530.000000 975374.000000 
1111612.000000 836764.000000 
949574.000000 997540.000000 
1092084.000000 849862.000000 
1137586.000000 813500.000000 
988048.000000 949352.000000 
1098618.000000 845232.000000 
1020970.000000 918660.000000 
1136798.000000 823224.000000 
1050466.000000 893988.000000 
1037528.000000 903960.000000 
999426.000000 940026.000000 
1011714.000000 922434.000000 
1119278.000000 824584.000000 
957746.000000 988672.000000 
1060760.000000 876994.000000 
945048.000000 1003696.000000 
977014.000000 958400.000000 
1073012.000000 870750.000000 
954470.000000 989888.000000 
1034598.000000 906778.000000 
1088508.000000 857754.000000 
1021900.000000 918128.000000 
986892.000000 952044.000000 
1103968.000000 840306.000000 
1037116.000000 905504.000000 
1023210.000000 914346.000000 
978858.000000 955268.000000 
931146.000000 1027910.000000 
1051256.000000 890116.000000 
1059124.000000 882634.000000 
1035054.000000 906248.000000 
1025918.000000 912954.000000 
1115190.000000 828124.000000 
1131096.000000 823670.000000 
1047260.000000 895628.000000 
969096.000000 973218.000000 
1130760.000000 823746.000000 

1084424.000000 867704.000000 
997384.000000 940202.000000 
928790.000000 1055436.000000 
1093572.000000 859060.000000 
1181418.000000 812904.000000 
939474.000000 1030490.000000 
1058444.000000 888324.000000 
1141114.000000 837880.000000 
1145400.000000 837516.000000 
1046062.000000 897508.000000 
950284.000000 995882.000000 
982162.000000 951370.000000 
973966.000000 962682.000000 
1003084.000000 935904.000000 
1051862.000000 894552.000000 
965092.000000 982342.000000 
1163524.000000 824300.000000 
1083504.000000 868416.000000 
938156.000000 1032242.000000 
995536.000000 941716.000000 
947894.000000 998040.000000 
1043810.000000 900604.000000 
1037058.000000 907120.000000 
1110136.000000 843526.000000 
1006380.000000 933828.000000 
1052022.000000 892102.000000 
1077744.000000 870600.000000 
1066910.000000 882992.000000 
975192.000000 960302.000000 
1012832.000000 929750.000000 
926916.000000 1061790.000000 
1045982.000000 899644.000000 
992450.000000 943272.000000 
1084438.000000 866372.000000 
1136762.000000 839982.000000 
1023748.000000 916900.000000 
940722.000000 1027324.000000 
1040982.000000 906816.000000 
966650.000000 968098.000000 
1034742.000000 908476.000000 
1043500.000000 904406.000000 
1165676.000000 823370.000000 
1026444.000000 912760.000000 
1171624.000000 821798.000000 
985562.000000 951082.000000 
1132768.000000 841838.000000 
989362.000000 946894.000000 
1002412.000000 937688.000000 
935616.000000 1035252.000000 
1074390.000000 877960.000000 
1072808.000000 882758.000000 
1049688.000000 897224.000000 
1099872.000000 850386.000000 
959922.000000 983338.000000 
1094638.000000 857986.000000 
1101476.000000 847572.000000 
1170778.000000 823078.000000 
1152244.000000 827002.000000 
1057052.000000 891770.000000 
1009784.000000 931264.000000 
1061416.000000 883076.000000 
1146130.000000 834942.000000 
1043694.000000 903078.000000 
1032704.000000 909362.000000 
976254.000000 954836.000000 
966526.000000 981248.000000 
1053220.000000 892080.000000 
1130792.000000 841914.000000 
1013072.000000 927428.000000 
994700.000000 942600.000000 
945348.000000 1004174.000000 
1032436.000000 910906.000000 
1000878.000000 939088.000000 
1002752.000000 936598.000000 
958280.000000 990364.000000 
1178070.000000 821070.000000 
962570.000000 982830.000000 
1138338.000000 838244.000000 
959874.000000 985454.000000 
1178782.000000 815152.000000 
1075126.000000 877364.000000 
940996.000000 1024794.000000 
1075444.000000 873918.000000 
1076912.000000 872524.000000 
1004964.000000 935146.000000 
1014238.000000 919668.000000 
987550.000000 947038.000000 
1011732.000000 929874.000000 
1072848.000000 878216.000000 
1143150.000000 837860.000000 
1092508.000000 866040.000000 
991818.000000 945614.000000 

1147594.000000 821818.000000 
955406.000000 991126.000000 
1017984.000000 913172.000000 
986872.000000 949952.000000 
1067864.000000 878558.000000 
979596.000000 960270.000000 
1130962.000000 838984.000000 
1029234.000000 904344.000000 
1103954.000000 853676.000000 
1115624.000000 847952.000000 
996336.000000 936792.000000 
999884.000000 932350.000000 
934826.000000 1013976.000000 
1009788.000000 921730.000000 
1084278.000000 859640.000000 
954736.000000 992092.000000 
1112548.000000 848326.000000 
1096906.000000 857422.000000 
988918.000000 945212.000000 
1054048.000000 888830.000000 
939700.000000 1009288.000000 
930430.000000 1022436.000000 
1045630.000000 894636.000000 
983918.000000 952372.000000 
1028066.000000 907658.000000 
1179306.000000 821002.000000 
1055528.000000 888204.000000 
999618.000000 934190.000000 
1036466.000000 898754.000000 
1135452.000000 838040.000000 
1069536.000000 874744.000000 
1139124.000000 830640.000000 
1119692.000000 841848.000000 
1110510.000000 851162.000000 
943058.000000 1007012.000000 
1004674.000000 927730.000000 
974488.000000 961064.000000 
1101148.000000 855056.000000 
1076738.000000 872900.000000 
1135568.000000 836642.000000 
1083250.000000 866112.000000 
1072664.000000 873232.000000 
981044.000000 953488.000000 
1013738.000000 915508.000000 
952786.000000 996286.000000 
1027326.000000 910166.000000 
1056814.000000 884024.000000 
1037480.000000 898622.000000 
1098546.000000 856598.000000 
1056714.000000 886908.000000 
1049008.000000 892644.000000 
962974.000000 981178.000000 
1042370.000000 896128.000000 
1067918.000000 875146.000000 
1052674.000000 890330.000000 
1075528.000000 873086.000000 
963736.000000 972950.000000 
1083818.000000 864480.000000 
1145420.000000 828570.000000 
1063384.000000 880396.000000 
1119178.000000 845676.000000 
950702.000000 998678.000000 
1066644.000000 879934.000000 
1078740.000000 867094.000000 
992140.000000 940102.000000 
1004592.000000 932286.000000 
936738.000000 1013358.000000 
1077552.000000 870420.000000 
998468.000000 936186.000000 
947616.000000 1002790.000000 
1008516.000000 923774.000000 
979730.000000 959440.000000 
951260.000000 998252.000000 
1126276.000000 840366.000000 
1045090.000000 894898.000000 
974130.000000 966762.000000 
956078.000000 986198.000000 
1137618.000000 835896.000000 
1038198.000000 898068.000000 
951422.000000 997576.000000 
1061474.000000 881296.000000 
1022146.000000 912506.000000 
970148.000000 968330.000000 
950678.000000 1001866.000000 
1109510.000000 852896.000000 
1077308.000000 871304.000000 
1049012.000000 891570.000000 
991448.000000 945200.000000 
1039198.000000 896200.000000 
1126152.000000 841662.000000 
1027606.000000 908684.000000 
961562.000000 985426.000000 
1048018.000000 892858.000000 
1033756.000000 900628.000000 
1022218.000000 911940.000000 
1008456.000000 926948.000000 
962852.000000 983720.000000 
1010492.000000 919356.000000 
987664.000000 946892.000000 

935696.000000 1025790.000000 
952700.000000 997580.000000 
1031376.000000 909634.000000 
1160958.000000 824192.000000 
1054482.000000 893068.000000 
1082404.000000 873616.000000 
1081444.000000 873804.000000 
937248.000000 1018254.000000 
1000390.000000 939526.000000 
1072286.000000 879154.000000 
1089192.000000 866208.000000 
960072.000000 984942.000000 
981088.000000 961644.000000 
1010330.000000 933662.000000 
1041906.000000 901002.000000 
953492.000000 987744.000000 
933782.000000 1032020.000000 
948820.000000 998046.000000 
965622.000000 976326.000000 
1085974.000000 868904.000000 
1012016.000000 930504.000000 
1146482.000000 835674.000000 
1074256.000000 876732.000000 
1061378.000000 888694.000000 
969126.000000 969982.000000 
1092746.000000 860842.000000 
1025516.000000 920184.000000 
952966.000000 996666.000000 
1050844.000000 893444.000000 
1080588.000000 873972.000000 
939822.000000 1015164.000000 
1076526.000000 875472.000000 
1024708.000000 920658.000000 
997772.000000 942450.000000 
1011472.000000 931922.000000 
976620.000000 965942.000000 
990686.000000 948172.000000 
987386.000000 953448.000000 
1007840.000000 934568.000000 
1029910.000000 915296.000000 
1059930.000000 889118.000000 
1114450.000000 851050.000000 
1121978.000000 844806.000000 
1126544.000000 840908.000000 
1026252.000000 919050.000000 
940664.000000 1012500.000000 
1132896.000000 837508.000000 
944464.000000 1009250.000000 
943812.000000 1010392.000000 
1024654.000000 920922.000000 
1082706.000000 872156.000000 
1105920.000000 851784.000000 
1083696.000000 870856.000000 
1109654.000000 851052.000000 
1122966.000000 842940.000000 
1024304.000000 922492.000000 
1061622.000000 887360.000000 
1036768.000000 905970.000000 
1047372.000000 897654.000000 
976994.000000 963604.000000 
976194.000000 968074.000000 
1092704.000000 864224.000000 
1151842.000000 831194.000000 
938856.000000 1018162.000000 
943658.000000 1012444.000000 
1069998.000000 879296.000000 
928462.000000 1035158.000000 
1004296.000000 938398.000000 
1019942.000000 922564.000000 
1100144.000000 854744.000000 
1116614.000000 845948.000000 
997508.000000 944716.000000 
1036682.000000 909388.000000 
976376.000000 967288.000000 
945078.000000 1007934.000000 
1079146.000000 874032.000000 
988726.000000 950476.000000 
1143754.000000 836646.000000 
1057044.000000 892064.000000 
1101894.000000 854436.000000 
1104658.000000 852382.000000 
1063462.000000 884322.000000 
1059416.000000 891044.000000 
997580.000000 942648.000000 
1059564.000000 890320.000000 
1019270.000000 924390.000000 
982648.000000 960416.000000 
1085516.000000 870052.000000 
1148480.000000 833212.000000 
997186.000000 947972.000000 
1039930.000000 904972.000000 
1047088.000000 899654.000000 
946210.000000 1007708.000000 
1015702.000000 928100.000000 
1066286.000000 883246.000000 
961372.000000 979372.000000 
1014924.000000 930148.000000 
1015832.000000 925662.000000 
1028884.000000 918458.000000 
1045296.000000 900548.000000 
984336.000000 955394.000000 
1004676.000000 935996.000000 
951080.000000 997902.000000 
948784.000000 1005970.000000 
1007658.000000 935888.000000 

999044.000000 939090.000000 
990908.000000 949502.000000 
971908.000000 971416.000000 
939138.000000 1021528.000000 
1049920.000000 887090.000000 
957856.000000 997784.000000 
965880.000000 981132.000000 
1044226.000000 894528.000000 
1018976.000000 919278.000000 
1017458.000000 922164.000000 
1096126.000000 853022.000000 
1030520.000000 906834.000000 
1080402.000000 863144.000000 
1039160.000000 900494.000000 
940842.000000 1019904.000000 
1003706.000000 931604.000000 
1055760.000000 885662.000000 
936616.000000 1027692.000000 
1017430.000000 922250.000000 
1104180.000000 848254.000000 
976538.000000 970128.000000 
1063926.000000 879420.000000 
960836.000000 987840.000000 
1028470.000000 911162.000000 
1049106.000000 889152.000000 
959500.000000 990886.000000 
970202.000000 978664.000000 
1115206.000000 841950.000000 
945154.000000 1009866.000000 
1085378.000000 856690.000000 
985806.000000 959596.000000 
1089876.000000 856242.000000 
1078504.000000 864548.000000 
952546.000000 1000136.000000 
1083722.000000 857650.000000 
964500.000000 985368.000000 
1037390.000000 904812.000000 
954220.000000 997940.000000 
991262.000000 944530.000000 
1071516.000000 871130.000000 
1145670.000000 826136.000000 
986542.000000 951628.000000 
1020604.000000 911778.000000 
1008142.000000 931296.000000 
1073942.000000 867136.000000 
1107202.000000 847788.000000 
1037410.000000 903248.000000 
1056804.000000 885234.000000 
944538.000000 1015126.000000 
1062196.000000 881158.000000 
971288.000000 978296.000000 
982990.000000 959746.000000 
999838.000000 935188.000000 
975044.000000 970220.000000 
974570.000000 971148.000000 
1099182.000000 851642.000000 
1057980.000000 884920.000000 
980882.000000 959824.000000 
937926.000000 1025820.000000 
957872.000000 996662.000000 
1058394.000000 883736.000000 
1046526.000000 891034.000000 
948134.000000 1004272.000000 
1121270.000000 835708.000000 
1117418.000000 840034.000000 
1081262.000000 862764.000000 
1147528.000000 824932.000000 
1011476.000000 927140.000000 
968060.000000 978678.000000 
979862.000000 963370.000000 
1036132.000000 904848.000000 
1025404.000000 911514.000000 
978658.000000 963412.000000 
993630.000000 941330.000000 
994862.000000 940558.000000 
986178.000000 955482.000000 
1059158.000000 881886.000000 
947262.000000 1005964.000000 
1032954.000000 906688.000000 
1080080.000000 864534.000000 
978372.000000 969520.000000 
959442.000000 995766.000000 
944396.000000 1017996.000000 
977448.000000 969606.000000 
958522.000000 996046.000000 
1090708.000000 855854.000000 
1072480.000000 868670.000000 
1034892.000000 904910.000000 
1014284.000000 924038.000000 
988968.000000 950168.000000 
1110162.000000 843588.000000 
945800.000000 1008092.000000 
1100504.000000 848760.000000 
1062938.000000 880026.000000 
1040978.000000 897452.000000 
1090304.000000 856158.000000 
1010482.000000 927696.000000 
1133448.000000 830746.000000 
1120124.000000 837654.000000 
1044870.000000 894434.000000 
1127072.000000 834990.000000 
1017524.000000 921016.000000 
1008386.000000 930032.000000 
1065846.000000 874690.000000 
1066856.000000 874550.000000 
1096062.000000 855370.000000 

1093146.000000 860082.000000 
932142.000000 1029184.000000 
923028.000000 1044522.000000 
1005166.000000 936158.000000 
1034678.000000 905966.000000 
965090.000000 981358.000000 
925796.000000 1041382.000000 
1043812.000000 895538.000000 
1047728.000000 891314.000000 
976182.000000 962734.000000 
1008696.000000 927176.000000 
970808.000000 963260.000000 
1037416.000000 901912.000000 
948440.000000 1004042.000000 
922220.000000 1047012.000000 
961148.000000 981750.000000 
931584.000000 1034666.000000 
1129446.000000 839502.000000 
1058804.000000 884852.000000 
943186.000000 1009718.000000 
1125774.000000 846966.000000 
951314.000000 992038.000000 
1168716.000000 836306.000000 
943156.000000 1016834.000000 
1140434.000000 838518.000000 
1139990.000000 839016.000000 
968276.000000 977684.000000 
931438.000000 1039730.000000 
1095964.000000 859268.000000 
1117794.000000 849506.000000 
927196.000000 1040232.000000 
1108132.000000 852812.000000 
1004480.000000 936574.000000 
935434.000000 1026134.000000 
1095754.000000 859594.000000 
1120300.000000 847360.000000 
1128314.000000 841536.000000 
1057898.000000 887470.000000 
1059976.000000 884808.000000 
958396.000000 987802.000000 
970352.000000 975146.000000 
938478.000000 1017598.000000 
957610.000000 990378.000000 
946228.000000 1009262.000000 
1072208.000000 873432.000000 
968016.000000 978506.000000 
938924.000000 1017318.000000 
1063254.000000 881356.000000 
1032358.000000 907174.000000 
1092940.000000 860796.000000 
997466.000000 936872.000000 
1089438.000000 863142.000000 
1031246.000000 907714.000000 
1114398.000000 852052.000000 
1098848.000000 855240.000000 
1060880.000000 881428.000000 
948528.000000 1003164.000000 
1034840.000000 905082.000000 
970654.000000 968088.000000 
1065394.000000 878790.000000 
965852.000000 980112.000000 
985054.000000 953260.000000 
968628.000000 976252.000000 
1035782.000000 902416.000000 
1027216.000000 911780.000000 
926136.000000 1041140.000000 
1023074.000000 915892.000000 
1060142.000000 882092.000000 
1025032.000000 914050.000000 
991802.000000 947866.000000 
1051240.000000 887980.000000 
1013612.000000 925782.000000 
1030604.000000 909126.000000 
1040530.000000 897340.000000 
1076730.000000 866618.000000 
1087318.000000 863852.000000 
980330.000000 962708.000000 
968244.000000 977708.000000 
940730.000000 1017192.000000 
1124110.000000 847172.000000 
1043406.000000 896350.000000 
923024.000000 1046458.000000 
993558.000000 946174.000000 
1039016.000000 900060.000000 
950044.000000 1001912.000000 
1090030.000000 861358.000000 
1053210.000000 887890.000000 
1071214.000000 876088.000000 
1022904.000000 917400.000000 
960950.000000 987776.000000 
980358.000000 959808.000000 
946274.000000 1009138.000000 
1088332.000000 863812.000000 
1014726.000000 917546.000000 
1006688.000000 935038.000000 
1065828.000000 876182.000000 
967008.000000 978724.000000 
1044616.000000 894608.000000 
1098402.000000 856302.000000 
1039984.000000 898660.000000 
1025318.000000 913040.000000 
1166552.000000 837712.000000 
994118.000000 941350.000000 

1011512.000000 934462.000000 
1120134.000000 845408.000000 
940238.000000 1005690.000000 
948640.000000 1004344.000000 
1031906.000000 910832.000000 
957688.000000 989232.000000 
955244.000000 998630.000000 
966138.000000 978772.000000 
1170720.000000 824338.000000 
984914.000000 957638.000000 
1144756.000000 834440.000000 
977012.000000 963848.000000 
1078946.000000 863130.000000 
957042.000000 995498.000000 
1104158.000000 851142.000000 
1148310.000000 832986.000000 
951080.000000 1001476.000000 
1018188.000000 924284.000000 
924532.000000 1033766.000000 
1034816.000000 908570.000000 
1003708.000000 935050.000000 
950774.000000 1002204.000000 
1088680.000000 859500.000000 
1117348.000000 847890.000000 
976298.000000 970184.000000 
1181110.000000 819504.000000 
985826.000000 952222.000000 
998334.000000 939746.000000 
1019794.000000 920584.000000 
972430.000000 970382.000000 
1072254.000000 873582.000000 
1051312.000000 894210.000000 
1119732.000000 845730.000000 
1142056.000000 834626.000000 
991316.000000 945082.000000 
1121462.000000 840062.000000 
1157954.000000 828000.000000 
1043632.000000 902692.000000 
1030586.000000 911348.000000 
1043754.000000 898122.000000 
956696.000000 996604.000000 
1118698.000000 846402.000000 
969874.000000 971834.000000 
982102.000000 960092.000000 
1011726.000000 931096.000000 
1152400.000000 830502.000000 
928410.000000 1025556.000000 
934852.000000 1017618.000000 
1012856.000000 929434.000000 
1025866.000000 917448.000000 
1025152.000000 919750.000000 
1086080.000000 862414.000000 
1038048.000000 902954.000000 
951520.000000 1000758.000000 
1155470.000000 829220.000000 
922162.000000 1040484.000000 
919722.000000 1044106.000000 
1112644.000000 849692.000000 
1047260.000000 896706.000000 
1138652.000000 834718.000000 
1108120.000000 850594.000000 
1124278.000000 835934.000000 
1032584.000000 909028.000000 
1024664.000000 919790.000000 
1101860.000000 854468.000000 
1061066.000000 875824.000000 
955412.000000 997110.000000 
1050808.000000 895838.000000 
961548.000000 983986.000000 
1124622.000000 835504.000000 
1118690.000000 847672.000000 
1051782.000000 884542.000000 
1028896.000000 911672.000000 
1043704.000000 902158.000000 
1155044.000000 829896.000000 
933590.000000 1018072.000000 
1113222.000000 848210.000000 
1120832.000000 840976.000000 
1149744.000000 831922.000000 
1036420.000000 904980.000000 
1014544.000000 927008.000000 
1147380.000000 833786.000000 

992910.000000 949786.000000 
977806.000000 969418.000000 
1061916.000000 883014.000000 
1098602.000000 857206.000000 
992684.000000 952008.000000 
1138806.000000 827712.000000 
940930.000000 1018068.000000 
1003712.000000 936698.000000 
935224.000000 1020940.000000 
991090.000000 952578.000000 
1076104.000000 874440.000000 
1063648.000000 880954.000000 
1090486.000000 862872.000000 
1103600.000000 854362.000000 
1106800.000000 853046.000000 
979438.000000 966950.000000 
1009610.000000 929470.000000 
1005532.000000 935766.000000 
949896.000000 1009578.000000 
994478.000000 948538.000000 
980492.000000 966274.000000 
1012890.000000 928882.000000 
968696.000000 973586.000000 
1073436.000000 877712.000000 
1083834.000000 870116.000000 
964618.000000 983062.000000 
962644.000000 986866.000000 
978102.000000 969060.000000 
1000044.000000 941214.000000 
958290.000000 992296.000000 
1122328.000000 840468.000000 
1000766.000000 939618.000000 
1007334.000000 934110.000000 
996154.000000 943016.000000 
930688.000000 1028096.000000 
1008842.000000 931430.000000 
1098172.000000 857684.000000 
968178.000000 976374.000000 
966650.000000 979428.000000 
980742.000000 964844.000000 
1087792.000000 864924.000000 
1006988.000000 935132.000000 
1017418.000000 922038.000000 
1069306.000000 880400.000000 
1084880.000000 867972.000000 
989818.000000 955630.000000 
980892.000000 961702.000000 
1103078.000000 854814.000000 
1007838.000000 933666.000000 
1008714.000000 932752.000000 
1028292.000000 914588.000000 
1035214.000000 908628.000000 
1013392.000000 925756.000000 
1068452.000000 880404.000000 
1047178.000000 889606.000000 
992736.000000 951692.000000 
950606.000000 1008194.000000 
1081134.000000 870772.000000 
996086.000000 947404.000000 
951050.000000 1003486.000000 
1084662.000000 868582.000000 
1041092.000000 901300.000000 
1055548.000000 889332.000000 
1020950.000000 921708.000000 
989084.000000 955754.000000 
1060960.000000 885224.000000 
996124.000000 946838.000000 
1030760.000000 910380.000000 
1125190.000000 839764.000000 
1084844.000000 868550.000000 
1091676.000000 858604.000000 
978254.000000 968508.000000 
1105464.000000 854026.000000 
1035508.000000 906854.000000 
974890.000000 970686.000000 
1039626.000000 904624.000000 
1040170.000000 904508.000000 
1044938.000000 894544.000000 
918164.000000 1053748.000000 
928924.000000 1034160.000000 
951656.000000 995482.000000 
1039158.000000 905306.000000 
1030846.000000 909134.000000 
985824.000000 958952.000000 
1074370.000000 877554.000000 
1020874.000000 921736.000000 
1001784.000000 937694.000000 
1100656.000000 855868.000000 
986512.000000 956366.000000 
1117252.000000 841712.000000 
990766.000000 954404.000000 
1036722.000000 905810.000000 
1044306.000000 898454.000000 
1073098.000000 878258.000000 
1090890.000000 858784.000000 
1025744.000000 915506.000000 
985284.000000 961684.000000 
943174.000000 1015520.000000 
1093228.000000 858106.000000 
1079416.000000 872506.000000 
1107634.000000 848212.000000 
1022360.000000 916326.000000 
1100234.000000 856890.000000 
925320.000000 1041282.000000 
1112420.000000 844624.000000 
947060.000000 1010638.000000 
1036056.000000 906770.000000 
1029922.000000 912384.000000 
1027784.000000 915278.000000 
1043358.000000 901118.000000 
1056082.000000 886934.000000 
1077608.000000 872838.000000 
1109114.000000 848058.000000 
980706.000000 966150.000000 
1028738.000000 913562.000000 
1075372.000000 875298.000000 
1126830.000000 836742.000000 
1132286.000000 834702.000000 

1051772.000000 893074.000000 
1121806.000000 845864.000000 
1058086.000000 889370.000000 
965232.000000 976044.000000 
1175762.000000 830666.000000 
1094616.000000 863004.000000 
1070042.000000 880482.000000 
1140522.000000 835814.000000 
942742.000000 1010640.000000 
978850.000000 957524.000000 
1081344.000000 871724.000000 
924996.000000 1034102.000000 
1045068.000000 895882.000000 
944330.000000 1009162.000000 
1006740.000000 932304.000000 
977224.000000 959862.000000 
1164664.000000 835026.000000 
1012024.000000 927844.000000 
995278.000000 944956.000000 
1071102.000000 880368.000000 
935416.000000 1024622.000000 
986854.000000 948566.000000 
985304.000000 951910.000000 
1034406.000000 907416.000000 
1029168.000000 908958.000000 
1102790.000000 857910.000000 
1001450.000000 937934.000000 
996520.000000 943874.000000 
934708.000000 1031172.000000 
1040476.000000 903208.000000 
1137136.000000 840532.000000 
945388.000000 1003626.000000 
959786.000000 976988.000000 
965846.000000 973074.000000 
1092276.000000 864942.000000 
1062356.000000 881982.000000 
1178810.000000 830176.000000 
1014354.000000 927224.000000 
944738.000000 1008290.000000 
1115962.000000 847832.000000 
971076.000000 972410.000000 
1075826.000000 876626.000000 
1015692.000000 923994.000000 
1081528.000000 867954.000000 
1058786.000000 886188.000000 
1011172.000000 930590.000000 
994132.000000 945994.000000 
947508.000000 999854.000000 
1052966.000000 891088.000000 
1035266.000000 905726.000000 
938156.000000 1014582.000000 
1047436.000000 893626.000000 
1103186.000000 853490.000000 
1095460.000000 858204.000000 
982612.000000 954330.000000 
1003090.000000 936590.000000 
1018638.000000 914452.000000 
929528.000000 1032262.000000 
1078724.000000 875518.000000 
1072528.000000 876914.000000 
1010950.000000 931942.000000 
1006200.000000 936352.000000 
1078944.000000 874136.000000 
1091760.000000 867152.000000 
972072.000000 966158.000000 
989794.000000 947000.000000 
950052.000000 981872.000000 
949164.000000 995444.000000 
1057562.000000 890304.000000 
1017650.000000 921200.000000 
937276.000000 1020092.000000 
1126316.000000 843820.000000 
1040864.000000 902314.000000 
1052942.000000 892582.000000 
1010098.000000 932186.000000 
1108664.000000 852454.000000 
973788.000000 963706.000000 
939790.000000 1013432.000000 
971654.000000 967454.000000 
946766.000000 1002044.000000 
1036592.000000 905132.000000 
997296.000000 939976.000000 
1034382.000000 908350.000000 

1176068.000000 819584.000000 
952902.000000 989442.000000 
1003468.000000 928816.000000 
1104056.000000 854482.000000 
1013508.000000 927300.000000 
1096110.000000 859374.000000 
1067092.000000 879950.000000 
964816.000000 972242.000000 
1161386.000000 828454.000000 
961384.000000 977512.000000 
1062038.000000 886514.000000 
973746.000000 963112.000000 
1022774.000000 918832.000000 
1017456.000000 921280.000000 
1022360.000000 919756.000000 
1026902.000000 907422.000000 
1130194.000000 837858.000000 
1064072.000000 884510.000000 
977002.000000 957724.000000 
1107548.000000 848518.000000 
1086886.000000 864862.000000 
1103540.000000 855336.000000 
933950.000000 1015896.000000 
979654.000000 953928.000000 
1022996.000000 917020.000000 
944166.000000 1002018.000000 
1044180.000000 901444.000000 
1153156.000000 837330.000000 
1046514.000000 894818.000000 
1044570.000000 900182.000000 
1063996.000000 885948.000000 
1037504.000000 907042.000000 
1040406.000000 902856.000000 
1026578.000000 914672.000000 
1153510.000000 834558.000000 
1094194.000000 861150.000000 
986646.000000 950826.000000 
941956.000000 1002796.000000 
958814.000000 979196.000000 
962846.000000 977068.000000 
966764.000000 967506.000000 
987416.000000 947816.000000 
1061586.000000 888432.000000 
1040294.000000 904342.000000 
1173242.000000 824150.000000 
1009824.000000 927498.000000 
1105830.000000 851872.000000 
1021458.000000 920726.000000 
971388.000000 965912.000000 
993688.000000 943874.000000 
1123466.000000 842062.000000 
1093056.000000 863994.000000 
1020690.000000 921204.000000 
1074962.000000 873016.000000 
1092300.000000 864200.000000 
1140578.000000 837648.000000 
1158458.000000 831334.000000 
1074592.000000 874248.000000 
1021930.000000 920570.000000 
947412.000000 997404.000000 
987316.000000 950568.000000 
975576.000000 962072.000000 
1038580.000000 905998.000000 
1097610.000000 855686.000000 
1076960.000000 871280.000000 
1048386.000000 892214.000000 
1160638.000000 830018.000000 
1044136.000000 901628.000000 
991370.000000 946194.000000 
981966.000000 952750.000000 
950290.000000 993164.000000 
964238.000000 972446.000000 
1015488.000000 926044.000000 
1141036.000000 837390.000000 
986044.000000 951626.000000 
992622.000000 944330.000000 
930020.000000 1022102.000000 
1002454.000000 936216.000000 
1077444.000000 871164.000000 
1093538.000000 863150.000000 
1037860.000000 906812.000000 
993734.000000 941918.000000 
1105172.000000 853506.000000 
957252.000000 987416.000000 
1025048.000000 915504.000000 
1118884.000000 848412.000000 
1001620.000000 936638.000000 
1123000.000000 847602.000000 
1062838.000000 886086.000000 
1064290.000000 883886.000000 
1065124.000000 882954.000000 
1096234.000000 857636.000000 
958504.000000 983434.000000 
1153810.000000 833944.000000 
1070844.000000 876322.000000 
998284.000000 937656.000000 
1094252.000000 861036.000000 
1061710.000000 887386.000000 
1094294.000000 860490.000000 
1079358.000000 866538.000000 
1089462.000000 864388.000000 
994952.000000 941270.000000 
1044818.000000 895460.000000 
1192770.000000 817956.000000 
966152.000000 970258.000000 
962914.000000 974718.000000 
992600.000000 945370.000000 
935994.000000 1011202.000000 
1158074.000000 833212.000000 
1043934.000000 902494.000000 
1163398.000000 827324.000000 
1015614.000000 924390.000000 
955252.000000 988462.000000 
1054710.000000 890262.000000 
1057908.000000 889382.000000 
958254.000000 986100.000000 
997690.000000 940358.000000 
1059096.000000 889206.000000 
973246.000000 964490.000000 

1020396.000000 912654.000000 
943402.000000 1005072.000000 
1047038.000000 897768.000000 
1083082.000000 864048.000000 
1066252.000000 876198.000000 
1047108.000000 897024.000000 
1129284.000000 835998.000000 
1158814.000000 823896.000000 
963558.000000 977430.000000 
1042368.000000 899136.000000 
981654.000000 957066.000000 
959450.000000 983454.000000 
938006.000000 1015256.000000 
1039186.000000 905450.000000 
1019434.000000 918016.000000 
992314.000000 940768.000000 
958362.000000 987600.000000 
1033928.000000 905674.000000 
1050712.000000 889850.000000 
1121822.000000 846392.000000 
961946.000000 983118.000000 
970282.000000 969166.000000 
938012.000000 1014812.000000 
1137920.000000 834918.000000 
986770.000000 950634.000000 
934240.000000 1022748.000000 
1173242.000000 815536.000000 
935712.000000 1019950.000000 
1097898.000000 855722.000000 
915310.000000 1046130.000000 
1115160.000000 848100.000000 
1124230.000000 840146.000000 
1039422.000000 904864.000000 
951904.000000 991808.000000 
1040276.000000 904618.000000 
1068758.000000 875614.000000 
947376.000000 995686.000000 
930054.000000 1022864.000000 
1053758.000000 887846.000000 
1028778.000000 911460.000000 
984168.000000 956596.000000 
956640.000000 988718.000000 
998052.000000 936582.000000 
1056588.000000 886442.000000 
945192.000000 1002658.000000 
939886.000000 1008704.000000 
1014704.000000 923712.000000 
1127180.000000 839060.000000 
1030802.000000 909980.000000 
1106430.000000 848764.000000 
1048740.000000 895900.000000 
979872.000000 958464.000000 
1061854.000000 882852.000000 
978820.000000 960244.000000 
945846.000000 1001774.000000 
947072.000000 996784.000000 
922026.000000 1043614.000000 
951816.000000 995320.000000 
969376.000000 974968.000000 
1006002.000000 930350.000000 
955350.000000 990914.000000 
1138640.000000 833886.000000 
1003700.000000 930876.000000 
1148098.000000 824564.000000 
1127140.000000 839514.000000 
1082712.000000 867084.000000 
972972.000000 968720.000000 
934352.000000 1022086.000000 
1006188.000000 926908.000000 
1074448.000000 870576.000000 
991636.000000 949536.000000 
1073432.000000 871794.000000 
1024290.000000 912650.000000 
985970.000000 953042.000000 
939700.000000 1013656.000000 
928216.000000 1032506.000000 
1160092.000000 821180.000000 
1165206.000000 818906.000000 
1087452.000000 858136.000000 
1137188.000000 835414.000000 
968692.000000 976108.000000 
1117024.000000 847482.000000 
1104754.000000 855454.000000 
1060912.000000 885048.000000 
1062270.000000 880914.000000 
1056254.000000 887836.000000 
1064192.000000 878716.000000 
976164.000000 965964.000000 
1146186.000000 829514.000000 
1074578.000000 868342.000000 
1058090.000000 885726.000000 
936240.000000 1017856.000000 
1012038.000000 926670.000000 

982038.000000 965118.000000 
1033298.000000 908786.000000 
1052898.000000 887424.000000 
1045382.000000 893596.000000 
985086.000000 951620.000000 
999068.000000 935298.000000 
1013766.000000 922366.000000 
992430.000000 948302.000000 
983416.000000 961250.000000 
957312.000000 994522.000000 
960204.000000 993124.000000 
1052826.000000 892642.000000 
1030126.000000 912022.000000 
1005622.000000 929084.000000 
1099690.000000 858268.000000 
1106430.000000 851450.000000 
1115512.000000 845082.000000 
1095508.000000 864892.000000 
1142884.000000 835608.000000 
922544.000000 1053856.000000 
943676.000000 1000602.000000 
1093406.000000 866296.000000 
973652.000000 965194.000000 
933060.000000 1020582.000000 
1064890.000000 885366.000000 
1033084.000000 910198.000000 
960708.000000 988280.000000 
1096868.000000 864480.000000 
928518.000000 1035392.000000 
938646.000000 1009594.000000 
1013388.000000 925142.000000 
1090576.000000 866398.000000 
1132888.000000 840632.000000 
1044832.000000 896346.000000 
1000184.000000 934764.000000 
1040500.000000 903128.000000 
961948.000000 985268.000000 
1030814.000000 911428.000000 
1134466.000000 838992.000000 
1101896.000000 854588.000000 
1110114.000000 851032.000000 
1065496.000000 882118.000000 
967022.000000 980174.000000 
968096.000000 979106.000000 
1043578.000000 901288.000000 
1033112.000000 909664.000000 
1065458.000000 885234.000000 
1032760.000000 910888.000000 
969428.000000 977958.000000 
930060.000000 1025332.000000 
1028058.000000 914650.000000 
934748.000000 1013380.000000 
1041072.000000 901540.000000 
932170.000000 1025062.000000 
990586.000000 949228.000000 
1086690.000000 868330.000000 
955620.000000 995448.000000 
985002.000000 952870.000000 
994428.000000 937936.000000 
1098234.000000 863796.000000 
1019190.000000 919990.000000 
1019036.000000 920332.000000 
929532.000000 1033190.000000 
1098300.000000 860546.000000 
943246.000000 1008720.000000 
951908.000000 996726.000000 
1044774.000000 899080.000000 
1136086.000000 837810.000000 
1019856.000000 919862.000000 
950634.000000 1000562.000000 
1114866.000000 850632.000000 
926220.000000 1046320.000000 
1023004.000000 914762.000000 
1029124.000000 913176.000000 
973244.000000 973580.000000 
1122618.000000 843424.000000 
1044208.000000 899844.000000 
1069446.000000 881742.000000 
1076676.000000 869758.000000 
1074966.000000 876902.000000 
1140874.000000 836146.000000 
998348.000000 936012.000000 
1034480.000000 906932.000000 
992684.000000 942688.000000 
1009022.000000 925988.000000 
1122158.000000 844134.000000 
1039124.000000 904908.000000 
1073210.000000 877802.000000 
966802.000000 980242.000000 

945498.000000 1018458.000000 
1077510.000000 876124.000000 
1031760.000000 908836.000000 
981862.000000 962694.000000 
1056226.000000 889658.000000 
965370.000000 977922.000000 
1100684.000000 854722.000000 
1028338.000000 912884.000000 
1165240.000000 825692.000000 
954968.000000 995366.000000 
961212.000000 989926.000000 
1121150.000000 841194.000000 
936572.000000 1054524.000000 
1033740.000000 907712.000000 
1048786.000000 893520.000000 
1004042.000000 937904.000000 
1007926.000000 933550.000000 
1114026.000000 847348.000000 
1087184.000000 868108.000000 
995540.000000 944268.000000 
1180170.000000 818150.000000 
1162756.000000 829574.000000 
1091818.000000 861650.000000 
966878.000000 974606.000000 
1039596.000000 900448.000000 
994024.000000 947876.000000 
988446.000000 950304.000000 
1143102.000000 833770.000000 
1000722.000000 940296.000000 
1015830.000000 919476.000000 
1129304.000000 837526.000000 
993884.000000 949520.000000 
1042548.000000 897898.000000 
960082.000000 990896.000000 
1086550.000000 869198.000000 
1155124.000000 830838.000000 
1069898.000000 876858.000000 
997088.000000 943232.000000 
1136388.000000 835686.000000 
1005354.000000 937514.000000 
1041736.000000 899764.000000 
1066196.000000 878718.000000 
1136274.000000 837516.000000 
1107190.000000 850218.000000 
1048528.000000 894104.000000 
975528.000000 964162.000000 
1055604.000000 890386.000000 
945784.000000 1015704.000000 
981726.000000 963176.000000 
1088388.000000 867576.000000 
981408.000000 963494.000000 
1057572.000000 888244.000000 
1015754.000000 924538.000000 
1144518.000000 833494.000000 
1052424.000000 890846.000000 
983424.000000 953690.000000 
1008368.000000 932188.000000 
1003812.000000 939876.000000 
1077584.000000 875556.000000 
1083280.000000 872160.000000 
1098116.000000 860490.000000 
1027466.000000 913128.000000 
939714.000000 1024114.000000 
1120718.000000 844368.000000 
1030858.000000 912722.000000 
1112592.000000 848842.000000 
1127078.000000 838450.000000 
952630.000000 999936.000000 
1063612.000000 881190.000000 
1032408.000000 908042.000000 
1020768.000000 915830.000000 
1148578.000000 831098.000000 
934988.000000 1056040.000000 
1058758.000000 888242.000000 
957768.000000 993400.000000 
994232.000000 946302.000000 
1144746.000000 832238.000000 
1059780.000000 883964.000000 
964582.000000 981756.000000 
1163634.000000 827898.000000 
961238.000000 987844.000000 
1012506.000000 926008.000000 
1087686.000000 867810.000000 
1045412.000000 896780.000000 
1033882.000000 906106.000000 
970374.000000 969452.000000 
1141372.000000 833818.000000 
1106114.000000 853366.000000 
1005840.000000 936752.000000 
1098040.000000 860566.000000 
952622.000000 1002564.000000 
1055746.000000 890270.000000 
1025948.000000 913886.000000 
1037348.000000 902270.000000 
1050362.000000 893314.000000 
954076.000000 997042.000000 
1077996.000000 872624.000000 
1012332.000000 928164.000000 
1087042.000000 868726.000000 
1089434.000000 863246.000000 
961782.000000 986648.000000 
1025438.000000 915328.000000 
1035862.000000 902376.000000 
946078.000000 1003222.000000 
1062554.000000 881430.000000 
1047952.000000 894462.000000 
1010772.000000 930120.000000 
999692.000000 941616.000000 
1030702.000000 912834.000000 
1100172.000000 859304.000000 
1083522.000000 870344.000000 
1085902.000000 869822.000000 
1076046.000000 876270.000000 
1052042.000000 892724.000000 

930770.000000 1025666.000000 
957104.000000 983420.000000 
1100320.000000 860046.000000 
1022122.000000 922686.000000 
1042070.000000 902110.000000 
1034932.000000 909314.000000 
1028072.000000 916898.000000 
1021786.000000 923340.000000 
966228.000000 978990.000000 
1123424.000000 847902.000000 
1132848.000000 843270.000000 
945312.000000 999612.000000 
994636.000000 946366.000000 
967956.000000 975802.000000 
1057574.000000 889502.000000 
1136026.000000 839924.000000 
990222.000000 949966.000000 
1018862.000000 925248.000000 
1031486.000000 910330.000000 
932866.000000 1019798.000000 
944240.000000 1003384.000000 
1137788.000000 839422.000000 
1138014.000000 837014.000000 
1070238.000000 875844.000000 
1138814.000000 836806.000000 
948362.000000 994108.000000 
1140178.000000 833286.000000 
1023284.000000 917066.000000 
931980.000000 1024346.000000 
1036928.000000 907146.000000 
1022104.000000 923200.000000 
1098934.000000 863740.000000 
964494.000000 979862.000000 
992262.000000 949756.000000 
930340.000000 1031890.000000 
1049308.000000 894242.000000 
1060734.000000 877780.000000 
1044558.000000 898876.000000 
1081188.000000 874258.000000 
981798.000000 962620.000000 
975604.000000 963960.000000 
970422.000000 973250.000000 
1038692.000000 905902.000000 
938978.000000 1006638.000000 
935788.000000 1018070.000000 
987224.000000 956580.000000 
1188910.000000 820448.000000 
987932.000000 954132.000000 
1009632.000000 933848.000000 
998128.000000 944190.000000 
1040388.000000 903744.000000 
1016674.000000 926456.000000 
954580.000000 991234.000000 
1153088.000000 830400.000000 
1021090.000000 925128.000000 
1078142.000000 875416.000000 
1051844.000000 892296.000000 
919782.000000 1049004.000000 
1112508.000000 848588.000000 
1102424.000000 856928.000000 
919864.000000 1039550.000000 
1165042.000000 823490.000000 
973336.000000 968204.000000 
1005200.000000 935002.000000 
948106.000000 998130.000000 
1154936.000000 827212.000000 
1043302.000000 901872.000000 
999124.000000 937514.000000 
1103596.000000 853412.000000 
1010528.000000 932234.000000 
1021396.000000 924424.000000 
1013866.000000 926776.000000 
1099472.000000 863428.000000 
1126674.000000 844352.000000 
981820.000000 961714.000000 
1056778.000000 890274.000000 
978846.000000 963490.000000 
1091366.000000 866134.000000 
1082374.000000 872414.000000 
1094946.000000 864284.000000 
927084.000000 1032788.000000 
1125804.000000 847238.000000 
1083816.000000 872044.000000 
969714.000000 974894.000000 
1059808.000000 886896.000000 
1099856.000000 862718.000000 
1134026.000000 842032.000000 
1090486.000000 868842.000000 
970354.000000 973314.000000 
1017476.000000 925542.000000 
1085250.000000 868990.000000 
979988.000000 962994.000000 
984242.000000 959120.000000 
1048940.000000 898090.000000 
967790.000000 978644.000000 
972142.000000 972582.000000 
970174.000000 974632.000000 

965524.000000 977590.000000 
989666.000000 950496.000000 
981330.000000 962192.000000 
1156998.000000 819938.000000 
1142556.000000 833048.000000 
930806.000000 1024048.000000 
1074606.000000 878834.000000 
1014986.000000 927620.000000 
1086714.000000 867262.000000 
1125490.000000 843472.000000 
1023460.000000 917990.000000 
984040.000000 961944.000000 
1001190.000000 943438.000000 
1018398.000000 926546.000000 
1171184.000000 817304.000000 
1081002.000000 873062.000000 
984528.000000 961490.000000 
1076098.000000 875938.000000 
1118296.000000 847288.000000 
1026290.000000 913062.000000 
1035238.000000 907738.000000 
1174342.000000 807408.000000 
955738.000000 989692.000000 
1134110.000000 835940.000000 
1035826.000000 904932.000000 
1044258.000000 897254.000000 
998624.000000 943450.000000 
1099214.000000 852592.000000 
946954.000000 1006552.000000 
1008748.000000 928820.000000 
1084130.000000 868102.000000 
939608.000000 1009402.000000 
947694.000000 995784.000000 
944616.000000 1008462.000000 
1020376.000000 919456.000000 
1007578.000000 935390.000000 
1112954.000000 850660.000000 
1129632.000000 836086.000000 
1114844.000000 849196.000000 
1039968.000000 899986.000000 
970626.000000 971452.000000 
986828.000000 955266.000000 
1008384.000000 934954.000000 
1060404.000000 889788.000000 
962896.000000 986092.000000 
974818.000000 963238.000000 
1007596.000000 935248.000000 
988698.000000 952096.000000 
1001934.000000 941894.000000 
1078754.000000 873316.000000 
1002960.000000 935674.000000 
1007576.000000 935462.000000 
1126538.000000 841372.000000 
1034224.000000 908896.000000 
1144182.000000 830286.000000 
1092186.000000 862712.000000 
1042834.000000 898966.000000 
1010830.000000 928798.000000 
964556.000000 978980.000000 
1046790.000000 896438.000000 
989488.000000 952072.000000 
1127594.000000 840816.000000 
986512.000000 955538.000000 
1019510.000000 924804.000000 
1119958.000000 845512.000000 
1066024.000000 879772.000000 
985998.000000 956680.000000 
1049328.000000 890974.000000 
1062242.000000 883342.000000 
944156.000000 1009316.000000 
958934.000000 986144.000000 
1117792.000000 848406.000000 
1036754.000000 901318.000000 
1019656.000000 921760.000000 
1128818.000000 839822.000000 
1143292.000000 831780.000000 
1144924.000000 825026.000000 
1151566.000000 822542.000000 
952590.000000 992686.000000 
951996.000000 993674.000000 
1002358.000000 939712.000000 
993084.000000 943964.000000 
1125452.000000 844878.000000 
1173480.000000 809052.000000 
1097060.000000 860648.000000 
1081312.000000 869868.000000 
1008736.000000 934652.000000 
1137334.000000 833894.000000 
1165736.000000 818076.000000 

1013522.000000 927520.000000 
1031788.000000 915026.000000 
1048914.000000 896436.000000 
914110.000000 1064942.000000 
906120.000000 1081276.000000 
1051426.000000 894900.000000 
1010200.000000 932184.000000 
990336.000000 951112.000000 
1004576.000000 937468.000000 
918294.000000 1060258.000000 
1024086.000000 920494.000000 
1005298.000000 935126.000000 
1038622.000000 903068.000000 
1062680.000000 886796.000000 
949190.000000 994918.000000 
988582.000000 954546.000000 
964596.000000 978824.000000 
955858.000000 994098.000000 
1197728.000000 815802.000000 
977576.000000 962254.000000 
1064130.000000 885402.000000 
945172.000000 1015094.000000 
1100090.000000 860156.000000 
1002860.000000 939368.000000 
1120838.000000 846892.000000 
1127364.000000 840482.000000 
941998.000000 1019840.000000 
1138436.000000 835052.000000 
1046666.000000 899088.000000 
1053422.000000 893498.000000 
1044604.000000 902018.000000 
967466.000000 974072.000000 
1121886.000000 845662.000000 
1074548.000000 873016.000000 
1091134.000000 862430.000000 
993032.000000 950756.000000 
1017534.000000 924572.000000 
1125896.000000 842410.000000 
1031770.000000 915534.000000 
1082440.000000 871184.000000 
1027414.000000 918860.000000 
973258.000000 965802.000000 
1027452.000000 917048.000000 
904792.000000 1085368.000000 
1092894.000000 861970.000000 
926590.000000 1047420.000000 
938848.000000 1023310.000000 
1016470.000000 926948.000000 
952486.000000 994340.000000 
920986.000000 1055982.000000 
955932.000000 989136.000000 
1066792.000000 883512.000000 
1057596.000000 888726.000000 
1031490.000000 916548.000000 
1031582.000000 915686.000000 
945664.000000 1005388.000000 
942438.000000 1018196.000000 
962470.000000 984222.000000 
1041170.000000 902926.000000 
1104072.000000 854798.000000 
1033882.000000 909830.000000 
981232.000000 961468.000000 
1112764.000000 850948.000000 
993604.000000 950574.000000 
1033456.000000 914788.000000 
1068370.000000 882386.000000 
970068.000000 972574.000000 
990034.000000 953206.000000 
923394.000000 1051674.000000 
986138.000000 955338.000000 
982592.000000 959206.000000 
1036808.000000 908298.000000 
998862.000000 941556.000000 
1086568.000000 866616.000000 
929850.000000 1042018.000000 
1113662.000000 848170.000000 
1145526.000000 828842.000000 
942716.000000 1015918.000000 
1069426.000000 880188.000000 
993990.000000 945988.000000 
1138016.000000 838942.000000 
932808.000000 1032332.000000 
1025316.000000 919822.000000 
1034722.000000 908968.000000 
1106364.000000 852462.000000 
1124318.000000 843912.000000 
1011192.000000 931196.000000 
1020434.000000 923860.000000 
961612.000000 988440.000000 
1101598.000000 856486.000000 
1066178.000000 883544.000000 
1084804.000000 866686.000000 
989744.000000 953646.000000 
1025184.000000 920226.000000 
936716.000000 1030336.000000 
1152210.000000 824232.000000 
1100342.000000 859544.000000 
1082514.000000 870242.000000 
1022116.000000 921968.000000 
945010.000000 1015716.000000 

1079090.000000 874256.000000 
960676.000000 982808.000000 
1090502.000000 866766.000000 
1037142.000000 906940.000000 
1076374.000000 879378.000000 
1064784.000000 886666.000000 
1071022.000000 880374.000000 
1065654.000000 886346.000000 
989102.000000 950104.000000 
961818.000000 982206.000000 
1073832.000000 879918.000000 
993446.000000 944386.000000 
1014290.000000 923476.000000 
971370.000000 973592.000000 
949580.000000 999218.000000 
1029158.000000 915940.000000 
1012398.000000 928278.000000 
1056012.000000 893576.000000 
1122552.000000 840930.000000 
1083078.000000 874242.000000 
1148234.000000 827326.000000 
981888.000000 955146.000000 
1095898.000000 865856.000000 
1034318.000000 910946.000000 
1051880.000000 897788.000000 
1053640.000000 895164.000000 
986418.000000 951274.000000 
1167576.000000 819384.000000 
1092044.000000 865912.000000 
1059568.000000 888814.000000 
1142520.000000 834996.000000 
1064728.000000 887786.000000 
1084534.000000 867948.000000 
999300.000000 942404.000000 
1019526.000000 918664.000000 
939362.000000 1012478.000000 
1068252.000000 882148.000000 
1013310.000000 927390.000000 
1028540.000000 917038.000000 
1101402.000000 854404.000000 
984376.000000 954538.000000 
1076968.000000 875320.000000 
1159924.000000 826112.000000 
1143720.000000 830246.000000 
1171956.000000 815686.000000 
996074.000000 942948.000000 
1040564.000000 906142.000000 
946316.000000 1005542.000000 
948416.000000 1001044.000000 
1096064.000000 862438.000000 
1132610.000000 835608.000000 
1056248.000000 893122.000000 
963620.000000 976278.000000 
999518.000000 940542.000000 
1043780.000000 898966.000000 
943240.000000 1006110.000000 
926396.000000 1026164.000000 
1040568.000000 904136.000000 
1006550.000000 936938.000000 
1030266.000000 914304.000000 
981196.000000 962884.000000 
1009338.000000 933180.000000 
1120438.000000 848648.000000 
1154700.000000 827264.000000 
1034324.000000 910474.000000 
1084282.000000 873206.000000 
980618.000000 965078.000000 
1011340.000000 932542.000000 
990256.000000 945950.000000 
958982.000000 985734.000000 
959138.000000 985728.000000 
1008112.000000 934386.000000 
1108426.000000 854302.000000 
1110874.000000 849224.000000 
1067850.000000 885638.000000 
1007762.000000 935160.000000 
1142746.000000 834876.000000 
1076640.000000 877902.000000 
1109990.000000 851778.000000 
934576.000000 1018556.000000 
1127646.000000 838240.000000 
932096.000000 1021478.000000 
1004542.000000 940064.000000 
1164194.000000 822936.000000 
951378.000000 991572.000000 
1057172.000000 893044.000000 
1143108.000000 832678.000000 
941644.000000 1007110.000000 
1031636.000000 912580.000000 
1123788.000000 839620.000000 
1120602.000000 848550.000000 
1121836.000000 844200.000000 
1052638.000000 897336.000000 
972630.000000 967126.000000 
1075844.000000 879798.000000 
1099252.000000 862084.000000 
979552.000000 966270.000000 
937308.000000 1013258.000000 
1050920.000000 897812.000000 
956120.000000 988926.000000 
1054696.000000 895110.000000 
1038944.000000 906852.000000 
1007442.000000 935468.000000 
947290.000000 1003364.000000 
1096036.000000 864548.000000 
1005410.000000 939102.000000 

997004.000000 935788.000000 
981468.000000 953386.000000 
1044384.000000 895218.000000 
1011142.000000 923016.000000 
1063894.000000 882036.000000 
1028664.000000 909280.000000 
1045748.000000 892406.000000 
1053906.000000 882508.000000 
1116402.000000 842712.000000 
995520.000000 941354.000000 
1153932.000000 830628.000000 
1089164.000000 865952.000000 
951802.000000 999366.000000 
935066.000000 1029806.000000 
953656.000000 999322.000000 
1067484.000000 874058.000000 
1020704.000000 913826.000000 
1033506.000000 906602.000000 
1085618.000000 866814.000000 
938418.000000 1021578.000000 
985920.000000 947920.000000 
924624.000000 1046954.000000 
1030408.000000 906992.000000 
1112452.000000 847868.000000 
1016094.000000 921654.000000 
970986.000000 968108.000000 
1116330.000000 845832.000000 
946306.000000 1002616.000000 
993568.000000 942422.000000 
940586.000000 1020290.000000 
1105308.000000 853290.000000 
1101416.000000 856168.000000 
956166.000000 988882.000000 
1040624.000000 896604.000000 
954270.000000 999124.000000 
979640.000000 957378.000000 
1158036.000000 828326.000000 
957692.000000 988604.000000 
985316.000000 951344.000000 
970138.000000 969628.000000 
1065070.000000 880680.000000 
1085478.000000 868088.000000 
973974.000000 964620.000000 
1078308.000000 871328.000000 
1016440.000000 916732.000000 
973332.000000 966210.000000 
931954.000000 1029858.000000 
1035376.000000 899764.000000 
989410.000000 942596.000000 
954326.000000 991128.000000 
995162.000000 941430.000000 
1126356.000000 837988.000000 
976600.000000 959678.000000 
1015956.000000 921710.000000 
1033772.000000 905566.000000 
941304.000000 1014994.000000 
1050522.000000 888468.000000 
1025448.000000 912112.000000 
1040930.000000 896392.000000 
958590.000000 969990.000000 
1017668.000000 916366.000000 
1146816.000000 831502.000000 
1111450.000000 850688.000000 
1026584.000000 911248.000000 
944178.000000 1002880.000000 
1035788.000000 899040.000000 
1048368.000000 888742.000000 
1132320.000000 833814.000000 
1147718.000000 831296.000000 
1108880.000000 852944.000000 
1137862.000000 832874.000000 
928550.000000 1040498.000000 
1028952.000000 908846.000000 
1102462.000000 855756.000000 
947070.000000 1001230.000000 
1001538.000000 930522.000000 
1000336.000000 931842.000000 
1163272.000000 826194.000000 
1168878.000000 820650.000000 
951360.000000 1000214.000000 
1034992.000000 903302.000000 
1110740.000000 850942.000000 
1091678.000000 864098.000000 
1020698.000000 915696.000000 
929804.000000 1032104.000000 
1076808.000000 873542.000000 
1094004.000000 856834.000000 
1083838.000000 869446.000000 
984958.000000 951786.000000 
1005660.000000 926870.000000 
1077426.000000 872746.000000 
979326.000000 957762.000000 
1082998.000000 870574.000000 
941262.000000 1017944.000000 
1006330.000000 926372.000000 
943604.000000 1005728.000000 

1045356.000000 902658.000000 
996718.000000 950620.000000 
1019340.000000 922590.000000 
1051120.000000 892494.000000 
1071548.000000 879046.000000 
998422.000000 941106.000000 
1090684.000000 865260.000000 
949892.000000 1000860.000000 
1101758.000000 853306.000000 
951026.000000 998700.000000 
1034264.000000 910846.000000 
1083156.000000 871288.000000 
1068150.000000 883636.000000 
967370.000000 983296.000000 
1004720.000000 938060.000000 
967930.000000 980224.000000 
1022448.000000 919496.000000 
1070336.000000 879696.000000 
940568.000000 1019320.000000 
925378.000000 1040060.000000 
1136302.000000 819586.000000 
1125306.000000 829850.000000 
1047916.000000 898360.000000 
1032402.000000 912258.000000 
936272.000000 1025866.000000 
1012936.000000 927322.000000 
1045952.000000 901122.000000 
1077424.000000 875440.000000 
1002336.000000 938402.000000 
1022780.000000 914960.000000 
991092.000000 950890.000000 
1047364.000000 900828.000000 
1062992.000000 886292.000000 
982736.000000 956904.000000 
1034304.000000 905582.000000 
1073580.000000 876114.000000 
1063784.000000 884480.000000 
972904.000000 968906.000000 
941248.000000 1016274.000000 
947546.000000 1004172.000000 
1088576.000000 866098.000000 
1017200.000000 923928.000000 
944092.000000 1013412.000000 
996842.000000 945688.000000 
1084736.000000 869866.000000 
937652.000000 1022800.000000 
1095672.000000 863902.000000 
947166.000000 1005854.000000 
1108582.000000 850494.000000 
1050016.000000 894136.000000 
1110058.000000 837606.000000 
1043638.000000 902890.000000 
1009430.000000 933812.000000 
1061752.000000 889598.000000 
1058576.000000 889920.000000 
945284.000000 1010678.000000 
1079916.000000 871840.000000 
981706.000000 964464.000000 
1095956.000000 863050.000000 
912196.000000 1053478.000000 
919114.000000 1049070.000000 
999042.000000 941058.000000 
960206.000000 983690.000000 
1020882.000000 921586.000000 
945242.000000 1011910.000000 
941926.000000 1015720.000000 
1032360.000000 913458.000000 
1049130.000000 896022.000000 
1058426.000000 890824.000000 
970834.000000 972536.000000 
959702.000000 984818.000000 
1097090.000000 862312.000000 
1048372.000000 897894.000000 
927662.000000 1026042.000000 
1038062.000000 903720.000000 
1010068.000000 933052.000000 
1012564.000000 929276.000000 
954492.000000 992914.000000 
1032474.000000 912060.000000 
1103824.000000 852196.000000 
1045768.000000 902388.000000 
1085468.000000 867492.000000 
1037404.000000 904004.000000 
976008.000000 965578.000000 
989748.000000 956572.000000 
970778.000000 978036.000000 
919898.000000 1042530.000000 
958942.000000 986430.000000 
1029686.000000 914384.000000 
1018830.000000 923842.000000 
1097140.000000 856058.000000 
967822.000000 983216.000000 
927560.000000 1039518.000000 
1002304.000000 939772.000000 
1055912.000000 891054.000000 
1062440.000000 887522.000000 
969984.000000 978410.000000 
1007106.000000 934818.000000 
990608.000000 955314.000000 

1029386.000000 904326.000000 
1035546.000000 902986.000000 
1052702.000000 887126.000000 
1038136.000000 900524.000000 
1009416.000000 923660.000000 
1106654.000000 845398.000000 
1144554.000000 822866.000000 
933666.000000 1035206.000000 
1074234.000000 869698.000000 
1077766.000000 864770.000000 
1004208.000000 932182.000000 
1021232.000000 916708.000000 
974126.000000 959382.000000 
920934.000000 1054816.000000 
1067224.000000 872480.000000 
1020480.000000 918408.000000 
1099536.000000 849108.000000 
989166.000000 945358.000000 
1154522.000000 820936.000000 
1053280.000000 882966.000000 
940666.000000 1011986.000000 
1132962.000000 832660.000000 
977162.000000 958336.000000 
1043176.000000 896028.000000 
962984.000000 971438.000000 
956512.000000 971922.000000 
1172500.000000 814434.000000 
1113660.000000 838570.000000 
1004228.000000 928538.000000 
1060272.000000 872872.000000 
998764.000000 935014.000000 
952954.000000 984676.000000 
1041596.000000 896488.000000 
1021420.000000 913736.000000 
1081386.000000 864308.000000 
1082636.000000 863282.000000 
1073554.000000 870344.000000 
966746.000000 965214.000000 
1043802.000000 895768.000000 
1055798.000000 880830.000000 
1038394.000000 897814.000000 
1035654.000000 902826.000000 
1113058.000000 842400.000000 
977768.000000 955456.000000 
998364.000000 936820.000000 
1135290.000000 829202.000000 
1021496.000000 909914.000000 
971922.000000 962640.000000 
1042472.000000 896382.000000 
964542.000000 967534.000000 
940962.000000 1003770.000000 
1028394.000000 907890.000000 
1045200.000000 895136.000000 
1117762.000000 835724.000000 
1135480.000000 824938.000000 
1038310.000000 899216.000000 
1020968.000000 917196.000000 
961382.000000 971768.000000 
953720.000000 983662.000000 
993554.000000 938244.000000 
1050036.000000 889748.000000 
1126068.000000 834822.000000 
1086382.000000 860548.000000 
1105698.000000 846772.000000 
1085474.000000 862378.000000 
1051938.000000 888054.000000 
1004008.000000 933422.000000 
1134330.000000 831248.000000 
927820.000000 1050676.000000 
1088140.000000 855480.000000 
1059074.000000 880224.000000 
979726.000000 950210.000000 
1001626.000000 933624.000000 
1012828.000000 919006.000000 
1008348.000000 924976.000000 
992516.000000 944260.000000 
1005554.000000 928440.000000 
1097418.000000 852210.000000 
1072922.000000 871534.000000 
997326.000000 937282.000000 
989594.000000 945074.000000 
1129190.000000 833862.000000 
1132854.000000 832730.000000 
1091848.000000 852970.000000 
1107144.000000 843548.000000 
1155858.000000 815344.000000 
1151858.000000 822520.000000 
1007334.000000 926778.000000 
977424.000000 957622.000000 
1086732.000000 859138.000000 
1047506.000000 890424.000000 
1075806.000000 866534.000000 
944884.000000 991420.000000 
981902.000000 950082.000000 
987034.000000 946148.000000 
973624.000000 960758.000000 
998612.000000 936074.000000 
992604.000000 942510.000000 
970568.000000 965136.000000 
938476.000000 1017164.000000 
1122080.000000 834948.000000 
1104742.000000 849046.000000 
983774.000000 947116.000000 
945384.000000 987736.000000 
1144750.000000 822842.000000 
1117344.000000 837154.000000 
1098736.000000 850814.000000 

1071408.000000 876556.000000 
969580.000000 979290.000000 
994104.000000 947936.000000 
1081706.000000 872214.000000 
1087102.000000 868504.000000 
986112.000000 954400.000000 
1158952.000000 830088.000000 
1125542.000000 842520.000000 
1137922.000000 832230.000000 
975560.000000 969244.000000 
998572.000000 946682.000000 
961660.000000 986362.000000 
1084140.000000 869908.000000 
999112.000000 946408.000000 
1071330.000000 879604.000000 
1089390.000000 866770.000000 
1012140.000000 931110.000000 
1131994.000000 835988.000000 
1009356.000000 934618.000000 
1042570.000000 904724.000000 
1090304.000000 865246.000000 
976330.000000 969082.000000 
1008610.000000 934790.000000 
952200.000000 1001320.000000 
931484.000000 1032950.000000 
1024340.000000 920902.000000 
927348.000000 1042044.000000 
924652.000000 1053096.000000 
1029102.000000 908300.000000 
997412.000000 947796.000000 
1091030.000000 862686.000000 
956738.000000 994762.000000 
949834.000000 1005264.000000 
1058412.000000 883850.000000 
1079412.000000 872232.000000 
999664.000000 939508.000000 
1078050.000000 873692.000000 
1102722.000000 849926.000000 
928040.000000 1036196.000000 
976778.000000 963442.000000 
1078636.000000 872614.000000 
1096678.000000 861128.000000 
944590.000000 1009326.000000 
1123772.000000 843636.000000 
933282.000000 1022090.000000 
1019934.000000 921000.000000 
1074726.000000 874230.000000 
1065318.000000 880004.000000 
1032972.000000 905414.000000 
926154.000000 1046096.000000 
968732.000000 980472.000000 
981000.000000 958250.000000 
1038362.000000 904872.000000 
971548.000000 975250.000000 
1010570.000000 931406.000000 
1055652.000000 884654.000000 
940828.000000 1015898.000000 
1001960.000000 938656.000000 
940314.000000 1021576.000000 
1048218.000000 897504.000000 
1127280.000000 840430.000000 
1098314.000000 855710.000000 
1136256.000000 832556.000000 
1087542.000000 867226.000000 
1015222.000000 923446.000000 
1121252.000000 844642.000000 
1097692.000000 860688.000000 
1014320.000000 928942.000000 
1045478.000000 899226.000000 
1043240.000000 900320.000000 
1024530.000000 920606.000000 
1126516.000000 841980.000000 
1113584.000000 848448.000000 
1055446.000000 891904.000000 
1084546.000000 869014.000000 
1007294.000000 938492.000000 
1052156.000000 896742.000000 
1008216.000000 938074.000000 
988680.000000 950068.000000 
980490.000000 962610.000000 
960438.000000 990100.000000 
974960.000000 970838.000000 
1070662.000000 879656.000000 
1081900.000000 871564.000000 
1010144.000000 932456.000000 
1013594.000000 930608.000000 
1117212.000000 848000.000000 
958626.000000 993388.000000 
998298.000000 946794.000000 
1061542.000000 883438.000000 
1052940.000000 893356.000000 
950382.000000 1003414.000000 
967116.000000 983570.000000 
943154.000000 1011952.000000 
1025874.000000 914666.000000 
945088.000000 1005556.000000 

