1045064.000000 907180.000000 
1026194.000000 923252.000000 
1147878.000000 830814.000000 
1129056.000000 838470.000000 
1096124.000000 862822.000000 
1014970.000000 932092.000000 
1033900.000000 917512.000000 
969450.000000 971482.000000 
1057676.000000 895088.000000 
1004470.000000 937300.000000 
950100.000000 997564.000000 
1036318.000000 910470.000000 
1030474.000000 921734.000000 
1109572.000000 853834.000000 
966064.000000 978906.000000 
997720.000000 948622.000000 
1072980.000000 879608.000000 
1045242.000000 902292.000000 
1050848.000000 898324.000000 
1075892.000000 877906.000000 
959936.000000 990724.000000 
958878.000000 993216.000000 
1055136.000000 897204.000000 
958558.000000 993498.000000 
979834.000000 960560.000000 
1086236.000000 869360.000000 
998502.000000 945864.000000 
953116.000000 995248.000000 
1023886.000000 925138.000000 
990588.000000 950488.000000 
1056440.000000 897076.000000 
1058922.000000 892714.000000 
1123436.000000 841302.000000 
981092.000000 959786.000000 
1061002.000000 886008.000000 
1086738.000000 866254.000000 
927172.000000 1043148.000000 
961590.000000 983358.000000 
1084682.000000 871204.000000 
1008916.000000 936014.000000 
1073412.000000 879248.000000 
1072300.000000 881050.000000 
1025604.000000 923570.000000 
1169578.000000 828446.000000 
1040902.000000 908118.000000 
1016512.000000 926018.000000 
1074542.000000 878492.000000 
967314.000000 977202.000000 
954540.000000 993558.000000 
1040832.000000 909694.000000 
926872.000000 1048942.000000 
933014.000000 1024896.000000 
1105874.000000 857792.000000 
979170.000000 964522.000000 
1012692.000000 933068.000000 
939518.000000 1005642.000000 
949310.000000 998786.000000 
977126.000000 966986.000000 
1055054.000000 898064.000000 
1054360.000000 898174.000000 
983426.000000 953444.000000 
1131362.000000 836598.000000 
1123482.000000 839524.000000 
1111202.000000 850576.000000 
1085524.000000 869742.000000 
1169926.000000 825298.000000 
1031814.000000 921464.000000 
1031926.000000 918506.000000 
1080036.000000 876500.000000 
1071588.000000 882534.000000 
1079738.000000 876960.000000 
1099692.000000 861760.000000 
1086728.000000 868378.000000 
1072308.000000 880136.000000 
961164.000000 987496.000000 
1003284.000000 939064.000000 
1002568.000000 945520.000000 
978592.000000 965010.000000 
995932.000000 950340.000000 
929916.000000 1030668.000000 
1029266.000000 922250.000000 
1029082.000000 922866.000000 
1033994.000000 916704.000000 
959202.000000 992642.000000 
952766.000000 995924.000000 
1045142.000000 907066.000000 
945356.000000 1003324.000000 
952826.000000 995804.000000 
935492.000000 1017500.000000 
1069010.000000 885894.000000 
969094.000000 975254.000000 
965864.000000 979876.000000 
1038766.000000 910332.000000 
1082106.000000 872288.000000 
1097516.000000 861934.000000 
1100180.000000 857962.000000 
1105944.000000 856236.000000 
1110830.000000 853566.000000 
1094130.000000 863708.000000 
1114072.000000 844970.000000 
928722.000000 1036282.000000 
977936.000000 965456.000000 
973342.000000 970680.000000 
924284.000000 1058390.000000 
1029282.000000 922098.000000 
1141724.000000 830864.000000 
1050702.000000 901554.000000 

1070454.000000 881698.000000 
1096690.000000 855382.000000 
1089964.000000 861804.000000 
1137152.000000 833452.000000 
1105660.000000 853134.000000 
1122430.000000 842740.000000 
986982.000000 956428.000000 
1020258.000000 926200.000000 
988804.000000 953560.000000 
978258.000000 965980.000000 
947528.000000 998056.000000 
1009572.000000 936116.000000 
1066408.000000 887886.000000 
951832.000000 992916.000000 
1071920.000000 881502.000000 
1069414.000000 886610.000000 
1046714.000000 904040.000000 
973094.000000 969938.000000 
919456.000000 1037856.000000 
910806.000000 1049918.000000 
908110.000000 1058236.000000 
1045716.000000 904258.000000 
1175372.000000 817772.000000 
1172840.000000 819258.000000 
1152186.000000 824246.000000 
1134542.000000 835864.000000 
937682.000000 1018816.000000 
1013120.000000 931712.000000 
1069640.000000 885670.000000 
991760.000000 951780.000000 
1017914.000000 931658.000000 
1106230.000000 853006.000000 
946558.000000 1004332.000000 
1021762.000000 923724.000000 
1069816.000000 885532.000000 
1051648.000000 896706.000000 
1039336.000000 906132.000000 
962358.000000 984636.000000 
1006662.000000 936980.000000 
931598.000000 1019108.000000 
942562.000000 1007004.000000 
937852.000000 1016650.000000 
1124440.000000 841472.000000 
1089330.000000 865880.000000 
1067426.000000 887416.000000 
941236.000000 1012456.000000 
1134920.000000 834570.000000 
1146248.000000 830728.000000 
923946.000000 1029182.000000 
1123310.000000 841636.000000 
960492.000000 986042.000000 
914378.000000 1048544.000000 
1122772.000000 842394.000000 
1053136.000000 896496.000000 
1072358.000000 879928.000000 
981858.000000 962890.000000 
983318.000000 961518.000000 
1078094.000000 872426.000000 
1118740.000000 844052.000000 
1126312.000000 839070.000000 
1133116.000000 837706.000000 
1080624.000000 869784.000000 
1102966.000000 854480.000000 
1056152.000000 890818.000000 
953428.000000 991498.000000 
959200.000000 987676.000000 
1058934.000000 888124.000000 
1038692.000000 908412.000000 
957848.000000 988928.000000 
956998.000000 989178.000000 
941816.000000 1012444.000000 
1048266.000000 903290.000000 
1115084.000000 846334.000000 
1083714.000000 867682.000000 
1121560.000000 843616.000000 
960342.000000 987508.000000 
985612.000000 958610.000000 
986702.000000 957676.000000 
1048778.000000 900712.000000 
945126.000000 1005054.000000 
946986.000000 1004072.000000 
1020104.000000 931316.000000 
1037932.000000 912986.000000 
1024704.000000 921878.000000 
1117604.000000 845670.000000 
1095212.000000 861596.000000 
939416.000000 1015730.000000 
945788.000000 1004470.000000 
1000888.000000 941890.000000 
1027684.000000 918938.000000 
917058.000000 1047314.000000 
1028984.000000 913326.000000 
928604.000000 1023508.000000 
928888.000000 1022936.000000 
1106814.000000 849798.000000 
1025228.000000 919708.000000 
1073416.000000 877360.000000 
969258.000000 974986.000000 
992328.000000 944764.000000 
1004530.000000 939962.000000 
966036.000000 977950.000000 
966048.000000 977004.000000 
963010.000000 980250.000000 
974728.000000 968366.000000 

1130164.000000 833514.000000 
967632.000000 979038.000000 
1119726.000000 843014.000000 
995786.000000 940618.000000 
1115588.000000 847390.000000 
995714.000000 945952.000000 
1118598.000000 843194.000000 
1004976.000000 935324.000000 
1019878.000000 915022.000000 
1028526.000000 910822.000000 
1065042.000000 879364.000000 
1029908.000000 908470.000000 
994348.000000 948068.000000 
1040680.000000 898036.000000 
1067152.000000 878210.000000 
1050572.000000 891950.000000 
1042958.000000 895200.000000 
1040162.000000 899460.000000 
932832.000000 1023958.000000 
924062.000000 1028946.000000 
947096.000000 1003486.000000 
957572.000000 991730.000000 
1072484.000000 877376.000000 
982608.000000 959324.000000 
1157162.000000 818234.000000 
1106990.000000 853116.000000 
950386.000000 1002476.000000 
1103872.000000 858136.000000 
975436.000000 966794.000000 
1003762.000000 936242.000000 
973500.000000 974548.000000 
946290.000000 1010002.000000 
1016732.000000 923954.000000 
979940.000000 959772.000000 
966428.000000 981300.000000 
960636.000000 989966.000000 
1089092.000000 868244.000000 
1059098.000000 884274.000000 
1082906.000000 869212.000000 
962344.000000 987122.000000 
1034798.000000 901130.000000 
979318.000000 965360.000000 
972942.000000 976648.000000 
1003094.000000 938532.000000 
985894.000000 957526.000000 
1088700.000000 868864.000000 
1102626.000000 859524.000000 
1124564.000000 840704.000000 
942506.000000 1010690.000000 
936040.000000 1011150.000000 
922886.000000 1038362.000000 
1054532.000000 891220.000000 
969410.000000 978138.000000 
953212.000000 996896.000000 
971940.000000 977196.000000 
1003338.000000 937542.000000 
950950.000000 1001612.000000 
1096690.000000 860862.000000 
929844.000000 1025616.000000 
921280.000000 1047894.000000 
1077884.000000 869832.000000 
1095030.000000 864788.000000 
964484.000000 983088.000000 
1009908.000000 925740.000000 
970622.000000 977484.000000 
1095376.000000 861562.000000 
1005898.000000 930936.000000 
1054766.000000 890722.000000 
1053928.000000 891770.000000 
1108114.000000 847506.000000 
967618.000000 981254.000000 
1033334.000000 902622.000000 
1031864.000000 908270.000000 
1124480.000000 842770.000000 
1129476.000000 838504.000000 
1132740.000000 831320.000000 
1139032.000000 829608.000000 
1117472.000000 845132.000000 
979712.000000 963570.000000 
1091608.000000 864988.000000 
1073288.000000 875978.000000 
963026.000000 986336.000000 
1017324.000000 923646.000000 
1104276.000000 855004.000000 
1055490.000000 885200.000000 
991198.000000 948642.000000 
990376.000000 951096.000000 
1061280.000000 883484.000000 
1076204.000000 871334.000000 
1140658.000000 822316.000000 
1126104.000000 839318.000000 
1064400.000000 881660.000000 
956064.000000 995618.000000 
1047604.000000 892392.000000 
1032440.000000 907906.000000 
1008122.000000 928576.000000 
1013380.000000 924940.000000 

925316.000000 1031634.000000 
980626.000000 959572.000000 
937656.000000 1018332.000000 
954530.000000 988580.000000 
1134048.000000 831002.000000 
1109702.000000 850376.000000 
1122418.000000 839192.000000 
1148556.000000 822632.000000 
1146006.000000 823506.000000 
971426.000000 969500.000000 
1112646.000000 846974.000000 
1033368.000000 907748.000000 
1031176.000000 914506.000000 
1071246.000000 867382.000000 
1061738.000000 877038.000000 
1021766.000000 917364.000000 
933814.000000 1018522.000000 
922164.000000 1048640.000000 
951820.000000 991062.000000 
916080.000000 1053502.000000 
924846.000000 1041884.000000 
976518.000000 962258.000000 
1031022.000000 915706.000000 
1114890.000000 846836.000000 
1004200.000000 931234.000000 
1110410.000000 849000.000000 
989480.000000 955190.000000 
956876.000000 983502.000000 
932094.000000 1023572.000000 
1068866.000000 873756.000000 
952066.000000 990110.000000 
956442.000000 986686.000000 
1030906.000000 917320.000000 
975096.000000 968594.000000 
941184.000000 1000200.000000 
945326.000000 992486.000000 
957172.000000 980158.000000 
979792.000000 961930.000000 
985482.000000 959336.000000 
978454.000000 962244.000000 
987406.000000 957298.000000 
1133088.000000 833764.000000 
1103200.000000 850880.000000 
1117102.000000 845178.000000 
1032404.000000 908652.000000 
1119244.000000 843704.000000 
1091160.000000 861678.000000 
1083406.000000 865880.000000 
917992.000000 1051388.000000 
1047298.000000 890340.000000 
1056492.000000 880952.000000 
1034336.000000 907310.000000 
1137558.000000 826832.000000 
963360.000000 974328.000000 
1009178.000000 926306.000000 
1041998.000000 901828.000000 
939358.000000 1014300.000000 
1120596.000000 841974.000000 
1031368.000000 911376.000000 
988306.000000 955326.000000 
990338.000000 950990.000000 
1089300.000000 862908.000000 
991736.000000 945162.000000 
987836.000000 955850.000000 
1038592.000000 907094.000000 
1143336.000000 826752.000000 
1101198.000000 852470.000000 
1042686.000000 900798.000000 
1126410.000000 838752.000000 
1134720.000000 830702.000000 
1128186.000000 835056.000000 
1160330.000000 813990.000000 
1152584.000000 814432.000000 
975462.000000 966998.000000 
998960.000000 937568.000000 
1002800.000000 937412.000000 
1014046.000000 922976.000000 
1043522.000000 896454.000000 
1130734.000000 834604.000000 
1111418.000000 847230.000000 
931134.000000 1029320.000000 
985744.000000 957780.000000 
1123606.000000 839114.000000 
994686.000000 941454.000000 
1086246.000000 863448.000000 
1091246.000000 855618.000000 
1084848.000000 865242.000000 
1082608.000000 866878.000000 
1119242.000000 844050.000000 
955772.000000 987132.000000 
1096724.000000 854852.000000 

1102608.000000 848982.000000 
1050450.000000 896364.000000 
922998.000000 1050248.000000 
1079934.000000 868964.000000 
1097352.000000 852338.000000 
928666.000000 1041330.000000 
1063194.000000 886428.000000 
1052154.000000 891306.000000 
1028416.000000 908742.000000 
981530.000000 958184.000000 
1069776.000000 877288.000000 
1037276.000000 904958.000000 
952560.000000 1000460.000000 
1072206.000000 874980.000000 
1086090.000000 862104.000000 
947598.000000 1002462.000000 
1079844.000000 873554.000000 
1059680.000000 890624.000000 
1046590.000000 897816.000000 
992758.000000 951064.000000 
1085422.000000 868380.000000 
969094.000000 972510.000000 
974478.000000 963742.000000 
1019698.000000 923154.000000 
923218.000000 1045616.000000 
1021990.000000 921808.000000 
935690.000000 1029894.000000 
930528.000000 1035746.000000 
935620.000000 1033670.000000 
1067934.000000 881542.000000 
988728.000000 951074.000000 
1102602.000000 851784.000000 
1124072.000000 835580.000000 
961658.000000 981394.000000 
964908.000000 976270.000000 
983770.000000 951668.000000 
1096236.000000 855782.000000 
997340.000000 943608.000000 
1039814.000000 900600.000000 
993024.000000 945624.000000 
982580.000000 955756.000000 
1092836.000000 858486.000000 
955726.000000 982206.000000 
1025506.000000 918486.000000 
1012738.000000 929164.000000 
943372.000000 1009418.000000 
936194.000000 1012776.000000 
938414.000000 1009708.000000 
1043106.000000 899194.000000 
1006236.000000 935190.000000 
1019360.000000 924458.000000 
999304.000000 936748.000000 
954630.000000 999404.000000 
1104590.000000 840050.000000 
1125852.000000 830422.000000 
1131248.000000 820754.000000 
1123188.000000 839832.000000 
1138988.000000 811624.000000 
1049132.000000 897332.000000 
1010438.000000 929732.000000 
1066050.000000 884086.000000 
1025448.000000 918572.000000 
1061818.000000 889894.000000 

1033446.000000 908360.000000 
1168540.000000 814874.000000 
1181726.000000 811160.000000 
1167914.000000 817168.000000 
1113262.000000 843576.000000 
971270.000000 971616.000000 
975928.000000 960372.000000 
1084052.000000 866460.000000 
1078668.000000 867534.000000 
963204.000000 978338.000000 
958132.000000 986976.000000 
935894.000000 1017792.000000 
939832.000000 1008526.000000 
1051618.000000 893036.000000 
1057744.000000 887416.000000 
1065888.000000 883280.000000 
1021258.000000 923702.000000 
931296.000000 1018512.000000 
986530.000000 951870.000000 
1054758.000000 889036.000000 
952408.000000 992700.000000 
1102934.000000 852546.000000 
1088230.000000 864172.000000 
1125540.000000 835854.000000 
1012554.000000 933550.000000 
974886.000000 970264.000000 
1177466.000000 813716.000000 
1013506.000000 932258.000000 
1124946.000000 838674.000000 
1126456.000000 833926.000000 
1025718.000000 915554.000000 
1142948.000000 827078.000000 
1050836.000000 894668.000000 
1094588.000000 857964.000000 
1084018.000000 867068.000000 
1068070.000000 883196.000000 
1091506.000000 863246.000000 
1068478.000000 879352.000000 
969600.000000 975006.000000 
1047248.000000 903320.000000 
938192.000000 1012900.000000 
929840.000000 1021976.000000 
911226.000000 1045342.000000 
911190.000000 1046824.000000 
961990.000000 985348.000000 
942462.000000 1007928.000000 
942570.000000 1000564.000000 
947872.000000 995108.000000 
983908.000000 957418.000000 
1053338.000000 889606.000000 
1047236.000000 904262.000000 
1104112.000000 852324.000000 
1070296.000000 878370.000000 
1047484.000000 897874.000000 
1138466.000000 828300.000000 
1146084.000000 822008.000000 
984752.000000 956772.000000 
1008774.000000 934984.000000 
975062.000000 966238.000000 
928018.000000 1023866.000000 
911606.000000 1041936.000000 
905692.000000 1050980.000000 
900702.000000 1056212.000000 
909862.000000 1050816.000000 
920084.000000 1032876.000000 
1092660.000000 858060.000000 
1064800.000000 885638.000000 
1120228.000000 839476.000000 
935996.000000 1015174.000000 
938350.000000 1009992.000000 
915056.000000 1039418.000000 
927070.000000 1026938.000000 
917258.000000 1035424.000000 
922862.000000 1029806.000000 
1073810.000000 870628.000000 
1013604.000000 932030.000000 
970870.000000 971756.000000 
1063978.000000 886542.000000 
1001878.000000 941814.000000 
1037762.000000 905670.000000 
1021850.000000 919086.000000 
934222.000000 1018176.000000 
1009514.000000 933778.000000 
1151526.000000 818640.000000 
957674.000000 987816.000000 
946688.000000 998968.000000 
926030.000000 1027388.000000 
958516.000000 986716.000000 
1091606.000000 861000.000000 
1091132.000000 864052.000000 
1043876.000000 904848.000000 
1105408.000000 851614.000000 
1072864.000000 876096.000000 
1020712.000000 929930.000000 
963518.000000 975748.000000 
969736.000000 974828.000000 
1004698.000000 940274.000000 
969296.000000 975564.000000 
1106752.000000 850850.000000 
1109188.000000 845460.000000 
1016460.000000 931456.000000 
957092.000000 991340.000000 
1050438.000000 896854.000000 
1132270.000000 832240.000000 
1100696.000000 856434.000000 
1115184.000000 842510.000000 
1119550.000000 842164.000000 
971440.000000 971522.000000 
987008.000000 944464.000000 
980822.000000 959902.000000 
1014296.000000 931980.000000 
1019532.000000 930396.000000 

1008656.000000 935274.000000 
1104318.000000 854610.000000 
1112488.000000 848732.000000 
1127756.000000 837780.000000 
1073652.000000 877374.000000 
1133406.000000 834484.000000 
1085618.000000 863100.000000 
971556.000000 971212.000000 
989602.000000 952524.000000 
984602.000000 957720.000000 
925022.000000 1029520.000000 
927212.000000 1024674.000000 
943732.000000 1009042.000000 
964174.000000 980724.000000 
937904.000000 1012758.000000 
948012.000000 1002692.000000 
943998.000000 1007176.000000 
962582.000000 983026.000000 
997622.000000 948746.000000 
959196.000000 986382.000000 
986602.000000 952760.000000 
959416.000000 986208.000000 
993668.000000 950028.000000 
976696.000000 963944.000000 
949282.000000 1000208.000000 
943140.000000 1012306.000000 
981566.000000 959184.000000 
1001210.000000 944494.000000 
984002.000000 958934.000000 
1027890.000000 919202.000000 
979162.000000 961666.000000 
968450.000000 972750.000000 
957548.000000 987522.000000 
973570.000000 969850.000000 
1001904.000000 941202.000000 
1094236.000000 861880.000000 
958626.000000 986904.000000 
954920.000000 988014.000000 
950516.000000 992364.000000 
1127066.000000 839878.000000 
1051510.000000 897102.000000 
1126536.000000 843582.000000 
970930.000000 972640.000000 
1053020.000000 896260.000000 
1065774.000000 882204.000000 
1052034.000000 896740.000000 
1123650.000000 843702.000000 
1026740.000000 919352.000000 
1077686.000000 876890.000000 
946762.000000 1003594.000000 
1008628.000000 937634.000000 
929314.000000 1023748.000000 
1108902.000000 852370.000000 
1096494.000000 858026.000000 
1049194.000000 899102.000000 
1100988.000000 857694.000000 
906584.000000 1064960.000000 
1069368.000000 878716.000000 
933912.000000 1023342.000000 
1078208.000000 871184.000000 
1113312.000000 845220.000000 
1107920.000000 853522.000000 
1103976.000000 855448.000000 
1110500.000000 850934.000000 
1133878.000000 833302.000000 
964892.000000 980634.000000 
966330.000000 979918.000000 
1105614.000000 853704.000000 
1076250.000000 877090.000000 
1059160.000000 887234.000000 
1083010.000000 870168.000000 
1045128.000000 904078.000000 
1021248.000000 925306.000000 
1012458.000000 933976.000000 
974618.000000 965420.000000 
1015370.000000 928678.000000 
1102482.000000 856672.000000 
1003088.000000 937736.000000 
1143306.000000 827946.000000 
1147880.000000 822240.000000 
919138.000000 1056030.000000 
1136638.000000 832888.000000 
1165982.000000 818466.000000 
1024242.000000 921974.000000 
1029496.000000 918712.000000 
1015784.000000 926148.000000 
1035772.000000 910928.000000 
1042964.000000 905974.000000 
1036756.000000 908822.000000 
1054470.000000 894504.000000 
1058618.000000 890250.000000 
1032864.000000 911994.000000 
1013358.000000 930612.000000 
1032354.000000 917648.000000 
1012796.000000 933158.000000 
993190.000000 951858.000000 
999196.000000 945710.000000 
998346.000000 946418.000000 

1099232.000000 860988.000000 
923076.000000 1038102.000000 
928036.000000 1020986.000000 
918814.000000 1040792.000000 
913804.000000 1059282.000000 
917904.000000 1054726.000000 
1018932.000000 924154.000000 
1081020.000000 874778.000000 
1096484.000000 863844.000000 
1011648.000000 934540.000000 
1042152.000000 901068.000000 
1081038.000000 872770.000000 
1066150.000000 878822.000000 
1091046.000000 864596.000000 
1064302.000000 887052.000000 
1060380.000000 889604.000000 
943544.000000 1008982.000000 
1089880.000000 866126.000000 
1055838.000000 894120.000000 
1145980.000000 827624.000000 
1021180.000000 921306.000000 
1155914.000000 821310.000000 
1056998.000000 892514.000000 
1147156.000000 824466.000000 
1147066.000000 825876.000000 
1117318.000000 845762.000000 
1016376.000000 927696.000000 
1034740.000000 908202.000000 
1176786.000000 814988.000000 
1048342.000000 894304.000000 
1060154.000000 890592.000000 
987724.000000 960202.000000 
1123752.000000 845246.000000 
1106752.000000 850506.000000 
1029752.000000 916804.000000 
1154898.000000 821730.000000 
1169464.000000 818064.000000 
1161834.000000 818374.000000 
1101802.000000 853266.000000 
1099888.000000 857224.000000 
1040598.000000 906422.000000 
1022682.000000 921272.000000 
1011028.000000 937600.000000 
1025290.000000 917864.000000 
1087610.000000 871792.000000 
943478.000000 1012540.000000 
1140320.000000 830640.000000 
967914.000000 975164.000000 
1015228.000000 928096.000000 
1177548.000000 810712.000000 
1172472.000000 816666.000000 
1128732.000000 837948.000000 
1138636.000000 830714.000000 
957506.000000 980290.000000 
975730.000000 966882.000000 
1125096.000000 839702.000000 
1129242.000000 833990.000000 
987974.000000 949600.000000 
1001756.000000 941420.000000 
978920.000000 962664.000000 
1001988.000000 937916.000000 
953654.000000 991422.000000 
945802.000000 1002576.000000 
1044394.000000 900572.000000 
1075368.000000 877462.000000 
1056706.000000 894070.000000 
1001530.000000 945754.000000 
1201954.000000 803888.000000 
940544.000000 1013674.000000 
935510.000000 1015834.000000 
1070614.000000 878512.000000 
1014330.000000 932354.000000 
1087964.000000 870182.000000 
1033924.000000 915662.000000 

965376.000000 975292.000000 
1091792.000000 863654.000000 
1052560.000000 891244.000000 
1101500.000000 854716.000000 
1153276.000000 820374.000000 
937874.000000 1006334.000000 
1041406.000000 903040.000000 
948972.000000 995244.000000 
1077558.000000 873986.000000 
978174.000000 962496.000000 
1031014.000000 913156.000000 
981828.000000 959424.000000 
1127762.000000 828664.000000 
1176284.000000 809436.000000 
1050812.000000 899080.000000 
1092654.000000 861298.000000 
910646.000000 1046644.000000 
1165284.000000 816900.000000 
1009766.000000 930596.000000 
909524.000000 1060060.000000 
1037250.000000 906312.000000 
978268.000000 960410.000000 
968742.000000 974712.000000 
1121946.000000 832904.000000 
1146464.000000 827654.000000 
927102.000000 1020120.000000 
924352.000000 1024984.000000 
1084868.000000 866938.000000 
931196.000000 1011348.000000 
973006.000000 968932.000000 
992180.000000 948090.000000 
1037026.000000 909956.000000 
1025762.000000 917444.000000 
1010904.000000 928288.000000 
964940.000000 979558.000000 
1103602.000000 851276.000000 
916164.000000 1044716.000000 
1082920.000000 871750.000000 
916690.000000 1033490.000000 
943062.000000 1002032.000000 
1002924.000000 935638.000000 
968906.000000 969052.000000 
956400.000000 987524.000000 
1108102.000000 841180.000000 
1114716.000000 834514.000000 
1104080.000000 846678.000000 
1093812.000000 855170.000000 
1087258.000000 864834.000000 
990406.000000 951924.000000 
1034334.000000 910762.000000 
1031996.000000 911776.000000 
1149776.000000 823858.000000 
1162378.000000 818372.000000 
1078544.000000 872168.000000 
991346.000000 950052.000000 
991984.000000 949738.000000 
1019628.000000 920194.000000 
927668.000000 1019236.000000 
985684.000000 954186.000000 
1087886.000000 864478.000000 
1171434.000000 810284.000000 
1051086.000000 896278.000000 
1039026.000000 906218.000000 
1062280.000000 877630.000000 
1017722.000000 924694.000000 
989770.000000 952910.000000 
944232.000000 997002.000000 
1077760.000000 873038.000000 
1026718.000000 917140.000000 
1042112.000000 900232.000000 
919358.000000 1029290.000000 
959420.000000 985222.000000 
1010560.000000 930038.000000 
995996.000000 945428.000000 
998750.000000 941766.000000 
1016552.000000 924966.000000 
977578.000000 964906.000000 
1166030.000000 811576.000000 
1012100.000000 925642.000000 
1060312.000000 884726.000000 
1068168.000000 875180.000000 
1193688.000000 802888.000000 
941834.000000 1002562.000000 
1010900.000000 929000.000000 
962940.000000 979716.000000 
953594.000000 989402.000000 
1000516.000000 939688.000000 
1003946.000000 934168.000000 
995146.000000 946626.000000 

954070.000000 989296.000000 
1072514.000000 877330.000000 
1137586.000000 813500.000000 
958480.000000 988260.000000 
1076126.000000 870870.000000 
1086098.000000 865352.000000 
1079408.000000 869348.000000 
930654.000000 1046986.000000 
983222.000000 956014.000000 
1088514.000000 854616.000000 
1098064.000000 852686.000000 
931146.000000 1027910.000000 
1047260.000000 895628.000000 
1040714.000000 901360.000000 
1026840.000000 911832.000000 
1039110.000000 905744.000000 
1051788.000000 895004.000000 
971902.000000 968626.000000 
985774.000000 955642.000000 
1054480.000000 894972.000000 
1067876.000000 878856.000000 
1101314.000000 852676.000000 
1061508.000000 885876.000000 
1066830.000000 881780.000000 
1057558.000000 889880.000000 
979650.000000 962136.000000 
1115800.000000 837918.000000 
1031350.000000 910576.000000 
975864.000000 963718.000000 
980932.000000 957646.000000 
986926.000000 955192.000000 
1085522.000000 866748.000000 
1058478.000000 888764.000000 
1021814.000000 922638.000000 
1106574.000000 847692.000000 
1087438.000000 863786.000000 
1056604.000000 893176.000000 
968238.000000 969744.000000 
966298.000000 974952.000000 
957746.000000 988672.000000 
953330.000000 994704.000000 
1057570.000000 888850.000000 
1055114.000000 893180.000000 
1043346.000000 900768.000000 
1004776.000000 925874.000000 
998510.000000 936782.000000 
1113174.000000 841436.000000 
945614.000000 1007216.000000 
1115602.000000 839982.000000 
947666.000000 1003252.000000 
1034552.000000 908988.000000 
1035934.000000 907650.000000 
938942.000000 1007482.000000 
933586.000000 1018704.000000 
963096.000000 981002.000000 
972180.000000 964186.000000 
958542.000000 985518.000000 
1084900.000000 867086.000000 
991398.000000 945008.000000 
1078200.000000 870578.000000 
1070696.000000 877548.000000 
946420.000000 1005006.000000 
1013134.000000 923326.000000 
951998.000000 995908.000000 
1101346.000000 852448.000000 
1105058.000000 850376.000000 
962996.000000 983950.000000 
963192.000000 976494.000000 
959082.000000 985386.000000 
1096704.000000 853904.000000 
996510.000000 942016.000000 
1074528.000000 872778.000000 
1023342.000000 920682.000000 
1065022.000000 885068.000000 
1119278.000000 824584.000000 
1131096.000000 823670.000000 
1025918.000000 912954.000000 
1136798.000000 823224.000000 
951514.000000 998210.000000 
1000502.000000 930878.000000 
988730.000000 953638.000000 
963066.000000 983002.000000 
1060110.000000 886294.000000 
1065754.000000 885032.000000 
1130760.000000 823746.000000 
1019592.000000 922682.000000 
1031946.000000 909788.000000 

1197856.000000 806760.000000 
1084956.000000 867882.000000 
937342.000000 1029228.000000 
1097284.000000 858066.000000 
937832.000000 1027024.000000 
927048.000000 1040718.000000 
1156878.000000 824602.000000 
1052022.000000 892102.000000 
1056654.000000 887976.000000 
1011732.000000 929874.000000 
962214.000000 976134.000000 
1119058.000000 834560.000000 
1076912.000000 872524.000000 
1010536.000000 931188.000000 
1026504.000000 918296.000000 
1009784.000000 931264.000000 
1012832.000000 929750.000000 
926694.000000 1062230.000000 
1029546.000000 913528.000000 
1032384.000000 910428.000000 
1014238.000000 919668.000000 
1129796.000000 833220.000000 
1138830.000000 830168.000000 
961660.000000 983538.000000 
1164464.000000 820414.000000 
1158070.000000 824580.000000 
1077810.000000 871406.000000 
1090242.000000 862780.000000 
1099798.000000 850314.000000 
1004964.000000 935146.000000 
1067684.000000 877348.000000 
949132.000000 998536.000000 
976254.000000 954836.000000 
1184808.000000 812472.000000 
1190478.000000 808900.000000 
1166638.000000 815240.000000 
1173332.000000 812878.000000 
1043794.000000 905526.000000 
1040842.000000 907506.000000 
1044332.000000 903762.000000 
966650.000000 968098.000000 
934378.000000 1035104.000000 
990368.000000 946728.000000 
1065184.000000 887056.000000 
944864.000000 1001096.000000 
945904.000000 999148.000000 
941188.000000 1013428.000000 
1136358.000000 831026.000000 
1145778.000000 826392.000000 
940996.000000 1024794.000000 
1036908.000000 907726.000000 
1067506.000000 886042.000000 
988756.000000 949858.000000 
936388.000000 1032548.000000 
949724.000000 998256.000000 
954518.000000 989206.000000 
1045696.000000 897044.000000 
1079586.000000 871204.000000 
1093572.000000 859060.000000 
975698.000000 961374.000000 
961370.000000 988114.000000 
995044.000000 941850.000000 
984484.000000 953536.000000 
1003380.000000 937752.000000 
1028924.000000 918088.000000 
975416.000000 968056.000000 
1113004.000000 840638.000000 
1110136.000000 843526.000000 
1066716.000000 886202.000000 
1062382.000000 887622.000000 
988606.000000 950526.000000 
991818.000000 945614.000000 
1029174.000000 916694.000000 

958942.000000 987992.000000 
947550.000000 999830.000000 
1015334.000000 924276.000000 
947066.000000 1004546.000000 
1094986.000000 857502.000000 
1136946.000000 833774.000000 
984040.000000 954222.000000 
1111684.000000 841352.000000 
1110340.000000 843952.000000 
1118218.000000 839302.000000 
1004984.000000 930012.000000 
1143878.000000 829322.000000 
1034574.000000 903048.000000 
1066788.000000 873504.000000 
1063308.000000 875794.000000 
1075992.000000 872138.000000 
1102812.000000 851520.000000 
983008.000000 956010.000000 
1083578.000000 862592.000000 
1057754.000000 886228.000000 
944870.000000 1006840.000000 
1138240.000000 831136.000000 
971332.000000 966098.000000 
1022518.000000 915906.000000 
934876.000000 1013052.000000 
1122316.000000 839186.000000 
1139124.000000 830640.000000 
996308.000000 939112.000000 
1124364.000000 834316.000000 
1087022.000000 858218.000000 
1072664.000000 873232.000000 
1101154.000000 851702.000000 
1104090.000000 848264.000000 
1098318.000000 857056.000000 
1062744.000000 882400.000000 
1060972.000000 883780.000000 
1060756.000000 886160.000000 
1080542.000000 865488.000000 
1144822.000000 823844.000000 
968966.000000 970838.000000 
969136.000000 966148.000000 
953528.000000 990040.000000 
965968.000000 972630.000000 
982922.000000 956948.000000 
974758.000000 963114.000000 
974568.000000 964024.000000 
925356.000000 1045912.000000 
919860.000000 1051152.000000 
927468.000000 1040494.000000 
928810.000000 1020638.000000 
1039570.000000 901890.000000 
927394.000000 1043082.000000 
959808.000000 981918.000000 
1147594.000000 821818.000000 
1049008.000000 892644.000000 
939700.000000 1009288.000000 
1018902.000000 920614.000000 
941174.000000 1008228.000000 
1100218.000000 855146.000000 
1040628.000000 901032.000000 
1026662.000000 911338.000000 
1028464.000000 906922.000000 
1042606.000000 894288.000000 
991814.000000 941540.000000 
1008456.000000 926948.000000 
956600.000000 989480.000000 
1053638.000000 890480.000000 
1160100.000000 821188.000000 
1174980.000000 813998.000000 
1056400.000000 888598.000000 
1033982.000000 906476.000000 
1049012.000000 891570.000000 
962974.000000 981178.000000 
1000088.000000 934242.000000 
1040794.000000 900750.000000 
1014742.000000 925300.000000 
1021664.000000 916828.000000 
1041668.000000 899786.000000 
1019870.000000 919350.000000 
1048018.000000 892858.000000 
1077510.000000 866540.000000 
1022694.000000 914812.000000 
1041046.000000 900230.000000 
952786.000000 996286.000000 
975832.000000 959528.000000 
943544.000000 1007792.000000 
957920.000000 988272.000000 
977672.000000 958502.000000 
986080.000000 945812.000000 
991448.000000 945200.000000 
984546.000000 950112.000000 
964372.000000 977910.000000 
995538.000000 940638.000000 
1015378.000000 921310.000000 
1019166.000000 920112.000000 
1024550.000000 913738.000000 

1024378.000000 924082.000000 
1054592.000000 891466.000000 
948820.000000 998046.000000 
1073056.000000 878904.000000 
969126.000000 969982.000000 
1002406.000000 943226.000000 
1050844.000000 893444.000000 
1064700.000000 882678.000000 
1077880.000000 867894.000000 
940664.000000 1012500.000000 
960660.000000 984130.000000 
953430.000000 993336.000000 
1014862.000000 934644.000000 
956060.000000 990010.000000 
945840.000000 1005754.000000 
1126952.000000 839698.000000 
1114678.000000 845562.000000 
1124440.000000 840066.000000 
1009238.000000 935152.000000 
965622.000000 976326.000000 
961346.000000 983242.000000 
1111226.000000 850694.000000 
968314.000000 974974.000000 
1047088.000000 899654.000000 
1075272.000000 877318.000000 
981238.000000 962996.000000 
1100144.000000 854744.000000 
935810.000000 1020576.000000 
1020748.000000 926526.000000 
1037828.000000 909162.000000 
1108066.000000 851702.000000 
1092160.000000 859126.000000 
1096882.000000 854960.000000 
1101894.000000 854436.000000 
1104658.000000 852382.000000 
943812.000000 1010392.000000 
1047372.000000 897654.000000 
997186.000000 947972.000000 
1014924.000000 930148.000000 
990104.000000 952530.000000 
959008.000000 989486.000000 
1142534.000000 833706.000000 
1039894.000000 908972.000000 
934216.000000 1029660.000000 
944464.000000 1009250.000000 
940204.000000 1016480.000000 
1039930.000000 904972.000000 
991754.000000 951980.000000 
960072.000000 984942.000000 
965336.000000 977102.000000 
1086074.000000 865220.000000 
1059564.000000 890320.000000 
978512.000000 964904.000000 
924494.000000 1043656.000000 
916862.000000 1052422.000000 
928462.000000 1035158.000000 
925930.000000 1036604.000000 
1023530.000000 926430.000000 
1105920.000000 851784.000000 
1027872.000000 922336.000000 
1071136.000000 879182.000000 
1123352.000000 843950.000000 
1132896.000000 837508.000000 
1160958.000000 824192.000000 
1028884.000000 918458.000000 
1109654.000000 851052.000000 
1121978.000000 844806.000000 
1039668.000000 909084.000000 
1045296.000000 900548.000000 
961372.000000 979372.000000 
1140472.000000 836234.000000 
938216.000000 1018196.000000 
937248.000000 1018254.000000 
1019678.000000 927836.000000 
1148480.000000 833212.000000 
1032394.000000 916044.000000 
978178.000000 967860.000000 
995006.000000 949378.000000 
1061622.000000 887360.000000 
952966.000000 996666.000000 
1156552.000000 830596.000000 
1151842.000000 831194.000000 
938856.000000 1018162.000000 
1015702.000000 928100.000000 
1033286.000000 909656.000000 
1000956.000000 947070.000000 
984336.000000 955394.000000 
1001028.000000 946676.000000 
1004676.000000 935996.000000 
951080.000000 997902.000000 
978286.000000 965966.000000 
1007658.000000 935888.000000 
978038.000000 968570.000000 
1044788.000000 902054.000000 
1027830.000000 923270.000000 

936576.000000 1032408.000000 
988186.000000 955756.000000 
993630.000000 941330.000000 
989342.000000 952320.000000 
977838.000000 972088.000000 
980184.000000 968052.000000 
1117418.000000 840034.000000 
1044226.000000 894528.000000 
1029600.000000 914008.000000 
1011374.000000 924890.000000 
981612.000000 966052.000000 
979842.000000 968588.000000 
971288.000000 978296.000000 
1056804.000000 885234.000000 
1145780.000000 821602.000000 
942606.000000 1017396.000000 
1109812.000000 848134.000000 
960836.000000 987840.000000 
1051248.000000 887638.000000 
1002564.000000 940360.000000 
959230.000000 989394.000000 
973852.000000 976736.000000 
1080080.000000 864534.000000 
978372.000000 969520.000000 
985668.000000 960286.000000 
1004620.000000 937622.000000 
1030640.000000 910124.000000 
1019674.000000 919628.000000 
939118.000000 1018670.000000 
938512.000000 1026596.000000 
953722.000000 1000528.000000 
944146.000000 1005578.000000 
933588.000000 1038762.000000 
1121270.000000 835708.000000 
1110162.000000 843588.000000 
987226.000000 958544.000000 
1088746.000000 859744.000000 
948598.000000 1001226.000000 
1062938.000000 880026.000000 
1040978.000000 897452.000000 
1034892.000000 904910.000000 
971048.000000 979106.000000 
982102.000000 961296.000000 
1010482.000000 927696.000000 
976610.000000 975758.000000 
957302.000000 990540.000000 
960960.000000 981606.000000 
1100504.000000 848760.000000 
1090304.000000 856158.000000 
1097238.000000 853844.000000 
1096634.000000 854550.000000 
1104180.000000 848254.000000 
1061834.000000 885230.000000 
1034690.000000 908170.000000 
1014284.000000 924038.000000 
1133448.000000 830746.000000 
1120124.000000 837654.000000 
1044870.000000 894434.000000 
1127072.000000 834990.000000 
1017524.000000 921016.000000 
1089712.000000 858310.000000 
1008386.000000 930032.000000 
1065846.000000 874690.000000 
1073526.000000 871338.000000 
1030368.000000 911772.000000 
1030998.000000 909258.000000 
1050322.000000 891834.000000 
1024716.000000 916616.000000 
1007034.000000 936104.000000 
1038788.000000 904384.000000 
1066856.000000 874550.000000 
1086456.000000 861760.000000 
1077962.000000 867328.000000 
1075326.000000 867652.000000 
1085510.000000 864428.000000 
1023910.000000 918296.000000 
1074796.000000 869772.000000 
1096062.000000 855370.000000 

942910.000000 1005512.000000 
940960.000000 1013450.000000 
919252.000000 1053366.000000 
919754.000000 1045686.000000 
927964.000000 1032928.000000 
1096760.000000 854868.000000 
1108954.000000 846588.000000 
1048850.000000 893792.000000 
926136.000000 1041140.000000 
1107418.000000 853790.000000 
1155492.000000 834284.000000 
1155048.000000 834782.000000 
929228.000000 1024674.000000 
1033644.000000 901882.000000 
1009818.000000 933344.000000 
1121732.000000 844070.000000 
1012324.000000 930108.000000 
1039984.000000 898660.000000 
1051192.000000 892794.000000 
1055792.000000 888384.000000 
968096.000000 976746.000000 
962924.000000 984802.000000 
1031640.000000 912400.000000 
1009726.000000 933978.000000 
991802.000000 947866.000000 
948420.000000 996548.000000 
950218.000000 986198.000000 
1127284.000000 835910.000000 
922488.000000 1042326.000000 
983756.000000 962794.000000 
986744.000000 958650.000000 
1004444.000000 939530.000000 
987528.000000 956270.000000 
1005200.000000 937846.000000 
1008926.000000 937746.000000 
966278.000000 978448.000000 
962680.000000 984982.000000 
976398.000000 963042.000000 
985214.000000 961008.000000 
1082764.000000 864030.000000 
943122.000000 1003016.000000 
1044616.000000 894608.000000 
974852.000000 969862.000000 
1025032.000000 916304.000000 
1032418.000000 912190.000000 
1031600.000000 914290.000000 
926856.000000 1038426.000000 
1092940.000000 860796.000000 
1090030.000000 861358.000000 
1087432.000000 863332.000000 
1082032.000000 866046.000000 
991116.000000 950224.000000 
1073270.000000 874266.000000 
1060606.000000 879744.000000 
1074598.000000 869928.000000 
1044000.000000 895968.000000 
1010398.000000 931950.000000 
1022904.000000 917400.000000 
940128.000000 1015512.000000 
1013612.000000 925782.000000 
1032752.000000 908792.000000 
1071214.000000 876088.000000 
962964.000000 983764.000000 
999734.000000 941056.000000 
1026172.000000 915526.000000 
993558.000000 946174.000000 
936468.000000 1016070.000000 
1060142.000000 882092.000000 
994118.000000 941350.000000 
975142.000000 964930.000000 
1051012.000000 893472.000000 
1014726.000000 917546.000000 
1053856.000000 889152.000000 
1065828.000000 876182.000000 
1076730.000000 866618.000000 
969692.000000 974758.000000 

1051312.000000 894210.000000 
940252.000000 1016324.000000 
1041118.000000 905918.000000 
1042608.000000 899790.000000 
1107694.000000 847786.000000 
969138.000000 977326.000000 
1026182.000000 922322.000000 
946204.000000 996778.000000 
951286.000000 996592.000000 
915888.000000 1054892.000000 
928028.000000 1023958.000000 
925176.000000 1029388.000000 
994618.000000 951276.000000 
1028024.000000 917932.000000 
987716.000000 958064.000000 
1010600.000000 931076.000000 
952138.000000 990060.000000 
1061066.000000 875824.000000 
1073624.000000 873888.000000 
1124422.000000 839972.000000 
981794.000000 962768.000000 
1003686.000000 940832.000000 
995092.000000 949534.000000 
988874.000000 957422.000000 
989702.000000 952734.000000 
982360.000000 961082.000000 
1050436.000000 897952.000000 
998774.000000 944602.000000 
1103582.000000 849812.000000 
1095928.000000 858172.000000 
919496.000000 1040772.000000 
1112578.000000 843312.000000 
1127324.000000 837322.000000 
1136486.000000 832132.000000 
1133454.000000 833058.000000 
1145364.000000 831502.000000 
1147154.000000 828724.000000 
1180472.000000 815746.000000 
980992.000000 964882.000000 
983002.000000 960776.000000 
1068894.000000 874280.000000 
1122546.000000 842592.000000 
943144.000000 1002360.000000 
940670.000000 1008990.000000 
1153148.000000 821140.000000 
968796.000000 977584.000000 
1146788.000000 829292.000000 
1094616.000000 858614.000000 
1051782.000000 884542.000000 
1075126.000000 872176.000000 
1081286.000000 870094.000000 
967474.000000 979272.000000 
998334.000000 946936.000000 
920500.000000 1033390.000000 
930548.000000 1016460.000000 
943130.000000 1006584.000000 
983960.000000 959684.000000 
977690.000000 965944.000000 
1028896.000000 911672.000000 
1018188.000000 924284.000000 
1034816.000000 908570.000000 
1040160.000000 907972.000000 
1082354.000000 869760.000000 
1188320.000000 811608.000000 
980630.000000 965878.000000 
985178.000000 958330.000000 
1105708.000000 849786.000000 
1032584.000000 909028.000000 
1086080.000000 862414.000000 
959880.000000 982190.000000 
1150282.000000 826160.000000 
952068.000000 995882.000000 
1014544.000000 927008.000000 
1099534.000000 857238.000000 
1003708.000000 935050.000000 
942036.000000 1007518.000000 
977458.000000 970246.000000 
972430.000000 970382.000000 
1041184.000000 904860.000000 

1025708.000000 916522.000000 
959838.000000 984700.000000 
949128.000000 995988.000000 
1117252.000000 841712.000000 
1091676.000000 858604.000000 
1077880.000000 872500.000000 
1024052.000000 919332.000000 
1044306.000000 898454.000000 
1052656.000000 890242.000000 
982408.000000 955680.000000 
972656.000000 964576.000000 
1088974.000000 860572.000000 
964708.000000 977630.000000 
1092840.000000 856910.000000 
1093896.000000 855052.000000 
1039502.000000 906152.000000 
1016762.000000 927658.000000 
937882.000000 1014270.000000 
1051786.000000 895692.000000 
1098980.000000 846834.000000 
1138238.000000 830034.000000 
962742.000000 979532.000000 
953594.000000 994452.000000 
1136834.000000 833112.000000 
1001696.000000 936060.000000 
1088390.000000 864306.000000 
1036056.000000 906770.000000 
1060960.000000 885224.000000 
1050112.000000 895824.000000 
978760.000000 963938.000000 
980892.000000 961702.000000 
1157788.000000 821700.000000 
1073400.000000 876290.000000 
1019046.000000 924514.000000 
1017000.000000 925658.000000 
993276.000000 944832.000000 
1019282.000000 922954.000000 
1116336.000000 845426.000000 
1117118.000000 841834.000000 
1029922.000000 912384.000000 
1076034.000000 875668.000000 
998106.000000 937322.000000 
1035400.000000 909588.000000 
1044228.000000 903102.000000 
942572.000000 1010878.000000 
914980.000000 1047774.000000 
924158.000000 1033136.000000 
1142908.000000 828498.000000 
971130.000000 972370.000000 
948070.000000 1001946.000000 
947672.000000 1003116.000000 
922562.000000 1040104.000000 
987904.000000 955326.000000 
943772.000000 1005752.000000 
1143576.000000 824830.000000 
1050058.000000 897140.000000 
1125190.000000 839764.000000 
996498.000000 943682.000000 
1010030.000000 928576.000000 
928506.000000 1029324.000000 
959340.000000 987204.000000 
957086.000000 988146.000000 
1137910.000000 831786.000000 
954422.000000 989854.000000 
1090890.000000 858784.000000 
1056082.000000 886934.000000 
1076440.000000 874450.000000 
927202.000000 1032898.000000 
922924.000000 1034640.000000 
929822.000000 1018054.000000 
1062098.000000 884952.000000 
1078080.000000 869670.000000 
1070142.000000 878166.000000 
1146390.000000 822102.000000 
971194.000000 967674.000000 
1006546.000000 929942.000000 
1038914.000000 906480.000000 
1083730.000000 865682.000000 
1078548.000000 866806.000000 
970002.000000 977124.000000 
970722.000000 973590.000000 
992910.000000 949786.000000 
1063114.000000 882204.000000 
1066140.000000 880458.000000 
1041160.000000 905904.000000 
992736.000000 951692.000000 
1077608.000000 872838.000000 
1043130.000000 905320.000000 
1113292.000000 846166.000000 
981274.000000 959990.000000 
1126830.000000 836742.000000 
1132286.000000 834702.000000 
1019906.000000 920910.000000 
1131662.000000 836636.000000 
988976.000000 952286.000000 
1110950.000000 846764.000000 
1096370.000000 854636.000000 

1008516.000000 935316.000000 
1057562.000000 890304.000000 
1092564.000000 858974.000000 
1093754.000000 857654.000000 
1093366.000000 858570.000000 
1046464.000000 901548.000000 
1052326.000000 896170.000000 
986734.000000 954230.000000 
1033382.000000 912292.000000 
937946.000000 1014346.000000 
950888.000000 993886.000000 
1049434.000000 897022.000000 
1047320.000000 901034.000000 
1070744.000000 881142.000000 
1029756.000000 913616.000000 
915144.000000 1062606.000000 
915218.000000 1059444.000000 
906020.000000 1068154.000000 
1020852.000000 919224.000000 
1106832.000000 853302.000000 
949060.000000 997846.000000 
941900.000000 1012040.000000 
942718.000000 1006380.000000 
1036974.000000 909184.000000 
1011198.000000 932250.000000 
946728.000000 1006026.000000 
1135904.000000 840600.000000 
1090396.000000 866254.000000 
1066344.000000 884212.000000 
1017216.000000 929814.000000 
1005790.000000 938446.000000 
919228.000000 1056486.000000 
930982.000000 1026780.000000 
924320.000000 1035670.000000 
990158.000000 947794.000000 
997766.000000 938990.000000 
1086564.000000 867380.000000 
1066768.000000 883828.000000 
1027138.000000 916020.000000 
1036812.000000 909860.000000 
1110974.000000 851248.000000 
1052126.000000 896316.000000 
1122840.000000 841232.000000 
939790.000000 1013432.000000 
1045454.000000 903862.000000 
980820.000000 963230.000000 
934904.000000 1023894.000000 
928682.000000 1030796.000000 
1067208.000000 883232.000000 
1115892.000000 846982.000000 
928030.000000 1031544.000000 
982480.000000 955206.000000 
1113750.000000 849466.000000 
995152.000000 944608.000000 
1038016.000000 907954.000000 
1075826.000000 876626.000000 
1072528.000000 876914.000000 
1036296.000000 912196.000000 
1004520.000000 938972.000000 
973370.000000 969488.000000 
959006.000000 987912.000000 
938750.000000 1013930.000000 
937488.000000 1015822.000000 
973638.000000 966402.000000 
960208.000000 978668.000000 
1010894.000000 934540.000000 
1013276.000000 931020.000000 
1052942.000000 892582.000000 
982368.000000 960614.000000 
1141524.000000 828862.000000 
1158722.000000 821756.000000 
1151704.000000 828390.000000 
1121806.000000 845864.000000 
1092216.000000 861816.000000 
1079770.000000 875306.000000 
1103186.000000 853490.000000 
1081528.000000 867954.000000 
1081236.000000 874648.000000 
919638.000000 1038856.000000 
924996.000000 1034102.000000 
1040888.000000 906756.000000 
972024.000000 972178.000000 
957576.000000 990186.000000 
1079616.000000 876444.000000 
967182.000000 976860.000000 
994132.000000 945994.000000 
1052776.000000 893886.000000 
1058786.000000 886188.000000 
1057102.000000 892166.000000 
1015136.000000 930874.000000 
1137984.000000 832932.000000 
1139922.000000 832546.000000 
1140172.000000 832110.000000 
1043894.000000 906042.000000 
1006200.000000 936352.000000 
1016490.000000 930516.000000 
969036.000000 973692.000000 
936010.000000 1021042.000000 
967446.000000 974966.000000 
1018538.000000 926884.000000 
1016354.000000 930588.000000 

1146154.000000 831674.000000 
940838.000000 997306.000000 
946184.000000 991586.000000 
1172540.000000 822022.000000 
1170320.000000 823298.000000 
1102642.000000 852976.000000 
1036000.000000 910278.000000 
1018962.000000 921478.000000 
993734.000000 941918.000000 
1117232.000000 844166.000000 
1107548.000000 848518.000000 
1160992.000000 824484.000000 
1150134.000000 829934.000000 
933148.000000 1017658.000000 
1157294.000000 827702.000000 
977002.000000 957724.000000 
1046162.000000 902338.000000 
1058122.000000 891838.000000 
1024990.000000 917938.000000 
1183860.000000 812682.000000 
938204.000000 1012852.000000 
1014272.000000 929152.000000 
965394.000000 972574.000000 
1078892.000000 869740.000000 
1089150.000000 865576.000000 
1076966.000000 873802.000000 
986362.000000 952526.000000 
1066144.000000 878536.000000 
1139986.000000 833216.000000 
1123418.000000 837486.000000 
1058408.000000 890368.000000 
1054544.000000 896514.000000 
1061710.000000 887386.000000 
1113512.000000 845362.000000 
1175844.000000 817446.000000 
1061370.000000 889716.000000 
1008300.000000 931048.000000 
966152.000000 970258.000000 
935200.000000 1014544.000000 
1047992.000000 898334.000000 
1052078.000000 897704.000000 
991910.000000 951422.000000 
1141130.000000 831802.000000 
1013094.000000 930030.000000 
1046830.000000 902274.000000 
1015614.000000 924390.000000 
1156132.000000 828094.000000 
1044036.000000 903714.000000 
1042818.000000 904058.000000 
984098.000000 954538.000000 
992732.000000 946376.000000 
1055548.000000 896496.000000 
1056456.000000 895010.000000 
1170438.000000 822280.000000 
1193450.000000 810728.000000 
1056496.000000 893904.000000 
971074.000000 969028.000000 
959948.000000 977680.000000 
1037982.000000 907192.000000 
1131594.000000 835532.000000 
1062838.000000 886086.000000 
994952.000000 941270.000000 
1104190.000000 851906.000000 
1002454.000000 936216.000000 
938938.000000 1008362.000000 
953162.000000 987254.000000 
1027138.000000 912886.000000 
1040948.000000 906140.000000 
1075854.000000 874560.000000 
1041780.000000 905720.000000 
1078732.000000 872084.000000 
962914.000000 974718.000000 
1047432.000000 900432.000000 
1021930.000000 920570.000000 
930020.000000 1022102.000000 
992812.000000 945442.000000 
988580.000000 951804.000000 
957390.000000 977986.000000 
982250.000000 955204.000000 
985304.000000 954242.000000 
1061586.000000 888432.000000 
1037420.000000 908984.000000 
1117382.000000 840596.000000 
997690.000000 940358.000000 
1004046.000000 934248.000000 
1119972.000000 840284.000000 
1112240.000000 848022.000000 
1070910.000000 877922.000000 
1079702.000000 865650.000000 
1089218.000000 862230.000000 
1093756.000000 854440.000000 
1104288.000000 851050.000000 
1034926.000000 910878.000000 
1032884.000000 912806.000000 
973246.000000 964490.000000 
980802.000000 956708.000000 
1002384.000000 939032.000000 
1051466.000000 897882.000000 

1131788.000000 830744.000000 
1037076.000000 912206.000000 
993718.000000 950126.000000 
1000284.000000 943520.000000 
941396.000000 1006614.000000 
917396.000000 1043546.000000 
971754.000000 975036.000000 
1043626.000000 904354.000000 
1053864.000000 895236.000000 
939718.000000 1007448.000000 
1026704.000000 924034.000000 
968636.000000 978762.000000 
1027006.000000 923546.000000 
1086780.000000 863516.000000 
1062270.000000 880914.000000 
996300.000000 948788.000000 
979796.000000 967232.000000 
1052610.000000 895708.000000 
1127140.000000 839514.000000 
1131104.000000 836104.000000 
944870.000000 1002792.000000 
938444.000000 1014220.000000 
1102180.000000 854842.000000 
1096810.000000 856556.000000 
1109740.000000 847142.000000 
1120048.000000 845954.000000 
1055328.000000 894718.000000 
1068758.000000 875614.000000 
1043892.000000 902838.000000 
1172224.000000 815972.000000 
1173242.000000 815536.000000 
910232.000000 1057138.000000 
1160092.000000 821180.000000 
1165206.000000 818906.000000 
954668.000000 992474.000000 
935794.000000 1016376.000000 
994476.000000 949096.000000 
956288.000000 987602.000000 
1079474.000000 867368.000000 
920442.000000 1037112.000000 
916458.000000 1048526.000000 
915368.000000 1051322.000000 
939274.000000 1011960.000000 
934580.000000 1018900.000000 
929264.000000 1020160.000000 
1046550.000000 902014.000000 
912918.000000 1056286.000000 
908978.000000 1066376.000000 
964152.000000 982938.000000 
1117386.000000 845980.000000 
961946.000000 983118.000000 
927578.000000 1025542.000000 
1120124.000000 839870.000000 
1139510.000000 827978.000000 
937626.000000 1015466.000000 
1106852.000000 848684.000000 
954250.000000 993912.000000 
1020654.000000 925264.000000 
1029514.000000 913354.000000 
1025618.000000 924672.000000 
1037502.000000 907122.000000 
972766.000000 974648.000000 
1048056.000000 898210.000000 
951816.000000 995320.000000 
920202.000000 1039036.000000 
944564.000000 1006036.000000 
989010.000000 957766.000000 
1087452.000000 858136.000000 
1106430.000000 848764.000000 
989158.000000 953380.000000 
996346.000000 948702.000000 
1005030.000000 935438.000000 
1171252.000000 817922.000000 
1153162.000000 823512.000000 
1074448.000000 870576.000000 
1146134.000000 826476.000000 
978446.000000 967322.000000 
1021904.000000 924714.000000 
947376.000000 995686.000000 
1028232.000000 918060.000000 
1147500.000000 826384.000000 
1148098.000000 824564.000000 
1051524.000000 897394.000000 
979872.000000 958464.000000 
935414.000000 1016942.000000 
983420.000000 957792.000000 
1057366.000000 890968.000000 
1082712.000000 867084.000000 
1100364.000000 855412.000000 
1102322.000000 853544.000000 
1103534.000000 852574.000000 
972972.000000 968720.000000 
1028150.000000 918556.000000 
971022.000000 977870.000000 
992148.000000 950824.000000 
1102722.000000 852858.000000 
945192.000000 1002658.000000 
1074578.000000 868342.000000 
1064192.000000 878716.000000 
1058090.000000 885726.000000 
927602.000000 1022684.000000 
922776.000000 1028072.000000 
946830.000000 999048.000000 
1026034.000000 924540.000000 
1001050.000000 937306.000000 
1012038.000000 926670.000000 
1085356.000000 866780.000000 
996660.000000 944504.000000 
1009702.000000 934502.000000 

924890.000000 1021536.000000 
927166.000000 1021038.000000 
920916.000000 1046522.000000 
934748.000000 1013380.000000 
977696.000000 960984.000000 
1053856.000000 893432.000000 
953232.000000 987850.000000 
1043776.000000 902746.000000 
1052696.000000 894444.000000 
966026.000000 983352.000000 
1023004.000000 914762.000000 
1019892.000000 919630.000000 
1008760.000000 934318.000000 
985154.000000 948038.000000 
993408.000000 940766.000000 
1071536.000000 876290.000000 
1070684.000000 877786.000000 
1032598.000000 914568.000000 
1088416.000000 868100.000000 
1050704.000000 898278.000000 
1063770.000000 881058.000000 
980036.000000 959748.000000 
973652.000000 965194.000000 
980596.000000 957420.000000 
1018302.000000 924072.000000 
1035938.000000 909244.000000 
1085628.000000 868238.000000 
918072.000000 1053818.000000 
942810.000000 1007186.000000 
948014.000000 1002712.000000 
965540.000000 984450.000000 
1032718.000000 911544.000000 
992684.000000 942688.000000 
1148560.000000 826538.000000 
1146316.000000 828522.000000 
922180.000000 1030862.000000 
963806.000000 985166.000000 
1056678.000000 888754.000000 
1060232.000000 882614.000000 
931020.000000 1016018.000000 
1089558.000000 860628.000000 
942130.000000 1012502.000000 
979780.000000 959886.000000 
1074318.000000 875822.000000 
1092814.000000 856974.000000 
1102258.000000 847354.000000 
969314.000000 971378.000000 
1164998.000000 818328.000000 
1141346.000000 832478.000000 
1088890.000000 865716.000000 
1082590.000000 869026.000000 
947444.000000 1003954.000000 
1110882.000000 839770.000000 
1117804.000000 836672.000000 
941498.000000 1013292.000000 
1136354.000000 833204.000000 
1142214.000000 832006.000000 
982866.000000 952848.000000 
1009022.000000 925988.000000 
1044208.000000 899844.000000 
998348.000000 936012.000000 
1044774.000000 899080.000000 
1041014.000000 905350.000000 
1006774.000000 934808.000000 
1101896.000000 854588.000000 
1035924.000000 909438.000000 
969098.000000 974120.000000 
1047774.000000 898774.000000 
1076676.000000 869758.000000 
966802.000000 980242.000000 
950598.000000 994538.000000 
1045662.000000 898882.000000 
1037562.000000 908476.000000 

1015618.000000 929522.000000 
1079950.000000 870964.000000 
1076542.000000 872464.000000 
950286.000000 1001884.000000 
938162.000000 1014976.000000 
946078.000000 1003222.000000 
1141670.000000 833608.000000 
1070208.000000 879472.000000 
1103976.000000 852476.000000 
954694.000000 989968.000000 
970374.000000 969452.000000 
1055650.000000 886920.000000 
998024.000000 946204.000000 
1089434.000000 863246.000000 
1133926.000000 837008.000000 
1143252.000000 829766.000000 
984284.000000 959430.000000 
1125118.000000 841676.000000 
1033834.000000 912804.000000 
996308.000000 946920.000000 
1115648.000000 846710.000000 
1124560.000000 843520.000000 
1035862.000000 902376.000000 
1095984.000000 858302.000000 
1141372.000000 833818.000000 
989828.000000 956424.000000 
941156.000000 1007812.000000 
952358.000000 999288.000000 
935310.000000 1031378.000000 
950370.000000 1001624.000000 
1153216.000000 827134.000000 
1156542.000000 822662.000000 
1020768.000000 915830.000000 
927280.000000 1033348.000000 
1101738.000000 856360.000000 
1016136.000000 928620.000000 
964530.000000 980332.000000 
966878.000000 974606.000000 
1123462.000000 843982.000000 
1127078.000000 838450.000000 
1064662.000000 881430.000000 
1064304.000000 883924.000000 
1001890.000000 940538.000000 
940004.000000 1014970.000000 
995028.000000 948622.000000 
933646.000000 1031942.000000 
1017360.000000 925382.000000 
963450.000000 980650.000000 
1083522.000000 870344.000000 
999286.000000 945184.000000 
1100366.000000 857120.000000 
966796.000000 975276.000000 
960156.000000 982446.000000 
1112592.000000 848842.000000 
1066730.000000 880842.000000 
975528.000000 964162.000000 
1042680.000000 899062.000000 
954076.000000 997042.000000 
1086550.000000 869198.000000 
1005354.000000 937514.000000 
1135340.000000 836738.000000 
986704.000000 959382.000000 
996866.000000 946712.000000 
968030.000000 974398.000000 
966106.000000 979820.000000 
1180170.000000 818150.000000 
1178518.000000 818686.000000 
1120784.000000 844372.000000 
1086290.000000 869456.000000 
1150466.000000 829382.000000 
1060156.000000 886084.000000 
1050362.000000 893314.000000 
1070858.000000 876274.000000 
1087542.000000 865966.000000 
1086762.000000 868396.000000 
993884.000000 949520.000000 
1055226.000000 891582.000000 
1046474.000000 897276.000000 
950992.000000 1000124.000000 
983542.000000 960872.000000 
1030046.000000 914232.000000 
1093418.000000 862000.000000 
1153304.000000 824712.000000 
956028.000000 988772.000000 
957422.000000 988250.000000 
937108.000000 1022390.000000 
974588.000000 966132.000000 
982766.000000 962340.000000 
1001764.000000 942868.000000 
988312.000000 956566.000000 
1085902.000000 869822.000000 
966204.000000 977480.000000 
1009618.000000 932404.000000 
1061542.000000 885434.000000 
1070368.000000 878410.000000 
1053156.000000 892538.000000 
1052042.000000 892724.000000 

978496.000000 964938.000000 
935984.000000 1014594.000000 
1140178.000000 833286.000000 
1135446.000000 834260.000000 
1158034.000000 824834.000000 
975416.000000 967192.000000 
924510.000000 1040948.000000 
1147856.000000 830620.000000 
930770.000000 1025666.000000 
966944.000000 973276.000000 
1154936.000000 827212.000000 
989656.000000 952406.000000 
931980.000000 1024346.000000 
1037568.000000 906572.000000 
1121536.000000 842178.000000 
1151364.000000 830496.000000 
1146690.000000 830724.000000 
1111466.000000 847784.000000 
1086902.000000 866196.000000 
1078026.000000 871188.000000 
1134628.000000 834534.000000 
1115228.000000 847620.000000 
1109382.000000 849582.000000 
1002076.000000 942024.000000 
1065616.000000 882588.000000 
1024566.000000 922544.000000 
938978.000000 1006638.000000 
1128284.000000 841646.000000 
1009778.000000 937442.000000 
1126832.000000 842102.000000 
1120744.000000 843308.000000 
1014488.000000 934660.000000 
1051908.000000 891820.000000 
962316.000000 982228.000000 
967358.000000 971152.000000 
1162722.000000 822956.000000 
1067692.000000 879314.000000 
1070238.000000 875844.000000 
1077734.000000 874248.000000 
1030256.000000 914130.000000 
1029740.000000 919544.000000 
1082844.000000 867380.000000 
1088790.000000 865612.000000 
954580.000000 991234.000000 
956404.000000 983900.000000 
965132.000000 973626.000000 
915052.000000 1056056.000000 
916826.000000 1050722.000000 
946930.000000 994920.000000 
1000938.000000 943768.000000 
1013826.000000 935626.000000 
1018494.000000 929574.000000 
1042516.000000 902918.000000 
1090342.000000 864800.000000 
1090428.000000 862954.000000 
1105410.000000 851118.000000 
1020082.000000 926012.000000 
1015056.000000 933150.000000 
990222.000000 949966.000000 
1018676.000000 929518.000000 
1010222.000000 935996.000000 
1021396.000000 924424.000000 
1144402.000000 832166.000000 
988432.000000 955800.000000 
1152360.000000 828284.000000 
995338.000000 946006.000000 
948362.000000 994108.000000 
935076.000000 1017892.000000 
963936.000000 981684.000000 
1103196.000000 855928.000000 
1102490.000000 859524.000000 
1062388.000000 887820.000000 
1174636.000000 822744.000000 
1028872.000000 920808.000000 
998128.000000 944190.000000 
937824.000000 1009468.000000 
911026.000000 1070216.000000 
1056778.000000 890274.000000 
980724.000000 958636.000000 
1099648.000000 859718.000000 
1131106.000000 837386.000000 
961940.000000 982878.000000 
1051844.000000 892296.000000 
1014074.000000 934852.000000 
1027310.000000 921684.000000 
946240.000000 1006374.000000 
1064270.000000 886212.000000 
1004712.000000 938042.000000 
979988.000000 962994.000000 
927084.000000 1032788.000000 
923972.000000 1041550.000000 
919782.000000 1049004.000000 
1188910.000000 820448.000000 
1047830.000000 902634.000000 
1035102.000000 913074.000000 
1103596.000000 853412.000000 
1016174.000000 931760.000000 
1048940.000000 898090.000000 

934934.000000 1016924.000000 
1012080.000000 931434.000000 
952520.000000 996302.000000 
1027628.000000 916778.000000 
1035198.000000 905302.000000 
1006648.000000 938896.000000 
929258.000000 1021876.000000 
936012.000000 1010378.000000 
984318.000000 961114.000000 
1027234.000000 918818.000000 
1105108.000000 852258.000000 
1019798.000000 926496.000000 
1087146.000000 867776.000000 
1018902.000000 927254.000000 
1036754.000000 901318.000000 
1072318.000000 880992.000000 
962896.000000 986092.000000 
970626.000000 971452.000000 
974818.000000 963238.000000 
1020878.000000 921814.000000 
1163064.000000 814258.000000 
957546.000000 991798.000000 
1142108.000000 827252.000000 
1087714.000000 863032.000000 
1095118.000000 858114.000000 
970458.000000 977862.000000 
1156104.000000 820784.000000 
1155080.000000 822590.000000 
1159626.000000 820258.000000 
1162282.000000 820224.000000 
1174342.000000 807408.000000 
1137150.000000 829876.000000 
925624.000000 1034790.000000 
988190.000000 952896.000000 
1061700.000000 891296.000000 
1034402.000000 910852.000000 
1032184.000000 915346.000000 
949316.000000 1006418.000000 
944156.000000 1009316.000000 
947312.000000 1006980.000000 
1033750.000000 913402.000000 
948746.000000 1006654.000000 
1073508.000000 879014.000000 
1078418.000000 871510.000000 
1008384.000000 934954.000000 
993084.000000 943964.000000 
1144924.000000 825026.000000 
1145606.000000 823022.000000 
1173480.000000 809052.000000 
1042834.000000 898966.000000 
1008736.000000 934652.000000 
958156.000000 986812.000000 
949724.000000 997890.000000 
1109094.000000 841674.000000 
1093636.000000 862502.000000 
1114808.000000 833566.000000 
1112926.000000 835224.000000 
1099214.000000 852592.000000 
1071758.000000 882264.000000 
1025046.000000 921452.000000 
954668.000000 992940.000000 
1057178.000000 895852.000000 
1058474.000000 891464.000000 
1016860.000000 930384.000000 
954006.000000 994406.000000 
1063024.000000 883702.000000 
981330.000000 962192.000000 
963198.000000 978098.000000 
984540.000000 960280.000000 
1057914.000000 892216.000000 
958934.000000 986144.000000 
1015082.000000 930500.000000 
1046790.000000 896438.000000 
1055380.000000 896242.000000 
986828.000000 955266.000000 
1002358.000000 939712.000000 
985998.000000 956680.000000 
987606.000000 954988.000000 
939608.000000 1009402.000000 
1020282.000000 923450.000000 
1017584.000000 930220.000000 
1018256.000000 929972.000000 

1154836.000000 818536.000000 
1147078.000000 825114.000000 
1132716.000000 837682.000000 
1090108.000000 865466.000000 
1131974.000000 838192.000000 
1069426.000000 880188.000000 
972666.000000 970034.000000 
1126356.000000 839688.000000 
1119824.000000 845126.000000 
1135288.000000 833686.000000 
1106364.000000 852462.000000 
927094.000000 1035750.000000 
923934.000000 1043336.000000 
1147034.000000 831598.000000 
1153378.000000 819370.000000 
1161482.000000 809422.000000 
1152210.000000 824232.000000 
942546.000000 1004224.000000 
1030082.000000 920138.000000 
1032218.000000 918888.000000 
1040592.000000 906322.000000 
982924.000000 965270.000000 
1109982.000000 850716.000000 
912838.000000 1063514.000000 
906380.000000 1068250.000000 
999644.000000 945308.000000 
930112.000000 1034864.000000 
1005698.000000 944316.000000 
1034390.000000 917606.000000 
922798.000000 1049290.000000 
987750.000000 961162.000000 
976810.000000 966408.000000 
1058714.000000 891740.000000 
1062378.000000 886584.000000 
1041084.000000 906010.000000 
1041170.000000 902926.000000 
1015048.000000 932876.000000 
902236.000000 1085008.000000 
913288.000000 1062766.000000 
902918.000000 1076720.000000 
1125340.000000 841086.000000 
1092434.000000 854232.000000 
1091062.000000 856370.000000 
967466.000000 974072.000000 
1118790.000000 846656.000000 
1131198.000000 838268.000000 
934394.000000 1018110.000000 
964378.000000 975532.000000 
969594.000000 972178.000000 
949418.000000 998048.000000 
1124510.000000 843510.000000 
1010754.000000 933894.000000 
1060182.000000 887506.000000 
993604.000000 950574.000000 
1066438.000000 885480.000000 
951396.000000 994284.000000 
1074548.000000 873016.000000 
1124310.000000 844124.000000 
1122148.000000 844696.000000 
900714.000000 1086332.000000 
930486.000000 1028726.000000 
1084804.000000 866686.000000 
1048418.000000 900672.000000 
1124318.000000 843912.000000 
983778.000000 964718.000000 
956418.000000 983438.000000 
930608.000000 1027890.000000 
924850.000000 1036364.000000 
923048.000000 1045248.000000 
1035556.000000 916150.000000 
1114048.000000 850058.000000 
932890.000000 1024940.000000 
1118446.000000 848988.000000 
917520.000000 1052920.000000 
922858.000000 1045410.000000 
1058554.000000 892598.000000 
941964.000000 1007352.000000 
1031446.000000 919182.000000 
1068482.000000 883914.000000 
915122.000000 1061578.000000 
989744.000000 953646.000000 
946870.000000 1003866.000000 
939162.000000 1014716.000000 
937050.000000 1016736.000000 
1037408.000000 915288.000000 
988824.000000 960278.000000 
1088840.000000 866578.000000 
1107132.000000 850958.000000 
1099056.000000 852788.000000 
1007076.000000 940288.000000 
1022116.000000 921968.000000 
1040362.000000 908686.000000 
1033938.000000 918526.000000 
1052386.000000 897962.000000 
1054226.000000 895876.000000 
1059382.000000 891568.000000 
996170.000000 948056.000000 
1024002.000000 921230.000000 
983996.000000 964268.000000 
1051278.000000 898476.000000 
1056442.000000 893990.000000 
1074596.000000 872834.000000 
1076764.000000 867390.000000 
1039566.000000 912466.000000 
1017012.000000 930828.000000 
985220.000000 962844.000000 
953436.000000 994068.000000 
1039388.000000 914596.000000 

932096.000000 1021478.000000 
1129946.000000 838768.000000 
930444.000000 1026730.000000 
1171956.000000 815686.000000 
1054976.000000 896518.000000 
949580.000000 999218.000000 
964380.000000 981286.000000 
1178588.000000 809712.000000 
1178158.000000 809858.000000 
1131792.000000 834164.000000 
1019718.000000 922604.000000 
964524.000000 977400.000000 
1064538.000000 887378.000000 
995900.000000 948118.000000 
1085486.000000 870884.000000 
973346.000000 968902.000000 
1056576.000000 894396.000000 
958982.000000 985734.000000 
1127422.000000 839512.000000 
1094644.000000 862090.000000 
1102188.000000 855228.000000 
945554.000000 999798.000000 
1013270.000000 932886.000000 
909320.000000 1068144.000000 
1122552.000000 840930.000000 
939952.000000 1006186.000000 
911340.000000 1048920.000000 
938770.000000 1010270.000000 
993312.000000 951954.000000 
1168582.000000 819068.000000 
1058288.000000 890754.000000 
1087744.000000 870016.000000 
925088.000000 1029350.000000 
1037478.000000 907018.000000 
1073090.000000 879790.000000 
978296.000000 967458.000000 
915544.000000 1044712.000000 
982902.000000 962684.000000 
980618.000000 965078.000000 
956120.000000 988926.000000 
958504.000000 987184.000000 
1029634.000000 912990.000000 
1106596.000000 853110.000000 
1166760.000000 821696.000000 
982188.000000 963796.000000 
1101936.000000 856328.000000 
1110874.000000 849224.000000 
993672.000000 950568.000000 
1065204.000000 886938.000000 
1033546.000000 912776.000000 
1005670.000000 935218.000000 
1014764.000000 928234.000000 
1008182.000000 933924.000000 
962514.000000 981888.000000 
973012.000000 973018.000000 
996702.000000 945956.000000 
1116578.000000 847600.000000 
951378.000000 991572.000000 
1091320.000000 864372.000000 
914376.000000 1046504.000000 
934006.000000 1021022.000000 
909852.000000 1050332.000000 
915596.000000 1035542.000000 
1138284.000000 830704.000000 
1155304.000000 824704.000000 
1042660.000000 903100.000000 
971924.000000 974882.000000 
999300.000000 942404.000000 
1002326.000000 940912.000000 
1080616.000000 871042.000000 
1076986.000000 874514.000000 
970312.000000 976480.000000 
1130182.000000 834302.000000 
1119870.000000 841438.000000 
972310.000000 974472.000000 
1057184.000000 893476.000000 
1065838.000000 879928.000000 
1075222.000000 876358.000000 
943008.000000 1004232.000000 
922794.000000 1032936.000000 
937308.000000 1013258.000000 
1078072.000000 872076.000000 
1091656.000000 862510.000000 
1095192.000000 856602.000000 
959138.000000 985728.000000 
1004542.000000 940064.000000 
1059568.000000 888814.000000 
1047830.000000 900576.000000 
1164194.000000 822936.000000 
985674.000000 954426.000000 
1036890.000000 908466.000000 
1021688.000000 913318.000000 
996758.000000 943528.000000 
1087324.000000 870820.000000 
1182328.000000 808944.000000 
972896.000000 973402.000000 
1035822.000000 910510.000000 
1089122.000000 865054.000000 
936124.000000 1013482.000000 
1169082.000000 818616.000000 
1171876.000000 818196.000000 
1136684.000000 833906.000000 
994982.000000 949710.000000 
1138568.000000 829612.000000 
1020784.000000 920996.000000 
1013072.000000 933800.000000 
1050926.000000 897442.000000 
1138002.000000 832834.000000 
1144582.000000 826878.000000 
984738.000000 957776.000000 
1156582.000000 823494.000000 
1165184.000000 822270.000000 
1109990.000000 851778.000000 
1014206.000000 931136.000000 
1018994.000000 924066.000000 
1123788.000000 839620.000000 
930236.000000 1027108.000000 
928382.000000 1027770.000000 
988274.000000 954056.000000 
983130.000000 959834.000000 
1045152.000000 902548.000000 
1005410.000000 939102.000000 

1111450.000000 850688.000000 
1032814.000000 912648.000000 
944178.000000 1002880.000000 
948474.000000 1000370.000000 
938756.000000 1016206.000000 
1168878.000000 820650.000000 
984864.000000 954742.000000 
963270.000000 979670.000000 
1000632.000000 940534.000000 
1038496.000000 903234.000000 
1062872.000000 883118.000000 
1071394.000000 880504.000000 
1114838.000000 847328.000000 
1156682.000000 822400.000000 
1127900.000000 842634.000000 
966934.000000 971422.000000 
964622.000000 973166.000000 
1068398.000000 882428.000000 
1074384.000000 879748.000000 
928578.000000 1020298.000000 
1132320.000000 833814.000000 
928188.000000 1055194.000000 
1059412.000000 889144.000000 
956166.000000 988882.000000 
1022302.000000 920020.000000 
1044644.000000 899154.000000 
1037412.000000 909656.000000 
958734.000000 982472.000000 
968520.000000 969084.000000 
1018544.000000 921128.000000 
1106534.000000 855190.000000 
939736.000000 1012214.000000 
940410.000000 1010446.000000 
1057576.000000 890732.000000 
963356.000000 977880.000000 
1094004.000000 856834.000000 
969810.000000 965460.000000 
949212.000000 990052.000000 
942200.000000 1005548.000000 
986920.000000 952588.000000 
1142396.000000 830806.000000 
1155264.000000 825942.000000 
1072294.000000 880114.000000 
1007936.000000 933832.000000 
1082998.000000 870574.000000 
1008842.000000 924842.000000 
1108278.000000 854118.000000 
1114724.000000 849492.000000 
979326.000000 957762.000000 
1142806.000000 830502.000000 
1129996.000000 842166.000000 
976448.000000 965228.000000 
1074842.000000 871860.000000 
1085716.000000 865080.000000 
1048912.000000 895766.000000 
1127986.000000 842308.000000 
1027974.000000 914834.000000 
1062688.000000 888494.000000 
1045584.000000 898950.000000 
1006194.000000 934728.000000 
1116330.000000 845832.000000 
1074726.000000 879550.000000 
1024340.000000 915416.000000 
1116402.000000 842712.000000 
1130806.000000 838836.000000 
1034958.000000 909882.000000 
1102462.000000 855756.000000 
1085028.000000 869838.000000 
1039628.000000 903130.000000 
1109842.000000 853010.000000 
986120.000000 953766.000000 
1004708.000000 935812.000000 
984164.000000 955374.000000 
1051234.000000 892458.000000 
1002712.000000 939440.000000 
1000268.000000 942462.000000 
992098.000000 947598.000000 
978140.000000 962048.000000 
957966.000000 988036.000000 
987950.000000 949722.000000 
1137862.000000 832874.000000 
1147594.000000 826572.000000 
1032540.000000 914652.000000 
1003280.000000 938524.000000 
1110740.000000 850942.000000 
993080.000000 945720.000000 
992082.000000 948660.000000 
997020.000000 942524.000000 
1024146.000000 918988.000000 
1031498.000000 914664.000000 

905316.000000 1070484.000000 
912196.000000 1053478.000000 
1067082.000000 882746.000000 
1136302.000000 819586.000000 
1097294.000000 860530.000000 
931036.000000 1024016.000000 
926924.000000 1038248.000000 
934266.000000 1023380.000000 
919114.000000 1049070.000000 
919898.000000 1042530.000000 
1071700.000000 880340.000000 
942564.000000 1005426.000000 
984592.000000 960684.000000 
1077220.000000 876256.000000 
1026270.000000 918730.000000 
1058576.000000 889920.000000 
1032360.000000 913458.000000 
1122498.000000 833120.000000 
1105178.000000 842236.000000 
1101922.000000 845824.000000 
1049130.000000 896022.000000 
935028.000000 1015026.000000 
927862.000000 1032442.000000 
997012.000000 950966.000000 
991720.000000 953874.000000 
1055530.000000 894972.000000 
1127768.000000 831012.000000 
1110058.000000 837606.000000 
1066824.000000 886164.000000 
1065000.000000 887432.000000 
959458.000000 992782.000000 
999052.000000 947252.000000 
1098570.000000 857508.000000 
1088848.000000 868408.000000 
951026.000000 998700.000000 
1090150.000000 864370.000000 
1076056.000000 877646.000000 
1098228.000000 860430.000000 
1007106.000000 934818.000000 
1002304.000000 939772.000000 
994708.000000 951904.000000 
1025206.000000 920508.000000 
1095898.000000 861792.000000 
997810.000000 948074.000000 
1014006.000000 927964.000000 
999580.000000 946592.000000 
1075484.000000 877928.000000 
923100.000000 1038870.000000 
912904.000000 1050606.000000 
942468.000000 1014140.000000 
1050662.000000 895068.000000 
1042924.000000 898182.000000 
1084570.000000 871204.000000 
1001106.000000 941680.000000 
959702.000000 984818.000000 
1018866.000000 925008.000000 
1001096.000000 944772.000000 
1086710.000000 868866.000000 
968716.000000 982440.000000 
1024642.000000 923756.000000 
1030330.000000 918468.000000 
1011358.000000 934310.000000 
949892.000000 1000860.000000 
1038062.000000 903720.000000 
1037404.000000 904004.000000 
1081898.000000 875052.000000 
1055912.000000 891054.000000 
954492.000000 992914.000000 
976008.000000 965578.000000 
1031452.000000 917236.000000 
933936.000000 1023820.000000 
984748.000000 958382.000000 
1062440.000000 887522.000000 
967822.000000 983216.000000 
998640.000000 947884.000000 
963882.000000 983840.000000 
1078336.000000 875998.000000 
969492.000000 971140.000000 
981038.000000 962814.000000 
1082820.000000 874014.000000 
1086054.000000 870528.000000 
989748.000000 956572.000000 
1013706.000000 931254.000000 
1066784.000000 887232.000000 

1155668.000000 816648.000000 
941970.000000 998764.000000 
925334.000000 1034362.000000 
924862.000000 1040504.000000 
911214.000000 1066098.000000 
906538.000000 1074836.000000 
930630.000000 1026524.000000 
912592.000000 1040712.000000 
909620.000000 1068086.000000 
932758.000000 1018520.000000 
935568.000000 1017618.000000 
930982.000000 1025526.000000 
1024830.000000 918782.000000 
1026820.000000 909356.000000 
1052646.000000 891428.000000 
1054448.000000 889432.000000 
1114624.000000 838094.000000 
1111972.000000 841374.000000 
1079022.000000 869064.000000 
1089842.000000 858106.000000 
1091828.000000 855814.000000 
1086732.000000 859138.000000 
1103236.000000 844632.000000 
1107144.000000 843548.000000 
1091848.000000 852970.000000 
1126706.000000 828212.000000 
985626.000000 946744.000000 
1046120.000000 895358.000000 
983774.000000 947116.000000 
979726.000000 950210.000000 
1057384.000000 886138.000000 
1085538.000000 861844.000000 
1107212.000000 842686.000000 
1138528.000000 823432.000000 
1025278.000000 913058.000000 
973624.000000 960758.000000 
1004796.000000 933200.000000 
1117762.000000 835724.000000 
992604.000000 942510.000000 
1088914.000000 858344.000000 
1061756.000000 876724.000000 
1059074.000000 880224.000000 
952954.000000 984676.000000 
989570.000000 945730.000000 
1011948.000000 919842.000000 
1001828.000000 936294.000000 
1101242.000000 846562.000000 
1172500.000000 814434.000000 
1044318.000000 899370.000000 
987034.000000 946148.000000 
938800.000000 1005078.000000 
941690.000000 999824.000000 
1141852.000000 818648.000000 
966746.000000 965214.000000 
1050044.000000 894094.000000 
1081472.000000 867010.000000 
1010632.000000 929130.000000 
1008444.000000 932032.000000 
981902.000000 950082.000000 
977362.000000 957776.000000 
998560.000000 938978.000000 
1020844.000000 919680.000000 
1004644.000000 934280.000000 
955304.000000 976720.000000 
976060.000000 959012.000000 
1068872.000000 870836.000000 
1006030.000000 933148.000000 
1042714.000000 900718.000000 
1155858.000000 815344.000000 
1080776.000000 868768.000000 
936776.000000 1008408.000000 
956512.000000 971922.000000 
964542.000000 967534.000000 
1011180.000000 929086.000000 
944674.000000 992216.000000 
962984.000000 971438.000000 
1081318.000000 867160.000000 
1023992.000000 919156.000000 
1113660.000000 838570.000000 
1112988.000000 840268.000000 
1038604.000000 904130.000000 
1054830.000000 889124.000000 
945384.000000 987736.000000 
961382.000000 971768.000000 
1039160.000000 901362.000000 
1098736.000000 850814.000000 
977424.000000 957622.000000 
1035234.000000 908380.000000 
1043026.000000 899528.000000 
997846.000000 940910.000000 
940962.000000 1003770.000000 
1010406.000000 929530.000000 
1135480.000000 824938.000000 
1128136.000000 827414.000000 
1044462.000000 897188.000000 
1003162.000000 935684.000000 
944884.000000 991420.000000 
1175460.000000 814344.000000 
1118736.000000 834884.000000 
978800.000000 956170.000000 
1135180.000000 824990.000000 
953720.000000 983662.000000 
1117344.000000 837154.000000 
970568.000000 965136.000000 
1074314.000000 869844.000000 

1043662.000000 904412.000000 
1055888.000000 893306.000000 
1032972.000000 905414.000000 
1059084.000000 889352.000000 
1102086.000000 851882.000000 
1126036.000000 822876.000000 
1119950.000000 834622.000000 
1098314.000000 855710.000000 
1020926.000000 927478.000000 
1074090.000000 867712.000000 
1088914.000000 859056.000000 
1097322.000000 856352.000000 
1024284.000000 925710.000000 
934630.000000 1015918.000000 
931816.000000 1022268.000000 
979212.000000 963226.000000 
961846.000000 987354.000000 
963114.000000 984882.000000 
1057098.000000 891448.000000 
1052804.000000 893792.000000 
1045478.000000 899226.000000 
1032714.000000 916058.000000 
985166.000000 960864.000000 
1001190.000000 941106.000000 
1018288.000000 930044.000000 
999488.000000 944902.000000 
1068866.000000 874862.000000 
1071458.000000 868568.000000 
1081208.000000 866042.000000 
965872.000000 984214.000000 
996254.000000 945222.000000 
987038.000000 954094.000000 
1007112.000000 939130.000000 
1030294.000000 919186.000000 
1025028.000000 919356.000000 
1030484.000000 917810.000000 
1100386.000000 855062.000000 
1100060.000000 855140.000000 
1083388.000000 864742.000000 
1011938.000000 935832.000000 
939058.000000 1006080.000000 
1048304.000000 897472.000000 
948746.000000 997638.000000 
959608.000000 989108.000000 
1061542.000000 883438.000000 
1061670.000000 880678.000000 
1052626.000000 895096.000000 
967120.000000 973532.000000 
947344.000000 997992.000000 
936448.000000 1010340.000000 
1057368.000000 889358.000000 
911520.000000 1051668.000000 
961748.000000 988402.000000 
993026.000000 948914.000000 
966974.000000 983236.000000 
990844.000000 951522.000000 
1102722.000000 849926.000000 
1107460.000000 839322.000000 
1105786.000000 845774.000000 
1119524.000000 838186.000000 
1124854.000000 830414.000000 
933282.000000 1022090.000000 
925350.000000 1029152.000000 
924540.000000 1031430.000000 
919336.000000 1044176.000000 
917790.000000 1051038.000000 
972992.000000 966598.000000 
980490.000000 962610.000000 
1061032.000000 886606.000000 
1008216.000000 938074.000000 
926644.000000 1024524.000000 
1061240.000000 884592.000000 
953224.000000 992628.000000 
944966.000000 1003174.000000 
1095940.000000 859036.000000 
1013594.000000 930608.000000 
948828.000000 993636.000000 

