1000446.000000 944392.000000 
1121920.000000 847410.000000 
1132172.000000 844780.000000 
1147556.000000 839862.000000 
1131764.000000 845448.000000 
1118358.000000 852928.000000 
1004248.000000 937738.000000 
929798.000000 1038054.000000 
949452.000000 1004362.000000 
992386.000000 953074.000000 
999724.000000 944894.000000 
1017206.000000 927090.000000 
1026104.000000 919326.000000 
1028084.000000 918180.000000 
1083498.000000 873836.000000 
1137694.000000 844114.000000 
1140216.000000 842958.000000 
1018726.000000 924748.000000 
1031142.000000 912396.000000 
999282.000000 945304.000000 
960092.000000 992156.000000 
941148.000000 1024782.000000 
1028972.000000 917626.000000 
997720.000000 948622.000000 
952624.000000 1001882.000000 
981092.000000 959786.000000 
1052564.000000 895484.000000 
1171674.000000 838218.000000 
1175472.000000 833796.000000 
979170.000000 964522.000000 
960138.000000 988374.000000 
1157334.000000 839496.000000 
1159060.000000 839044.000000 
953682.000000 995378.000000 
967062.000000 982760.000000 
993904.000000 949764.000000 
1114580.000000 853496.000000 
968658.000000 979406.000000 
1119742.000000 850344.000000 
1030650.000000 915866.000000 
1108028.000000 855086.000000 
986158.000000 957560.000000 
941294.000000 1018180.000000 
935482.000000 1035596.000000 
1080660.000000 874054.000000 
1090910.000000 866538.000000 
1057690.000000 889044.000000 
1084682.000000 871204.000000 
993716.000000 950700.000000 
1025604.000000 923570.000000 
1074902.000000 876160.000000 
1040514.000000 908124.000000 
1045242.000000 900962.000000 
972738.000000 975850.000000 
1068444.000000 883974.000000 
1089624.000000 867590.000000 
1063422.000000 887200.000000 
1041084.000000 907852.000000 
1013346.000000 931546.000000 
1011694.000000 934436.000000 
1037962.000000 912180.000000 
1065538.000000 887170.000000 
1052344.000000 897838.000000 
1071222.000000 880632.000000 
978620.000000 967138.000000 
1013750.000000 929760.000000 
1053650.000000 892822.000000 
1043936.000000 901200.000000 
998502.000000 945864.000000 
958972.000000 994898.000000 
1038390.000000 910456.000000 
1041428.000000 904016.000000 
970146.000000 977872.000000 
973584.000000 972514.000000 
1077984.000000 875872.000000 
1041320.000000 907802.000000 
961134.000000 982950.000000 
1096108.000000 863060.000000 
940528.000000 1027640.000000 
1008844.000000 937636.000000 
967758.000000 982694.000000 
1010056.000000 936660.000000 
1001942.000000 942746.000000 
1023274.000000 924242.000000 
1061714.000000 888602.000000 
1010306.000000 936430.000000 
990482.000000 954526.000000 
978286.000000 968226.000000 
1003510.000000 941172.000000 
999950.000000 944612.000000 
1017796.000000 926526.000000 
1008946.000000 936946.000000 
947240.000000 1009504.000000 
946634.000000 1016750.000000 
939946.000000 1030786.000000 
973918.000000 970848.000000 
1012244.000000 932600.000000 
1087006.000000 869010.000000 
1038648.000000 909702.000000 
1106710.000000 857176.000000 
1143416.000000 842936.000000 
1051762.000000 900890.000000 
1097484.000000 862190.000000 
977334.000000 968428.000000 
991064.000000 954230.000000 
996506.000000 949070.000000 
973258.000000 974554.000000 

921250.000000 1042180.000000 
954476.000000 997438.000000 
1193126.000000 825498.000000 
1128358.000000 841494.000000 
1137170.000000 834054.000000 
966036.000000 977950.000000 
1044858.000000 902884.000000 
975734.000000 971612.000000 
1078178.000000 876630.000000 
955240.000000 994320.000000 
1115084.000000 846334.000000 
1128042.000000 844784.000000 
1104312.000000 858070.000000 
977852.000000 970214.000000 
1021644.000000 920252.000000 
1154818.000000 826780.000000 
1132842.000000 837954.000000 
965078.000000 983678.000000 
960550.000000 987936.000000 
963782.000000 984404.000000 
956948.000000 994018.000000 
1106420.000000 857990.000000 
959718.000000 989680.000000 
1093600.000000 864154.000000 
1046086.000000 901510.000000 
1018420.000000 925408.000000 
998676.000000 942756.000000 
1012002.000000 933796.000000 
962358.000000 984636.000000 
1014764.000000 930800.000000 
996656.000000 945404.000000 
1077618.000000 877638.000000 
994764.000000 946840.000000 
1000888.000000 941890.000000 
1064490.000000 886756.000000 
1039162.000000 906820.000000 
1034896.000000 911626.000000 
976844.000000 971166.000000 
1100126.000000 858278.000000 
1096890.000000 862000.000000 
1077772.000000 877140.000000 
931598.000000 1019108.000000 
942562.000000 1007004.000000 
1012246.000000 933174.000000 
1002772.000000 940248.000000 
928604.000000 1023508.000000 
1066048.000000 884890.000000 
1057372.000000 892684.000000 
973950.000000 972770.000000 
963128.000000 984572.000000 
976854.000000 970434.000000 
1047546.000000 900138.000000 
937828.000000 1017530.000000 
1058350.000000 890602.000000 
1080624.000000 869784.000000 
1041778.000000 903898.000000 
1059172.000000 888660.000000 
1070022.000000 878154.000000 
1069194.000000 881344.000000 
1011654.000000 933984.000000 
1013712.000000 930954.000000 
1094268.000000 862374.000000 
1016808.000000 926690.000000 
1036958.000000 907328.000000 
1020688.000000 923812.000000 
1051518.000000 893172.000000 
1006784.000000 939102.000000 
1017120.000000 925770.000000 
1037622.000000 906870.000000 
1086836.000000 869394.000000 
1011458.000000 935202.000000 
982682.000000 956354.000000 
987030.000000 953010.000000 
1008982.000000 935694.000000 
1031544.000000 911790.000000 
1039336.000000 906132.000000 
1013120.000000 931712.000000 
1106814.000000 849798.000000 
980158.000000 962110.000000 
978258.000000 965980.000000 
1125494.000000 845416.000000 
950542.000000 999898.000000 
1028984.000000 913326.000000 
1040278.000000 904612.000000 
927002.000000 1037024.000000 
992508.000000 952132.000000 
970232.000000 972792.000000 
1076764.000000 877754.000000 
1090182.000000 864614.000000 
993324.000000 952078.000000 
949794.000000 1000806.000000 
975614.000000 971724.000000 
1079640.000000 876044.000000 
1023660.000000 915940.000000 
928888.000000 1022936.000000 
966028.000000 982570.000000 
946986.000000 1004072.000000 
1015638.000000 928252.000000 
1004530.000000 939962.000000 
1007288.000000 935872.000000 
1047572.000000 893638.000000 
1059554.000000 887382.000000 
1066816.000000 883370.000000 
959076.000000 992416.000000 

1123124.000000 840196.000000 
1104862.000000 852438.000000 
1053844.000000 890472.000000 
1096050.000000 863604.000000 
924028.000000 1050072.000000 
925394.000000 1041942.000000 
1017710.000000 918738.000000 
1073046.000000 867158.000000 
1136320.000000 837892.000000 
975020.000000 974374.000000 
1042536.000000 898216.000000 
1041836.000000 899668.000000 
1101812.000000 858162.000000 
1092756.000000 866406.000000 
1019878.000000 915022.000000 
1004976.000000 935324.000000 
1044650.000000 893620.000000 
994348.000000 948068.000000 
1055490.000000 885200.000000 
975922.000000 972928.000000 
965982.000000 985780.000000 
936846.000000 1026382.000000 
1025246.000000 913362.000000 
992742.000000 948334.000000 
989724.000000 952428.000000 
1051604.000000 890730.000000 
981718.000000 965204.000000 
942628.000000 1016172.000000 
944994.000000 1009418.000000 
952688.000000 1001242.000000 
1005288.000000 935318.000000 
940572.000000 1018732.000000 
960636.000000 989966.000000 
995474.000000 940152.000000 
1030448.000000 907902.000000 
1047604.000000 892392.000000 
976306.000000 971878.000000 
1115642.000000 849956.000000 
997882.000000 936200.000000 
996558.000000 938520.000000 
985894.000000 957526.000000 
981372.000000 965912.000000 
1096658.000000 859168.000000 
1093948.000000 866248.000000 
1026322.000000 908982.000000 
1057378.000000 877814.000000 
1070554.000000 877592.000000 
953394.000000 999544.000000 
1129476.000000 838504.000000 
1113184.000000 850624.000000 
1033334.000000 902622.000000 
969410.000000 978138.000000 
962828.000000 988862.000000 
1007812.000000 927662.000000 
1005898.000000 930936.000000 
948490.000000 1005100.000000 
951900.000000 1002508.000000 
1050572.000000 891950.000000 
954316.000000 998558.000000 
1023522.000000 914246.000000 
991198.000000 948642.000000 
1014178.000000 920094.000000 
1008784.000000 923178.000000 
966164.000000 982382.000000 
1042958.000000 895200.000000 
1034798.000000 901130.000000 
940560.000000 1023714.000000 
931836.000000 1034018.000000 
933388.000000 1029258.000000 
965414.000000 988822.000000 
957572.000000 991730.000000 
977616.000000 969250.000000 
983056.000000 960472.000000 
1118654.000000 845106.000000 
1140658.000000 822316.000000 
1124180.000000 839758.000000 
955692.000000 997918.000000 
1119726.000000 843014.000000 
1104276.000000 855004.000000 
1018292.000000 917238.000000 
974274.000000 976132.000000 
940966.000000 1018134.000000 
947124.000000 1006542.000000 

1029188.000000 910786.000000 
1056492.000000 880952.000000 
990724.000000 947812.000000 
1117102.000000 845178.000000 
981278.000000 960200.000000 
945072.000000 1009000.000000 
1014428.000000 919086.000000 
1112866.000000 849558.000000 
1005018.000000 934108.000000 
1066040.000000 875126.000000 
1123606.000000 839114.000000 
1022238.000000 917920.000000 
1023310.000000 914558.000000 
1083800.000000 864318.000000 
969396.000000 973486.000000 
966882.000000 976892.000000 
1091204.000000 861754.000000 
1052994.000000 888770.000000 
1000116.000000 939304.000000 
1114890.000000 846836.000000 
954530.000000 988580.000000 
965988.000000 977548.000000 
958218.000000 988350.000000 
1004980.000000 935280.000000 
977214.000000 962792.000000 
1141206.000000 832866.000000 
960156.000000 978022.000000 
974264.000000 962934.000000 
1166408.000000 821426.000000 
1153656.000000 824914.000000 
999804.000000 940026.000000 
984152.000000 958152.000000 
994418.000000 943758.000000 
1075316.000000 870250.000000 
1011348.000000 924078.000000 
977972.000000 962346.000000 
948702.000000 1002708.000000 
984980.000000 950296.000000 
1167708.000000 813604.000000 
1113736.000000 847234.000000 
1031592.000000 902904.000000 
994686.000000 941454.000000 
985168.000000 949254.000000 
1005762.000000 931006.000000 
970904.000000 972766.000000 
1105894.000000 850918.000000 
1044236.000000 888822.000000 
946816.000000 1002822.000000 
927302.000000 1044906.000000 
931982.000000 1032768.000000 
982996.000000 959040.000000 
940788.000000 1014374.000000 
1040178.000000 895982.000000 
1031128.000000 907794.000000 
1101198.000000 852470.000000 
933858.000000 1022412.000000 
1035994.000000 896898.000000 
941590.000000 1012086.000000 
1007276.000000 930312.000000 
991736.000000 945162.000000 
1004642.000000 937442.000000 
1082608.000000 866878.000000 
1001732.000000 938900.000000 
1026718.000000 911452.000000 
1140196.000000 833146.000000 
1104400.000000 852090.000000 
1091912.000000 855106.000000 
950474.000000 990738.000000 
971426.000000 969500.000000 
1110422.000000 849746.000000 
1009570.000000 929986.000000 
1010400.000000 926148.000000 
938134.000000 1019012.000000 
1059030.000000 878086.000000 
1076664.000000 869502.000000 
1080126.000000 867566.000000 
1113346.000000 848050.000000 
1012554.000000 923864.000000 
1143106.000000 828290.000000 
1087710.000000 862342.000000 
1022764.000000 916944.000000 
1034676.000000 901216.000000 
1068224.000000 870306.000000 
1096724.000000 854852.000000 
969252.000000 974618.000000 
1053540.000000 887320.000000 
1152250.000000 825682.000000 
1132438.000000 835794.000000 
1142704.000000 829168.000000 
1121952.000000 843040.000000 

922998.000000 1050248.000000 
1136678.000000 831344.000000 
942378.000000 1023382.000000 
960464.000000 994162.000000 
959612.000000 997190.000000 
1028416.000000 908742.000000 
1069776.000000 877288.000000 
1083312.000000 863560.000000 
1040812.000000 904768.000000 
1061760.000000 885290.000000 
1049728.000000 890538.000000 
1021156.000000 917726.000000 
1014968.000000 926178.000000 
999212.000000 941254.000000 
1080848.000000 871258.000000 
1071978.000000 874270.000000 
1090040.000000 859650.000000 
971950.000000 964218.000000 
1061076.000000 887892.000000 
1020014.000000 922614.000000 
1081094.000000 867832.000000 
1112822.000000 844792.000000 
947484.000000 1018844.000000 
945652.000000 1022308.000000 
923218.000000 1045616.000000 
928684.000000 1043090.000000 
930528.000000 1035746.000000 
941544.000000 1027072.000000 
948752.000000 1002048.000000 
963054.000000 991282.000000 
1041020.000000 897622.000000 
999304.000000 936748.000000 
1008304.000000 931174.000000 
1016078.000000 925888.000000 
1096886.000000 856840.000000 
1124072.000000 835580.000000 
965672.000000 989816.000000 
1017914.000000 925668.000000 
1121478.000000 839250.000000 
1019206.000000 922906.000000 
1037588.000000 904870.000000 
1040830.000000 900522.000000 
993024.000000 945624.000000 
982580.000000 955756.000000 
1052418.000000 889230.000000 
1118298.000000 842694.000000 
1073614.000000 872364.000000 
1098710.000000 849902.000000 
965086.000000 990354.000000 
1022672.000000 917170.000000 
967398.000000 987130.000000 
997340.000000 943608.000000 
968052.000000 977778.000000 
1133102.000000 834872.000000 
1006636.000000 934772.000000 
1065234.000000 878236.000000 
1144074.000000 828544.000000 
978416.000000 963970.000000 
988048.000000 949222.000000 
965892.000000 988134.000000 
982542.000000 961240.000000 
940024.000000 1032694.000000 
947676.000000 1013262.000000 
1086800.000000 863080.000000 
1100496.000000 845264.000000 
1049132.000000 897332.000000 
1010438.000000 929732.000000 

935812.000000 1023926.000000 
925934.000000 1037104.000000 
951630.000000 992838.000000 
970240.000000 968182.000000 
1139452.000000 829374.000000 
1168540.000000 814874.000000 
1181726.000000 811160.000000 
1107696.000000 850038.000000 
1149914.000000 824460.000000 
1153066.000000 815400.000000 
1005310.000000 933460.000000 
958352.000000 985246.000000 
1009878.000000 930870.000000 
996722.000000 943974.000000 
1008604.000000 932826.000000 
1121618.000000 841224.000000 
1024220.000000 914808.000000 
1021186.000000 919564.000000 
968926.000000 969558.000000 
1001808.000000 938652.000000 
1030396.000000 905428.000000 
1045840.000000 888112.000000 
1101592.000000 851822.000000 
1059784.000000 882150.000000 
948596.000000 1004776.000000 
998722.000000 943546.000000 
998830.000000 942100.000000 
938404.000000 1009810.000000 
1018188.000000 924076.000000 
1010106.000000 926798.000000 
1151436.000000 822624.000000 
1088230.000000 864172.000000 
1109570.000000 848204.000000 
1091506.000000 863246.000000 
927086.000000 1036250.000000 
1000672.000000 939266.000000 
1002112.000000 935318.000000 
1083316.000000 866252.000000 
983822.000000 956714.000000 
950460.000000 1002212.000000 
1114390.000000 843790.000000 
938192.000000 1012900.000000 
956050.000000 991034.000000 
928708.000000 1026892.000000 
1016036.000000 924370.000000 
983652.000000 958524.000000 
935530.000000 1024734.000000 
965896.000000 978800.000000 
1019746.000000 923222.000000 
1018410.000000 923266.000000 
1020140.000000 922282.000000 
1111006.000000 847154.000000 
1077722.000000 872736.000000 
987008.000000 944464.000000 
978426.000000 964412.000000 
1092660.000000 858060.000000 
945632.000000 1008794.000000 
952788.000000 992696.000000 
965168.000000 979958.000000 
974898.000000 964930.000000 
950638.000000 993390.000000 
1132270.000000 832240.000000 
1105408.000000 851614.000000 
1082828.000000 869290.000000 
1091606.000000 861000.000000 
1040196.000000 902882.000000 
966030.000000 976370.000000 
956424.000000 989058.000000 
1038588.000000 904380.000000 
1040714.000000 902818.000000 
1004606.000000 933658.000000 
1021850.000000 919086.000000 
1146000.000000 827312.000000 
978780.000000 959836.000000 
1071278.000000 875506.000000 
1078988.000000 871744.000000 
1071864.000000 874052.000000 
1066452.000000 876932.000000 
1043496.000000 902492.000000 
963400.000000 981230.000000 
945960.000000 1004940.000000 
1119550.000000 842164.000000 
1126202.000000 838960.000000 
1094588.000000 857964.000000 
1001290.000000 938922.000000 
1010044.000000 928420.000000 
1101166.000000 857396.000000 

1090504.000000 867556.000000 
943464.000000 1011138.000000 
1127756.000000 837780.000000 
1112744.000000 851366.000000 
997154.000000 945052.000000 
1057174.000000 889038.000000 
1090746.000000 864618.000000 
1021986.000000 922404.000000 
1075702.000000 878360.000000 
999880.000000 942252.000000 
989602.000000 952524.000000 
962740.000000 984532.000000 
981514.000000 960474.000000 
983278.000000 959844.000000 
938216.000000 1024738.000000 
961442.000000 990650.000000 
1002612.000000 941574.000000 
1026864.000000 919118.000000 
1008656.000000 935274.000000 
1114016.000000 850858.000000 
934680.000000 1026230.000000 
1101958.000000 859032.000000 
994552.000000 948378.000000 
1077686.000000 876890.000000 
1088292.000000 869098.000000 
949282.000000 1000208.000000 
965872.000000 977038.000000 
1076114.000000 877282.000000 
974618.000000 965420.000000 
1092338.000000 861526.000000 
1117176.000000 848326.000000 
1008682.000000 930196.000000 
1025454.000000 919410.000000 
965528.000000 982550.000000 
956670.000000 994004.000000 
969602.000000 975684.000000 
984602.000000 957720.000000 
1000262.000000 942032.000000 
1127010.000000 843954.000000 
1108442.000000 852826.000000 
953896.000000 1000012.000000 
1033526.000000 910150.000000 
1008628.000000 937634.000000 
1049066.000000 892780.000000 
1077922.000000 869910.000000 
1066372.000000 881938.000000 
1068462.000000 880980.000000 
956958.000000 992682.000000 
970930.000000 972640.000000 
1023698.000000 919462.000000 
1041366.000000 896196.000000 
1055204.000000 890056.000000 
1019080.000000 925474.000000 
1011632.000000 929930.000000 
979952.000000 964318.000000 
1008664.000000 934858.000000 
1015784.000000 926148.000000 
1026740.000000 919352.000000 
991812.000000 950070.000000 
1100836.000000 859334.000000 
1181920.000000 833568.000000 
1061448.000000 882432.000000 
1014984.000000 929304.000000 
1069368.000000 878716.000000 
992382.000000 949482.000000 
1031322.000000 913622.000000 
1028774.000000 915194.000000 
1017540.000000 925578.000000 
1027418.000000 917592.000000 
1031246.000000 914410.000000 
1125156.000000 847704.000000 
941758.000000 1022536.000000 
1021866.000000 922594.000000 
1125606.000000 845324.000000 
1127374.000000 843494.000000 
1047740.000000 894026.000000 
1034802.000000 900370.000000 
954894.000000 994928.000000 
1023074.000000 922402.000000 
1089698.000000 868838.000000 
1003088.000000 937736.000000 
1105614.000000 853704.000000 
1104400.000000 854902.000000 
1081156.000000 869142.000000 
1021248.000000 925306.000000 
1134226.000000 834814.000000 
1099146.000000 861384.000000 
1053556.000000 892736.000000 
988436.000000 954002.000000 
1032864.000000 911994.000000 

1169278.000000 823126.000000 
1069332.000000 883008.000000 
926606.000000 1045430.000000 
936640.000000 1029064.000000 
930104.000000 1035454.000000 
1015062.000000 931242.000000 
927638.000000 1036628.000000 
1120234.000000 844396.000000 
1042152.000000 901068.000000 
1041878.000000 905696.000000 
1153962.000000 828448.000000 
1170872.000000 820128.000000 
1185772.000000 817274.000000 
1038076.000000 908302.000000 
1075368.000000 877462.000000 
1186772.000000 812880.000000 
975218.000000 973076.000000 
1087798.000000 870688.000000 
1097822.000000 863010.000000 
1012266.000000 931898.000000 
1067392.000000 885974.000000 
1049456.000000 896390.000000 
1019056.000000 926092.000000 
1016376.000000 927696.000000 
1018192.000000 926296.000000 
1028086.000000 916298.000000 
1001150.000000 939542.000000 
984816.000000 962458.000000 
1089880.000000 866126.000000 
1172022.000000 818364.000000 
1021180.000000 921306.000000 
1019266.000000 925300.000000 
1119778.000000 847878.000000 
1024284.000000 920498.000000 
1039758.000000 907702.000000 
1158214.000000 826630.000000 
1068004.000000 884376.000000 
1027502.000000 917544.000000 
1054240.000000 889554.000000 
1085604.000000 871334.000000 
1157042.000000 828112.000000 
1066292.000000 886928.000000 
980720.000000 966656.000000 
944836.000000 1015958.000000 
986098.000000 961098.000000 
1096288.000000 865170.000000 
1040598.000000 906422.000000 
1027060.000000 917636.000000 
1044394.000000 900572.000000 
936798.000000 1019806.000000 
1022682.000000 921272.000000 
1105396.000000 856794.000000 
1160854.000000 825998.000000 
1140320.000000 830640.000000 
1025290.000000 917864.000000 
987880.000000 952850.000000 
1050138.000000 894792.000000 
944548.000000 1019110.000000 
946006.000000 998500.000000 
1016336.000000 928170.000000 
957280.000000 995448.000000 
967914.000000 975164.000000 
982334.000000 964060.000000 
1004912.000000 935752.000000 
999826.000000 944158.000000 
996470.000000 945104.000000 
981360.000000 964886.000000 
987448.000000 955426.000000 
1102204.000000 859332.000000 
1077360.000000 873086.000000 
1017192.000000 927502.000000 
987008.000000 956070.000000 
962176.000000 982092.000000 
962150.000000 984456.000000 
975730.000000 966882.000000 
1114466.000000 848840.000000 
1141798.000000 829478.000000 
1129242.000000 833990.000000 
1001988.000000 937916.000000 
1008984.000000 935156.000000 
1106752.000000 850506.000000 
1099232.000000 860988.000000 
956490.000000 995660.000000 
1062670.000000 887064.000000 
1036286.000000 910978.000000 
1168054.000000 825596.000000 
1157224.000000 827836.000000 
1076866.000000 877400.000000 
1029106.000000 911220.000000 
1070614.000000 878512.000000 
1082268.000000 872614.000000 
970876.000000 974366.000000 
1037272.000000 909548.000000 
1087964.000000 870182.000000 

1127798.000000 843006.000000 
1173246.000000 815468.000000 
1182612.000000 809362.000000 
924762.000000 1035764.000000 
991030.000000 950240.000000 
1069512.000000 879368.000000 
1124744.000000 843710.000000 
921932.000000 1043548.000000 
1063296.000000 882086.000000 
1041190.000000 903008.000000 
1060338.000000 887438.000000 
1002110.000000 939130.000000 
965898.000000 972512.000000 
984782.000000 957672.000000 
1047686.000000 896772.000000 
1026500.000000 917420.000000 
927668.000000 1019236.000000 
960778.000000 978946.000000 
975536.000000 964922.000000 
998696.000000 941848.000000 
908950.000000 1060394.000000 
1020720.000000 918728.000000 
1121122.000000 844986.000000 
1136056.000000 839510.000000 
1139736.000000 833400.000000 
927346.000000 1023894.000000 
959420.000000 985222.000000 
925928.000000 1034756.000000 
979138.000000 962440.000000 
984912.000000 956150.000000 
974210.000000 968884.000000 
942992.000000 1000918.000000 
1149776.000000 823858.000000 
1147486.000000 829938.000000 
1031768.000000 907238.000000 
1064554.000000 879868.000000 
1037884.000000 906240.000000 
1002582.000000 937836.000000 
994528.000000 942618.000000 
988270.000000 950762.000000 
1145034.000000 831062.000000 
1028040.000000 913694.000000 
1046996.000000 899010.000000 
949464.000000 993110.000000 
981064.000000 958578.000000 
972660.000000 972094.000000 
1176616.000000 815422.000000 
1044448.000000 899120.000000 
1119846.000000 846106.000000 
1085142.000000 859228.000000 
1104080.000000 846678.000000 
1100174.000000 849856.000000 
1108764.000000 846572.000000 
1091362.000000 858334.000000 
1093812.000000 855170.000000 
1050308.000000 893748.000000 
953594.000000 989402.000000 
1014206.000000 924386.000000 
991984.000000 949738.000000 
1000516.000000 939688.000000 
1119956.000000 845576.000000 
917570.000000 1051474.000000 
991346.000000 950052.000000 
1019628.000000 920194.000000 
1146466.000000 830622.000000 
1006792.000000 934024.000000 
1010560.000000 930038.000000 
953916.000000 988664.000000 
1024758.000000 917662.000000 
1052560.000000 891244.000000 
1058944.000000 891220.000000 
974714.000000 968662.000000 
916578.000000 1054336.000000 
1075320.000000 874690.000000 
1038304.000000 903786.000000 
1026718.000000 917140.000000 
1071412.000000 876764.000000 
1078898.000000 866504.000000 
1047384.000000 898578.000000 
1031404.000000 910746.000000 
999240.000000 941656.000000 
1128710.000000 839670.000000 
1139080.000000 833940.000000 
998750.000000 941766.000000 
1010900.000000 929000.000000 
1077558.000000 873986.000000 
1078098.000000 873400.000000 
935120.000000 1011778.000000 
1003946.000000 934168.000000 
941834.000000 1002562.000000 
1010446.000000 933848.000000 
1166080.000000 819536.000000 
977578.000000 964906.000000 
1193688.000000 802888.000000 
1019046.000000 924024.000000 
1182460.000000 814906.000000 
1012100.000000 925642.000000 

1046574.000000 900242.000000 
1036462.000000 907592.000000 
1026840.000000 911832.000000 
1039444.000000 904594.000000 
1051256.000000 890116.000000 
1018280.000000 918966.000000 
1050466.000000 893988.000000 
1009894.000000 931764.000000 
999728.000000 939816.000000 
999122.000000 944244.000000 
1005752.000000 933752.000000 
958404.000000 984126.000000 
946122.000000 995216.000000 
1035934.000000 907650.000000 
954416.000000 992950.000000 
1037482.000000 907130.000000 
1041624.000000 903038.000000 
983414.000000 955834.000000 
990396.000000 949866.000000 
945308.000000 1011794.000000 
1115800.000000 837918.000000 
1101334.000000 845626.000000 
1119278.000000 824584.000000 
1131096.000000 823670.000000 
938228.000000 1018990.000000 
964680.000000 978070.000000 
953330.000000 994704.000000 
1060842.000000 882216.000000 
1032462.000000 909090.000000 
1013778.000000 919172.000000 
1009926.000000 926884.000000 
1046762.000000 894998.000000 
1082364.000000 864810.000000 
1078710.000000 865452.000000 
1107370.000000 844270.000000 
1140642.000000 820670.000000 
1118636.000000 835494.000000 
963096.000000 981002.000000 
945206.000000 1013290.000000 
932254.000000 1029650.000000 
954470.000000 989888.000000 
990630.000000 947636.000000 
989246.000000 950740.000000 
1117820.000000 837340.000000 
1033308.000000 908708.000000 
1083572.000000 864772.000000 
1085356.000000 856398.000000 
1113174.000000 841436.000000 
1043598.000000 902452.000000 
945614.000000 1007216.000000 
1007174.000000 932868.000000 
988730.000000 953638.000000 
1039110.000000 905744.000000 
1019886.000000 916816.000000 
1022858.000000 914998.000000 
1013134.000000 923326.000000 
1044434.000000 901830.000000 
1058478.000000 888764.000000 
1067400.000000 879844.000000 
1092084.000000 849862.000000 
1098300.000000 848974.000000 
1073408.000000 865806.000000 
991398.000000 945008.000000 
1025918.000000 912954.000000 
1001854.000000 935640.000000 
1031350.000000 910576.000000 
977014.000000 958400.000000 
969744.000000 964322.000000 
1069554.000000 875920.000000 
1059348.000000 887720.000000 
1130760.000000 823746.000000 
1031946.000000 909788.000000 

965698.000000 980190.000000 
1077810.000000 871406.000000 
994782.000000 946892.000000 
1058660.000000 889954.000000 
1159014.000000 825810.000000 
1178070.000000 821070.000000 
987180.000000 953762.000000 
1155380.000000 826222.000000 
1073680.000000 879012.000000 
995044.000000 941850.000000 
955808.000000 983282.000000 
953568.000000 999344.000000 
987422.000000 953646.000000 
1124950.000000 839532.000000 
1096880.000000 859080.000000 
1099872.000000 850386.000000 
1033336.000000 908918.000000 
1014278.000000 925360.000000 
1185394.000000 818972.000000 
1076912.000000 872524.000000 
1075328.000000 872626.000000 
1015720.000000 923958.000000 
1026716.000000 909298.000000 
1001432.000000 938846.000000 
933368.000000 1056446.000000 
941042.000000 1043748.000000 
1052570.000000 893516.000000 
967632.000000 972338.000000 
1171148.000000 824088.000000 
939118.000000 1050514.000000 
1079586.000000 871204.000000 
1068014.000000 881718.000000 
1054254.000000 891574.000000 
945348.000000 1004174.000000 
954226.000000 999330.000000 
1040982.000000 906816.000000 
1008666.000000 934736.000000 
1093138.000000 860724.000000 
1066910.000000 882992.000000 
1010536.000000 931188.000000 
1025168.000000 919242.000000 
1045182.000000 897732.000000 
1025596.000000 913202.000000 
1062784.000000 885810.000000 
1011732.000000 929874.000000 
991204.000000 950156.000000 
965540.000000 982038.000000 
1062382.000000 887622.000000 
1041608.000000 899150.000000 
1145610.000000 831872.000000 
1135710.000000 835676.000000 
1019950.000000 919602.000000 
991890.000000 948112.000000 
1051632.000000 893736.000000 
942938.000000 1021710.000000 
939356.000000 1048672.000000 
936502.000000 1051118.000000 
926916.000000 1061790.000000 
1177584.000000 821794.000000 
1151476.000000 831842.000000 
1091766.000000 865256.000000 
1061734.000000 889146.000000 
975416.000000 968056.000000 
942290.000000 1039332.000000 
993150.000000 947310.000000 
1009714.000000 933436.000000 
954518.000000 989206.000000 
994858.000000 945796.000000 
988606.000000 950526.000000 
1075126.000000 877364.000000 
950062.000000 999804.000000 
1039780.000000 908694.000000 
973126.000000 969464.000000 
1019116.000000 922336.000000 
1007690.000000 936892.000000 
1003380.000000 937752.000000 
1008012.000000 935656.000000 
1009784.000000 931264.000000 
1009350.000000 933752.000000 
976254.000000 954836.000000 
997836.000000 940446.000000 
1110136.000000 843526.000000 
1086244.000000 868630.000000 

936386.000000 1030742.000000 
1104544.000000 846316.000000 
1103104.000000 853790.000000 
939910.000000 1012882.000000 
1042370.000000 896128.000000 
1038198.000000 898068.000000 
1093914.000000 860638.000000 
984040.000000 954222.000000 
1047762.000000 894484.000000 
970148.000000 968330.000000 
1069364.000000 874036.000000 
1056714.000000 886908.000000 
999926.000000 933422.000000 
1135452.000000 838040.000000 
1101148.000000 855056.000000 
1136472.000000 835038.000000 
966170.000000 980294.000000 
943810.000000 1012150.000000 
947616.000000 1002790.000000 
1147594.000000 821818.000000 
968476.000000 971884.000000 
1027326.000000 910166.000000 
1018154.000000 919594.000000 
1028464.000000 906922.000000 
1020762.000000 916592.000000 
947988.000000 997898.000000 
1126276.000000 840366.000000 
1066386.000000 877702.000000 
1103630.000000 853176.000000 
1087450.000000 864330.000000 
1090358.000000 863052.000000 
1052162.000000 889842.000000 
1100288.000000 855194.000000 
1034646.000000 900608.000000 
1138002.000000 834668.000000 
1144520.000000 832536.000000 
1007126.000000 928776.000000 
1142312.000000 834560.000000 
1123170.000000 840598.000000 
1145528.000000 831732.000000 
934298.000000 1031720.000000 
924998.000000 1038824.000000 
1015772.000000 921128.000000 
966652.000000 978644.000000 
1188506.000000 819014.000000 
977222.000000 958506.000000 
962060.000000 984768.000000 
981902.000000 954342.000000 
1079666.000000 866050.000000 
1011262.000000 926726.000000 
965264.000000 980434.000000 
1060662.000000 880536.000000 
1055150.000000 887726.000000 
996874.000000 937186.000000 
991878.000000 940522.000000 
974130.000000 966762.000000 
1026662.000000 911338.000000 
1011830.000000 926634.000000 
991814.000000 941540.000000 
1022218.000000 911940.000000 
1096906.000000 857422.000000 
1103210.000000 853296.000000 
1022146.000000 912506.000000 
955172.000000 993314.000000 
959100.000000 988780.000000 
1068136.000000 877654.000000 
1096398.000000 859454.000000 
1063064.000000 879216.000000 
1069000.000000 876142.000000 
1045630.000000 894636.000000 
1016976.000000 919916.000000 
1001312.000000 931200.000000 
1108532.000000 843194.000000 
1073396.000000 869832.000000 
984376.000000 953136.000000 
1127356.000000 838744.000000 
957974.000000 988872.000000 
1012272.000000 926194.000000 
951060.000000 997054.000000 
1006814.000000 930356.000000 
1179306.000000 821002.000000 
1143372.000000 832672.000000 
988918.000000 945212.000000 
998468.000000 936186.000000 
961562.000000 985426.000000 
1102174.000000 854170.000000 
1084724.000000 865896.000000 
1079194.000000 868758.000000 
1059250.000000 883592.000000 
1056814.000000 884024.000000 
1033756.000000 900628.000000 
1013258.000000 921762.000000 
946288.000000 1008426.000000 
1008456.000000 926948.000000 
981336.000000 956090.000000 
964144.000000 980640.000000 
1048018.000000 892858.000000 
1045090.000000 894898.000000 
943938.000000 1008480.000000 
938938.000000 1017828.000000 
1049012.000000 891570.000000 
1048376.000000 892062.000000 
987664.000000 946892.000000 
1015378.000000 921310.000000 

1008146.000000 929466.000000 
956522.000000 994646.000000 
981088.000000 961644.000000 
1007840.000000 934568.000000 
968612.000000 972802.000000 
1032298.000000 912078.000000 
1001590.000000 941404.000000 
1060208.000000 890620.000000 
996302.000000 949256.000000 
1029808.000000 915160.000000 
1051166.000000 897582.000000 
969126.000000 969982.000000 
1026172.000000 918574.000000 
1092746.000000 860842.000000 
1063462.000000 884322.000000 
959008.000000 989486.000000 
978134.000000 964290.000000 
968314.000000 974974.000000 
976194.000000 968074.000000 
1031936.000000 914922.000000 
1024304.000000 922492.000000 
988726.000000 950476.000000 
1100144.000000 854744.000000 
1109654.000000 851052.000000 
1104658.000000 852382.000000 
997580.000000 942648.000000 
1143754.000000 836646.000000 
935810.000000 1020576.000000 
940664.000000 1012500.000000 
1047756.000000 898088.000000 
1081960.000000 870040.000000 
1099020.000000 855066.000000 
1020126.000000 924280.000000 
1069998.000000 879296.000000 
1081184.000000 876072.000000 
1036768.000000 905970.000000 
992264.000000 950006.000000 
1148480.000000 833212.000000 
1015832.000000 925662.000000 
1098516.000000 857536.000000 
976372.000000 965712.000000 
996744.000000 948854.000000 
1061622.000000 887360.000000 
1043652.000000 902526.000000 
1079896.000000 876284.000000 
1068976.000000 882218.000000 
1090894.000000 868122.000000 
1019270.000000 924390.000000 
958184.000000 991056.000000 
961372.000000 979372.000000 
1119994.000000 846112.000000 
997186.000000 947972.000000 
1033286.000000 909656.000000 
1047088.000000 899654.000000 
930494.000000 1043412.000000 
940204.000000 1016480.000000 
958402.000000 990332.000000 
935004.000000 1039052.000000 
1121978.000000 844806.000000 
1045228.000000 901830.000000 
1045296.000000 900548.000000 
1022960.000000 924100.000000 
945078.000000 1007934.000000 
1051656.000000 896682.000000 
967704.000000 978406.000000 
982648.000000 960416.000000 
995006.000000 949378.000000 
954040.000000 994928.000000 
1028884.000000 918458.000000 
1151842.000000 831194.000000 
1123352.000000 843950.000000 
1132896.000000 837508.000000 
1160958.000000 824192.000000 
938856.000000 1018162.000000 
1078890.000000 878594.000000 
1015702.000000 928100.000000 
946210.000000 1007708.000000 
1039930.000000 904972.000000 
1052554.000000 894032.000000 
984336.000000 955394.000000 
1004676.000000 935996.000000 
951080.000000 997902.000000 
948784.000000 1005970.000000 
1047706.000000 899634.000000 
1078612.000000 879014.000000 
1007658.000000 935888.000000 
1044788.000000 902054.000000 
950892.000000 1002134.000000 
950178.000000 1004680.000000 

975044.000000 970220.000000 
1059512.000000 883406.000000 
1051248.000000 887638.000000 
998536.000000 941348.000000 
967994.000000 977976.000000 
997142.000000 943174.000000 
1109812.000000 848134.000000 
1085396.000000 863804.000000 
1020604.000000 911778.000000 
1015424.000000 923588.000000 
963778.000000 989074.000000 
952760.000000 1002858.000000 
1116092.000000 840280.000000 
1121270.000000 835708.000000 
1145780.000000 821602.000000 
1112924.000000 847816.000000 
969960.000000 976578.000000 
938432.000000 1029922.000000 
977448.000000 969606.000000 
946948.000000 1019090.000000 
1005968.000000 932182.000000 
968330.000000 977860.000000 
971382.000000 973210.000000 
988434.000000 957098.000000 
993192.000000 944368.000000 
980336.000000 960274.000000 
984830.000000 957732.000000 
1061932.000000 876378.000000 
1002564.000000 940360.000000 
1114048.000000 846352.000000 
1058144.000000 887460.000000 
937604.000000 1034958.000000 
978372.000000 969520.000000 
979862.000000 963370.000000 
991458.000000 949336.000000 
1034892.000000 904910.000000 
959112.000000 994120.000000 
1045606.000000 891636.000000 
1030640.000000 910124.000000 
1096634.000000 854550.000000 
938512.000000 1026596.000000 
960048.000000 991564.000000 
939282.000000 1023328.000000 
947262.000000 1005964.000000 
956802.000000 995276.000000 
988968.000000 950168.000000 
1033674.000000 907022.000000 
1002988.000000 937378.000000 
1068046.000000 872208.000000 
1088746.000000 859744.000000 
1100504.000000 848760.000000 
1014284.000000 924038.000000 
954114.000000 1000736.000000 
1090304.000000 856158.000000 
988470.000000 956848.000000 
1019674.000000 919628.000000 
960960.000000 989864.000000 
1059446.000000 885350.000000 
996578.000000 944162.000000 
1040978.000000 897452.000000 
1010482.000000 927696.000000 
966344.000000 985736.000000 
1097238.000000 853844.000000 
1082806.000000 864742.000000 
1059328.000000 885580.000000 
1113472.000000 846816.000000 
1133448.000000 830746.000000 
1120124.000000 837654.000000 
1044870.000000 894434.000000 
1127072.000000 834990.000000 
1017524.000000 921016.000000 
1089712.000000 858310.000000 
1008386.000000 930032.000000 
1065846.000000 874690.000000 
1073526.000000 871338.000000 
1030368.000000 911772.000000 
1030998.000000 909258.000000 
1038788.000000 904384.000000 
1066856.000000 874550.000000 
1086456.000000 861760.000000 
1077962.000000 867328.000000 
1075326.000000 867652.000000 
1074796.000000 869772.000000 
1096062.000000 855370.000000 

1095754.000000 859594.000000 
943408.000000 1009798.000000 
942474.000000 1014248.000000 
1085814.000000 865934.000000 
1102898.000000 848964.000000 
1130800.000000 846382.000000 
985096.000000 958800.000000 
992168.000000 943422.000000 
1035500.000000 902812.000000 
1001744.000000 939514.000000 
923024.000000 1046458.000000 
1085514.000000 866234.000000 
1021862.000000 916704.000000 
975142.000000 964930.000000 
940730.000000 1017192.000000 
991802.000000 947866.000000 
946274.000000 1009138.000000 
1071214.000000 876088.000000 
951944.000000 994930.000000 
1007018.000000 936494.000000 
1023996.000000 915314.000000 
1060142.000000 882092.000000 
1124110.000000 847172.000000 
986744.000000 958650.000000 
1076872.000000 875042.000000 
1012312.000000 929102.000000 
982286.000000 962794.000000 
1013612.000000 925782.000000 
1035782.000000 902416.000000 
995700.000000 941014.000000 
998422.000000 940012.000000 
1163774.000000 837070.000000 
986964.000000 949808.000000 
1012194.000000 929722.000000 
1008052.000000 935516.000000 
1078552.000000 873802.000000 
1010272.000000 931600.000000 
946398.000000 1005176.000000 
957622.000000 976656.000000 
984088.000000 961912.000000 
945652.000000 1009634.000000 
948528.000000 1003164.000000 
1136978.000000 846268.000000 
1081398.000000 869544.000000 
1092940.000000 860796.000000 
1089438.000000 863142.000000 
1053210.000000 887890.000000 
1051240.000000 887980.000000 
1065828.000000 876182.000000 
1140816.000000 843444.000000 
1088332.000000 863812.000000 
986464.000000 958796.000000 
951230.000000 1000528.000000 
981410.000000 963078.000000 
1098402.000000 856302.000000 
1063648.000000 881798.000000 
969870.000000 971312.000000 
1051012.000000 893472.000000 
1035324.000000 907054.000000 
1027216.000000 911780.000000 
1014726.000000 917546.000000 
1025318.000000 913040.000000 
1044616.000000 894608.000000 
1031246.000000 907714.000000 
1040530.000000 897340.000000 
965944.000000 972758.000000 
980388.000000 964024.000000 
935434.000000 1026134.000000 
1013530.000000 928822.000000 
1039016.000000 900060.000000 
994118.000000 941350.000000 
1039984.000000 898660.000000 
1044000.000000 895968.000000 
1091120.000000 862988.000000 
1082480.000000 868368.000000 
1092772.000000 862446.000000 

1120832.000000 840976.000000 
925620.000000 1051356.000000 
944928.000000 1002946.000000 
1078594.000000 872164.000000 
1051312.000000 894210.000000 
1022234.000000 922442.000000 
1088676.000000 868484.000000 
1061066.000000 875824.000000 
1025414.000000 918438.000000 
1107694.000000 847786.000000 
990620.000000 948844.000000 
969138.000000 977326.000000 
961296.000000 977808.000000 
951902.000000 987344.000000 
1078924.000000 870334.000000 
1059960.000000 890118.000000 
1007678.000000 934138.000000 
1023842.000000 919266.000000 
1105708.000000 849786.000000 
943188.000000 1010194.000000 
944224.000000 1010068.000000 
957592.000000 980818.000000 
1114542.000000 846118.000000 
983110.000000 960326.000000 
971050.000000 968740.000000 
978506.000000 963600.000000 
1022090.000000 923626.000000 
1053746.000000 894142.000000 
1145364.000000 831502.000000 
1027392.000000 914106.000000 
1044736.000000 898090.000000 
938494.000000 1012346.000000 
942098.000000 1010660.000000 
1059068.000000 891040.000000 
1098736.000000 858722.000000 
1085918.000000 869172.000000 
1152400.000000 830502.000000 
1102016.000000 855054.000000 
1133454.000000 833058.000000 
1022210.000000 922834.000000 
1012660.000000 927236.000000 
1089860.000000 863014.000000 
1072254.000000 873582.000000 
1090456.000000 862380.000000 
1021492.000000 924026.000000 
1172444.000000 820964.000000 
1164614.000000 827174.000000 
1086628.000000 868536.000000 
1092376.000000 859286.000000 
1047392.000000 894984.000000 
1042086.000000 900274.000000 
1037236.000000 906264.000000 
924020.000000 1057570.000000 
938252.000000 1016186.000000 
932318.000000 1031930.000000 
1100502.000000 857470.000000 
1000820.000000 942652.000000 
987240.000000 951598.000000 
1040116.000000 905618.000000 
1040216.000000 903344.000000 
991548.000000 943840.000000 
985178.000000 958330.000000 
1055838.000000 891558.000000 
1040328.000000 900706.000000 
1001924.000000 940026.000000 
1033432.000000 908468.000000 
1084492.000000 870070.000000 
986804.000000 957088.000000 
1014544.000000 927008.000000 
1155044.000000 829896.000000 
1168500.000000 825524.000000 
1081922.000000 870092.000000 
1118802.000000 845258.000000 
1012338.000000 933024.000000 
1018188.000000 924284.000000 
1028896.000000 911672.000000 
1003708.000000 935050.000000 
1130340.000000 838756.000000 
1161982.000000 829408.000000 

1144224.000000 830158.000000 
1016354.000000 917814.000000 
1022650.000000 914690.000000 
1015748.000000 926916.000000 
1103668.000000 855226.000000 
1005648.000000 934544.000000 
988960.000000 955414.000000 
1089522.000000 862042.000000 
992376.000000 948134.000000 
997646.000000 942606.000000 
991694.000000 953230.000000 
1125190.000000 839764.000000 
976562.000000 971718.000000 
947060.000000 1010638.000000 
931592.000000 1031408.000000 
1050674.000000 894782.000000 
992188.000000 948776.000000 
1175050.000000 823888.000000 
980124.000000 966252.000000 
1050454.000000 895160.000000 
1090890.000000 858784.000000 
947100.000000 1009450.000000 
979474.000000 968252.000000 
1100234.000000 856890.000000 
1154174.000000 827994.000000 
1115944.000000 847624.000000 
951312.000000 996748.000000 
937882.000000 1014270.000000 
957062.000000 995632.000000 
1079514.000000 872268.000000 
935516.000000 1024350.000000 
1063134.000000 882586.000000 
1137720.000000 837040.000000 
1054850.000000 891850.000000 
1028388.000000 908026.000000 
1141132.000000 831070.000000 
1040862.000000 904984.000000 
959040.000000 985782.000000 
1137910.000000 831786.000000 
916940.000000 1049950.000000 
1037404.000000 905904.000000 
981116.000000 963720.000000 
1071682.000000 872342.000000 
990766.000000 954404.000000 
1105854.000000 854216.000000 
934442.000000 1027896.000000 
971506.000000 973894.000000 
924158.000000 1033136.000000 
933676.000000 1031240.000000 
1012890.000000 928882.000000 
991326.000000 954172.000000 
1052296.000000 894038.000000 
1052094.000000 894412.000000 
983768.000000 961576.000000 
1066868.000000 879070.000000 
1055548.000000 889332.000000 
1040162.000000 905714.000000 
949870.000000 998918.000000 
1050112.000000 895824.000000 
1107634.000000 848212.000000 
996108.000000 944474.000000 
1117252.000000 841712.000000 
1153490.000000 828430.000000 
1036056.000000 906770.000000 
1049856.000000 896284.000000 
961708.000000 982800.000000 
1080026.000000 867730.000000 
1093228.000000 858106.000000 
1053722.000000 893132.000000 
980742.000000 964844.000000 
986732.000000 959918.000000 
1043834.000000 896564.000000 
1062630.000000 885522.000000 
1080648.000000 865606.000000 
1068712.000000 876282.000000 
976802.000000 971142.000000 
1006546.000000 929942.000000 
1056082.000000 886934.000000 
1061092.000000 886014.000000 
1000766.000000 939618.000000 
937838.000000 1020606.000000 
1006360.000000 933576.000000 
1022360.000000 916326.000000 
987930.000000 956130.000000 
1061028.000000 886480.000000 
1128382.000000 837636.000000 
1001784.000000 937694.000000 
1013804.000000 927884.000000 
1135836.000000 837586.000000 
1112646.000000 847688.000000 
1041982.000000 903262.000000 
1122314.000000 840528.000000 
972160.000000 973194.000000 
964214.000000 975674.000000 

1005970.000000 932690.000000 
988650.000000 952704.000000 
1114284.000000 852596.000000 
1084892.000000 871334.000000 
1083340.000000 871372.000000 
1118212.000000 851944.000000 
1137864.000000 842790.000000 
1147056.000000 830654.000000 
1126256.000000 842958.000000 
946766.000000 1002044.000000 
932744.000000 1034060.000000 
971654.000000 967454.000000 
1049434.000000 897022.000000 
993530.000000 952256.000000 
1071130.000000 877780.000000 
937628.000000 1011104.000000 
1029756.000000 913616.000000 
1103186.000000 853490.000000 
1082598.000000 872488.000000 
993682.000000 944880.000000 
1031408.000000 912850.000000 
940802.000000 1005572.000000 
934128.000000 1027254.000000 
958248.000000 993846.000000 
998106.000000 943158.000000 
995152.000000 944608.000000 
1033378.000000 909954.000000 
985516.000000 954938.000000 
1023420.000000 917390.000000 
1057710.000000 891594.000000 
1080478.000000 876530.000000 
1047830.000000 898834.000000 
1000576.000000 935646.000000 
966306.000000 975202.000000 
973788.000000 963706.000000 
1078322.000000 877362.000000 
1086620.000000 870376.000000 
1032352.000000 912238.000000 
1014764.000000 924576.000000 
982450.000000 958542.000000 
1012024.000000 927844.000000 
999098.000000 940646.000000 
1022208.000000 921154.000000 
983624.000000 957538.000000 
1079112.000000 876984.000000 
950888.000000 993886.000000 
1124250.000000 846878.000000 
1122694.000000 848478.000000 
1034286.000000 906240.000000 
1020906.000000 922766.000000 
1036592.000000 905132.000000 
1017806.000000 923914.000000 
1035266.000000 905726.000000 
1098840.000000 864296.000000 
1042680.000000 899936.000000 
938466.000000 1010656.000000 
1066970.000000 883870.000000 
980820.000000 963230.000000 
958402.000000 990220.000000 
1087502.000000 866742.000000 
1109610.000000 853168.000000 
1008738.000000 931850.000000 
1028656.000000 913874.000000 
1082300.000000 875572.000000 
1057242.000000 891982.000000 
1120950.000000 851546.000000 
1085752.000000 871068.000000 
1070160.000000 883798.000000 
936010.000000 1021042.000000 
963424.000000 982734.000000 
1041650.000000 904550.000000 
949678.000000 1001558.000000 
1081192.000000 876322.000000 
1027138.000000 916020.000000 
929972.000000 1049744.000000 
937276.000000 1020092.000000 
1021400.000000 921176.000000 
1048332.000000 897052.000000 
1058786.000000 886188.000000 
1052942.000000 892582.000000 
960428.000000 987356.000000 
1057102.000000 892166.000000 
1140172.000000 832110.000000 
969036.000000 973692.000000 
964838.000000 978952.000000 
1121900.000000 850430.000000 

1194388.000000 814442.000000 
1176068.000000 819584.000000 
1008536.000000 930888.000000 
1042504.000000 902866.000000 
954876.000000 995616.000000 
941956.000000 1002796.000000 
933950.000000 1015896.000000 
929852.000000 1032708.000000 
961802.000000 984490.000000 
1072730.000000 876364.000000 
967524.000000 974040.000000 
949724.000000 999750.000000 
953496.000000 996286.000000 
987316.000000 950568.000000 
959104.000000 985940.000000 
1022774.000000 918832.000000 
1080684.000000 870112.000000 
993688.000000 943874.000000 
924244.000000 1046360.000000 
1123466.000000 842062.000000 
1188222.000000 815388.000000 
990842.000000 946146.000000 
1002882.000000 937058.000000 
1012868.000000 930000.000000 
986362.000000 952526.000000 
1096234.000000 857636.000000 
1114572.000000 847252.000000 
1041392.000000 905288.000000 
1089932.000000 865652.000000 
1132850.000000 837020.000000 
1151568.000000 831782.000000 
1154854.000000 824980.000000 
1111412.000000 848960.000000 
1066762.000000 881580.000000 
1089084.000000 866770.000000 
956764.000000 989284.000000 
968714.000000 973434.000000 
1020420.000000 922038.000000 
1042600.000000 899344.000000 
1019342.000000 924372.000000 
1098450.000000 853842.000000 
1020610.000000 921280.000000 
1019622.000000 924246.000000 
1054708.000000 887100.000000 
1064978.000000 881750.000000 
941358.000000 1004868.000000 
963918.000000 979386.000000 
1145438.000000 835436.000000 
1015346.000000 927694.000000 
940090.000000 1013888.000000 
1030308.000000 909206.000000 
1168276.000000 822010.000000 
993734.000000 941918.000000 
978386.000000 953634.000000 
1061372.000000 882056.000000 
1081128.000000 867812.000000 
1021468.000000 920958.000000 
1150332.000000 834184.000000 
1130194.000000 837858.000000 
1094294.000000 860490.000000 
1015614.000000 924390.000000 
955120.000000 992940.000000 
1057308.000000 886558.000000 
1013204.000000 928258.000000 
961406.000000 984690.000000 
1084648.000000 867052.000000 
992600.000000 945370.000000 
1008300.000000 931048.000000 
1021644.000000 919674.000000 
1025048.000000 915504.000000 
1039714.000000 907084.000000 
1013536.000000 927790.000000 
994952.000000 941270.000000 
1081866.000000 867438.000000 
1036646.000000 907992.000000 
952938.000000 996306.000000 
960158.000000 985420.000000 
1020322.000000 924020.000000 
1072344.000000 878708.000000 
1048386.000000 892214.000000 
1075854.000000 874560.000000 
1020102.000000 924092.000000 
1096110.000000 859374.000000 
1078732.000000 872084.000000 
967230.000000 976510.000000 
951390.000000 997758.000000 
998284.000000 937656.000000 
971540.000000 966620.000000 
964490.000000 977180.000000 
958254.000000 986100.000000 
1091158.000000 865082.000000 
1067092.000000 879950.000000 
997690.000000 940358.000000 
1004046.000000 934248.000000 
1028502.000000 914786.000000 
1077592.000000 872160.000000 
973246.000000 964490.000000 
1093514.000000 864576.000000 
963854.000000 983540.000000 

1158882.000000 823994.000000 
1097880.000000 854330.000000 
1123700.000000 841488.000000 
1004560.000000 930140.000000 
1019812.000000 917324.000000 
1162898.000000 823900.000000 
1038038.000000 906008.000000 
998052.000000 936582.000000 
1116154.000000 847700.000000 
932742.000000 1032664.000000 
1062270.000000 880914.000000 
920202.000000 1039036.000000 
1009918.000000 924928.000000 
1163532.000000 822410.000000 
954668.000000 992474.000000 
1001934.000000 936532.000000 
1059180.000000 885438.000000 
1024290.000000 912650.000000 
979872.000000 958464.000000 
934858.000000 1024020.000000 
942848.000000 1009872.000000 
956708.000000 990710.000000 
1073432.000000 871794.000000 
1060432.000000 885130.000000 
1060912.000000 885048.000000 
1058090.000000 885726.000000 
1068758.000000 875614.000000 
1037000.000000 908046.000000 
1146186.000000 829514.000000 
1053516.000000 886880.000000 
1045278.000000 897630.000000 
936240.000000 1017856.000000 
962748.000000 980944.000000 
988564.000000 948772.000000 
1018086.000000 918964.000000 
935364.000000 1023848.000000 
942118.000000 1010736.000000 
926416.000000 1035464.000000 
1015486.000000 922734.000000 
972522.000000 960944.000000 
1113324.000000 848998.000000 
1042368.000000 899136.000000 
1038310.000000 904692.000000 
971884.000000 971296.000000 
985970.000000 953042.000000 
984168.000000 956596.000000 
1037502.000000 907122.000000 
1039388.000000 903710.000000 
1015302.000000 923696.000000 
969376.000000 974968.000000 
993052.000000 946198.000000 
1089146.000000 858800.000000 
968052.000000 980494.000000 
1049758.000000 896688.000000 
968562.000000 978870.000000 
1135400.000000 837606.000000 
971838.000000 971710.000000 
949664.000000 999844.000000 
1050712.000000 889850.000000 
933098.000000 1025672.000000 
1081402.000000 862116.000000 
945132.000000 1006024.000000 
950714.000000 998802.000000 
1099624.000000 851324.000000 
944516.000000 1006652.000000 
983420.000000 957792.000000 
1121594.000000 844382.000000 
1113952.000000 848790.000000 
992830.000000 946442.000000 
956576.000000 991078.000000 
1033814.000000 911074.000000 
1056588.000000 886442.000000 
945846.000000 1001774.000000 
1127140.000000 839514.000000 
960090.000000 984440.000000 
951880.000000 996562.000000 
1064192.000000 878716.000000 
1074578.000000 868342.000000 
929880.000000 1035316.000000 
1121358.000000 847530.000000 
938750.000000 1012000.000000 
996660.000000 944504.000000 

1095304.000000 864140.000000 
985002.000000 952870.000000 
961906.000000 981494.000000 
1162856.000000 826646.000000 
1140308.000000 838002.000000 
1128804.000000 840610.000000 
960896.000000 990650.000000 
934748.000000 1013380.000000 
952572.000000 991940.000000 
943676.000000 1000602.000000 
976694.000000 969386.000000 
1057944.000000 888964.000000 
1119876.000000 848720.000000 
1114838.000000 849756.000000 
1016318.000000 920256.000000 
993408.000000 940766.000000 
1015642.000000 923144.000000 
991998.000000 948608.000000 
986378.000000 948682.000000 
998348.000000 936012.000000 
1117566.000000 849730.000000 
1091612.000000 867246.000000 
1060350.000000 886056.000000 
1062996.000000 884518.000000 
1063770.000000 881058.000000 
1048908.000000 892894.000000 
1044180.000000 899502.000000 
1099788.000000 863598.000000 
1108492.000000 852526.000000 
980474.000000 967770.000000 
1102656.000000 855034.000000 
992684.000000 942688.000000 
1102286.000000 859528.000000 
1072136.000000 879774.000000 
1058254.000000 888396.000000 
917834.000000 1046430.000000 
924322.000000 1036442.000000 
927848.000000 1034718.000000 
1106104.000000 854674.000000 
975022.000000 972464.000000 
980652.000000 962662.000000 
971320.000000 978918.000000 
934632.000000 1027998.000000 
933426.000000 1028080.000000 
1035120.000000 905314.000000 
1100938.000000 860556.000000 
1122158.000000 844134.000000 
1093020.000000 865264.000000 
942274.000000 1013266.000000 
1140874.000000 836146.000000 
969810.000000 979558.000000 
1039630.000000 903338.000000 
973296.000000 977008.000000 
1130016.000000 839888.000000 
1073960.000000 877518.000000 
1042790.000000 900820.000000 
1022270.000000 908046.000000 
1007618.000000 935230.000000 
1009022.000000 925988.000000 
1044832.000000 896346.000000 
1110114.000000 851032.000000 
973410.000000 973598.000000 
1044774.000000 899080.000000 
1076676.000000 869758.000000 
1090192.000000 868276.000000 
1039124.000000 904908.000000 
960784.000000 991488.000000 
1073210.000000 877802.000000 
1056688.000000 889848.000000 
966802.000000 980242.000000 

938076.000000 1013908.000000 
970374.000000 969452.000000 
946078.000000 1003222.000000 
994520.000000 946712.000000 
953210.000000 998240.000000 
1045412.000000 896780.000000 
1087042.000000 868726.000000 
1022362.000000 918298.000000 
951300.000000 1000448.000000 
927876.000000 1077834.000000 
930382.000000 1037058.000000 
1029432.000000 907840.000000 
1052374.000000 892456.000000 
1096776.000000 863216.000000 
984938.000000 957334.000000 
1025438.000000 915328.000000 
981862.000000 962694.000000 
1117538.000000 845986.000000 
964530.000000 980332.000000 
988446.000000 950304.000000 
966878.000000 974606.000000 
1109016.000000 850170.000000 
1086914.000000 868790.000000 
1097702.000000 852722.000000 
1066828.000000 880886.000000 
1077484.000000 869646.000000 
1001192.000000 940524.000000 
1107190.000000 850218.000000 
1059424.000000 889122.000000 
1141880.000000 835336.000000 
1035862.000000 902376.000000 
1121150.000000 841194.000000 
954076.000000 997042.000000 
1049218.000000 894252.000000 
1136388.000000 835686.000000 
993926.000000 949160.000000 
1089434.000000 863246.000000 
1005042.000000 936912.000000 
1063612.000000 881190.000000 
1012332.000000 928164.000000 
1014006.000000 927366.000000 
1010772.000000 930120.000000 
1145020.000000 832878.000000 
1127078.000000 838450.000000 
937200.000000 1029862.000000 
1056834.000000 890242.000000 
1016644.000000 923398.000000 
1003530.000000 939556.000000 
1050362.000000 893314.000000 
1070858.000000 876274.000000 
1055226.000000 891582.000000 
1006664.000000 933894.000000 
1021442.000000 920978.000000 
1047952.000000 894462.000000 
964970.000000 978044.000000 
998602.000000 942806.000000 
985722.000000 955234.000000 
1041736.000000 899764.000000 
1044414.000000 898004.000000 
1070554.000000 880264.000000 
1151450.000000 829456.000000 
1055746.000000 890270.000000 
1059780.000000 883964.000000 
957422.000000 988250.000000 
1120784.000000 844372.000000 
982386.000000 959104.000000 
968030.000000 974398.000000 
975528.000000 964162.000000 
987076.000000 955200.000000 
950370.000000 1001624.000000 
951406.000000 998768.000000 
956430.000000 996996.000000 
1088788.000000 866992.000000 
1009618.000000 932404.000000 
937260.000000 1020814.000000 
963852.000000 985872.000000 
1052042.000000 892724.000000 

1188910.000000 820448.000000 
1110634.000000 853282.000000 
957742.000000 982050.000000 
1121036.000000 844324.000000 
932558.000000 1031530.000000 
1014592.000000 929374.000000 
1072128.000000 875608.000000 
1096074.000000 863944.000000 
1031562.000000 913398.000000 
946276.000000 1000422.000000 
999124.000000 937514.000000 
1015080.000000 926986.000000 
1146252.000000 834854.000000 
1133780.000000 843798.000000 
1115456.000000 851652.000000 
990646.000000 952820.000000 
1087988.000000 867026.000000 
1102372.000000 858460.000000 
1037568.000000 906572.000000 
948106.000000 998130.000000 
1106312.000000 855426.000000 
934488.000000 1025002.000000 
952594.000000 995032.000000 
1152280.000000 834074.000000 
1138814.000000 836806.000000 
1023402.000000 921812.000000 
1099166.000000 861980.000000 
1048272.000000 897658.000000 
968734.000000 978010.000000 
1058222.000000 888254.000000 
1098600.000000 862536.000000 
1025158.000000 920492.000000 
952824.000000 990252.000000 
1091782.000000 865860.000000 
1078142.000000 875416.000000 
1037446.000000 908640.000000 
1028760.000000 917838.000000 
1013768.000000 933404.000000 
1100960.000000 860614.000000 
926486.000000 1032762.000000 
981484.000000 960542.000000 
1041874.000000 900174.000000 
1081826.000000 872932.000000 
1082844.000000 867380.000000 
1112630.000000 852374.000000 
935984.000000 1014594.000000 
966228.000000 978990.000000 
932578.000000 1029218.000000 
1105460.000000 857476.000000 
1134026.000000 842032.000000 
1030444.000000 913680.000000 
1013746.000000 933556.000000 
993880.000000 950714.000000 
975066.000000 970432.000000 
1059808.000000 886896.000000 
1081278.000000 875328.000000 
1133984.000000 842990.000000 
1108702.000000 853924.000000 
1021396.000000 924424.000000 
1088474.000000 866624.000000 
1091366.000000 866134.000000 
1026900.000000 918172.000000 
998128.000000 944190.000000 
989408.000000 955348.000000 
995580.000000 948550.000000 
1010452.000000 933758.000000 
1051844.000000 892296.000000 
1138014.000000 837014.000000 
1117156.000000 848720.000000 
1022852.000000 922678.000000 
993900.000000 950578.000000 
1033474.000000 908984.000000 
965110.000000 981120.000000 
1009632.000000 933848.000000 
985850.000000 956666.000000 
991076.000000 951296.000000 
1120462.000000 844332.000000 
990370.000000 953670.000000 
975604.000000 963960.000000 
1165042.000000 823490.000000 
1153982.000000 831132.000000 
1082374.000000 872414.000000 
1064824.000000 886124.000000 
978846.000000 963490.000000 
1021590.000000 924166.000000 
1066340.000000 878150.000000 
1052128.000000 888544.000000 
1005750.000000 935490.000000 
1064270.000000 886212.000000 
935918.000000 1024412.000000 
1155564.000000 830098.000000 
968462.000000 978366.000000 
1017476.000000 925542.000000 
1049628.000000 896084.000000 
984242.000000 959120.000000 
988432.000000 955800.000000 
1136026.000000 839924.000000 
944106.000000 1010674.000000 
970354.000000 973314.000000 
979988.000000 962994.000000 
967790.000000 978644.000000 
975524.000000 968510.000000 
972142.000000 972582.000000 
970174.000000 974632.000000 

933952.000000 1034194.000000 
935384.000000 1029084.000000 
936080.000000 1024802.000000 
984724.000000 961044.000000 
1004380.000000 936144.000000 
1143292.000000 831780.000000 
993084.000000 943964.000000 
1107362.000000 852338.000000 
1005632.000000 933512.000000 
973058.000000 972304.000000 
1076346.000000 880788.000000 
958934.000000 986144.000000 
949724.000000 997890.000000 
954168.000000 991616.000000 
1052116.000000 895264.000000 
1004268.000000 939260.000000 
996968.000000 940154.000000 
939608.000000 1009402.000000 
1019656.000000 921760.000000 
974882.000000 972170.000000 
1026452.000000 918798.000000 
1016746.000000 924038.000000 
1171184.000000 817304.000000 
1144924.000000 825026.000000 
1074972.000000 880824.000000 
1124776.000000 839650.000000 
944156.000000 1009316.000000 
1028016.000000 918142.000000 
1173480.000000 809052.000000 
1155080.000000 822590.000000 
1010270.000000 932728.000000 
1040570.000000 902254.000000 
979088.000000 961974.000000 
991956.000000 951880.000000 
1126544.000000 835080.000000 
1133204.000000 834770.000000 
1070040.000000 881048.000000 
1067022.000000 881888.000000 
975790.000000 969980.000000 
1016818.000000 922612.000000 
968840.000000 977454.000000 
1062932.000000 883380.000000 
1031114.000000 905940.000000 
1023010.000000 918840.000000 
1009370.000000 933470.000000 
1079304.000000 867896.000000 
1021666.000000 919048.000000 
1076758.000000 871196.000000 
1083124.000000 862898.000000 
1110490.000000 844620.000000 
1099214.000000 852592.000000 
1094788.000000 861182.000000 
1059572.000000 887360.000000 
1109430.000000 845778.000000 
1118696.000000 844494.000000 
975458.000000 971272.000000 
985278.000000 952018.000000 
1042834.000000 898966.000000 
1038934.000000 902698.000000 
1165736.000000 818076.000000 
947312.000000 1006980.000000 
1046790.000000 896438.000000 
1030100.000000 913442.000000 
1137334.000000 833894.000000 
972266.000000 976110.000000 
963198.000000 978098.000000 
978714.000000 966000.000000 
1161822.000000 820846.000000 
1095882.000000 857904.000000 
974912.000000 971534.000000 
1011156.000000 929496.000000 
975602.000000 970486.000000 
1060240.000000 886640.000000 
1012652.000000 928846.000000 
1055014.000000 889764.000000 
972934.000000 972900.000000 
1028362.000000 916898.000000 

953728.000000 992922.000000 
901544.000000 1091576.000000 
1193438.000000 818654.000000 
1150496.000000 832214.000000 
1090872.000000 866198.000000 
928966.000000 1036146.000000 
1037660.000000 904584.000000 
1128976.000000 840176.000000 
1137804.000000 836036.000000 
1147518.000000 833734.000000 
1164810.000000 823308.000000 
1152210.000000 824232.000000 
1089238.000000 866240.000000 
981690.000000 957766.000000 
918414.000000 1064478.000000 
923730.000000 1057058.000000 
928896.000000 1046124.000000 
938270.000000 1024636.000000 
1004576.000000 937468.000000 
1044604.000000 902018.000000 
1009020.000000 932594.000000 
980628.000000 961776.000000 
1074138.000000 876368.000000 
1056966.000000 890770.000000 
978918.000000 964016.000000 
1120386.000000 847590.000000 
1079108.000000 871856.000000 
1094876.000000 858956.000000 
1091226.000000 861280.000000 
1080434.000000 868556.000000 
1111528.000000 851178.000000 
977362.000000 964070.000000 
988462.000000 954462.000000 
994794.000000 947118.000000 
1006536.000000 934338.000000 
965268.000000 978694.000000 
1024634.000000 916124.000000 
1018962.000000 922880.000000 
1011602.000000 924188.000000 
988978.000000 950968.000000 
1118928.000000 848090.000000 
922498.000000 1057320.000000 
968490.000000 976012.000000 
1027206.000000 914256.000000 
1056916.000000 892674.000000 
1061476.000000 887500.000000 
1060182.000000 887506.000000 
933740.000000 1026454.000000 
1193868.000000 817392.000000 
1036808.000000 908298.000000 
1010488.000000 929474.000000 
939304.000000 1024134.000000 
968948.000000 970914.000000 
1114048.000000 850058.000000 
1091134.000000 862430.000000 
1084804.000000 866686.000000 
1106364.000000 852462.000000 
1124318.000000 843912.000000 
1046900.000000 895728.000000 
1013846.000000 923650.000000 
1005298.000000 935126.000000 
1058260.000000 890370.000000 
955566.000000 986842.000000 
967068.000000 978514.000000 
943548.000000 994602.000000 
953436.000000 994068.000000 
989470.000000 948422.000000 
1165480.000000 821546.000000 
928766.000000 1049392.000000 
1003842.000000 937850.000000 
956418.000000 983438.000000 
1066146.000000 880322.000000 
940222.000000 1019494.000000 
1122420.000000 847560.000000 
1127068.000000 840740.000000 
1041170.000000 902926.000000 
1033860.000000 912440.000000 
1068846.000000 878592.000000 
1064396.000000 882114.000000 
924978.000000 1050592.000000 
921814.000000 1058790.000000 
932722.000000 1030114.000000 
942438.000000 1018196.000000 
999648.000000 938622.000000 
996904.000000 944202.000000 
986138.000000 955338.000000 
1038622.000000 903068.000000 
1073966.000000 878150.000000 
970752.000000 967848.000000 
1046574.000000 897036.000000 
1041690.000000 902332.000000 
1034722.000000 908968.000000 
1052034.000000 894040.000000 
1022116.000000 921968.000000 
1101598.000000 856486.000000 
1074548.000000 873016.000000 

1102810.000000 856788.000000 
1108426.000000 854302.000000 
1155304.000000 824704.000000 
1138284.000000 830704.000000 
1120438.000000 848648.000000 
1154700.000000 827264.000000 
1121294.000000 846580.000000 
1110874.000000 849224.000000 
929226.000000 1033444.000000 
1178158.000000 809858.000000 
937308.000000 1013258.000000 
1138046.000000 833826.000000 
1098100.000000 858080.000000 
977234.000000 963194.000000 
1054260.000000 893270.000000 
1063468.000000 888770.000000 
1164194.000000 822936.000000 
996758.000000 943528.000000 
994658.000000 944524.000000 
1076968.000000 875320.000000 
1079750.000000 871926.000000 
1029284.000000 914876.000000 
1054912.000000 890642.000000 
1013128.000000 930010.000000 
1064956.000000 884138.000000 
1074840.000000 877118.000000 
1048044.000000 897872.000000 
956120.000000 988926.000000 
1109990.000000 851778.000000 
1064728.000000 887786.000000 
976276.000000 967626.000000 
979518.000000 954802.000000 
1028540.000000 917038.000000 
1121836.000000 844200.000000 
1120602.000000 848550.000000 
1075392.000000 876756.000000 
914376.000000 1046504.000000 
1030266.000000 914304.000000 
1042148.000000 902266.000000 
1001918.000000 932358.000000 
934576.000000 1018556.000000 
1106920.000000 855902.000000 
997716.000000 939906.000000 
1052608.000000 896334.000000 
1031370.000000 911248.000000 
947098.000000 1001148.000000 
926224.000000 1046040.000000 
1038194.000000 907168.000000 
960022.000000 985714.000000 
1015504.000000 921970.000000 
962364.000000 982584.000000 
943008.000000 1004232.000000 
930236.000000 1027108.000000 
932740.000000 1023844.000000 
1152614.000000 828684.000000 
1067378.000000 878164.000000 
1083070.000000 862590.000000 
1078072.000000 872076.000000 
964380.000000 981286.000000 
974132.000000 969474.000000 
1059568.000000 888814.000000 
1131136.000000 835450.000000 
1123788.000000 839620.000000 
1171956.000000 815686.000000 
989102.000000 950104.000000 
1025892.000000 917812.000000 
975834.000000 967712.000000 
1037680.000000 909580.000000 
1108632.000000 853826.000000 
990256.000000 945950.000000 
951378.000000 991572.000000 
969560.000000 971260.000000 
1052470.000000 897446.000000 
1014678.000000 927136.000000 
964524.000000 977400.000000 
995980.000000 944424.000000 
1036744.000000 910630.000000 
1020784.000000 920996.000000 
951000.000000 1000242.000000 
1038140.000000 909480.000000 
1013310.000000 927390.000000 
1025562.000000 918384.000000 
1001582.000000 938686.000000 
975076.000000 968066.000000 
943894.000000 1003502.000000 
1038944.000000 906852.000000 

933080.000000 1050320.000000 
1121010.000000 847670.000000 
1142396.000000 830806.000000 
1155264.000000 825942.000000 
1083634.000000 865256.000000 
1130446.000000 838524.000000 
996878.000000 941838.000000 
1092626.000000 865138.000000 
1082998.000000 870574.000000 
963356.000000 977880.000000 
953890.000000 998584.000000 
1019554.000000 919012.000000 
1030546.000000 909776.000000 
1123324.000000 843850.000000 
1022896.000000 917132.000000 
1116256.000000 849550.000000 
1052788.000000 889994.000000 
1034992.000000 903302.000000 
1031882.000000 905762.000000 
954162.000000 994776.000000 
945172.000000 1016776.000000 
1051860.000000 890624.000000 
1020530.000000 918920.000000 
1104520.000000 856272.000000 
1135248.000000 836298.000000 
958708.000000 986674.000000 
941182.000000 1023734.000000 
1027270.000000 910872.000000 
1033772.000000 905566.000000 
1016502.000000 923140.000000 
1016600.000000 921240.000000 
1011722.000000 924700.000000 
946846.000000 1009634.000000 
998674.000000 939450.000000 
978222.000000 961658.000000 
1119244.000000 848300.000000 
1016996.000000 920446.000000 
1128486.000000 842770.000000 
1110010.000000 852034.000000 
1094004.000000 856834.000000 
946584.000000 1012208.000000 
962288.000000 978742.000000 
1046470.000000 892278.000000 
972126.000000 977372.000000 
1053738.000000 886174.000000 
1070210.000000 873868.000000 
1108880.000000 852944.000000 
1005660.000000 926870.000000 
1111450.000000 850688.000000 
1027202.000000 913542.000000 
957940.000000 992930.000000 
984164.000000 955374.000000 
999484.000000 938784.000000 
1021222.000000 917460.000000 
1035376.000000 899764.000000 
1029098.000000 909804.000000 
1172554.000000 825208.000000 
990280.000000 947908.000000 
935092.000000 1032074.000000 
945816.000000 1014298.000000 
972506.000000 971334.000000 
979326.000000 957762.000000 
998874.000000 939058.000000 
1006330.000000 926372.000000 
1136174.000000 835608.000000 
1142806.000000 830502.000000 
1110740.000000 850942.000000 
1062212.000000 883120.000000 
1137862.000000 832874.000000 
1020844.000000 917496.000000 
947710.000000 1008698.000000 
972620.000000 970176.000000 
948336.000000 1003678.000000 
1080028.000000 871512.000000 
951802.000000 999366.000000 
1068398.000000 882428.000000 
983038.000000 957342.000000 
1002936.000000 933578.000000 
987950.000000 949722.000000 
1040624.000000 896604.000000 
986120.000000 953766.000000 
987608.000000 953608.000000 
974602.000000 967568.000000 
1023354.000000 913730.000000 
993080.000000 945720.000000 
1062872.000000 883118.000000 
944838.000000 1021874.000000 
941174.000000 1025388.000000 

1021648.000000 919952.000000 
1081048.000000 868166.000000 
1042918.000000 898840.000000 
1050662.000000 895068.000000 
996576.000000 949392.000000 
1139892.000000 823882.000000 
1072466.000000 880352.000000 
942468.000000 1014140.000000 
1002336.000000 938402.000000 
931602.000000 1030562.000000 
1021406.000000 923826.000000 
1023236.000000 919004.000000 
1012662.000000 933566.000000 
1009618.000000 934340.000000 
1017200.000000 923928.000000 
919898.000000 1042530.000000 
1127768.000000 831012.000000 
1110058.000000 837606.000000 
1094090.000000 856458.000000 
1099062.000000 847870.000000 
1051948.000000 894052.000000 
1058426.000000 890824.000000 
960206.000000 983690.000000 
998604.000000 947492.000000 
995030.000000 952458.000000 
997644.000000 949152.000000 
990608.000000 955314.000000 
1146168.000000 822454.000000 
948302.000000 1008852.000000 
1063378.000000 883420.000000 
971062.000000 973118.000000 
967822.000000 983216.000000 
976008.000000 965578.000000 
938496.000000 1021598.000000 
945284.000000 1010678.000000 
927938.000000 1036532.000000 
912196.000000 1053478.000000 
989748.000000 956572.000000 
1027632.000000 910260.000000 
1090684.000000 865260.000000 
1007106.000000 934818.000000 
984748.000000 958382.000000 
905316.000000 1070484.000000 
936854.000000 1022870.000000 
939766.000000 1016562.000000 
1000156.000000 946296.000000 
1001096.000000 944772.000000 
1018830.000000 923842.000000 
969984.000000 978410.000000 
942464.000000 1015558.000000 
944804.000000 1012574.000000 
960076.000000 991756.000000 
952312.000000 1000854.000000 
1037946.000000 908148.000000 
949992.000000 1001946.000000 
968716.000000 982440.000000 
951160.000000 1001254.000000 
992842.000000 953716.000000 
1012936.000000 927322.000000 
1011358.000000 934310.000000 
1059142.000000 889884.000000 
1079916.000000 871840.000000 
1038062.000000 903720.000000 
1073714.000000 874906.000000 
1001106.000000 941680.000000 
936244.000000 1027820.000000 
944030.000000 1012888.000000 
954492.000000 992914.000000 
1055912.000000 891054.000000 
999052.000000 947252.000000 
1062440.000000 887522.000000 
995824.000000 952298.000000 
1088576.000000 866098.000000 
1097140.000000 856058.000000 
1051048.000000 894232.000000 
1035470.000000 908806.000000 
931764.000000 1030068.000000 
987650.000000 957828.000000 
1002304.000000 939772.000000 
1085468.000000 867492.000000 
1072170.000000 881350.000000 
927684.000000 1040360.000000 
1049090.000000 898764.000000 

953522.000000 989260.000000 
1131454.000000 834198.000000 
989594.000000 945074.000000 
1108784.000000 848180.000000 
919696.000000 1053206.000000 
908948.000000 1055630.000000 
937250.000000 1025376.000000 
921126.000000 1048766.000000 
927726.000000 1041622.000000 
976820.000000 961352.000000 
1129448.000000 834242.000000 
1076892.000000 866678.000000 
1070704.000000 873556.000000 
1082586.000000 866060.000000 
1067810.000000 876312.000000 
1034664.000000 907450.000000 
1018710.000000 912528.000000 
1014734.000000 918974.000000 
1042364.000000 893198.000000 
1035662.000000 901576.000000 
1068252.000000 875416.000000 
933624.000000 1031654.000000 
1090022.000000 858066.000000 
1071182.000000 872882.000000 
1008348.000000 924976.000000 
997326.000000 937282.000000 
962852.000000 975016.000000 
1131736.000000 833990.000000 
1121214.000000 835408.000000 
961274.000000 977060.000000 
1113660.000000 838570.000000 
1106802.000000 848726.000000 
1084032.000000 865442.000000 
1118524.000000 836882.000000 
1005142.000000 932106.000000 
1141852.000000 818648.000000 
1135180.000000 824990.000000 
957684.000000 983372.000000 
1091828.000000 855814.000000 
1085474.000000 862378.000000 
938418.000000 1023196.000000 
1082690.000000 865488.000000 
1053976.000000 887568.000000 
975300.000000 963978.000000 
1061246.000000 878646.000000 
1069720.000000 874776.000000 
1035656.000000 903978.000000 
1088914.000000 858344.000000 
1155858.000000 815344.000000 
1012828.000000 919006.000000 
1011948.000000 919842.000000 
1047506.000000 890424.000000 
1051004.000000 889358.000000 
1034716.000000 904268.000000 
1002614.000000 936232.000000 
1172500.000000 814434.000000 
983774.000000 947116.000000 
979726.000000 950210.000000 
996374.000000 938930.000000 
991456.000000 940258.000000 
994506.000000 939216.000000 
1028394.000000 907890.000000 
1009416.000000 923660.000000 
1004008.000000 933422.000000 
977424.000000 957622.000000 
1038310.000000 899216.000000 
970568.000000 965136.000000 
953720.000000 983662.000000 
962568.000000 977042.000000 
1028202.000000 910854.000000 
1108116.000000 848552.000000 
938476.000000 1017164.000000 
1057398.000000 886302.000000 
971912.000000 965052.000000 
1086732.000000 859138.000000 
1125014.000000 835068.000000 
1117344.000000 837154.000000 
1091848.000000 852970.000000 
1030604.000000 907836.000000 
1058984.000000 882244.000000 
1057578.000000 884424.000000 
1003656.000000 934198.000000 
981902.000000 950082.000000 
977232.000000 959934.000000 
1007334.000000 926778.000000 
964312.000000 965854.000000 
987034.000000 946148.000000 
1098736.000000 850814.000000 
1112438.000000 844222.000000 
1133986.000000 833172.000000 
1060674.000000 878976.000000 
1041478.000000 898576.000000 
953666.000000 987204.000000 
1113314.000000 842610.000000 
958300.000000 978516.000000 
1055042.000000 886920.000000 
944884.000000 991420.000000 
1081192.000000 866502.000000 
1059074.000000 880224.000000 
1061756.000000 876724.000000 
1027418.000000 912352.000000 
1025280.000000 912498.000000 
1074314.000000 869844.000000 
941290.000000 1013410.000000 
1109758.000000 844898.000000 

963976.000000 987448.000000 
1032270.000000 910960.000000 
1058668.000000 888718.000000 
968108.000000 983324.000000 
972152.000000 973466.000000 
1007412.000000 936464.000000 
991448.000000 947126.000000 
1010996.000000 931588.000000 
1023812.000000 922212.000000 
1049750.000000 896392.000000 
1049396.000000 896634.000000 
1078780.000000 875728.000000 
1062294.000000 886224.000000 
1080862.000000 867290.000000 
1071006.000000 878268.000000 
976224.000000 969938.000000 
1054808.000000 893298.000000 
1075564.000000 875988.000000 
1018268.000000 927978.000000 
1024138.000000 921230.000000 
999124.000000 941022.000000 
997570.000000 946724.000000 
1080230.000000 869092.000000 
1105410.000000 850698.000000 
1128344.000000 835864.000000 
985778.000000 958214.000000 
1010004.000000 932930.000000 
1042918.000000 899826.000000 
1045478.000000 899226.000000 
1091944.000000 864556.000000 
1024188.000000 921222.000000 
956962.000000 997418.000000 
1098314.000000 855710.000000 
996970.000000 946894.000000 
928040.000000 1036196.000000 
1138966.000000 835366.000000 
1055964.000000 891812.000000 
1020362.000000 922808.000000 
1100060.000000 855140.000000 
1083388.000000 864742.000000 
1053572.000000 893690.000000 
1009410.000000 935854.000000 
1009666.000000 935548.000000 
972080.000000 978594.000000 
979212.000000 963226.000000 
1025808.000000 919680.000000 
1069024.000000 879716.000000 
1116292.000000 844804.000000 
1011282.000000 931158.000000 
939058.000000 1006080.000000 
964818.000000 987412.000000 
1123382.000000 843922.000000 
935092.000000 1024074.000000 
958626.000000 993388.000000 
1145162.000000 828464.000000 
1060978.000000 887858.000000 
1113584.000000 848448.000000 
1053234.000000 896164.000000 
1001960.000000 938656.000000 
981106.000000 961394.000000 
951880.000000 999088.000000 
958962.000000 989878.000000 
989992.000000 951886.000000 
990844.000000 951522.000000 
966178.000000 984190.000000 
1078802.000000 872774.000000 
1065542.000000 880480.000000 
1101016.000000 855138.000000 
976404.000000 969296.000000 
970998.000000 980678.000000 
988556.000000 957002.000000 
953880.000000 997978.000000 
966156.000000 984246.000000 
1072538.000000 877086.000000 
976834.000000 967520.000000 
1013504.000000 929012.000000 
950746.000000 1001430.000000 
1110814.000000 849598.000000 
1095856.000000 862528.000000 
1039174.000000 904708.000000 
1025874.000000 914666.000000 
1036532.000000 905284.000000 
1032972.000000 905414.000000 
1042226.000000 902736.000000 
949180.000000 1001902.000000 
1031324.000000 912398.000000 
1019426.000000 925746.000000 
1063828.000000 883270.000000 
975874.000000 973138.000000 
985616.000000 958860.000000 
945088.000000 1005556.000000 
1060348.000000 888412.000000 

