1005182.000000 934016.000000 
1044354.000000 896446.000000 
1142534.000000 841072.000000 
1052656.000000 892112.000000 
982052.000000 955866.000000 
951124.000000 993386.000000 
954300.000000 987050.000000 
1091102.000000 862172.000000 
1087722.000000 864244.000000 
1071006.000000 876280.000000 
1007138.000000 928998.000000 
1024104.000000 916780.000000 
1083726.000000 867538.000000 
1003384.000000 934362.000000 
1031036.000000 908330.000000 
1075760.000000 871720.000000 
1026260.000000 913530.000000 
1160214.000000 834696.000000 
947694.000000 999744.000000 
1039636.000000 900618.000000 
1143508.000000 837774.000000 
935552.000000 1028954.000000 
1113848.000000 851980.000000 
1162254.000000 829074.000000 
994870.000000 942696.000000 
999436.000000 940558.000000 
1017954.000000 918292.000000 
1015036.000000 925164.000000 
962896.000000 974268.000000 
976056.000000 962862.000000 
1033782.000000 907490.000000 
1094144.000000 860236.000000 
1153428.000000 836606.000000 
935794.000000 1026114.000000 
934410.000000 1039892.000000 
1130362.000000 843352.000000 
1023302.000000 917510.000000 
1025406.000000 916098.000000 
1014672.000000 926066.000000 
1111362.000000 852180.000000 
969984.000000 966680.000000 
974220.000000 964954.000000 
1005988.000000 933208.000000 
956630.000000 986604.000000 
941364.000000 1007518.000000 
1000958.000000 937736.000000 
1066054.000000 881444.000000 
1002284.000000 937062.000000 
1054026.000000 891420.000000 
1054718.000000 890098.000000 
1036444.000000 903718.000000 
991656.000000 947524.000000 
1067662.000000 876508.000000 
1084322.000000 864412.000000 
1097324.000000 858288.000000 
1159764.000000 834936.000000 
1074902.000000 876160.000000 
1075592.000000 874286.000000 
1075966.000000 870246.000000 
1021822.000000 917598.000000 
1134368.000000 843256.000000 
945356.000000 1003324.000000 
1155876.000000 835496.000000 
1104740.000000 854694.000000 
994820.000000 943232.000000 
1002780.000000 935664.000000 
1137100.000000 841236.000000 
1029908.000000 912332.000000 
1017584.000000 924026.000000 
1118280.000000 845018.000000 
1083192.000000 869394.000000 
1064900.000000 882328.000000 
1051774.000000 893234.000000 
1059706.000000 885976.000000 
1024656.000000 916284.000000 
1036114.000000 907270.000000 
983494.000000 950006.000000 
1063760.000000 885446.000000 
1057586.000000 889186.000000 
940692.000000 1020414.000000 
1100180.000000 857962.000000 
1067534.000000 879838.000000 
1017372.000000 924408.000000 
1009900.000000 926906.000000 
1057690.000000 889044.000000 
994570.000000 944146.000000 
1050402.000000 895378.000000 
1065388.000000 882044.000000 
1101512.000000 855722.000000 
1051366.000000 893710.000000 
1116292.000000 851500.000000 
990690.000000 948728.000000 
950100.000000 997564.000000 
933508.000000 1042632.000000 
998434.000000 941042.000000 
983426.000000 953444.000000 
992260.000000 947324.000000 
977430.000000 956936.000000 
937580.000000 1021754.000000 
935778.000000 1026464.000000 
959734.000000 979486.000000 

999604.000000 940950.000000 
969406.000000 974838.000000 
1032790.000000 908278.000000 
962358.000000 984636.000000 
962120.000000 985170.000000 
1067346.000000 881460.000000 
947304.000000 998570.000000 
1007350.000000 930784.000000 
1005322.000000 933770.000000 
997930.000000 941554.000000 
1043188.000000 901010.000000 
1108720.000000 849458.000000 
923970.000000 1035372.000000 
1130154.000000 842802.000000 
1042320.000000 901938.000000 
971474.000000 971158.000000 
1082036.000000 869460.000000 
1038754.000000 902980.000000 
1081054.000000 870462.000000 
1134542.000000 835864.000000 
1042384.000000 901358.000000 
993472.000000 943392.000000 
936894.000000 1015424.000000 
1002830.000000 936024.000000 
923448.000000 1040432.000000 
1119050.000000 845842.000000 
947528.000000 998056.000000 
1046624.000000 897534.000000 
957980.000000 992192.000000 
1007500.000000 930508.000000 
921250.000000 1042180.000000 
1105388.000000 851840.000000 
1080288.000000 871172.000000 
958964.000000 988928.000000 
1000592.000000 939560.000000 
978282.000000 951116.000000 
936078.000000 1018856.000000 
974526.000000 959772.000000 
1029604.000000 910802.000000 
1072952.000000 874926.000000 
1035006.000000 907056.000000 
945272.000000 1003608.000000 
1034310.000000 907528.000000 
1055060.000000 888958.000000 
1137152.000000 833452.000000 
1131288.000000 837234.000000 
1088566.000000 861490.000000 
1038416.000000 904224.000000 
1080852.000000 871060.000000 
1086030.000000 866946.000000 
951832.000000 992916.000000 
1079168.000000 872416.000000 
996424.000000 942572.000000 
973890.000000 964996.000000 
1069098.000000 877074.000000 
1039782.000000 902684.000000 
1045260.000000 900128.000000 
1030274.000000 909822.000000 
1023544.000000 911564.000000 
1013674.000000 925402.000000 
1066816.000000 883370.000000 
1054902.000000 890284.000000 
1045306.000000 899278.000000 
962618.000000 979330.000000 
958256.000000 989378.000000 
928604.000000 1023508.000000 
999040.000000 941198.000000 
1011068.000000 928848.000000 
1077964.000000 873928.000000 
980966.000000 947712.000000 
966542.000000 975764.000000 
1112278.000000 848026.000000 
1087608.000000 866590.000000 
928218.000000 1030168.000000 
914378.000000 1048544.000000 
966036.000000 977950.000000 
1124600.000000 843834.000000 
1078094.000000 872426.000000 
951592.000000 997036.000000 
969574.000000 971486.000000 
942562.000000 1007004.000000 
1076110.000000 874002.000000 
1016428.000000 921060.000000 
1023368.000000 914504.000000 
1035470.000000 904514.000000 
1064022.000000 884004.000000 
1051518.000000 893172.000000 
928888.000000 1022936.000000 
959200.000000 987676.000000 
1193126.000000 825498.000000 
1115084.000000 846334.000000 
1120240.000000 845702.000000 
931598.000000 1019108.000000 
1085994.000000 867272.000000 
1102476.000000 853278.000000 
1094454.000000 856016.000000 
941260.000000 1008740.000000 
1084732.000000 868802.000000 
1057900.000000 884816.000000 
938686.000000 1011822.000000 
1063392.000000 884522.000000 
991772.000000 946526.000000 
960342.000000 987508.000000 
1106814.000000 849798.000000 
922572.000000 1041134.000000 
1056952.000000 887488.000000 
1019508.000000 919486.000000 
1047572.000000 893638.000000 

1050414.000000 888138.000000 
971906.000000 972986.000000 
974162.000000 971196.000000 
938632.000000 1020086.000000 
1001176.000000 934160.000000 
1112494.000000 848560.000000 
987788.000000 949320.000000 
986138.000000 951394.000000 
991926.000000 946304.000000 
1032226.000000 903578.000000 
1100732.000000 857492.000000 
946290.000000 1010002.000000 
1046742.000000 892218.000000 
931338.000000 1037342.000000 
1129476.000000 838504.000000 
1000304.000000 935854.000000 
949448.000000 1000952.000000 
971578.000000 975856.000000 
947250.000000 1006774.000000 
959368.000000 987450.000000 
1020020.000000 913734.000000 
976626.000000 964034.000000 
1044650.000000 893620.000000 
1100626.000000 858312.000000 
1054622.000000 884296.000000 
949196.000000 1003504.000000 
1070608.000000 874536.000000 
922886.000000 1038362.000000 
1135628.000000 836700.000000 
1035018.000000 899844.000000 
1116256.000000 847002.000000 
1133876.000000 837446.000000 
1013244.000000 917408.000000 
1021990.000000 911324.000000 
1044104.000000 895036.000000 
933808.000000 1029092.000000 
943452.000000 1013682.000000 
1104862.000000 852438.000000 
1030630.000000 905214.000000 
975436.000000 966794.000000 
1003120.000000 926382.000000 
1006752.000000 923592.000000 
934736.000000 1025806.000000 
962276.000000 982870.000000 
1001054.000000 934772.000000 
964418.000000 980770.000000 
954672.000000 989492.000000 
988376.000000 948376.000000 
942002.000000 1015832.000000 
938870.000000 1016558.000000 
1078376.000000 865690.000000 
991680.000000 946356.000000 
991936.000000 938940.000000 
1027560.000000 905770.000000 
974002.000000 971630.000000 
1096658.000000 859168.000000 
1063904.000000 874544.000000 
1025792.000000 906884.000000 
1070820.000000 872444.000000 
1109672.000000 850528.000000 
1140658.000000 822316.000000 
944502.000000 1013510.000000 
1037934.000000 896870.000000 
973054.000000 972742.000000 
1017920.000000 914044.000000 
1124480.000000 842770.000000 
959980.000000 986960.000000 
948490.000000 1005100.000000 
983260.000000 956260.000000 
958398.000000 988524.000000 
1012570.000000 920656.000000 
1057378.000000 877814.000000 
1050016.000000 890380.000000 
1126104.000000 839318.000000 
980760.000000 958722.000000 
967004.000000 976442.000000 
936340.000000 1022838.000000 
1072360.000000 871204.000000 
1073046.000000 867158.000000 
979940.000000 959772.000000 
1042872.000000 895264.000000 
947174.000000 1008632.000000 
1061894.000000 877702.000000 
1008784.000000 923178.000000 
1048576.000000 890596.000000 
1088448.000000 864806.000000 
933388.000000 1029258.000000 
1118654.000000 845106.000000 
1119726.000000 843014.000000 
1101700.000000 855636.000000 
964808.000000 980474.000000 
978184.000000 960838.000000 
1042958.000000 895200.000000 
1054376.000000 887570.000000 
1055996.000000 883992.000000 
954316.000000 998558.000000 
1093314.000000 861914.000000 
944910.000000 1012818.000000 
1100184.000000 858534.000000 
1093108.000000 863270.000000 
996558.000000 938520.000000 
997882.000000 936200.000000 
999214.000000 935880.000000 
1117472.000000 845132.000000 
1104276.000000 855004.000000 
1033334.000000 902622.000000 
953394.000000 999544.000000 
960858.000000 984010.000000 
1034798.000000 901130.000000 
1024372.000000 908710.000000 
945490.000000 1012128.000000 

1027550.000000 907168.000000 
1036442.000000 890202.000000 
970670.000000 967252.000000 
992002.000000 942190.000000 
1089520.000000 859440.000000 
1097438.000000 850440.000000 
1143198.000000 829162.000000 
1053214.000000 877948.000000 
936706.000000 1022014.000000 
986454.000000 948916.000000 
1059664.000000 877932.000000 
1106178.000000 848920.000000 
1026514.000000 910068.000000 
1118030.000000 844058.000000 
973900.000000 961510.000000 
996804.000000 938514.000000 
1119598.000000 842576.000000 
1111056.000000 844752.000000 
1152250.000000 825682.000000 
1078128.000000 866624.000000 
1031300.000000 903764.000000 
986694.000000 947590.000000 
989756.000000 943816.000000 
1064672.000000 874352.000000 
1088980.000000 860024.000000 
1027528.000000 909744.000000 
1133106.000000 832410.000000 
1142704.000000 829168.000000 
992016.000000 939024.000000 
933126.000000 1033960.000000 
1014428.000000 919086.000000 
947908.000000 998016.000000 
999340.000000 937268.000000 
1084128.000000 861652.000000 
1011676.000000 922868.000000 
998780.000000 937758.000000 
981590.000000 949192.000000 
1016732.000000 915298.000000 
1121560.000000 836106.000000 
1050992.000000 885046.000000 
950474.000000 990738.000000 
1029010.000000 905544.000000 
1118616.000000 843176.000000 
1016272.000000 916800.000000 
1010430.000000 925232.000000 
1000074.000000 937226.000000 
1016234.000000 917490.000000 
1035994.000000 896898.000000 
1002368.000000 926910.000000 
988094.000000 944624.000000 
1072462.000000 867370.000000 
1063246.000000 875986.000000 
1083558.000000 863164.000000 
941732.000000 1009934.000000 
958090.000000 985602.000000 
981338.000000 958298.000000 
1000100.000000 932234.000000 
941590.000000 1012086.000000 
1082740.000000 863424.000000 
1023392.000000 911246.000000 
1125360.000000 833136.000000 
1078782.000000 865718.000000 
938864.000000 1013712.000000 
1153896.000000 817904.000000 
1158852.000000 816698.000000 
1050142.000000 888030.000000 
1065170.000000 874086.000000 
1019184.000000 911560.000000 
977840.000000 958994.000000 
948648.000000 993818.000000 
1143336.000000 826752.000000 
1011928.000000 922370.000000 
972806.000000 966532.000000 
1119706.000000 837588.000000 
1110188.000000 846880.000000 
962632.000000 969434.000000 
974688.000000 960596.000000 
1011348.000000 924078.000000 
1023916.000000 911198.000000 
1153656.000000 824914.000000 
1082462.000000 865198.000000 
1034676.000000 901216.000000 
945216.000000 1001110.000000 
980484.000000 958826.000000 
955772.000000 987132.000000 
938134.000000 1019012.000000 
1025534.000000 910972.000000 
1089468.000000 859864.000000 
969772.000000 968286.000000 
946364.000000 1000886.000000 
960156.000000 978022.000000 
1044236.000000 888822.000000 
1027938.000000 907128.000000 
933858.000000 1022412.000000 
1091912.000000 855106.000000 
1067530.000000 873716.000000 
1071246.000000 867382.000000 
1079106.000000 865658.000000 
945072.000000 1009000.000000 
1107526.000000 848512.000000 
1019996.000000 911556.000000 
1091246.000000 855618.000000 
1096724.000000 854852.000000 
1062094.000000 877090.000000 
1043252.000000 888850.000000 
1068224.000000 870306.000000 
1031592.000000 902904.000000 
1029450.000000 904626.000000 
1009178.000000 926306.000000 

1031458.000000 908036.000000 
1057492.000000 883660.000000 
1111242.000000 841844.000000 
1053928.000000 885456.000000 
1016106.000000 920856.000000 
1044232.000000 893438.000000 
1122296.000000 832466.000000 
979080.000000 957188.000000 
951996.000000 997602.000000 
950020.000000 1008030.000000 
1064742.000000 881292.000000 
1033594.000000 906000.000000 
1039776.000000 903398.000000 
976336.000000 963082.000000 
1053354.000000 888174.000000 
1037268.000000 904236.000000 
962232.000000 980250.000000 
950208.000000 1005436.000000 
930528.000000 1035746.000000 
954988.000000 982588.000000 
971950.000000 964218.000000 
1068074.000000 871402.000000 
1082498.000000 866544.000000 
976018.000000 963774.000000 
1152648.000000 824148.000000 
1019660.000000 920494.000000 
1096546.000000 854276.000000 
1006660.000000 931164.000000 
1074312.000000 869692.000000 
1061912.000000 881396.000000 
1093222.000000 858222.000000 
1093398.000000 854590.000000 
1100580.000000 852326.000000 
1096834.000000 853572.000000 
1083222.000000 863614.000000 
992574.000000 941408.000000 
1034628.000000 904332.000000 
935620.000000 1033670.000000 
977574.000000 961242.000000 
947834.000000 1011164.000000 
967050.000000 976224.000000 
971780.000000 972262.000000 
971906.000000 972008.000000 
949146.000000 1010908.000000 
1076918.000000 869654.000000 
965270.000000 978546.000000 
1041506.000000 898472.000000 
1006452.000000 933002.000000 
1074252.000000 871370.000000 
1091956.000000 859836.000000 
1080860.000000 867526.000000 
1065302.000000 877316.000000 
1105504.000000 847580.000000 
1027322.000000 909160.000000 
1102076.000000 850374.000000 
936194.000000 1012776.000000 
955726.000000 982206.000000 
1021380.000000 916018.000000 
971474.000000 973244.000000 
969874.000000 973298.000000 
1082204.000000 867378.000000 
1020468.000000 919960.000000 
1012732.000000 923272.000000 
1041398.000000 898514.000000 
1007700.000000 929640.000000 
1039814.000000 900600.000000 
990872.000000 947158.000000 
999614.000000 936212.000000 
1134422.000000 826560.000000 
1017936.000000 920566.000000 
980070.000000 954182.000000 
995668.000000 938494.000000 
1005106.000000 935342.000000 
954574.000000 997134.000000 
988728.000000 951074.000000 
983770.000000 951668.000000 
999304.000000 936748.000000 
1049728.000000 890538.000000 
974532.000000 963870.000000 
947294.000000 1011840.000000 
1112486.000000 835872.000000 
1079440.000000 868756.000000 
1052994.000000 889842.000000 
1083312.000000 863560.000000 
1048818.000000 892548.000000 
1024806.000000 913936.000000 
1025726.000000 913006.000000 
1028416.000000 908742.000000 
1009110.000000 926212.000000 
1013222.000000 922552.000000 
1040830.000000 900522.000000 
1006300.000000 933664.000000 
1044090.000000 896770.000000 
1091522.000000 860102.000000 
1086038.000000 860660.000000 
925460.000000 1049306.000000 
976366.000000 962110.000000 
1051364.000000 890184.000000 
1055844.000000 884164.000000 
1006146.000000 934152.000000 
988626.000000 951174.000000 
1080686.000000 868338.000000 
1092836.000000 858486.000000 
922998.000000 1050248.000000 
1097352.000000 852338.000000 
1127116.000000 827358.000000 
1102388.000000 848740.000000 
1107068.000000 842516.000000 

975976.000000 959394.000000 
1053226.000000 887198.000000 
1108712.000000 846134.000000 
1178866.000000 810124.000000 
976480.000000 957212.000000 
1007288.000000 930326.000000 
1030396.000000 905428.000000 
1053052.000000 889016.000000 
962792.000000 972550.000000 
938404.000000 997880.000000 
1041524.000000 898904.000000 
956800.000000 984378.000000 
1103152.000000 848328.000000 
1058848.000000 884926.000000 
1098098.000000 850976.000000 
1043434.000000 897320.000000 
1089768.000000 859344.000000 
1070310.000000 871612.000000 
1048266.000000 893146.000000 
1059264.000000 882322.000000 
1052778.000000 889310.000000 
926874.000000 1031312.000000 
1008880.000000 925084.000000 
1130948.000000 833844.000000 
953068.000000 987500.000000 
1123944.000000 840424.000000 
995570.000000 934212.000000 
1007420.000000 929872.000000 
1107802.000000 846914.000000 
971502.000000 960272.000000 
982504.000000 953690.000000 
1045542.000000 897228.000000 
982924.000000 952792.000000 
1138254.000000 827812.000000 
1001314.000000 932520.000000 
947872.000000 995108.000000 
1125436.000000 836360.000000 
1135032.000000 831352.000000 
1045892.000000 893914.000000 
1039108.000000 899664.000000 
968584.000000 970628.000000 
929542.000000 1023496.000000 
1062220.000000 875362.000000 
1088332.000000 860440.000000 
1043374.000000 898776.000000 
922244.000000 1034068.000000 
1158284.000000 820854.000000 
1161224.000000 810840.000000 
1161114.000000 816784.000000 
1085444.000000 862424.000000 
993574.000000 939662.000000 
984042.000000 945600.000000 
993244.000000 941436.000000 
1144158.000000 825218.000000 
981720.000000 956114.000000 
930636.000000 1023430.000000 
966454.000000 971538.000000 
1076900.000000 864632.000000 
1152146.000000 823110.000000 
1112326.000000 841480.000000 
1009458.000000 920680.000000 
1089606.000000 859772.000000 
970954.000000 964022.000000 
1094032.000000 853902.000000 
968788.000000 964896.000000 
1091974.000000 858516.000000 
1037106.000000 900646.000000 
1056030.000000 885190.000000 
1149914.000000 824460.000000 
1139942.000000 825646.000000 
983264.000000 951882.000000 
1074452.000000 869174.000000 
1126456.000000 833926.000000 
1049140.000000 889364.000000 
1019834.000000 920426.000000 
1082450.000000 864448.000000 
950880.000000 991082.000000 
953080.000000 986614.000000 
1059784.000000 882150.000000 
1120396.000000 840556.000000 
992450.000000 943740.000000 
959760.000000 978382.000000 
1019958.000000 916800.000000 
1003380.000000 930862.000000 
1000222.000000 933968.000000 
932626.000000 1012862.000000 
1021178.000000 907766.000000 
1031980.000000 904110.000000 
1149034.000000 825018.000000 
1073714.000000 869784.000000 
1092660.000000 858060.000000 
1132270.000000 832240.000000 
987008.000000 944464.000000 

990942.000000 950144.000000 
992660.000000 944972.000000 
1127066.000000 839878.000000 
938048.000000 1018782.000000 
938660.000000 1002302.000000 
1060898.000000 880190.000000 
936164.000000 1030372.000000 
1047740.000000 894026.000000 
1014590.000000 925110.000000 
962236.000000 981138.000000 
1127756.000000 837780.000000 
1086698.000000 864658.000000 
977070.000000 962160.000000 
1113990.000000 846732.000000 
997680.000000 943440.000000 
1146458.000000 830628.000000 
1023456.000000 918218.000000 
1022348.000000 918836.000000 
1097762.000000 852550.000000 
978870.000000 962100.000000 
926546.000000 1040600.000000 
1067252.000000 872200.000000 
1086986.000000 862206.000000 
980648.000000 960936.000000 
1019456.000000 922694.000000 
1095084.000000 858028.000000 
945534.000000 1001480.000000 
1021820.000000 920480.000000 
1028920.000000 908354.000000 
1047788.000000 891112.000000 
948686.000000 997284.000000 
1121632.000000 844248.000000 
972144.000000 965294.000000 
1031406.000000 897552.000000 
1091504.000000 859372.000000 
1007538.000000 931804.000000 
999760.000000 942052.000000 
972102.000000 968970.000000 
1000158.000000 941788.000000 
1027504.000000 916290.000000 
1020450.000000 921994.000000 
1110464.000000 849368.000000 
1008930.000000 929652.000000 
1027910.000000 912862.000000 
1012486.000000 928696.000000 
1014188.000000 927452.000000 
1051522.000000 881388.000000 
1112434.000000 847412.000000 
949788.000000 993722.000000 
959308.000000 985832.000000 
1041366.000000 896196.000000 
962606.000000 973452.000000 
954920.000000 988014.000000 
992340.000000 949050.000000 
1133878.000000 833302.000000 
1113278.000000 847040.000000 
1081974.000000 867600.000000 
1017936.000000 923616.000000 
1077750.000000 868040.000000 
1083358.000000 864670.000000 
1002630.000000 937206.000000 
962116.000000 984646.000000 
1006910.000000 937186.000000 
983824.000000 957712.000000 
1025710.000000 917318.000000 
1108774.000000 852152.000000 
1125766.000000 841962.000000 
999528.000000 943078.000000 
1128318.000000 837166.000000 
1118378.000000 845206.000000 
1025132.000000 918004.000000 
1062034.000000 879164.000000 
1007114.000000 935676.000000 
982514.000000 960208.000000 
954282.000000 989582.000000 
1063074.000000 878390.000000 
971928.000000 971206.000000 
984824.000000 952958.000000 
1077616.000000 871192.000000 
1001798.000000 941180.000000 
991812.000000 950070.000000 
981514.000000 960474.000000 
1001722.000000 941364.000000 
1019588.000000 922270.000000 
983278.000000 959844.000000 
970930.000000 972640.000000 
1129200.000000 836190.000000 
989602.000000 952524.000000 
1048150.000000 885086.000000 
958626.000000 986904.000000 
1028590.000000 910900.000000 

980082.000000 962596.000000 
1016838.000000 922836.000000 
1139144.000000 832768.000000 
1172528.000000 815490.000000 
1112418.000000 849494.000000 
1031274.000000 910820.000000 
1147066.000000 825876.000000 
1098338.000000 859858.000000 
1122826.000000 843116.000000 
964396.000000 980714.000000 
1154308.000000 824714.000000 
984404.000000 952078.000000 
949346.000000 1000966.000000 
1065452.000000 886358.000000 
1054472.000000 892432.000000 
1059566.000000 887626.000000 
1047776.000000 895118.000000 
1066150.000000 878822.000000 
1059070.000000 887692.000000 
1055974.000000 889878.000000 
939938.000000 1011544.000000 
1102062.000000 857368.000000 
957242.000000 987544.000000 
982514.000000 956312.000000 
1123896.000000 842032.000000 
1045634.000000 898352.000000 
1039946.000000 904370.000000 
1123604.000000 842854.000000 
1017344.000000 918142.000000 
1046092.000000 896836.000000 
981330.000000 961394.000000 
986198.000000 951192.000000 
938598.000000 1019672.000000 
1176786.000000 814988.000000 
945376.000000 1007680.000000 
1122274.000000 844126.000000 
1054332.000000 893580.000000 
1110060.000000 850302.000000 
991852.000000 948970.000000 
1020262.000000 914900.000000 
925362.000000 1028836.000000 
918814.000000 1040792.000000 
1081134.000000 872066.000000 
962176.000000 982092.000000 
962150.000000 984456.000000 
1170872.000000 820128.000000 
1031734.000000 906094.000000 
1075108.000000 876506.000000 
1154898.000000 821730.000000 
1019648.000000 917962.000000 
1021718.000000 913496.000000 
1041092.000000 902608.000000 
1002140.000000 935328.000000 
928036.000000 1020986.000000 
1079084.000000 872886.000000 
1114466.000000 848840.000000 
1103584.000000 856036.000000 
953004.000000 999686.000000 
1127294.000000 839266.000000 
1002088.000000 935472.000000 
1093186.000000 862174.000000 
1056206.000000 887694.000000 
1050754.000000 894198.000000 
1076692.000000 875508.000000 
975930.000000 965660.000000 
1007794.000000 924140.000000 
1084900.000000 870586.000000 
994376.000000 941600.000000 
1042152.000000 901068.000000 
1177548.000000 810712.000000 
1141798.000000 829478.000000 
1051718.000000 893948.000000 
1031440.000000 908244.000000 
967420.000000 974922.000000 
1084912.000000 865498.000000 
1072690.000000 877868.000000 
1082488.000000 871792.000000 
1029106.000000 911220.000000 
996282.000000 938480.000000 
1003280.000000 928564.000000 
981450.000000 960952.000000 
971240.000000 965818.000000 
1115172.000000 847572.000000 
1125096.000000 839702.000000 
1106752.000000 850506.000000 
1063402.000000 886606.000000 
1076818.000000 874960.000000 
1169770.000000 820646.000000 
1072872.000000 876790.000000 
1094514.000000 860800.000000 
1172022.000000 818364.000000 
1044394.000000 900572.000000 
1050138.000000 894792.000000 
953654.000000 991422.000000 
999044.000000 936494.000000 
1120054.000000 846662.000000 
1129242.000000 833990.000000 
1062670.000000 887064.000000 
1070614.000000 878512.000000 

1050880.000000 886946.000000 
984802.000000 955758.000000 
1166030.000000 811576.000000 
1089398.000000 861890.000000 
1108246.000000 849376.000000 
1050128.000000 892794.000000 
1076554.000000 868486.000000 
1121250.000000 842074.000000 
1106460.000000 849956.000000 
1162378.000000 818372.000000 
1131442.000000 838410.000000 
1080714.000000 862800.000000 
1089838.000000 859198.000000 
929972.000000 1011382.000000 
1041110.000000 897152.000000 
1146698.000000 830284.000000 
1062280.000000 877630.000000 
1127196.000000 838608.000000 
1006510.000000 930258.000000 
919358.000000 1029290.000000 
1023530.000000 915420.000000 
1159280.000000 820732.000000 
1025932.000000 905174.000000 
1036882.000000 899334.000000 
985422.000000 954764.000000 
942342.000000 1001346.000000 
1133840.000000 836308.000000 
916690.000000 1033490.000000 
938788.000000 1004288.000000 
949942.000000 991968.000000 
1149776.000000 823858.000000 
968906.000000 969052.000000 
1111896.000000 845986.000000 
947300.000000 994398.000000 
1017800.000000 921556.000000 
1020420.000000 916736.000000 
1078894.000000 867248.000000 
1064516.000000 877096.000000 
1087608.000000 862680.000000 
985684.000000 954186.000000 
973560.000000 963922.000000 
1055134.000000 886468.000000 
927062.000000 1025452.000000 
937466.000000 1008488.000000 
996074.000000 938230.000000 
1048760.000000 893862.000000 
1001226.000000 930434.000000 
997422.000000 935050.000000 
1149168.000000 828090.000000 
1007886.000000 925322.000000 
951138.000000 981514.000000 
950920.000000 985118.000000 
1039742.000000 898526.000000 
988114.000000 953868.000000 
1021554.000000 915674.000000 
911394.000000 1067636.000000 
915034.000000 1038924.000000 
965898.000000 972512.000000 
1193688.000000 802888.000000 
1115494.000000 843656.000000 
1045842.000000 896998.000000 
967884.000000 971284.000000 
957222.000000 973514.000000 
1093812.000000 855170.000000 
1016794.000000 921656.000000 
1133966.000000 832806.000000 
991040.000000 942302.000000 
975806.000000 956874.000000 
936188.000000 1008984.000000 
1071254.000000 871638.000000 
1088148.000000 862340.000000 
939110.000000 1002698.000000 
940860.000000 1002210.000000 
1098736.000000 850530.000000 
988466.000000 946356.000000 
1014808.000000 923032.000000 
949464.000000 993110.000000 
1068168.000000 875180.000000 
1018730.000000 918710.000000 
927668.000000 1019236.000000 
1020362.000000 918532.000000 
927102.000000 1020120.000000 
1059062.000000 881814.000000 
1000940.000000 934196.000000 
984746.000000 956402.000000 
1025478.000000 913168.000000 
1154394.000000 822442.000000 
1046216.000000 894504.000000 
948766.000000 994082.000000 
1007732.000000 929862.000000 
973006.000000 968932.000000 
988356.000000 947354.000000 
1055314.000000 884940.000000 
944552.000000 999820.000000 
1049670.000000 892884.000000 
1145034.000000 831062.000000 
1014206.000000 924386.000000 

998510.000000 936782.000000 
1060296.000000 882558.000000 
1022660.000000 909710.000000 
1046762.000000 894998.000000 
963118.000000 974690.000000 
972180.000000 964186.000000 
974696.000000 961892.000000 
1001420.000000 930506.000000 
998394.000000 938552.000000 
956200.000000 989856.000000 
989764.000000 944658.000000 
951476.000000 993086.000000 
1042800.000000 895916.000000 
958700.000000 979650.000000 
997002.000000 939244.000000 
998994.000000 934840.000000 
931950.000000 1021650.000000 
984136.000000 947416.000000 
1078710.000000 865452.000000 
988188.000000 946546.000000 
1073408.000000 865806.000000 
942260.000000 1012298.000000 
969432.000000 966480.000000 
1019108.000000 915130.000000 
966456.000000 970100.000000 
983320.000000 953710.000000 
1081520.000000 864442.000000 
951886.000000 990638.000000 
957746.000000 988672.000000 
1088682.000000 853124.000000 
1084960.000000 858686.000000 
1048242.000000 894638.000000 
1059124.000000 882634.000000 
933586.000000 1018704.000000 
1051818.000000 887260.000000 
1036460.000000 898616.000000 
1050198.000000 888504.000000 
1032692.000000 903620.000000 
1140642.000000 820670.000000 
936952.000000 1014510.000000 
946122.000000 995216.000000 
1115190.000000 828124.000000 
1090040.000000 848944.000000 
1030812.000000 905234.000000 
956924.000000 988980.000000 
1058944.000000 883960.000000 
976372.000000 960858.000000 
965726.000000 970350.000000 
1082790.000000 860496.000000 
1103368.000000 837806.000000 
1072316.000000 870724.000000 
1082386.000000 864072.000000 
994872.000000 940754.000000 
995008.000000 940726.000000 
1034762.000000 901394.000000 
1009912.000000 922834.000000 
1004116.000000 928878.000000 
969744.000000 964322.000000 
1024750.000000 905662.000000 
978858.000000 955268.000000 
1020560.000000 914782.000000 
1004776.000000 925874.000000 
1013308.000000 919524.000000 
957946.000000 983564.000000 
1017168.000000 916882.000000 
1043442.000000 895126.000000 
1048362.000000 893156.000000 
975110.000000 961050.000000 
982472.000000 954838.000000 
1011714.000000 922434.000000 
1088514.000000 854616.000000 
1008620.000000 924252.000000 
1055982.000000 886398.000000 
991106.000000 940920.000000 
980704.000000 954882.000000 
1098618.000000 845232.000000 
1064896.000000 871092.000000 
1111612.000000 836764.000000 
1119278.000000 824584.000000 
1099790.000000 843424.000000 
1060760.000000 876994.000000 
1131096.000000 823670.000000 
945048.000000 1003696.000000 
943390.000000 1008946.000000 
1040042.000000 896120.000000 
929354.000000 1033156.000000 
977014.000000 958400.000000 
1085356.000000 856398.000000 
1000502.000000 930878.000000 
954470.000000 989888.000000 
1130760.000000 823746.000000 

1174142.000000 816756.000000 
1161784.000000 821896.000000 
974908.000000 957260.000000 
931688.000000 1054466.000000 
1073448.000000 872150.000000 
1006056.000000 930396.000000 
925398.000000 1067512.000000 
1084062.000000 864746.000000 
1040796.000000 900948.000000 
1111550.000000 842754.000000 
947894.000000 998040.000000 
1061326.000000 882718.000000 
1033102.000000 905984.000000 
953054.000000 993588.000000 
1042034.000000 897142.000000 
1040810.000000 897886.000000 
1164770.000000 820412.000000 
969884.000000 967622.000000 
1072156.000000 874884.000000 
964778.000000 975420.000000 
1013632.000000 924740.000000 
1086570.000000 863188.000000 
1012616.000000 925696.000000 
933998.000000 1045138.000000 
1040508.000000 901488.000000 
1113004.000000 840638.000000 
1145778.000000 826392.000000 
1003468.000000 932280.000000 
937650.000000 1024956.000000 
1026716.000000 909298.000000 
1077514.000000 869542.000000 
999358.000000 936668.000000 
970810.000000 964512.000000 
1045508.000000 894872.000000 
1067090.000000 880240.000000 
1002380.000000 935554.000000 
923666.000000 1069314.000000 
950284.000000 995882.000000 
1176080.000000 816434.000000 
1020812.000000 919026.000000 
1089636.000000 857798.000000 
984694.000000 943390.000000 
1030564.000000 907456.000000 
960572.000000 983086.000000 
955808.000000 983282.000000 
1098778.000000 855750.000000 
1088942.000000 859544.000000 
927126.000000 1066508.000000 
1156202.000000 823166.000000 
1119058.000000 834560.000000 
1129796.000000 833220.000000 
1142570.000000 831596.000000 
1051402.000000 887066.000000 
1034056.000000 903936.000000 
1066842.000000 882532.000000 
934284.000000 1040444.000000 
1079608.000000 866862.000000 
1169608.000000 818120.000000 
1143194.000000 830826.000000 
993550.000000 938884.000000 
1168034.000000 819656.000000 
1144958.000000 829716.000000 
977878.000000 954186.000000 
1021404.000000 917434.000000 
944546.000000 1006720.000000 
1049770.000000 894436.000000 
1014238.000000 919668.000000 
1070308.000000 876420.000000 
1108352.000000 849192.000000 
1110136.000000 843526.000000 
1049814.000000 893948.000000 
928790.000000 1055436.000000 
966650.000000 968098.000000 
1099872.000000 850386.000000 
935616.000000 1035252.000000 
1001520.000000 935630.000000 
997928.000000 937848.000000 
1088526.000000 861250.000000 
1007532.000000 926208.000000 
1021964.000000 914618.000000 
1178782.000000 815152.000000 
945348.000000 1004174.000000 
1043828.000000 896236.000000 
954518.000000 989206.000000 
1059568.000000 885172.000000 
964474.000000 980590.000000 
992450.000000 943272.000000 
999746.000000 935926.000000 
1026588.000000 912394.000000 
976254.000000 954836.000000 
1098772.000000 857494.000000 
940996.000000 1024794.000000 
937342.000000 1029228.000000 
982162.000000 951370.000000 

1004620.000000 929942.000000 
1058724.000000 882930.000000 
975832.000000 959528.000000 
1046814.000000 892318.000000 
1122316.000000 839186.000000 
984856.000000 949422.000000 
990360.000000 944430.000000 
1108532.000000 843194.000000 
1039198.000000 896200.000000 
1000814.000000 930030.000000 
1006426.000000 926112.000000 
1006172.000000 927018.000000 
981044.000000 953488.000000 
1066788.000000 873504.000000 
1027222.000000 906228.000000 
1079162.000000 869598.000000 
977672.000000 958502.000000 
1089312.000000 857466.000000 
1103610.000000 852954.000000 
1023002.000000 909590.000000 
1103100.000000 852990.000000 
1177376.000000 817474.000000 
1013040.000000 918420.000000 
939876.000000 1015066.000000 
983372.000000 952768.000000 
1029234.000000 904344.000000 
984712.000000 952726.000000 
989752.000000 945568.000000 
1072580.000000 869814.000000 
1095294.000000 857250.000000 
1063308.000000 875794.000000 
933704.000000 1025932.000000 
955896.000000 987128.000000 
999926.000000 933422.000000 
1084770.000000 863004.000000 
1027034.000000 907588.000000 
1105952.000000 850364.000000 
994816.000000 939630.000000 
1104232.000000 852428.000000 
1036466.000000 898754.000000 
963546.000000 975948.000000 
951392.000000 994580.000000 
1054302.000000 884572.000000 
975410.000000 966050.000000 
1058178.000000 883552.000000 
951898.000000 989012.000000 
1105254.000000 852040.000000 
950500.000000 999250.000000 
1100288.000000 855194.000000 
949046.000000 1001376.000000 
1044328.000000 893688.000000 
961022.000000 981428.000000 
995162.000000 934762.000000 
1082698.000000 866392.000000 
934030.000000 1023514.000000 
1138002.000000 834668.000000 
1083818.000000 864480.000000 
999172.000000 934744.000000 
931348.000000 1039198.000000 
1034646.000000 900608.000000 
1071878.000000 870572.000000 
1004674.000000 927730.000000 
1047748.000000 890770.000000 
1124160.000000 834720.000000 
1146348.000000 829620.000000 
1079226.000000 868200.000000 
1033254.000000 902154.000000 
1033096.000000 904072.000000 
939910.000000 1012882.000000 
1068740.000000 872900.000000 
1080602.000000 867080.000000 
1060662.000000 880536.000000 
963736.000000 972950.000000 
1119058.000000 841692.000000 
1009178.000000 925148.000000 
1019062.000000 912440.000000 
940080.000000 1011556.000000 
1098546.000000 856598.000000 
1041704.000000 894202.000000 
992140.000000 940102.000000 
1054176.000000 886142.000000 
1138240.000000 831136.000000 
1017984.000000 913172.000000 
1038028.000000 897228.000000 
1027060.000000 907554.000000 
1013522.000000 914632.000000 
1084680.000000 863872.000000 
1062820.000000 880008.000000 
999618.000000 934190.000000 
1021948.000000 910038.000000 
1139124.000000 830640.000000 
1046984.000000 891294.000000 
1080140.000000 867452.000000 
950702.000000 998678.000000 
1037594.000000 898714.000000 
943058.000000 1007012.000000 
1102154.000000 853802.000000 
941174.000000 1008228.000000 
991814.000000 941540.000000 
962798.000000 980762.000000 
956078.000000 986198.000000 
1101148.000000 855056.000000 
1147594.000000 821818.000000 
947616.000000 1002790.000000 
1009788.000000 921730.000000 
970148.000000 968330.000000 
1083250.000000 866112.000000 
1087022.000000 858218.000000 
951060.000000 997054.000000 
974130.000000 966762.000000 
968966.000000 970838.000000 
1049966.000000 886288.000000 
1063064.000000 879216.000000 
1026762.000000 909370.000000 
986080.000000 945812.000000 
938938.000000 1017828.000000 
1056814.000000 884024.000000 
1033756.000000 900628.000000 
1010492.000000 919356.000000 

1002466.000000 932372.000000 
963656.000000 979340.000000 
937248.000000 1018254.000000 
1034802.000000 908142.000000 
977720.000000 963228.000000 
1167244.000000 822344.000000 
1067794.000000 881136.000000 
975316.000000 963358.000000 
972406.000000 968006.000000 
979906.000000 962178.000000 
1014974.000000 925400.000000 
1056670.000000 890558.000000 
1137640.000000 834362.000000 
1045846.000000 898710.000000 
946082.000000 1004196.000000 
939822.000000 1015164.000000 
1114678.000000 845562.000000 
944768.000000 1005670.000000 
1092160.000000 859126.000000 
1057772.000000 890048.000000 
988168.000000 951270.000000 
1029820.000000 912316.000000 
974232.000000 967882.000000 
1099470.000000 852896.000000 
1123828.000000 837738.000000 
1043568.000000 899982.000000 
960072.000000 984942.000000 
1026540.000000 917066.000000 
977840.000000 962270.000000 
934312.000000 1031528.000000 
948452.000000 1001618.000000 
1089104.000000 862714.000000 
1081960.000000 870040.000000 
967434.000000 975746.000000 
989876.000000 949344.000000 
967382.000000 975758.000000 
1001660.000000 935306.000000 
1060868.000000 886654.000000 
1049118.000000 895030.000000 
958730.000000 987118.000000 
1030324.000000 910276.000000 
1029662.000000 912726.000000 
1059924.000000 888698.000000 
1018982.000000 917096.000000 
1031482.000000 908676.000000 
1085814.000000 866096.000000 
1084832.000000 867406.000000 
980608.000000 959416.000000 
1086074.000000 865220.000000 
1098516.000000 857536.000000 
1063604.000000 883708.000000 
986072.000000 952654.000000 
996364.000000 939962.000000 
1082078.000000 869438.000000 
1112010.000000 850924.000000 
948820.000000 998046.000000 
1031018.000000 910010.000000 
1084574.000000 868914.000000 
1008146.000000 929466.000000 
981516.000000 959112.000000 
1144646.000000 833318.000000 
965336.000000 977102.000000 
1014928.000000 928094.000000 
940664.000000 1012500.000000 
1142534.000000 833706.000000 
1071136.000000 879182.000000 
938216.000000 1018196.000000 
1054946.000000 891370.000000 
1037142.000000 902716.000000 
1011542.000000 928544.000000 
943658.000000 1012444.000000 
961346.000000 983242.000000 
952966.000000 996666.000000 
1073942.000000 874714.000000 
953492.000000 987744.000000 
1018046.000000 917288.000000 
1054482.000000 893068.000000 
1052948.000000 893076.000000 
1034750.000000 908282.000000 
938856.000000 1018162.000000 
1063348.000000 883776.000000 
982104.000000 958406.000000 
983966.000000 955204.000000 
971322.000000 969210.000000 
1072834.000000 878672.000000 
939168.000000 1017482.000000 
944464.000000 1009250.000000 
988726.000000 950476.000000 
1059806.000000 888946.000000 
965622.000000 976326.000000 
1078758.000000 870340.000000 
1047986.000000 897026.000000 
930494.000000 1043412.000000 
969126.000000 969982.000000 
982754.000000 955572.000000 
1007750.000000 930434.000000 
1027464.000000 913030.000000 
990434.000000 945888.000000 
933782.000000 1032020.000000 
1036768.000000 905970.000000 
1104658.000000 852382.000000 
1109654.000000 851052.000000 
1099020.000000 855066.000000 
967696.000000 972696.000000 
936744.000000 1030020.000000 
1160958.000000 824192.000000 
1132896.000000 837508.000000 
1069998.000000 879296.000000 
1031376.000000 909634.000000 
1121978.000000 844806.000000 
943812.000000 1010392.000000 
1047372.000000 897654.000000 
1105920.000000 851784.000000 
1123352.000000 843950.000000 
1151842.000000 831194.000000 
1148480.000000 833212.000000 
1066286.000000 883246.000000 
961372.000000 979372.000000 
932924.000000 1037850.000000 
1052554.000000 894032.000000 
951080.000000 997902.000000 

969098.000000 973746.000000 
964778.000000 980416.000000 
1006070.000000 928154.000000 
979586.000000 960048.000000 
966238.000000 977900.000000 
934534.000000 1027764.000000 
949878.000000 1004854.000000 
1094900.000000 851746.000000 
1071606.000000 871304.000000 
951564.000000 1002884.000000 
1099182.000000 851642.000000 
999134.000000 936728.000000 
964756.000000 982226.000000 
994862.000000 940558.000000 
969598.000000 965804.000000 
1019290.000000 918684.000000 
986452.000000 950882.000000 
1049920.000000 887090.000000 
993630.000000 941330.000000 
1145670.000000 826136.000000 
1054238.000000 886254.000000 
940970.000000 1008474.000000 
1045606.000000 891636.000000 
1020008.000000 918202.000000 
1034028.000000 903970.000000 
924250.000000 1040434.000000 
953890.000000 996192.000000 
1035602.000000 900604.000000 
1012178.000000 921886.000000 
998258.000000 939764.000000 
956250.000000 993710.000000 
1000346.000000 931346.000000 
1011476.000000 927140.000000 
1018976.000000 919278.000000 
956394.000000 993664.000000 
1026430.000000 908734.000000 
1092204.000000 854414.000000 
997946.000000 940050.000000 
951518.000000 1003808.000000 
1031574.000000 904756.000000 
982752.000000 951160.000000 
955940.000000 995414.000000 
1041770.000000 895430.000000 
1059692.000000 881764.000000 
1143970.000000 829788.000000 
1029500.000000 907718.000000 
1083722.000000 857650.000000 
980016.000000 954998.000000 
1145780.000000 821602.000000 
1030520.000000 906834.000000 
1059158.000000 881886.000000 
1108564.000000 846458.000000 
1080402.000000 863144.000000 
957350.000000 993080.000000 
1039160.000000 900494.000000 
947262.000000 1005964.000000 
952460.000000 1001300.000000 
936272.000000 1015420.000000 
962162.000000 985840.000000 
959574.000000 990074.000000 
988804.000000 943782.000000 
963836.000000 984174.000000 
1078504.000000 864548.000000 
1085378.000000 856690.000000 
1056396.000000 882578.000000 
1073942.000000 867136.000000 
1107202.000000 847788.000000 
987108.000000 949086.000000 
1000006.000000 935324.000000 
1061932.000000 876378.000000 
1072480.000000 868670.000000 
1068046.000000 872208.000000 
1044226.000000 894528.000000 
1020604.000000 911778.000000 
1115206.000000 841950.000000 
1104180.000000 848254.000000 
976318.000000 962292.000000 
1116092.000000 840280.000000 
1045762.000000 890650.000000 
958528.000000 991400.000000 
960306.000000 988712.000000 
1033448.000000 904512.000000 
952546.000000 1000136.000000 
1090708.000000 855854.000000 
945800.000000 1008092.000000 
1110162.000000 843588.000000 
1017774.000000 919956.000000 
1117418.000000 840034.000000 
1080080.000000 864534.000000 
1121270.000000 835708.000000 
998630.000000 938418.000000 
1051670.000000 886770.000000 
960836.000000 987840.000000 
1100504.000000 848760.000000 
1040978.000000 897452.000000 
1010482.000000 927696.000000 
1090304.000000 856158.000000 
1133448.000000 830746.000000 
1120124.000000 837654.000000 
1044870.000000 894434.000000 
1127072.000000 834990.000000 
1017524.000000 921016.000000 
1065846.000000 874690.000000 
1066856.000000 874550.000000 

964434.000000 972798.000000 
1058804.000000 884852.000000 
1135626.000000 838764.000000 
1049438.000000 888094.000000 
962522.000000 973800.000000 
957622.000000 976656.000000 
990158.000000 946248.000000 
1159608.000000 837386.000000 
1109842.000000 848176.000000 
996138.000000 937614.000000 
1057022.000000 884956.000000 
1047306.000000 893900.000000 
1007692.000000 923008.000000 
1043098.000000 894566.000000 
955976.000000 981898.000000 
966628.000000 963620.000000 
942360.000000 1007944.000000 
931474.000000 1028350.000000 
949216.000000 999992.000000 
1088256.000000 859550.000000 
984306.000000 950486.000000 
1129446.000000 839502.000000 
959292.000000 976176.000000 
957070.000000 977930.000000 
1055140.000000 887338.000000 
1074598.000000 869928.000000 
979618.000000 957140.000000 
984194.000000 954468.000000 
1065654.000000 876004.000000 
1063048.000000 879510.000000 
970808.000000 963260.000000 
1023436.000000 915044.000000 
974840.000000 957870.000000 
1032840.000000 904548.000000 
935434.000000 1026134.000000 
1140434.000000 838518.000000 
936944.000000 1018514.000000 
1007260.000000 925800.000000 
937210.000000 1015840.000000 
1082764.000000 864030.000000 
1004200.000000 930672.000000 
926136.000000 1041140.000000 
1121732.000000 844070.000000 
951314.000000 992038.000000 
1073670.000000 872980.000000 
929866.000000 1038170.000000 
1073126.000000 873392.000000 
998164.000000 936464.000000 
1003052.000000 935230.000000 
943122.000000 1003016.000000 
1032572.000000 906064.000000 
1032358.000000 907174.000000 
1019958.000000 915480.000000 
1024338.000000 914760.000000 
952882.000000 985178.000000 
1025032.000000 914050.000000 
1096686.000000 854738.000000 
1048850.000000 893792.000000 
1000550.000000 935628.000000 
990342.000000 939316.000000 
1025306.000000 912998.000000 
1085234.000000 863550.000000 
925796.000000 1041382.000000 
988740.000000 947430.000000 
1082032.000000 866046.000000 
1073488.000000 873246.000000 
1043546.000000 894416.000000 
940128.000000 1015512.000000 
942910.000000 1005512.000000 
1038054.000000 899484.000000 
1102898.000000 848964.000000 
1086416.000000 861592.000000 
1011576.000000 919942.000000 
923024.000000 1046458.000000 
1168716.000000 836306.000000 
1025280.000000 913944.000000 
923028.000000 1044522.000000 
1069060.000000 875284.000000 
971706.000000 959728.000000 
965944.000000 972758.000000 
986964.000000 949808.000000 
1028582.000000 909702.000000 
1063660.000000 879198.000000 
1095964.000000 859268.000000 
1003294.000000 932930.000000 
1035782.000000 902416.000000 
1058926.000000 883938.000000 
1035500.000000 902812.000000 
1060142.000000 882092.000000 
976612.000000 957426.000000 
1037416.000000 901912.000000 
1072208.000000 873432.000000 
1027216.000000 911780.000000 
1065394.000000 878790.000000 
1060880.000000 881428.000000 
1029100.000000 909688.000000 
1123244.000000 842948.000000 
1031246.000000 907714.000000 
1040530.000000 897340.000000 
1059568.000000 883642.000000 
1039984.000000 898660.000000 
1014726.000000 917546.000000 
1053210.000000 887890.000000 
966468.000000 972510.000000 
1030604.000000 909126.000000 
1051240.000000 887980.000000 
1076730.000000 866618.000000 

1147854.000000 829290.000000 
1134068.000000 836466.000000 
1171940.000000 819918.000000 
1126890.000000 840250.000000 
1049820.000000 890012.000000 
1102920.000000 854936.000000 
1048730.000000 891080.000000 
1045930.000000 894750.000000 
972386.000000 967494.000000 
1066840.000000 874282.000000 
1013594.000000 918556.000000 
985286.000000 953198.000000 
993048.000000 946714.000000 
951902.000000 987344.000000 
1009778.000000 929042.000000 
1103164.000000 854646.000000 
961296.000000 977808.000000 
969272.000000 970144.000000 
1099360.000000 857132.000000 
1141468.000000 830366.000000 
929294.000000 1021880.000000 
1110186.000000 849672.000000 
1114542.000000 846118.000000 
990688.000000 948400.000000 
1009686.000000 929540.000000 
1099542.000000 855886.000000 
1088036.000000 859054.000000 
1082908.000000 867334.000000 
1068894.000000 874280.000000 
1029506.000000 906524.000000 
925122.000000 1056600.000000 
1158918.000000 825802.000000 
1096914.000000 858166.000000 
988810.000000 951684.000000 
1081720.000000 869758.000000 
971794.000000 969828.000000 
1084720.000000 864734.000000 
982554.000000 957048.000000 
1027926.000000 910242.000000 
1119374.000000 842344.000000 
992842.000000 947236.000000 
985074.000000 955614.000000 
927552.000000 1048758.000000 
1041954.000000 896784.000000 
943144.000000 1002360.000000 
1011198.000000 921998.000000 
1078454.000000 870050.000000 
924020.000000 1057570.000000 
1127324.000000 837322.000000 
1038150.000000 899672.000000 
1035632.000000 902862.000000 
940238.000000 1005690.000000 
980958.000000 959436.000000 
960074.000000 982184.000000 
1082764.000000 868300.000000 
1034776.000000 903080.000000 
1104344.000000 854060.000000 
1105708.000000 849786.000000 
981130.000000 958172.000000 
925620.000000 1051356.000000 
993226.000000 943712.000000 
1101138.000000 855584.000000 
965916.000000 976128.000000 
1157954.000000 828000.000000 
1003708.000000 935050.000000 
936892.000000 1014406.000000 
1181110.000000 819504.000000 
1099770.000000 855830.000000 
1054662.000000 880306.000000 
1072888.000000 870836.000000 
959880.000000 982190.000000 
928146.000000 1037028.000000 
1155470.000000 829220.000000 
1086334.000000 862540.000000 
1028494.000000 908500.000000 
1115686.000000 843554.000000 
968116.000000 973748.000000 
998584.000000 939556.000000 
1020140.000000 912926.000000 
966990.000000 975120.000000 
930548.000000 1016460.000000 
1051782.000000 884542.000000 
1138652.000000 834718.000000 
1004184.000000 930136.000000 
1036100.000000 902414.000000 
999538.000000 936682.000000 
1032858.000000 905158.000000 
974108.000000 965384.000000 
957060.000000 982284.000000 
1043766.000000 895500.000000 
1061066.000000 875824.000000 
1058840.000000 878764.000000 
1120832.000000 840976.000000 
1072254.000000 873582.000000 
1113222.000000 848210.000000 
950714.000000 999004.000000 
977692.000000 959638.000000 

970468.000000 972562.000000 
1130790.000000 830944.000000 
1126830.000000 836742.000000 
1018088.000000 917960.000000 
987648.000000 949652.000000 
980346.000000 954802.000000 
1061554.000000 881280.000000 
1004918.000000 932746.000000 
1044670.000000 896018.000000 
1059996.000000 882884.000000 
927522.000000 1026866.000000 
1068352.000000 877132.000000 
1091676.000000 858604.000000 
1114898.000000 843908.000000 
983580.000000 952406.000000 
964254.000000 979812.000000 
1120572.000000 840168.000000 
968082.000000 976676.000000 
1040796.000000 900670.000000 
1109114.000000 848058.000000 
1063716.000000 880808.000000 
1001378.000000 938662.000000 
1011972.000000 928862.000000 
1092840.000000 856910.000000 
1139340.000000 825080.000000 
1091250.000000 858728.000000 
1078548.000000 866806.000000 
1066836.000000 878128.000000 
1086846.000000 860462.000000 
1096370.000000 854636.000000 
1122160.000000 838504.000000 
978042.000000 962320.000000 
1025862.000000 912760.000000 
955682.000000 985016.000000 
1028388.000000 908026.000000 
996154.000000 943016.000000 
1046778.000000 893990.000000 
1112308.000000 846510.000000 
1037116.000000 901656.000000 
1043636.000000 898476.000000 
1022650.000000 914690.000000 
1033656.000000 905234.000000 
938956.000000 1013268.000000 
1041620.000000 899862.000000 
996668.000000 942108.000000 
934698.000000 1021448.000000 
1049036.000000 890602.000000 
937882.000000 1014270.000000 
1054308.000000 886144.000000 
971130.000000 972370.000000 
995214.000000 947376.000000 
1001786.000000 933294.000000 
1102440.000000 851294.000000 
1089850.000000 860048.000000 
1032100.000000 907538.000000 
925048.000000 1036666.000000 
960378.000000 983656.000000 
943940.000000 1003612.000000 
1035522.000000 904960.000000 
995282.000000 946326.000000 
1009610.000000 929470.000000 
1021012.000000 917368.000000 
1126560.000000 837260.000000 
1069604.000000 872894.000000 
980100.000000 960764.000000 
972786.000000 967000.000000 
992876.000000 948726.000000 
1000766.000000 939618.000000 
960472.000000 982640.000000 
1063892.000000 879872.000000 
1075434.000000 867368.000000 
1012840.000000 926756.000000 
937838.000000 1020606.000000 
992188.000000 948776.000000 
1016692.000000 920818.000000 
1015438.000000 925086.000000 
951656.000000 995482.000000 
1013884.000000 926538.000000 
1057688.000000 885230.000000 
1006546.000000 929942.000000 
1001474.000000 935240.000000 
1074006.000000 870470.000000 
994136.000000 948348.000000 
1069118.000000 877094.000000 
1041800.000000 898756.000000 
1054246.000000 890208.000000 
955348.000000 992024.000000 
1098740.000000 853694.000000 
1023936.000000 913974.000000 
996108.000000 944474.000000 
976066.000000 964464.000000 
1071682.000000 872342.000000 
999666.000000 941140.000000 
965398.000000 979342.000000 
1080720.000000 863292.000000 
1036342.000000 902148.000000 
963704.000000 980874.000000 
1069508.000000 876688.000000 
1058686.000000 883116.000000 
1107634.000000 848212.000000 
1090890.000000 858784.000000 
1044938.000000 894544.000000 
1000498.000000 940270.000000 
1113292.000000 846166.000000 
917830.000000 1057542.000000 
1063648.000000 880954.000000 
1022360.000000 916326.000000 
1044306.000000 898454.000000 
1117252.000000 841712.000000 

1011372.000000 928650.000000 
925172.000000 1055532.000000 
995726.000000 939846.000000 
1065214.000000 880298.000000 
1039110.000000 898278.000000 
996408.000000 939702.000000 
949678.000000 1001558.000000 
962842.000000 976516.000000 
996998.000000 935222.000000 
1110974.000000 851248.000000 
961752.000000 982900.000000 
1015348.000000 915874.000000 
1069810.000000 876220.000000 
988216.000000 945782.000000 
1006278.000000 931910.000000 
1061138.000000 884504.000000 
1064956.000000 881404.000000 
1023040.000000 915254.000000 
1082628.000000 867238.000000 
1028620.000000 911070.000000 
1038968.000000 901132.000000 
1182274.000000 827428.000000 
1029758.000000 908116.000000 
1024966.000000 912628.000000 
1077416.000000 871906.000000 
1069422.000000 879606.000000 
1120714.000000 845688.000000 
1027294.000000 911558.000000 
943532.000000 1009442.000000 
946418.000000 1002462.000000 
1129014.000000 843704.000000 
964896.000000 975018.000000 
1007126.000000 929382.000000 
1139368.000000 841622.000000 
1158384.000000 834272.000000 
1047778.000000 896584.000000 
1043608.000000 897978.000000 
1117730.000000 846724.000000 
950784.000000 997544.000000 
937412.000000 1018192.000000 
1006238.000000 932338.000000 
1002920.000000 934612.000000 
1048450.000000 890966.000000 
1056482.000000 888260.000000 
945454.000000 1003444.000000 
1129288.000000 842212.000000 
1004688.000000 934164.000000 
1091094.000000 865220.000000 
972274.000000 965198.000000 
933884.000000 1028612.000000 
934586.000000 1022482.000000 
1175068.000000 830996.000000 
989290.000000 945370.000000 
983246.000000 951260.000000 
1148526.000000 840428.000000 
1035252.000000 901214.000000 
926242.000000 1039172.000000 
1054680.000000 890916.000000 
1010830.000000 929178.000000 
1079092.000000 871382.000000 
928682.000000 1030796.000000 
955070.000000 985794.000000 
1012680.000000 927046.000000 
1013594.000000 922786.000000 
994784.000000 941516.000000 
976008.000000 960042.000000 
1026800.000000 912566.000000 
1062356.000000 881982.000000 
991080.000000 942670.000000 
936884.000000 1019036.000000 
934958.000000 1021620.000000 
1059948.000000 885496.000000 
1002868.000000 934836.000000 
928030.000000 1031544.000000 
1047964.000000 895238.000000 
1030640.000000 906050.000000 
1091914.000000 865100.000000 
1175762.000000 830666.000000 
1080290.000000 869712.000000 
1178810.000000 830176.000000 
1180848.000000 828500.000000 
1144760.000000 841266.000000 
1047604.000000 897462.000000 
985842.000000 946764.000000 
1103186.000000 853490.000000 
1158224.000000 835468.000000 
969146.000000 970976.000000 
1148588.000000 839410.000000 
969314.000000 969450.000000 
1083766.000000 865764.000000 
945388.000000 1003626.000000 
977224.000000 959862.000000 
938466.000000 1010656.000000 
1092216.000000 861816.000000 
1150682.000000 837574.000000 
952102.000000 990474.000000 
1081528.000000 867954.000000 
937628.000000 1011104.000000 
942742.000000 1010640.000000 
950888.000000 993886.000000 
1033398.000000 905860.000000 
978850.000000 957524.000000 
950658.000000 997958.000000 
1108664.000000 852454.000000 
1006194.000000 933570.000000 
946766.000000 1002044.000000 
1074100.000000 874184.000000 
958324.000000 985744.000000 
1055878.000000 889912.000000 
982612.000000 954330.000000 
1116668.000000 848448.000000 
950486.000000 998420.000000 
1029168.000000 908958.000000 
932636.000000 1030432.000000 
1058786.000000 886188.000000 
936050.000000 1021312.000000 
944738.000000 1008290.000000 
1152166.000000 836688.000000 
971654.000000 967454.000000 
1095460.000000 858204.000000 
1010882.000000 928666.000000 
1113204.000000 849172.000000 
1126316.000000 843820.000000 
972072.000000 966158.000000 
1143352.000000 841568.000000 
973788.000000 963706.000000 
961002.000000 985202.000000 
1012024.000000 927844.000000 
933404.000000 1029280.000000 
969036.000000 973692.000000 

979156.000000 956472.000000 
1041486.000000 897182.000000 
937982.000000 1008462.000000 
1077528.000000 872176.000000 
1089172.000000 860464.000000 
1059604.000000 886050.000000 
1098460.000000 857518.000000 
1117022.000000 846902.000000 
1039474.000000 902654.000000 
1117232.000000 844166.000000 
1061010.000000 884226.000000 
1050686.000000 887296.000000 
1157294.000000 827702.000000 
1100914.000000 856174.000000 
984898.000000 947520.000000 
1009338.000000 926732.000000 
1103402.000000 855042.000000 
1074836.000000 873668.000000 
970326.000000 966226.000000 
955794.000000 986618.000000 
1032068.000000 904262.000000 
1085978.000000 863710.000000 
984440.000000 951672.000000 
1030512.000000 908948.000000 
1029864.000000 909622.000000 
1002856.000000 926792.000000 
958436.000000 982612.000000 
955802.000000 986124.000000 
966152.000000 970258.000000 
1068128.000000 878104.000000 
1162474.000000 825488.000000 
1075158.000000 872722.000000 
1148468.000000 828710.000000 
1083478.000000 866354.000000 
1024256.000000 913964.000000 
1054480.000000 886550.000000 
999054.000000 936006.000000 
1060098.000000 885746.000000 
1163424.000000 821602.000000 
1095294.000000 858196.000000 
1038298.000000 903148.000000 
940838.000000 1007582.000000 
942684.000000 992700.000000 
1107548.000000 848518.000000 
1040400.000000 901814.000000 
1036778.000000 903540.000000 
1103564.000000 853782.000000 
953572.000000 987140.000000 
961384.000000 977512.000000 
1012462.000000 915102.000000 
986092.000000 945794.000000 
1087220.000000 862460.000000 
1078780.000000 869454.000000 
1067750.000000 878864.000000 
981966.000000 952750.000000 
983728.000000 951800.000000 
966508.000000 968492.000000 
963880.000000 973314.000000 
1064602.000000 880878.000000 
941754.000000 1007150.000000 
1068910.000000 875660.000000 
979654.000000 953928.000000 
1194388.000000 814442.000000 
1030154.000000 909056.000000 
1114564.000000 847082.000000 
973746.000000 963112.000000 
1067916.000000 878420.000000 
1052698.000000 887078.000000 
1041564.000000 896776.000000 
970082.000000 967124.000000 
1132520.000000 833572.000000 
1010238.000000 926156.000000 
983104.000000 952112.000000 
996804.000000 936402.000000 
1026788.000000 909754.000000 
1057488.000000 886540.000000 
1102620.000000 855100.000000 
999856.000000 934140.000000 
1141130.000000 831802.000000 
1189780.000000 818652.000000 
1047290.000000 894036.000000 
1084586.000000 864352.000000 
1059204.000000 886204.000000 
1067032.000000 879704.000000 
1074592.000000 874248.000000 
1079358.000000 866538.000000 
975386.000000 957666.000000 
1074962.000000 873016.000000 
1095804.000000 857974.000000 
962778.000000 977410.000000 
961322.000000 979236.000000 
1118352.000000 839476.000000 
970684.000000 964052.000000 
1099700.000000 857454.000000 
960324.000000 980932.000000 
930020.000000 1022102.000000 
937810.000000 1021252.000000 
962914.000000 974718.000000 
956226.000000 985852.000000 
962846.000000 977068.000000 
1066516.000000 880114.000000 
1025758.000000 913680.000000 
964816.000000 972242.000000 
1048812.000000 889826.000000 
952438.000000 989896.000000 
1048386.000000 892214.000000 
1192770.000000 817956.000000 
990040.000000 940164.000000 
1105172.000000 853506.000000 
959852.000000 982514.000000 
1096234.000000 857636.000000 
995480.000000 938560.000000 
941956.000000 1002796.000000 
1031430.000000 906370.000000 
966764.000000 967506.000000 
1011786.000000 925834.000000 
974924.000000 961680.000000 
1077592.000000 872160.000000 
1078732.000000 872084.000000 
1041316.000000 900338.000000 
1062486.000000 882090.000000 
1044818.000000 895460.000000 
1026676.000000 912488.000000 

977552.000000 965670.000000 
1033928.000000 905674.000000 
1006866.000000 924810.000000 
1018966.000000 917496.000000 
1112636.000000 843342.000000 
1050330.000000 892678.000000 
1065522.000000 876110.000000 
911990.000000 1057646.000000 
999800.000000 936162.000000 
976164.000000 965964.000000 
1073056.000000 872092.000000 
1079644.000000 865744.000000 
1108644.000000 848008.000000 
1106204.000000 850744.000000 
926094.000000 1038716.000000 
1031710.000000 909186.000000 
1048532.000000 895334.000000 
972980.000000 968496.000000 
927428.000000 1029550.000000 
938284.000000 1012178.000000 
945734.000000 1001692.000000 
1043618.000000 898818.000000 
1121392.000000 839090.000000 
915020.000000 1057234.000000 
932252.000000 1019638.000000 
1015752.000000 919944.000000 
957416.000000 977448.000000 
950224.000000 985832.000000 
968134.000000 974582.000000 
1056968.000000 885416.000000 
1027606.000000 910096.000000 
1097880.000000 854330.000000 
1037206.000000 900212.000000 
999676.000000 936384.000000 
1137910.000000 833776.000000 
1169718.000000 819956.000000 
1020396.000000 912654.000000 
978628.000000 963960.000000 
924762.000000 1042320.000000 
978820.000000 960244.000000 
984168.000000 956596.000000 
1058698.000000 885102.000000 
1102322.000000 853544.000000 
1078372.000000 866784.000000 
934510.000000 1018198.000000 
1019812.000000 917324.000000 
1011772.000000 920088.000000 
1138552.000000 832726.000000 
1032880.000000 909082.000000 
984852.000000 954294.000000 
1171252.000000 817922.000000 
929264.000000 1020160.000000 
969370.000000 972226.000000 
1049708.000000 894960.000000 
977592.000000 965570.000000 
981654.000000 957066.000000 
1074448.000000 870576.000000 
1061760.000000 881998.000000 
922026.000000 1043614.000000 
1001120.000000 933920.000000 
1017350.000000 919130.000000 
939718.000000 1007448.000000 
945930.000000 996248.000000 
990040.000000 949122.000000 
1059574.000000 883430.000000 
938750.000000 1012000.000000 
1139004.000000 823522.000000 
979872.000000 958464.000000 
1103116.000000 853464.000000 
970430.000000 969264.000000 
1159008.000000 823056.000000 
1111010.000000 846044.000000 
943690.000000 1004868.000000 
992314.000000 940768.000000 
1121716.000000 835816.000000 
1030802.000000 909980.000000 
925838.000000 1041262.000000 
992134.000000 948878.000000 
997516.000000 938262.000000 
1003700.000000 930876.000000 
1053516.000000 886880.000000 
1043662.000000 896726.000000 
1062270.000000 880914.000000 
947376.000000 995686.000000 
1097618.000000 857270.000000 
998052.000000 936582.000000 
1050712.000000 889850.000000 
941396.000000 1006614.000000 
963558.000000 977430.000000 
935748.000000 1013422.000000 
1049646.000000 895330.000000 
986770.000000 950634.000000 
1047254.000000 896596.000000 
1069894.000000 873958.000000 
1068758.000000 875614.000000 
921518.000000 1056342.000000 
1161646.000000 821336.000000 
948494.000000 994844.000000 
931230.000000 1019796.000000 
1024618.000000 911896.000000 
1018086.000000 918964.000000 
945192.000000 1002658.000000 
1106430.000000 848764.000000 
1042368.000000 899136.000000 
1024290.000000 912650.000000 
1073432.000000 871794.000000 
1004560.000000 930140.000000 
1036708.000000 905350.000000 
1087452.000000 858136.000000 
1056588.000000 886442.000000 
1006188.000000 926908.000000 
972972.000000 968720.000000 
983082.000000 956616.000000 
1081402.000000 862116.000000 
1064192.000000 878716.000000 
1074578.000000 868342.000000 
985970.000000 953042.000000 

1147384.000000 827512.000000 
985478.000000 948492.000000 
998122.000000 940446.000000 
1138494.000000 833370.000000 
1095992.000000 855968.000000 
1059496.000000 886644.000000 
1110114.000000 851032.000000 
1000590.000000 935724.000000 
1045710.000000 892438.000000 
974808.000000 966274.000000 
1089166.000000 863030.000000 
961906.000000 981494.000000 
1003780.000000 931810.000000 
1139096.000000 831786.000000 
1069056.000000 877518.000000 
1031688.000000 906580.000000 
1110958.000000 849104.000000 
1104274.000000 852754.000000 
1043738.000000 897474.000000 
960898.000000 986044.000000 
1020264.000000 913350.000000 
1041472.000000 900346.000000 
980266.000000 960578.000000 
952572.000000 991940.000000 
955650.000000 989714.000000 
1050452.000000 890078.000000 
997226.000000 940582.000000 
950368.000000 998336.000000 
1075538.000000 868446.000000 
1136482.000000 837106.000000 
1065202.000000 877724.000000 
1063770.000000 881058.000000 
1009012.000000 925892.000000 
1032526.000000 903764.000000 
1029258.000000 908006.000000 
977696.000000 960984.000000 
924488.000000 1049932.000000 
1010122.000000 923312.000000 
948454.000000 999784.000000 
938646.000000 1009594.000000 
1085968.000000 863056.000000 
950500.000000 994004.000000 
1035976.000000 902228.000000 
1045248.000000 894086.000000 
1143756.000000 830886.000000 
942712.000000 1007094.000000 
964662.000000 980588.000000 
943676.000000 1000602.000000 
1017954.000000 919284.000000 
926330.000000 1030312.000000 
1154808.000000 827060.000000 
1091210.000000 860294.000000 
926288.000000 1040504.000000 
1007128.000000 926614.000000 
1069266.000000 873778.000000 
971450.000000 970240.000000 
1005622.000000 929084.000000 
1022270.000000 908046.000000 
975990.000000 962004.000000 
1114024.000000 847312.000000 
985002.000000 952870.000000 
1044832.000000 896346.000000 
956512.000000 987136.000000 
1112858.000000 847584.000000 
1036912.000000 900458.000000 
966120.000000 973488.000000 
1079258.000000 868232.000000 
1060038.000000 885778.000000 
1052308.000000 888734.000000 
1045382.000000 893596.000000 
1049754.000000 890306.000000 
974536.000000 968532.000000 
1089558.000000 860628.000000 
1081100.000000 867332.000000 
1120350.000000 838406.000000 
1136086.000000 837810.000000 
982640.000000 957842.000000 
1052898.000000 887424.000000 
1062334.000000 881188.000000 
1045706.000000 892452.000000 
931020.000000 1016018.000000 
927166.000000 1021038.000000 
934748.000000 1013380.000000 
990742.000000 945004.000000 
993408.000000 940766.000000 
992684.000000 942688.000000 
1010930.000000 919546.000000 
1020056.000000 915352.000000 
1116430.000000 846262.000000 
998348.000000 936012.000000 

981134.000000 961148.000000 
1083524.000000 866380.000000 
1091664.000000 857748.000000 
926376.000000 1038356.000000 
934046.000000 1032020.000000 
956028.000000 988772.000000 
961154.000000 986286.000000 
1003314.000000 936804.000000 
978220.000000 962350.000000 
1097702.000000 852722.000000 
954950.000000 991676.000000 
1008254.000000 931234.000000 
969290.000000 969718.000000 
995540.000000 944268.000000 
1129304.000000 837526.000000 
990890.000000 946800.000000 
992230.000000 945260.000000 
1162756.000000 829574.000000 
978154.000000 963276.000000 
1117588.000000 845490.000000 
1117538.000000 845986.000000 
1031198.000000 903810.000000 
980406.000000 962130.000000 
964530.000000 980332.000000 
975012.000000 965812.000000 
1116800.000000 848000.000000 
1125556.000000 838478.000000 
1010196.000000 928286.000000 
1003336.000000 936724.000000 
1103976.000000 852476.000000 
1165436.000000 822454.000000 
1025484.000000 915038.000000 
1070680.000000 876562.000000 
963796.000000 984858.000000 
983466.000000 950802.000000 
997472.000000 942646.000000 
1000398.000000 937130.000000 
1017682.000000 917984.000000 
938076.000000 1013908.000000 
950692.000000 995100.000000 
1030082.000000 908428.000000 
1137184.000000 834866.000000 
1059500.000000 887482.000000 
962878.000000 985382.000000 
1057430.000000 888654.000000 
1008718.000000 930296.000000 
1039628.000000 895596.000000 
989178.000000 947320.000000 
997654.000000 941232.000000 
1025526.000000 910858.000000 
1026598.000000 908452.000000 
1148578.000000 831098.000000 
982386.000000 959104.000000 
964396.000000 984544.000000 
1155124.000000 830838.000000 
1119302.000000 844542.000000 
1050634.000000 889506.000000 
1122642.000000 840438.000000 
1057572.000000 888244.000000 
957422.000000 988250.000000 
1070368.000000 878410.000000 
982584.000000 955724.000000 
1039596.000000 900448.000000 
1005568.000000 933268.000000 
1143102.000000 833770.000000 
1113058.000000 848148.000000 
1025438.000000 915328.000000 
965246.000000 980330.000000 
1059912.000000 883594.000000 
945898.000000 1011524.000000 
1144518.000000 833494.000000 
1157558.000000 829912.000000 
1141372.000000 833818.000000 
1134698.000000 836466.000000 
1082138.000000 867234.000000 
1077484.000000 869646.000000 
1120784.000000 844372.000000 
1051318.000000 889190.000000 
983424.000000 953690.000000 
973420.000000 968340.000000 
1163634.000000 827898.000000 
953350.000000 991862.000000 
1015830.000000 919476.000000 
1071834.000000 871470.000000 
1121150.000000 841194.000000 
1012304.000000 925524.000000 
1064624.000000 879800.000000 
1070858.000000 876274.000000 
1049930.000000 893326.000000 
968030.000000 974398.000000 
934826.000000 1026126.000000 
1050438.000000 892932.000000 
1060926.000000 881188.000000 
982188.000000 960834.000000 
1059780.000000 883964.000000 
1145020.000000 832878.000000 
988446.000000 950304.000000 
966878.000000 974606.000000 
970374.000000 969452.000000 
1106250.000000 848564.000000 
1035862.000000 902376.000000 
946078.000000 1003222.000000 
1020768.000000 915830.000000 
1127078.000000 838450.000000 
1050362.000000 893314.000000 
1044364.000000 893408.000000 
965370.000000 977922.000000 
975528.000000 964162.000000 
1087498.000000 862770.000000 
1066196.000000 878718.000000 

943220.000000 1004592.000000 
996290.000000 943632.000000 
1016004.000000 923718.000000 
1005546.000000 931720.000000 
1004876.000000 935748.000000 
1188910.000000 820448.000000 
963258.000000 982010.000000 
973046.000000 969186.000000 
930770.000000 1025666.000000 
1035716.000000 907558.000000 
1092318.000000 863766.000000 
1020048.000000 919184.000000 
1024782.000000 911752.000000 
1117996.000000 842984.000000 
1015378.000000 924826.000000 
971736.000000 970246.000000 
1029116.000000 910830.000000 
1031486.000000 910330.000000 
1017646.000000 922658.000000 
975290.000000 967570.000000 
1046314.000000 894192.000000 
957742.000000 982050.000000 
1154936.000000 827212.000000 
926486.000000 1032762.000000 
957334.000000 982398.000000 
935984.000000 1014594.000000 
994590.000000 946628.000000 
935076.000000 1017892.000000 
991924.000000 948210.000000 
1097128.000000 862160.000000 
1010708.000000 927604.000000 
954580.000000 991234.000000 
1028810.000000 911264.000000 
985834.000000 952910.000000 
1148400.000000 831470.000000 
1086956.000000 866794.000000 
956730.000000 983482.000000 
1140178.000000 833286.000000 
965122.000000 976818.000000 
1067946.000000 876054.000000 
969396.000000 973882.000000 
1101286.000000 858004.000000 
981886.000000 956878.000000 
946930.000000 994920.000000 
942626.000000 1008664.000000 
975416.000000 967192.000000 
1019220.000000 922278.000000 
994722.000000 945310.000000 
1003104.000000 936572.000000 
997994.000000 937828.000000 
1110634.000000 853282.000000 
956404.000000 983900.000000 
954528.000000 993658.000000 
1115988.000000 850986.000000 
1060734.000000 877780.000000 
1044558.000000 898876.000000 
1018280.000000 922560.000000 
1005200.000000 935002.000000 
1050678.000000 892150.000000 
994636.000000 946366.000000 
963936.000000 981684.000000 
1136420.000000 835524.000000 
1040932.000000 900304.000000 
1082844.000000 867380.000000 
1013866.000000 926776.000000 
984698.000000 956746.000000 
1035862.000000 906818.000000 
975604.000000 963960.000000 
1054304.000000 886326.000000 
1037546.000000 904898.000000 
979486.000000 962158.000000 
1070238.000000 875844.000000 
1088474.000000 866624.000000 
999124.000000 937514.000000 
1114556.000000 851444.000000 
981484.000000 960542.000000 
1090798.000000 865186.000000 
967956.000000 975802.000000 
1117156.000000 848720.000000 
990222.000000 949966.000000 
1033474.000000 908984.000000 
1133280.000000 838650.000000 
1023284.000000 917066.000000 
1100320.000000 860046.000000 
1077186.000000 869024.000000 
1041072.000000 900126.000000 
1165042.000000 823490.000000 
1144402.000000 832166.000000 
970354.000000 973314.000000 
945312.000000 999612.000000 
948362.000000 994108.000000 
941392.000000 1010468.000000 
1051908.000000 891820.000000 
1088790.000000 865612.000000 
1111256.000000 852306.000000 
940272.000000 1012270.000000 
989656.000000 952406.000000 
931980.000000 1024346.000000 
1153982.000000 831132.000000 
977866.000000 962664.000000 
924778.000000 1046300.000000 
1103596.000000 853412.000000 
1122568.000000 841606.000000 
925474.000000 1042848.000000 
939212.000000 1012434.000000 
1060178.000000 885884.000000 
1052128.000000 888544.000000 
964494.000000 979862.000000 
989964.000000 952258.000000 

1122574.000000 840704.000000 
1049150.000000 894806.000000 
992904.000000 947692.000000 
1161912.000000 819652.000000 
952122.000000 993402.000000 
1140426.000000 830790.000000 
1057716.000000 889356.000000 
1026290.000000 913062.000000 
964556.000000 978980.000000 
1077644.000000 871924.000000 
959620.000000 983424.000000 
1095118.000000 858114.000000 
1097216.000000 858000.000000 
1065148.000000 879748.000000 
1073474.000000 872198.000000 
1011288.000000 926402.000000 
952590.000000 992686.000000 
1063990.000000 883362.000000 
973218.000000 964108.000000 
1058000.000000 887074.000000 
1018456.000000 916540.000000 
1055674.000000 890168.000000 
1029886.000000 907206.000000 
1060240.000000 886640.000000 
933952.000000 1034194.000000 
957800.000000 989354.000000 
1009468.000000 926484.000000 
1017952.000000 921356.000000 
1013630.000000 925662.000000 
1022010.000000 916466.000000 
928134.000000 1040202.000000 
934934.000000 1016924.000000 
1156998.000000 819938.000000 
1039618.000000 897986.000000 
982414.000000 956890.000000 
1008292.000000 928906.000000 
1044038.000000 896116.000000 
986694.000000 954770.000000 
1028778.000000 911420.000000 
968836.000000 973986.000000 
963578.000000 978988.000000 
958764.000000 987798.000000 
1005632.000000 933512.000000 
1024184.000000 914396.000000 
1006408.000000 931032.000000 
1142928.000000 828164.000000 
987942.000000 950466.000000 
932476.000000 1040102.000000 
947056.000000 997938.000000 
982326.000000 959024.000000 
1138564.000000 833860.000000 
1149340.000000 820628.000000 
1035198.000000 905302.000000 
1016788.000000 924688.000000 
970626.000000 971452.000000 
986828.000000 954346.000000 
992830.000000 947870.000000 
1110490.000000 844620.000000 
1107034.000000 852014.000000 
1109430.000000 845778.000000 
1054354.000000 891602.000000 
1118696.000000 844494.000000 
1016818.000000 922612.000000 
985930.000000 955142.000000 
1087606.000000 864450.000000 
1087810.000000 862058.000000 
1072090.000000 876510.000000 
1068250.000000 877002.000000 
1080860.000000 869914.000000 
1081096.000000 868776.000000 
981208.000000 961268.000000 
1061336.000000 884454.000000 
1004914.000000 933604.000000 
999072.000000 937238.000000 
1002960.000000 935674.000000 
1174342.000000 807408.000000 
951996.000000 993674.000000 
974818.000000 963238.000000 
965524.000000 977590.000000 
1079580.000000 871412.000000 
1084130.000000 868102.000000 
1163064.000000 814258.000000 
1139170.000000 833830.000000 
1085456.000000 865186.000000 
1052928.000000 893160.000000 
949724.000000 997890.000000 
943326.000000 1005900.000000 
979088.000000 961974.000000 
1091538.000000 862016.000000 
1036754.000000 901318.000000 
1128020.000000 836806.000000 
1137334.000000 833894.000000 
1144924.000000 825026.000000 
958934.000000 986144.000000 
993084.000000 943964.000000 
1129632.000000 836086.000000 
918756.000000 1045250.000000 
1062932.000000 883380.000000 
1031114.000000 905940.000000 
1099214.000000 852592.000000 
1173480.000000 809052.000000 
1052332.000000 894274.000000 
939608.000000 1009402.000000 
986230.000000 955050.000000 

1055178.000000 892684.000000 
901544.000000 1091576.000000 
1116352.000000 846626.000000 
1114282.000000 847710.000000 
1091062.000000 856370.000000 
1083414.000000 865250.000000 
1074348.000000 874160.000000 
967068.000000 978514.000000 
927094.000000 1035750.000000 
943196.000000 1004252.000000 
949784.000000 1000740.000000 
929266.000000 1015498.000000 
1046894.000000 896114.000000 
1070320.000000 878566.000000 
960780.000000 980668.000000 
1066524.000000 880154.000000 
925618.000000 1040936.000000 
1128588.000000 840092.000000 
920256.000000 1047624.000000 
1016042.000000 922670.000000 
1036904.000000 900218.000000 
1031796.000000 905272.000000 
1047654.000000 895588.000000 
956418.000000 983438.000000 
1161482.000000 809422.000000 
1104126.000000 851954.000000 
978748.000000 959926.000000 
987434.000000 949800.000000 
914644.000000 1058512.000000 
1006526.000000 933246.000000 
1152210.000000 824232.000000 
1059296.000000 889718.000000 
1064428.000000 884500.000000 
951170.000000 986246.000000 
1055324.000000 891080.000000 
1112764.000000 850948.000000 
1010676.000000 929174.000000 
1019690.000000 920250.000000 
983632.000000 953708.000000 
919032.000000 1056518.000000 
974774.000000 965824.000000 
1145526.000000 828842.000000 
1026192.000000 914822.000000 
966042.000000 979100.000000 
1017278.000000 922218.000000 
1132896.000000 835942.000000 
1113662.000000 848170.000000 
1024634.000000 916124.000000 
1011602.000000 924188.000000 
1003464.000000 935864.000000 
967610.000000 970016.000000 
1127068.000000 840740.000000 
970752.000000 967848.000000 
906120.000000 1081276.000000 
1066786.000000 879452.000000 
1071054.000000 874694.000000 
1131974.000000 838192.000000 
996262.000000 937580.000000 
948052.000000 1001190.000000 
941964.000000 1007352.000000 
1066178.000000 883544.000000 
1000054.000000 936584.000000 
977144.000000 964032.000000 
1039176.000000 898058.000000 
1050218.000000 895222.000000 
1038872.000000 899862.000000 
1074878.000000 866012.000000 
1147126.000000 826722.000000 
974286.000000 967812.000000 
981764.000000 955384.000000 
1125340.000000 841086.000000 
1092434.000000 854232.000000 
1138436.000000 835052.000000 
993132.000000 942618.000000 
1017342.000000 920940.000000 
1087704.000000 864266.000000 
1010854.000000 927624.000000 
1003512.000000 933928.000000 
1010518.000000 929524.000000 
1026846.000000 914336.000000 
1066294.000000 880986.000000 
1046574.000000 897036.000000 
965354.000000 980306.000000 
977576.000000 962254.000000 
1059466.000000 888052.000000 
1008616.000000 930220.000000 
991308.000000 944712.000000 
966758.000000 979064.000000 
1056490.000000 890218.000000 
1122108.000000 846566.000000 
1122956.000000 844048.000000 
1059986.000000 884878.000000 
1138940.000000 833014.000000 
967334.000000 976560.000000 
1103194.000000 852310.000000 
1013846.000000 923650.000000 
1035458.000000 902686.000000 
1029426.000000 908288.000000 
1020466.000000 917778.000000 
1074548.000000 873016.000000 
967466.000000 974072.000000 
995640.000000 941618.000000 
989394.000000 946368.000000 
1090102.000000 862166.000000 
1050608.000000 893410.000000 
1124318.000000 843912.000000 

940036.000000 1013204.000000 
1012974.000000 928104.000000 
998618.000000 937966.000000 
998398.000000 939428.000000 
1126482.000000 839388.000000 
1034186.000000 908400.000000 
925066.000000 1034954.000000 
1106260.000000 852800.000000 
930444.000000 1026730.000000 
1039500.000000 905216.000000 
915596.000000 1035542.000000 
1119072.000000 845616.000000 
1089418.000000 867140.000000 
1075196.000000 876160.000000 
1010870.000000 928598.000000 
1013772.000000 918062.000000 
1082768.000000 868828.000000 
1076820.000000 869238.000000 
958982.000000 985734.000000 
1011836.000000 928188.000000 
1121836.000000 844200.000000 
1067378.000000 878164.000000 
1066310.000000 880080.000000 
950970.000000 991918.000000 
950408.000000 994328.000000 
1116526.000000 847588.000000 
1147532.000000 829228.000000 
1128724.000000 835320.000000 
1171956.000000 815686.000000 
1004212.000000 935236.000000 
1034014.000000 909192.000000 
1059108.000000 886084.000000 
972456.000000 970100.000000 
934576.000000 1018556.000000 
947098.000000 1001148.000000 
1064796.000000 884862.000000 
985328.000000 948852.000000 
1061034.000000 885940.000000 
1134428.000000 834902.000000 
1019162.000000 917712.000000 
979150.000000 954340.000000 
958090.000000 987944.000000 
1007518.000000 931530.000000 
1108672.000000 850542.000000 
1086948.000000 868648.000000 
1043780.000000 898966.000000 
954290.000000 989416.000000 
941644.000000 1007110.000000 
1070034.000000 877658.000000 
909320.000000 1068144.000000 
1029052.000000 911092.000000 
1029044.000000 913162.000000 
1051126.000000 892546.000000 
966254.000000 974804.000000 
1037356.000000 905268.000000 
949002.000000 996724.000000 
1009152.000000 930588.000000 
1002462.000000 935578.000000 
1063256.000000 885622.000000 
1096064.000000 862438.000000 
959138.000000 985728.000000 
1037068.000000 905632.000000 
1031570.000000 910850.000000 
1064872.000000 884640.000000 
960088.000000 981018.000000 
975522.000000 963450.000000 
1024772.000000 916884.000000 
929624.000000 1032138.000000 
943900.000000 1003684.000000 
1004372.000000 934930.000000 
1118850.000000 847254.000000 
1160912.000000 824448.000000 
1140370.000000 830334.000000 
1148234.000000 827326.000000 
972594.000000 967600.000000 
959808.000000 984948.000000 
953216.000000 990414.000000 
1121474.000000 844368.000000 
1040370.000000 901448.000000 
966792.000000 974778.000000 
1035458.000000 906972.000000 
947756.000000 1000516.000000 
937308.000000 1013258.000000 
1040354.000000 904300.000000 
1155984.000000 826194.000000 
1162752.000000 819062.000000 
1048310.000000 893396.000000 
1001510.000000 937160.000000 
978270.000000 959522.000000 
932096.000000 1021478.000000 
1123788.000000 839620.000000 
1109392.000000 849870.000000 
1024112.000000 917202.000000 
1098996.000000 861594.000000 
1053430.000000 889160.000000 
967310.000000 974586.000000 
1034222.000000 908242.000000 
1027134.000000 914294.000000 
1032088.000000 910706.000000 
1064956.000000 884138.000000 
1112832.000000 848560.000000 
947808.000000 999960.000000 
969436.000000 970494.000000 
1097010.000000 861890.000000 
1154700.000000 827264.000000 
1090822.000000 862646.000000 
978532.000000 957842.000000 
992306.000000 939434.000000 
1076378.000000 874968.000000 
1005406.000000 932366.000000 
1110874.000000 849224.000000 
1013242.000000 926420.000000 
976590.000000 961574.000000 
956120.000000 988926.000000 
944436.000000 1002584.000000 
1089204.000000 867614.000000 
930236.000000 1027108.000000 
1073558.000000 876742.000000 
1099046.000000 860354.000000 
1041072.000000 901146.000000 
1075064.000000 876624.000000 
1044436.000000 894716.000000 
1086690.000000 868696.000000 
1058546.000000 888850.000000 
963620.000000 976278.000000 
973138.000000 965576.000000 
1101402.000000 854404.000000 
983372.000000 949726.000000 
951378.000000 991572.000000 
990256.000000 945950.000000 
948874.000000 999594.000000 

1078276.000000 867732.000000 
1040930.000000 896392.000000 
1019146.000000 913050.000000 
1044928.000000 891336.000000 
924624.000000 1046954.000000 
973638.000000 961792.000000 
925266.000000 1041428.000000 
1010778.000000 923342.000000 
1083772.000000 864604.000000 
1099604.000000 855752.000000 
939040.000000 1017364.000000 
934454.000000 1027564.000000 
1008994.000000 924352.000000 
1058750.000000 877970.000000 
1067484.000000 874058.000000 
927860.000000 1039132.000000 
929652.000000 1030008.000000 
987388.000000 948088.000000 
1055474.000000 885538.000000 
1022268.000000 909770.000000 
1112876.000000 843368.000000 
972532.000000 963710.000000 
936034.000000 1024746.000000 
974018.000000 960092.000000 
938670.000000 1021250.000000 
1102694.000000 850410.000000 
1016996.000000 920446.000000 
980846.000000 953900.000000 
958590.000000 969990.000000 
1104624.000000 848782.000000 
1084574.000000 859152.000000 
1017668.000000 916366.000000 
973250.000000 962470.000000 
1074842.000000 871860.000000 
1070210.000000 873868.000000 
1048552.000000 885942.000000 
982750.000000 949244.000000 
985644.000000 949158.000000 
1067338.000000 876262.000000 
995250.000000 935540.000000 
1003788.000000 927692.000000 
1073702.000000 873088.000000 
1105024.000000 847818.000000 
967850.000000 965240.000000 
938034.000000 1024336.000000 
1042256.000000 892886.000000 
942200.000000 1005548.000000 
1028272.000000 903398.000000 
944178.000000 1002880.000000 
1142806.000000 830502.000000 
1055554.000000 885008.000000 
1045578.000000 889982.000000 
1130446.000000 838524.000000 
1172554.000000 825208.000000 
1048368.000000 888742.000000 
1101608.000000 855198.000000 
1012120.000000 920898.000000 
931954.000000 1029858.000000 
1026106.000000 908530.000000 
998324.000000 931452.000000 
1094004.000000 856834.000000 
1011142.000000 923016.000000 
1041028.000000 895738.000000 
995008.000000 936018.000000 
985624.000000 949168.000000 
975894.000000 954688.000000 
1031780.000000 898944.000000 
1076964.000000 869156.000000 
1132320.000000 833814.000000 
1040624.000000 896604.000000 
948440.000000 991198.000000 
1106250.000000 847304.000000 
989898.000000 941170.000000 
989410.000000 942596.000000 
955464.000000 984106.000000 
989066.000000 947830.000000 
981014.000000 950032.000000 
975108.000000 959570.000000 
1005660.000000 926870.000000 
939840.000000 1013452.000000 
967264.000000 967510.000000 
944332.000000 995304.000000 
1127910.000000 840620.000000 
989362.000000 946690.000000 
970234.000000 964310.000000 
954326.000000 991128.000000 
1014796.000000 920846.000000 
1137862.000000 832874.000000 
1155264.000000 825942.000000 
1058044.000000 879864.000000 
969008.000000 964822.000000 
992722.000000 937028.000000 
1006330.000000 926372.000000 

1085828.000000 857934.000000 
944988.000000 1004782.000000 
1007838.000000 932594.000000 
995836.000000 946252.000000 
953446.000000 998456.000000 
1060248.000000 881326.000000 
1002828.000000 937540.000000 
1036610.000000 901204.000000 
939496.000000 1006660.000000 
948674.000000 1001850.000000 
981830.000000 951818.000000 
905976.000000 1055652.000000 
910854.000000 1046066.000000 
966462.000000 979220.000000 
931036.000000 1024016.000000 
996262.000000 941658.000000 
969978.000000 975582.000000 
1010378.000000 928048.000000 
992048.000000 948804.000000 
972370.000000 972896.000000 
1047706.000000 891480.000000 
953546.000000 997588.000000 
936812.000000 1016308.000000 
1033478.000000 908674.000000 
1019340.000000 922590.000000 
977472.000000 963234.000000 
1055852.000000 888188.000000 
1058834.000000 887940.000000 
1066060.000000 879014.000000 
1066512.000000 877820.000000 
1089172.000000 856120.000000 
1025912.000000 917502.000000 
969286.000000 977998.000000 
1002336.000000 938402.000000 
951026.000000 998700.000000 
955036.000000 987968.000000 
1055292.000000 891230.000000 
1008142.000000 930470.000000 
992266.000000 946332.000000 
925070.000000 1031574.000000 
1004332.000000 933910.000000 
1020788.000000 919082.000000 
1083634.000000 859308.000000 
1021126.000000 917908.000000 
1034798.000000 907888.000000 
1104626.000000 845270.000000 
1027182.000000 912948.000000 
981038.000000 962814.000000 
1101922.000000 845824.000000 
1072808.000000 869474.000000 
1099062.000000 847870.000000 
1059916.000000 886164.000000 
1096028.000000 853510.000000 
1101624.000000 845846.000000 
1120316.000000 830338.000000 
958942.000000 986430.000000 
965618.000000 983410.000000 
1004978.000000 933488.000000 
923684.000000 1042246.000000 
947546.000000 1004172.000000 
1080102.000000 866420.000000 
1067892.000000 869824.000000 
1083488.000000 862426.000000 
1098780.000000 851814.000000 
991092.000000 950890.000000 
1007524.000000 933192.000000 
1012856.000000 926300.000000 
971062.000000 973118.000000 
1032100.000000 909262.000000 
935170.000000 1019494.000000 
1110058.000000 837606.000000 
1026274.000000 916466.000000 
927662.000000 1026042.000000 
1125306.000000 829850.000000 
1136302.000000 819586.000000 
1082376.000000 863472.000000 
1065746.000000 879026.000000 
1041004.000000 900430.000000 
1042918.000000 898840.000000 
1110880.000000 836858.000000 
949892.000000 1000860.000000 
990384.000000 951182.000000 
1034314.000000 908220.000000 
972904.000000 968906.000000 
1035866.000000 907716.000000 
1017200.000000 923928.000000 
1045392.000000 896792.000000 
1027632.000000 910260.000000 
1018830.000000 923842.000000 
1000396.000000 940592.000000 
1008494.000000 929210.000000 
919898.000000 1042530.000000 
976008.000000 965578.000000 
960206.000000 983690.000000 
1002304.000000 939772.000000 
1045016.000000 898522.000000 
954492.000000 992914.000000 

999020.000000 930508.000000 
1074546.000000 869426.000000 
1086630.000000 853164.000000 
1034286.000000 898942.000000 
997584.000000 935736.000000 
1026894.000000 907494.000000 
910674.000000 1052162.000000 
989688.000000 939444.000000 
1014414.000000 915878.000000 
1032384.000000 902502.000000 
1174214.000000 812414.000000 
1108378.000000 844678.000000 
960986.000000 971496.000000 
1075980.000000 864134.000000 
1025548.000000 909826.000000 
1084890.000000 862472.000000 
922658.000000 1049286.000000 
1111384.000000 839496.000000 
1039152.000000 890486.000000 
1050956.000000 887924.000000 
1008782.000000 922408.000000 
1099536.000000 849108.000000 
1106654.000000 845398.000000 
1050380.000000 888312.000000 
1081350.000000 863756.000000 
1075806.000000 866534.000000 
1017484.000000 915232.000000 
940566.000000 1005318.000000 
1086052.000000 857856.000000 
989276.000000 943332.000000 
1085136.000000 858304.000000 
1054258.000000 882838.000000 
996152.000000 938882.000000 
1095384.000000 850354.000000 
1008322.000000 926062.000000 
950806.000000 989038.000000 
977456.000000 953774.000000 
1074234.000000 869698.000000 
1110710.000000 844212.000000 
1027860.000000 906326.000000 
1021496.000000 909914.000000 
1007728.000000 926564.000000 
1056476.000000 880636.000000 
1029184.000000 904398.000000 
973240.000000 955878.000000 
1052146.000000 887484.000000 
1034402.000000 896720.000000 
1018600.000000 914092.000000 
1117762.000000 835724.000000 
1043984.000000 888478.000000 
1126068.000000 834822.000000 
985626.000000 946744.000000 
944674.000000 992216.000000 
1141852.000000 818648.000000 
928936.000000 1023306.000000 
937476.000000 1020226.000000 
1053280.000000 882966.000000 
953720.000000 983662.000000 
1132244.000000 832934.000000 
1033584.000000 902136.000000 
994506.000000 939216.000000 
945678.000000 992130.000000 
989166.000000 945358.000000 
969200.000000 962668.000000 
997516.000000 935776.000000 
1113660.000000 838570.000000 
1060272.000000 872872.000000 
1104364.000000 845526.000000 
1070344.000000 870512.000000 
997326.000000 937282.000000 
1026820.000000 909356.000000 
956512.000000 971922.000000 
1118736.000000 834884.000000 
1004228.000000 928538.000000 
1135480.000000 824938.000000 
979726.000000 950210.000000 
966746.000000 965214.000000 
1134330.000000 831248.000000 
998414.000000 934640.000000 
1018710.000000 912528.000000 
996286.000000 938720.000000 
961440.000000 971222.000000 
940962.000000 1003770.000000 
1135180.000000 824990.000000 
1082636.000000 863282.000000 
1172500.000000 814434.000000 
1129190.000000 833862.000000 
1012828.000000 919006.000000 
1011948.000000 919842.000000 
1131124.000000 833714.000000 
1134996.000000 830508.000000 
1101242.000000 846562.000000 
955304.000000 976720.000000 
938476.000000 1017164.000000 
1059074.000000 880224.000000 
1055798.000000 880830.000000 
964542.000000 967534.000000 
1052702.000000 887126.000000 
952954.000000 984676.000000 
1075362.000000 868706.000000 
1070892.000000 869946.000000 
1091848.000000 852970.000000 
1008348.000000 924976.000000 
1005554.000000 928440.000000 
1029386.000000 904326.000000 
981902.000000 950082.000000 
1007334.000000 926778.000000 
987034.000000 946148.000000 
1117344.000000 837154.000000 
1155858.000000 815344.000000 
983774.000000 947116.000000 

1064088.000000 876856.000000 
1131994.000000 835988.000000 
963926.000000 981928.000000 
948322.000000 997438.000000 
1082782.000000 865488.000000 
1039412.000000 897638.000000 
963310.000000 983406.000000 
1053774.000000 882586.000000 
984146.000000 954298.000000 
919336.000000 1044176.000000 
932466.000000 1022894.000000 
956406.000000 985046.000000 
1014074.000000 928438.000000 
954340.000000 991802.000000 
1112822.000000 845416.000000 
948736.000000 992004.000000 
976778.000000 963442.000000 
1042426.000000 889732.000000 
1114110.000000 845042.000000 
936736.000000 1020212.000000 
964906.000000 974568.000000 
1014836.000000 921824.000000 
1008280.000000 930802.000000 
1038000.000000 897964.000000 
1011978.000000 929130.000000 
987134.000000 951346.000000 
1075456.000000 867504.000000 
1021174.000000 916726.000000 
1023122.000000 912480.000000 
981108.000000 957976.000000 
998398.000000 940806.000000 
1006300.000000 935382.000000 
964808.000000 980032.000000 
1097930.000000 849248.000000 
1083528.000000 863116.000000 
1067272.000000 871364.000000 
1117296.000000 842170.000000 
1106130.000000 845950.000000 
933282.000000 1022090.000000 
1061670.000000 880678.000000 
1052034.000000 885188.000000 
976428.000000 965768.000000 
988414.000000 948464.000000 
978804.000000 961778.000000 
979728.000000 961368.000000 
1014722.000000 927050.000000 
1083388.000000 864742.000000 
1153974.000000 832252.000000 
1142864.000000 834896.000000 
1017746.000000 920156.000000 
972992.000000 966598.000000 
1027422.000000 910346.000000 
925350.000000 1029152.000000 
937070.000000 1018832.000000 
999598.000000 937144.000000 
1009948.000000 929782.000000 
1014374.000000 928284.000000 
940204.000000 1012332.000000 
1126516.000000 841980.000000 
982926.000000 956150.000000 
990132.000000 944432.000000 
1091570.000000 854002.000000 
1028730.000000 908782.000000 
1074182.000000 871150.000000 
1007754.000000 931824.000000 
1127280.000000 840430.000000 
967008.000000 970868.000000 
1006918.000000 931898.000000 
1012922.000000 929118.000000 
1013254.000000 928490.000000 
996714.000000 942430.000000 
1138966.000000 835366.000000 
941562.000000 1004796.000000 
947742.000000 999098.000000 
1029014.000000 902968.000000 
945198.000000 1004398.000000 

