959386.000000 986814.000000 
999282.000000 945304.000000 
1026194.000000 923252.000000 
1013750.000000 929760.000000 
1011562.000000 935002.000000 
969450.000000 971482.000000 
1004470.000000 937300.000000 
966064.000000 978906.000000 
953024.000000 992348.000000 
960500.000000 983832.000000 
928142.000000 1027058.000000 
979834.000000 960560.000000 
978858.000000 964056.000000 
997720.000000 948622.000000 
1110980.000000 865660.000000 
1023886.000000 925138.000000 
990588.000000 950488.000000 
1056440.000000 897076.000000 
1058922.000000 892714.000000 
981092.000000 959786.000000 
1047116.000000 906350.000000 
1040768.000000 910488.000000 
1030484.000000 918224.000000 
924704.000000 1050966.000000 
1122396.000000 862056.000000 
1048750.000000 902590.000000 
1061714.000000 888602.000000 
1025604.000000 923570.000000 
1040902.000000 908118.000000 
1032196.000000 916674.000000 
1016512.000000 926018.000000 
1116300.000000 865142.000000 
1119850.000000 862090.000000 
967314.000000 977202.000000 
1077148.000000 884940.000000 
977118.000000 970130.000000 
980266.000000 960110.000000 
998502.000000 945864.000000 
1012692.000000 933068.000000 
930644.000000 1022720.000000 
925350.000000 1033916.000000 
977126.000000 966986.000000 
1038078.000000 914316.000000 
958250.000000 990320.000000 
944758.000000 997246.000000 
939184.000000 1005402.000000 
983426.000000 953444.000000 
1040532.000000 912180.000000 
999950.000000 944612.000000 
1003284.000000 939064.000000 
1010306.000000 936430.000000 
978592.000000 965010.000000 
1029266.000000 922250.000000 
1030474.000000 921734.000000 
952766.000000 995924.000000 
1029082.000000 922866.000000 
935492.000000 1017500.000000 
937598.000000 1010382.000000 
952826.000000 995804.000000 
969094.000000 975254.000000 
965864.000000 979876.000000 
1055054.000000 898064.000000 
961590.000000 983358.000000 
977936.000000 965456.000000 
973342.000000 970680.000000 
965784.000000 982526.000000 
924284.000000 1058390.000000 
995932.000000 950340.000000 
1165522.000000 845990.000000 
1133998.000000 851976.000000 
1099320.000000 871182.000000 
1150798.000000 848160.000000 
1050702.000000 901554.000000 
1086646.000000 884450.000000 
1161996.000000 846854.000000 
1133778.000000 858118.000000 
1076726.000000 885006.000000 
1089270.000000 877772.000000 
1128130.000000 858452.000000 
1070982.000000 887264.000000 
1087476.000000 877982.000000 
1072874.000000 885974.000000 
1119760.000000 864896.000000 
1072696.000000 886788.000000 

1020258.000000 926200.000000 
988804.000000 953560.000000 
1055840.000000 896274.000000 
1009572.000000 936116.000000 
973094.000000 969938.000000 
919456.000000 1037856.000000 
910806.000000 1049918.000000 
908110.000000 1058236.000000 
1061852.000000 892160.000000 
937682.000000 1018816.000000 
1082414.000000 873508.000000 
976798.000000 965300.000000 
991760.000000 951780.000000 
1011052.000000 933512.000000 
1014320.000000 930538.000000 
1013120.000000 931712.000000 
1039782.000000 902684.000000 
962358.000000 984636.000000 
1006662.000000 936980.000000 
937852.000000 1016650.000000 
923946.000000 1029182.000000 
960492.000000 986042.000000 
947528.000000 998056.000000 
922022.000000 1036744.000000 
914378.000000 1048544.000000 
1053136.000000 896496.000000 
1072358.000000 879928.000000 
981858.000000 962890.000000 
983318.000000 961518.000000 
953428.000000 991498.000000 
959200.000000 987676.000000 
1038692.000000 908412.000000 
957848.000000 988928.000000 
951832.000000 992916.000000 
956998.000000 989178.000000 
946558.000000 1004332.000000 
931598.000000 1019108.000000 
923084.000000 1035376.000000 
942562.000000 1007004.000000 
960342.000000 987508.000000 
985612.000000 958610.000000 
986702.000000 957676.000000 
1048778.000000 900712.000000 
945126.000000 1005054.000000 
946986.000000 1004072.000000 
1080070.000000 878540.000000 
1070856.000000 889952.000000 
1084412.000000 871760.000000 
1037932.000000 912986.000000 
1024704.000000 921878.000000 
945788.000000 1004470.000000 
1000888.000000 941890.000000 
1064334.000000 890406.000000 
969134.000000 975548.000000 
983160.000000 962784.000000 
1069938.000000 890298.000000 
1059720.000000 894212.000000 
1028984.000000 913326.000000 
917058.000000 1047314.000000 
986982.000000 956428.000000 
1057316.000000 895808.000000 
928604.000000 1023508.000000 
928888.000000 1022936.000000 
938112.000000 1008236.000000 
1025228.000000 919708.000000 
969258.000000 974986.000000 
992328.000000 944764.000000 
1004530.000000 939962.000000 
966036.000000 977950.000000 
966048.000000 977004.000000 
963010.000000 980250.000000 
974728.000000 968366.000000 
1021762.000000 923724.000000 
1169668.000000 848600.000000 
1107460.000000 854614.000000 
1139640.000000 853290.000000 
1134122.000000 853478.000000 
1100940.000000 864786.000000 
1077750.000000 879332.000000 
1094974.000000 871052.000000 

934144.000000 1021446.000000 
967632.000000 979038.000000 
1091948.000000 874556.000000 
1082246.000000 878978.000000 
1084000.000000 878888.000000 
995786.000000 940618.000000 
970916.000000 968228.000000 
1098126.000000 871684.000000 
1001022.000000 940466.000000 
995714.000000 945952.000000 
954932.000000 991330.000000 
988076.000000 953242.000000 
1004976.000000 935324.000000 
994348.000000 948068.000000 
932832.000000 1023958.000000 
924062.000000 1028946.000000 
947096.000000 1003486.000000 
1058768.000000 894600.000000 
962684.000000 986996.000000 
982608.000000 959324.000000 
917218.000000 1064786.000000 
950386.000000 1002476.000000 
975436.000000 966794.000000 
946290.000000 1010002.000000 
1020544.000000 922698.000000 
1074118.000000 883286.000000 
962344.000000 987122.000000 
1089684.000000 878648.000000 
979318.000000 965360.000000 
953194.000000 999332.000000 
942506.000000 1010690.000000 
922886.000000 1038362.000000 
1072102.000000 888428.000000 
953212.000000 996896.000000 
936040.000000 1011150.000000 
1003338.000000 937542.000000 
1055150.000000 897634.000000 
950950.000000 1001612.000000 
1126628.000000 840800.000000 
1108488.000000 859468.000000 
929844.000000 1025616.000000 
921280.000000 1047894.000000 
1054042.000000 899268.000000 
968420.000000 977656.000000 
964484.000000 983088.000000 
970622.000000 977484.000000 
967618.000000 981254.000000 
979940.000000 959772.000000 
966428.000000 981300.000000 
963026.000000 986336.000000 
1017324.000000 923646.000000 
985894.000000 957526.000000 
1020650.000000 921086.000000 
958398.000000 988524.000000 
1041450.000000 903016.000000 
1007354.000000 933704.000000 
990376.000000 951096.000000 
991198.000000 948642.000000 
1002280.000000 937966.000000 
1076930.000000 882772.000000 
979712.000000 963570.000000 
1003762.000000 936242.000000 
1099830.000000 862788.000000 
1118142.000000 859008.000000 
1123706.000000 858552.000000 
1032440.000000 907906.000000 
1008122.000000 928576.000000 
1021704.000000 916224.000000 
1013380.000000 924940.000000 
1069762.000000 888784.000000 
1094216.000000 874150.000000 
1097174.000000 872274.000000 
1028578.000000 914212.000000 
1052946.000000 902478.000000 
1063244.000000 893210.000000 
1098650.000000 867328.000000 
1030302.000000 913304.000000 
1067806.000000 888920.000000 
1032126.000000 909840.000000 
1081286.000000 881634.000000 
1068256.000000 888804.000000 

963628.000000 992912.000000 
991818.000000 957222.000000 
1115878.000000 845574.000000 
1116196.000000 844386.000000 
983382.000000 964248.000000 
1134048.000000 831002.000000 
1095110.000000 850858.000000 
1053710.000000 889000.000000 
1140186.000000 825802.000000 
1148556.000000 822632.000000 
1146006.000000 823506.000000 
1112646.000000 846974.000000 
1033368.000000 907748.000000 
1071246.000000 867382.000000 
964452.000000 989324.000000 
1025382.000000 919850.000000 
1061738.000000 877038.000000 
1118314.000000 838232.000000 
1013266.000000 931222.000000 
1066044.000000 876922.000000 
1011544.000000 933860.000000 
1017054.000000 925134.000000 
1114890.000000 846836.000000 
1110410.000000 849000.000000 
1106818.000000 849638.000000 
1115708.000000 846346.000000 
970542.000000 981198.000000 
1117518.000000 843044.000000 
1030126.000000 918252.000000 
986806.000000 962944.000000 
1067530.000000 873716.000000 
1086996.000000 861932.000000 
1093662.000000 854482.000000 
998226.000000 948366.000000 
975096.000000 968594.000000 
1030844.000000 915176.000000 
1090418.000000 860390.000000 
1100794.000000 850622.000000 
1056492.000000 880952.000000 
1137558.000000 826832.000000 
989004.000000 958996.000000 
1047298.000000 890340.000000 
996602.000000 949434.000000 
1125360.000000 833136.000000 
1002654.000000 941062.000000 
973910.000000 972950.000000 
1082162.000000 865702.000000 
1005806.000000 937300.000000 
999880.000000 945152.000000 
1134720.000000 830702.000000 
1160330.000000 813990.000000 
970236.000000 981666.000000 
1152584.000000 814432.000000 
1045128.000000 894514.000000 
1054234.000000 888688.000000 
1079262.000000 866804.000000 
1031176.000000 914506.000000 
1022016.000000 920456.000000 
973774.000000 978548.000000 
957470.000000 996636.000000 
1043522.000000 896454.000000 
1034676.000000 901216.000000 
1111418.000000 847230.000000 
972504.000000 980538.000000 
1016094.000000 930734.000000 
1086246.000000 863448.000000 
1091246.000000 855618.000000 
1084848.000000 865242.000000 
993210.000000 954188.000000 
944132.000000 1017254.000000 
1021502.000000 924828.000000 
968192.000000 981950.000000 
947506.000000 1012764.000000 
950594.000000 1006880.000000 
958754.000000 996510.000000 
965670.000000 987012.000000 
967372.000000 986592.000000 
952832.000000 1003778.000000 
981080.000000 968272.000000 
954932.000000 997300.000000 
982022.000000 966882.000000 
952844.000000 1000726.000000 
985932.000000 963388.000000 
954132.000000 1000678.000000 
954666.000000 998706.000000 

934080.000000 1027866.000000 
998810.000000 942622.000000 
928666.000000 1041330.000000 
1034498.000000 914108.000000 
1037276.000000 904958.000000 
947598.000000 1002462.000000 
949372.000000 1001970.000000 
944876.000000 1004874.000000 
1064198.000000 889652.000000 
932676.000000 1032154.000000 
951670.000000 986530.000000 
964850.000000 973962.000000 
988626.000000 951174.000000 
974464.000000 961488.000000 
992758.000000 951064.000000 
1019698.000000 923154.000000 
920844.000000 1048354.000000 
917428.000000 1058656.000000 
923218.000000 1045616.000000 
1021990.000000 921808.000000 
964538.000000 976716.000000 
934556.000000 1027742.000000 
943002.000000 1007110.000000 
969094.000000 972510.000000 
1057672.000000 892686.000000 
973900.000000 971944.000000 
980070.000000 954182.000000 
988728.000000 951074.000000 
1076930.000000 879744.000000 
951568.000000 997846.000000 
1056776.000000 893386.000000 
961658.000000 981394.000000 
983770.000000 951668.000000 
1017794.000000 927128.000000 
997340.000000 943608.000000 
993024.000000 945624.000000 
1085816.000000 877476.000000 
955726.000000 982206.000000 
1025506.000000 918486.000000 
1012738.000000 929164.000000 
1054606.000000 895152.000000 
1054918.000000 894670.000000 
936194.000000 1012776.000000 
938414.000000 1009708.000000 
930208.000000 1032294.000000 
1130188.000000 849858.000000 
1045278.000000 900068.000000 
1006236.000000 935190.000000 
926726.000000 1041334.000000 
1019360.000000 924458.000000 
999304.000000 936748.000000 
1064224.000000 887266.000000 
1034762.000000 909080.000000 
1144002.000000 840372.000000 
1049132.000000 897332.000000 
1010438.000000 929732.000000 
1066050.000000 884086.000000 
1076364.000000 883920.000000 
1134662.000000 849578.000000 
1078626.000000 879288.000000 
1124234.000000 851582.000000 
1025448.000000 918572.000000 
1102846.000000 866156.000000 
1061818.000000 889894.000000 
1086142.000000 871726.000000 
1114594.000000 853168.000000 
1088552.000000 869778.000000 
1122052.000000 852590.000000 
1104246.000000 861880.000000 
1136584.000000 842418.000000 
1095110.000000 868902.000000 
1111466.000000 858734.000000 
1029542.000000 916714.000000 
1112100.000000 854490.000000 
1097418.000000 867652.000000 
1107940.000000 861124.000000 
1135844.000000 847182.000000 
1139718.000000 840976.000000 

1084052.000000 866460.000000 
1078668.000000 867534.000000 
1113262.000000 843576.000000 
1109624.000000 844450.000000 
1110000.000000 843974.000000 
1051618.000000 893036.000000 
1003250.000000 944070.000000 
974840.000000 975342.000000 
1102934.000000 852546.000000 
976332.000000 968990.000000 
964402.000000 985064.000000 
1043920.000000 902228.000000 
997258.000000 950106.000000 
1088230.000000 864172.000000 
1125540.000000 835854.000000 
1065052.000000 880804.000000 
1031942.000000 915240.000000 
1056992.000000 886758.000000 
1033446.000000 908360.000000 
1117848.000000 840860.000000 
1140326.000000 828106.000000 
1132376.000000 828622.000000 
1131966.000000 829048.000000 
1124946.000000 838674.000000 
1126456.000000 833926.000000 
1153066.000000 815400.000000 
990680.000000 955952.000000 
970738.000000 983906.000000 
1025718.000000 915554.000000 
1142948.000000 827078.000000 
1161224.000000 810840.000000 
1091302.000000 863048.000000 
1017764.000000 929352.000000 
983174.000000 966478.000000 
1058708.000000 885402.000000 
955258.000000 1007442.000000 
1103454.000000 848526.000000 
1053338.000000 889606.000000 
1034420.000000 908068.000000 
1042442.000000 905394.000000 
1047484.000000 897874.000000 
1020254.000000 928576.000000 
1138466.000000 828300.000000 
1146084.000000 822008.000000 
1098054.000000 854606.000000 
1102160.000000 853436.000000 
1092660.000000 858060.000000 
1048294.000000 895422.000000 
1120228.000000 839476.000000 
973570.000000 979800.000000 
1073810.000000 870628.000000 
1096420.000000 856218.000000 
1023010.000000 928064.000000 
1004698.000000 940274.000000 
1151526.000000 818640.000000 
1091606.000000 861000.000000 
1016460.000000 931456.000000 
1091132.000000 864052.000000 
1094588.000000 857964.000000 
1072646.000000 873302.000000 
1023458.000000 924290.000000 
1024804.000000 923912.000000 
1086846.000000 864814.000000 
1095714.000000 857404.000000 
1206740.000000 795704.000000 
1084018.000000 867068.000000 
988200.000000 959612.000000 
999600.000000 946658.000000 
1109188.000000 845460.000000 
1068622.000000 876570.000000 
1037762.000000 905670.000000 
1049346.000000 893038.000000 
1115184.000000 842510.000000 
1068478.000000 879352.000000 
1013632.000000 933126.000000 
932794.000000 1036536.000000 
1009900.000000 934460.000000 
951850.000000 1010986.000000 
958866.000000 996396.000000 
942602.000000 1029752.000000 
944100.000000 1024248.000000 
956140.000000 1004466.000000 
970876.000000 981812.000000 
987250.000000 966068.000000 
982942.000000 968438.000000 
995188.000000 952862.000000 

1058346.000000 897858.000000 
946450.000000 1002236.000000 
966228.000000 976648.000000 
1065112.000000 887410.000000 
1025682.000000 925818.000000 
1046784.000000 905232.000000 
971556.000000 971212.000000 
925022.000000 1029520.000000 
927212.000000 1024674.000000 
949788.000000 993722.000000 
943998.000000 1007176.000000 
959196.000000 986382.000000 
986602.000000 952760.000000 
959416.000000 986208.000000 
993668.000000 950028.000000 
976696.000000 963944.000000 
1026374.000000 921848.000000 
943140.000000 1012306.000000 
1064308.000000 890928.000000 
981566.000000 959184.000000 
1001210.000000 944494.000000 
989602.000000 952524.000000 
984002.000000 958934.000000 
984602.000000 957720.000000 
962116.000000 984646.000000 
966132.000000 978438.000000 
1001904.000000 941202.000000 
1077910.000000 881190.000000 
1069874.000000 881228.000000 
1059336.000000 896376.000000 
958626.000000 986904.000000 
954920.000000 988014.000000 
950516.000000 992364.000000 
1051996.000000 898008.000000 
970930.000000 972640.000000 
973570.000000 969850.000000 
995438.000000 949084.000000 
963314.000000 980462.000000 
962236.000000 981138.000000 
1000896.000000 944688.000000 
979162.000000 961666.000000 
968450.000000 972750.000000 
957548.000000 987522.000000 
929314.000000 1023748.000000 
1029018.000000 914958.000000 
1008362.000000 936210.000000 
1007302.000000 936798.000000 
906584.000000 1064960.000000 
933912.000000 1023342.000000 
1078208.000000 871184.000000 
949282.000000 1000208.000000 
997818.000000 946954.000000 
936074.000000 1012572.000000 
1026350.000000 922510.000000 
1012458.000000 933976.000000 
974618.000000 965420.000000 
997622.000000 948746.000000 
943732.000000 1009042.000000 
1023438.000000 926044.000000 
1015370.000000 928678.000000 
1003088.000000 937736.000000 
919138.000000 1056030.000000 
1026836.000000 920598.000000 
1015784.000000 926148.000000 
1039574.000000 910666.000000 
1044254.000000 908754.000000 
1158916.000000 844362.000000 
1107404.000000 856024.000000 
1092348.000000 867510.000000 
1120188.000000 853068.000000 
1139628.000000 852870.000000 
1120000.000000 855280.000000 
1104364.000000 865560.000000 
1107362.000000 865216.000000 
1032864.000000 911994.000000 
1152288.000000 849030.000000 
1013358.000000 930612.000000 
1046628.000000 905482.000000 
1012796.000000 933158.000000 
1041268.000000 908870.000000 
993190.000000 951858.000000 
1037324.000000 910726.000000 
1064930.000000 890350.000000 
1143070.000000 851308.000000 
1147636.000000 850072.000000 
1050954.000000 903258.000000 
999196.000000 945710.000000 
998346.000000 946418.000000 

923076.000000 1038102.000000 
928036.000000 1020986.000000 
918814.000000 1040792.000000 
913804.000000 1059282.000000 
917904.000000 1054726.000000 
1024554.000000 922666.000000 
923786.000000 1036528.000000 
925720.000000 1035516.000000 
928002.000000 1035464.000000 
1069998.000000 885366.000000 
1018932.000000 924154.000000 
1042152.000000 901068.000000 
1000842.000000 945446.000000 
1052406.000000 899250.000000 
1041972.000000 906834.000000 
973126.000000 969174.000000 
1060380.000000 889604.000000 
1008016.000000 937418.000000 
997284.000000 948482.000000 
1012560.000000 932546.000000 
999112.000000 947218.000000 
1016376.000000 927696.000000 
1011994.000000 933186.000000 
962992.000000 976674.000000 
956250.000000 987692.000000 
1027344.000000 921906.000000 
1055750.000000 892782.000000 
985520.000000 958706.000000 
1011648.000000 934540.000000 
1035014.000000 911536.000000 
1034754.000000 915488.000000 
1029752.000000 916804.000000 
1028346.000000 920786.000000 
987448.000000 955426.000000 
974802.000000 965886.000000 
1015228.000000 928096.000000 
939636.000000 998238.000000 
967914.000000 975164.000000 
957506.000000 980290.000000 
1069590.000000 885660.000000 
987974.000000 949600.000000 
1001756.000000 941420.000000 
978920.000000 962664.000000 
1087610.000000 871792.000000 
1070614.000000 878512.000000 
1083524.000000 878368.000000 
1001988.000000 937916.000000 
953654.000000 991422.000000 
1029312.000000 919136.000000 
935510.000000 1015834.000000 
1174132.000000 824870.000000 
1157214.000000 832776.000000 
1170794.000000 826254.000000 
1124216.000000 852838.000000 
1084790.000000 875396.000000 
1134266.000000 847570.000000 
1076520.000000 878450.000000 
1065380.000000 887196.000000 
1014330.000000 932354.000000 
1149748.000000 844436.000000 
1037272.000000 909548.000000 
1120618.000000 856548.000000 
1023686.000000 923706.000000 
1141930.000000 846740.000000 
1087964.000000 870182.000000 
1091952.000000 867196.000000 
1105480.000000 865956.000000 
1054282.000000 895300.000000 
1149756.000000 837690.000000 
1098094.000000 866916.000000 
1114048.000000 858864.000000 
1151502.000000 836156.000000 
1060082.000000 892770.000000 
1145220.000000 844928.000000 
1109428.000000 861412.000000 
1106182.000000 864346.000000 
1033924.000000 915662.000000 
1051194.000000 899844.000000 
1112554.000000 859948.000000 

1097862.000000 869414.000000 
981570.000000 959984.000000 
1035076.000000 912234.000000 
951342.000000 992146.000000 
937874.000000 1006334.000000 
948972.000000 995244.000000 
978174.000000 962496.000000 
999240.000000 941656.000000 
981828.000000 959424.000000 
933678.000000 1011312.000000 
927180.000000 1017198.000000 
1050740.000000 905494.000000 
1052594.000000 900322.000000 
908736.000000 1055634.000000 
1009766.000000 930596.000000 
968822.000000 972196.000000 
978268.000000 960410.000000 
1031326.000000 918250.000000 
1032326.000000 916162.000000 
968742.000000 974712.000000 
1026372.000000 918602.000000 
1057556.000000 897868.000000 
927102.000000 1020120.000000 
924352.000000 1024984.000000 
937552.000000 1011216.000000 
1123680.000000 847614.000000 
931196.000000 1011348.000000 
973006.000000 968932.000000 
1012100.000000 925642.000000 
1010904.000000 928288.000000 
1049898.000000 905530.000000 
916114.000000 1045636.000000 
976296.000000 965588.000000 
957494.000000 985598.000000 
925710.000000 1021366.000000 
964940.000000 979558.000000 
1067204.000000 893340.000000 
1062752.000000 893420.000000 
1077744.000000 879660.000000 
1099202.000000 862472.000000 
1094402.000000 870248.000000 
1082080.000000 876090.000000 
985638.000000 956974.000000 
916690.000000 1033490.000000 
943062.000000 1002032.000000 
1002924.000000 935638.000000 
989800.000000 945752.000000 
910646.000000 1046644.000000 
956400.000000 987524.000000 
1016552.000000 924966.000000 
1093214.000000 871938.000000 
1074512.000000 885368.000000 
996280.000000 945302.000000 
1087456.000000 872578.000000 
968906.000000 969052.000000 
916164.000000 1044716.000000 
985684.000000 954186.000000 
953916.000000 988664.000000 
1025608.000000 920912.000000 
1017722.000000 924694.000000 
989770.000000 952910.000000 
1051660.000000 903766.000000 
944232.000000 997002.000000 
1098924.000000 866474.000000 
1113370.000000 859588.000000 
1051492.000000 904732.000000 
1025400.000000 923882.000000 
919358.000000 1029290.000000 
995996.000000 945428.000000 
998750.000000 941766.000000 
1010560.000000 930038.000000 
977578.000000 964906.000000 
1010900.000000 929000.000000 
941834.000000 1002562.000000 
959420.000000 985222.000000 
962940.000000 979716.000000 
965376.000000 975292.000000 
953594.000000 989402.000000 
1000516.000000 939688.000000 
1003946.000000 934168.000000 
1166842.000000 828790.000000 
1040948.000000 907064.000000 
1067236.000000 887958.000000 
1144272.000000 841720.000000 
1060264.000000 894584.000000 
1115576.000000 854574.000000 
1158952.000000 837782.000000 
1113944.000000 855002.000000 
1152954.000000 839626.000000 
1140290.000000 846696.000000 
1156086.000000 839270.000000 
1158292.000000 838068.000000 

982594.000000 962982.000000 
979726.000000 972004.000000 
997706.000000 951096.000000 
1072514.000000 877330.000000 
1137586.000000 813500.000000 
1076126.000000 870870.000000 
1086098.000000 865352.000000 
1079408.000000 869348.000000 
1088514.000000 854616.000000 
1098064.000000 852686.000000 
990706.000000 958084.000000 
1047260.000000 895628.000000 
1040714.000000 901360.000000 
1026840.000000 911832.000000 
1039110.000000 905744.000000 
1063964.000000 883852.000000 
1104002.000000 844288.000000 
1067876.000000 878856.000000 
1060020.000000 886766.000000 
1055450.000000 887516.000000 
1055254.000000 889500.000000 
1115800.000000 837918.000000 
1085522.000000 866748.000000 
1087438.000000 863786.000000 
1005838.000000 943410.000000 
1000734.000000 947004.000000 
1055114.000000 893180.000000 
1043346.000000 900768.000000 
1046046.000000 899526.000000 
1009290.000000 940142.000000 
1113174.000000 841436.000000 
1034552.000000 908988.000000 
1053534.000000 894282.000000 
1021814.000000 922638.000000 
1031350.000000 910576.000000 
1012738.000000 934156.000000 
1078200.000000 870578.000000 
1074464.000000 873940.000000 
1070696.000000 877548.000000 
1101346.000000 852448.000000 
1061508.000000 885876.000000 
1066830.000000 881780.000000 
1102810.000000 847900.000000 
977012.000000 973280.000000 
1101314.000000 852676.000000 
995406.000000 951176.000000 
1074528.000000 872778.000000 
1115602.000000 839982.000000 
1119278.000000 824584.000000 
1131096.000000 823670.000000 
1013134.000000 923326.000000 
971612.000000 977932.000000 
1025918.000000 912954.000000 
1136798.000000 823224.000000 
1007296.000000 941778.000000 
1096704.000000 853904.000000 
1130760.000000 823746.000000 
953132.000000 1012816.000000 
1019592.000000 922682.000000 
1031946.000000 909788.000000 
1011498.000000 936696.000000 
961228.000000 995680.000000 
954268.000000 1008010.000000 
987330.000000 962332.000000 
967482.000000 987006.000000 
995292.000000 956028.000000 
979882.000000 969648.000000 
979520.000000 972540.000000 
1010552.000000 938118.000000 
963026.000000 990782.000000 
965004.000000 988256.000000 

1156202.000000 823166.000000 
1087266.000000 866388.000000 
1084956.000000 867882.000000 
1052022.000000 892102.000000 
1056654.000000 887976.000000 
1011732.000000 929874.000000 
1119058.000000 834560.000000 
1026504.000000 918296.000000 
1000390.000000 942536.000000 
1029546.000000 913528.000000 
1032384.000000 910428.000000 
1014238.000000 919668.000000 
1098772.000000 857494.000000 
1129796.000000 833220.000000 
1138830.000000 830168.000000 
1077174.000000 868590.000000 
1151746.000000 825872.000000 
1164464.000000 820414.000000 
1090242.000000 862780.000000 
1099798.000000 850314.000000 
1067684.000000 877348.000000 
1090282.000000 857828.000000 
1177774.000000 807132.000000 
1181540.000000 805122.000000 
989848.000000 953108.000000 
1166638.000000 815240.000000 
1173332.000000 812878.000000 
1040842.000000 907506.000000 
1065184.000000 887056.000000 
973616.000000 973934.000000 
980938.000000 972906.000000 
1136358.000000 831026.000000 
1145778.000000 826392.000000 
1076912.000000 872524.000000 
1041384.000000 901008.000000 
1045696.000000 897044.000000 
1075444.000000 873918.000000 
1004964.000000 935146.000000 
1036908.000000 907726.000000 
1067506.000000 886042.000000 
1003380.000000 937752.000000 
1113004.000000 840638.000000 
1110136.000000 843526.000000 
1066716.000000 886202.000000 
1062382.000000 887622.000000 
955514.000000 1037288.000000 
966256.000000 997262.000000 
961810.000000 1015878.000000 
960516.000000 1026516.000000 
986040.000000 957564.000000 
956716.000000 1028936.000000 
997228.000000 948298.000000 
969160.000000 994760.000000 
982836.000000 965798.000000 
1029174.000000 916694.000000 
971636.000000 986860.000000 
980352.000000 973224.000000 
972964.000000 983210.000000 

958942.000000 987992.000000 
947550.000000 999830.000000 
937672.000000 1012424.000000 
947066.000000 1004546.000000 
984040.000000 954222.000000 
1004984.000000 930012.000000 
1013296.000000 926100.000000 
1080986.000000 875966.000000 
983008.000000 956010.000000 
1008456.000000 926948.000000 
944870.000000 1006840.000000 
974812.000000 962494.000000 
1053840.000000 894568.000000 
1046480.000000 897660.000000 
971332.000000 966098.000000 
934876.000000 1013052.000000 
1100586.000000 867066.000000 
1099196.000000 868448.000000 
1126152.000000 841662.000000 
996308.000000 939112.000000 
1118878.000000 854104.000000 
1071172.000000 883626.000000 
1079840.000000 879788.000000 
1039302.000000 904546.000000 
1021664.000000 916828.000000 
1009568.000000 926254.000000 
963546.000000 975948.000000 
968966.000000 970838.000000 
1004174.000000 934210.000000 
969136.000000 966148.000000 
953528.000000 990040.000000 
965968.000000 972630.000000 
1022694.000000 914812.000000 
974758.000000 963114.000000 
982922.000000 956948.000000 
974568.000000 964024.000000 
1098804.000000 870366.000000 
925356.000000 1045912.000000 
919860.000000 1051152.000000 
927468.000000 1040494.000000 
928810.000000 1020638.000000 
1037736.000000 907178.000000 
927394.000000 1043082.000000 
959808.000000 981918.000000 
1079630.000000 880494.000000 
998468.000000 936186.000000 
941174.000000 1008228.000000 
991814.000000 941540.000000 
956600.000000 989480.000000 
963736.000000 972950.000000 
1063498.000000 887730.000000 
1091646.000000 871498.000000 
951822.000000 997550.000000 
962974.000000 981178.000000 
1000088.000000 934242.000000 
1014742.000000 925300.000000 
1019870.000000 919350.000000 
1015334.000000 924276.000000 
952786.000000 996286.000000 
1069422.000000 885270.000000 
1078900.000000 883122.000000 
975832.000000 959528.000000 
943544.000000 1007792.000000 
957920.000000 988272.000000 
977672.000000 958502.000000 
986080.000000 945812.000000 
991448.000000 945200.000000 
984546.000000 950112.000000 
939700.000000 1009288.000000 
1180888.000000 829134.000000 
1172134.000000 832944.000000 
1150658.000000 837918.000000 
1111580.000000 856074.000000 
1141584.000000 841568.000000 
995538.000000 940638.000000 
1015378.000000 921310.000000 
1110242.000000 865004.000000 
1125096.000000 851096.000000 
1032586.000000 907386.000000 
1060926.000000 888348.000000 
1026918.000000 912754.000000 
1065396.000000 886488.000000 
1121208.000000 851500.000000 
1055768.000000 892516.000000 
1030730.000000 907554.000000 
1042468.000000 903648.000000 
1019166.000000 920112.000000 
1054090.000000 894524.000000 
1024550.000000 913738.000000 
1041490.000000 904036.000000 

1024378.000000 924082.000000 
1054592.000000 891466.000000 
1073056.000000 878904.000000 
969126.000000 969982.000000 
1048290.000000 896144.000000 
1027480.000000 919520.000000 
1058580.000000 889062.000000 
1060108.000000 888968.000000 
1050844.000000 893444.000000 
1064700.000000 882678.000000 
1077880.000000 867894.000000 
1106856.000000 850612.000000 
1104258.000000 853230.000000 
1019610.000000 927760.000000 
1114678.000000 845562.000000 
1124440.000000 840066.000000 
1009238.000000 935152.000000 
1046916.000000 900938.000000 
1070872.000000 881190.000000 
1135000.000000 837186.000000 
1100144.000000 854744.000000 
1092160.000000 859126.000000 
1096882.000000 854960.000000 
1075272.000000 877318.000000 
997186.000000 947972.000000 
1047088.000000 899654.000000 
1142534.000000 833706.000000 
1014924.000000 930148.000000 
1120742.000000 840494.000000 
1126952.000000 839698.000000 
1105920.000000 851784.000000 
1023530.000000 926430.000000 
1071136.000000 879182.000000 
1160958.000000 824192.000000 
959844.000000 994916.000000 
1039930.000000 904972.000000 
1028884.000000 918458.000000 
1132896.000000 837508.000000 
1039894.000000 908972.000000 
1101894.000000 854436.000000 
1104658.000000 852382.000000 
1037828.000000 909162.000000 
1140472.000000 836234.000000 
1086074.000000 865220.000000 
1148480.000000 833212.000000 
966474.000000 979798.000000 
1031530.000000 916516.000000 
965938.000000 984450.000000 
978178.000000 967860.000000 
1061622.000000 887360.000000 
1156552.000000 830596.000000 
1151842.000000 831194.000000 
1033286.000000 909656.000000 
1020748.000000 926526.000000 
1015702.000000 928100.000000 
939660.000000 1033658.000000 
940494.000000 1018240.000000 
984336.000000 955394.000000 
983864.000000 965482.000000 
1001028.000000 946676.000000 
1004676.000000 935996.000000 
947886.000000 1014398.000000 
951080.000000 997902.000000 
948784.000000 1005970.000000 
992288.000000 953582.000000 
1047706.000000 899634.000000 
978286.000000 965966.000000 
961796.000000 988092.000000 
945510.000000 1017066.000000 
1007658.000000 935888.000000 
960664.000000 992576.000000 
978038.000000 968570.000000 
956794.000000 997854.000000 
996268.000000 949892.000000 
1044788.000000 902054.000000 
965122.000000 985084.000000 
966196.000000 981660.000000 
950892.000000 1002134.000000 
957660.000000 996444.000000 
993712.000000 952178.000000 
950178.000000 1004680.000000 

1145670.000000 826136.000000 
1133364.000000 829334.000000 
1036878.000000 905568.000000 
1005890.000000 935716.000000 
1117418.000000 840034.000000 
1108600.000000 848236.000000 
1061608.000000 884942.000000 
1056804.000000 885234.000000 
1145780.000000 821602.000000 
1109812.000000 848134.000000 
1072480.000000 868670.000000 
1051248.000000 887638.000000 
1080080.000000 864534.000000 
1030642.000000 911118.000000 
972040.000000 981338.000000 
1005514.000000 940370.000000 
1121270.000000 835708.000000 
1110162.000000 843588.000000 
1088746.000000 859744.000000 
1062938.000000 880026.000000 
1044810.000000 900740.000000 
996578.000000 944162.000000 
1029718.000000 916292.000000 
1010482.000000 927696.000000 
1100504.000000 848760.000000 
1090304.000000 856158.000000 
1097238.000000 853844.000000 
1096634.000000 854550.000000 
1104180.000000 848254.000000 
1034690.000000 908170.000000 
955374.000000 1008740.000000 
963674.000000 990814.000000 
1120124.000000 837654.000000 
978328.000000 974196.000000 
962958.000000 1002612.000000 
1044870.000000 894434.000000 
984354.000000 962134.000000 
1043252.000000 901256.000000 
1127072.000000 834990.000000 
992588.000000 953824.000000 
1017524.000000 921016.000000 
1089712.000000 858310.000000 
982970.000000 970776.000000 
1008386.000000 930032.000000 
970474.000000 986638.000000 
1065846.000000 874690.000000 
1030368.000000 911772.000000 
1030998.000000 909258.000000 
1050322.000000 891834.000000 
1022360.000000 920940.000000 
1035994.000000 906844.000000 
1024716.000000 916616.000000 
1038788.000000 904384.000000 
1066856.000000 874550.000000 
958340.000000 1007564.000000 
983028.000000 966028.000000 
1016330.000000 926250.000000 
1086456.000000 861760.000000 
1077962.000000 867328.000000 
996150.000000 946974.000000 
961152.000000 1004136.000000 
996138.000000 950186.000000 
1001930.000000 943016.000000 
1075326.000000 867652.000000 
1085510.000000 864428.000000 
999086.000000 943216.000000 
994246.000000 951674.000000 
1023910.000000 918296.000000 
1096062.000000 855370.000000 

1096760.000000 854868.000000 
1108954.000000 846588.000000 
1086758.000000 861510.000000 
1031340.000000 915880.000000 
1048850.000000 893792.000000 
1107418.000000 853790.000000 
1034992.000000 910886.000000 
1150400.000000 830954.000000 
1148762.000000 834810.000000 
1157120.000000 830082.000000 
992226.000000 956260.000000 
1121732.000000 844070.000000 
1039984.000000 898660.000000 
1051192.000000 892794.000000 
1021912.000000 918270.000000 
1037250.000000 909186.000000 
1127284.000000 835910.000000 
1031640.000000 912400.000000 
1002072.000000 943514.000000 
1017084.000000 923888.000000 
1179298.000000 829582.000000 
1109572.000000 846152.000000 
1082764.000000 864030.000000 
1015034.000000 926948.000000 
961366.000000 991722.000000 
1038414.000000 907204.000000 
1092940.000000 860796.000000 
1090030.000000 861358.000000 
1056664.000000 884780.000000 
1073270.000000 874266.000000 
1060606.000000 879744.000000 
1074598.000000 869928.000000 
1082032.000000 866046.000000 
987892.000000 956320.000000 
1044616.000000 894608.000000 
1022904.000000 917400.000000 
1071214.000000 876088.000000 
1012324.000000 930108.000000 
1006972.000000 940738.000000 
994136.000000 953470.000000 
999374.000000 946330.000000 
1060142.000000 882092.000000 
1055708.000000 887906.000000 
1020022.000000 921178.000000 
1031600.000000 914290.000000 
1051012.000000 893472.000000 
994930.000000 951438.000000 
1044000.000000 895968.000000 
1053856.000000 889152.000000 
1065828.000000 876182.000000 
1076730.000000 866618.000000 
947290.000000 1035698.000000 
955252.000000 1016586.000000 
1002774.000000 941718.000000 
958820.000000 1005564.000000 
960618.000000 993172.000000 
995822.000000 948970.000000 
1011984.000000 936296.000000 
971074.000000 978120.000000 
977314.000000 976556.000000 
980462.000000 969138.000000 
967530.000000 987630.000000 
964046.000000 989900.000000 
979418.000000 973354.000000 
984522.000000 969094.000000 
969170.000000 982574.000000 
977322.000000 974198.000000 
968824.000000 983540.000000 

1049712.000000 897210.000000 
963728.000000 980954.000000 
918724.000000 1040866.000000 
1102580.000000 864882.000000 
1090862.000000 874736.000000 
1011054.000000 932308.000000 
951902.000000 987344.000000 
946204.000000 996778.000000 
951286.000000 996592.000000 
915888.000000 1054892.000000 
928028.000000 1023958.000000 
925176.000000 1029388.000000 
994618.000000 951276.000000 
1049148.000000 903706.000000 
1017294.000000 932090.000000 
1028024.000000 917932.000000 
987716.000000 958064.000000 
935548.000000 1015340.000000 
1003686.000000 940832.000000 
981794.000000 962768.000000 
989702.000000 952734.000000 
982360.000000 961082.000000 
1018018.000000 931764.000000 
995092.000000 949534.000000 
988874.000000 957422.000000 
998774.000000 944602.000000 
980646.000000 963310.000000 
1060704.000000 893938.000000 
1095704.000000 869234.000000 
919496.000000 1040772.000000 
1085180.000000 876816.000000 
983002.000000 960776.000000 
940238.000000 1005690.000000 
1044866.000000 904276.000000 
943144.000000 1002360.000000 
1058010.000000 896028.000000 
968064.000000 971814.000000 
1057640.000000 896264.000000 
1059280.000000 895878.000000 
967474.000000 979272.000000 
998334.000000 946936.000000 
1086826.000000 874836.000000 
964006.000000 979950.000000 
920500.000000 1033390.000000 
930548.000000 1016460.000000 
955360.000000 983196.000000 
983960.000000 959684.000000 
1028896.000000 911672.000000 
1018188.000000 924284.000000 
976332.000000 964582.000000 
1034816.000000 908570.000000 
1026030.000000 919336.000000 
1060162.000000 895390.000000 
1061350.000000 891782.000000 
1032584.000000 909028.000000 
1093762.000000 872010.000000 
959880.000000 982190.000000 
985178.000000 958330.000000 
1121456.000000 850890.000000 
1117892.000000 853984.000000 
1061758.000000 890758.000000 
913330.000000 1081560.000000 
912046.000000 1083632.000000 
1099694.000000 866416.000000 
1003708.000000 935050.000000 
1012710.000000 932100.000000 
972430.000000 970382.000000 
1123986.000000 846138.000000 
1118826.000000 851704.000000 
1109960.000000 858542.000000 
1163368.000000 831572.000000 
1064048.000000 883458.000000 
1138736.000000 837484.000000 
1078062.000000 880594.000000 
1152258.000000 835850.000000 
1078642.000000 878754.000000 
1111506.000000 854882.000000 
1041184.000000 904860.000000 
1109348.000000 859720.000000 
1104408.000000 860736.000000 
1119968.000000 851234.000000 
1158180.000000 833814.000000 
1049502.000000 903514.000000 
1097644.000000 867532.000000 
1099944.000000 866044.000000 
1135060.000000 842268.000000 
1045172.000000 903918.000000 
1131196.000000 845770.000000 
1134564.000000 842738.000000 
1042642.000000 904574.000000 

1086322.000000 869952.000000 
1015126.000000 926848.000000 
1003402.000000 935422.000000 
1066428.000000 888342.000000 
922936.000000 1034580.000000 
982408.000000 955680.000000 
972656.000000 964576.000000 
1068326.000000 885248.000000 
1069624.000000 884808.000000 
1070394.000000 883582.000000 
1062936.000000 890048.000000 
1022360.000000 916326.000000 
937882.000000 1014270.000000 
988894.000000 945750.000000 
968952.000000 976322.000000 
1001696.000000 936060.000000 
1053754.000000 894314.000000 
1066974.000000 887310.000000 
980892.000000 961702.000000 
941712.000000 1011882.000000 
945238.000000 1005570.000000 
1019046.000000 924514.000000 
976658.000000 963590.000000 
1019282.000000 922954.000000 
1017000.000000 925658.000000 
993276.000000 944832.000000 
1029922.000000 912384.000000 
998106.000000 937322.000000 
942572.000000 1010878.000000 
914980.000000 1047774.000000 
924158.000000 1033136.000000 
971130.000000 972370.000000 
951618.000000 994048.000000 
948070.000000 1001946.000000 
947672.000000 1003116.000000 
1091708.000000 864994.000000 
922562.000000 1040104.000000 
987904.000000 955326.000000 
1035564.000000 909820.000000 
943772.000000 1005752.000000 
1074622.000000 879826.000000 
959838.000000 984700.000000 
949128.000000 995988.000000 
1126300.000000 850862.000000 
996498.000000 943682.000000 
1010030.000000 928576.000000 
939612.000000 1013510.000000 
1036056.000000 906770.000000 
960964.000000 977182.000000 
956590.000000 984830.000000 
954422.000000 989854.000000 
934402.000000 1017192.000000 
926876.000000 1024444.000000 
922924.000000 1034640.000000 
929822.000000 1018054.000000 
1072932.000000 881138.000000 
971194.000000 967674.000000 
1006546.000000 929942.000000 
1038914.000000 906480.000000 
1053186.000000 895154.000000 
970722.000000 973590.000000 
1041160.000000 905904.000000 
944630.000000 1005744.000000 
1052434.000000 896948.000000 
1069914.000000 884742.000000 
1052330.000000 898202.000000 
981274.000000 959990.000000 
1084888.000000 871758.000000 
1084118.000000 873156.000000 
1019906.000000 920910.000000 
1150016.000000 850280.000000 
1131198.000000 850644.000000 
1094166.000000 861516.000000 
1112544.000000 853670.000000 
1082034.000000 879170.000000 
1072604.000000 881192.000000 
1126068.000000 850996.000000 
1082088.000000 874402.000000 
1106462.000000 860430.000000 
1102140.000000 861096.000000 
1060084.000000 891136.000000 
1109726.000000 855534.000000 
1046562.000000 901900.000000 
1058702.000000 891390.000000 
1051696.000000 900410.000000 
1046718.000000 901614.000000 
1051874.000000 899412.000000 

1092984.000000 879094.000000 
937946.000000 1014346.000000 
1027362.000000 920506.000000 
1062224.000000 890484.000000 
906020.000000 1068154.000000 
927694.000000 1031766.000000 
928684.000000 1024992.000000 
934518.000000 1019440.000000 
949060.000000 997846.000000 
941900.000000 1012040.000000 
942718.000000 1006380.000000 
946728.000000 1006026.000000 
1070468.000000 888402.000000 
953242.000000 993650.000000 
972274.000000 965198.000000 
957470.000000 984232.000000 
1061228.000000 892996.000000 
937412.000000 1018192.000000 
1017216.000000 929814.000000 
916170.000000 1050448.000000 
997766.000000 938990.000000 
913362.000000 1056176.000000 
906952.000000 1066022.000000 
923744.000000 1035224.000000 
918566.000000 1042916.000000 
946766.000000 1002044.000000 
927758.000000 1027522.000000 
1055474.000000 899690.000000 
1036812.000000 909860.000000 
1051064.000000 899694.000000 
933884.000000 1024830.000000 
966560.000000 969472.000000 
958246.000000 982544.000000 
1001318.000000 937660.000000 
989290.000000 945370.000000 
982480.000000 955206.000000 
977396.000000 962694.000000 
986734.000000 954230.000000 
995152.000000 944608.000000 
1010950.000000 931942.000000 
1060602.000000 897830.000000 
1008430.000000 933156.000000 
966306.000000 975202.000000 
1038956.000000 908588.000000 
976212.000000 964672.000000 
938750.000000 1013930.000000 
937488.000000 1015822.000000 
960208.000000 978668.000000 
1046710.000000 904858.000000 
1013276.000000 931020.000000 
1044030.000000 906594.000000 
1027878.000000 918728.000000 
1057138.000000 898926.000000 
982368.000000 960614.000000 
939790.000000 1013432.000000 
919638.000000 1038856.000000 
924996.000000 1034102.000000 
1021854.000000 925320.000000 
1021292.000000 925886.000000 
1015136.000000 930874.000000 
915734.000000 1051064.000000 
909184.000000 1060812.000000 
1006200.000000 936352.000000 
1023706.000000 920740.000000 
1016490.000000 930516.000000 
1098880.000000 872546.000000 
950888.000000 993886.000000 
942180.000000 1009472.000000 
1031148.000000 914932.000000 
1048042.000000 902432.000000 
1048592.000000 902268.000000 
1163662.000000 846290.000000 
1127534.000000 849026.000000 
1127422.000000 858966.000000 
1112382.000000 859614.000000 
1100618.000000 866506.000000 
1108906.000000 866260.000000 
1018538.000000 926884.000000 
1027562.000000 919270.000000 
1094336.000000 874510.000000 
1093074.000000 876804.000000 
1082612.000000 879642.000000 
1076438.000000 882930.000000 
1086568.000000 879204.000000 
1016354.000000 930588.000000 
1073258.000000 887916.000000 
1074406.000000 883952.000000 
1074132.000000 886064.000000 

1054710.000000 890262.000000 
1046686.000000 898012.000000 
979894.000000 961888.000000 
1018962.000000 921478.000000 
993734.000000 941918.000000 
1040414.000000 906638.000000 
1117232.000000 844166.000000 
1107548.000000 848518.000000 
1160992.000000 824484.000000 
1152272.000000 827700.000000 
1149068.000000 829388.000000 
1026364.000000 916612.000000 
1043016.000000 903058.000000 
1053210.000000 895574.000000 
1024990.000000 917938.000000 
1183860.000000 812682.000000 
1014908.000000 929516.000000 
1089150.000000 865576.000000 
1076966.000000 873802.000000 
1064512.000000 885256.000000 
1136980.000000 833704.000000 
992600.000000 945370.000000 
1138774.000000 832250.000000 
1141692.000000 829622.000000 
1123418.000000 837486.000000 
958260.000000 988480.000000 
1113512.000000 845362.000000 
1058634.000000 888846.000000 
1032304.000000 910948.000000 
1078800.000000 871842.000000 
1174038.000000 819652.000000 
951390.000000 997758.000000 
985304.000000 954242.000000 
1126236.000000 835192.000000 
1008300.000000 931048.000000 
1162122.000000 820710.000000 
1061134.000000 888648.000000 
1052078.000000 897704.000000 
1066144.000000 878536.000000 
1035908.000000 909780.000000 
1101044.000000 849404.000000 
1078892.000000 869740.000000 
999372.000000 941450.000000 
1141130.000000 831802.000000 
1013094.000000 930030.000000 
1015614.000000 924390.000000 
1042818.000000 904058.000000 
1193450.000000 810728.000000 
1004046.000000 934248.000000 
1037982.000000 907192.000000 
1062838.000000 886086.000000 
1040948.000000 906140.000000 
1054372.000000 892984.000000 
1075854.000000 874560.000000 
1175844.000000 817446.000000 
1041780.000000 905720.000000 
1078732.000000 872084.000000 
1163738.000000 819802.000000 
1046162.000000 902338.000000 
1021930.000000 920570.000000 
1002454.000000 936216.000000 
1037420.000000 908984.000000 
1027138.000000 912886.000000 
1061586.000000 888432.000000 
1117382.000000 840596.000000 
1119972.000000 840284.000000 
1070910.000000 877922.000000 
1079702.000000 865650.000000 
1089218.000000 862230.000000 
1093756.000000 854440.000000 
1110916.000000 845686.000000 
1034926.000000 910878.000000 
945014.000000 1009682.000000 
973246.000000 964490.000000 
973008.000000 978802.000000 
980802.000000 956708.000000 
950200.000000 1002066.000000 
962970.000000 987004.000000 
1002384.000000 939032.000000 
1051466.000000 897882.000000 
969500.000000 982714.000000 
963854.000000 983540.000000 
988142.000000 953594.000000 
970724.000000 979034.000000 

993718.000000 950126.000000 
1000284.000000 943520.000000 
915310.000000 1046130.000000 
941396.000000 1006614.000000 
917396.000000 1043546.000000 
915252.000000 1055330.000000 
971754.000000 975036.000000 
1043626.000000 904354.000000 
1053864.000000 895236.000000 
931230.000000 1019796.000000 
939718.000000 1007448.000000 
968636.000000 978762.000000 
1058090.000000 885726.000000 
1062270.000000 880914.000000 
967990.000000 980860.000000 
958362.000000 987600.000000 
979796.000000 967232.000000 
944870.000000 1002792.000000 
1022998.000000 921430.000000 
910232.000000 1057138.000000 
954668.000000 992474.000000 
956288.000000 987602.000000 
1132750.000000 848796.000000 
1121762.000000 849986.000000 
929264.000000 1020160.000000 
964152.000000 982938.000000 
927578.000000 1025542.000000 
961946.000000 983118.000000 
964142.000000 983074.000000 
996300.000000 948788.000000 
933892.000000 1015154.000000 
918010.000000 1029558.000000 
922248.000000 1028664.000000 
994476.000000 949096.000000 
954542.000000 993640.000000 
1055328.000000 894718.000000 
1087848.000000 865602.000000 
1020654.000000 925264.000000 
1037502.000000 907122.000000 
1048056.000000 898210.000000 
951816.000000 995320.000000 
990248.000000 952084.000000 
935408.000000 1013592.000000 
944564.000000 1006036.000000 
989158.000000 953380.000000 
996346.000000 948702.000000 
978446.000000 967322.000000 
935622.000000 1011916.000000 
939558.000000 1010202.000000 
947376.000000 995686.000000 
1028232.000000 918060.000000 
1022766.000000 924366.000000 
1051524.000000 897394.000000 
979872.000000 958464.000000 
972972.000000 968720.000000 
1028150.000000 918556.000000 
971022.000000 977870.000000 
1029514.000000 913354.000000 
1005030.000000 935438.000000 
983420.000000 957792.000000 
1047140.000000 902186.000000 
1074578.000000 868342.000000 
1064192.000000 878716.000000 
1025660.000000 920306.000000 
1057732.000000 894280.000000 
972766.000000 974648.000000 
927602.000000 1022684.000000 
922776.000000 1028072.000000 
946830.000000 999048.000000 
945192.000000 1002658.000000 
1001050.000000 937306.000000 
992148.000000 950824.000000 
954250.000000 993912.000000 
912220.000000 1055678.000000 
907620.000000 1065130.000000 
1150316.000000 839626.000000 
1012038.000000 926670.000000 
1085356.000000 866780.000000 
1116482.000000 853344.000000 
1147854.000000 842456.000000 
1098038.000000 861680.000000 
1136682.000000 843890.000000 
996660.000000 944504.000000 
1133412.000000 846416.000000 
1106896.000000 861524.000000 
1109340.000000 860088.000000 
1009702.000000 934502.000000 

924890.000000 1021536.000000 
927166.000000 1021038.000000 
934748.000000 1013380.000000 
977696.000000 960984.000000 
982188.000000 953278.000000 
953232.000000 987850.000000 
1023004.000000 914762.000000 
985154.000000 948038.000000 
993408.000000 940766.000000 
940354.000000 1012580.000000 
981660.000000 953552.000000 
980036.000000 959748.000000 
973652.000000 965194.000000 
980596.000000 957420.000000 
1018302.000000 924072.000000 
1092758.000000 874754.000000 
948458.000000 999588.000000 
1032718.000000 911544.000000 
992684.000000 942688.000000 
922180.000000 1030862.000000 
1096266.000000 871516.000000 
963806.000000 985166.000000 
917834.000000 1046430.000000 
931020.000000 1016018.000000 
1078152.000000 875740.000000 
919172.000000 1039668.000000 
1051200.000000 896742.000000 
1040208.000000 907984.000000 
979780.000000 959886.000000 
1043648.000000 905688.000000 
965924.000000 981448.000000 
969314.000000 971378.000000 
991314.000000 944788.000000 
947018.000000 1001236.000000 
964462.000000 982372.000000 
962598.000000 987108.000000 
1008760.000000 934318.000000 
982866.000000 952848.000000 
971536.000000 971340.000000 
941672.000000 1009418.000000 
944966.000000 1005794.000000 
942712.000000 1007094.000000 
1009022.000000 925988.000000 
998348.000000 936012.000000 
1006774.000000 934808.000000 
1071572.000000 886404.000000 
969098.000000 974120.000000 
950598.000000 994538.000000 
1019892.000000 919630.000000 
966802.000000 980242.000000 
1132688.000000 848048.000000 
1115402.000000 854362.000000 
1045662.000000 898882.000000 
1128484.000000 852712.000000 
1104586.000000 864688.000000 
1113610.000000 861932.000000 
1037562.000000 908476.000000 
1063542.000000 891224.000000 
1060142.000000 895888.000000 
1071070.000000 889892.000000 
1036130.000000 911228.000000 
1068388.000000 889910.000000 
1036344.000000 910032.000000 

1015618.000000 929522.000000 
950286.000000 1001884.000000 
938076.000000 1013908.000000 
922762.000000 1055020.000000 
954694.000000 989968.000000 
970374.000000 969452.000000 
1031692.000000 913902.000000 
998024.000000 946204.000000 
992062.000000 954668.000000 
960154.000000 983890.000000 
1045412.000000 896780.000000 
952276.000000 998594.000000 
984284.000000 959430.000000 
1012990.000000 929978.000000 
1055746.000000 890270.000000 
996308.000000 946920.000000 
946078.000000 1003222.000000 
1059424.000000 889122.000000 
989828.000000 956424.000000 
1076326.000000 877418.000000 
941156.000000 1007812.000000 
950370.000000 1001624.000000 
1020768.000000 915830.000000 
1035862.000000 902376.000000 
927280.000000 1033348.000000 
1016136.000000 928620.000000 
964530.000000 980332.000000 
966878.000000 974606.000000 
1083522.000000 870344.000000 
1017360.000000 925382.000000 
1003130.000000 942722.000000 
963450.000000 980650.000000 
966796.000000 975276.000000 
960156.000000 982446.000000 
1033834.000000 912804.000000 
1035490.000000 910600.000000 
1005354.000000 937514.000000 
986704.000000 959382.000000 
996866.000000 946712.000000 
966106.000000 979820.000000 
1082390.000000 873356.000000 
993884.000000 949520.000000 
950992.000000 1000124.000000 
918058.000000 1061734.000000 
927004.000000 1047360.000000 
954076.000000 997042.000000 
1044814.000000 901814.000000 
983542.000000 960872.000000 
1030046.000000 914232.000000 
930862.000000 1020020.000000 
1100130.000000 864222.000000 
1000616.000000 946166.000000 
968030.000000 974398.000000 
975528.000000 964162.000000 
956028.000000 988772.000000 
957422.000000 988250.000000 
930312.000000 1030098.000000 
1001764.000000 942868.000000 
974588.000000 966132.000000 
982766.000000 962340.000000 
1095356.000000 870142.000000 
1011050.000000 932734.000000 
988312.000000 956566.000000 
1053156.000000 892538.000000 
1114646.000000 854412.000000 
1065482.000000 887486.000000 
966204.000000 977480.000000 
1155080.000000 838264.000000 
1052042.000000 892724.000000 
1066702.000000 883016.000000 
1132984.000000 847970.000000 
1062190.000000 888724.000000 
1139316.000000 842242.000000 
1150346.000000 839936.000000 
1125782.000000 848734.000000 
1120814.000000 852060.000000 
1113324.000000 859016.000000 
1134904.000000 842636.000000 
1080516.000000 876134.000000 
1114152.000000 857038.000000 
1105450.000000 860362.000000 
1104314.000000 860374.000000 
1065760.000000 886802.000000 
1151454.000000 839786.000000 

978496.000000 964938.000000 
935984.000000 1014594.000000 
1045700.000000 904108.000000 
1002870.000000 942754.000000 
989408.000000 955348.000000 
975416.000000 967192.000000 
1011484.000000 934744.000000 
1023284.000000 917066.000000 
930770.000000 1025666.000000 
1126392.000000 859108.000000 
1016556.000000 928588.000000 
1066858.000000 889322.000000 
966944.000000 973276.000000 
979880.000000 963972.000000 
1081394.000000 882648.000000 
989656.000000 952406.000000 
1037568.000000 906572.000000 
1012670.000000 932936.000000 
1162104.000000 834192.000000 
1147636.000000 840166.000000 
938978.000000 1006638.000000 
1066452.000000 889688.000000 
962316.000000 982228.000000 
967358.000000 971152.000000 
919162.000000 1044934.000000 
1030256.000000 914130.000000 
956404.000000 983900.000000 
915052.000000 1056056.000000 
916826.000000 1050722.000000 
946930.000000 994920.000000 
1000938.000000 943768.000000 
961934.000000 983136.000000 
1100126.000000 869190.000000 
1053458.000000 896682.000000 
990222.000000 949966.000000 
945312.000000 999612.000000 
919864.000000 1039550.000000 
919578.000000 1042020.000000 
931980.000000 1024346.000000 
988432.000000 955800.000000 
995338.000000 946006.000000 
948362.000000 994108.000000 
935076.000000 1017892.000000 
963936.000000 981684.000000 
1118788.000000 859452.000000 
1082592.000000 877928.000000 
954280.000000 990570.000000 
998128.000000 944190.000000 
937824.000000 1009468.000000 
911026.000000 1070216.000000 
980724.000000 958636.000000 
1076582.000000 883896.000000 
961940.000000 982878.000000 
1086248.000000 876686.000000 
1062304.000000 893758.000000 
1061196.000000 895840.000000 
1053760.000000 895888.000000 
965132.000000 973626.000000 
1020082.000000 926012.000000 
1004712.000000 938042.000000 
979988.000000 962994.000000 
927084.000000 1032788.000000 
1038692.000000 905902.000000 
1036130.000000 910066.000000 
1152098.000000 839574.000000 
1138840.000000 846648.000000 
1068258.000000 885144.000000 
1063794.000000 891848.000000 
1100850.000000 868346.000000 
1048940.000000 898090.000000 
1083162.000000 876720.000000 
1106214.000000 864462.000000 
1091854.000000 869590.000000 
1129778.000000 853766.000000 
1113720.000000 863426.000000 
1076402.000000 884358.000000 
1087420.000000 875698.000000 
1137696.000000 850742.000000 
1089742.000000 871984.000000 
1134134.000000 852938.000000 
1118012.000000 862226.000000 
1135886.000000 851604.000000 

1027628.000000 916778.000000 
1035198.000000 905302.000000 
1019798.000000 926496.000000 
1087146.000000 867776.000000 
1036754.000000 901318.000000 
1072318.000000 880992.000000 
960566.000000 995970.000000 
1020878.000000 921814.000000 
993988.000000 954150.000000 
999064.000000 950946.000000 
1163064.000000 814258.000000 
1034022.000000 911724.000000 
1087714.000000 863032.000000 
1027000.000000 918942.000000 
1095118.000000 858114.000000 
1083972.000000 869668.000000 
1156104.000000 820784.000000 
1159626.000000 820258.000000 
972888.000000 983112.000000 
1161254.000000 819474.000000 
1061700.000000 891296.000000 
1034402.000000 910852.000000 
1032184.000000 915346.000000 
994630.000000 952810.000000 
1033750.000000 913402.000000 
1073508.000000 879014.000000 
1078418.000000 871510.000000 
1008384.000000 934954.000000 
1144924.000000 825026.000000 
1145606.000000 823022.000000 
1081312.000000 869868.000000 
1133866.000000 828050.000000 
1140320.000000 825590.000000 
1092186.000000 862712.000000 
1079032.000000 871262.000000 
1054354.000000 891602.000000 
1042834.000000 898966.000000 
1026418.000000 920464.000000 
1102336.000000 849280.000000 
1109094.000000 841674.000000 
1114808.000000 833566.000000 
1112926.000000 835224.000000 
1093636.000000 862502.000000 
1099214.000000 852592.000000 
1155080.000000 822590.000000 
1071758.000000 882264.000000 
1025046.000000 921452.000000 
1012080.000000 931434.000000 
991884.000000 957190.000000 
1058474.000000 891464.000000 
1003192.000000 942926.000000 
974912.000000 971534.000000 
964412.000000 988500.000000 
1174342.000000 807408.000000 
967736.000000 987502.000000 
1063024.000000 883702.000000 
1084108.000000 867808.000000 
1173480.000000 809052.000000 
1006648.000000 938896.000000 
1046790.000000 896438.000000 
1002754.000000 946782.000000 
1016860.000000 930384.000000 
980736.000000 970446.000000 
996092.000000 952388.000000 
990316.000000 958762.000000 
1001236.000000 947696.000000 
998868.000000 952380.000000 
952856.000000 1023618.000000 
954892.000000 1007960.000000 
986426.000000 959114.000000 
972934.000000 972900.000000 
1020282.000000 923450.000000 
969860.000000 983628.000000 
983554.000000 967416.000000 
964180.000000 991648.000000 
968378.000000 984474.000000 
982662.000000 969038.000000 
1017584.000000 930220.000000 
1002058.000000 947096.000000 
1018256.000000 929972.000000 

983658.000000 964408.000000 
983946.000000 962762.000000 
972666.000000 970034.000000 
1003054.000000 947142.000000 
927094.000000 1035750.000000 
1048484.000000 902908.000000 
923934.000000 1043336.000000 
911894.000000 1067342.000000 
915088.000000 1051908.000000 
906380.000000 1068250.000000 
1005364.000000 945420.000000 
922798.000000 1049290.000000 
976810.000000 966408.000000 
1034506.000000 917076.000000 
1003154.000000 945614.000000 
902236.000000 1085008.000000 
902918.000000 1076720.000000 
967466.000000 974072.000000 
929266.000000 1015498.000000 
1028496.000000 918452.000000 
1038946.000000 913414.000000 
964378.000000 975532.000000 
969594.000000 972178.000000 
1052676.000000 897086.000000 
949418.000000 998048.000000 
1019756.000000 930794.000000 
1010754.000000 933894.000000 
993604.000000 950574.000000 
1021884.000000 929858.000000 
947840.000000 1001294.000000 
992254.000000 956822.000000 
951396.000000 994284.000000 
900714.000000 1086332.000000 
1003022.000000 947590.000000 
942546.000000 1004224.000000 
956418.000000 983438.000000 
924850.000000 1036364.000000 
923048.000000 1045248.000000 
953024.000000 994218.000000 
1036536.000000 916762.000000 
998512.000000 948078.000000 
978252.000000 964668.000000 
912242.000000 1061482.000000 
1005698.000000 944316.000000 
1015942.000000 933772.000000 
941964.000000 1007352.000000 
1053794.000000 896158.000000 
1038438.000000 913914.000000 
1009132.000000 938284.000000 
1069608.000000 891750.000000 
1004852.000000 945448.000000 
1027414.000000 918860.000000 
937070.000000 1011652.000000 
1081908.000000 879300.000000 
1079340.000000 879704.000000 
1005752.000000 941390.000000 
991100.000000 959554.000000 
1009434.000000 937658.000000 
946870.000000 1003866.000000 
991594.000000 959512.000000 
988824.000000 960278.000000 
1002628.000000 948040.000000 
987498.000000 961086.000000 
1061080.000000 891876.000000 
1040592.000000 906322.000000 
1007076.000000 940288.000000 
1022116.000000 921968.000000 
922858.000000 1045410.000000 
1017012.000000 930828.000000 
953436.000000 994068.000000 
1188752.000000 833310.000000 
1072844.000000 880872.000000 
1087848.000000 876344.000000 
1137580.000000 849246.000000 
1149860.000000 848002.000000 
1165196.000000 846376.000000 
1108106.000000 863714.000000 
1109368.000000 859358.000000 
1091752.000000 872242.000000 
1099774.000000 865946.000000 
1127352.000000 854804.000000 
1099120.000000 871208.000000 
1117100.000000 855718.000000 
1187426.000000 836078.000000 
1181116.000000 838834.000000 
1176062.000000 841042.000000 
1122984.000000 854920.000000 
1171604.000000 844818.000000 
1166550.000000 846324.000000 
1172012.000000 844430.000000 
1099294.000000 868452.000000 

1069082.000000 890036.000000 
1054004.000000 898692.000000 
964380.000000 981286.000000 
1008652.000000 939128.000000 
968072.000000 978192.000000 
968660.000000 974980.000000 
1025380.000000 928816.000000 
1061228.000000 895574.000000 
1096226.000000 873834.000000 
1045962.000000 907270.000000 
958982.000000 985734.000000 
909320.000000 1068144.000000 
941592.000000 997000.000000 
1003338.000000 946472.000000 
999956.000000 947220.000000 
1003128.000000 947042.000000 
1026160.000000 926900.000000 
939952.000000 1006186.000000 
936504.000000 1013022.000000 
911340.000000 1048920.000000 
926088.000000 1026712.000000 
938770.000000 1010270.000000 
1037680.000000 909580.000000 
993312.000000 951954.000000 
925088.000000 1029350.000000 
1036280.000000 912694.000000 
1009404.000000 938042.000000 
958504.000000 987184.000000 
1084626.000000 878594.000000 
932096.000000 1021478.000000 
1004826.000000 942800.000000 
1051888.000000 901718.000000 
1013270.000000 932886.000000 
1015796.000000 931268.000000 
980308.000000 960758.000000 
1033262.000000 915698.000000 
962514.000000 981888.000000 
1088948.000000 877722.000000 
1024024.000000 930178.000000 
962364.000000 982584.000000 
951378.000000 991572.000000 
934006.000000 1021022.000000 
915596.000000 1035542.000000 
1072662.000000 884804.000000 
1118814.000000 856454.000000 
922794.000000 1032936.000000 
964914.000000 979918.000000 
959138.000000 985728.000000 
1032334.000000 921478.000000 
1049154.000000 903996.000000 
1078560.000000 884350.000000 
1025930.000000 926972.000000 
977836.000000 965094.000000 
1006820.000000 940388.000000 
1050562.000000 903546.000000 
956120.000000 988926.000000 
996250.000000 948202.000000 
985674.000000 954426.000000 
998886.000000 947682.000000 
1056284.000000 896678.000000 
1064526.000000 891540.000000 
973138.000000 965576.000000 
949198.000000 994920.000000 
909852.000000 1050332.000000 
936124.000000 1013482.000000 
953216.000000 990414.000000 
1044650.000000 907870.000000 
1010762.000000 936968.000000 
969436.000000 970494.000000 
1061726.000000 893114.000000 
1027116.000000 924182.000000 
1061460.000000 895100.000000 
1028512.000000 921636.000000 
984738.000000 957776.000000 
1100752.000000 867812.000000 
1023892.000000 930748.000000 
988274.000000 954056.000000 
983130.000000 959834.000000 
934576.000000 1018556.000000 
912138.000000 1044390.000000 
924388.000000 1030082.000000 
1160912.000000 834322.000000 
1129426.000000 846068.000000 
1142962.000000 843630.000000 
1104360.000000 865230.000000 
1127864.000000 853316.000000 
1079412.000000 879252.000000 
1158550.000000 838600.000000 
1073742.000000 884462.000000 
1151342.000000 841124.000000 
1011056.000000 936194.000000 
1005292.000000 941748.000000 
1100330.000000 870854.000000 
1112248.000000 862374.000000 
1122696.000000 855846.000000 
1086340.000000 878164.000000 
1090478.000000 876616.000000 
1096436.000000 873588.000000 
1094130.000000 873920.000000 

923944.000000 1055420.000000 
1042542.000000 905910.000000 
1032814.000000 912648.000000 
924624.000000 1046954.000000 
938756.000000 1016206.000000 
1110124.000000 859422.000000 
984864.000000 954742.000000 
987260.000000 951304.000000 
956056.000000 987292.000000 
1000632.000000 940534.000000 
985316.000000 951344.000000 
1008822.000000 932980.000000 
976600.000000 959678.000000 
955514.000000 988210.000000 
1002238.000000 938740.000000 
928578.000000 1020298.000000 
992960.000000 943360.000000 
1044644.000000 899154.000000 
995162.000000 941430.000000 
1016750.000000 923580.000000 
968520.000000 969084.000000 
1055806.000000 895658.000000 
939736.000000 1012214.000000 
940410.000000 1010446.000000 
1023412.000000 921254.000000 
958590.000000 969990.000000 
943248.000000 990010.000000 
942200.000000 1005548.000000 
969008.000000 964822.000000 
957624.000000 980482.000000 
1007936.000000 933832.000000 
916316.000000 1065558.000000 
1020794.000000 922298.000000 
1008842.000000 924842.000000 
928292.000000 1044582.000000 
979326.000000 957762.000000 
1003528.000000 937260.000000 
987508.000000 951222.000000 
934718.000000 1017394.000000 
982378.000000 957060.000000 
1006194.000000 934728.000000 
1042764.000000 903308.000000 
1024340.000000 915416.000000 
1004708.000000 935812.000000 
984164.000000 955374.000000 
992098.000000 947598.000000 
987950.000000 949722.000000 
1003280.000000 938524.000000 
1038646.000000 908630.000000 
1049774.000000 897778.000000 
992082.000000 948660.000000 
1140332.000000 846904.000000 
1080654.000000 874306.000000 
1098860.000000 867820.000000 
1052554.000000 897668.000000 
1062894.000000 888012.000000 
1105820.000000 864648.000000 
1067294.000000 885280.000000 
1125950.000000 855738.000000 
1135950.000000 850892.000000 
1079846.000000 884472.000000 
1076130.000000 884830.000000 
1139766.000000 849726.000000 
1118874.000000 858918.000000 
1080370.000000 878530.000000 
1123440.000000 857074.000000 
1030124.000000 914920.000000 
1036876.000000 911890.000000 
1024146.000000 918988.000000 
1031498.000000 914664.000000 

1092310.000000 870072.000000 
931036.000000 1024016.000000 
926924.000000 1038248.000000 
934266.000000 1023380.000000 
942564.000000 1005426.000000 
984592.000000 960684.000000 
1004720.000000 938060.000000 
1026270.000000 918730.000000 
999580.000000 945626.000000 
935028.000000 1015026.000000 
991350.000000 954912.000000 
991720.000000 953874.000000 
1055530.000000 894972.000000 
1030936.000000 915928.000000 
951026.000000 998700.000000 
980900.000000 962142.000000 
994708.000000 951904.000000 
997810.000000 948074.000000 
1014006.000000 927964.000000 
1007106.000000 934818.000000 
923100.000000 1038870.000000 
912904.000000 1050606.000000 
965042.000000 976600.000000 
959702.000000 984818.000000 
1002304.000000 939772.000000 
919114.000000 1049070.000000 
939022.000000 1011342.000000 
1018866.000000 925008.000000 
912196.000000 1053478.000000 
905976.000000 1055652.000000 
905316.000000 1070484.000000 
1001096.000000 944772.000000 
1097780.000000 870008.000000 
1030330.000000 918468.000000 
1011358.000000 934310.000000 
949892.000000 1000860.000000 
1078172.000000 876544.000000 
1034196.000000 912550.000000 
1031584.000000 914542.000000 
1038062.000000 903720.000000 
1037404.000000 904004.000000 
924482.000000 1038284.000000 
1032360.000000 913458.000000 
954492.000000 992914.000000 
976008.000000 965578.000000 
933936.000000 1023820.000000 
1074178.000000 883124.000000 
963882.000000 983840.000000 
1078336.000000 875998.000000 
997012.000000 950966.000000 
969492.000000 971140.000000 
1020882.000000 921586.000000 
959142.000000 990470.000000 
1001106.000000 941680.000000 
927662.000000 1026042.000000 
1099894.000000 867014.000000 
984748.000000 958382.000000 
919898.000000 1042530.000000 
919618.000000 1048816.000000 
999052.000000 947252.000000 
972904.000000 968906.000000 
989748.000000 956572.000000 
1078024.000000 881782.000000 
1139818.000000 846146.000000 
1114784.000000 854638.000000 
1138894.000000 851838.000000 
1127750.000000 854176.000000 
1108228.000000 862842.000000 
1013706.000000 931254.000000 
1076006.000000 882938.000000 
1049090.000000 898764.000000 
1104720.000000 865370.000000 
1060020.000000 892032.000000 
1063198.000000 889058.000000 
1066784.000000 887232.000000 
1054090.000000 898274.000000 
1047926.000000 903262.000000 
1071834.000000 884306.000000 
1070558.000000 884516.000000 
1048084.000000 902104.000000 

935774.000000 1012658.000000 
930408.000000 1015356.000000 
922826.000000 1036080.000000 
925334.000000 1034362.000000 
906538.000000 1074836.000000 
908948.000000 1055630.000000 
910674.000000 1052162.000000 
929868.000000 1030326.000000 
941970.000000 998764.000000 
912592.000000 1040712.000000 
1026820.000000 909356.000000 
1029386.000000 904326.000000 
1081192.000000 866502.000000 
999892.000000 937680.000000 
995104.000000 942476.000000 
1007228.000000 932628.000000 
1091848.000000 852970.000000 
1098736.000000 850814.000000 
1079022.000000 869064.000000 
985626.000000 946744.000000 
1021342.000000 915282.000000 
1046120.000000 895358.000000 
1091828.000000 855814.000000 
983774.000000 947116.000000 
979726.000000 950210.000000 
1057384.000000 886138.000000 
1026330.000000 911136.000000 
1054448.000000 889432.000000 
1004796.000000 933200.000000 
992604.000000 942510.000000 
995768.000000 938390.000000 
1014414.000000 915878.000000 
952954.000000 984676.000000 
1012828.000000 919006.000000 
1011948.000000 919842.000000 
1001828.000000 936294.000000 
938800.000000 1005078.000000 
941690.000000 999824.000000 
977162.000000 958336.000000 
966746.000000 965214.000000 
1010632.000000 929130.000000 
1086732.000000 859138.000000 
977362.000000 957776.000000 
973624.000000 960758.000000 
1004644.000000 934280.000000 
955304.000000 976720.000000 
976060.000000 959012.000000 
1006030.000000 933148.000000 
1025278.000000 913058.000000 
1042714.000000 900718.000000 
936776.000000 1008408.000000 
1073046.000000 873074.000000 
956512.000000 971922.000000 
964542.000000 967534.000000 
1011180.000000 929086.000000 
944674.000000 992216.000000 
987034.000000 946148.000000 
962984.000000 971438.000000 
1085876.000000 862984.000000 
1074314.000000 869844.000000 
1060134.000000 885494.000000 
1080776.000000 868768.000000 
1054830.000000 889124.000000 
1008444.000000 932032.000000 
945384.000000 987736.000000 
961382.000000 971768.000000 
1039160.000000 901362.000000 
1071914.000000 875220.000000 
1043026.000000 899528.000000 
1038604.000000 904130.000000 
1123594.000000 842312.000000 
1009590.000000 931312.000000 
981902.000000 950082.000000 
1112562.000000 844718.000000 
940962.000000 1003770.000000 
989570.000000 945730.000000 
1067524.000000 878754.000000 
1010406.000000 929530.000000 
1003162.000000 935684.000000 
977424.000000 957622.000000 
944884.000000 991420.000000 
1109360.000000 849080.000000 
1044462.000000 897188.000000 
978800.000000 956170.000000 
1062482.000000 879818.000000 
1047506.000000 890424.000000 
953720.000000 983662.000000 
970568.000000 965136.000000 
1155240.000000 824682.000000 
1135726.000000 830654.000000 
1149540.000000 829554.000000 
1072524.000000 874322.000000 
1109758.000000 844898.000000 
1123028.000000 842374.000000 
1150354.000000 826690.000000 
1130384.000000 834850.000000 
1124164.000000 837978.000000 
1118606.000000 842942.000000 
1126934.000000 837258.000000 

1075972.000000 881378.000000 
1071428.000000 884934.000000 
1035766.000000 916164.000000 
1037414.000000 915048.000000 
1126600.000000 858514.000000 
1115134.000000 860828.000000 
934630.000000 1015918.000000 
917606.000000 1041394.000000 
995100.000000 946442.000000 
1001190.000000 941106.000000 
1018288.000000 930044.000000 
1083256.000000 876276.000000 
996254.000000 945222.000000 
987038.000000 954094.000000 
1007112.000000 939130.000000 
1030294.000000 919186.000000 
1025028.000000 919356.000000 
1050058.000000 901506.000000 
1030484.000000 917810.000000 
1037582.000000 914144.000000 
1021416.000000 923960.000000 
1040286.000000 905516.000000 
1033084.000000 917126.000000 
1068112.000000 885994.000000 
1012144.000000 936164.000000 
925672.000000 1025208.000000 
931462.000000 1017838.000000 
986160.000000 955828.000000 
939058.000000 1006080.000000 
979496.000000 959650.000000 
948746.000000 997638.000000 
1037626.000000 911384.000000 
1085130.000000 873520.000000 
1063522.000000 889336.000000 
959608.000000 989108.000000 
969078.000000 968218.000000 
976902.000000 960040.000000 
988680.000000 950068.000000 
1059066.000000 897450.000000 
1058818.000000 899546.000000 
967120.000000 973532.000000 
947344.000000 997992.000000 
936448.000000 1010340.000000 
960294.000000 982010.000000 
943830.000000 1000766.000000 
1093608.000000 870840.000000 
965098.000000 978772.000000 
976428.000000 965768.000000 
1054158.000000 899840.000000 
911520.000000 1051668.000000 
1032690.000000 917538.000000 
958364.000000 991482.000000 
993026.000000 948914.000000 
1019686.000000 929080.000000 
1020984.000000 928576.000000 
1024320.000000 922774.000000 
925350.000000 1029152.000000 
924540.000000 1031430.000000 
924884.000000 1030142.000000 
972992.000000 966598.000000 
982276.000000 958850.000000 
999412.000000 944772.000000 
926644.000000 1024524.000000 
1057482.000000 899836.000000 
953224.000000 992628.000000 
959932.000000 984946.000000 
1013594.000000 930608.000000 
1008216.000000 938074.000000 
948828.000000 993636.000000 
1141478.000000 847420.000000 
1105736.000000 862970.000000 
1131936.000000 848338.000000 
1038622.000000 910288.000000 
1125344.000000 859150.000000 
1140690.000000 847948.000000 
1103118.000000 866614.000000 
1099648.000000 868290.000000 
1125266.000000 860398.000000 

