1052530.000000 898064.000000 
1033892.000000 910736.000000 
983426.000000 953444.000000 
1002284.000000 937062.000000 
1018522.000000 919306.000000 
1049566.000000 899628.000000 
1014120.000000 934580.000000 
1122652.000000 843210.000000 
1028084.000000 918180.000000 
1036318.000000 910470.000000 
1108596.000000 850892.000000 
1061314.000000 889288.000000 
1032632.000000 915420.000000 
1041866.000000 904706.000000 
1028716.000000 917530.000000 
1016190.000000 931684.000000 
1037056.000000 908204.000000 
998512.000000 946070.000000 
1017926.000000 925022.000000 
1050848.000000 898324.000000 
1057662.000000 891666.000000 
1032716.000000 912656.000000 
1052914.000000 897730.000000 
1014970.000000 932092.000000 
979750.000000 971652.000000 
1123436.000000 841302.000000 
971486.000000 983214.000000 
962256.000000 988996.000000 
1102480.000000 853934.000000 
1147716.000000 825732.000000 
1054378.000000 892066.000000 
1008916.000000 936014.000000 
1066882.000000 881640.000000 
1061420.000000 882078.000000 
1068156.000000 877162.000000 
1076190.000000 868100.000000 
1085778.000000 864140.000000 
1081446.000000 867270.000000 
1098498.000000 854920.000000 
1045176.000000 900620.000000 
1012104.000000 935398.000000 
1093440.000000 862590.000000 
1060924.000000 889304.000000 
1046258.000000 900610.000000 
1095912.000000 856198.000000 
1107288.000000 853340.000000 
1094474.000000 858402.000000 
1040702.000000 905944.000000 
1140828.000000 830866.000000 
1017796.000000 926526.000000 
971584.000000 978382.000000 
1080356.000000 867632.000000 
1111584.000000 849948.000000 
1059720.000000 891136.000000 
1128904.000000 839692.000000 
981640.000000 965786.000000 
997512.000000 950808.000000 
1114072.000000 844970.000000 
997486.000000 951014.000000 
1017184.000000 931532.000000 
1051350.000000 898088.000000 
1067534.000000 879838.000000 
976084.000000 971724.000000 
981398.000000 970402.000000 
1141724.000000 830864.000000 
1130342.000000 836078.000000 
957748.000000 1022572.000000 
958088.000000 998840.000000 
957978.000000 1006678.000000 
973258.000000 974554.000000 
979798.000000 970462.000000 
970616.000000 986880.000000 
969752.000000 987586.000000 

1020258.000000 926200.000000 
935730.000000 1017460.000000 
1055840.000000 896274.000000 
973094.000000 969938.000000 
1061852.000000 892160.000000 
1065500.000000 891990.000000 
1009572.000000 936116.000000 
1082414.000000 873508.000000 
1065600.000000 890166.000000 
976798.000000 965300.000000 
1011052.000000 933512.000000 
1014320.000000 930538.000000 
965288.000000 975802.000000 
966722.000000 972576.000000 
1039782.000000 902684.000000 
962358.000000 984636.000000 
1006662.000000 936980.000000 
1012294.000000 931706.000000 
923946.000000 1029182.000000 
937852.000000 1016650.000000 
1021762.000000 923724.000000 
960492.000000 986042.000000 
947528.000000 998056.000000 
914378.000000 1048544.000000 
1053136.000000 896496.000000 
1072358.000000 879928.000000 
920138.000000 1031756.000000 
953428.000000 991498.000000 
959200.000000 987676.000000 
1038692.000000 908412.000000 
957848.000000 988928.000000 
951832.000000 992916.000000 
946558.000000 1004332.000000 
931598.000000 1019108.000000 
942562.000000 1007004.000000 
1024110.000000 922080.000000 
960342.000000 987508.000000 
985612.000000 958610.000000 
986702.000000 957676.000000 
1048778.000000 900712.000000 
945126.000000 1005054.000000 
946986.000000 1004072.000000 
1080070.000000 878540.000000 
1024348.000000 920046.000000 
988698.000000 948176.000000 
979866.000000 961640.000000 
1070856.000000 889952.000000 
1084412.000000 871760.000000 
981598.000000 961468.000000 
1037932.000000 912986.000000 
998824.000000 943430.000000 
956998.000000 989178.000000 
945788.000000 1004470.000000 
1000888.000000 941890.000000 
1059720.000000 894212.000000 
1028984.000000 913326.000000 
917058.000000 1047314.000000 
986982.000000 956428.000000 
1057316.000000 895808.000000 
1004786.000000 937034.000000 
928604.000000 1023508.000000 
928888.000000 1022936.000000 
938112.000000 1008236.000000 
1025228.000000 919708.000000 
992328.000000 944764.000000 
1004530.000000 939962.000000 
1100788.000000 867176.000000 
963010.000000 980250.000000 
974728.000000 968366.000000 
1169668.000000 848600.000000 
1107460.000000 854614.000000 
1139640.000000 853290.000000 
1134122.000000 853478.000000 
1100940.000000 864786.000000 
1077750.000000 879332.000000 
1094974.000000 871052.000000 

947174.000000 1008632.000000 
946044.000000 1012764.000000 
1117662.000000 843408.000000 
1068156.000000 872882.000000 
1061898.000000 874018.000000 
1093058.000000 859902.000000 
1052738.000000 888304.000000 
1027560.000000 905770.000000 
984342.000000 953616.000000 
972330.000000 975664.000000 
1117006.000000 844440.000000 
1102314.000000 850950.000000 
1072536.000000 868574.000000 
1096346.000000 854914.000000 
1122394.000000 842142.000000 
1132300.000000 833606.000000 
1139036.000000 828490.000000 
1001290.000000 929778.000000 
991074.000000 938810.000000 
962486.000000 980142.000000 
982128.000000 959406.000000 
980654.000000 963926.000000 
978996.000000 965982.000000 
974756.000000 973972.000000 
1117536.000000 843560.000000 
1078376.000000 865690.000000 
1080046.000000 860578.000000 
1076594.000000 868038.000000 
973500.000000 974548.000000 
1037934.000000 896870.000000 
1057378.000000 877814.000000 
1044650.000000 893620.000000 
1013158.000000 919522.000000 
954310.000000 995400.000000 
1049700.000000 889838.000000 
1061894.000000 877702.000000 
1122912.000000 841526.000000 
1126104.000000 839318.000000 
968738.000000 977984.000000 
1035018.000000 899844.000000 
1012570.000000 920656.000000 
967800.000000 979956.000000 
976490.000000 973966.000000 
1129476.000000 838504.000000 
953394.000000 999544.000000 
1051782.000000 888548.000000 
1054376.000000 887570.000000 
1024114.000000 908910.000000 
1033966.000000 902602.000000 
1132208.000000 834560.000000 
1032058.000000 903482.000000 
1044996.000000 892556.000000 
1023522.000000 914246.000000 
988376.000000 948376.000000 
995862.000000 937926.000000 
998096.000000 934842.000000 
1111450.000000 846786.000000 
1055996.000000 883992.000000 
1019878.000000 915022.000000 
1008784.000000 923178.000000 
1006954.000000 926466.000000 
971578.000000 975856.000000 
1033334.000000 902622.000000 
1030630.000000 905214.000000 
936340.000000 1022838.000000 
976802.000000 966772.000000 
1014054.000000 918532.000000 
1017974.000000 915802.000000 
962276.000000 982870.000000 
1090106.000000 860056.000000 
1055490.000000 885200.000000 
957572.000000 991730.000000 
958398.000000 988524.000000 
1070820.000000 872444.000000 
970622.000000 977484.000000 
1124180.000000 839758.000000 
1140658.000000 822316.000000 
950630.000000 1003426.000000 
1108114.000000 847506.000000 
1119726.000000 843014.000000 
1048576.000000 890596.000000 
1044104.000000 895036.000000 
1042958.000000 895200.000000 
1047604.000000 892392.000000 
1034798.000000 901130.000000 

934840.000000 1021014.000000 
1068228.000000 871886.000000 
1028572.000000 906662.000000 
1082972.000000 859962.000000 
1011886.000000 923896.000000 
1053214.000000 877948.000000 
1078128.000000 866624.000000 
1081516.000000 865696.000000 
1011928.000000 922370.000000 
1128594.000000 844828.000000 
985324.000000 946080.000000 
978256.000000 953936.000000 
1027240.000000 909186.000000 
1015522.000000 916996.000000 
1051442.000000 886016.000000 
1050588.000000 886556.000000 
997752.000000 932588.000000 
1020654.000000 911354.000000 
1027870.000000 906674.000000 
1072462.000000 867370.000000 
1065040.000000 875038.000000 
1113812.000000 849422.000000 
1132438.000000 835794.000000 
1011340.000000 924718.000000 
1047480.000000 887842.000000 
992016.000000 939024.000000 
993112.000000 937922.000000 
950348.000000 980970.000000 
974688.000000 960596.000000 
1016732.000000 915298.000000 
981590.000000 949192.000000 
944770.000000 988162.000000 
999042.000000 930406.000000 
987180.000000 942562.000000 
996902.000000 934858.000000 
962632.000000 969434.000000 
991150.000000 940114.000000 
1027200.000000 909260.000000 
969290.000000 967980.000000 
958412.000000 971948.000000 
1003554.000000 925458.000000 
1036442.000000 890202.000000 
1011348.000000 924078.000000 
979992.000000 950414.000000 
941732.000000 1009934.000000 
1067530.000000 873716.000000 
1029450.000000 904626.000000 
933858.000000 1022412.000000 
972258.000000 964190.000000 
984864.000000 948604.000000 
1089310.000000 858966.000000 
1065240.000000 874124.000000 
1091510.000000 854086.000000 
1114564.000000 848484.000000 
1105894.000000 850918.000000 
1013214.000000 917348.000000 
1035742.000000 895094.000000 
1044236.000000 888822.000000 
1023392.000000 911246.000000 
1126040.000000 844962.000000 
939784.000000 1010128.000000 
1026514.000000 910068.000000 
1099820.000000 851866.000000 
1068510.000000 870342.000000 
1059614.000000 877380.000000 
1025534.000000 910972.000000 
1061738.000000 877038.000000 
1034676.000000 901216.000000 
1023916.000000 911198.000000 
993734.000000 937636.000000 
1017666.000000 911760.000000 
1019184.000000 911560.000000 
937450.000000 1012608.000000 
1031592.000000 902904.000000 

1051320.000000 890720.000000 
929080.000000 1038106.000000 
928666.000000 1041330.000000 
1028416.000000 908742.000000 
1025136.000000 915150.000000 
992674.000000 945784.000000 
994864.000000 942312.000000 
1075116.000000 873228.000000 
972412.000000 967920.000000 
933934.000000 1027286.000000 
1070304.000000 881196.000000 
1049890.000000 893820.000000 
951670.000000 986530.000000 
964850.000000 973962.000000 
974464.000000 961488.000000 
985426.000000 950754.000000 
1081094.000000 867832.000000 
926870.000000 1045544.000000 
928118.000000 1042376.000000 
923218.000000 1045616.000000 
1041506.000000 898472.000000 
979080.000000 957188.000000 
991178.000000 947520.000000 
927790.000000 1042400.000000 
964538.000000 976716.000000 
974208.000000 966948.000000 
1040830.000000 900522.000000 
980070.000000 954182.000000 
995424.000000 939286.000000 
1005310.000000 923496.000000 
1071946.000000 880158.000000 
987632.000000 949182.000000 
1000954.000000 933372.000000 
1086130.000000 865650.000000 
951568.000000 997846.000000 
969094.000000 972510.000000 
983770.000000 951668.000000 
1058120.000000 888854.000000 
943372.000000 1009418.000000 
936194.000000 1012776.000000 
1101904.000000 858798.000000 
1098898.000000 861452.000000 
949372.000000 1001970.000000 
947598.000000 1002462.000000 
1072836.000000 878774.000000 
1063948.000000 887128.000000 
1018536.000000 921274.000000 
994164.000000 943866.000000 
957690.000000 979814.000000 
971420.000000 968156.000000 
1093324.000000 865538.000000 
946992.000000 1008492.000000 
1110478.000000 853984.000000 
1121588.000000 850670.000000 
930208.000000 1032294.000000 
1130188.000000 849858.000000 
1037276.000000 904958.000000 
993024.000000 945624.000000 
1072780.000000 879422.000000 
1025988.000000 913672.000000 
1021380.000000 916018.000000 
1048960.000000 896388.000000 
922998.000000 1050248.000000 
968766.000000 973248.000000 
999304.000000 936748.000000 
1144002.000000 840372.000000 
1066050.000000 884086.000000 
1134662.000000 849578.000000 
1114594.000000 853168.000000 
1136584.000000 842418.000000 
1135844.000000 847182.000000 
1139718.000000 840976.000000 

975928.000000 960372.000000 
968288.000000 971782.000000 
969682.000000 969116.000000 
970954.000000 964022.000000 
963204.000000 978338.000000 
947366.000000 995386.000000 
924214.000000 1024976.000000 
986154.000000 956268.000000 
1016692.000000 928180.000000 
1033714.000000 914788.000000 
1025044.000000 915944.000000 
1013652.000000 928702.000000 
941928.000000 1003376.000000 
1019746.000000 923222.000000 
1019406.000000 926860.000000 
1136844.000000 848722.000000 
1138004.000000 842226.000000 
1003586.000000 936906.000000 
959468.000000 979850.000000 
966160.000000 974092.000000 
936452.000000 1010306.000000 
1067784.000000 883148.000000 
1012358.000000 928800.000000 
936854.000000 1007256.000000 
932006.000000 1017424.000000 
913418.000000 1036996.000000 
911514.000000 1037988.000000 
917794.000000 1035366.000000 
917158.000000 1036170.000000 
911226.000000 1045342.000000 
911190.000000 1046824.000000 
933786.000000 1015970.000000 
925006.000000 1018994.000000 
919872.000000 1030922.000000 
942570.000000 1000564.000000 
947872.000000 995108.000000 
1080010.000000 875128.000000 
947322.000000 1000030.000000 
1066172.000000 884874.000000 
1051236.000000 899046.000000 
1007658.000000 933816.000000 
984752.000000 956772.000000 
1046018.000000 902850.000000 
905692.000000 1050980.000000 
919130.000000 1033842.000000 
900702.000000 1056212.000000 
909862.000000 1050816.000000 
980670.000000 957532.000000 
1074340.000000 875712.000000 
1094588.000000 857964.000000 
1079700.000000 875700.000000 
1068288.000000 877516.000000 
917258.000000 1035424.000000 
922862.000000 1029806.000000 
1033478.000000 915908.000000 
933948.000000 1015266.000000 
997694.000000 942578.000000 
1001878.000000 941814.000000 
1037762.000000 905670.000000 
1021850.000000 919086.000000 
1009514.000000 933778.000000 
1085128.000000 867998.000000 
935200.000000 1014480.000000 
1064512.000000 888984.000000 
1045360.000000 904630.000000 
983908.000000 957418.000000 
1034256.000000 912846.000000 
1054758.000000 889036.000000 
1043876.000000 904848.000000 
941754.000000 1003834.000000 
1003822.000000 935396.000000 
1072864.000000 876096.000000 
1051496.000000 895748.000000 
1066070.000000 888312.000000 
957918.000000 985282.000000 
1037116.000000 909054.000000 
963518.000000 975748.000000 
1049558.000000 900228.000000 
1083010.000000 873486.000000 
1043322.000000 905170.000000 
950788.000000 991394.000000 
951830.000000 986336.000000 
1090798.000000 867660.000000 
1034698.000000 911750.000000 
948520.000000 994964.000000 
946408.000000 1000124.000000 
987008.000000 944464.000000 
1161900.000000 830350.000000 
1137588.000000 848094.000000 
1139192.000000 841340.000000 
1123072.000000 851474.000000 
1108162.000000 852920.000000 
1101166.000000 857396.000000 
1150938.000000 835900.000000 
1152218.000000 833054.000000 
1048530.000000 900908.000000 
1106502.000000 855216.000000 

1074326.000000 877634.000000 
1081108.000000 871176.000000 
1110774.000000 847598.000000 
1020450.000000 921994.000000 
1078666.000000 873430.000000 
1089494.000000 864164.000000 
975792.000000 971950.000000 
1002234.000000 942840.000000 
1083958.000000 868832.000000 
1089266.000000 864264.000000 
1025454.000000 919410.000000 
1024492.000000 921568.000000 
1042952.000000 900178.000000 
1136638.000000 832888.000000 
1148734.000000 817812.000000 
1083764.000000 869188.000000 
1090082.000000 859402.000000 
1048020.000000 896774.000000 
1040932.000000 905682.000000 
1035966.000000 910366.000000 
1027444.000000 917718.000000 
1049066.000000 892780.000000 
1040622.000000 908288.000000 
1127704.000000 836886.000000 
1128008.000000 835166.000000 
1008656.000000 935274.000000 
983824.000000 957712.000000 
1008628.000000 937634.000000 
1097762.000000 852550.000000 
980300.000000 969576.000000 
1026740.000000 919352.000000 
1031322.000000 913622.000000 
1083998.000000 864600.000000 
980464.000000 964750.000000 
1052002.000000 888140.000000 
1061448.000000 882432.000000 
1113312.000000 845220.000000 
992382.000000 949482.000000 
1025094.000000 919608.000000 
1079864.000000 872750.000000 
1109332.000000 848936.000000 
1098920.000000 851776.000000 
1109022.000000 851626.000000 
1096786.000000 856862.000000 
1047356.000000 898558.000000 
1061440.000000 887008.000000 
1031048.000000 917088.000000 
1139618.000000 828890.000000 
1075800.000000 876360.000000 
1059160.000000 887234.000000 
1064194.000000 877698.000000 
1083010.000000 870168.000000 
1009614.000000 934394.000000 
1113166.000000 845730.000000 
1123754.000000 837268.000000 
1116962.000000 840708.000000 
1121726.000000 840608.000000 
1114336.000000 843484.000000 
1133878.000000 833302.000000 
1012458.000000 933976.000000 
1003088.000000 937736.000000 
1143306.000000 827946.000000 
1147880.000000 822240.000000 
1024242.000000 921974.000000 
1077704.000000 874262.000000 
1015784.000000 926148.000000 
1035772.000000 910928.000000 
1036756.000000 908822.000000 
954774.000000 1042984.000000 
955428.000000 1018522.000000 
961348.000000 1016554.000000 
966562.000000 983582.000000 
962292.000000 1001000.000000 
962472.000000 993060.000000 
988436.000000 954002.000000 
1032864.000000 911994.000000 
1013358.000000 930612.000000 
998136.000000 949298.000000 
1012796.000000 933158.000000 
973586.000000 978168.000000 
975150.000000 978148.000000 
999196.000000 945710.000000 
998346.000000 946418.000000 

1015062.000000 931242.000000 
1137376.000000 833502.000000 
1007728.000000 939482.000000 
1120234.000000 844396.000000 
1188966.000000 807552.000000 
1081020.000000 874778.000000 
1081038.000000 872770.000000 
1115790.000000 848532.000000 
1086252.000000 872224.000000 
1122274.000000 844126.000000 
1066150.000000 878822.000000 
1091046.000000 864596.000000 
1064302.000000 887052.000000 
1062670.000000 887064.000000 
1089880.000000 866126.000000 
1055838.000000 894120.000000 
1124452.000000 840934.000000 
1139768.000000 829750.000000 
1145980.000000 827624.000000 
1021180.000000 921306.000000 
1158434.000000 819222.000000 
1056998.000000 892514.000000 
1147156.000000 824466.000000 
1147066.000000 825876.000000 
1117318.000000 845762.000000 
1034740.000000 908202.000000 
1048342.000000 894304.000000 
1060154.000000 890592.000000 
1030712.000000 917784.000000 
1033064.000000 915282.000000 
990012.000000 962568.000000 
1003956.000000 945534.000000 
994030.000000 961362.000000 
1114466.000000 848840.000000 
1106752.000000 850506.000000 
1043160.000000 905268.000000 
987830.000000 962746.000000 
1093186.000000 862174.000000 
1098490.000000 860022.000000 
1101802.000000 853266.000000 
1099888.000000 857224.000000 
1040598.000000 906422.000000 
978084.000000 978634.000000 
1022682.000000 921272.000000 
1025290.000000 917864.000000 
1155914.000000 821310.000000 
1177248.000000 810322.000000 
1128732.000000 837948.000000 
1138636.000000 830714.000000 
1125096.000000 839702.000000 
1141798.000000 829478.000000 
1158784.000000 817966.000000 
1127294.000000 839266.000000 
1129242.000000 833990.000000 
997942.000000 955650.000000 
972244.000000 985014.000000 
1076866.000000 877400.000000 
1154370.000000 822882.000000 
1165194.000000 812044.000000 
1159794.000000 816258.000000 
1044394.000000 900572.000000 
1075368.000000 877462.000000 
1056706.000000 894070.000000 
1062534.000000 890050.000000 
1058506.000000 891590.000000 
1087610.000000 871792.000000 
1201954.000000 803888.000000 
1019194.000000 927800.000000 
1012604.000000 937592.000000 
978666.000000 975434.000000 
1154898.000000 821730.000000 
1070614.000000 878512.000000 
944590.000000 1053592.000000 
956474.000000 1015266.000000 
953164.000000 1039524.000000 
966572.000000 1014860.000000 
947304.000000 1044760.000000 
1003764.000000 949528.000000 
970842.000000 996296.000000 
1014330.000000 932354.000000 
1006364.000000 942060.000000 
966962.000000 1004246.000000 
985498.000000 970950.000000 
1087964.000000 870182.000000 
970874.000000 988114.000000 
998510.000000 954106.000000 
967202.000000 1000030.000000 
995110.000000 960856.000000 
1030752.000000 916848.000000 
996214.000000 957006.000000 
1010454.000000 938594.000000 
977084.000000 982600.000000 
974628.000000 984134.000000 
970960.000000 987996.000000 

1182612.000000 809362.000000 
952958.000000 1000088.000000 
996976.000000 951284.000000 
1140386.000000 826746.000000 
1153276.000000 820374.000000 
1045228.000000 890010.000000 
1060582.000000 881610.000000 
1078136.000000 868950.000000 
939586.000000 1022780.000000 
1127762.000000 828664.000000 
1176284.000000 809436.000000 
1034918.000000 905492.000000 
1082844.000000 866244.000000 
1153130.000000 820992.000000 
1165284.000000 816900.000000 
985848.000000 963172.000000 
1102186.000000 851000.000000 
1022964.000000 919436.000000 
988838.000000 962604.000000 
967654.000000 981578.000000 
1121946.000000 832904.000000 
946274.000000 1019670.000000 
969160.000000 975576.000000 
1019046.000000 924024.000000 
1040330.000000 900094.000000 
976086.000000 972200.000000 
1025762.000000 917444.000000 
1091436.000000 862616.000000 
1092072.000000 853926.000000 
1099206.000000 853130.000000 
995638.000000 952556.000000 
1108102.000000 841180.000000 
1114716.000000 834514.000000 
1104080.000000 846678.000000 
1087258.000000 864834.000000 
1050880.000000 886946.000000 
1040036.000000 900960.000000 
1010560.000000 930038.000000 
998750.000000 941766.000000 
1162378.000000 818372.000000 
1003946.000000 934168.000000 
1010900.000000 929000.000000 
1058428.000000 884148.000000 
1038304.000000 903786.000000 
1002962.000000 938652.000000 
1086510.000000 865134.000000 
1184526.000000 802236.000000 
1171434.000000 810284.000000 
1062280.000000 877630.000000 
977944.000000 967830.000000 
985684.000000 963954.000000 
1019628.000000 920194.000000 
1075992.000000 869368.000000 
1079248.000000 867022.000000 
1026718.000000 917140.000000 
1091478.000000 857300.000000 
1087608.000000 862680.000000 
1022646.000000 919452.000000 
1149776.000000 823858.000000 
1166030.000000 811576.000000 
1000516.000000 939688.000000 
1066464.000000 874240.000000 
1073466.000000 871426.000000 
1078976.000000 868934.000000 
965898.000000 982258.000000 
1030384.000000 912020.000000 
948076.000000 1019630.000000 
1030356.000000 914332.000000 
1012100.000000 925642.000000 
1031868.000000 907368.000000 
988842.000000 956520.000000 
1074218.000000 871346.000000 
1016552.000000 924966.000000 
927022.000000 1048824.000000 
939206.000000 1023262.000000 
982682.000000 965316.000000 
991680.000000 954448.000000 
936386.000000 1033418.000000 
960992.000000 985300.000000 
934260.000000 1044688.000000 
959198.000000 990886.000000 
952214.000000 1015758.000000 
932412.000000 1047652.000000 

1117406.000000 834216.000000 
1077264.000000 871004.000000 
1099162.000000 848200.000000 
1087638.000000 857252.000000 
1078132.000000 866976.000000 
1063876.000000 883750.000000 
1082790.000000 860496.000000 
1088514.000000 854616.000000 
1050466.000000 893988.000000 
1145416.000000 820964.000000 
1017060.000000 921954.000000 
991106.000000 940920.000000 
1000502.000000 930878.000000 
961272.000000 991964.000000 
1064792.000000 882472.000000 
1062064.000000 883988.000000 
1055450.000000 887516.000000 
1055254.000000 889500.000000 
1051256.000000 890116.000000 
974252.000000 972432.000000 
1131096.000000 823670.000000 
1061222.000000 884928.000000 
1036870.000000 899288.000000 
989672.000000 949912.000000 
983560.000000 958330.000000 
975718.000000 966704.000000 
1046762.000000 894998.000000 
1050636.000000 893932.000000 
1066106.000000 875826.000000 
1067120.000000 873248.000000 
1007814.000000 928714.000000 
1011474.000000 927682.000000 
1055982.000000 886398.000000 
1092084.000000 849862.000000 
1098300.000000 848974.000000 
1081520.000000 864442.000000 
1019652.000000 913446.000000 
1024750.000000 905662.000000 
968466.000000 979158.000000 
986524.000000 956494.000000 
1082386.000000 864072.000000 
1030812.000000 905234.000000 
1060110.000000 886294.000000 
967220.000000 983920.000000 
957874.000000 1004786.000000 
1111612.000000 836764.000000 
1103368.000000 837806.000000 
1119278.000000 824584.000000 
1016852.000000 922210.000000 
1011714.000000 922434.000000 
1017168.000000 916882.000000 
977014.000000 958400.000000 
969096.000000 973218.000000 
962730.000000 988584.000000 
1074528.000000 872778.000000 
1130760.000000 823746.000000 
953132.000000 1012816.000000 
961228.000000 995680.000000 
954268.000000 1008010.000000 
965004.000000 988256.000000 

1026516.000000 922546.000000 
964474.000000 980590.000000 
933320.000000 1039222.000000 
1103918.000000 864492.000000 
944360.000000 1012318.000000 
939616.000000 1014326.000000 
939116.000000 1021184.000000 
927048.000000 1040718.000000 
925730.000000 1056502.000000 
1028818.000000 920966.000000 
1010536.000000 931188.000000 
936868.000000 1027100.000000 
936994.000000 1026564.000000 
1151782.000000 846364.000000 
1012832.000000 929750.000000 
1091386.000000 873652.000000 
1075126.000000 877364.000000 
1150414.000000 848572.000000 
925398.000000 1067512.000000 
923666.000000 1069314.000000 
976254.000000 954836.000000 
1034358.000000 912380.000000 
1019938.000000 925336.000000 
966650.000000 968098.000000 
934378.000000 1035104.000000 
1009120.000000 935714.000000 
990368.000000 946728.000000 
944864.000000 1001096.000000 
941188.000000 1013428.000000 
1053134.000000 896634.000000 
1064556.000000 893604.000000 
1039854.000000 910544.000000 
1021956.000000 923964.000000 
1030004.000000 914024.000000 
1104872.000000 864176.000000 
1099190.000000 871732.000000 
950284.000000 995882.000000 
988756.000000 949858.000000 
945222.000000 997778.000000 
936388.000000 1032548.000000 
954518.000000 989206.000000 
1023862.000000 923730.000000 
1052058.000000 897334.000000 
1048934.000000 903918.000000 
1037696.000000 911320.000000 
975698.000000 961374.000000 
995044.000000 941850.000000 
984484.000000 953536.000000 
960274.000000 983544.000000 
960350.000000 981606.000000 
1028924.000000 918088.000000 
1003380.000000 937752.000000 
975416.000000 968056.000000 
1009784.000000 931264.000000 
937910.000000 1023812.000000 
934912.000000 1035096.000000 
988606.000000 950526.000000 
991818.000000 945614.000000 
1180066.000000 831790.000000 
1150964.000000 847426.000000 
1129702.000000 849896.000000 
1070592.000000 886036.000000 
1016858.000000 925858.000000 
1168222.000000 843722.000000 
1100006.000000 865330.000000 
1173506.000000 834236.000000 
1097404.000000 872934.000000 
1158274.000000 843890.000000 
1044618.000000 907866.000000 
1029174.000000 916694.000000 
1032164.000000 913786.000000 
1116756.000000 860562.000000 
1041320.000000 908550.000000 
1126012.000000 852000.000000 
1117568.000000 858398.000000 
1122806.000000 857978.000000 
1124086.000000 855732.000000 
1123172.000000 856510.000000 

1097560.000000 853468.000000 
1071878.000000 870572.000000 
960982.000000 982966.000000 
1068624.000000 872632.000000 
1056730.000000 880196.000000 
1088402.000000 856810.000000 
997640.000000 932514.000000 
1010624.000000 918194.000000 
981336.000000 956090.000000 
1124160.000000 834720.000000 
943938.000000 1008480.000000 
968966.000000 970838.000000 
980080.000000 960982.000000 
1004996.000000 926646.000000 
1042606.000000 894288.000000 
1021948.000000 910038.000000 
1009788.000000 921730.000000 
956078.000000 986198.000000 
992140.000000 940102.000000 
991448.000000 945200.000000 
962590.000000 980906.000000 
973524.000000 968630.000000 
947988.000000 997898.000000 
1036466.000000 898754.000000 
1087022.000000 858218.000000 
1084278.000000 859640.000000 
1072580.000000 869814.000000 
970650.000000 969334.000000 
974488.000000 961064.000000 
1041938.000000 895448.000000 
1054110.000000 883662.000000 
1020956.000000 911586.000000 
1067178.000000 872758.000000 
984376.000000 953136.000000 
1048742.000000 888114.000000 
1034646.000000 900608.000000 
1032974.000000 901644.000000 
1028024.000000 902522.000000 
1023002.000000 909590.000000 
1025900.000000 905000.000000 
1039198.000000 896200.000000 
1053156.000000 885988.000000 
1001848.000000 930528.000000 
1002986.000000 928916.000000 
1037296.000000 897680.000000 
1075254.000000 867930.000000 
1017048.000000 914540.000000 
1012906.000000 915906.000000 
991558.000000 943280.000000 
1071304.000000 872234.000000 
1067028.000000 873016.000000 
1049966.000000 886288.000000 
984224.000000 954820.000000 
973892.000000 966538.000000 
940080.000000 1011556.000000 
1001312.000000 931200.000000 
999884.000000 932350.000000 
1004674.000000 927730.000000 
1043388.000000 892026.000000 
960458.000000 983090.000000 
1046866.000000 890046.000000 
1009468.000000 922416.000000 
938938.000000 1017828.000000 
951422.000000 997576.000000 
1066788.000000 873504.000000 
1063308.000000 875794.000000 
963736.000000 972950.000000 
1083116.000000 861724.000000 
1077476.000000 865810.000000 
1048158.000000 888270.000000 
988918.000000 945212.000000 
993876.000000 938286.000000 
991814.000000 941540.000000 
1144520.000000 832536.000000 
1013738.000000 915508.000000 
1017984.000000 913172.000000 
983008.000000 956010.000000 
963546.000000 975948.000000 
980364.000000 960874.000000 
946288.000000 1008426.000000 
1064856.000000 874174.000000 
1058648.000000 876920.000000 
1104544.000000 846316.000000 
953812.000000 993614.000000 
1147594.000000 821818.000000 
1008516.000000 923774.000000 
1033756.000000 900628.000000 
1011480.000000 917164.000000 
1119354.000000 838828.000000 
996110.000000 935844.000000 
1008854.000000 922876.000000 
980852.000000 958500.000000 
1010492.000000 919356.000000 
986080.000000 945812.000000 
1008482.000000 925176.000000 
947896.000000 1005934.000000 

1015832.000000 925662.000000 
1024304.000000 922492.000000 
1009238.000000 935152.000000 
1054592.000000 891466.000000 
1069698.000000 882444.000000 
1158272.000000 826068.000000 
1167244.000000 822344.000000 
1013648.000000 930024.000000 
1043510.000000 901186.000000 
969126.000000 969982.000000 
1027480.000000 919520.000000 
1050844.000000 893444.000000 
1064700.000000 882678.000000 
1077880.000000 867894.000000 
1106856.000000 850612.000000 
1104258.000000 853230.000000 
1124440.000000 840066.000000 
1019270.000000 924390.000000 
1022960.000000 924100.000000 
1135000.000000 837186.000000 
1100144.000000 854744.000000 
1072834.000000 878672.000000 
1092160.000000 859126.000000 
1096882.000000 854960.000000 
1070872.000000 881190.000000 
1075272.000000 877318.000000 
978512.000000 964904.000000 
1076440.000000 874174.000000 
1116614.000000 845948.000000 
997186.000000 947972.000000 
1047088.000000 899654.000000 
1027528.000000 918572.000000 
1046916.000000 900938.000000 
1120742.000000 840494.000000 
1126952.000000 839698.000000 
1105920.000000 851784.000000 
1071136.000000 879182.000000 
1142534.000000 833706.000000 
1160958.000000 824192.000000 
959844.000000 994916.000000 
1039930.000000 904972.000000 
1028884.000000 918458.000000 
1132896.000000 837508.000000 
1039894.000000 908972.000000 
1101894.000000 854436.000000 
1104658.000000 852382.000000 
1037828.000000 909162.000000 
1140472.000000 836234.000000 
1086074.000000 865220.000000 
1148480.000000 833212.000000 
966474.000000 979798.000000 
1031530.000000 916516.000000 
965938.000000 984450.000000 
978178.000000 967860.000000 
1058118.000000 887840.000000 
1048290.000000 896144.000000 
1061622.000000 887360.000000 
1156552.000000 830596.000000 
1151842.000000 831194.000000 
1033286.000000 909656.000000 
1015702.000000 928100.000000 
939660.000000 1033658.000000 
940494.000000 1018240.000000 
984336.000000 955394.000000 
1001028.000000 946676.000000 
1004676.000000 935996.000000 
947886.000000 1014398.000000 
951080.000000 997902.000000 
948784.000000 1005970.000000 
992288.000000 953582.000000 
1047706.000000 899634.000000 
978286.000000 965966.000000 
961796.000000 988092.000000 
945510.000000 1017066.000000 
1007658.000000 935888.000000 
960664.000000 992576.000000 
978038.000000 968570.000000 
956794.000000 997854.000000 
996268.000000 949892.000000 
965122.000000 985084.000000 
966196.000000 981660.000000 
950892.000000 1002134.000000 
957660.000000 996444.000000 
993712.000000 952178.000000 
950178.000000 1004680.000000 

1041406.000000 904036.000000 
1036878.000000 905568.000000 
1144184.000000 827188.000000 
1117418.000000 840034.000000 
1059864.000000 880998.000000 
1003706.000000 931604.000000 
1015486.000000 923828.000000 
1056804.000000 885234.000000 
1145780.000000 821602.000000 
975640.000000 970316.000000 
1088484.000000 860392.000000 
983560.000000 964922.000000 
1090708.000000 855854.000000 
1145670.000000 826136.000000 
1108600.000000 848236.000000 
1015014.000000 927564.000000 
1042170.000000 902552.000000 
1035170.000000 907998.000000 
1026430.000000 908734.000000 
1024896.000000 912586.000000 
1109812.000000 848134.000000 
1072480.000000 868670.000000 
1072308.000000 874100.000000 
1051248.000000 887638.000000 
1080080.000000 864534.000000 
1071010.000000 874344.000000 
1121270.000000 835708.000000 
1110162.000000 843588.000000 
1080402.000000 863144.000000 
1078504.000000 864548.000000 
1088746.000000 859744.000000 
1062938.000000 880026.000000 
972040.000000 981338.000000 
1044810.000000 900740.000000 
1046934.000000 893478.000000 
1010482.000000 927696.000000 
1023606.000000 915862.000000 
1100504.000000 848760.000000 
966344.000000 985736.000000 
975278.000000 979118.000000 
1090304.000000 856158.000000 
1097238.000000 853844.000000 
1096634.000000 854550.000000 
1104180.000000 848254.000000 
996578.000000 944162.000000 
1034690.000000 908170.000000 
1133448.000000 830746.000000 
955374.000000 1008740.000000 
963674.000000 990814.000000 
1120124.000000 837654.000000 
962958.000000 1002612.000000 
1044870.000000 894434.000000 
984354.000000 962134.000000 
1043252.000000 901256.000000 
1127072.000000 834990.000000 
992588.000000 953824.000000 
1017524.000000 921016.000000 
1089712.000000 858310.000000 
1008386.000000 930032.000000 
1065846.000000 874690.000000 
1050322.000000 891834.000000 
1022360.000000 920940.000000 
1035994.000000 906844.000000 
1038788.000000 904384.000000 
1066856.000000 874550.000000 
958340.000000 1007564.000000 
983028.000000 966028.000000 
1086456.000000 861760.000000 
1077962.000000 867328.000000 
996150.000000 946974.000000 
961152.000000 1004136.000000 
996138.000000 950186.000000 
1001930.000000 943016.000000 
1075326.000000 867652.000000 
999086.000000 943216.000000 
994246.000000 951674.000000 
1096062.000000 855370.000000 

939008.000000 1015254.000000 
1073126.000000 873392.000000 
1035500.000000 902812.000000 
998164.000000 936464.000000 
1003294.000000 932930.000000 
1061628.000000 882248.000000 
939186.000000 1007496.000000 
927832.000000 1021430.000000 
931298.000000 1020586.000000 
1069060.000000 875284.000000 
1088332.000000 863812.000000 
948420.000000 996548.000000 
943122.000000 1003016.000000 
948064.000000 999268.000000 
1090030.000000 861358.000000 
1030604.000000 909126.000000 
1059532.000000 882704.000000 
1063648.000000 881798.000000 
1057898.000000 887470.000000 
1034840.000000 905082.000000 
1025032.000000 914050.000000 
1020272.000000 917448.000000 
965944.000000 972758.000000 
949494.000000 990838.000000 
950218.000000 986198.000000 
966628.000000 963620.000000 
971706.000000 959728.000000 
986964.000000 949808.000000 
946904.000000 1000796.000000 
1058422.000000 887450.000000 
1030296.000000 911518.000000 
1007692.000000 923008.000000 
1000344.000000 934902.000000 
957070.000000 977930.000000 
952882.000000 985178.000000 
959292.000000 976176.000000 
962522.000000 973800.000000 
981484.000000 952852.000000 
989296.000000 949240.000000 
1034156.000000 907536.000000 
1043098.000000 894566.000000 
924120.000000 1038398.000000 
1098402.000000 856302.000000 
1065324.000000 880772.000000 
1035782.000000 902416.000000 
937210.000000 1015840.000000 
920616.000000 1048118.000000 
970808.000000 963260.000000 
990342.000000 939316.000000 
984306.000000 950486.000000 
979010.000000 955834.000000 
974840.000000 957870.000000 
1049860.000000 890290.000000 
1078432.000000 866852.000000 
1006800.000000 930612.000000 
1039894.000000 899982.000000 
1024904.000000 914834.000000 
1065828.000000 876182.000000 
1039984.000000 898660.000000 
1021862.000000 916704.000000 
1025306.000000 912998.000000 
998148.000000 938900.000000 
957622.000000 976656.000000 
942910.000000 1005512.000000 
1040530.000000 897340.000000 
1051240.000000 887980.000000 
923024.000000 1046458.000000 
1053210.000000 887890.000000 
1043546.000000 894416.000000 
1014726.000000 917546.000000 
1027216.000000 911780.000000 
1031246.000000 907714.000000 
1039016.000000 900060.000000 
1145606.000000 853220.000000 

995670.000000 953636.000000 
1026898.000000 910846.000000 
1042608.000000 899790.000000 
1017248.000000 918608.000000 
1099360.000000 857132.000000 
1175826.000000 817792.000000 
1101860.000000 854468.000000 
1170130.000000 818166.000000 
976786.000000 977292.000000 
1041118.000000 905918.000000 
1037238.000000 907264.000000 
1105288.000000 847594.000000 
1115586.000000 840610.000000 
1120786.000000 837296.000000 
1132130.000000 835984.000000 
1072254.000000 873582.000000 
1142438.000000 829176.000000 
1103582.000000 849812.000000 
1095928.000000 858172.000000 
1100318.000000 855938.000000 
1000614.000000 951094.000000 
1180472.000000 815746.000000 
1109118.000000 841918.000000 
1151614.000000 825730.000000 
1044858.000000 897312.000000 
975120.000000 986178.000000 
1068894.000000 874280.000000 
1161022.000000 819000.000000 
974426.000000 991618.000000 
976512.000000 983472.000000 
985844.000000 970018.000000 
993130.000000 963140.000000 
1153148.000000 821140.000000 
1006540.000000 939264.000000 
993438.000000 960392.000000 
1061066.000000 875824.000000 
1094616.000000 858614.000000 
1051782.000000 884542.000000 
1075126.000000 872176.000000 
1048730.000000 891080.000000 
1084070.000000 862670.000000 
1082354.000000 869760.000000 
1188320.000000 811608.000000 
1086080.000000 862414.000000 
994476.000000 956742.000000 
1150282.000000 826160.000000 
1010600.000000 931076.000000 
1014544.000000 927008.000000 
1136486.000000 832132.000000 
1133454.000000 833058.000000 
1144670.000000 826956.000000 
1076420.000000 870014.000000 
981318.000000 971472.000000 
990516.000000 968232.000000 
938254.000000 1054778.000000 
950654.000000 1047382.000000 
991358.000000 964246.000000 
965094.000000 993414.000000 
953278.000000 1034390.000000 
957156.000000 1013140.000000 
954448.000000 1025266.000000 
959158.000000 1000044.000000 
1041184.000000 904860.000000 
1005736.000000 946274.000000 
959046.000000 1006122.000000 
1003442.000000 949254.000000 

972736.000000 965672.000000 
951014.000000 994502.000000 
1078646.000000 871382.000000 
1065360.000000 884930.000000 
1036648.000000 904918.000000 
1033656.000000 905234.000000 
1013796.000000 917964.000000 
1016354.000000 917814.000000 
1022650.000000 914690.000000 
1056872.000000 889480.000000 
1060636.000000 885822.000000 
1065926.000000 883522.000000 
1069506.000000 880784.000000 
987648.000000 949652.000000 
996650.000000 938964.000000 
955610.000000 988200.000000 
964708.000000 977630.000000 
1039170.000000 902058.000000 
1075650.000000 879110.000000 
1001912.000000 935782.000000 
974012.000000 960572.000000 
1076034.000000 875668.000000 
945540.000000 1000330.000000 
955682.000000 985016.000000 
959802.000000 981100.000000 
945544.000000 996838.000000 
988894.000000 945750.000000 
970316.000000 972320.000000 
991282.000000 944772.000000 
999842.000000 936272.000000 
1041120.000000 898926.000000 
1047178.000000 889606.000000 
1041092.000000 901300.000000 
1009682.000000 924278.000000 
1068214.000000 881966.000000 
1031500.000000 907946.000000 
1045082.000000 893388.000000 
1028388.000000 908026.000000 
1023936.000000 913974.000000 
955438.000000 989718.000000 
982408.000000 955680.000000 
962742.000000 979532.000000 
1001696.000000 936060.000000 
955274.000000 989954.000000 
1091026.000000 867954.000000 
1131398.000000 850076.000000 
998106.000000 937322.000000 
941914.000000 1005468.000000 
924158.000000 1033136.000000 
963834.000000 979078.000000 
965962.000000 974070.000000 
951508.000000 992874.000000 
995652.000000 942996.000000 
914980.000000 1047774.000000 
1002944.000000 930360.000000 
1077900.000000 874372.000000 
1091708.000000 864994.000000 
1086322.000000 869952.000000 
1024490.000000 912276.000000 
925752.000000 1031882.000000 
980296.000000 957082.000000 
921168.000000 1035100.000000 
952576.000000 991638.000000 
926876.000000 1024444.000000 
933378.000000 1010524.000000 
929822.000000 1018054.000000 
1032100.000000 907538.000000 
1131536.000000 845102.000000 
971194.000000 967674.000000 
1006546.000000 929942.000000 
945228.000000 1003290.000000 
1022360.000000 916326.000000 
943940.000000 1003612.000000 
941846.000000 1009254.000000 
1002468.000000 935126.000000 
969460.000000 972842.000000 
986456.000000 951834.000000 
1131198.000000 850644.000000 
1094166.000000 861516.000000 
1112544.000000 853670.000000 
1126068.000000 850996.000000 
1106462.000000 860430.000000 
1102140.000000 861096.000000 
1109726.000000 855534.000000 

939790.000000 1013432.000000 
1171080.000000 837330.000000 
1146028.000000 841862.000000 
1155638.000000 837906.000000 
1087118.000000 863252.000000 
1069030.000000 877600.000000 
1106018.000000 850244.000000 
1126316.000000 843820.000000 
1028620.000000 911070.000000 
1048450.000000 890966.000000 
1033130.000000 904634.000000 
1032088.000000 905064.000000 
1047376.000000 893670.000000 
1054380.000000 889072.000000 
1078430.000000 873036.000000 
1025588.000000 911820.000000 
1080290.000000 869712.000000 
1002230.000000 938504.000000 
978858.000000 953906.000000 
1093754.000000 857654.000000 
1122200.000000 844512.000000 
1090528.000000 862740.000000 
1080668.000000 869654.000000 
1082544.000000 864828.000000 
1090776.000000 860388.000000 
1068298.000000 878008.000000 
1062014.000000 880096.000000 
1151926.000000 841856.000000 
973584.000000 964450.000000 
1040902.000000 896880.000000 
1024316.000000 914400.000000 
946766.000000 1002044.000000 
997766.000000 938990.000000 
1092564.000000 858974.000000 
1097948.000000 856790.000000 
1024966.000000 912826.000000 
1030640.000000 906050.000000 
1011100.000000 927094.000000 
1104502.000000 852200.000000 
1115468.000000 849712.000000 
1076010.000000 873286.000000 
988216.000000 945782.000000 
991080.000000 942670.000000 
1008756.000000 929944.000000 
1029168.000000 908958.000000 
1136396.000000 842784.000000 
992566.000000 940564.000000 
986404.000000 947384.000000 
984644.000000 953870.000000 
978850.000000 957524.000000 
977224.000000 959862.000000 
1071342.000000 876172.000000 
1116668.000000 848448.000000 
1035252.000000 901214.000000 
1015348.000000 915874.000000 
1027412.000000 911682.000000 
1131912.000000 843738.000000 
1010876.000000 929266.000000 
1074100.000000 874184.000000 
1047404.000000 893540.000000 
1056512.000000 883460.000000 
1101156.000000 855576.000000 
1038748.000000 900060.000000 
1002344.000000 936168.000000 
1034718.000000 903538.000000 
1029070.000000 909462.000000 
1001396.000000 938738.000000 
1103186.000000 853490.000000 
1081528.000000 867954.000000 
1011506.000000 924650.000000 
1006630.000000 929996.000000 
942772.000000 1013376.000000 
1064928.000000 879188.000000 
1044444.000000 896130.000000 
973788.000000 963706.000000 
985304.000000 951910.000000 
950052.000000 981872.000000 
964616.000000 972464.000000 
1012686.000000 923808.000000 
1002380.000000 930348.000000 
966588.000000 966610.000000 

1081758.000000 878342.000000 
997362.000000 940892.000000 
933950.000000 1015896.000000 
934002.000000 1011636.000000 
931328.000000 1017802.000000 
971388.000000 965912.000000 
1008636.000000 926396.000000 
1040400.000000 901814.000000 
1074648.000000 882970.000000 
1133634.000000 854654.000000 
942684.000000 992700.000000 
974626.000000 961518.000000 
924244.000000 1046360.000000 
1092300.000000 864200.000000 
999168.000000 938360.000000 
924622.000000 1040852.000000 
1037388.000000 907638.000000 
1061710.000000 887386.000000 
1055730.000000 890896.000000 
1016652.000000 925670.000000 
1034920.000000 908898.000000 
1019080.000000 921190.000000 
1026410.000000 914056.000000 
984898.000000 947520.000000 
966764.000000 967506.000000 
963880.000000 973314.000000 
930020.000000 1022102.000000 
940838.000000 997306.000000 
946184.000000 991586.000000 
992914.000000 944956.000000 
1027582.000000 912980.000000 
991370.000000 946194.000000 
981966.000000 952750.000000 
1070400.000000 883812.000000 
977002.000000 957724.000000 
973746.000000 963112.000000 
965866.000000 971362.000000 
937068.000000 1008474.000000 
964956.000000 973258.000000 
1055548.000000 896496.000000 
1021930.000000 920570.000000 
1020418.000000 921060.000000 
959948.000000 977680.000000 
953254.000000 979108.000000 
998574.000000 940276.000000 
1084648.000000 867052.000000 
1061370.000000 889716.000000 
1072918.000000 883730.000000 
1066654.000000 884142.000000 
958106.000000 978534.000000 
1008560.000000 931062.000000 
965394.000000 972574.000000 
952266.000000 984988.000000 
938938.000000 1008362.000000 
1135512.000000 847460.000000 
1047432.000000 900432.000000 
1000932.000000 937662.000000 
962914.000000 974718.000000 
1002454.000000 936216.000000 
1040294.000000 904342.000000 
1084530.000000 873152.000000 
965880.000000 968134.000000 
1164396.000000 842186.000000 
992600.000000 945370.000000 
976036.000000 959922.000000 
1017402.000000 923530.000000 
1030456.000000 910554.000000 
1022230.000000 916314.000000 
1077774.000000 879396.000000 
997690.000000 940358.000000 
994254.000000 941068.000000 
1004046.000000 934248.000000 
1183044.000000 832508.000000 
1136188.000000 845282.000000 
1129894.000000 855678.000000 
973246.000000 964490.000000 
1153320.000000 842868.000000 
1115248.000000 856080.000000 
1170758.000000 841162.000000 
1066140.000000 887016.000000 
1107750.000000 860670.000000 
980802.000000 956708.000000 
1077040.000000 882300.000000 
1051466.000000 897882.000000 
1176928.000000 835678.000000 
1083916.000000 876660.000000 
1110424.000000 859636.000000 
1175810.000000 840268.000000 
1081662.000000 879134.000000 
1172780.000000 840938.000000 
1176642.000000 837952.000000 

1014720.000000 921460.000000 
1132472.000000 845120.000000 
917396.000000 1043546.000000 
1034862.000000 911388.000000 
1049956.000000 896994.000000 
1037852.000000 905794.000000 
953048.000000 990872.000000 
939572.000000 1006830.000000 
940292.000000 1006704.000000 
951904.000000 991808.000000 
1130946.000000 846654.000000 
1072100.000000 875618.000000 
1125696.000000 848652.000000 
1118294.000000 852380.000000 
1003700.000000 930876.000000 
1039186.000000 905450.000000 
1059180.000000 885438.000000 
1039612.000000 903442.000000 
973406.000000 967978.000000 
945930.000000 996248.000000 
1087452.000000 858136.000000 
1073076.000000 869776.000000 
1114772.000000 854466.000000 
941396.000000 1006614.000000 
1128046.000000 847818.000000 
911990.000000 1057646.000000 
1121762.000000 849986.000000 
976194.000000 967434.000000 
929264.000000 1020160.000000 
912918.000000 1056286.000000 
969370.000000 972226.000000 
948494.000000 994844.000000 
950318.000000 994682.000000 
927578.000000 1025542.000000 
930984.000000 1015008.000000 
935292.000000 1009780.000000 
1097898.000000 855722.000000 
1058090.000000 885726.000000 
918010.000000 1029558.000000 
945280.000000 999594.000000 
975028.000000 967788.000000 
962832.000000 976628.000000 
958422.000000 983494.000000 
976836.000000 962480.000000 
992314.000000 940768.000000 
998052.000000 936582.000000 
1042368.000000 899136.000000 
1033266.000000 911716.000000 
1035532.000000 906304.000000 
1048210.000000 898164.000000 
1048056.000000 898210.000000 
1057700.000000 885912.000000 
1006188.000000 926908.000000 
1015528.000000 916992.000000 
1004418.000000 927748.000000 
987092.000000 944958.000000 
1048760.000000 897036.000000 
1024290.000000 912650.000000 
1020396.000000 912654.000000 
1001120.000000 933920.000000 
986770.000000 950634.000000 
963514.000000 974548.000000 
977804.000000 960680.000000 
1056588.000000 886442.000000 
997516.000000 938262.000000 
1138878.000000 842678.000000 
958362.000000 987600.000000 
985970.000000 953042.000000 
978820.000000 960244.000000 
984852.000000 954294.000000 
941874.000000 1002008.000000 
947376.000000 995686.000000 
1053516.000000 886880.000000 
1069470.000000 877900.000000 
959244.000000 977938.000000 
970430.000000 969264.000000 
1050712.000000 889850.000000 
972972.000000 968720.000000 
982050.000000 955696.000000 
1123132.000000 849366.000000 
1060912.000000 885048.000000 
1062270.000000 880914.000000 
915302.000000 1045878.000000 
981868.000000 956960.000000 
976938.000000 961990.000000 
979872.000000 958464.000000 
1074578.000000 868342.000000 
1039422.000000 904864.000000 
1064192.000000 878716.000000 
956288.000000 987602.000000 
1072076.000000 876006.000000 
1150316.000000 839626.000000 
1012038.000000 926670.000000 
1085356.000000 866780.000000 
1116482.000000 853344.000000 
1147854.000000 842456.000000 
1136682.000000 843890.000000 

1062560.000000 885142.000000 
993790.000000 959856.000000 
959144.000000 999958.000000 
1071536.000000 876290.000000 
1065202.000000 877724.000000 
1006774.000000 934808.000000 
1023658.000000 917608.000000 
1016724.000000 924560.000000 
1128272.000000 837126.000000 
1015962.000000 927858.000000 
1011902.000000 929544.000000 
1063770.000000 881058.000000 
992950.000000 959916.000000 
1038906.000000 902660.000000 
1042288.000000 900068.000000 
1045248.000000 894086.000000 
969720.000000 976842.000000 
1062876.000000 882870.000000 
1070044.000000 876380.000000 
1026072.000000 914012.000000 
1016220.000000 926398.000000 
1056162.000000 890890.000000 
1020734.000000 924294.000000 
1104648.000000 851280.000000 
978312.000000 971166.000000 
1037622.000000 904368.000000 
1086068.000000 866310.000000 
1049532.000000 893600.000000 
1067778.000000 877682.000000 
1097034.000000 855888.000000 
1062464.000000 885618.000000 
1103808.000000 852288.000000 
1095992.000000 855968.000000 
988526.000000 963866.000000 
1074718.000000 875008.000000 
1089558.000000 860628.000000 
1081100.000000 867332.000000 
1032806.000000 912112.000000 
1052298.000000 891448.000000 
994360.000000 952014.000000 
962336.000000 993970.000000 
977352.000000 972554.000000 
988668.000000 961092.000000 
1056472.000000 886566.000000 
1074318.000000 875822.000000 
1092814.000000 856974.000000 
984644.000000 967316.000000 
1075538.000000 868446.000000 
1086414.000000 861564.000000 
1091892.000000 860020.000000 
1025656.000000 917496.000000 
993872.000000 955396.000000 
1038566.000000 903998.000000 
1023308.000000 919318.000000 
1046854.000000 893702.000000 
1034480.000000 906932.000000 
1041472.000000 900346.000000 
1104696.000000 847108.000000 
1110882.000000 839770.000000 
1121170.000000 837936.000000 
999324.000000 943304.000000 
1005728.000000 935236.000000 
1029124.000000 913176.000000 
1036902.000000 904418.000000 
952694.000000 1000298.000000 
1056362.000000 889560.000000 
1133452.000000 836184.000000 
1000812.000000 941244.000000 
1022502.000000 923094.000000 
1095284.000000 856780.000000 
1051736.000000 893272.000000 
1073530.000000 876152.000000 
1050710.000000 893556.000000 
1147384.000000 827512.000000 
1059568.000000 885680.000000 
1085430.000000 866712.000000 
1044208.000000 899844.000000 
1033084.000000 910198.000000 
1135034.000000 830842.000000 
1100892.000000 854268.000000 
966802.000000 980242.000000 
1044774.000000 899080.000000 
1014372.000000 928296.000000 
1127150.000000 837156.000000 
1130712.000000 836222.000000 
1136538.000000 830048.000000 
986066.000000 963930.000000 
965262.000000 992402.000000 
981742.000000 970430.000000 
948212.000000 1015952.000000 
952006.000000 1013052.000000 

1072566.000000 878250.000000 
949982.000000 997824.000000 
1011378.000000 928908.000000 
938076.000000 1013908.000000 
922762.000000 1055020.000000 
987456.000000 949614.000000 
975718.000000 956450.000000 
969290.000000 969718.000000 
1041736.000000 899764.000000 
1065488.000000 881248.000000 
1013334.000000 925386.000000 
1005094.000000 934942.000000 
1029432.000000 907840.000000 
1029152.000000 913028.000000 
1130452.000000 844212.000000 
1011578.000000 927574.000000 
966644.000000 969992.000000 
990260.000000 943600.000000 
1015754.000000 924538.000000 
1035440.000000 904742.000000 
943294.000000 1008186.000000 
1106250.000000 848564.000000 
1100272.000000 855182.000000 
1050362.000000 893314.000000 
1087224.000000 869128.000000 
1044940.000000 896148.000000 
1055746.000000 890270.000000 
1059424.000000 889122.000000 
952170.000000 997088.000000 
973420.000000 968340.000000 
1015830.000000 919476.000000 
1025438.000000 915328.000000 
1076652.000000 874398.000000 
1049502.000000 894900.000000 
1098116.000000 860490.000000 
1061332.000000 882660.000000 
1077484.000000 869646.000000 
1094740.000000 863836.000000 
1000398.000000 937130.000000 
935272.000000 1022390.000000 
963626.000000 977432.000000 
1091086.000000 865564.000000 
1106114.000000 853366.000000 
970374.000000 969452.000000 
982456.000000 954348.000000 
973174.000000 968868.000000 
983424.000000 953690.000000 
1026734.000000 913590.000000 
1049930.000000 893326.000000 
1091398.000000 865470.000000 
965008.000000 975540.000000 
1063702.000000 882270.000000 
1120784.000000 844372.000000 
1114026.000000 847348.000000 
1006516.000000 934666.000000 
1042548.000000 897898.000000 
1020768.000000 915830.000000 
959410.000000 980540.000000 
954400.000000 989810.000000 
946916.000000 1000546.000000 
998014.000000 943454.000000 
954076.000000 997042.000000 
1059780.000000 883964.000000 
1009494.000000 930558.000000 
1076326.000000 877418.000000 
1066196.000000 878718.000000 
956028.000000 988772.000000 
957422.000000 988250.000000 
931606.000000 1024512.000000 
1008254.000000 931234.000000 
974588.000000 966132.000000 
1005318.000000 934794.000000 
1027466.000000 913128.000000 
999316.000000 941124.000000 
946078.000000 1003222.000000 
1055604.000000 890386.000000 
1076416.000000 874990.000000 
1035862.000000 902376.000000 
1053156.000000 892538.000000 
1010772.000000 930120.000000 
975528.000000 964162.000000 
1155080.000000 838264.000000 
1052042.000000 892724.000000 
1139316.000000 842242.000000 
1150346.000000 839936.000000 
1134904.000000 842636.000000 
1151454.000000 839786.000000 

1133280.000000 838650.000000 
1121036.000000 844324.000000 
1024782.000000 911752.000000 
1005546.000000 931720.000000 
1000690.000000 941702.000000 
1098788.000000 850086.000000 
1097662.000000 860220.000000 
1075098.000000 870812.000000 
944240.000000 1003384.000000 
1091936.000000 862688.000000 
1086956.000000 866794.000000 
1136420.000000 835524.000000 
961934.000000 983136.000000 
1003474.000000 932922.000000 
994006.000000 943350.000000 
984152.000000 955156.000000 
969294.000000 968652.000000 
950862.000000 997478.000000 
1043738.000000 895706.000000 
1015822.000000 925050.000000 
1032948.000000 906986.000000 
1038148.000000 900660.000000 
1091782.000000 865860.000000 
1112508.000000 848588.000000 
1121674.000000 843538.000000 
1041874.000000 900174.000000 
1082844.000000 867380.000000 
1095170.000000 861948.000000 
965122.000000 976818.000000 
975966.000000 961824.000000 
958160.000000 986458.000000 
1005538.000000 931872.000000 
1145572.000000 833296.000000 
962098.000000 977314.000000 
1116170.000000 846088.000000 
1088040.000000 865922.000000 
1051844.000000 892296.000000 
997746.000000 942762.000000 
1017630.000000 922748.000000 
1023124.000000 917434.000000 
967294.000000 974824.000000 
979842.000000 960446.000000 
974108.000000 962150.000000 
989522.000000 948354.000000 
1009124.000000 929436.000000 
1043600.000000 895854.000000 
1014450.000000 929264.000000 
985530.000000 953444.000000 
983100.000000 957302.000000 
1000276.000000 942400.000000 
1002550.000000 936946.000000 
1125828.000000 842232.000000 
1001278.000000 939750.000000 
1134102.000000 837974.000000 
960838.000000 983512.000000 
940524.000000 1016302.000000 
1155564.000000 830098.000000 
939854.000000 1021364.000000 
934164.000000 1028924.000000 
973062.000000 966806.000000 
1087772.000000 866632.000000 
947242.000000 1000428.000000 
952230.000000 991892.000000 
960642.000000 985760.000000 
1060734.000000 877780.000000 
1077186.000000 869024.000000 
1051996.000000 885244.000000 
1044822.000000 893240.000000 
1019220.000000 922278.000000 
1023284.000000 917066.000000 
1070482.000000 872034.000000 
980584.000000 958474.000000 
1027484.000000 910048.000000 
932578.000000 1029218.000000 
1019768.000000 920372.000000 
944106.000000 1010674.000000 
1034582.000000 905990.000000 
937976.000000 1025494.000000 

1027628.000000 916778.000000 
1035198.000000 905302.000000 
1019798.000000 926496.000000 
1087146.000000 867776.000000 
1036754.000000 901318.000000 
1072318.000000 880992.000000 
960566.000000 995970.000000 
1020878.000000 921814.000000 
993988.000000 954150.000000 
999064.000000 950946.000000 
1163064.000000 814258.000000 
1034022.000000 911724.000000 
1087714.000000 863032.000000 
1095118.000000 858114.000000 
1083972.000000 869668.000000 
1156104.000000 820784.000000 
1159626.000000 820258.000000 
972888.000000 983112.000000 
1161254.000000 819474.000000 
1034402.000000 910852.000000 
1032184.000000 915346.000000 
994630.000000 952810.000000 
1033750.000000 913402.000000 
1073508.000000 879014.000000 
1078418.000000 871510.000000 
1008384.000000 934954.000000 
1144924.000000 825026.000000 
1145606.000000 823022.000000 
1133866.000000 828050.000000 
1140320.000000 825590.000000 
1092186.000000 862712.000000 
1079032.000000 871262.000000 
1054354.000000 891602.000000 
1042834.000000 898966.000000 
1027000.000000 918942.000000 
1026418.000000 920464.000000 
1102336.000000 849280.000000 
1109094.000000 841674.000000 
1114808.000000 833566.000000 
1112926.000000 835224.000000 
1093636.000000 862502.000000 
1099214.000000 852592.000000 
1059572.000000 887360.000000 
1155080.000000 822590.000000 
1071758.000000 882264.000000 
1025046.000000 921452.000000 
1012080.000000 931434.000000 
991884.000000 957190.000000 
1058474.000000 891464.000000 
1003192.000000 942926.000000 
974912.000000 971534.000000 
964412.000000 988500.000000 
1174342.000000 807408.000000 
967736.000000 987502.000000 
1063024.000000 883702.000000 
1084108.000000 867808.000000 
1173480.000000 809052.000000 
1006648.000000 938896.000000 
1046790.000000 896438.000000 
1002754.000000 946782.000000 
1016860.000000 930384.000000 
980736.000000 970446.000000 
996092.000000 952388.000000 
990316.000000 958762.000000 
1001236.000000 947696.000000 
1081312.000000 869868.000000 
998868.000000 952380.000000 
952856.000000 1023618.000000 
954892.000000 1007960.000000 
986426.000000 959114.000000 
972934.000000 972900.000000 
1020282.000000 923450.000000 
969860.000000 983628.000000 
983554.000000 967416.000000 
964180.000000 991648.000000 
968378.000000 984474.000000 
982662.000000 969038.000000 
1017584.000000 930220.000000 
1002058.000000 947096.000000 
1018256.000000 929972.000000 

921824.000000 1043864.000000 
1084804.000000 866686.000000 
928966.000000 1036146.000000 
923934.000000 1043336.000000 
927584.000000 1038946.000000 
929266.000000 1015498.000000 
943196.000000 1004252.000000 
943854.000000 1003692.000000 
1011592.000000 928272.000000 
1033176.000000 911628.000000 
1024882.000000 917872.000000 
945380.000000 1002468.000000 
927578.000000 1039888.000000 
920256.000000 1047624.000000 
1006536.000000 934338.000000 
984610.000000 954890.000000 
976644.000000 959560.000000 
1039502.000000 903896.000000 
1030136.000000 914940.000000 
987428.000000 952822.000000 
926422.000000 1042552.000000 
919760.000000 1050538.000000 
915946.000000 1056080.000000 
909778.000000 1069244.000000 
965824.000000 974380.000000 
914644.000000 1058512.000000 
919332.000000 1052904.000000 
1005604.000000 935384.000000 
1007606.000000 928792.000000 
1004334.000000 936096.000000 
1022180.000000 919382.000000 
993132.000000 942618.000000 
1021802.000000 921920.000000 
967580.000000 973178.000000 
964378.000000 975532.000000 
917150.000000 1054568.000000 
928090.000000 1036454.000000 
913750.000000 1062662.000000 
1072508.000000 876082.000000 
1030522.000000 912722.000000 
987434.000000 949800.000000 
942048.000000 1005248.000000 
993030.000000 947952.000000 
1069426.000000 880188.000000 
1064130.000000 885402.000000 
996262.000000 937580.000000 
1024476.000000 918292.000000 
1038322.000000 906926.000000 
1055200.000000 890412.000000 
1045492.000000 892486.000000 
1013846.000000 923650.000000 
1012858.000000 927016.000000 
1101598.000000 856486.000000 
1119194.000000 851562.000000 
1152786.000000 834236.000000 
917520.000000 1052920.000000 
1061454.000000 889842.000000 
1005514.000000 936074.000000 
1067512.000000 883870.000000 
950808.000000 999788.000000 
989470.000000 948422.000000 
974774.000000 965824.000000 
948052.000000 1001190.000000 
941964.000000 1007352.000000 
1041690.000000 902332.000000 
974286.000000 967812.000000 
958572.000000 982252.000000 
1151812.000000 845454.000000 
940196.000000 1011986.000000 
926814.000000 1042086.000000 
1131256.000000 851172.000000 
967466.000000 974072.000000 
956418.000000 983438.000000 
941876.000000 1010708.000000 
967610.000000 970016.000000 
965574.000000 975234.000000 
951170.000000 986246.000000 
962254.000000 977200.000000 
972258.000000 968138.000000 
979048.000000 956378.000000 
950302.000000 1001130.000000 
1072676.000000 872090.000000 
1114164.000000 853928.000000 
1145046.000000 847366.000000 
1033956.000000 908058.000000 
1094876.000000 858956.000000 
1072208.000000 880176.000000 
1057374.000000 890408.000000 
1030070.000000 917050.000000 
1140056.000000 848344.000000 
1022874.000000 918758.000000 
1014798.000000 922228.000000 
1000054.000000 936584.000000 
1082514.000000 870242.000000 
1188752.000000 833310.000000 
1137580.000000 849246.000000 

1122848.000000 842826.000000 
1065242.000000 880662.000000 
1061656.000000 884904.000000 
1074824.000000 876258.000000 
1100406.000000 859764.000000 
1097406.000000 864188.000000 
1132046.000000 839112.000000 
1122176.000000 844418.000000 
966062.000000 975856.000000 
941224.000000 1008644.000000 
955956.000000 989186.000000 
978532.000000 957842.000000 
992306.000000 939434.000000 
966254.000000 974804.000000 
1026596.000000 911360.000000 
954290.000000 989416.000000 
1102810.000000 856788.000000 
1010092.000000 927740.000000 
1095306.000000 865828.000000 
1076378.000000 874968.000000 
1013772.000000 918062.000000 
986260.000000 941784.000000 
1036228.000000 906336.000000 
1037774.000000 901478.000000 
1004362.000000 930404.000000 
1110574.000000 848288.000000 
1089000.000000 866656.000000 
956146.000000 988040.000000 
920552.000000 1040722.000000 
942494.000000 1002152.000000 
936504.000000 1013022.000000 
936124.000000 1013482.000000 
1034342.000000 907000.000000 
1044078.000000 898284.000000 
1013242.000000 926420.000000 
1097866.000000 862344.000000 
1146722.000000 831994.000000 
1032424.000000 910408.000000 
1030840.000000 910494.000000 
956120.000000 988926.000000 
1054728.000000 889714.000000 
1121950.000000 847282.000000 
946394.000000 998498.000000 
972668.000000 966878.000000 
985274.000000 945410.000000 
974334.000000 961544.000000 
956858.000000 978000.000000 
914376.000000 1046504.000000 
1007192.000000 929240.000000 
1001918.000000 932358.000000 
997208.000000 937250.000000 
1073558.000000 876742.000000 
934576.000000 1018556.000000 
1098996.000000 861594.000000 
942690.000000 1000826.000000 
1064652.000000 884552.000000 
1054358.000000 892476.000000 
924002.000000 1021324.000000 
951228.000000 990084.000000 
1032884.000000 910188.000000 
941644.000000 1007110.000000 
1023324.000000 916714.000000 
1044436.000000 894716.000000 
1103420.000000 856286.000000 
1123788.000000 839620.000000 
1106920.000000 855902.000000 
1091828.000000 866634.000000 
1058546.000000 888850.000000 
1048310.000000 893396.000000 
1054260.000000 893270.000000 
1040630.000000 899648.000000 
1107182.000000 855250.000000 
1061478.000000 887646.000000 
1073090.000000 879790.000000 
973138.000000 965576.000000 
983372.000000 949726.000000 
1025540.000000 915814.000000 
972594.000000 967600.000000 
949198.000000 994920.000000 
939946.000000 1010430.000000 
938542.000000 1010698.000000 
929128.000000 1021132.000000 
963620.000000 976278.000000 
979742.000000 954650.000000 
969436.000000 970494.000000 
1132610.000000 835608.000000 
1105350.000000 856196.000000 
1096036.000000 864548.000000 
1078926.000000 870290.000000 
935366.000000 1015988.000000 

923944.000000 1055420.000000 
975404.000000 963140.000000 
1060712.000000 895390.000000 
1041744.000000 905508.000000 
1032814.000000 912648.000000 
1055806.000000 895658.000000 
924624.000000 1046954.000000 
938756.000000 1016206.000000 
984864.000000 954742.000000 
985316.000000 951344.000000 
955464.000000 984106.000000 
928578.000000 1020298.000000 
978884.000000 957692.000000 
1110400.000000 864336.000000 
992960.000000 943360.000000 
1001704.000000 937220.000000 
1006330.000000 926372.000000 
998874.000000 939058.000000 
1044644.000000 899154.000000 
968520.000000 969084.000000 
939736.000000 1012214.000000 
940410.000000 1010446.000000 
1035800.000000 907088.000000 
942200.000000 1005548.000000 
982322.000000 955454.000000 
993780.000000 941520.000000 
927924.000000 1045452.000000 
969008.000000 964822.000000 
957624.000000 980482.000000 
916316.000000 1065558.000000 
1020794.000000 922298.000000 
1008842.000000 924842.000000 
958590.000000 969990.000000 
943248.000000 990010.000000 
928292.000000 1044582.000000 
999324.000000 938068.000000 
986760.000000 944904.000000 
1062510.000000 895154.000000 
1034620.000000 909466.000000 
1005862.000000 935728.000000 
1013250.000000 924208.000000 
923442.000000 1058490.000000 
1006194.000000 934728.000000 
1042764.000000 903308.000000 
1024340.000000 915416.000000 
1021620.000000 922016.000000 
1004708.000000 935812.000000 
1017550.000000 924010.000000 
1023412.000000 921254.000000 
984164.000000 955374.000000 
973974.000000 964620.000000 
978140.000000 962048.000000 
1096920.000000 872282.000000 
1049774.000000 897778.000000 
1140332.000000 846904.000000 
1080654.000000 874306.000000 
1098860.000000 867820.000000 
1052554.000000 897668.000000 
1062894.000000 888012.000000 
1105820.000000 864648.000000 
1067294.000000 885280.000000 
1125950.000000 855738.000000 
1135950.000000 850892.000000 
1114400.000000 860606.000000 
1079846.000000 884472.000000 
1076130.000000 884830.000000 
1139766.000000 849726.000000 
1118874.000000 858918.000000 
1080370.000000 878530.000000 
1123440.000000 857074.000000 
1030124.000000 914920.000000 
1024146.000000 918988.000000 
1031498.000000 914664.000000 

1027318.000000 918506.000000 
1064564.000000 881700.000000 
1059916.000000 886164.000000 
1096028.000000 853510.000000 
1101624.000000 845846.000000 
1131726.000000 824906.000000 
1110880.000000 836858.000000 
1120316.000000 830338.000000 
1136302.000000 819586.000000 
1040610.000000 909040.000000 
1073820.000000 878830.000000 
1068078.000000 880098.000000 
945368.000000 1023736.000000 
941476.000000 1027392.000000 
1018830.000000 923842.000000 
1105178.000000 842236.000000 
1101922.000000 845824.000000 
1091148.000000 862808.000000 
1042698.000000 906330.000000 
1049130.000000 896022.000000 
1119672.000000 834976.000000 
1085222.000000 866380.000000 
1089118.000000 865422.000000 
1131226.000000 828792.000000 
1110058.000000 837606.000000 
1040234.000000 909426.000000 
1032360.000000 913458.000000 
1045324.000000 903902.000000 
1028744.000000 918038.000000 
1097546.000000 851132.000000 
1091328.000000 860816.000000 
997644.000000 949152.000000 
1050662.000000 895068.000000 
1090150.000000 864370.000000 
998640.000000 947884.000000 
1024910.000000 923428.000000 
1025206.000000 920508.000000 
969984.000000 978410.000000 
1048244.000000 899392.000000 
1040868.000000 908338.000000 
979702.000000 972924.000000 
1075336.000000 872424.000000 
948368.000000 1015738.000000 
1045768.000000 902388.000000 
1045980.000000 901400.000000 
1053690.000000 889784.000000 
951042.000000 1011792.000000 
1083842.000000 868510.000000 
1104626.000000 845270.000000 
1089512.000000 864800.000000 
1002304.000000 939772.000000 
1007106.000000 934818.000000 
1033698.000000 912146.000000 
965270.000000 992650.000000 
974108.000000 976820.000000 
991486.000000 954958.000000 
984748.000000 958382.000000 
995618.000000 954448.000000 
996238.000000 952382.000000 
1030490.000000 916590.000000 
1044070.000000 904904.000000 
1053580.000000 893124.000000 
1081782.000000 870548.000000 
1079916.000000 871840.000000 
992882.000000 954866.000000 
927684.000000 1040360.000000 
949602.000000 1014328.000000 
955274.000000 1003124.000000 
939068.000000 1032366.000000 
1013706.000000 931254.000000 
965164.000000 994376.000000 
958594.000000 1001024.000000 
980048.000000 970408.000000 
1049090.000000 898764.000000 
982030.000000 968112.000000 
1016258.000000 928856.000000 
1037992.000000 910452.000000 
969830.000000 987574.000000 

935774.000000 1012658.000000 
927976.000000 1018860.000000 
922650.000000 1027688.000000 
908948.000000 1055630.000000 
910674.000000 1052162.000000 
941970.000000 998764.000000 
930408.000000 1015356.000000 
933842.000000 1013758.000000 
912592.000000 1040712.000000 
1029412.000000 901720.000000 
1055042.000000 886920.000000 
1018600.000000 914092.000000 
1005060.000000 931954.000000 
993222.000000 940018.000000 
993554.000000 938244.000000 
997292.000000 938086.000000 
960986.000000 971496.000000 
965226.000000 970172.000000 
1089954.000000 858922.000000 
1096840.000000 850660.000000 
1075938.000000 867636.000000 
997416.000000 935758.000000 
1034086.000000 900376.000000 
1026894.000000 907494.000000 
1014414.000000 915878.000000 
1026820.000000 909356.000000 
1059074.000000 880224.000000 
1084032.000000 865442.000000 
1129448.000000 834242.000000 
1144750.000000 822842.000000 
1011948.000000 919842.000000 
1041334.000000 897488.000000 
1021496.000000 909914.000000 
1060272.000000 872872.000000 
985626.000000 946744.000000 
1012828.000000 919006.000000 
991456.000000 940258.000000 
1003966.000000 934822.000000 
973624.000000 960758.000000 
977456.000000 953774.000000 
989764.000000 943742.000000 
976534.000000 954768.000000 
1139736.000000 828286.000000 
1041864.000000 896494.000000 
1004562.000000 932796.000000 
936776.000000 1008408.000000 
1075732.000000 868216.000000 
941690.000000 999824.000000 
1115808.000000 841738.000000 
1091848.000000 852970.000000 
976060.000000 959012.000000 
1121636.000000 836934.000000 
1018710.000000 912528.000000 
1117344.000000 837154.000000 
1008782.000000 922408.000000 
1042364.000000 893198.000000 
1039418.000000 898012.000000 
1029386.000000 904326.000000 
1055798.000000 880830.000000 
1002724.000000 934920.000000 
989594.000000 945074.000000 
1053600.000000 889516.000000 
962984.000000 971438.000000 
1007334.000000 926778.000000 
945384.000000 987736.000000 
1005554.000000 928440.000000 
956512.000000 971922.000000 
969608.000000 961916.000000 
979726.000000 950210.000000 
966746.000000 965214.000000 
981902.000000 950082.000000 
944674.000000 992216.000000 
952954.000000 984676.000000 
955304.000000 976720.000000 
964000.000000 971414.000000 
989166.000000 945358.000000 
1052140.000000 889550.000000 
1053976.000000 887568.000000 
1055206.000000 886456.000000 
997326.000000 937282.000000 
974126.000000 959382.000000 
1114472.000000 842038.000000 
983774.000000 947116.000000 
987034.000000 946148.000000 
1080760.000000 867226.000000 
999232.000000 935388.000000 
944884.000000 991420.000000 
1034286.000000 898942.000000 
1016972.000000 915686.000000 
1112562.000000 844718.000000 
1047506.000000 890424.000000 
1081192.000000 866502.000000 
1090022.000000 858066.000000 
1051728.000000 890272.000000 
1004008.000000 933422.000000 
1109360.000000 849080.000000 
1085876.000000 862984.000000 
953720.000000 983662.000000 
940566.000000 1005318.000000 
1086732.000000 859138.000000 
1091828.000000 855814.000000 
940962.000000 1003770.000000 
1074314.000000 869844.000000 
1135726.000000 830654.000000 
1109758.000000 844898.000000 

989808.000000 951524.000000 
959998.000000 989508.000000 
1093692.000000 849744.000000 
1026342.000000 908606.000000 
1029014.000000 902968.000000 
1037182.000000 894430.000000 
1047582.000000 888276.000000 
1050458.000000 886294.000000 
1042414.000000 892030.000000 
1078312.000000 865810.000000 
1085664.000000 862234.000000 
1013938.000000 918252.000000 
999664.000000 939508.000000 
1007754.000000 931824.000000 
1067372.000000 872450.000000 
1061658.000000 880244.000000 
1074090.000000 867712.000000 
1085450.000000 864370.000000 
1035724.000000 900550.000000 
1003366.000000 934986.000000 
987320.000000 952970.000000 
1083388.000000 864742.000000 
992600.000000 944296.000000 
971132.000000 961664.000000 
1007854.000000 931388.000000 
1023122.000000 912480.000000 
1005276.000000 932740.000000 
957916.000000 990974.000000 
1147372.000000 828484.000000 
1001812.000000 936380.000000 
995290.000000 939924.000000 
1009322.000000 928998.000000 
1012212.000000 925816.000000 
943154.000000 1011952.000000 
1153398.000000 817240.000000 
1082370.000000 865498.000000 
1058398.000000 882064.000000 
1143494.000000 828648.000000 
962840.000000 977958.000000 
1023960.000000 911932.000000 
1071458.000000 868568.000000 
1006438.000000 932314.000000 
1006918.000000 931898.000000 
1151384.000000 823522.000000 
947742.000000 999098.000000 
932466.000000 1022894.000000 
967878.000000 976052.000000 
1011364.000000 927756.000000 
959330.000000 990752.000000 
1009260.000000 929582.000000 
985668.000000 954388.000000 
982926.000000 956150.000000 
990056.000000 948628.000000 
1124854.000000 830414.000000 
1003292.000000 935206.000000 
1065684.000000 876640.000000 
1062302.000000 876662.000000 
954678.000000 997196.000000 
980664.000000 957192.000000 
1053774.000000 882586.000000 
1113428.000000 834180.000000 
1088536.000000 856246.000000 
1118412.000000 833944.000000 
1109026.000000 837764.000000 
1105070.000000 838440.000000 
1017966.000000 915322.000000 
945088.000000 1005556.000000 

