978106.000000 968374.000000 
984440.000000 959192.000000 
1010020.000000 935626.000000 
978286.000000 968226.000000 
1103812.000000 862174.000000 
972738.000000 975850.000000 
1040006.000000 908690.000000 
978866.000000 966776.000000 
1026848.000000 918950.000000 
1036372.000000 911654.000000 
946672.000000 1019786.000000 
949452.000000 1004362.000000 
973918.000000 970848.000000 
986158.000000 957560.000000 
1009800.000000 937512.000000 
1005918.000000 939650.000000 
960014.000000 995254.000000 
1006552.000000 938352.000000 
1031142.000000 912396.000000 
990548.000000 952556.000000 
942042.000000 1037240.000000 
948180.000000 1017370.000000 
1021422.000000 922798.000000 
966314.000000 986328.000000 
967676.000000 984366.000000 
1112110.000000 858968.000000 
1118648.000000 857252.000000 
1012256.000000 934414.000000 
987718.000000 955650.000000 
1042722.000000 904742.000000 
984148.000000 960454.000000 
1056440.000000 897076.000000 
960208.000000 991736.000000 
978056.000000 970486.000000 
993904.000000 949764.000000 
965298.000000 987124.000000 
1013750.000000 929760.000000 
966398.000000 985736.000000 
1085166.000000 870986.000000 
1092834.000000 864654.000000 
1061714.000000 888602.000000 
1074902.000000 876160.000000 
1040514.000000 908124.000000 
1050038.000000 899098.000000 
1048298.000000 899638.000000 
1060274.000000 890062.000000 
1053944.000000 897098.000000 
1068078.000000 880530.000000 
1046362.000000 902812.000000 
1063422.000000 887200.000000 
1138650.000000 844808.000000 
1040674.000000 907400.000000 
978620.000000 967138.000000 
1120556.000000 851558.000000 
1084682.000000 871204.000000 
1038390.000000 910456.000000 
1081834.000000 874990.000000 
1010954.000000 935198.000000 
1036782.000000 911350.000000 
1056898.000000 894182.000000 
1107476.000000 861682.000000 
948452.000000 1015344.000000 
960164.000000 991762.000000 
1011870.000000 934542.000000 
981640.000000 965786.000000 
1005548.000000 941386.000000 
1000480.000000 944166.000000 
997640.000000 948206.000000 
1019756.000000 924252.000000 
1028536.000000 917308.000000 
999950.000000 944612.000000 
1017796.000000 926526.000000 
1135762.000000 849362.000000 
1009164.000000 938334.000000 
952826.000000 995804.000000 
1117464.000000 858134.000000 
1004404.000000 941924.000000 
983680.000000 964094.000000 
962256.000000 988996.000000 
1114438.000000 858746.000000 
1089698.000000 870264.000000 
983544.000000 964758.000000 
968958.000000 976652.000000 
973258.000000 974554.000000 

921250.000000 1042180.000000 
1115084.000000 846334.000000 
966208.000000 985470.000000 
959076.000000 992416.000000 
1143672.000000 844314.000000 
1078760.000000 874696.000000 
954476.000000 997438.000000 
1067374.000000 882414.000000 
1085104.000000 870788.000000 
959718.000000 989680.000000 
1037274.000000 904600.000000 
967748.000000 983606.000000 
1005204.000000 938978.000000 
996656.000000 945404.000000 
1010402.000000 930908.000000 
1000888.000000 941890.000000 
1042730.000000 904414.000000 
1077618.000000 877638.000000 
1035286.000000 909864.000000 
1018378.000000 926632.000000 
942562.000000 1007004.000000 
1103176.000000 860188.000000 
1000554.000000 943792.000000 
981238.000000 961742.000000 
1084412.000000 871760.000000 
958826.000000 993360.000000 
927002.000000 1037024.000000 
928604.000000 1023508.000000 
967754.000000 980714.000000 
1026306.000000 909914.000000 
1043976.000000 899894.000000 
960342.000000 987508.000000 
973950.000000 972770.000000 
1006172.000000 938472.000000 
1019560.000000 924254.000000 
1025700.000000 919750.000000 
931598.000000 1019108.000000 
964458.000000 987428.000000 
1094268.000000 862374.000000 
1070728.000000 880344.000000 
1020688.000000 923812.000000 
1043566.000000 901828.000000 
1056952.000000 887488.000000 
1059554.000000 887382.000000 
1066816.000000 883370.000000 
1024348.000000 920046.000000 
977688.000000 970652.000000 
957352.000000 995754.000000 
978258.000000 965980.000000 
1006188.000000 932474.000000 
950542.000000 999898.000000 
1144376.000000 840910.000000 
1015156.000000 928880.000000 
1086726.000000 868440.000000 
1080816.000000 872344.000000 
1020976.000000 922868.000000 
958280.000000 994646.000000 
1024110.000000 922080.000000 
1023692.000000 922634.000000 
1071658.000000 878370.000000 
949794.000000 1000806.000000 
975614.000000 971724.000000 
969722.000000 976010.000000 
1000744.000000 942578.000000 
984082.000000 952492.000000 
992366.000000 947536.000000 
1014764.000000 930800.000000 
973380.000000 974896.000000 
1026194.000000 919226.000000 
1169588.000000 839882.000000 
1059682.000000 886976.000000 
1092844.000000 868080.000000 
1099386.000000 862066.000000 
972954.000000 975912.000000 
928888.000000 1022936.000000 
946558.000000 1004332.000000 
1047572.000000 893638.000000 
1107460.000000 854614.000000 

1108832.000000 853938.000000 
940100.000000 1027864.000000 
1074400.000000 877578.000000 
936194.000000 1030212.000000 
1095930.000000 863292.000000 
1103754.000000 859104.000000 
990806.000000 953254.000000 
1104276.000000 855004.000000 
1004976.000000 935324.000000 
1042958.000000 895200.000000 
1018292.000000 917238.000000 
1000928.000000 938928.000000 
948880.000000 1012354.000000 
992180.000000 952578.000000 
1111236.000000 852754.000000 
1118424.000000 851654.000000 
1085180.000000 870196.000000 
1003762.000000 936242.000000 
1078760.000000 871782.000000 
1093196.000000 864482.000000 
1000252.000000 940564.000000 
985894.000000 957526.000000 
944302.000000 1022778.000000 
940682.000000 1023738.000000 
932518.000000 1041510.000000 
961936.000000 988122.000000 
978868.000000 973356.000000 
957572.000000 991730.000000 
938734.000000 1029468.000000 
983056.000000 960472.000000 
1023522.000000 914246.000000 
1005898.000000 930936.000000 
1151794.000000 832770.000000 
958398.000000 988524.000000 
983014.000000 965182.000000 
1030448.000000 907902.000000 
973500.000000 974548.000000 
966164.000000 982382.000000 
968610.000000 980144.000000 
979342.000000 966752.000000 
947350.000000 1014970.000000 
1032306.000000 905776.000000 
1003082.000000 937592.000000 
1071906.000000 878750.000000 
1062710.000000 884506.000000 
949614.000000 1010288.000000 
975020.000000 974374.000000 
1119726.000000 843014.000000 
1070546.000000 879414.000000 
1051782.000000 888548.000000 
1115192.000000 851722.000000 
1077802.000000 875424.000000 
1068764.000000 881848.000000 
1089918.000000 869432.000000 
1026322.000000 908982.000000 
978482.000000 973568.000000 
1040334.000000 898740.000000 
970622.000000 977484.000000 
1126628.000000 840800.000000 
1090536.000000 866914.000000 
1042536.000000 898216.000000 
953394.000000 999544.000000 
1056386.000000 886802.000000 
1033334.000000 902622.000000 
1009908.000000 925740.000000 
963256.000000 984684.000000 
1015552.000000 920098.000000 
1025894.000000 914182.000000 
944730.000000 1016490.000000 
978770.000000 973534.000000 
1047604.000000 892392.000000 
950630.000000 1003426.000000 
990450.000000 954532.000000 
993678.000000 943952.000000 
954316.000000 998558.000000 
1099830.000000 862788.000000 
1008122.000000 928576.000000 
1021704.000000 916224.000000 
997840.000000 942340.000000 
1013380.000000 924940.000000 
999078.000000 941764.000000 

939998.000000 1014692.000000 
960156.000000 978022.000000 
974264.000000 962934.000000 
1004980.000000 935280.000000 
986710.000000 956220.000000 
933858.000000 1022412.000000 
1055588.000000 885054.000000 
969224.000000 977388.000000 
987840.000000 953076.000000 
1079262.000000 866804.000000 
1018654.000000 919168.000000 
1009992.000000 929986.000000 
1083800.000000 864318.000000 
952024.000000 997896.000000 
1062094.000000 877090.000000 
1041166.000000 898238.000000 
1026782.000000 911992.000000 
1043294.000000 898154.000000 
990724.000000 947812.000000 
1015766.000000 919928.000000 
1025754.000000 913022.000000 
1050588.000000 886556.000000 
985682.000000 956402.000000 
1101198.000000 852470.000000 
1119144.000000 848468.000000 
979488.000000 960492.000000 
1012514.000000 923178.000000 
1071246.000000 867382.000000 
1034676.000000 901216.000000 
993948.000000 945924.000000 
946816.000000 1002822.000000 
1068866.000000 873756.000000 
957638.000000 989920.000000 
1039638.000000 898580.000000 
985636.000000 959082.000000 
1132438.000000 835794.000000 
1114564.000000 848484.000000 
1020746.000000 917696.000000 
1007212.000000 930638.000000 
952594.000000 995916.000000 
959776.000000 983514.000000 
945072.000000 1009000.000000 
1052170.000000 885102.000000 
994686.000000 941454.000000 
1001378.000000 940788.000000 
1004040.000000 938576.000000 
941590.000000 1012086.000000 
971426.000000 969500.000000 
1105894.000000 850918.000000 
1037670.000000 899552.000000 
1089362.000000 861394.000000 
1059030.000000 878086.000000 
1044236.000000 888822.000000 
1058532.000000 882184.000000 
940788.000000 1014374.000000 
1029450.000000 904626.000000 
1002512.000000 938744.000000 
1023310.000000 914558.000000 
951172.000000 1001440.000000 
1027938.000000 907128.000000 
1110422.000000 849746.000000 
1056672.000000 884724.000000 
1031592.000000 902904.000000 
1091246.000000 855618.000000 
1096724.000000 854852.000000 
1022764.000000 916944.000000 
1005018.000000 934108.000000 

1052994.000000 889842.000000 
937676.000000 1041582.000000 
1099546.000000 858024.000000 
1092006.000000 865142.000000 
922998.000000 1050248.000000 
1026096.000000 915504.000000 
1019804.000000 921526.000000 
1123886.000000 844544.000000 
1067346.000000 883708.000000 
1114040.000000 850316.000000 
1084924.000000 867180.000000 
1038908.000000 904898.000000 
971836.000000 980096.000000 
1093474.000000 863004.000000 
953992.000000 1002546.000000 
973772.000000 979648.000000 
978870.000000 972154.000000 
963102.000000 995368.000000 
970670.000000 980998.000000 
1109482.000000 851146.000000 
1133358.000000 831330.000000 
1106308.000000 853820.000000 
1098774.000000 859624.000000 
1040528.000000 900230.000000 
1050450.000000 896364.000000 
1002158.000000 937480.000000 
1037276.000000 904958.000000 
1065082.000000 884034.000000 
1041020.000000 897622.000000 
1005310.000000 923496.000000 
959884.000000 998374.000000 
1024926.000000 920416.000000 
1074092.000000 868454.000000 
981602.000000 956464.000000 
986192.000000 952928.000000 
1025168.000000 918126.000000 
1046542.000000 896570.000000 
976188.000000 973796.000000 
978190.000000 973542.000000 
1104868.000000 857040.000000 
988626.000000 951174.000000 
948478.000000 1019688.000000 
948670.000000 1017584.000000 
973846.000000 975122.000000 
1086130.000000 865650.000000 
1057134.000000 887230.000000 
1072206.000000 874980.000000 
1029142.000000 912590.000000 
965044.000000 986586.000000 
1003566.000000 937238.000000 
993024.000000 945624.000000 
1068924.000000 883692.000000 
979358.000000 967224.000000 
979244.000000 971038.000000 
1092658.000000 864420.000000 
1069162.000000 880430.000000 
1105452.000000 854418.000000 
982580.000000 955756.000000 
952922.000000 1004426.000000 
964690.000000 991782.000000 
1117730.000000 847146.000000 
950414.000000 1016674.000000 
1044090.000000 896770.000000 
997892.000000 939456.000000 
996706.000000 943122.000000 
1069776.000000 877288.000000 
1127524.000000 841668.000000 
957020.000000 1000162.000000 
1052738.000000 895466.000000 
951856.000000 1011986.000000 
1034762.000000 909080.000000 
968052.000000 982870.000000 

1099984.000000 857376.000000 
1019746.000000 923222.000000 
1091990.000000 862964.000000 
1050088.000000 897656.000000 
1057706.000000 887048.000000 
962868.000000 987100.000000 
1045656.000000 897946.000000 
944630.000000 1002964.000000 
938192.000000 1012900.000000 
930734.000000 1026132.000000 
1033022.000000 911360.000000 
1103874.000000 856908.000000 
953848.000000 996496.000000 
1030868.000000 914178.000000 
1104112.000000 852324.000000 
1021186.000000 919564.000000 
1038378.000000 905528.000000 
985414.000000 954630.000000 
1056970.000000 888900.000000 
1111270.000000 849130.000000 
1059784.000000 882150.000000 
983822.000000 956714.000000 
1088810.000000 864526.000000 
931296.000000 1018512.000000 
950460.000000 1002212.000000 
961312.000000 987422.000000 
1025718.000000 915554.000000 
980822.000000 959902.000000 
967718.000000 977886.000000 
954562.000000 994410.000000 
1092660.000000 858060.000000 
973810.000000 966214.000000 
995570.000000 934212.000000 
991370.000000 942506.000000 
953826.000000 999626.000000 
960282.000000 992436.000000 
1020810.000000 921786.000000 
1020140.000000 922282.000000 
1073714.000000 869784.000000 
1105408.000000 851614.000000 
1117872.000000 844124.000000 
1053670.000000 894690.000000 
971440.000000 971522.000000 
1010044.000000 928420.000000 
1024044.000000 917464.000000 
965168.000000 979958.000000 
1021850.000000 919086.000000 
1132270.000000 832240.000000 
1072088.000000 873484.000000 
1086124.000000 866578.000000 
1034928.000000 911094.000000 
1009010.000000 931546.000000 
1025044.000000 915944.000000 
1160268.000000 826574.000000 
1021108.000000 920172.000000 
1054758.000000 889036.000000 
1051496.000000 895748.000000 
1014314.000000 923708.000000 
1038588.000000 904380.000000 
959986.000000 994090.000000 
1053310.000000 894814.000000 
1091872.000000 864238.000000 
1035710.000000 907890.000000 
1043496.000000 902492.000000 
1031228.000000 913474.000000 
1084302.000000 867750.000000 
1146000.000000 827312.000000 
969600.000000 975006.000000 
963400.000000 981230.000000 
987008.000000 944464.000000 
1068478.000000 879352.000000 
1094588.000000 857964.000000 
1088724.000000 865310.000000 
1122660.000000 841274.000000 
1118880.000000 843282.000000 
1050438.000000 896854.000000 
965262.000000 979176.000000 
1037762.000000 905670.000000 

940244.000000 1056564.000000 
1131274.000000 850352.000000 
969584.000000 976522.000000 
946992.000000 1029256.000000 
942186.000000 1031838.000000 
1009798.000000 936582.000000 
1026622.000000 920384.000000 
1057174.000000 889038.000000 
1086400.000000 868808.000000 
1031322.000000 913622.000000 
1132956.000000 849234.000000 
950396.000000 1002132.000000 
1078038.000000 876480.000000 
1094280.000000 864632.000000 
1021572.000000 922874.000000 
1049494.000000 900352.000000 
1085066.000000 873858.000000 
947858.000000 1012028.000000 
986834.000000 957050.000000 
1020718.000000 923946.000000 
1031494.000000 908334.000000 
1047906.000000 901892.000000 
995712.000000 945466.000000 
1103334.000000 860224.000000 
1116204.000000 855160.000000 
970162.000000 975064.000000 
1024242.000000 921974.000000 
973570.000000 969850.000000 
1026740.000000 919352.000000 
999724.000000 944142.000000 
1045128.000000 904078.000000 
1028902.000000 917478.000000 
1049768.000000 893102.000000 
1069368.000000 878716.000000 
1077686.000000 876890.000000 
1000262.000000 942032.000000 
1009836.000000 933530.000000 
1037598.000000 906664.000000 
970930.000000 972640.000000 
995438.000000 949084.000000 
954316.000000 999976.000000 
980114.000000 968944.000000 
1156116.000000 844034.000000 
969406.000000 982416.000000 
1008628.000000 937634.000000 
1116440.000000 851976.000000 
1030260.000000 915436.000000 
1075568.000000 877836.000000 
1041532.000000 905842.000000 
991812.000000 950070.000000 
985686.000000 959964.000000 
1122632.000000 850660.000000 
1046004.000000 903428.000000 
954894.000000 994928.000000 
958840.000000 983518.000000 
1149974.000000 846196.000000 
1080668.000000 874666.000000 
1024492.000000 921568.000000 
1046626.000000 903408.000000 
1083146.000000 874184.000000 
1066080.000000 883906.000000 
1011632.000000 929930.000000 
985284.000000 961412.000000 
980464.000000 964750.000000 
1082040.000000 874392.000000 
1085266.000000 872330.000000 
1027832.000000 918342.000000 
1019884.000000 925990.000000 
1003088.000000 937736.000000 
1140526.000000 849076.000000 
1099146.000000 861384.000000 
986088.000000 959046.000000 
1001028.000000 941082.000000 
1063828.000000 886554.000000 
1015784.000000 926148.000000 
1107404.000000 856024.000000 
1092348.000000 867510.000000 
988436.000000 954002.000000 

963336.000000 989304.000000 
975734.000000 978290.000000 
1062480.000000 889800.000000 
976766.000000 977006.000000 
1145466.000000 837496.000000 
930104.000000 1035454.000000 
969230.000000 985406.000000 
1167662.000000 825616.000000 
978230.000000 975362.000000 
1085604.000000 871334.000000 
996832.000000 951308.000000 
1041316.000000 903228.000000 
1013860.000000 931940.000000 
1155986.000000 833616.000000 
1138896.000000 843986.000000 
1016376.000000 927696.000000 
1037120.000000 909540.000000 
1081134.000000 872066.000000 
987642.000000 961318.000000 
997284.000000 948482.000000 
982186.000000 965814.000000 
980304.000000 973208.000000 
1012560.000000 932546.000000 
1169278.000000 823126.000000 
993306.000000 952796.000000 
1039768.000000 907328.000000 
1015062.000000 931242.000000 
1054332.000000 893580.000000 
1099938.000000 863598.000000 
1085008.000000 871522.000000 
1055750.000000 892782.000000 
1024284.000000 920498.000000 
1046770.000000 902602.000000 
1029106.000000 911220.000000 
1018514.000000 926970.000000 
1130536.000000 850082.000000 
1015228.000000 928096.000000 
1012148.000000 935388.000000 
1069428.000000 881126.000000 
1089344.000000 870058.000000 
1157224.000000 827836.000000 
951760.000000 1007074.000000 
987724.000000 960202.000000 
1048428.000000 901394.000000 
945220.000000 1017424.000000 
1105694.000000 861398.000000 
1092628.000000 866440.000000 
1060328.000000 890782.000000 
1069332.000000 883008.000000 
1023608.000000 922788.000000 
1027060.000000 917636.000000 
1010154.000000 935612.000000 
1055060.000000 892788.000000 
975162.000000 981632.000000 
968466.000000 988686.000000 
1040980.000000 906770.000000 
1058506.000000 891590.000000 
1139908.000000 839034.000000 
1019526.000000 926332.000000 
1147392.000000 833812.000000 
1138184.000000 844966.000000 
1021394.000000 924242.000000 
1136526.000000 845794.000000 
987880.000000 952850.000000 
974886.000000 982926.000000 
1009280.000000 937466.000000 
1021362.000000 925282.000000 
1012276.000000 935086.000000 
995380.000000 952498.000000 
998464.000000 946052.000000 
1001988.000000 937916.000000 
999826.000000 944158.000000 
1106752.000000 850506.000000 
1120022.000000 850378.000000 
975872.000000 977304.000000 
956490.000000 995660.000000 
968646.000000 985758.000000 
960336.000000 992578.000000 
1070614.000000 878512.000000 
1063402.000000 886606.000000 
1049946.000000 898026.000000 
1050138.000000 894792.000000 
1135136.000000 847340.000000 
1132370.000000 847782.000000 
1138786.000000 844190.000000 
976212.000000 977076.000000 
972244.000000 985014.000000 
1157214.000000 832776.000000 
1134266.000000 847570.000000 
1076520.000000 878450.000000 
1087964.000000 870182.000000 
1091952.000000 867196.000000 
974628.000000 984134.000000 

1029562.000000 913292.000000 
926088.000000 1041576.000000 
924458.000000 1042208.000000 
998706.000000 936048.000000 
990422.000000 948126.000000 
1074358.000000 880048.000000 
1076586.000000 877060.000000 
1076522.000000 878452.000000 
1048626.000000 897872.000000 
956400.000000 987524.000000 
960778.000000 978946.000000 
1116968.000000 850980.000000 
1054844.000000 889254.000000 
1095198.000000 866192.000000 
1040806.000000 907522.000000 
980992.000000 957174.000000 
989124.000000 954412.000000 
991900.000000 946890.000000 
927668.000000 1019236.000000 
988842.000000 956520.000000 
1030024.000000 908234.000000 
1026870.000000 913866.000000 
1053192.000000 893516.000000 
917570.000000 1051474.000000 
951934.000000 997788.000000 
927346.000000 1023894.000000 
989908.000000 950674.000000 
1122724.000000 849506.000000 
1158194.000000 828722.000000 
976348.000000 970340.000000 
1115474.000000 852036.000000 
1103976.000000 860654.000000 
1001810.000000 934188.000000 
1104956.000000 860088.000000 
1016408.000000 917782.000000 
994608.000000 945054.000000 
972356.000000 974832.000000 
1014206.000000 924386.000000 
1007732.000000 929862.000000 
968630.000000 977254.000000 
1041502.000000 904312.000000 
994994.000000 944822.000000 
1005800.000000 933378.000000 
1022794.000000 917756.000000 
1045152.000000 898584.000000 
1076416.000000 879166.000000 
1042106.000000 902174.000000 
1163600.000000 827216.000000 
1140454.000000 842020.000000 
1078766.000000 869072.000000 
1067160.000000 880220.000000 
1098610.000000 864390.000000 
950568.000000 1001844.000000 
1060544.000000 886184.000000 
1026158.000000 915360.000000 
1141594.000000 838850.000000 
1145782.000000 834892.000000 
986716.000000 956540.000000 
1108514.000000 857192.000000 
1101388.000000 862364.000000 
1010900.000000 929000.000000 
1050308.000000 893748.000000 
1093122.000000 868868.000000 
1129390.000000 845282.000000 
1094634.000000 867748.000000 
1059206.000000 887930.000000 
1049524.000000 896538.000000 
1065562.000000 883256.000000 
1065508.000000 883506.000000 
1100396.000000 863386.000000 
1065860.000000 882536.000000 
1123680.000000 847614.000000 
1100844.000000 863228.000000 
1042112.000000 900232.000000 
1077558.000000 873986.000000 
959420.000000 985222.000000 
974546.000000 974098.000000 
1063688.000000 885772.000000 
1012100.000000 925642.000000 
1059508.000000 886958.000000 
1036536.000000 908216.000000 
941834.000000 1002562.000000 
1003946.000000 934168.000000 
977578.000000 964906.000000 
969160.000000 975576.000000 
1132358.000000 843266.000000 
1040948.000000 907064.000000 
1113944.000000 855002.000000 

1014872.000000 921720.000000 
1035478.000000 908596.000000 
1073012.000000 870750.000000 
1110502.000000 848280.000000 
998020.000000 940678.000000 
971902.000000 968626.000000 
1001854.000000 935640.000000 
1004990.000000 932964.000000 
984742.000000 955164.000000 
1059870.000000 888496.000000 
988048.000000 949352.000000 
956398.000000 991148.000000 
1113610.000000 842566.000000 
945614.000000 1007216.000000 
1009894.000000 931764.000000 
999728.000000 939816.000000 
989444.000000 948492.000000 
1051256.000000 890116.000000 
964680.000000 978070.000000 
978006.000000 964462.000000 
1053826.000000 889960.000000 
1035934.000000 907650.000000 
1131096.000000 823670.000000 
1088212.000000 866662.000000 
1091610.000000 860604.000000 
947666.000000 1003252.000000 
978858.000000 955268.000000 
946420.000000 1005006.000000 
964338.000000 981632.000000 
993300.000000 942858.000000 
1067658.000000 883462.000000 
1063042.000000 884458.000000 
1114526.000000 837148.000000 
1000952.000000 936454.000000 
1108660.000000 849840.000000 
1024056.000000 917084.000000 
1101346.000000 852448.000000 
1068338.000000 880296.000000 
1098064.000000 852686.000000 
1038464.000000 907138.000000 
1026840.000000 911832.000000 
1011714.000000 922434.000000 
1010550.000000 927730.000000 
1087846.000000 869156.000000 
958480.000000 988260.000000 
966878.000000 977674.000000 
959082.000000 985386.000000 
972548.000000 966124.000000 
1101656.000000 850368.000000 
1040042.000000 896120.000000 
1082410.000000 869856.000000 
1097498.000000 859350.000000 
1090282.000000 862888.000000 
1021900.000000 918128.000000 
1031350.000000 910576.000000 
1058478.000000 888764.000000 
1039238.000000 906802.000000 
1070696.000000 877548.000000 
1047260.000000 895628.000000 
1060110.000000 886294.000000 
991398.000000 945008.000000 
1017834.000000 918886.000000 
962966.000000 983026.000000 
1025918.000000 912954.000000 
971482.000000 970930.000000 
969096.000000 973218.000000 
1119374.000000 827012.000000 
1110960.000000 846646.000000 
1101314.000000 852676.000000 
1130760.000000 823746.000000 
1031946.000000 909788.000000 
1097506.000000 857324.000000 
1080958.000000 870494.000000 

1106026.000000 859590.000000 
1075444.000000 873918.000000 
1070720.000000 882412.000000 
1061578.000000 887830.000000 
1164060.000000 829900.000000 
1091650.000000 868670.000000 
1176668.000000 827156.000000 
1157336.000000 837572.000000 
984476.000000 954878.000000 
995536.000000 941716.000000 
1051160.000000 895534.000000 
1065116.000000 885718.000000 
1083208.000000 871408.000000 
1046062.000000 897508.000000 
1034304.000000 910724.000000 
1052022.000000 892102.000000 
1121606.000000 847356.000000 
1064354.000000 885906.000000 
1037782.000000 903360.000000 
992086.000000 945176.000000 
1000944.000000 938916.000000 
1048124.000000 897324.000000 
1072156.000000 874884.000000 
968870.000000 973106.000000 
1031330.000000 912046.000000 
1001432.000000 938846.000000 
983394.000000 955262.000000 
1008062.000000 935870.000000 
1106840.000000 858266.000000 
1053220.000000 892080.000000 
1094236.000000 868396.000000 
939356.000000 1048672.000000 
962650.000000 990502.000000 
987664.000000 953734.000000 
1138106.000000 840482.000000 
1018574.000000 921480.000000 
987180.000000 953762.000000 
945348.000000 1004174.000000 
997806.000000 939756.000000 
939118.000000 1050514.000000 
1025596.000000 913202.000000 
962790.000000 986700.000000 
965540.000000 982038.000000 
1041608.000000 899150.000000 
1002502.000000 936590.000000 
1009120.000000 935714.000000 
1036964.000000 908988.000000 
956536.000000 997450.000000 
962072.000000 994194.000000 
959142.000000 997352.000000 
1163740.000000 836684.000000 
1111878.000000 858022.000000 
1100302.000000 860762.000000 
962970.000000 985310.000000 
1117698.000000 850268.000000 
1024560.000000 914618.000000 
1009884.000000 926464.000000 
1112226.000000 857078.000000 
969292.000000 972676.000000 
988606.000000 950526.000000 
1060228.000000 890386.000000 
1021532.000000 919898.000000 
1034952.000000 909298.000000 
950062.000000 999804.000000 
1127646.000000 844766.000000 
1113112.000000 851518.000000 
1097576.000000 864742.000000 
975192.000000 960302.000000 
1009784.000000 931264.000000 
1005082.000000 936274.000000 
1019450.000000 920324.000000 
993758.000000 942984.000000 
1015102.000000 924694.000000 

1049888.000000 890398.000000 
937740.000000 1041696.000000 
1077730.000000 873726.000000 
1032904.000000 904510.000000 
1005984.000000 929630.000000 
984040.000000 954222.000000 
977432.000000 963314.000000 
1044122.000000 895610.000000 
1014464.000000 918418.000000 
977580.000000 962722.000000 
1056486.000000 885560.000000 
968846.000000 978990.000000 
941962.000000 1017786.000000 
1055510.000000 888770.000000 
982488.000000 959024.000000 
985578.000000 953574.000000 
943938.000000 1008480.000000 
966170.000000 980294.000000 
947616.000000 1002790.000000 
1100372.000000 860264.000000 
1111408.000000 849614.000000 
956078.000000 986198.000000 
962852.000000 983720.000000 
1134974.000000 839298.000000 
1149196.000000 832416.000000 
1126276.000000 840366.000000 
1067864.000000 878558.000000 
1070760.000000 875506.000000 
968112.000000 979432.000000 
1063384.000000 880396.000000 
951260.000000 998252.000000 
966100.000000 982554.000000 
1028078.000000 907618.000000 
1005594.000000 933850.000000 
1024038.000000 914098.000000 
1024570.000000 912680.000000 
1114028.000000 848536.000000 
991448.000000 945200.000000 
969288.000000 976084.000000 
1083818.000000 864480.000000 
1080238.000000 870986.000000 
1022518.000000 915906.000000 
1026916.000000 910798.000000 
993820.000000 944956.000000 
974130.000000 966762.000000 
1102194.000000 858664.000000 
1103954.000000 853676.000000 
1043552.000000 898098.000000 
1073208.000000 875052.000000 
1054048.000000 888830.000000 
1059250.000000 883592.000000 
1020762.000000 916592.000000 
1009788.000000 921730.000000 
1003392.000000 934226.000000 
938938.000000 1017828.000000 
1027996.000000 910766.000000 
1073312.000000 874560.000000 
1041810.000000 899622.000000 
1041668.000000 899786.000000 
970148.000000 968330.000000 
1016092.000000 918242.000000 
1033756.000000 900628.000000 
1144520.000000 832536.000000 
1043000.000000 899348.000000 
1087890.000000 861856.000000 
1137618.000000 835896.000000 
942368.000000 1013772.000000 
1045090.000000 894898.000000 
1041700.000000 899674.000000 
983848.000000 956894.000000 
993930.000000 944124.000000 
951422.000000 997576.000000 
1048018.000000 892858.000000 
1168036.000000 827110.000000 
1140100.000000 835158.000000 
1152638.000000 830586.000000 
946288.000000 1008426.000000 
950702.000000 998678.000000 
1000088.000000 934242.000000 
1056814.000000 884024.000000 
990994.000000 946062.000000 
1094650.000000 861368.000000 
950678.000000 1001866.000000 
981066.000000 960470.000000 
1081914.000000 869338.000000 
1067066.000000 880228.000000 
1022694.000000 914812.000000 
1040794.000000 900036.000000 
1126152.000000 841662.000000 
1120910.000000 843924.000000 
1030306.000000 907214.000000 
1031788.000000 906054.000000 
1005842.000000 933100.000000 
979694.000000 962136.000000 
998468.000000 936186.000000 
1006672.000000 926218.000000 
987664.000000 946892.000000 
995538.000000 940638.000000 
1024550.000000 913738.000000 

930494.000000 1043412.000000 
1091914.000000 868530.000000 
973906.000000 970266.000000 
1032298.000000 912078.000000 
1036768.000000 905970.000000 
953936.000000 996902.000000 
1052126.000000 895200.000000 
1056070.000000 888798.000000 
1069152.000000 882082.000000 
1031572.000000 916264.000000 
1026616.000000 922410.000000 
981238.000000 962996.000000 
1081184.000000 876072.000000 
1027872.000000 922336.000000 
1090162.000000 870092.000000 
1063462.000000 884322.000000 
1019158.000000 927298.000000 
1025240.000000 923114.000000 
1047372.000000 897654.000000 
1074802.000000 878936.000000 
968314.000000 974974.000000 
997186.000000 947972.000000 
1083982.000000 874896.000000 
937698.000000 1023372.000000 
957270.000000 995502.000000 
1031452.000000 917310.000000 
956842.000000 996810.000000 
946210.000000 1007708.000000 
940664.000000 1012500.000000 
1115032.000000 853332.000000 
1099378.000000 857832.000000 
1126094.000000 849332.000000 
1108800.000000 854268.000000 
983120.000000 962520.000000 
1085924.000000 870532.000000 
994868.000000 952168.000000 
1134814.000000 846172.000000 
1122738.000000 851572.000000 
1025918.000000 922764.000000 
967298.000000 979104.000000 
976376.000000 967288.000000 
936726.000000 1036576.000000 
1073692.000000 879168.000000 
1047088.000000 899654.000000 
1082254.000000 875666.000000 
1078122.000000 878432.000000 
1043652.000000 902526.000000 
944464.000000 1009250.000000 
967704.000000 978406.000000 
1019270.000000 924390.000000 
997580.000000 942648.000000 
1022960.000000 924100.000000 
1028046.000000 922324.000000 
1028884.000000 918458.000000 
970298.000000 973426.000000 
1045228.000000 901830.000000 
995006.000000 949378.000000 
1009238.000000 935152.000000 
1085744.000000 872302.000000 
958402.000000 990332.000000 
982072.000000 962824.000000 
1015702.000000 928100.000000 
940204.000000 1016480.000000 
1084306.000000 874740.000000 
1025864.000000 922940.000000 
1014924.000000 930148.000000 
1039930.000000 904972.000000 
976194.000000 968074.000000 
1045296.000000 900548.000000 
1094432.000000 865670.000000 
1012016.000000 930504.000000 
982808.000000 962696.000000 
958184.000000 991056.000000 
990104.000000 952530.000000 
961372.000000 979372.000000 
976620.000000 965942.000000 
978512.000000 964904.000000 
945078.000000 1007934.000000 
1132950.000000 846898.000000 
1051656.000000 896682.000000 
1052554.000000 894032.000000 
1151542.000000 844424.000000 
984336.000000 955394.000000 
1085850.000000 871550.000000 
1004676.000000 935996.000000 
1071974.000000 879956.000000 
1035376.000000 911314.000000 
951080.000000 997902.000000 
948784.000000 1005970.000000 
1007658.000000 935888.000000 
1044788.000000 902054.000000 
1085502.000000 874070.000000 
950892.000000 1002134.000000 
1080220.000000 876914.000000 
993712.000000 952178.000000 
950178.000000 1004680.000000 

975640.000000 970316.000000 
974274.000000 977426.000000 
965790.000000 987814.000000 
945800.000000 1008092.000000 
943884.000000 1025880.000000 
1110736.000000 846986.000000 
1073942.000000 867136.000000 
999096.000000 942698.000000 
1085206.000000 864200.000000 
1004962.000000 931728.000000 
966238.000000 977900.000000 
955330.000000 996908.000000 
964074.000000 990458.000000 
942282.000000 1028596.000000 
988470.000000 956848.000000 
961382.000000 991506.000000 
942840.000000 1026066.000000 
1072308.000000 874100.000000 
1023554.000000 918148.000000 
1017458.000000 922164.000000 
959790.000000 995888.000000 
995346.000000 947026.000000 
990988.000000 947302.000000 
1024896.000000 912586.000000 
952158.000000 1005724.000000 
1002564.000000 940360.000000 
980432.000000 966058.000000 
959436.000000 996210.000000 
937604.000000 1034958.000000 
990576.000000 955374.000000 
958744.000000 996526.000000 
985668.000000 960286.000000 
1061094.000000 885286.000000 
1053496.000000 888310.000000 
1019674.000000 919628.000000 
951494.000000 1005818.000000 
944788.000000 1020336.000000 
1030640.000000 910124.000000 
960048.000000 991564.000000 
942172.000000 1028848.000000 
1033674.000000 907022.000000 
1061834.000000 885230.000000 
1059446.000000 885350.000000 
987226.000000 958544.000000 
1002988.000000 937378.000000 
1056552.000000 887732.000000 
1014284.000000 924038.000000 
964674.000000 989698.000000 
1058144.000000 887460.000000 
974688.000000 971776.000000 
1034892.000000 904910.000000 
998444.000000 943916.000000 
982102.000000 961296.000000 
1100504.000000 848760.000000 
1040978.000000 897452.000000 
1010482.000000 927696.000000 
1097238.000000 853844.000000 
1063452.000000 884816.000000 
996578.000000 944162.000000 
1059328.000000 885580.000000 
1090304.000000 856158.000000 
1133448.000000 830746.000000 
963674.000000 990814.000000 
1120124.000000 837654.000000 
1044870.000000 894434.000000 
1064320.000000 881996.000000 
1127072.000000 834990.000000 
1017524.000000 921016.000000 
1089712.000000 858310.000000 
1008386.000000 930032.000000 
1065846.000000 874690.000000 
1073526.000000 871338.000000 
1083510.000000 867096.000000 
1030368.000000 911772.000000 
1030998.000000 909258.000000 
1050322.000000 891834.000000 
1024716.000000 916616.000000 
1038788.000000 904384.000000 
1066856.000000 874550.000000 
1086456.000000 861760.000000 
996150.000000 946974.000000 
1051744.000000 889804.000000 
999086.000000 943216.000000 
1096062.000000 855370.000000 

1082130.000000 872970.000000 
1120180.000000 851014.000000 
1010922.000000 930956.000000 
923024.000000 1046458.000000 
940730.000000 1017192.000000 
946274.000000 1009138.000000 
971368.000000 971358.000000 
1013612.000000 925782.000000 
1035782.000000 902416.000000 
1025032.000000 916304.000000 
1020272.000000 917448.000000 
951944.000000 994930.000000 
1141344.000000 850906.000000 
965158.000000 975648.000000 
986150.000000 953750.000000 
979188.000000 958310.000000 
1001402.000000 935678.000000 
984672.000000 957134.000000 
991802.000000 947866.000000 
1014726.000000 917546.000000 
1027216.000000 911780.000000 
1034684.000000 908376.000000 
1089438.000000 863142.000000 
1035090.000000 908192.000000 
999850.000000 940094.000000 
1008052.000000 935516.000000 
1010398.000000 931950.000000 
992870.000000 946076.000000 
988844.000000 950994.000000 
973158.000000 969764.000000 
973574.000000 964734.000000 
962680.000000 984982.000000 
1012324.000000 930108.000000 
1145700.000000 848648.000000 
1059568.000000 883642.000000 
948528.000000 1003164.000000 
1022904.000000 917400.000000 
1150308.000000 841450.000000 
1065828.000000 876182.000000 
1030604.000000 909126.000000 
1059098.000000 884958.000000 
1053210.000000 887890.000000 
1051012.000000 893472.000000 
1078552.000000 873802.000000 
1035324.000000 907054.000000 
1051874.000000 891944.000000 
1025306.000000 912998.000000 
1043406.000000 896350.000000 
1061394.000000 883388.000000 
958434.000000 990938.000000 
960950.000000 987776.000000 
1044616.000000 894608.000000 
1032752.000000 908792.000000 
1087318.000000 863852.000000 
1098402.000000 856302.000000 
1090030.000000 861358.000000 
1071214.000000 876088.000000 
962964.000000 983764.000000 
1077166.000000 875138.000000 
1082480.000000 868368.000000 
1086166.000000 867546.000000 
994118.000000 941350.000000 
1044000.000000 895968.000000 
1039016.000000 900060.000000 

1156104.000000 835468.000000 
924020.000000 1057570.000000 
1084492.000000 870070.000000 
1101860.000000 854468.000000 
1051312.000000 894210.000000 
990620.000000 948844.000000 
964404.000000 984228.000000 
1054118.000000 891582.000000 
1048046.000000 899482.000000 
975378.000000 960590.000000 
1059960.000000 890118.000000 
1071668.000000 880530.000000 
1009418.000000 934326.000000 
988590.000000 951452.000000 
993432.000000 945122.000000 
968532.000000 979996.000000 
969856.000000 979760.000000 
973990.000000 976596.000000 
997670.000000 943100.000000 
932820.000000 1032914.000000 
1022544.000000 923978.000000 
1020690.000000 924092.000000 
1048186.000000 898728.000000 
1047734.000000 899636.000000 
1158148.000000 829660.000000 
1023198.000000 919510.000000 
1046172.000000 901752.000000 
1100324.000000 860338.000000 
1046024.000000 902002.000000 
1070778.000000 881038.000000 
1045366.000000 902012.000000 
948116.000000 1007106.000000 
953352.000000 999672.000000 
947170.000000 1007138.000000 
1068316.000000 881688.000000 
946326.000000 1008964.000000 
1111468.000000 851550.000000 
1137534.000000 836406.000000 
1062344.000000 889166.000000 
1088864.000000 861424.000000 
1008194.000000 936182.000000 
1033186.000000 909576.000000 
1048590.000000 897446.000000 
1120832.000000 840976.000000 
1100386.000000 858092.000000 
1039866.000000 908528.000000 
985178.000000 958330.000000 
1106540.000000 853996.000000 
1043632.000000 902692.000000 
985286.000000 953198.000000 
1001514.000000 939480.000000 
1072254.000000 873582.000000 
973176.000000 977988.000000 
1019760.000000 924324.000000 
1014544.000000 927008.000000 
992748.000000 947880.000000 
1010600.000000 931076.000000 
1113222.000000 848210.000000 
1028896.000000 911672.000000 
1040216.000000 903344.000000 
940670.000000 1008990.000000 
956232.000000 995510.000000 
1006540.000000 939264.000000 
1038512.000000 909272.000000 
952944.000000 1005680.000000 
1043704.000000 902158.000000 
1063610.000000 888832.000000 
1134130.000000 839142.000000 
1051140.000000 895748.000000 
1087878.000000 869312.000000 
1118690.000000 847672.000000 
1059876.000000 891294.000000 
1025866.000000 917448.000000 
970836.000000 978810.000000 
958304.000000 986876.000000 
1023136.000000 923966.000000 
1007482.000000 938250.000000 
955412.000000 997110.000000 
1028390.000000 917198.000000 
1064048.000000 883458.000000 
1152258.000000 835850.000000 

1047324.000000 895798.000000 
1135322.000000 843330.000000 
1087210.000000 867540.000000 
1017074.000000 925906.000000 
996814.000000 944280.000000 
1043636.000000 898476.000000 
1022650.000000 914690.000000 
980468.000000 963108.000000 
1033656.000000 905234.000000 
941720.000000 1029102.000000 
947060.000000 1010638.000000 
1143138.000000 836116.000000 
1125204.000000 843800.000000 
1082482.000000 871002.000000 
1056076.000000 889170.000000 
1090890.000000 858784.000000 
984144.000000 961472.000000 
993826.000000 951216.000000 
989818.000000 955630.000000 
1079416.000000 872506.000000 
976802.000000 971142.000000 
973206.000000 976868.000000 
1088998.000000 867434.000000 
1096422.000000 854318.000000 
1001784.000000 937694.000000 
1021670.000000 919146.000000 
1058430.000000 888530.000000 
1086952.000000 868134.000000 
961044.000000 997070.000000 
1050460.000000 894856.000000 
1058056.000000 889030.000000 
1059656.000000 885052.000000 
1031500.000000 907946.000000 
1064004.000000 878656.000000 
1086846.000000 869466.000000 
960076.000000 997966.000000 
967304.000000 985654.000000 
994724.000000 950692.000000 
996394.000000 947900.000000 
997480.000000 942368.000000 
1114268.000000 849508.000000 
1052094.000000 894412.000000 
941996.000000 1020024.000000 
975896.000000 976448.000000 
946498.000000 1016840.000000 
1011316.000000 931146.000000 
967796.000000 978800.000000 
989360.000000 956754.000000 
967142.000000 987600.000000 
990102.000000 954236.000000 
1017958.000000 922274.000000 
1055548.000000 889332.000000 
1074282.000000 873956.000000 
1007606.000000 935360.000000 
961832.000000 993178.000000 
1019818.000000 920968.000000 
986732.000000 959918.000000 
975988.000000 976056.000000 
956904.000000 998038.000000 
1073436.000000 877712.000000 
1058224.000000 889010.000000 
965120.000000 988760.000000 
964540.000000 988936.000000 
976484.000000 973496.000000 
976594.000000 971318.000000 
1024490.000000 912276.000000 
1008842.000000 931430.000000 
1014420.000000 927132.000000 
1021100.000000 920644.000000 
1077608.000000 872838.000000 
988898.000000 958214.000000 
1030178.000000 911926.000000 
1004558.000000 935568.000000 
961900.000000 993088.000000 
1012370.000000 930992.000000 
955114.000000 1000454.000000 
954216.000000 1004564.000000 
976314.000000 975868.000000 
1012890.000000 928882.000000 
1039710.000000 903466.000000 
1052544.000000 891754.000000 
979080.000000 966584.000000 
1072970.000000 877922.000000 
1041982.000000 903262.000000 
1086322.000000 869952.000000 
1108908.000000 849580.000000 
1049928.000000 895582.000000 
952110.000000 1004974.000000 

1029326.000000 913562.000000 
944262.000000 1010746.000000 
939790.000000 1013432.000000 
1019340.000000 922740.000000 
1083340.000000 871372.000000 
1038726.000000 903596.000000 
1048332.000000 897052.000000 
971654.000000 967454.000000 
986680.000000 953582.000000 
950888.000000 993886.000000 
1036592.000000 905132.000000 
1032356.000000 912074.000000 
1079424.000000 877518.000000 
1022790.000000 918004.000000 
998106.000000 943158.000000 
1002258.000000 938846.000000 
1160844.000000 843048.000000 
982982.000000 959554.000000 
946766.000000 1002044.000000 
946108.000000 1010252.000000 
1096962.000000 867224.000000 
1069814.000000 884182.000000 
993634.000000 948336.000000 
1064728.000000 886222.000000 
1060848.000000 891500.000000 
985516.000000 954938.000000 
1063870.000000 888780.000000 
1017634.000000 923590.000000 
1087818.000000 871266.000000 
1124436.000000 846648.000000 
1080654.000000 875382.000000 
1049434.000000 897022.000000 
990012.000000 952078.000000 
999098.000000 940646.000000 
1042692.000000 898560.000000 
1011372.000000 928650.000000 
1057242.000000 891982.000000 
1105042.000000 854840.000000 
1076580.000000 880372.000000 
1063522.000000 890760.000000 
1075882.000000 880864.000000 
1061740.000000 891090.000000 
1010950.000000 931942.000000 
1058340.000000 891612.000000 
996102.000000 943582.000000 
1023582.000000 914504.000000 
962304.000000 988128.000000 
992968.000000 951038.000000 
994690.000000 946060.000000 
1052330.000000 896780.000000 
1014764.000000 924576.000000 
1034286.000000 906240.000000 
1124250.000000 846878.000000 
978512.000000 963422.000000 
980366.000000 963010.000000 
1005512.000000 932832.000000 
1111926.000000 854738.000000 
1101714.000000 865522.000000 
964838.000000 978952.000000 
1071222.000000 881978.000000 
1050172.000000 896996.000000 
973788.000000 963706.000000 
1078182.000000 880250.000000 
1090978.000000 868914.000000 
958248.000000 993846.000000 
1020124.000000 920902.000000 
1052942.000000 892582.000000 
969036.000000 973692.000000 
1002344.000000 936168.000000 
1117590.000000 853758.000000 
1057102.000000 892166.000000 
1100618.000000 866506.000000 

966764.000000 967506.000000 
977548.000000 957856.000000 
1020194.000000 922766.000000 
957252.000000 987416.000000 
961802.000000 984490.000000 
1126094.000000 851602.000000 
949724.000000 999750.000000 
962834.000000 982504.000000 
1040294.000000 904342.000000 
990040.000000 940164.000000 
1017280.000000 923766.000000 
1025758.000000 913680.000000 
1172952.000000 829868.000000 
941956.000000 1002796.000000 
955174.000000 995002.000000 
1167240.000000 834276.000000 
986362.000000 952526.000000 
1169458.000000 833594.000000 
1089086.000000 863050.000000 
1069892.000000 881172.000000 
1096234.000000 857636.000000 
1147678.000000 837722.000000 
1043508.000000 904130.000000 
1024608.000000 914524.000000 
1077322.000000 876088.000000 
1061710.000000 887386.000000 
957028.000000 990066.000000 
1003684.000000 932726.000000 
989786.000000 950602.000000 
1131272.000000 842778.000000 
981966.000000 952750.000000 
951390.000000 997758.000000 
1035080.000000 908040.000000 
1122858.000000 853446.000000 
1098792.000000 857598.000000 
1105172.000000 853506.000000 
1062838.000000 886086.000000 
1129294.000000 846324.000000 
986368.000000 951732.000000 
1008300.000000 931048.000000 
965052.000000 977572.000000 
1056434.000000 888822.000000 
1185918.000000 828888.000000 
1153156.000000 837330.000000 
1078800.000000 871842.000000 
1124678.000000 853224.000000 
1070844.000000 876322.000000 
1060746.000000 887898.000000 
1021836.000000 920684.000000 
1001620.000000 936638.000000 
1048386.000000 892214.000000 
1022302.000000 919480.000000 
1037794.000000 904536.000000 
997884.000000 936984.000000 
1011146.000000 926348.000000 
1034782.000000 909940.000000 
1054710.000000 890262.000000 
1030456.000000 910554.000000 
1008536.000000 930888.000000 
1084444.000000 870200.000000 
1044818.000000 895460.000000 
1026676.000000 912488.000000 
1142652.000000 838896.000000 
958254.000000 986100.000000 
1128024.000000 851286.000000 
1084648.000000 867052.000000 
1158622.000000 837032.000000 
1065594.000000 883248.000000 
1043934.000000 902494.000000 
973246.000000 964490.000000 
980802.000000 956708.000000 

921518.000000 1056342.000000 
1065794.000000 876244.000000 
985970.000000 953042.000000 
928412.000000 1035744.000000 
929880.000000 1035316.000000 
1060912.000000 885048.000000 
934240.000000 1022748.000000 
1043626.000000 904354.000000 
934352.000000 1022086.000000 
930054.000000 1022864.000000 
1018086.000000 918964.000000 
1011772.000000 920088.000000 
974618.000000 968658.000000 
978838.000000 965844.000000 
971286.000000 969616.000000 
959244.000000 977938.000000 
1000482.000000 937782.000000 
1004560.000000 930140.000000 
997516.000000 938262.000000 
1010008.000000 926786.000000 
979872.000000 958464.000000 
1024618.000000 911896.000000 
1100858.000000 853598.000000 
1001934.000000 936532.000000 
1097898.000000 855722.000000 
1050712.000000 889850.000000 
936240.000000 1017856.000000 
993758.000000 946234.000000 
970482.000000 975372.000000 
1058090.000000 885726.000000 
1062270.000000 880914.000000 
1113392.000000 850208.000000 
1073432.000000 871794.000000 
1068758.000000 875614.000000 
1126104.000000 841314.000000 
1006188.000000 926908.000000 
1000046.000000 937840.000000 
1034666.000000 905720.000000 
1024290.000000 912650.000000 
1020396.000000 912654.000000 
1087452.000000 858136.000000 
944564.000000 1006036.000000 
1056080.000000 888332.000000 
1122400.000000 846950.000000 
1049758.000000 896688.000000 
939506.000000 1014834.000000 
1039422.000000 904864.000000 
955350.000000 990914.000000 
941396.000000 1006614.000000 
1154216.000000 836044.000000 
949664.000000 999844.000000 
939700.000000 1013656.000000 
927570.000000 1044068.000000 
953150.000000 994870.000000 
991476.000000 952924.000000 
945132.000000 1006024.000000 
950714.000000 998802.000000 
972972.000000 968720.000000 
983420.000000 957792.000000 
945192.000000 1002658.000000 
1115160.000000 848100.000000 
1056588.000000 886442.000000 
1146924.000000 837192.000000 
1055782.000000 888850.000000 
951880.000000 996562.000000 
1127140.000000 839514.000000 
1064192.000000 878716.000000 
992148.000000 950824.000000 
954250.000000 993912.000000 
1074578.000000 868342.000000 
1043662.000000 896726.000000 
1085356.000000 866780.000000 
996660.000000 944504.000000 

957704.000000 992972.000000 
937426.000000 1033574.000000 
942274.000000 1013266.000000 
942236.000000 1025804.000000 
1085662.000000 870108.000000 
1019898.000000 916612.000000 
1015642.000000 923144.000000 
998348.000000 936012.000000 
963194.000000 988852.000000 
1124266.000000 849062.000000 
992684.000000 942688.000000 
989402.000000 953092.000000 
1039124.000000 904908.000000 
1019314.000000 917886.000000 
1013388.000000 925142.000000 
1040500.000000 903128.000000 
1127048.000000 845688.000000 
1103944.000000 862008.000000 
951984.000000 1005800.000000 
947980.000000 1012152.000000 
985760.000000 960344.000000 
938140.000000 1026238.000000 
951966.000000 1008776.000000 
984076.000000 962808.000000 
984040.000000 966350.000000 
990200.000000 951972.000000 
965324.000000 987280.000000 
983278.000000 967454.000000 
1034230.000000 907638.000000 
1095908.000000 862880.000000 
1104536.000000 858662.000000 
992184.000000 951652.000000 
1105456.000000 855900.000000 
1079164.000000 872700.000000 
1086318.000000 869362.000000 
1062478.000000 889122.000000 
980472.000000 969224.000000 
974502.000000 978958.000000 
1094922.000000 866804.000000 
1074624.000000 877044.000000 
1008556.000000 933424.000000 
1022270.000000 908046.000000 
1078152.000000 875740.000000 
1069472.000000 886040.000000 
976716.000000 977778.000000 
966536.000000 987024.000000 
1070694.000000 883096.000000 
1070306.000000 884994.000000 
977352.000000 972554.000000 
1098790.000000 862298.000000 
1063308.000000 886832.000000 
980800.000000 967648.000000 
1006774.000000 934808.000000 
989170.000000 958304.000000 
1044210.000000 899598.000000 
1019190.000000 919990.000000 
1009022.000000 925988.000000 
1044832.000000 896346.000000 
1036974.000000 906320.000000 
1056688.000000 889848.000000 
1045706.000000 892452.000000 
956992.000000 997226.000000 
966802.000000 980242.000000 
1117544.000000 849598.000000 
1104060.000000 861668.000000 
1073210.000000 877802.000000 
1071054.000000 882664.000000 
1044774.000000 899080.000000 
1036194.000000 906898.000000 
969810.000000 979558.000000 
952694.000000 1000298.000000 
1111040.000000 851958.000000 

1050060.000000 895612.000000 
964604.000000 982716.000000 
967166.000000 977204.000000 
946078.000000 1003222.000000 
1015242.000000 922508.000000 
970374.000000 969452.000000 
988446.000000 950304.000000 
1050362.000000 893314.000000 
1151532.000000 835104.000000 
984938.000000 957334.000000 
1071030.000000 880112.000000 
1091086.000000 865564.000000 
982188.000000 960834.000000 
994232.000000 946302.000000 
963488.000000 991270.000000 
932804.000000 1038740.000000 
1042160.000000 897954.000000 
998890.000000 945974.000000 
1041930.000000 900244.000000 
1055746.000000 890270.000000 
1127078.000000 838450.000000 
981940.000000 963418.000000 
1035440.000000 904742.000000 
1092780.000000 865150.000000 
1055226.000000 891582.000000 
952622.000000 1002564.000000 
1035862.000000 902376.000000 
1057430.000000 888654.000000 
1106250.000000 848564.000000 
1080612.000000 870536.000000 
1045412.000000 896780.000000 
983946.000000 957368.000000 
1006946.000000 924720.000000 
1001548.000000 940944.000000 
1025526.000000 910858.000000 
954076.000000 997042.000000 
1151436.000000 838002.000000 
1059780.000000 883964.000000 
1071604.000000 878518.000000 
1021000.000000 919846.000000 
1022362.000000 918298.000000 
1025444.000000 913350.000000 
1101664.000000 861262.000000 
1099714.000000 862366.000000 
1083522.000000 870344.000000 
1030510.000000 906274.000000 
1085902.000000 869822.000000 
1101788.000000 855312.000000 
1100482.000000 862216.000000 
1094740.000000 863836.000000 
1117978.000000 848076.000000 
1120784.000000 844372.000000 
1090518.000000 869130.000000 
965370.000000 977922.000000 
1003530.000000 939556.000000 
958628.000000 992292.000000 
982386.000000 959104.000000 
968030.000000 974398.000000 
975528.000000 964162.000000 
999316.000000 941124.000000 
1006588.000000 937492.000000 
1090960.000000 866112.000000 
988312.000000 956566.000000 
1076326.000000 877418.000000 
1053156.000000 892538.000000 
986252.000000 957150.000000 
1052042.000000 892724.000000 
1066702.000000 883016.000000 
1080516.000000 876134.000000 

1010838.000000 935164.000000 
1033474.000000 908984.000000 
965110.000000 981120.000000 
1152020.000000 835486.000000 
932578.000000 1029218.000000 
999124.000000 937514.000000 
1028072.000000 916898.000000 
1041282.000000 903274.000000 
1023284.000000 917066.000000 
936598.000000 1026904.000000 
963290.000000 986188.000000 
998990.000000 942786.000000 
989408.000000 955348.000000 
1022436.000000 924410.000000 
1114070.000000 854508.000000 
1126674.000000 844352.000000 
959572.000000 991390.000000 
952796.000000 999822.000000 
984698.000000 956746.000000 
1136026.000000 839924.000000 
1111190.000000 858826.000000 
1095856.000000 862608.000000 
1082374.000000 872414.000000 
1042516.000000 902918.000000 
960532.000000 986632.000000 
1091366.000000 866134.000000 
975698.000000 967404.000000 
1153982.000000 831132.000000 
1064270.000000 886212.000000 
1080580.000000 875646.000000 
960286.000000 986902.000000 
1123594.000000 846014.000000 
990222.000000 949966.000000 
978496.000000 964938.000000 
1028810.000000 911264.000000 
946394.000000 1007008.000000 
983480.000000 962476.000000 
956150.000000 992390.000000 
996412.000000 947896.000000 
1049516.000000 897908.000000 
963812.000000 982314.000000 
1010846.000000 932290.000000 
995580.000000 948550.000000 
1114556.000000 851444.000000 
1043302.000000 901872.000000 
940414.000000 1021758.000000 
942530.000000 1019230.000000 
1104158.000000 860650.000000 
969088.000000 976766.000000 
963936.000000 981684.000000 
1013866.000000 926776.000000 
1065616.000000 882588.000000 
1057574.000000 889502.000000 
1028096.000000 915332.000000 
949382.000000 1000462.000000 
1007616.000000 935350.000000 
1140340.000000 837046.000000 
978846.000000 963490.000000 
1046854.000000 901706.000000 
1078124.000000 878264.000000 
955160.000000 997442.000000 
1123512.000000 850264.000000 
1038692.000000 905902.000000 
955072.000000 998546.000000 
944106.000000 1010674.000000 
970354.000000 973314.000000 
998128.000000 944190.000000 
1070218.000000 878972.000000 
1113712.000000 858140.000000 
988432.000000 955800.000000 
1017476.000000 925542.000000 
1085250.000000 868990.000000 
1072122.000000 878512.000000 
984242.000000 959120.000000 
1051844.000000 892296.000000 
1059808.000000 886896.000000 
978408.000000 967296.000000 
955870.000000 994944.000000 
979988.000000 962994.000000 
937976.000000 1025494.000000 
1048940.000000 898090.000000 
967790.000000 978644.000000 
975524.000000 968510.000000 
972142.000000 972582.000000 
970174.000000 974632.000000 

981330.000000 962192.000000 
965360.000000 983144.000000 
996406.000000 950558.000000 
954668.000000 992940.000000 
949724.000000 997890.000000 
958934.000000 986144.000000 
1076190.000000 880450.000000 
947888.000000 1007900.000000 
1118830.000000 848272.000000 
1081312.000000 869868.000000 
1093516.000000 865728.000000 
1123550.000000 845364.000000 
1075872.000000 881818.000000 
1137334.000000 833894.000000 
1023196.000000 918854.000000 
984724.000000 961044.000000 
997998.000000 947796.000000 
968268.000000 975648.000000 
1076342.000000 880034.000000 
1080650.000000 873926.000000 
1126538.000000 841372.000000 
1144924.000000 825026.000000 
942140.000000 1022556.000000 
942834.000000 1010746.000000 
951996.000000 993674.000000 
1102484.000000 855350.000000 
1016804.000000 925758.000000 
1057848.000000 891250.000000 
944102.000000 1010520.000000 
1019656.000000 921760.000000 
1007900.000000 934362.000000 
1042834.000000 898966.000000 
1051166.000000 893568.000000 
1035358.000000 907912.000000 
1117792.000000 848406.000000 
1099072.000000 864622.000000 
988094.000000 957108.000000 
1016160.000000 927670.000000 
1026290.000000 913062.000000 
988072.000000 957990.000000 
1010270.000000 932728.000000 
1005148.000000 940820.000000 
996546.000000 948186.000000 
1064656.000000 885178.000000 
999814.000000 947370.000000 
1099180.000000 864510.000000 
1113672.000000 855346.000000 
986230.000000 960472.000000 
1021210.000000 920214.000000 
1019258.000000 925580.000000 
972508.000000 966502.000000 
999898.000000 946336.000000 
1099282.000000 858894.000000 
1117008.000000 853574.000000 
1128516.000000 837020.000000 
992836.000000 950954.000000 
1005234.000000 936776.000000 
987666.000000 958814.000000 
1011156.000000 929496.000000 
1034402.000000 910852.000000 
1009234.000000 933918.000000 
978714.000000 966000.000000 
1060616.000000 890990.000000 
1090164.000000 869472.000000 
1067022.000000 881888.000000 
1077810.000000 877536.000000 
1001312.000000 942014.000000 
990924.000000 953198.000000 
1060506.000000 891016.000000 
944156.000000 1009316.000000 
1040964.000000 904242.000000 
1061558.000000 889358.000000 
991056.000000 951226.000000 
1000998.000000 943962.000000 
1040124.000000 907882.000000 
1051068.000000 898710.000000 
1031338.000000 911700.000000 
1012652.000000 928846.000000 
986426.000000 959114.000000 

1080772.000000 871600.000000 
929850.000000 1042018.000000 
961844.000000 985720.000000 
1034722.000000 908968.000000 
1140212.000000 836740.000000 
1152786.000000 834236.000000 
1058788.000000 894198.000000 
923626.000000 1045588.000000 
931958.000000 1039682.000000 
1004348.000000 938350.000000 
1078808.000000 874926.000000 
979500.000000 966976.000000 
1045162.000000 901928.000000 
1122266.000000 851922.000000 
1041170.000000 902926.000000 
965354.000000 980306.000000 
953576.000000 995478.000000 
961612.000000 988440.000000 
981232.000000 961468.000000 
1005298.000000 935126.000000 
979482.000000 968676.000000 
962532.000000 984830.000000 
1031832.000000 912008.000000 
933274.000000 1034964.000000 
942042.000000 1021666.000000 
1096546.000000 865116.000000 
1023778.000000 921920.000000 
980180.000000 965458.000000 
939304.000000 1024134.000000 
946894.000000 1010748.000000 
977520.000000 968762.000000 
971000.000000 969000.000000 
987554.000000 947266.000000 
1118746.000000 854782.000000 
979510.000000 966344.000000 
1024476.000000 918292.000000 
1013846.000000 923650.000000 
960556.000000 990382.000000 
1100324.000000 863682.000000 
986138.000000 955338.000000 
1051426.000000 894900.000000 
1060982.000000 889942.000000 
1061184.000000 883092.000000 
1130188.000000 845672.000000 
1123634.000000 850526.000000 
934198.000000 1033004.000000 
980630.000000 964118.000000 
1175874.000000 832044.000000 
1069426.000000 880188.000000 
1049878.000000 896314.000000 
1027206.000000 914256.000000 
1120590.000000 854352.000000 
1008296.000000 932714.000000 
1023388.000000 921946.000000 
1115600.000000 854832.000000 
1078642.000000 877582.000000 
958156.000000 994018.000000 
947532.000000 1009040.000000 
1122876.000000 851166.000000 
993132.000000 942618.000000 
1049034.000000 897306.000000 
1005274.000000 938184.000000 
1002260.000000 938982.000000 
1095852.000000 866570.000000 
921814.000000 1058790.000000 
1134020.000000 841446.000000 
936716.000000 1030336.000000 
1111110.000000 856376.000000 
942438.000000 1018196.000000 
1101598.000000 856486.000000 
967466.000000 974072.000000 
950516.000000 1005454.000000 
1073966.000000 878150.000000 
1038622.000000 903068.000000 
1000826.000000 941856.000000 
1022116.000000 921968.000000 
1084804.000000 866686.000000 
1048458.000000 898284.000000 
1066294.000000 880986.000000 
955240.000000 995096.000000 
1033152.000000 911998.000000 
945010.000000 1015716.000000 
1100342.000000 859544.000000 
952034.000000 1002264.000000 

1093122.000000 868268.000000 
982400.000000 959112.000000 
1052302.000000 899196.000000 
1070688.000000 884512.000000 
1059518.000000 891816.000000 
1137322.000000 837758.000000 
957508.000000 984786.000000 
986418.000000 951274.000000 
990256.000000 945950.000000 
998618.000000 937966.000000 
1098324.000000 863494.000000 
969970.000000 974658.000000 
1066004.000000 884890.000000 
1121950.000000 847282.000000 
1120602.000000 848550.000000 
1114868.000000 849854.000000 
1023826.000000 917536.000000 
1007192.000000 929240.000000 
1059378.000000 893038.000000 
956120.000000 988926.000000 
1044032.000000 904952.000000 
1041716.000000 905258.000000 
1054260.000000 893270.000000 
1045190.000000 904404.000000 
963620.000000 976278.000000 
978270.000000 959522.000000 
1126744.000000 847168.000000 
1073020.000000 883684.000000 
1049948.000000 900642.000000 
971370.000000 973592.000000 
930236.000000 1027108.000000 
995980.000000 944424.000000 
1109876.000000 850884.000000 
1073090.000000 879790.000000 
1132046.000000 839112.000000 
950254.000000 1002120.000000 
958910.000000 982598.000000 
944278.000000 1010524.000000 
1153588.000000 834920.000000 
1076406.000000 877496.000000 
1073784.000000 878226.000000 
1048594.000000 903066.000000 
1015164.000000 923110.000000 
1005406.000000 932366.000000 
1004360.000000 937724.000000 
946410.000000 1006894.000000 
1088950.000000 872514.000000 
1096036.000000 864548.000000 
1098996.000000 861594.000000 
1023618.000000 921196.000000 
1092714.000000 870304.000000 
976276.000000 967626.000000 
946634.000000 1005718.000000 
1049040.000000 902016.000000 
943260.000000 1011372.000000 
1092112.000000 872238.000000 
937308.000000 1013258.000000 
977922.000000 966456.000000 
1045876.000000 903620.000000 
974132.000000 969474.000000 
1096024.000000 866474.000000 
1013310.000000 927390.000000 
1062760.000000 891222.000000 
1094366.000000 867860.000000 
1099406.000000 860166.000000 
1030248.000000 911356.000000 
947290.000000 1003364.000000 
973150.000000 971938.000000 
1062932.000000 889558.000000 
1064272.000000 887532.000000 
962364.000000 982584.000000 
951378.000000 991572.000000 
1038270.000000 905818.000000 
1052470.000000 897446.000000 
1052140.000000 900166.000000 
1142404.000000 837738.000000 
1157868.000000 831010.000000 
1128184.000000 846518.000000 
984738.000000 957776.000000 
951000.000000 1000242.000000 
1077912.000000 876088.000000 
1088136.000000 873024.000000 
1092228.000000 870496.000000 
973012.000000 973018.000000 
983878.000000 958962.000000 
1077720.000000 877122.000000 
1079050.000000 874048.000000 
950556.000000 1000444.000000 
1129426.000000 846068.000000 

963078.000000 989288.000000 
935092.000000 1032074.000000 
933080.000000 1050320.000000 
1056224.000000 891206.000000 
1055100.000000 892878.000000 
964876.000000 985242.000000 
949614.000000 1009504.000000 
1095556.000000 867258.000000 
1080028.000000 871512.000000 
1064668.000000 880392.000000 
1082864.000000 869240.000000 
1110740.000000 850942.000000 
958302.000000 997618.000000 
1070358.000000 875774.000000 
953890.000000 998584.000000 
1029420.000000 907492.000000 
945350.000000 1013698.000000 
987732.000000 951994.000000 
969810.000000 965460.000000 
1109678.000000 853968.000000 
1098282.000000 865670.000000 
1039562.000000 905406.000000 
946846.000000 1009634.000000 
1052170.000000 893876.000000 
1025738.000000 912406.000000 
1014966.000000 921102.000000 
984164.000000 955374.000000 
1059164.000000 886678.000000 
1097102.000000 866512.000000 
976448.000000 965228.000000 
959082.000000 994916.000000 
959698.000000 993858.000000 
952226.000000 999486.000000 
1012296.000000 927492.000000 
1078626.000000 875416.000000 
941480.000000 1023380.000000 
1020554.000000 918920.000000 
958266.000000 998312.000000 
966226.000000 978720.000000 
992722.000000 937028.000000 
979326.000000 957762.000000 
987608.000000 953608.000000 
1020844.000000 917496.000000 
986120.000000 953766.000000 
1124286.000000 849130.000000 
1033784.000000 905574.000000 
1012584.000000 926986.000000 
1131394.000000 843186.000000 
940030.000000 1027436.000000 
1089472.000000 869070.000000 
1094450.000000 868708.000000 
943240.000000 1015716.000000 
1010124.000000 929552.000000 
982322.000000 955454.000000 
1100458.000000 861824.000000 
1100712.000000 856456.000000 
987950.000000 949722.000000 
1024340.000000 915416.000000 
1013026.000000 926508.000000 
951360.000000 1000214.000000 
1001538.000000 930522.000000 
1019476.000000 920042.000000 
1011828.000000 929406.000000 
1062872.000000 883118.000000 
1040624.000000 896604.000000 
1039628.000000 903130.000000 
1014772.000000 926190.000000 
1159410.000000 837072.000000 
992082.000000 948660.000000 
1051536.000000 894270.000000 
965912.000000 984074.000000 
941174.000000 1025388.000000 

1140292.000000 839816.000000 
927560.000000 1039518.000000 
1083842.000000 868510.000000 
1092432.000000 865820.000000 
951494.000000 1010284.000000 
1067774.000000 885520.000000 
919898.000000 1042530.000000 
1070336.000000 879696.000000 
1050492.000000 898164.000000 
1040530.000000 902432.000000 
942764.000000 1019920.000000 
1028744.000000 918038.000000 
1057212.000000 888866.000000 
993526.000000 951830.000000 
1018830.000000 923842.000000 
1021180.000000 922480.000000 
1055744.000000 893966.000000 
1093996.000000 865558.000000 
1080034.000000 872170.000000 
1075554.000000 877100.000000 
937652.000000 1022800.000000 
976008.000000 965578.000000 
997626.000000 949210.000000 
1033196.000000 912182.000000 
1028546.000000 919568.000000 
1006158.000000 938892.000000 
967822.000000 983216.000000 
1057082.000000 893936.000000 
1033698.000000 912146.000000 
990608.000000 955314.000000 
984306.000000 964872.000000 
1070312.000000 884828.000000 
1014006.000000 927964.000000 
952120.000000 1002680.000000 
945624.000000 1011882.000000 
989748.000000 956572.000000 
996718.000000 950620.000000 
1131392.000000 840886.000000 
1121264.000000 844796.000000 
1129424.000000 843742.000000 
1103824.000000 852196.000000 
1110524.000000 847560.000000 
1096728.000000 862826.000000 
998582.000000 946686.000000 
972090.000000 975672.000000 
1002304.000000 939772.000000 
927938.000000 1036532.000000 
1128816.000000 844014.000000 
1142312.000000 835898.000000 
931764.000000 1030068.000000 
936860.000000 1029954.000000 
1011358.000000 934310.000000 
969984.000000 978410.000000 
1088576.000000 866098.000000 
1097140.000000 856058.000000 
1078172.000000 876544.000000 
1052670.000000 894602.000000 
1060154.000000 886538.000000 
949798.000000 1010680.000000 
1038062.000000 903720.000000 
1037404.000000 904004.000000 
1012564.000000 929276.000000 
1001106.000000 941680.000000 
1032360.000000 913458.000000 
960206.000000 983690.000000 
992842.000000 953716.000000 
918830.000000 1053534.000000 
1026270.000000 921530.000000 
1078336.000000 875998.000000 
1050662.000000 895068.000000 
1042924.000000 898182.000000 
1035470.000000 908806.000000 
1029686.000000 914384.000000 
954492.000000 992914.000000 
991486.000000 954958.000000 
984748.000000 958382.000000 
1007106.000000 934818.000000 
1024582.000000 922144.000000 
960076.000000 991756.000000 
1025632.000000 921832.000000 
1026722.000000 920814.000000 

944710.000000 1040240.000000 
927820.000000 1050676.000000 
1089954.000000 858922.000000 
1065524.000000 875370.000000 
968678.000000 974036.000000 
1018710.000000 912528.000000 
1042364.000000 893198.000000 
1038404.000000 899620.000000 
1067404.000000 875162.000000 
1131736.000000 833990.000000 
969160.000000 973570.000000 
1011034.000000 924736.000000 
962852.000000 975016.000000 
1084032.000000 865442.000000 
974682.000000 966234.000000 
1007038.000000 930986.000000 
1034192.000000 906878.000000 
970958.000000 970630.000000 
1143628.000000 827116.000000 
1077044.000000 869708.000000 
1139736.000000 828286.000000 
1091828.000000 855814.000000 
1006290.000000 931312.000000 
1004008.000000 933422.000000 
1036112.000000 904320.000000 
1007334.000000 926778.000000 
949334.000000 1018530.000000 
1106760.000000 845420.000000 
978742.000000 963030.000000 
992604.000000 942510.000000 
1026820.000000 909356.000000 
1026330.000000 911136.000000 
1003124.000000 935022.000000 
1051176.000000 889824.000000 
1051938.000000 888054.000000 
1071182.000000 872882.000000 
1012828.000000 919006.000000 
1091848.000000 852970.000000 
1083956.000000 866156.000000 
1031658.000000 906968.000000 
1098736.000000 850814.000000 
1121636.000000 836934.000000 
1014734.000000 918974.000000 
1061246.000000 878646.000000 
989594.000000 945074.000000 
953720.000000 983662.000000 
960556.000000 982072.000000 
945562.000000 1039804.000000 
1101980.000000 850372.000000 
1117344.000000 837154.000000 
1115808.000000 841738.000000 
1041030.000000 897878.000000 
1047506.000000 890424.000000 
1056486.000000 882406.000000 
1064488.000000 876306.000000 
1068852.000000 874874.000000 
996374.000000 938930.000000 
1086732.000000 859138.000000 
980498.000000 958016.000000 
1035254.000000 905520.000000 
950336.000000 996020.000000 
972524.000000 969664.000000 
981902.000000 950082.000000 
995026.000000 942012.000000 
978464.000000 963842.000000 
1080776.000000 868768.000000 
983774.000000 947116.000000 
1000646.000000 935542.000000 
1036634.000000 900924.000000 
1090022.000000 858066.000000 
1113314.000000 842610.000000 
947106.000000 1025248.000000 
998612.000000 936074.000000 
996278.000000 940506.000000 
1055042.000000 886920.000000 
1059074.000000 880224.000000 
987034.000000 946148.000000 
1074314.000000 869844.000000 
1097418.000000 852210.000000 
1025280.000000 912498.000000 
997930.000000 938038.000000 
1144750.000000 822842.000000 
1081192.000000 866502.000000 
1085876.000000 862984.000000 
1114472.000000 842038.000000 
1112562.000000 844718.000000 
1135726.000000 830654.000000 
1109758.000000 844898.000000 
1130384.000000 834850.000000 

971600.000000 972710.000000 
964450.000000 985886.000000 
1116240.000000 851776.000000 
1077954.000000 876394.000000 
926154.000000 1046096.000000 
941176.000000 1029182.000000 
1115072.000000 852944.000000 
960438.000000 990100.000000 
1134432.000000 842778.000000 
1043128.000000 902390.000000 
1021478.000000 920874.000000 
1048644.000000 895500.000000 
1026978.000000 916940.000000 
941122.000000 1030260.000000 
1062418.000000 880148.000000 
1081394.000000 873376.000000 
1084546.000000 869014.000000 
1006800.000000 937124.000000 
1000054.000000 944664.000000 
1038880.000000 908494.000000 
953784.000000 1002284.000000 
943040.000000 1006482.000000 
1000430.000000 942240.000000 
1001960.000000 938656.000000 
996654.000000 949708.000000 
1019934.000000 921000.000000 
1019224.000000 924870.000000 
939810.000000 1032172.000000 
932888.000000 1045540.000000 
942668.000000 1023868.000000 
1121090.000000 848428.000000 
1061864.000000 887300.000000 
1085924.000000 865108.000000 
1039214.000000 903996.000000 
1032030.000000 913624.000000 
1028190.000000 914718.000000 
1044718.000000 900658.000000 
995468.000000 950480.000000 
1127024.000000 845640.000000 
1132488.000000 843692.000000 
1032056.000000 913262.000000 
1008280.000000 930802.000000 
956758.000000 998702.000000 
958626.000000 993388.000000 
942588.000000 1028550.000000 
1106610.000000 853098.000000 
1075262.000000 879466.000000 
952934.000000 1005238.000000 
1035562.000000 909294.000000 
986500.000000 956546.000000 
983718.000000 962828.000000 
985864.000000 958606.000000 
1057958.000000 888182.000000 
1015158.000000 927572.000000 
976586.000000 964364.000000 
991812.000000 956226.000000 
1078400.000000 874506.000000 
1096678.000000 861128.000000 
1097578.000000 859250.000000 
1051958.000000 889438.000000 
1047160.000000 898454.000000 
1044926.000000 900106.000000 
1022928.000000 920754.000000 
1015514.000000 925904.000000 
969026.000000 976012.000000 
997140.000000 946432.000000 
1034112.000000 910410.000000 
1042824.000000 902848.000000 
984332.000000 961046.000000 
992094.000000 954422.000000 
1023198.000000 917810.000000 
1035714.000000 908868.000000 
945088.000000 1005556.000000 
1081900.000000 871564.000000 

