985158.000000 936546.000000 
977920.000000 943338.000000 
1013688.000000 910654.000000 
999380.000000 921508.000000 
1016904.000000 905718.000000 
973562.000000 949568.000000 
981762.000000 939592.000000 
1036688.000000 890034.000000 
1029546.000000 895592.000000 
1028162.000000 895922.000000 
1027484.000000 896340.000000 
956406.000000 968884.000000 
980454.000000 942916.000000 
1017850.000000 904314.000000 
1031764.000000 892804.000000 
971986.000000 951056.000000 
1037416.000000 889362.000000 
1029998.000000 893978.000000 
976896.000000 945536.000000 
1005926.000000 915726.000000 
989218.000000 933054.000000 
966480.000000 956936.000000 
1037888.000000 886108.000000 
1048070.000000 879030.000000 
1042026.000000 884484.000000 
958436.000000 964108.000000 
992798.000000 926700.000000 
1002978.000000 917928.000000 
1008548.000000 911406.000000 
958258.000000 966070.000000 
977316.000000 945230.000000 
1004948.000000 916656.000000 
963626.000000 960004.000000 
963600.000000 960862.000000 
950882.000000 969128.000000 
968950.000000 953254.000000 
1013534.000000 910824.000000 
947014.000000 981298.000000 
989206.000000 933234.000000 
948170.000000 976940.000000 
942316.000000 984514.000000 
947102.000000 977496.000000 
1001428.000000 918822.000000 
985664.000000 934070.000000 
945800.000000 982106.000000 
1012252.000000 911026.000000 
942038.000000 985190.000000 
990374.000000 931082.000000 
1035192.000000 891344.000000 
966088.000000 957380.000000 
987838.000000 934012.000000 
1049834.000000 877326.000000 
1075126.000000 857058.000000 
1037728.000000 889306.000000 
1043134.000000 884114.000000 
998098.000000 921668.000000 
1016480.000000 906624.000000 
1132258.000000 848252.000000 
1068898.000000 859784.000000 
1045676.000000 881178.000000 
1035190.000000 891810.000000 
1146676.000000 844074.000000 
1015880.000000 908468.000000 
971384.000000 953062.000000 
1066684.000000 862670.000000 
964038.000000 958042.000000 
1049202.000000 878212.000000 
1053498.000000 872152.000000 
996258.000000 925280.000000 
1055226.000000 871008.000000 
1052302.000000 874808.000000 
1067780.000000 861308.000000 
1033822.000000 892728.000000 
1029842.000000 894838.000000 
1047360.000000 880174.000000 
1021266.000000 900428.000000 
968066.000000 954368.000000 
957664.000000 968234.000000 
1061364.000000 865644.000000 
1051524.000000 875662.000000 
1026850.000000 898072.000000 
1056170.000000 870186.000000 
1048740.000000 878900.000000 
1071592.000000 858686.000000 
1045138.000000 881434.000000 
1036664.000000 891074.000000 
1075462.000000 852764.000000 
1082292.000000 852352.000000 
1019206.000000 903718.000000 
975156.000000 946908.000000 
1034492.000000 892300.000000 
1064466.000000 864806.000000 
1035882.000000 891172.000000 
1044470.000000 883162.000000 
1058822.000000 868726.000000 
1059286.000000 866298.000000 
967712.000000 955968.000000 
975224.000000 945858.000000 
1031142.000000 893862.000000 
1039092.000000 884612.000000 
984738.000000 938000.000000 
984772.000000 937148.000000 
972650.000000 949840.000000 
997256.000000 923062.000000 
959792.000000 961032.000000 
1042868.000000 884306.000000 
973910.000000 949014.000000 
992588.000000 930826.000000 
979066.000000 942970.000000 
1036950.000000 889538.000000 
1038068.000000 885754.000000 
982176.000000 938166.000000 
992634.000000 929310.000000 
1027976.000000 896088.000000 
1016228.000000 908428.000000 
980594.000000 941048.000000 
974910.000000 947118.000000 
1018978.000000 903896.000000 
990012.000000 931850.000000 
1014376.000000 909804.000000 
1006958.000000 914200.000000 
1014392.000000 908756.000000 
1003296.000000 916878.000000 
1019782.000000 902224.000000 
1022310.000000 899168.000000 

1076776.000000 862546.000000 
1095852.000000 851828.000000 
1083414.000000 860250.000000 
1070286.000000 868402.000000 
990686.000000 930006.000000 
977222.000000 942978.000000 
1017244.000000 907968.000000 
1070376.000000 866906.000000 
1053646.000000 876534.000000 
1032352.000000 893798.000000 
1039114.000000 887456.000000 
1049630.000000 880984.000000 
1031034.000000 894584.000000 
1054634.000000 875188.000000 
1033212.000000 892510.000000 
1009468.000000 914676.000000 
1017508.000000 906336.000000 
1038582.000000 888742.000000 
1052246.000000 879548.000000 
1043836.000000 885144.000000 
1029208.000000 897192.000000 
1052728.000000 877746.000000 
1008228.000000 915744.000000 
1014226.000000 909020.000000 
1038396.000000 888786.000000 
1018730.000000 906288.000000 
1028072.000000 897662.000000 
1068090.000000 869494.000000 
1020782.000000 902188.000000 
1013614.000000 909818.000000 
1037036.000000 890464.000000 
1019686.000000 905126.000000 
993392.000000 927878.000000 
996876.000000 923114.000000 
1013088.000000 911428.000000 
1047112.000000 883224.000000 
942058.000000 977530.000000 
1004642.000000 916446.000000 
1011990.000000 911680.000000 
1019970.000000 904506.000000 
1008386.000000 915606.000000 
1042310.000000 886892.000000 
1025160.000000 898264.000000 
947028.000000 974282.000000 
1024250.000000 900664.000000 
1026906.000000 897698.000000 
1042858.000000 885210.000000 
1022820.000000 901632.000000 
991776.000000 928628.000000 
980402.000000 940452.000000 
988014.000000 931782.000000 
981098.000000 939770.000000 
998852.000000 921796.000000 
988010.000000 932406.000000 
939344.000000 980274.000000 
1037708.000000 890294.000000 
1086228.000000 853802.000000 
969722.000000 951872.000000 
1077756.000000 862372.000000 
955362.000000 963850.000000 
1074780.000000 864862.000000 
1023748.000000 901416.000000 
1015718.000000 908698.000000 
1006862.000000 916400.000000 
1017312.000000 907508.000000 
1031874.000000 894354.000000 
1010854.000000 912542.000000 
996102.000000 925136.000000 
1030456.000000 896544.000000 
960584.000000 955268.000000 
966418.000000 952100.000000 
1082722.000000 860324.000000 
1034590.000000 891806.000000 
989234.000000 931342.000000 
970404.000000 948018.000000 
964778.000000 952166.000000 
947848.000000 965758.000000 
1015248.000000 908708.000000 
1009592.000000 914098.000000 
956394.000000 961074.000000 
999684.000000 921792.000000 
1001230.000000 918654.000000 
997248.000000 922306.000000 
982174.000000 935598.000000 
1080204.000000 862232.000000 
973218.000000 943184.000000 
1017010.000000 908180.000000 
978552.000000 940818.000000 
1008418.000000 914786.000000 
1046648.000000 883598.000000 
992544.000000 928206.000000 
1104866.000000 850136.000000 
1074226.000000 865726.000000 
982134.000000 939164.000000 
1073922.000000 866290.000000 
984966.000000 934286.000000 
960104.000000 956932.000000 
964740.000000 952786.000000 
994818.000000 927626.000000 
995066.000000 925536.000000 
1053686.000000 876148.000000 
1052386.000000 878992.000000 
1044874.000000 884470.000000 
971892.000000 946388.000000 
1016430.000000 908500.000000 
1058014.000000 873950.000000 
978222.000000 942550.000000 
1059722.000000 869576.000000 
1047816.000000 881668.000000 
1036448.000000 891164.000000 
1115084.000000 846334.000000 

1051056.000000 876018.000000 
1065496.000000 867154.000000 
1069054.000000 865180.000000 
1074108.000000 861484.000000 
1066478.000000 865430.000000 
956144.000000 966658.000000 
970780.000000 949468.000000 
1030924.000000 891354.000000 
1042778.000000 882342.000000 
1027296.000000 895398.000000 
1004074.000000 915992.000000 
1003498.000000 916542.000000 
1008986.000000 909988.000000 
1078334.000000 854432.000000 
993662.000000 924736.000000 
994162.000000 923640.000000 
1049570.000000 876494.000000 
1010244.000000 907380.000000 
1002492.000000 916944.000000 
1030588.000000 892246.000000 
1029142.000000 894354.000000 
1006922.000000 913272.000000 
998416.000000 918670.000000 
1053192.000000 871148.000000 
1046384.000000 877346.000000 
1031220.000000 889702.000000 
979260.000000 938978.000000 
1053278.000000 869102.000000 
957500.000000 963830.000000 
1041464.000000 883240.000000 
1025652.000000 895524.000000 
956872.000000 964214.000000 
950482.000000 975238.000000 
1043342.000000 880494.000000 
1034436.000000 883954.000000 
1019536.000000 902164.000000 
1014958.000000 903404.000000 
1024158.000000 895618.000000 
1017926.000000 903294.000000 
1020854.000000 896430.000000 
952530.000000 969564.000000 
962616.000000 958762.000000 
1012814.000000 906754.000000 
1029146.000000 894308.000000 
968400.000000 950724.000000 
1018958.000000 903284.000000 
984568.000000 934400.000000 
995074.000000 922334.000000 
980060.000000 936886.000000 
1008254.000000 912464.000000 
996940.000000 921920.000000 
974896.000000 941628.000000 
973042.000000 946054.000000 
1007972.000000 912954.000000 
1006212.000000 913442.000000 
972188.000000 948462.000000 
1007466.000000 913266.000000 
992224.000000 927244.000000 
990900.000000 927412.000000 
997724.000000 921822.000000 
1051728.000000 875082.000000 
968354.000000 952516.000000 
1006074.000000 914982.000000 
1074794.000000 861482.000000 
1064334.000000 867556.000000 
950812.000000 970612.000000 
958706.000000 962234.000000 
984866.000000 934102.000000 
965732.000000 954298.000000 
986962.000000 929202.000000 
973744.000000 945634.000000 
983804.000000 935528.000000 
976506.000000 940032.000000 
954166.000000 968414.000000 
1019592.000000 900040.000000 
949208.000000 978806.000000 
1009432.000000 909854.000000 
944676.000000 980514.000000 
1071184.000000 861820.000000 
993294.000000 925792.000000 
1014902.000000 906602.000000 
950534.000000 974866.000000 
950106.000000 977138.000000 
967950.000000 952876.000000 
961500.000000 961452.000000 
948028.000000 978980.000000 
951282.000000 970270.000000 
945850.000000 979674.000000 
1075864.000000 859286.000000 
1083842.000000 853850.000000 
1126628.000000 840800.000000 
1089520.000000 851504.000000 
1094622.000000 845640.000000 

1025650.000000 900880.000000 
1065722.000000 865140.000000 
1036986.000000 891136.000000 
1049992.000000 874298.000000 
1027582.000000 897450.000000 
1023090.000000 902026.000000 
1024718.000000 901088.000000 
970930.000000 952442.000000 
958222.000000 969060.000000 
993544.000000 925922.000000 
999860.000000 918312.000000 
1045420.000000 882090.000000 
1026166.000000 900256.000000 
1033882.000000 892952.000000 
1037780.000000 888402.000000 
1009674.000000 915430.000000 
1067758.000000 863754.000000 
1012618.000000 912888.000000 
1019386.000000 906272.000000 
989342.000000 934086.000000 
960098.000000 964118.000000 
1015322.000000 908880.000000 
1020608.000000 903202.000000 
1009752.000000 914688.000000 
979148.000000 943742.000000 
1008522.000000 916700.000000 
960266.000000 961774.000000 
998726.000000 922874.000000 
980162.000000 942954.000000 
967776.000000 954126.000000 
973800.000000 946974.000000 
1087160.000000 847316.000000 
1016410.000000 907334.000000 
1029390.000000 895462.000000 
1029786.000000 893812.000000 
1059914.000000 868330.000000 
1056876.000000 871192.000000 
1069208.000000 862952.000000 
1013906.000000 910480.000000 
1065828.000000 864614.000000 
952922.000000 975632.000000 
1066244.000000 863828.000000 
1041974.000000 885122.000000 
975812.000000 946946.000000 
959048.000000 965602.000000 
941590.000000 985168.000000 
953490.000000 975408.000000 
1046096.000000 880906.000000 
1026062.000000 900800.000000 
1038992.000000 888162.000000 
1081048.000000 851666.000000 
996820.000000 924742.000000 
977254.000000 946564.000000 
1018426.000000 906366.000000 
959624.000000 964908.000000 
1034416.000000 892932.000000 
989878.000000 931490.000000 
950378.000000 975874.000000 
978396.000000 945080.000000 
980930.000000 934908.000000 
988040.000000 934740.000000 
1013700.000000 912784.000000 
955760.000000 969622.000000 
944436.000000 979250.000000 
1044886.000000 883986.000000 
965552.000000 960590.000000 
972478.000000 948926.000000 
955548.000000 971300.000000 
958440.000000 967414.000000 
962982.000000 961664.000000 
1022924.000000 902308.000000 
1034708.000000 891296.000000 
1046908.000000 879552.000000 
954348.000000 974410.000000 
963842.000000 960676.000000 
1055036.000000 873274.000000 
953628.000000 974568.000000 
1028338.000000 896700.000000 
1058504.000000 870396.000000 
1028124.000000 897056.000000 
1061460.000000 867122.000000 
1058586.000000 868952.000000 
1061598.000000 865728.000000 
1045252.000000 882654.000000 
990768.000000 931486.000000 
993352.000000 931192.000000 
1009664.000000 916544.000000 
1007426.000000 916866.000000 
965602.000000 956614.000000 
1030310.000000 892966.000000 
1040074.000000 885910.000000 
1017418.000000 906920.000000 
1070184.000000 859758.000000 
1073628.000000 853862.000000 
998646.000000 923612.000000 
1044558.000000 884708.000000 

938922.000000 983454.000000 
1036918.000000 891824.000000 
1032526.000000 893934.000000 
1068362.000000 867900.000000 
1077838.000000 859144.000000 
1068776.000000 867486.000000 
1070422.000000 864530.000000 
1072826.000000 864330.000000 
1030128.000000 897548.000000 
1005316.000000 919114.000000 
1000146.000000 923222.000000 
994242.000000 929924.000000 
994352.000000 927918.000000 
1011086.000000 911812.000000 
1036094.000000 893178.000000 
1053938.000000 876388.000000 
1019222.000000 906004.000000 
1037778.000000 890970.000000 
1044464.000000 885098.000000 
1053062.000000 877856.000000 
1061600.000000 871774.000000 
1066870.000000 870992.000000 
1107652.000000 849460.000000 
1090400.000000 855418.000000 
1102076.000000 850374.000000 
1025178.000000 901536.000000 
1028266.000000 898132.000000 
1030808.000000 897530.000000 
1057918.000000 872684.000000 
1031044.000000 896456.000000 
1027938.000000 900224.000000 
1055510.000000 875510.000000 
1061344.000000 872434.000000 
1055710.000000 873172.000000 
1048666.000000 879560.000000 
1047748.000000 881780.000000 
1025770.000000 901176.000000 
1033574.000000 893404.000000 
1027696.000000 900872.000000 
1042644.000000 885222.000000 
1042884.000000 885112.000000 
954494.000000 972084.000000 
1083048.000000 858936.000000 
1045814.000000 883914.000000 
1085792.000000 857592.000000 
1067436.000000 869492.000000 
1092774.000000 852482.000000 
1025302.000000 901270.000000 
1023086.000000 903096.000000 
968036.000000 956578.000000 
1012066.000000 907664.000000 
1013274.000000 907630.000000 
966228.000000 957350.000000 
954024.000000 972146.000000 
968490.000000 955852.000000 
955922.000000 966654.000000 
967336.000000 956768.000000 
978686.000000 944510.000000 
959244.000000 964178.000000 
966034.000000 958396.000000 
976694.000000 947904.000000 
1097352.000000 852338.000000 
972570.000000 948296.000000 
983316.000000 938140.000000 
979960.000000 941818.000000 
979422.000000 943688.000000 
988834.000000 932198.000000 
978240.000000 947844.000000 
962974.000000 961228.000000 
949576.000000 976308.000000 
964104.000000 960902.000000 
958984.000000 965164.000000 
952026.000000 973200.000000 
992572.000000 932140.000000 
950718.000000 974194.000000 
946978.000000 977260.000000 
961240.000000 963216.000000 
972500.000000 951706.000000 
971196.000000 952010.000000 
954496.000000 969910.000000 
968888.000000 955056.000000 
961992.000000 962956.000000 
960712.000000 963258.000000 
996766.000000 924998.000000 
999450.000000 923656.000000 
993378.000000 930318.000000 
978360.000000 946890.000000 
1044564.000000 884510.000000 
1003012.000000 923196.000000 
985842.000000 938010.000000 
1003758.000000 920102.000000 
977218.000000 947848.000000 
965694.000000 960664.000000 
1019272.000000 904886.000000 
1018364.000000 907570.000000 
1038086.000000 888298.000000 
1027628.000000 900880.000000 
1066922.000000 870646.000000 
1003122.000000 921364.000000 
1004464.000000 919118.000000 
986468.000000 936842.000000 
1031450.000000 896110.000000 
1022940.000000 904246.000000 
1040732.000000 887038.000000 
996432.000000 925238.000000 
992742.000000 930602.000000 
1003132.000000 920638.000000 
995650.000000 925702.000000 
1005792.000000 912254.000000 
1008670.000000 912046.000000 
1005692.000000 918848.000000 
987996.000000 935910.000000 
1077792.000000 864096.000000 
1120116.000000 846464.000000 
1144002.000000 840372.000000 
1136584.000000 842418.000000 
1139718.000000 840976.000000 

970930.000000 944506.000000 
968522.000000 947352.000000 
1080188.000000 861660.000000 
932926.000000 980072.000000 
1063136.000000 865556.000000 
1057478.000000 871038.000000 
931120.000000 983838.000000 
1066824.000000 863856.000000 
1004820.000000 917116.000000 
960538.000000 956170.000000 
962686.000000 954652.000000 
1043524.000000 882420.000000 
1022044.000000 900936.000000 
1090462.000000 854018.000000 
1044802.000000 880782.000000 
1045236.000000 878446.000000 
1051778.000000 875014.000000 
1058958.000000 870074.000000 
980646.000000 938372.000000 
968164.000000 948812.000000 
967196.000000 950374.000000 
975286.000000 943306.000000 
950400.000000 964928.000000 
940708.000000 976258.000000 
960090.000000 956208.000000 
939070.000000 979736.000000 
975496.000000 940074.000000 
941710.000000 975250.000000 
986414.000000 932106.000000 
967450.000000 949720.000000 
953044.000000 962770.000000 
974236.000000 943582.000000 
961340.000000 955078.000000 
971350.000000 943798.000000 
1049300.000000 877230.000000 
963988.000000 952562.000000 
953484.000000 960950.000000 
955718.000000 957020.000000 
981140.000000 934056.000000 
1030228.000000 893140.000000 
992712.000000 925798.000000 
1033762.000000 890842.000000 
1022086.000000 899040.000000 
942798.000000 970106.000000 
988702.000000 930510.000000 
1016118.000000 907134.000000 
1005160.000000 915910.000000 
990074.000000 927274.000000 
949380.000000 968982.000000 
1050672.000000 876516.000000 
1052364.000000 874736.000000 
1034180.000000 885562.000000 
1034000.000000 887950.000000 
1126696.000000 846436.000000 
1024796.000000 894444.000000 
1009636.000000 911276.000000 
1011218.000000 908426.000000 
1015678.000000 907548.000000 
1003736.000000 917300.000000 
995710.000000 918870.000000 
985962.000000 933872.000000 
1032514.000000 891498.000000 
979702.000000 939548.000000 
1123572.000000 849242.000000 
993296.000000 924520.000000 
1005982.000000 913234.000000 
1115132.000000 851840.000000 
1039900.000000 882874.000000 
1049656.000000 877052.000000 
1024182.000000 896180.000000 
1016928.000000 902632.000000 
1055496.000000 872448.000000 
1039266.000000 884858.000000 
1028074.000000 893532.000000 
1096552.000000 853088.000000 
1104112.000000 852324.000000 
1113176.000000 851960.000000 
1127974.000000 845094.000000 
1089606.000000 859772.000000 
1088332.000000 860440.000000 
1161900.000000 830350.000000 
1139192.000000 841340.000000 
1123072.000000 851474.000000 
1150938.000000 835900.000000 
1152218.000000 833054.000000 

1034888.000000 892570.000000 
1035778.000000 887526.000000 
1035638.000000 891356.000000 
962702.000000 959822.000000 
1046592.000000 882422.000000 
962380.000000 964318.000000 
1006964.000000 917840.000000 
1039288.000000 886948.000000 
1003696.000000 919478.000000 
1042682.000000 885464.000000 
1017106.000000 907322.000000 
1021772.000000 900064.000000 
1021154.000000 904356.000000 
1026146.000000 896328.000000 
1021172.000000 904324.000000 
1023422.000000 898512.000000 
1014618.000000 907724.000000 
958684.000000 965840.000000 
1012034.000000 910286.000000 
1043628.000000 884656.000000 
997662.000000 922554.000000 
994932.000000 927922.000000 
1010888.000000 910552.000000 
993694.000000 930364.000000 
950668.000000 979022.000000 
948686.000000 997284.000000 
954778.000000 972684.000000 
1041890.000000 886070.000000 
954916.000000 966890.000000 
972676.000000 951562.000000 
1001882.000000 921508.000000 
984990.000000 935296.000000 
989654.000000 930544.000000 
1004704.000000 917902.000000 
978236.000000 945134.000000 
981832.000000 939412.000000 
994302.000000 928772.000000 
979900.000000 942998.000000 
995288.000000 926768.000000 
1003858.000000 918692.000000 
988630.000000 932806.000000 
975572.000000 946018.000000 
981296.000000 940072.000000 
1002280.000000 920528.000000 
974758.000000 947482.000000 
1067458.000000 863216.000000 
967978.000000 951658.000000 
1035118.000000 892242.000000 
1007414.000000 915388.000000 
1048010.000000 878588.000000 
1044080.000000 883518.000000 
1035590.000000 891554.000000 
997390.000000 926578.000000 
1047952.000000 880480.000000 
1069374.000000 862674.000000 
1072308.000000 856504.000000 
1065658.000000 863324.000000 
1021752.000000 903960.000000 
1043482.000000 884676.000000 
1049464.000000 877854.000000 
1013690.000000 909196.000000 
1047110.000000 881810.000000 
1032614.000000 893142.000000 
1028018.000000 895458.000000 
1061274.000000 864930.000000 
1044464.000000 883128.000000 
1045220.000000 882830.000000 
1045816.000000 882580.000000 
1056228.000000 872976.000000 
1059018.000000 867606.000000 
1042350.000000 886042.000000 
1054382.000000 873142.000000 
1051478.000000 873174.000000 
1028296.000000 893468.000000 
1050010.000000 876924.000000 
1071548.000000 861276.000000 
1046784.000000 881816.000000 
1007174.000000 917214.000000 
1015862.000000 907360.000000 
1048888.000000 878376.000000 
1017494.000000 904714.000000 
1008792.000000 912952.000000 
1001304.000000 921692.000000 
1086932.000000 853996.000000 
1119162.000000 852954.000000 
1158916.000000 844362.000000 
1139628.000000 852870.000000 
1152288.000000 849030.000000 
1143070.000000 851308.000000 
1147636.000000 850072.000000 

949722.000000 983152.000000 
949734.000000 980812.000000 
1050818.000000 874710.000000 
966510.000000 955128.000000 
1105390.000000 852470.000000 
961176.000000 963930.000000 
971518.000000 949306.000000 
973958.000000 946436.000000 
1048626.000000 876612.000000 
955886.000000 966898.000000 
1061222.000000 867494.000000 
991540.000000 927414.000000 
980432.000000 940720.000000 
974714.000000 946280.000000 
975180.000000 944662.000000 
984056.000000 936512.000000 
970950.000000 949972.000000 
1056656.000000 869678.000000 
1025448.000000 897424.000000 
953950.000000 976622.000000 
1118500.000000 846502.000000 
1053524.000000 871288.000000 
954600.000000 975288.000000 
1032926.000000 889300.000000 
955104.000000 968926.000000 
981424.000000 938928.000000 
994816.000000 924574.000000 
1063820.000000 864920.000000 
1052262.000000 873042.000000 
961288.000000 962694.000000 
1000412.000000 920414.000000 
986072.000000 933106.000000 
1023736.000000 900192.000000 
1027696.000000 896008.000000 
1020198.000000 900742.000000 
1001296.000000 918216.000000 
1014442.000000 905824.000000 
1033902.000000 888404.000000 
1042524.000000 879736.000000 
1061630.000000 866134.000000 
1001152.000000 919620.000000 
1065588.000000 863378.000000 
1031068.000000 890798.000000 
1077386.000000 858990.000000 
1061158.000000 867660.000000 
1071718.000000 861112.000000 
1024902.000000 898238.000000 
1028024.000000 894332.000000 
1018112.000000 901452.000000 
1030666.000000 891038.000000 
1040296.000000 880738.000000 
1045778.000000 877102.000000 
1053412.000000 871642.000000 
1042472.000000 880516.000000 
1057054.000000 867686.000000 
1047096.000000 876690.000000 
1050140.000000 875388.000000 
1047046.000000 876844.000000 
1091026.000000 852742.000000 
1083770.000000 853580.000000 
1079312.000000 857708.000000 
1027862.000000 895596.000000 
1010838.000000 910068.000000 
1112828.000000 847814.000000 
957398.000000 964512.000000 
963234.000000 962404.000000 
954768.000000 974730.000000 
963712.000000 958080.000000 
1026008.000000 896238.000000 
977320.000000 944426.000000 
1036804.000000 884004.000000 
1108078.000000 849552.000000 
1007686.000000 912654.000000 
1080286.000000 856922.000000 
1032050.000000 889308.000000 
1122872.000000 842000.000000 
1016624.000000 903494.000000 
948840.000000 991658.000000 
1120056.000000 843470.000000 
955842.000000 968632.000000 
946144.000000 995858.000000 
999990.000000 921604.000000 
1036776.000000 887690.000000 
1073972.000000 859538.000000 
963644.000000 960850.000000 
1016592.000000 904080.000000 
1024812.000000 898992.000000 
1023576.000000 900726.000000 
1036136.000000 888260.000000 
1028812.000000 893752.000000 
996796.000000 924214.000000 
964918.000000 957448.000000 
953764.000000 978208.000000 
985498.000000 935672.000000 
973306.000000 947158.000000 
1141850.000000 837472.000000 
969856.000000 951400.000000 
980964.000000 940598.000000 
1106752.000000 850506.000000 
988932.000000 930632.000000 
1002970.000000 917504.000000 
1007198.000000 914096.000000 
975104.000000 945862.000000 
1135000.000000 838980.000000 
1004696.000000 915174.000000 
1012854.000000 909954.000000 
992520.000000 926406.000000 
978384.000000 941416.000000 
997494.000000 923014.000000 
966940.000000 952342.000000 
983272.000000 937786.000000 
945872.000000 997204.000000 
944934.000000 1017174.000000 
945432.000000 1013282.000000 
944590.000000 1053592.000000 
1174132.000000 824870.000000 
1157214.000000 832776.000000 
1170794.000000 826254.000000 
1151502.000000 836156.000000 

956092.000000 968752.000000 
1003954.000000 916078.000000 
995368.000000 926388.000000 
962162.000000 959032.000000 
968654.000000 952722.000000 
959580.000000 961776.000000 
949552.000000 973342.000000 
943770.000000 979914.000000 
951510.000000 970130.000000 
1028624.000000 891986.000000 
947404.000000 977676.000000 
981432.000000 938024.000000 
969258.000000 951514.000000 
960694.000000 961506.000000 
995424.000000 925520.000000 
995004.000000 927420.000000 
975972.000000 946112.000000 
959320.000000 962752.000000 
971202.000000 948876.000000 
955712.000000 969826.000000 
995498.000000 925422.000000 
997064.000000 922036.000000 
963990.000000 954180.000000 
975334.000000 948386.000000 
986630.000000 932468.000000 
1000098.000000 920670.000000 
982878.000000 937976.000000 
1009946.000000 909964.000000 
985348.000000 933160.000000 
968184.000000 953376.000000 
1015786.000000 905968.000000 
1006302.000000 913360.000000 
1011208.000000 907058.000000 
988138.000000 927966.000000 
977624.000000 941088.000000 
994878.000000 927788.000000 
1001574.000000 919086.000000 
1048104.000000 876800.000000 
1040544.000000 884154.000000 
1042058.000000 882202.000000 
1054716.000000 874394.000000 
934432.000000 993972.000000 
1071642.000000 858728.000000 
1071196.000000 862104.000000 
1064942.000000 863870.000000 
1041718.000000 883634.000000 
1062070.000000 864162.000000 
1025472.000000 896326.000000 
1042318.000000 877770.000000 
1036584.000000 885526.000000 
1017734.000000 902920.000000 
1021206.000000 898658.000000 
1024116.000000 897108.000000 
1010086.000000 908060.000000 
984292.000000 935552.000000 
1094018.000000 847816.000000 
1015186.000000 906552.000000 
1026162.000000 893626.000000 
1039804.000000 884588.000000 
1035740.000000 887342.000000 
1033244.000000 888598.000000 
975506.000000 947096.000000 
1055278.000000 870686.000000 
929168.000000 1000494.000000 
1016256.000000 905750.000000 
1002894.000000 917052.000000 
1069868.000000 862542.000000 
934212.000000 994778.000000 
1085304.000000 855776.000000 
1025388.000000 896930.000000 
1025550.000000 895668.000000 
1031794.000000 891252.000000 
974598.000000 948808.000000 
1057580.000000 869622.000000 
1048266.000000 875728.000000 
1087092.000000 854630.000000 
1018484.000000 901532.000000 
1032918.000000 890662.000000 
1061516.000000 868884.000000 
1089476.000000 852218.000000 
975462.000000 947510.000000 
941106.000000 985986.000000 
935430.000000 992342.000000 
1087150.000000 854400.000000 
1091340.000000 851922.000000 
1007762.000000 911112.000000 
1004648.000000 915880.000000 
958800.000000 965194.000000 
1028426.000000 892254.000000 
1080146.000000 856300.000000 
956932.000000 966686.000000 
942704.000000 981584.000000 
948720.000000 975522.000000 
946094.000000 979796.000000 
920840.000000 1008654.000000 
976208.000000 945978.000000 
950902.000000 972888.000000 
925800.000000 1001664.000000 
918400.000000 1018134.000000 
913848.000000 1019206.000000 
939012.000000 986700.000000 
918422.000000 1010472.000000 
936800.000000 990636.000000 
941522.000000 982498.000000 
942478.000000 981652.000000 
938794.000000 990284.000000 
929290.000000 994980.000000 
922276.000000 1005808.000000 
935006.000000 992900.000000 
946978.000000 978050.000000 
924594.000000 1005498.000000 
935902.000000 991896.000000 
1141414.000000 845502.000000 
1114644.000000 845686.000000 
1119956.000000 845576.000000 
1145782.000000 834892.000000 
1166842.000000 828790.000000 
1144272.000000 841720.000000 

1052992.000000 875666.000000 
1032102.000000 891998.000000 
1050740.000000 877004.000000 
1042620.000000 882824.000000 
958532.000000 966648.000000 
1054866.000000 872144.000000 
1048458.000000 877042.000000 
1047994.000000 878220.000000 
973544.000000 946234.000000 
946326.000000 975286.000000 
957766.000000 966828.000000 
1025114.000000 897076.000000 
1024814.000000 897196.000000 
1070158.000000 861162.000000 
959294.000000 960062.000000 
953188.000000 970490.000000 
1077116.000000 853528.000000 
1051408.000000 876212.000000 
1073576.000000 855894.000000 
1081928.000000 851678.000000 
965032.000000 959580.000000 
1069190.000000 863204.000000 
1059876.000000 869676.000000 
1010442.000000 911542.000000 
1015706.000000 906888.000000 
940172.000000 982670.000000 
1075228.000000 854942.000000 
1084850.000000 850626.000000 
1051484.000000 875990.000000 
1053914.000000 874244.000000 
1051080.000000 876914.000000 
973482.000000 949344.000000 
1051214.000000 876564.000000 
1037196.000000 888340.000000 
1056202.000000 871544.000000 
1046136.000000 879510.000000 
1061740.000000 863532.000000 
967336.000000 950686.000000 
996192.000000 923890.000000 
958828.000000 964832.000000 
957140.000000 968006.000000 
1032626.000000 891992.000000 
965194.000000 952060.000000 
1036766.000000 888748.000000 
941792.000000 978798.000000 
1027336.000000 896004.000000 
990058.000000 930018.000000 
1010952.000000 910706.000000 
1003500.000000 919456.000000 
976796.000000 941352.000000 
1003972.000000 918756.000000 
1018158.000000 905838.000000 
956576.000000 968586.000000 
1092638.000000 850204.000000 
1038020.000000 886904.000000 
999306.000000 923736.000000 
976712.000000 943444.000000 
948266.000000 974336.000000 
1007240.000000 915066.000000 
950748.000000 970798.000000 
1005380.000000 915120.000000 
1003562.000000 919372.000000 
955204.000000 969260.000000 
1018900.000000 901522.000000 
987050.000000 931976.000000 
975112.000000 945968.000000 
1026762.000000 896860.000000 
1039536.000000 885438.000000 
1096948.000000 848298.000000 
1111188.000000 838002.000000 
999880.000000 922120.000000 
983370.000000 936230.000000 
1007378.000000 912064.000000 
1119374.000000 827012.000000 
1105294.000000 841062.000000 
980896.000000 936310.000000 
992228.000000 925646.000000 
1004620.000000 915646.000000 
1018658.000000 905256.000000 
1039276.000000 886206.000000 
1028360.000000 893714.000000 
1009972.000000 912052.000000 
1035622.000000 889668.000000 
1001870.000000 919800.000000 
1012366.000000 906894.000000 
1022096.000000 901284.000000 
1069946.000000 862598.000000 
1022950.000000 899424.000000 
1117820.000000 837340.000000 
1053040.000000 875660.000000 
1000712.000000 920304.000000 
1030002.000000 892298.000000 
1025390.000000 897018.000000 
1033648.000000 889912.000000 
1098392.000000 846928.000000 
1032648.000000 889924.000000 
1099790.000000 843424.000000 
1130760.000000 823746.000000 

977852.000000 948296.000000 
987460.000000 937272.000000 
960712.000000 967280.000000 
998032.000000 927396.000000 
1007426.000000 916866.000000 
1061842.000000 863936.000000 
1009664.000000 916544.000000 
1042220.000000 882366.000000 
1021726.000000 900766.000000 
1010916.000000 912368.000000 
953086.000000 973670.000000 
1029390.000000 895462.000000 
953088.000000 969842.000000 
1009872.000000 915992.000000 
995096.000000 929866.000000 
1006278.000000 920340.000000 
1016410.000000 907334.000000 
1002740.000000 922304.000000 
1029786.000000 893812.000000 
1037992.000000 890614.000000 
1012308.000000 911428.000000 
997000.000000 928304.000000 
1005940.000000 920700.000000 
1013906.000000 910480.000000 
944992.000000 979434.000000 
960452.000000 967914.000000 
952192.000000 975388.000000 
1054994.000000 875844.000000 
943820.000000 984984.000000 
971128.000000 952986.000000 
939510.000000 993770.000000 
947884.000000 977826.000000 
1018426.000000 906366.000000 
1027900.000000 898158.000000 
1038992.000000 888162.000000 
1046096.000000 880906.000000 
1034708.000000 891296.000000 
1059914.000000 868330.000000 
1056876.000000 871192.000000 
1041974.000000 885122.000000 
988396.000000 934864.000000 
988196.000000 935660.000000 
1010116.000000 915832.000000 
989342.000000 934086.000000 
1010568.000000 914808.000000 
1046908.000000 879552.000000 
1027196.000000 900660.000000 
1034416.000000 892932.000000 
1030310.000000 892966.000000 
1020712.000000 903632.000000 
966108.000000 960242.000000 
1073628.000000 853862.000000 
1140008.000000 842188.000000 
1070184.000000 859758.000000 
1061460.000000 867122.000000 
1157282.000000 835510.000000 
1086974.000000 853586.000000 
958812.000000 969580.000000 
941386.000000 988552.000000 
1058586.000000 868952.000000 
950324.000000 976772.000000 
1055036.000000 873274.000000 
973596.000000 951442.000000 
963270.000000 963404.000000 
964302.000000 963402.000000 
1020620.000000 905644.000000 
968972.000000 955530.000000 
960750.000000 966342.000000 
961286.000000 964148.000000 
968270.000000 955654.000000 
964992.000000 960350.000000 
969944.000000 954928.000000 
961076.000000 965512.000000 
1097334.000000 847026.000000 
1028338.000000 896700.000000 
1050394.000000 877388.000000 
1028124.000000 897056.000000 
966408.000000 959624.000000 
1040074.000000 885910.000000 
1050112.000000 878250.000000 
1061598.000000 865728.000000 
959178.000000 968490.000000 
1053322.000000 876648.000000 
973920.000000 949230.000000 
996930.000000 928628.000000 
967522.000000 957418.000000 
978040.000000 947904.000000 
980550.000000 944036.000000 
978602.000000 946678.000000 
985946.000000 938222.000000 
983474.000000 939762.000000 
981288.000000 942494.000000 
993352.000000 931192.000000 
990768.000000 931486.000000 
1006306.000000 918902.000000 
998646.000000 923612.000000 
1087536.000000 852950.000000 
1004478.000000 920954.000000 
1015586.000000 909518.000000 
1017418.000000 906920.000000 
1092104.000000 848160.000000 
1103508.000000 844282.000000 
1089468.000000 852002.000000 
1097090.000000 848068.000000 
1180066.000000 831790.000000 
1173506.000000 834236.000000 

966950.000000 954568.000000 
1069354.000000 865330.000000 
973882.000000 947122.000000 
1079520.000000 854396.000000 
966168.000000 956986.000000 
978964.000000 943340.000000 
1067360.000000 866242.000000 
964162.000000 957828.000000 
962366.000000 960148.000000 
956520.000000 965094.000000 
970434.000000 951528.000000 
945456.000000 985442.000000 
980594.000000 942560.000000 
978724.000000 944134.000000 
959142.000000 963740.000000 
969468.000000 952698.000000 
953818.000000 968362.000000 
972628.000000 951232.000000 
948910.000000 970478.000000 
957456.000000 964516.000000 
959298.000000 960780.000000 
982256.000000 939136.000000 
958126.000000 964360.000000 
984176.000000 937458.000000 
946488.000000 983448.000000 
947592.000000 982098.000000 
976666.000000 944658.000000 
1076116.000000 858734.000000 
985596.000000 936134.000000 
1061208.000000 868916.000000 
1089368.000000 850452.000000 
980252.000000 942958.000000 
1073890.000000 862384.000000 
979234.000000 943222.000000 
993606.000000 926818.000000 
1013048.000000 909998.000000 
1058996.000000 870214.000000 
1070324.000000 863888.000000 
1067128.000000 866282.000000 
1047688.000000 879468.000000 
934530.000000 995380.000000 
980954.000000 941652.000000 
1003340.000000 919960.000000 
1029814.000000 894862.000000 
999418.000000 922656.000000 
1030108.000000 893640.000000 
948864.000000 975010.000000 
1049118.000000 879214.000000 
1036430.000000 885478.000000 
933388.000000 1000348.000000 
1062814.000000 868084.000000 
1050220.000000 877638.000000 
1015258.000000 907560.000000 
1025296.000000 897646.000000 
1066092.000000 867248.000000 
1005840.000000 910570.000000 
944846.000000 985868.000000 
1073388.000000 862552.000000 
964824.000000 957786.000000 
1035158.000000 890132.000000 
1025896.000000 896256.000000 
1068762.000000 865370.000000 
1088308.000000 851478.000000 
1082918.000000 851508.000000 
1090830.000000 848868.000000 
1018810.000000 902194.000000 
997552.000000 922780.000000 
1020698.000000 898494.000000 
1014234.000000 908100.000000 
999742.000000 919972.000000 
1096104.000000 846474.000000 
1055550.000000 873378.000000 
1097894.000000 842916.000000 
1056374.000000 870526.000000 
1020134.000000 901734.000000 
1014082.000000 909870.000000 
1090732.000000 850188.000000 
973324.000000 950482.000000 
1050942.000000 876570.000000 
1071286.000000 863326.000000 
1077214.000000 858702.000000 
1044546.000000 882780.000000 
1074134.000000 859558.000000 
976734.000000 944364.000000 
1080866.000000 853334.000000 
942104.000000 988462.000000 
976640.000000 946046.000000 
1048916.000000 879384.000000 
996122.000000 925664.000000 
937906.000000 989612.000000 
999664.000000 922348.000000 
942382.000000 988288.000000 
1003372.000000 916470.000000 
986616.000000 934268.000000 
1045924.000000 882664.000000 
1120398.000000 837018.000000 
939182.000000 988940.000000 
1017720.000000 904644.000000 
989592.000000 929666.000000 
948250.000000 979902.000000 
1039416.000000 883042.000000 
943424.000000 986578.000000 
1031528.000000 892322.000000 
1033866.000000 891042.000000 
983314.000000 938826.000000 
948352.000000 978470.000000 
1017952.000000 902486.000000 
993226.000000 928994.000000 
1053106.000000 874430.000000 
948136.000000 982084.000000 
1015662.000000 906346.000000 
996694.000000 924844.000000 
1028536.000000 896098.000000 
1046054.000000 882608.000000 
1020252.000000 901372.000000 
1030596.000000 893456.000000 
1118356.000000 841498.000000 
1147594.000000 821818.000000 
1137618.000000 835896.000000 
1144520.000000 832536.000000 

952958.000000 973224.000000 
969010.000000 957446.000000 
1066150.000000 864364.000000 
1078796.000000 857780.000000 
1040496.000000 888280.000000 
1080704.000000 856176.000000 
961636.000000 963080.000000 
979178.000000 945880.000000 
1021976.000000 903964.000000 
978080.000000 947274.000000 
1118812.000000 850160.000000 
1084976.000000 856040.000000 
997304.000000 925888.000000 
966432.000000 959682.000000 
1078744.000000 857958.000000 
1007530.000000 917934.000000 
954010.000000 970494.000000 
1062772.000000 869144.000000 
1019422.000000 905868.000000 
1016008.000000 909728.000000 
1012524.000000 913058.000000 
1004784.000000 921570.000000 
1013450.000000 910856.000000 
989074.000000 935696.000000 
1045864.000000 882990.000000 
959776.000000 969568.000000 
969594.000000 955596.000000 
965846.000000 962864.000000 
973172.000000 950840.000000 
966872.000000 958636.000000 
1054576.000000 875590.000000 
1026278.000000 897648.000000 
952924.000000 974208.000000 
1006642.000000 919382.000000 
966056.000000 960378.000000 
980500.000000 943850.000000 
976828.000000 948770.000000 
959858.000000 964526.000000 
949878.000000 975538.000000 
966712.000000 959670.000000 
1004930.000000 920350.000000 
977890.000000 948676.000000 
1028274.000000 895460.000000 
987808.000000 936560.000000 
985686.000000 937922.000000 
980904.000000 942318.000000 
1017454.000000 908652.000000 
1000452.000000 923996.000000 
983030.000000 938346.000000 
974598.000000 948808.000000 
1132950.000000 846898.000000 
1005994.000000 919576.000000 
993904.000000 931702.000000 
969798.000000 952916.000000 
1108812.000000 852952.000000 
1037574.000000 890248.000000 
957670.000000 970424.000000 
1045854.000000 884246.000000 
1132358.000000 847006.000000 
994224.000000 928472.000000 
1017730.000000 907672.000000 
1005630.000000 919786.000000 
1033854.000000 893328.000000 
1019432.000000 904928.000000 
996186.000000 928158.000000 
1017610.000000 908622.000000 
1042118.000000 887962.000000 
1116218.000000 852690.000000 
1055902.000000 875184.000000 
1008940.000000 913766.000000 
1062434.000000 871048.000000 
1007330.000000 919138.000000 
981726.000000 941556.000000 
1044476.000000 885432.000000 
978756.000000 947042.000000 
1051888.000000 876906.000000 
1034122.000000 892230.000000 
992120.000000 932116.000000 
1054294.000000 876678.000000 
1057518.000000 872248.000000 
1011782.000000 913150.000000 
991958.000000 932160.000000 
989586.000000 932548.000000 
987876.000000 936492.000000 
1017648.000000 908162.000000 
1032970.000000 894776.000000 
1016600.000000 909508.000000 
999240.000000 925634.000000 
1014584.000000 910398.000000 
1014144.000000 910810.000000 
1000822.000000 921576.000000 
998692.000000 925796.000000 
1063430.000000 866860.000000 
1042382.000000 885754.000000 
1018332.000000 907458.000000 
986100.000000 937434.000000 
949654.000000 1001410.000000 
1071880.000000 860742.000000 
1037296.000000 891796.000000 
980434.000000 944200.000000 
1060906.000000 871970.000000 
1062428.000000 871790.000000 
1055746.000000 875374.000000 
1050494.000000 877630.000000 
1038708.000000 888620.000000 
1048510.000000 879642.000000 
1047092.000000 880338.000000 
1008086.000000 917004.000000 
1022062.000000 900732.000000 
1025912.000000 899812.000000 
1037546.000000 890990.000000 
944656.000000 1002404.000000 
939660.000000 1033658.000000 
1151542.000000 844424.000000 
940494.000000 1018240.000000 

957568.000000 967534.000000 
1031184.000000 896030.000000 
953472.000000 976536.000000 
1022186.000000 904530.000000 
970598.000000 955666.000000 
965910.000000 959114.000000 
1007112.000000 916864.000000 
1012904.000000 911440.000000 
992862.000000 929284.000000 
1024582.000000 904140.000000 
1015902.000000 908588.000000 
1013220.000000 911196.000000 
963660.000000 963646.000000 
998576.000000 925352.000000 
1004068.000000 921042.000000 
996400.000000 926668.000000 
1093766.000000 853414.000000 
984966.000000 940462.000000 
975052.000000 948726.000000 
1038648.000000 891816.000000 
1056962.000000 879812.000000 
966524.000000 957406.000000 
953680.000000 975786.000000 
962246.000000 963762.000000 
960016.000000 967286.000000 
1089700.000000 855170.000000 
1028294.000000 900664.000000 
1041472.000000 888894.000000 
954628.000000 972586.000000 
1092212.000000 854070.000000 
968040.000000 956996.000000 
948034.000000 983700.000000 
954522.000000 973308.000000 
970898.000000 953534.000000 
940334.000000 990982.000000 
955204.000000 969596.000000 
950606.000000 980304.000000 
1092204.000000 854414.000000 
977618.000000 945668.000000 
1040666.000000 890640.000000 
960030.000000 964486.000000 
984416.000000 941460.000000 
948380.000000 981074.000000 
1084526.000000 855688.000000 
1024920.000000 903644.000000 
1030536.000000 897560.000000 
1074260.000000 864378.000000 
1063924.000000 871852.000000 
1063166.000000 875180.000000 
1063310.000000 874406.000000 
1073678.000000 864404.000000 
1064868.000000 870662.000000 
1072070.000000 867008.000000 
1040402.000000 891064.000000 
1049500.000000 883448.000000 
1048058.000000 884414.000000 
1047348.000000 885554.000000 
1068954.000000 869990.000000 
1057492.000000 876460.000000 
1051926.000000 881504.000000 
1032362.000000 895750.000000 
955704.000000 968740.000000 
1059072.000000 875702.000000 
1021372.000000 906164.000000 
1027200.000000 902488.000000 
1041498.000000 885778.000000 
952580.000000 977740.000000 
970700.000000 955380.000000 
1025574.000000 903322.000000 
1030100.000000 899030.000000 
1056474.000000 879918.000000 
970010.000000 956186.000000 
1028056.000000 901132.000000 
973242.000000 950176.000000 
1027770.000000 901472.000000 
983220.000000 942056.000000 
979962.000000 944730.000000 
1037628.000000 892604.000000 
1028236.000000 900696.000000 
1009734.000000 912028.000000 
971922.000000 953110.000000 
957368.000000 967790.000000 
982070.000000 943056.000000 
1026444.000000 902612.000000 
1005786.000000 919280.000000 
976960.000000 948258.000000 
1016038.000000 907282.000000 
1014996.000000 910006.000000 
995168.000000 926910.000000 
1001276.000000 921128.000000 
982182.000000 942722.000000 
994276.000000 928600.000000 
1000604.000000 924764.000000 
985250.000000 937000.000000 
980576.000000 943350.000000 
987010.000000 935362.000000 
1083620.000000 858436.000000 
1082604.000000 858970.000000 
1078496.000000 860382.000000 
975488.000000 948364.000000 
964042.000000 962312.000000 
1096426.000000 846736.000000 
972820.000000 951374.000000 
969920.000000 956912.000000 
988482.000000 935102.000000 
964900.000000 959676.000000 
990428.000000 932316.000000 
1054896.000000 880646.000000 
1072350.000000 866642.000000 
1076100.000000 864192.000000 
1090520.000000 854922.000000 
1083722.000000 857650.000000 
1116580.000000 845768.000000 
1069392.000000 867534.000000 
1034730.000000 894286.000000 
1133448.000000 830746.000000 
1120124.000000 837654.000000 
1127072.000000 834990.000000 

963618.000000 958888.000000 
952626.000000 970690.000000 
990998.000000 929846.000000 
988934.000000 931456.000000 
986270.000000 933728.000000 
951092.000000 979738.000000 
971346.000000 949826.000000 
1006522.000000 916772.000000 
994374.000000 927098.000000 
999620.000000 920596.000000 
997324.000000 920968.000000 
957718.000000 968444.000000 
970838.000000 951992.000000 
988708.000000 931726.000000 
958106.000000 959624.000000 
946758.000000 980300.000000 
1068496.000000 863094.000000 
1040370.000000 884036.000000 
994816.000000 926468.000000 
956594.000000 969592.000000 
980384.000000 941682.000000 
970054.000000 952188.000000 
1057206.000000 874032.000000 
1031802.000000 891280.000000 
973690.000000 949232.000000 
983840.000000 936506.000000 
973504.000000 949342.000000 
996070.000000 924456.000000 
1033160.000000 889130.000000 
1044106.000000 879040.000000 
1028854.000000 895260.000000 
1014894.000000 908764.000000 
1041110.000000 883276.000000 
1029348.000000 893586.000000 
991216.000000 929366.000000 
1008206.000000 914598.000000 
989166.000000 930490.000000 
986854.000000 933310.000000 
980590.000000 941474.000000 
975418.000000 946422.000000 
988206.000000 932656.000000 
975474.000000 943718.000000 
974494.000000 948226.000000 
993184.000000 927506.000000 
978538.000000 942060.000000 
1057256.000000 867766.000000 
1061866.000000 864662.000000 
1058512.000000 867292.000000 
1015014.000000 907196.000000 
963626.000000 956976.000000 
955204.000000 969596.000000 
961270.000000 958998.000000 
1021032.000000 900370.000000 
1029246.000000 894734.000000 
1046756.000000 874370.000000 
1019732.000000 903352.000000 
985314.000000 935768.000000 
1036576.000000 884982.000000 
1004904.000000 917190.000000 
1015384.000000 906188.000000 
1002262.000000 918188.000000 
968350.000000 953690.000000 
981162.000000 939930.000000 
991786.000000 928664.000000 
1008592.000000 912390.000000 
1000978.000000 919632.000000 
964022.000000 955474.000000 
980774.000000 940026.000000 
1088754.000000 862730.000000 
1012786.000000 909364.000000 
982040.000000 938200.000000 
1041302.000000 883250.000000 
1025522.000000 895590.000000 
1040066.000000 884470.000000 
1031866.000000 889760.000000 
1034418.000000 887168.000000 
1022272.000000 896032.000000 
1017354.000000 903598.000000 
1008854.000000 910760.000000 
1008510.000000 913334.000000 
1014760.000000 909294.000000 
1006738.000000 914874.000000 
946246.000000 986498.000000 
1145606.000000 853220.000000 
1138742.000000 856702.000000 
1113944.000000 858660.000000 
1092772.000000 862446.000000 
1101764.000000 860734.000000 

960606.000000 961912.000000 
950250.000000 972484.000000 
1051564.000000 879686.000000 
961444.000000 961836.000000 
1058618.000000 874088.000000 
963084.000000 955874.000000 
1099498.000000 856260.000000 
1015706.000000 906888.000000 
1001268.000000 920764.000000 
944030.000000 984290.000000 
1010442.000000 911542.000000 
1001320.000000 920378.000000 
973544.000000 946234.000000 
1075492.000000 861720.000000 
1120832.000000 840976.000000 
1073738.000000 862998.000000 
943848.000000 987322.000000 
983370.000000 936230.000000 
938528.000000 988626.000000 
1007240.000000 915066.000000 
1083290.000000 859728.000000 
1024814.000000 897196.000000 
946982.000000 981818.000000 
949044.000000 977172.000000 
944328.000000 983346.000000 
1004164.000000 918400.000000 
1105934.000000 847776.000000 
1003500.000000 919456.000000 
959146.000000 963968.000000 
947114.000000 980700.000000 
957316.000000 964956.000000 
1059900.000000 873712.000000 
1005380.000000 915120.000000 
968394.000000 950386.000000 
1090220.000000 858128.000000 
958828.000000 964832.000000 
962732.000000 961696.000000 
1104972.000000 848474.000000 
1100550.000000 856072.000000 
1004620.000000 915646.000000 
950346.000000 968676.000000 
1101478.000000 852394.000000 
960512.000000 963028.000000 
996192.000000 923890.000000 
1001870.000000 919800.000000 
1094976.000000 857118.000000 
1018900.000000 901522.000000 
953044.000000 967980.000000 
1009972.000000 912052.000000 
1012366.000000 906894.000000 
970390.000000 949924.000000 
1024486.000000 899654.000000 
1032454.000000 892874.000000 
1026762.000000 896860.000000 
999880.000000 922120.000000 
1007378.000000 912064.000000 
965194.000000 952060.000000 
975112.000000 945968.000000 
990058.000000 930018.000000 
976796.000000 941352.000000 
986104.000000 935100.000000 
1003972.000000 918756.000000 
992228.000000 925646.000000 
980896.000000 936310.000000 
976712.000000 943444.000000 
987050.000000 931976.000000 
1072720.000000 863316.000000 
967336.000000 950686.000000 
1003562.000000 919372.000000 
1010952.000000 910706.000000 
1116334.000000 845836.000000 
1051496.000000 879894.000000 
1053914.000000 874244.000000 
1061650.000000 869770.000000 
1023904.000000 900154.000000 
1074466.000000 861810.000000 
1084194.000000 859604.000000 
1046298.000000 882640.000000 
1049318.000000 881302.000000 
1039536.000000 885438.000000 
1036766.000000 888748.000000 
1035382.000000 890266.000000 
1032626.000000 891992.000000 
1028360.000000 893714.000000 
1016312.000000 904528.000000 
1049026.000000 881618.000000 
1038020.000000 886904.000000 
1039276.000000 886206.000000 
1051668.000000 877644.000000 
1046026.000000 883080.000000 
1043236.000000 885412.000000 
1011564.000000 909206.000000 
1032984.000000 890846.000000 
1027336.000000 896004.000000 
997426.000000 922320.000000 
1084506.000000 859510.000000 
1065052.000000 869046.000000 
1049948.000000 881300.000000 
1079574.000000 859876.000000 
1069518.000000 863972.000000 
1135878.000000 840354.000000 
930142.000000 1046688.000000 
1163368.000000 831572.000000 
1138736.000000 837484.000000 
1152258.000000 835850.000000 
1158180.000000 833814.000000 

1029348.000000 893586.000000 
1063052.000000 865776.000000 
1040370.000000 884036.000000 
949484.000000 981674.000000 
970054.000000 952188.000000 
955460.000000 969048.000000 
946640.000000 983856.000000 
1017354.000000 903598.000000 
964022.000000 955474.000000 
958106.000000 959624.000000 
961270.000000 958998.000000 
963626.000000 956976.000000 
1014856.000000 905038.000000 
999134.000000 920298.000000 
979804.000000 940842.000000 
993722.000000 926144.000000 
955972.000000 967764.000000 
982040.000000 938200.000000 
975474.000000 943718.000000 
980774.000000 940026.000000 
1057256.000000 867766.000000 
975418.000000 946422.000000 
1044708.000000 879242.000000 
1004904.000000 917190.000000 
996070.000000 924456.000000 
993184.000000 927506.000000 
1002262.000000 918188.000000 
1068984.000000 862640.000000 
1040066.000000 884470.000000 
1031866.000000 889760.000000 
981766.000000 938282.000000 
978688.000000 941220.000000 
973506.000000 946802.000000 
1022272.000000 896032.000000 
1034418.000000 887168.000000 
1046756.000000 874370.000000 
1036576.000000 884982.000000 
988934.000000 931456.000000 
981082.000000 939878.000000 
1000978.000000 919632.000000 
991240.000000 927812.000000 
971220.000000 948536.000000 
975482.000000 941362.000000 
988986.000000 930036.000000 
983460.000000 934830.000000 
1025522.000000 895590.000000 
986668.000000 932984.000000 
988206.000000 932656.000000 
980138.000000 940638.000000 
988708.000000 931726.000000 
1005582.000000 915708.000000 
997324.000000 920968.000000 
986270.000000 933728.000000 
1008854.000000 910760.000000 
953636.000000 971564.000000 
1006836.000000 914148.000000 
1005882.000000 914318.000000 
1027022.000000 895026.000000 
1011234.000000 908482.000000 
1008086.000000 912340.000000 
990302.000000 928082.000000 
954092.000000 969806.000000 
1004364.000000 917262.000000 
1080562.000000 855510.000000 
968734.000000 954198.000000 
1005152.000000 916660.000000 
970778.000000 950384.000000 
946194.000000 989628.000000 
1041780.000000 882788.000000 
970258.000000 951854.000000 
1065152.000000 864050.000000 
1017984.000000 900122.000000 
950418.000000 976190.000000 
1005170.000000 916614.000000 
966256.000000 954264.000000 
971660.000000 946966.000000 
1058498.000000 866426.000000 
989688.000000 929148.000000 
1054910.000000 871900.000000 
985436.000000 934332.000000 
1061138.000000 866184.000000 
1034816.000000 886418.000000 
1031792.000000 892796.000000 
1065530.000000 863098.000000 
1029456.000000 893502.000000 
1057022.000000 870954.000000 
1063722.000000 865406.000000 
1030532.000000 893304.000000 
1069236.000000 859050.000000 
1042340.000000 882770.000000 
1054498.000000 871974.000000 
1084154.000000 853212.000000 
1010418.000000 910738.000000 
945264.000000 994608.000000 
1044516.000000 882150.000000 
953352.000000 974692.000000 
1010676.000000 909282.000000 
1120536.000000 844870.000000 

1071144.000000 860330.000000 
938518.000000 989198.000000 
951172.000000 974264.000000 
1040340.000000 884768.000000 
932286.000000 994694.000000 
1063770.000000 865944.000000 
952354.000000 972508.000000 
942426.000000 982694.000000 
1037098.000000 886740.000000 
937204.000000 991098.000000 
956432.000000 970254.000000 
958990.000000 964604.000000 
965332.000000 958172.000000 
958512.000000 968980.000000 
1023580.000000 897920.000000 
960418.000000 962700.000000 
1003256.000000 914210.000000 
1036388.000000 888450.000000 
1049560.000000 877034.000000 
1053542.000000 874418.000000 
1066688.000000 862506.000000 
1050010.000000 876740.000000 
1081654.000000 849494.000000 
1051514.000000 876434.000000 
957700.000000 969886.000000 
941274.000000 987940.000000 
1066594.000000 864240.000000 
1077552.000000 854782.000000 
1057586.000000 871332.000000 
1052258.000000 874978.000000 
956536.000000 970100.000000 
1058722.000000 867340.000000 
947936.000000 980706.000000 
1053990.000000 871842.000000 
1032922.000000 888906.000000 
968398.000000 955154.000000 
961458.000000 961066.000000 
1036294.000000 888628.000000 
989684.000000 929916.000000 
971092.000000 950916.000000 
1043780.000000 880000.000000 
1025466.000000 896894.000000 
996486.000000 920178.000000 
969056.000000 951658.000000 
1012838.000000 906106.000000 
1023014.000000 897958.000000 
1024916.000000 897750.000000 
1029616.000000 891328.000000 
1010024.000000 909530.000000 
1079804.000000 851844.000000 
1058622.000000 870956.000000 
1049790.000000 876788.000000 
1063366.000000 867182.000000 
974136.000000 948166.000000 
1027450.000000 896686.000000 
988254.000000 932538.000000 
972160.000000 950416.000000 
954320.000000 972324.000000 
1071436.000000 856470.000000 
1077338.000000 855220.000000 
966634.000000 957526.000000 
1012816.000000 908228.000000 
974884.000000 943300.000000 
1012814.000000 908464.000000 
985864.000000 933950.000000 
983578.000000 935346.000000 
987776.000000 932566.000000 
994086.000000 923768.000000 
1016488.000000 905346.000000 
990484.000000 926910.000000 
1021622.000000 899166.000000 
990932.000000 926140.000000 
1007050.000000 913474.000000 
1017356.000000 903180.000000 
1066146.000000 865270.000000 
1032828.000000 890628.000000 
1008402.000000 912678.000000 
1006052.000000 913564.000000 
981552.000000 936148.000000 
999120.000000 917280.000000 
1038546.000000 885612.000000 
1044510.000000 878414.000000 
974742.000000 946106.000000 
978070.000000 940128.000000 
1009590.000000 910928.000000 
995902.000000 923338.000000 
973714.000000 949254.000000 
963970.000000 958398.000000 
989236.000000 930888.000000 
993140.000000 925036.000000 
1046560.000000 877414.000000 
1040022.000000 885444.000000 
1038248.000000 885638.000000 
1012574.000000 909020.000000 
948844.000000 978836.000000 
1040776.000000 884748.000000 
1021338.000000 901738.000000 
1024764.000000 897776.000000 
1027562.000000 893712.000000 
1041450.000000 881040.000000 
1020284.000000 902312.000000 
1009078.000000 911680.000000 
989020.000000 931828.000000 
1015688.000000 906086.000000 
948892.000000 976380.000000 
947516.000000 981288.000000 
1163662.000000 846290.000000 
1127534.000000 849026.000000 

1038698.000000 888590.000000 
952682.000000 974886.000000 
1010606.000000 910664.000000 
1000560.000000 919504.000000 
978380.000000 938978.000000 
1085932.000000 852580.000000 
964978.000000 960120.000000 
964298.000000 961146.000000 
1061148.000000 868940.000000 
976522.000000 946660.000000 
1050010.000000 876924.000000 
1043280.000000 885250.000000 
1067634.000000 862966.000000 
1041496.000000 885968.000000 
1057560.000000 871986.000000 
1044504.000000 883502.000000 
955674.000000 973904.000000 
1067458.000000 863216.000000 
1063800.000000 864790.000000 
958116.000000 965332.000000 
1069884.000000 862036.000000 
1045446.000000 881352.000000 
959148.000000 963968.000000 
1070462.000000 859464.000000 
985600.000000 936138.000000 
1096674.000000 848468.000000 
993896.000000 927138.000000 
1092510.000000 852526.000000 
1096000.000000 849376.000000 
1020886.000000 900340.000000 
1020098.000000 903250.000000 
1025370.000000 898700.000000 
1023428.000000 899074.000000 
1000326.000000 922922.000000 
986820.000000 931662.000000 
1106156.000000 841662.000000 
1044036.000000 884470.000000 
1065658.000000 863324.000000 
974808.000000 947588.000000 
1098916.000000 845750.000000 
1069374.000000 862674.000000 
957504.000000 968214.000000 
1011466.000000 909544.000000 
970196.000000 952538.000000 
1076194.000000 853092.000000 
1046358.000000 880644.000000 
1093576.000000 852478.000000 
965154.000000 955250.000000 
1125300.000000 832480.000000 
963022.000000 962150.000000 
948346.000000 983588.000000 
1009580.000000 914188.000000 
1044262.000000 883956.000000 
1013970.000000 906658.000000 
1003574.000000 917520.000000 
1007160.000000 914708.000000 
1017246.000000 904128.000000 
938496.000000 993402.000000 
998408.000000 923636.000000 
1035060.000000 889888.000000 
1034862.000000 891472.000000 
994900.000000 925540.000000 
950374.000000 975984.000000 
971138.000000 949164.000000 
989728.000000 931462.000000 
1009638.000000 913134.000000 
945544.000000 989906.000000 
943738.000000 993038.000000 
1042406.000000 885320.000000 
1002192.000000 918052.000000 
990088.000000 930420.000000 
993646.000000 929702.000000 
977144.000000 944706.000000 
970512.000000 952530.000000 
982288.000000 936144.000000 
976580.000000 945976.000000 
966242.000000 953486.000000 
981474.000000 937494.000000 
981220.000000 938862.000000 
991478.000000 930380.000000 
986004.000000 935504.000000 
992314.000000 930072.000000 
976778.000000 945066.000000 
956026.000000 971886.000000 
1036690.000000 888804.000000 
974704.000000 948660.000000 
1030022.000000 892098.000000 
1047888.000000 879448.000000 
975602.000000 946854.000000 
1039254.000000 886526.000000 
999084.000000 923592.000000 
1021772.000000 900064.000000 
1026146.000000 896328.000000 
1060840.000000 869524.000000 
1008706.000000 914392.000000 
993988.000000 926618.000000 
1072308.000000 856504.000000 
1038462.000000 888772.000000 
1049436.000000 878836.000000 
1061274.000000 864930.000000 
1059282.000000 869808.000000 
1049464.000000 877854.000000 
1054382.000000 873142.000000 
1060144.000000 869686.000000 
1051478.000000 873174.000000 
1056228.000000 872976.000000 
1043482.000000 884676.000000 

1053388.000000 874058.000000 
1118966.000000 849384.000000 
1060908.000000 871760.000000 
1007028.000000 914438.000000 
1060450.000000 872424.000000 
1047696.000000 882250.000000 
985204.000000 936964.000000 
999698.000000 922256.000000 
997688.000000 924046.000000 
971474.000000 948246.000000 
1019450.000000 905376.000000 
1044658.000000 883354.000000 
1043010.000000 885832.000000 
1032284.000000 891960.000000 
1020558.000000 903304.000000 
1024250.000000 896784.000000 
1046952.000000 883250.000000 
1030654.000000 895640.000000 
1018350.000000 906254.000000 
1036762.000000 891042.000000 
1019798.000000 904986.000000 
1112124.000000 849498.000000 
1120756.000000 848916.000000 
1083784.000000 858214.000000 
1059336.000000 872592.000000 
1048072.000000 881690.000000 
1016298.000000 907316.000000 
1003932.000000 918340.000000 
1003094.000000 919794.000000 
1014278.000000 908810.000000 
1075382.000000 863298.000000 
1058824.000000 873080.000000 
1051434.000000 877154.000000 
1050206.000000 879618.000000 
1038694.000000 887212.000000 
1080076.000000 859226.000000 
985924.000000 935882.000000 
990208.000000 931158.000000 
939998.000000 993862.000000 
942754.000000 980120.000000 
955410.000000 968076.000000 
950152.000000 972434.000000 
966424.000000 957426.000000 
969052.000000 953716.000000 
973398.000000 947560.000000 
956336.000000 966794.000000 
949466.000000 973950.000000 
1064118.000000 869474.000000 
955826.000000 967254.000000 
959988.000000 961300.000000 
953152.000000 971876.000000 
1033962.000000 891188.000000 
956802.000000 966668.000000 
996510.000000 926488.000000 
964366.000000 958270.000000 
1005958.000000 917862.000000 
1001314.000000 920404.000000 
1013812.000000 911258.000000 
1090294.000000 855138.000000 
1006878.000000 915990.000000 
1011654.000000 912068.000000 
1006106.000000 917724.000000 
1001012.000000 921028.000000 
959902.000000 962014.000000 
1009486.000000 912960.000000 
1008022.000000 914180.000000 
1024218.000000 901458.000000 
960514.000000 961056.000000 
970224.000000 950774.000000 
996798.000000 925676.000000 
986510.000000 934270.000000 
1065376.000000 869146.000000 
964308.000000 958724.000000 
995554.000000 927400.000000 
1076000.000000 860570.000000 
975640.000000 945512.000000 
976486.000000 943856.000000 
963252.000000 959422.000000 
975594.000000 946788.000000 
991596.000000 929038.000000 
1032066.000000 894268.000000 
1014208.000000 909672.000000 
1015244.000000 907712.000000 
966626.000000 956194.000000 
1023518.000000 901462.000000 
1018374.000000 905682.000000 
1003814.000000 919576.000000 
949712.000000 973698.000000 
958454.000000 965612.000000 
959442.000000 964382.000000 
968358.000000 954904.000000 
969738.000000 952298.000000 
945740.000000 976040.000000 
969018.000000 954790.000000 
988788.000000 933782.000000 
956960.000000 965812.000000 
991416.000000 929528.000000 
1067262.000000 864038.000000 
1062906.000000 869864.000000 
945242.000000 978848.000000 
954854.000000 968874.000000 
1029682.000000 895870.000000 
1021732.000000 901704.000000 
961292.000000 960116.000000 
965504.000000 957490.000000 
959822.000000 963052.000000 
984366.000000 937234.000000 
983588.000000 938738.000000 
996096.000000 926934.000000 
977862.000000 938934.000000 
1089484.000000 855212.000000 
1066512.000000 868934.000000 
1043620.000000 885466.000000 
1048522.000000 880682.000000 
939864.000000 997118.000000 
1014200.000000 909890.000000 
1049510.000000 880470.000000 
1018300.000000 906268.000000 
1037992.000000 887970.000000 
1100184.000000 850542.000000 
1121854.000000 839468.000000 
1044092.000000 884450.000000 
1036902.000000 889810.000000 
1120840.000000 843180.000000 
937542.000000 1019998.000000 
1087452.000000 858136.000000 
929880.000000 1035316.000000 
937254.000000 1034490.000000 
921518.000000 1056342.000000 

1044410.000000 882438.000000 
1028422.000000 895722.000000 
1038412.000000 886260.000000 
947028.000000 974282.000000 
939344.000000 980274.000000 
942058.000000 977530.000000 
959596.000000 959902.000000 
989234.000000 931342.000000 
987592.000000 932880.000000 
1021828.000000 899492.000000 
955362.000000 963850.000000 
984966.000000 934286.000000 
1004364.000000 917262.000000 
989688.000000 929148.000000 
1048614.000000 877168.000000 
981098.000000 939770.000000 
954942.000000 964136.000000 
957850.000000 960352.000000 
956394.000000 961074.000000 
1040292.000000 886178.000000 
1041456.000000 883826.000000 
964778.000000 952166.000000 
995066.000000 925536.000000 
964740.000000 952786.000000 
971892.000000 946388.000000 
969722.000000 951872.000000 
978552.000000 940818.000000 
947848.000000 965758.000000 
1005900.000000 915628.000000 
960104.000000 956932.000000 
1027978.000000 895858.000000 
970404.000000 948018.000000 
996102.000000 925136.000000 
966418.000000 952100.000000 
960584.000000 955268.000000 
997248.000000 922306.000000 
1025270.000000 898292.000000 
984102.000000 934414.000000 
982174.000000 935598.000000 
973218.000000 943184.000000 
1001230.000000 918654.000000 
996952.000000 924898.000000 
1007866.000000 913544.000000 
1009168.000000 910406.000000 
999380.000000 921508.000000 
981766.000000 938282.000000 
977544.000000 942656.000000 
991296.000000 928850.000000 
992500.000000 926536.000000 
1008274.000000 912974.000000 
1042060.000000 883458.000000 
1027390.000000 896530.000000 
1018392.000000 901574.000000 
1016050.000000 906348.000000 
1014066.000000 906410.000000 
1029732.000000 894310.000000 
1017178.000000 903432.000000 
1031654.000000 887340.000000 
1000604.000000 921476.000000 
1006400.000000 914474.000000 
1016302.000000 904760.000000 
1004958.000000 916038.000000 
1012878.000000 909128.000000 
995854.000000 925188.000000 
1055690.000000 875902.000000 
1058980.000000 870898.000000 
1047156.000000 879826.000000 
1051092.000000 875914.000000 
1056650.000000 873906.000000 
1046272.000000 881302.000000 
1026492.000000 897706.000000 
1043870.000000 882928.000000 
1104350.000000 863410.000000 
1105136.000000 862580.000000 
1081998.000000 867946.000000 
931020.000000 1016018.000000 
1105632.000000 859778.000000 
1122158.000000 844134.000000 
1106716.000000 859192.000000 
1102132.000000 863754.000000 
1094922.000000 866804.000000 
1076676.000000 869758.000000 
1115402.000000 854362.000000 

1006818.000000 916370.000000 
1057294.000000 870650.000000 
1056558.000000 871148.000000 
1044582.000000 882856.000000 
963886.000000 963614.000000 
991994.000000 932560.000000 
980580.000000 943464.000000 
952338.000000 976276.000000 
996658.000000 928486.000000 
972266.000000 952066.000000 
1057220.000000 870780.000000 
1053236.000000 874866.000000 
1062204.000000 868258.000000 
964100.000000 963510.000000 
964612.000000 962514.000000 
1050966.000000 876062.000000 
965920.000000 959652.000000 
995164.000000 929460.000000 
1032950.000000 892950.000000 
985734.000000 938044.000000 
1005664.000000 917478.000000 
1010068.000000 913128.000000 
981210.000000 942442.000000 
954584.000000 973262.000000 
953446.000000 974662.000000 
970670.000000 954042.000000 
1051416.000000 875800.000000 
1071174.000000 859098.000000 
952330.000000 976348.000000 
1095832.000000 851442.000000 
1032580.000000 893814.000000 
1039960.000000 885770.000000 
1032076.000000 894002.000000 
996844.000000 927928.000000 
971716.000000 953102.000000 
974836.000000 951606.000000 
951176.000000 979802.000000 
1023606.000000 899806.000000 
1025648.000000 896906.000000 
1039568.000000 885990.000000 
1040608.000000 883126.000000 
1072254.000000 852978.000000 
1066354.000000 860602.000000 
1028138.000000 896364.000000 
997074.000000 927908.000000 
1032726.000000 893078.000000 
1046822.000000 878782.000000 
1018264.000000 904966.000000 
950080.000000 984802.000000 
1059896.000000 869210.000000 
1062592.000000 867502.000000 
1087854.000000 852498.000000 
956966.000000 968160.000000 
1046564.000000 882306.000000 
1025264.000000 898616.000000 
1002364.000000 920804.000000 
983216.000000 942026.000000 
991128.000000 932900.000000 
1096692.000000 850744.000000 
1052764.000000 875590.000000 
1014826.000000 906520.000000 
1010788.000000 910302.000000 
1005936.000000 917058.000000 
1054284.000000 873912.000000 
1007440.000000 914970.000000 
974804.000000 951960.000000 
1099094.000000 845406.000000 
1004162.000000 920490.000000 
1017138.000000 906502.000000 
997116.000000 925672.000000 
1030210.000000 895290.000000 
1007590.000000 913310.000000 
967472.000000 958030.000000 
1001120.000000 922142.000000 
985742.000000 936168.000000 
995724.000000 928818.000000 
1050560.000000 877988.000000 
956548.000000 969326.000000 
1070974.000000 859440.000000 
968336.000000 955042.000000 
975026.000000 949998.000000 
1024698.000000 898728.000000 
974134.000000 952008.000000 
962146.000000 965194.000000 
951562.000000 979322.000000 
1045042.000000 882476.000000 
1019362.000000 901576.000000 
977160.000000 947200.000000 
993900.000000 930828.000000 
986214.000000 934996.000000 
990342.000000 933796.000000 
1035646.000000 889490.000000 
993534.000000 931414.000000 
1037102.000000 888284.000000 
1029744.000000 895850.000000 
1064432.000000 866868.000000 
1059846.000000 869652.000000 
1030952.000000 894126.000000 
1033416.000000 892160.000000 
1037558.000000 887120.000000 
993150.000000 931770.000000 
1066348.000000 863142.000000 
1065528.000000 865110.000000 
994418.000000 930472.000000 
963042.000000 964306.000000 
983380.000000 938148.000000 
959806.000000 965946.000000 
999358.000000 922706.000000 
977662.000000 945824.000000 
964430.000000 963296.000000 
965360.000000 962506.000000 
1025546.000000 898012.000000 
959518.000000 968124.000000 
979850.000000 945620.000000 
1046572.000000 881948.000000 
1115870.000000 842678.000000 
1112916.000000 845304.000000 
1127078.000000 838450.000000 
1155080.000000 838264.000000 

1016184.000000 907402.000000 
1011820.000000 912128.000000 
1004798.000000 919282.000000 
1009796.000000 914170.000000 
1016898.000000 907108.000000 
952032.000000 992658.000000 
1039614.000000 884368.000000 
958432.000000 981032.000000 
1086608.000000 842196.000000 
1013708.000000 911828.000000 
958566.000000 977988.000000 
964366.000000 958270.000000 
959902.000000 962014.000000 
969018.000000 954790.000000 
1016178.000000 908662.000000 
1006106.000000 917724.000000 
1013938.000000 911714.000000 
1006878.000000 915990.000000 
1001012.000000 921028.000000 
1008022.000000 914180.000000 
968136.000000 957542.000000 
953640.000000 985318.000000 
1024574.000000 900334.000000 
959652.000000 966182.000000 
996798.000000 925676.000000 
971374.000000 952728.000000 
1011034.000000 912264.000000 
996510.000000 926488.000000 
984366.000000 937234.000000 
1004368.000000 920230.000000 
996096.000000 926934.000000 
977862.000000 938934.000000 
988800.000000 934068.000000 
987168.000000 934998.000000 
991358.000000 932580.000000 
991416.000000 929528.000000 
976800.000000 945236.000000 
986418.000000 936524.000000 
959212.000000 972536.000000 
1026642.000000 897390.000000 
1066390.000000 863420.000000 
1045790.000000 878242.000000 
1035978.000000 888864.000000 
946930.000000 994920.000000 
1064866.000000 864018.000000 
1060984.000000 865378.000000 
1039460.000000 887346.000000 
1051222.000000 875866.000000 
1063074.000000 864076.000000 
1036198.000000 887956.000000 
1067260.000000 856334.000000 
1059772.000000 865680.000000 
948362.000000 994108.000000 
952824.000000 990252.000000 
1025868.000000 900230.000000 
1076034.000000 853416.000000 
957104.000000 983420.000000 
1018350.000000 906254.000000 
1081938.000000 851834.000000 
1030258.000000 895108.000000 
1110546.000000 840420.000000 
970756.000000 954260.000000 
964308.000000 958724.000000 
1005286.000000 918594.000000 
1005958.000000 917862.000000 
1014366.000000 910552.000000 
1119046.000000 836386.000000 
1034088.000000 889854.000000 
991168.000000 933180.000000 
975640.000000 945512.000000 
1116784.000000 839362.000000 
1003462.000000 920452.000000 
1108818.000000 842080.000000 
999712.000000 923712.000000 
986768.000000 935266.000000 
997688.000000 924046.000000 
1126526.000000 833174.000000 
1032454.000000 893106.000000 
1056790.000000 868042.000000 
1065722.000000 863482.000000 
1037272.000000 887902.000000 
1056446.000000 868120.000000 
1027204.000000 896894.000000 
1018406.000000 902344.000000 
1030494.000000 893116.000000 
991924.000000 929126.000000 
968102.000000 957742.000000 
1049750.000000 876318.000000 
1058610.000000 865956.000000 
1039700.000000 883350.000000 
1032926.000000 892806.000000 
1027862.000000 895998.000000 
1018056.000000 906810.000000 
1021064.000000 900550.000000 
1051724.000000 869596.000000 
1028966.000000 895836.000000 
1026856.000000 897274.000000 
1042352.000000 880012.000000 
1030154.000000 895360.000000 
971474.000000 948246.000000 
1014340.000000 911674.000000 
1000172.000000 922450.000000 
1025908.000000 899158.000000 
985204.000000 936964.000000 
944106.000000 1010674.000000 
937976.000000 1025494.000000 
943788.000000 1024792.000000 

1082466.000000 854342.000000 
1077756.000000 861778.000000 
945072.000000 985534.000000 
1061718.000000 871574.000000 
1060942.000000 873026.000000 
1114798.000000 834702.000000 
1031680.000000 895188.000000 
1054618.000000 878424.000000 
1064080.000000 867200.000000 
1080386.000000 855186.000000 
1071450.000000 865472.000000 
1074564.000000 863970.000000 
1042860.000000 887294.000000 
966786.000000 956934.000000 
1100514.000000 837512.000000 
964066.000000 959208.000000 
1075686.000000 863408.000000 
1089758.000000 847914.000000 
1085334.000000 852376.000000 
1096618.000000 842898.000000 
959270.000000 966604.000000 
955888.000000 968988.000000 
981346.000000 941026.000000 
962226.000000 963348.000000 
1120160.000000 832230.000000 
1060058.000000 875942.000000 
1048978.000000 883168.000000 
1056956.000000 876548.000000 
1079132.000000 859924.000000 
1064046.000000 870536.000000 
1059308.000000 876028.000000 
969678.000000 953394.000000 
970806.000000 951908.000000 
964388.000000 958628.000000 
1040204.000000 887624.000000 
963480.000000 961648.000000 
966316.000000 957706.000000 
998342.000000 921904.000000 
967520.000000 955536.000000 
1051484.000000 880088.000000 
982780.000000 940788.000000 
960192.000000 965150.000000 
943550.000000 986544.000000 
1048400.000000 883254.000000 
967792.000000 954924.000000 
953328.000000 974152.000000 
1002096.000000 914264.000000 
993326.000000 925256.000000 
990266.000000 931676.000000 
991516.000000 927224.000000 
979252.000000 941380.000000 
975352.000000 943280.000000 
971744.000000 949916.000000 
983844.000000 935076.000000 
1015972.000000 905260.000000 
948950.000000 979844.000000 
949304.000000 978274.000000 
937614.000000 992554.000000 
942376.000000 987300.000000 
947728.000000 980608.000000 
982844.000000 936770.000000 
1028758.000000 898616.000000 
957278.000000 966778.000000 
1010434.000000 910022.000000 
952264.000000 974326.000000 
1029684.000000 897832.000000 
1028048.000000 899738.000000 
1026904.000000 899856.000000 
1036646.000000 890004.000000 
970858.000000 951478.000000 
946032.000000 983298.000000 
1049130.000000 880982.000000 
1037872.000000 889760.000000 
1045302.000000 884118.000000 
1043496.000000 886412.000000 
939964.000000 988018.000000 
1034978.000000 891996.000000 
998746.000000 919998.000000 
997212.000000 922488.000000 
995590.000000 924224.000000 
986400.000000 934664.000000 
988700.000000 933938.000000 
1153158.000000 824328.000000 
1032896.000000 893944.000000 
1026072.000000 899934.000000 
1036264.000000 891768.000000 
1018158.000000 900306.000000 
1138382.000000 829920.000000 
1012982.000000 906950.000000 
1009068.000000 913338.000000 
1008058.000000 913352.000000 
1017706.000000 903090.000000 
1144924.000000 825026.000000 
989088.000000 931720.000000 
987630.000000 934450.000000 
973044.000000 945622.000000 
1155080.000000 822590.000000 

957868.000000 974150.000000 
952488.000000 977984.000000 
941772.000000 984038.000000 
1038056.000000 890342.000000 
1095560.000000 847912.000000 
1038480.000000 889962.000000 
954110.000000 975358.000000 
1039188.000000 889344.000000 
1055706.000000 872128.000000 
943020.000000 981300.000000 
1016592.000000 908102.000000 
1032254.000000 894398.000000 
1030918.000000 894548.000000 
1048126.000000 880396.000000 
1027054.000000 897850.000000 
1002654.000000 923300.000000 
1011992.000000 911426.000000 
1034884.000000 891078.000000 
958510.000000 968872.000000 
1022432.000000 903422.000000 
1043882.000000 884070.000000 
1022662.000000 903394.000000 
988852.000000 936516.000000 
950814.000000 978540.000000 
1044684.000000 881498.000000 
1015676.000000 909850.000000 
1144600.000000 842024.000000 
1140128.000000 843770.000000 
1144902.000000 840976.000000 
1008130.000000 917120.000000 
1015888.000000 909304.000000 
1004924.000000 920100.000000 
1011222.000000 914326.000000 
956004.000000 975014.000000 
1005474.000000 918238.000000 
1039348.000000 889216.000000 
1028862.000000 895142.000000 
1025650.000000 898488.000000 
964732.000000 960382.000000 
966488.000000 959192.000000 
1130980.000000 843982.000000 
992124.000000 932600.000000 
1033534.000000 892676.000000 
1041042.000000 885950.000000 
992458.000000 932132.000000 
996552.000000 925672.000000 
970206.000000 953726.000000 
1078520.000000 855446.000000 
967780.000000 954328.000000 
979374.000000 943336.000000 
987204.000000 937028.000000 
953784.000000 975456.000000 
998856.000000 923426.000000 
991644.000000 933488.000000 
1051336.000000 877684.000000 
995974.000000 929628.000000 
1002670.000000 922236.000000 
1140370.000000 842844.000000 
1016440.000000 909022.000000 
1023580.000000 902004.000000 
1003702.000000 920564.000000 
982688.000000 940484.000000 
983702.000000 938244.000000 
996052.000000 928894.000000 
972160.000000 946962.000000 
1027858.000000 896760.000000 
1048246.000000 878814.000000 
1003168.000000 921702.000000 
989240.000000 934028.000000 
1034738.000000 892644.000000 
1024560.000000 900088.000000 
1038100.000000 890152.000000 
1040198.000000 886072.000000 
1053226.000000 877222.000000 
959900.000000 965550.000000 
1035704.000000 890594.000000 
979820.000000 941784.000000 
996306.000000 928886.000000 
1011416.000000 913300.000000 
1053370.000000 875402.000000 
1038626.000000 889474.000000 
1019796.000000 904366.000000 
1008300.000000 914934.000000 
1053290.000000 877146.000000 
1017660.000000 904980.000000 
1071760.000000 856040.000000 
1043446.000000 885022.000000 
963316.000000 961476.000000 
1066752.000000 859640.000000 
963890.000000 960804.000000 
958040.000000 972130.000000 
1083692.000000 853842.000000 
1041936.000000 885228.000000 
1045062.000000 880712.000000 
1069998.000000 856790.000000 
1084096.000000 850478.000000 
1064076.000000 862776.000000 
1154006.000000 834852.000000 
1057920.000000 865892.000000 
998724.000000 925532.000000 
1117382.000000 844390.000000 
1050534.000000 877820.000000 
988950.000000 934176.000000 
992880.000000 930418.000000 
935350.000000 1039490.000000 
932834.000000 1040468.000000 
939656.000000 1036832.000000 
931510.000000 1050166.000000 
927042.000000 1066016.000000 
1188752.000000 833310.000000 
929956.000000 1060778.000000 

1097926.000000 849684.000000 
1108826.000000 842538.000000 
1108752.000000 848202.000000 
1037556.000000 888454.000000 
1095598.000000 852418.000000 
972360.000000 951424.000000 
980778.000000 939206.000000 
1034040.000000 889852.000000 
1012934.000000 909004.000000 
1038800.000000 887904.000000 
1039984.000000 885958.000000 
979102.000000 941552.000000 
1063432.000000 868938.000000 
1088584.000000 855462.000000 
1085698.000000 856454.000000 
977706.000000 943490.000000 
979702.000000 939742.000000 
970128.000000 953252.000000 
1040946.000000 883240.000000 
1062582.000000 869428.000000 
968080.000000 954346.000000 
964608.000000 957282.000000 
1035598.000000 888464.000000 
962056.000000 960714.000000 
1039504.000000 886422.000000 
1010382.000000 910920.000000 
1000270.000000 920684.000000 
1039220.000000 887136.000000 
1010050.000000 911138.000000 
1041900.000000 878994.000000 
1047010.000000 878182.000000 
1019594.000000 901408.000000 
1014020.000000 907286.000000 
970660.000000 952944.000000 
1011170.000000 910688.000000 
1016094.000000 902642.000000 
1009090.000000 911546.000000 
1021372.000000 900982.000000 
1011562.000000 909206.000000 
1041062.000000 882802.000000 
1042536.000000 878516.000000 
1053026.000000 870968.000000 
1034906.000000 889668.000000 
1041328.000000 881730.000000 
1017722.000000 902072.000000 
1031576.000000 891076.000000 
1013608.000000 908792.000000 
999102.000000 920810.000000 
985446.000000 933978.000000 
973382.000000 946590.000000 
988752.000000 930016.000000 
981404.000000 934412.000000 
1000656.000000 912810.000000 
991688.000000 927954.000000 
1000414.000000 919684.000000 
992324.000000 922996.000000 
990968.000000 929490.000000 
1014852.000000 905466.000000 
1026042.000000 891786.000000 
987292.000000 932616.000000 
1021396.000000 895284.000000 
1002816.000000 912198.000000 
987154.000000 933516.000000 
950832.000000 992796.000000 
1051620.000000 877554.000000 
957062.000000 972264.000000 
959452.000000 967382.000000 
961336.000000 965646.000000 
1080766.000000 856584.000000 
952878.000000 977646.000000 
1062140.000000 869554.000000 
952766.000000 981960.000000 
951378.000000 991572.000000 
947954.000000 1000108.000000 
1066358.000000 865286.000000 
1076568.000000 858246.000000 
1064426.000000 868598.000000 
1070224.000000 860636.000000 
1069116.000000 864368.000000 
1060942.000000 869626.000000 
1058020.000000 869674.000000 
1050034.000000 877592.000000 
1142404.000000 837738.000000 
943260.000000 1011372.000000 
1123788.000000 839620.000000 
1152858.000000 836112.000000 
1160912.000000 834322.000000 
946220.000000 1010886.000000 

1069916.000000 867888.000000 
985158.000000 934670.000000 
1073860.000000 860802.000000 
1072504.000000 865666.000000 
979016.000000 941228.000000 
940230.000000 982836.000000 
934530.000000 988930.000000 
960114.000000 960152.000000 
946184.000000 974282.000000 
1094374.000000 858468.000000 
1064356.000000 869338.000000 
937434.000000 982984.000000 
1067182.000000 868124.000000 
1079962.000000 858990.000000 
942860.000000 974490.000000 
1058130.000000 870052.000000 
950138.000000 969546.000000 
962582.000000 958768.000000 
1044780.000000 881194.000000 
946388.000000 972482.000000 
1055956.000000 871658.000000 
963914.000000 956996.000000 
941666.000000 980606.000000 
965414.000000 955278.000000 
967720.000000 951606.000000 
975470.000000 942456.000000 
970274.000000 949252.000000 
961854.000000 959554.000000 
955492.000000 964164.000000 
950570.000000 964504.000000 
997856.000000 922730.000000 
1013348.000000 908804.000000 
991158.000000 929246.000000 
988102.000000 932460.000000 
1073788.000000 861900.000000 
964850.000000 956628.000000 
972464.000000 946470.000000 
947528.000000 972140.000000 
970964.000000 947950.000000 
965908.000000 952462.000000 
1010546.000000 909416.000000 
977804.000000 941716.000000 
994470.000000 923020.000000 
979224.000000 940720.000000 
1017986.000000 903232.000000 
1016044.000000 904172.000000 
1004268.000000 914004.000000 
988662.000000 931166.000000 
1013406.000000 905762.000000 
998466.000000 916758.000000 
988398.000000 931770.000000 
1004290.000000 911366.000000 
946154.000000 974376.000000 
973768.000000 944764.000000 
980632.000000 935590.000000 
963502.000000 957376.000000 
957438.000000 961496.000000 
971806.000000 947704.000000 
966516.000000 952364.000000 
1035098.000000 888218.000000 
1032170.000000 892546.000000 
1041332.000000 882804.000000 
1052718.000000 875230.000000 
1050772.000000 877488.000000 
1048602.000000 878322.000000 
1019336.000000 903140.000000 
1031290.000000 893074.000000 
1020028.000000 901904.000000 
1032626.000000 890964.000000 
1033756.000000 890062.000000 
1044278.000000 882104.000000 
1030768.000000 893632.000000 
1017428.000000 903358.000000 
1023664.000000 895494.000000 
1034272.000000 888360.000000 
1038678.000000 884966.000000 
1028350.000000 893696.000000 
1020114.000000 900404.000000 
1046538.000000 880456.000000 
1036292.000000 886824.000000 
989394.000000 930444.000000 
991376.000000 926672.000000 
1106250.000000 847304.000000 
1140332.000000 846904.000000 

1067882.000000 863856.000000 
1084272.000000 856480.000000 
1041168.000000 884812.000000 
988758.000000 931588.000000 
961340.000000 955078.000000 
1074136.000000 863496.000000 
967988.000000 949004.000000 
967450.000000 949720.000000 
953044.000000 962770.000000 
955718.000000 957020.000000 
1022942.000000 898844.000000 
1032804.000000 892588.000000 
992094.000000 925694.000000 
1001142.000000 919078.000000 
967334.000000 952078.000000 
974948.000000 939950.000000 
986714.000000 932202.000000 
1054370.000000 876022.000000 
968522.000000 947352.000000 
1066120.000000 866062.000000 
968164.000000 948812.000000 
1086160.000000 854520.000000 
1002262.000000 918188.000000 
988708.000000 931726.000000 
985192.000000 934630.000000 
963988.000000 952562.000000 
948384.000000 969834.000000 
962686.000000 954652.000000 
960538.000000 956170.000000 
996814.000000 925500.000000 
960090.000000 956208.000000 
940708.000000 976258.000000 
939070.000000 979736.000000 
953484.000000 960950.000000 
931120.000000 983838.000000 
950626.000000 968138.000000 
941066.000000 974884.000000 
932926.000000 980072.000000 
967784.000000 949574.000000 
950958.000000 966490.000000 
971350.000000 943798.000000 
949380.000000 968982.000000 
942798.000000 970106.000000 
1090582.000000 851502.000000 
1093528.000000 849890.000000 
1083266.000000 857656.000000 
1106206.000000 839824.000000 
1054622.000000 875614.000000 
996828.000000 925214.000000 
1000978.000000 919632.000000 
990302.000000 928082.000000 
1057408.000000 872880.000000 
997324.000000 920968.000000 
1005582.000000 915708.000000 
1053380.000000 876208.000000 
1019778.000000 902214.000000 
1029752.000000 893850.000000 
1032824.000000 892012.000000 
1022310.000000 899168.000000 
1047908.000000 879286.000000 
1051826.000000 876704.000000 
1006958.000000 914200.000000 
1003296.000000 916878.000000 
1008086.000000 912340.000000 
929222.000000 999070.000000 
983140.000000 934932.000000 
1043278.000000 881216.000000 
926560.000000 1003622.000000 
1058646.000000 870790.000000 
1031468.000000 893538.000000 
1093124.000000 851410.000000 
1093652.000000 849338.000000 
1094304.000000 848362.000000 
1005730.000000 915622.000000 
1086888.000000 852690.000000 
1095478.000000 843820.000000 
1095328.000000 847856.000000 
1074140.000000 858316.000000 
1088060.000000 851744.000000 
1103864.000000 842938.000000 
1107992.000000 839300.000000 
1056456.000000 873806.000000 
1103940.000000 842368.000000 
922200.000000 1006920.000000 
1008738.000000 911328.000000 
988934.000000 931456.000000 
1049404.000000 877858.000000 
986270.000000 933728.000000 
996580.000000 925584.000000 
1021920.000000 900912.000000 
963970.000000 954002.000000 
1005988.000000 915054.000000 
927114.000000 999960.000000 
1010624.000000 909194.000000 
1007668.000000 912706.000000 
1028358.000000 893898.000000 
1024768.000000 896508.000000 
1013952.000000 905892.000000 
1039802.000000 886800.000000 
988986.000000 930036.000000 
940646.000000 978914.000000 
980760.000000 938492.000000 
949236.000000 969218.000000 
1008446.000000 911946.000000 
1063666.000000 869440.000000 
998778.000000 920004.000000 
980878.000000 935486.000000 
963870.000000 954594.000000 
1015642.000000 903838.000000 
970996.000000 947314.000000 
1018392.000000 902484.000000 
1034786.000000 887316.000000 
1034672.000000 891468.000000 
1028076.000000 896472.000000 
989930.000000 930008.000000 
991240.000000 927812.000000 
983460.000000 934830.000000 
1022198.000000 900726.000000 
1011536.000000 908592.000000 
1115196.000000 836398.000000 
1139892.000000 823882.000000 
1110058.000000 837606.000000 

1014148.000000 904342.000000 
1035830.000000 888460.000000 
986962.000000 931190.000000 
966450.000000 952352.000000 
939548.000000 985054.000000 
973852.000000 943302.000000 
967546.000000 951694.000000 
1037146.000000 884340.000000 
939776.000000 979192.000000 
986380.000000 932352.000000 
962656.000000 953426.000000 
977260.000000 940806.000000 
978654.000000 940118.000000 
946832.000000 972450.000000 
1036026.000000 888256.000000 
971302.000000 946290.000000 
990054.000000 927338.000000 
971978.000000 944718.000000 
1010146.000000 907640.000000 
1002520.000000 912822.000000 
1015476.000000 900720.000000 
990318.000000 924764.000000 
988544.000000 929710.000000 
954584.000000 959922.000000 
969174.000000 948982.000000 
940124.000000 979168.000000 
979214.000000 939320.000000 
947026.000000 970604.000000 
947974.000000 967892.000000 
1036766.000000 887896.000000 
1056178.000000 872152.000000 
995226.000000 922734.000000 
985334.000000 932920.000000 
983314.000000 933708.000000 
1054258.000000 873156.000000 
1093942.000000 844644.000000 
977826.000000 940152.000000 
976382.000000 940808.000000 
960992.000000 955518.000000 
966228.000000 952362.000000 
958446.000000 956028.000000 
946388.000000 972482.000000 
966536.000000 951786.000000 
1141852.000000 818648.000000 
942860.000000 974490.000000 
1117786.000000 831892.000000 
952102.000000 961112.000000 
970726.000000 946598.000000 
950570.000000 964504.000000 
965908.000000 952462.000000 
946348.000000 974068.000000 
983404.000000 933506.000000 
1140450.000000 826128.000000 
1027084.000000 893660.000000 
1020782.000000 897346.000000 
994470.000000 923020.000000 
984694.000000 933446.000000 
1019224.000000 900340.000000 
975470.000000 942456.000000 
1025536.000000 893862.000000 
997856.000000 922730.000000 
998466.000000 916758.000000 
1013406.000000 905762.000000 
1004290.000000 911366.000000 
1006724.000000 910064.000000 
980632.000000 935590.000000 
998364.000000 919948.000000 
967570.000000 950394.000000 
956320.000000 959518.000000 
1011894.000000 906122.000000 
1051432.000000 875036.000000 
1042230.000000 884098.000000 
1042532.000000 880892.000000 
1029208.000000 893228.000000 
1021230.000000 896240.000000 
1054318.000000 872750.000000 
1051750.000000 874202.000000 
1061264.000000 865820.000000 
1057168.000000 867220.000000 
1064790.000000 865660.000000 
1070258.000000 860040.000000 
1047642.000000 875944.000000 
1073916.000000 857616.000000 
1067538.000000 861038.000000 
1056672.000000 868818.000000 
1074792.000000 857144.000000 
1075430.000000 852106.000000 
1065776.000000 863228.000000 
1099632.000000 840332.000000 
1126414.000000 830654.000000 
1042402.000000 883336.000000 
1105380.000000 836236.000000 
1121740.000000 831188.000000 
1095166.000000 841940.000000 
1109994.000000 833842.000000 
1106462.000000 834484.000000 
1070342.000000 859954.000000 
1100064.000000 839894.000000 
1042778.000000 880394.000000 
1070986.000000 858308.000000 
1086646.000000 847696.000000 
1085184.000000 847856.000000 
1075088.000000 855114.000000 
1046548.000000 878896.000000 
1090338.000000 846326.000000 
1066222.000000 863206.000000 
1102004.000000 839858.000000 
1139736.000000 828286.000000 
1047384.000000 877910.000000 
1034666.000000 888574.000000 
1031370.000000 889324.000000 
1130872.000000 829282.000000 

1047444.000000 882178.000000 
1055884.000000 871960.000000 
1019184.000000 903164.000000 
1010050.000000 911138.000000 
942610.000000 984700.000000 
959464.000000 965596.000000 
974030.000000 948624.000000 
949950.000000 975834.000000 
936186.000000 989182.000000 
950138.000000 975674.000000 
955480.000000 971120.000000 
987158.000000 932238.000000 
963534.000000 961074.000000 
982198.000000 939530.000000 
972708.000000 950096.000000 
984378.000000 936858.000000 
953936.000000 972058.000000 
960240.000000 964048.000000 
960284.000000 962382.000000 
951624.000000 973698.000000 
956916.000000 967078.000000 
946136.000000 976532.000000 
1048534.000000 879816.000000 
968284.000000 954686.000000 
942470.000000 984810.000000 
973440.000000 949938.000000 
960006.000000 964586.000000 
977362.000000 944516.000000 
968702.000000 952254.000000 
973700.000000 948976.000000 
953632.000000 972534.000000 
944518.000000 983030.000000 
955952.000000 967688.000000 
944996.000000 981970.000000 
966296.000000 956514.000000 
984696.000000 935412.000000 
979102.000000 941552.000000 
1000584.000000 920464.000000 
1002816.000000 912198.000000 
1020620.000000 901882.000000 
1014852.000000 905466.000000 
976722.000000 945218.000000 
983388.000000 937734.000000 
1052230.000000 874850.000000 
991954.000000 928998.000000 
979008.000000 943022.000000 
1021396.000000 895284.000000 
933822.000000 995064.000000 
1059762.000000 870872.000000 
990968.000000 929490.000000 
985220.000000 934528.000000 
989702.000000 931782.000000 
979702.000000 939742.000000 
992176.000000 928164.000000 
998068.000000 922198.000000 
992324.000000 922996.000000 
1000824.000000 916940.000000 
983232.000000 938688.000000 
999102.000000 920810.000000 
1050706.000000 877832.000000 
1086178.000000 858502.000000 
1048704.000000 879704.000000 
1041076.000000 883038.000000 
975020.000000 945822.000000 
970820.000000 950418.000000 
933694.000000 1002816.000000 
1032444.000000 890852.000000 
974408.000000 947424.000000 
1032374.000000 891402.000000 
935752.000000 993770.000000 
1037620.000000 885716.000000 
1034036.000000 889662.000000 
1032014.000000 892532.000000 
941168.000000 986658.000000 
1034282.000000 888038.000000 
1024130.000000 894510.000000 
1011420.000000 911052.000000 
1013134.000000 906226.000000 
938784.000000 988470.000000 
1079174.000000 863536.000000 
1064462.000000 867920.000000 
1079084.000000 864574.000000 
1062874.000000 868816.000000 
1080756.000000 860344.000000 
965280.000000 957396.000000 
963704.000000 960988.000000 
1096286.000000 856658.000000 
1082436.000000 860040.000000 
1073600.000000 865752.000000 
1073588.000000 866124.000000 
985656.000000 932622.000000 
940098.000000 988430.000000 
1087424.000000 856672.000000 
1141478.000000 847420.000000 
1131936.000000 848338.000000 
1140690.000000 847948.000000 

