2985.0000000000 1980.0000000000
2975.0000000000 1990.0000000000
1990.0000000000 2975.0000000000
2984.0000000000 1981.0000000000
2983.0000000000 1982.0000000000
2982.0000000000 1983.0000000000
2981.0000000000 1984.0000000000
2980.0000000000 1985.0000000000
2979.0000000000 1986.0000000000
2978.0000000000 1987.0000000000
2977.0000000000 1988.0000000000
2976.0000000000 1989.0000000000
1989.0000000000 2976.0000000000
1988.0000000000 2977.0000000000
1987.0000000000 2978.0000000000
1986.0000000000 2979.0000000000
1985.0000000000 2980.0000000000
1984.0000000000 2981.0000000000
1983.0000000000 2982.0000000000
1982.0000000000 2983.0000000000
1981.0000000000 2984.0000000000
1980.0000000000 2985.0000000000

2985.0000000000 1980.0000000000
2975.0000000000 1990.0000000000
1990.0000000000 2975.0000000000
2984.0000000000 1981.0000000000
2983.0000000000 1982.0000000000
2982.0000000000 1983.0000000000
2981.0000000000 1984.0000000000
2980.0000000000 1985.0000000000
2979.0000000000 1986.0000000000
2978.0000000000 1987.0000000000
2977.0000000000 1988.0000000000
2976.0000000000 1989.0000000000
1989.0000000000 2976.0000000000
1988.0000000000 2977.0000000000
1987.0000000000 2978.0000000000
1986.0000000000 2979.0000000000
1985.0000000000 2980.0000000000
1984.0000000000 2981.0000000000
1980.0000000000 2985.0000000000
1983.0000000000 2982.0000000000
1982.0000000000 2983.0000000000
1981.0000000000 2984.0000000000

2975.0000000000 1990.0000000000
2977.0000000000 1988.0000000000
2985.0000000000 1980.0000000000
1980.0000000000 2985.0000000000
1990.0000000000 2975.0000000000
2976.0000000000 1989.0000000000
2978.0000000000 1987.0000000000
1981.0000000000 2984.0000000000
1982.0000000000 2983.0000000000
2984.0000000000 1981.0000000000
2983.0000000000 1982.0000000000
2982.0000000000 1983.0000000000
2981.0000000000 1984.0000000000
2980.0000000000 1985.0000000000
2979.0000000000 1986.0000000000
1983.0000000000 2982.0000000000
1984.0000000000 2981.0000000000
1989.0000000000 2976.0000000000
1988.0000000000 2977.0000000000
1985.0000000000 2980.0000000000
1987.0000000000 2978.0000000000
1986.0000000000 2979.0000000000

2975.0000000000 1990.0000000000
2985.0000000000 1980.0000000000
1980.0000000000 2985.0000000000
2976.0000000000 1989.0000000000
1990.0000000000 2975.0000000000
2984.0000000000 1981.0000000000
2983.0000000000 1982.0000000000
2982.0000000000 1983.0000000000
2981.0000000000 1984.0000000000
2980.0000000000 1985.0000000000
2979.0000000000 1986.0000000000
2978.0000000000 1987.0000000000
2977.0000000000 1988.0000000000
1989.0000000000 2976.0000000000
1988.0000000000 2977.0000000000
1987.0000000000 2978.0000000000
1986.0000000000 2979.0000000000
1985.0000000000 2980.0000000000
1984.0000000000 2981.0000000000
1981.0000000000 2984.0000000000
1982.0000000000 2983.0000000000
1983.0000000000 2982.0000000000

2975.0000000000 1990.0000000000
2985.0000000000 1980.0000000000
1980.0000000000 2985.0000000000
2976.0000000000 1989.0000000000
1990.0000000000 2975.0000000000
1981.0000000000 2984.0000000000
1982.0000000000 2983.0000000000
2984.0000000000 1981.0000000000
2983.0000000000 1982.0000000000
2982.0000000000 1983.0000000000
2981.0000000000 1984.0000000000
2980.0000000000 1985.0000000000
2979.0000000000 1986.0000000000
2978.0000000000 1987.0000000000
2977.0000000000 1988.0000000000
1989.0000000000 2976.0000000000
1988.0000000000 2977.0000000000
1987.0000000000 2978.0000000000
1986.0000000000 2979.0000000000
1985.0000000000 2980.0000000000
1984.0000000000 2981.0000000000
1983.0000000000 2982.0000000000

2985.0000000000 1980.0000000000
1980.0000000000 2985.0000000000
1981.0000000000 2984.0000000000
2975.0000000000 1990.0000000000
1990.0000000000 2975.0000000000
2984.0000000000 1981.0000000000
2983.0000000000 1982.0000000000
2982.0000000000 1983.0000000000
2981.0000000000 1984.0000000000
2980.0000000000 1985.0000000000
2979.0000000000 1986.0000000000
2978.0000000000 1987.0000000000
2977.0000000000 1988.0000000000
2976.0000000000 1989.0000000000
1989.0000000000 2976.0000000000
1988.0000000000 2977.0000000000
1987.0000000000 2978.0000000000
1986.0000000000 2979.0000000000
1985.0000000000 2980.0000000000
1984.0000000000 2981.0000000000
1983.0000000000 2982.0000000000
1982.0000000000 2983.0000000000

2975.0000000000 1990.0000000000
2985.0000000000 1980.0000000000
1980.0000000000 2985.0000000000
1990.0000000000 2975.0000000000
2976.0000000000 1989.0000000000
2984.0000000000 1981.0000000000
2983.0000000000 1982.0000000000
2982.0000000000 1983.0000000000
2981.0000000000 1984.0000000000
2980.0000000000 1985.0000000000
2979.0000000000 1986.0000000000
2978.0000000000 1987.0000000000
2977.0000000000 1988.0000000000
1989.0000000000 2976.0000000000
1988.0000000000 2977.0000000000
1987.0000000000 2978.0000000000
1986.0000000000 2979.0000000000
1985.0000000000 2980.0000000000
1981.0000000000 2984.0000000000
1982.0000000000 2983.0000000000
1984.0000000000 2981.0000000000
1983.0000000000 2982.0000000000

2985.0000000000 1980.0000000000
2975.0000000000 1990.0000000000
1990.0000000000 2975.0000000000
2984.0000000000 1981.0000000000
2983.0000000000 1982.0000000000
2982.0000000000 1983.0000000000
2981.0000000000 1984.0000000000
2980.0000000000 1985.0000000000
2979.0000000000 1986.0000000000
2978.0000000000 1987.0000000000
2977.0000000000 1988.0000000000
2976.0000000000 1989.0000000000
1980.0000000000 2985.0000000000
1981.0000000000 2984.0000000000
1989.0000000000 2976.0000000000
1988.0000000000 2977.0000000000
1987.0000000000 2978.0000000000
1986.0000000000 2979.0000000000
1985.0000000000 2980.0000000000
1982.0000000000 2983.0000000000
1984.0000000000 2981.0000000000
1983.0000000000 2982.0000000000

2985.0000000000 1980.0000000000
1980.0000000000 2985.0000000000
1981.0000000000 2984.0000000000
2975.0000000000 1990.0000000000
1990.0000000000 2975.0000000000
2984.0000000000 1981.0000000000
2983.0000000000 1982.0000000000
2982.0000000000 1983.0000000000
2981.0000000000 1984.0000000000
2980.0000000000 1985.0000000000
2979.0000000000 1986.0000000000
2978.0000000000 1987.0000000000
2977.0000000000 1988.0000000000
2976.0000000000 1989.0000000000
1989.0000000000 2976.0000000000
1988.0000000000 2977.0000000000
1987.0000000000 2978.0000000000
1986.0000000000 2979.0000000000
1985.0000000000 2980.0000000000
1984.0000000000 2981.0000000000
1983.0000000000 2982.0000000000
1982.0000000000 2983.0000000000

2985.0000000000 1980.0000000000
1980.0000000000 2985.0000000000
1981.0000000000 2984.0000000000
2975.0000000000 1990.0000000000
1990.0000000000 2975.0000000000
2984.0000000000 1981.0000000000
2983.0000000000 1982.0000000000
2982.0000000000 1983.0000000000
2981.0000000000 1984.0000000000
2980.0000000000 1985.0000000000
2979.0000000000 1986.0000000000
2978.0000000000 1987.0000000000
2977.0000000000 1988.0000000000
2976.0000000000 1989.0000000000
1989.0000000000 2976.0000000000
1988.0000000000 2977.0000000000
1987.0000000000 2978.0000000000
1986.0000000000 2979.0000000000
1985.0000000000 2980.0000000000
1984.0000000000 2981.0000000000
1983.0000000000 2982.0000000000
1982.0000000000 2983.0000000000

2985.0000000000 1980.0000000000
2975.0000000000 1990.0000000000
1990.0000000000 2975.0000000000
2984.0000000000 1981.0000000000
2983.0000000000 1982.0000000000
2982.0000000000 1983.0000000000
2981.0000000000 1984.0000000000
2980.0000000000 1985.0000000000
2979.0000000000 1986.0000000000
2978.0000000000 1987.0000000000
2977.0000000000 1988.0000000000
2976.0000000000 1989.0000000000
1989.0000000000 2976.0000000000
1988.0000000000 2977.0000000000
1987.0000000000 2978.0000000000
1986.0000000000 2979.0000000000
1985.0000000000 2980.0000000000
1984.0000000000 2981.0000000000
1983.0000000000 2982.0000000000
1980.0000000000 2985.0000000000
1982.0000000000 2983.0000000000
1981.0000000000 2984.0000000000

2985.0000000000 1980.0000000000
2975.0000000000 1990.0000000000
1990.0000000000 2975.0000000000
2984.0000000000 1981.0000000000
2983.0000000000 1982.0000000000
2982.0000000000 1983.0000000000
2981.0000000000 1984.0000000000
2980.0000000000 1985.0000000000
2979.0000000000 1986.0000000000
2978.0000000000 1987.0000000000
2977.0000000000 1988.0000000000
2976.0000000000 1989.0000000000
1989.0000000000 2976.0000000000
1988.0000000000 2977.0000000000
1987.0000000000 2978.0000000000
1986.0000000000 2979.0000000000
1985.0000000000 2980.0000000000
1984.0000000000 2981.0000000000
1983.0000000000 2982.0000000000
1982.0000000000 2983.0000000000
1981.0000000000 2984.0000000000
1980.0000000000 2985.0000000000

2985.0000000000 1980.0000000000
1980.0000000000 2985.0000000000
1981.0000000000 2984.0000000000
2975.0000000000 1990.0000000000
1990.0000000000 2975.0000000000
2984.0000000000 1981.0000000000
2983.0000000000 1982.0000000000
2982.0000000000 1983.0000000000
2981.0000000000 1984.0000000000
2980.0000000000 1985.0000000000
2979.0000000000 1986.0000000000
2978.0000000000 1987.0000000000
2977.0000000000 1988.0000000000
2976.0000000000 1989.0000000000
1989.0000000000 2976.0000000000
1988.0000000000 2977.0000000000
1987.0000000000 2978.0000000000
1986.0000000000 2979.0000000000
1985.0000000000 2980.0000000000
1984.0000000000 2981.0000000000
1983.0000000000 2982.0000000000
1982.0000000000 2983.0000000000

2985.0000000000 1980.0000000000
1980.0000000000 2985.0000000000
1981.0000000000 2984.0000000000
2975.0000000000 1990.0000000000
1990.0000000000 2975.0000000000
2984.0000000000 1981.0000000000
2983.0000000000 1982.0000000000
2982.0000000000 1983.0000000000
2981.0000000000 1984.0000000000
2980.0000000000 1985.0000000000
2979.0000000000 1986.0000000000
2978.0000000000 1987.0000000000
2977.0000000000 1988.0000000000
2976.0000000000 1989.0000000000
1989.0000000000 2976.0000000000
1988.0000000000 2977.0000000000
1987.0000000000 2978.0000000000
1986.0000000000 2979.0000000000
1985.0000000000 2980.0000000000
1984.0000000000 2981.0000000000
1983.0000000000 2982.0000000000
1982.0000000000 2983.0000000000

1980.0000000000 2989.0000000000
2975.0000000000 1991.0000000000
2985.0000000000 1980.0000000000
1981.0000000000 2986.0000000000
1990.0000000000 2975.0000000000
1982.0000000000 2983.0000000000
2976.0000000000 1989.0000000000
1983.0000000000 2982.0000000000
2977.0000000000 1988.0000000000
2978.0000000000 1987.0000000000
1984.0000000000 2981.0000000000
1985.0000000000 2980.0000000000
2984.0000000000 1981.0000000000
2983.0000000000 1982.0000000000
2979.0000000000 1986.0000000000
2982.0000000000 1983.0000000000
2981.0000000000 1984.0000000000
2980.0000000000 1985.0000000000
1989.0000000000 2976.0000000000
1988.0000000000 2977.0000000000
1987.0000000000 2978.0000000000
1986.0000000000 2979.0000000000

2985.0000000000 1980.0000000000
2975.0000000000 1990.0000000000
1990.0000000000 2975.0000000000
2984.0000000000 1981.0000000000
2983.0000000000 1982.0000000000
2982.0000000000 1983.0000000000
2981.0000000000 1984.0000000000
2980.0000000000 1985.0000000000
2979.0000000000 1986.0000000000
2978.0000000000 1987.0000000000
2977.0000000000 1988.0000000000
2976.0000000000 1989.0000000000
1980.0000000000 2985.0000000000
1989.0000000000 2976.0000000000
1988.0000000000 2977.0000000000
1987.0000000000 2978.0000000000
1986.0000000000 2979.0000000000
1985.0000000000 2980.0000000000
1981.0000000000 2984.0000000000
1982.0000000000 2983.0000000000
1984.0000000000 2981.0000000000
1983.0000000000 2982.0000000000

2985.0000000000 1980.0000000000
1980.0000000000 2985.0000000000
1981.0000000000 2984.0000000000
2975.0000000000 1990.0000000000
1990.0000000000 2975.0000000000
2984.0000000000 1981.0000000000
2983.0000000000 1982.0000000000
2982.0000000000 1983.0000000000
2981.0000000000 1984.0000000000
2980.0000000000 1985.0000000000
2979.0000000000 1986.0000000000
2978.0000000000 1987.0000000000
2977.0000000000 1988.0000000000
2976.0000000000 1989.0000000000
1989.0000000000 2976.0000000000
1988.0000000000 2977.0000000000
1987.0000000000 2978.0000000000
1986.0000000000 2979.0000000000
1985.0000000000 2980.0000000000
1984.0000000000 2981.0000000000
1983.0000000000 2982.0000000000
1982.0000000000 2983.0000000000

2985.0000000000 1980.0000000000
2975.0000000000 1990.0000000000
1990.0000000000 2975.0000000000
2984.0000000000 1981.0000000000
2983.0000000000 1982.0000000000
2982.0000000000 1983.0000000000
2981.0000000000 1984.0000000000
2980.0000000000 1985.0000000000
2979.0000000000 1986.0000000000
2978.0000000000 1987.0000000000
2977.0000000000 1988.0000000000
2976.0000000000 1989.0000000000
1989.0000000000 2976.0000000000
1988.0000000000 2977.0000000000
1987.0000000000 2978.0000000000
1986.0000000000 2979.0000000000
1985.0000000000 2980.0000000000
1984.0000000000 2981.0000000000
1983.0000000000 2982.0000000000
1980.0000000000 2985.0000000000
1982.0000000000 2983.0000000000
1981.0000000000 2984.0000000000

2975.0000000000 1990.0000000000
2985.0000000000 1980.0000000000
1980.0000000000 2985.0000000000
1981.0000000000 2984.0000000000
1990.0000000000 2975.0000000000
2984.0000000000 1981.0000000000
2983.0000000000 1982.0000000000
2982.0000000000 1983.0000000000
2981.0000000000 1984.0000000000
2980.0000000000 1985.0000000000
2979.0000000000 1986.0000000000
2978.0000000000 1987.0000000000
2977.0000000000 1988.0000000000
2976.0000000000 1989.0000000000
1989.0000000000 2976.0000000000
1988.0000000000 2977.0000000000
1987.0000000000 2978.0000000000
1986.0000000000 2979.0000000000
1985.0000000000 2980.0000000000
1984.0000000000 2981.0000000000
1983.0000000000 2982.0000000000
1982.0000000000 2983.0000000000

2975.0000000000 1990.0000000000
2985.0000000000 1980.0000000000
1990.0000000000 2975.0000000000
2976.0000000000 1989.0000000000
2984.0000000000 1981.0000000000
2983.0000000000 1982.0000000000
2982.0000000000 1983.0000000000
2981.0000000000 1984.0000000000
2980.0000000000 1985.0000000000
2979.0000000000 1986.0000000000
2978.0000000000 1987.0000000000
2977.0000000000 1988.0000000000
1989.0000000000 2976.0000000000
1988.0000000000 2977.0000000000
1987.0000000000 2978.0000000000
1986.0000000000 2979.0000000000
1985.0000000000 2980.0000000000
1984.0000000000 2981.0000000000
1983.0000000000 2982.0000000000
1982.0000000000 2983.0000000000
1980.0000000000 2985.0000000000
1981.0000000000 2984.0000000000

2985.0000000000 1980.0000000000
2975.0000000000 1990.0000000000
1990.0000000000 2975.0000000000
2984.0000000000 1981.0000000000
2983.0000000000 1982.0000000000
2982.0000000000 1983.0000000000
2981.0000000000 1984.0000000000
2980.0000000000 1985.0000000000
2979.0000000000 1986.0000000000
2978.0000000000 1987.0000000000
2977.0000000000 1988.0000000000
2976.0000000000 1989.0000000000
1989.0000000000 2976.0000000000
1988.0000000000 2977.0000000000
1987.0000000000 2978.0000000000
1986.0000000000 2979.0000000000
1985.0000000000 2980.0000000000
1984.0000000000 2981.0000000000
1983.0000000000 2982.0000000000
1980.0000000000 2985.0000000000
1982.0000000000 2983.0000000000
1981.0000000000 2984.0000000000

2985.0000000000 1980.0000000000
2975.0000000000 1990.0000000000
1990.0000000000 2975.0000000000
2984.0000000000 1981.0000000000
2983.0000000000 1982.0000000000
2982.0000000000 1983.0000000000
2981.0000000000 1984.0000000000
2980.0000000000 1985.0000000000
2979.0000000000 1986.0000000000
2978.0000000000 1987.0000000000
2977.0000000000 1988.0000000000
2976.0000000000 1989.0000000000
1989.0000000000 2976.0000000000
1988.0000000000 2977.0000000000
1987.0000000000 2978.0000000000
1986.0000000000 2979.0000000000
1985.0000000000 2980.0000000000
1984.0000000000 2981.0000000000
1983.0000000000 2982.0000000000
1982.0000000000 2983.0000000000
1981.0000000000 2984.0000000000
1980.0000000000 2985.0000000000

1980.0000000000 2990.0000000000
2976.0000000000 1989.0000000000
1981.0000000000 2985.0000000000
2985.0000000000 1980.0000000000
1982.0000000000 2983.0000000000
2975.0000000000 1992.0000000000
1990.0000000000 2975.0000000000
2977.0000000000 1988.0000000000
1983.0000000000 2982.0000000000
1984.0000000000 2981.0000000000
2978.0000000000 1987.0000000000
2984.0000000000 1981.0000000000
2983.0000000000 1982.0000000000
2982.0000000000 1983.0000000000
2981.0000000000 1984.0000000000
2980.0000000000 1985.0000000000
2979.0000000000 1986.0000000000
1989.0000000000 2976.0000000000
1988.0000000000 2977.0000000000
1987.0000000000 2978.0000000000
1986.0000000000 2979.0000000000
1985.0000000000 2980.0000000000

2985.0000000000 1980.0000000000
2975.0000000000 1990.0000000000
1990.0000000000 2975.0000000000
2984.0000000000 1981.0000000000
2983.0000000000 1982.0000000000
2982.0000000000 1983.0000000000
2981.0000000000 1984.0000000000
2980.0000000000 1985.0000000000
2979.0000000000 1986.0000000000
2978.0000000000 1987.0000000000
2977.0000000000 1988.0000000000
2976.0000000000 1989.0000000000
1989.0000000000 2976.0000000000
1988.0000000000 2977.0000000000
1987.0000000000 2978.0000000000
1980.0000000000 2985.0000000000
1986.0000000000 2979.0000000000
1985.0000000000 2980.0000000000
1984.0000000000 2981.0000000000
1983.0000000000 2982.0000000000
1982.0000000000 2983.0000000000
1981.0000000000 2984.0000000000

2985.0000000000 1980.0000000000
2975.0000000000 1990.0000000000
1980.0000000000 2985.0000000000
1990.0000000000 2975.0000000000
2984.0000000000 1981.0000000000
2983.0000000000 1982.0000000000
2982.0000000000 1983.0000000000
2981.0000000000 1984.0000000000
2980.0000000000 1985.0000000000
2979.0000000000 1986.0000000000
2978.0000000000 1987.0000000000
2977.0000000000 1988.0000000000
2976.0000000000 1989.0000000000
1981.0000000000 2984.0000000000
1982.0000000000 2983.0000000000
1989.0000000000 2976.0000000000
1988.0000000000 2977.0000000000
1987.0000000000 2978.0000000000
1986.0000000000 2979.0000000000
1985.0000000000 2980.0000000000
1984.0000000000 2981.0000000000
1983.0000000000 2982.0000000000

2985.0000000000 1980.0000000000
2975.0000000000 1990.0000000000
1990.0000000000 2975.0000000000
2984.0000000000 1981.0000000000
2983.0000000000 1982.0000000000
2982.0000000000 1983.0000000000
2981.0000000000 1984.0000000000
2980.0000000000 1985.0000000000
2979.0000000000 1986.0000000000
2978.0000000000 1987.0000000000
2977.0000000000 1988.0000000000
2976.0000000000 1989.0000000000
1989.0000000000 2976.0000000000
1988.0000000000 2977.0000000000
1987.0000000000 2978.0000000000
1986.0000000000 2979.0000000000
1985.0000000000 2980.0000000000
1984.0000000000 2981.0000000000
1983.0000000000 2982.0000000000
1982.0000000000 2983.0000000000
1981.0000000000 2984.0000000000
1980.0000000000 2985.0000000000

2975.0000000000 1990.0000000000
2985.0000000000 1980.0000000000
1980.0000000000 2985.0000000000
1981.0000000000 2984.0000000000
1990.0000000000 2975.0000000000
2976.0000000000 1989.0000000000
2977.0000000000 1988.0000000000
1982.0000000000 2983.0000000000
1983.0000000000 2982.0000000000
2984.0000000000 1981.0000000000
2983.0000000000 1982.0000000000
2982.0000000000 1983.0000000000
2981.0000000000 1984.0000000000
2980.0000000000 1985.0000000000
2979.0000000000 1986.0000000000
2978.0000000000 1987.0000000000
1989.0000000000 2976.0000000000
1988.0000000000 2977.0000000000
1987.0000000000 2978.0000000000
1986.0000000000 2979.0000000000
1985.0000000000 2980.0000000000
1984.0000000000 2981.0000000000

2985.0000000000 1980.0000000000
1980.0000000000 2985.0000000000
1981.0000000000 2984.0000000000
2975.0000000000 1990.0000000000
1990.0000000000 2975.0000000000
2984.0000000000 1981.0000000000
2983.0000000000 1982.0000000000
2982.0000000000 1983.0000000000
2981.0000000000 1984.0000000000
2980.0000000000 1985.0000000000
2979.0000000000 1986.0000000000
2978.0000000000 1987.0000000000
2977.0000000000 1988.0000000000
2976.0000000000 1989.0000000000
1989.0000000000 2976.0000000000
1988.0000000000 2977.0000000000
1987.0000000000 2978.0000000000
1986.0000000000 2979.0000000000
1985.0000000000 2980.0000000000
1984.0000000000 2981.0000000000
1983.0000000000 2982.0000000000
1982.0000000000 2983.0000000000

2985.0000000000 1980.0000000000
2975.0000000000 1990.0000000000
1990.0000000000 2975.0000000000
2984.0000000000 1981.0000000000
2983.0000000000 1982.0000000000
2982.0000000000 1983.0000000000
2981.0000000000 1984.0000000000
2980.0000000000 1985.0000000000
2979.0000000000 1986.0000000000
2978.0000000000 1987.0000000000
2977.0000000000 1988.0000000000
2976.0000000000 1989.0000000000
1989.0000000000 2976.0000000000
1988.0000000000 2977.0000000000
1987.0000000000 2978.0000000000
1986.0000000000 2979.0000000000
1985.0000000000 2980.0000000000
1984.0000000000 2981.0000000000
1983.0000000000 2982.0000000000
1982.0000000000 2983.0000000000
1981.0000000000 2984.0000000000
1980.0000000000 2985.0000000000

2985.0000000000 1980.0000000000
1980.0000000000 2985.0000000000
1981.0000000000 2984.0000000000
2975.0000000000 1990.0000000000
2984.0000000000 1981.0000000000
2983.0000000000 1982.0000000000
2982.0000000000 1983.0000000000
2981.0000000000 1984.0000000000
2980.0000000000 1985.0000000000
2979.0000000000 1986.0000000000
2978.0000000000 1987.0000000000
2977.0000000000 1988.0000000000
2976.0000000000 1989.0000000000
1990.0000000000 2975.0000000000
1989.0000000000 2976.0000000000
1988.0000000000 2977.0000000000
1987.0000000000 2978.0000000000
1986.0000000000 2979.0000000000
1985.0000000000 2980.0000000000
1984.0000000000 2981.0000000000
1983.0000000000 2982.0000000000
1982.0000000000 2983.0000000000

