17123460.000000 3483216.000000 
15925228.000000 3899234.000000 
15796814.000000 3960542.000000 
15248040.000000 4393298.000000 
17172200.000000 3439656.000000 
17358190.000000 3409286.000000 
16915574.000000 3707598.000000 
15964998.000000 3856054.000000 
17812996.000000 3389586.000000 
15213800.000000 4403724.000000 
15167038.000000 4418020.000000 
16380406.000000 3781078.000000 
18334096.000000 3282474.000000 
16349330.000000 3790242.000000 
15313206.000000 4213482.000000 
16530580.000000 3752664.000000 
16794968.000000 3735918.000000 
16959942.000000 3516992.000000 
15254684.000000 4236250.000000 
16314420.000000 3811568.000000 

15339026.000000 5548960.000000 
17970646.000000 4472618.000000 
15261036.000000 5960660.000000 
20561722.000000 4180880.000000 
19557770.000000 4196998.000000 
19357968.000000 4244888.000000 
18468592.000000 4321846.000000 
15784462.000000 5012520.000000 
15539772.000000 5426924.000000 
16238304.000000 4967564.000000 
17819218.000000 4477428.000000 
18076936.000000 4338390.000000 
17406832.000000 4664700.000000 
16755160.000000 4767506.000000 
17142754.000000 4733800.000000 
16434332.000000 4840484.000000 

16422236.000000 4090126.000000 
17268302.000000 3616630.000000 
18282292.000000 3558034.000000 
14341316.000000 5194328.000000 
14851998.000000 4726530.000000 
15410688.000000 4657986.000000 
15934990.000000 4363006.000000 
16184264.000000 4348664.000000 
16511380.000000 3769512.000000 
16608714.000000 3623150.000000 
16599068.000000 3668882.000000 
19847048.000000 3479676.000000 
17373104.000000 3593106.000000 
19516662.000000 3523438.000000 

15749342.000000 3942284.000000 
15739902.000000 3947086.000000 
15832476.000000 3769936.000000 
15964872.000000 3707994.000000 
16676320.000000 3666076.000000 
16835402.000000 3502232.000000 
15809572.000000 3771446.000000 
15924718.000000 3714596.000000 
16534292.000000 3672486.000000 
16693374.000000 3508666.000000 
18083206.000000 3443712.000000 
14525080.000000 4248506.000000 
21723216.000000 3324680.000000 
21635820.000000 3357184.000000 
18744186.000000 3414492.000000 

17648448.000000 3278762.000000 
17056670.000000 3430330.000000 
17075606.000000 3416342.000000 
15758928.000000 4102026.000000 
15708684.000000 4876152.000000 
15250268.000000 5723962.000000 
15690888.000000 4953994.000000 
15815540.000000 4047258.000000 
16176716.000000 3994038.000000 
16386610.000000 3703544.000000 
16247648.000000 3823010.000000 
16149626.000000 4004022.000000 
14885756.000000 6272906.000000 
15468834.000000 5004274.000000 
15521820.000000 4984600.000000 

19823210.000000 3573876.000000 
13930100.000000 5492896.000000 
14403520.000000 4975504.000000 
14308120.000000 5424166.000000 
16229022.000000 3871558.000000 
15090714.000000 4156098.000000 
14914052.000000 4364508.000000 
14696152.000000 4502836.000000 
17788226.000000 3614660.000000 
17461816.000000 3651500.000000 
16659958.000000 3787226.000000 

14794764.000000 5151844.000000 
15025470.000000 4999030.000000 
15267716.000000 4574232.000000 
15126302.000000 4648810.000000 
15922782.000000 4300846.000000 
15779684.000000 4375516.000000 
15662574.000000 4430444.000000 
16198158.000000 4256298.000000 
17143104.000000 3710034.000000 
17526752.000000 3651576.000000 
17033118.000000 3960174.000000 
17768550.000000 3601202.000000 
14091606.000000 5512992.000000 
13866548.000000 5579440.000000 
14944332.000000 5055770.000000 
17194976.000000 3705464.000000 
17083448.000000 3805152.000000 

14419066.000000 5091770.000000 
14382314.000000 5131806.000000 
15801268.000000 4733430.000000 
15742416.000000 4744368.000000 
16069008.000000 4430602.000000 
14491288.000000 5028370.000000 
16860592.000000 3975218.000000 
16867800.000000 3957770.000000 
15911400.000000 4637884.000000 
15533756.000000 4748302.000000 
15474904.000000 4759240.000000 
16202160.000000 4327606.000000 
17076148.000000 3702322.000000 
17252808.000000 3545096.000000 
14013552.000000 5363990.000000 
14428984.000000 5083066.000000 
14535882.000000 4763910.000000 
16663364.000000 4001294.000000 
16497174.000000 4073358.000000 
15881074.000000 4665118.000000 
15853628.000000 4676878.000000 
16412310.000000 4257218.000000 
17069382.000000 3753740.000000 
17246042.000000 3596514.000000 
14493144.000000 4983172.000000 
14191056.000000 5239410.000000 

19647592.000000 3604620.000000 
18482292.000000 3624630.000000 
16922902.000000 3645806.000000 
16826092.000000 3666524.000000 
15631520.000000 4348602.000000 
16198168.000000 4084580.000000 
16161598.000000 4116186.000000 
16272524.000000 3918728.000000 

18491156.000000 3842230.000000 
15457970.000000 4482532.000000 
15492564.000000 4328100.000000 
15725072.000000 3895754.000000 
18580092.000000 3813518.000000 
18233366.000000 3858846.000000 
18345340.000000 3858644.000000 
16845840.000000 3882440.000000 
18837792.000000 3797862.000000 

15361860.000000 5217882.000000 
16902810.000000 3348016.000000 
17792680.000000 3127168.000000 
16559216.000000 4345844.000000 
16580262.000000 4343382.000000 
15023382.000000 5588116.000000 
14691088.000000 5899272.000000 
15763380.000000 4478222.000000 
15787182.000000 4477128.000000 
15679610.000000 5201750.000000 
17847080.000000 3122712.000000 
16392530.000000 4375888.000000 
16276272.000000 4441832.000000 
15949838.000000 4450038.000000 
15970860.000000 4447638.000000 
16412996.000000 4367068.000000 
17631340.000000 3170258.000000 
17675812.000000 3154554.000000 
16613070.000000 3776580.000000 
16768772.000000 3553190.000000 
17257498.000000 3331440.000000 
17276846.000000 3330026.000000 
16368704.000000 4377044.000000 

17141336.000000 3603836.000000 
15017414.000000 4326658.000000 
14759562.000000 4589452.000000 
14280316.000000 4691770.000000 
17402144.000000 3600504.000000 
18541796.000000 3519366.000000 
15006194.000000 4459840.000000 
14964542.000000 4559194.000000 
15338170.000000 4103458.000000 
18720488.000000 3516390.000000 
18760512.000000 3497426.000000 
17703048.000000 3560398.000000 
15357400.000000 4097700.000000 
17678452.000000 3562178.000000 
18735916.000000 3499278.000000 
16167852.000000 3860948.000000 
16128412.000000 3873544.000000 
16621842.000000 3673786.000000 
18362736.000000 3537688.000000 
17666864.000000 3577862.000000 
15457790.000000 4057222.000000 
15461384.000000 4006812.000000 
16216202.000000 3709404.000000 
16966214.000000 3641112.000000 
16221790.000000 3692856.000000 
16971802.000000 3624564.000000 
16436618.000000 3692012.000000 
17099840.000000 3623720.000000 
16760576.000000 3648880.000000 
17501428.000000 3580568.000000 
17642332.000000 3580522.000000 
18695956.000000 3519122.000000 
16004610.000000 3882192.000000 
15641790.000000 3938014.000000 
15645200.000000 3921448.000000 
16199682.000000 3855658.000000 
15955396.000000 3891772.000000 

14714840.000000 6362468.000000 
17092564.000000 3790736.000000 
18091688.000000 3620928.000000 
17543428.000000 3704598.000000 
18275898.000000 3593750.000000 
19512228.000000 3514398.000000 
22041596.000000 3437714.000000 
17059266.000000 3809746.000000 
16451530.000000 3894170.000000 
20242882.000000 3458544.000000 
17442748.000000 3711698.000000 
15033874.000000 4640738.000000 
14918162.000000 4657424.000000 
15222760.000000 4619008.000000 
16232006.000000 3936612.000000 
15405246.000000 3989594.000000 
15280858.000000 4003008.000000 
16486326.000000 3878948.000000 
22690672.000000 3413956.000000 
21967664.000000 3438952.000000 

15572218.000000 5315160.000000 
16035388.000000 4369092.000000 
16387464.000000 4148486.000000 
15870902.000000 4585870.000000 
15673020.000000 4640424.000000 
18743674.000000 3337422.000000 
19348472.000000 3286994.000000 
16222962.000000 4264694.000000 
17762914.000000 3338434.000000 
17257348.000000 3408530.000000 
17755902.000000 3407982.000000 
16830632.000000 3415086.000000 
16686478.000000 3480880.000000 
16534056.000000 4130394.000000 
16683446.000000 4098908.000000 
16663688.000000 4123534.000000 
19022538.000000 3328972.000000 
15254262.000000 6636650.000000 
15451692.000000 6537868.000000 
15349468.000000 6632752.000000 

14368840.000000 5590890.000000 
14422462.000000 5411576.000000 
14852822.000000 5169656.000000 
15307726.000000 5148816.000000 
14663356.000000 5374526.000000 
14736212.000000 5350818.000000 
17667488.000000 3684534.000000 
17634732.000000 3697022.000000 
16240174.000000 4100780.000000 
16125938.000000 5029810.000000 
16084060.000000 5042362.000000 
15539532.000000 5100486.000000 
14345774.000000 5844656.000000 
14326730.000000 5863998.000000 
16204022.000000 4168784.000000 
16177464.000000 4691548.000000 
16780100.000000 4035142.000000 
19088898.000000 3602900.000000 
17084810.000000 3817460.000000 
16892990.000000 4008634.000000 
16389484.000000 4073398.000000 
16518300.000000 4067198.000000 
17473862.000000 3808156.000000 
17612942.000000 3764540.000000 
16246858.000000 4093920.000000 
16414560.000000 4070498.000000 
16562036.000000 4064226.000000 
16920774.000000 3945750.000000 

15749420.000000 4975328.000000 
19073892.000000 3839470.000000 
18113492.000000 3878474.000000 
17951152.000000 3955330.000000 
17534336.000000 4120668.000000 
15762822.000000 4813446.000000 
16327882.000000 4558684.000000 
16171392.000000 4635618.000000 
16136642.000000 4741664.000000 
16966966.000000 4349498.000000 
23959136.000000 3626294.000000 
22094074.000000 3667250.000000 
22032676.000000 3735244.000000 

15199362.000000 4577760.000000 
15233526.000000 4356382.000000 
14895922.000000 4718532.000000 
14416342.000000 5139578.000000 
15393410.000000 4166616.000000 
16704130.000000 3944028.000000 
16306600.000000 4001538.000000 
17078656.000000 3516430.000000 
17678782.000000 3248038.000000 
16362110.000000 3994238.000000 
16207218.000000 4065796.000000 
16975214.000000 3577272.000000 
17574174.000000 3309540.000000 

15099804.000000 4971298.000000 
14996300.000000 5125452.000000 
15001360.000000 5044714.000000 
14965846.000000 5230522.000000 
14534678.000000 5978196.000000 
14578418.000000 5344532.000000 
15201010.000000 4621368.000000 
15825794.000000 3576654.000000 
15603102.000000 3738830.000000 
15903164.000000 3559474.000000 
16222294.000000 3405266.000000 
15578956.000000 3953952.000000 
15335336.000000 4136434.000000 
15725444.000000 3706354.000000 

15448870.000000 4158330.000000 
15438728.000000 4216748.000000 
15477354.000000 4032564.000000 
15720504.000000 4012128.000000 
15141176.000000 4330416.000000 
14909490.000000 4331668.000000 
14733704.000000 4689430.000000 
18061668.000000 3429768.000000 
15987810.000000 3996004.000000 
18550710.000000 3420626.000000 
16109732.000000 3577686.000000 
16190838.000000 3495944.000000 
16096994.000000 3860166.000000 
16424296.000000 3483440.000000 

15588502.000000 3840904.000000 
14768942.000000 4947524.000000 
14949310.000000 4248172.000000 
15851618.000000 3795696.000000 
14706108.000000 4970080.000000 
15230148.000000 3844056.000000 
14953660.000000 4227602.000000 
14151860.000000 5336552.000000 
14360966.000000 5060924.000000 
16074000.000000 3651682.000000 
14354956.000000 5082286.000000 
14363716.000000 5055828.000000 
14370290.000000 5034538.000000 
14414888.000000 5024044.000000 
14851426.000000 4898502.000000 
14895592.000000 4888100.000000 
15157752.000000 4148398.000000 
15154052.000000 4168934.000000 
14846284.000000 4927846.000000 

14920640.000000 4696368.000000 
14424626.000000 5062518.000000 
14830352.000000 4873356.000000 
14375842.000000 5130202.000000 
16821532.000000 3759406.000000 
15173504.000000 4505422.000000 
17972238.000000 3705764.000000 
16334602.000000 4010872.000000 
16719168.000000 3894216.000000 
15785160.000000 4467220.000000 
18132770.000000 3669374.000000 
17720388.000000 3718698.000000 
15926828.000000 4237232.000000 
18353180.000000 3555616.000000 
14687078.000000 5008692.000000 
19505346.000000 3426210.000000 
14324028.000000 5364378.000000 
18250728.000000 3575034.000000 
16098354.000000 4126098.000000 
14142666.000000 5513796.000000 
15429736.000000 4471628.000000 

14826098.000000 5234130.000000 
19454460.000000 3816598.000000 
14553092.000000 5291116.000000 
16351654.000000 4299114.000000 
16206286.000000 4628632.000000 
15030448.000000 4800786.000000 
17750836.000000 4145048.000000 
18365644.000000 4050482.000000 
15695932.000000 4740842.000000 
15725724.000000 4658056.000000 
14715380.000000 5285252.000000 
17423306.000000 4253298.000000 
14992212.000000 4956300.000000 

14964918.000000 4938212.000000 
15026700.000000 4650064.000000 
15324110.000000 4198570.000000 
15248672.000000 4417088.000000 
15692880.000000 3664102.000000 
16195456.000000 3612950.000000 
17177106.000000 3408110.000000 
16912640.000000 3542890.000000 
14725088.000000 4970104.000000 
14683838.000000 5563920.000000 
14511356.000000 6218496.000000 
14986816.000000 4873974.000000 

14831540.000000 4583050.000000 
14582174.000000 4642220.000000 
16121754.000000 3915476.000000 
17293806.000000 3467992.000000 
17174348.000000 3814384.000000 
14573440.000000 4665888.000000 
15289364.000000 4455156.000000 
15461908.000000 3986882.000000 
14251400.000000 4822548.000000 
16894864.000000 3818238.000000 

15052458.000000 5327000.000000 
15796634.000000 3991672.000000 
16290392.000000 3633784.000000 
16324802.000000 3287554.000000 
16512202.000000 3232388.000000 
16569102.000000 3203696.000000 
16933698.000000 3144180.000000 
17991692.000000 3043960.000000 
15651030.000000 4529230.000000 
16011600.000000 3764552.000000 
16133892.000000 3720336.000000 
15945926.000000 3941316.000000 

17313172.000000 3720656.000000 
14392632.000000 5617068.000000 
14522364.000000 5583048.000000 
13878162.000000 6110268.000000 
16844278.000000 4070436.000000 
16852728.000000 3974468.000000 
16229916.000000 4137914.000000 
14608434.000000 5415316.000000 
17216580.000000 3743014.000000 
17141636.000000 3821990.000000 
15958558.000000 4547818.000000 
15738572.000000 4575092.000000 
15271906.000000 4632840.000000 
15937778.000000 4554054.000000 
16074682.000000 4363868.000000 
14858718.000000 4839218.000000 
20456322.000000 3430774.000000 
17208518.000000 3754922.000000 
19093022.000000 3476296.000000 

17211380.000000 3851744.000000 
17263146.000000 3745382.000000 
14629140.000000 4819260.000000 
13970638.000000 5346384.000000 
15369876.000000 4819182.000000 
17218194.000000 3834196.000000 
15650112.000000 4776278.000000 
16918210.000000 4047882.000000 
16350088.000000 4189384.000000 
15518150.000000 4815302.000000 
14402516.000000 5042190.000000 
15828442.000000 4517006.000000 
16097404.000000 4343420.000000 
15808436.000000 4755928.000000 
15894744.000000 4433738.000000 
15875536.000000 4467556.000000 
18303308.000000 3709608.000000 
18293340.000000 3744666.000000 

15440782.000000 3897282.000000 
15236492.000000 4104870.000000 
15241386.000000 3914584.000000 
14999812.000000 4118074.000000 
14884234.000000 4153100.000000 
15825000.000000 3866640.000000 
15849330.000000 3606992.000000 
14731306.000000 4453802.000000 
14856676.000000 4231150.000000 
16251842.000000 3469692.000000 
15885998.000000 3487314.000000 
16997460.000000 3358342.000000 
17726100.000000 3160274.000000 
17958882.000000 3145918.000000 
14720138.000000 4515778.000000 
16038620.000000 3483466.000000 
17330182.000000 3339508.000000 

15529600.000000 4873360.000000 
17197972.000000 3652022.000000 
16278342.000000 3768268.000000 
16004464.000000 3800710.000000 
16236270.000000 3797602.000000 
18908648.000000 3541914.000000 
15485640.000000 6726174.000000 
15611046.000000 4175874.000000 
15712482.000000 4035770.000000 
15903308.000000 3941374.000000 

18651662.000000 3263606.000000 
18410870.000000 3396040.000000 
18113658.000000 3537856.000000 
17191456.000000 3544532.000000 
18113890.000000 3482036.000000 
14899832.000000 3918440.000000 
19742722.000000 3133106.000000 
20022116.000000 3096788.000000 
18952198.000000 3155816.000000 
18837604.000000 3194030.000000 
17135734.000000 3631770.000000 
14523288.000000 4525870.000000 
16934736.000000 3702202.000000 
17103834.000000 3684176.000000 
15934492.000000 3783258.000000 
16622310.000000 3719266.000000 

