15589376.000000 3688560.000000 
15884052.000000 3529678.000000 
15921250.000000 3396410.000000 
14651520.000000 4279890.000000 
16245250.000000 3191238.000000 
14830436.000000 4170842.000000 
14801572.000000 4199442.000000 
14719476.000000 4257656.000000 
14995340.000000 4003524.000000 
16822852.000000 3031720.000000 
15290758.000000 3870918.000000 
15238060.000000 3881052.000000 
15463664.000000 3795100.000000 
15678290.000000 3570234.000000 
15636414.000000 3654660.000000 
15656184.000000 3614168.000000 
15450432.000000 3810618.000000 
15109716.000000 3926556.000000 
15713180.000000 3534228.000000 
15105840.000000 3996092.000000 
14969776.000000 4020380.000000 
15902210.000000 3514000.000000 
15942616.000000 3371132.000000 
15589790.000000 3662790.000000 
15534810.000000 3742646.000000 
15467506.000000 3793132.000000 
15118586.000000 3913658.000000 
14917128.000000 4066196.000000 
15145816.000000 3903702.000000 
14980464.000000 4006114.000000 
14847060.000000 4067362.000000 
14836160.000000 4081748.000000 
15481022.000000 3778840.000000 
15334310.000000 3840468.000000 
15154686.000000 3890804.000000 
15479600.000000 3787676.000000 
17098668.000000 3022148.000000 
16536212.000000 3128068.000000 
16289122.000000 3154892.000000 
15970726.000000 3287490.000000 
16014598.000000 3251144.000000 

15339026.000000 5548960.000000 
15261036.000000 5960660.000000 
20561722.000000 4180880.000000 
19557770.000000 4196998.000000 
19357968.000000 4244888.000000 
18468592.000000 4321846.000000 
15784462.000000 5012520.000000 
15539772.000000 5426924.000000 
16238304.000000 4967564.000000 
17819218.000000 4477428.000000 
18076936.000000 4338390.000000 
17406832.000000 4664700.000000 
16755160.000000 4767506.000000 
17142754.000000 4733800.000000 
16434332.000000 4840484.000000 

15195812.000000 3833728.000000 
15278108.000000 3826824.000000 
15187572.000000 3841708.000000 
15144840.000000 3844758.000000 
16649932.000000 3498406.000000 
16370668.000000 3504900.000000 
15330910.000000 3712030.000000 
16137618.000000 3531304.000000 
16168584.000000 3526130.000000 
15352144.000000 3665842.000000 
15283270.000000 3817622.000000 
15744800.000000 3645194.000000 
15374884.000000 3660560.000000 
13419114.000000 4765226.000000 
13381898.000000 4782062.000000 
15665128.000000 3651308.000000 
15831524.000000 3627942.000000 
15805868.000000 3643020.000000 
14849810.000000 3879504.000000 
14765606.000000 3949538.000000 
14788544.000000 3897520.000000 
14817018.000000 3888824.000000 
14659684.000000 4005656.000000 
14422312.000000 4036744.000000 
14916318.000000 3873578.000000 
14365552.000000 4236332.000000 
14331638.000000 4253058.000000 
14094174.000000 4332054.000000 
14310772.000000 4271294.000000 
13756372.000000 4366284.000000 
13541752.000000 4731322.000000 
14030040.000000 4351832.000000 
13478016.000000 4746134.000000 
13694944.000000 4385026.000000 
19847048.000000 3479676.000000 

15419736.000000 3179802.000000 
15434834.000000 3169654.000000 
14840726.000000 3753048.000000 
14133192.000000 4498432.000000 
14169364.000000 4422936.000000 
15138616.000000 3268710.000000 
14144838.000000 4466428.000000 
14180620.000000 4390896.000000 
14152084.000000 4453304.000000 
14691780.000000 3845052.000000 
14978408.000000 3528310.000000 
14116302.000000 4528836.000000 
14522490.000000 4092258.000000 
14434562.000000 4136076.000000 
14275486.000000 4139330.000000 
15186932.000000 3230752.000000 
14670806.000000 3961972.000000 
14663990.000000 4040158.000000 
14580442.000000 4046232.000000 
14572424.000000 4061084.000000 
14243516.000000 4330704.000000 
14711898.000000 3815504.000000 
14498512.000000 4108604.000000 
14264944.000000 4301264.000000 
14237246.000000 4374678.000000 
15097332.000000 3280386.000000 
14653272.000000 4040276.000000 
14768144.000000 3767942.000000 
14921282.000000 3546112.000000 
14930244.000000 3535542.000000 
15046856.000000 3465212.000000 
15144136.000000 3237390.000000 
14773266.000000 3760160.000000 
15052864.000000 3457934.000000 

16027416.000000 3289124.000000 
15492264.000000 3493864.000000 
16004446.000000 3292816.000000 
15678124.000000 3436444.000000 
16341348.000000 3111562.000000 
14048774.000000 3903282.000000 
14651352.000000 3753146.000000 
15143744.000000 3552278.000000 
15890288.000000 3315344.000000 
16219064.000000 3161738.000000 
15285108.000000 3522672.000000 
14339054.000000 3781372.000000 
13685204.000000 4122402.000000 
16271980.000000 3126750.000000 
16242734.000000 3145918.000000 
15770156.000000 3409258.000000 
14770358.000000 3750312.000000 
14148354.000000 3816934.000000 
14069736.000000 3876724.000000 
15320812.000000 3507718.000000 
13343238.000000 4598992.000000 
13653910.000000 4123960.000000 
13427288.000000 4461102.000000 
13498534.000000 4314570.000000 
15167840.000000 3550566.000000 
13601668.000000 4222442.000000 
13378842.000000 4482324.000000 
13538836.000000 4292222.000000 
16191330.000000 3185944.000000 
15772080.000000 3372444.000000 
13188192.000000 4780972.000000 
13796902.000000 4096296.000000 
13553556.000000 4276194.000000 
13506672.000000 4297132.000000 
13620062.000000 4128956.000000 
13620576.000000 4127394.000000 
13350514.000000 4486376.000000 
13449740.000000 4390026.000000 
13393738.000000 4466034.000000 
13346876.000000 4487204.000000 
13465266.000000 4316118.000000 
13569420.000000 4222992.000000 
13294856.000000 4690318.000000 
13445294.000000 4391832.000000 
13294688.000000 4697192.000000 
13568230.000000 4227388.000000 
15724632.000000 3413414.000000 
15455162.000000 3507306.000000 
15579172.000000 3477326.000000 
13790626.000000 4102080.000000 
13464884.000000 4319536.000000 
13858110.000000 3975516.000000 
15734186.000000 3411870.000000 
15822944.000000 3337412.000000 
14997786.000000 3565932.000000 
14973490.000000 3567710.000000 
14877398.000000 3618940.000000 
14939524.000000 3590536.000000 
14831956.000000 3667452.000000 
13900676.000000 3910438.000000 
13894268.000000 3914366.000000 
13833840.000000 3996728.000000 
15205984.000000 3524664.000000 
13146660.000000 4897370.000000 
13176018.000000 4892538.000000 

14196668.000000 3869128.000000 
14213100.000000 3862146.000000 
13520216.000000 4847710.000000 
13349400.000000 4862432.000000 
14471960.000000 3555922.000000 
14279548.000000 3707282.000000 
14272962.000000 3712924.000000 
14961176.000000 3312648.000000 
14906896.000000 3329430.000000 
14975834.000000 3308532.000000 
14479784.000000 3516062.000000 
14318754.000000 3630414.000000 
14310824.000000 3632400.000000 
15144250.000000 3284218.000000 
14900038.000000 3333374.000000 
14496146.000000 3512064.000000 
15130774.000000 3290400.000000 
14552858.000000 3425318.000000 
14587218.000000 3419040.000000 
14607576.000000 3349400.000000 
14594128.000000 3353180.000000 
14544822.000000 3434862.000000 
14513770.000000 3483846.000000 
15278860.000000 3270240.000000 
14521552.000000 3443856.000000 
14288358.000000 3657916.000000 
14239970.000000 3736788.000000 
14246556.000000 3731146.000000 
14418724.000000 3577098.000000 
14296288.000000 3655930.000000 
14425732.000000 3572886.000000 
15920542.000000 3118798.000000 
14099366.000000 4013362.000000 
15681006.000000 3146556.000000 
15382936.000000 3185904.000000 
13630548.000000 4756842.000000 
15879368.000000 3121470.000000 
15341790.000000 3186174.000000 
15316034.000000 3258782.000000 
15637142.000000 3148978.000000 
14101148.000000 3981672.000000 
14130076.000000 3979804.000000 
13654648.000000 4260662.000000 
15269086.000000 3277034.000000 
13993620.000000 4048828.000000 
14002142.000000 4022236.000000 
13872506.000000 4090402.000000 
13884166.000000 4090254.000000 
13648086.000000 4314466.000000 
13674846.000000 4255208.000000 
13528884.000000 4791872.000000 
14460420.000000 3561750.000000 
13689594.000000 4207106.000000 
13710082.000000 4181984.000000 
13948340.000000 4079628.000000 
13748554.000000 4105348.000000 
13968016.000000 4065174.000000 
13701452.000000 4189308.000000 

16007314.000000 3369472.000000 
16492682.000000 3212170.000000 
16264438.000000 3219788.000000 
16164952.000000 3284906.000000 
16178384.000000 3250396.000000 
12500126.000000 4974190.000000 
12979740.000000 4108358.000000 
12979612.000000 4110338.000000 
13005486.000000 4070266.000000 
13252582.000000 3949778.000000 
12990644.000000 4104226.000000 
12959174.000000 4145130.000000 
12480328.000000 4977846.000000 
13067122.000000 4028314.000000 
13098352.000000 3990294.000000 
13134918.000000 3984046.000000 
13022060.000000 4064238.000000 
13295832.000000 3933658.000000 
13265388.000000 3940784.000000 
12684570.000000 4558346.000000 
12665000.000000 4612142.000000 
12595668.000000 4624682.000000 
12584748.000000 4683136.000000 
13438060.000000 3828384.000000 
13440934.000000 3818298.000000 
12758060.000000 4263290.000000 
13330316.000000 3898358.000000 
13063174.000000 4061764.000000 
12746936.000000 4268372.000000 
12703956.000000 4276094.000000 
13604568.000000 3734400.000000 
13623530.000000 3725246.000000 
13480150.000000 3777688.000000 
13443028.000000 3815024.000000 
13409114.000000 3853028.000000 
13323996.000000 3933180.000000 
13355658.000000 3895188.000000 
13477282.000000 3787080.000000 
13367280.000000 3857760.000000 
13179800.000000 3964510.000000 
13138948.000000 3972352.000000 
12859322.000000 4173850.000000 
12828206.000000 4179152.000000 
12779742.000000 4186802.000000 
12624848.000000 4614190.000000 
14106074.000000 3629288.000000 
14145628.000000 3593190.000000 
13760776.000000 3719416.000000 
14454982.000000 3476820.000000 
14603878.000000 3461346.000000 
14457712.000000 3466866.000000 
14402666.000000 3502882.000000 
13885828.000000 3675850.000000 
13904708.000000 3666778.000000 
14051558.000000 3664300.000000 
12588672.000000 4631964.000000 
15532872.000000 3441278.000000 
15546304.000000 3406780.000000 
15642908.000000 3374672.000000 

12017696.000000 6061484.000000 
12027260.000000 5998994.000000 
12038576.000000 5852296.000000 
11932058.000000 6065872.000000 
13004824.000000 4664392.000000 
12303010.000000 5188638.000000 
12235434.000000 5244460.000000 
12350466.000000 5187086.000000 
12814798.000000 4756954.000000 
12677246.000000 4848062.000000 
12565700.000000 4910578.000000 
12636982.000000 4854926.000000 
13011962.000000 4656856.000000 
12962144.000000 4668838.000000 
12774534.000000 4763818.000000 
13203324.000000 4651424.000000 
12889872.000000 4723340.000000 
12921054.000000 4711670.000000 
12703016.000000 4821042.000000 
12149698.000000 5742176.000000 
14081010.000000 3721458.000000 
13377444.000000 4387706.000000 
14330888.000000 3598910.000000 
13969000.000000 3784208.000000 
13917790.000000 3788170.000000 
14046386.000000 3723992.000000 
12690394.000000 4842450.000000 
13759172.000000 4138266.000000 
12868430.000000 4743940.000000 
14029800.000000 3725420.000000 
14024676.000000 3731384.000000 
13865628.000000 4058958.000000 
13891936.000000 4026940.000000 
13914696.000000 3795842.000000 
12828556.000000 4751378.000000 
12738378.000000 4808586.000000 
12600452.000000 4898086.000000 
12400306.000000 5174026.000000 
13833774.000000 4084004.000000 
13719074.000000 4141030.000000 
14349818.000000 3566390.000000 
14239426.000000 3628840.000000 
13296880.000000 4426886.000000 
13389110.000000 4371950.000000 
12537666.000000 4977236.000000 
14826604.000000 3473128.000000 
14501594.000000 3550676.000000 
14279678.000000 3602896.000000 
14171658.000000 3664846.000000 
14222868.000000 3660860.000000 
13286400.000000 4442392.000000 
12202560.000000 5297682.000000 
12267004.000000 5231958.000000 
12353240.000000 5176152.000000 
13552866.000000 4257738.000000 
13442830.000000 4315632.000000 
13592624.000000 4244906.000000 
13702566.000000 4187018.000000 
13257882.000000 4476136.000000 
13217162.000000 4482670.000000 
14938428.000000 3412338.000000 
14751198.000000 3509572.000000 
14860650.000000 3449282.000000 
14564234.000000 3549050.000000 
14590112.000000 3516808.000000 
15723530.000000 3377150.000000 

16378726.000000 3765350.000000 
16524184.000000 3588820.000000 
16386632.000000 3631740.000000 
16405230.000000 3616872.000000 
16108468.000000 3856560.000000 
15970314.000000 3883384.000000 
15514282.000000 4552968.000000 
15425502.000000 4919432.000000 
15495238.000000 4563738.000000 
15463990.000000 4752108.000000 
15598468.000000 3927632.000000 
15457160.000000 4785596.000000 
17633900.000000 3575046.000000 
15434496.000000 4880870.000000 
15535666.000000 3993104.000000 

14514174.000000 3742706.000000 
13149904.000000 4552054.000000 
16486714.000000 3551000.000000 
14492744.000000 3745570.000000 
13090242.000000 4559618.000000 
13167986.000000 4491170.000000 
15050330.000000 3657506.000000 
14561986.000000 3741058.000000 
14292594.000000 3879000.000000 
16575772.000000 3462888.000000 
13393962.000000 4151942.000000 
14226250.000000 3885382.000000 
13433940.000000 4148284.000000 
16580986.000000 3411518.000000 
16492982.000000 3499056.000000 
13444244.000000 4061206.000000 
13248528.000000 4176586.000000 
14351148.000000 3776388.000000 
16278322.000000 3610786.000000 
14334168.000000 3873800.000000 
14372578.000000 3773524.000000 
13724450.000000 3902980.000000 
14896640.000000 3721886.000000 
14538404.000000 3741530.000000 
14814670.000000 3734414.000000 
16508354.000000 3496616.000000 
16522322.000000 3487180.000000 
15392306.000000 3613702.000000 
16384032.000000 3573048.000000 
13669748.000000 3921872.000000 
13621330.000000 3925716.000000 
13475220.000000 3950650.000000 

16530256.000000 3277918.000000 
15293576.000000 3468976.000000 
15327202.000000 3458858.000000 
16982090.000000 3236732.000000 
16168042.000000 3399206.000000 
13732098.000000 3950238.000000 
15131216.000000 3500368.000000 
14015720.000000 3939136.000000 
13733458.000000 3943530.000000 
14523652.000000 3612488.000000 
13318182.000000 4010282.000000 
13320364.000000 4003400.000000 
13635882.000000 3991506.000000 
13632992.000000 3998324.000000 
13305166.000000 4108626.000000 
14381186.000000 3705514.000000 
14309782.000000 3776862.000000 
14224268.000000 3788188.000000 
14145782.000000 3887304.000000 
13641302.000000 3975636.000000 
13638966.000000 3985632.000000 
13307738.000000 4097058.000000 
14427590.000000 3690212.000000 
15046382.000000 3503484.000000 
14557000.000000 3605596.000000 
14439538.000000 3660936.000000 
16600620.000000 3255458.000000 
14817646.000000 3583246.000000 
14442682.000000 3653698.000000 
14370390.000000 3754790.000000 
14052882.000000 3926078.000000 
14054396.000000 3916256.000000 
16161700.000000 3401124.000000 
14782742.000000 3592738.000000 
14820750.000000 3575788.000000 
16239530.000000 3336986.000000 
15026870.000000 3510354.000000 
16597942.000000 3255794.000000 
16408724.000000 3281310.000000 
15948984.000000 3442044.000000 
16002688.000000 3409486.000000 
15996324.000000 3411436.000000 
16411424.000000 3280810.000000 
14323942.000000 3768466.000000 
14166812.000000 3850866.000000 
17792680.000000 3127168.000000 

13341406.000000 4020164.000000 
13353158.000000 4004410.000000 
13331902.000000 4031062.000000 
13319372.000000 4045630.000000 
12304286.000000 4615770.000000 
12299504.000000 4657474.000000 
12285032.000000 4680346.000000 
12949684.000000 4185016.000000 
12318370.000000 4592988.000000 
12401802.000000 4296184.000000 
12446100.000000 4291920.000000 
12320956.000000 4412966.000000 
12334710.000000 4345670.000000 
13048926.000000 4066678.000000 
13092838.000000 4060688.000000 
12495882.000000 4279662.000000 
12451974.000000 4284500.000000 
12366222.000000 4333970.000000 
12963174.000000 4116148.000000 
13005900.000000 4110408.000000 
13261388.000000 4046898.000000 
14867050.000000 3596328.000000 
14362508.000000 3711016.000000 
15130108.000000 3592452.000000 
14820058.000000 3625442.000000 
14558344.000000 3629694.000000 
13788968.000000 3834932.000000 
13879270.000000 3792712.000000 
13802676.000000 3819508.000000 
13878066.000000 3806888.000000 
13894164.000000 3777038.000000 
14399456.000000 3687666.000000 
14353184.000000 3734068.000000 
14197508.000000 3739960.000000 
13666864.000000 3886638.000000 
13678600.000000 3869428.000000 
14161058.000000 3775304.000000 
13692942.000000 3840402.000000 
13605178.000000 3887626.000000 
13595406.000000 3905772.000000 
13681984.000000 3858798.000000 
17005030.000000 3566268.000000 
13515568.000000 3954332.000000 
12832550.000000 4263912.000000 
12772426.000000 4274884.000000 
13555580.000000 3945158.000000 
12815930.000000 4267978.000000 
12875664.000000 4256432.000000 
12736966.000000 4277946.000000 
17669340.000000 3500198.000000 

14352106.000000 3484594.000000 
16550370.000000 3051632.000000 
12478302.000000 4686076.000000 
16271172.000000 3129778.000000 
16628264.000000 2968288.000000 
15999416.000000 3227732.000000 
15254760.000000 3344108.000000 
16093052.000000 3152660.000000 
16247842.000000 3131166.000000 
16006660.000000 3217854.000000 
16364754.000000 3054334.000000 
15197724.000000 3344980.000000 
17366920.000000 2877184.000000 
12427436.000000 4865984.000000 
13437278.000000 3795416.000000 
13423150.000000 3820316.000000 
17210070.000000 2917882.000000 
15051006.000000 3357180.000000 
15355152.000000 3239986.000000 
15322476.000000 3258748.000000 
14350178.000000 3484810.000000 
12183850.000000 5035088.000000 
12335654.000000 4884576.000000 
12198394.000000 4949836.000000 
13295832.000000 3933658.000000 
13252582.000000 3949778.000000 
13265388.000000 3940784.000000 
12147288.000000 5713768.000000 
12225918.000000 4893932.000000 
12572574.000000 4489862.000000 
12190136.000000 5022066.000000 
12045882.000000 5868602.000000 
13480150.000000 3777688.000000 
13179800.000000 3964510.000000 
12779742.000000 4186802.000000 
13138948.000000 3972352.000000 
12859322.000000 4173850.000000 
12828206.000000 4179152.000000 
13063174.000000 4061764.000000 
12521422.000000 4496788.000000 
12511552.000000 4511464.000000 
12497946.000000 4513596.000000 
13134918.000000 3984046.000000 
12693422.000000 4316672.000000 
13477282.000000 3787080.000000 
13098352.000000 3990294.000000 
13067122.000000 4028314.000000 
12439048.000000 4698708.000000 
13964844.000000 3609538.000000 
13974832.000000 3602922.000000 
13409114.000000 3853028.000000 
12699738.000000 4292358.000000 
17134060.000000 2967222.000000 
12606678.000000 4487312.000000 
14000138.000000 3580474.000000 
14004566.000000 3571246.000000 
12990644.000000 4104226.000000 
14050946.000000 3548320.000000 
13682714.000000 3677516.000000 
12959174.000000 4145130.000000 
12758060.000000 4263290.000000 
12746936.000000 4268372.000000 
12703956.000000 4276094.000000 
13628028.000000 3713812.000000 
13882630.000000 3611450.000000 
13664876.000000 3682008.000000 
13610750.000000 3721640.000000 
12622754.000000 4468868.000000 
12678708.000000 4435942.000000 
13367280.000000 3857760.000000 
12652692.000000 4442066.000000 
14109322.000000 3484830.000000 
13330316.000000 3898358.000000 
12979612.000000 4110338.000000 
13022060.000000 4064238.000000 
14033800.000000 3548604.000000 
14014584.000000 3550662.000000 
13323996.000000 3933180.000000 
12979740.000000 4108358.000000 
13355658.000000 3895188.000000 
13005486.000000 4070266.000000 
13860082.000000 3614518.000000 
14089554.000000 3489204.000000 
13817538.000000 3673364.000000 
14646386.000000 3367954.000000 
13794936.000000 3676058.000000 
13842992.000000 3660892.000000 
14372370.000000 3422544.000000 
14626702.000000 3375282.000000 
14062640.000000 3535496.000000 
14081856.000000 3533438.000000 
14352602.000000 3426918.000000 

14114904.000000 3674334.000000 
15976756.000000 3324978.000000 
15915248.000000 3351010.000000 
15461120.000000 3442208.000000 
15674736.000000 3386406.000000 
13409114.000000 3853028.000000 
13438060.000000 3828384.000000 
15935816.000000 3326038.000000 
15085162.000000 3450094.000000 
13440934.000000 3818298.000000 
15116954.000000 3448976.000000 
15389560.000000 3446728.000000 
15412974.000000 3446102.000000 
15039032.000000 3510398.000000 
13480150.000000 3777688.000000 
13477282.000000 3787080.000000 
15005902.000000 3519142.000000 
13623530.000000 3725246.000000 
15646236.000000 3401754.000000 
13323996.000000 3933180.000000 
15028778.000000 3518454.000000 
13604568.000000 3734400.000000 
13443028.000000 3815024.000000 
13355658.000000 3895188.000000 
12979612.000000 4110338.000000 
12535784.000000 5296266.000000 
12959174.000000 4145130.000000 
13098352.000000 3990294.000000 
13067122.000000 4028314.000000 
12979740.000000 4108358.000000 
13005486.000000 4070266.000000 
13134918.000000 3984046.000000 
13179800.000000 3964510.000000 
13265388.000000 3940784.000000 
13295832.000000 3933658.000000 
13252582.000000 3949778.000000 
13022060.000000 4064238.000000 
12990644.000000 4104226.000000 
13330316.000000 3898358.000000 
13138948.000000 3972352.000000 
13367280.000000 3857760.000000 
12501604.000000 5298902.000000 
12828206.000000 4179152.000000 
12779742.000000 4186802.000000 
12588672.000000 4631964.000000 
12623150.000000 4628836.000000 
12624848.000000 4614190.000000 
12703956.000000 4276094.000000 
12746936.000000 4268372.000000 
12758060.000000 4263290.000000 
12859322.000000 4173850.000000 
15616752.000000 3427156.000000 
14870064.000000 3647568.000000 
13063174.000000 4061764.000000 
14815904.000000 3654464.000000 
14907044.000000 3535362.000000 
14933498.000000 3527012.000000 
14906914.000000 3553410.000000 
14837188.000000 3650910.000000 
14915900.000000 3530442.000000 
14883742.000000 3561420.000000 

17133130.000000 3556496.000000 
16979882.000000 3561600.000000 
13681290.000000 3848684.000000 
17557390.000000 3540668.000000 
17292230.000000 3547790.000000 
13520810.000000 3927422.000000 
13670534.000000 3863886.000000 
13510390.000000 3942718.000000 
14289750.000000 3629428.000000 
17163284.000000 3552476.000000 
12783794.000000 4504886.000000 
17416360.000000 3546882.000000 
12742474.000000 4511104.000000 
12663812.000000 4536928.000000 
12595484.000000 4545432.000000 
12674094.000000 4519822.000000 
16458942.000000 3578164.000000 
13729628.000000 3774036.000000 
13470076.000000 3957556.000000 
13274276.000000 4067712.000000 
14283906.000000 3634540.000000 
14535246.000000 3617610.000000 
13473452.000000 3946748.000000 
14118614.000000 3674544.000000 
13885234.000000 3753232.000000 
13605602.000000 3875974.000000 
13731188.000000 3773680.000000 
13416140.000000 3968550.000000 
13665414.000000 3866072.000000 
13427742.000000 3957850.000000 
13365084.000000 4062390.000000 
12968614.000000 4145836.000000 
12973874.000000 4132854.000000 
13405720.000000 3983846.000000 
13130072.000000 4116110.000000 
13141100.000000 4100930.000000 
16503434.000000 3561614.000000 
13695624.000000 3788594.000000 
13656990.000000 3870514.000000 
13689228.000000 3789336.000000 
13810042.000000 3760282.000000 
14545958.000000 3616914.000000 
14026832.000000 3680976.000000 
14255830.000000 3644826.000000 
13523204.000000 3895896.000000 
12240014.000000 5006594.000000 
12433020.000000 4558498.000000 
12894844.000000 4409278.000000 
12305438.000000 4657528.000000 
12361932.000000 4566552.000000 
12270248.000000 4984152.000000 
14242030.000000 3651036.000000 
13569032.000000 3887824.000000 
13219792.000000 4079280.000000 
13149108.000000 4084620.000000 
13137596.000000 4101434.000000 
12912812.000000 4359168.000000 
12171548.000000 5012084.000000 
12955198.000000 4340366.000000 
12960746.000000 4327322.000000 
12918404.000000 4344218.000000 
12760866.000000 4510366.000000 
12792376.000000 4446924.000000 
12815740.000000 4414612.000000 
12804428.000000 4431358.000000 
16422100.000000 3593144.000000 
16466592.000000 3576594.000000 
14433458.000000 3624922.000000 

15749420.000000 4975328.000000 
16136642.000000 4741664.000000 
16327882.000000 4558684.000000 
16171392.000000 4635618.000000 
15762822.000000 4813446.000000 
17080922.000000 4391360.000000 
17951152.000000 3955330.000000 
19073892.000000 3839470.000000 
18113492.000000 3878474.000000 
17534336.000000 4120668.000000 
23959136.000000 3626294.000000 
22094074.000000 3667250.000000 
22032676.000000 3735244.000000 

15710206.000000 3149308.000000 
13171224.000000 4326410.000000 
13223418.000000 4238548.000000 
13328460.000000 4176278.000000 
13253684.000000 4192946.000000 
13202220.000000 4282638.000000 
14881342.000000 3416760.000000 
15464672.000000 3176854.000000 
15559370.000000 3149418.000000 
15728886.000000 3104814.000000 
15812596.000000 3054716.000000 
13571738.000000 4116708.000000 
13508560.000000 4133790.000000 
13140912.000000 4388566.000000 
13462170.000000 4162860.000000 
13388552.000000 4173646.000000 
13045692.000000 4428748.000000 
13115302.000000 4416602.000000 
12997566.000000 4524210.000000 
16222034.000000 3041402.000000 
15525282.000000 3175160.000000 
15057622.000000 3389266.000000 
15050626.000000 3397246.000000 
15274304.000000 3321108.000000 
15266124.000000 3338678.000000 
13798838.000000 3860652.000000 
15799688.000000 3096418.000000 
14264334.000000 3646988.000000 
13664536.000000 4065906.000000 
14442948.000000 3536394.000000 
15409552.000000 3193236.000000 
16245740.000000 3011582.000000 
14781256.000000 3453762.000000 
16251282.000000 2991466.000000 
14789726.000000 3432710.000000 
14268344.000000 3643552.000000 
14274090.000000 3621708.000000 
13734918.000000 3938526.000000 
13468420.000000 4159602.000000 
14181988.000000 3658306.000000 
15201992.000000 3356282.000000 
15252716.000000 3348634.000000 
13932154.000000 3713624.000000 
13705552.000000 3956386.000000 
12889726.000000 4592492.000000 
12856758.000000 4635516.000000 
14318800.000000 3568018.000000 
14492920.000000 3500478.000000 
14292530.000000 3610372.000000 
14280166.000000 3616428.000000 
14520146.000000 3458538.000000 
14393364.000000 3537004.000000 
14308818.000000 3584032.000000 
14354448.000000 3543708.000000 
14298348.000000 3586476.000000 
13838080.000000 3811734.000000 
13764932.000000 3878508.000000 
14036830.000000 3660110.000000 
13800086.000000 3835808.000000 
13741436.000000 3915516.000000 
13701410.000000 4057296.000000 
13967766.000000 3670764.000000 
13907884.000000 3748968.000000 
13871542.000000 3789998.000000 
13735598.000000 3929232.000000 
13612346.000000 4073836.000000 
15199370.000000 3377148.000000 
15177302.000000 3383290.000000 
15333562.000000 3225466.000000 
15388478.000000 3210362.000000 

15051174.000000 3319164.000000 
14915828.000000 3390826.000000 
12043948.000000 5833576.000000 
13817538.000000 3673364.000000 
13865594.000000 3658198.000000 
14352106.000000 3484594.000000 
14033800.000000 3548604.000000 
14014584.000000 3550662.000000 
14081856.000000 3533438.000000 
14062640.000000 3535496.000000 
14332974.000000 3489606.000000 
14755932.000000 3409432.000000 
13794936.000000 3676058.000000 
13842992.000000 3660892.000000 
14629482.000000 3483484.000000 
14643292.000000 3463634.000000 
12014248.000000 5849874.000000 
13295278.000000 3998036.000000 
13678774.000000 3742510.000000 
13668308.000000 3746954.000000 
13423150.000000 3820316.000000 
13302738.000000 3992186.000000 
13600314.000000 3780526.000000 
13322940.000000 3985262.000000 
13437278.000000 3795416.000000 
13762054.000000 3704824.000000 
13924912.000000 3641068.000000 
13879580.000000 3656462.000000 
13941348.000000 3637704.000000 
13781270.000000 3702766.000000 
13623522.000000 3757656.000000 
13896016.000000 3653098.000000 
13587944.000000 3793928.000000 
13620252.000000 3762120.000000 
14290954.000000 3497820.000000 
12599696.000000 4537516.000000 
12581836.000000 4542590.000000 
12858070.000000 4229834.000000 
12693422.000000 4316672.000000 
12699738.000000 4292358.000000 
14676158.000000 3421480.000000 
13330316.000000 3898358.000000 
13323996.000000 3933180.000000 
12626602.000000 4481906.000000 
13367280.000000 3857760.000000 
12606026.000000 4513684.000000 
12647076.000000 4475698.000000 
13199444.000000 4010060.000000 
13355658.000000 3895188.000000 
13078526.000000 4053830.000000 
13174192.000000 4014546.000000 
13063174.000000 4061764.000000 
12525422.000000 4666020.000000 
12515360.000000 4712426.000000 
12678708.000000 4435942.000000 
12547412.000000 4585788.000000 
12652692.000000 4442066.000000 
12451676.000000 4722312.000000 
12626808.000000 4477144.000000 
12533318.000000 4637898.000000 
13140262.000000 4025236.000000 
13101468.000000 4053204.000000 
12494794.000000 4717604.000000 
12580374.000000 4572790.000000 
12878978.000000 4220360.000000 
12858104.000000 4225460.000000 
12979612.000000 4110338.000000 
12990644.000000 4104226.000000 
13022060.000000 4064238.000000 
13113938.000000 4031282.000000 
13074980.000000 4059250.000000 
12758060.000000 4263290.000000 
12814986.000000 4229966.000000 
12959174.000000 4145130.000000 
12746936.000000 4268372.000000 
12703956.000000 4276094.000000 
12979740.000000 4108358.000000 
13005486.000000 4070266.000000 
12190136.000000 5022066.000000 
12198394.000000 4949836.000000 
12336436.000000 4885104.000000 
12183850.000000 5035088.000000 
12225918.000000 4893932.000000 
12427436.000000 4865984.000000 

16710722.000000 3062172.000000 
16872850.000000 2976924.000000 
16800040.000000 3059664.000000 
16092568.000000 3095568.000000 
14495444.000000 3795764.000000 
14702660.000000 3553252.000000 
14566912.000000 3659392.000000 
14321050.000000 3904182.000000 
14497042.000000 3708084.000000 
13368092.000000 4157266.000000 
13507822.000000 4124892.000000 
13387884.000000 4131366.000000 
13498484.000000 4125156.000000 
14805508.000000 3551564.000000 
14342480.000000 3833926.000000 
14447458.000000 3799628.000000 
14250558.000000 3930488.000000 
14159666.000000 3932074.000000 
14110192.000000 3944810.000000 
14271628.000000 3916704.000000 
15111846.000000 3451410.000000 
15496336.000000 3189436.000000 
13121188.000000 4187158.000000 
15937638.000000 3127666.000000 
14984472.000000 3519104.000000 
13082760.000000 4213370.000000 
13233300.000000 4185986.000000 
13057608.000000 4240150.000000 
14055110.000000 4060728.000000 
14004554.000000 4084874.000000 
13920432.000000 4117746.000000 
14053482.000000 4072060.000000 
13968562.000000 4104868.000000 
12708936.000000 4458284.000000 
12813882.000000 4435268.000000 
12711058.000000 4439528.000000 
12705206.000000 4566672.000000 
12698438.000000 4569916.000000 
12323652.000000 4684228.000000 
12826596.000000 4405008.000000 
12469274.000000 4649650.000000 
15298472.000000 3216490.000000 
15119606.000000 3434052.000000 
15335060.000000 3207124.000000 
15245406.000000 3274598.000000 
15043834.000000 3488542.000000 
15207154.000000 3283704.000000 
15133888.000000 3420816.000000 
15058290.000000 3468250.000000 
15188632.000000 3356350.000000 
15405620.000000 3200642.000000 
15147600.000000 3364150.000000 

14078834.000000 5222600.000000 
14107414.000000 5029750.000000 
15701016.000000 3731944.000000 
15218988.000000 3750246.000000 
14030562.000000 5227024.000000 
16102952.000000 3541630.000000 
14134260.000000 4802938.000000 
14579428.000000 4670262.000000 
14562640.000000 4686326.000000 
14125580.000000 4812970.000000 
15623914.000000 3743192.000000 
15018800.000000 3769670.000000 
14664524.000000 3804100.000000 
15749098.000000 3575978.000000 
15707674.000000 3637456.000000 

16544260.000000 3664114.000000 
14867410.000000 4409224.000000 
15354922.000000 4078696.000000 
16628668.000000 3567806.000000 
15285248.000000 4085426.000000 
17636270.000000 3372930.000000 
15448154.000000 3974986.000000 
16102008.000000 3725702.000000 
14874852.000000 4299418.000000 
14869398.000000 4326932.000000 
14457666.000000 4586232.000000 
14336636.000000 4590008.000000 
16076930.000000 3858880.000000 
15742456.000000 3936356.000000 
13916322.000000 4624112.000000 
15648626.000000 3946306.000000 
15078444.000000 4176360.000000 
13805364.000000 4645542.000000 
14228378.000000 4608222.000000 
14792558.000000 4573612.000000 
16440610.000000 3667708.000000 
16866444.000000 3510208.000000 
15001842.000000 4216200.000000 
16000346.000000 3898704.000000 
15960916.000000 3923082.000000 
16033560.000000 3882930.000000 
15028370.000000 4191154.000000 
14955708.000000 4231322.000000 

15660934.000000 3109278.000000 
15648892.000000 3114620.000000 
15324578.000000 3200270.000000 
15261882.000000 3242448.000000 
15301622.000000 3240616.000000 
15259516.000000 3258700.000000 
15135274.000000 3311634.000000 
15106278.000000 3320552.000000 
15099720.000000 3325966.000000 
15088166.000000 3367928.000000 
14390514.000000 3584482.000000 
14917702.000000 3435146.000000 
14877204.000000 3437264.000000 
14333036.000000 3637782.000000 
14347890.000000 3627990.000000 
14190950.000000 3720138.000000 
13393880.000000 4143310.000000 
14871876.000000 3476868.000000 
14181024.000000 3740926.000000 
13366638.000000 4168750.000000 
13567554.000000 4001244.000000 
14290724.000000 3699052.000000 
14493012.000000 3563624.000000 
13371658.000000 4153840.000000 
13578298.000000 3986042.000000 
13863628.000000 3803614.000000 
13796578.000000 3904984.000000 
14644236.000000 3547496.000000 
13667856.000000 3980770.000000 
13947942.000000 3782388.000000 
13678452.000000 3965520.000000 
16499158.000000 3061442.000000 
16791844.000000 3060894.000000 
13656558.000000 3981024.000000 
15400458.000000 3171178.000000 
13411732.000000 4057442.000000 
13475600.000000 4031948.000000 
12071988.000000 5152614.000000 
15474818.000000 3170078.000000 
11870220.000000 5178822.000000 
15066988.000000 3396960.000000 
12258164.000000 4922252.000000 
15693572.000000 3085248.000000 
14674656.000000 3538744.000000 
14675884.000000 3532558.000000 
15050932.000000 3397464.000000 
12024732.000000 5152874.000000 
14062298.000000 3754470.000000 
14015256.000000 3755318.000000 
15704386.000000 3079650.000000 
12813882.000000 4435268.000000 
12469274.000000 4649650.000000 
15209926.000000 3282286.000000 
12826596.000000 4405008.000000 
12826224.000000 4422404.000000 
13233300.000000 4185986.000000 
12251276.000000 4950090.000000 
15145152.000000 3292658.000000 
15191128.000000 3284970.000000 
15150482.000000 3286988.000000 
14921408.000000 3403700.000000 
14962054.000000 3401682.000000 
14008948.000000 3764906.000000 
14113272.000000 3752270.000000 
12698438.000000 4569916.000000 
12323652.000000 4684228.000000 
15221448.000000 3281446.000000 
13121188.000000 4187158.000000 
13082760.000000 4213370.000000 
12253398.000000 4930930.000000 
12219746.000000 4970878.000000 
12181388.000000 4992558.000000 
12705206.000000 4566672.000000 
12711058.000000 4439528.000000 
12708936.000000 4458284.000000 
13298654.000000 4182298.000000 
13669566.000000 3969192.000000 
13057608.000000 4240150.000000 

12823956.000000 4977908.000000 
12849338.000000 4924886.000000 
14813050.000000 3800036.000000 
15029934.000000 3717566.000000 
12772402.000000 5042594.000000 
12747020.000000 5095616.000000 
16185676.000000 3450082.000000 
14167588.000000 3911384.000000 
14146936.000000 3924380.000000 
16338952.000000 3419550.000000 
16356936.000000 3401402.000000 
14383688.000000 3830874.000000 
16168512.000000 3458858.000000 
15020020.000000 3723862.000000 
14817230.000000 3761374.000000 
15818328.000000 3473270.000000 
15613962.000000 3525676.000000 
15329020.000000 3678908.000000 
15449744.000000 3642778.000000 
15835532.000000 3464494.000000 
14821376.000000 3757276.000000 
15542570.000000 3620104.000000 
15533214.000000 3626542.000000 
14181410.000000 3875426.000000 
14186336.000000 3861956.000000 
14394382.000000 3815206.000000 
13406660.000000 4158024.000000 
13409798.000000 4099986.000000 
13081510.000000 4406672.000000 
12925706.000000 4468118.000000 
13634118.000000 4003242.000000 
13093472.000000 4282148.000000 
13437404.000000 4046950.000000 
12951088.000000 4415096.000000 
13250672.000000 4221668.000000 
13319332.000000 4190390.000000 
13121106.000000 4229060.000000 
13089022.000000 4342738.000000 

13327494.000000 4866758.000000 
16849932.000000 3385194.000000 
14507646.000000 3837650.000000 
13281694.000000 4925442.000000 
14132682.000000 3968086.000000 
15888794.000000 3559748.000000 
13059164.000000 5251308.000000 
13345348.000000 4788462.000000 
13895604.000000 4128152.000000 
13904694.000000 4112820.000000 
14410434.000000 3851464.000000 
13677298.000000 4383550.000000 
13832902.000000 4133216.000000 
13822914.000000 4137014.000000 
13763330.000000 4152546.000000 
14015456.000000 3983194.000000 
13668194.000000 4391648.000000 
13562464.000000 4464806.000000 
13608592.000000 4406136.000000 
14400314.000000 3852766.000000 
14205526.000000 3881416.000000 
13933484.000000 4029550.000000 
13530748.000000 4500768.000000 
13402382.000000 4768150.000000 
16684860.000000 3441468.000000 
14499364.000000 3839066.000000 
13175550.000000 4983974.000000 
13461612.000000 4520972.000000 
13620916.000000 4396478.000000 
13521196.000000 4505440.000000 
13703256.000000 4357082.000000 
15707776.000000 3616590.000000 
15784292.000000 3585598.000000 
15516630.000000 3756586.000000 
15667460.000000 3616690.000000 
15537750.000000 3745746.000000 
15384908.000000 3794508.000000 
15384774.000000 3830566.000000 
15662318.000000 3717666.000000 
16746172.000000 3410624.000000 
16628420.000000 3441696.000000 

14524026.000000 3743560.000000 
13308340.000000 4807596.000000 
13220970.000000 4815162.000000 
13216198.000000 4855618.000000 
14848908.000000 3475690.000000 
14557156.000000 3639650.000000 
14598660.000000 3637508.000000 
15026800.000000 3359942.000000 
13333578.000000 4749342.000000 
14877204.000000 3437264.000000 
14921408.000000 3403700.000000 
14210150.000000 3943538.000000 
14720612.000000 3482182.000000 
14761110.000000 3480064.000000 
14532880.000000 3728682.000000 
14139130.000000 3949252.000000 
14657940.000000 3610664.000000 
14496136.000000 3751002.000000 
14470768.000000 3753108.000000 
14401640.000000 3774390.000000 
14376420.000000 3776596.000000 
14279042.000000 3812176.000000 
14697830.000000 3608430.000000 
14454898.000000 3764842.000000 
14429678.000000 3767048.000000 
14304262.000000 3809970.000000 
14633880.000000 3626328.000000 
14040430.000000 3988706.000000 
14078470.000000 3949674.000000 
14225780.000000 3821400.000000 
14251000.000000 3819194.000000 
14214722.000000 3861030.000000 
13801800.000000 4280898.000000 
14052244.000000 3951904.000000 
13537026.000000 4584242.000000 
14646978.000000 3621694.000000 
13440372.000000 4659572.000000 
14934402.000000 3360672.000000 
14032262.000000 4150586.000000 
13544014.000000 4567758.000000 
13994834.000000 4187348.000000 
14008292.000000 4168188.000000 
13482038.000000 4635140.000000 
13499666.000000 4595420.000000 
15101052.000000 3289882.000000 
13312900.000000 4752928.000000 
13895650.000000 4227402.000000 
13888512.000000 4235298.000000 
13915918.000000 4220278.000000 
13668556.000000 4359140.000000 
14924910.000000 3376308.000000 
13670986.000000 4298888.000000 
13573874.000000 4367728.000000 
13690896.000000 4292024.000000 
15061312.000000 3291512.000000 
15301622.000000 3240616.000000 
15400166.000000 3199426.000000 
15474818.000000 3170078.000000 
15057814.000000 3342182.000000 
15400458.000000 3171178.000000 
15760418.000000 3124146.000000 
15199192.000000 3248688.000000 
15123604.000000 3249330.000000 
15261882.000000 3242448.000000 
15324578.000000 3200270.000000 
16773766.000000 3103486.000000 

16978920.000000 3748240.000000 
16863424.000000 3756160.000000 
16845880.000000 3768136.000000 
16996464.000000 3736264.000000 
15633504.000000 4195762.000000 
14193472.000000 5429262.000000 
15341182.000000 4395944.000000 
15177020.000000 4404362.000000 
15107764.000000 4497480.000000 
15077010.000000 4506090.000000 
14329886.000000 5295678.000000 
15610080.000000 4206960.000000 
14216314.000000 5360014.000000 
14286120.000000 5295734.000000 
15853404.000000 4041556.000000 
15372972.000000 4311112.000000 
16007636.000000 4023334.000000 
15477028.000000 4213940.000000 
16314872.000000 4018670.000000 
15948112.000000 4027632.000000 
15453512.000000 4222994.000000 
16374398.000000 4014334.000000 
16763360.000000 3963834.000000 
14165204.000000 5537080.000000 
15793788.000000 4043710.000000 
16668932.000000 3965662.000000 
14812410.000000 4714380.000000 
14806036.000000 4773172.000000 
14777712.000000 4773330.000000 
15892664.000000 4034828.000000 
15737848.000000 4050558.000000 
14675988.000000 4826314.000000 
14704312.000000 4826156.000000 
14168736.000000 5450368.000000 
15410800.000000 4225100.000000 
15398820.000000 4229758.000000 
15108018.000000 4412428.000000 
15111772.000000 4407662.000000 
15567768.000000 4207270.000000 
15276426.000000 4399592.000000 
17305110.000000 3732564.000000 
19020740.000000 3494350.000000 
17313172.000000 3720656.000000 
20456322.000000 3430774.000000 
19093022.000000 3476296.000000 

15337762.000000 3213356.000000 
16029080.000000 3059056.000000 
15660934.000000 3109278.000000 
15704386.000000 3079650.000000 
15492072.000000 3162214.000000 
15301622.000000 3240616.000000 
15376274.000000 3211268.000000 
15061312.000000 3291512.000000 
13378688.000000 3964180.000000 
14924910.000000 3376308.000000 
16001608.000000 3073464.000000 
14351620.000000 3488364.000000 
14096278.000000 3532926.000000 
14979572.000000 3339830.000000 
14671530.000000 3442458.000000 
14842006.000000 3438288.000000 
13941348.000000 3637704.000000 
14332630.000000 3492390.000000 
15113810.000000 3268552.000000 
14612742.000000 3472400.000000 
14062640.000000 3535496.000000 
15504114.000000 3157074.000000 
15101052.000000 3289882.000000 
16180608.000000 2985540.000000 
15762862.000000 3074002.000000 
13924912.000000 3641068.000000 
14081856.000000 3533438.000000 
14631126.000000 3470316.000000 
15472848.000000 3193354.000000 
13865594.000000 3658198.000000 
14934402.000000 3360672.000000 
13356600.000000 3966552.000000 
13840394.000000 3681254.000000 
13829326.000000 3687600.000000 
11870220.000000 5178822.000000 
13581098.000000 3888742.000000 
13542520.000000 3910830.000000 
13548998.000000 3896464.000000 
13668308.000000 3746954.000000 
13678774.000000 3742510.000000 
12317768.000000 4824558.000000 
13558496.000000 3891436.000000 
12538180.000000 4612336.000000 
12456320.000000 4635072.000000 
12517172.000000 4622914.000000 
13842992.000000 3660892.000000 
13613226.000000 3878422.000000 
12236778.000000 4846238.000000 
12739448.000000 4426002.000000 
12106148.000000 5002354.000000 
12323652.000000 4684228.000000 
12711058.000000 4439528.000000 
12708936.000000 4458284.000000 
12899886.000000 4242028.000000 
12763930.000000 4402096.000000 
12811644.000000 4321402.000000 
12752712.000000 4404144.000000 
12826370.000000 4259100.000000 
12565200.000000 4514118.000000 
12582298.000000 4458332.000000 
12123154.000000 4946162.000000 
12744702.000000 4408590.000000 
13810110.000000 3689658.000000 
15162612.000000 3262338.000000 
13174992.000000 3999052.000000 
14845234.000000 3420392.000000 
15462026.000000 3194408.000000 
13636000.000000 3778762.000000 
13489218.000000 3911016.000000 
12976768.000000 4037684.000000 
13618668.000000 3786216.000000 
12951476.000000 4091108.000000 

15654652.000000 3165408.000000 
15583592.000000 3170686.000000 
16218742.000000 3127630.000000 
16286700.000000 3106440.000000 
15573386.000000 3230118.000000 
15309574.000000 3394932.000000 
15514566.000000 3235750.000000 
14496066.000000 3624048.000000 
15124918.000000 3419102.000000 
15513988.000000 3241920.000000 
15325908.000000 3333260.000000 
15338514.000000 3248022.000000 
14987986.000000 3470032.000000 
14984932.000000 3491200.000000 
14108646.000000 3902000.000000 
14462804.000000 3694296.000000 
14130200.000000 3836866.000000 
14186482.000000 3759870.000000 
14203374.000000 3758280.000000 
14115414.000000 3881472.000000 
14174042.000000 3808522.000000 
14117692.000000 3879970.000000 
14397996.000000 3697822.000000 
14245856.000000 3715514.000000 
14316432.000000 3709790.000000 
14582370.000000 3605148.000000 
14577804.000000 3621278.000000 
13843916.000000 4052404.000000 
14888512.000000 3502060.000000 
13767350.000000 4109444.000000 
13927730.000000 3954378.000000 
14715138.000000 3583718.000000 
14749680.000000 3569184.000000 
13900976.000000 3958484.000000 
13741372.000000 4113598.000000 
14716578.000000 3576278.000000 
13822420.000000 4068338.000000 
13981810.000000 3911562.000000 
14762782.000000 3568268.000000 
14787634.000000 3512922.000000 
14833838.000000 3504912.000000 
15187120.000000 3412268.000000 

13811994.000000 3715264.000000 
13473560.000000 3827308.000000 
13036772.000000 4242634.000000 
12893482.000000 4665382.000000 
13635272.000000 3817432.000000 
13338260.000000 3886530.000000 
13377554.000000 3884660.000000 
13620402.000000 3817632.000000 
12867366.000000 4708382.000000 
13075028.000000 4154310.000000 
13456518.000000 3872704.000000 
13015638.000000 4264988.000000 
13209732.000000 3951850.000000 
13049888.000000 4198074.000000 
12957460.000000 4266354.000000 
13681544.000000 3794300.000000 
13092444.000000 3999430.000000 
13118348.000000 3954930.000000 
12932136.000000 4309306.000000 
14635264.000000 3506370.000000 
13988460.000000 3705118.000000 
14352916.000000 3545222.000000 
14644154.000000 3506078.000000 
14396006.000000 3539624.000000 
14134188.000000 3597584.000000 
13800448.000000 3760358.000000 
13425800.000000 3873214.000000 
13979570.000000 3705410.000000 
13769400.000000 3763916.000000 
14345600.000000 3561638.000000 
14213150.000000 3590902.000000 
14079702.000000 3673182.000000 
14039922.000000 3701670.000000 
18076824.000000 3390472.000000 
15792870.000000 3464792.000000 
15965908.000000 3402424.000000 
18195298.000000 3309970.000000 

13254776.000000 4062332.000000 
13212760.000000 4139312.000000 
13263612.000000 4061298.000000 
13726252.000000 3771220.000000 
14265664.000000 3534294.000000 
14062102.000000 3591922.000000 
13801062.000000 3707282.000000 
13799118.000000 3753218.000000 
14054570.000000 3625348.000000 
13877736.000000 3686532.000000 
14595426.000000 3489490.000000 
13878224.000000 3660398.000000 
14292118.000000 3514316.000000 
14139900.000000 3544678.000000 
13066400.000000 4415002.000000 
15556208.000000 3204710.000000 
15675798.000000 3151340.000000 
14640028.000000 3415080.000000 
14759436.000000 3361432.000000 
13636726.000000 3792016.000000 
13669184.000000 3791684.000000 
13693856.000000 3779332.000000 
13615092.000000 3794702.000000 
13310372.000000 3988180.000000 
13589940.000000 3897782.000000 
13587202.000000 3897922.000000 
13573316.000000 3899150.000000 
13576052.000000 3899048.000000 
13367696.000000 3907266.000000 
14905414.000000 3320424.000000 
15515480.000000 3220402.000000 
16494888.000000 3002192.000000 
16038054.000000 3132070.000000 
16750542.000000 2978388.000000 
17260166.000000 2893044.000000 
15398560.000000 3302696.000000 

