16318158.000000 3759090.000000 
15925228.000000 3899234.000000 
15796814.000000 3960542.000000 
18205546.000000 3270676.000000 
16357494.000000 3715808.000000 
15167038.000000 4418020.000000 
15237492.000000 4142890.000000 
18159442.000000 3311928.000000 
17685410.000000 3331930.000000 
15623852.000000 4106856.000000 
15926416.000000 3851002.000000 
17230408.000000 3397188.000000 
16695068.000000 3461034.000000 
17172200.000000 3439656.000000 
16667338.000000 3613758.000000 

15339026.000000 5548960.000000 
17970646.000000 4472618.000000 
15261036.000000 5960660.000000 
20561722.000000 4180880.000000 
19557770.000000 4196998.000000 
19357968.000000 4244888.000000 
18468592.000000 4321846.000000 
15784462.000000 5012520.000000 
15539772.000000 5426924.000000 
16238304.000000 4967564.000000 
17819218.000000 4477428.000000 
18076936.000000 4338390.000000 
17406832.000000 4664700.000000 
16755160.000000 4767506.000000 
17142754.000000 4733800.000000 
16434332.000000 4840484.000000 

16088610.000000 3754906.000000 
14545974.000000 5458472.000000 
15865786.000000 4321768.000000 
15221556.000000 4799244.000000 
19589034.000000 3489602.000000 
19252716.000000 3512154.000000 
19244890.000000 3559370.000000 
16944282.000000 3614048.000000 
16608714.000000 3623150.000000 
16599068.000000 3668882.000000 
19847048.000000 3479676.000000 
17373104.000000 3593106.000000 

16100174.000000 4132446.000000 
16168470.000000 3835510.000000 
16307748.000000 3234874.000000 
16657352.000000 3231478.000000 
16669952.000000 3229424.000000 
16821344.000000 3195370.000000 
14525080.000000 4248506.000000 
15861680.000000 4144634.000000 

16665074.000000 3552190.000000 
16784442.000000 3538160.000000 
16992302.000000 3479036.000000 
17434314.000000 3434174.000000 
17449680.000000 3394632.000000 
17974288.000000 3372786.000000 
17386050.000000 3471366.000000 
14437180.000000 4405236.000000 
15697208.000000 4127130.000000 
15758928.000000 4102026.000000 
16129640.000000 4021104.000000 
16247648.000000 3823010.000000 
16544796.000000 3705812.000000 
16509028.000000 3753896.000000 
14515450.000000 4327482.000000 
16191596.000000 4002184.000000 
15979942.000000 4047314.000000 
15410118.000000 4249284.000000 
15686546.000000 4174930.000000 
15933972.000000 4054938.000000 
15616848.000000 4224016.000000 
15266528.000000 4314446.000000 
16149626.000000 4004022.000000 
16529370.000000 3737174.000000 
16473586.000000 3820138.000000 

17150278.000000 3386096.000000 
15229396.000000 4409956.000000 
14403520.000000 4975504.000000 
15966828.000000 3700954.000000 
15838734.000000 3909196.000000 
14696152.000000 4502836.000000 
15066294.000000 4438972.000000 
14351946.000000 5759802.000000 

15026518.000000 5506422.000000 
19779328.000000 3538814.000000 
16153192.000000 4278312.000000 
16003934.000000 4340750.000000 
16341796.000000 4264580.000000 
17768550.000000 3601202.000000 
15744608.000000 4374594.000000 
17143104.000000 3710034.000000 
17526752.000000 3651576.000000 
14853826.000000 6279452.000000 
16439500.000000 4110994.000000 
16809842.000000 4014090.000000 
15090060.000000 4796520.000000 
15220628.000000 4564902.000000 
15284158.000000 4396900.000000 
17083448.000000 3805152.000000 
17566742.000000 3644184.000000 
14952392.000000 6255824.000000 

18243332.000000 3427220.000000 
17203006.000000 3470672.000000 
15599468.000000 4787536.000000 
15631478.000000 4718816.000000 
14491288.000000 5028370.000000 
14100676.000000 5502046.000000 
16020930.000000 4680676.000000 
16939836.000000 4109528.000000 
14987442.000000 4877448.000000 
17129058.000000 4063556.000000 
16274136.000000 4600586.000000 
16724852.000000 4143096.000000 
16126736.000000 4616660.000000 
16183506.000000 4610394.000000 
16091304.000000 4633542.000000 
13992508.000000 5801708.000000 
16291184.000000 4186640.000000 
16863648.000000 4132064.000000 
15147478.000000 4828840.000000 
14080444.000000 5526148.000000 
15606416.000000 4757498.000000 

16847628.000000 3682266.000000 
15407936.000000 4501674.000000 
15940130.000000 4365472.000000 
21329584.000000 3602650.000000 
16195374.000000 3904122.000000 

21812988.000000 3786438.000000 
20299130.000000 3795576.000000 
15457970.000000 4482532.000000 
15725072.000000 3895754.000000 
18359814.000000 3876216.000000 
15492564.000000 4328100.000000 
18580092.000000 3813518.000000 
15382256.000000 5705696.000000 
16845840.000000 3882440.000000 
18491156.000000 3842230.000000 
18837792.000000 3797862.000000 

14815834.000000 5711542.000000 
17257498.000000 3331440.000000 
17792680.000000 3127168.000000 
15729270.000000 5164048.000000 
17223436.000000 3451166.000000 
16589398.000000 3487318.000000 
16461282.000000 3690956.000000 
15763380.000000 4478222.000000 
15392738.000000 5288976.000000 
15261700.000000 5654846.000000 
15679610.000000 5201750.000000 
17847080.000000 3122712.000000 
15808366.000000 4091674.000000 
17631340.000000 3170258.000000 
17675812.000000 3154554.000000 
17479268.000000 3266470.000000 
16950008.000000 3469206.000000 

19280824.000000 3473132.000000 
17389592.000000 3620904.000000 
15270720.000000 4122686.000000 
14869250.000000 4318370.000000 
14235452.000000 4343372.000000 
14088568.000000 4731142.000000 
17450646.000000 3600848.000000 
14917640.000000 4213610.000000 
18720488.000000 3516390.000000 
15357400.000000 4097700.000000 
16167852.000000 3860948.000000 
16128412.000000 3873544.000000 
18362736.000000 3537688.000000 
17666864.000000 3577862.000000 
16221790.000000 3692856.000000 
16971802.000000 3624564.000000 
16436618.000000 3692012.000000 
17099840.000000 3623720.000000 
15619252.000000 4082146.000000 
15258200.000000 4141908.000000 
16105122.000000 3885968.000000 
16760576.000000 3648880.000000 
17501428.000000 3580568.000000 
18541796.000000 3519366.000000 
17642332.000000 3580522.000000 
18695956.000000 3519122.000000 
15641790.000000 3938014.000000 
15968312.000000 3922874.000000 
16199682.000000 3855658.000000 

15274566.000000 5737824.000000 
15243256.000000 5813598.000000 
16860820.000000 3827348.000000 
17498476.000000 3384392.000000 
18069544.000000 3306644.000000 
15583988.000000 5578762.000000 
16038862.000000 4099468.000000 
16036924.000000 5084616.000000 
16451530.000000 3894170.000000 
15581718.000000 5643992.000000 
15787028.000000 5304904.000000 
16987480.000000 3750964.000000 
15604348.000000 5462976.000000 
15858992.000000 5255064.000000 
15098028.000000 5904066.000000 
16486326.000000 3878948.000000 
16073658.000000 4084246.000000 
15357780.000000 5674438.000000 

19896126.000000 3381952.000000 
20212956.000000 3338786.000000 
17505642.000000 3397114.000000 
17428618.000000 3471936.000000 
19959578.000000 3375912.000000 
19315536.000000 3392322.000000 
20344494.000000 3253166.000000 
15251620.000000 5655570.000000 
15315968.000000 4905920.000000 
15456984.000000 4875326.000000 
17181498.000000 3689954.000000 
14874902.000000 6300042.000000 
16000194.000000 3823668.000000 
17287116.000000 3515528.000000 
15997720.000000 3870754.000000 
15020802.000000 6260112.000000 
15136396.000000 6194148.000000 
15299494.000000 5584346.000000 
17126384.000000 3755450.000000 
16958532.000000 3761404.000000 
16924912.000000 3789830.000000 
15482922.000000 3989910.000000 

18795128.000000 3523544.000000 
16903932.000000 3926712.000000 
16829442.000000 4113978.000000 
17449754.000000 3760648.000000 
16934740.000000 3909418.000000 
18267508.000000 3582166.000000 
17084810.000000 3817460.000000 
16892990.000000 4008634.000000 
16335154.000000 4531060.000000 
21066510.000000 3354252.000000 
19718268.000000 3378770.000000 
19494882.000000 3486680.000000 
19420748.000000 3507934.000000 
16532200.000000 4372600.000000 
16037678.000000 4583468.000000 
16666798.000000 4119346.000000 
14397508.000000 4964314.000000 
15370366.000000 4591628.000000 
18241794.000000 3685200.000000 
18020982.000000 3703872.000000 
17717474.000000 3712108.000000 
17684732.000000 3724582.000000 

20136124.000000 3633254.000000 
21096592.000000 3592720.000000 
19974432.000000 3710614.000000 
17080922.000000 4391360.000000 
16327882.000000 4558684.000000 
18113492.000000 3878474.000000 
18630534.000000 3840064.000000 
19689244.000000 3802150.000000 
19073892.000000 3839470.000000 
17951152.000000 3955330.000000 
17534336.000000 4120668.000000 
16136642.000000 4741664.000000 
16171392.000000 4635618.000000 
15762822.000000 4813446.000000 
22302274.000000 3539882.000000 

15229636.000000 4804434.000000 
15368520.000000 4330076.000000 
14811530.000000 5864354.000000 
19584834.000000 3314776.000000 
17234956.000000 3331348.000000 
16475408.000000 4085458.000000 
16317516.000000 4153556.000000 
15328346.000000 4794736.000000 
15168668.000000 4839150.000000 
16103628.000000 4268670.000000 
14826510.000000 5770398.000000 
16417048.000000 4088114.000000 
16554498.000000 3652430.000000 

15001360.000000 5044714.000000 
14965846.000000 5230522.000000 
15763568.000000 3755936.000000 
15378962.000000 4098566.000000 
16222294.000000 3405266.000000 
15246354.000000 4938664.000000 
16084794.000000 3537802.000000 
15578956.000000 3953952.000000 
15335336.000000 4136434.000000 
16471314.000000 3374684.000000 
16539134.000000 3373512.000000 
15684074.000000 3776504.000000 
15779488.000000 3711460.000000 

14621940.000000 4700392.000000 
14426762.000000 4741294.000000 
16837530.000000 3571462.000000 
16345840.000000 3691438.000000 
15345436.000000 3784768.000000 
16410624.000000 3640482.000000 
17342070.000000 3374882.000000 
16969678.000000 3452852.000000 
14909490.000000 4331668.000000 
14733704.000000 4689430.000000 
16282112.000000 3776176.000000 
16752690.000000 3589028.000000 
16394012.000000 3659508.000000 
16302552.000000 3714840.000000 

16112742.000000 3668508.000000 
15186242.000000 3967532.000000 
14138154.000000 5438564.000000 
14151860.000000 5336552.000000 
15639900.000000 3868948.000000 
14550080.000000 4937124.000000 
14354956.000000 5082286.000000 
14416390.000000 5050534.000000 
15572492.000000 3898166.000000 
14833306.000000 4023274.000000 
14360966.000000 5060924.000000 
14837382.000000 4002762.000000 
16782276.000000 3578564.000000 
16569750.000000 3589600.000000 
16216100.000000 3623952.000000 

16344360.000000 4040976.000000 
14920640.000000 4696368.000000 
14424626.000000 5062518.000000 
14830352.000000 4873356.000000 
14375842.000000 5130202.000000 
17972238.000000 3705764.000000 
16719168.000000 3894216.000000 
19349436.000000 3512748.000000 
17366404.000000 3816646.000000 
18353180.000000 3555616.000000 
14324028.000000 5364378.000000 
18250728.000000 3575034.000000 
16098354.000000 4126098.000000 
15518368.000000 4264340.000000 
15181000.000000 4327562.000000 
14731930.000000 5045414.000000 
14172992.000000 5412760.000000 
14142666.000000 5513796.000000 
17720388.000000 3718698.000000 
17461552.000000 3785304.000000 
18082334.000000 3649398.000000 

16732688.000000 4454304.000000 
16062954.000000 4597192.000000 
18269458.000000 3658588.000000 
18036074.000000 3814884.000000 
16786906.000000 4002020.000000 
14553092.000000 5291116.000000 
18711762.000000 3648148.000000 
17528734.000000 3973000.000000 
15088708.000000 4805810.000000 
15718540.000000 4684180.000000 
16728446.000000 4465482.000000 
16595918.000000 4547634.000000 
15695932.000000 4740842.000000 
14826098.000000 5234130.000000 
15765010.000000 4609258.000000 
16475048.000000 4558078.000000 
17728762.000000 3900460.000000 
14992212.000000 4956300.000000 
16677886.000000 4522062.000000 

14760720.000000 5421540.000000 
18051000.000000 3310904.000000 
17594286.000000 3353470.000000 
15330062.000000 4242014.000000 
14977722.000000 4582234.000000 
14898900.000000 4757572.000000 
16195456.000000 3612950.000000 
15843670.000000 3979622.000000 
14795192.000000 5393886.000000 
14881678.000000 5300228.000000 
15726520.000000 4186826.000000 
15276932.000000 4532498.000000 
14799760.000000 5380188.000000 
17177106.000000 3408110.000000 
17012060.000000 3501002.000000 
16912640.000000 3542890.000000 
14839096.000000 5315868.000000 

14831540.000000 4583050.000000 
14826246.000000 4606272.000000 
15505416.000000 4450400.000000 
15996898.000000 4146148.000000 
16354178.000000 3875146.000000 
16017594.000000 4022846.000000 
17613946.000000 3751688.000000 
18051080.000000 3502760.000000 
20356132.000000 3396998.000000 
20343400.000000 3435396.000000 
16121754.000000 3915476.000000 
14216110.000000 4874002.000000 
15931112.000000 4292620.000000 
14573440.000000 4665888.000000 
14582174.000000 4642220.000000 
17403518.000000 3812620.000000 
17995216.000000 3511228.000000 
15295162.000000 4526894.000000 
17906632.000000 3649990.000000 
15293068.000000 4550522.000000 

16299044.000000 3697200.000000 
16309380.000000 3661662.000000 
17683694.000000 3207236.000000 
18121532.000000 3061078.000000 
15448138.000000 4704738.000000 
16324802.000000 3287554.000000 
16946202.000000 3273028.000000 
16133892.000000 3720336.000000 
14593748.000000 4820592.000000 
13911688.000000 4876622.000000 
15473264.000000 4689218.000000 
15562164.000000 4382792.000000 
15983422.000000 3814720.000000 
16021220.000000 3785258.000000 
15945926.000000 3941316.000000 
15870424.000000 4196542.000000 
15738768.000000 4321708.000000 

17997448.000000 3488600.000000 
17445426.000000 3601710.000000 
15522286.000000 4766138.000000 
16449880.000000 4128290.000000 
19171122.000000 3448054.000000 
16852728.000000 3974468.000000 
16229916.000000 4137914.000000 
14608434.000000 5415316.000000 
14037192.000000 5416598.000000 
17216580.000000 3743014.000000 
17313172.000000 3720656.000000 
15717224.000000 4633642.000000 
16110384.000000 4534872.000000 
19430646.000000 3289684.000000 
16208820.000000 4439472.000000 
14858718.000000 4839218.000000 
17208518.000000 3754922.000000 
19093022.000000 3476296.000000 
15988052.000000 4572368.000000 

15027012.000000 4908064.000000 
14670556.000000 5063564.000000 
14530838.000000 5096566.000000 
17848672.000000 3730020.000000 
16785790.000000 4116606.000000 
16350088.000000 4189384.000000 
16172348.000000 4359068.000000 
15513504.000000 4443468.000000 
15484978.000000 4576876.000000 
17732740.000000 3823454.000000 
16556876.000000 4141312.000000 
15896208.000000 4407828.000000 
18303308.000000 3709608.000000 

15849330.000000 3606992.000000 
16099220.000000 3473540.000000 
16665088.000000 3408328.000000 
16828426.000000 3351852.000000 
14856676.000000 4231150.000000 
16251842.000000 3469692.000000 
17512972.000000 3287574.000000 
18163072.000000 3140220.000000 
17958882.000000 3145918.000000 
18134356.000000 3140440.000000 
17330182.000000 3339508.000000 
14720138.000000 4515778.000000 
14731306.000000 4453802.000000 
14884234.000000 4153100.000000 
15117688.000000 3942778.000000 
15885998.000000 3487314.000000 
16038620.000000 3483466.000000 
17861120.000000 3172942.000000 

15789048.000000 4814068.000000 
18939510.000000 3574844.000000 
18107752.000000 3610282.000000 
20277436.000000 3369268.000000 
17197972.000000 3652022.000000 
18535332.000000 3606760.000000 
16278342.000000 3768268.000000 
16591064.000000 3766422.000000 
16236270.000000 3797602.000000 
14914378.000000 6864866.000000 
17027260.000000 3679062.000000 
17057850.000000 3675856.000000 
15468098.000000 5810838.000000 
15802840.000000 4382738.000000 
16110534.000000 3917734.000000 
19534336.000000 3533130.000000 
15903308.000000 3941374.000000 

14797370.000000 5226482.000000 
17191456.000000 3544532.000000 
15555460.000000 3753204.000000 
18430420.000000 3268662.000000 
20022116.000000 3096788.000000 
19874630.000000 3108540.000000 
15467244.000000 4183878.000000 
17009146.000000 3662048.000000 
17563218.000000 3484656.000000 
17340554.000000 3533624.000000 
19664950.000000 3160942.000000 
18837604.000000 3194030.000000 
18234062.000000 3375698.000000 
18162836.000000 3396970.000000 
16985370.000000 3711942.000000 
15021570.000000 4488826.000000 
19702830.000000 3119542.000000 

