15748140.000000 3905430.000000 
17658860.000000 3140150.000000 
18201554.000000 3048528.000000 
17684360.000000 3111990.000000 
16189298.000000 3646008.000000 
15003352.000000 4516308.000000 
15180002.000000 4225868.000000 
15122680.000000 4322400.000000 
15330006.000000 3963794.000000 
15133240.000000 4240158.000000 
17955870.000000 3072438.000000 
17434728.000000 3253562.000000 
16394208.000000 3535604.000000 
15896828.000000 3721606.000000 
17317692.000000 3342544.000000 
16572112.000000 3361526.000000 
17554840.000000 3233092.000000 
15216570.000000 4222638.000000 
15388564.000000 3941056.000000 
16542008.000000 3404934.000000 
16456668.000000 3465210.000000 
16439310.000000 3486414.000000 
17620084.000000 3228728.000000 
15281836.000000 4043898.000000 
15773850.000000 3804740.000000 
15223314.000000 4066660.000000 
16026066.000000 3682674.000000 
16229068.000000 3602748.000000 

17912420.000000 4466372.000000 
18005350.000000 4430602.000000 
15339026.000000 5548960.000000 
15261036.000000 5960660.000000 
20561722.000000 4180880.000000 
19557770.000000 4196998.000000 
19357968.000000 4244888.000000 
18468592.000000 4321846.000000 
15784462.000000 5012520.000000 
15539772.000000 5426924.000000 
16238304.000000 4967564.000000 
17819218.000000 4477428.000000 
18076936.000000 4338390.000000 
17406832.000000 4664700.000000 
16755160.000000 4767506.000000 
17142754.000000 4733800.000000 
16434332.000000 4840484.000000 

15103766.000000 4552378.000000 
18913636.000000 3527194.000000 
16912438.000000 3548866.000000 
18878332.000000 3532274.000000 
19721940.000000 3437148.000000 
16032072.000000 3792066.000000 
15111054.000000 4499096.000000 
16088610.000000 3754906.000000 
14892466.000000 4575434.000000 
16670214.000000 3607326.000000 
18699126.000000 3537078.000000 
14341316.000000 5194328.000000 
14851998.000000 4726530.000000 
16168618.000000 3612756.000000 
18918718.000000 3474426.000000 
15865786.000000 4321768.000000 

19003390.000000 3178966.000000 
15924718.000000 3714596.000000 
15092110.000000 3935454.000000 
19096992.000000 3174060.000000 
19117066.000000 3145286.000000 
14384798.000000 5068496.000000 
15714342.000000 3750222.000000 
16015076.000000 3702998.000000 
14319842.000000 5179752.000000 
14139050.000000 5186840.000000 
16096234.000000 3695780.000000 
14522954.000000 5024070.000000 
14391670.000000 5032368.000000 
19715532.000000 3070948.000000 
14346742.000000 5113950.000000 
16307748.000000 3234874.000000 
16607174.000000 3225436.000000 
14525080.000000 4248506.000000 
15964872.000000 3707994.000000 
16137002.000000 3628852.000000 
19679916.000000 3123292.000000 
16739912.000000 3191230.000000 
16199114.000000 3422774.000000 

16745258.000000 3313348.000000 
16466222.000000 3437700.000000 
15412736.000000 3973868.000000 
15248562.000000 3979524.000000 
14483872.000000 4342774.000000 
16143572.000000 3820574.000000 
16353118.000000 3713358.000000 
16109952.000000 3830394.000000 
17648448.000000 3278762.000000 
14515450.000000 4327482.000000 
16386610.000000 3703544.000000 
15954868.000000 3928124.000000 
16769684.000000 3288386.000000 
16498886.000000 3412966.000000 
14528656.000000 4268212.000000 
15145344.000000 4083226.000000 
16108676.000000 3887016.000000 
14281418.000000 4854438.000000 
14437180.000000 4405236.000000 
15035280.000000 4088714.000000 
15213072.000000 3989140.000000 
14999662.000000 4098336.000000 
14560362.000000 4252914.000000 
14787372.000000 4147728.000000 
14755794.000000 4163020.000000 

15459980.000000 4076602.000000 
17104546.000000 3390630.000000 
14380492.000000 5232298.000000 
15351284.000000 4127892.000000 
15966866.000000 3681492.000000 
15775880.000000 3844098.000000 
16335446.000000 3602278.000000 
15462636.000000 4066214.000000 
14853944.000000 4308320.000000 
13930100.000000 5492896.000000 
14696152.000000 4502836.000000 
14812658.000000 4491432.000000 
14308120.000000 5424166.000000 
15966828.000000 3700954.000000 
14403520.000000 4975504.000000 
17150278.000000 3386096.000000 
15090714.000000 4156098.000000 
15093498.000000 4145546.000000 

14641532.000000 4866398.000000 
13982734.000000 5610616.000000 
17793902.000000 3448694.000000 
16492086.000000 3758834.000000 
17637910.000000 3565484.000000 
17658862.000000 3549470.000000 
14616702.000000 4868738.000000 
14842238.000000 4715698.000000 
14054136.000000 5216624.000000 
19154412.000000 3407146.000000 
15220628.000000 4564902.000000 
15152380.000000 4627098.000000 
17043438.000000 3637622.000000 
14408494.000000 5019296.000000 
15126302.000000 4648810.000000 
17699450.000000 3526584.000000 
16439500.000000 4110994.000000 
16198158.000000 4256298.000000 
17072976.000000 3581356.000000 
15815054.000000 4334064.000000 
19470780.000000 3377266.000000 
15805672.000000 4355774.000000 
13924460.000000 5859028.000000 
15717386.000000 4356090.000000 
17845392.000000 3410864.000000 
15284158.000000 4396900.000000 
16153192.000000 4278312.000000 
15922782.000000 4300846.000000 
16320346.000000 4208590.000000 

13840978.000000 5055488.000000 
14967428.000000 4638160.000000 
16143286.000000 3818134.000000 
15485462.000000 4585054.000000 
15792410.000000 4169500.000000 
14418664.000000 5033652.000000 
15973964.000000 4064774.000000 
17290912.000000 3414424.000000 
14535882.000000 4763910.000000 
14739966.000000 4714472.000000 
17556964.000000 3410522.000000 
17688228.000000 3364966.000000 
16397464.000000 3498456.000000 
14520620.000000 4915254.000000 
13597428.000000 5330868.000000 
15778436.000000 4229270.000000 
16305360.000000 3629056.000000 
18708814.000000 3355044.000000 
15613152.000000 4342538.000000 
17203006.000000 3470672.000000 
14491288.000000 5028370.000000 
14493144.000000 4983172.000000 

16480220.000000 3732710.000000 
19733324.000000 3564366.000000 
16618302.000000 3658730.000000 
14592862.000000 4782194.000000 
18840498.000000 3601454.000000 
18853614.000000 3593176.000000 
15606740.000000 4452434.000000 
15024586.000000 4686702.000000 
16240724.000000 3798762.000000 
16181990.000000 3808062.000000 
20017772.000000 3551344.000000 
21111594.000000 3490616.000000 
14729012.000000 4711112.000000 
15631520.000000 4348602.000000 
15249126.000000 4504804.000000 
21145924.000000 3441690.000000 
18351090.000000 3619022.000000 
15407936.000000 4501674.000000 
21739150.000000 3413850.000000 
15711042.000000 3892920.000000 
16922902.000000 3645806.000000 
19153596.000000 3576642.000000 

19816958.000000 3659302.000000 
15253626.000000 5243264.000000 
16316268.000000 3889800.000000 
19755582.000000 3751650.000000 
19090106.000000 3774358.000000 
15215678.000000 5691722.000000 
15457970.000000 4482532.000000 
15720994.000000 3934532.000000 
16329788.000000 3848468.000000 
16321246.000000 3851334.000000 
15497692.000000 3948878.000000 
15492564.000000 4328100.000000 
15725072.000000 3895754.000000 
18580092.000000 3813518.000000 
18491156.000000 3842230.000000 
18837792.000000 3797862.000000 

15737936.000000 4051350.000000 
17719612.000000 3140626.000000 
16894128.000000 3365638.000000 
15127406.000000 5047746.000000 
15158534.000000 4941580.000000 
17393356.000000 3278294.000000 
14456688.000000 5156570.000000 
17464648.000000 3260416.000000 
15610970.000000 4119600.000000 
16559622.000000 3612524.000000 
15235638.000000 4895030.000000 
15559384.000000 4806740.000000 
14344004.000000 5700576.000000 
14602744.000000 5090766.000000 
15233484.000000 4898212.000000 
17238018.000000 3337742.000000 
16461282.000000 3690956.000000 
17847080.000000 3122712.000000 
16589398.000000 3487318.000000 
16902810.000000 3348016.000000 
16290160.000000 3892318.000000 
17675812.000000 3154554.000000 
17792680.000000 3127168.000000 
17257498.000000 3331440.000000 
17631340.000000 3170258.000000 
17276846.000000 3330026.000000 

14909338.000000 4098352.000000 
16660376.000000 3668184.000000 
15710298.000000 3917316.000000 
22438380.000000 3357892.000000 
20537418.000000 3436308.000000 
16014300.000000 3816406.000000 
18760512.000000 3497426.000000 
14587858.000000 4319426.000000 
18362736.000000 3537688.000000 
14825476.000000 4159088.000000 
13943130.000000 4468954.000000 
19280824.000000 3473132.000000 
15039578.000000 4036680.000000 
16597012.000000 3683716.000000 
15720278.000000 3858950.000000 
16966214.000000 3641112.000000 
20802372.000000 3364434.000000 
15409502.000000 3996442.000000 
19681516.000000 3436554.000000 
19660832.000000 3439342.000000 
14637932.000000 4231308.000000 
17703048.000000 3560398.000000 
16216202.000000 3709404.000000 
18541796.000000 3519366.000000 
17141336.000000 3603836.000000 
19549118.000000 3463328.000000 
17678452.000000 3562178.000000 
18735916.000000 3499278.000000 
16621842.000000 3673786.000000 
18693862.000000 3503500.000000 
15645200.000000 3921448.000000 
17490606.000000 3581564.000000 
15455372.000000 3984426.000000 
16760576.000000 3648880.000000 
17501428.000000 3580568.000000 
17402144.000000 3600504.000000 
16971802.000000 3624564.000000 
14235452.000000 4343372.000000 
20781688.000000 3367294.000000 
17666864.000000 3577862.000000 
16221790.000000 3692856.000000 
17099840.000000 3623720.000000 
15641790.000000 3938014.000000 
16436618.000000 3692012.000000 
17642332.000000 3580522.000000 

15123978.000000 4018528.000000 
15990606.000000 3971098.000000 
15280858.000000 4003008.000000 
16741926.000000 3748234.000000 
15500208.000000 3984600.000000 
14455806.000000 5203510.000000 
14723412.000000 5012484.000000 
14685888.000000 5179180.000000 
15499066.000000 3984960.000000 
15619222.000000 3971232.000000 
20997160.000000 3296136.000000 
17450724.000000 3396866.000000 
21612392.000000 3275756.000000 
15242986.000000 4004614.000000 
21048974.000000 3292974.000000 
18034094.000000 3317528.000000 
18069544.000000 3306644.000000 
16195156.000000 3794784.000000 
15405246.000000 3989594.000000 
15615390.000000 3971342.000000 
14257712.000000 5357044.000000 
17440924.000000 3435582.000000 
17060938.000000 3450246.000000 
16905378.000000 3730488.000000 
17498476.000000 3384392.000000 
16057198.000000 3949866.000000 
17832766.000000 3346984.000000 

14255764.000000 6129936.000000 
17683634.000000 3255150.000000 
16147566.000000 3674916.000000 
16267328.000000 3592894.000000 
17753140.000000 3253234.000000 
22650884.000000 3159504.000000 
14935906.000000 4849378.000000 
16541130.000000 3527948.000000 
16617568.000000 3415488.000000 
15608482.000000 3815392.000000 
20133834.000000 3208560.000000 
19578666.000000 3243206.000000 
15541460.000000 3969974.000000 
16313844.000000 3549074.000000 
16830632.000000 3415086.000000 
14530172.000000 5453732.000000 
14571936.000000 5346470.000000 
17236016.000000 3321734.000000 
17166510.000000 3323470.000000 
14593646.000000 5174056.000000 
15482922.000000 3989910.000000 
15407764.000000 4026374.000000 
15598128.000000 3956676.000000 
14749340.000000 5132782.000000 
14624856.000000 5141204.000000 

15838822.000000 4473850.000000 
16955652.000000 3852676.000000 
16954708.000000 3873344.000000 
19552564.000000 3450050.000000 
16825904.000000 3899562.000000 
16771036.000000 3946966.000000 
15900932.000000 4452796.000000 
15357872.000000 4501134.000000 
16620198.000000 3974060.000000 
19946370.000000 3346180.000000 
16565594.000000 3987620.000000 
16847740.000000 3886074.000000 
18660880.000000 3458220.000000 
15847738.000000 4466188.000000 
16716462.000000 3960862.000000 
16145412.000000 4271830.000000 
18552832.000000 3462804.000000 
15340282.000000 4668594.000000 
17257572.000000 3593030.000000 
16782750.000000 3915320.000000 
17832962.000000 3467968.000000 
17119210.000000 3770082.000000 
14326730.000000 5863998.000000 
17084810.000000 3817460.000000 
14368840.000000 5590890.000000 
19718268.000000 3378770.000000 
19657510.000000 3400640.000000 
14397508.000000 4964314.000000 
14329424.000000 5676322.000000 
15245194.000000 4929390.000000 
14435866.000000 4948540.000000 
16234608.000000 4086874.000000 
16389484.000000 4073398.000000 
16414560.000000 4070498.000000 
16562036.000000 4064226.000000 
16204022.000000 4168784.000000 
16518300.000000 4067198.000000 

16127128.000000 4781728.000000 
17911490.000000 4101518.000000 
19689244.000000 3802150.000000 
16783818.000000 4409416.000000 
19903154.000000 3789278.000000 
18630534.000000 3840064.000000 
16136642.000000 4741664.000000 
16171392.000000 4635618.000000 
19073892.000000 3839470.000000 
16327882.000000 4558684.000000 
22302274.000000 3539882.000000 
18113492.000000 3878474.000000 
17951152.000000 3955330.000000 
17534336.000000 4120668.000000 
15762822.000000 4813446.000000 
15749420.000000 4975328.000000 
21096592.000000 3592720.000000 
20136124.000000 3633254.000000 
19974432.000000 3710614.000000 
16966966.000000 4349498.000000 

15223788.000000 4236442.000000 
14570904.000000 4608204.000000 
14472378.000000 4824656.000000 
14484616.000000 4781906.000000 
15131502.000000 4551396.000000 
15948134.000000 3896272.000000 
15773118.000000 4063376.000000 
19536066.000000 3241830.000000 
14704312.000000 4604900.000000 
14037722.000000 5520106.000000 
15331716.000000 4187516.000000 
19559632.000000 3228718.000000 
17678782.000000 3248038.000000 
17135278.000000 3396742.000000 
14352486.000000 5090330.000000 
17078656.000000 3516430.000000 
16975214.000000 3577272.000000 
15752344.000000 4163472.000000 
15393410.000000 4166616.000000 
16870996.000000 3585050.000000 
17656492.000000 3302476.000000 
16513902.000000 3891538.000000 
17234956.000000 3331348.000000 
16653010.000000 3587696.000000 
16554498.000000 3652430.000000 
17574174.000000 3309540.000000 

15222580.000000 4312576.000000 
13174790.000000 5272440.000000 
14942142.000000 4392264.000000 
16058592.000000 3538796.000000 
15158012.000000 4371038.000000 
15294318.000000 4145744.000000 
15263566.000000 4235198.000000 
15783696.000000 3645376.000000 
15484218.000000 3730700.000000 
16146682.000000 3522544.000000 
13471470.000000 4486504.000000 
13585510.000000 4419450.000000 
15689192.000000 3686792.000000 
16157582.000000 3474798.000000 
16036270.000000 3539094.000000 
15367156.000000 3904230.000000 
15335336.000000 4136434.000000 
15825794.000000 3576654.000000 
17159210.000000 3373444.000000 
15903164.000000 3559474.000000 
16222294.000000 3405266.000000 
16539134.000000 3373512.000000 
16084794.000000 3537802.000000 
16471314.000000 3374684.000000 

14395318.000000 4488064.000000 
17979796.000000 3236164.000000 
16020514.000000 3652248.000000 
16994400.000000 3325744.000000 
15970130.000000 3735670.000000 
17838306.000000 3269112.000000 
16109732.000000 3577686.000000 
16708318.000000 3480538.000000 
16424296.000000 3483440.000000 
16710402.000000 3337502.000000 
14775414.000000 4256238.000000 
16090254.000000 3646952.000000 
15142516.000000 3935620.000000 
16289284.000000 3488966.000000 
16190838.000000 3495944.000000 
14960938.000000 4108098.000000 
14798086.000000 4169458.000000 
15345436.000000 3784768.000000 
17203984.000000 3306392.000000 

14251924.000000 4962038.000000 
15545200.000000 3825122.000000 
16352376.000000 3554396.000000 
14699712.000000 4822474.000000 
15707674.000000 3637456.000000 
15230148.000000 3844056.000000 
14729966.000000 3924316.000000 
14716774.000000 4788686.000000 
14266242.000000 4927822.000000 
14138154.000000 5438564.000000 
15782308.000000 3593430.000000 
14151860.000000 5336552.000000 

14108490.000000 5397522.000000 
15687306.000000 3871812.000000 
21064416.000000 3327450.000000 
17905648.000000 3464164.000000 
14311962.000000 4711540.000000 
16787590.000000 3659372.000000 
14828150.000000 4613430.000000 
14955708.000000 4231322.000000 
15592182.000000 4203278.000000 
16386286.000000 3765028.000000 
14762778.000000 4707314.000000 
15610890.000000 4136676.000000 
19066846.000000 3405070.000000 
16429032.000000 3680862.000000 

16950800.000000 3481656.000000 
14660818.000000 4757148.000000 
16692024.000000 3549558.000000 
15191136.000000 3972748.000000 
14551666.000000 5131786.000000 
16605132.000000 3615334.000000 
15697252.000000 3694316.000000 
15024280.000000 4658420.000000 
16732342.000000 3527354.000000 
15105444.000000 4333210.000000 
14548326.000000 5998952.000000 

14307898.000000 5571618.000000 
14698228.000000 5314520.000000 
19233260.000000 3298004.000000 
14360734.000000 5506890.000000 
22778560.000000 3094810.000000 
17134476.000000 3390522.000000 
19476700.000000 3245532.000000 
14558128.000000 5476868.000000 
15374058.000000 4120158.000000 
14724354.000000 4132568.000000 
14621436.000000 5383076.000000 
22135490.000000 3110812.000000 
19100222.000000 3308810.000000 
15982970.000000 3505806.000000 
14282478.000000 5613090.000000 
18051000.000000 3310904.000000 
17966950.000000 3342894.000000 
15819998.000000 3625724.000000 
17594286.000000 3353470.000000 
16920376.000000 3437366.000000 
15692880.000000 3664102.000000 
16485384.000000 3445414.000000 

14793208.000000 4294798.000000 
15964198.000000 3834964.000000 
20729862.000000 3316028.000000 
15045718.000000 4004812.000000 
13814602.000000 5181412.000000 
13523966.000000 5211878.000000 
16976598.000000 3663984.000000 
16036302.000000 3822642.000000 
17176242.000000 3503594.000000 
16915762.000000 3716910.000000 
14596630.000000 4393266.000000 
13776088.000000 5187342.000000 
17847930.000000 3406628.000000 
15284390.000000 3961750.000000 
17031706.000000 3647588.000000 
15928930.000000 3886260.000000 
18569888.000000 3381016.000000 
16147386.000000 3763452.000000 
16531908.000000 3719254.000000 
14434700.000000 4630642.000000 
17293806.000000 3467992.000000 
14074250.000000 4804656.000000 
17094076.000000 3604428.000000 
15525082.000000 3890006.000000 
17146744.000000 3598332.000000 
20288476.000000 3359356.000000 
14587894.000000 4565774.000000 
16973922.000000 3697938.000000 
13830986.000000 4844482.000000 
14977206.000000 4060172.000000 

17762244.000000 2929600.000000 
17969646.000000 2928942.000000 
14533532.000000 4458972.000000 
14893822.000000 4409138.000000 
20656134.000000 2891624.000000 
15171716.000000 4213778.000000 
15203214.000000 4185294.000000 
16214348.000000 3440386.000000 
15460512.000000 3634074.000000 
14605692.000000 4436914.000000 
14407120.000000 4514002.000000 
15829058.000000 3531618.000000 
15871142.000000 3522084.000000 
16256048.000000 3430790.000000 
15081960.000000 4244086.000000 
14593594.000000 4448850.000000 
15990364.000000 3468238.000000 
17388250.000000 3101716.000000 
17442692.000000 3073258.000000 
16933698.000000 3144180.000000 
13739324.000000 4738508.000000 
15364404.000000 4163752.000000 
17078096.000000 3132774.000000 
16569102.000000 3203696.000000 
16885956.000000 3173002.000000 
15100452.000000 4218776.000000 
13670524.000000 4770328.000000 
14895222.000000 4300892.000000 
14352746.000000 4515664.000000 
14506676.000000 4488116.000000 
15199366.000000 4188598.000000 
14907766.000000 4275818.000000 
14835154.000000 4414506.000000 
15382764.000000 3882662.000000 
13477916.000000 4828600.000000 
16324802.000000 3287554.000000 
14212366.000000 4601310.000000 
16512202.000000 3232388.000000 

18684868.000000 3357298.000000 
13878162.000000 6110268.000000 
15827566.000000 4297836.000000 
15875184.000000 4180388.000000 
14085852.000000 5341676.000000 
19837334.000000 3288376.000000 
20825668.000000 3236808.000000 
16411220.000000 4099520.000000 
16888952.000000 3844576.000000 
17071560.000000 3841042.000000 
16702010.000000 3871656.000000 
16459402.000000 3982114.000000 
19397922.000000 3339684.000000 
15249692.000000 4751738.000000 
20777694.000000 3248888.000000 
17840330.000000 3593416.000000 
14283616.000000 5204826.000000 
15114252.000000 4753738.000000 
17413268.000000 3691262.000000 
18252542.000000 3481482.000000 
18285028.000000 3363140.000000 
17398204.000000 3719212.000000 
15280124.000000 4504954.000000 
14037192.000000 5416598.000000 
17445426.000000 3601710.000000 
18997474.000000 3345542.000000 
17997448.000000 3488600.000000 
19430646.000000 3289684.000000 
19420788.000000 3298924.000000 
20792472.000000 3240008.000000 
17305110.000000 3732564.000000 
16229916.000000 4137914.000000 
15814606.000000 4412574.000000 
15271906.000000 4632840.000000 
14740294.000000 5148176.000000 
17313172.000000 3720656.000000 
17216580.000000 3743014.000000 
17141636.000000 3821990.000000 
14858718.000000 4839218.000000 
17208518.000000 3754922.000000 

19842470.000000 3569510.000000 
18666096.000000 3598586.000000 
14774310.000000 4776550.000000 
15220280.000000 4675498.000000 
16773358.000000 3729526.000000 
16084480.000000 3956478.000000 
17062152.000000 3667820.000000 
18155078.000000 3616208.000000 
18682730.000000 3579748.000000 
16532032.000000 3790652.000000 
16939360.000000 3690634.000000 
15106592.000000 4765622.000000 
13938654.000000 5374984.000000 
15583364.000000 4316508.000000 
13965392.000000 5032338.000000 
15223774.000000 4652848.000000 
17734356.000000 3646800.000000 
16147968.000000 3852036.000000 
15591424.000000 4185850.000000 
15435988.000000 4404602.000000 
14629140.000000 4819260.000000 
15216962.000000 4713764.000000 
15299820.000000 4498530.000000 
15371444.000000 4411906.000000 
15935590.000000 4005784.000000 
14549106.000000 4999926.000000 

19040568.000000 3114786.000000 
19006410.000000 3116424.000000 
14846884.000000 4418776.000000 
15008872.000000 4088276.000000 
15849330.000000 3606992.000000 
14999812.000000 4118074.000000 
17827656.000000 3150924.000000 
14731306.000000 4453802.000000 
14856676.000000 4231150.000000 
17700104.000000 3166830.000000 
16922298.000000 3309938.000000 
15440782.000000 3897282.000000 
15728182.000000 3807468.000000 
16099220.000000 3473540.000000 
16251842.000000 3469692.000000 
17726100.000000 3160274.000000 
15750048.000000 3710526.000000 
17512972.000000 3287574.000000 
17014616.000000 3303614.000000 
15241386.000000 3914584.000000 
15117688.000000 3942778.000000 
14720138.000000 4515778.000000 
18163072.000000 3140220.000000 
17958882.000000 3145918.000000 
18134356.000000 3140440.000000 
16665088.000000 3408328.000000 
16828426.000000 3351852.000000 
14884234.000000 4153100.000000 
15885998.000000 3487314.000000 
16038620.000000 3483466.000000 

14658974.000000 6357206.000000 
13612592.000000 7001316.000000 
15136848.000000 4747466.000000 
14843406.000000 5773216.000000 
19125066.000000 3227928.000000 
18875376.000000 3406052.000000 
15608678.000000 4481058.000000 
15482982.000000 4671198.000000 
15075550.000000 5469290.000000 
15083042.000000 5454746.000000 
20823490.000000 3148834.000000 
21009044.000000 3094646.000000 
18921636.000000 3364268.000000 
19668054.000000 3208812.000000 
15576940.000000 4525846.000000 
15573292.000000 4614044.000000 
15388368.000000 4741334.000000 
17950252.000000 3507368.000000 
17983584.000000 3504198.000000 
18207236.000000 3440338.000000 
19854854.000000 3154688.000000 
16993466.000000 3723086.000000 
18939966.000000 3283900.000000 
18169850.000000 3446524.000000 
17096916.000000 3586824.000000 
16004464.000000 3800710.000000 
16236270.000000 3797602.000000 
17027260.000000 3679062.000000 
15611046.000000 4175874.000000 
16278342.000000 3768268.000000 
16591064.000000 3766422.000000 
17057850.000000 3675856.000000 
15712482.000000 4035770.000000 
15903308.000000 3941374.000000 

18897424.000000 3135308.000000 
18782744.000000 3202152.000000 
18391892.000000 3278830.000000 
19882150.000000 3080302.000000 
19686882.000000 3087162.000000 
17603952.000000 3429124.000000 
14511884.000000 3888816.000000 
20432412.000000 3049684.000000 
18589588.000000 3216378.000000 
17291506.000000 3446848.000000 
18328600.000000 3293970.000000 
17080814.000000 3563320.000000 
18430420.000000 3268662.000000 
16439028.000000 3619096.000000 
17191456.000000 3544532.000000 
15555460.000000 3753204.000000 
17813186.000000 3338630.000000 
17782170.000000 3394762.000000 
18837604.000000 3194030.000000 

