90.0000000000 306.0000000000
142.0000000000 274.0000000000
135.0000000000 275.0000000000
129.0000000000 276.0000000000
124.0000000000 277.0000000000
91.0000000000 302.0000000000
121.0000000000 278.0000000000
118.0000000000 279.0000000000
115.0000000000 280.0000000000
113.0000000000 281.0000000000
110.0000000000 282.0000000000
109.0000000000 283.0000000000
106.0000000000 284.0000000000
105.0000000000 285.0000000000
103.0000000000 286.0000000000
100.0000000000 289.0000000000
99.0000000000 291.0000000000
97.0000000000 293.0000000000
96.0000000000 295.0000000000
95.0000000000 296.0000000000
94.0000000000 298.0000000000
93.0000000000 299.0000000000
92.0000000000 301.0000000000
102.0000000000 287.0000000000
101.0000000000 288.0000000000
98.0000000000 292.0000000000

90.0000000000 306.0000000000
142.0000000000 274.0000000000
135.0000000000 275.0000000000
129.0000000000 276.0000000000
124.0000000000 277.0000000000
91.0000000000 302.0000000000
121.0000000000 278.0000000000
118.0000000000 279.0000000000
115.0000000000 280.0000000000
113.0000000000 281.0000000000
110.0000000000 282.0000000000
109.0000000000 283.0000000000
106.0000000000 284.0000000000
105.0000000000 285.0000000000
103.0000000000 286.0000000000
100.0000000000 289.0000000000
99.0000000000 291.0000000000
97.0000000000 293.0000000000
96.0000000000 295.0000000000
95.0000000000 296.0000000000
94.0000000000 298.0000000000
93.0000000000 299.0000000000
92.0000000000 301.0000000000
102.0000000000 287.0000000000
101.0000000000 288.0000000000
98.0000000000 292.0000000000

90.0000000000 306.0000000000
142.0000000000 274.0000000000
135.0000000000 275.0000000000
129.0000000000 276.0000000000
124.0000000000 277.0000000000
91.0000000000 302.0000000000
121.0000000000 278.0000000000
118.0000000000 279.0000000000
115.0000000000 280.0000000000
113.0000000000 281.0000000000
110.0000000000 282.0000000000
109.0000000000 283.0000000000
106.0000000000 284.0000000000
105.0000000000 285.0000000000
103.0000000000 286.0000000000
100.0000000000 289.0000000000
99.0000000000 291.0000000000
97.0000000000 293.0000000000
96.0000000000 295.0000000000
95.0000000000 296.0000000000
94.0000000000 298.0000000000
93.0000000000 299.0000000000
92.0000000000 301.0000000000
102.0000000000 287.0000000000
101.0000000000 288.0000000000
98.0000000000 292.0000000000

90.0000000000 306.0000000000
142.0000000000 274.0000000000
135.0000000000 275.0000000000
129.0000000000 276.0000000000
124.0000000000 277.0000000000
91.0000000000 302.0000000000
121.0000000000 278.0000000000
118.0000000000 279.0000000000
115.0000000000 280.0000000000
113.0000000000 281.0000000000
110.0000000000 282.0000000000
109.0000000000 283.0000000000
106.0000000000 284.0000000000
105.0000000000 285.0000000000
103.0000000000 286.0000000000
100.0000000000 289.0000000000
99.0000000000 291.0000000000
97.0000000000 293.0000000000
96.0000000000 295.0000000000
95.0000000000 296.0000000000
94.0000000000 298.0000000000
93.0000000000 299.0000000000
92.0000000000 301.0000000000
102.0000000000 287.0000000000
101.0000000000 288.0000000000
98.0000000000 292.0000000000

90.0000000000 306.0000000000
142.0000000000 274.0000000000
135.0000000000 275.0000000000
129.0000000000 276.0000000000
124.0000000000 277.0000000000
91.0000000000 302.0000000000
121.0000000000 278.0000000000
118.0000000000 279.0000000000
115.0000000000 280.0000000000
113.0000000000 281.0000000000
110.0000000000 282.0000000000
109.0000000000 283.0000000000
106.0000000000 284.0000000000
105.0000000000 285.0000000000
103.0000000000 286.0000000000
100.0000000000 289.0000000000
99.0000000000 291.0000000000
97.0000000000 293.0000000000
96.0000000000 295.0000000000
95.0000000000 296.0000000000
94.0000000000 298.0000000000
93.0000000000 299.0000000000
92.0000000000 301.0000000000
102.0000000000 287.0000000000
101.0000000000 288.0000000000
98.0000000000 292.0000000000

142.0000000000 274.0000000000
90.0000000000 306.0000000000
135.0000000000 275.0000000000
129.0000000000 276.0000000000
124.0000000000 277.0000000000
91.0000000000 302.0000000000
121.0000000000 278.0000000000
118.0000000000 279.0000000000
115.0000000000 280.0000000000
113.0000000000 281.0000000000
110.0000000000 282.0000000000
109.0000000000 283.0000000000
106.0000000000 284.0000000000
105.0000000000 285.0000000000
103.0000000000 286.0000000000
100.0000000000 289.0000000000
99.0000000000 291.0000000000
97.0000000000 293.0000000000
96.0000000000 295.0000000000
95.0000000000 296.0000000000
94.0000000000 298.0000000000
93.0000000000 299.0000000000
92.0000000000 301.0000000000
102.0000000000 287.0000000000
101.0000000000 288.0000000000
98.0000000000 292.0000000000

142.0000000000 274.0000000000
90.0000000000 306.0000000000
135.0000000000 275.0000000000
129.0000000000 276.0000000000
124.0000000000 277.0000000000
91.0000000000 302.0000000000
121.0000000000 278.0000000000
118.0000000000 279.0000000000
115.0000000000 280.0000000000
113.0000000000 281.0000000000
110.0000000000 282.0000000000
109.0000000000 283.0000000000
106.0000000000 284.0000000000
105.0000000000 285.0000000000
103.0000000000 286.0000000000
100.0000000000 289.0000000000
99.0000000000 291.0000000000
97.0000000000 293.0000000000
96.0000000000 295.0000000000
95.0000000000 296.0000000000
94.0000000000 298.0000000000
93.0000000000 299.0000000000
92.0000000000 301.0000000000
102.0000000000 287.0000000000
101.0000000000 288.0000000000
98.0000000000 292.0000000000

90.0000000000 306.0000000000
142.0000000000 274.0000000000
135.0000000000 275.0000000000
129.0000000000 276.0000000000
124.0000000000 277.0000000000
91.0000000000 302.0000000000
121.0000000000 278.0000000000
118.0000000000 279.0000000000
115.0000000000 280.0000000000
113.0000000000 281.0000000000
110.0000000000 282.0000000000
109.0000000000 283.0000000000
106.0000000000 284.0000000000
105.0000000000 285.0000000000
103.0000000000 286.0000000000
100.0000000000 289.0000000000
99.0000000000 291.0000000000
97.0000000000 293.0000000000
96.0000000000 295.0000000000
95.0000000000 296.0000000000
94.0000000000 298.0000000000
93.0000000000 299.0000000000
92.0000000000 301.0000000000
102.0000000000 287.0000000000
101.0000000000 288.0000000000
98.0000000000 292.0000000000

90.0000000000 306.0000000000
142.0000000000 274.0000000000
135.0000000000 275.0000000000
129.0000000000 276.0000000000
124.0000000000 277.0000000000
91.0000000000 302.0000000000
121.0000000000 278.0000000000
118.0000000000 279.0000000000
115.0000000000 280.0000000000
113.0000000000 281.0000000000
110.0000000000 282.0000000000
109.0000000000 283.0000000000
106.0000000000 284.0000000000
105.0000000000 285.0000000000
103.0000000000 286.0000000000
100.0000000000 289.0000000000
99.0000000000 291.0000000000
97.0000000000 293.0000000000
96.0000000000 295.0000000000
95.0000000000 296.0000000000
94.0000000000 298.0000000000
93.0000000000 299.0000000000
92.0000000000 301.0000000000
102.0000000000 287.0000000000
101.0000000000 288.0000000000
98.0000000000 292.0000000000

90.0000000000 306.0000000000
142.0000000000 274.0000000000
135.0000000000 275.0000000000
129.0000000000 276.0000000000
124.0000000000 277.0000000000
91.0000000000 302.0000000000
121.0000000000 278.0000000000
118.0000000000 279.0000000000
115.0000000000 280.0000000000
113.0000000000 281.0000000000
110.0000000000 282.0000000000
109.0000000000 283.0000000000
106.0000000000 284.0000000000
105.0000000000 285.0000000000
103.0000000000 286.0000000000
100.0000000000 289.0000000000
99.0000000000 291.0000000000
97.0000000000 293.0000000000
96.0000000000 295.0000000000
95.0000000000 296.0000000000
94.0000000000 298.0000000000
93.0000000000 299.0000000000
92.0000000000 301.0000000000
102.0000000000 287.0000000000
101.0000000000 288.0000000000
98.0000000000 292.0000000000

90.0000000000 306.0000000000
142.0000000000 274.0000000000
135.0000000000 275.0000000000
129.0000000000 276.0000000000
124.0000000000 277.0000000000
91.0000000000 302.0000000000
121.0000000000 278.0000000000
118.0000000000 279.0000000000
115.0000000000 280.0000000000
113.0000000000 281.0000000000
110.0000000000 282.0000000000
109.0000000000 283.0000000000
106.0000000000 284.0000000000
105.0000000000 285.0000000000
103.0000000000 286.0000000000
100.0000000000 289.0000000000
99.0000000000 291.0000000000
97.0000000000 293.0000000000
96.0000000000 295.0000000000
95.0000000000 296.0000000000
94.0000000000 298.0000000000
93.0000000000 299.0000000000
92.0000000000 301.0000000000
102.0000000000 287.0000000000
101.0000000000 288.0000000000
98.0000000000 292.0000000000

90.0000000000 306.0000000000
142.0000000000 274.0000000000
135.0000000000 275.0000000000
129.0000000000 276.0000000000
124.0000000000 277.0000000000
91.0000000000 302.0000000000
121.0000000000 278.0000000000
118.0000000000 279.0000000000
115.0000000000 280.0000000000
113.0000000000 281.0000000000
110.0000000000 282.0000000000
109.0000000000 283.0000000000
106.0000000000 284.0000000000
105.0000000000 285.0000000000
103.0000000000 286.0000000000
100.0000000000 289.0000000000
99.0000000000 291.0000000000
97.0000000000 293.0000000000
96.0000000000 295.0000000000
95.0000000000 296.0000000000
94.0000000000 298.0000000000
93.0000000000 299.0000000000
92.0000000000 301.0000000000
102.0000000000 287.0000000000
101.0000000000 288.0000000000
98.0000000000 292.0000000000

90.0000000000 306.0000000000
142.0000000000 274.0000000000
135.0000000000 275.0000000000
129.0000000000 276.0000000000
124.0000000000 277.0000000000
91.0000000000 302.0000000000
121.0000000000 278.0000000000
118.0000000000 279.0000000000
115.0000000000 280.0000000000
113.0000000000 281.0000000000
110.0000000000 282.0000000000
109.0000000000 283.0000000000
106.0000000000 284.0000000000
105.0000000000 285.0000000000
103.0000000000 286.0000000000
100.0000000000 289.0000000000
99.0000000000 291.0000000000
97.0000000000 293.0000000000
96.0000000000 295.0000000000
95.0000000000 296.0000000000
94.0000000000 298.0000000000
93.0000000000 299.0000000000
92.0000000000 301.0000000000
102.0000000000 287.0000000000
101.0000000000 288.0000000000
98.0000000000 292.0000000000

90.0000000000 306.0000000000
142.0000000000 274.0000000000
135.0000000000 275.0000000000
129.0000000000 276.0000000000
124.0000000000 277.0000000000
91.0000000000 302.0000000000
121.0000000000 278.0000000000
118.0000000000 279.0000000000
115.0000000000 280.0000000000
113.0000000000 281.0000000000
110.0000000000 282.0000000000
109.0000000000 283.0000000000
106.0000000000 284.0000000000
105.0000000000 285.0000000000
103.0000000000 286.0000000000
100.0000000000 289.0000000000
99.0000000000 291.0000000000
97.0000000000 293.0000000000
96.0000000000 295.0000000000
95.0000000000 296.0000000000
94.0000000000 298.0000000000
93.0000000000 299.0000000000
92.0000000000 301.0000000000
102.0000000000 287.0000000000
101.0000000000 288.0000000000
98.0000000000 292.0000000000

90.0000000000 306.0000000000
142.0000000000 274.0000000000
135.0000000000 275.0000000000
129.0000000000 276.0000000000
124.0000000000 277.0000000000
91.0000000000 302.0000000000
121.0000000000 278.0000000000
118.0000000000 279.0000000000
115.0000000000 280.0000000000
113.0000000000 281.0000000000
110.0000000000 282.0000000000
109.0000000000 283.0000000000
106.0000000000 284.0000000000
105.0000000000 285.0000000000
103.0000000000 286.0000000000
100.0000000000 289.0000000000
99.0000000000 291.0000000000
97.0000000000 293.0000000000
96.0000000000 295.0000000000
95.0000000000 296.0000000000
94.0000000000 298.0000000000
93.0000000000 299.0000000000
92.0000000000 301.0000000000
102.0000000000 287.0000000000
101.0000000000 288.0000000000
98.0000000000 292.0000000000

142.0000000000 274.0000000000
90.0000000000 306.0000000000
135.0000000000 275.0000000000
129.0000000000 276.0000000000
124.0000000000 277.0000000000
91.0000000000 302.0000000000
121.0000000000 278.0000000000
118.0000000000 279.0000000000
115.0000000000 280.0000000000
113.0000000000 281.0000000000
110.0000000000 282.0000000000
109.0000000000 283.0000000000
106.0000000000 284.0000000000
105.0000000000 285.0000000000
103.0000000000 286.0000000000
100.0000000000 289.0000000000
99.0000000000 291.0000000000
97.0000000000 293.0000000000
96.0000000000 295.0000000000
95.0000000000 296.0000000000
94.0000000000 298.0000000000
93.0000000000 299.0000000000
92.0000000000 301.0000000000
102.0000000000 287.0000000000
101.0000000000 288.0000000000
98.0000000000 292.0000000000

142.0000000000 274.0000000000
90.0000000000 306.0000000000
135.0000000000 275.0000000000
129.0000000000 276.0000000000
124.0000000000 277.0000000000
91.0000000000 302.0000000000
121.0000000000 278.0000000000
118.0000000000 279.0000000000
115.0000000000 280.0000000000
113.0000000000 281.0000000000
110.0000000000 282.0000000000
109.0000000000 283.0000000000
106.0000000000 284.0000000000
105.0000000000 285.0000000000
103.0000000000 286.0000000000
100.0000000000 289.0000000000
99.0000000000 291.0000000000
97.0000000000 293.0000000000
96.0000000000 295.0000000000
95.0000000000 296.0000000000
94.0000000000 298.0000000000
93.0000000000 299.0000000000
92.0000000000 301.0000000000
102.0000000000 287.0000000000
101.0000000000 288.0000000000
98.0000000000 292.0000000000

90.0000000000 306.0000000000
142.0000000000 274.0000000000
135.0000000000 275.0000000000
129.0000000000 276.0000000000
124.0000000000 277.0000000000
91.0000000000 302.0000000000
121.0000000000 278.0000000000
118.0000000000 279.0000000000
115.0000000000 280.0000000000
113.0000000000 281.0000000000
110.0000000000 282.0000000000
109.0000000000 283.0000000000
106.0000000000 284.0000000000
105.0000000000 285.0000000000
103.0000000000 286.0000000000
100.0000000000 289.0000000000
99.0000000000 291.0000000000
97.0000000000 293.0000000000
96.0000000000 295.0000000000
95.0000000000 296.0000000000
94.0000000000 298.0000000000
93.0000000000 299.0000000000
92.0000000000 301.0000000000
102.0000000000 287.0000000000
101.0000000000 288.0000000000
98.0000000000 292.0000000000

142.0000000000 274.0000000000
90.0000000000 306.0000000000
135.0000000000 275.0000000000
129.0000000000 276.0000000000
124.0000000000 277.0000000000
91.0000000000 302.0000000000
121.0000000000 278.0000000000
118.0000000000 279.0000000000
115.0000000000 280.0000000000
113.0000000000 281.0000000000
110.0000000000 282.0000000000
109.0000000000 283.0000000000
106.0000000000 284.0000000000
105.0000000000 285.0000000000
103.0000000000 286.0000000000
100.0000000000 289.0000000000
99.0000000000 291.0000000000
97.0000000000 293.0000000000
96.0000000000 295.0000000000
95.0000000000 296.0000000000
94.0000000000 298.0000000000
93.0000000000 299.0000000000
92.0000000000 301.0000000000
102.0000000000 287.0000000000
101.0000000000 288.0000000000
98.0000000000 292.0000000000

90.0000000000 306.0000000000
142.0000000000 274.0000000000
135.0000000000 275.0000000000
129.0000000000 276.0000000000
124.0000000000 277.0000000000
91.0000000000 302.0000000000
121.0000000000 278.0000000000
118.0000000000 279.0000000000
115.0000000000 280.0000000000
113.0000000000 281.0000000000
110.0000000000 282.0000000000
109.0000000000 283.0000000000
106.0000000000 284.0000000000
105.0000000000 285.0000000000
103.0000000000 286.0000000000
100.0000000000 289.0000000000
99.0000000000 291.0000000000
97.0000000000 293.0000000000
96.0000000000 295.0000000000
95.0000000000 296.0000000000
94.0000000000 298.0000000000
93.0000000000 299.0000000000
92.0000000000 301.0000000000
102.0000000000 287.0000000000
101.0000000000 288.0000000000
98.0000000000 292.0000000000

90.0000000000 306.0000000000
142.0000000000 274.0000000000
135.0000000000 275.0000000000
129.0000000000 276.0000000000
124.0000000000 277.0000000000
91.0000000000 302.0000000000
121.0000000000 278.0000000000
118.0000000000 279.0000000000
115.0000000000 280.0000000000
113.0000000000 281.0000000000
110.0000000000 282.0000000000
109.0000000000 283.0000000000
106.0000000000 284.0000000000
105.0000000000 285.0000000000
103.0000000000 286.0000000000
100.0000000000 289.0000000000
99.0000000000 291.0000000000
97.0000000000 293.0000000000
96.0000000000 295.0000000000
95.0000000000 296.0000000000
94.0000000000 298.0000000000
93.0000000000 299.0000000000
92.0000000000 301.0000000000
102.0000000000 287.0000000000
101.0000000000 288.0000000000
98.0000000000 292.0000000000

90.0000000000 306.0000000000
142.0000000000 274.0000000000
135.0000000000 275.0000000000
129.0000000000 276.0000000000
124.0000000000 277.0000000000
91.0000000000 302.0000000000
121.0000000000 278.0000000000
118.0000000000 279.0000000000
115.0000000000 280.0000000000
113.0000000000 281.0000000000
110.0000000000 282.0000000000
109.0000000000 283.0000000000
106.0000000000 284.0000000000
105.0000000000 285.0000000000
103.0000000000 286.0000000000
100.0000000000 289.0000000000
99.0000000000 291.0000000000
97.0000000000 293.0000000000
96.0000000000 295.0000000000
95.0000000000 296.0000000000
94.0000000000 298.0000000000
93.0000000000 299.0000000000
92.0000000000 301.0000000000
102.0000000000 287.0000000000
101.0000000000 288.0000000000
98.0000000000 292.0000000000

142.0000000000 274.0000000000
90.0000000000 306.0000000000
135.0000000000 275.0000000000
129.0000000000 276.0000000000
124.0000000000 277.0000000000
91.0000000000 302.0000000000
121.0000000000 278.0000000000
118.0000000000 279.0000000000
115.0000000000 280.0000000000
113.0000000000 281.0000000000
110.0000000000 282.0000000000
109.0000000000 283.0000000000
106.0000000000 284.0000000000
105.0000000000 285.0000000000
103.0000000000 286.0000000000
100.0000000000 289.0000000000
99.0000000000 291.0000000000
97.0000000000 293.0000000000
96.0000000000 295.0000000000
95.0000000000 296.0000000000
94.0000000000 298.0000000000
93.0000000000 299.0000000000
92.0000000000 301.0000000000
102.0000000000 287.0000000000
101.0000000000 288.0000000000
98.0000000000 292.0000000000

142.0000000000 274.0000000000
90.0000000000 306.0000000000
135.0000000000 275.0000000000
129.0000000000 276.0000000000
124.0000000000 277.0000000000
91.0000000000 302.0000000000
121.0000000000 278.0000000000
118.0000000000 279.0000000000
115.0000000000 280.0000000000
113.0000000000 281.0000000000
110.0000000000 282.0000000000
109.0000000000 283.0000000000
106.0000000000 284.0000000000
105.0000000000 285.0000000000
103.0000000000 286.0000000000
100.0000000000 289.0000000000
99.0000000000 291.0000000000
97.0000000000 293.0000000000
96.0000000000 295.0000000000
95.0000000000 296.0000000000
94.0000000000 298.0000000000
93.0000000000 299.0000000000
92.0000000000 301.0000000000
102.0000000000 287.0000000000
101.0000000000 288.0000000000
98.0000000000 292.0000000000

142.0000000000 274.0000000000
90.0000000000 306.0000000000
135.0000000000 275.0000000000
129.0000000000 276.0000000000
124.0000000000 277.0000000000
91.0000000000 302.0000000000
121.0000000000 278.0000000000
118.0000000000 279.0000000000
115.0000000000 280.0000000000
113.0000000000 281.0000000000
110.0000000000 282.0000000000
109.0000000000 283.0000000000
106.0000000000 284.0000000000
105.0000000000 285.0000000000
103.0000000000 286.0000000000
100.0000000000 289.0000000000
99.0000000000 291.0000000000
97.0000000000 293.0000000000
96.0000000000 295.0000000000
95.0000000000 296.0000000000
94.0000000000 298.0000000000
93.0000000000 299.0000000000
92.0000000000 301.0000000000
102.0000000000 287.0000000000
101.0000000000 288.0000000000
98.0000000000 292.0000000000

142.0000000000 274.0000000000
90.0000000000 306.0000000000
135.0000000000 275.0000000000
129.0000000000 276.0000000000
124.0000000000 277.0000000000
91.0000000000 302.0000000000
121.0000000000 278.0000000000
118.0000000000 279.0000000000
115.0000000000 280.0000000000
113.0000000000 281.0000000000
110.0000000000 282.0000000000
109.0000000000 283.0000000000
106.0000000000 284.0000000000
105.0000000000 285.0000000000
103.0000000000 286.0000000000
100.0000000000 289.0000000000
99.0000000000 291.0000000000
97.0000000000 293.0000000000
96.0000000000 295.0000000000
95.0000000000 296.0000000000
94.0000000000 298.0000000000
93.0000000000 299.0000000000
92.0000000000 301.0000000000
102.0000000000 287.0000000000
101.0000000000 288.0000000000
98.0000000000 292.0000000000

90.0000000000 306.0000000000
142.0000000000 274.0000000000
135.0000000000 275.0000000000
129.0000000000 276.0000000000
124.0000000000 277.0000000000
91.0000000000 302.0000000000
121.0000000000 278.0000000000
118.0000000000 279.0000000000
115.0000000000 280.0000000000
113.0000000000 281.0000000000
110.0000000000 282.0000000000
109.0000000000 283.0000000000
106.0000000000 284.0000000000
105.0000000000 285.0000000000
103.0000000000 286.0000000000
100.0000000000 289.0000000000
99.0000000000 291.0000000000
97.0000000000 293.0000000000
96.0000000000 295.0000000000
95.0000000000 296.0000000000
94.0000000000 298.0000000000
93.0000000000 299.0000000000
92.0000000000 301.0000000000
102.0000000000 287.0000000000
101.0000000000 288.0000000000
98.0000000000 292.0000000000

142.0000000000 274.0000000000
90.0000000000 306.0000000000
135.0000000000 275.0000000000
129.0000000000 276.0000000000
124.0000000000 277.0000000000
91.0000000000 302.0000000000
121.0000000000 278.0000000000
118.0000000000 279.0000000000
115.0000000000 280.0000000000
113.0000000000 281.0000000000
110.0000000000 282.0000000000
109.0000000000 283.0000000000
106.0000000000 284.0000000000
105.0000000000 285.0000000000
103.0000000000 286.0000000000
100.0000000000 289.0000000000
99.0000000000 291.0000000000
97.0000000000 293.0000000000
96.0000000000 295.0000000000
95.0000000000 296.0000000000
94.0000000000 298.0000000000
93.0000000000 299.0000000000
92.0000000000 301.0000000000
102.0000000000 287.0000000000
101.0000000000 288.0000000000
98.0000000000 292.0000000000

90.0000000000 306.0000000000
142.0000000000 274.0000000000
135.0000000000 275.0000000000
129.0000000000 276.0000000000
124.0000000000 277.0000000000
91.0000000000 302.0000000000
121.0000000000 278.0000000000
118.0000000000 279.0000000000
115.0000000000 280.0000000000
113.0000000000 281.0000000000
110.0000000000 282.0000000000
109.0000000000 283.0000000000
106.0000000000 284.0000000000
105.0000000000 285.0000000000
103.0000000000 286.0000000000
100.0000000000 289.0000000000
99.0000000000 291.0000000000
97.0000000000 293.0000000000
96.0000000000 295.0000000000
95.0000000000 296.0000000000
94.0000000000 298.0000000000
93.0000000000 299.0000000000
92.0000000000 301.0000000000
102.0000000000 287.0000000000
101.0000000000 288.0000000000
98.0000000000 292.0000000000

90.0000000000 306.0000000000
142.0000000000 274.0000000000
135.0000000000 275.0000000000
129.0000000000 276.0000000000
124.0000000000 277.0000000000
91.0000000000 302.0000000000
121.0000000000 278.0000000000
118.0000000000 279.0000000000
115.0000000000 280.0000000000
113.0000000000 281.0000000000
110.0000000000 282.0000000000
109.0000000000 283.0000000000
106.0000000000 284.0000000000
105.0000000000 285.0000000000
103.0000000000 286.0000000000
100.0000000000 289.0000000000
99.0000000000 291.0000000000
97.0000000000 293.0000000000
96.0000000000 295.0000000000
95.0000000000 296.0000000000
94.0000000000 298.0000000000
93.0000000000 299.0000000000
92.0000000000 301.0000000000
102.0000000000 287.0000000000
101.0000000000 288.0000000000
98.0000000000 292.0000000000

