3790.0000000000 2792.0000000000
2792.0000000000 3790.0000000000
3788.0000000000 3788.0000000000

3790.0000000000 2792.0000000000
2792.0000000000 3790.0000000000
3788.0000000000 3788.0000000000

3790.0000000000 2792.0000000000
2792.0000000000 3790.0000000000
3788.0000000000 3788.0000000000

3790.0000000000 2792.0000000000
2792.0000000000 3790.0000000000
3788.0000000000 3788.0000000000

3790.0000000000 2792.0000000000
2792.0000000000 3790.0000000000
3788.0000000000 3788.0000000000

3790.0000000000 2792.0000000000
2792.0000000000 3790.0000000000
3788.0000000000 3788.0000000000

3790.0000000000 2792.0000000000
2792.0000000000 3790.0000000000
3788.0000000000 3788.0000000000

3790.0000000000 2792.0000000000
2792.0000000000 3790.0000000000
3788.0000000000 3788.0000000000

3790.0000000000 2792.0000000000
2792.0000000000 3790.0000000000
3788.0000000000 3788.0000000000

3790.0000000000 2792.0000000000
2792.0000000000 3790.0000000000
3788.0000000000 3788.0000000000

3790.0000000000 2792.0000000000
2792.0000000000 3790.0000000000
3788.0000000000 3788.0000000000

3790.0000000000 2792.0000000000
2792.0000000000 3790.0000000000
3788.0000000000 3788.0000000000

3790.0000000000 2792.0000000000
2792.0000000000 3790.0000000000
3788.0000000000 3788.0000000000

3790.0000000000 2792.0000000000
2792.0000000000 3790.0000000000
3788.0000000000 3788.0000000000

3790.0000000000 2792.0000000000
2792.0000000000 3790.0000000000
3788.0000000000 3788.0000000000

3790.0000000000 2792.0000000000
2792.0000000000 3790.0000000000
3788.0000000000 3788.0000000000

3790.0000000000 2792.0000000000
2792.0000000000 3790.0000000000
3788.0000000000 3788.0000000000

3790.0000000000 2792.0000000000
2792.0000000000 3790.0000000000
3788.0000000000 3788.0000000000

3790.0000000000 2792.0000000000
2792.0000000000 3790.0000000000
3788.0000000000 3788.0000000000

3790.0000000000 2792.0000000000
2792.0000000000 3790.0000000000
3788.0000000000 3788.0000000000

3790.0000000000 2792.0000000000
2792.0000000000 3790.0000000000
3788.0000000000 3788.0000000000

3790.0000000000 2792.0000000000
2792.0000000000 3790.0000000000
3788.0000000000 3788.0000000000

3790.0000000000 2792.0000000000
2792.0000000000 3790.0000000000
3788.0000000000 3788.0000000000

3790.0000000000 2792.0000000000
2792.0000000000 3790.0000000000
3788.0000000000 3788.0000000000

3790.0000000000 2792.0000000000
2792.0000000000 3790.0000000000
3788.0000000000 3788.0000000000

3790.0000000000 2792.0000000000
2792.0000000000 3790.0000000000
3788.0000000000 3788.0000000000

3790.0000000000 2792.0000000000
2792.0000000000 3790.0000000000
3788.0000000000 3788.0000000000

3790.0000000000 2792.0000000000
2792.0000000000 3790.0000000000
3788.0000000000 3788.0000000000

3790.0000000000 2792.0000000000
2792.0000000000 3790.0000000000
3788.0000000000 3788.0000000000

3790.0000000000 2792.0000000000
2792.0000000000 3790.0000000000
3788.0000000000 3788.0000000000

