9789 8688 
9899 8245 
9892 8251 
9880 8277 
8169 10104 
8217 10037 
9391 9454 
9313 9527 
9384 9460 
8581 9936 
8528 9955 
8503 10009 
9127 9641 
8462 10026 
9965 8067 
9912 8086 
9958 8073 
9950 8085 
8587 9901 
8509 9974 
9483 9348 
8628 9871 
9816 8591 
9762 8717 
9752 8725 
9755 8723 
9007 9748 
8992 9766 
8925 9793 
9675 8947 
9636 9030 
9660 8965 
9710 8909 
9547 9159 
9624 9131 
9546 9204 
9617 9137 
9609 9149 
9712 8828 
9744 8809 
7705 10131 
8755 9826 
9249 9528 
9186 9583 
9232 9567 
9179 9586 
9139 9613 
9085 9684 
9070 9702 
9165 9587 
9087 9660 
9150 9605 
9132 9633 
9054 9706 
9151 9602 
9136 9620 
9105 9646 
9027 9719 
9765 8690 
9875 8289 
9853 8486 
8438 10028 
8682 9842 
9720 8811 
7680 10185 
8798 9815 
7991 10124 
9208 9569 
9158 9593 

9983 8107 
9991 8101 
9924 8156 
9907 8298 
9922 8280 
9869 8299 
8722 9898 
8669 9917 
8644 9971 
9424 9206 
8225 10084 
8448 10025 
8407 10044 
9546 9204 
9609 9149 
9571 9150 
9624 9131 
8825 9804 
9313 9527 
9338 9473 
9391 9454 
9798 8716 
9813 8698 
9867 8627 
9830 8654 
9819 8667 
9845 8636 
9031 9780 
9084 9719 
9223 9536 
9144 9668 
9183 9585 
9159 9650 
9106 9669 
9198 9567 
9729 8867 
9630 9042 
9637 9014 
9690 8995 
9697 8885 
9721 8883 
7824 10181 
8057 10114 
7934 10169 
8072 10096 
7988 10145 
9967 8145 
7705 10188 
8698 9900 
8461 9973 
9199 9538 
9782 8848 
9750 8866 

9643 8919 
9650 8913 
8761 9838 
8723 9839 
9871 8349 
9557 9339 
9472 9351 
9610 9320 
8299 10076 
8291 10080 
8361 10070 
8223 10101 
7987 10115 
9361 9436 
9346 9454 
9362 9384 
9415 9365 
9780 8807 
9851 8740 
9781 8797 
9907 8298 
9922 8280 
9971 8032 
9963 8044 
9925 8045 
9978 8026 
9902 8312 
9917 8294 
9651 8829 
9854 8610 
9624 8989 
9639 8971 
8620 9945 
8698 9872 
8683 9890 
8834 9794 
8845 9776 
8497 9970 
9202 9642 
9250 9575 
9144 9668 
9267 9466 
9264 9474 
8451 10021 
8470 9989 
8448 10025 
7840 10149 
7802 10150 
7904 10125 
9864 8355 
9834 8778 
9861 8475 
8691 9878 
8888 9765 
8993 9744 
9215 9590 

10042 8080 
8210 10072 
8218 10065 
8247 10048 
8273 10017 
9455 9181 
8605 9922 
8683 9849 
9127 9641 
8857 9800 
9159 9574 
9184 9520 
9237 9501 
9702 8756 
9573 9014 
9523 9047 
9502 9103 
9558 9032 
8537 9945 
8503 9983 
8566 9928 
9740 8665 
9360 9423 
9443 9392 
9290 9453 
9428 9410 
9056 9749 
9109 9730 
9891 8410 
9944 8391 
9815 8512 
9582 8957 
9635 8938 
9833 8489 
9848 8471 
9803 8529 
9859 8458 
9874 8440 
8909 9759 
9950 8154 
9977 8130 
9946 8160 
10002 8089 
7736 10154 
7840 10149 
7905 10115 
7680 10185 
8675 9892 
8389 10000 
8877 9767 
9229 9507 
9654 8788 
9760 8632 
9767 8544 
9962 8148 
7958 10096 

7710 10167 
9780 8807 
9839 8757 
8008 10104 
8111 10076 
8036 10099 
8210 10072 
9194 9580 
9170 9582 
9116 9611 
8892 9749 
8856 9853 
8727 9881 
8980 9741 
8503 9983 
8581 9910 
8528 9929 
8566 9928 
9628 8970 
9618 8978 
9560 9002 
9570 8994 
9006 9740 
9084 9667 
9285 9559 
9288 9474 
8406 10020 
8299 10048 
9986 8031 
10020 7993 
9997 8018 
7773 10158 
7790 10112 
9537 9328 
9459 9359 
9327 9375 
9930 8277 
9983 8258 
7705 10188 
9834 8778 
8877 9767 
9060 9669 
7785 10133 
9925 8298 

9837 8439 
9906 8350 
9780 8672 
9726 8773 
8644 9971 
8713 9882 
9573 9163 
9489 9165 
8774 9854 
9708 8841 
9718 8833 
9640 8906 
8098 10128 
8247 10070 
9276 9551 
9148 9574 
8834 9794 
9457 9168 
8151 10106 
8406 10020 
9123 9613 
8928 9780 
9006 9740 
9080 9639 
9075 9651 
8210 10072 
8195 10087 
9391 9454 
9313 9527 
7705 10188 
9891 8368 
9765 8690 
8698 9900 
9627 9092 
8829 9812 
9676 8857 
9425 9184 
9118 9625 
9060 9669 
7827 10149 

8744 9844 
8669 9917 
8722 9898 
8644 9971 
9469 9348 
9406 9433 
9454 9366 
9529 9106 
9521 9112 
9514 9124 
9999 7939 
10052 7920 
9974 7993 
9897 8395 
9935 8394 
8247 10048 
8225 10084 
9270 9545 
9192 9618 
9255 9563 
8190 10091 
8257 10034 
8179 10107 
7776 10153 
7814 10152 
7848 10126 
9079 9626 
9054 9680 
9780 8807 
9717 8944 
9664 8963 
9756 8861 
9741 8879 
8362 10031 
8602 10030 
8615 9978 
8650 9963 
9551 9032 
9604 9013 
8915 9764 
8968 9745 
8890 9818 
8698 9900 
9853 8486 
9505 9150 
10028 7922 
7680 10185 
7824 10128 
9834 8778 
9693 8946 
9589 9031 
9012 9712 
8944 9747 
8206 10087 

7386 10181 
9780 8562 
7977 10074 
7914 10159 
7924 10093 
7662 10161 
7637 10173 
9720 8741 
9755 8723 
9762 8717 
9708 8799 
9752 8725 
9643 8919 
9640 8921 
9650 8913 
9635 8931 
9562 9120 
9597 9105 
9496 9296 
9399 9320 
8448 10025 
8470 9989 
9601 8967 
8630 9882 
8577 9901 
8337 10073 
9186 9534 
9179 9540 
9123 9619 
9171 9552 
9132 9616 
9176 9542 
9391 9454 
9313 9527 
8512 9982 
8565 9942 
9940 8138 
9979 8055 
9187 9529 
9148 9570 
9157 9567 
9924 8250 
9043 9653 
8965 9726 
9133 9575 
9070 9648 
8992 9721 
8895 9764 
8832 9849 
8880 9782 
9860 8529 
7953 10076 
9626 8957 
8623 9888 
8567 9940 
9974 8111 
9909 8268 
9028 9671 
9016 9682 
8845 9797 
9882 8332 

9643 8919 
9650 8913 
9596 8995 
9791 8786 
9745 8862 
9799 8780 
9660 8882 
9362 9384 
9361 9436 
9346 9454 
9415 9365 
9308 9455 
8111 10076 
8146 10061 
8098 10128 
7925 10177 
7950 10165 
8984 9755 
9009 9701 
8722 9898 
8644 9971 
8669 9917 
8473 9995 
9509 9274 
9587 9201 
9572 9219 
9534 9262 
9847 8533 
9627 8967 
9588 9020 
9630 8965 
9637 8959 
9417 9289 
9914 8451 
9970 8252 
10005 8237 
9957 8304 
8407 10044 
8448 10025 
8762 9805 
8486 9984 
9230 9584 
9192 9585 
9153 9626 
9075 9699 
9124 9663 
9139 9645 
9086 9664 
9243 9470 
9775 8824 
9655 8903 
8774 9789 
7705 10188 
8698 9900 
9823 8535 
8294 10051 
8757 9826 
8898 9770 

8852 9787 
9991 8101 
9173 9590 
9221 9523 
9212 9549 
8517 10009 
8810 9797 
8766 9832 
8803 9803 
8732 9870 
8722 9898 
8669 9917 
8644 9971 
9379 9247 
9464 9235 
7433 10194 
9840 8501 
9835 8619 
8152 10088 
8270 10048 
9159 9650 
9198 9567 
9183 9585 
8481 10039 
9710 9157 
9572 9230 
9626 9206 
9917 8301 
9970 8282 
9892 8355 
8963 9680 
8900 9765 
8948 9698 
9837 8506 
9863 8475 
9848 8493 
9365 9442 
9312 9461 
9287 9515 
8357 10044 
8908 9746 
7742 10105 
7717 10159 
9767 8688 
9816 8627 
9809 8633 
9801 8645 
9738 8700 
8698 9900 
9853 8486 
7487 10165 
9757 8692 
9135 9652 
8914 9727 
9341 9444 
8263 10071 
8928 9713 
9787 8655 

9935 8394 
8436 10048 
8077 10049 
8032 10062 
8007 10116 
8070 10061 
8018 10100 
9724 8739 
9767 8728 
9777 8720 
9708 8841 
9718 8833 
9862 8570 
9837 8624 
9915 8551 
9266 9492 
9566 9191 
9619 9130 
8644 9908 
9483 9348 
9496 9296 
9546 9263 
7655 10210 
7570 10222 
7708 10149 
8992 9721 
9300 9372 
9127 9641 
9075 9680 
9649 8937 
9298 9448 
9240 9573 
9171 9594 
8853 9786 
8868 9768 
8831 9822 
8793 9844 
8905 9767 
8847 9807 
8465 10031 
9769 8726 
9676 8857 
9891 8553 
9295 9475 
8720 9899 
8557 9913 
9337 9365 
8822 9827 
8985 9734 

8515 10003 
8602 9946 
8549 9965 
9711 8839 
9718 8833 
9640 8906 
9940 8210 
9956 8112 
8213 10120 
8276 10035 
8223 10054 
8682 9831 
8629 9850 
9905 8726 
9871 8764 
9604 9061 
9617 8918 
9651 8880 
9561 9084 
9551 9092 
9961 7973 
9958 7975 
9968 7967 
9440 9353 
9518 9322 
9267 9574 
9193 9599 
7806 10150 
7821 10132 
9106 9639 
8987 9777 
9050 9692 
8997 9711 
9052 9641 
8961 9792 
9024 9707 
8578 9948 
9676 8857 
8993 9744 
8252 10037 
8667 9849 
9306 9491 
9278 9545 
9026 9694 
9000 9709 

8249 10055 
9622 8930 
9615 8936 
9603 8953 
9607 8948 
8406 10020 
8350 10038 
8413 9983 
8644 9971 
8722 9898 
8669 9917 
8195 10087 
9887 8140 
9965 8067 
9958 8073 
9912 8086 
9950 8085 
9885 8276 
9878 8282 
9850 8629 
9835 8647 
9797 8648 
9874 8564 
9187 9576 
9141 9615 
9132 9618 
9217 9564 
9255 9563 
8942 9797 
9483 9348 
9493 9282 
7844 10169 
7902 10156 
7950 10089 
7912 10090 
9307 9495 
9006 9740 
9084 9667 
9017 9724 
9031 9686 
9365 9442 
9302 9527 
9312 9461 
9390 9356 
9791 8817 
9728 8902 
9738 8836 
9505 9209 
8809 9835 
9512 9174 
9597 9162 
8754 9894 
8832 9821 
8779 9840 
7706 10172 
9598 8974 
8698 9900 
7705 10188 
9060 9669 
9341 9444 
9366 9358 
9767 8819 
9498 9215 

8474 9974 
8396 10047 
8437 10028 
8459 9992 
9075 9680 
9127 9641 
8485 9971 
8407 10044 
8496 9958 
8448 10025 
8470 9989 
9527 9080 
8163 10094 
8110 10113 
8148 10112 
8995 9723 
8928 9780 
9778 8853 
9725 8872 
9715 8938 
9858 8465 
9931 8056 
9935 8051 
9978 8026 
9963 8044 
9886 8266 
9901 8248 
9526 9182 
9511 9200 
8738 9883 
8885 9826 
8823 9829 
9566 8943 
9551 8961 
9791 8740 
9839 8673 
9804 8688 
9854 8655 
9473 9250 
9420 9269 
9395 9323 
9262 9574 
9340 9501 
9367 9456 
9312 9535 
9375 9450 
9360 9468 
8175 10078 
8097 10151 
8988 9769 
9073 9694 
9091 9668 
9151 9621 
7612 10208 
7728 10153 
9754 8855 
9910 8165 
9926 8077 
9970 8032 
9881 8278 
9546 8973 
8632 9954 
9449 9252 
9042 9698 

9346 9454 
9415 9365 
9362 9384 
8195 10087 
8225 10084 
9837 8606 
7884 10153 
8722 9898 
8644 9971 
8669 9917 
8618 9972 
9006 9740 
9017 9724 
8481 9995 
10052 7920 
9974 7993 
9999 7939 
9935 8394 
9897 8395 
9262 9574 
9340 9501 
9615 8997 
9576 9003 
9761 8880 
9702 8929 
9626 8938 
9490 9230 
9568 9157 
9553 9175 
9788 8878 
8911 9744 
9277 9508 
9133 9628 
9159 9597 
9144 9615 
9096 9682 
7984 10115 
9038 9709 
9116 9636 
8851 9789 
8788 9844 
8832 9799 
8873 9780 
8429 10037 
9867 8568 
8698 9900 
10028 7922 
9745 8918 
7684 10154 

9938 8678 
9894 8713 
9860 8751 
8644 9908 
8386 10039 
8552 10005 
8621 9916 
8577 9951 
10040 7960 
9996 7995 
9962 8033 
9953 8116 
9287 9533 
9537 9067 
9619 8968 
9612 8974 
9565 9050 
9433 9202 
9360 9506 
9266 9544 
9275 9541 
9370 9268 
8904 9769 
9712 8828 
9705 8834 
9634 8901 
9159 9597 
9118 9646 
9144 9615 
9096 9682 
9251 9572 
9179 9574 
9157 9610 
8901 9813 
8863 9814 
8983 9699 
8291 10044 
8400 10018 
8286 10087 
9016 9686 
9777 8792 
9739 8793 
9651 8896 
8208 10113 
8114 10151 
7680 10185 
8720 9899 
8606 9934 
10025 7978 
9377 9267 
9567 9029 
9595 9012 
9533 9160 
9400 9230 
8980 9760 
8991 9687 
9689 8861 

8980 9741 
8928 9780 
9924 8221 
9850 8740 
9006 9740 
9084 9667 
7887 10144 
7950 10089 
7912 10090 
7965 10071 
9459 9359 
9484 9347 
9537 9328 
9287 9515 
9365 9442 
9262 9574 
9340 9501 
9805 8835 
9619 8968 
9609 8976 
9611 8974 
9587 9243 
9684 8933 
9709 8879 
9762 8860 
8840 9781 
8799 9830 
8825 9799 
8814 9812 
8777 9866 
7717 10159 
8580 9924 
8517 10009 
8447 10044 
8409 10045 
8462 10026 
8644 9908 
9036 9729 
9061 9675 
9114 9656 
9138 9601 
7701 10197 
7663 10198 
7716 10179 
9977 8202 
9834 8778 
9341 9444 
9781 8837 
9595 9012 
9625 8955 
9738 8862 
8720 9899 
9090 9658 
9122 9639 

9346 9454 
9415 9365 
9362 9384 
9308 9455 
9475 9352 
9483 9348 
9493 9282 
9075 9651 
9006 9740 
9031 9686 
9780 8672 
9711 8761 
9736 8707 
9290 9479 
9186 9583 
9275 9497 
9127 9641 
9089 9642 
8447 10044 
8409 10045 
9923 8424 
9880 8435 
9825 8519 
9833 8507 
7896 10156 
10004 8170 
9926 8243 
9951 8189 
9822 8598 
9628 9107 
9509 9127 
9585 9118 
9704 8925 
9697 8931 
9637 8980 
8646 9896 
8980 9741 
8928 9780 
8920 9784 
8942 9742 
9303 9459 
9240 9573 
9202 9574 
8583 9931 
8514 10020 
8539 9966 
8543 9952 
8903 9797 
8840 9852 
8707 9883 
8763 9867 
8092 10098 
9060 9669 
9765 8690 
7888 10160 
9815 8604 
9680 8969 
8345 10056 
8568 9949 
8263 10071 
7996 10110 
8168 10089 

9887 8140 
9958 8073 
9965 8067 
9950 8085 
9912 8086 
7884 10150 
7932 10083 
7894 10084 
9415 9365 
9346 9454 
9308 9455 
9362 9384 
9446 9238 
9431 9256 
8644 9928 
8782 9855 
8738 9890 
9842 8609 
9789 8628 
9251 9543 
9258 9537 
9243 9555 
9195 9622 
9205 9556 
8992 9721 
9075 9680 
9089 9642 
8589 9980 
8503 10009 
9872 8436 
8896 9818 
8974 9745 
8959 9763 
9860 8439 
9677 8980 
9740 8895 
9561 9092 
9585 9027 
9508 9111 
9626 9013 
9566 9060 
9573 9032 
9701 8954 
7705 10188 
8345 10056 
9882 8250 
8767 9873 
9764 8682 
9118 9625 
9845 8457 
9716 8897 
9537 9094 

8425 9976 
8362 10031 
9721 8825 
9714 8837 
9729 8819 
9651 8892 
9804 8816 
9127 9641 
8406 10020 
8417 10004 
9641 8917 
9634 8929 
9649 8911 
9937 8183 
9991 8101 
9483 9348 
9546 9263 
9496 9296 
10043 8007 
8722 9898 
8644 9971 
9935 8394 
8361 10035 
9323 9510 
9329 9487 
9260 9553 
9299 9512 
9590 9144 
9614 9079 
9575 9162 
9629 9061 
8856 9853 
8727 9881 
9109 9730 
9031 9761 
9887 8618 
9652 8864 
9406 9394 
9240 9573 
7889 10117 
9700 8847 
9834 8778 
7705 10188 
9967 8145 
8698 9900 
8424 9980 
8263 10071 
9863 8620 
9371 9421 
7916 10111 
7943 10088 

9931 8047 
8447 10044 
8384 10099 
7884 10150 
9531 9071 
9526 9081 
9512 9091 
9796 8350 
9649 8901 
9605 8975 
9615 8970 
9496 9296 
9483 9348 
8644 9971 
8678 9933 
8517 10009 
9306 9450 
9262 9524 
9287 9470 
9301 9460 
9253 9527 
9727 8694 
9134 9589 
9144 9584 
9186 9583 
9249 9528 
9275 9497 
9227 9564 
9071 9638 
9100 9626 
8891 9789 
8917 9758 
8869 9825 
8967 9753 
8976 9749 
9014 9748 
9053 9665 
8758 9833 
8738 9866 
9899 8063 
7705 10188 
9816 8317 
9635 8937 
9771 8566 
7918 10140 
9882 8250 
8698 9900 
9669 8720 
9337 9365 
9757 8656 
9656 8781 
9120 9593 

8928 9780 
8462 10026 
8384 10099 
8409 10045 
8447 10044 
9881 8196 
9866 8214 
9592 9110 
9617 9056 
9626 9047 
9915 8144 
9838 8497 
9361 9436 
9308 9455 
9362 9384 
9346 9454 
9858 8465 
9972 8105 
10045 7984 
9992 8003 
9978 8026 
7902 10156 
8133 10126 
9081 9683 
9003 9756 
9028 9702 
9066 9701 
9014 9740 
8736 9790 
8597 9993 
8512 10005 
9244 9475 
9229 9493 
9446 9238 
9368 9311 
9393 9257 
9431 9256 
9461 9175 
9667 8942 
9659 8948 
9704 8869 
9747 8856 
9133 9639 
9180 9553 
9088 9655 
9221 9529 
9158 9614 
9910 8165 
9814 8499 
9853 8486 
7705 10188 
10021 7986 
8720 9899 
9806 8662 
9503 9124 
8774 9789 
9236 9481 
9643 8986 
9784 8830 
9786 8773 
9176 9584 
9197 9531 

9890 8040 
9939 7995 
9958 7975 
9953 7985 
9961 7973 
9968 7967 
9845 8636 
9819 8667 
9830 8654 
9568 9012 
9607 8948 
8210 10072 
8195 10087 
8008 10104 
8036 10099 
8652 9961 
8698 9872 
8683 9890 
9123 9613 
8362 10031 
8971 9761 
9109 9730 
7884 10150 
9015 9754 
8877 9785 
8755 9812 
9812 8879 
9674 8910 
9605 8975 
9659 8944 
9693 8887 
8397 10018 
8526 9990 
7714 10167 
9306 9465 
9258 9532 
9323 9454 
9285 9503 
9296 9487 
9363 9430 
9157 9595 
9198 9576 
9402 9415 
9449 9339 
9445 9352 
9508 9267 
9503 9274 
7705 10188 
9882 8250 
9853 8486 
8238 10032 
8691 9878 
9118 9625 
9339 9432 
9432 9377 
9479 9276 

8904 9769 
9869 8296 
8409 10045 
8447 10044 
8384 10099 
8713 9882 
8669 9917 
8644 9971 
9897 8235 
9924 8221 
9350 9431 
9075 9651 
9017 9724 
9031 9686 
9006 9740 
7801 10179 
9475 9352 
9483 9348 
7802 10150 
7840 10149 
9854 8610 
9839 8628 
9470 9355 
9386 9404 
9345 9449 
9260 9461 
9256 9486 
9241 9504 
9178 9635 
9232 9534 
9188 9569 
9733 8971 
9793 8767 
9740 8786 
9739 8868 
9778 8785 
9555 9266 
9608 9205 
9643 9103 
9696 9042 
8874 9790 
8796 9863 
8821 9809 
8883 9773 
8839 9808 
8814 9862 
8980 9760 
8698 9900 
9977 8202 
9060 9669 
7855 10108 
7680 10185 
9217 9552 
8868 9791 

9971 8032 
9978 8026 
9963 8044 
9252 9479 
9259 9473 
9127 9641 
9075 9680 
8384 10099 
8462 10026 
8486 9961 
8409 10045 
8166 10112 
9883 8663 
9796 8720 
9830 8682 
9953 8192 
9938 8210 
9900 8211 
7801 10179 
7887 10144 
8775 9797 
8782 9791 
8767 9809 
8728 9873 
9154 9571 
8984 9755 
9062 9682 
9009 9701 
8650 9952 
8612 9953 
8924 9771 
9546 9263 
9496 9296 
9483 9348 
8693 9881 
8667 9912 
8869 9789 
9624 9131 
9609 9149 
9732 8802 
9739 8796 
9652 8910 
9385 9433 
9433 9366 
9398 9381 
9217 9497 
8438 10028 
9859 8665 
9769 8722 
8758 9835 
9076 9644 
7680 10185 
9038 9684 
9035 9686 
9635 8937 
9655 8903 
9728 8901 

9999 7939 
9974 7993 
10052 7920 
9710 8821 
9758 8754 
9968 8125 
8098 10128 
8689 9880 
8681 9887 
8618 9972 
8666 9905 
7749 10149 
9930 8425 
9802 8532 
9880 8459 
9873 8465 
9071 9638 
8406 10020 
8417 10004 
8512 9982 
9312 9461 
9399 9404 
9365 9442 
9302 9527 
9536 9210 
9490 9223 
9451 9264 
9556 9121 
9565 9095 
8262 10060 
8308 10047 
8223 10101 
8346 10046 
9238 9528 
9190 9595 
9216 9564 
9642 8986 
9629 9041 
9616 9093 
9153 9634 
9231 9561 
7714 10167 
8945 9792 
9023 9719 
9047 9654 
8920 9798 
8992 9736 
8977 9754 
9032 9700 
10028 7922 
7705 10188 
9724 8783 
9785 8640 
8631 9920 
9341 9444 
9853 8486 
9418 9297 
8999 9721 
8896 9800 

9991 8101 
9924 8156 
9984 8107 
8722 9898 
8644 9971 
8669 9917 
8213 10120 
9415 9365 
9346 9454 
9362 9384 
9913 8331 
9905 8337 
9235 9592 
9313 9519 
9260 9538 
9127 9641 
9075 9680 
9624 9131 
9571 9150 
9609 9149 
9546 9263 
9483 9348 
9493 9282 
9854 8613 
9800 8714 
9801 8632 
9839 8631 
8359 10054 
8273 10063 
8362 10046 
9769 8874 
9691 8947 
9702 8929 
9762 8880 
7903 10146 
7817 10155 
7906 10138 
8500 10016 
8840 9852 
8903 9797 
8915 9792 
9002 9735 
8949 9754 
9967 8145 
8698 9900 
9889 8375 
9745 8918 
9033 9720 
8978 9737 

8723 9849 
8779 9790 
8757 9826 
9616 9073 
9601 9091 
9553 9158 
7758 10190 
8503 10009 
8581 9936 
8980 9741 
8995 9723 
8928 9780 
9170 9582 
9131 9623 
9346 9454 
9361 9436 
9894 8416 
9978 8121 
10032 8020 
9993 8103 
10017 8038 
10038 7976 
9907 8298 
9922 8280 
9827 8537 
9834 8531 
9406 9433 
9454 9366 
8539 9946 
8617 9873 
9232 9533 
9273 9484 
9247 9515 
9258 9502 
9210 9569 
9774 8778 
9735 8861 
9763 8800 
9569 9119 
9647 9046 
9159 9597 
9144 9615 
9096 9682 
7899 10147 
7977 10074 
8716 9855 
8765 9799 
9853 8486 
9792 8555 
9118 9625 
9536 9217 
9711 8863 
9739 8802 
9623 9048 
9662 8936 
9109 9630 
8616 9906 
7923 10112 
7953 10076 
8322 10071 

9978 8026 
9971 8032 
9925 8045 
9963 8044 
9900 8099 
9739 8796 
9732 8802 
9729 8804 
9686 8815 
9661 8869 
9889 8133 
8682 9831 
9871 8349 
9788 8528 
9629 9174 
9576 9235 
9551 9247 
9168 9606 
9161 9612 
9158 9614 
9139 9634 
9105 9691 
9118 9639 
9153 9624 
9356 9426 
9312 9461 
9302 9527 
9858 8481 
9785 8541 
9429 9262 
8825 9804 
8847 9768 
8795 9807 
9109 9688 
9056 9749 
9031 9761 
9359 9362 
8171 10131 
8247 10084 
8182 10109 
8119 10164 
8197 10103 
8334 10014 
8282 10053 
8312 10050 
8253 10071 
8212 10090 
8652 9872 
8608 9907 
8598 9973 
8678 9835 
8677 9839 
8629 9906 
7705 10188 
9882 8250 
8667 9849 
9864 8355 
9771 8566 
9341 9444 
9815 8503 
9404 9316 
9378 9330 
8411 9988 
8523 9978 
8637 9890 
8600 9908 

7678 10154 
9928 8416 
10006 8385 
9483 9348 
9496 9296 
8098 10128 
9711 8839 
9708 8841 
9718 8833 
8182 10094 
8854 9750 
8816 9751 
9652 8899 
9640 8916 
9649 8901 
9581 8966 
9659 8893 
8609 9896 
8624 9878 
8406 10020 
8337 10073 
8950 9747 
9028 9716 
9324 9537 
9186 9568 
8517 10009 
8565 9942 
9538 9093 
9526 9110 
9535 9095 
9545 9087 
9878 8620 
9798 8813 
9876 8782 
9198 9563 
9100 9682 
9062 9683 
9115 9664 
9104 9675 
9182 9602 
9676 8857 
8658 9838 
9635 8937 
9546 8973 
8749 9790 
8742 9799 
9388 9379 
9521 9131 
9122 9639 
9158 9604 

