9118 9371 8511 
8578 9659 8777 
9136 9401 8499 
8812 9877 8348 
10003 8341 7520 
7564 10179 7414 
9080 8061 9216 
9085 8824 9048 
8637 8238 9466 
8793 9583 8482 
9520 9065 8333 
7252 8017 9905 
9201 8814 8879 
9391 8770 8789 
9109 8942 8856 
9465 8852 8778 
9181 8856 8835 
8642 8144 9450 
10076 8399 7494 
8698 9560 8752 
8280 8607 9500 
8980 9097 8980 
8952 8438 9213 
8757 9330 8899 
8932 8480 9169 
8767 9523 8565 
8737 9250 8973 
8679 9483 8767 
9094 9411 8524 
7844 8954 9443 
8260 8649 9456 
9080 8812 9079 
7582 10209 7402 
9156 9359 8543 
9851 8795 7899 
7806 9975 8183 
8643 9639 8841 
9139 9506 8072 
9074 8854 8867 
9112 9441 8512 
9087 8821 9016 
8886 9871 8399 
8899 9841 8342 
9150 9411 8497 
8982 8957 8968 
8665 9543 8812 
9680 9125 7851 
9887 8597 8187 
8752 9318 8930 
8616 9647 8809 
7766 9971 8210 
9331 9335 8175 
8674 9577 8783 
8526 8755 9396 
7593 8808 9625 
8755 9262 8914 
9888 8357 8251 
8851 9783 8410 
8662 9599 8828 
7266 8011 9863 
8763 8206 9352 
8999 9000 8903 
8197 9904 8599 
8126 9523 9144 
8800 8278 9236 
8987 8999 8966 
8298 8619 9441 
8171 9152 8990 
9313 9163 8480 
8759 9327 8867 
8158 9164 9000 
9211 8612 8808 
8806 9571 8472 
7788 9945 8195 
8946 8490 9167 
9147 9546 7923 
8463 8937 9044 
9512 8654 8554 
9588 8704 8365 
7934 7731 9573 
8157 8865 9253 
7829 9944 7970 
8153 9122 9002 
9074 8115 9177 
9176 9135 8702 
9142 9504 7925 
7876 9068 9210 
9572 8766 8005 
8241 9128 8996 
9302 8435 8816 
9308 9121 8482 
8344 8822 9144 
9569 8576 8431 
7815 8184 9546 
7661 9999 7957 
8225 8976 9004 
8556 8311 9260 
8701 8429 9221 

7559 8920 9522 
8955 10079 8171 
9774 8906 8220 
9442 9557 8114 
7660 9120 9305 
9390 9574 8135 
9417 9566 8194 
8963 10076 8164 
8603 9092 8960 
8975 10090 8159 
7600 8856 9551 
8748 9665 8237 
10074 8050 7663 
9423 8885 8761 
9902 8869 8002 
7578 8880 9569 
8642 9857 8708 
7690 9162 9236 
8569 9859 8716 
9666 9222 8154 
7603 8939 9487 
8006 7924 9601 
9756 9270 8067 
9082 9370 8454 
7982 7964 9614 
9347 8588 8950 
8826 8333 9262 
9725 9237 8147 
9046 8836 9050 
9675 9207 8154 
7956 10043 8215 
9727 9273 8134 
9405 8643 8949 
8286 8914 9178 
7989 7973 9551 
9421 8670 8939 
8614 9780 8736 
9623 8575 8357 
8579 9132 8973 
8976 9336 8695 
8961 9333 8720 
9837 8723 8023 
10089 8053 7638 
8626 9794 8731 
8970 8602 9125 
8684 9910 8241 
7673 8914 9525 
8887 9645 8740 
9215 9203 8632 
9629 8523 8403 
8903 9278 8721 
9682 9249 8144 
7587 9062 9331 
9496 8943 8735 
8886 9658 8813 
9209 8419 9061 
8042 9263 9074 
8872 10018 8224 
9196 8449 9118 
9743 9300 8124 
9104 8891 9049 
7965 8991 9310 
8843 8833 9217 
9119 8894 9024 
7615 8953 9482 
8940 10075 8186 
7714 9136 9228 
10126 8033 7642 
9191 9243 8645 
8344 8969 9177 
9894 8872 8009 
8925 10072 8211 
8917 10021 8212 
8464 9750 8738 
7697 9135 9243 
8933 10069 8204 
10095 8030 7835 
9221 9610 8231 
9735 9303 8131 
8948 10072 8179 
7158 7507 9798 
9798 8866 8207 
8038 9049 9284 
9748 9273 8074 
8985 8605 9100 
9076 9422 8408 
8672 8697 9251 
7987 9191 9083 
9605 8545 8369 
8375 8924 9096 
8668 8694 9284 
7719 9178 9226 
8023 9046 9309 
8084 8584 9415 
8360 8996 9167 
7645 9117 9330 
8314 9009 9091 
9204 9213 8588 
7588 8935 9502 
7758 9414 9040 
8559 8014 9287 
7856 7754 9632 
9522 8338 8424 
7687 8075 9563 
8370 8882 9098 
9505 8683 8266 
8060 9189 9075 
8411 7987 9362 
8977 9486 8275 
9279 9178 8325 
7715 8673 9445 
9280 9246 8259 
9553 8644 8236 

9132 9430 8658 
9204 9499 8637 
9833 9270 8269 
7827 9164 9662 
8196 9248 9343 
9834 9199 8282 
8222 8488 9553 
9310 9089 8692 
8520 9401 8813 
8822 8630 9202 
8272 9599 9011 
9276 9033 8722 
8339 9647 8943 
8489 9404 8872 
7822 10293 7475 
9011 9910 8142 
8332 9601 8961 
8496 9450 8854 
9168 9343 8644 
9106 9605 8541 
9102 9436 8654 
9778 9350 8418 
8769 9222 8817 
8148 9107 9469 
8221 9344 9228 
9083 9227 8748 
8766 9259 8818 
8203 9294 9325 
8155 9328 9315 
8837 9199 8762 
8917 8674 9172 
8192 9273 9336 
9510 8833 8914 
7659 8386 9691 
7890 9127 9668 
8845 8165 9212 
8828 8918 8827 
9467 8947 8631 
8235 9278 9298 
7943 8048 9605 
8335 9562 9017 
9134 9392 8676 
8183 9336 9281 
8924 8720 9154 
9549 8775 8781 
9538 8726 8839 
8246 9327 9240 
8186 9335 9299 
8773 9321 8742 
8212 9242 9309 
7897 9173 9650 
9253 9430 8385 
8162 9374 9297 
9246 9384 8403 
8194 9385 9223 
10071 7877 7676 
8755 9309 8801 
9529 8789 8786 
10025 7925 7657 
9513 8834 8903 
8509 9593 8670 
9759 9347 8426 
8197 9346 9279 
8753 8905 8925 
9586 8717 8789 
10065 7929 7630 
9520 8880 8885 
9154 9378 8671 
8211 9327 9305 
8917 8234 9191 
9165 9399 8660 
9832 9357 8403 
8779 9269 8788 
9769 9394 8397 
9534 8995 8563 
9525 8786 8826 
8015 8047 9683 
9552 9007 8504 
8124 9002 9503 
9528 8787 8815 
9533 8778 8838 
8182 9057 9502 
9539 8836 8757 
8799 8857 8944 
8607 8938 9055 
8939 8616 9184 
9585 8788 8776 
8366 9559 8958 
8795 9313 8774 
7945 9084 9596 
7787 10284 7546 
8987 8683 9160 
9144 9439 8647 
8188 9354 9235 
8900 8237 9203 
8233 8400 9443 
8184 9351 9268 
8219 9360 9197 
7986 8053 9567 
9192 9600 8552 
9219 9567 8595 
7922 9148 9624 
9000 9861 8200 
8223 9363 9164 
8973 8673 9162 
9028 9861 8192 
8836 9270 8749 
8246 9299 9287 
8408 9966 7838 
8197 9060 9477 
8819 9273 8761 
9695 8583 8491 
9296 9435 8347 
8506 9649 8686 
8218 9346 9225 
8243 9338 9231 
8586 8948 8992 
8622 9809 8329 
8153 9063 9386 
9517 8998 8575 
9541 8958 8562 
8402 9610 8949 
8877 8702 9193 
9295 9086 8717 
8993 9852 8263 
9561 8725 8783 
8976 9901 8213 
9630 8603 8427 
8984 8722 9104 
9012 9849 8217 
9549 8747 8828 
9560 8796 8770 
8793 8909 8898 
8125 9706 8622 
8830 9322 8703 
8592 8580 9416 
9367 9412 7948 
9524 9007 8512 
9900 8074 7655 
7429 10042 7751 
8895 8195 9205 
9956 8082 7285 
9852 8091 7603 
9846 8132 7591 
9042 8180 9092 
8625 8024 9302 
8228 8358 9445 

8256 10076 7750 
8851 8646 9107 
7907 9024 9368 
8738 8999 9034 
9192 9052 8729 
9304 8944 8643 
8317 8037 9554 
8772 9394 8796 
9555 9503 8279 
8090 9674 9085 
8122 9718 9049 
9529 9529 8242 
8205 9482 8843 
9220 9093 8726 
9531 9527 8252 
10016 8265 7676 
8590 9844 8753 
9351 8990 8621 
9553 9524 8246 
8515 9132 8842 
9357 9048 8376 
9613 9493 8311 
8192 9959 7824 
9322 8974 8631 
8251 9434 8862 
8221 9975 7814 
9516 9521 8260 
9483 9543 8272 
9489 9504 8278 
8216 9933 7816 
8165 9942 7870 
9590 9502 8330 
8203 9945 7826 
8527 9146 8837 
9377 9006 8420 
8877 8347 9190 
9543 9539 8240 
10007 8145 7704 
8796 9071 8956 
8487 9140 8867 
8114 9667 9050 
8150 8743 9318 
8170 8701 9362 
8535 9090 8886 
8525 9128 8899 
8034 8814 9393 
8150 9646 9021 
8141 8685 9372 
9455 8897 8652 
8266 10072 7807 
9556 8987 8535 
8926 8445 9177 
9152 8911 8811 
7811 10103 8065 
8618 9885 8750 
8146 9643 9054 
8641 9876 8731 
8577 9856 8763 
9567 9517 8274 
9146 8963 8765 
9722 8973 8354 
9311 8871 8909 
8802 9019 9002 
8715 9245 8810 
9684 8985 8322 
7831 9231 9097 
8208 9190 9194 
8127 9954 7838 
8127 9655 9040 
10062 8217 7695 
8123 9652 9073 
8096 9635 9091 
8077 9700 9054 
8228 10084 7775 
8121 8727 9328 
9000 9523 8533 
8784 9070 9019 
8773 9080 8975 
9028 9564 8530 
9302 9145 8404 
8175 9809 8765 
8216 9117 9132 
8122 8710 9325 
7924 8990 9353 
8162 8757 9313 
8014 8856 9349 
9258 8409 9067 
8540 8443 9412 
7567 8780 9487 
8124 9942 8425 
8349 8081 9518 
7549 8750 9499 
8764 9343 8797 
9417 8909 8620 
8331 8027 9535 
9255 9181 8715 
9076 8812 9074 
9084 8863 9073 
8897 8598 9126 
9298 8413 9040 
8561 9890 7982 
8589 9931 7979 
8891 8650 9080 
7424 10133 7300 
9005 9223 8569 
8622 8426 9242 
9787 8539 7659 
8737 8724 9183 
7059 7511 9780 
7894 8170 9450 
9923 8333 7423 
8883 9576 8137 
8037 8845 9270 
9084 9270 8398 
9759 8269 8057 
9086 8508 9012 

8825 9325 8705 
8521 9982 7906 
8571 10012 7899 
8604 10000 7860 
10102 8109 7585 
10163 8093 7570 
8351 9041 9062 
8532 10064 7881 
7979 9766 8552 
8211 9706 8258 
7331 7796 9807 
7478 8187 9724 
8568 10044 7871 
8629 9908 7867 
8593 9928 7877 
8613 10111 7850 
9152 8405 9063 
7494 8214 9714 
8407 10176 7856 
9210 8335 9037 
8549 10023 7903 
7565 8269 9644 
8622 9929 7854 
9478 8816 8633 
9034 9524 8230 
8443 10156 7846 
9588 8747 8322 
8591 10012 7870 
8958 9610 7757 
9006 9483 8233 
8908 9543 8399 
10204 8122 7557 
9347 9439 8134 
9343 9436 8167 
8583 9959 7873 
7813 9516 8963 
8900 9680 7783 
10131 8124 7565 
9691 8934 8132 
8002 9820 8526 
7797 9489 8973 
9383 9412 8192 
7839 8196 9568 
8978 9640 7714 
9076 9352 8646 
9355 9371 8195 
8329 9342 8890 
8646 10004 7802 
9363 9466 8124 
8369 9071 9050 
7405 8977 9335 
7315 7769 9817 
8920 9710 7740 
8385 9098 9040 
7344 7784 9797 
8670 8716 9140 
7863 9425 8977 
9714 8988 8106 
8584 10047 7860 
8263 9311 9118 
8578 10038 7883 
8283 9271 8905 
9413 9246 8061 
7873 8253 9546 
8698 8757 9137 
8974 9637 7747 
8702 8760 9104 
8041 9646 8640 
7681 8722 9322 
9078 9531 8170 
8245 9763 8236 
9453 9250 8034 
9129 8878 8791 
8818 8468 9013 
8620 10027 7850 
7995 9793 8542 
9288 9256 8220 
8405 9457 8767 
9052 9554 8218 
9786 8885 7851 
8916 9707 7773 
7498 8217 9681 
9815 8886 7820 
9900 8405 7922 
8949 9572 8386 
8592 8824 9078 
8873 8540 9004 
8613 9210 8874 
9716 8063 8125 
7736 8794 9313 
9287 8595 8810 
9720 8949 8112 
8847 8145 9249 
9658 8133 8151 
9698 8137 8124 
7460 9049 9326 
8405 9410 8815 
9074 9528 8203 
9355 9089 8423 
7855 8223 9558 
8859 9382 8683 
8547 8461 9348 
7939 9110 9209 
8008 9781 8532 
7675 8405 9435 
8891 8466 9005 
8854 9340 8685 
8243 8006 9547 
9350 9047 8425 
9187 9470 8028 
9471 9176 8035 
9208 9219 8338 
8994 8755 8905 
8430 8001 9439 
7827 8611 9266 
7448 8438 9576 
8901 8223 9083 
9629 8776 8309 
7742 7935 9626 
9895 8363 7924 
9283 9214 8222 
8842 8103 9251 
8833 8459 9127 
9842 8520 7712 
9124 8836 8793 
8591 9606 8403 
7964 8953 9238 
7751 8638 9330 
7845 9911 8208 
8751 9692 8129 
7563 8800 9304 
7488 8330 9454 
8400 9368 8817 
8485 9715 8053 
9038 8658 8805 
7807 8553 9299 
9789 8641 7825 

7523 8909 9597 
9884 8491 8251 
8439 10217 7996 
8279 8809 9424 
8620 8349 9532 
9882 8546 8172 
9878 8543 8205 
9902 8521 8239 
9562 8507 8711 
8089 10003 8335 
7951 9588 8949 
8180 8420 9561 
9253 9716 8250 
7925 9612 9031 
8001 9662 8857 
8311 8851 9417 
9171 9611 8513 
7943 9508 9133 
8287 8873 9383 
7964 9580 9074 
8338 8869 9397 
8326 8919 9334 
7998 9718 8873 
8010 9728 8797 
8281 8912 9377 
8623 9335 8849 
8317 8797 9456 
9653 8579 8362 
9768 8970 8079 
9567 8959 8295 
8520 9620 8720 
7963 9582 9016 
7206 7744 9753 
9314 9714 8278 
7872 10051 8243 
8299 8901 9354 
8286 8913 9364 
8785 8376 9490 
9296 9502 8614 
7950 9594 9026 
8735 8421 9504 
7951 9113 9517 
7951 9572 9092 
8573 9678 8402 
7938 9584 9102 
9191 9586 8580 
7939 9163 9454 
8337 8871 9339 
9232 8515 9107 
9334 9472 8599 
8540 10215 8048 
9153 9598 8548 
8515 9714 8736 
9284 9552 8551 
8773 8426 9427 
8810 9999 8290 
8646 8311 9600 
8781 8373 9523 
9261 9414 8625 
8325 8861 9415 
7989 9101 9549 
9274 9402 8615 
9302 9764 8215 
7977 9151 9486 
9580 8537 8699 
8843 8679 9119 
7578 8937 9583 
9428 9138 8686 
8552 10225 7972 
9466 9126 8718 
8734 8896 8933 
8769 8423 9460 
8707 9263 9156 
8349 8821 9402 
8538 9650 8708 
9352 9702 8310 
9928 8498 8191 
8336 8833 9412 
9322 9540 8583 
8113 9963 8322 
10234 8261 7754 
8755 8413 9462 
9635 8565 8685 
7975 9532 9079 
8319 8882 9362 
7962 9544 9089 
8001 9111 9473 
8002 9550 9059 
10282 8199 7751 
8158 9351 9046 
9924 8495 8224 
8681 9265 8823 
9762 9022 8033 
8663 9339 8822 
9373 9345 7978 
8479 8639 9293 
8675 9317 8777 
8651 9389 8759 
7168 7756 9721 
9731 8526 8452 
8735 8438 9395 
8722 8946 8870 
9373 9202 8370 
8096 10012 8272 
8134 8468 9542 
9735 8529 8419 
9978 8496 7603 
9353 9387 7934 
8497 8669 9281 
8084 9755 8489 
8617 9387 8803 
9641 8629 8299 
9197 8677 8740 
8846 8682 8900 
8438 8551 9332 
7523 8196 9681 
9255 8580 8802 
8790 8693 9002 
9146 8662 8824 

8312 9901 8466 
8302 9037 9262 
8298 9034 9295 
8093 8725 9426 
8079 8715 9428 
9448 8573 8573 
9170 8291 9188 
8097 8745 9416 
7737 7938 9605 
8553 9953 8168 
8487 10137 7916 
9156 9708 8120 
8567 9714 8699 
9764 8501 8547 
9768 8504 8514 
9370 8689 9102 
9745 8899 7941 
9047 9558 8480 
8897 8549 9167 
7679 7983 9652 
9727 8973 7940 
8041 9654 8832 
8417 10000 7940 
9847 8737 7785 
8308 9898 8499 
9794 8438 8580 
7719 7989 9622 
8128 8813 9415 
8757 9918 8156 
9049 9503 8559 
9466 8603 8561 
9250 9382 8279 
8894 9384 8769 
9728 8773 8415 
8479 10086 7917 
8660 8493 9348 
8549 9950 8201 
9490 9423 8079 
9461 8561 8563 
8588 8402 9373 
9319 9068 8638 
9806 8418 8542 
9184 8301 9186 
9766 8761 8447 
8536 9633 8702 
9389 8724 8740 
8336 9022 9327 
9449 9393 8094 
8362 9560 8956 
9067 9533 8547 
9177 9534 8440 
9043 9555 8513 
9468 9170 8361 
9464 9167 8394 
8572 9651 8690 
7717 7971 9684 
8703 8311 9361 
9352 9109 8553 
7895 9094 9265 
7953 9195 9154 
7996 9470 9054 
7915 9052 9309 
8346 9886 8531 
8599 9591 8608 
9190 9522 8430 
9228 9705 8203 
9444 9351 8096 
9538 9067 8235 
7933 9082 9297 
8637 8502 9367 
8722 9830 8167 
9710 9022 7890 
8435 10030 7928 
8430 9988 7930 
7712 7929 9686 
9127 8799 8848 
8827 8132 9225 
9926 8556 7925 
8088 7866 9473 
9068 8809 8713 
9441 8464 8641 
8496 9196 8797 
8323 9108 8957 
8404 9004 8902 
9443 8740 8518 
9023 9155 8660 
7719 8557 9496 
7412 8135 9649 
8400 8985 9000 
9256 9254 8327 
9573 9003 8297 
8817 8884 8879 
8611 8710 9023 
8607 8745 9082 
8697 8695 9081 

8863 8370 9277 
8105 9637 8568 
9839 9170 7846 
7699 8021 9658 
9836 8910 7929 
8085 10110 7737 
9820 8862 7937 
9162 8312 9143 
9441 8713 8539 
9033 9371 8715 
9419 8739 8554 
9200 8300 9175 
7797 9591 8665 
9041 9358 8711 
8988 9413 8755 
8536 9836 8254 
8186 9362 8945 
9836 9129 7891 
9645 8370 8364 
9817 9196 7861 
9877 9158 7878 
9900 9149 7859 
8146 8450 9420 
8527 9080 8987 
9884 9078 7885 
8155 9508 8806 
8167 9835 8564 
7957 7925 9690 
9223 9094 8614 
9156 8364 9097 
9673 8411 8361 
9826 9148 7911 
9350 9552 8362 
9090 9879 8035 
8156 8412 9407 
9020 9403 8717 
9269 9165 8599 
9988 8417 7838 
9117 9331 8733 
7997 9074 9180 
7180 7565 9804 
7933 8689 9560 
8939 9767 8244 
9066 9869 8063 
8611 9920 8124 
8138 8951 9089 
8891 8822 9051 
9771 8764 7950 
9804 9208 7871 
7162 7616 9821 
7895 8701 9528 
8197 9226 8975 
9982 8469 7792 
8862 8806 9061 
9944 8481 7760 
9950 8429 7806 
8912 9750 8262 
8179 9798 8540 
9194 8352 9129 
9049 9419 8707 
8882 8764 9105 
8106 8087 9601 
8881 8400 9265 
7934 9875 8446 
8901 8358 9309 
8861 8425 9198 
8498 9064 8997 
9771 9194 7894 
9479 8550 8451 
9809 9182 7926 
9968 8459 7794 
9430 9232 7936 
9867 9112 7900 
8372 8171 9463 
9231 9177 8567 
9386 9504 8407 
9388 9540 8394 
9409 9495 8388 
8191 9278 8929 
8195 9512 8779 
9033 9428 8669 
9092 9744 7985 
8745 9486 8420 
9180 8342 9131 
8895 8410 9263 
8538 8740 9309 
8576 9832 8135 
8354 8222 9480 
8857 8422 9231 
9010 9437 8688 
9448 9262 7924 
8207 9839 8537 
8863 8789 9058 
8346 9427 8795 
9019 9391 8745 
9256 8702 8988 
8005 9003 9342 
9202 9295 8799 
9459 8743 8527 
8763 9476 8420 
8386 9431 8768 
9164 9307 8767 
8193 9829 8539 
9204 8264 9078 
8474 8720 9341 
9160 8367 9064 
9578 8677 8363 
7618 9132 9147 
9473 8602 8405 
9948 8484 7727 
8368 9401 8780 
7791 9643 8619 
7116 7545 9836 
8166 8992 9086 
8776 9464 8410 
9428 9287 7857 
8587 8998 9059 
8128 8420 9432 
8027 9120 9171 
9424 9284 7890 
7634 9128 9242 
7614 9129 9180 
8515 8749 9328 
7157 7574 9823 
9374 8923 8486 
8363 9604 8356 
9251 8733 8695 
7114 7799 9776 
9447 8921 8193 
9497 8905 8316 
7421 8798 9458 
9296 8573 8698 
8018 8991 9332 
8331 9957 7982 
9654 8843 8060 
8141 8408 9422 
8213 9438 8780 
8435 7842 9355 
8539 8674 9215 
8695 9089 8817 
7722 9965 7976 
9507 8854 8205 
9473 8349 8526 
8349 8180 9482 
9295 8639 8770 
8433 9672 8300 

8959 9539 8219 
10204 8151 7757 
9589 9378 8280 
10047 8261 8123 
10288 8196 7657 
10251 8193 7671 
10167 8171 7753 
10199 8210 7692 
9241 9455 8238 
10219 8240 7649 
7876 9945 8472 
10187 8201 7710 
10224 8204 7696 
10062 8250 8071 
9228 8317 9156 
9391 8550 8893 
8027 9291 9283 
7989 9303 9251 
9414 8541 8874 
9741 8966 7969 
9248 8687 8805 
9605 9405 8270 
9264 8147 9011 
8731 9464 8635 
9428 8517 8889 
9424 8514 8922 
9319 9336 8718 
10098 8268 8059 
10064 8283 7994 
10089 8275 8026 
9163 8337 9092 
8700 8620 9063 
10135 8248 8063 
7556 10141 7923 
9296 9353 8747 
8986 9026 8784 
8484 9396 8855 
9474 8618 8775 
7892 7789 9660 
9554 9437 8211 
7902 8869 9504 
10238 8205 7681 
9328 9482 8050 
7928 8846 9456 
7887 8866 9529 
8589 8715 9305 
9590 8552 8706 
10071 8248 8092 
8247 8818 9261 
9531 9454 8240 
8268 9002 9110 
8903 8273 9238 
9001 9029 8759 
10060 8280 8027 
9578 9423 8255 
9553 9399 8309 
9526 9417 8294 
9513 9421 8294 
9680 9125 7851 
8561 9615 8758 
10051 8218 8135 
9402 8530 8920 
10220 8178 7747 
10158 8231 8034 
9512 8606 8807 
9571 9390 8363 
8532 9463 8831 
9433 8479 8964 
9542 9444 8284 
8907 8293 9228 
9446 8696 8744 
8771 9397 8746 
8889 8263 9240 
8751 9439 8702 
8035 9255 9270 
8867 8289 9255 
9462 8502 8954 
10103 8224 8096 
8779 9116 9015 
8530 9666 8714 
10103 8201 8114 
9640 9203 8534 
8228 10118 7787 
7908 7816 9650 
9633 9247 8553 
8765 9449 8700 
10135 8263 8035 
7949 8845 9538 
9582 9414 8289 
7808 9536 8806 
9060 8585 9026 
9472 8673 8696 
9275 9512 8216 
8729 8635 9043 
9066 8533 9072 
9807 8876 8032 
8627 9220 9016 
8857 9087 8855 
10183 8198 7743 
8716 8647 9053 
8883 8315 9194 
7912 8921 9411 
10085 8272 8059 
10067 8245 8125 
7572 10168 7913 
9449 8506 8954 
9468 8670 8729 
8919 8271 9183 
9148 8818 8902 
9608 8582 8694 
9485 8485 8925 
7987 8833 9570 
9656 9230 8524 
8909 8670 9026 
9015 9403 8349 
8524 8735 9241 
8039 9258 9237 
9506 8658 8761 
7534 8529 9577 
9584 8604 8660 
8861 8341 9209 
9588 8607 8627 
8843 8311 9221 
9842 8964 8021 
7882 9893 8518 
9064 8588 8993 
8577 9642 8748 
8146 8295 9540 
8507 9471 8799 
8940 9664 8317 
8613 9621 8719 
9266 8717 8793 
9442 8840 8723 
7922 9897 8491 
7865 9370 9105 
9492 8648 8763 
8513 9411 8835 
8518 9453 8833 
8223 9015 9270 
8564 8520 9335 
8879 9670 8238 
7940 9823 8492 
7921 7804 9640 
8887 8318 9161 
8897 9487 8496 
8229 8963 9316 
9284 8666 8776 
7559 8521 9609 
9237 9524 8184 
7863 9608 8797 
7934 9875 8446 
7247 7382 9687 
8080 8369 9393 
9675 8463 8086 
7937 9864 7844 
8956 9435 8431 
8254 8147 9346 
7585 10156 7903 
9261 8675 8795 
8484 9826 8202 
7048 7629 9682 
8819 8560 9048 
8954 9497 8221 
8293 8175 9343 
8711 8605 9055 
8263 8960 9112 
8373 9040 9067 
8576 9094 9044 

8325 9290 9084 
7960 10253 8001 
7981 10203 7971 
8422 9711 8168 
8496 9194 8950 
8508 9144 9013 
8491 9193 8963 
8466 9176 8979 
7980 10261 7937 
8097 8252 9538 
8578 8483 9233 
8297 8836 9271 
7758 9981 8047 
9128 8662 8919 
7699 9146 9173 
7756 9963 8109 
9537 8907 8145 
7976 10258 7970 
8368 9351 9081 
7731 9971 8077 
8198 10377 7710 
8217 9815 8363 
9403 9168 8353 
8017 10238 7928 
7981 10259 7957 
7994 10247 7947 
8149 10307 7736 
9421 9198 8341 
8185 10325 7724 
8004 10163 7960 
7968 10207 7971 
8018 10198 7947 
8120 10355 7749 
8295 8891 9192 
7445 9451 8812 
8498 9161 8995 
7491 9403 8831 
8268 9776 7954 
8693 8776 9033 
8017 8492 9551 
10052 8397 7839 
8734 8806 9018 
8714 8807 8956 
8605 8493 9203 
9617 8881 7996 
7736 10005 8065 
8620 9169 8873 
8240 9185 9100 
9720 8632 8275 
9648 8867 7996 
8565 8487 9233 
9653 8901 7984 
7844 9725 8459 
9858 8740 8008 
7836 9938 8106 
7660 9166 9267 
8185 10064 7826 
8586 9167 8917 
7438 8617 9588 
9322 8912 8648 
7985 9007 9319 
8694 8759 9030 
9586 8629 8561 
8400 9735 8186 
7824 9767 8415 
9424 8632 8824 
9682 8644 8243 
8291 8888 9225 
8950 8517 9111 
7979 8504 9519 
7965 9049 9275 
7816 9980 8062 
8679 8782 9074 
8286 9806 7942 
8707 8747 9020 
9695 8640 8243 
8115 8282 9526 
9432 9483 8140 
7798 9950 8074 
8985 8605 9100 
7625 9078 9278 
7718 9975 8077 
7797 9757 8445 
8980 9608 8616 
9734 8322 8387 
8775 9737 7958 
7817 9715 8489 
8788 9733 7958 
8632 9119 8936 
9357 9000 8637 
7784 9761 8445 
7682 9142 9249 
9839 8806 7979 
8930 9653 8630 
8315 8866 9259 
8644 9097 8891 
7822 9749 8477 
9394 9180 8361 
8794 9680 8205 
8956 9630 8582 
8921 9533 8658 
8668 8272 9378 
8757 9747 7958 
8603 8475 9265 
8077 8294 9494 
8295 9257 9091 
8988 9583 8604 
8976 9605 8649 
8231 8688 9311 
8661 8752 9086 
8510 9111 9058 
9590 8632 8528 
9381 9192 8371 
9376 9150 8373 
9703 8907 7737 
7485 9455 8785 
7467 9425 8797 
8413 9723 8176 
8741 8712 9017 
8633 8184 9389 
9742 8386 8346 
9533 9050 8345 
7468 8188 9568 
9337 8527 8873 
9177 8762 8913 
7897 7733 9587 
9307 9042 8497 
8486 9698 8002 
8444 9242 8712 
8554 9682 8061 
7856 7754 9632 
8550 8556 9142 
9211 9332 8185 
8866 8844 8792 
8598 8433 9267 
8226 8646 9313 
7526 8657 9327 
8752 9705 7960 
7456 8088 9663 
9015 9229 8380 
7685 9939 8145 
7102 7531 9758 
7676 9155 9192 
9206 9106 8489 
8745 8715 8984 
9549 8885 8100 
7510 8697 9371 
8453 9701 8033 
8281 9764 7944 
7623 8123 9567 
7638 8257 9555 

8473 9682 8378 
8810 8444 9430 
10138 8593 8134 
10110 8619 8161 
10142 8572 8183 
10069 8574 8191 
7658 9130 9240 
10174 8611 8122 
7648 8905 9524 
10121 8643 8087 
8892 8387 9444 
10194 8641 8079 
9998 8517 8233 
7634 8895 9526 
8417 9934 7863 
9448 9108 8207 
7438 8616 9565 
8917 8861 8965 
9483 9196 8196 
8923 8870 8942 
8862 8434 9548 
8880 8409 9489 
8457 9655 8388 
8974 9896 8264 
7926 9041 9350 
7941 9044 9325 
7948 9686 8721 
8593 9435 8801 
7513 8198 9631 
8967 8575 9112 
7942 9027 9322 
7991 9674 8804 
7628 8947 9480 
8978 9899 8231 
10018 8524 8217 
8548 8668 9456 
8056 8699 9306 
8663 9559 8674 
9731 8530 8519 
9154 8669 8643 
8478 9004 8871 
10018 8501 8235 
9681 8779 8268 
9995 8533 8236 
8884 8412 9456 
7674 9157 9230 
8494 9031 8861 
7495 8168 9643 
9985 8507 8277 
9010 9875 8235 
8509 9620 8331 
9087 8373 8843 
9067 9471 8570 
8958 9869 8274 
8880 8806 8986 
8987 9884 8254 
8121 10113 7789 
9675 8831 8222 
8564 8695 9446 
9342 9439 8026 
9170 8291 9188 
9329 9359 8027 
8687 8633 9062 
8842 9491 8440 
9619 9283 8031 
8163 10081 7823 
8411 9398 9146 
9183 9142 8540 
8223 9974 7833 
8491 9712 8366 
7636 9154 9258 
8628 9471 8685 
7634 9191 9248 
7652 8925 9514 
8486 9670 8368 
8078 9925 8134 
9833 8765 8125 
8415 9401 9113 
8427 9379 9068 
7421 8559 9587 
9184 8301 9186 
7651 9157 9233 
8627 9541 8686 
9468 8853 8466 
8423 9376 9101 
7692 9187 9218 
9441 9215 8432 
7632 8950 9447 
8937 8845 8967 
8995 8788 9005 
7887 10114 7914 
8003 9656 8881 
7631 9112 9260 
9001 8736 9051 
7664 8903 9469 
7952 9689 8688 
9517 8298 8658 
9006 8778 9049 
7687 9145 9220 
9209 8741 8634 
9081 8425 8797 
9523 8246 8704 
9230 9310 8338 
9177 9194 8494 
9535 8224 8659 
9032 9522 7949 
8646 9245 8732 
9629 8606 8296 
9680 8824 8033 
9345 8667 8629 
9279 9410 8332 
9650 9195 7844 
9010 8797 8608 
9439 8566 8568 
9477 8690 8284 
8682 8591 9064 
7856 7754 9632 
8421 8721 9109 
9132 8599 8726 
9460 8984 8315 

9293 8859 8584 
7625 10143 7665 
7602 8619 9655 
7654 10158 7645 
9641 9037 7925 
7586 10142 7669 
7989 9698 8894 
8253 8824 9219 
7615 8953 9482 
8547 9663 8678 
9268 9054 8323 
7659 10200 7643 
9144 9722 8576 
9545 9268 7926 
7642 8552 9766 
9099 8400 9138 
9117 8412 9079 
7380 7946 9891 
7860 10269 7593 
9326 9068 8304 
9601 9301 7886 
9135 8595 8900 
9243 9680 8296 
10269 8225 7561 
9208 8653 8874 
9341 9112 8297 
9555 9229 7903 
9373 9469 8061 
9649 8980 7964 
9197 8512 8899 
8258 9913 8503 
9522 9301 7916 
9242 8340 8752 
8511 9702 8754 
9336 9070 8299 
7660 8564 9707 
8692 9365 8727 
9560 9271 7901 
9487 9213 7927 
8707 9368 8702 
8491 9727 8687 
8245 10003 8190 
7622 8594 9722 
8960 9935 8398 
8634 9310 8728 
8210 10073 8277 
10182 8226 7506 
9263 9710 8253 
8397 8643 9352 
9189 9723 8547 
9871 8951 8308 
8466 9458 8793 
9169 9693 8590 
7720 7850 9705 
9026 9953 8364 
8382 8640 9377 
8223 9825 8514 
9132 9690 8604 
9670 9052 7905 
7972 9100 9254 
8486 9416 8837 
9581 8964 7988 
8185 9855 8529 
9204 9679 8300 
9113 8243 9122 
8035 9650 8913 
7854 9007 9439 
7793 7908 9679 
8451 9455 8818 
9302 8302 8769 
9524 8924 8341 
9300 9713 8239 
8015 9788 8634 
7304 7942 9909 
8626 8706 9019 
9093 8452 9092 
9504 8966 8297 
9282 8344 8725 
9271 8883 8602 
7758 7820 9690 
9940 8602 7901 
8222 10012 8209 
9166 9732 8566 
8989 9950 8378 
7594 8881 9541 
9124 8454 8925 
9978 8572 7886 
8971 9364 8656 
9162 8424 8910 
9009 9334 8641 
9306 9024 8308 
9382 9101 8264 
7636 8604 9720 
9291 8841 8646 
9654 9022 7962 
7952 9142 9210 
9044 9422 8630 
9212 9429 8389 
9517 8509 8623 
9590 8567 8597 
8047 9628 8868 
8872 8413 9185 
8324 8585 9378 
8218 8777 9248 
7588 8935 9502 
9040 8185 9148 
8170 8648 9262 
8487 8932 9006 
8487 8109 9402 
9397 8624 8556 
9670 8620 8346 
8319 9078 8961 
8974 8810 8874 
9354 8841 8403 
8059 8461 9379 
8706 8639 9130 
8527 8692 9083 
8737 8687 8913 
8705 8663 9014 
8553 8080 9362 
8470 8910 9039 
8548 8284 9379 
8826 8454 9068 

10284 8002 7686 
10220 8005 7700 
10332 8091 7597 
7526 8662 9638 
7510 8635 9648 
10332 8068 7615 
10268 8071 7629 
10338 7966 7686 
9023 9747 8585 
10245 7931 7738 
9963 8868 8297 
9061 9709 8592 
9290 9442 8782 
9319 9394 8769 
10271 8012 7681 
9853 8740 8439 
9559 9144 8317 
9917 8760 8407 
10323 7995 7660 
9372 8969 8718 
8933 8642 9124 
9562 8511 8709 
9608 8582 8694 
9373 9402 8142 
8953 8600 9168 
10032 8262 7991 
9400 9010 8715 
8278 9465 8890 
8260 9435 8902 
9151 8440 9217 
8624 9822 8170 
8985 9809 8451 
10286 7960 7725 
8909 8664 9090 
8787 8330 9260 
7662 9298 9161 
9415 9003 8716 
7678 9325 9151 
7682 9256 9205 
9894 8769 8426 
7691 9313 9141 
9143 8533 9085 
9468 9294 8673 
9986 8811 8299 
9931 8804 8361 
9462 9363 8560 
10317 8097 7589 
9251 9325 8797 
9953 8935 8341 
10300 8029 7676 
9888 8808 8420 
9869 8767 8429 
9691 8993 7718 
9963 8843 8300 
9949 8776 8364 
10303 8053 7635 
9780 9148 7711 
9963 8820 8318 
9182 8527 9183 
10265 8114 7610 
10001 8782 8325 
9920 8847 8359 
9946 8775 8387 
10248 8046 7697 
9139 8530 9118 
9933 8787 8397 
10312 8038 7658 
9441 9132 8711 
9910 8796 8416 
10297 8067 7632 
7643 9336 9124 
9776 8411 8646 
9272 8699 8819 
10058 8340 7924 
8323 8886 9369 
10233 8070 7646 
9593 9181 8015 
7643 7799 9924 
10216 8002 7733 
8316 8893 9341 
8815 8371 9257 
8925 9777 8676 
9277 9454 8792 
8337 8904 9298 
9194 8469 9200 
8340 8837 9419 
8271 8735 9570 
8314 8913 9317 
9074 9779 8563 
8873 9771 8715 
9793 8479 8559 
9341 9474 8760 
7839 8838 9595 
9077 9736 8582 
9010 9759 8595 
9520 9300 8634 
9959 8865 8330 
8354 8881 9373 
8392 8843 9380 
10280 7999 7719 
8369 8852 9399 
7977 9441 9108 
9292 9354 8784 
9051 9788 8582 
9484 9321 8663 
8543 7990 9354 
8780 9329 8875 
9318 9483 8779 
9303 9512 8753 
9907 8859 8369 
9361 9479 8720 
9482 9338 8627 
8366 8882 9310 
9497 9309 8653 
9283 9537 8686 
9369 8815 8814 
9493 9138 8672 
9904 8835 8410 
9936 8874 8349 
9582 9000 8263 
9458 9070 8691 
9457 9159 8701 
8697 8844 9300 
8754 9368 8805 
10070 8318 7879 
7422 10032 7797 
8343 8891 9329 
9458 9360 8593 
7798 9894 8257 
8947 8652 9122 
8450 9358 8964 
9584 8604 8660 
7818 9852 8301 
7780 9864 8269 
8721 8809 9264 
8638 9866 8124 
8653 9837 8150 
8258 9490 8823 
8749 8850 9261 
9499 9099 8678 
7460 10020 7829 
7544 8692 9626 
8254 9487 8856 
7440 10062 7785 
9239 9559 8087 
8640 9849 8160 
8676 9828 8131 
9548 9154 8273 
9134 8627 8848 
8883 8731 8969 
7682 9918 8125 
8295 9918 7861 
7238 7897 9689 
7859 10078 7454 
9021 8822 8910 
7481 8927 9334 
8538 7948 9356 
7583 9938 7498 
7431 9942 7855 

9892 8529 7792 
8678 9711 8607 
10101 8273 7516 
8865 8940 9069 
9898 8498 7808 
10096 8357 7532 
9135 9469 8728 
8679 9696 8653 
8780 8624 9255 
9112 9478 8747 
9558 9253 7845 
9183 9037 8794 
7976 7947 9632 
9923 8490 7840 
8692 8407 9408 
7041 7513 9832 
7517 8254 9725 
9576 9100 8250 
9542 9101 8458 
9493 9003 8471 
9050 8475 9042 
9856 8535 7908 
7946 9606 8934 
7945 9932 8284 
9904 8446 7854 
7983 9920 8316 
9129 9500 8712 
9728 8648 8438 
10154 8287 7506 
7939 9984 8238 
7535 8284 9713 
9014 8161 9069 
7944 9661 8855 
8585 9052 9036 
7990 9613 8874 
9037 8907 8979 
8723 9550 8845 
9313 9471 7864 
9909 8480 7842 
9219 8879 8930 
7079 7501 9864 
9170 9041 8794 
8162 9810 8485 
9273 9467 7891 
7059 7543 9820 
8200 10119 8174 
8216 9824 8456 
8002 9591 8829 
7977 9972 8270 
8966 8938 9121 
7964 9636 8922 
8205 10035 8158 
8832 9942 8221 
8258 10049 8148 
7515 8309 9646 
9477 9383 8009 
8178 9836 8424 
9194 8070 8971 
7986 9610 8907 
8202 9814 8458 
9208 9029 8826 
9424 8632 8824 
9702 9084 7882 
8641 9708 8621 
9645 8667 8295 
9564 9201 7891 
7956 7972 9565 
8184 9784 8470 
9106 9509 8731 
8901 9908 8243 
8214 8690 9302 
9494 9334 8059 
7998 9588 8862 
8534 10082 7791 
8761 9538 8877 
8462 10020 7941 
7940 9658 8888 
7718 8907 9415 
9534 9417 7980 
9653 8925 8197 
7963 9962 8272 
8765 9490 8822 
9528 9091 8460 
9291 9497 7879 
8856 8337 9250 
7511 8306 9679 
9212 8100 8959 
9639 8719 8249 
8138 9832 8451 
7917 10010 8253 
9191 9277 8237 
7990 7957 9630 
8962 9562 8315 
8017 9099 9224 
8156 9862 8439 
8035 9129 9212 
9899 8266 7957 
9433 8778 8772 
9573 8673 8628 
9030 8517 8998 
9313 9110 8221 
9221 9233 8338 
7802 8228 9419 
7723 8215 9539 
8394 7974 9481 
9137 9451 8099 
7892 9326 9123 
7304 8405 9504 
8100 8734 9134 
7680 8573 9430 
8449 8547 9315 
9349 8782 8607 
7722 8246 9441 
7677 9139 9124 
8284 8693 9231 
7470 8659 9422 

9618 9407 8433 
9730 9338 8347 
9903 9157 8146 
9265 9688 8543 
8430 8724 9334 
9734 9365 8346 
9205 9713 8661 
10087 8885 8078 
8589 10149 8164 
9247 9681 8652 
9862 9185 8224 
9177 8215 9084 
9695 9445 8368 
9623 9375 8458 
9670 9470 8394 
9632 9482 8362 
9157 8216 9022 
8705 10124 8123 
8731 10182 8056 
9576 9439 8442 
8633 9754 8280 
7678 9368 9329 
8080 9486 9170 
8664 9831 8198 
9754 9182 8272 
7714 8402 9622 
8055 9488 9188 
8345 9485 8685 
9639 9454 8396 
9053 8491 9096 
8401 9484 8675 
8618 10273 8120 
7671 9322 9347 
9786 9203 8228 
8378 9462 8719 
9366 9588 8555 
8619 10232 8141 
9289 9653 8589 
9079 8549 9029 
8015 9509 9074 
9707 9347 8366 
7735 8392 9685 
8846 8293 9273 
9332 8618 8910 
9682 9427 8401 
8649 10270 8061 
8675 10231 8131 
9313 9621 8606 
8076 9483 9203 
8051 9508 9229 
8866 8251 9317 
9274 9674 8553 
8496 9154 9110 
8514 9166 9051 
8154 9319 9052 
8713 10202 8105 
8250 8030 9687 
8434 9461 8709 
8448 8754 9322 
9780 9255 8182 
7466 9154 9350 
9080 8508 9050 
8118 9451 9194 
7690 9418 9315 
8590 10117 8164 
9824 9191 8260 
7718 9459 9312 
7813 9517 8754 
8868 8242 9357 
10092 8896 8076 
10058 8911 8011 
10002 8912 8021 
10054 8908 8044 
10022 8887 8088 
9659 9436 8420 
9614 9427 8474 
9884 9254 8223 
9731 8642 8771 
9650 8668 8807 
9792 9283 8153 
9748 9234 8226 
10036 8897 8086 
9706 8667 8797 
9694 8717 8734 
9769 8630 8803 
8673 10189 8151 
9817 9145 8278 
8845 9449 8742 
10121 8874 8017 
10117 8871 8050 
10085 8850 8094 
8845 8304 9343 
8589 9736 8323 
8700 10206 8105 
8734 10184 7993 
10071 8936 7922 
8699 10247 8084 
9817 9258 8127 
9719 8692 8708 
8678 10137 8106 
7080 7533 9883 
9352 9616 8595 
8749 10155 8019 
7512 9137 9434 
8473 8729 9296 
7833 9516 8816 
7914 9135 9335 
7721 9373 9291 
8052 9751 8599 
8679 9834 8173 
9702 9417 8402 
8603 9779 8269 
9277 9604 8609 
8161 9282 9085 
8179 9312 9073 
8070 9781 8587 
8221 8598 9464 
8892 9800 8030 
8617 10190 8161 
8239 8628 9452 
8913 9790 8093 
8643 10248 8094 
9337 9637 8559 
7760 8367 9659 
8559 9117 9116 
8867 8661 9068 
9240 9635 8670 
8645 9778 8203 
7877 8931 9477 
7741 9331 9335 
8699 9056 8863 
9707 8682 8784 
7530 9149 9375 
8876 8591 9036 
8578 9161 9076 
9429 8710 8884 
8719 9055 8925 
7778 8397 9647 
9706 9378 8360 
8277 9012 9297 
9357 8611 8931 
9133 8256 9035 
9639 9402 8448 
8363 9515 8673 
9675 9381 8419 
9652 9390 8438 
9811 9197 8232 
9268 9676 8667 
8253 9008 9380 
7726 9384 9289 
8718 9384 8746 
8890 8208 9391 
8275 8005 9661 
7059 7543 9820 
9325 9175 8646 
7742 9410 9271 
9430 8669 8905 
8887 9732 8160 
9395 8581 8916 
9431 8655 8824 
8206 8651 9418 
8847 8252 9294 
8151 9399 8798 
8041 9807 8520 
8262 9533 8738 
9387 9545 8494 
7844 8954 9443 
7927 9105 9278 
8217 9282 9058 
8493 8687 9340 
8511 8717 9328 
9756 8854 8290 
8698 9065 8862 
8775 8684 9008 
8866 9742 8097 
8037 9804 8553 
7812 9526 8753 
7332 8474 9569 
9389 8780 8538 
9067 8729 8722 
8512 8353 9299 
9267 8785 8675 

8180 8923 9362 
7631 9043 9291 
9451 9250 8643 
9457 9219 8659 
9699 9062 8525 
9473 9246 8649 
9496 9229 8620 
9467 9277 8633 
7630 8701 9582 
9440 9267 8663 
9425 9264 8688 
7674 9027 9308 
7659 9024 9333 
9372 9203 8724 
9591 8963 8538 
9424 9217 8695 
9437 9205 8685 
9620 8986 8528 
9408 9190 8705 
7354 8077 9758 
8200 8898 9429 
7857 8144 9640 
9385 9199 8724 
8413 8808 9331 
9264 8471 8805 
8608 8573 9321 
7835 8170 9655 
8764 8424 9360 
9130 9007 8853 
9248 8444 8815 
7337 8056 9845 
7366 8071 9825 
7986 7784 9624 
9624 9065 8134 
9401 9226 8714 
8696 8101 9405 
8377 8861 9305 
8185 8833 9507 
8014 7706 9655 
8612 8504 9375 
8494 9858 8256 
8061 9948 7820 
9454 9216 8675 
7806 10119 7754 
8008 7758 9609 
8146 10132 7645 
8628 8531 9365 
9467 9204 8665 
8423 8887 9275 
8407 8860 9285 
7972 9078 9244 
9020 8749 9056 
8215 9431 9136 
9040 8707 9100 
8526 8939 9065 
7677 9069 9261 
7712 10200 7492 
7741 10215 7472 
9431 9225 8694 
7381 8011 9807 
9212 9422 7912 
7697 8975 9503 
9225 8547 8990 
8582 8505 9395 
7358 8020 9826 
8768 9718 8364 
9494 9214 8635 
7937 8990 9255 
7811 10103 8065 
7957 9034 9251 
8828 9589 8070 
8214 8908 9427 
8218 8911 9394 
8680 8074 9415 
7986 9049 9231 
8393 8850 9287 
8905 9071 8930 
8134 9444 9128 
8598 9030 9040 
7837 10187 7753 
8920 9074 8905 
9483 9231 8655 
8799 8512 9349 
7659 8987 9471 
9034 8759 9054 
8713 8026 9373 
8096 10036 7809 
9446 9228 8669 
7894 9323 9150 
9757 9029 8492 
9734 9046 8521 
8013 9067 9211 
7907 9496 8682 
8081 9475 9090 
8299 8893 9500 
8803 9806 8353 
7639 9066 9289 
9179 8595 8971 
8974 8797 9037 
9148 9037 8841 
7994 9054 9226 
8428 9309 9051 
7608 8727 9597 
8409 8877 9277 
9915 8671 7826 
7655 9093 9279 
8561 9027 9054 
9509 9217 8610 
8108 10144 7613 
9020 8524 9115 
7695 9099 9249 
7892 9493 8707 
8646 8561 9353 
9283 8405 8834 
8609 9570 8503 
9128 9062 8774 
9639 9068 8109 
8649 9574 8476 
9124 9059 8807 
9221 8570 8932 
9662 8764 8527 
9192 9464 7868 
7896 9860 8460 
8898 9539 7826 
8790 9431 8762 
7668 9081 9269 
8709 8089 9395 
8032 7736 9643 
8880 9509 7838 
9174 9434 7880 
8012 7761 9576 
8805 8000 9252 
7466 8221 9658 
9007 9414 8041 
8850 9549 8442 
8523 9873 8236 
8896 9330 8381 
8367 7907 9456 
9804 8343 8001 
9230 9388 8152 
8965 9299 8164 
9049 8539 9095 
7766 9551 8535 
8011 9599 8464 
9825 8409 7885 
8667 9500 8477 

8170 9775 8915 
9791 9134 8323 
9745 9108 8353 
9636 8991 8396 
8978 8218 9182 
8015 9830 8568 
9632 9282 8153 
9902 9123 8276 
9669 9277 8129 
9573 9260 8183 
8292 10121 7788 
7237 7714 9788 
8217 9728 8917 
8240 9719 8898 
8204 9740 8927 
9595 8511 8487 
10180 8702 7925 
9560 9286 8191 
9237 9397 7999 
8872 8451 9397 
8789 8496 9392 
10144 8723 7954 
9581 9311 8182 
9793 9085 8370 
9599 8514 8454 
10098 8697 7984 
9829 9103 8358 
10173 8666 7957 
9865 9068 8331 
9852 9094 8339 
10029 8771 7934 
9898 9120 8309 
8041 9807 8520 
9934 9076 8298 
9836 9116 8344 
9911 9085 8317 
9627 9337 8152 
9898 9097 8327 
9839 9111 8340 
9852 9071 8357 
9896 9154 8319 
9875 9129 8328 
10077 8748 7951 
9642 9268 8150 
7762 8622 9432 
10138 8727 7964 
9679 9271 8136 
10067 8759 7966 
9621 9341 8162 
9132 8234 9176 
10115 8736 7983 
9598 9350 8181 
9599 8488 8545 
9539 9336 8221 
9031 8236 9124 
9619 8489 8521 
8175 9761 8966 
9597 8472 8604 
9053 9610 8172 
8940 8741 9014 
9590 9047 8397 
9603 9035 8387 
9924 9090 8301 
8867 8401 9433 
8868 8448 9430 
9888 9111 8330 
8764 8469 9504 
8198 9744 8937 
7800 8610 9464 
8846 8474 9445 
9842 9085 8360 
8131 9333 9046 
8883 8677 9043 
8256 9674 8911 
8191 9766 8935 
9012 8183 9194 
8442 9102 8862 
9275 9511 7929 
9374 9337 8269 
8815 8544 9255 
8852 8470 9435 
8188 9324 9094 
9590 9299 8182 
9609 8981 8426 
8131 9804 8918 
8987 8966 8961 
8148 9284 9096 
9911 9094 8301 
9613 9290 8163 
9637 8476 8577 
9164 9627 8129 
9396 8656 8641 
7489 8805 9403 
10057 8655 7991 
8169 9792 8950 
8130 9394 9120 
9018 9522 8183 
9591 8524 8558 
8135 9310 9104 
7803 9140 9364 
8810 8495 9474 
8823 8483 9464 
8845 8457 9449 
8437 8841 9234 
8233 9683 8930 
8969 8936 8973 
9348 9488 7988 
9577 8514 8560 
8793 9518 8504 
9603 8491 8512 
8101 8205 9694 
9296 9392 8482 
8257 10033 7799 
8755 9530 8472 
8934 9569 8268 
7926 8548 9410 
8784 9197 8599 
8537 9822 8033 
8829 8554 9253 
8802 9178 8723 
8804 9196 8661 
9426 8465 8818 
9310 9500 7956 
8782 9220 8679 
8063 8217 9662 
7932 8496 9456 
8740 9637 8589 
7731 9143 9281 
9436 8660 8614 
9033 8992 8931 
8764 9190 8691 
8657 9719 8321 
8319 8952 9129 
8301 8922 9141 
7544 8877 9394 
8438 9125 8804 
7970 9886 7912 
9232 8583 8827 
9028 9014 8592 
7232 7672 9790 
8207 9739 8213 
9451 8511 8578 
9328 8914 8585 
7831 9839 8018 
9071 8600 8645 
8560 9731 7943 
8535 9286 8655 
7940 8621 9289 
9040 8456 8909 
8425 9229 8678 
9179 8527 8879 
9228 8677 8624 

7859 9034 9181 
8573 10289 7952 
8593 10319 7909 
8612 10307 7923 
8589 10316 7942 
8590 10316 7925 
8625 10295 7913 
8531 10320 7972 
8516 10317 7997 
8585 10289 7943 
8570 10286 7968 
8412 8927 9035 
8506 10266 8000 
7871 8649 9779 
9294 9570 8337 
9321 9587 8319 
8564 10299 7958 
8533 10283 7982 
7688 9118 9363 
7887 9075 9178 
8371 8750 9304 
8387 8777 9294 
8291 9685 8700 
8363 8817 9307 
7704 9145 9353 
8963 8037 9108 
8571 10240 7967 
9280 9085 8585 
8623 10246 7928 
8508 10266 7998 
8545 10269 7984 
9152 8876 8875 
8481 10249 8016 
8598 10191 7958 
8214 8397 9490 
8335 8776 9310 
8587 10267 7957 
8347 8922 9212 
8546 8439 9429 
8534 10171 7990 
8531 10234 7997 
9235 9264 8586 
9517 8556 8514 
8544 10222 7987 
7852 9354 9054 
9389 9496 8344 
8121 9334 8930 
9309 9100 8565 
7886 9411 9032 
9338 9538 8369 
9137 8873 8900 
9248 8617 9087 
9272 8577 9074 
9079 8818 8901 
8706 8431 9265 
8229 8400 9465 
8867 9625 8478 
8779 8489 9239 
8895 9057 8651 
8562 10212 7987 
8560 10249 7977 
7684 9205 9356 
7905 9105 9166 
9332 9558 8369 
8910 9060 8626 
9314 9142 8563 
7890 9004 9647 
7874 8977 9657 
7847 8960 9675 
7722 9175 9341 
9540 9169 8508 
7848 8658 9798 
7911 8925 9508 
9107 8731 9103 
9273 9252 8618 
8905 9613 8510 
9555 8544 8546 
9081 8980 8802 
9147 8834 8877 
9490 9245 7957 
8793 9058 9024 
9344 9188 8554 
9117 8672 9037 
9276 9172 8578 
9123 8620 9083 
8648 9823 8053 
8399 10031 8471 
8763 9453 8650 
8255 9724 8776 
8431 10075 8435 
8283 9765 8773 
8600 10255 7947 
8243 7752 9698 
9376 9526 8401 
8405 8807 9282 
8381 8847 9295 
9294 8569 9106 
9154 9038 8776 
8530 8412 9439 
8472 8357 9440 
9559 8926 7846 
8385 8832 9215 
8721 9881 8027 
9577 8938 7787 
8365 8952 9200 
8228 7749 9723 
7899 7848 9647 
8170 9013 9079 
8381 8979 9190 
8706 9878 8052 
8419 8817 9280 
8739 9493 8663 
9330 8507 9048 
9560 8987 7737 
8775 9431 8605 
8093 9293 8933 
7991 9341 8860 
9708 8489 8120 
9375 8395 8630 
9649 8554 8084 
8488 9285 8764 
8827 8132 9225 
9834 8673 7749 
9709 8521 7976 
9880 7741 7587 
9687 8737 7576 
9217 8626 8818 
9906 8145 7562 
8425 8915 9025 
9411 8922 8625 
9443 8740 8518 
9747 8305 7828 

8587 8207 9490 
8659 8094 9409 
9029 9304 8524 
8794 9398 8739 
9800 9203 7956 
9777 9212 7975 
8699 8883 8954 
9379 8581 8947 
10128 8229 7643 
8057 8082 9576 
9618 8919 8191 
9598 9336 8241 
9024 8272 9182 
9883 8542 8193 
10124 8226 7676 
8722 8824 8895 
10160 8182 7665 
9159 9458 8387 
9557 9357 8317 
9540 9406 8267 
9756 9234 8050 
7837 8919 9237 
9373 8633 8901 
9397 8611 8935 
9377 8636 8868 
7867 9825 8500 
7922 9897 8491 
7940 9823 8492 
8876 9699 8435 
10102 8252 7691 
7912 8814 9482 
8870 9738 8429 
8883 9726 8419 
7948 8832 9470 
9053 9567 8236 
8847 9747 8448 
9514 9361 8327 
9300 8654 8853 
8060 8104 9571 
9971 8877 8068 
7674 9006 9399 
9937 8832 8104 
8228 8573 9456 
7978 9963 7928 
9776 9278 7951 
7262 8105 9753 
9772 9275 7984 
9577 9373 8263 
9446 9415 8242 
9960 8823 8085 
7569 9320 9183 
8313 8710 9278 
9717 8933 8122 
9431 8563 8875 
7573 9323 9150 
8335 8686 9260 
7934 9875 8446 
7975 8601 9504 
7957 8571 9516 
7940 8250 9635 
9294 8706 8807 
9423 8588 8887 
8830 9522 8719 
9444 9481 8235 
8771 8922 8882 
8874 9765 8428 
8789 9477 8749 
9393 9485 8221 
8352 8690 9184 
7960 8810 9425 
9433 9427 8252 
7909 8182 9636 
9417 9463 8255 
8491 8781 9066 
9419 8585 8920 
9410 9436 8271 
9466 9431 8188 
8779 9543 8718 
9774 9209 7991 
9550 9379 8315 
8308 8668 9280 
9462 9428 8221 
8469 8805 9084 
8157 7856 9619 
8030 9148 9233 
9920 8881 8054 
9931 8871 8098 
9070 8224 9201 
9439 9437 8240 
9554 9382 8282 
9586 9358 8286 
8097 9401 8879 
9573 9370 8296 
9324 9633 8086 
8623 8115 9438 
9455 8541 8909 
8478 9654 8641 
9768 9248 7985 
8809 9652 8465 
9541 9394 8292 
9741 8911 8156 
9745 9257 8004 
8956 9538 8458 
8418 9575 8682 
9924 8884 8021 
9944 8859 8088 
9967 8850 8069 
8779 8973 8881 
7811 10103 8065 
8960 9541 8425 
9753 8912 8093 
9730 8921 8112 
9237 9524 8184 
9421 9048 8617 
8014 9942 7899 
7562 10208 7493 
7549 10220 7503 
8618 8073 9440 
9599 8854 8415 
8680 8900 8895 
7819 8836 9401 
9593 8906 8369 
8636 8103 9428 
8663 8121 9408 
8451 8775 9096 
8178 8904 8910 
8608 8426 9253 
7991 9951 7918 
8755 8511 8968 
8329 9178 8821 
9653 8645 8208 
9175 8796 8700 
8112 9915 7718 
7949 9250 9035 
8108 9081 8965 
8887 8482 9161 
8078 8780 9284 
8187 8607 9321 
7379 7622 9660 
8351 8699 9130 
7517 8666 9492 
9498 8689 8482 
8679 8408 9201 
8387 8521 9201 
8329 8699 9203 
8701 8516 8990 
8464 8763 9086 
9508 8430 8540 
7767 8888 9290 
8775 8498 8964 

8697 9286 8866 
8329 7999 9681 
8649 9985 8147 
8724 9756 8429 
8753 9772 8419 
8709 9753 8454 
8668 9175 8945 
8710 9712 8475 
7257 7685 9809 
8674 9501 8716 
8333 8002 9648 
8314 8028 9655 
8584 8747 9477 
8690 9528 8706 
9651 8389 8651 
9113 8332 9046 
7268 7652 9844 
7252 7625 9854 
7281 7640 9834 
7214 7663 9847 
7855 8884 9409 
9111 8387 8967 
9424 8632 8824 
9107 8384 9000 
8710 9519 8704 
7230 7690 9837 
8709 9560 8683 
8849 8828 9124 
9175 8267 9149 
9065 8784 9010 
8730 9549 8661 
8729 9590 8640 
8238 9065 9273 
8918 8666 9044 
8739 9727 8455 
8291 9304 9119 
7762 9219 9272 
8725 9587 8673 
8334 8058 9612 
8319 8055 9637 
8600 8774 9467 
8638 9427 8757 
9057 8733 9011 
8239 9024 9294 
9586 9136 8022 
9295 9527 8278 
9163 8289 9194 
9194 8987 8812 
9131 8362 9034 
8762 9525 8665 
9645 8441 8605 
9787 8079 7988 
8639 9386 8778 
8292 9263 9140 
8936 8696 9032 
8320 8014 9658 
7927 9078 9152 
8726 9546 8694 
7913 9576 8898 
7572 10168 7913 
9379 8660 8581 
8726 9739 8465 
8312 10052 7797 
10054 8400 7889 
8349 8029 9638 
9488 9158 8370 
7943 9105 9142 
9226 9437 8291 
9514 9119 8440 
7245 7661 9863 
7229 7634 9873 
9602 9163 8012 
7746 8165 9657 
9242 9464 8281 
9811 8057 8022 
8723 9247 8936 
8453 9984 8339 
9978 8417 7760 
9148 8286 9219 
9069 9668 8303 
7556 10141 7923 
8356 10071 7762 
8454 9971 8266 
8220 9353 9100 
9506 9068 8441 
8661 8145 9427 
9638 9142 7983 
8405 9442 8911 
9596 9215 7966 
8328 10079 7787 
9620 9193 8000 
8766 9745 8435 
8665 8148 9394 
9696 8398 8262 
8231 9683 8617 
8739 9534 8684 
8063 8870 9334 
9823 8035 7977 
9669 8419 8639 
9168 8316 9176 
9791 8082 7955 
9632 9194 7937 
8685 8123 9461 
9143 8340 8989 
9600 9218 7933 
9289 9274 8610 
9649 8444 8572 
9609 9203 7956 
8341 10067 7777 
7814 9374 9025 
7808 9426 8979 
7871 9040 9304 
7764 8195 9645 
8211 8808 9309 
9662 8897 7679 
7059 7795 9727 
8931 8654 9034 
9705 8665 7896 
9127 8423 8867 
8299 8909 9066 
9835 8454 7632 
9301 9176 8101 
9296 8700 8692 
7700 8514 9516 
9656 8762 8211 
7769 8071 9518 
9714 8324 8263 
9002 9375 8427 
8743 8482 9132 
7585 10156 7903 
9568 8558 8381 
9720 8630 7760 
8514 8893 9069 
8329 8829 9100 
8955 8604 9019 
9770 8463 7628 
9868 8292 7938 
8323 10037 7789 

8463 9914 8018 
8347 10013 7816 
9894 8747 8068 
9230 8323 8899 
9483 9129 8239 
9991 8210 7566 
8963 8048 9133 
10047 8116 7769 
9166 9772 8369 
9168 9747 8381 
9114 9761 8437 
9512 8597 8652 
9150 9779 8425 
9920 8733 8023 
9200 9808 8362 
9133 9822 8313 
9597 9334 8114 
9127 9853 8297 
9570 9324 8144 
9149 9827 8282 
10028 8291 7503 
8613 9173 9067 
9985 8262 7520 
8544 9688 8607 
8645 8363 9436 
8617 9276 8735 
8596 9183 9094 
8700 8833 9026 
9102 9813 8411 
8481 9944 8006 
10011 8340 7453 
9563 9289 8150 
8578 9227 8842 
7948 7791 9621 
8588 9146 9179 
8443 9956 7974 
9913 8673 8087 
9982 8023 7798 
9268 8311 8931 
9645 8565 8567 
8561 9639 8657 
7665 9372 9142 
9129 9819 8346 
8717 8784 9076 
9640 8523 8569 
7925 9930 8550 
8591 8273 9469 
9123 9850 8330 
8613 8286 9449 
7963 9918 8582 
10082 8201 7767 
7822 10096 8125 
8994 9500 8448 
9601 9285 8192 
9614 9182 8003 
9032 9488 8480 
9689 8835 8138 
9918 8715 8085 
7703 9994 8134 
7707 8992 9261 
9694 8877 8136 
8992 8695 8912 
9584 9334 8142 
9732 8972 8119 
8982 9241 8670 
7753 9018 9231 
9607 8577 8535 
9424 8632 8824 
9424 9055 8529 
8091 8870 9468 
7454 8417 9609 
9022 8741 8903 
8634 9172 9149 
7448 9017 9423 
9716 8792 8349 
7733 9060 9187 
7381 8079 9731 
9135 9828 8285 
9103 9875 8263 
9092 8513 9041 
8558 9269 8798 
9547 8685 8641 
7413 8929 9434 
7771 9048 9219 
9546 9338 8100 
7766 9006 9221 
8575 9185 9035 
9409 8712 8644 
8748 8282 9245 
8661 9624 8471 
8715 9313 8530 
8819 7912 9315 
9248 8353 8887 
7669 9375 9109 
7619 9346 9172 
9218 9315 8393 
8907 8510 9223 
9496 9117 8229 
9230 9217 8447 
7966 7821 9609 
8328 10079 7787 
9254 8301 8933 
9647 8583 8505 
8703 9396 8600 
7399 8109 9719 
8568 9289 8701 
8341 10067 7777 
9018 8120 9124 
8867 8522 9036 
7719 9337 8931 
7338 10165 7317 
8323 10037 7789 
8720 9425 8518 
8154 8739 9216 
9272 8838 8626 
8191 9505 8666 
7493 7926 9599 
9105 8912 8737 
9114 8640 8656 
9520 8786 8363 
9404 8670 8646 
9312 9080 8470 
8299 9341 8737 
8710 9271 8532 
8798 8560 8930 
7876 9398 8890 
8224 9720 8546 

9774 8670 8597 
9901 8871 8283 
9320 8519 8901 
8783 9440 8690 
8757 9344 8772 
8758 8633 9395 
9247 9385 8169 
8259 9550 8733 
8285 9646 8651 
9906 8677 8536 
7101 7458 9764 
9701 8946 8227 
9562 8511 8709 
8661 9557 8529 
9850 8708 8567 
9847 8676 8577 
7670 9212 9161 
7896 10143 7541 
9883 8686 8555 
9824 8672 8595 
9818 8755 8545 
9882 8752 8531 
9856 8660 8566 
9768 8726 8608 
9878 8749 8564 
9814 8752 8578 
9797 8638 8596 
9832 8723 8594 
9206 8352 9175 
8982 8310 9282 
8739 9359 8799 
8838 8861 8957 
8303 9161 9016 
8048 8577 9523 
7713 9196 9196 
8421 9318 8984 
8084 8592 9484 
8775 9374 8760 
10020 8854 8308 
8797 8824 8960 
9165 9626 8522 
9455 9347 8489 
8803 9415 8757 
9436 9338 8501 
9482 9364 8471 
8861 8844 8928 
9126 8943 8844 
9632 8969 7612 
9229 9400 8196 
7876 10185 7497 
9519 9367 8457 
7719 9310 9148 
8786 8674 9392 
9590 8552 8706 
8740 8648 9422 
9241 8554 9046 
9364 8574 8891 
7126 7450 9796 
10002 8869 8335 
10052 8898 8272 
9539 9321 8491 
7088 7462 9764 
8066 8607 9511 
8287 9591 8730 
9453 9289 8551 
9335 9101 8633 
9497 9422 7978 
7463 8714 9407 
8451 8894 8911 
9293 9456 8154 
8403 9333 9011 
9007 8302 9314 
8784 8729 9313 
8804 8704 9380 
9276 8642 9035 
8955 8828 8918 
8449 9359 8981 
9645 8966 7635 
9238 8302 9158 
7914 10173 7529 
8789 9384 8758 
7417 8688 9437 
9178 9614 8512 
9672 8976 7605 
8497 8920 8881 
7422 8752 9337 
8305 9621 8718 
8515 8950 8869 
9608 8582 8694 
9106 8985 8800 
8112 8633 9481 
8969 8314 9282 
8780 8728 9353 
7481 8744 9395 
9517 9397 8045 
9479 9409 8013 
8281 9643 8684 
8907 9646 7812 
9685 8972 7605 
8817 9425 8755 
9513 9335 8536 
9721 8904 8271 
9914 8605 8512 
9264 8282 9149 
9273 9481 8087 
8867 9640 7842 
8382 8756 9176 
9584 8604 8660 
9710 8964 7637 
9588 8607 8627 
7043 7884 9689 
9372 8501 8829 
9220 9391 8417 
8973 8587 9224 
8254 9063 9029 
8319 9631 8716 
9715 8956 8225 
8880 9636 7842 
8065 10003 7567 
8015 9009 9093 
9236 8676 8659 
8254 8337 9466 
8698 9858 8206 
8154 9773 8291 
7678 8876 9261 
7769 9430 8919 
7774 9435 8780 
7466 8221 9658 
8087 8938 9114 

9611 9271 8338 
9675 9291 8306 
8498 10122 8083 
9718 8667 8607 
9983 8453 8184 
7729 8486 9609 
9431 9399 8535 
9430 9412 8608 
9945 8465 8152 
8394 9863 8493 
9782 8687 8575 
8253 8906 9261 
8541 8255 9471 
9704 9306 8286 
8469 10014 8094 
8309 8939 9221 
8289 8940 9159 
9731 9324 8266 
9691 9318 8296 
7768 10168 7919 
9759 8696 8594 
8120 9252 9183 
9708 9333 8285 
8507 10096 8018 
9674 9367 8246 
7752 10141 7929 
9079 8902 8761 
8523 10123 8008 
7655 9093 9279 
7793 10171 7914 
9078 8445 9233 
9027 8330 9254 
8786 8998 9004 
7511 8306 9679 
8197 9904 8599 
7659 8987 9471 
7677 9069 9261 
8085 9164 9194 
8503 10071 8072 
9624 9359 8283 
8238 9367 8797 
9776 8633 8633 
9526 9367 8607 
8587 8207 9490 
8233 8852 9273 
9796 8663 8590 
7695 9099 9249 
7740 8456 9535 
8482 10002 8084 
9044 9452 8553 
9740 8615 8645 
9441 9382 8534 
9034 9373 8609 
8534 8748 9290 
7639 9066 9289 
8695 8531 9318 
9163 8663 9031 
8645 9230 8991 
8543 10077 8042 
8069 9137 9204 
8528 10074 8067 
9756 8642 8635 
8183 8516 9482 
8555 9467 8783 
9792 8660 8623 
9068 9430 8587 
8806 9482 8700 
8500 10132 8027 
9652 9300 8325 
9082 9440 8585 
8049 10180 7598 
9622 9361 8285 
9170 8291 9188 
9153 9676 8498 
9138 9673 8523 
9778 8631 8631 
7936 9477 8976 
8683 9218 9023 
8198 8764 9284 
9249 8828 8880 
9044 8715 9022 
9305 9473 8079 
9442 9369 8587 
8824 8986 9036 
9151 9661 8513 
9805 8648 8613 
9474 9361 8646 
9608 9332 8293 
8568 9763 8190 
9064 8858 8768 
9668 9327 8315 
9639 9312 8335 
9194 9706 8483 
9109 9708 8466 
9319 8774 8688 
7515 8309 9646 
7697 8975 9503 
9325 8722 8734 
9842 8651 8599 
9120 8891 8728 
9808 8666 8534 
9179 8830 8833 
9184 8301 9186 
8721 9518 8634 
9848 8694 8218 
8236 9349 8859 
7535 8284 9713 
7668 9081 9269 
8464 9582 8563 
8241 9873 8412 
7634 9024 9291 
8899 8793 9022 
8563 9721 8192 
8590 9739 8172 
8675 8573 9274 
8216 9391 8815 
8504 9586 8536 
8816 8455 9123 
8260 9577 8660 
8676 8770 9146 
8282 8880 9223 
8281 8257 9419 
9533 9050 8345 
8243 8006 9547 
8423 8925 9046 
8535 9006 9027 

8054 9581 8971 
8292 10113 7778 
8839 8102 9307 
9565 8597 8508 
9457 8934 8591 
9437 8976 8547 
9475 9071 8530 
7817 8680 9395 
8748 9195 8770 
9128 8662 8919 
7559 8920 9522 
9530 8550 8537 
9793 8731 8229 
8113 9430 8841 
8098 9427 8866 
8873 8087 9372 
9055 9549 8103 
7088 7462 9764 
9571 8899 8312 
7126 7450 9796 
8848 9270 8435 
8173 9202 8957 
9062 9365 8408 
9278 8711 8681 
9520 8676 8381 
8423 9219 8875 
9040 9546 8128 
9030 9243 8530 
7588 9298 9189 
7606 9328 9177 
9077 9368 8383 
8160 8889 9292 
8275 9988 8375 
7841 9427 9082 
8779 9734 8428 
7586 9353 9110 
7793 7908 9679 
8227 9181 9117 
8791 9480 8572 
7855 8668 9427 
9523 8950 8303 
9556 8896 8337 
7840 9497 9083 
9363 9405 8291 
9561 8938 8335 
9193 9171 8666 
8970 8602 9125 
8191 9163 9129 
8835 9725 8265 
7908 10023 8138 
8125 8801 9303 
7823 7768 9606 
7853 7773 9579 
9962 8477 7800 
8092 9569 9003 
8126 9183 9065 
7838 7770 9604 
8776 8066 9378 
8985 8605 9100 
7582 9350 9143 
9376 8733 8649 
8829 8103 9350 
9364 9392 8218 
9829 8656 7931 
7758 7820 9690 
8862 8802 9127 
9498 9304 8056 
8864 9297 8425 
9096 9579 8088 
8882 9327 8413 
9933 8507 7595 
9576 8941 8310 
9541 8894 8339 
9076 9580 8026 
9579 8983 8263 
8820 9495 8552 
8878 8829 9117 
9451 8986 8545 
9617 8971 8295 
7575 8947 9512 
8864 9740 8245 
9758 8643 8240 
8644 8985 9027 
7818 7726 9608 
9734 8946 8000 
7560 9376 9158 
8262 10067 7787 
9238 9414 7957 
7775 9517 9019 
8257 10025 7789 
9158 9083 8677 
8446 9613 8648 
9424 8632 8824 
9307 8726 8661 
8782 9507 8520 
9394 8763 8637 
9554 8733 8359 
9232 8276 9156 
7588 8935 9502 
8044 9671 8655 
8891 8817 9107 
8125 9392 8767 
9549 8691 8361 
8488 9285 8764 
7788 9069 9163 
7554 8878 9524 
8387 8705 9367 
7825 8173 9475 
8377 8041 9478 
9482 8999 8177 
7219 8232 9542 
8006 7815 9494 
9177 8762 8913 
8625 9237 8580 
9069 9520 8090 
8153 9364 8914 
9393 9241 8215 
8572 9276 8632 
7761 8405 9493 
9510 8435 8545 

9629 8903 8519 
8275 9065 9061 
7793 7908 9679 
8414 8862 9194 
8291 9092 9051 
8288 8582 9411 
8526 8957 8953 
7672 9447 8842 
7853 8461 9606 
8603 8401 9360 
8312 9149 9041 
9496 8584 8920 
8537 9874 7832 
9277 9110 8841 
7772 8862 9491 
8419 8834 9286 
7520 8232 9660 
8266 9981 7812 
8578 9903 7819 
7825 9391 9131 
7810 9388 9156 
7781 9372 9166 
9596 8925 8531 
9700 9062 8252 
9672 9021 8255 
7720 8947 9455 
9637 8954 8518 
8560 9014 8931 
9318 9139 8828 
9278 9049 8890 
7681 9419 8836 
8544 8987 8941 
8233 8127 9647 
7592 9190 9263 
7536 8259 9650 
8585 9017 8926 
8631 8442 9357 
9164 9453 8077 
9182 9483 8065 
8750 9549 8584 
8216 9291 8841 
8312 10052 7797 
9667 8961 8478 
8796 9620 8569 
8602 9018 8911 
9832 8556 8297 
8356 10071 7762 
9204 9459 8047 
9219 8406 9145 
7655 9430 8859 
7564 9149 9266 
8594 9930 7809 
7671 9457 8849 
9653 8981 8508 
8435 8861 9276 
9612 8952 8521 
8558 8740 9330 
9334 9166 8818 
7866 8449 9596 
7882 8476 9586 
8248 8130 9622 
8340 9190 9038 
8048 9221 9154 
9192 9445 8052 
9715 9065 8227 
8224 8877 9202 
7837 9405 9126 
8833 8668 9188 
9246 8423 9127 
9679 8975 8473 
7699 9449 8824 
8753 9483 8780 
8825 8602 9258 
8635 8445 9324 
7867 9825 8500 
8600 9020 8901 
9398 9145 8262 
7922 9897 8491 
8341 10067 7777 
7940 9823 8492 
8853 8643 9255 
9574 9114 8357 
7934 9875 8446 
8620 9924 7774 
8934 9774 8066 
8328 10079 7787 
8602 9745 8282 
9136 9412 8080 
9889 8822 7869 
8570 8718 9285 
9434 9397 8039 
9177 9441 8067 
9006 9307 8165 
9108 9425 8120 
8985 9326 8230 
8069 8881 9249 
8995 8709 9024 
8323 10037 7789 
8228 9776 7917 
8242 8709 9353 
7504 8993 9278 
7549 8247 9640 

8593 9622 8732 
7999 9494 9035 
8917 8515 9105 
8961 8852 8885 
9449 8445 8635 
7864 9885 8264 
8701 9577 8779 
8443 8650 9394 
10017 8399 7742 
8001 9439 9114 
8015 9449 9112 
7995 9491 9068 
8019 9469 9102 
8041 9443 9087 
8021 9468 9020 
8057 9424 9009 
8348 10144 8045 
9637 9161 7925 
8983 8646 8942 
9703 8894 8347 
7592 7954 9798 
8860 9340 8813 
8330 9270 9205 
8366 9288 9193 
9360 8261 8935 
8864 9343 8780 
7872 10051 8243 
8898 9328 8845 
8692 9645 8564 
9354 8313 8889 
7927 8522 9644 
9743 8827 8458 
9737 8879 8412 
9723 8869 8414 
8945 9325 8886 
9556 8892 8532 
8940 9215 8911 
9092 9749 8320 
9667 8419 8625 
7572 7996 9754 
9550 8944 8486 
8903 8505 9107 
8973 9232 8851 
9705 8407 8657 
9429 9420 8459 
8065 8952 9240 
7610 7984 9786 
7982 8917 9378 
9783 8831 8431 
9725 8349 8599 
9713 8371 8644 
9395 8946 8591 
7904 8531 9663 
9554 8947 8453 
9590 9069 8105 
9594 8880 8564 
8012 8963 9369 
8960 8654 9093 
9588 8932 8518 
9749 8846 8366 
7819 9837 8296 
8915 9279 8895 
8242 9448 8835 
9553 9174 7915 
9377 8916 8603 
8352 10107 8105 
8665 8148 9394 
7788 9808 8308 
8365 10095 8095 
8741 9743 8551 
7824 9879 8294 
9138 9701 8339 
8973 9209 8869 
9717 8374 8611 
7837 9867 8284 
9150 9679 8294 
10089 8396 7825 
8331 9200 9204 
9082 9332 8610 
8019 9000 9221 
9574 8922 8520 
9459 9351 8013 
8665 9598 8808 
9654 9112 7975 
9142 9704 8306 
8678 9586 8798 
9398 9459 8411 
8661 8145 9427 
8394 8552 9407 
8238 9445 8868 
8950 9241 8870 
9104 9716 8274 
9745 8843 8399 
8371 9204 9177 
8685 8123 9461 
8041 8974 9206 
8726 8879 8964 
9183 8164 9057 
8055 9453 9085 
7788 9114 9207 
8966 8615 9099 
9016 8924 8876 
7474 8627 9611 
8991 9500 8359 
7674 9059 9223 
7454 8669 9567 
9400 8265 8908 
9412 8243 8863 
8398 9947 8140 
9028 8902 8831 
8619 9599 8684 
9365 8651 8681 
8973 9470 8371 
7818 9854 8299 
7692 9089 9211 
9161 8384 9121 
9489 8449 8608 
9155 8436 9075 
8565 9094 8913 
8160 8768 9208 
7471 8816 9385 
7687 9047 9213 
9172 8539 8720 
8023 9752 8293 
8209 9893 8153 
8604 8393 9312 
9893 8430 7712 
9191 8315 8782 
9360 8609 8683 
9839 8572 7665 
8282 8326 9431 
8715 8456 9152 
9080 8674 8745 
8827 8132 9225 
8394 8135 9451 

8676 8297 9453 
7756 7811 9672 
7673 9305 9279 
7635 9316 9224 
8948 9532 8549 
8886 9538 8583 
7515 10163 7525 
8518 9675 8641 
9662 9320 7973 
7553 10151 7557 
7568 10154 7532 
7609 10184 7517 
7589 10226 7473 
9464 9533 8140 
9648 8860 8241 
9468 9537 8130 
8501 9685 8668 
7052 7872 9681 
7533 10193 7513 
7123 8088 9592 
8952 9554 8542 
8900 9548 8581 
8775 9257 8772 
8916 9575 8571 
9698 9206 8075 
9684 9282 8038 
9499 8268 8670 
9128 9622 8325 
7101 8112 9610 
7116 8115 9585 
7165 7480 9768 
8485 9659 8701 
9588 9439 8302 
8500 9662 8676 
7070 7902 9669 
10046 8787 7998 
10032 8812 7986 
9586 8629 8561 
7139 8115 9582 
8885 8803 9104 
9683 8948 8230 
8009 9048 9374 
7994 9045 9399 
8523 9647 8733 
8431 8621 9386 
8514 9672 8674 
8008 8273 9537 
9877 8532 8449 
9352 9109 8553 
8435 9487 8935 
8464 9502 8915 
8451 9514 8925 
7993 8270 9562 
9475 9523 8184 
8487 9493 8896 
7855 10045 8195 
7820 10084 8176 
8445 8631 9384 
9499 9503 8187 
9854 8541 8468 
9389 8802 8548 
9459 9497 8217 
9472 9485 8207 
7549 10220 7503 
9495 9476 8188 
9149 9504 8429 
9690 9243 8044 
8407 8643 9352 
8259 8750 9472 
7955 8282 9530 
10040 8863 7985 
9915 8520 8481 
9988 8857 8024 
7706 9284 9265 
8917 9499 8631 
7985 10092 7882 
7157 8145 9570 
7973 8312 9518 
9523 8246 8704 
8354 8828 9335 
8452 9438 8985 
7014 7869 9709 
7687 9254 9291 
9366 9045 8478 
9317 9021 8564 
9427 8790 8580 
8538 9650 8708 
7873 10075 8183 
9494 9531 8095 
7718 9287 9209 
9515 9530 8177 
7835 10087 8151 
10009 8821 8005 
7562 10208 7493 
9488 9512 8197 
8969 9505 8592 
7716 9269 9271 
8769 9878 7861 
9029 8823 8789 
7703 9281 9281 
8288 8765 9452 
8746 9859 8206 
9165 9531 8419 
9511 9503 8178 
8716 8412 9424 
8847 8815 9072 
10075 8802 7978 
10075 8825 7960 
8047 9036 9406 
9407 8832 8536 
9958 8885 7890 
9892 8529 8500 
9590 8632 8528 
9950 8459 8474 
7680 9290 9300 
7043 7884 9689 
10004 8884 8014 
10017 8872 8004 
8933 9526 8621 
7664 9263 9310 
8887 8821 9042 
9565 9448 8321 
7989 8339 9508 
8468 9465 8975 
7805 7911 9666 
9804 8668 8406 
8761 9247 8774 
9936 8470 8451 
8946 9514 8611 
9692 9258 8029 
8481 9453 8965 
8504 9444 8946 
9184 8301 9186 
9347 8772 8598 
9879 8947 7988 
9178 9519 8409 
8761 9827 7862 
8999 8560 8955 
9183 9561 8407 
9227 9617 8396 
8737 9269 8740 
9700 9309 8028 
9716 9236 8063 
8425 8673 9340 
8755 9299 8728 
9342 8844 8654 
9517 8298 8658 
10135 7992 7694 
9711 9194 8065 
8309 9709 8512 
9170 8291 9188 
9705 9246 8019 
9046 8774 8839 
9742 9249 8005 
9123 8755 8796 
9535 8224 8659 
7334 8555 9557 
9064 8352 8872 
8137 8930 9024 
7180 7483 9743 
9092 8873 8741 
8062 9942 7530 
8155 9883 7864 
7310 10106 7583 
7922 9118 9106 
7992 9873 8121 
8126 7847 9530 
8673 9220 8780 
7152 8103 9572 
8606 8450 9229 
8153 8833 9024 
7813 7675 9626 
7112 8044 9639 
9546 8745 8346 
9337 8802 8656 

9591 9137 7862 
8917 9573 8213 
8540 9683 8772 
9596 8889 8409 
9609 8877 8399 
8697 8798 9128 
8647 9916 8413 
8615 8793 9187 
8651 9814 8712 
8244 8309 9524 
9448 8622 8914 
8150 8586 9478 
9629 9125 7894 
8729 9921 8354 
8710 9817 8584 
9499 8572 8915 
9006 8719 8815 
9236 8382 9044 
7631 9089 9458 
8996 9562 8582 
8660 9788 8647 
9614 8919 8397 
9473 8651 8809 
8878 8832 9048 
8706 9814 8617 
7937 8677 9515 
9664 8488 8106 
8687 9826 8603 
8223 8222 9598 
7744 8633 9661 
8296 8220 9590 
7511 8306 9679 
8533 8627 9235 
8660 9904 8403 
8499 9707 8818 
9229 9346 8215 
8756 9938 8336 
8290 8272 9544 
9066 9587 8132 
8711 9936 8381 
8240 8306 9557 
8058 8956 9279 
8709 9751 8610 
8310 10060 7785 
8723 9780 8602 
8727 9783 8569 
9215 8295 9118 
9530 8627 8855 
7692 8718 9625 
7535 8284 9713 
8654 9763 8651 
7934 7840 9646 
7935 9066 9182 
8278 8294 9589 
9615 8902 8394 
9646 8786 7898 
8688 9945 8400 
9702 8476 8138 
9675 8487 8762 
9315 9251 7820 
8661 8819 9157 
9067 9517 8131 
8610 9508 8984 
9034 9550 8614 
9053 9507 8133 
8493 9309 8988 
9493 8626 8876 
7922 9897 8491 
8683 9823 8636 
8581 9712 8759 
9594 9078 7923 
8146 8766 9401 
8700 9789 8621 
8795 9734 8176 
8517 9692 8791 
9500 9207 8471 
7929 8507 9584 
8397 9316 9165 
7953 9096 9170 
8494 9054 9064 
8860 8802 9060 
8736 9768 8592 
7967 8495 9616 
9479 9208 8389 
8911 9625 8167 
9507 8636 8874 
9270 8367 9109 
8551 8657 9223 
9538 9195 8503 
10135 8373 7617 
8111 8678 9412 
9628 8890 8384 
9709 8472 8827 
8815 9692 8220 
8674 8807 9147 
9531 8614 8908 
9232 8379 9077 
9044 8707 8847 
8679 8849 9145 
9101 8638 9141 
7894 9233 9189 
8641 8861 9113 
8875 9605 8179 
8748 9746 8547 
9274 8694 8861 
9682 8806 7886 
9309 9257 8633 
8275 9972 7796 
9259 9273 7788 
8040 8926 9291 
9046 8095 9274 
7934 9875 8446 
8788 8868 8856 
9211 8136 9173 
8667 8431 9225 
7434 10094 7334 
8425 8500 9262 
9737 8664 7755 
8898 9279 8621 
8546 8615 9225 
9705 8555 7879 
8540 8471 9376 

8300 8992 9301 
9718 9244 7865 
9904 8465 8224 
7724 7803 9762 
10072 8611 8145 
8033 9172 9162 
7698 9273 9235 
7585 8756 9528 
8690 9934 7837 
8612 9040 9085 
8648 9001 9009 
10052 8582 8195 
8226 8947 9400 
8738 9083 8812 
10023 8567 8215 
8288 9035 9260 
10042 8633 8167 
8263 9999 7814 
8561 9869 8258 
10033 8601 8184 
8666 9974 7850 
8658 9101 8955 
9611 8716 8306 
7722 7858 9683 
10003 8602 8204 
10088 8659 8137 
7710 9260 9274 
8678 9872 7891 
10010 8657 8163 
10036 8653 8176 
7570 8753 9553 
10065 8668 8156 
10056 8683 8133 
10006 8654 8196 
8660 9860 7950 
9990 8627 8206 
9308 9361 8094 
8386 9540 8776 
8345 9403 8869 
9406 9417 7951 
8749 9042 9001 
8773 9002 8988 
8296 8965 9302 
8375 9402 8849 
8409 9459 8827 
8635 8700 9394 
10002 8660 8170 
8424 9501 8826 
9982 8630 8213 
8063 8392 9648 
9194 8922 8747 
8651 8727 9384 
8769 9484 8350 
8342 9459 8885 
8497 9499 8818 
8372 9458 8865 
8424 9441 8844 
8406 9515 8843 
7558 8766 9514 
8275 9010 9308 
10049 8620 8164 
8206 9048 9366 
8252 9074 9336 
8078 8398 9578 
7985 9947 8294 
8544 9666 8596 
8766 8993 9051 
8312 10052 7797 
8758 8996 9058 
8228 8980 9376 
7912 9889 8320 
8274 9006 9346 
8622 9140 9031 
8258 8979 9356 
10028 8656 8183 
10048 8686 8140 
8679 9079 8889 
7508 8203 9715 
10043 8659 8158 
7758 9319 9220 
9720 9219 7855 
9283 9144 8483 
9998 8657 8203 
9042 8563 9113 
9777 8925 7971 
9727 9198 7922 
9722 9164 7934 
8632 9522 8401 
8585 9050 9071 
9240 8948 8717 
8227 9003 9360 
8561 9090 9084 
8245 8983 9356 
9424 8632 8824 
7688 7911 9871 
9351 8574 8850 
8725 9105 8859 
7718 7910 9851 
9748 8902 7981 
8582 8765 9442 
8273 9029 9330 
8991 9645 8140 
7472 8242 9791 
8644 9072 9041 
8749 9065 8846 
8204 9012 9379 
8234 9011 9359 
8250 9038 9349 
9294 8939 8629 
8591 9089 9064 
8967 9685 8153 
8005 8914 9435 
8616 8459 9496 
9006 8602 9189 
7729 9296 9230 
8643 9095 9025 
8596 8699 9398 
8607 9116 9054 
7859 9042 9497 
8620 9104 9044 
9740 9194 7922 
9638 8726 8276 
9224 8921 8727 
8682 9937 7844 
8662 8485 9466 
8615 9049 9051 
8789 9071 8816 
9258 8978 8705 
8631 9076 9041 
9602 9205 8064 
7889 9041 9477 
8646 8458 9476 
8997 8619 9047 
9767 9204 7892 
8762 9053 8836 
7915 9360 9015 
8709 9078 8869 
8018 9169 9187 
8785 9044 8817 
8742 9078 8769 
7905 9068 9467 
8377 9696 8355 
8014 9469 8993 
9030 8562 9176 
8675 9928 7907 
7960 9114 9188 
8017 9413 8977 
8488 9811 8284 
9309 9348 8021 
8991 8671 9001 
8751 9535 8367 
7939 9320 9002 
8801 8324 9293 
8780 9698 8152 
9042 8540 9131 
7785 9329 9190 
8536 9669 8603 
8328 10079 7787 
9716 9265 8057 
8529 9660 8666 
9287 9372 8039 
9457 9171 8459 
8785 9732 8140 
8795 8376 9247 
7769 9302 9200 
8382 9730 8343 
8638 9470 8447 
9530 8589 8520 
9271 8948 8648 
9277 9196 8437 
8341 10067 7777 
9525 8547 8522 
9120 8569 8900 
8672 9260 8411 
7985 9615 8782 
8999 8726 8905 
9046 9411 8045 
8746 9493 8369 
8813 8302 9248 
8323 10037 7789 
7338 10165 7317 
9285 8698 8640 
8650 9239 8475 
8733 9179 8493 
9009 8597 9002 
9040 8671 8799 
8878 9302 8288 
9531 8780 8206 

9063 9150 8558 
9777 8888 8039 
9775 8870 8101 
7651 8889 9514 
9252 9023 8594 
9607 9293 8375 
9658 8917 8412 
8271 9457 8895 
8286 9524 8841 
8560 9898 7822 
8598 8976 9313 
8575 8985 9332 
8087 9705 8793 
8318 9870 7879 
9264 8746 8727 
8571 8958 9333 
8915 9371 8810 
8110 9065 9136 
8134 9043 9170 
8509 9533 8773 
9559 9366 8378 
8440 9552 8751 
8937 9471 8809 
8353 8938 9393 
8558 8970 9343 
9500 8656 8647 
8485 9555 8739 
7980 9582 9169 
9150 9098 8820 
8941 9536 8762 
8888 9482 8775 
9089 8551 9130 
7545 8205 9847 
7811 9039 9316 
8186 8566 9536 
8299 9895 7832 
9588 9367 8347 
9625 9370 8333 
8976 8751 9049 
7478 8158 9877 
8294 8994 9026 
8317 8959 9422 
8954 9636 8175 
9412 9398 8117 
7665 8899 9512 
7791 9081 9272 
8317 9409 8914 
8895 9477 8792 
9374 9410 8085 
8128 9095 9124 
9530 9376 8369 
8154 9072 9076 
8037 9562 9209 
7491 8146 9867 
7689 8877 9546 
9575 9379 8357 
9584 9302 8394 
9445 9241 8529 
8503 9834 7851 
8156 9017 9155 
9011 9105 8900 
8223 10050 8078 
8561 9680 8510 
9634 8938 8612 
9571 9314 8404 
9142 9047 8821 
8013 9614 8889 
7819 10191 7513 
8064 9580 9189 
9693 9005 8401 
7522 8214 9866 
7810 7746 9735 
8330 8947 9412 
9268 8232 9001 
9407 8473 8717 
9316 9080 8585 
8306 8969 9378 
8535 8979 9362 
7751 9075 9302 
9406 9450 8071 
8174 9047 9143 
8927 8653 9062 
8940 9626 8177 
8755 9832 8241 
9407 9253 8497 
8150 9069 9109 
8254 9846 7886 
8660 8844 9149 
8654 8896 9103 
7789 9063 9334 
8186 9025 9098 
9098 9238 8547 
9465 9183 8471 
9099 8589 8979 
8953 9430 8748 
9007 9010 8901 
8529 9491 8817 
9123 8567 9013 
8640 8886 9105 
9247 8282 9031 
9305 8212 9005 
7785 9869 8572 
9106 8502 9180 
9368 9462 8039 
8523 9543 8771 
7683 8929 9500 
7645 8941 9468 
8989 9724 8164 
9262 8769 8807 
9392 9440 8073 
9097 9044 8833 
9751 8894 8074 
9920 8535 8044 
9447 8477 8690 
8104 9744 8738 
7669 8919 9502 
9372 9465 8006 
9117 8619 8967 
7649 8944 9435 
7606 8315 9607 
9429 8447 8702 
8310 9024 8969 
9045 9524 8105 
9041 9602 8246 
9135 8545 8968 
8665 7889 9206 
7682 9918 8125 
8243 8006 9547 
9314 8523 8756 
9729 9051 7765 
8150 9708 8290 
7889 7835 9623 

