4071 3623 
4019 3625 
4110 3509 
3782 3855 
4120 3422 
4077 3606 
4145 3356 
4132 3392 
3927 3745 
4000 3655 
4091 3539 
3761 3866 
3952 3656 

3839 3809 
3785 3818 
3932 3751 
3956 3703 
4060 3615 
4050 3622 
3890 3773 
3761 3866 
4077 3606 
3904 3754 
4134 3558 
4008 3666 

3783 3894 
3978 3739 
3901 3758 
4020 3664 
4232 3553 
3813 3843 
4072 3662 
3654 3957 
3646 3969 
3678 3909 
4158 3622 
4122 3629 
3945 3754 
3816 3837 
3887 3774 

4234 3273 
4121 3590 
3714 3903 
4139 3460 
4185 3287 
3968 3740 
3971 3703 
3973 3671 
3692 3921 
4163 3305 
3720 3781 
4145 3356 
4077 3606 
3919 3754 
4050 3622 

3695 3822 
3744 3808 
3828 3793 
3906 3740 
4012 3658 
4124 3553 
4151 3537 
3642 3847 
3879 3752 
3876 3789 
3938 3727 
4050 3622 
4077 3606 
4160 3488 
4223 3179 
4174 3401 
3593 3861 
3827 3803 

3680 3943 
3877 3828 
3971 3712 
4184 3451 
4098 3548 
4097 3615 
4020 3664 
3783 3894 
3692 3921 
3943 3756 

3956 3703 
4099 3539 
3828 3793 
4019 3625 
4237 3236 
3654 3957 
3675 3946 
3626 3960 
4012 3642 
4151 3537 
3785 3818 
3782 3855 
4001 3676 
4165 3470 
3932 3751 
3953 3740 
3978 3685 
3833 3766 
4077 3606 
3761 3866 
4210 3304 
3904 3754 

4223 3349 
4218 3375 
3905 3744 
4168 3388 
4151 3537 
4099 3539 
3785 3818 
3782 3855 
4060 3615 
3910 3717 
3855 3775 
3692 3921 
4077 3606 
3761 3866 
3941 3678 
4008 3666 

3728 3895 
4099 3588 
4151 3537 
3802 3858 
3908 3762 
3984 3704 
4036 3653 
3681 3918 
3912 3755 
3947 3751 
3968 3740 
3890 3773 
3919 3754 
4077 3606 
4000 3655 
4174 3401 
3761 3866 
4160 3488 
3859 3781 
3713 3905 

3850 3826 
4121 3590 
4234 3273 
3782 3855 
4071 3623 
4213 3284 
4050 3634 
4174 3513 
3975 3722 
3956 3810 
3761 3866 
3692 3921 
4000 3655 
4153 3524 
4077 3606 

4099 3539 
3964 3704 
3465 3908 
4002 3694 
3938 3735 
4167 3425 
4189 3324 
4151 3537 
3785 3818 
3890 3773 
4185 3350 
4077 3606 
4223 3179 
3761 3866 

4237 3236 
4234 3273 
4158 3550 
3785 3818 
3975 3722 
4001 3676 
3782 3855 
4208 3529 
4155 3587 
4071 3623 
3932 3751 
3978 3685 
3953 3740 
3692 3921 
3761 3866 
4134 3598 
4084 3610 
3823 3790 
3904 3754 
4029 3641 
3811 3815 

4174 3477 
4179 3451 
4050 3668 
3740 3829 
3692 3867 
3951 3729 
4195 3293 
4217 3275 
3674 3887 
3886 3774 
3832 3805 
4127 3502 
3998 3719 
3904 3754 
4126 3599 
3918 3740 
4112 3620 
3864 3792 

4165 3521 
4020 3664 
4149 3613 
3899 3810 
3949 3777 
4151 3537 
3990 3747 
4072 3662 
3786 3881 
3818 3871 
4188 3380 
4186 3456 
4122 3629 
4241 3237 
4239 3313 
3992 3671 
3968 3765 
3877 3828 
3927 3795 
3640 3893 

4151 3594 
3822 3838 
3909 3793 
3496 3937 
3474 3955 
3551 3927 
3553 3851 
4072 3689 
4164 3447 
3877 3828 
4186 3408 
3996 3744 
3964 3792 
4129 3612 
4169 3412 

4081 3607 
3995 3690 
4095 3551 
3783 3894 
3926 3730 
3903 3744 
3851 3753 
4150 3541 
3971 3712 
3642 3998 
4071 3623 
4020 3664 
3756 3901 
4086 3572 

3962 3813 
3728 3895 
3529 3899 
4099 3588 
4151 3537 
3782 3855 
3785 3818 
4169 3444 
4159 3479 
4028 3618 
3501 3902 
4077 3606 
3761 3866 
4174 3401 
4188 3334 
4019 3736 

4149 3613 
4163 3546 
3949 3765 
4006 3710 
4203 3367 
4235 3312 
3783 3894 
4020 3664 
3785 3818 
4122 3629 
4072 3662 
3984 3728 

3937 3739 
4151 3537 
4002 3694 
4071 3623 
3758 3813 
3618 3845 
3597 3856 
4189 3324 
4160 3342 
4212 3291 
4099 3588 
4050 3634 
3764 3758 
4031 3644 
3991 3699 
3569 3859 
4077 3606 
3772 3756 
3734 3833 
3736 3831 
3883 3750 
3957 3713 
3970 3710 

4213 3284 
4050 3634 
3434 3900 
4099 3539 
4110 3509 
4150 3425 
3970 3689 
3956 3703 
3953 3740 
3932 3751 
3785 3818 
3782 3855 
3853 3795 
3924 3760 
4163 3305 
4000 3655 
3413 3911 
4077 3606 
4133 3504 
4147 3462 
3761 3866 
3903 3771 
3621 3874 

4072 3662 
3823 3807 
4002 3694 
4097 3615 
3680 3943 
4020 3664 
4149 3613 
4151 3537 
3783 3894 
3785 3818 
3928 3792 
4009 3684 
4201 3296 
3692 3921 
4157 3434 
3932 3726 
4223 3179 
4203 3220 

3951 3729 
3471 3841 
3822 3829 
4253 3520 
4201 3571 
3956 3703 
3978 3685 
3899 3780 
4065 3625 
3827 3803 
3904 3754 
4141 3594 
4126 3599 
4077 3606 
4013 3676 

3869 3794 
3980 3706 
4017 3666 
3855 3800 
3847 3812 
3876 3789 
4054 3658 
3785 3818 
3753 3878 
3782 3855 
3958 3724 
3924 3773 
3934 3735 
3963 3712 
4160 3546 
4223 3179 
4134 3624 
3811 3815 
3761 3866 
3906 3775 

4191 3446 
4074 3586 
4237 3236 
4217 3308 
4186 3472 
4054 3658 
3785 3818 
3924 3767 
3979 3754 
3951 3757 
3998 3698 
4087 3548 
3761 3866 

3783 3894 
3899 3810 
4231 3420 
3948 3712 
4235 3312 
3654 3957 
3678 3909 
4097 3615 
4179 3422 
3626 3960 
4149 3613 
3926 3754 
3877 3828 
4008 3666 

4099 3539 
4181 3346 
4234 3273 
3726 3885 
4071 3623 
4178 3383 
4233 3344 
4237 3236 
3782 3855 
3785 3818 
3753 3878 
3889 3675 
3857 3735 
4151 3537 
4042 3625 
4159 3413 
3761 3866 
4000 3655 
3886 3712 
4077 3606 
3821 3737 
3891 3666 

4158 3340 
3688 3933 
3658 3957 
4235 3312 
4020 3664 
4148 3523 
4237 3236 
4183 3314 
4072 3662 
3683 3934 
3740 3928 
3756 3901 
3783 3894 
4082 3569 
3792 3876 
3856 3851 
3930 3814 
4004 3745 
4074 3592 

3812 3754 
3668 3948 
3711 3853 
3941 3696 
3968 3662 
4099 3539 
4151 3537 
4054 3658 
3611 3951 
3798 3764 
3739 3832 
3947 3667 
3847 3735 
4077 3606 
3821 3737 
4223 3179 
4198 3448 
3772 3795 
3930 3727 

3650 3874 
4099 3539 
3653 3837 
4019 3625 
4110 3509 
4149 3502 
4077 3606 
3739 3832 
4000 3655 
3901 3735 
4160 3468 
4210 3304 
4100 3516 
3919 3688 
3970 3687 
3863 3811 

3680 3943 
3868 3896 
4151 3369 
4183 3314 
4097 3615 
4020 3664 
3836 3906 
4111 3548 
4115 3393 
3692 3921 
3893 3789 

