4019 3625 
4071 3623 
4110 3509 
3782 3855 
4120 3422 
4077 3606 
4145 3356 
4132 3392 
3927 3745 
4000 3655 
4091 3539 
3761 3866 
3952 3656 

3839 3809 
3785 3818 
3932 3751 
3956 3703 
4060 3615 
4050 3622 
3890 3773 
3761 3866 
4077 3606 
3904 3754 
4134 3558 
4008 3666 

4072 3662 
3654 3957 
3646 3969 
3678 3909 
4232 3553 
3753 3878 
3785 3818 
4122 3629 
4149 3613 
3978 3739 
3945 3754 
3887 3774 
3761 3866 

3714 3903 
4139 3460 
4185 3287 
4234 3273 
3968 3740 
3971 3703 
4121 3590 
3973 3671 
3692 3921 
4163 3305 
3720 3781 
4145 3356 
4077 3606 
3919 3754 
4050 3622 

3695 3822 
3828 3793 
4012 3658 
4124 3553 
4151 3537 
3642 3847 
3901 3734 
3879 3752 
3876 3789 
3938 3727 
4050 3622 
4077 3606 
4160 3488 
4223 3179 
4174 3401 
3593 3861 
3827 3803 

3877 3828 
3971 3712 
4184 3451 
4097 3615 
4020 3664 
3783 3894 
3692 3921 
4098 3465 
3943 3756 

3828 3793 
4019 3625 
4237 3236 
3654 3957 
3675 3946 
3626 3960 
4012 3642 
4151 3537 
3782 3855 
4001 3676 
4165 3470 
3932 3751 
3953 3740 
3978 3685 
3833 3766 
4077 3606 
3761 3866 
4091 3539 
4210 3304 
3904 3754 

3905 3744 
4168 3388 
4223 3349 
4151 3537 
3782 3855 
4015 3609 
3910 3717 
3855 3775 
3692 3921 
4077 3606 
3761 3866 
3941 3678 
4008 3666 

3912 3755 
3947 3751 
3968 3740 
4099 3588 
4151 3537 
3785 3818 
3782 3855 
3984 3704 
4036 3653 
3890 3773 
3919 3754 
4077 3606 
4000 3655 
4174 3401 
3761 3866 
4160 3488 
3859 3781 
3713 3905 

4213 3284 
4234 3273 
4050 3634 
4071 3623 
4174 3513 
4121 3590 
3975 3722 
3956 3810 
3761 3866 
3692 3921 
4000 3655 
4153 3524 
4077 3606 

3938 3735 
3964 3704 
4167 3425 
4189 3324 
4151 3537 
3785 3818 
4000 3655 
3890 3773 
4185 3350 
4077 3606 
3465 3874 
4223 3179 
3761 3866 

4001 3676 
3782 3855 
4237 3236 
4234 3273 
4155 3587 
4208 3529 
4158 3541 
4071 3623 
3953 3740 
3932 3751 
3978 3685 
3975 3722 
3692 3921 
3761 3866 
4134 3598 
4084 3610 
3823 3790 
3904 3754 
4029 3641 
3811 3815 

4174 3477 
4179 3451 
3766 3798 
3740 3829 
3692 3867 
4022 3637 
4217 3275 
3886 3774 
3938 3723 
4127 3502 
3998 3719 
4000 3655 
3904 3754 
4126 3599 
3918 3740 
4112 3620 
3772 3795 
3864 3792 

4072 3662 
3818 3871 
4151 3537 
4149 3613 
4188 3380 
4186 3456 
4165 3521 
4122 3629 
4241 3237 
4239 3313 
3992 3671 
3990 3747 
3899 3810 
3949 3777 
3724 3878 

3474 3955 
3551 3927 
3553 3851 
4022 3637 
4020 3664 
4151 3594 
4040 3628 
3877 3828 
4186 3408 
3996 3744 
3964 3792 
4129 3612 
4169 3412 
3998 3668 

3926 3730 
3903 3744 
3851 3753 
4150 3541 
3971 3712 
3642 3998 
4071 3623 
4020 3664 
3783 3894 
4086 3572 
4074 3592 

3529 3899 
3550 3888 
4099 3588 
4151 3537 
3782 3855 
3785 3818 
4169 3444 
4159 3479 
3828 3769 
3877 3755 
3501 3902 
4077 3606 
3761 3866 
3918 3740 
4174 3401 
4188 3334 
4019 3736 
3845 3757 
3806 3787 

4203 3367 
4235 3312 
3753 3878 
3785 3818 
4122 3629 
4149 3613 
4072 3662 
4163 3546 
4006 3710 
3821 3737 
3761 3866 
3905 3718 

3618 3845 
3597 3856 
4189 3324 
4160 3342 
4212 3291 
4099 3588 
4151 3537 
4071 3623 
4050 3634 
3758 3813 
3764 3758 
3905 3732 
4031 3644 
3991 3699 
3569 3859 
3913 3725 
4077 3606 
4000 3655 
3772 3756 
3734 3833 
3736 3831 
3883 3750 
3957 3713 
3970 3710 

4213 3284 
4050 3634 
3434 3900 
4099 3539 
4110 3509 
4150 3425 
3970 3689 
3956 3703 
3953 3740 
3932 3751 
3785 3818 
3782 3855 
3924 3760 
3823 3779 
3851 3776 
4163 3305 
4000 3655 
3413 3911 
4077 3606 
4133 3504 
4147 3462 
3761 3866 
3903 3771 
3621 3874 

4072 3662 
4149 3613 
4151 3537 
3782 3855 
3785 3818 
3928 3792 
4001 3676 
3692 3921 
4157 3434 
3761 3866 
3932 3726 
4223 3179 
4203 3220 

3695 3822 
4243 3432 
4191 3483 
3978 3685 
4151 3537 
4065 3625 
3555 3826 
3833 3766 
3827 3803 
3904 3754 
4141 3594 
4126 3599 
4077 3606 
3905 3718 
4013 3676 

3855 3800 
3869 3794 
3876 3789 
4054 3658 
3785 3818 
3782 3855 
3958 3724 
3980 3706 
3924 3773 
3963 3712 
3827 3803 
4160 3546 
4223 3179 
4134 3624 
3811 3815 
3761 3866 
3906 3775 

4237 3236 
4217 3308 
4191 3446 
4074 3586 
4054 3658 
3785 3818 
3924 3767 
3979 3754 
3998 3698 
3951 3757 
4089 3452 
4087 3548 
3761 3866 

4231 3420 
3948 3712 
4235 3312 
3654 3957 
3678 3909 
3626 3960 
4149 3613 
3785 3818 
3926 3754 
3899 3810 
4060 3615 
3761 3866 
4008 3666 

4233 3344 
4234 3273 
4237 3236 
3753 3878 
4071 3623 
3889 3675 
3857 3735 
4151 3537 
4159 3413 
3775 3797 
3761 3866 
4000 3655 
3886 3712 
4077 3606 
3821 3737 
3891 3666 

4148 3523 
4237 3236 
4183 3314 
4235 3312 
4020 3664 
4072 3662 
3683 3934 
3688 3933 
3740 3928 
3783 3894 
4082 3569 
3792 3876 
3856 3851 
3930 3814 
4004 3745 
4074 3592 

3711 3853 
3629 3885 
3941 3696 
3968 3662 
4151 3537 
4054 3658 
3611 3951 
3798 3764 
3739 3832 
3947 3667 
3847 3735 
4077 3606 
3821 3737 
4223 3179 
4198 3448 
3772 3795 
3930 3727 

4099 3539 
3650 3874 
4019 3625 
4110 3509 
4149 3502 
4077 3606 
3739 3832 
4000 3655 
3901 3735 
4160 3468 
4210 3304 
4100 3516 
3919 3688 
3970 3687 
3863 3811 

4151 3369 
4183 3314 
4097 3615 
4020 3664 
3868 3896 
4111 3548 
4115 3393 
3692 3921 
3893 3789 

