4089.0000000000 3087.0000000000
3087.0000000000 4089.0000000000
3088.0000000000 4088.0000000000
4083.0000000000 3093.0000000000
4088.0000000000 3088.0000000000
4087.0000000000 3089.0000000000
4086.0000000000 3090.0000000000
4085.0000000000 3091.0000000000
4084.0000000000 3092.0000000000
3093.0000000000 4083.0000000000
3092.0000000000 4084.0000000000
3091.0000000000 4085.0000000000
3090.0000000000 4086.0000000000
3089.0000000000 4087.0000000000

4089.0000000000 3087.0000000000
4083.0000000000 3093.0000000000
3093.0000000000 4083.0000000000
4088.0000000000 3088.0000000000
4087.0000000000 3089.0000000000
4086.0000000000 3090.0000000000
4085.0000000000 3091.0000000000
4084.0000000000 3092.0000000000
3092.0000000000 4084.0000000000
3091.0000000000 4085.0000000000
3090.0000000000 4086.0000000000
3089.0000000000 4087.0000000000
3088.0000000000 4088.0000000000
3087.0000000000 4089.0000000000

4089.0000000000 3087.0000000000
4083.0000000000 3093.0000000000
3093.0000000000 4083.0000000000
4088.0000000000 3088.0000000000
4087.0000000000 3089.0000000000
4086.0000000000 3090.0000000000
4085.0000000000 3091.0000000000
4084.0000000000 3092.0000000000
3092.0000000000 4084.0000000000
3091.0000000000 4085.0000000000
3090.0000000000 4086.0000000000
3089.0000000000 4087.0000000000
3088.0000000000 4088.0000000000
3087.0000000000 4089.0000000000

4089.0000000000 3087.0000000000
3087.0000000000 4089.0000000000
3088.0000000000 4088.0000000000
4083.0000000000 3093.0000000000
3093.0000000000 4083.0000000000
4088.0000000000 3088.0000000000
4087.0000000000 3089.0000000000
4086.0000000000 3090.0000000000
4085.0000000000 3091.0000000000
4084.0000000000 3092.0000000000
3092.0000000000 4084.0000000000
3091.0000000000 4085.0000000000
3090.0000000000 4086.0000000000
3089.0000000000 4087.0000000000

4089.0000000000 3087.0000000000
4083.0000000000 3093.0000000000
3093.0000000000 4083.0000000000
4088.0000000000 3088.0000000000
4087.0000000000 3089.0000000000
4086.0000000000 3090.0000000000
4085.0000000000 3091.0000000000
4084.0000000000 3092.0000000000
3087.0000000000 4089.0000000000
3092.0000000000 4084.0000000000
3091.0000000000 4085.0000000000
3090.0000000000 4086.0000000000
3089.0000000000 4087.0000000000
3088.0000000000 4088.0000000000

3087.0000000000 4089.0000000000
4083.0000000000 3093.0000000000
3088.0000000000 4088.0000000000
3089.0000000000 4087.0000000000
3090.0000000000 4086.0000000000
4089.0000000000 3087.0000000000
4088.0000000000 3088.0000000000
4087.0000000000 3089.0000000000
4084.0000000000 3092.0000000000
4085.0000000000 3091.0000000000
4086.0000000000 3090.0000000000
3093.0000000000 4083.0000000000
3092.0000000000 4084.0000000000
3091.0000000000 4085.0000000000

4089.0000000000 3087.0000000000
4083.0000000000 3093.0000000000
3093.0000000000 4083.0000000000
4088.0000000000 3088.0000000000
4087.0000000000 3089.0000000000
4086.0000000000 3090.0000000000
4085.0000000000 3091.0000000000
4084.0000000000 3092.0000000000
3092.0000000000 4084.0000000000
3091.0000000000 4085.0000000000
3090.0000000000 4086.0000000000
3089.0000000000 4087.0000000000
3088.0000000000 4088.0000000000
3087.0000000000 4089.0000000000

4089.0000000000 3087.0000000000
4083.0000000000 3093.0000000000
3093.0000000000 4083.0000000000
4088.0000000000 3088.0000000000
4087.0000000000 3089.0000000000
4086.0000000000 3090.0000000000
4085.0000000000 3091.0000000000
4084.0000000000 3092.0000000000
3092.0000000000 4084.0000000000
3091.0000000000 4085.0000000000
3090.0000000000 4086.0000000000
3087.0000000000 4089.0000000000
3089.0000000000 4087.0000000000
3088.0000000000 4088.0000000000

4089.0000000000 3087.0000000000
4083.0000000000 3093.0000000000
3093.0000000000 4083.0000000000
4088.0000000000 3088.0000000000
4087.0000000000 3089.0000000000
4086.0000000000 3090.0000000000
4085.0000000000 3091.0000000000
4084.0000000000 3092.0000000000
3092.0000000000 4084.0000000000
3091.0000000000 4085.0000000000
3090.0000000000 4086.0000000000
3087.0000000000 4089.0000000000
3089.0000000000 4087.0000000000
3088.0000000000 4088.0000000000

4089.0000000000 3087.0000000000
3087.0000000000 4089.0000000000
3088.0000000000 4088.0000000000
4083.0000000000 3093.0000000000
4088.0000000000 3088.0000000000
4087.0000000000 3089.0000000000
4086.0000000000 3090.0000000000
4085.0000000000 3091.0000000000
4084.0000000000 3092.0000000000
3093.0000000000 4083.0000000000
3092.0000000000 4084.0000000000
3091.0000000000 4085.0000000000
3090.0000000000 4086.0000000000
3089.0000000000 4087.0000000000

4089.0000000000 3087.0000000000
4083.0000000000 3093.0000000000
3093.0000000000 4083.0000000000
4088.0000000000 3088.0000000000
4087.0000000000 3089.0000000000
4086.0000000000 3090.0000000000
4085.0000000000 3091.0000000000
4084.0000000000 3092.0000000000
3092.0000000000 4084.0000000000
3091.0000000000 4085.0000000000
3090.0000000000 4086.0000000000
3089.0000000000 4087.0000000000
3088.0000000000 4088.0000000000
3087.0000000000 4089.0000000000

4089.0000000000 3087.0000000000
4083.0000000000 3093.0000000000
3087.0000000000 4089.0000000000
3093.0000000000 4083.0000000000
4088.0000000000 3088.0000000000
4087.0000000000 3089.0000000000
4086.0000000000 3090.0000000000
4085.0000000000 3091.0000000000
4084.0000000000 3092.0000000000
3092.0000000000 4084.0000000000
3091.0000000000 4085.0000000000
3090.0000000000 4086.0000000000
3089.0000000000 4087.0000000000
3088.0000000000 4088.0000000000

4089.0000000000 3087.0000000000
3087.0000000000 4089.0000000000
3088.0000000000 4088.0000000000
4083.0000000000 3093.0000000000
3093.0000000000 4083.0000000000
4088.0000000000 3088.0000000000
4087.0000000000 3089.0000000000
4086.0000000000 3090.0000000000
4085.0000000000 3091.0000000000
4084.0000000000 3092.0000000000
3092.0000000000 4084.0000000000
3091.0000000000 4085.0000000000
3090.0000000000 4086.0000000000
3089.0000000000 4087.0000000000

4089.0000000000 3087.0000000000
4083.0000000000 3093.0000000000
3093.0000000000 4083.0000000000
3087.0000000000 4089.0000000000
4088.0000000000 3088.0000000000
4087.0000000000 3089.0000000000
4086.0000000000 3090.0000000000
4085.0000000000 3091.0000000000
4084.0000000000 3092.0000000000
3092.0000000000 4084.0000000000
3091.0000000000 4085.0000000000
3090.0000000000 4086.0000000000
3089.0000000000 4087.0000000000
3088.0000000000 4088.0000000000

4089.0000000000 3087.0000000000
4083.0000000000 3093.0000000000
3093.0000000000 4083.0000000000
4088.0000000000 3088.0000000000
4087.0000000000 3089.0000000000
4086.0000000000 3090.0000000000
4085.0000000000 3091.0000000000
4084.0000000000 3092.0000000000
3092.0000000000 4084.0000000000
3091.0000000000 4085.0000000000
3090.0000000000 4086.0000000000
3089.0000000000 4087.0000000000
3088.0000000000 4088.0000000000
3087.0000000000 4089.0000000000

4089.0000000000 3087.0000000000
3087.0000000000 4089.0000000000
3088.0000000000 4088.0000000000
4083.0000000000 3093.0000000000
3093.0000000000 4083.0000000000
4088.0000000000 3088.0000000000
4087.0000000000 3089.0000000000
4086.0000000000 3090.0000000000
4085.0000000000 3091.0000000000
4084.0000000000 3092.0000000000
3092.0000000000 4084.0000000000
3091.0000000000 4085.0000000000
3090.0000000000 4086.0000000000
3089.0000000000 4087.0000000000

4089.0000000000 3087.0000000000
4083.0000000000 3093.0000000000
3093.0000000000 4083.0000000000
4088.0000000000 3088.0000000000
4087.0000000000 3089.0000000000
4086.0000000000 3090.0000000000
4085.0000000000 3091.0000000000
4084.0000000000 3092.0000000000
3092.0000000000 4084.0000000000
3091.0000000000 4085.0000000000
3090.0000000000 4086.0000000000
3087.0000000000 4089.0000000000
3089.0000000000 4087.0000000000
3088.0000000000 4088.0000000000

3087.0000000000 4089.0000000000
3088.0000000000 4088.0000000000
4083.0000000000 3093.0000000000
3093.0000000000 4083.0000000000
4089.0000000000 3087.0000000000
4088.0000000000 3088.0000000000
4087.0000000000 3089.0000000000
4086.0000000000 3090.0000000000
4085.0000000000 3091.0000000000
4084.0000000000 3092.0000000000
3092.0000000000 4084.0000000000
3091.0000000000 4085.0000000000
3090.0000000000 4086.0000000000
3089.0000000000 4087.0000000000

4089.0000000000 3087.0000000000
4083.0000000000 3093.0000000000
3093.0000000000 4083.0000000000
4088.0000000000 3088.0000000000
4087.0000000000 3089.0000000000
4086.0000000000 3090.0000000000
4085.0000000000 3091.0000000000
4084.0000000000 3092.0000000000
3092.0000000000 4084.0000000000
3091.0000000000 4085.0000000000
3090.0000000000 4086.0000000000
3089.0000000000 4087.0000000000
3088.0000000000 4088.0000000000
3087.0000000000 4089.0000000000

4089.0000000000 3087.0000000000
4083.0000000000 3093.0000000000
3093.0000000000 4083.0000000000
3087.0000000000 4089.0000000000
4088.0000000000 3088.0000000000
4087.0000000000 3089.0000000000
4086.0000000000 3090.0000000000
4085.0000000000 3091.0000000000
4084.0000000000 3092.0000000000
3088.0000000000 4088.0000000000
3092.0000000000 4084.0000000000
3091.0000000000 4085.0000000000
3090.0000000000 4086.0000000000
3089.0000000000 4087.0000000000

3087.0000000000 4089.0000000000
3088.0000000000 4088.0000000000
4083.0000000000 3093.0000000000
4089.0000000000 3087.0000000000
4088.0000000000 3088.0000000000
4087.0000000000 3089.0000000000
4086.0000000000 3090.0000000000
4085.0000000000 3091.0000000000
4084.0000000000 3092.0000000000
3093.0000000000 4083.0000000000
3092.0000000000 4084.0000000000
3091.0000000000 4085.0000000000
3090.0000000000 4086.0000000000
3089.0000000000 4087.0000000000

4089.0000000000 3087.0000000000
3087.0000000000 4089.0000000000
3088.0000000000 4088.0000000000
4083.0000000000 3093.0000000000
3093.0000000000 4083.0000000000
4088.0000000000 3088.0000000000
4087.0000000000 3089.0000000000
4086.0000000000 3090.0000000000
4085.0000000000 3091.0000000000
4084.0000000000 3092.0000000000
3092.0000000000 4084.0000000000
3091.0000000000 4085.0000000000
3090.0000000000 4086.0000000000
3089.0000000000 4087.0000000000

4089.0000000000 3087.0000000000
3088.0000000000 4088.0000000000
3089.0000000000 4087.0000000000
4084.0000000000 3092.0000000000
3093.0000000000 4083.0000000000
4088.0000000000 3088.0000000000
4087.0000000000 3089.0000000000
4086.0000000000 3090.0000000000
4085.0000000000 3091.0000000000
3092.0000000000 4084.0000000000
3091.0000000000 4085.0000000000
3090.0000000000 4086.0000000000

4089.0000000000 3087.0000000000
4083.0000000000 3093.0000000000
3093.0000000000 4083.0000000000
4088.0000000000 3088.0000000000
4087.0000000000 3089.0000000000
4086.0000000000 3090.0000000000
4085.0000000000 3091.0000000000
4084.0000000000 3092.0000000000
3092.0000000000 4084.0000000000
3091.0000000000 4085.0000000000
3090.0000000000 4086.0000000000
3089.0000000000 4087.0000000000
3088.0000000000 4088.0000000000
3087.0000000000 4089.0000000000

4089.0000000000 3087.0000000000
4083.0000000000 3093.0000000000
3093.0000000000 4083.0000000000
4088.0000000000 3088.0000000000
4087.0000000000 3089.0000000000
4086.0000000000 3090.0000000000
4085.0000000000 3091.0000000000
4084.0000000000 3092.0000000000
3092.0000000000 4084.0000000000
3087.0000000000 4089.0000000000
3091.0000000000 4085.0000000000
3090.0000000000 4086.0000000000
3089.0000000000 4087.0000000000
3088.0000000000 4088.0000000000

4089.0000000000 3087.0000000000
4083.0000000000 3093.0000000000
3093.0000000000 4083.0000000000
4088.0000000000 3088.0000000000
4087.0000000000 3089.0000000000
4086.0000000000 3090.0000000000
4085.0000000000 3091.0000000000
4084.0000000000 3092.0000000000
3092.0000000000 4084.0000000000
3091.0000000000 4085.0000000000
3090.0000000000 4086.0000000000
3089.0000000000 4087.0000000000
3088.0000000000 4088.0000000000
3087.0000000000 4089.0000000000

4083.0000000000 3093.0000000000
4089.0000000000 3087.0000000000
3093.0000000000 4083.0000000000
4084.0000000000 3092.0000000000
4088.0000000000 3088.0000000000
4087.0000000000 3089.0000000000
4086.0000000000 3090.0000000000
3087.0000000000 4089.0000000000
4085.0000000000 3091.0000000000
3092.0000000000 4084.0000000000
3091.0000000000 4085.0000000000
3090.0000000000 4086.0000000000
3089.0000000000 4087.0000000000
3088.0000000000 4088.0000000000

4089.0000000000 3087.0000000000
4083.0000000000 3093.0000000000
3093.0000000000 4083.0000000000
4088.0000000000 3088.0000000000
4087.0000000000 3089.0000000000
4086.0000000000 3090.0000000000
4085.0000000000 3091.0000000000
4084.0000000000 3092.0000000000
3092.0000000000 4084.0000000000
3091.0000000000 4085.0000000000
3090.0000000000 4086.0000000000
3087.0000000000 4089.0000000000
3089.0000000000 4087.0000000000
3088.0000000000 4088.0000000000

4089.0000000000 3087.0000000000
4083.0000000000 3093.0000000000
3087.0000000000 4089.0000000000
3093.0000000000 4083.0000000000
4088.0000000000 3088.0000000000
4087.0000000000 3089.0000000000
4086.0000000000 3090.0000000000
4085.0000000000 3091.0000000000
4084.0000000000 3092.0000000000
3092.0000000000 4084.0000000000
3091.0000000000 4085.0000000000
3090.0000000000 4086.0000000000
3089.0000000000 4087.0000000000
3088.0000000000 4088.0000000000

4089.0000000000 3087.0000000000
4083.0000000000 3093.0000000000
3093.0000000000 4083.0000000000
4088.0000000000 3088.0000000000
4087.0000000000 3089.0000000000
4086.0000000000 3090.0000000000
4085.0000000000 3091.0000000000
4084.0000000000 3092.0000000000
3087.0000000000 4089.0000000000
3092.0000000000 4084.0000000000
3091.0000000000 4085.0000000000
3090.0000000000 4086.0000000000
3089.0000000000 4087.0000000000
3088.0000000000 4088.0000000000

