23974820.000000 15562872.000000 
21664168.000000 17084902.000000 
21827368.000000 16994762.000000 
22427662.000000 16328274.000000 
21843564.000000 16905474.000000 
20715162.000000 18549850.000000 
21523426.000000 17506556.000000 
23823046.000000 15691148.000000 
22052034.000000 16519420.000000 
27093424.000000 14629208.000000 
26141720.000000 14926238.000000 
20827002.000000 17608252.000000 
22100600.000000 16388706.000000 
26599458.000000 14914640.000000 
24959480.000000 15090696.000000 
22024244.000000 16595874.000000 
20548806.000000 18807078.000000 
20813644.000000 18341952.000000 
22944954.000000 16313722.000000 
21951630.000000 16681186.000000 

19822734.000000 26318642.000000 
22495182.000000 17609038.000000 
23115358.000000 16887840.000000 
25074656.000000 15992860.000000 
24983198.000000 16080246.000000 
22535040.000000 17524386.000000 
28166688.000000 15035374.000000 
22180854.000000 17857150.000000 
22141526.000000 17875124.000000 
20964614.000000 19399826.000000 
22512138.000000 17557362.000000 
24620412.000000 16081940.000000 
25157766.000000 15696032.000000 
20988070.000000 19187884.000000 
20144366.000000 20618524.000000 
21017308.000000 17968082.000000 
23981110.000000 16384546.000000 
19864822.000000 23326424.000000 
26016484.000000 15177896.000000 
23033172.000000 17088112.000000 
23588148.000000 16417722.000000 
22470012.000000 17687462.000000 
23352534.000000 16698346.000000 
20411708.000000 19630926.000000 
25821280.000000 15569538.000000 
22192384.000000 17702144.000000 
19878436.000000 21858890.000000 
25072020.000000 16016286.000000 
20380660.000000 20568522.000000 
24116378.000000 16179302.000000 
23314882.000000 16750174.000000 
23503746.000000 16590568.000000 
20854190.000000 19445302.000000 
22473720.000000 17614972.000000 
24025098.000000 16302284.000000 
23983352.000000 16308426.000000 
23245546.000000 16796926.000000 
20930958.000000 19412282.000000 
22642274.000000 17124838.000000 

25141942.000000 15091186.000000 
21595606.000000 17763734.000000 
20313700.000000 18032596.000000 
22862274.000000 15878488.000000 
23292040.000000 15472866.000000 
20262880.000000 18443224.000000 
21763482.000000 17657980.000000 
19581370.000000 19503038.000000 
26919496.000000 14125364.000000 
22587664.000000 16389650.000000 
26975114.000000 13715646.000000 
25950914.000000 14321810.000000 
20396262.000000 17882672.000000 
21098694.000000 17829276.000000 
21813736.000000 16633884.000000 
19977352.000000 18865332.000000 
20094150.000000 18662114.000000 
25329332.000000 15019104.000000 
26717336.000000 14135004.000000 
24467880.000000 15384908.000000 
25537776.000000 14938174.000000 
20038814.000000 18850560.000000 
22703866.000000 16374830.000000 
19706020.000000 19017092.000000 
21118128.000000 17814334.000000 
22858458.000000 16211652.000000 
20175150.000000 18582318.000000 
25353872.000000 14944018.000000 
19948492.000000 18883544.000000 

21509568.000000 17739610.000000 
22808656.000000 16111412.000000 
22251128.000000 16566960.000000 
22425374.000000 16388032.000000 
25001848.000000 14972718.000000 
19419436.000000 19540440.000000 
20075890.000000 18577756.000000 
21460200.000000 18060068.000000 
26480644.000000 13950340.000000 
23201814.000000 15902728.000000 
24241234.000000 15256304.000000 
23625176.000000 15446106.000000 
25417244.000000 14736482.000000 
19844368.000000 19127494.000000 
25761664.000000 14288916.000000 
25697682.000000 14693358.000000 
24870346.000000 15183338.000000 
20817038.000000 18165788.000000 
24930354.000000 15173788.000000 
25024230.000000 14919058.000000 
25840178.000000 14123364.000000 
21715356.000000 16621534.000000 
25938536.000000 14122626.000000 

20180168.000000 20515430.000000 
24338678.000000 16461820.000000 
20364428.000000 20388410.000000 
20439650.000000 20007774.000000 
28256942.000000 15163970.000000 
28074228.000000 15358952.000000 
20515126.000000 19811160.000000 
23159588.000000 17195804.000000 
19757880.000000 21473366.000000 
24562622.000000 16362170.000000 
31641396.000000 14889966.000000 
22835650.000000 17507680.000000 
27877770.000000 15385100.000000 
20707210.000000 18671278.000000 
22355188.000000 17522496.000000 
21542740.000000 17904836.000000 
21111090.000000 18257262.000000 
23529136.000000 16484254.000000 
20040986.000000 20692936.000000 
28226078.000000 15255408.000000 
19644594.000000 21847422.000000 
23099770.000000 17483856.000000 
25193316.000000 15830974.000000 
26665458.000000 15439586.000000 
23460764.000000 16951420.000000 
22338726.000000 17675974.000000 
20679582.000000 19666210.000000 
21990530.000000 17679004.000000 
23290194.000000 17154570.000000 
24502120.000000 16397312.000000 
23339086.000000 17116420.000000 
24600712.000000 16108604.000000 

27626540.000000 14506422.000000 
20885824.000000 18474052.000000 
28988360.000000 13972380.000000 
28845836.000000 14010490.000000 
25535870.000000 14886364.000000 
28537476.000000 14360836.000000 
27705328.000000 14408496.000000 
25650422.000000 14844796.000000 
20579096.000000 22714846.000000 
22940046.000000 16716688.000000 
22765236.000000 17063604.000000 
27674166.000000 14462422.000000 
23536172.000000 16624128.000000 
28790846.000000 14057168.000000 
23722784.000000 16405536.000000 
23142190.000000 16678362.000000 
26644012.000000 14682272.000000 
22510862.000000 17173506.000000 
29091784.000000 13957536.000000 
22019142.000000 17832632.000000 
26353900.000000 14703632.000000 
22100980.000000 17380140.000000 
28541772.000000 14180310.000000 
23848384.000000 16198220.000000 
24067910.000000 15981754.000000 
22383258.000000 17245072.000000 
22705926.000000 17161176.000000 
24664456.000000 15376820.000000 
25110656.000000 14922862.000000 
20615732.000000 21437896.000000 
21603382.000000 17901944.000000 
24234492.000000 15838244.000000 
27859932.000000 14408358.000000 
28397704.000000 14373024.000000 
28713702.000000 14089710.000000 
26911226.000000 14559758.000000 

22493394.000000 17743710.000000 
27399564.000000 15245052.000000 
23496080.000000 16616606.000000 
24929848.000000 16018476.000000 
27547188.000000 15164698.000000 
27185352.000000 15305328.000000 
28492486.000000 15015794.000000 
23597626.000000 16519014.000000 
26021996.000000 15868764.000000 
20625342.000000 19722422.000000 
22362902.000000 17902106.000000 
21447296.000000 18997106.000000 
22786054.000000 17483724.000000 
22599028.000000 17542568.000000 
25116460.000000 15940606.000000 
21514122.000000 18544352.000000 
22187892.000000 18120174.000000 
23218542.000000 16683638.000000 
26688558.000000 15508826.000000 
22800086.000000 16791852.000000 
21259526.000000 19193962.000000 
24232652.000000 16029934.000000 
22004008.000000 18239110.000000 
21222572.000000 19230454.000000 
20445750.000000 20800216.000000 
23942944.000000 16148330.000000 
21029860.000000 19277722.000000 
21994408.000000 18429706.000000 
21866102.000000 18431830.000000 
20494156.000000 19834180.000000 
21019150.000000 19401318.000000 
21266582.000000 19163482.000000 
20904426.000000 19528412.000000 
27038592.000000 15313218.000000 
22335260.000000 17989646.000000 
23912192.000000 16375650.000000 

20222396.000000 19843978.000000 
27503004.000000 14173876.000000 
26606742.000000 14785068.000000 
26817012.000000 14589260.000000 
22617824.000000 16377360.000000 
26721352.000000 14684404.000000 
24262240.000000 15514144.000000 
21487280.000000 16920000.000000 
25494142.000000 15067268.000000 
22896766.000000 16124594.000000 
21473832.000000 17034158.000000 
24926022.000000 15084960.000000 
24732960.000000 15356076.000000 
20699896.000000 18628248.000000 
26507668.000000 14900268.000000 
19834844.000000 21151630.000000 
22033752.000000 16548504.000000 
28081306.000000 14088430.000000 
20769152.000000 17107672.000000 
23023134.000000 15768998.000000 
22029882.000000 16647694.000000 
21862154.000000 16839028.000000 
26288426.000000 14943208.000000 
22337070.000000 16523628.000000 
25605590.000000 14998658.000000 
21656360.000000 16869994.000000 
23557686.000000 15672036.000000 
22424568.000000 16468206.000000 

20528114.000000 18206680.000000 
21949710.000000 16436128.000000 
19902558.000000 21561288.000000 
21788396.000000 16591634.000000 
20119010.000000 21281838.000000 
28840832.000000 14475970.000000 
20273324.000000 20752186.000000 
26090322.000000 15600966.000000 
20711808.000000 17450286.000000 
22794942.000000 15883702.000000 
22235940.000000 16411814.000000 
21265250.000000 16801034.000000 
22144948.000000 16429924.000000 
26337074.000000 15576888.000000 
26457044.000000 15140366.000000 
25300848.000000 15738368.000000 
20192928.000000 21116668.000000 
20910686.000000 17082234.000000 
21256860.000000 17019530.000000 
26932330.000000 14853706.000000 
22400378.000000 16215274.000000 
26078500.000000 15657154.000000 
20208980.000000 20933616.000000 
25617194.000000 15663372.000000 
27402096.000000 14661446.000000 
24448142.000000 15864678.000000 

24089516.000000 16191030.000000 
21682240.000000 18716790.000000 
22026366.000000 17539736.000000 
21887956.000000 17891202.000000 
22154132.000000 17114550.000000 
21397678.000000 18815320.000000 
21087082.000000 18841914.000000 
19619902.000000 20278534.000000 
27321988.000000 15600694.000000 
25924938.000000 15789166.000000 
28391794.000000 14990564.000000 
26859284.000000 15635548.000000 
25129536.000000 15977110.000000 
21394252.000000 18841264.000000 
24551052.000000 16078720.000000 
28978724.000000 14798534.000000 
23637536.000000 16356340.000000 
25344502.000000 15803350.000000 
24348936.000000 16137242.000000 
22292374.000000 17036264.000000 
22706252.000000 16501514.000000 
22717430.000000 16475062.000000 
23751842.000000 16301954.000000 
23381110.000000 16374630.000000 
20363744.000000 19204618.000000 
24244260.000000 16162134.000000 
24351914.000000 16093538.000000 
27466548.000000 15078530.000000 
22625374.000000 16750826.000000 
21076948.000000 19199496.000000 
25026810.000000 16042132.000000 

29659554.000000 13576442.000000 
29790512.000000 13281630.000000 
20435890.000000 20119804.000000 
24557180.000000 14236618.000000 
19980958.000000 20520242.000000 
29069904.000000 13666620.000000 
26046198.000000 14063902.000000 
27170372.000000 13704066.000000 
21478074.000000 16114866.000000 
23834178.000000 14498364.000000 
20761666.000000 19009908.000000 
23632198.000000 14722286.000000 
20946026.000000 17906878.000000 
22833978.000000 15217690.000000 
19918128.000000 20904976.000000 
20349236.000000 20239218.000000 
21008066.000000 16893520.000000 
29697090.000000 13405458.000000 
24462682.000000 14468660.000000 
23378358.000000 14839882.000000 
26089926.000000 13924314.000000 
23109312.000000 15009670.000000 
28594308.000000 13678874.000000 
20838406.000000 18092406.000000 
21107258.000000 16257748.000000 
25636010.000000 14199258.000000 
20578790.000000 19946582.000000 
26607026.000000 13881912.000000 
26969712.000000 13826208.000000 
23672416.000000 14614248.000000 

24210348.000000 15035518.000000 
21583676.000000 17016444.000000 
20799214.000000 18051630.000000 
20306054.000000 19248450.000000 
21236024.000000 17464726.000000 
23968882.000000 15495578.000000 
23670918.000000 15504124.000000 
23028918.000000 16304518.000000 
23587858.000000 15749484.000000 
28841902.000000 13588326.000000 
23363448.000000 16137166.000000 
25682508.000000 14102704.000000 
24392930.000000 14831054.000000 
22555452.000000 16494224.000000 
22212224.000000 16936258.000000 
28817056.000000 13740816.000000 
20912490.000000 17754026.000000 
20437736.000000 18235282.000000 
25755958.000000 14061104.000000 
24460036.000000 14549198.000000 
25394498.000000 14367658.000000 
25427688.000000 14348990.000000 
20370680.000000 18471004.000000 
23224916.000000 16210070.000000 
26410774.000000 13883664.000000 
23588560.000000 15642536.000000 
22298730.000000 16749382.000000 
24642832.000000 14451622.000000 
25635228.000000 14207142.000000 
27949470.000000 13745576.000000 
26404386.000000 13906070.000000 
25569574.000000 14292908.000000 

24818798.000000 15711148.000000 
19968714.000000 20330150.000000 
29470436.000000 14428368.000000 
23652494.000000 16605422.000000 
19956366.000000 21454562.000000 
23970442.000000 15861890.000000 
27707532.000000 14526712.000000 
20128680.000000 19867918.000000 
25499266.000000 15053230.000000 
26418132.000000 14533902.000000 
23513802.000000 16920184.000000 
23778888.000000 16264178.000000 
22618780.000000 17615646.000000 
22917672.000000 17166046.000000 
23905296.000000 16134246.000000 
25487840.000000 15084572.000000 
21532410.000000 18061436.000000 
22845050.000000 17570836.000000 
25307168.000000 15303738.000000 
19885482.000000 21938738.000000 
25213938.000000 15331954.000000 
22875806.000000 17362332.000000 
20353862.000000 18559438.000000 
25356778.000000 15245330.000000 
22449990.000000 17733840.000000 
19834436.000000 23232548.000000 
25787130.000000 14788306.000000 
29568976.000000 14378410.000000 
22845806.000000 17555154.000000 
23471420.000000 17025782.000000 
20160662.000000 19578118.000000 

22157792.000000 16903168.000000 
22694492.000000 16473456.000000 
20875156.000000 18148032.000000 
22605390.000000 16594546.000000 
22994580.000000 15808202.000000 
21262356.000000 18122942.000000 
26809348.000000 14542856.000000 
27386546.000000 14231666.000000 
22952818.000000 15815670.000000 
23036760.000000 15386908.000000 
27053610.000000 14317098.000000 
20471780.000000 19400686.000000 
20347976.000000 20015636.000000 
23321396.000000 15136524.000000 
23500110.000000 14982370.000000 
20044100.000000 20662690.000000 
23514036.000000 14934224.000000 
19821052.000000 21890278.000000 
21788162.000000 17531494.000000 
23087542.000000 15324154.000000 
22540278.000000 16887334.000000 
21959716.000000 17059512.000000 
21862734.000000 17492032.000000 
21980348.000000 16979006.000000 
23748880.000000 14742646.000000 
27159348.000000 14266278.000000 
27033436.000000 14375686.000000 
20197564.000000 20564540.000000 
20604754.000000 19303084.000000 
26155532.000000 14623370.000000 
20654858.000000 19120778.000000 
21595458.000000 17912578.000000 
28190536.000000 14096910.000000 
24726192.000000 14713484.000000 
20737130.000000 18474600.000000 
26754596.000000 14546100.000000 
23252230.000000 15304410.000000 

23497044.000000 15314170.000000 
21937110.000000 17593984.000000 
25183548.000000 14594746.000000 
27324784.000000 14038756.000000 
25968440.000000 14371904.000000 
25921768.000000 14404948.000000 
26089608.000000 14202228.000000 
21349814.000000 19209938.000000 
25510822.000000 14430424.000000 
21885846.000000 18403090.000000 
20601402.000000 20085630.000000 
20881718.000000 19832162.000000 
19662326.000000 21430418.000000 
19790332.000000 21069378.000000 
20336478.000000 20854146.000000 
21772912.000000 18863102.000000 
24212970.000000 14916236.000000 
23026376.000000 15920980.000000 
24298362.000000 14759342.000000 
26406230.000000 14105258.000000 
29809670.000000 13814106.000000 
22681908.000000 17224476.000000 
21242832.000000 19337906.000000 
24794464.000000 14713528.000000 
28038330.000000 14027776.000000 
23949268.000000 15247128.000000 
28702274.000000 13909120.000000 
22412062.000000 17239586.000000 
22190400.000000 17434890.000000 
22951336.000000 16529218.000000 
25134394.000000 14637862.000000 

23033120.000000 16496882.000000 
23361306.000000 16345562.000000 
22415958.000000 17482874.000000 
22795232.000000 16919232.000000 
24885958.000000 14886654.000000 
21594578.000000 18476940.000000 
22383386.000000 17506814.000000 
20804628.000000 19565110.000000 
22908240.000000 16702158.000000 
26322662.000000 13890466.000000 
25494270.000000 14330658.000000 
27912800.000000 13596260.000000 
27882132.000000 13675686.000000 
27105406.000000 13782052.000000 
22150290.000000 18224338.000000 
22706780.000000 17224502.000000 
24448320.000000 15307332.000000 
22316028.000000 17994670.000000 
24844394.000000 14958634.000000 
25105824.000000 14442630.000000 
21360974.000000 19109424.000000 
19692106.000000 22811658.000000 
19643986.000000 25484716.000000 
24036538.000000 15593268.000000 
20330128.000000 21280874.000000 
23364864.000000 15774252.000000 
21566474.000000 18569792.000000 
21657294.000000 18471316.000000 
22273678.000000 18172368.000000 
22232766.000000 18191764.000000 
22353306.000000 17650644.000000 
23763106.000000 15721722.000000 
21962816.000000 18238372.000000 
23956944.000000 15711466.000000 
21560984.000000 18632094.000000 
21755940.000000 18311310.000000 
21902242.000000 18279056.000000 
24656304.000000 15279630.000000 
21468302.000000 18837832.000000 
20504884.000000 21156178.000000 
20603098.000000 20285406.000000 
19730412.000000 22344132.000000 

20103900.000000 23518352.000000 
23116092.000000 16644354.000000 
20287514.000000 22926320.000000 
28750554.000000 14367860.000000 
24739258.000000 14922592.000000 
25252730.000000 14843140.000000 
24632404.000000 15717316.000000 
24257658.000000 15929470.000000 
28220900.000000 14589290.000000 
23186630.000000 16362094.000000 
28502662.000000 14505918.000000 
28635698.000000 14497732.000000 
23111868.000000 16870806.000000 
26553590.000000 14840156.000000 
22207382.000000 17333200.000000 
20812250.000000 19974652.000000 
21875458.000000 17572838.000000 
24482192.000000 15813574.000000 
20316628.000000 22114426.000000 
23306742.000000 16245870.000000 
21051570.000000 19904902.000000 
20540372.000000 20039208.000000 
20493274.000000 20188844.000000 
21155144.000000 18545368.000000 
20291858.000000 22274362.000000 
22483968.000000 17048738.000000 
22234238.000000 17069276.000000 
21865308.000000 18265744.000000 
23650884.000000 15977070.000000 
20404410.000000 21280522.000000 
23155220.000000 16416244.000000 
24673402.000000 15655288.000000 
23454338.000000 16181210.000000 
28441208.000000 14573664.000000 
27707030.000000 14695998.000000 
27811750.000000 14666158.000000 
21145696.000000 19354898.000000 
28711514.000000 14456938.000000 
29096286.000000 14316508.000000 

24136218.000000 15243410.000000 
22029394.000000 17704048.000000 
27028054.000000 14861098.000000 
20412002.000000 19343596.000000 
22702712.000000 16124442.000000 
22534274.000000 16656032.000000 
20915894.000000 19269130.000000 
25364080.000000 15101148.000000 
23182518.000000 16026258.000000 
28577334.000000 14721568.000000 
23755406.000000 15863014.000000 
22533458.000000 17412578.000000 
22397898.000000 17589058.000000 
27148078.000000 14725786.000000 
20951258.000000 17944560.000000 
22348408.000000 17614076.000000 
22270630.000000 17665474.000000 
20929370.000000 18587482.000000 
20704844.000000 19328742.000000 
25628444.000000 14994540.000000 
23724732.000000 15904444.000000 
19649636.000000 19511188.000000 
24056600.000000 15777362.000000 
23610390.000000 15933432.000000 

20471932.000000 19733862.000000 
20470366.000000 19790218.000000 
20996168.000000 17315676.000000 
20157816.000000 20595252.000000 
23358264.000000 16159110.000000 
23137494.000000 16307146.000000 
20544662.000000 17847244.000000 
24753476.000000 15726712.000000 
25947994.000000 15474566.000000 
21450232.000000 17129350.000000 
21758508.000000 16709088.000000 
22298218.000000 16573398.000000 
20055970.000000 20813354.000000 
19561992.000000 22970612.000000 
23933148.000000 16157768.000000 
22439854.000000 16564858.000000 
20570930.000000 17329096.000000 
22510024.000000 16356112.000000 
23124016.000000 16330216.000000 
20041846.000000 22182648.000000 
26029604.000000 15072664.000000 
24853080.000000 15638020.000000 
25322252.000000 15497846.000000 
19867554.000000 22329736.000000 
21572400.000000 16884988.000000 
23986060.000000 15962978.000000 
24724032.000000 15739532.000000 
24551322.000000 15746754.000000 
27203060.000000 14994736.000000 
27554124.000000 14974356.000000 
24362276.000000 15801926.000000 

26237834.000000 14944246.000000 
21039604.000000 20372262.000000 
21117072.000000 19588476.000000 
23473978.000000 15859896.000000 
26283618.000000 14940240.000000 
24880692.000000 15025322.000000 
27837078.000000 14575396.000000 
20283878.000000 23095604.000000 
24164240.000000 15097214.000000 
22848754.000000 16178232.000000 
21187562.000000 18195038.000000 
20605814.000000 21302568.000000 
22798196.000000 16566114.000000 
21163318.000000 19125506.000000 
20365248.000000 22542676.000000 
24040056.000000 15336964.000000 
22133774.000000 16582394.000000 
23022832.000000 15868900.000000 
21757748.000000 18062432.000000 
23002138.000000 16066026.000000 
21902564.000000 16673446.000000 
21261818.000000 18086800.000000 
25956528.000000 14982766.000000 
25954616.000000 15014326.000000 
24161116.000000 15145960.000000 
23744442.000000 15732234.000000 
26717036.000000 14763780.000000 
21806302.000000 17773454.000000 
23962678.000000 15345256.000000 
23010058.000000 16061656.000000 
23897916.000000 15679410.000000 
23959654.000000 15394012.000000 
20497418.000000 21599134.000000 

21942374.000000 17355630.000000 
20180670.000000 21094534.000000 
22687002.000000 16716288.000000 
25344380.000000 15047830.000000 
26060198.000000 15027766.000000 
22565490.000000 16966050.000000 
27006834.000000 14788468.000000 
27917324.000000 14670586.000000 
19844902.000000 22217116.000000 
20657474.000000 19027044.000000 
21456702.000000 18191822.000000 
24548488.000000 15298780.000000 
24774294.000000 15276262.000000 
26779796.000000 14997720.000000 
20221232.000000 19603614.000000 
22965832.000000 16497450.000000 
23207556.000000 15891842.000000 
21467868.000000 17965926.000000 
20775138.000000 18843118.000000 
20441176.000000 19513446.000000 
23880898.000000 15443432.000000 
20105034.000000 21775842.000000 
21530222.000000 17769966.000000 
21254850.000000 18498936.000000 
23492290.000000 15726046.000000 
22519330.000000 17268768.000000 
20092714.000000 21984828.000000 
19763188.000000 22338700.000000 
23194560.000000 16300520.000000 
19747766.000000 22456922.000000 
28063250.000000 14594576.000000 
19892086.000000 22186692.000000 

22158136.000000 17096528.000000 
21229476.000000 17107082.000000 
23390722.000000 16054332.000000 
19879844.000000 22489032.000000 
19873426.000000 25525740.000000 
22373258.000000 16561440.000000 
22808888.000000 16352816.000000 
24657556.000000 15062964.000000 
20657696.000000 19545876.000000 
22871864.000000 16334840.000000 
24034034.000000 15607294.000000 
22411422.000000 16467210.000000 
22204298.000000 16840020.000000 
22884402.000000 16258274.000000 
25987618.000000 14148192.000000 
24321782.000000 15409756.000000 
23893538.000000 15652514.000000 
24944384.000000 14429258.000000 
26366818.000000 14008758.000000 
25493676.000000 14248992.000000 
19954408.000000 20483506.000000 
25383318.000000 14383678.000000 
24425464.000000 15246694.000000 
22271694.000000 16693024.000000 
23648740.000000 15815838.000000 
23094138.000000 16108216.000000 
23466636.000000 15898576.000000 
23304718.000000 16060306.000000 

21876934.000000 18997176.000000 
24210870.000000 15172778.000000 
25284190.000000 14381446.000000 
21275822.000000 19239184.000000 
23474514.000000 16342712.000000 
22864904.000000 17239558.000000 
23972730.000000 16049442.000000 
21756784.000000 19197390.000000 
21905814.000000 18568064.000000 
19864024.000000 21444216.000000 
20050118.000000 21353694.000000 
22221768.000000 18482464.000000 
22369354.000000 17896338.000000 
26756226.000000 13915124.000000 
21138294.000000 19611298.000000 
19538298.000000 21655390.000000 
19233682.000000 22317478.000000 
24423602.000000 14943822.000000 
19103150.000000 23446916.000000 
25795290.000000 14087010.000000 
23970452.000000 16085776.000000 
23593574.000000 16245180.000000 
24371432.000000 15106782.000000 
23294670.000000 16363478.000000 
20487676.000000 20472954.000000 
20053668.000000 20684394.000000 
25780448.000000 14289652.000000 
25020082.000000 14625582.000000 
20475474.000000 20666732.000000 
20637024.000000 20407736.000000 
23167172.000000 16555720.000000 
21001136.000000 20100586.000000 
26316806.000000 14003050.000000 
27224894.000000 13581526.000000 
21182836.000000 19310150.000000 
19698322.000000 21614148.000000 
19838424.000000 21580526.000000 
21999392.000000 18505566.000000 
24805890.000000 14896188.000000 
24030152.000000 16001722.000000 
20888892.000000 20279470.000000 
23122284.000000 16595134.000000 
26716710.000000 13984106.000000 
26898302.000000 13813200.000000 
19140552.000000 22369694.000000 

23063564.000000 15825238.000000 
20056616.000000 20880682.000000 
25924834.000000 15028114.000000 
22786052.000000 16327214.000000 
21493064.000000 18120248.000000 
21515158.000000 17834872.000000 
20180716.000000 19338902.000000 
25606884.000000 15142970.000000 
22275502.000000 16565618.000000 
21097022.000000 18227798.000000 
29650182.000000 13965038.000000 
19966848.000000 24332868.000000 
21521608.000000 16966638.000000 
20463704.000000 19041616.000000 
20741286.000000 18990126.000000 
29368032.000000 13998412.000000 
26211484.000000 15007514.000000 
27739968.000000 14504972.000000 
28129710.000000 14119244.000000 
27828210.000000 14489520.000000 
27913880.000000 14345226.000000 
22941030.000000 16131252.000000 
22097898.000000 16936818.000000 
26300646.000000 14532100.000000 
22430124.000000 16359442.000000 
22232944.000000 16681678.000000 
27882170.000000 14457522.000000 
28488884.000000 14104276.000000 
28057038.000000 14222346.000000 
20960332.000000 18450252.000000 
24323462.000000 15197578.000000 
25881354.000000 15138470.000000 
29354252.000000 14087300.000000 

22113164.000000 16716788.000000 
21554902.000000 17443514.000000 
22219116.000000 16014440.000000 
22012026.000000 17022050.000000 
20070922.000000 19798874.000000 
19835192.000000 20193634.000000 
26655448.000000 14927826.000000 
21732800.000000 17323278.000000 
22873490.000000 15577946.000000 
23548946.000000 15105070.000000 
20335280.000000 19543406.000000 
19988752.000000 20023906.000000 
19804154.000000 22317638.000000 
21973660.000000 17069646.000000 
21024712.000000 17686098.000000 
21814282.000000 17094354.000000 
22713170.000000 15614688.000000 
25281722.000000 14956886.000000 
22710276.000000 15625918.000000 
20671128.000000 18615634.000000 

22944962.000000 15917386.000000 
25580338.000000 15460418.000000 
20627136.000000 19740308.000000 
24038788.000000 15696854.000000 
21206294.000000 18798826.000000 
20739288.000000 19665664.000000 
22117486.000000 17358256.000000 
25015818.000000 15543362.000000 
19886722.000000 20393060.000000 
20086780.000000 19949118.000000 
21123818.000000 19070500.000000 
22920536.000000 16898998.000000 
24365972.000000 15555556.000000 
20269878.000000 19805254.000000 
20192948.000000 19824658.000000 
21276144.000000 17679370.000000 
22281378.000000 17113424.000000 
19285376.000000 21281732.000000 
20755458.000000 19207858.000000 
20895724.000000 19140636.000000 
23141946.000000 15867992.000000 
20507764.000000 19764130.000000 
20144782.000000 19911986.000000 
19682036.000000 20725558.000000 

22993590.000000 16055924.000000 
22758206.000000 16326160.000000 
22131548.000000 16953458.000000 
26769340.000000 15131550.000000 
23385232.000000 16021746.000000 
23395056.000000 15713270.000000 
22189238.000000 16810060.000000 
28527758.000000 14752990.000000 
21540232.000000 17499810.000000 
20034930.000000 20736936.000000 
19924962.000000 20809754.000000 
26709776.000000 15269040.000000 
19653106.000000 21993166.000000 
27430910.000000 15101256.000000 
20301118.000000 19564516.000000 
20741218.000000 18719110.000000 
19978624.000000 20779612.000000 
19620508.000000 23661748.000000 
24247348.000000 15590714.000000 
21788960.000000 17019298.000000 
19255088.000000 23864926.000000 
19475634.000000 23688608.000000 
26033302.000000 15313074.000000 
21495788.000000 17674942.000000 
19847976.000000 20897722.000000 
20277208.000000 20407484.000000 
20389892.000000 19425222.000000 
21663320.000000 17384092.000000 
25642438.000000 15508424.000000 
21787340.000000 17187306.000000 
20780090.000000 17872016.000000 
27768666.000000 14838504.000000 
19840840.000000 20914172.000000 
20727494.000000 19033042.000000 
27759790.000000 15004554.000000 
25888170.000000 15472190.000000 

29793886.000000 14473022.000000 
30214240.000000 14390826.000000 
20548836.000000 17129710.000000 
21257890.000000 16623016.000000 
19633554.000000 22539522.000000 
18961154.000000 22912554.000000 
19514734.000000 22881728.000000 
26738288.000000 14954624.000000 
19991254.000000 19937882.000000 
24146472.000000 15614380.000000 
23660280.000000 15724304.000000 
27938974.000000 14759636.000000 
22502260.000000 15748570.000000 
24931882.000000 15567504.000000 
25418182.000000 15439028.000000 
21736178.000000 16074420.000000 
29725850.000000 14486698.000000 
21436752.000000 16550508.000000 
27041282.000000 14855124.000000 
18944538.000000 23554218.000000 
25467992.000000 15290658.000000 
24934478.000000 15484492.000000 
27327218.000000 14768950.000000 
28042562.000000 14511516.000000 
29990980.000000 14432530.000000 
19822998.000000 20057642.000000 
20278158.000000 18522156.000000 
21216324.000000 17008446.000000 
27171014.000000 14810488.000000 
26465200.000000 15112758.000000 

27375572.000000 14640576.000000 
20886470.000000 18820108.000000 
19914378.000000 20751298.000000 
22411118.000000 16611590.000000 
20702142.000000 19112098.000000 
24218850.000000 15447208.000000 
20054380.000000 19513646.000000 
21856340.000000 16808754.000000 
25640012.000000 14954644.000000 
24710372.000000 15273590.000000 
20702822.000000 18989668.000000 
23041852.000000 15577044.000000 
25854252.000000 14872484.000000 
24076620.000000 15551256.000000 
22061116.000000 16698788.000000 
22505486.000000 16225652.000000 
27442474.000000 14406558.000000 
21099220.000000 17836612.000000 
21556120.000000 17162660.000000 
19277184.000000 20927598.000000 
22513850.000000 15986240.000000 
22793672.000000 15845012.000000 
27030680.000000 14691552.000000 
25001398.000000 15200416.000000 
27227130.000000 14682312.000000 
24994174.000000 15264668.000000 
22953546.000000 15679146.000000 
19983326.000000 20199002.000000 
19951204.000000 20371810.000000 
25109282.000000 15072836.000000 
24518572.000000 15378252.000000 

26281948.000000 15762562.000000 
26644852.000000 15521640.000000 
28138648.000000 14855688.000000 
24794684.000000 16312360.000000 
24806144.000000 16273140.000000 
27174904.000000 14977158.000000 
25367010.000000 15977354.000000 
21977276.000000 17279022.000000 
20817392.000000 17691996.000000 
27164608.000000 15113644.000000 
26268644.000000 15862892.000000 
24571398.000000 16315708.000000 
26531988.000000 15530986.000000 
25440008.000000 15973862.000000 
21115004.000000 17579750.000000 
26341544.000000 15674790.000000 
27140984.000000 15152780.000000 
22964372.000000 16645350.000000 
23172520.000000 16574478.000000 
24059964.000000 16365136.000000 
25257312.000000 16065870.000000 
25274260.000000 16027762.000000 
22377252.000000 17157886.000000 
26381138.000000 15667092.000000 
20829760.000000 17616476.000000 
24224406.000000 16325624.000000 
25684346.000000 15865894.000000 
20180830.000000 18963948.000000 
21301842.000000 17520370.000000 
22927128.000000 17089624.000000 
24071392.000000 16326020.000000 
22687016.000000 17117854.000000 
23851490.000000 16521770.000000 
23901822.000000 16486792.000000 
20431282.000000 17908978.000000 
22169716.000000 17256098.000000 
22073816.000000 17258116.000000 
20729842.000000 17744524.000000 
22864026.000000 17110706.000000 
22187128.000000 17192172.000000 
21305512.000000 17391668.000000 
21335462.000000 17279378.000000 
26853900.000000 15190680.000000 
20198558.000000 18534694.000000 
21093080.000000 17586044.000000 
19975994.000000 19379160.000000 
20069822.000000 19238866.000000 
25121560.000000 16142522.000000 
20307976.000000 18132690.000000 

