28808322.000000 14811482.000000 
21933324.000000 16647852.000000 
21166092.000000 17501130.000000 
24612448.000000 15585864.000000 
20627086.000000 18344662.000000 
20780738.000000 18100722.000000 
23713606.000000 15647500.000000 
21461292.000000 17218192.000000 
20483508.000000 18367838.000000 
25793610.000000 15363832.000000 
23196952.000000 16125138.000000 
20659432.000000 18143842.000000 
23407018.000000 15905780.000000 
20426052.000000 18792096.000000 
21598194.000000 16722410.000000 
22204826.000000 16173840.000000 
22722118.000000 16159288.000000 
26141720.000000 14926238.000000 
20286674.000000 19472666.000000 
22052034.000000 16519420.000000 
20463662.000000 18729918.000000 
24443294.000000 15619602.000000 
25698556.000000 15570152.000000 
25706210.000000 15478816.000000 
24061902.000000 15637086.000000 
26599458.000000 14914640.000000 
22100600.000000 16388706.000000 
22024244.000000 16595874.000000 
20827002.000000 17608252.000000 

22746770.000000 16725738.000000 
23731230.000000 16383748.000000 
19797786.000000 20658438.000000 
19500022.000000 21877150.000000 
19629084.000000 21556962.000000 
23583194.000000 16584856.000000 
19817116.000000 19522880.000000 
24706794.000000 15457970.000000 
21029270.000000 18105278.000000 
19658454.000000 21451318.000000 
27473108.000000 14934602.000000 
25386600.000000 15409030.000000 
22376674.000000 17088100.000000 
30522838.000000 14828090.000000 
23898594.000000 16257308.000000 
23631372.000000 16387602.000000 
21855460.000000 17538044.000000 
22099054.000000 17209388.000000 
23925302.000000 16235350.000000 
21337560.000000 18028344.000000 
25574022.000000 14934660.000000 
23966868.000000 15923018.000000 
24565110.000000 15875782.000000 
20373308.000000 18485304.000000 
22946350.000000 16615054.000000 
22698822.000000 16999910.000000 
20177558.000000 19004732.000000 
21375386.000000 17816562.000000 
22762038.000000 16662644.000000 
24826206.000000 15417870.000000 
25498358.000000 15341116.000000 
24603706.000000 15649668.000000 
22057766.000000 17246962.000000 
24338234.000000 15888874.000000 
23950096.000000 15965100.000000 
23503746.000000 16590568.000000 
23782918.000000 16263016.000000 
23933908.000000 16155154.000000 
28725890.000000 14924794.000000 
23588148.000000 16417722.000000 

27199238.000000 13675646.000000 
21137324.000000 17464336.000000 
20277480.000000 18439676.000000 
25355852.000000 14825594.000000 
20035126.000000 18602392.000000 
22984402.000000 15689512.000000 
26561832.000000 13811974.000000 
21062586.000000 17545244.000000 
22702058.000000 15744550.000000 
19810418.000000 18959340.000000 
20539728.000000 17666930.000000 
22039796.000000 16341468.000000 
24424118.000000 15210966.000000 
25343158.000000 14828462.000000 
24639492.000000 15193052.000000 
23643136.000000 15470392.000000 
23563238.000000 15685438.000000 
24827274.000000 15000176.000000 
19754602.000000 19006470.000000 
20623550.000000 17580816.000000 
22662752.000000 16177896.000000 
21740504.000000 16952650.000000 
20099156.000000 18524146.000000 
21813736.000000 16633884.000000 
25599066.000000 14055486.000000 
25360204.000000 14606948.000000 
19706020.000000 19017092.000000 
24282806.000000 15390034.000000 
20313700.000000 18032596.000000 
20396262.000000 17882672.000000 
19581370.000000 19503038.000000 
19873188.000000 18817284.000000 

23450978.000000 15516032.000000 
22514886.000000 15941690.000000 
20412204.000000 17953352.000000 
24903102.000000 14291552.000000 
21465872.000000 17353000.000000 
26550590.000000 13785070.000000 
23610774.000000 15503808.000000 
23625176.000000 15446106.000000 
25853674.000000 13962664.000000 
24286498.000000 14871730.000000 
21327348.000000 17378964.000000 
21079294.000000 17421184.000000 
21643750.000000 17340032.000000 
21670316.000000 16763080.000000 
22331632.000000 16095932.000000 
19792208.000000 17970050.000000 
25499164.000000 14283432.000000 
24622776.000000 14827046.000000 
22607414.000000 15870234.000000 
21066878.000000 17624482.000000 
20717814.000000 17859770.000000 
18847128.000000 18755292.000000 
22297162.000000 16185860.000000 
20930238.000000 17765534.000000 
18837032.000000 19305334.000000 
21858510.000000 16532242.000000 
21715356.000000 16621534.000000 
20813492.000000 17783380.000000 
19335102.000000 17975928.000000 
22239250.000000 16347292.000000 
23138608.000000 15801910.000000 
18819624.000000 19580712.000000 
25840178.000000 14123364.000000 
18986028.000000 18485148.000000 
23892674.000000 15327178.000000 
24184460.000000 15089334.000000 

24663010.000000 16087758.000000 
28071264.000000 14965126.000000 
20372746.000000 19684670.000000 
26489758.000000 15178726.000000 
19753374.000000 20309270.000000 
22788402.000000 16847622.000000 
27964134.000000 15074880.000000 
24262872.000000 16107932.000000 
19969078.000000 20123846.000000 
22677884.000000 17110728.000000 
26944920.000000 15098810.000000 
25770070.000000 15211826.000000 
25511320.000000 15607162.000000 
28223114.000000 14861582.000000 
22658148.000000 17135214.000000 
22058702.000000 17252288.000000 
26836182.000000 15160604.000000 
20279250.000000 19957632.000000 
23640666.000000 16137960.000000 
21459370.000000 17561032.000000 
23246846.000000 16469714.000000 
20940886.000000 18403372.000000 
25113636.000000 15799570.000000 
20589922.000000 19324936.000000 
25161810.000000 15770082.000000 
19644594.000000 21847422.000000 
25259816.000000 15661162.000000 
20487540.000000 19502486.000000 
24953630.000000 15938648.000000 
21111090.000000 18257262.000000 
20707210.000000 18671278.000000 
23189326.000000 16639116.000000 
23388496.000000 16417926.000000 
22993184.000000 16693110.000000 
22743672.000000 17028478.000000 
20110828.000000 20003894.000000 

24296480.000000 15438896.000000 
28277478.000000 13778542.000000 
20507202.000000 18822628.000000 
26183316.000000 14589014.000000 
24164220.000000 15556876.000000 
23488610.000000 15642304.000000 
24559194.000000 15360968.000000 
24895186.000000 15337496.000000 
21947976.000000 16635462.000000 
20303804.000000 19846764.000000 
20349078.000000 19549278.000000 
27446266.000000 13848930.000000 
21983604.000000 16380620.000000 
23373586.000000 15710770.000000 
21906936.000000 16639982.000000 
21187184.000000 16883896.000000 
20868848.000000 17562672.000000 
21048206.000000 17507656.000000 
28136434.000000 13804346.000000 
26150034.000000 14639696.000000 
27165186.000000 14201170.000000 
27108786.000000 14214520.000000 
27208956.000000 14061418.000000 
26203146.000000 14359184.000000 
20651862.000000 18555768.000000 
24479146.000000 15391826.000000 
21682834.000000 16726976.000000 
19918888.000000 21819508.000000 
23112226.000000 16114086.000000 
24793406.000000 15355504.000000 
24902022.000000 15083424.000000 
25196448.000000 14751434.000000 
22527038.000000 16358682.000000 
20757636.000000 18143372.000000 
20836688.000000 18051640.000000 
23323226.000000 15960064.000000 
24391386.000000 15437958.000000 

20770344.000000 19507906.000000 
25621702.000000 15158064.000000 
23830200.000000 16035334.000000 
25904326.000000 14898628.000000 
24116656.000000 15725634.000000 
20623734.000000 19787936.000000 
21029860.000000 19277722.000000 
21994352.000000 17345274.000000 
20261906.000000 20554542.000000 
20801888.000000 19367258.000000 
23884804.000000 15944654.000000 
23976798.000000 15837962.000000 
23154468.000000 16215920.000000 
22714474.000000 16457572.000000 
24440256.000000 15516816.000000 
22360638.000000 16865436.000000 
23574578.000000 16062396.000000 
24042228.000000 15747116.000000 
24906162.000000 15410502.000000 
25023868.000000 15180760.000000 
24627158.000000 15410546.000000 
23425714.000000 16083554.000000 
23972506.000000 15839006.000000 
20494156.000000 19834180.000000 
22673074.000000 16488410.000000 
23964826.000000 15903218.000000 
22930148.000000 16280820.000000 
23406232.000000 16183588.000000 
21307984.000000 18423626.000000 
21645864.000000 17604068.000000 
24513266.000000 15502758.000000 
21193470.000000 18442848.000000 
22478472.000000 16488438.000000 
20879908.000000 19310882.000000 

27676294.000000 14412630.000000 
22387442.000000 16026096.000000 
19406354.000000 18994146.000000 
21326298.000000 16504080.000000 
19220826.000000 21624744.000000 
19292658.000000 20033974.000000 
26817012.000000 14589260.000000 
23200510.000000 15252042.000000 
22489878.000000 15578058.000000 
21561260.000000 16324616.000000 
28003252.000000 14337046.000000 
22073468.000000 16096106.000000 
21403384.000000 16433718.000000 
19246248.000000 21601148.000000 
30002164.000000 14105822.000000 
25517538.000000 14667422.000000 
22017700.000000 16142906.000000 
21552056.000000 16393810.000000 
20983766.000000 16722028.000000 
22392836.000000 16020920.000000 
29236966.000000 14283448.000000 
20769152.000000 17107672.000000 
20519582.000000 18069046.000000 
28661288.000000 14315478.000000 
24056120.000000 14736272.000000 
27800912.000000 14385694.000000 
20273542.000000 18451206.000000 
20520964.000000 17463366.000000 

19304238.000000 20529052.000000 
25461596.000000 14923892.000000 
26132972.000000 14681538.000000 
22775610.000000 16016184.000000 
28840832.000000 14475970.000000 
24117492.000000 15660214.000000 
20285816.000000 17380020.000000 
22738882.000000 16133298.000000 
21344620.000000 16576304.000000 
21296070.000000 16602962.000000 
26844718.000000 14477762.000000 
25509074.000000 14767512.000000 
22400378.000000 16215274.000000 
24816118.000000 15196922.000000 
20359198.000000 17209562.000000 
21985058.000000 16406678.000000 
24113044.000000 15747090.000000 
19904888.000000 18083774.000000 
21962756.000000 16416254.000000 
21949710.000000 16436128.000000 
20744094.000000 16782738.000000 
22791454.000000 15867968.000000 
19432630.000000 19503552.000000 
21771252.000000 16444310.000000 
20136834.000000 17407976.000000 

20586654.000000 18972482.000000 
27532416.000000 15080986.000000 
24781000.000000 15958338.000000 
20363744.000000 19204618.000000 
23828238.000000 15975542.000000 
23676988.000000 16207382.000000 
19619902.000000 20278534.000000 
22023734.000000 17597492.000000 
23461874.000000 16304328.000000 
21572718.000000 18393330.000000 
19904526.000000 20123972.000000 
24912602.000000 15933720.000000 
22578524.000000 16511092.000000 
21207034.000000 18542000.000000 
20819394.000000 18813368.000000 
21916476.000000 18169834.000000 
21758072.000000 18373784.000000 
20285912.000000 20051494.000000 
22645128.000000 16366568.000000 
20173626.000000 20060684.000000 
22384332.000000 16858748.000000 
22089600.000000 17071690.000000 
21992346.000000 18151344.000000 
26170612.000000 15605856.000000 
22292374.000000 17036264.000000 
24921098.000000 15703764.000000 
22023190.000000 18077226.000000 

21380406.000000 16046364.000000 
22655368.000000 15277828.000000 
29790512.000000 13281630.000000 
22578302.000000 15714126.000000 
25585702.000000 13366688.000000 
29295198.000000 13316792.000000 
19555782.000000 19494434.000000 
19641560.000000 19283678.000000 
21394074.000000 15943534.000000 
20526152.000000 18071128.000000 
22606752.000000 15540850.000000 
21376562.000000 16211446.000000 
22802322.000000 14985962.000000 
21999426.000000 15839140.000000 
20928936.000000 16345284.000000 
20378040.000000 19217938.000000 
20583174.000000 17086534.000000 
20581720.000000 17588140.000000 
20678380.000000 16880304.000000 
23115722.000000 14384950.000000 
21107258.000000 16257748.000000 
23032788.000000 14602752.000000 
20582544.000000 17496518.000000 
20416868.000000 18894218.000000 
20491608.000000 18852630.000000 
23671396.000000 14126212.000000 
22886636.000000 14844730.000000 
23186826.000000 14336678.000000 
21378866.000000 16109368.000000 
20681712.000000 16347432.000000 
24403784.000000 13753466.000000 

21127122.000000 17316102.000000 
23019538.000000 15622070.000000 
21073506.000000 17424764.000000 
20936140.000000 17586550.000000 
27552398.000000 13523006.000000 
21149970.000000 17313472.000000 
19739334.000000 19391036.000000 
24211592.000000 14682874.000000 
19948228.000000 18383382.000000 
19777658.000000 19202764.000000 
27433592.000000 13692528.000000 
21271352.000000 16768824.000000 
26233926.000000 14028738.000000 
23849732.000000 14838480.000000 
22271594.000000 16561882.000000 
22341904.000000 16513216.000000 
22387502.000000 15731096.000000 
24232238.000000 14369086.000000 
21171028.000000 17199808.000000 
27391726.000000 13832060.000000 
20132512.000000 18154348.000000 
20942002.000000 17518950.000000 
24379938.000000 14097806.000000 
19855236.000000 19144306.000000 
23301164.000000 15295314.000000 
19884260.000000 18923198.000000 
23154428.000000 15500792.000000 
23372738.000000 14950908.000000 
21928392.000000 16751158.000000 
20359952.000000 18025720.000000 
20561724.000000 17723068.000000 
22240470.000000 16742356.000000 
20941006.000000 17533444.000000 
20849596.000000 17644676.000000 
20479528.000000 17965064.000000 
26410774.000000 13883664.000000 
26404386.000000 13906070.000000 
25511902.000000 14038698.000000 

25262752.000000 14942012.000000 
26266364.000000 14634312.000000 
19216220.000000 18872408.000000 
18790548.000000 19804134.000000 
21486986.000000 17266116.000000 
22734316.000000 16683510.000000 
24947930.000000 15097356.000000 
27003206.000000 14563942.000000 
20794774.000000 17841370.000000 
26007814.000000 14675594.000000 
28923518.000000 14434874.000000 
22852050.000000 16651914.000000 
21601814.000000 17210972.000000 
21402534.000000 17534772.000000 
27707532.000000 14526712.000000 
22250284.000000 16829548.000000 
23159230.000000 16579326.000000 
23774048.000000 15972708.000000 
23920060.000000 15845536.000000 
25392072.000000 14783484.000000 
21438818.000000 17487304.000000 
21602624.000000 17116236.000000 
21933378.000000 17007868.000000 
20142194.000000 18388576.000000 
20115892.000000 18675494.000000 
23952520.000000 15716508.000000 
20812954.000000 17668006.000000 
23333964.000000 16214376.000000 
22136562.000000 16917934.000000 
23080082.000000 16617738.000000 
23981308.000000 15540880.000000 
24136692.000000 15225290.000000 
20522676.000000 17990654.000000 

21988782.000000 16815266.000000 
20957210.000000 18001642.000000 
22540690.000000 16221956.000000 
22676184.000000 15414762.000000 
22360838.000000 16415640.000000 
22573402.000000 15993526.000000 
21629850.000000 17054440.000000 
21833070.000000 16976210.000000 
23021634.000000 15184034.000000 
22474904.000000 16297550.000000 
22388448.000000 16311718.000000 
21599094.000000 17292242.000000 
20025036.000000 19281432.000000 
22587662.000000 15721744.000000 
22679980.000000 15288372.000000 
28190536.000000 14096910.000000 
19625452.000000 21701504.000000 
24077962.000000 14538568.000000 
19912286.000000 21347578.000000 
27958782.000000 14245810.000000 
26872594.000000 14510872.000000 
21347482.000000 17311516.000000 
21184262.000000 17475024.000000 
20544008.000000 18149942.000000 
23119210.000000 15048986.000000 
21667124.000000 17015906.000000 
22110270.000000 16426720.000000 
20160024.000000 18190710.000000 
27033436.000000 14375686.000000 
23307874.000000 14885476.000000 
23748880.000000 14742646.000000 
27351198.000000 14327804.000000 
27155070.000000 14355942.000000 

20387730.000000 19215668.000000 
29300448.000000 13498990.000000 
20145616.000000 20124992.000000 
20334520.000000 19540406.000000 
20265710.000000 19905298.000000 
19722270.000000 21086410.000000 
19371118.000000 21363452.000000 
25583344.000000 14154684.000000 
25216824.000000 14230918.000000 
21134336.000000 18827000.000000 
23677866.000000 14688100.000000 
25615768.000000 14065830.000000 
25213380.000000 14341154.000000 
19748332.000000 20650138.000000 
26923378.000000 13778636.000000 
26652084.000000 13814580.000000 
21060202.000000 19138168.000000 
28012018.000000 13673290.000000 
21350014.000000 18448642.000000 
22401404.000000 16934986.000000 
24302370.000000 14477808.000000 
25021764.000000 14343100.000000 
24654094.000000 14429644.000000 
26003760.000000 13878228.000000 
23891212.000000 14563648.000000 
22875864.000000 15536500.000000 
22818882.000000 15573306.000000 
20934074.000000 19141878.000000 
26493864.000000 13832132.000000 
26839828.000000 13813592.000000 
22251056.000000 16957162.000000 
29052540.000000 13564074.000000 
21605216.000000 17415212.000000 
22938696.000000 15484478.000000 
24751618.000000 14426446.000000 
21282572.000000 18685832.000000 
21571790.000000 18400914.000000 
20260066.000000 19974766.000000 
19997204.000000 20176120.000000 
23062596.000000 15480376.000000 
21128984.000000 19002288.000000 
21728294.000000 17235140.000000 
23274068.000000 14773612.000000 
25709626.000000 14045220.000000 
22748462.000000 16241386.000000 
22623442.000000 16650118.000000 
22558210.000000 16855388.000000 
27589490.000000 13753516.000000 
22013502.000000 17224534.000000 

19630070.000000 19571684.000000 
26841966.000000 13745828.000000 
19626206.000000 22014744.000000 
26816072.000000 13774694.000000 
19441200.000000 24135280.000000 
22809224.000000 15612436.000000 
21987288.000000 17029560.000000 
22436750.000000 16924348.000000 
22737302.000000 16626538.000000 
20652220.000000 19265490.000000 
24854134.000000 14727170.000000 
22730836.000000 16708902.000000 
21162572.000000 18314076.000000 
21180822.000000 18176948.000000 
26741940.000000 13807658.000000 
24895546.000000 14455096.000000 
24148386.000000 14877202.000000 
21776728.000000 17957416.000000 
19574658.000000 23955542.000000 
21365232.000000 17959348.000000 
22564764.000000 16755516.000000 
24633666.000000 14810994.000000 
21893212.000000 17785916.000000 
22547648.000000 16898072.000000 
25154804.000000 13880606.000000 
20394512.000000 19489444.000000 
24839922.000000 14740714.000000 
25102098.000000 14284468.000000 
23413836.000000 15415790.000000 
23354450.000000 15597362.000000 
20790596.000000 19100008.000000 
24793902.000000 14782788.000000 
22295846.000000 16988280.000000 
25149198.000000 14060472.000000 
23681566.000000 15278552.000000 
26903826.000000 13348938.000000 

26077424.000000 14752976.000000 
26599732.000000 14620412.000000 
24739258.000000 14922592.000000 
22660882.000000 16603546.000000 
20361280.000000 20344466.000000 
20294574.000000 20577218.000000 
22407270.000000 16696562.000000 
20599034.000000 19788272.000000 
28071874.000000 14498466.000000 
20495566.000000 20079226.000000 
22245226.000000 16706288.000000 
20631362.000000 18716796.000000 
21007434.000000 17321152.000000 
20131328.000000 23430370.000000 
20931858.000000 17712532.000000 
26378196.000000 14625480.000000 
20579634.000000 20011156.000000 
20792804.000000 18344290.000000 
29096286.000000 14316508.000000 
26203268.000000 14629632.000000 
26893392.000000 14575414.000000 
20231594.000000 21300930.000000 
22420252.000000 16669480.000000 
28750554.000000 14367860.000000 
25252730.000000 14843140.000000 
24716418.000000 15279354.000000 
28532316.000000 14414976.000000 
20879856.000000 18100654.000000 
21053678.000000 16903708.000000 
21641940.000000 16711228.000000 
22670838.000000 16314396.000000 
23229466.000000 15611650.000000 

20092994.000000 18665128.000000 
20165176.000000 18647288.000000 
26764866.000000 14697262.000000 
19771938.000000 18940748.000000 
26583118.000000 14813260.000000 
25564744.000000 15040696.000000 
20871788.000000 17712120.000000 
26754676.000000 14744380.000000 
19600594.000000 19082076.000000 
19896110.000000 18863974.000000 
20258136.000000 18550026.000000 
26834730.000000 14529742.000000 
20452638.000000 18014334.000000 
23770904.000000 15302194.000000 
21281144.000000 17654428.000000 
25364080.000000 15101148.000000 
23198266.000000 15448098.000000 
22167882.000000 17168718.000000 
26034492.000000 14912814.000000 
23138668.000000 15683802.000000 
22523172.000000 16424792.000000 
19224420.000000 19401906.000000 
20629960.000000 17978162.000000 
22761342.000000 15825234.000000 
21443084.000000 17325362.000000 
21199030.000000 17668208.000000 
24582274.000000 15158616.000000 
24136218.000000 15243410.000000 
22309650.000000 16795808.000000 
22504514.000000 16605938.000000 
25628444.000000 14994540.000000 

25218196.000000 15529554.000000 
19607990.000000 21811638.000000 
27935754.000000 14889448.000000 
24524132.000000 15718300.000000 
23741712.000000 16054742.000000 
23525170.000000 16084732.000000 
22088220.000000 16470612.000000 
20317626.000000 18554420.000000 
19490358.000000 21947566.000000 
25936092.000000 15102110.000000 
21758508.000000 16709088.000000 
20570930.000000 17329096.000000 
21148422.000000 16733502.000000 
26223738.000000 15071160.000000 
24934598.000000 15531020.000000 
22461160.000000 16424516.000000 
22501600.000000 16421830.000000 
22013036.000000 16618336.000000 
22055516.000000 16618258.000000 
23854856.000000 16049170.000000 
19747604.000000 18689276.000000 
23009054.000000 16128230.000000 
25327712.000000 15345008.000000 
24839722.000000 15629300.000000 
18928738.000000 24573950.000000 
20378436.000000 17889140.000000 
26962404.000000 14966404.000000 
20544662.000000 17847244.000000 
20996168.000000 17315676.000000 
21788334.000000 16670282.000000 
26029604.000000 15072664.000000 
23986060.000000 15962978.000000 
24362276.000000 15801926.000000 
22731392.000000 16239308.000000 
19866544.000000 18687190.000000 
25322252.000000 15497846.000000 
19396804.000000 23025264.000000 
22510024.000000 16356112.000000 

27837078.000000 14575396.000000 
25472992.000000 14943036.000000 
20704682.000000 18189992.000000 
24164240.000000 15097214.000000 
26925636.000000 14747104.000000 
23962678.000000 15345256.000000 
23936622.000000 15378640.000000 
23643184.000000 15448248.000000 
20211752.000000 23004814.000000 
25637070.000000 14887368.000000 
21072508.000000 16941326.000000 
22597262.000000 16363614.000000 
22783942.000000 15517772.000000 
24040056.000000 15336964.000000 
20831624.000000 17830954.000000 
20496446.000000 19347636.000000 
26717036.000000 14763780.000000 
22668200.000000 16068408.000000 
23944570.000000 15345396.000000 
22133774.000000 16582394.000000 
20598292.000000 18793688.000000 
22680382.000000 15786000.000000 
20709478.000000 18085288.000000 
21902564.000000 16673446.000000 
20260642.000000 19374946.000000 
21159346.000000 16827430.000000 
22441432.000000 16488922.000000 
24130494.000000 15128362.000000 
24234396.000000 14977098.000000 

24758294.000000 15290462.000000 
27917324.000000 14670586.000000 
19680508.000000 21954500.000000 
21482296.000000 17267580.000000 
23002692.000000 15988710.000000 
20138832.000000 19706778.000000 
21209176.000000 17607222.000000 
24548488.000000 15298780.000000 
21253768.000000 17572252.000000 
23421744.000000 15758928.000000 
20032002.000000 19904876.000000 
21012448.000000 17997792.000000 
20837062.000000 17998470.000000 
21837726.000000 16919286.000000 
24773654.000000 15111788.000000 
19783492.000000 21535098.000000 
26407584.000000 14879542.000000 
20372380.000000 18258944.000000 
22628998.000000 16538640.000000 
23287446.000000 15822906.000000 
21156228.000000 17662286.000000 
28425330.000000 14502144.000000 
20416052.000000 18154662.000000 
26060198.000000 15027766.000000 
21690904.000000 17235860.000000 
22022450.000000 16825460.000000 
21759106.000000 16952168.000000 
21433052.000000 17310972.000000 
22885356.000000 15990814.000000 
23163048.000000 15891228.000000 
20825290.000000 18057636.000000 
20149078.000000 18386100.000000 
26150242.000000 14946364.000000 
19916728.000000 20123932.000000 
21399364.000000 17535594.000000 
24053014.000000 15415298.000000 
22055416.000000 16613994.000000 
28063250.000000 14594576.000000 
23731582.000000 15592244.000000 
23323690.000000 15759560.000000 
27689368.000000 14683974.000000 
26922428.000000 14726968.000000 
25344380.000000 15047830.000000 
23880898.000000 15443432.000000 
26517052.000000 14837018.000000 
21963852.000000 16880680.000000 
23090062.000000 15893906.000000 
20359164.000000 18376130.000000 
23480986.000000 15609992.000000 

24309660.000000 15100362.000000 
23574610.000000 15872614.000000 
24657556.000000 15062964.000000 
20384600.000000 19976370.000000 
24814278.000000 14921430.000000 
24724110.000000 14922946.000000 
19581516.000000 24154596.000000 
19685738.000000 22629340.000000 
19812180.000000 21853224.000000 
23281268.000000 15905620.000000 
22929468.000000 16040972.000000 
20477952.000000 19883236.000000 
20859668.000000 18903722.000000 
25383318.000000 14383678.000000 
22757380.000000 16063262.000000 
24944384.000000 14429258.000000 
25493676.000000 14248992.000000 
23319228.000000 15873106.000000 
20924656.000000 18370098.000000 
24058186.000000 15456442.000000 
22153524.000000 16663078.000000 
21811670.000000 16721294.000000 
22467002.000000 16218418.000000 
23028850.000000 16028262.000000 
26366818.000000 14008758.000000 
21661050.000000 17029674.000000 
24034034.000000 15607294.000000 
23663624.000000 15623952.000000 
21755954.000000 16988256.000000 
22192564.000000 16453336.000000 
21229476.000000 17107082.000000 
23648740.000000 15815838.000000 
20787250.000000 19103642.000000 
20555878.000000 19140014.000000 
20485798.000000 19854930.000000 
19954408.000000 20483506.000000 
25987618.000000 14148192.000000 

22788688.000000 16613562.000000 
18281922.000000 23561538.000000 
19430682.000000 21625692.000000 
19089798.000000 22695600.000000 
26316806.000000 14003050.000000 
26256708.000000 14054038.000000 
19955668.000000 19924696.000000 
19272346.000000 22239316.000000 
19725686.000000 21048856.000000 
27140816.000000 13677584.000000 
27015538.000000 13743870.000000 
24924196.000000 14496704.000000 
19822296.000000 20822912.000000 
27088768.000000 13730010.000000 
22819036.000000 16439442.000000 
27347900.000000 13560688.000000 
24445134.000000 14683166.000000 
22249334.000000 17426116.000000 
19679876.000000 21249092.000000 
26769952.000000 13849312.000000 
19701356.000000 21229134.000000 
24990800.000000 14235872.000000 
19103960.000000 22456580.000000 
19288066.000000 22223964.000000 
26843254.000000 13835708.000000 
20366800.000000 19328864.000000 
19587606.000000 21334200.000000 
23652618.000000 15493378.000000 
26756226.000000 13915124.000000 
25101256.000000 14137860.000000 
22708564.000000 16661984.000000 
19233682.000000 22317478.000000 
22040956.000000 17654636.000000 
27224894.000000 13581526.000000 
21481958.000000 18215026.000000 
25208488.000000 14057398.000000 
24566480.000000 14621160.000000 
20815674.000000 19253972.000000 
23968548.000000 14858080.000000 
18605954.000000 23240276.000000 
26327770.000000 13957356.000000 
21942936.000000 17743080.000000 
21232434.000000 18377060.000000 
22595234.000000 17271158.000000 
21205304.000000 18760930.000000 
19887470.000000 20610382.000000 
21009784.000000 18956494.000000 
23130120.000000 15982914.000000 
23232762.000000 15804874.000000 
19140552.000000 22369694.000000 
18805332.000000 23199870.000000 
20234536.000000 19555440.000000 

29182102.000000 14141948.000000 
21094098.000000 17880714.000000 
27913880.000000 14345226.000000 
22614412.000000 16182254.000000 
25193034.000000 15019232.000000 
24448492.000000 15238788.000000 
24855424.000000 15219074.000000 
29244660.000000 13951220.000000 
20839932.000000 17987626.000000 
27969554.000000 14276590.000000 
27828210.000000 14489520.000000 
22275502.000000 16565618.000000 
26847124.000000 14509722.000000 
26843566.000000 14595938.000000 
26536776.000000 14757822.000000 
20924786.000000 17882734.000000 
28982396.000000 14214028.000000 
20359356.000000 18721324.000000 
26345384.000000 14769292.000000 
26043020.000000 14898574.000000 
20884634.000000 17980680.000000 
21325934.000000 16770364.000000 
21254684.000000 17112796.000000 
19595150.000000 19989710.000000 
19326286.000000 22942500.000000 
20420278.000000 18265076.000000 
25522512.000000 14940910.000000 
22763924.000000 15768960.000000 
20142696.000000 18989622.000000 
22375380.000000 16287282.000000 
19669850.000000 19059772.000000 
21179842.000000 17772228.000000 
21115980.000000 17811376.000000 
22244622.000000 16615748.000000 
22842736.000000 15457570.000000 
22753868.000000 16130948.000000 
21703364.000000 16723196.000000 
21217906.000000 17599904.000000 
28057038.000000 14222346.000000 
20329742.000000 18737998.000000 
22232944.000000 16681678.000000 
22998868.000000 15349450.000000 

25551450.000000 14867244.000000 
26123646.000000 14830526.000000 
20997440.000000 16434408.000000 
19568746.000000 21013326.000000 
20010706.000000 19397744.000000 
25083738.000000 14906760.000000 
22191026.000000 15697204.000000 
21574284.000000 15856642.000000 
24781152.000000 15018682.000000 
19357712.000000 21547144.000000 
23453298.000000 15304044.000000 
19632294.000000 20919406.000000 
24917860.000000 14928344.000000 
22604622.000000 15335614.000000 
26301810.000000 14738832.000000 
23673056.000000 15086970.000000 
22418480.000000 15404380.000000 
21906364.000000 15767124.000000 
21988534.000000 15738386.000000 
22037414.000000 15702408.000000 
21557772.000000 15884736.000000 
20600086.000000 17053486.000000 
21059550.000000 16161948.000000 
19915910.000000 19690478.000000 
19738936.000000 20418166.000000 
23548946.000000 15105070.000000 
22477516.000000 15385650.000000 
20641738.000000 16735660.000000 
20026174.000000 18374360.000000 
20360630.000000 17643060.000000 
20286488.000000 17949346.000000 
19347110.000000 22538450.000000 
23660002.000000 15099104.000000 
21359872.000000 15900020.000000 
20909108.000000 16481162.000000 

20863488.000000 18691460.000000 
20720570.000000 18963678.000000 
19184646.000000 20732132.000000 
20905832.000000 18526816.000000 
21431954.000000 17624468.000000 
21896094.000000 16899058.000000 
19314432.000000 20444440.000000 
21582650.000000 16991350.000000 
22012038.000000 16113028.000000 
20799200.000000 18850634.000000 
21452240.000000 17189046.000000 
19592060.000000 20176916.000000 
19999892.000000 19481192.000000 
20254632.000000 19070500.000000 
19133796.000000 21160608.000000 
18831812.000000 21412298.000000 
19183426.000000 21150556.000000 
21974302.000000 16353486.000000 
21912476.000000 16365268.000000 
20760172.000000 18851022.000000 
22883172.000000 15685910.000000 
20996464.000000 17664358.000000 
23089580.000000 15567332.000000 
19538948.000000 20351600.000000 
23508266.000000 15386604.000000 
19961346.000000 19810426.000000 
19644752.000000 20130528.000000 
19645050.000000 19824554.000000 
23700802.000000 15268378.000000 

20090874.000000 18494224.000000 
26509104.000000 15007098.000000 
19794746.000000 19500970.000000 
19453844.000000 20848358.000000 
28668038.000000 14765772.000000 
19294614.000000 22581986.000000 
28689702.000000 14722496.000000 
19343630.000000 21314712.000000 
26472266.000000 15140302.000000 
22831708.000000 16060804.000000 
22565556.000000 16066448.000000 
22404280.000000 16128978.000000 
23116274.000000 15683562.000000 
19471098.000000 20404388.000000 
25490084.000000 15320354.000000 
26311690.000000 15260118.000000 
22910166.000000 15968528.000000 
23825924.000000 15513258.000000 
26549182.000000 14983386.000000 
23071384.000000 15892124.000000 
26033302.000000 15313074.000000 
28363450.000000 14792288.000000 
20406308.000000 17308618.000000 
20265936.000000 18433308.000000 
19473938.000000 20042198.000000 
20282112.000000 18002616.000000 
27768666.000000 14838504.000000 
24000068.000000 15403550.000000 
20983134.000000 16453344.000000 
19431402.000000 20965664.000000 
20623138.000000 17098526.000000 
22384394.000000 16444304.000000 
23273412.000000 15604456.000000 

19779236.000000 19292174.000000 
26453874.000000 14835100.000000 
27036586.000000 14498324.000000 
20063418.000000 19285676.000000 
21846808.000000 15731330.000000 
23203680.000000 15416442.000000 
19458744.000000 21897930.000000 
22911330.000000 15528144.000000 
24223754.000000 15253752.000000 
19648524.000000 19643034.000000 
25362450.000000 14964176.000000 
28601868.000000 14386704.000000 
20859904.000000 16499414.000000 
21414222.000000 15969326.000000 
26439938.000000 14869064.000000 
25326682.000000 15213888.000000 
28502922.000000 14455664.000000 
20102238.000000 18777756.000000 
18773988.000000 22438396.000000 
19332564.000000 22308948.000000 
26981640.000000 14810910.000000 
19406518.000000 22261474.000000 
20150910.000000 17948236.000000 
18743706.000000 23607900.000000 
26527872.000000 14816920.000000 
21224246.000000 16343538.000000 
28181904.000000 14466480.000000 
22293538.000000 15696778.000000 
20399520.000000 16854778.000000 
21108574.000000 16348084.000000 
23320206.000000 15263494.000000 

26529714.000000 14851880.000000 
19486734.000000 20129330.000000 
19320126.000000 20178260.000000 
26365804.000000 14854372.000000 
20915724.000000 17439280.000000 
20280534.000000 18715884.000000 
28705650.000000 14462676.000000 
23938694.000000 15228566.000000 
20901342.000000 17695824.000000 
22848320.000000 15720800.000000 
28998340.000000 14449328.000000 
20385722.000000 18584938.000000 
23157408.000000 15560980.000000 
23549602.000000 15334304.000000 
25806620.000000 14855406.000000 
23235396.000000 15526824.000000 
19482042.000000 20133400.000000 
25528540.000000 14939134.000000 
18908170.000000 20631618.000000 
22333610.000000 16338018.000000 
27050126.000000 14706898.000000 
27008046.000000 14819470.000000 
20265530.000000 18854114.000000 
25143078.000000 15063670.000000 
24420064.000000 15073118.000000 
21683602.000000 16789542.000000 
23767938.000000 15307376.000000 
19650416.000000 19730940.000000 
19520380.000000 19833608.000000 
28169136.000000 14564768.000000 
20083002.000000 19041928.000000 
19660278.000000 19471630.000000 
20470854.000000 18115492.000000 
20669352.000000 17698618.000000 
19179484.000000 20536974.000000 
18827674.000000 21476598.000000 
20540868.000000 17723508.000000 
20484612.000000 17973678.000000 
21413480.000000 16999228.000000 
21991280.000000 16568292.000000 
22143934.000000 16506486.000000 
18556360.000000 21571242.000000 
22226240.000000 16365600.000000 
23041852.000000 15577044.000000 
22513850.000000 15986240.000000 
22879418.000000 15702352.000000 
23240592.000000 15525726.000000 
21221880.000000 17198920.000000 
22953546.000000 15679146.000000 
22416824.000000 16097142.000000 
27227130.000000 14682312.000000 
23529888.000000 15510326.000000 
21066594.000000 17386822.000000 
23448894.000000 15512494.000000 
22793672.000000 15845012.000000 
19987078.000000 19188542.000000 
19740052.000000 19222130.000000 
27387128.000000 14674554.000000 
25504638.000000 15032750.000000 
25109282.000000 15072836.000000 

19802848.000000 19334302.000000 
22819770.000000 16427542.000000 
23852456.000000 16379910.000000 
22090496.000000 17152006.000000 
25121560.000000 16142522.000000 
27164608.000000 15113644.000000 
27832194.000000 15063196.000000 
24543850.000000 16336894.000000 
24059964.000000 16365136.000000 
24794684.000000 16312360.000000 
24806144.000000 16273140.000000 
20172810.000000 18670948.000000 
20943344.000000 17491812.000000 
19556170.000000 19668638.000000 
20811784.000000 17524382.000000 
26644852.000000 15521640.000000 
26531988.000000 15530986.000000 
20639052.000000 17900938.000000 
20789780.000000 17680238.000000 
21977276.000000 17279022.000000 
22687016.000000 17117854.000000 
26973912.000000 15136102.000000 
24886968.000000 16228680.000000 
24571398.000000 16315708.000000 
22042008.000000 17174708.000000 
19638630.000000 19543656.000000 
20431282.000000 17908978.000000 
27786986.000000 15100002.000000 
21335462.000000 17279378.000000 
21305512.000000 17391668.000000 
25156772.000000 15681006.000000 
20729842.000000 17744524.000000 
20198558.000000 18534694.000000 
22705244.000000 17075708.000000 
19934848.000000 19159292.000000 
21986074.000000 17222456.000000 
28118052.000000 14791004.000000 
26815554.000000 15151176.000000 
25532946.000000 15571508.000000 
22688838.000000 17097966.000000 
20307976.000000 18132690.000000 

