23666000.000000 16482386.000000 
27831522.000000 15184254.000000 
24051924.000000 15663916.000000 
22725014.000000 16494718.000000 
22390926.000000 16548310.000000 
22286700.000000 16763176.000000 
26145784.000000 15662580.000000 
26242980.000000 15468032.000000 
26234726.000000 15522584.000000 
27100282.000000 15368290.000000 
27321612.000000 15212888.000000 
21903490.000000 18878390.000000 
26649120.000000 15459084.000000 
22157850.000000 17049984.000000 

20855234.000000 20085702.000000 
23550486.000000 16690240.000000 
20632082.000000 22122200.000000 
24526570.000000 15906912.000000 
23782918.000000 16263016.000000 
22216388.000000 17737074.000000 
23385906.000000 16693736.000000 
21008996.000000 18141232.000000 
21557032.000000 17986228.000000 
27073406.000000 15148598.000000 
26016484.000000 15177896.000000 
22107268.000000 17795446.000000 
23122256.000000 16749000.000000 
22346908.000000 17665912.000000 
22632918.000000 17428390.000000 
22639870.000000 17279562.000000 
24370924.000000 15965860.000000 
22642274.000000 17124838.000000 
23064752.000000 17091170.000000 
24036302.000000 16178184.000000 
23588148.000000 16417722.000000 
28725890.000000 14924794.000000 
24277156.000000 16077982.000000 
24702604.000000 15755680.000000 
24826206.000000 15417870.000000 
25617786.000000 15295752.000000 
24815822.000000 15630148.000000 

26730252.000000 14787940.000000 
22587664.000000 16389650.000000 
22138708.000000 16755606.000000 
22256480.000000 16739734.000000 
25361514.000000 14923440.000000 
25896616.000000 14844586.000000 
25372158.000000 14907364.000000 
26568512.000000 14789058.000000 
27135524.000000 14646856.000000 
27237982.000000 14471894.000000 
23513498.000000 15851194.000000 
24666584.000000 15816902.000000 
24687020.000000 15547500.000000 
29013140.000000 14399230.000000 
26777232.000000 14777582.000000 
25268210.000000 15156540.000000 
24894634.000000 15529246.000000 
21971030.000000 17100440.000000 
21944250.000000 17711384.000000 
28149896.000000 14419862.000000 
20038814.000000 18850560.000000 
22891262.000000 16220872.000000 
20629628.000000 18240954.000000 
20175150.000000 18582318.000000 
23247018.000000 16186734.000000 
20402626.000000 18542432.000000 
19948492.000000 18883544.000000 
20541572.000000 18296078.000000 
20094150.000000 18662114.000000 
21051180.000000 18067072.000000 
19868752.000000 19027150.000000 

25761664.000000 14288916.000000 
25697682.000000 14693358.000000 
24870346.000000 15183338.000000 
22860268.000000 16760994.000000 
22947166.000000 16608762.000000 
23034792.000000 16334422.000000 
21791240.000000 16947888.000000 
24126600.000000 15491838.000000 
25530190.000000 14738136.000000 
23468376.000000 16037814.000000 
25069280.000000 15119396.000000 
25840178.000000 14123364.000000 
24084044.000000 15751042.000000 
24397428.000000 15256328.000000 
22981330.000000 16368024.000000 
25938536.000000 14122626.000000 
25508372.000000 15102478.000000 
19446526.000000 19843802.000000 
20527770.000000 18052556.000000 
21263614.000000 17535012.000000 
20717814.000000 17859770.000000 
23628752.000000 16012368.000000 
24032566.000000 15840802.000000 
21566844.000000 17423166.000000 
30198060.000000 14096742.000000 
19773230.000000 18524352.000000 

23290194.000000 17154570.000000 
22619010.000000 17636082.000000 
25827602.000000 15950016.000000 
22390372.000000 17704372.000000 
21542740.000000 17904836.000000 
21111090.000000 18257262.000000 
20707210.000000 18671278.000000 
20598076.000000 20332750.000000 
20700166.000000 19810186.000000 
23982306.000000 16670842.000000 
23603236.000000 16880670.000000 
24172496.000000 16427400.000000 
19644594.000000 21847422.000000 
19769606.000000 21636670.000000 
27375982.000000 15756362.000000 
23099770.000000 17483856.000000 
19837690.000000 20807812.000000 
20180168.000000 20515430.000000 
20040986.000000 20692936.000000 
28371254.000000 15658140.000000 
20655538.000000 20311220.000000 
28551880.000000 15633792.000000 
23823046.000000 16746086.000000 
23460764.000000 16951420.000000 
24502120.000000 16397312.000000 
26994012.000000 15829182.000000 
24562622.000000 16362170.000000 
27059286.000000 15785000.000000 
25109956.000000 16143252.000000 
25051796.000000 16180674.000000 

29106894.000000 14162808.000000 
26597392.000000 14421304.000000 
20303804.000000 19846764.000000 
23323226.000000 15960064.000000 
24902022.000000 15083424.000000 
27248438.000000 14386930.000000 
24352008.000000 15827194.000000 
24391386.000000 15437958.000000 
25942988.000000 14882108.000000 
21907168.000000 17653828.000000 
19918888.000000 21819508.000000 
24001612.000000 15940222.000000 
21903278.000000 18040378.000000 
23140088.000000 17112910.000000 
26148904.000000 14798220.000000 
23304402.000000 16884020.000000 
21971658.000000 17308406.000000 
21889480.000000 18050580.000000 
21012110.000000 18281600.000000 

27535930.000000 15301560.000000 
22236916.000000 18054930.000000 
21307984.000000 18423626.000000 
22004008.000000 18239110.000000 
27421778.000000 15375966.000000 
23752584.000000 16064328.000000 
22714474.000000 16457572.000000 
22930148.000000 16280820.000000 
24646710.000000 15815792.000000 
24848320.000000 15485326.000000 
24013682.000000 15911398.000000 
23650804.000000 16143536.000000 
22478472.000000 16488438.000000 
28192712.000000 15221978.000000 
21019150.000000 19401318.000000 

25497576.000000 15490350.000000 
21635084.000000 17854986.000000 
20843752.000000 18191564.000000 
20864824.000000 18061946.000000 
20644078.000000 19459264.000000 
20776412.000000 19379438.000000 
23123638.000000 16425080.000000 
25109164.000000 15622684.000000 
21656360.000000 16869994.000000 
21651422.000000 16977042.000000 
20262052.000000 20587366.000000 
23557686.000000 15672036.000000 
23285134.000000 16383180.000000 
23112036.000000 16574452.000000 
23323458.000000 15881908.000000 
23387810.000000 15863284.000000 
19657702.000000 20984616.000000 
19435954.000000 21534098.000000 
19283782.000000 21539844.000000 
19567320.000000 21533302.000000 
25450886.000000 15576942.000000 
26452198.000000 15349198.000000 
27114334.000000 15120358.000000 

23870452.000000 16076316.000000 
24816118.000000 15196922.000000 
25461596.000000 14923892.000000 
25509074.000000 14767512.000000 
20744094.000000 16782738.000000 
20743722.000000 17536710.000000 
24429798.000000 15880616.000000 
24190778.000000 15891258.000000 
24148260.000000 15914750.000000 
24448142.000000 15864678.000000 
23036788.000000 16371982.000000 
23554928.000000 16119428.000000 
21962756.000000 16416254.000000 
21949710.000000 16436128.000000 
21775386.000000 16610212.000000 
26844718.000000 14477762.000000 

29375262.000000 15531162.000000 
21906386.000000 18654454.000000 
20794090.000000 19232434.000000 
22894256.000000 16730912.000000 
25296598.000000 16278966.000000 
21792082.000000 18973118.000000 
28997632.000000 15673890.000000 
22625374.000000 16750826.000000 
26015176.000000 15709382.000000 
25344502.000000 15803350.000000 
24865082.000000 16340684.000000 
23888982.000000 16527382.000000 
23477242.000000 16649892.000000 
27237008.000000 15701870.000000 
22167494.000000 17691156.000000 
22335048.000000 17231186.000000 
25133322.000000 16337520.000000 
23906684.000000 16433758.000000 
29098286.000000 15655756.000000 

23487380.000000 14495040.000000 
23064578.000000 14760172.000000 
22882090.000000 16202846.000000 
21916546.000000 16531680.000000 
25099688.000000 13972118.000000 
25485432.000000 13818164.000000 
25053630.000000 14139200.000000 
24556764.000000 14467186.000000 
25962812.000000 13405454.000000 
25709760.000000 13452822.000000 
25679164.000000 13588532.000000 
24557180.000000 14236618.000000 
22677210.000000 16295848.000000 
22698234.000000 16281558.000000 
24462682.000000 14468660.000000 
20644108.000000 17483632.000000 
21502172.000000 17254336.000000 
22980430.000000 15221736.000000 
22891168.000000 15574420.000000 
23029420.000000 15182506.000000 

22212224.000000 16936258.000000 
28807428.000000 13849462.000000 
20359952.000000 18025720.000000 
20561724.000000 17723068.000000 
22581682.000000 16449512.000000 
22065294.000000 17132878.000000 
21397908.000000 17325536.000000 
20217420.000000 18265598.000000 
21465050.000000 17141528.000000 
21209076.000000 17452774.000000 
22949130.000000 15749084.000000 
23301164.000000 15295314.000000 
19988644.000000 18668882.000000 
20070504.000000 18625202.000000 
22796356.000000 16188692.000000 
24460036.000000 14549198.000000 
22945496.000000 15911296.000000 
24406946.000000 14719470.000000 
26410774.000000 13883664.000000 
26404386.000000 13906070.000000 
24338658.000000 15092402.000000 
24642832.000000 14451622.000000 
25427688.000000 14348990.000000 
25511902.000000 14038698.000000 

24912448.000000 15301036.000000 
24074130.000000 16359266.000000 
26028852.000000 14779914.000000 
19486838.000000 19796028.000000 
19549026.000000 19492636.000000 
24101708.000000 16208400.000000 
21402534.000000 17534772.000000 
22328868.000000 17416004.000000 
21685128.000000 17498060.000000 
22966214.000000 16656482.000000 
25780656.000000 15029778.000000 
25356778.000000 15245330.000000 
20522676.000000 17990654.000000 
20812954.000000 17668006.000000 
20142194.000000 18388576.000000 
20115892.000000 18675494.000000 
24226318.000000 15492960.000000 

20510530.000000 20207790.000000 
26473380.000000 14680280.000000 
26636920.000000 14650420.000000 
23307874.000000 14885476.000000 
22865062.000000 15290026.000000 
22810748.000000 16023324.000000 
22433036.000000 16669334.000000 
22474904.000000 16297550.000000 
22288250.000000 16938086.000000 
22153306.000000 17133784.000000 
20535396.000000 18260672.000000 
22572704.000000 16233774.000000 
22825368.000000 15508262.000000 
24012058.000000 14797718.000000 
26400720.000000 14762370.000000 
22308672.000000 16828880.000000 
20467974.000000 20454602.000000 
22065718.000000 17221118.000000 
21800806.000000 17592908.000000 
20197564.000000 20564540.000000 
21632280.000000 17744126.000000 
22021130.000000 17569286.000000 
26964262.000000 14615504.000000 
21512948.000000 17921550.000000 

19722270.000000 21086410.000000 
19748332.000000 20650138.000000 
20190252.000000 20250582.000000 
20167138.000000 20360790.000000 
20636196.000000 20145338.000000 
21626870.000000 18539234.000000 
20673858.000000 19770786.000000 
20807996.000000 19319738.000000 
21371360.000000 19010116.000000 
22875864.000000 15536500.000000 
23023516.000000 15514662.000000 
26923378.000000 13778636.000000 
26840680.000000 13904780.000000 
22805444.000000 16499606.000000 
21728294.000000 17235140.000000 
22768762.000000 16710144.000000 
22455806.000000 17186184.000000 
26234578.000000 14080650.000000 
24302370.000000 14477808.000000 
23274068.000000 14773612.000000 
23891212.000000 14563648.000000 
24654094.000000 14429644.000000 
25216824.000000 14230918.000000 
25617542.000000 14080822.000000 
23707888.000000 14772608.000000 
22013502.000000 17224534.000000 

20279526.000000 21719968.000000 
19585140.000000 22789850.000000 
20394512.000000 19489444.000000 
24839922.000000 14740714.000000 
24687750.000000 15064088.000000 
23261946.000000 16377714.000000 
23086992.000000 16537790.000000 
24542646.000000 15245102.000000 
23364864.000000 15774252.000000 
23763106.000000 15721722.000000 
24342720.000000 15408824.000000 
21193124.000000 18956782.000000 
26816072.000000 13774694.000000 
26741940.000000 13807658.000000 
21893212.000000 17785916.000000 
21827680.000000 18142186.000000 
21555690.000000 18631220.000000 
21755940.000000 18311310.000000 
25079134.000000 14582738.000000 
25154804.000000 13880606.000000 
25149198.000000 14060472.000000 
26903826.000000 13348938.000000 
24220844.000000 15679146.000000 
22791370.000000 17133638.000000 
22343912.000000 17238690.000000 

21177014.000000 18845782.000000 
22221184.000000 17298952.000000 
20316664.000000 21770748.000000 
20326670.000000 21082338.000000 
21570224.000000 17857734.000000 
22246978.000000 17015962.000000 
20903266.000000 19968332.000000 
21069540.000000 19595632.000000 
21036302.000000 19734828.000000 
23663466.000000 16167858.000000 
23908716.000000 16055082.000000 
28441208.000000 14573664.000000 
25803656.000000 15068936.000000 
20472482.000000 20734196.000000 
21875458.000000 17572838.000000 
22670838.000000 16314396.000000 
21267600.000000 18633430.000000 
28253994.000000 14616062.000000 
23454338.000000 16181210.000000 
23306742.000000 16245870.000000 
22598532.000000 16932574.000000 
23678104.000000 16148826.000000 
24558992.000000 15914388.000000 
28570678.000000 14536404.000000 
24257658.000000 15929470.000000 
25960006.000000 14906772.000000 
24178902.000000 15982756.000000 
24716418.000000 15279354.000000 
24748624.000000 15272566.000000 
27811750.000000 14666158.000000 
26990898.000000 14748540.000000 
24590738.000000 15637392.000000 
27707030.000000 14695998.000000 

25628444.000000 14994540.000000 
25364080.000000 15101148.000000 
20435506.000000 19147806.000000 
20509484.000000 18033238.000000 
20195128.000000 19149710.000000 
19947042.000000 19315904.000000 
23755406.000000 15863014.000000 
23182518.000000 16026258.000000 
20629960.000000 17978162.000000 
24397230.000000 15417444.000000 
24582274.000000 15158616.000000 
22504514.000000 16605938.000000 
22288532.000000 17275594.000000 
21443084.000000 17325362.000000 
21199030.000000 17668208.000000 
20951258.000000 17944560.000000 
24319576.000000 15496280.000000 
19517530.000000 19702680.000000 
19541794.000000 19633462.000000 
19447188.000000 19837174.000000 

20445238.000000 20254788.000000 
20503176.000000 20156282.000000 
22461160.000000 16424516.000000 
26669702.000000 15221650.000000 
26814106.000000 15183398.000000 
21964650.000000 16815900.000000 
20889638.000000 18190932.000000 
27081364.000000 15127836.000000 
24362276.000000 15801926.000000 
26465168.000000 15302858.000000 
26095412.000000 15351628.000000 
21572400.000000 16884988.000000 
20996168.000000 17315676.000000 
25775056.000000 15627596.000000 
24105310.000000 16054954.000000 
23266310.000000 16172140.000000 
22731392.000000 16239308.000000 
23035656.000000 16205930.000000 
23358264.000000 16159110.000000 
24864872.000000 15783392.000000 
24309346.000000 15972576.000000 
22439854.000000 16564858.000000 
22510024.000000 16356112.000000 
22435684.000000 16772982.000000 
27425884.000000 15106338.000000 
27554124.000000 14974356.000000 
27438968.000000 15022628.000000 
20371470.000000 24060660.000000 
27482406.000000 14997188.000000 

21079130.000000 17649774.000000 
21159346.000000 16827430.000000 
23936622.000000 15378640.000000 
20895126.000000 18724482.000000 
22597262.000000 16363614.000000 
22441432.000000 16488922.000000 
24130494.000000 15128362.000000 
22680382.000000 15786000.000000 
23931804.000000 15463788.000000 
22077522.000000 16700746.000000 
25637070.000000 14887368.000000 
22133774.000000 16582394.000000 
24234396.000000 14977098.000000 
22783942.000000 15517772.000000 
24040056.000000 15336964.000000 
23944570.000000 15345396.000000 
27563278.000000 14834042.000000 

21662236.000000 17771058.000000 
26141258.000000 15337234.000000 
19763188.000000 22338700.000000 
19747766.000000 22456922.000000 
21759106.000000 16952168.000000 
21837726.000000 16919286.000000 
19941332.000000 21521142.000000 
20180670.000000 21094534.000000 
21963852.000000 16880680.000000 
26146094.000000 15303638.000000 
26611760.000000 15167676.000000 
20240404.000000 18488372.000000 
21473198.000000 17831796.000000 
21749530.000000 17474050.000000 
23480986.000000 15609992.000000 
23090062.000000 15893906.000000 
19981948.000000 21256056.000000 
19912822.000000 21574580.000000 
24053014.000000 15415298.000000 
23880898.000000 15443432.000000 
26251190.000000 15276606.000000 
21273452.000000 18007566.000000 
23207556.000000 15891842.000000 
22660770.000000 16685176.000000 

26551180.000000 14033620.000000 
25982520.000000 14306980.000000 
25628496.000000 14634214.000000 
23648740.000000 15815838.000000 
24204440.000000 15524526.000000 
22467002.000000 16218418.000000 
22192564.000000 16453336.000000 
21229476.000000 17107082.000000 
25046612.000000 14815824.000000 
24034034.000000 15607294.000000 
24635612.000000 15244410.000000 
23028850.000000 16028262.000000 
23319228.000000 15873106.000000 
22103380.000000 16909778.000000 
26440420.000000 14170172.000000 
25872040.000000 14438792.000000 
20869964.000000 21456230.000000 
21001152.000000 19209104.000000 
23928456.000000 15747502.000000 
24425464.000000 15246694.000000 

18805332.000000 23199870.000000 
26132894.000000 14511362.000000 
22595234.000000 17271158.000000 
21942936.000000 17743080.000000 
19233682.000000 22317478.000000 
19963716.000000 21002066.000000 
20005544.000000 20979434.000000 
19838424.000000 21580526.000000 
19604524.000000 21661634.000000 
24423602.000000 14943822.000000 
25068154.000000 14755590.000000 
21398250.000000 19000400.000000 
26516970.000000 14444146.000000 
20017492.000000 20743390.000000 
23825946.000000 16128370.000000 
24616804.000000 14836584.000000 
25268924.000000 14702592.000000 
25429436.000000 14647308.000000 
25514510.000000 14551770.000000 
20815674.000000 19253972.000000 
20366800.000000 19328864.000000 
20303188.000000 19621154.000000 
20136282.000000 19948462.000000 
23976798.000000 15417308.000000 
24308566.000000 15319270.000000 
26308538.000000 14450832.000000 
26653008.000000 14278886.000000 
23221432.000000 16287676.000000 
23142230.000000 16769750.000000 
19140552.000000 22369694.000000 
26959298.000000 14084826.000000 
26809994.000000 14204330.000000 

22210794.000000 17135388.000000 
22025166.000000 17623012.000000 
21612012.000000 17662804.000000 
29412344.000000 14309144.000000 
26944584.000000 14839592.000000 
26148012.000000 15069190.000000 
26545436.000000 14906118.000000 
25660718.000000 15087176.000000 
26211484.000000 15007514.000000 
25508250.000000 15119714.000000 
25137512.000000 15302228.000000 
24412962.000000 15409594.000000 
24575714.000000 15326848.000000 
22654072.000000 16226492.000000 
28442012.000000 14384188.000000 
21077066.000000 18563886.000000 
21234122.000000 18254250.000000 
22263902.000000 16796972.000000 
22842736.000000 15457570.000000 
22753868.000000 16130948.000000 
22515090.000000 16444166.000000 
26938014.000000 14864910.000000 
28016948.000000 14513950.000000 
27060140.000000 14517546.000000 
20652164.000000 20590564.000000 

21571586.000000 16354718.000000 
24504946.000000 15328114.000000 
24594138.000000 15237282.000000 
25180370.000000 14934254.000000 
25551450.000000 14867244.000000 
26123646.000000 14830526.000000 
24872234.000000 15129478.000000 
24377416.000000 15421724.000000 
25131272.000000 15069486.000000 
24631790.000000 15194978.000000 
24457552.000000 15364940.000000 
21131174.000000 17324618.000000 
24409632.000000 15366230.000000 
22044090.000000 16080972.000000 
22518346.000000 15581888.000000 
21258154.000000 16357312.000000 
22561404.000000 15524950.000000 
24507578.000000 15311372.000000 
24387274.000000 15366672.000000 
20187936.000000 19674232.000000 
20490948.000000 19119904.000000 

19644752.000000 20130528.000000 
19645050.000000 19824554.000000 
19961346.000000 19810426.000000 
20578984.000000 19415854.000000 
20273228.000000 19488906.000000 
21157812.000000 19016020.000000 
21893386.000000 18185286.000000 
21799082.000000 18427032.000000 
23700802.000000 15268378.000000 
21789332.000000 18445756.000000 
21974302.000000 16353486.000000 
22062296.000000 16084722.000000 
23192798.000000 15591998.000000 
23141600.000000 15620294.000000 
22944962.000000 15917386.000000 
21597728.000000 18627928.000000 
20809562.000000 19034080.000000 
21159412.000000 18791246.000000 
21688446.000000 18625950.000000 

20430004.000000 19667080.000000 
20264386.000000 22180166.000000 
22910166.000000 15968528.000000 
20340836.000000 21450784.000000 
27104844.000000 14764836.000000 
26549182.000000 14983386.000000 
20983134.000000 16453344.000000 
20623138.000000 17098526.000000 
26311690.000000 15260118.000000 
26033302.000000 15313074.000000 
25998980.000000 15389496.000000 
22471860.000000 16453062.000000 
24000068.000000 15403550.000000 
23273412.000000 15604456.000000 

19332564.000000 22308948.000000 
18967372.000000 22486566.000000 
19406518.000000 22261474.000000 
18743706.000000 23607900.000000 
27595368.000000 14963420.000000 
19827018.000000 19829324.000000 
19894924.000000 19653856.000000 
26222816.000000 15325870.000000 
20150910.000000 17948236.000000 
20399520.000000 16854778.000000 
19741306.000000 20336242.000000 
19973226.000000 19441448.000000 
27242182.000000 15092030.000000 
26465200.000000 15112758.000000 
23277974.000000 15962334.000000 
26077954.000000 15560942.000000 
25999104.000000 15595280.000000 
22631708.000000 16336014.000000 
25069058.000000 15608696.000000 
24988700.000000 15815650.000000 

25528540.000000 14939134.000000 
25390680.000000 15035514.000000 
25067232.000000 15109586.000000 
25180266.000000 15071108.000000 
24995590.000000 15149978.000000 
23767938.000000 15307376.000000 
22953546.000000 15679146.000000 
23415060.000000 15395094.000000 
28331306.000000 14700130.000000 
28022548.000000 14711472.000000 
27996118.000000 14847894.000000 
25854252.000000 14872484.000000 
25504638.000000 15032750.000000 
24464842.000000 15275006.000000 
24584730.000000 15193190.000000 
22513850.000000 15986240.000000 
22505486.000000 16225652.000000 
28426994.000000 14660528.000000 
28819512.000000 14497102.000000 
21464200.000000 21450312.000000 
21523188.000000 18943630.000000 
22123992.000000 18781286.000000 
22323422.000000 18386984.000000 
25109282.000000 15072836.000000 

20503308.000000 18266974.000000 
20817392.000000 17691996.000000 
22187128.000000 17192172.000000 
22377252.000000 17157886.000000 
22819770.000000 16427542.000000 
23852456.000000 16379910.000000 
28118052.000000 14791004.000000 
26853900.000000 15190680.000000 
27832194.000000 15063196.000000 
26531988.000000 15530986.000000 
27778270.000000 15127442.000000 
20578624.000000 18097468.000000 
20678608.000000 17968938.000000 
26973912.000000 15136102.000000 
25532946.000000 15571508.000000 
25156772.000000 15681006.000000 
21435244.000000 17452592.000000 
20981600.000000 17637066.000000 
21977276.000000 17279022.000000 
22073816.000000 17258116.000000 
21552142.000000 17342648.000000 
21373214.000000 17626232.000000 
20246574.000000 18543436.000000 
20340404.000000 18402962.000000 
20781046.000000 17963020.000000 

