25572548.000000 15704376.000000 
24370496.000000 15990350.000000 
24392990.000000 15980180.000000 
24166548.000000 16083970.000000 
25387960.000000 15853364.000000 
25530472.000000 15803950.000000 
25426212.000000 15830938.000000 
24161876.000000 16753214.000000 
27221778.000000 15448648.000000 
27038318.000000 15448666.000000 
25233530.000000 15918340.000000 
26649120.000000 15459084.000000 
27357908.000000 15288290.000000 
26234726.000000 15522584.000000 
27270608.000000 15352340.000000 
28225440.000000 15243440.000000 
26645028.000000 15513982.000000 
28013252.000000 15265328.000000 
28423004.000000 15062676.000000 
22157850.000000 17049984.000000 

25287038.000000 15273566.000000 
24982108.000000 15597376.000000 
30522838.000000 14828090.000000 
21371630.000000 20986752.000000 
21728224.000000 19265236.000000 
21564544.000000 19345864.000000 
21768742.000000 18904622.000000 
24526570.000000 15906912.000000 
25574022.000000 14934660.000000 
23247396.000000 17009164.000000 
25068280.000000 15492088.000000 
23450926.000000 16747968.000000 
22642274.000000 17124838.000000 
23314882.000000 16750174.000000 
23983352.000000 16308426.000000 
22336468.000000 17875008.000000 
23279644.000000 16912746.000000 
22206874.000000 18266936.000000 
24036302.000000 16178184.000000 
23588148.000000 16417722.000000 
23255240.000000 17003834.000000 
28725890.000000 14924794.000000 

25767300.000000 14691938.000000 
25783800.000000 14578900.000000 
22587664.000000 16389650.000000 
22703866.000000 16374830.000000 
22256480.000000 16739734.000000 
24827274.000000 15000176.000000 
25361514.000000 14923440.000000 
25372158.000000 14907364.000000 
27237982.000000 14471894.000000 
21431964.000000 18040094.000000 
20629628.000000 18240954.000000 
27541638.000000 14134382.000000 
27492236.000000 14300226.000000 
28128622.000000 14118248.000000 
22891262.000000 16220872.000000 
23247018.000000 16186734.000000 
24674514.000000 15974412.000000 
22190684.000000 17833486.000000 
24126218.000000 16090524.000000 
24542316.000000 16006634.000000 
20495216.000000 20596050.000000 

26045228.000000 14534248.000000 
23500950.000000 16035534.000000 
24896002.000000 15413762.000000 
21716488.000000 17677364.000000 
24943378.000000 15404570.000000 
23665696.000000 15742162.000000 
22128022.000000 16968828.000000 
23876556.000000 15604430.000000 
18847128.000000 18755292.000000 
18819624.000000 19580712.000000 
22651308.000000 16710428.000000 
22092726.000000 17599424.000000 
22981330.000000 16368024.000000 
25512784.000000 15130682.000000 
18986028.000000 18485148.000000 
23664520.000000 16029372.000000 
21460200.000000 18060068.000000 
24595868.000000 15434074.000000 
25855294.000000 14902102.000000 
24472902.000000 15456634.000000 
25508868.000000 15229476.000000 

23053570.000000 17658718.000000 
23091170.000000 17275196.000000 
28002212.000000 15398570.000000 
24353368.000000 16575626.000000 
21278660.000000 18628976.000000 
21100536.000000 19154950.000000 
23339086.000000 17116420.000000 
20937984.000000 21188298.000000 
23290194.000000 17154570.000000 
20863640.000000 21490702.000000 
24923270.000000 16407428.000000 
22913590.000000 17744432.000000 
21399010.000000 18365690.000000 
28365814.000000 15333696.000000 
28434606.000000 15273054.000000 
23982306.000000 16670842.000000 
23603236.000000 16880670.000000 
24999494.000000 16070442.000000 
25379882.000000 15786470.000000 
21165892.000000 18764954.000000 
26707528.000000 15663730.000000 
25341150.000000 15934310.000000 
21902022.000000 17921530.000000 
23823046.000000 16746086.000000 
23460764.000000 16951420.000000 
28769998.000000 15075116.000000 
28590278.000000 15102416.000000 
26765922.000000 15646848.000000 
27850278.000000 15491782.000000 
24995630.000000 16162992.000000 
24601536.000000 16433724.000000 
28500764.000000 15214126.000000 

28713702.000000 14089710.000000 
26597392.000000 14421304.000000 
25424342.000000 15041780.000000 
23323226.000000 15960064.000000 
20483116.000000 21658750.000000 
20615732.000000 21437896.000000 
24902022.000000 15083424.000000 
27248438.000000 14386930.000000 
24352008.000000 15827194.000000 
24391386.000000 15437958.000000 
25942988.000000 14882108.000000 
21897370.000000 17313714.000000 
21435700.000000 18967246.000000 
21702766.000000 17680260.000000 
29067582.000000 13832550.000000 
22765236.000000 17063604.000000 
21361094.000000 20753330.000000 
27544252.000000 14284030.000000 
28696776.000000 14215544.000000 
26510238.000000 14868028.000000 
22705926.000000 17161176.000000 
23142190.000000 16678362.000000 

27193034.000000 15237132.000000 
23614682.000000 16758632.000000 
23382774.000000 17078640.000000 
22580576.000000 17858448.000000 
24848320.000000 15485326.000000 
24013682.000000 15911398.000000 
23702170.000000 16731496.000000 
27557362.000000 15100522.000000 
22059018.000000 18271390.000000 
23025304.000000 17445606.000000 
22342178.000000 18094810.000000 
21816320.000000 18963548.000000 
28492486.000000 15015794.000000 
24008818.000000 16329932.000000 
23795014.000000 16365682.000000 

22396468.000000 16560810.000000 
22424568.000000 16468206.000000 
21656360.000000 16869994.000000 
23111272.000000 16305470.000000 
21368936.000000 20203192.000000 
23240786.000000 16123840.000000 
23557686.000000 15672036.000000 
23387810.000000 15863284.000000 
30002164.000000 14105822.000000 
23932938.000000 15371530.000000 
24056120.000000 14736272.000000 
25517538.000000 14667422.000000 
29236966.000000 14283448.000000 
28171262.000000 14376710.000000 
27800912.000000 14385694.000000 

19377828.000000 20816254.000000 
19440978.000000 20049520.000000 
20744094.000000 16782738.000000 
19904888.000000 18083774.000000 
20285816.000000 17380020.000000 
25975026.000000 16558048.000000 
22180282.000000 16777180.000000 
27950810.000000 15600818.000000 
27992638.000000 15599848.000000 
26329070.000000 15969538.000000 
28602456.000000 15484360.000000 
24307314.000000 16751076.000000 
27807054.000000 15801956.000000 
28147064.000000 15543292.000000 
28020170.000000 15556660.000000 

21723816.000000 19766442.000000 
22894256.000000 16730912.000000 
22017378.000000 18905256.000000 
25813344.000000 15845040.000000 
27237008.000000 15701870.000000 
21801166.000000 19421314.000000 
22625374.000000 16750826.000000 
26015176.000000 15709382.000000 
23888982.000000 16527382.000000 
23477242.000000 16649892.000000 
22335048.000000 17231186.000000 
21487810.000000 19876602.000000 
28372484.000000 15474924.000000 
25380622.000000 15881396.000000 
24781000.000000 15958338.000000 
24530090.000000 16043220.000000 
24355008.000000 16408994.000000 
24147038.000000 16518112.000000 

27177390.000000 14306188.000000 
27002904.000000 14402110.000000 
27594146.000000 14024028.000000 
24695072.000000 14403998.000000 
21378866.000000 16109368.000000 
24685290.000000 14850846.000000 
22755690.000000 15741874.000000 
23774494.000000 14896738.000000 
20540038.000000 18142132.000000 
19641560.000000 19283678.000000 
19555782.000000 19494434.000000 
20491608.000000 18852630.000000 
21107258.000000 16257748.000000 
20891980.000000 17035842.000000 
20645142.000000 17293800.000000 
20784580.000000 17113376.000000 
23151468.000000 15039396.000000 
20682556.000000 17165430.000000 
21037652.000000 16857342.000000 
29019506.000000 13852010.000000 
27510790.000000 14283968.000000 

27949470.000000 13745576.000000 
28841902.000000 13588326.000000 
22138782.000000 16891822.000000 
22111156.000000 16894520.000000 
22709172.000000 15807214.000000 
22665352.000000 16395916.000000 
23661882.000000 15760760.000000 
23964962.000000 15345182.000000 
24261770.000000 15303802.000000 
21917624.000000 18197130.000000 
24488376.000000 14935768.000000 
24338658.000000 15092402.000000 
24462040.000000 14979670.000000 
24642832.000000 14451622.000000 
25511902.000000 14038698.000000 
26410774.000000 13883664.000000 
26404386.000000 13906070.000000 
25129752.000000 14367440.000000 
21820644.000000 20229156.000000 

23670476.000000 17664196.000000 
20031536.000000 18988896.000000 
19999516.000000 19262058.000000 
19486838.000000 19796028.000000 
27171926.000000 14952880.000000 
26610422.000000 15616622.000000 
26586628.000000 15669560.000000 
20522676.000000 17990654.000000 
20142194.000000 18388576.000000 
20115892.000000 18675494.000000 
21465724.000000 17908026.000000 
19931854.000000 19765768.000000 
19699952.000000 19778676.000000 
24138028.000000 17013464.000000 
25147854.000000 16511984.000000 
24476576.000000 16645824.000000 
26781294.000000 15171786.000000 
23917328.000000 17363672.000000 
24259008.000000 16988124.000000 
25354688.000000 16348026.000000 
26257362.000000 15766388.000000 
25633278.000000 15903592.000000 

23748880.000000 14742646.000000 
19625452.000000 21701504.000000 
23307874.000000 14885476.000000 
22865062.000000 15290026.000000 
22694492.000000 16473456.000000 
20364248.000000 18267636.000000 
21707682.000000 17209672.000000 
22433036.000000 16669334.000000 
22520396.000000 16648602.000000 
20535396.000000 18260672.000000 
22308672.000000 16828880.000000 
20197564.000000 20564540.000000 
26964262.000000 14615504.000000 
26891188.000000 14696122.000000 
19912286.000000 21347578.000000 
26953428.000000 14657112.000000 
26880354.000000 14737730.000000 
26934124.000000 14673518.000000 

19589522.000000 24244002.000000 
21145266.000000 19067610.000000 
22551314.000000 17078840.000000 
21085882.000000 19693988.000000 
20824406.000000 19786250.000000 
20260066.000000 19974766.000000 
19997204.000000 20176120.000000 
19793838.000000 21207722.000000 
19666124.000000 21473380.000000 
21605216.000000 17415212.000000 
21728294.000000 17235140.000000 
22455806.000000 17186184.000000 
25843696.000000 14669290.000000 
26100006.000000 14579234.000000 
25215638.000000 14770376.000000 
21077740.000000 19711240.000000 
21290254.000000 19059754.000000 
28355076.000000 14382868.000000 
22916216.000000 16395576.000000 
23323320.000000 14857880.000000 
23062596.000000 15480376.000000 

19692106.000000 22811658.000000 
19441200.000000 24135280.000000 
20747488.000000 20258994.000000 
20778876.000000 20124432.000000 
27802012.000000 14524820.000000 
19720318.000000 22505092.000000 
20035388.000000 21771788.000000 
20309788.000000 21686934.000000 
21396832.000000 18385096.000000 
24990322.000000 15249362.000000 
23354450.000000 15597362.000000 
22859282.000000 15774780.000000 
22295846.000000 16988280.000000 
21773858.000000 18121744.000000 
21280820.000000 19412538.000000 
21233406.000000 19843088.000000 
21235592.000000 19840592.000000 
21360612.000000 19350556.000000 
21718508.000000 18285672.000000 
20003216.000000 22427250.000000 
22810846.000000 16864076.000000 
22829982.000000 16670578.000000 
25251500.000000 14741280.000000 
23847246.000000 15457426.000000 
24577388.000000 15438940.000000 
27825896.000000 13904268.000000 
20623856.000000 20844490.000000 

27517030.000000 15274190.000000 
20949578.000000 19710406.000000 
20690222.000000 20803950.000000 
20675972.000000 21010232.000000 
20231594.000000 21300930.000000 
20326670.000000 21082338.000000 
21145696.000000 19354898.000000 
21263328.000000 18936258.000000 
27200292.000000 15306828.000000 
21403570.000000 18835200.000000 
25322584.000000 15703686.000000 
23454338.000000 16181210.000000 
20727768.000000 20780230.000000 
19883112.000000 24558942.000000 
21182506.000000 19293118.000000 
20903266.000000 19968332.000000 
21069540.000000 19595632.000000 
20921358.000000 19913708.000000 
19970740.000000 22264032.000000 
22183334.000000 17296748.000000 
27748128.000000 14810866.000000 
28663172.000000 14781762.000000 
27463046.000000 15294254.000000 
22483968.000000 17048738.000000 
24714642.000000 16160596.000000 
22278910.000000 17253438.000000 
21672382.000000 17532264.000000 
24926522.000000 15923334.000000 
25420154.000000 15350692.000000 
26356142.000000 15316296.000000 
25133956.000000 15836744.000000 
23155220.000000 16416244.000000 
22598532.000000 16932574.000000 
23338274.000000 16390508.000000 
22949228.000000 16660076.000000 

24995770.000000 15705206.000000 
19753660.000000 19404670.000000 
22752058.000000 16541994.000000 
19823760.000000 19187846.000000 
20073582.000000 19179292.000000 
21443084.000000 17325362.000000 
21281144.000000 17654428.000000 
20593748.000000 18103638.000000 
20489188.000000 18893556.000000 
20243850.000000 19173022.000000 
25113992.000000 15644698.000000 
24080568.000000 16414220.000000 
24650686.000000 16023054.000000 
20951258.000000 17944560.000000 
21239314.000000 17670564.000000 
23651552.000000 16531844.000000 
24178960.000000 16333624.000000 
19564020.000000 20384404.000000 
19589274.000000 20329646.000000 
19493464.000000 20543826.000000 
24138556.000000 16369522.000000 
26820146.000000 15500884.000000 

19504784.000000 22931802.000000 
19396804.000000 23025264.000000 
23933148.000000 16157768.000000 
24700816.000000 16056470.000000 
24531822.000000 16151518.000000 
20544662.000000 17847244.000000 
21056730.000000 17752106.000000 
22413854.000000 16632580.000000 
24715630.000000 16044774.000000 
25166062.000000 16023562.000000 
21108428.000000 17439292.000000 
19372386.000000 25064224.000000 
19747604.000000 18689276.000000 
20378436.000000 17889140.000000 
21762928.000000 17014298.000000 
21788334.000000 16670282.000000 
26182908.000000 15706510.000000 
25907968.000000 15951622.000000 
27549124.000000 15250460.000000 
26582156.000000 15568130.000000 
27513396.000000 15503692.000000 
27532636.000000 15276040.000000 
27529884.000000 15478112.000000 

21159346.000000 16827430.000000 
23004500.000000 16314982.000000 
22441432.000000 16488922.000000 
24130494.000000 15128362.000000 
23931804.000000 15463788.000000 
27561542.000000 14865570.000000 
24234396.000000 14977098.000000 
25637070.000000 14887368.000000 
23022832.000000 15868900.000000 
23565604.000000 15622242.000000 
27563278.000000 14834042.000000 

21662236.000000 17771058.000000 
19763188.000000 22338700.000000 
19747766.000000 22456922.000000 
21759106.000000 16952168.000000 
21837726.000000 16919286.000000 
19892086.000000 22186692.000000 
21963852.000000 16880680.000000 
21592568.000000 17996412.000000 
23236080.000000 16658412.000000 
26140304.000000 15629648.000000 
26202964.000000 15574626.000000 
19916728.000000 20123932.000000 
20321230.000000 18407494.000000 
19912822.000000 21574580.000000 
23481830.000000 16047008.000000 
25772036.000000 15735520.000000 
25788724.000000 15634466.000000 
23083606.000000 16791264.000000 
28346216.000000 15391190.000000 
24745006.000000 15827600.000000 

21212966.000000 19240034.000000 
20999392.000000 19265814.000000 
21842722.000000 18537752.000000 
20037230.000000 22918244.000000 
22084608.000000 17263872.000000 
22204298.000000 16840020.000000 
22271694.000000 16693024.000000 
20092824.000000 20776268.000000 
20485798.000000 19854930.000000 
21587104.000000 18785484.000000 
19720778.000000 24601392.000000 
19807964.000000 24567990.000000 
19660952.000000 25688306.000000 
22744674.000000 16484088.000000 
23466636.000000 15898576.000000 
23094138.000000 16108216.000000 
25167792.000000 15114000.000000 
25956070.000000 14753422.000000 
22919826.000000 16269102.000000 
24275686.000000 15866802.000000 
25519410.000000 14895456.000000 
23304718.000000 16060306.000000 
25845712.000000 14890226.000000 

23122284.000000 16595134.000000 
25322168.000000 14441002.000000 
25777528.000000 14388120.000000 
20540938.000000 20895812.000000 
20294880.000000 21850224.000000 
22376322.000000 18327194.000000 
21683470.000000 19711722.000000 
21676452.000000 20270432.000000 
24423602.000000 14943822.000000 
21865998.000000 18338230.000000 
22409804.000000 18025234.000000 
26490586.000000 14068274.000000 
26432098.000000 14200772.000000 
26669724.000000 13991284.000000 
26826772.000000 13933906.000000 
21771232.000000 18840822.000000 
22964444.000000 17617030.000000 
20244020.000000 22030298.000000 
25925512.000000 14369100.000000 
26416368.000000 14230036.000000 
19917316.000000 22367796.000000 
21484478.000000 20807690.000000 
27224894.000000 13581526.000000 
27140816.000000 13677584.000000 
23976798.000000 15417308.000000 
24308566.000000 15319270.000000 
26757394.000000 13957772.000000 
26910922.000000 13838104.000000 

19767972.000000 19609296.000000 
25190846.000000 16134044.000000 
21956126.000000 17084278.000000 
21217906.000000 17599904.000000 
20936944.000000 18026150.000000 
20681914.000000 18579642.000000 
24966620.000000 16307842.000000 
22244622.000000 16615748.000000 
26202216.000000 15081342.000000 
22232944.000000 16681678.000000 
20180716.000000 19338902.000000 
21324880.000000 17289900.000000 
20363460.000000 19181490.000000 
27441830.000000 14901886.000000 
25540822.000000 15297454.000000 
26216260.000000 15037732.000000 
25881354.000000 15138470.000000 
22515090.000000 16444166.000000 
22097898.000000 16936818.000000 
21814392.000000 17224600.000000 
29242498.000000 14419444.000000 
28729202.000000 14463910.000000 
28196028.000000 14888652.000000 
28399834.000000 14681408.000000 
28713520.000000 14491756.000000 
28340542.000000 14736852.000000 

19641502.000000 21051922.000000 
19616386.000000 21101620.000000 
19738936.000000 20418166.000000 
19347110.000000 22538450.000000 
20734118.000000 17554998.000000 
21772590.000000 17506998.000000 
22406364.000000 17037184.000000 
23062718.000000 15612244.000000 
24594138.000000 15237282.000000 
20026174.000000 18374360.000000 
20360630.000000 17643060.000000 
22014346.000000 17124398.000000 
22713170.000000 15614688.000000 
23804284.000000 15320640.000000 
23742824.000000 15521384.000000 
25855650.000000 15057610.000000 

19644752.000000 20130528.000000 
20580112.000000 19767746.000000 
21205094.000000 19442436.000000 
21512996.000000 19057756.000000 
21207240.000000 19130808.000000 
22488692.000000 18823592.000000 
22976216.000000 16713396.000000 
22780550.000000 16867300.000000 
23192798.000000 15591998.000000 
23141600.000000 15620294.000000 
25580338.000000 15460418.000000 
24365972.000000 15555556.000000 

26828300.000000 15899240.000000 
19473938.000000 20042198.000000 
19343630.000000 21314712.000000 
19714566.000000 19889270.000000 
19193422.000000 22245434.000000 
25515148.000000 16243884.000000 
19979050.000000 19601082.000000 
19839410.000000 19838612.000000 
21644438.000000 17700464.000000 
20960402.000000 17916002.000000 
20346418.000000 19432832.000000 
20484446.000000 19074374.000000 
22385626.000000 16978086.000000 
21787340.000000 17187306.000000 
20732874.000000 18136802.000000 
21726790.000000 17614848.000000 
25416120.000000 16607740.000000 
19431402.000000 20965664.000000 
23161288.000000 16795626.000000 
25487738.000000 16449898.000000 
25095480.000000 16765748.000000 
26103652.000000 16169278.000000 
27909372.000000 15651638.000000 
26123656.000000 16118968.000000 
25444332.000000 16462668.000000 
27891354.000000 15702104.000000 

19332564.000000 22308948.000000 
18967372.000000 22486566.000000 
18743706.000000 23607900.000000 
19827018.000000 19829324.000000 
19894924.000000 19653856.000000 
20150910.000000 17948236.000000 
20399520.000000 16854778.000000 
19741306.000000 20336242.000000 
19973226.000000 19441448.000000 
27242182.000000 15092030.000000 
26465200.000000 15112758.000000 
24136918.000000 16151962.000000 
24292044.000000 15990312.000000 
25999104.000000 15595280.000000 
22631708.000000 16336014.000000 
24003956.000000 16163958.000000 
25069058.000000 15608696.000000 
24988700.000000 15815650.000000 
26362836.000000 15357242.000000 

21866046.000000 18309754.000000 
21933426.000000 17292142.000000 
19007990.000000 21780326.000000 
19283938.000000 20671592.000000 
19125070.000000 20769320.000000 
20318520.000000 19573722.000000 
20420372.000000 19506528.000000 
21980832.000000 17246436.000000 
20887314.000000 18877542.000000 
20770146.000000 19360810.000000 
19688094.000000 20069074.000000 
22642776.000000 16941088.000000 
23484392.000000 16338470.000000 
23825040.000000 16179154.000000 
23363260.000000 16434480.000000 
22924776.000000 16822678.000000 
20772686.000000 19094518.000000 
21502580.000000 18398154.000000 
21149750.000000 18546886.000000 
24518572.000000 15378252.000000 
23009428.000000 16752680.000000 
19348680.000000 20324688.000000 
26200532.000000 14889396.000000 
25109282.000000 15072836.000000 
24034446.000000 15736710.000000 
23514866.000000 16244200.000000 
28977606.000000 14777394.000000 
23949750.000000 16004728.000000 
23307258.000000 16696394.000000 
28616314.000000 14799084.000000 
28791466.000000 14793574.000000 
28813214.000000 14791444.000000 

19802848.000000 19334302.000000 
19556170.000000 19668638.000000 
19638630.000000 19543656.000000 
20180830.000000 18963948.000000 
22303002.000000 17488434.000000 
22531264.000000 17269362.000000 
22421898.000000 17396954.000000 
19934848.000000 19159292.000000 
21092146.000000 17710880.000000 
20198558.000000 18534694.000000 
22005806.000000 17577260.000000 
25416616.000000 16349400.000000 
21302728.000000 17630002.000000 
20781046.000000 17963020.000000 
20307976.000000 18132690.000000 
21373214.000000 17626232.000000 
22275128.000000 17506990.000000 
20578624.000000 18097468.000000 
28610442.000000 16022414.000000 
25249770.000000 16509634.000000 
27662992.000000 16253394.000000 
23943890.000000 16844090.000000 
23036856.000000 17174532.000000 
25159946.000000 16544704.000000 
23938100.000000 16994422.000000 
28123362.000000 16043870.000000 
28047130.000000 16243546.000000 

