25873800.000000 15540802.000000 
21137654.000000 18308738.000000 
21626386.000000 17539668.000000 
25207404.000000 16045480.000000 
21951630.000000 16681186.000000 
27710462.000000 15395860.000000 
24485738.000000 16190228.000000 
25225276.000000 15972892.000000 
25603770.000000 15851688.000000 
23923096.000000 16517604.000000 
21774576.000000 17321630.000000 

26674188.000000 15401660.000000 
20547096.000000 20849666.000000 
20628076.000000 20533100.000000 
20831686.000000 19767940.000000 
23614224.000000 16743644.000000 
24865192.000000 15561714.000000 
23950096.000000 15965100.000000 
23450926.000000 16747968.000000 
20047072.000000 22636094.000000 
21588648.000000 18399626.000000 
21918354.000000 18158944.000000 
23245546.000000 16796926.000000 
22642274.000000 17124838.000000 
21080796.000000 18426232.000000 
20616214.000000 20809150.000000 
22441212.000000 17796540.000000 
22160052.000000 17892310.000000 
23424812.000000 16762912.000000 
25175584.000000 15512282.000000 
21594356.000000 18232994.000000 
25516512.000000 15490012.000000 
24675536.000000 15941432.000000 
22568568.000000 17719036.000000 
23933908.000000 16155154.000000 
27156650.000000 15380542.000000 

22177022.000000 16732100.000000 
20597436.000000 18466098.000000 
23294616.000000 16337108.000000 
23376034.000000 16300282.000000 
23484198.000000 16284642.000000 
22587664.000000 16389650.000000 
22703866.000000 16374830.000000 
22138708.000000 16755606.000000 
20175150.000000 18582318.000000 
29013140.000000 14399230.000000 
27237982.000000 14471894.000000 
28149896.000000 14419862.000000 
23582214.000000 15873398.000000 
23657152.000000 15543696.000000 
21206658.000000 18316152.000000 
21971030.000000 17100440.000000 
25268210.000000 15156540.000000 
21808040.000000 18289714.000000 
21918472.000000 18248090.000000 
19706020.000000 19017092.000000 
21127940.000000 18410022.000000 
19948492.000000 18883544.000000 
25300420.000000 15005120.000000 
26213844.000000 14867160.000000 

23377220.000000 16366116.000000 
25938536.000000 14122626.000000 
25840178.000000 14123364.000000 
25740292.000000 14529200.000000 
25024230.000000 14919058.000000 
21836996.000000 17814692.000000 
23628752.000000 16012368.000000 
23892674.000000 15327178.000000 
24184460.000000 15089334.000000 
23392186.000000 16332580.000000 
23876556.000000 15604430.000000 
21864038.000000 17747082.000000 
22170096.000000 17228088.000000 
22267172.000000 17047444.000000 
21208200.000000 18023310.000000 
21476468.000000 17938306.000000 
22651308.000000 16710428.000000 
22981330.000000 16368024.000000 
20875724.000000 18152786.000000 
20673442.000000 18400266.000000 
19426544.000000 18667222.000000 
19401870.000000 20504028.000000 
21144738.000000 18054154.000000 
19773230.000000 18524352.000000 
20817038.000000 18165788.000000 
22138940.000000 17570960.000000 

22700354.000000 17472456.000000 
20350734.000000 23319722.000000 
27820582.000000 15131374.000000 
28198020.000000 15009404.000000 
23290194.000000 17154570.000000 
26503518.000000 15668412.000000 
26391370.000000 15728606.000000 
21100536.000000 19154950.000000 
23205288.000000 17397542.000000 
25827194.000000 15762312.000000 
24482640.000000 16613776.000000 
21165892.000000 18764954.000000 
21986026.000000 17962440.000000 
20470064.000000 20523310.000000 
21399010.000000 18365690.000000 
25514134.000000 16101092.000000 
25500732.000000 16128248.000000 
22509176.000000 17606556.000000 
20988294.000000 19818264.000000 
25594942.000000 16046252.000000 
27439446.000000 15657264.000000 
20550110.000000 20449698.000000 
20356168.000000 20739186.000000 
23339086.000000 17116420.000000 
24502120.000000 16397312.000000 
23174040.000000 17472326.000000 
23823046.000000 16746086.000000 
23460764.000000 16951420.000000 
20582154.000000 19925546.000000 
25109956.000000 16143252.000000 
25051796.000000 16180674.000000 

23323226.000000 15960064.000000 
20585412.000000 19712078.000000 
20426796.000000 19867204.000000 
27248438.000000 14386930.000000 
25775602.000000 15125644.000000 
26518726.000000 14734780.000000 
26376608.000000 14771928.000000 
25942988.000000 14882108.000000 
25929004.000000 15101294.000000 
20737328.000000 18580424.000000 
20868848.000000 17562672.000000 
21048206.000000 17507656.000000 
21221512.000000 17121026.000000 
21404030.000000 17064650.000000 
22690320.000000 16482972.000000 
27446266.000000 13848930.000000 
25601114.000000 15145032.000000 
28136434.000000 13804346.000000 
26660696.000000 14508492.000000 
25307796.000000 15150054.000000 
23987722.000000 15901862.000000 
24664456.000000 15376820.000000 

21246264.000000 18663616.000000 
22236916.000000 18054930.000000 
21307984.000000 18423626.000000 
22004008.000000 18239110.000000 
27417790.000000 15718188.000000 
22600052.000000 16718574.000000 
24911282.000000 15749608.000000 
24712024.000000 15827328.000000 
22441824.000000 17865600.000000 
27421778.000000 15375966.000000 
23320016.000000 16585242.000000 
23460014.000000 16286968.000000 
21019150.000000 19401318.000000 
24303518.000000 16097130.000000 

25392926.000000 15464288.000000 
26507668.000000 14900268.000000 
20273542.000000 18451206.000000 
22659992.000000 15974272.000000 
22085742.000000 16199692.000000 
21499012.000000 16743092.000000 
21153268.000000 17913468.000000 
26085238.000000 15155588.000000 
25766472.000000 15196752.000000 
27739824.000000 14559842.000000 
23557686.000000 15672036.000000 
23387810.000000 15863284.000000 
21487280.000000 16920000.000000 
21473832.000000 17034158.000000 

25749776.000000 15142970.000000 
25727704.000000 15208606.000000 
21573678.000000 17116646.000000 
22424020.000000 16293028.000000 
21764482.000000 16579720.000000 
21011876.000000 18269728.000000 
24148260.000000 15914750.000000 
22801288.000000 16027678.000000 
20205916.000000 18752134.000000 
20150790.000000 20174340.000000 

25908360.000000 15937428.000000 
20472258.000000 20095990.000000 
20386110.000000 21031706.000000 
20194626.000000 21089930.000000 
22017378.000000 18905256.000000 
21076948.000000 19199496.000000 
22625374.000000 16750826.000000 
25709638.000000 16287352.000000 
21445682.000000 19041920.000000 
21118160.000000 19054630.000000 
21643456.000000 18922532.000000 
22335048.000000 17231186.000000 
21054700.000000 19543762.000000 
23830222.000000 16403820.000000 
22240500.000000 18846250.000000 
22706252.000000 16501514.000000 
22717430.000000 16475062.000000 
24513372.000000 16374994.000000 
26170612.000000 15605856.000000 

22727046.000000 15419622.000000 
20835720.000000 17082918.000000 
20645142.000000 17293800.000000 
21378866.000000 16109368.000000 
20639916.000000 17340654.000000 
20582544.000000 17496518.000000 
23809500.000000 14320172.000000 
23437620.000000 14428428.000000 
23111064.000000 14798304.000000 
26029048.000000 13717006.000000 
24557180.000000 14236618.000000 
25475440.000000 14181248.000000 
20008906.000000 19690318.000000 
19920888.000000 19884314.000000 
20891612.000000 16462722.000000 
22850134.000000 15410234.000000 
20545798.000000 18989834.000000 
21107258.000000 16257748.000000 
28594308.000000 13678874.000000 

21855276.000000 17033748.000000 
24642832.000000 14451622.000000 
25427688.000000 14348990.000000 
24555368.000000 14668482.000000 
23517076.000000 15560292.000000 
20941006.000000 17533444.000000 
20561724.000000 17723068.000000 
23944188.000000 15210608.000000 
24462040.000000 14979670.000000 
21823468.000000 17424214.000000 
22595100.000000 16802894.000000 
22186928.000000 16863916.000000 
24451558.000000 14986296.000000 
22945496.000000 15911296.000000 
26350564.000000 14193788.000000 
26410774.000000 13883664.000000 
26404386.000000 13906070.000000 
22656866.000000 16548266.000000 
24488376.000000 14935768.000000 
25569574.000000 14292908.000000 
22945396.000000 16536214.000000 
24273130.000000 15021600.000000 

29555858.000000 14824280.000000 
20099824.000000 19080168.000000 
23797914.000000 16658954.000000 
19549026.000000 19492636.000000 
23793620.000000 16829428.000000 
24101708.000000 16208400.000000 
20364674.000000 18393288.000000 
21402534.000000 17534772.000000 
21602624.000000 17116236.000000 
25356778.000000 15245330.000000 
20522676.000000 17990654.000000 
20812954.000000 17668006.000000 
20115892.000000 18675494.000000 
24226318.000000 15492960.000000 
23404284.000000 17078008.000000 
27171926.000000 14952880.000000 
26622304.000000 15091820.000000 

20364248.000000 18267636.000000 
23500110.000000 14982370.000000 
23748880.000000 14742646.000000 
23514036.000000 14934224.000000 
23087542.000000 15324154.000000 
23004554.000000 15653340.000000 
21653390.000000 17285074.000000 
21347482.000000 17311516.000000 
26473380.000000 14680280.000000 
20535396.000000 18260672.000000 
23321396.000000 15136524.000000 
22900464.000000 16627134.000000 
22633666.000000 16840274.000000 
22529720.000000 16910422.000000 
22412550.000000 17185406.000000 
27351198.000000 14327804.000000 
26964262.000000 14615504.000000 
22506818.000000 16981812.000000 
26953428.000000 14657112.000000 
26934124.000000 14673518.000000 

19790332.000000 21069378.000000 
21376874.000000 18575554.000000 
21371360.000000 19010116.000000 
20934074.000000 19141878.000000 
22848620.000000 16935716.000000 
22447472.000000 17398894.000000 
24297482.000000 14644290.000000 
26459514.000000 13988586.000000 
26051616.000000 14219354.000000 
22938696.000000 15484478.000000 
24329498.000000 14583448.000000 
25622766.000000 14323386.000000 
25632942.000000 14284992.000000 
22883182.000000 16318162.000000 
24576312.000000 14569884.000000 
20054816.000000 20321494.000000 
20305176.000000 20190966.000000 
20343946.000000 19655278.000000 
20912612.000000 19558836.000000 
25406878.000000 14430048.000000 
24152246.000000 14657504.000000 
23391526.000000 14841410.000000 
25199514.000000 14454024.000000 
21675486.000000 18448150.000000 
23907810.000000 14731282.000000 
22774470.000000 17149326.000000 
21373522.000000 18886780.000000 
23323320.000000 14857880.000000 
23062596.000000 15480376.000000 
22669084.000000 17379108.000000 
21712000.000000 17528462.000000 
22725294.000000 17309654.000000 

20668742.000000 20890964.000000 
25105824.000000 14442630.000000 
26903826.000000 13348938.000000 
22289928.000000 18324352.000000 
22771246.000000 16723140.000000 
25215302.000000 14186916.000000 
24542646.000000 15245102.000000 
23718382.000000 15965558.000000 
21027604.000000 19410386.000000 
21553694.000000 18367374.000000 
22295846.000000 16988280.000000 
22665780.000000 16783882.000000 
23472496.000000 16571536.000000 
20200440.000000 21340162.000000 
24412298.000000 15857100.000000 
20004786.000000 22324222.000000 
23196584.000000 16584718.000000 
20321792.000000 21069054.000000 
21016582.000000 20562706.000000 
22829982.000000 16670578.000000 
23503318.000000 16023314.000000 
24162684.000000 15922702.000000 
25808564.000000 13964470.000000 
20999142.000000 20734868.000000 

20354186.000000 21736506.000000 
22298814.000000 17020668.000000 
20855082.000000 21082480.000000 
20415626.000000 21644092.000000 
23155006.000000 16791600.000000 
22951062.000000 16832718.000000 
21808352.000000 17877732.000000 
20508602.000000 21244652.000000 
20828228.000000 21118730.000000 
22037406.000000 17825778.000000 
22155710.000000 17756524.000000 
21530680.000000 18398932.000000 
21322684.000000 18485070.000000 
21679808.000000 18348304.000000 
23663466.000000 16167858.000000 
23616862.000000 16448558.000000 
26433982.000000 15095680.000000 
27289894.000000 14873030.000000 
26520830.000000 15094940.000000 
23300368.000000 16456818.000000 
23178082.000000 16508752.000000 
28570678.000000 14536404.000000 
28711514.000000 14456938.000000 
25420154.000000 15350692.000000 
26684388.000000 14953392.000000 
24365096.000000 16034532.000000 
20983138.000000 19747060.000000 
21754428.000000 18346162.000000 
25806920.000000 15308454.000000 
26246808.000000 15285840.000000 
23678104.000000 16148826.000000 
24590738.000000 15637392.000000 
27811750.000000 14666158.000000 
27707030.000000 14695998.000000 

27609396.000000 15024120.000000 
23138668.000000 15683802.000000 
22796136.000000 15884002.000000 
22309650.000000 16795808.000000 
19823760.000000 19187846.000000 
20073582.000000 19179292.000000 
26218584.000000 15115946.000000 
21281144.000000 17654428.000000 
20593748.000000 18103638.000000 
24136218.000000 15243410.000000 
21443084.000000 17325362.000000 
21199030.000000 17668208.000000 

24853080.000000 15638020.000000 
25157686.000000 15544608.000000 
26229204.000000 15157950.000000 
27089558.000000 15122954.000000 
26115428.000000 15235094.000000 
19832246.000000 21922556.000000 
20961776.000000 18020058.000000 
23741712.000000 16054742.000000 
23525170.000000 16084732.000000 
21888078.000000 16920508.000000 
21964650.000000 16815900.000000 
21723464.000000 17163542.000000 
27482406.000000 14997188.000000 
24708412.000000 16003874.000000 
21105504.000000 17415966.000000 
21622188.000000 17307312.000000 
21056730.000000 17752106.000000 
21214602.000000 17379688.000000 
20478608.000000 18023980.000000 
20438370.000000 18247996.000000 
21762928.000000 17014298.000000 
22206836.000000 16612114.000000 
22510024.000000 16356112.000000 

23944570.000000 15345396.000000 
21938206.000000 17082846.000000 
25596292.000000 15295888.000000 
21087220.000000 18328080.000000 
21050240.000000 18958778.000000 
21125904.000000 17970366.000000 
22680382.000000 15786000.000000 
22105762.000000 16900650.000000 
21274846.000000 17848282.000000 
21185134.000000 17935202.000000 
22133774.000000 16582394.000000 
22783942.000000 15517772.000000 
21762390.000000 17329444.000000 
21750188.000000 17664462.000000 
21906630.000000 17292562.000000 

19747766.000000 22456922.000000 
23492290.000000 15726046.000000 
23207556.000000 15891842.000000 
27650670.000000 14964736.000000 
25038550.000000 15604884.000000 
27857598.000000 14780390.000000 
26608884.000000 15222460.000000 
25835600.000000 15476758.000000 
21394114.000000 18178650.000000 
23090062.000000 15893906.000000 
21355420.000000 18241544.000000 
20359164.000000 18376130.000000 
26251190.000000 15276606.000000 
26611760.000000 15167676.000000 
19916728.000000 20123932.000000 
20149078.000000 18386100.000000 
22651954.000000 16880958.000000 
22115112.000000 16896304.000000 
22055282.000000 17413270.000000 
21996386.000000 17852764.000000 
26141258.000000 15337234.000000 
25468812.000000 15499442.000000 
21189568.000000 18318456.000000 
22660770.000000 16685176.000000 
24373538.000000 15634586.000000 

25368424.000000 14955036.000000 
21114830.000000 20002168.000000 
22153524.000000 16663078.000000 
22192564.000000 16453336.000000 
21633030.000000 17378082.000000 
21590330.000000 19213020.000000 
26207714.000000 14727730.000000 
22816222.000000 16406502.000000 
19954408.000000 20483506.000000 
20527020.000000 20310674.000000 
24857610.000000 15268906.000000 
22884402.000000 16258274.000000 
25167792.000000 15114000.000000 
23466636.000000 15898576.000000 
23094138.000000 16108216.000000 
25956070.000000 14753422.000000 
24275686.000000 15866802.000000 
25519410.000000 14895456.000000 
23304718.000000 16060306.000000 
25845712.000000 14890226.000000 

22861778.000000 17897950.000000 
23499086.000000 17151262.000000 
20050118.000000 21353694.000000 
19981442.000000 21613642.000000 
20419130.000000 20524538.000000 
26008142.000000 14247866.000000 
23078458.000000 17688032.000000 
20036340.000000 21582998.000000 
20091806.000000 21228176.000000 
20113400.000000 20891870.000000 
21229436.000000 19148490.000000 
21232434.000000 18377060.000000 
22374648.000000 18162030.000000 
25284190.000000 14381446.000000 
23771088.000000 16907696.000000 
23825946.000000 16128370.000000 
25268924.000000 14702592.000000 
20613050.000000 19747888.000000 
20839830.000000 19474656.000000 
26843254.000000 13835708.000000 
26561360.000000 13997012.000000 
26457658.000000 14023032.000000 
26256708.000000 14054038.000000 
19140552.000000 22369694.000000 
19848044.000000 21733198.000000 
23968548.000000 14858080.000000 
23373652.000000 17516158.000000 
23608622.000000 17045458.000000 

25660718.000000 15087176.000000 
21179842.000000 17772228.000000 
21115980.000000 17811376.000000 
26324026.000000 14902910.000000 
25246730.000000 15760572.000000 
21642154.000000 16934774.000000 
21324880.000000 17289900.000000 
20530220.000000 18401852.000000 
22335608.000000 16718518.000000 
22763924.000000 15768960.000000 
20177572.000000 19640748.000000 
27969554.000000 14276590.000000 
26798392.000000 14806152.000000 
20519052.000000 19186332.000000 
20180716.000000 19338902.000000 
22999728.000000 15767390.000000 
25857454.000000 14980752.000000 
25540822.000000 15297454.000000 
27790952.000000 14746846.000000 
22515090.000000 16444166.000000 

19641502.000000 21051922.000000 
19847526.000000 20788638.000000 
19347110.000000 22538450.000000 
22357522.000000 16078378.000000 
20768262.000000 17709922.000000 
21432572.000000 16294398.000000 
21953996.000000 16280040.000000 
22916548.000000 15521008.000000 
26155926.000000 14994120.000000 
23660002.000000 15099104.000000 
22044090.000000 16080972.000000 
22518346.000000 15581888.000000 
20373268.000000 17797256.000000 
21077428.000000 16298340.000000 
21598852.000000 16283982.000000 
22561404.000000 15524950.000000 
20299094.000000 20626386.000000 
25855650.000000 15057610.000000 

19644752.000000 20130528.000000 
19645050.000000 19824554.000000 
23141946.000000 15867992.000000 
22671750.000000 17140320.000000 
19961346.000000 19810426.000000 
20578984.000000 19415854.000000 
20273228.000000 19488906.000000 
23700802.000000 15268378.000000 
22992538.000000 16459504.000000 
20996464.000000 17664358.000000 
22552850.000000 17383444.000000 
22038208.000000 17473096.000000 
22985912.000000 17132898.000000 

20343662.000000 24720362.000000 
20443552.000000 20538818.000000 
22533312.000000 16697864.000000 
20596588.000000 17713808.000000 
21256872.000000 16717548.000000 
20623138.000000 17098526.000000 
20990170.000000 16824946.000000 
21637518.000000 16713890.000000 
20380498.000000 20963694.000000 
22953670.000000 16339094.000000 
23865478.000000 15562978.000000 
23251408.000000 15859296.000000 
25062502.000000 15474712.000000 
23273412.000000 15604456.000000 

22417606.000000 16034744.000000 
21207826.000000 16585920.000000 
21321664.000000 16413872.000000 
22195722.000000 16135370.000000 
24651874.000000 15494768.000000 
27171014.000000 14810488.000000 
19894924.000000 19653856.000000 
19825620.000000 22675674.000000 
20150910.000000 17948236.000000 
20399520.000000 16854778.000000 
19973226.000000 19441448.000000 
29624592.000000 14793348.000000 
28887256.000000 14805522.000000 
26465200.000000 15112758.000000 
26079398.000000 15393702.000000 
23277974.000000 15962334.000000 
23575426.000000 15748198.000000 
24006698.000000 15624430.000000 
24347458.000000 15533170.000000 
19235546.000000 23004788.000000 
23371898.000000 15903896.000000 
23803024.000000 15725108.000000 
24144470.000000 15623378.000000 
24271566.000000 15595088.000000 
26145802.000000 15193476.000000 
26786306.000000 15035840.000000 
26693114.000000 15086776.000000 

22575222.000000 16469276.000000 
21492510.000000 17842264.000000 
25854252.000000 14872484.000000 
21427212.000000 18053392.000000 
20566638.000000 18579952.000000 
21045118.000000 18431014.000000 
27387128.000000 14674554.000000 
22789210.000000 16460788.000000 
21989074.000000 17572952.000000 
21994986.000000 16990200.000000 
22977096.000000 16273882.000000 
22314484.000000 16712260.000000 
26529714.000000 14851880.000000 
24616904.000000 15347730.000000 
23742668.000000 15868720.000000 
21815740.000000 17778578.000000 
19688094.000000 20069074.000000 
23429984.000000 16098808.000000 
24034446.000000 15736710.000000 
20136208.000000 19768712.000000 
21877500.000000 17618294.000000 
25001398.000000 15200416.000000 
25109282.000000 15072836.000000 
24398680.000000 15645874.000000 
24485138.000000 15492082.000000 
24518572.000000 15378252.000000 

23851490.000000 16521770.000000 
27234810.000000 15611314.000000 
22922386.000000 17192132.000000 
22927128.000000 17089624.000000 
22425104.000000 17263674.000000 
22133838.000000 17436758.000000 
22487370.000000 17254942.000000 
22295772.000000 17386638.000000 
20981600.000000 17637066.000000 
22355606.000000 17302050.000000 
20243310.000000 18954106.000000 
21538888.000000 17503558.000000 
20678608.000000 17968938.000000 
20578624.000000 18097468.000000 
22938974.000000 16880224.000000 
24830874.000000 16409838.000000 
25186406.000000 15745898.000000 
22637078.000000 17254614.000000 
21640606.000000 17464026.000000 
20947698.000000 17931714.000000 
20781046.000000 17963020.000000 
20307976.000000 18132690.000000 
20246574.000000 18543436.000000 
21093080.000000 17586044.000000 

