28199236.000000 14930452.000000 
29854512.000000 14851042.000000 
21137654.000000 18308738.000000 
26649120.000000 15459084.000000 
27038318.000000 15448666.000000 
23108942.000000 16349972.000000 
23691996.000000 16310610.000000 
25233530.000000 15918340.000000 
27693488.000000 15335544.000000 
21902460.000000 16857192.000000 
21774576.000000 17321630.000000 
24485738.000000 16190228.000000 
26059220.000000 15744604.000000 
20678288.000000 19192804.000000 
25603770.000000 15851688.000000 
21951630.000000 16681186.000000 
22100600.000000 16388706.000000 
22617892.000000 16374154.000000 
25990652.000000 15829370.000000 

24308674.000000 16201136.000000 
24845664.000000 15994232.000000 
21408878.000000 19037860.000000 
20831686.000000 19767940.000000 
20526920.000000 21435770.000000 
20213286.000000 23066890.000000 
23450926.000000 16747968.000000 
23614224.000000 16743644.000000 
26157492.000000 15188534.000000 
25408052.000000 15504704.000000 
22642274.000000 17124838.000000 
20346164.000000 21797254.000000 
24791110.000000 16195438.000000 
21578276.000000 18067080.000000 
21523106.000000 18491120.000000 
21520566.000000 18969270.000000 
22180854.000000 17857150.000000 
22433882.000000 17801958.000000 
23950392.000000 16462720.000000 
23983352.000000 16308426.000000 
22537926.000000 17743392.000000 
23317856.000000 16891782.000000 
21752642.000000 17984170.000000 
21075732.000000 19656008.000000 
20809808.000000 20300716.000000 
22568568.000000 17719036.000000 
21113428.000000 19611152.000000 
21146576.000000 19420474.000000 
20240620.000000 22808852.000000 
20327458.000000 22575874.000000 
23255240.000000 17003834.000000 
24025098.000000 16302284.000000 

26213844.000000 14867160.000000 
22865608.000000 16682082.000000 
22256480.000000 16739734.000000 
22138708.000000 16755606.000000 
20094150.000000 18662114.000000 
20175150.000000 18582318.000000 
25372158.000000 14907364.000000 
21971030.000000 17100440.000000 
26568512.000000 14789058.000000 
27135524.000000 14646856.000000 
27237982.000000 14471894.000000 
28173008.000000 14442218.000000 
24687020.000000 15547500.000000 
22891262.000000 16220872.000000 
25236176.000000 15136042.000000 
29013140.000000 14399230.000000 
26777232.000000 14777582.000000 
28341720.000000 14429374.000000 
21763482.000000 17657980.000000 
21118128.000000 17814334.000000 
20396262.000000 17882672.000000 
20038814.000000 18850560.000000 
19977352.000000 18865332.000000 
19754602.000000 19006470.000000 
19948492.000000 18883544.000000 
23913664.000000 15743306.000000 

25938536.000000 14122626.000000 
24930354.000000 15173788.000000 
25074004.000000 14949628.000000 
25840178.000000 14123364.000000 
24462906.000000 15429134.000000 
24126600.000000 15491838.000000 
23876556.000000 15604430.000000 
21864038.000000 17747082.000000 
22128022.000000 16968828.000000 
22092726.000000 17599424.000000 
21749328.000000 17790198.000000 
19995524.000000 20089920.000000 
21664510.000000 18080036.000000 
20353968.000000 18865906.000000 
24350296.000000 15457528.000000 
22607414.000000 15870234.000000 
20501524.000000 18819518.000000 
20574506.000000 18601868.000000 
25607710.000000 14868736.000000 
21135690.000000 18109778.000000 
20936324.000000 18392250.000000 
20239886.000000 18963116.000000 
20135542.000000 19244922.000000 
20045364.000000 19245778.000000 

26809178.000000 15664586.000000 
25324696.000000 15999490.000000 
28198020.000000 15009404.000000 
28630184.000000 14928280.000000 
23375828.000000 16951910.000000 
23269870.000000 17046252.000000 
26072960.000000 15756650.000000 
26391370.000000 15728606.000000 
23091170.000000 17275196.000000 
21678962.000000 18128702.000000 
21986026.000000 17962440.000000 
24279068.000000 16626836.000000 
23982306.000000 16670842.000000 
21265210.000000 18760598.000000 
20598076.000000 20332750.000000 
24363068.000000 16276708.000000 
21027954.000000 18967716.000000 
21399010.000000 18365690.000000 
23603236.000000 16880670.000000 
23622106.000000 16844348.000000 
21165892.000000 18764954.000000 
21990530.000000 17679004.000000 
20926432.000000 19744810.000000 
20053864.000000 20803162.000000 
19837690.000000 20807812.000000 
20085346.000000 20751126.000000 
20180168.000000 20515430.000000 
20550110.000000 20449698.000000 
27562624.000000 15568942.000000 
27321416.000000 15612044.000000 
27830754.000000 15254880.000000 
27580806.000000 15298058.000000 
25214236.000000 16095388.000000 
20918838.000000 19778296.000000 
22447560.000000 17644418.000000 
22697402.000000 17400964.000000 
23823046.000000 16746086.000000 
20776354.000000 20041116.000000 
24995630.000000 16162992.000000 
20948576.000000 19489174.000000 
22780994.000000 17357476.000000 
23418680.000000 16889670.000000 
26039094.000000 15798236.000000 
25109956.000000 16143252.000000 
20821888.000000 19922374.000000 

23323226.000000 15960064.000000 
20585412.000000 19712078.000000 
20426796.000000 19867204.000000 
21988642.000000 17803866.000000 
22141484.000000 17251498.000000 
26392058.000000 14609090.000000 
27248438.000000 14386930.000000 
25807746.000000 15074580.000000 
25091670.000000 15863670.000000 
25942988.000000 14882108.000000 
25283802.000000 15688380.000000 
22067354.000000 17322894.000000 
25445818.000000 15511070.000000 
23142190.000000 16678362.000000 
22722646.000000 16759084.000000 
23259716.000000 16541288.000000 
27446266.000000 13848930.000000 
25601114.000000 15145032.000000 
27371800.000000 14091236.000000 
27320508.000000 14102050.000000 
26150034.000000 14639696.000000 
28136434.000000 13804346.000000 
26660696.000000 14508492.000000 
21350184.000000 18200668.000000 
23987722.000000 15901862.000000 
21012110.000000 18281600.000000 
22529868.000000 17159568.000000 

23006296.000000 16778430.000000 
21645864.000000 17604068.000000 
27654384.000000 15611002.000000 
27729426.000000 15462540.000000 
27758286.000000 15392778.000000 
24303518.000000 16097130.000000 
21565494.000000 19096420.000000 
21313328.000000 19338264.000000 
23122670.000000 16765490.000000 
24838110.000000 15973358.000000 
23962640.000000 16255098.000000 
23442766.000000 16381216.000000 
23460014.000000 16286968.000000 
21019150.000000 19401318.000000 
26818348.000000 15691412.000000 

22603594.000000 16744510.000000 
25497576.000000 15490350.000000 
20843752.000000 18191564.000000 
20864824.000000 18061946.000000 
21656360.000000 16869994.000000 
20564782.000000 19330198.000000 
21331630.000000 17932758.000000 
23123638.000000 16425080.000000 
24422486.000000 15550290.000000 
22711848.000000 16458374.000000 
26085238.000000 15155588.000000 
25766472.000000 15196752.000000 
20160622.000000 21890442.000000 
23139982.000000 16403498.000000 
20262052.000000 20587366.000000 
23557686.000000 15672036.000000 
27567102.000000 14606672.000000 
23285134.000000 16383180.000000 
23387810.000000 15863284.000000 
26717996.000000 15133964.000000 
27331870.000000 15023424.000000 

27974192.000000 15055274.000000 
21771252.000000 16444310.000000 
21112766.000000 16891452.000000 
23536778.000000 16185856.000000 
19904888.000000 18083774.000000 
20136834.000000 17407976.000000 
25024038.000000 15795368.000000 
24190778.000000 15891258.000000 
20910686.000000 17082234.000000 
26720068.000000 15340932.000000 
26504454.000000 15378884.000000 
21962756.000000 16416254.000000 
22400378.000000 16215274.000000 
27366718.000000 15076072.000000 
19888164.000000 20342284.000000 

29375262.000000 15531162.000000 
24273158.000000 16338476.000000 
21355298.000000 19692646.000000 
20472258.000000 20095990.000000 
29761510.000000 15495886.000000 
20386110.000000 21031706.000000 
20194626.000000 21089930.000000 
26893684.000000 15811862.000000 
21992346.000000 18151344.000000 
22384332.000000 16858748.000000 
22894256.000000 16730912.000000 
27237008.000000 15701870.000000 
22625374.000000 16750826.000000 
21397678.000000 18815320.000000 
23830222.000000 16403820.000000 
23701932.000000 16635656.000000 
21296194.000000 19821732.000000 
22167494.000000 17691156.000000 
22335048.000000 17231186.000000 
25229002.000000 16003848.000000 
29098286.000000 15655756.000000 

22951330.000000 15919244.000000 
26155692.000000 13890486.000000 
23628062.000000 14564304.000000 
23638268.000000 14508336.000000 
25699730.000000 14175080.000000 
22967748.000000 15693804.000000 
22863758.000000 16034324.000000 
24557180.000000 14236618.000000 
23507170.000000 14904096.000000 
28594308.000000 13678874.000000 
20420808.000000 18768376.000000 
27090208.000000 13684348.000000 
25636010.000000 14199258.000000 
20211172.000000 22409430.000000 
20295856.000000 21685986.000000 
23532384.000000 14866966.000000 
21712004.000000 16134806.000000 
20650768.000000 18404520.000000 
20648074.000000 18632424.000000 
20681712.000000 16347432.000000 
22996260.000000 15313246.000000 
20147830.000000 23603050.000000 
23109312.000000 15009670.000000 
23563644.000000 14594666.000000 

20132512.000000 18154348.000000 
21855276.000000 17033748.000000 
22212224.000000 16936258.000000 
24582824.000000 14887314.000000 
20941006.000000 17533444.000000 
22945396.000000 16536214.000000 
23682632.000000 15579844.000000 
23043824.000000 16523668.000000 
23081312.000000 16314748.000000 
23220812.000000 16288054.000000 
23396242.000000 15872614.000000 
23588560.000000 15642536.000000 
24057896.000000 15568330.000000 
25569574.000000 14292908.000000 
25237060.000000 14547118.000000 
24185820.000000 15529692.000000 
26350564.000000 14193788.000000 
26410774.000000 13883664.000000 
26404386.000000 13906070.000000 
24338658.000000 15092402.000000 
24488376.000000 14935768.000000 
25228330.000000 14806724.000000 

24182302.000000 16034918.000000 
25356778.000000 15245330.000000 
25666892.000000 14976174.000000 
25689300.000000 14927442.000000 
24976660.000000 15787424.000000 
28809768.000000 14927438.000000 
29202280.000000 14684440.000000 
20352682.000000 18795368.000000 
20031536.000000 18988896.000000 
19999516.000000 19262058.000000 
21486986.000000 17266116.000000 
23938864.000000 16566848.000000 
24101708.000000 16208400.000000 
19568636.000000 20023488.000000 
20364674.000000 18393288.000000 
21180324.000000 17883930.000000 
21402534.000000 17534772.000000 
29180572.000000 14814562.000000 
21602624.000000 17116236.000000 
23524566.000000 16671960.000000 
23084482.000000 16698916.000000 
20522676.000000 17990654.000000 
24028942.000000 16447998.000000 

21908380.000000 17258060.000000 
23307874.000000 14885476.000000 
23748880.000000 14742646.000000 
23004554.000000 15653340.000000 
21653390.000000 17285074.000000 
21347482.000000 17311516.000000 
21184262.000000 17475024.000000 
23018764.000000 15541802.000000 
23002558.000000 16749900.000000 
20160024.000000 18190710.000000 
26127652.000000 14565274.000000 
20957210.000000 18001642.000000 
23087542.000000 15324154.000000 
22310724.000000 17034118.000000 
22633666.000000 16840274.000000 
22529720.000000 16910422.000000 
27033436.000000 14375686.000000 
22506818.000000 16981812.000000 

22551314.000000 17078840.000000 
21477844.000000 18929688.000000 
21371360.000000 19010116.000000 
20260066.000000 19974766.000000 
22412062.000000 17239586.000000 
26455142.000000 14086554.000000 
26406230.000000 14105258.000000 
24329498.000000 14583448.000000 
22748462.000000 16241386.000000 
21570132.000000 18321372.000000 
21799304.000000 18134402.000000 
24224800.000000 14663592.000000 
23907810.000000 14731282.000000 
25629836.000000 14155378.000000 
25131390.000000 14359782.000000 
25173014.000000 14346692.000000 
22165436.000000 17397058.000000 
23391526.000000 14841410.000000 
21539360.000000 18632394.000000 
20182146.000000 21538722.000000 
21910874.000000 18032872.000000 
23323320.000000 14857880.000000 
23062596.000000 15480376.000000 
21193574.000000 19750332.000000 

20355640.000000 21079754.000000 
21334520.000000 19916998.000000 
25535794.000000 14437728.000000 
20999160.000000 19924482.000000 
24844394.000000 14958634.000000 
26933830.000000 13579846.000000 
24542646.000000 15245102.000000 
25747542.000000 14291556.000000 
25744784.000000 14311408.000000 
25172440.000000 14625372.000000 
24823150.000000 15229090.000000 
25809784.000000 14278210.000000 
25047854.000000 14887932.000000 
23354450.000000 15597362.000000 
22908240.000000 16702158.000000 
23695364.000000 15497798.000000 
22665780.000000 16783882.000000 
22126932.000000 17364432.000000 
24980232.000000 14906622.000000 
18953400.000000 22312166.000000 
18978736.000000 21653380.000000 
19458860.000000 21456200.000000 
26988772.000000 13472698.000000 
25874668.000000 14090914.000000 
20635948.000000 20938920.000000 
21389372.000000 19473800.000000 

24935716.000000 15565916.000000 
25937550.000000 15273684.000000 
28646218.000000 14528736.000000 
23663466.000000 16167858.000000 
20575902.000000 21629562.000000 
25192584.000000 15444078.000000 
27625232.000000 14909582.000000 
24933490.000000 15777366.000000 
23073014.000000 16506066.000000 
21990698.000000 16663678.000000 
21921258.000000 16921410.000000 
25806920.000000 15308454.000000 
26433982.000000 15095680.000000 
29547496.000000 14515878.000000 
26684388.000000 14953392.000000 
28441208.000000 14573664.000000 
28530982.000000 14538492.000000 
21875458.000000 17572838.000000 
23454338.000000 16181210.000000 
23420772.000000 16401662.000000 
25420154.000000 15350692.000000 
21111212.000000 17739802.000000 
20401388.000000 22622784.000000 
20533470.000000 22475896.000000 
24558992.000000 15914388.000000 
24281008.000000 16023812.000000 
28570678.000000 14536404.000000 
20905180.000000 19688392.000000 
27811750.000000 14666158.000000 
27707030.000000 14695998.000000 

19875306.000000 19168588.000000 
22761342.000000 15825234.000000 
22523172.000000 16424792.000000 
22018694.000000 17641338.000000 
22354426.000000 17003728.000000 
22504514.000000 16605938.000000 
20593748.000000 18103638.000000 
27148078.000000 14725786.000000 
25628444.000000 14994540.000000 
24136218.000000 15243410.000000 
24019224.000000 15714486.000000 
21199030.000000 17668208.000000 
20951258.000000 17944560.000000 

27203060.000000 14994736.000000 
26248068.000000 15101236.000000 
24859828.000000 15805290.000000 
23986060.000000 15962978.000000 
24548608.000000 15907572.000000 
24952486.000000 15723170.000000 
25157686.000000 15544608.000000 
26229204.000000 15157950.000000 
20421862.000000 19519718.000000 
21964650.000000 16815900.000000 
22298218.000000 16573398.000000 
21443208.000000 17006656.000000 
21311520.000000 17190292.000000 
23933148.000000 16157768.000000 
20382198.000000 22220260.000000 
19891672.000000 24022656.000000 
20047050.000000 23655812.000000 
20665490.000000 17823434.000000 
21056730.000000 17752106.000000 
22363926.000000 16507910.000000 
21272608.000000 17651622.000000 
20478608.000000 18023980.000000 
19850738.000000 24718644.000000 
23044992.000000 16283584.000000 
22510024.000000 16356112.000000 

20591018.000000 22513128.000000 
21763156.000000 16968368.000000 
20709478.000000 18085288.000000 
21125904.000000 17970366.000000 
23004500.000000 16314982.000000 
22441432.000000 16488922.000000 
24130494.000000 15128362.000000 
27561542.000000 14865570.000000 
22133774.000000 16582394.000000 
24234396.000000 14977098.000000 
25637070.000000 14887368.000000 
21762390.000000 17329444.000000 
22898480.000000 16369644.000000 
23022832.000000 15868900.000000 
23744442.000000 15732234.000000 
21787748.000000 16843798.000000 
27563278.000000 14834042.000000 

23090062.000000 15893906.000000 
21963852.000000 16880680.000000 
27650670.000000 14964736.000000 
25426484.000000 15203512.000000 
25227246.000000 15367192.000000 
21346798.000000 17821826.000000 
21013582.000000 18121692.000000 
20359164.000000 18376130.000000 
20310702.000000 18543520.000000 
22687002.000000 16716288.000000 
20086072.000000 20135758.000000 
20321230.000000 18407494.000000 
19978598.000000 22245114.000000 
19989780.000000 20366400.000000 
20307728.000000 19508162.000000 
20138832.000000 19706778.000000 
21273452.000000 18007566.000000 
24120996.000000 15637474.000000 
26611760.000000 15167676.000000 
25085724.000000 15514936.000000 
24373538.000000 15634586.000000 

20745896.000000 20203448.000000 
20999392.000000 19265814.000000 
20734570.000000 21210968.000000 
20703814.000000 21609678.000000 
21762218.000000 17572450.000000 
24034034.000000 15607294.000000 
21671434.000000 18418340.000000 
20562872.000000 24129248.000000 
20637624.000000 21629464.000000 
26207714.000000 14727730.000000 
22226450.000000 16984648.000000 
22344026.000000 16614206.000000 
22411422.000000 16467210.000000 
22271694.000000 16693024.000000 
20969000.000000 20072682.000000 
25200592.000000 15068270.000000 
19835548.000000 24396494.000000 
19720988.000000 24787894.000000 
23928456.000000 15747502.000000 
25098388.000000 15428324.000000 
25167792.000000 15114000.000000 
23094138.000000 16108216.000000 
23466636.000000 15898576.000000 
25956070.000000 14753422.000000 
22919826.000000 16269102.000000 
25519410.000000 14895456.000000 
23304718.000000 16060306.000000 
25845712.000000 14890226.000000 

18805332.000000 23199870.000000 
24346302.000000 16052550.000000 
20101328.000000 19936054.000000 
22016508.000000 17953380.000000 
20095098.000000 21301188.000000 
20053172.000000 21411108.000000 
26008142.000000 14247866.000000 
19233682.000000 22317478.000000 
20234536.000000 19555440.000000 
27144710.000000 13818878.000000 
27400876.000000 13687094.000000 
27538234.000000 13654646.000000 
26416368.000000 14230036.000000 
26547854.000000 14031032.000000 
22249334.000000 17426116.000000 
24423602.000000 14943822.000000 
25860890.000000 14426566.000000 
19608690.000000 21909046.000000 
24335698.000000 16078558.000000 
21232434.000000 18377060.000000 
25514510.000000 14551770.000000 
19140552.000000 22369694.000000 
19848044.000000 21733198.000000 
26432098.000000 14200772.000000 
23825946.000000 16128370.000000 
24616804.000000 14836584.000000 
20815674.000000 19253972.000000 
20366800.000000 19328864.000000 
26843254.000000 13835708.000000 
26769952.000000 13849312.000000 
25370566.000000 14585270.000000 
25307648.000000 14681120.000000 
24907002.000000 14694034.000000 
23122284.000000 16595134.000000 
25772658.000000 14491046.000000 
19288066.000000 22223964.000000 
19864024.000000 21444216.000000 

21199518.000000 18365784.000000 
19849676.000000 19910480.000000 
19623880.000000 22763070.000000 
20145342.000000 19046116.000000 
22805962.000000 16375808.000000 
23644088.000000 15736734.000000 
25660718.000000 15087176.000000 
21263046.000000 18293308.000000 
21315018.000000 17879612.000000 
27966730.000000 14499428.000000 
20941764.000000 19038040.000000 
22244622.000000 16615748.000000 
22153922.000000 16835122.000000 
20960332.000000 18450252.000000 
25442838.000000 15729578.000000 
28684172.000000 14302200.000000 
21642154.000000 16934774.000000 
21353026.000000 17561304.000000 
19937542.000000 19853066.000000 
22232944.000000 16681678.000000 
26324026.000000 14902910.000000 
29354252.000000 14087300.000000 
26938014.000000 14864910.000000 
22874880.000000 16186956.000000 
22999728.000000 15767390.000000 
27601546.000000 14816810.000000 
25857454.000000 14980752.000000 
22515090.000000 16444166.000000 

19847526.000000 20788638.000000 
19804154.000000 22317638.000000 
25773278.000000 15029624.000000 
20865952.000000 16778526.000000 
20399182.000000 18256962.000000 
20734118.000000 17554998.000000 
23062718.000000 15612244.000000 
20395228.000000 18778192.000000 
20142530.000000 20218738.000000 
20688190.000000 17922628.000000 
24594138.000000 15237282.000000 
26155926.000000 14994120.000000 
21787898.000000 16440192.000000 
22044090.000000 16080972.000000 
22698464.000000 15644478.000000 
25661102.000000 15223232.000000 
20187936.000000 19674232.000000 
24345282.000000 15353508.000000 
24341014.000000 15455696.000000 

19644752.000000 20130528.000000 
21205094.000000 19442436.000000 
20269878.000000 19805254.000000 
20273228.000000 19488906.000000 
21207240.000000 19130808.000000 
22870518.000000 16355098.000000 
23700802.000000 15268378.000000 
22903262.000000 16071554.000000 
19538948.000000 20351600.000000 
23381978.000000 16026110.000000 
22383518.000000 17296764.000000 
21982228.000000 18477598.000000 
21894326.000000 18703634.000000 
21997974.000000 18149636.000000 
23512480.000000 15939966.000000 

27048590.000000 15400056.000000 
20204594.000000 19630118.000000 
19473938.000000 20042198.000000 
27529250.000000 15392800.000000 
30119108.000000 15205296.000000 
20282112.000000 18002616.000000 
23989882.000000 16308014.000000 
27027050.000000 15445264.000000 
20983134.000000 16453344.000000 
20623138.000000 17098526.000000 
27695734.000000 15242380.000000 
24510950.000000 15947050.000000 
24521886.000000 15680126.000000 
24879728.000000 15567192.000000 
25888170.000000 15472190.000000 
24294744.000000 15958462.000000 
23710146.000000 16309188.000000 

21599744.000000 16423742.000000 
21207826.000000 16585920.000000 
22234320.000000 16295562.000000 
22330744.000000 15715946.000000 
27171014.000000 14810488.000000 
20016416.000000 19968984.000000 
19993692.000000 20286644.000000 
19847378.000000 22472052.000000 
20150910.000000 17948236.000000 
20399520.000000 16854778.000000 
20086364.000000 19780218.000000 
20122754.000000 19758076.000000 
19395970.000000 22743342.000000 
19914022.000000 21727536.000000 
21539944.000000 16441856.000000 
21682426.000000 16309160.000000 
25622560.000000 15248064.000000 
24223754.000000 15253752.000000 
23320206.000000 15263494.000000 
26465200.000000 15112758.000000 
18961154.000000 22912554.000000 
23203680.000000 15416442.000000 
19795776.000000 22735818.000000 
27839932.000000 14731286.000000 
26786306.000000 15035840.000000 

25528540.000000 14939134.000000 
25390680.000000 15035514.000000 
21259602.000000 17408732.000000 
25504638.000000 15032750.000000 
25067232.000000 15109586.000000 
23529888.000000 15510326.000000 
22953546.000000 15679146.000000 
22416824.000000 16097142.000000 
28331306.000000 14700130.000000 
20417068.000000 18710832.000000 
21174276.000000 18561566.000000 
19744990.000000 19623960.000000 
20290100.000000 18899024.000000 
19707960.000000 22535888.000000 
27942558.000000 14827610.000000 
26529714.000000 14851880.000000 
24917660.000000 15343836.000000 
23293586.000000 15677406.000000 
28268266.000000 14825794.000000 
22513850.000000 15986240.000000 
22226240.000000 16365600.000000 
21227878.000000 17701634.000000 
22022920.000000 17145440.000000 
22061116.000000 16698788.000000 
24518572.000000 15378252.000000 
19504844.000000 24088624.000000 
28606006.000000 14661056.000000 
21174536.000000 18463042.000000 
20533870.000000 18623308.000000 
25109282.000000 15072836.000000 
25001398.000000 15200416.000000 
26200532.000000 14889396.000000 

27376304.000000 15581498.000000 
25050868.000000 16357706.000000 
20781046.000000 17963020.000000 
20180830.000000 18963948.000000 
21093080.000000 17586044.000000 
22295844.000000 17293742.000000 
21538888.000000 17503558.000000 
23820196.000000 16680750.000000 
22487370.000000 17254942.000000 
20307976.000000 18132690.000000 
23851490.000000 16521770.000000 
24830874.000000 16409838.000000 
24407282.000000 16414852.000000 
28106508.000000 15508700.000000 
27244592.000000 15764388.000000 
26927228.000000 15872276.000000 
20198558.000000 18534694.000000 
20678608.000000 17968938.000000 
25492526.000000 15931790.000000 
22938974.000000 16880224.000000 
23703102.000000 16836182.000000 
25416616.000000 16349400.000000 
22665556.000000 17194484.000000 
20996230.000000 17661396.000000 
20819706.000000 17733192.000000 
21552142.000000 17342648.000000 
20578624.000000 18097468.000000 
27040154.000000 15787736.000000 

