9436 10015 
9397 10031 
10307 9057 
8999 10274 
10335 9022 
10362 8228 
10271 9071 
10165 9506 
9826 9669 
8685 10326 
9859 9571 
10149 9510 
10143 9553 
10166 9148 
9015 10247 
8663 10346 
8048 10408 
9204 10080 
8686 10308 
9472 9941 
8683 10336 
7933 10468 
8047 10426 
8316 10371 
9224 10070 
9572 9787 

9752 9598 
9694 9777 
9751 9616 
10209 8921 
9703 9661 
10208 8939 
9630 9849 
9688 9820 
9646 9822 
10326 8744 
9577 9894 
9561 9921 
9510 9971 
10202 8982 
10320 8787 
10278 8789 
10126 9156 
8922 10294 
9398 10047 
9808 9509 
9724 9633 
10239 8813 
9265 10157 
10119 9217 
10071 9262 
10099 9227 
9009 10230 
9834 9464 
10120 9199 
10051 9445 
9833 9482 
8427 10415 
9723 9651 
9807 9527 
9854 9454 
8749 10391 

9677 9905 
9698 9626 
8709 10310 
9645 9949 
10293 8834 
9639 9969 
8027 10419 
9623 9996 
10341 8789 
9581 9998 
10321 8799 
10206 9008 
9661 9932 
10363 8742 
10212 8965 
10142 9327 
9725 9609 
10134 9442 
10136 9370 
10188 9187 
9265 10157 
10041 9465 
10357 8785 
10364 8724 
9785 9527 
9746 9581 
10158 9323 
10172 9204 
9048 10259 
9833 9482 
8708 10328 
9805 9517 
10195 9126 
9697 9644 
8715 10267 
8494 10349 
8683 10336 
8165 10358 
8026 10437 

10359 8461 
10358 8479 
10135 9280 
10018 9450 
8984 10221 
10136 9262 
9731 9852 
10017 9468 
10129 9323 
9267 10111 
9815 9568 
10174 9044 
10247 8727 
10011 9511 
8977 10282 
8799 10359 
8983 10239 
9724 9913 
9682 9915 
10324 8557 
10352 8522 
8491 10383 
9969 9513 
9930 9537 
9854 9540 
10087 9325 
9296 9972 
10146 9079 
10268 8699 
8490 10401 
8427 10415 
9317 9944 
9281 9987 

8984 10221 
9296 10103 
8983 10239 
9577 9894 
9280 10130 
9768 9682 
9800 9642 
9309 10008 
10113 9327 
10093 9337 
10209 9251 
10170 9275 
10065 9372 
9615 9735 
8121 10419 
10336 8835 
8740 10322 
9208 10133 
9149 10165 
9836 9628 
9148 10183 
9128 10193 
9752 9709 
9772 9677 
9820 9632 
9791 9649 
10129 9323 
8977 10282 
8761 10294 
9561 9921 
9594 9763 
9902 9607 
10135 9280 
8440 10352 
9330 9980 
8494 10349 
8760 10312 
8120 10437 
8303 10407 
9387 9950 
9614 9753 

10324 9044 
8704 10342 
10140 9502 
10292 9088 
10195 9461 
10308 9071 
10198 9366 
10109 9592 
9928 9648 
10036 9633 
9802 9712 
9808 9692 
9824 9665 
9687 9756 
9461 9946 
9486 9790 
9096 10310 
8697 10403 
9240 10146 
9455 9989 
8427 10415 
9506 9780 
9266 9994 

9174 10078 
10142 9057 
9306 9961 
10078 9177 
10030 9222 
10065 9182 
8139 10419 
9606 9817 
10085 9160 
8851 10196 
8013 10486 
8842 10307 
8849 10246 
9457 9937 
9167 10139 
9996 9384 
10318 8479 
9968 9419 
9173 10096 
10017 9356 
8848 10264 
8850 10214 
9572 9822 
10016 9374 
9885 9545 
10178 9043 
10242 8559 
8019 10443 
9540 9862 
9891 9502 
9694 9695 
9687 9756 
9892 9484 
10212 8965 
10051 9194 
10206 9008 
10213 8947 
8440 10352 
10223 8770 
9198 9974 
10249 8498 
9709 9602 
8494 10349 
9326 9951 
10106 9132 
10037 9217 
10050 9212 
8138 10437 

10089 9416 
10114 9341 
10071 9542 
9998 9583 
9752 9598 
9595 9735 
9724 9633 
9751 9616 
10105 9399 
9097 10322 
10266 8640 
9703 9661 
9594 9753 
9588 9796 
9491 9855 
10014 9566 
9490 9873 
10074 9458 
9484 9916 
9560 9831 
10218 9158 
9276 10159 
9575 9824 
10316 8570 
10344 8535 
9456 9951 
8490 10401 
8427 10415 
9723 9651 
10286 8630 
10219 8727 

10153 9473 
10159 9453 
10121 9517 
9739 9739 
10102 9615 
9696 9814 
8804 10323 
8280 10436 
9832 9634 
9738 9757 
10264 8752 
9168 10280 
10244 8762 
8264 10440 
9668 9849 
10137 9500 
8803 10341 
8881 10316 
9732 9800 
9368 10122 
9577 9894 
10169 8918 
8216 10485 
8755 10386 
9096 10310 
9561 9921 
10280 8748 
10185 8882 
10296 8506 

8085 10465 
8929 10233 
10029 9524 
9345 10097 
9329 10124 
9579 9844 
10380 8980 
8835 10340 
9922 9592 
10325 9021 
10405 8905 
8101 10448 
10217 9055 
9577 9894 
10023 9567 
8922 10294 
8663 10346 
9660 9771 
10211 9098 
9653 9832 
9693 9629 
9561 9921 
9167 10139 
10069 9182 
9709 9602 

8966 10358 
10037 9546 
9302 10081 
10031 9589 
10071 9542 
10130 9310 
9976 9630 
9724 9750 
10015 9606 
9718 9770 
9740 9746 
9676 9827 
9712 9813 
9254 10126 
8983 10239 
9296 10124 
9696 9817 
9431 9896 
9318 10077 
8984 10221 
8977 10282 
9216 10161 
8894 10388 
9934 9632 
9648 9862 
9425 9939 
9352 10060 
9432 9878 
10180 8886 
10268 8699 

9441 9964 
9457 9937 
8853 10334 
9267 10111 
10114 9375 
10187 9334 
8439 10431 
9853 9636 
9904 9586 
9826 9669 
9993 9490 
8643 10335 
10037 9391 
10202 9112 
10372 8446 
9577 9894 
10204 8744 
9251 10138 
9167 10139 
9561 9921 
9873 9626 
9924 9576 
10420 8401 
10414 8444 
10241 8728 
10201 9130 
9583 9785 
9675 9682 
10261 8718 
10224 8734 
9590 9724 
9695 9672 
8642 10353 

9313 10105 
9285 10140 
9969 9513 
9930 9537 
10336 8835 
10129 9323 
10087 9325 
9579 9844 
9752 9598 
9724 9633 
10011 9511 
9372 10049 
9703 9661 
9751 9616 
9577 9894 
8935 10187 
8835 10441 
10051 9451 
9408 10035 
9561 9921 
9349 10091 
10017 9468 
9392 10039 
10135 9280 
10163 8921 
10140 9046 
8956 10159 
9242 10150 
8955 10177 
9723 9651 
10147 8981 
10170 8860 

10125 9289 
10193 9102 
10235 9045 
9579 9844 
8847 10369 
9754 9726 
9900 9593 
10161 9275 
10213 9092 
10165 9137 
9774 9716 
8365 10516 
9775 9698 
9499 10074 
9554 10033 
9510 10050 
10042 9589 
9494 10077 
10051 9451 
10336 8835 
9577 9894 
9561 9921 
10229 9088 
8669 10410 
9096 10310 
9726 9761 

8106 10541 
8263 10458 
10316 8570 
10205 9350 
9457 9937 
9922 9592 
10344 8535 
10009 9486 
9502 9817 
10277 9320 
9967 9488 
8112 10498 
8128 10494 
10289 8683 
9009 10283 
9097 10201 
9003 10326 
9025 10279 
10015 9443 
8683 10336 
9667 9705 
9106 10076 
9169 9964 
8303 10362 

9522 9937 
9563 9871 
9352 9958 
10241 9106 
10047 9418 
10219 9153 
10283 9104 
10134 9382 
10203 9346 
10173 9358 
10164 9370 
10092 9384 
8712 10392 
8714 10342 
10040 9479 
8697 10403 
10391 8237 
9311 10024 
10343 8282 
9167 10139 
10235 9126 
9350 10008 
9976 9528 
10413 8190 
9561 9921 
9859 9571 
9838 9602 
9998 9481 
10299 9077 
10407 8233 
8767 10187 
9723 9651 

10149 9031 
9800 9667 
8686 10308 
10165 9004 
9944 9565 
9788 9683 
9782 9726 
9402 10061 
9386 10088 
9945 9547 
8980 10298 
9857 9634 
9938 9608 
8925 10302 
9577 9894 
9640 9779 
9656 9752 
9896 9610 
9963 9533 
10102 9444 
10247 8727 
9267 10111 
8685 10326 
9251 10138 
9561 9921 
8611 10342 
9740 9728 
9068 10155 
10268 8699 
10105 9101 
10189 8729 
8592 10387 
10177 8790 

9724 9779 
9708 9783 
9296 9972 
9469 9881 
10128 9354 
10336 8835 
9058 10256 
10158 9157 
9227 9986 
10159 9139 
10091 9696 
10116 9621 
9030 10291 
9079 10228 
8979 10346 
9660 9828 
8086 10455 
9247 9976 
9317 9944 
9489 9871 

10220 9016 
9884 9616 
9856 9651 
9904 9606 
9501 9994 
10199 9216 
10179 9226 
9476 9995 
10215 9212 
9561 9921 
10324 8829 
9245 10022 
8699 10353 
10159 9276 
8658 10419 
10256 9002 
8697 10403 
8967 10183 
9577 9894 
9973 9543 
10078 9302 
10051 9445 
9871 9642 
9920 9602 
10240 9006 
8988 10155 
9051 10048 
8767 10187 
9667 9705 
8987 10173 

10227 9034 
9251 10138 
8532 10345 
9997 9526 
9705 9715 
10138 9229 
9267 10111 
10110 9264 
8853 10242 
9353 10025 
9510 9971 
8847 10285 
9337 10052 
10055 9487 
10094 9291 
9517 9910 
9922 9593 
10070 9485 
9036 10224 
9725 9705 
10122 9256 
10143 9228 
10221 9077 
10336 8835 
8475 10364 
8531 10363 

8079 10568 
8983 10239 
10120 9573 
10129 9323 
9276 10059 
9267 10111 
10095 9648 
9277 10041 
10135 9280 
9573 9985 
9653 9850 
9270 10102 
8977 10282 
9167 10234 
10266 8315 
10232 8591 
8440 10352 
9723 9651 
10140 8933 
10145 8847 
10201 8817 
8726 10325 

9629 9698 
9614 9786 
9628 9716 
9922 9572 
9661 9658 
9677 9654 
10199 9382 
10039 9519 
9296 9972 
9117 10167 
9921 9590 
9901 9600 
10143 9446 
10062 9472 
10375 8777 
10343 9157 
8977 10282 
8755 10386 
9586 9821 
9873 9635 
9697 9644 
9317 9944 
8427 10415 
9318 9883 
9489 9871 
9208 9988 

10335 8353 
10069 9563 
8077 10444 
9172 10064 
10151 9546 
10417 8336 
9834 9666 
9673 9688 
9850 9639 
10169 9395 
8533 10404 
9296 9972 
9666 9749 
9672 9706 
9892 9637 
9928 9633 
8144 10410 
9577 9894 
9561 9921 
8748 10392 
8984 10221 
10266 8640 
10178 9043 
10206 9008 
9193 10036 
8977 10282 
8983 10239 
9171 10065 
10286 8630 
9192 10054 
9317 9944 
9191 10055 
7933 10468 
8010 10458 

9724 9756 
9723 9774 
9717 9817 
9684 9839 
9733 9737 
9749 9733 
9920 9575 
8717 10348 
10220 9016 
10001 9465 
10035 9448 
9956 9561 
10017 9461 
9995 9508 
10051 9444 
10138 9299 
9653 9866 
10312 8378 
9267 10111 
9620 9888 
10256 9002 
10192 9051 
10240 9006 
9073 10251 
8531 10363 
10261 8718 
9317 9944 
10265 8435 

10320 8659 
9880 9479 
9624 9766 
10133 9072 
10142 9057 
9879 9497 
8755 10386 
10105 9107 
9873 9540 
9845 9575 
9687 9756 
9694 9695 
10212 8965 
10437 8641 
10096 9269 
10178 9043 
10213 8947 
8895 10323 
10058 9388 
10206 9008 
9073 10251 
10106 9089 
10154 9044 
9317 9944 
9266 9994 
9318 9883 
9224 10070 
9489 9871 
7873 10429 
7983 10417 
9084 10079 
9303 9983 

9251 10138 
9358 10031 
9397 10015 
9415 9938 
10318 9075 
8743 10394 
8984 10221 
8983 10239 
8541 10445 
9929 9707 
8697 10403 
8977 10282 
9923 9727 
10083 9407 
9907 9754 
10057 9429 
9267 10111 
9661 9772 
9455 9850 
9865 9756 
10110 9303 
10246 9105 
9654 9833 
10375 8777 
10122 9201 
9413 9988 
9454 9868 

8017 10535 
8053 10521 
8037 10525 
8922 10268 
9372 10049 
8889 10391 
9202 10247 
9218 10230 
9240 10183 
9392 10039 
9408 10035 
9633 9849 
9758 9772 
9800 9715 
9605 9884 
10042 9589 
10212 8965 
9730 9807 
8772 10409 
10336 8835 
9344 10084 
9653 9839 
10098 9335 
10206 9008 
9669 9835 
10158 9159 
10178 9149 
8894 10303 
10065 9395 
9794 9758 
9801 9697 
9826 9669 
9828 9600 
8427 10415 
8056 10452 
8071 10437 

10051 9194 
10322 8868 
10327 8843 
9251 10138 
10019 9579 
10086 9063 
9370 10067 
9561 9921 
9577 9894 
8726 10414 
8901 10261 
8947 10184 
9267 10111 
9726 9761 
10035 9552 
9828 9600 
8794 10304 
8940 10245 
10123 9059 
10144 9031 
10050 9212 
8942 10195 

10228 9118 
9518 10028 
10179 9181 
10340 8902 
10227 9136 
9599 10002 
9653 9757 
10000 9250 
8843 10111 
9204 10080 
10221 9179 
9738 9647 
9225 10052 
9758 9637 
8697 10403 
9979 9478 
9922 9592 
8454 10496 
9710 9682 
9759 9619 
9990 9271 
9989 9289 
9224 10070 
8863 10101 
8837 10209 
10038 9226 

9651 9659 
9457 9937 
9624 9676 
9677 9654 
9661 9658 
9616 9812 
9358 9939 
8543 10359 
9028 10119 
8913 10200 
8718 10240 
8892 10228 
9007 10147 
8983 10151 
8935 10196 
8686 10308 
8956 10168 
8711 10301 
8712 10283 
8912 10218 
8663 10346 
9905 9588 
9296 10103 
9885 9598 
9921 9584 
9927 9541 
10079 9366 
9976 9528 
9857 9633 
9998 9481 
10101 9319 
10040 9479 
8685 10326 
10047 9418 
10095 9362 
10102 9301 
10375 8777 
9211 10106 
10158 9157 
10138 9167 
10110 9202 
10159 9139 
9697 9644 
8683 10336 
9623 9694 
8412 10378 
8542 10377 
8961 10155 
8955 10186 
9027 10137 

