9780 9577 
9779 9595 
9786 9534 
9043 10138 
9042 10156 
9049 10095 
10292 8754 
10317 8650 
8942 10267 
8686 10308 
8685 10326 
9698 9626 
9697 9644 
10231 8954 
10247 8950 
9004 10192 
8944 10204 
10166 8994 
9375 9916 
9374 9934 
9435 9875 
9939 9415 
10010 9370 
9950 9382 
10055 9123 
10092 9091 
10071 9119 
10119 9074 
10091 9109 
9822 9505 
8048 10408 
9225 10052 
10014 9217 
9573 9769 
10336 8126 
9317 9944 
8683 10336 
9266 9994 
9835 9419 
9422 9879 
7933 10468 
8047 10426 
8316 10371 
9224 10070 
10013 9235 
9578 9659 
9572 9787 
10338 8076 

9212 10126 
8428 10397 
9027 10142 
9025 10279 
10314 8635 
10421 8383 
10372 8446 
9524 9863 
9724 9633 
9845 9575 
9473 9913 
10004 9371 
9962 9373 
9956 9416 
10273 8869 
8922 10294 
10120 9199 
10078 9201 
10071 9262 
10202 8982 
8835 10371 
9632 9712 
9630 9849 
9225 10052 
9398 10047 
9235 10048 
8427 10415 
9723 9651 
9854 9454 
9224 10070 
8749 10391 

10317 8650 
10291 8772 
8688 10338 
8709 10310 
8708 10328 
9214 10076 
10241 8853 
10231 8931 
8663 10346 
10206 9008 
10075 9258 
10090 9219 
10005 9359 
9957 9404 
9956 9422 
9677 9654 
9746 9581 
9698 9626 
9697 9644 
9785 9527 
9834 9464 
9833 9482 
9805 9517 
10336 8584 
9595 9919 
9296 9972 
9176 10081 
9245 10022 
9603 9750 
10195 9126 
10146 9189 
10050 9327 
8945 10248 
9050 10122 
9024 10244 
8879 10249 
8006 10447 
8027 10419 
8715 10267 
8494 10349 
9235 10048 
9854 9454 
9317 9944 
9266 9994 
8165 10358 
8026 10437 

9137 10058 
9130 10119 
9131 10101 
10278 8465 
10359 8461 
10277 8483 
8491 10383 
10063 9310 
10089 9188 
9361 9862 
9360 9880 
9956 9422 
9957 9404 
10005 9359 
9783 9509 
9782 9527 
8937 10147 
8931 10190 
8930 10208 
9176 10032 
9828 9438 
9822 9481 
9821 9499 
8799 10359 
8848 10296 
10133 9044 
9536 9752 
9510 9808 
9481 9861 
9482 9843 
9509 9826 
9576 9716 
9575 9734 
9282 9969 
9321 9898 
9626 9653 
9597 9706 
9598 9688 
9625 9671 
10268 8699 
8490 10401 
8427 10415 
9317 9944 
9709 9602 
9618 9678 
8932 10158 
9237 10002 
10144 9031 
9823 9449 
10132 9062 
10169 9001 
9496 9841 
9530 9798 
9281 9987 
9646 9643 

10194 8914 
9149 10165 
9148 10183 
10298 8443 
10318 8433 
10297 8461 
10290 8743 
10289 8761 
9229 10105 
9228 10123 
9487 9797 
9547 9785 
9486 9815 
10168 9213 
10064 9292 
10063 9310 
8931 10190 
8930 10208 
8761 10294 
8121 10419 
9865 9410 
9774 9540 
9726 9585 
9725 9603 
9745 9557 
9744 9575 
9856 9515 
9855 9533 
9615 9735 
9748 9542 
9699 9605 
9667 9666 
8440 10352 
10320 8383 
9330 9980 
8494 10349 
8760 10312 
9266 9994 
8120 10437 
9864 9428 
8303 10407 
9473 9862 
9387 9950 
9614 9753 
9666 9684 

10199 8855 
10193 8898 
10153 8900 
10274 8503 
8637 10286 
9923 9351 
9873 9555 
8616 10291 
8610 10334 
8609 10352 
8428 10397 
9800 9650 
10111 8924 
10110 8942 
10083 9223 
9992 9231 
9986 9274 
9985 9292 
10262 8700 
9641 9664 
9640 9682 
9511 9741 
9510 9759 
8543 10359 
9056 10175 
9049 10236 
9216 10131 
9507 9762 
9418 9923 
9349 9980 
8622 10288 
10288 8399 
8673 10251 
8427 10415 
10131 8914 
10261 8718 
9517 9698 
8542 10377 
9506 9780 
9266 9994 
9417 9941 
8903 10237 
8643 10260 

10217 8861 
8653 10330 
9151 10143 
9173 10096 
9215 10094 
9167 10139 
10213 8947 
10131 8969 
8839 10212 
10132 8963 
9690 9610 
9684 9653 
9683 9671 
9611 9700 
9858 9426 
9809 9489 
9425 9878 
9424 9896 
9640 9682 
8851 10196 
8796 10215 
8795 10233 
9838 9471 
9833 9482 
9805 9517 
8741 10248 
10292 8377 
10286 8420 
10285 8438 
9503 9796 
9559 9743 
9623 9694 
9575 9739 
9327 9933 
9922 9327 
9921 9345 
9994 9283 
10051 9194 
7997 10490 
8019 10443 
8061 10441 
8013 10486 
8139 10419 
8659 10287 
8440 10352 
10223 8770 
10249 8498 
9431 9835 
9709 9602 
9861 9393 
8494 10349 
9854 9454 
8655 10303 
10287 8388 
9502 9814 
9326 9951 
10106 9132 
10037 9217 
9993 9301 
10050 9212 
8138 10437 

8491 10383 
10318 8433 
10298 8443 
10297 8461 
9425 9878 
9424 9896 
9923 9403 
9904 9464 
9938 9401 
9982 9396 
9983 9378 
10028 9158 
9458 9814 
9724 9633 
9263 10084 
8990 10141 
8935 10182 
8916 10243 
8950 10180 
8741 10248 
10003 9366 
10287 8612 
9301 9948 
9295 9991 
9294 10009 
8724 10283 
8723 10301 
9507 9762 
10224 8716 
10218 8759 
10217 8777 
10189 8784 
10188 8802 
9530 9700 
9529 9732 
9528 9750 
9562 9694 
9513 9757 
9100 10086 
9778 9478 
9798 9468 
10020 9345 
10129 9086 
10171 9084 
10123 9129 
8490 10401 
10320 8383 
8427 10415 
9431 9835 
9723 9651 
10286 8630 
9506 9780 
9578 9659 
10219 8727 
10182 8956 
10183 8812 

9956 9314 
9941 9316 
9553 9705 
10329 8685 
10280 8748 
9547 9785 
9477 9789 
8988 10183 
9075 10114 
9056 10175 
9026 10177 
8987 10201 
9871 9372 
9913 9370 
9866 9383 
9865 9415 
9864 9433 
9746 9581 
9698 9626 
9697 9644 
9785 9560 
9849 9511 
9801 9556 
9917 9335 
10015 9240 
10014 9258 
9974 9297 
9975 9279 
9959 9299 
9154 10052 
8834 10242 
10103 8983 
10097 9026 
10096 9044 
10133 8945 
10132 8963 
8803 10341 
8755 10386 
9447 9877 
9328 9987 
9279 10050 
9280 10032 
9620 9695 
9590 9697 
7981 10450 
8169 10411 
8170 10393 
10153 8922 
10217 8873 
10169 8918 
9552 9723 
10185 8882 
9106 10076 
10098 8994 
9446 9895 
10073 9144 
7980 10468 

10206 9008 
10213 8947 
10164 9024 
10116 9069 
10122 9026 
10257 8867 
10277 8857 
10292 8855 
9526 9813 
9547 9785 
8855 10230 
8876 10202 
8875 10220 
8882 10159 
9215 10094 
9167 10139 
9173 10096 
10414 8321 
8663 10346 
9294 10016 
10005 9210 
10049 9192 
10070 9164 
9947 9525 
9955 9326 
9827 9563 
9245 10022 
8835 10340 
9604 9761 
9469 9881 
9618 9724 
9625 9663 
7967 10474 
7987 10464 
8101 10448 
8877 10170 
9315 9988 
10069 9182 
9317 9944 
9709 9602 
9489 9871 

10174 8929 
10063 9128 
10064 9110 
9841 9550 
9825 9554 
9746 9581 
9697 9644 
9698 9626 
9947 9525 
8972 10094 
8973 10076 
8937 10147 
8930 10208 
8931 10190 
10035 9281 
10042 9220 
8854 10253 
8847 10314 
8848 10296 
9248 10024 
9232 10027 
9321 9983 
9305 9986 
9116 10056 
9554 9798 
9378 9865 
9617 9784 
9624 9723 
9645 9718 
9629 9721 
9652 9656 
9710 9586 
8475 10364 
10085 9009 
10180 8886 
8494 10349 
10268 8699 
8993 10066 
8932 10158 
10069 9039 
8726 10325 
9329 9880 
9186 10052 
9266 9994 
9553 9816 
9448 9861 

10113 9040 
10106 9101 
10107 9083 
8711 10300 
9173 10096 
9174 10078 
9167 10139 
10134 8976 
10133 8994 
10262 8700 
9486 9815 
9547 9785 
9425 9878 
9424 9896 
10372 8446 
9924 9576 
9176 10032 
9873 9626 
9696 9654 
8643 10335 
10205 8755 
10156 8818 
10157 8800 
8446 10370 
8439 10431 
9971 9378 
9972 9360 
9356 9907 
9355 9925 
8837 10248 
10105 9127 
10098 9188 
10099 9170 
10044 9271 
10140 8933 
10261 8718 
9431 9835 
9317 9944 
10224 8734 
9237 10002 
9590 9724 
9695 9672 
8642 10353 
10177 8790 
10155 8820 

8830 10283 
8781 10346 
10103 9090 
8839 10212 
10119 9074 
10092 9091 
10140 9046 
10091 9109 
8956 10159 
9724 9633 
10290 8743 
10296 8700 
10289 8761 
10208 8787 
9486 9815 
9547 9785 
9957 9404 
10005 9359 
9956 9422 
9902 9492 
9950 9447 
9901 9510 
8485 10440 
8533 10395 
9371 9861 
9356 10030 
9307 10093 
10041 9233 
10089 9188 
10040 9251 
9449 9851 
10148 8963 
10164 8903 
10163 8921 
9114 10102 
8955 10177 
9723 9651 
9370 9879 
10147 8981 
10170 8860 

9728 9624 
9679 9687 
9680 9669 
10118 9063 
10182 9014 
10140 9016 
10134 9059 
10005 9359 
9956 9422 
9957 9404 
8319 10424 
8318 10442 
10296 8700 
10208 8787 
10289 8761 
10290 8743 
9746 9581 
9697 9644 
9698 9626 
9825 9554 
9889 9505 
9847 9507 
9841 9550 
9616 9735 
9617 9717 
9355 9974 
9371 9970 
8669 10410 
9487 9797 
9486 9815 
9547 9785 
8823 10354 
9075 10114 
9050 10218 
9056 10175 
9049 10236 
9466 9844 
9464 9944 
9925 9475 
10050 9250 
10114 9201 
10072 9203 
10066 9246 
8086 10455 
9261 10039 
8011 10469 

10279 8504 
10298 8443 
10318 8433 
10297 8461 
8684 10318 
10262 8700 
9706 9634 
9046 10088 
9425 9878 
9424 9896 
9470 9758 
9469 9776 
9197 9929 
9149 9974 
9148 9992 
8988 10213 
10217 8861 
10169 8906 
10168 8924 
10046 9302 
10030 9306 
10155 9140 
8777 10247 
9875 9518 
9827 9563 
9833 9520 
9811 9567 
9969 9351 
9944 9455 
8105 10461 
8217 10366 
8216 10384 
8304 10344 
10320 8383 
8683 10336 
10261 8718 
9667 9705 
9106 10076 
9296 9912 
9431 9835 
9476 9715 
9169 9964 
8303 10362 

8543 10359 
9151 10143 
9173 10096 
9215 10094 
9167 10139 
8839 10212 
9524 9863 
9547 9785 
9724 9633 
8675 10334 
8682 10273 
10268 8986 
10118 9174 
10111 9195 
10096 9234 
9951 9407 
9952 9389 
10000 9344 
10015 9291 
10016 9273 
10024 9235 
10017 9256 
10002 9295 
9430 9977 
9838 9602 
9842 9599 
9859 9571 
9454 9869 
9453 9887 
9350 10008 
10343 8282 
10407 8233 
8542 10377 
9723 9651 

9216 10030 
8665 10336 
8685 10326 
8686 10308 
10247 8727 
10112 8973 
10132 8963 
10139 8902 
10133 8945 
8890 10209 
8910 10199 
8911 10181 
9110 10129 
9130 10119 
9137 10058 
9131 10101 
9874 9461 
9810 9506 
9868 9504 
10085 9111 
10106 9083 
9526 9813 
9547 9785 
9296 9972 
9779 9592 
10206 8805 
10226 8795 
10233 8734 
10227 8777 
8611 10342 
10203 8892 
9068 10155 
8777 10306 
8798 10278 
9302 9956 
9507 9908 
9740 9728 
9553 9751 
9554 9733 
9964 9407 
10032 9340 
10077 9329 
10057 9339 
9237 10002 
9247 9976 
10268 8699 
10134 8913 
10105 9101 
9317 9944 
8592 10387 
8804 10235 

8684 10318 
9698 9626 
9697 9644 
9176 10067 
9175 10085 
9784 9602 
9806 9555 
9800 9598 
9848 9553 
10082 9066 
10076 9109 
10075 9127 
8125 10384 
9248 9958 
10296 8700 
10208 8787 
10290 8743 
10289 8761 
10018 9242 
10017 9260 
10112 9065 
10063 9128 
9937 9483 
9978 9362 
9938 9401 
8741 10248 
8993 10225 
8992 10243 
9555 9773 
9658 9766 
9678 9687 
10144 9031 
8683 10336 
8086 10455 
9247 9976 
10024 9199 
9317 9944 
9489 9871 
9554 9791 

10274 8812 
10275 8730 
8638 10268 
10169 9120 
10120 9183 
9940 9420 
10004 9371 
9956 9416 
9455 9902 
9494 9831 
9348 9915 
9364 9911 
10287 8612 
9547 9785 
10030 9306 
10094 9257 
10046 9302 
8556 10337 
8555 10355 
10194 8914 
8786 10181 
8785 10199 
9285 9921 
9706 9634 
8988 10155 
9874 9510 
9825 9573 
9927 9451 
9926 9469 
9760 9617 
9776 9613 
8194 10358 
8673 10251 
9051 10048 
10286 8630 
9266 9994 
9667 9705 
8987 10173 
8043 10413 
8193 10376 

10296 8700 
10208 8787 
10289 8761 
10290 8743 
8532 10345 
9939 9383 
9955 9326 
9725 9705 
9473 9913 
9496 9835 
9885 9533 
9887 9396 
10054 9156 
10047 9217 
10048 9199 
9458 9924 
9214 10080 
10008 9231 
9794 9545 
9791 9649 
9300 9994 
8854 10224 
8853 10242 
8847 10285 
9013 10191 
8475 10364 
10297 8423 
10140 9103 
8531 10363 
9237 10002 
9317 9944 

10100 9073 
10116 9069 
9606 9776 
9607 9758 
10075 9127 
10118 9063 
10140 9016 
10134 9059 
10091 9109 
10092 9091 
9432 9840 
9802 9464 
9795 9525 
9797 9475 
9796 9507 
9137 10058 
9130 10119 
9131 10101 
9089 10149 
9090 10131 
10245 8343 
10233 8573 
9232 10054 
9272 9965 
8441 10334 
9401 9892 
9394 9953 
9411 9845 
9496 9802 
9724 9633 
10003 9445 
9483 9822 
9484 9804 
10202 8799 
10070 9167 
10040 9251 
10041 9233 
8727 10307 
7962 10507 
7978 10503 
8033 10462 
7993 10501 
8930 10208 
8931 10190 
9033 10173 
9003 10175 
9818 9447 
10266 8315 
10232 8591 
8440 10352 
9237 10002 
9723 9651 
10145 8847 
10201 8817 
8726 10325 
8893 10232 

10104 9274 
9697 9644 
9130 10119 
9131 10101 
8428 10397 
10295 8234 
10296 8216 
8930 10208 
8931 10190 
10226 8795 
10227 8777 
10280 8748 
8755 10386 
10166 8994 
10117 9057 
10118 9039 
9873 9635 
9973 9506 
9989 9502 
9548 9773 
9209 9970 
9117 10167 
9317 9944 
8427 10415 
9318 9883 
9489 9871 
8762 10220 
9600 9751 
9609 9743 
9208 9988 

9907 9572 
10287 8612 
8709 10310 
8708 10328 
9959 9257 
9425 9878 
9424 9896 
8750 10255 
8662 10342 
9826 9624 
9957 9404 
9956 9422 
8839 10212 
9237 9994 
9231 10037 
9230 10055 
10213 8947 
9621 9625 
9620 9657 
9619 9675 
10233 8734 
10227 8777 
10226 8795 
8937 10147 
8931 10190 
8930 10208 
9608 9709 
9486 9815 
9547 9785 
10051 9194 
8077 10444 
8193 10347 
8151 10349 
8144 10410 
10370 8262 
10322 8307 
10286 8630 
8715 10267 
9431 9835 
8540 10343 
9240 9969 
9317 9944 
10144 9031 
8932 10158 
10050 9212 
7933 10468 
8010 10458 

10279 8337 
10281 8287 
10280 8319 
10286 8276 
10194 8914 
10145 8977 
10152 8916 
10146 8959 
8684 10307 
8685 10289 
8532 10345 
10262 8700 
10106 9083 
9909 9487 
9861 9532 
9177 10014 
9989 9356 
9940 9419 
9941 9401 
9916 9459 
9868 9504 
9337 9944 
9338 9926 
8741 10248 
8742 10230 
9075 10114 
9050 10218 
9056 10175 
9104 10015 
10196 8818 
10197 8800 
10266 8417 
9724 9756 
9675 9819 
10092 9207 
10043 9270 
10050 9209 
9691 9778 
9642 9841 
9738 9584 
9739 9566 
10288 8226 
8686 10257 
8531 10363 
10261 8718 
10105 9101 
9237 10002 
9344 9883 
8762 10220 
9103 10033 
10217 8790 
10265 8435 
9489 9871 

10341 8792 
10277 8857 
10292 8855 
10134 9054 
10133 9072 
10106 9089 
10105 9107 
10034 9229 
9658 9590 
9657 9644 
9651 9687 
9650 9705 
9847 9438 
9808 9509 
9678 9543 
10344 8475 
9056 10175 
9049 10236 
9075 10114 
8803 10341 
8755 10386 
9225 10052 
8871 10308 
10180 8906 
10160 8916 
10159 8934 
9513 9741 
9529 9737 
10070 9167 
10021 9230 
9970 9298 
10012 9296 
9963 9359 
9304 9965 
10154 9044 
9664 9547 
9807 9527 
9317 9944 
9266 9994 
9318 9883 
9224 10070 
9489 9871 
7873 10429 
7983 10417 
9084 10079 
9303 9983 

8491 10383 
10176 8914 
10215 8890 
10214 8908 
10092 9091 
10091 9109 
8697 10302 
10146 8959 
10145 8977 
10152 8916 
9765 9572 
9764 9590 
10280 8748 
8839 10212 
9527 9767 
9526 9785 
9873 9459 
9913 9370 
9176 10032 
9822 9481 
9821 9499 
9820 9542 
8931 10190 
8937 10147 
8930 10208 
10018 9336 
10020 9171 
9455 9850 
9454 9868 
10077 9129 
10117 9040 
9356 9907 
9355 9925 
8742 10230 
8741 10248 
10133 8994 
8534 10337 
8533 10355 
9383 9879 
9695 9619 
9674 9647 
9694 9637 
9135 10038 
9134 10056 
9579 9727 
9640 9697 
10019 9224 
10059 9135 
8490 10401 
9317 9944 
9237 10002 
8932 10158 
9461 9807 
9254 9954 
9709 9602 
8762 10220 
8535 10305 
8973 10058 

10178 9149 
9603 9822 
10290 8743 
10296 8700 
10289 8761 
9151 10161 
9167 10157 
9780 9577 
9786 9534 
9779 9595 
8848 10211 
8847 10229 
9099 10199 
9957 9404 
9956 9422 
9176 10032 
9314 9950 
9830 9463 
8428 10397 
9822 9481 
9821 9499 
10213 8947 
8770 10347 
9971 9269 
10052 9243 
10058 9200 
9970 9287 
10051 9261 
8671 10371 
10309 8052 
10308 8070 
9298 9992 
9346 9947 
9297 10010 
9752 9760 
7984 10453 
7942 10496 
7958 10492 
8072 10419 
8427 10415 
10315 8009 
7983 10471 
8056 10452 
8071 10437 

10086 9063 
9726 9761 
10241 8793 
10273 8693 
10251 8753 
10267 8736 
10123 9059 
9901 9510 
9881 9520 
9902 9492 
9526 9813 
9547 9785 
9830 9537 
9828 9600 
9110 10129 
9131 10101 
9130 10119 
10287 8612 
10303 8454 
10171 8949 
9370 10067 
9441 9889 
9462 9861 
9461 9879 
8654 10389 
8634 10399 
8655 10371 
9975 9445 
9981 9402 
9483 9828 
9482 9846 
9996 9259 
9995 9277 
10030 9222 
10051 9194 
8836 10246 
8866 10240 
8947 10184 
8813 10268 
8794 10304 
10144 9031 
10286 8630 
10302 8472 
10050 9212 
8887 10212 
8942 10195 

8556 10337 
8555 10355 
9471 9774 
9472 9756 
9452 9860 
9451 9942 
8675 10334 
9621 9698 
9600 9726 
9627 9655 
9620 9716 
10273 8869 
10300 8640 
10133 8945 
10139 8902 
10132 8963 
10128 9013 
10089 9084 
10109 9074 
9664 9590 
9663 9608 
9315 10087 
9341 10083 
10280 8795 
10296 8738 
9875 9518 
9833 9520 
9827 9563 
9913 9422 
9907 9465 
9906 9483 
9758 9578 
9933 9386 
9932 9404 
8186 10412 
8138 10457 
8433 10365 
8378 10406 
8393 10404 
8918 10183 
10017 9254 
9990 9271 
10018 9236 
9989 9289 
9982 9373 
9492 9746 
9622 9666 
10134 8913 
8837 10209 
10038 9226 

10351 8474 
9952 9389 
9951 9407 
10221 9041 
9590 9710 
9542 9755 
9541 9773 
10112 9065 
10064 9110 
10063 9128 
9425 9878 
9424 9896 
9746 9581 
9698 9626 
9697 9644 
9624 9676 
9881 9449 
9855 9571 
9205 10024 
10329 8685 
10280 8748 
8686 10308 
8685 10326 
8543 10359 
10055 9227 
10029 9349 
9395 9907 
8913 10200 
8912 10218 
8956 10168 
9028 10119 
9132 10065 
9164 10032 
9431 9835 
8683 10336 
10080 9067 
9623 9694 
8412 10378 
9266 9994 
8692 10265 
8542 10377 
9394 9925 
8961 10155 
8955 10186 
9027 10137 
9131 10083 

