19917 18448 
20076 17933 
19979 18424 
19921 18431 
17664 20578 
18748 19932 
16140 20859 
19438 19219 
19482 19206 
18771 19926 
19789 18651 
19539 19203 
19014 19680 
19571 19187 
19335 19267 
20133 17930 
18170 20234 
19340 19229 
19783 18747 
18164 20380 
18129 20381 
19151 19547 
19208 19544 
19119 19563 
19291 19280 
18804 19900 
18772 19916 
18203 20048 
18732 19955 
18516 20015 

19936 18550 
19937 18536 
19950 18527 
19099 19545 
19087 19585 
20160 17870 
20164 17846 
19669 18686 
19656 18695 
20014 18132 
19717 18647 
15837 20686 
19863 18584 
19516 19143 
19020 19602 
20036 18130 
19730 18611 
20172 17830 
19862 18598 
19471 19168 
19602 18703 
18846 19697 
20057 18090 
18256 20213 
19694 18666 
19129 19500 
18241 20265 
18224 20279 
19633 18701 
17529 20553 
19186 19497 
17731 20510 
18600 19828 
17768 20449 
20079 18088 
18877 19614 
18219 20323 
18573 19877 
19305 19198 
20093 18035 
18285 20095 
19292 19209 
19256 19249 
18346 20060 
18381 19997 
18736 19756 
19112 19509 
19323 19192 
19287 19232 
18622 19826 
19336 19181 
16818 20582 

20403 17422 
19882 18618 
20098 18144 
20367 17469 
20310 17472 
20075 18150 
19777 18704 
19883 18604 
19719 18721 
19944 18259 
19776 18718 
19918 18370 
19395 19254 
20145 18131 
18270 20335 
20020 18224 
19902 18583 
18058 20418 
19504 18936 
18768 19919 
19585 18729 
18315 20314 
18879 19789 
18332 20263 
18936 19768 
20001 18238 
18749 20012 
19790 18652 
20194 18105 
20212 18077 
20149 18107 
19580 18767 
19908 18512 
17705 20566 
19549 18784 
17737 20500 
19499 19033 
19494 19071 
19000 19380 
19109 19330 
15810 20628 
18978 19382 

19130 19638 
19073 19648 
20261 17641 
19041 19664 
20400 17208 
19837 18688 
20371 17227 
18226 20358 
18283 20355 
19072 19662 
19036 19702 
19888 18470 
19198 19485 
19365 19279 
19761 18705 
20046 18223 
19397 19213 
19818 18702 
19919 18387 
19949 18376 
19542 19055 
19402 19131 
20045 18269 
19199 19436 
18319 20308 
19913 18431 
19870 18498 
20079 18096 
19550 19039 
18748 19833 
18314 20339 
19671 18908 
19204 19354 
19506 19095 
19599 18988 
19586 18999 
17579 20480 
18717 19923 
20256 17685 
18350 20292 
18328 20301 
19167 19502 
17548 20497 
18354 20159 
19747 18891 
18757 19825 
17511 20551 
18712 19961 
19728 18905 
17530 20531 
18225 20372 
18743 19878 
19567 19004 
18721 19880 
19549 19053 
19554 19015 

18244 20226 
18209 20296 
19732 18678 
20088 18195 
18343 20160 
19804 18659 
19719 18703 
20173 17395 
19184 19405 
19966 18198 
20118 18187 
19762 18662 
19857 18637 
19870 18242 
18266 20224 
19683 18758 
19688 18720 
19668 18774 
19624 18787 
19448 18859 
19619 18825 
18419 19903 
19434 19133 
19116 19560 
18365 20156 
18450 19886 
20268 17370 
19243 19402 
19054 19584 
16710 20518 
17855 20499 
18301 20223 
19428 19229 
17860 20461 
18207 20356 
18316 20207 
18545 19861 
19084 19576 
18172 20357 
18338 20205 
17892 20445 
18407 19971 
18796 19814 
19927 18239 
17840 20515 
19743 18669 
16659 20589 
19333 19254 

15877 20633 
15842 20696 
19921 18538 
19719 18780 
19619 18902 
19888 18580 
18091 20430 
20126 18083 
19490 19099 
20035 18084 
20154 18057 
19821 18660 
19920 18555 
19878 18620 
19885 18618 
19676 18862 
19011 19590 
19887 18594 
19041 19574 
19083 19571 
19084 19557 
19012 19576 
19290 19276 
18375 20204 
18792 19871 
18757 19872 
18534 20007 
18890 19720 
18881 19801 
17801 20581 
18457 20050 
19180 19442 
20135 18064 
18288 20407 
18368 20385 
18606 19988 
18452 20147 
19167 19453 
19851 18641 
19152 19469 
20196 18054 
18549 19991 
19250 19296 
19116 19509 
19165 19458 
19216 19387 
19115 19523 
19463 19108 
19288 19282 
18106 20414 
19375 19246 
19622 18870 
19683 18860 
18042 20481 
19399 19175 
19450 19119 
19215 19401 
19718 18797 
19414 19159 
15987 20624 
18447 20185 

20022 18332 
18310 20209 
19402 19243 
19824 18483 
19783 18620 
19814 18618 
20065 18290 
19819 18580 
20030 18291 
19723 18670 
19627 18930 
19596 18932 
19482 19107 
19250 19367 
19632 18892 
19475 19176 
19228 19393 
19513 19105 
19433 19241 
19249 19381 
19445 19201 
19401 19257 
19222 19489 
18867 19701 
18999 19520 
18916 19650 
18516 20015 
19663 18875 
19285 19326 
18182 20211 
20067 17232 
16625 20574 
18357 20050 
19286 19312 
18163 20293 
18340 20201 
17859 20342 
17526 20477 
17853 20438 
16588 20628 
20073 17080 

17903 20532 
16575 20586 
19822 18712 
19628 18946 
19177 19546 
19208 19544 
20182 17528 
20239 17525 
19770 18720 
19506 19326 
16023 20692 
19475 19328 
20096 17791 
15988 20755 
19865 18645 
19987 18584 
20153 17788 
17922 20456 
19151 19630 
19716 18941 
19624 18985 
18956 19782 
19685 18943 
19211 19388 
17953 20440 
18991 19781 
18375 20038 
16818 20582 
18453 19919 
18694 19902 
18721 19853 
18672 19904 
18637 19905 
16538 20640 
18418 19982 
18339 20093 
19213 19332 

18676 20040 
18641 20041 
19542 19073 
19777 18588 
19439 19114 
19530 19113 
19792 18572 
20249 17332 
19163 19244 
19062 19538 
17944 20327 
18785 19961 
19743 18669 
18829 19960 
19162 19258 
18842 19951 
17743 20493 
18677 19994 
19708 18732 
16856 20702 
16869 20693 
18271 20314 
19872 18220 
19152 19511 
20200 18161 
17724 20586 
18640 20055 
19849 18569 
19547 18991 
17939 20384 
17934 20422 
18406 20192 
18388 20246 
18888 19781 
19121 19528 
19583 18795 
18401 20237 
19026 19553 
19265 19196 
18994 19569 
19329 19129 
18356 20262 
19025 19567 
18953 19696 

18822 19812 
17326 20610 
18141 20360 
18885 19778 
18850 19779 
18244 20356 
18496 20029 
18461 20030 
18253 20275 
19711 18695 
19681 18720 
18456 20068 
19929 18220 
20232 17458 
20149 17810 
20092 17813 
20174 17465 
20197 17459 
19743 18290 
17383 20607 
19804 18255 
19986 18217 
19610 18875 
19667 18872 
18198 20357 
19418 19157 
16642 20753 
18897 19704 
19386 19223 
19175 19458 
19342 19236 
19280 19351 
19330 19276 
19337 19274 
19206 19406 
19405 19168 
19373 19234 
19174 19472 
19138 19512 
19990 18112 
18829 19810 
17874 20440 
18517 19977 

20160 17522 
19661 18906 
18147 20149 
16803 20698 
18791 19803 
19897 18641 
18827 19763 
18810 19785 
17488 20427 
19193 19533 
16767 20745 
17411 20619 
17429 20540 
17826 20224 
19124 19594 
18210 20079 
18657 19899 
20207 17399 
20066 17829 
18162 20118 
18516 20015 
18853 19700 
19572 18925 
20009 17832 
18161 20130 
18935 19635 
19181 19591 
19508 19093 
19507 19107 
19630 18908 
19456 19315 
19629 18922 
19367 19402 
20111 17573 
19424 19381 
19225 19517 
17452 20467 
17451 20481 
16710 20766 
19224 19531 
18992 19614 
16709 20780 
19455 19329 
19521 19041 
17790 20264 
18131 20219 
19920 18092 
17789 20278 

19406 19335 
19348 19442 
19732 18708 
19781 18657 
20199 17669 
19413 19247 
19354 19346 
19424 19235 
19412 19261 
19829 18557 
20194 17751 
19237 19591 
19890 18158 
20270 17544 
20077 18066 
20099 18064 
20193 17765 
19656 19009 
19886 18554 
19701 18725 
19714 18714 
19638 19058 
19674 19003 
19607 19060 
19655 19023 
19512 19230 
19606 19074 
19750 18674 
18576 20049 
17904 20563 
18607 19966 
19009 19744 
17954 20453 
18655 19927 
19019 19609 
17930 20518 
18606 19978 
19014 19706 
19925 18095 
18264 20370 
17881 20569 
18259 20415 
18278 20322 
16168 20601 

18821 19807 
19826 18656 
19795 18693 
19848 18593 
19766 18726 
19097 19699 
19897 18588 
20151 17849 
19547 19122 
19879 18591 
20001 18513 
19761 18783 
19177 19677 
19560 19086 
19730 18820 
19141 19698 
19377 19346 
19184 19394 
19480 19174 
19341 19361 
19537 19171 
19364 19355 
19477 19193 
19912 18532 
19969 18529 
20239 17844 
19464 19264 
16625 20574 
18786 19808 
20006 18481 
19179 19451 
18616 19855 
19702 18821 
17808 20439 
18257 20171 
18288 20154 
18363 19946 
17736 20565 
17950 20422 
17793 20562 
18252 20209 
17865 20436 
18400 19892 
16588 20628 
16606 20600 

18132 20394 
18777 19822 
19244 19315 
18163 20392 
17922 20456 
17120 20693 
19208 19370 
18744 19949 
19637 18859 
19450 19104 
19433 19241 
18692 19957 
18418 20053 
18417 20067 
18771 19860 
17140 20599 
18485 19996 
17323 20518 
17372 20467 
18467 20002 
18454 20013 
19121 19507 
19949 18354 
19213 19332 
19176 19386 
20029 17879 
19021 19548 
18846 19697 
19401 19257 
20189 17707 
19151 19491 
17870 20464 
19078 19545 
17068 20701 
17354 20501 
18262 20175 
18877 19614 
19954 18257 
20167 17709 
20224 17706 
20024 17917 
19944 18392 
17067 20715 
19760 18723 
19671 18742 
19615 18923 
18789 19782 
19445 19201 

17848 20551 
20169 18159 
18274 20339 
18506 20099 
18759 19821 
19600 19049 
19752 18733 
19743 18752 
19936 18568 
20076 18184 
20133 18181 
19464 19282 
19419 19307 
19897 18641 
19532 19080 
19391 19384 
19564 19064 
19346 19409 
19037 19628 
18980 19649 
18248 20344 
18203 20415 
18564 20092 
19044 19535 
20190 18153 
19966 18534 
18235 20399 
19782 18699 
19621 19043 
18816 19818 
18572 19997 
18282 20329 
17793 20562 

17819 20617 
18516 20015 
19936 18141 
19306 19261 
19611 18795 
19857 18263 
19576 18858 
20119 18033 
19737 18489 
17987 20449 
17858 20531 
19934 18197 
19000 19668 
19057 19665 
19552 18964 
19886 18236 
20077 18066 
20099 18064 
18360 20346 
19063 19579 
20042 18067 
19399 19076 
19676 18524 
19508 18977 
19389 19211 
19120 19576 
19301 19299 
19503 19015 
19270 19316 
18690 19906 
17857 20545 
19261 19319 
20134 17994 
18008 20399 
17986 20463 
18414 20338 
17846 20596 
18255 20356 
18423 20257 
18524 19936 
19230 19336 
19655 18697 
19336 19236 
19759 18415 
19152 19560 
18875 19670 
18739 19855 
17889 20514 
17876 20525 
20135 17000 
15743 20622 

16679 20601 
18171 20194 
16644 20664 
19001 19683 
18566 20179 
18789 19873 
18039 20453 
18059 20431 
18228 20191 
18628 20155 
20230 17630 
18834 19837 
20033 18097 
19780 18703 
20092 18094 
18799 19838 
18091 20415 
19484 19127 
19433 19241 
20319 17619 
20122 18086 
20020 18259 
19989 18342 
17981 20581 
19790 18651 
15888 20698 
19207 19568 
19150 19571 
19472 19225 
19012 19622 
19423 19276 
19391 19292 
19475 19176 
19224 19531 
19487 18978 
19722 18722 
19994 18304 
20001 18302 

17527 20634 
19978 18527 
20241 17637 
20341 17205 
18783 19989 
20188 17733 
20117 17878 
19899 18641 
18239 20274 
17477 20686 
17472 20724 
20133 17870 
17509 20670 
18189 20326 
18295 20266 
18806 19983 
18238 20275 
20372 17203 
19203 19377 
19703 18913 
20058 17915 
17856 20509 
18989 19809 
19198 19415 
18958 19811 
20076 17881 
18314 20231 
18191 20313 
18214 20307 
17905 20458 
19046 19806 
19608 19110 
20039 17935 
17479 20673 
17861 20471 
18371 20228 
19204 19363 
18837 19981 
18854 19891 
19167 19432 
19348 19305 
19365 19270 
19448 19141 
19316 19321 
20381 17148 
19199 19401 
19461 19130 
19443 19179 
19352 19281 
19430 19213 
19168 19418 
19702 18927 
19383 19264 
19492 19128 
19493 19114 
19444 19165 
19396 19253 
19614 19014 
19734 18911 
19806 18648 
19613 19028 
20178 17868 
20183 17830 
19917 18573 
19984 18456 

19911 18039 
20183 17796 
19968 18036 
19380 19138 
19812 18617 
19375 19223 
19867 18073 
19794 18698 
19036 19579 
19886 18047 
19762 18714 
20103 17872 
20160 17869 
19781 18707 
20178 17841 
19749 18723 
18986 19676 
19018 19660 
19477 19097 
19726 18729 
19694 18973 
19490 19088 
19837 18098 
17789 20575 
18381 20108 
18564 19933 
19637 18983 
19650 18974 
18372 20189 
18773 19692 
19829 18192 
19813 18262 
16474 20598 
18621 19930 
18629 19799 
19343 19289 
18973 19685 
18950 19691 
19005 19669 
19445 19113 
17804 20238 
19077 19305 

20028 18210 
19995 18420 
20089 18194 
19378 19193 
19984 18474 
19695 18959 
17534 20496 
19617 19000 
19608 19070 
19618 18972 
19610 19002 
19640 18970 
19069 19435 
17279 20729 
18041 20429 
20132 17575 
20171 17522 
18990 19575 
19811 18671 
19059 19570 
18222 20107 
19320 19426 
17591 20493 
19377 19405 
18540 20025 
18058 20378 
18702 19660 
18960 19591 
18900 19648 
18625 19765 
18957 19645 
19061 19514 
18597 20004 
18686 19730 
18270 20068 

19230 19417 
19668 18992 
19611 18995 
19199 19507 
19143 19573 
19699 18772 
16602 20796 
18467 20114 
17849 20511 
16659 20786 
17861 20471 
17905 20458 
18328 20267 
19511 19085 
18436 20204 
19290 19265 
19479 19101 
19791 18509 
18354 20222 
19870 18387 
19339 19214 
18524 19936 
18920 19614 
19321 19248 
19848 18506 
20252 17389 
20138 17949 
19370 19197 
19155 19533 
19211 19467 
18882 19798 
17794 20533 
18887 19701 
18488 19991 
17856 20509 
18323 20305 
19733 18575 
19953 18013 

18726 19868 
19954 18250 
20194 17553 
20144 17593 
18687 19928 
18890 19754 
18682 19966 
20176 17577 
18721 19913 
19995 18114 
16859 20531 
20017 18112 
19433 19259 
18932 19640 
19419 19307 
18426 20017 
18989 19637 
18134 20445 
18077 20455 
19244 19315 
18307 20289 
19975 18198 
19208 19370 
19213 19332 
18694 19926 
18358 20088 
19445 19201 
19896 18257 
19176 19386 
19745 18564 
20106 18039 
20079 18088 
18736 19756 
18334 20268 
18411 20075 
18302 20334 
19475 19176 
19775 18539 
20057 18090 
19593 18789 

20220 17610 
19227 19549 
20185 17611 
19868 18641 
19222 19587 
19363 19351 
19259 19533 
19431 19280 
17755 20564 
19751 18899 
20162 17617 
20039 17897 
18841 20055 
18349 20451 
19746 18937 
19912 18585 
18831 20112 
18927 19669 
19795 18886 
19898 18633 
17738 20599 
20075 17842 
18774 20122 
19269 19391 
18434 20338 
18809 20121 
19412 19300 
17774 20544 
18962 19606 
19407 19338 
19440 19130 
18896 19686 
20058 17877 
18932 19631 

17151 20697 
18321 20433 
18356 20432 
18357 20412 
18389 20346 
20271 17157 
20306 17156 
19930 18572 
20014 18358 
19917 18581 
20209 17181 
20244 17180 
20187 17183 
19855 18605 
19956 18375 
17120 20714 
20013 18372 
19012 19896 
19026 19798 
19013 19807 
20042 18067 
20077 18066 
20099 18064 
19475 19328 
19730 18755 
19493 19249 
18985 19949 
19278 19356 
20248 17173 
18427 20200 
19630 18906 
19273 19413 
19725 18812 
20270 17171 
17169 20663 
19189 19437 
19916 18595 
19668 18815 
17539 20460 
18476 20149 
18450 20194 
18463 20185 

20172 18096 
19800 18603 
20140 18112 
20117 18118 
16816 20618 
19045 19722 
20164 18110 
20179 18094 
19428 19333 
19460 19267 
19117 19703 
19429 19284 
19918 18555 
19933 18539 
20074 18286 
19990 18536 
19140 19697 
19818 18569 
19590 19054 
19769 18620 
18786 19967 
18714 19986 
19494 19071 
18729 19977 
19464 19096 
16819 20586 
19302 19375 
19397 19350 
16538 20640 
17666 20483 
17710 20470 
17796 20336 
17792 20441 
18502 20302 
16505 20647 
18539 20248 
15842 20696 
18507 20264 

19658 19073 
19629 19095 
19628 19109 
19689 19071 
19870 18498 
20120 18080 
20119 18094 
19942 18403 
19184 19370 
19293 19147 
19722 18659 
19196 19299 
19771 18608 
19972 18387 
19770 18622 
19721 18673 
20131 18054 
20254 17499 
16679 20601 
19690 18675 
19726 18635 
19739 18624 
19153 19475 
16644 20664 
19858 18538 
19984 18347 
18317 20210 
19287 19243 
19292 19161 
18350 20116 
18345 20154 
18308 20291 
18877 19614 
18922 19558 
17852 20485 
18389 20100 
18736 19756 
18846 19697 
18453 19828 
18546 19792 
17856 20405 
18440 19839 

19430 19149 
19217 19356 
18251 20332 
16575 20586 
18287 20285 
18853 19629 
18826 19891 
18768 19940 
18804 19900 
18790 19938 
18313 20240 
19424 19245 
20148 18099 
19923 18437 
20178 18091 
17985 20459 
19825 18513 
18246 20370 
19949 18392 
18856 19581 
19211 19452 
19673 18827 
19900 18443 
17837 20579 
18250 20346 
19350 19335 
19874 18462 
17838 20565 
18034 20408 
19407 19332 
19637 18882 
20155 18097 
19793 18529 
19842 18478 
18021 20419 
17869 20513 
18282 20330 
18503 20009 
18502 20023 
19700 18661 

16575 20644 
17874 20609 
18410 20238 
18302 20452 
17934 20554 
18607 20023 
17859 20625 
17931 20606 
18359 20449 
18420 20103 
18592 20039 
18642 19960 
18760 19602 
19716 18941 
18680 19700 
19780 18874 
20247 18264 
20175 18283 
19201 19455 
19955 18666 
19472 19261 
19731 18925 
19925 18674 
19853 18693 
18609 19967 
19736 18887 
19193 19534 
19536 19194 
19191 19590 
19487 19245 
19284 19312 
18412 20182 
18752 19681 
19964 18414 
15842 20696 

19339 19325 
20186 18258 
20216 18250 
20045 18490 
19853 18693 
20180 18265 
19868 18677 
19955 18666 
19925 18674 
19719 18861 
19477 19233 
19411 19306 
19536 19070 
19447 19291 
19434 19300 
18515 19888 
19064 19675 
19095 19592 
19459 19267 
19186 19410 
19594 18951 
18139 20281 
17934 20554 
17904 20625 
18265 20239 
19729 18726 
19347 19315 
18939 19815 
18988 19764 
19320 19328 
19480 19109 
19587 18999 
18301 20074 
19141 19451 
19636 18948 
19572 19015 
18362 20039 
18397 19976 
18867 19834 
19315 19366 
19214 19378 
19156 19435 
19165 19429 
19195 19404 
19654 18920 
18298 20106 
18333 20043 

18421 20353 
19380 19263 
19365 19279 
19417 19209 
18661 20124 
16609 20596 
19805 18734 
16559 20675 
19757 18773 
17885 20532 
19251 19630 
17110 20586 
17687 20541 
18453 20337 
19086 19682 
20391 17717 
18991 19707 
19063 19688 
19118 19666 
19537 19186 
18149 20405 
20249 18386 
19905 18646 
19609 19167 
17939 20524 
18457 20306 
19977 18627 
20248 18400 
19976 18641 
19919 18644 
19904 18660 
19756 18785 
19741 18801 
19117 19680 
19726 18856 
16608 20610 
18452 20351 
18913 19806 
16558 20689 
17970 20434 
18489 20290 
17794 20533 
19608 19181 
19551 19184 
18161 20365 
18693 20108 
17686 20555 
18985 19787 
18987 19731 
17642 20568 

