19386 18840 
19384 18896 
19369 18914 
19370 18910 
16662 20480 
16634 20534 
16661 20485 
18408 19840 
18436 19789 
17503 20317 
17489 20357 
17475 20371 
17502 20322 
19515 18621 
18851 19445 
18898 19398 
18884 19438 
19582 18531 
19568 18545 
18726 19541 
18675 19612 
18710 19611 
19561 18602 
19882 17969 
20005 17724 
20020 17685 
20006 17699 
20033 17650 
19710 18308 
19231 19003 
19288 19000 
18253 19870 
18310 19867 
17301 20403 
19041 19281 
19098 19278 
19854 18063 
18207 19938 
18239 19922 
17732 20234 
19446 18742 
19715 18183 
17875 20155 
19391 18808 
17911 20121 
17953 20082 
19183 19040 
19865 18030 
19814 18101 
19849 18100 
18572 19714 
18610 19663 
18642 19650 
18607 19713 
19791 18124 
19700 18503 
19529 18612 
19566 18558 
19904 17879 
19906 17823 
19890 17893 
18178 19950 
18164 19964 
18040 20079 
20135 17189 
20121 17229 
20106 17268 
19747 18178 
19782 18177 
18448 19717 
18792 19481 
17929 20110 
19158 19154 
19162 19130 
19127 19193 
19436 18785 
19506 18623 
19504 18679 
19490 18693 
16538 20629 
16542 20541 
17220 20465 
19390 18822 
19157 19168 

19431 18748 
19411 18772 
19443 18708 
17432 20349 
16898 20553 
16927 20474 
19852 18132 
19909 18129 
19759 18397 
19762 18361 
19746 18431 
19952 17834 
19956 17821 
19935 17935 
19937 17915 
17776 20271 
17777 20246 
17912 20175 
20121 17086 
20133 17040 
20105 17094 
18776 19479 
18762 19493 
18747 19506 
16951 20442 
16933 20444 
19085 19234 
19058 19257 
18849 19386 
18906 19383 
18980 19337 
19773 18280 
19789 18218 
18314 19890 
18316 19873 
18180 20090 
18149 20092 
19519 18636 
19535 18628 
19618 18479 
19598 18503 
19583 18542 
19584 18517 
18601 19664 
18604 19655 
18638 19646 
18424 19806 
18392 19822 
19251 19052 
19238 19063 
18308 19899 
18273 19900 
18251 19902 
18328 19855 
18363 19854 
18101 20163 
19798 18187 
19573 18586 
19559 18600 
16465 20555 
19486 18687 
18449 19799 
18398 19808 
19979 17577 
20083 17522 
19647 18434 
18538 19688 
18498 19715 
18500 19698 
18726 19541 
18675 19612 
18710 19611 
17319 20413 
19407 18833 
19377 18858 
19326 18957 
19358 18951 
17825 20197 
17886 20187 
15859 20568 
15843 20638 
19149 19133 
19133 19203 
18992 19328 
19180 19068 
19165 19107 
19438 18746 
18803 19453 
18230 19920 
19282 19000 
19499 18676 
18818 19389 
15918 20560 

20147 17137 
19285 19068 
19663 18481 
19677 18467 
20095 17186 
16797 20530 
16812 20514 
19837 17978 
19886 17963 
19872 17977 
18675 19612 
18710 19611 
17526 20352 
17540 20245 
17575 20244 
19746 18431 
19762 18361 
19507 18682 
19481 18763 
19489 18684 
15780 20636 
15810 20628 
18739 19513 
18801 19489 
18858 19486 
18483 19712 
18487 19654 
19791 18202 
19806 18186 
19807 18132 
18259 19932 
18224 19933 
18202 19935 
19594 18486 
17351 20385 
17349 20441 
19773 18235 
19482 18702 
19538 18649 
19554 18595 
18492 19653 
18549 19650 
19915 17945 
19950 17944 
20082 17571 
20007 17816 
20039 17800 
20017 17808 
17870 20205 
18068 20144 
18114 20079 
18123 19988 
19588 18556 
18127 19968 
18475 19758 
18441 19809 
18457 19760 
18443 19774 
18978 19382 
19014 19327 
19374 18854 
19342 18870 
19386 18814 
19400 18800 
17016 20472 
16595 20595 
16630 20532 
16610 20556 
17539 20316 
19130 19152 
19160 19103 
19126 19193 
19089 19211 
19069 19271 
19083 19267 
19031 19281 
19303 18882 

19807 18194 
19791 18202 
19964 17785 
19999 17784 
16435 20603 
16465 20595 
16492 20546 
16504 20513 
16488 20583 
18822 19449 
18851 19445 
18105 20008 
18091 20022 
20132 17362 
19828 17981 
19907 17830 
19875 17920 
19894 17861 
19880 17875 
19843 17936 
19876 17916 
17426 20378 
17355 20426 
17369 20388 
19106 19153 
19092 19167 
17981 20138 
17996 20099 
18016 20075 
19668 18513 
19809 18131 
19824 18115 
19006 19270 
19036 19262 
18927 19399 
18954 19300 
18406 19848 
18525 19740 
18540 19724 
20209 16771 
20177 16861 
20178 16857 
20194 16787 
19238 19063 
19251 19052 
18025 20039 
18074 20024 
18060 20038 
17726 20275 
19143 19126 
19112 19128 
19608 18584 
19582 18629 
19677 18467 
19721 18359 
19686 18399 
19706 18375 
19532 18703 
18618 19686 
18563 19715 
18552 19720 
19430 18741 
18171 20004 
18247 19992 
20070 17523 
20105 17460 
19634 18581 
18363 19946 
18396 19939 
18398 19883 
18707 19508 
19680 18428 
19649 18514 
19321 18862 
19314 18919 
19689 18379 
19084 19258 
17576 20322 
17557 20330 
16740 20491 
16797 20463 
16865 20446 
16789 20484 
16851 20460 
19382 18803 
19396 18789 
19381 18817 
18411 19766 
19282 19000 

18299 19874 
18105 19986 
20050 17433 
20022 17487 
18060 20038 
17980 20072 
17994 20045 
18811 19439 
18796 19455 
18773 19461 
18747 19506 
18762 19493 
19871 18009 
19856 18061 
19406 18862 
19398 18938 
20007 17816 
20017 17808 
19992 17829 
19798 18187 
19782 18195 
19238 19063 
18091 20022 
17886 20187 
18838 19338 
18900 19337 
17668 20252 
17717 20250 
16959 20435 
16894 20446 
17912 20125 
17939 20076 
17895 20139 
18291 19929 
18278 19967 
18244 19976 
18429 19739 
18398 19825 
18614 19632 
19482 18771 
16227 20615 
19081 19302 
19130 19130 
19098 19146 
16627 20578 
17609 20317 
19584 18653 
19867 18019 
19852 18071 
17232 20414 
17175 20417 
17249 20339 
18529 19664 
18591 19640 
18578 19662 
19645 18460 
19610 18461 
19753 18246 
19823 18172 
19708 18360 
20105 17204 
20104 17209 
20077 17258 
18313 19860 
19692 18399 
19601 18493 
19586 18509 
16829 20500 
16841 20460 
16708 20513 
18803 19453 
19282 19000 
18421 19753 
18445 19715 
19593 18507 

19983 17694 
20015 17678 
19980 17841 
19036 19236 
19784 18080 
18522 19740 
19912 17935 
19855 17938 
19712 18447 
18220 19893 
18186 19918 
18185 19943 
18196 19910 
18357 19842 
18628 19697 
18613 19713 
19319 18964 
18816 19559 
18817 19505 
18782 19568 
19097 19186 
19847 17991 
19811 18046 
17576 20303 
18479 19757 
18456 19826 
19634 18581 
19577 18584 
19599 18582 
17922 20139 
17429 20429 
18114 20079 
18089 20094 
18316 19873 
19735 18394 
19700 18457 
19163 19087 
19757 18169 
20030 17654 
19101 19150 
19137 19103 
19102 19104 
19154 19089 
19139 19102 
20105 17460 
20070 17523 
19548 18633 
19532 18703 
17542 20349 
17606 20282 
17464 20360 
17498 20351 
19020 19263 
19051 19227 
19064 19207 
17859 20197 
17892 20176 
17853 20256 
17929 20102 
19238 19039 
19269 18987 
19244 19002 
19381 18817 
19382 18803 
18164 19964 
18978 19382 
19014 19327 
18933 19409 
16487 20607 
16531 20551 
19739 18272 
15841 20688 
15877 20633 
16992 20471 
17235 20438 
17160 20458 
19460 18759 
15987 20624 
17866 20195 

17390 20337 
17434 20281 
19782 18240 
19735 18287 
18874 19394 
18909 19393 
17095 20437 
17967 20134 
17974 20069 
18195 19915 
19396 18811 
17922 20139 
17828 20163 
19792 18102 
18286 19870 
18284 19890 
18262 19892 
19107 19201 
19075 19212 
18258 19893 
18226 19909 
20039 17800 
20025 17848 
18103 20035 
18014 20054 
18071 20051 
18049 20053 
18710 19611 
19885 18005 
19887 17983 
19871 18053 
18985 19227 
18971 19275 
19665 18504 
19390 18818 
19341 18876 
19352 18844 
18920 19344 
18919 19369 
18931 19312 
18570 19631 
18485 19688 
18542 19685 
18520 19687 
18792 19579 
18760 19595 
18361 19835 
18436 19789 
18376 19822 
18387 19790 
19335 18983 
19337 18961 
19321 19031 
18803 19405 
19409 18793 
19668 18401 
19608 18569 
17631 20232 
17725 20231 
19185 19085 
19723 18322 
19691 18338 
17073 20449 
16588 20628 
17448 20260 
17404 20316 
20067 17232 
17621 20253 
18447 19735 
17805 20196 
17773 20212 
19958 17883 
19926 17899 
19163 19087 
19119 19096 
19114 19162 
19489 18711 
19460 18790 
19504 18650 
19492 18690 
19536 18634 
18183 19977 
17235 20427 
17293 20378 
17325 20359 
18961 19304 
20073 17080 

19302 19024 
19303 18999 
19337 18961 
18342 19853 
18331 19885 
18380 19827 
18599 19715 
18614 19699 
18615 19645 
19919 17785 
19903 17855 
18880 19480 
18829 19551 
18864 19550 
19871 18079 
19842 18145 
19857 18093 
18886 19382 
17362 20319 
19143 19076 
18957 19295 
19014 19292 
17285 20400 
19689 18350 
19688 18368 
16797 20530 
16812 20514 
19677 18467 
19663 18481 
19679 18411 
19230 19042 
19228 19062 
19396 18833 
17576 20303 
17695 20215 
17649 20295 
17681 20265 
17774 20186 
17760 20200 
20130 17326 
20165 17325 
18919 19336 
18950 19303 
18920 19311 
17933 20116 
18245 19956 
18280 19893 
19041 19281 
19098 19278 
19701 18323 
19758 18320 
17791 20184 
17873 20159 
19462 18742 
19565 18673 
19567 18617 
19551 18723 
19139 19156 
19111 19170 
18040 20079 
16139 20629 
16154 20590 
16140 20604 
19766 18229 
19789 18218 
20018 17509 
20075 17506 
19761 18305 
16465 20555 
19910 17803 
20001 17578 
19970 17614 
18345 19828 
18398 19804 
18498 19751 
19585 18568 
16170 20583 
16203 20576 
16945 20493 
15913 20661 
18287 19891 

19766 18186 
19797 18100 
20053 17514 
20069 17506 
20119 17427 
20140 16685 
20156 16615 
19481 18654 
19513 18638 
19992 17829 
20007 17816 
20017 17808 
20020 17527 
19053 19297 
19084 19211 
19069 19227 
18401 19796 
17680 20235 
19359 18888 
19369 18802 
17947 20149 
16570 20516 
18615 19660 
19297 18905 
17969 20115 
18858 19486 
18739 19513 
18801 19489 
18664 19516 
17804 20176 
19872 17977 
19903 17891 
19888 17907 
18656 19566 
18553 19686 
18525 19740 
18540 19724 
18316 19873 
18343 19824 
18344 19819 
17986 20084 
17953 20141 
18968 19335 
18938 19343 
19807 18037 
19816 18029 
19851 18028 
16425 20587 
16460 20586 
19735 18352 
19697 18362 
16636 20487 
17393 20339 
17450 20329 
17481 20243 
18570 19663 
17316 20448 
17366 20369 
17351 20385 
19430 18756 
19461 18670 
18181 19965 
18238 19962 
18269 19876 
19288 19000 
19253 19001 
19231 19003 
17725 20201 
17760 20200 
18924 19399 
19197 19047 
20121 17103 
19635 18402 
19692 18399 
18068 20046 
18096 19992 
18073 20002 
19127 19192 
19176 19141 
19153 19147 
19551 18572 
19586 18509 
19563 18515 
19418 18778 
19449 18692 
19434 18708 
18416 19774 
19593 18507 

18103 20117 
18115 20060 
18138 20054 
16499 20576 
16537 20543 
16471 20630 
16486 20614 
19689 18199 
19658 18285 
19674 18215 
17896 20144 
17953 20141 
17760 20200 
19966 17917 
20016 17838 
19950 17925 
19392 18776 
19361 18862 
19263 18966 
19246 18980 
19248 18979 
20073 17495 
20108 17432 
20074 17470 
19309 18960 
19872 17977 
18741 19525 
18675 19612 
18726 19541 
18710 19611 
18542 19685 
18520 19687 
17489 20243 
17473 20313 
19798 18187 
19848 18108 
19782 18195 
17463 20342 
16928 20501 
18773 19461 
18747 19506 
18762 19493 
18796 19455 
17460 20343 
17429 20429 
18432 19733 
18447 19717 
18381 19804 
18416 19803 
18673 19641 
17749 20240 
19008 19290 
19094 19271 
19099 19201 
19135 19164 
20183 17146 
20152 17232 
20168 17162 
17856 20154 
17851 20198 
17852 20173 
19482 18771 
19532 18692 
19566 18609 
19600 18571 
19036 19272 
19023 19283 
19376 18815 
19348 18869 
19622 18378 
18148 19966 
19185 19054 
19216 19002 
18185 19939 
18235 19860 
18950 19410 
18994 19348 
17136 20484 
17215 20450 
17250 20449 
19669 18253 
19377 18792 
18803 19453 
18353 19853 
19607 18394 

20093 17310 
20077 17380 
20037 17419 
20038 17394 
20128 17047 
20112 17117 
17390 20337 
17434 20281 
19907 17877 
20108 17148 
20102 17187 
19368 18866 
18761 19527 
18762 19502 
18053 20081 
18018 20082 
19328 19075 
19822 18002 
19866 17946 
18614 19699 
18599 19715 
17933 20116 
19097 19277 
17248 20423 
18079 19976 
18095 19958 
18394 19854 
18436 19789 
18893 19381 
18675 19612 
18710 19611 
20024 17575 
19986 17585 
18103 19935 
18132 19931 
18061 19992 
19248 19133 
19460 18790 
18460 19757 
18462 19737 
17789 20278 
19762 18361 
19746 18431 
16549 20548 
18711 19534 
18217 19925 
16627 20545 
16656 20541 
18938 19376 
19628 18490 
19585 18521 
18633 19660 
18668 19659 
19338 18895 
19333 18939 
18812 19465 
18868 19412 
17317 20364 
17291 20409 
19177 19180 
19132 19220 
16832 20457 
16797 20520 
19449 18845 
19567 18617 
19551 18723 
19927 17724 
19820 18132 
19666 18489 
16423 20562 
18961 19304 

16168 20601 
16133 20602 
16393 20590 
16408 20574 
19350 18806 
18823 19477 
19343 18865 
19327 18935 
17685 20217 
17673 20302 
17638 20303 
19696 18397 
19649 18444 
19683 18435 
19905 17915 
19940 17852 
17348 20397 
17364 20327 
18726 19541 
18710 19611 
17791 20184 
17725 20201 
17760 20200 
17774 20186 
17393 20308 
19999 17784 
19964 17785 
16869 20442 
19052 19296 
19068 19226 
19282 18975 
19247 18976 
18409 19809 
18264 19913 
18278 19899 
18301 19895 
16521 20544 
16583 20520 
16533 20538 
18860 19421 
18874 19407 
18876 19351 
18982 19301 
18976 19336 
18031 20019 
17976 20119 
17990 20105 
18013 20094 
19234 19017 
18213 19947 
18180 19967 
19761 18305 
19704 18308 
19796 17995 
19798 17939 
18392 19822 
19778 18146 
19792 18132 
19794 18076 
20117 17233 
20152 17232 
20166 17218 
20168 17162 
20072 17438 
20058 17486 
20088 17368 
20086 17424 
19370 18797 
17853 20146 
20009 17583 
19180 19050 
19175 19116 
19179 19064 
19194 19036 
19513 18711 
19508 18777 
19527 18697 
18072 19990 
18039 20012 
18053 19998 
19075 19212 
19076 19166 
19099 19160 
18619 19697 
18446 19705 
18457 19704 
18418 19759 
18432 19745 
18255 19925 
18192 19951 
19629 18552 
19596 18574 
19539 18577 
16915 20434 
16858 20515 
16823 20516 
16576 20537 
16613 20519 
19805 17937 

19386 18840 
19384 18896 
19370 18910 
19964 17785 
19999 17784 
19079 19197 
19762 18361 
19746 18431 
18196 19967 
18253 19964 
19229 19049 
19202 19099 
19216 19051 
19201 19103 
19068 19212 
19112 19156 
19126 19142 
19111 19170 
17370 20358 
17609 20317 
18656 19566 
17873 20159 
19004 19219 
19321 19031 
19337 18961 
19719 18443 
19696 18449 
19684 18506 
18780 19525 
18993 19260 
18979 19274 
18858 19486 
18801 19489 
17805 20170 
17791 20184 
18614 19699 
18599 19715 
18615 19645 
17773 20250 
19561 18602 
18396 19939 
18363 19946 
18704 19534 
18703 19538 
18965 19343 
18973 19279 
16588 20628 
17103 20397 
17071 20401 
17014 20404 
19489 18711 
19460 18790 
19795 18270 
19840 18230 
20013 17571 
20047 17544 
20060 17390 
20025 17553 
20058 17446 
18064 20038 
17627 20282 
19600 18578 
19847 17909 
19916 17832 
19881 17895 
18040 20074 
18133 20001 
18542 19716 
17894 20111 
17929 20110 
18473 19718 
18457 19788 
18471 19774 
16952 20420 
16916 20524 

16883 20483 
16879 20502 
20094 17408 
20073 17458 
20119 17393 
20179 16957 
20163 17027 
19337 18961 
19321 19031 
17726 20275 
17613 20297 
19874 18130 
19852 18132 
19909 18129 
18381 19821 
18345 19883 
18330 19899 
18968 19335 
18762 19493 
18773 19461 
18607 19713 
18572 19714 
18642 19650 
19554 18571 
19475 18730 
19537 18706 
17760 20200 
19098 19278 
15842 20696 
15877 20633 
17791 20184 
19782 18240 
19735 18287 
18030 20069 
17957 20149 
18014 20139 
17609 20317 
17656 20276 
18616 19707 
18663 19510 
18647 19580 
18662 19528 
18673 19496 
18140 20014 
18182 19949 
20022 17487 
19665 18444 
19605 18570 
19649 18514 
18057 20031 
19937 17693 
19965 17583 
19949 17653 
18883 19395 
16560 20557 
16574 20509 
17438 20330 
17426 20348 
17276 20422 
17202 20428 
19081 19302 
19398 18938 
19433 18875 
19139 19156 
19111 19170 
19217 19091 
19134 19165 
17344 20380 
17357 20369 
19442 18745 
18427 19777 
18544 19726 
18474 19768 
18362 19827 
16915 20468 
18803 19453 
19960 17621 
18488 19752 

16974 20491 
16920 20506 
16907 20517 
18137 20023 
18128 20055 
20003 17639 
19975 17693 
19053 19171 
19073 19144 
17426 20378 
17369 20388 
18956 19325 
19774 18234 
19789 18218 
19841 18217 
18838 19420 
18868 19412 
18265 19982 
16574 20538 
16542 20554 
19298 19082 
18741 19581 
19335 18983 
19337 18961 
19321 19031 
16797 20530 
19869 17958 
19854 17974 
17656 20276 
17609 20317 
17294 20390 
19639 18470 
19627 18516 
19611 18524 
18523 19714 
18491 19730 
19529 18670 
19514 18686 
19472 18789 
19498 18756 
19262 19085 
19248 19133 
18871 19353 
18870 19357 
19398 18938 
18997 19232 
19027 19224 
17964 20065 
18008 20064 
19844 17991 
19842 18011 
19650 18468 
19682 18452 
19547 18582 
19535 18628 
19762 18361 
19746 18431 
18534 19690 
19580 18547 
19954 17709 
19947 17747 
19899 17850 
19952 17731 
19911 17832 
18129 20028 
18230 19984 
18141 20010 
16341 20571 
18950 19343 
18964 19295 
18994 19287 
18455 19797 
18423 19813 
18800 19511 
18774 19545 
18772 19565 
18595 19613 
18651 19599 
20117 17204 
20102 17220 
20060 17364 
20022 17374 
20089 17300 
20077 17346 
17956 20110 
17946 20146 
17728 20227 
17704 20249 
17741 20195 
17870 20160 
17900 20152 
17125 20483 
17204 20416 
17169 20417 
16226 20625 
16302 20613 
18374 19820 
20097 17258 

19821 18020 
19772 18084 
19773 18059 
19787 18045 
18514 19713 
19551 18604 
20107 17054 
16744 20561 
16709 20562 
20067 17428 
19568 18545 
20015 17714 
19999 17784 
19964 17785 
18074 20024 
18060 20038 
19261 18947 
19331 18799 
19332 18774 
18263 19934 
18285 19876 
18945 19369 
16901 20474 
16889 20520 
16873 20528 
17643 20243 
17641 20260 
17402 20340 
18361 19835 
18376 19822 
18390 19808 
18436 19789 
17922 20167 
17906 20237 
19733 18342 
19702 18425 
19731 18398 
18037 20076 
18027 20091 
17989 20142 
17990 20117 
18004 20103 
19501 18764 
18710 19611 
18675 19612 
18180 19963 
18170 19978 
18111 20006 
18125 19992 
18910 19405 
18863 19452 
18896 19445 
19139 19116 
18806 19551 
18813 19464 
19295 18939 
17590 20310 
17591 20285 
17605 20271 
19529 18612 
19566 18558 
19024 19318 
19311 18929 
19179 19054 
19208 18964 
19192 19034 
17229 20372 
17139 20409 
17215 20386 
17154 20396 
18511 19768 
19507 18673 
19110 19183 
19081 19262 
19096 19223 
18544 19706 
18619 19697 
18625 19690 
15993 20618 
16071 20612 
16104 20605 
20135 17000 
19327 18859 
15743 20622 

18224 19933 
18239 19917 
19139 19082 
19153 19068 
19321 19031 
18445 19805 
18423 19813 
17344 20380 
17357 20369 
17421 20357 
19577 18580 
19584 18493 
18754 19611 
18770 19541 
18719 19612 
19086 19288 
18607 19625 
18664 19615 
20103 17207 
20093 17242 
20088 17259 
20072 17329 
20087 17313 
19096 19103 
19090 19138 
17884 20142 
17855 20146 
17851 20198 
17725 20201 
17760 20200 
16547 20550 
16583 20520 
20181 16981 
18764 19551 
18544 19743 
18565 19693 
18570 19663 
19761 18305 
19704 18308 
19830 18181 
16784 20496 
16826 20470 
19856 18103 
19900 17943 
19864 17998 
19460 18747 
19488 18639 
17718 20218 
17712 20253 
20039 17800 
20025 17848 
17933 20116 
17624 20304 
17567 20307 
17258 20465 
18578 19644 
19381 18750 
19380 18755 
19377 18801 
19371 18836 
18922 19335 
18918 19342 
18908 19428 
19660 18435 
19690 18410 
19695 18372 
19616 18491 
19652 18461 
19360 18944 
19344 19014 
19175 19049 
19236 19039 
15889 20678 
15842 20696 
15875 20689 
16450 20589 
18344 19841 
18242 19862 
18029 20067 
18188 20057 
18223 19994 
18248 19853 
18407 19839 
19494 18604 

20176 16838 
20167 16857 
20214 16816 
20143 16894 
17248 20423 
20092 17358 
20102 17262 
18396 19872 
18447 19801 
18397 19818 
18361 19873 
19614 18566 
18983 19280 
19027 19224 
19384 18838 
19370 18852 
18754 19611 
18719 19612 
19283 18973 
19300 18901 
19217 19002 
19269 18987 
19987 17733 
17919 20104 
18100 19998 
18099 20002 
18140 19986 
18153 19977 
19298 18933 
19284 18947 
19940 18043 
19909 18129 
17460 20358 
17516 20305 
18224 19933 
18202 19935 
18259 19932 
16797 20530 
16812 20514 
19046 19192 
16638 20549 
16587 20620 
18918 19296 
19874 18133 
19819 18233 
19838 18140 
18074 20049 
18052 20051 
18089 20033 
19359 18888 
17843 20148 
17761 20158 
19655 18559 
19567 18648 
19604 18630 
18657 19634 
18607 19651 
18606 19705 
17734 20283 
17747 20165 
18903 19456 
18853 19473 
18837 19543 
18852 19527 
20089 17447 
16962 20455 
16963 20441 
20035 17560 
20052 17488 
20037 17504 
20021 17574 
19671 18369 
19656 18385 
19167 19085 
19116 19156 
19199 19016 
19185 19030 
19759 18244 
19743 18314 
19728 18366 
19505 18738 
19522 18666 
19465 18785 
19507 18682 
19491 18752 

17499 20341 
17904 20105 
19515 18691 
19599 18681 
19635 18529 
19604 18615 
18950 19320 
18780 19525 
19157 19020 
19141 19090 
19735 18241 
19750 18225 
19696 18252 
19681 18268 
19791 18202 
19807 18194 
19857 18115 
16425 20587 
16460 20586 
19215 19008 
18273 19900 
18700 19532 
18678 19534 
19387 18828 
18330 19899 
18345 19883 
17725 20201 
17760 20200 
19978 17673 
20028 17594 
19225 18985 
19034 19307 
19122 19218 
19091 19304 
16885 20442 
20087 17354 
20077 17380 
20093 17310 
20049 17505 
20034 17557 
20062 17387 
19659 18482 
19641 18485 
19679 18459 
19474 18718 
17992 20076 
18049 20066 
17460 20343 
17429 20429 
18471 19829 
19409 18793 
19241 18959 
17553 20284 
17596 20273 
19358 18951 
19369 18884 
19377 18858 
18529 19744 
18545 19674 
18554 19671 
19930 17820 
19945 17804 
19914 17890 
18654 19576 
18656 19559 
18717 19530 
18872 19511 
18903 19421 
18131 20062 
18559 19585 
18594 19584 
17813 20135 
19460 18790 
19489 18711 
19144 19029 
18239 20031 
18272 19950 
17832 20124 
17859 20115 
17778 20158 
17906 20081 
17963 20078 
16796 20482 
16748 20527 
16697 20528 
16613 20585 

18658 19620 
18660 19585 
18643 19636 
18676 19515 
17092 20426 
18924 19341 
17969 20115 
18932 19311 
18994 19287 
19322 18909 
19329 18871 
19300 18973 
19857 18093 
19842 18145 
19371 18836 
18909 19393 
18874 19394 
19750 18191 
17502 20322 
17475 20371 
19915 17834 
19907 17910 
19891 17918 
18361 19835 
18376 19822 
19555 18686 
20096 17249 
20111 17236 
20145 17198 
20090 17282 
19700 18287 
19716 18217 
16460 20586 
16425 20587 
19415 18738 
19681 18411 
19689 18295 
19227 19060 
19252 19045 
18851 19445 
18822 19449 
17248 20423 
20011 17721 
19976 17722 
20027 17651 
19586 18509 
19563 18515 
20052 17593 
19092 19167 
19061 19208 
19113 19094 
19108 19160 
17603 20235 
17588 20238 
17575 20260 
17926 20168 
17865 20213 
17849 20231 
17916 20176 
19000 19252 
18958 19304 
18107 19950 
18057 20031 
16549 20548 
18210 19912 
18245 19911 
18188 19914 
18499 19695 
16799 20510 
16797 20530 
18470 19750 
18455 19802 
17073 20449 
18549 19649 
18512 19671 
18527 19658 
18489 19730 
19382 18803 
19041 19224 
17555 20301 
20057 17487 
19935 17753 
19336 18869 
19593 18507 
19942 17751 

18463 19665 
18447 19735 
18374 19839 
18436 19789 
18909 19393 
18874 19394 
19519 18770 
19616 18587 
19579 18641 
20185 17019 
20176 17104 
18318 19892 
18309 19973 
19238 19063 
19782 18240 
16470 20540 
17980 20130 
17996 20099 
19750 18380 
19993 17686 
19991 17703 
20020 17637 
19963 17867 
19990 17814 
19365 18874 
19381 18843 
19103 19193 
19101 19249 
19072 19276 
18165 19976 
18131 20001 
18529 19645 
18494 19646 
18710 19611 
18675 19612 
18726 19495 
18712 19509 
18868 19412 
18812 19465 
18037 20066 
19699 18394 
19697 18450 
19683 18464 
19840 17997 
19812 18051 
19858 17894 
17625 20287 
17581 20343 
19639 18480 
17744 20197 
17734 20283 
17105 20434 
17103 20490 
17089 20504 
16375 20555 
18959 19329 
18981 19324 
19012 19322 
19431 18803 
16255 20580 
16257 20563 
17927 20196 
17252 20402 
17337 20362 
15877 20633 
15875 20689 
15842 20696 
19282 19000 

20083 17360 
20098 17321 
20100 17265 
20084 17335 
17891 20092 
17837 20194 
20015 17714 
19964 17785 
19999 17784 
19830 18181 
16757 20567 
19251 19052 
19238 19063 
19851 18028 
18486 19757 
19874 18024 
18797 19515 
18781 19585 
18675 19612 
18710 19611 
18230 19950 
18216 19964 
18425 19763 
18849 19475 
19302 19024 
19317 18985 
19303 18999 
19337 18961 
19679 18324 
19665 18338 
19681 18268 
17429 20429 
18579 19638 
18611 19622 
18562 19679 
19950 17919 
19935 17935 
19952 17834 
19951 17865 
18534 19690 
19591 18491 
19391 18808 
19557 18634 
19123 19209 
19128 19143 
20166 17218 
20152 17232 
20168 17162 
18861 19432 
18863 19412 
19008 19290 
19638 18472 
19656 18385 
19414 18798 
19120 19247 
19197 19097 
18035 20069 
18095 20058 
19530 18763 
17724 20258 
17676 20353 
17722 20314 
17702 20333 
18970 19357 
18933 19375 
19130 19130 
18323 19899 
18353 19891 
16837 20507 
16800 20525 
18424 19777 
19390 18822 

18094 20094 
18054 20140 
18770 19541 
18754 19611 
18719 19612 
19807 18194 
19791 18202 
18622 19640 
18613 19725 
19690 18406 
18345 19883 
18330 19899 
18498 19740 
18463 19741 
19838 18044 
19852 18030 
19244 19002 
19269 18987 
19283 18973 
19856 17968 
19840 18038 
19854 18024 
18978 19352 
18962 19360 
18940 19362 
19769 18270 
19771 18214 
19755 18284 
19750 18329 
20025 17431 
20009 17501 
20023 17487 
17856 20195 
17886 20187 
17725 20201 
17760 20200 
18816 19470 
18800 19540 
18814 19526 
19097 19277 
19129 19211 
19880 17935 
16977 20506 
19234 19017 
17689 20213 
17554 20303 
19646 18719 
20085 17331 
20100 17265 
20098 17321 
20084 17335 
20083 17360 
17608 20233 
17638 20225 
18161 19948 
18114 19992 
18152 19967 
18129 19979 
18886 19382 
18884 19438 
19215 19122 
19433 18875 
19398 18938 
19459 18808 
19511 18724 
19931 17748 
19980 17697 
19988 17681 
19957 17703 
19174 19160 
19115 19213 
18368 19789 
18354 19803 
16446 20582 
17404 20316 
17595 20291 
17273 20372 
17285 20332 
17299 20318 
17219 20475 
17228 20394 
19987 17695 

19298 19082 
19540 18631 
20096 16754 
20086 16762 
20065 16876 
20080 16824 
20042 17350 
20044 17333 
20060 17263 
19123 19209 
18750 19455 
18764 19441 
18232 19941 
18874 19394 
18909 19393 
19134 19145 
17485 20302 
19964 17785 
20015 17714 
19999 17784 
19818 18215 
19783 18216 
19698 18382 
19620 18476 
19682 18452 
19631 18461 
17432 20345 
17429 20429 
19761 18240 
18574 19757 
19028 19277 
18996 19293 
19689 18401 
19337 18961 
19321 19031 
19516 18679 
17791 20184 
17805 20170 
17638 20225 
19713 18301 
18127 19996 
18129 19979 
18143 19965 
17582 20294 
17595 20272 
17533 20296 
17618 20239 
16965 20432 
19692 18399 
17725 20201 
17760 20200 
17774 20186 
18675 19612 
18726 19541 
18710 19611 
17933 20116 
18123 20018 
16883 20483 
16879 20502 
19748 18282 
19762 18225 
18306 19877 
18257 19915 
19433 18875 
19398 18938 
19866 18077 
19844 18079 
19882 18069 
19580 18573 
19590 18533 
16576 20579 
16661 20505 
16626 20568 
18752 19450 
18766 19436 
19460 18782 
19438 18784 
19068 19212 
18094 20094 
18037 20104 
18336 19867 
18350 19853 
18578 19727 
18622 19671 
18636 19657 
18482 19835 
18498 19765 
18540 19764 

19966 17917 
19950 17925 
19097 19146 
19085 19164 
18031 20078 
18016 20094 
18842 19402 
16382 20556 
16347 20557 
19830 18181 
19374 18854 
19342 18870 
19386 18814 
19400 18800 
19658 18483 
19693 18420 
19623 18484 
19670 18437 
18867 19376 
18810 19454 
18811 19439 
18780 19525 
18796 19455 
20044 17333 
20072 17279 
18514 19713 
18607 19625 
18664 19615 
19286 18884 
19046 19340 
19079 19222 
19080 19168 
19599 18528 
19568 18545 
18857 19395 
19851 18028 
18719 19542 
18394 19854 
18436 19789 
18308 19870 
18539 19684 
18553 19670 
17461 20413 
17429 20429 
17981 20138 
17905 20150 
19251 19017 
19872 17977 
18461 19736 
18446 19752 
18701 19606 
19224 19093 
19723 18322 
19705 18324 
19733 18260 
19747 18212 
19749 18190 
19476 18708 
20025 17848 
16191 20619 
16156 20620 
19071 19248 
19531 18642 
19494 18696 
19538 18605 
19507 18691 
19483 18706 
19457 18787 
19466 18744 
17732 20234 
15877 20633 
15842 20696 
17628 20293 
17570 20337 
17602 20321 
17651 20270 
18286 19876 
18216 20028 
18283 20011 
18251 20027 
17864 20226 
16497 20539 
16465 20555 
16958 20477 
15930 20625 
17658 20268 

18731 19520 
19894 17857 
19858 18075 
19840 18162 
19842 18145 
19857 18093 
19268 18972 
18726 19541 
18710 19611 
18675 19612 
18299 19874 
18284 19890 
19110 19231 
19094 19301 
19516 18745 
16789 20484 
16851 20460 
19111 19170 
19112 19156 
18762 19493 
16588 20628 
18140 20014 
18129 20017 
18075 20044 
18068 20046 
18101 20026 
18870 19382 
19448 18846 
19450 18829 
19477 18780 
17987 20073 
17903 20117 
17301 20442 
17320 20349 
18540 19724 
18525 19740 
18541 19670 
19551 18723 
19584 18641 
19600 18571 
19141 19090 
19218 18985 
19207 19017 
17611 20310 
17554 20313 
18094 20034 
18056 20051 
18812 19465 
18868 19412 
18981 19369 
18983 19352 
19010 19303 
18956 19373 
18896 19380 
18985 19307 
19344 18897 
19345 18872 
19322 18934 
20165 17325 
20130 17326 
20007 17784 
19950 17794 
19946 17813 
19729 18282 
19184 19058 
19197 19047 
19870 17861 
19777 18266 
19634 18449 
19694 18323 
19622 18467 
19664 18441 
19678 18393 
18462 19775 
18440 19839 
18453 19828 
18263 19990 
18248 20006 
18264 19936 
20051 17528 
20020 17665 
17709 20308 
17710 20283 
17848 20226 
17774 20263 
17957 20114 
17861 20127 
16589 20485 

20126 16522 
18661 19566 
18647 19580 
18645 19597 
18808 19477 
18759 19492 
18810 19421 
18794 19491 
18539 19758 
18574 19757 
18605 19707 
18642 19650 
18606 19705 
19813 18109 
19782 18195 
19784 18175 
20027 17651 
19976 17722 
20011 17721 
19859 17983 
19814 18030 
19815 18005 
19861 17927 
19845 17997 
18074 20024 
19433 18742 
16352 20577 
16338 20591 
17878 20161 
18868 19412 
18286 19974 
18301 19922 
19961 17774 
19519 18636 
19534 18620 
19946 17876 
17618 20324 
17653 20284 
17603 20363 
17656 20240 
18058 20101 
18041 20123 
17989 20142 
19227 19026 
19200 19050 
19235 19010 
17244 20377 
17229 20416 
17230 20391 
18700 19532 
18678 19534 
18715 19516 
16479 20541 
16465 20555 
19757 18257 
19741 18327 
18101 20019 
19118 19239 
19127 19145 
19014 19327 
18978 19382 
19199 19094 
19041 19278 
16727 20529 
19414 18796 
19363 18864 
19400 18810 
19758 18234 
19773 18218 
19573 18586 
19590 18514 
19575 18530 
19559 18600 
19289 18966 
19308 18873 
18061 20071 
19249 18996 
19644 18436 
18398 19896 
18417 19837 
18367 19898 
18403 19851 
19296 18890 
19265 18976 
17777 20192 
17755 20197 
20076 17048 
20030 17296 
20043 17178 
18460 19790 
18441 19813 
16900 20482 
17080 20420 
17066 20434 
19141 19131 
19507 18670 
19593 18507 
20073 17080 

18893 19381 
18882 19396 
19289 18966 
19308 18873 
18695 19506 
17855 20191 
17885 20183 
18989 19265 
19007 19263 
18975 19279 
17609 20317 
20015 17714 
19999 17784 
18062 20143 
18211 19881 
18196 19897 
18195 19915 
18180 19967 
16566 20557 
19602 18652 
19541 18746 
19551 18723 
18553 19686 
18556 19654 
18540 19724 
18525 19740 
19868 17987 
19719 18327 
19703 18397 
19668 18398 
16825 20476 
16812 20514 
16797 20530 
19854 18151 
19852 18207 
19838 18221 
19803 18222 
19286 18997 
19303 18934 
18868 19412 
18864 19500 
19079 19222 
19045 19231 
20183 17146 
20117 17233 
20166 17218 
20152 17232 
20168 17162 
18944 19341 
18969 19290 
18938 19376 
18964 19331 
20035 17591 
20050 17575 
19978 17797 
19977 17851 
19941 17936 
19918 17942 
19949 17876 
17946 20146 
17734 20283 
17161 20427 
19215 19122 
19284 19044 
18200 19884 
18112 19973 
19225 19063 
15892 20617 
15842 20696 
15877 20633 
15875 20689 
19636 18442 
19409 18793 
19789 18315 
16513 20564 
16475 20574 
18192 19947 
18281 19877 
18413 19833 
18388 19861 
18478 19812 
19127 19193 
19160 19186 
19162 19130 
18672 19542 
18630 19545 
18621 19613 
19622 18498 
19435 18779 
19404 18865 
16915 20444 
16834 20451 

18175 19963 
18124 20034 
16744 20561 
16709 20562 
19097 19186 
17590 20310 
17683 20286 
19115 19127 
18556 19667 
18525 19753 
18724 19492 
18640 19531 
18675 19530 
18591 19557 
18321 19910 
18264 19913 
18286 19911 
18874 19482 
18817 19485 
19276 18908 
19304 18868 
19854 18002 
19838 18072 
19229 18957 
19213 19027 
18604 19538 
17358 20394 
17360 20374 
17918 20140 
17904 20154 
19608 18560 
19593 18576 
19591 18632 
19577 18646 
19108 19160 
19516 18679 
18477 19768 
18475 19824 
18461 19838 
19502 18687 
19643 18463 
19657 18449 
19207 19070 
19194 19090 
19163 19126 
18574 19559 
19489 18711 
19460 18790 
18936 19472 
18953 19377 
16825 20476 
16797 20530 
16799 20510 
19027 19224 
18983 19280 
18984 19266 
20226 16916 
20177 16962 
19723 18322 
19858 17941 
19908 17924 
17726 20275 
17448 20340 
19734 18311 
19703 18397 
19668 18423 
20005 17833 
20007 17816 
20017 17808 
19472 18774 
19474 18718 
20174 17095 
20146 17225 
20096 17242 
20080 17312 
20095 17296 
19843 18049 
19812 18135 
19810 18152 
19781 18205 
19612 18529 
18043 20135 
18092 20084 
19305 18841 
17073 20449 
19409 18793 
19395 18803 
19381 18817 
17860 20166 
17809 20237 
19303 18882 

18062 20143 
19042 19235 
19025 19307 
19027 19251 
19011 19321 
19404 18791 
19461 18788 
19756 18345 
19728 18399 
19727 18424 
19755 18350 
18895 19408 
19918 18064 
20044 17475 
19238 19063 
18202 19935 
18259 19932 
18157 19958 
18171 19944 
18464 19746 
18423 19813 
18697 19544 
18719 19542 
18864 19500 
18868 19412 
19986 17960 
20037 17885 
19830 18181 
17512 20298 
17542 20290 
19566 18609 
19565 18634 
19593 18560 
20205 16686 
20164 16753 
19635 18512 
19665 18504 
20132 17362 
18346 19829 
18330 19899 
18345 19883 
18661 19566 
18647 19580 
18632 19593 
18595 19613 
19384 18798 
19334 18859 
19333 18884 
16541 20659 
17730 20237 
17716 20251 
17715 20276 
16890 20529 
19502 18716 
17341 20338 
17295 20416 
17325 20408 
17289 20418 
17081 20462 
17070 20494 
17107 20433 
18110 20090 
18150 20044 
17455 20314 
17411 20336 
17441 20328 
18513 19685 
18543 19677 
18437 19787 
18473 19745 
19177 19114 
19160 19186 
19162 19130 
19127 19193 
19485 18781 
19371 18845 
17761 20230 
17806 20192 
17836 20184 
19282 19000 
18374 19820 

