18239 19922 
18192 19951 
19926 17930 
17234 20415 
17949 20170 
18572 19714 
16662 20480 
17489 20357 
17445 20379 
20005 17724 
19645 18552 
19804 18203 
19806 18147 
18762 19489 
16538 20629 
19386 18840 
19384 18896 
19369 18914 
19370 18910 
16634 20534 
16661 20485 
18446 19889 
17503 20317 
17502 20322 
17475 20371 
19515 18621 
18884 19438 
18898 19398 
18851 19445 
18726 19541 
18675 19612 
18710 19611 
19561 18602 
19882 17969 
20020 17685 
20006 17699 
20033 17650 
19710 18308 
19231 19003 
19253 19001 
19288 19000 
17301 20403 
19098 19278 
19041 19281 
19854 18063 
18207 19938 
17732 20234 
19446 18742 
19391 18808 
19183 19040 
19814 18101 
19865 18030 
19849 18100 
18610 19663 
18642 19650 
18607 19713 
19700 18503 
19566 18558 
19529 18612 
18163 19989 
18164 19964 
18040 20079 
20043 17302 
20135 17189 
20121 17229 
20106 17268 
18448 19717 
18792 19481 
18021 20119 
19160 19186 
19127 19193 
19162 19130 
19436 18785 
19506 18623 
19504 18679 
19460 18701 
19490 18693 
16542 20541 
17220 20465 
19390 18822 

19407 18833 
17459 20296 
17399 20391 
19759 18397 
19974 17928 
19394 18894 
19746 18431 
18776 19479 
19804 18278 
18114 20129 
19360 18927 
17791 20232 
19841 18217 
19618 18479 
17368 20393 
17825 20197 
19411 18772 
19992 17926 
19960 17942 
20133 17040 
18796 19455 
19058 19257 
18101 20163 
18417 19815 
17320 20409 
16913 20514 
16898 20553 
17912 20175 
19085 19234 
19059 19252 
18180 20090 
19602 18549 
19997 17575 
18539 19684 
18498 19715 
17288 20415 
19357 18955 
19358 18951 
19443 18708 
19441 18764 
17432 20349 
16933 20490 
19852 18132 
19874 18130 
19909 18129 
19762 18361 
17776 20271 
17777 20246 
20121 17086 
20105 17094 
18761 19518 
18762 19493 
16951 20442 
18871 19384 
18849 19386 
18906 19383 
18980 19337 
19773 18280 
18316 19873 
18314 19890 
18149 20092 
19535 18628 
19519 18636 
18601 19664 
18639 19654 
18623 19662 
18424 19806 
18392 19822 
19285 19068 
18251 19902 
18273 19900 
18308 19899 
18328 19855 
18363 19854 
19573 18586 
19559 18600 
16465 20555 
19486 18687 
18449 19799 
20083 17522 
19647 18434 
18538 19688 
18500 19698 
18726 19541 
18675 19612 
18710 19611 
17319 20413 
19372 18903 
19326 18957 
19362 18910 
17886 20187 
15859 20568 
15843 20638 
19149 19133 
19133 19203 
18992 19328 
19165 19107 
18803 19453 
18230 19920 
19499 18676 
18818 19389 
15918 20560 

18146 20063 
19400 18800 
18581 19634 
20151 17047 
18547 19729 
20147 17137 
19825 18234 
18136 20071 
20161 17039 
20025 17848 
18079 20130 
19285 19068 
15780 20636 
19534 18737 
20039 17800 
18149 19960 
19178 19192 
19029 19298 
19296 18884 
17548 20343 
19773 18235 
17927 20196 
18114 20129 
16630 20532 
16610 20556 
19663 18481 
19677 18467 
20095 17186 
16797 20530 
16812 20514 
19837 17978 
19886 17963 
19872 17977 
18675 19612 
18726 19541 
18710 19611 
17526 20352 
17575 20244 
19746 18431 
19759 18397 
19762 18361 
19481 18763 
15810 20628 
18739 19513 
18801 19489 
18858 19486 
18259 19932 
18224 19933 
18202 19935 
19594 18486 
17351 20385 
17349 20441 
19538 18649 
19554 18595 
18571 19642 
18549 19650 
19915 17945 
19950 17944 
20082 17571 
19020 19352 
17870 20205 
18068 20144 
19588 18556 
18475 19758 
18441 19809 
18457 19760 
18443 19774 
18978 19382 
19342 18870 
19374 18854 
19386 18814 
17016 20472 
16595 20595 
19126 19193 
19089 19211 
19069 19271 
19083 19267 
19031 19281 
19303 18882 

19177 19073 
17557 20330 
18414 19784 
18082 20030 
19694 18382 
18896 19401 
20132 17362 
19928 17951 
19321 18862 
18884 19438 
19470 18727 
17496 20363 
16821 20468 
16540 20618 
16509 20620 
20136 17272 
19411 18804 
19825 18061 
18927 19399 
18406 19848 
20192 16843 
18025 20039 
17696 20283 
19721 18359 
19706 18375 
18581 19747 
18171 20004 
19314 18919 
19807 18194 
19791 18202 
19999 17784 
19964 17785 
20015 17714 
18822 19449 
18851 19445 
18113 20014 
18091 20022 
18631 19590 
19828 17981 
17439 20455 
19106 19153 
19092 19167 
19424 18743 
17981 20138 
17996 20099 
18016 20075 
19668 18513 
19809 18131 
19824 18115 
19006 19270 
19036 19262 
18954 19300 
20209 16771 
20177 16861 
20178 16857 
20194 16787 
19285 19068 
18060 20038 
17726 20275 
19143 19126 
19112 19128 
19634 18664 
19677 18467 
19690 18445 
19532 18703 
18630 19696 
19430 18741 
18247 19992 
20070 17523 
20085 17484 
20105 17460 
18151 20005 
18363 19946 
18396 19939 
18398 19883 
18707 19508 
19649 18514 
19084 19258 
17576 20322 
17531 20362 
16740 20491 
16816 20469 
16789 20484 
16851 20460 
19381 18817 

17944 20081 
17668 20252 
19522 18677 
17980 20072 
17717 20250 
18400 19805 
19494 18702 
18596 19694 
20076 17283 
18811 19439 
18780 19525 
19888 18017 
17730 20228 
18429 19739 
17609 20317 
18300 19882 
18854 19382 
19910 17963 
17935 20113 
18398 19825 
19081 19302 
19906 17973 
18313 19860 
16829 20500 
18123 20018 
20067 17348 
20050 17433 
18025 20039 
18060 20038 
17994 20045 
18796 19455 
19879 18049 
19895 17979 
19856 18061 
19406 18862 
19398 18938 
20025 17848 
19782 18195 
19798 18187 
19298 19082 
18091 20022 
17886 20187 
18900 19337 
16954 20465 
16960 20443 
17930 20157 
18291 19929 
18278 19967 
18244 19976 
18414 19755 
19132 19090 
18614 19632 
19482 18771 
16227 20615 
19097 19232 
19130 19130 
19098 19146 
19703 18397 
16627 20578 
17614 20273 
19584 18653 
19875 18059 
19884 18027 
19852 18071 
19891 17989 
17232 20414 
17175 20417 
17249 20339 
18622 19554 
19610 18461 
19645 18460 
19753 18246 
19823 18172 
19724 18290 
19708 18360 
20105 17204 
20104 17209 
20077 17258 
19692 18399 
19601 18493 
19586 18509 
16708 20513 
18803 19453 
18421 19753 
18445 19715 
19593 18507 

17905 20180 
20042 17685 
19999 17748 
18101 20163 
19036 19236 
18629 19643 
18817 19505 
19773 18099 
17606 20282 
19244 19002 
19754 18256 
20027 17701 
19980 17841 
19784 18080 
18522 19740 
19912 17935 
19877 17936 
19855 17938 
19712 18447 
18220 19893 
18204 19950 
18357 19842 
18628 19697 
18613 19713 
19319 18964 
18816 19559 
18801 19575 
19097 19186 
19847 17991 
19811 18046 
17576 20303 
18479 19757 
18456 19826 
19634 18581 
19599 18582 
19577 18584 
17429 20429 
18114 20079 
18316 19873 
19735 18394 
19700 18457 
19757 18169 
19101 19150 
19164 19103 
19102 19104 
20105 17460 
20070 17523 
19548 18633 
19470 18727 
19532 18703 
17542 20349 
17498 20351 
17464 20360 
19051 19227 
19020 19263 
19064 19207 
17900 20209 
17853 20256 
19238 19039 
19269 18987 
19381 18817 
19382 18803 
18164 19964 
18978 19382 
19014 19327 
18933 19409 
16487 20607 
16531 20551 
19739 18272 
15841 20688 
15877 20633 
16992 20471 
17173 20462 
17235 20438 
19460 18759 
15987 20624 

19958 17883 
20039 17800 
19885 18005 
17416 20417 
18029 20080 
18039 20072 
17987 20148 
18938 19376 
19948 17891 
18300 19882 
18002 20133 
19679 18378 
18265 19982 
19792 18164 
19064 19223 
18103 20035 
18071 20051 
19887 17983 
19411 18943 
18792 19579 
19234 19036 
17434 20281 
19782 18240 
19735 18287 
18874 19394 
18909 19393 
17095 20437 
17912 20175 
17930 20157 
18284 19890 
19107 19201 
19075 19212 
20025 17848 
18081 20037 
18049 20053 
18675 19612 
18710 19611 
19880 18049 
19871 18053 
19023 19310 
19665 18504 
18542 19685 
18570 19631 
18485 19688 
18520 19687 
18760 19595 
18394 19854 
18436 19789 
19335 18983 
19337 18961 
19321 19031 
18803 19405 
19668 18401 
19608 18569 
17631 20232 
17725 20231 
19115 19127 
19185 19085 
19723 18322 
19691 18338 
17073 20449 
16588 20628 
17448 20260 
20067 17232 
17621 20253 
18447 19735 
17805 20196 
17773 20212 
19921 17944 
19926 17899 
19163 19087 
19114 19162 
19119 19096 
19489 18711 
19460 18790 
19536 18634 
19492 18690 
19504 18650 
17235 20427 
20073 17080 

19687 18406 
19803 18168 
19871 18079 
19840 18162 
16203 20576 
18278 19949 
19565 18673 
18345 19871 
18952 19329 
19420 18781 
19139 19156 
18880 19480 
19228 19062 
19396 18833 
17725 20263 
18245 19956 
19910 17803 
19302 19024 
19335 19017 
19337 18961 
18380 19827 
18331 19885 
18614 19699 
18599 19715 
18615 19645 
19919 17785 
19903 17855 
19794 18210 
18864 19550 
18829 19551 
19856 18131 
19842 18145 
19857 18093 
18884 19438 
18886 19382 
17362 20319 
19143 19076 
19014 19292 
18957 19295 
18979 19293 
17285 20400 
19689 18350 
19688 18368 
16812 20514 
16797 20530 
19677 18467 
19663 18481 
19679 18411 
19230 19042 
19351 18835 
17576 20303 
17609 20296 
17676 20295 
17681 20265 
17774 20186 
17760 20200 
20165 17325 
20130 17326 
18919 19336 
17933 20116 
18280 19893 
19098 19278 
19041 19281 
19723 18321 
19758 18320 
19701 18323 
17791 20184 
17873 20159 
19462 18742 
19567 18617 
19551 18723 
19111 19170 
18040 20079 
16139 20629 
16154 20590 
16140 20604 
19774 18234 
19789 18218 
19338 18864 
20018 17509 
20075 17506 
19761 18305 
16465 20555 
20001 17578 
19970 17614 
18402 19786 
18398 19804 
18498 19751 
19585 18568 
16170 20583 
16945 20493 
15913 20661 
18287 19891 

18889 19400 
17481 20243 
17469 20284 
20171 16599 
19171 19144 
19581 18512 
20131 17390 
20119 17427 
19513 18638 
20048 17722 
20145 17194 
19903 17891 
19735 18352 
19785 18273 
18555 19679 
16581 20522 
18646 19574 
18671 19514 
17986 20084 
18238 19962 
19319 18914 
19148 19229 
19644 18436 
19797 18100 
20069 17506 
20053 17514 
20156 16615 
19481 18654 
20025 17848 
20093 17447 
19053 19297 
18401 19796 
17680 20235 
19359 18888 
19369 18802 
17947 20149 
16593 20504 
18615 19660 
18631 19590 
17969 20115 
18739 19513 
18801 19489 
18858 19486 
18664 19516 
17804 20176 
19872 17977 
19888 17907 
18656 19566 
18525 19740 
18553 19686 
18540 19724 
18316 19873 
18343 19824 
18344 19819 
17953 20141 
18968 19335 
18938 19343 
19807 18037 
19816 18029 
19851 18028 
19882 17942 
16425 20587 
16460 20586 
19697 18362 
16636 20487 
17415 20330 
17393 20339 
17450 20329 
18570 19663 
18621 19592 
17316 20448 
17366 20369 
17351 20385 
19430 18756 
19461 18670 
18181 19965 
18269 19876 
19253 19001 
19231 19003 
19288 19000 
17725 20201 
17760 20200 
18924 19399 
19184 19058 
19197 19047 
19692 18399 
18119 19980 
18091 20034 
18079 20052 
18096 19992 
19153 19147 
19176 19141 
19570 18579 
19586 18509 
19418 18778 
19449 18692 
19434 18708 
18416 19774 
19593 18507 

19798 18187 
16499 20576 
20108 17432 
17995 20130 
17494 20256 
18761 19518 
18773 19461 
18796 19455 
19348 18869 
18103 20117 
18115 20060 
18138 20054 
16537 20543 
16471 20630 
16486 20614 
19689 18199 
19658 18285 
19674 18215 
17918 20142 
17896 20144 
17953 20141 
17760 20200 
19966 17917 
20016 17838 
19950 17925 
19392 18776 
19361 18862 
19262 18991 
19263 18966 
20073 17495 
20115 17376 
20074 17470 
19309 18960 
19872 17977 
18741 19525 
18675 19612 
18726 19541 
18710 19611 
18542 19685 
18520 19687 
17473 20313 
19848 18108 
19782 18195 
17463 20342 
16928 20501 
18762 19493 
17460 20343 
17429 20429 
18432 19733 
18447 19717 
18381 19804 
18416 19803 
18673 19641 
17749 20240 
19094 19271 
19099 19201 
19135 19164 
20183 17146 
20152 17232 
20168 17162 
17856 20154 
17851 20198 
17852 20173 
19482 18771 
19532 18692 
19565 18634 
19566 18609 
19600 18571 
19062 19352 
19376 18815 
19622 18378 
18148 19966 
19185 19054 
19216 19002 
18185 19939 
18235 19860 
18950 19410 
17136 20484 
17215 20450 
17250 20449 
19669 18253 
19377 18792 
18803 19453 
18353 19853 
19607 18394 

16627 20545 
19449 18845 
19407 18908 
19762 18361 
19746 18431 
20102 17187 
19922 17811 
19909 17849 
17248 20423 
19820 18132 
18599 19715 
19097 19277 
18517 19748 
18460 19757 
18954 19306 
19647 18497 
19171 19202 
20093 17310 
20077 17380 
20037 17419 
20038 17394 
20128 17047 
20112 17117 
17416 20417 
17434 20281 
19907 17877 
20108 17148 
18780 19534 
18053 20081 
18065 20035 
18018 20082 
19328 19075 
19822 18002 
19823 17988 
19866 17946 
18614 19699 
17933 20116 
19121 19225 
19086 19288 
18079 19976 
18095 19958 
18394 19854 
18436 19789 
18893 19381 
18675 19612 
18710 19611 
20024 17575 
19986 17585 
18103 19935 
18132 19931 
19248 19133 
19460 18790 
17789 20278 
16549 20548 
18217 19925 
16656 20541 
18938 19376 
19585 18521 
18633 19660 
18668 19659 
19333 18939 
18812 19465 
18868 19412 
19177 19180 
19132 19220 
16832 20457 
16797 20520 
19567 18617 
19558 18724 
19927 17724 
19666 18489 
16423 20562 
18961 19304 

17998 20110 
19194 19036 
18225 19970 
18286 19911 
19774 18258 
20086 17424 
19193 19050 
18840 19466 
19696 18397 
17348 20397 
18726 19541 
19350 18806 
17689 20232 
17638 20303 
19684 18443 
16889 20457 
18321 19910 
16580 20543 
18106 20041 
19796 17995 
20028 17494 
19513 18711 
19097 19216 
18432 19745 
16823 20516 
16614 20527 
16168 20601 
16166 20621 
16393 20590 
16408 20574 
18823 19477 
19298 18939 
19343 18865 
19327 18935 
19111 19132 
17673 20302 
19649 18444 
19905 17915 
19940 17852 
19822 17929 
17364 20327 
18710 19611 
18675 19612 
17791 20184 
17248 20423 
17262 20409 
17725 20201 
17760 20200 
17774 20186 
17393 20308 
20015 17714 
19999 17784 
19964 17785 
19052 19296 
19068 19226 
19282 18975 
19247 18976 
18409 19809 
18264 19913 
16566 20557 
18860 19421 
18874 19407 
18876 19351 
18976 19336 
18990 19322 
18033 20109 
17976 20119 
19234 19017 
19761 18305 
19704 18308 
19798 17939 
18392 19822 
19778 18146 
19792 18132 
19794 18076 
20117 17233 
20152 17232 
20166 17218 
20168 17162 
20072 17438 
20088 17368 
20058 17486 
19370 18797 
17854 20132 
17853 20146 
19175 19116 
19179 19064 
19508 18777 
19527 18697 
19099 19160 
18619 19697 
18451 19739 
18418 19759 
18465 19725 
18255 19925 
19629 18552 
19596 18574 
19539 18577 
16915 20434 
16858 20515 
19805 17937 

19112 19156 
18965 19343 
19873 18223 
17957 20102 
19229 19049 
19068 19212 
19126 19142 
18888 19359 
19834 18252 
17627 20282 
17956 20110 
17969 20084 
16932 20454 
19386 18840 
19384 18896 
19370 18910 
19964 17785 
19999 17784 
19079 19197 
19746 18431 
19762 18361 
18196 19967 
18253 19964 
19216 19051 
19202 19099 
19230 19037 
19201 19103 
19111 19170 
17370 20358 
17609 20317 
18656 19566 
17873 20159 
19337 18961 
19321 19031 
19696 18449 
19719 18443 
19684 18506 
18780 19525 
19006 19274 
18972 19307 
18858 19486 
18801 19489 
17791 20184 
17805 20170 
18599 19715 
18615 19645 
18614 19699 
17773 20250 
19561 18602 
18396 19939 
18363 19946 
18704 19534 
18703 19538 
18986 19293 
16588 20628 
17103 20397 
17071 20401 
17014 20404 
19489 18711 
19460 18790 
19795 18270 
19840 18230 
20013 17571 
20047 17544 
20063 17474 
20025 17553 
18064 20038 
19600 18578 
19916 17832 
19881 17895 
18040 20074 
18133 20001 
18542 19716 
17894 20111 
18473 19718 
18457 19788 
18471 19774 
16952 20420 
16916 20524 

16987 20433 
20179 16957 
18780 19525 
17202 20428 
18642 19650 
18030 20069 
19605 18570 
19937 17693 
19925 17711 
16574 20509 
17426 20348 
19134 19165 
18442 19786 
16902 20490 
16879 20502 
20135 17316 
20094 17408 
20073 17458 
20119 17393 
20163 17027 
19337 18961 
19321 19031 
17726 20275 
17613 20297 
17614 20289 
19909 18129 
19874 18130 
19852 18132 
18381 19821 
18345 19883 
18330 19899 
18968 19335 
18938 19343 
18638 19680 
18572 19714 
18607 19713 
19554 18571 
19493 18762 
19537 18706 
17760 20200 
19098 19278 
15842 20696 
15877 20633 
17791 20184 
19782 18240 
19735 18287 
17957 20149 
18014 20139 
17979 20140 
17656 20276 
17609 20317 
18616 19707 
18662 19528 
18647 19580 
18140 20014 
18182 19949 
20022 17487 
19665 18444 
19649 18514 
18057 20031 
19965 17583 
19949 17653 
18883 19395 
16560 20557 
17456 20340 
17276 20422 
19081 19302 
19398 18938 
19433 18875 
19139 19156 
19111 19170 
19217 19091 
17357 20369 
17344 20380 
18544 19726 
18474 19768 
18362 19827 
18350 19845 
16915 20468 
18803 19453 
19960 17621 
18488 19752 

18230 19984 
18445 19805 
19841 18217 
18455 19797 
19963 17867 
19804 18278 
18220 19992 
20037 17398 
19547 18582 
19759 18397 
18193 20045 
16974 20491 
20003 17639 
19769 18279 
16574 20538 
16513 20558 
19655 18475 
19990 17814 
18800 19511 
18787 19549 
17946 20146 
17793 20230 
17742 20239 
19081 19235 
17439 20455 
18956 19325 
17906 20167 
19529 18670 
18871 19353 
19036 19301 
16920 20506 
16907 20517 
18180 20090 
18864 19500 
18868 19412 
18265 19982 
16512 20562 
16542 20554 
19298 19082 
18741 19581 
19321 19031 
19335 18983 
19337 18961 
16797 20530 
19869 17958 
19854 17974 
17666 20308 
17609 20317 
19627 18516 
19611 18524 
18523 19714 
18491 19730 
19514 18686 
19493 18801 
19498 18756 
19262 19085 
19248 19133 
18870 19357 
19398 18938 
19844 17991 
19842 18011 
19682 18452 
19535 18628 
19762 18361 
19746 18431 
18534 19690 
19580 18547 
16341 20571 
18950 19343 
18423 19813 
18388 19814 
18772 19565 
18595 19613 
18651 19599 
20102 17220 
20117 17204 
20060 17364 
20089 17300 
20077 17346 
18021 20119 
17704 20249 
17125 20483 
16302 20613 
16226 20625 
18374 19820 
20097 17258 

18225 20005 
16873 20528 
18394 19854 
18103 20076 
18132 20029 
17623 20303 
18511 19768 
19537 18618 
19097 19186 
19261 18947 
18254 19966 
18082 20118 
17172 20428 
16012 20625 
19860 18104 
19551 18604 
20107 17054 
16744 20561 
16709 20562 
20083 17358 
20067 17428 
19568 18545 
20015 17714 
19999 17784 
19964 17785 
19350 18806 
18263 19934 
18285 19876 
18945 19369 
16901 20474 
16889 20520 
16895 20513 
17402 20340 
18436 19789 
17922 20167 
17906 20237 
19733 18342 
19702 18425 
19731 18398 
18008 20149 
19501 18764 
18710 19611 
18675 19612 
18910 19405 
18863 19452 
18896 19445 
19139 19116 
18806 19551 
18813 19464 
19295 18939 
17683 20286 
17609 20317 
19566 18558 
19024 19318 
19311 18929 
19192 19034 
19179 19054 
19208 18964 
19148 19090 
17229 20372 
17215 20386 
19507 18673 
19110 19183 
19081 19262 
19096 19223 
18563 19713 
18619 19697 
18625 19690 
16071 20612 
16104 20605 
20135 17000 
19327 18859 

18612 19670 
18445 19805 
18423 19813 
19888 18087 
19896 18033 
17927 20196 
20181 16981 
18259 19932 
20088 17321 
19761 18305 
16796 20478 
17700 20271 
19635 18498 
19175 19049 
18463 19745 
18224 19933 
19139 19082 
19153 19068 
19321 19031 
17344 20380 
17357 20369 
17421 20357 
19577 18580 
18754 19611 
18770 19541 
18719 19612 
19023 19296 
19121 19225 
19097 19277 
19086 19288 
18664 19615 
20129 17320 
20072 17329 
17870 20205 
16566 20557 
16583 20520 
20208 16928 
18764 19551 
18544 19743 
18585 19723 
19704 18308 
19830 18181 
16784 20496 
16826 20470 
19921 17995 
19856 18103 
19460 18747 
19488 18639 
17718 20218 
17712 20253 
20039 17800 
20025 17848 
17933 20116 
17624 20304 
17567 20307 
17258 20465 
19387 18766 
19377 18801 
19371 18836 
18922 19335 
18918 19342 
18908 19428 
19690 18410 
19695 18372 
19660 18435 
19652 18461 
19360 18944 
19344 19014 
19236 19039 
15889 20678 
15842 20696 
15875 20689 
16450 20589 
18344 19841 
18029 20067 
18188 20057 
18223 19994 
18407 19839 
19494 18604 

18984 19266 
17460 20358 
19874 18133 
18607 19651 
17253 20379 
19665 18495 
19046 19192 
20120 17361 
20143 16894 
20144 16869 
17262 20360 
17248 20423 
19231 18988 
19300 18901 
19940 18043 
17747 20165 
18868 19457 
20176 16838 
20214 16816 
18412 19802 
16797 20530 
16813 20460 
18109 20048 
18074 20049 
18657 19634 
18572 19714 
18853 19473 
19759 18280 
20167 16857 
18396 19872 
18381 19888 
18447 19801 
18397 19818 
19634 18581 
18983 19280 
19027 19224 
19384 18838 
19370 18852 
18719 19612 
18754 19611 
19283 18973 
19217 19002 
19269 18987 
19987 17733 
17919 20104 
18154 19972 
18153 19977 
18140 19986 
19298 18933 
19284 18947 
19909 18129 
19858 18220 
19805 18251 
17516 20305 
18224 19933 
18259 19932 
18202 19935 
16812 20514 
16638 20549 
16587 20620 
18918 19296 
19819 18233 
18052 20051 
19359 18888 
17843 20148 
17761 20158 
19655 18559 
19567 18648 
19624 18645 
18622 19635 
18606 19705 
17734 20283 
18852 19527 
18903 19456 
18837 19543 
20054 17448 
20089 17447 
16962 20455 
16963 20441 
20035 17560 
20052 17488 
20037 17504 
20021 17574 
19671 18369 
19167 19085 
19116 19156 
19199 19016 
19185 19030 
19728 18366 
19744 18296 
19743 18314 
19465 18785 
19505 18738 
19522 18666 
19507 18682 
19491 18752 

19813 18117 
19778 18280 
19360 18927 
19794 18210 
19393 18824 
18872 19511 
19617 18613 
17553 20284 
18679 19547 
18717 19530 
18253 20043 
18014 20081 
20049 17505 
20062 17387 
19670 18540 
18049 20066 
19273 18965 
19390 18856 
19362 18910 
18654 19576 
18910 19432 
18559 19585 
17499 20341 
17994 20118 
19599 18681 
19585 18708 
19604 18615 
19620 18581 
18950 19320 
18780 19525 
19157 19020 
19141 19090 
19857 18115 
19807 18194 
19822 18116 
16460 20586 
16425 20587 
19215 19008 
18700 19532 
18330 19899 
18345 19883 
17725 20201 
17760 20200 
19978 17673 
20028 17594 
19225 18985 
19122 19218 
19034 19307 
19091 19304 
16885 20442 
20087 17354 
20077 17380 
20093 17310 
20034 17557 
19648 18549 
19686 18470 
19474 18718 
17460 20343 
17429 20429 
18471 19829 
19409 18793 
17561 20274 
17608 20227 
17596 20273 
19358 18951 
19369 18884 
19377 18858 
18529 19744 
18545 19674 
18554 19671 
19930 17820 
19945 17804 
19914 17890 
18656 19559 
18894 19502 
18131 20062 
18632 19579 
18594 19584 
17813 20135 
19460 18790 
19489 18711 
19144 19029 
18288 19980 
17832 20124 
17778 20158 
16796 20482 
16748 20527 
16697 20528 
16613 20585 

17253 20379 
18976 19336 
19691 18325 
18545 19690 
18658 19620 
18676 19515 
19329 18871 
19858 18075 
19782 18147 
20129 17268 
17248 20423 
20027 17651 
17603 20235 
17888 20201 
16812 20514 
18643 19636 
18660 19585 
17092 20426 
18924 19341 
17969 20115 
18994 19287 
19322 18909 
19300 18973 
19857 18093 
19842 18145 
19371 18836 
19387 18766 
18909 19393 
19773 18179 
19750 18191 
17503 20317 
17502 20322 
17475 20371 
19915 17834 
19907 17910 
19891 17918 
18361 19835 
18376 19822 
19555 18686 
20145 17198 
20090 17282 
19700 18287 
19716 18217 
16460 20586 
16425 20587 
19415 18738 
19681 18411 
19252 19045 
19227 19060 
18898 19398 
18851 19445 
18822 19449 
19976 17722 
20011 17721 
19586 18509 
19563 18515 
20052 17593 
19092 19167 
19061 19208 
19113 19094 
19108 19160 
17588 20238 
17869 20233 
17926 20168 
17918 20182 
19000 19252 
18107 19950 
18085 19977 
18057 20031 
16549 20548 
18188 19914 
18245 19911 
18210 19912 
18499 19695 
16825 20476 
16797 20530 
18483 19748 
18455 19802 
18470 19750 
17073 20449 
18567 19681 
18489 19730 
19382 18803 
19041 19224 
17540 20314 
17583 20247 
17578 20289 
17555 20301 
20057 17487 
19935 17753 
19336 18869 
19593 18507 
19942 17751 

19285 19068 
18394 19854 
18066 20004 
19045 19315 
19101 19249 
18064 20013 
18309 19973 
18726 19541 
19841 17925 
16393 20587 
19029 19346 
17337 20362 
18463 19665 
18447 19735 
18436 19789 
18874 19394 
18909 19393 
19519 18770 
19484 18771 
19616 18587 
19579 18641 
20176 17104 
20185 17019 
18318 19892 
19782 18240 
16470 20540 
17980 20130 
17996 20099 
19750 18380 
20020 17637 
20011 17718 
19990 17814 
19963 17867 
19365 18874 
19381 18843 
19085 19280 
19115 19209 
18165 19976 
18131 20001 
18096 20002 
18529 19645 
18494 19646 
18710 19611 
18675 19612 
18868 19412 
18812 19465 
18037 20066 
19699 18394 
19697 18450 
19683 18464 
19840 17997 
19812 18051 
19858 17894 
17625 20287 
17581 20343 
19639 18480 
17734 20283 
17105 20434 
17103 20490 
17089 20504 
19431 18803 
17927 20196 
17870 20205 
17252 20402 
17367 20354 
15877 20633 
15875 20689 
15842 20696 

17837 20194 
19992 17926 
19888 18010 
19994 17904 
17702 20333 
19130 19130 
19960 17942 
19974 17928 
18095 20058 
20083 17360 
20098 17321 
20084 17335 
20100 17265 
17917 20172 
20015 17714 
19999 17784 
19830 18181 
16757 20567 
19298 19082 
19851 18028 
18486 19757 
19874 18024 
18751 19593 
18797 19515 
18781 19585 
18675 19612 
18710 19611 
18230 19950 
18216 19964 
18425 19763 
18849 19475 
19302 19024 
19317 18985 
19303 18999 
19337 18961 
19679 18324 
19665 18338 
19659 18343 
19681 18268 
17399 20437 
17429 20429 
18605 19718 
18637 19702 
19945 17955 
19591 18491 
19391 18808 
19557 18634 
19123 19209 
19128 19143 
20166 17218 
20152 17232 
20168 17162 
18861 19432 
18863 19412 
19638 18472 
19656 18385 
19414 18798 
19120 19247 
19197 19097 
18035 20069 
18170 20031 
19530 18763 
17676 20353 
17722 20314 
17724 20258 
18970 19357 
18933 19375 
19067 19313 
18323 19899 
18353 19891 
16837 20507 
16800 20525 
18424 19777 
19390 18822 

18116 20086 
18978 19352 
17219 20475 
17317 20350 
19119 19281 
18054 20140 
18637 19702 
19808 18052 
17856 20195 
19294 18940 
16999 20510 
16966 20517 
20085 17331 
18886 19382 
19945 17760 
19167 19248 
17273 20372 
18089 20139 
18094 20094 
18754 19611 
18770 19541 
18719 19612 
19807 18194 
19791 18202 
18613 19725 
19690 18406 
18345 19883 
18346 19829 
18330 19899 
18498 19740 
18463 19741 
19838 18044 
19852 18030 
19269 18987 
19283 18973 
19244 19002 
19856 17968 
19840 18038 
19854 18024 
18962 19360 
18940 19362 
19750 18329 
19771 18214 
19769 18270 
19755 18284 
20011 17527 
19997 17541 
20025 17431 
20023 17487 
17886 20187 
17725 20201 
17760 20200 
18816 19470 
18800 19540 
18814 19526 
19086 19288 
19880 17935 
19234 19017 
17689 20213 
19646 18719 
20100 17265 
20098 17321 
20084 17335 
20083 17360 
17638 20225 
18204 20002 
18884 19438 
18851 19445 
19215 19122 
19433 18875 
19398 18938 
19459 18808 
19511 18724 
19980 17697 
19978 17753 
19988 17681 
19174 19160 
18368 19789 
18354 19803 
16446 20582 
17404 20316 
17619 20239 
17603 20309 
17303 20364 
17228 20394 
19987 17695 

17432 20345 
16987 20433 
20080 16824 
19762 18225 
19669 18474 
18152 19967 
17618 20239 
19144 19110 
20065 16876 
19705 18419 
18710 19611 
19748 18282 
18766 19436 
19068 19212 
18094 20094 
18636 19657 
19298 19082 
19540 18631 
20096 16754 
20070 16832 
20094 16803 
20042 17350 
20044 17333 
20060 17263 
19123 19209 
18750 19455 
18764 19441 
18232 19941 
18909 19393 
18874 19394 
19134 19145 
17485 20302 
19999 17784 
19964 17785 
20015 17714 
19818 18215 
19783 18216 
19620 18476 
19682 18452 
17429 20429 
19761 18240 
18574 19757 
18996 19293 
19028 19277 
19712 18368 
19337 18961 
19321 19031 
19516 18679 
17791 20184 
17805 20170 
17638 20225 
19713 18301 
18127 19996 
18129 19979 
17582 20294 
17533 20296 
17595 20272 
17725 20201 
17760 20200 
17774 20186 
18675 19612 
18726 19541 
17933 20116 
18123 20018 
16911 20458 
16879 20502 
16902 20490 
19733 18298 
18306 19877 
18276 19922 
19433 18875 
19398 18938 
19866 18077 
19844 18079 
19901 18076 
19580 18573 
19590 18533 
16576 20579 
16661 20505 
16626 20568 
18752 19450 
18732 19492 
18746 19478 
19460 18782 
19438 18784 
18037 20104 
18059 20095 
18350 19853 
18336 19867 
18578 19727 
18622 19671 
18482 19835 
18498 19765 
18540 19764 

18083 20077 
20039 17800 
18489 19791 
18283 20011 
18811 19439 
18503 19743 
19099 19160 
19670 18437 
19092 19184 
20025 17848 
18538 19688 
18701 19606 
19256 19027 
19178 19108 
17666 20254 
19950 17925 
19966 17917 
18016 20094 
18031 20078 
18927 19417 
16347 20557 
16382 20556 
19830 18181 
19374 18854 
19342 18870 
19386 18814 
19400 18800 
19658 18483 
19693 18420 
19623 18484 
18780 19525 
18810 19454 
18796 19455 
20072 17279 
18514 19713 
18607 19625 
18664 19615 
19286 18884 
19046 19340 
19079 19222 
19599 18528 
19568 18545 
19851 18028 
18719 19542 
18394 19854 
18308 19870 
18539 19684 
18553 19670 
17461 20413 
17429 20429 
17981 20138 
17905 20150 
19233 19033 
19872 17977 
18520 19705 
19224 19093 
19723 18322 
19705 18324 
19733 18260 
19747 18212 
19749 18190 
19476 18708 
20056 17762 
16191 20619 
16156 20620 
19071 19248 
19494 18696 
19531 18642 
19538 18605 
19507 18691 
19483 18706 
19457 18787 
19466 18744 
17732 20234 
15877 20633 
15842 20696 
17628 20293 
17570 20337 
17661 20286 
17602 20321 
18290 19997 
18216 20028 
18273 20019 
18251 20027 
17864 20226 
16497 20539 
16465 20555 
16958 20477 
15930 20625 

18031 20071 
19448 18846 
17938 20116 
19234 19017 
19634 18449 
18462 19775 
19840 18162 
18780 19525 
18145 20060 
17321 20331 
17301 20442 
19600 18571 
18981 19369 
19322 18934 
20007 17784 
19694 18323 
19678 18393 
19975 17830 
19894 17857 
19858 18075 
19842 18145 
19857 18093 
19268 18972 
18726 19541 
18710 19611 
18675 19612 
18300 19882 
18284 19890 
19110 19231 
19094 19301 
19516 18745 
16789 20484 
16851 20460 
19111 19170 
19112 19156 
16588 20628 
18870 19382 
19511 18800 
19450 18829 
19473 18817 
17987 20073 
17903 20117 
17972 20089 
17305 20401 
17320 20349 
18540 19724 
18525 19740 
18541 19670 
19551 18723 
19584 18641 
19141 19090 
17611 20310 
17554 20313 
18044 20069 
18812 19465 
18868 19412 
19010 19303 
18983 19352 
18896 19380 
18956 19373 
18985 19307 
19344 18897 
19345 18872 
20130 17326 
20165 17325 
19729 18282 
19197 19047 
19184 19058 
19870 17861 
19777 18266 
19622 18467 
19664 18441 
18440 19839 
18453 19828 
18264 19936 
18263 19990 
18248 20006 
20051 17528 
20020 17665 
17709 20308 
17710 20283 
17848 20226 
17774 20263 
17957 20114 
17861 20127 
16589 20485 

19789 18148 
20027 17651 
17603 20363 
19813 18109 
17930 20157 
17248 20423 
17826 20222 
20025 17707 
17253 20379 
18661 19566 
18315 19908 
18061 20121 
17669 20325 
18642 19650 
19833 18037 
19876 17911 
18106 20029 
19414 18796 
17837 20211 
17841 20183 
20126 16522 
18645 19597 
18647 19580 
18808 19477 
18759 19492 
18794 19491 
18539 19758 
18574 19757 
18605 19707 
18607 19651 
18606 19705 
19782 18195 
19827 18056 
19784 18175 
19798 18125 
19859 17983 
19861 17927 
19845 17997 
19433 18742 
16352 20577 
16338 20591 
17878 20161 
18812 19465 
18868 19412 
18314 19920 
18301 19922 
18286 19974 
20011 17780 
19519 18636 
19534 18620 
19946 17876 
18041 20123 
18008 20149 
19227 19026 
19204 19096 
19235 19010 
18678 19534 
18715 19516 
18700 19532 
16479 20541 
16465 20555 
19757 18257 
19741 18327 
19134 19133 
19118 19239 
19127 19145 
19014 19327 
18978 19382 
19041 19278 
16727 20529 
19400 18810 
19363 18864 
19773 18218 
19758 18234 
19573 18586 
19590 18514 
19575 18530 
19559 18600 
19289 18966 
19308 18873 
19249 18996 
19644 18436 
18398 19896 
18417 19837 
18367 19898 
18403 19851 
19296 18890 
19265 18976 
20076 17048 
20030 17296 
20043 17178 
18460 19790 
18441 19813 
16900 20482 
17066 20434 
19141 19131 
19507 18670 
19593 18507 
20073 17080 

19918 17942 
19304 18929 
17855 20191 
18071 20058 
19307 18897 
19308 18873 
19007 19263 
17666 20308 
18195 19915 
19940 17940 
19303 18953 
19409 18793 
19799 18229 
18478 19812 
17609 20317 
18178 19984 
19541 18746 
18553 19686 
18556 19654 
20050 17575 
19941 17936 
17946 20146 
16513 20564 
18630 19545 
19442 18778 
18893 19381 
18882 19396 
19289 18966 
18695 19506 
17885 20183 
18989 19265 
18975 19279 
20030 17698 
18062 20143 
18196 19897 
18180 19967 
16566 20557 
19602 18652 
19560 18655 
19551 18723 
18591 19653 
18525 19740 
18540 19724 
19719 18327 
19668 18398 
19703 18397 
16825 20476 
16797 20530 
16812 20514 
19869 18135 
19854 18151 
19852 18207 
19838 18221 
19803 18222 
19286 18997 
18868 19412 
18864 19500 
19079 19222 
19064 19238 
20183 17146 
20117 17233 
20166 17218 
20152 17232 
20168 17162 
18944 19341 
18969 19290 
18938 19376 
18964 19331 
20035 17591 
20020 17918 
17744 20197 
17734 20283 
17161 20427 
19215 19122 
19284 19044 
19225 19063 
15892 20617 
15842 20696 
15877 20633 
15875 20689 
19636 18442 
19789 18315 
16475 20574 
18220 19893 
18192 19947 
18281 19877 
18388 19861 
18416 19836 
19160 19186 
19162 19130 
19127 19193 
18672 19542 
18611 19636 
18621 19613 
19622 18498 
19435 18779 
19404 18865 
16915 20444 
16834 20451 

20219 16972 
19044 19204 
19952 17865 
18591 19557 
18379 19847 
18984 19266 
19812 18135 
18682 19527 
18556 19667 
18687 19517 
18286 19911 
19276 18908 
19838 18072 
18604 19538 
19163 19126 
16825 20476 
20203 17042 
17483 20339 
19719 18352 
19843 18049 
18175 19963 
18124 20034 
16744 20561 
16709 20562 
19097 19186 
17683 20286 
17609 20317 
19115 19127 
18525 19753 
18724 19492 
18675 19530 
18640 19531 
18321 19910 
18264 19913 
18874 19482 
18817 19485 
19296 18884 
19261 18947 
19304 18868 
19854 18002 
19229 18957 
19213 19027 
18697 19514 
17358 20394 
17360 20374 
17904 20154 
19608 18560 
19593 18576 
19591 18632 
19577 18646 
19108 19160 
19516 18679 
18477 19768 
18475 19824 
18461 19838 
19502 18687 
19643 18463 
19657 18449 
19207 19070 
19194 19090 
18574 19559 
19489 18711 
19460 18790 
18953 19377 
18936 19472 
16797 20530 
16812 20514 
18983 19280 
19027 19224 
20226 16916 
19723 18322 
19908 17924 
19858 17941 
17726 20275 
17448 20340 
19734 18311 
19703 18397 
19668 18423 
20048 17722 
20025 17848 
19472 18774 
19474 18718 
20174 17095 
19937 17878 
20146 17225 
20108 17258 
20080 17312 
20095 17296 
19810 18152 
19781 18205 
19613 18524 
19612 18529 
18057 20147 
18092 20084 
19305 18841 
17073 20449 
19409 18793 
19395 18803 
19381 18817 
17860 20166 
17809 20237 
19303 18882 

18172 20036 
19778 18338 
20136 17272 
19918 18064 
18145 20089 
20018 17944 
20132 17362 
19366 18877 
18914 19349 
18909 19355 
18464 19746 
18445 19805 
17512 20298 
19594 18555 
20205 16686 
20186 16745 
19426 18789 
18895 19408 
19945 18011 
20044 17475 
18864 19500 
19635 18512 
18346 19829 
16541 20659 
16903 20533 
18110 20090 
19177 19114 
18062 20143 
16645 20539 
19042 19235 
19025 19307 
19027 19251 
19011 19321 
19461 18788 
19404 18791 
19728 18399 
19727 18424 
19759 18397 
18866 19438 
19285 19068 
18259 19932 
18202 19935 
18224 19933 
18174 19994 
18388 19814 
18423 19813 
18719 19542 
18697 19544 
20050 17433 
18868 19412 
19986 17960 
20037 17885 
19830 18181 
17534 20294 
17542 20290 
19580 18595 
19565 18634 
19566 18609 
19593 18560 
20164 16753 
19665 18504 
18345 19883 
18330 19899 
18661 19566 
18647 19580 
18632 19593 
18595 19613 
19384 18798 
19333 18884 
17715 20276 
19502 18716 
17341 20338 
17295 20416 
17325 20408 
17289 20418 
17081 20462 
17070 20494 
17107 20433 
18150 20044 
17455 20314 
17411 20336 
17441 20328 
18513 19685 
18543 19677 
18473 19745 
19160 19186 
19162 19130 
19127 19193 
19485 18781 
19525 18656 
19371 18845 
17836 20184 
17832 20272 
18374 19820 

