19386 18840 
19384 18896 
19369 18914 
19370 18910 
16662 20480 
16661 20485 
16634 20534 
18354 19798 
18406 19797 
18436 19789 
17503 20317 
17489 20357 
17502 20322 
17475 20371 
19515 18621 
18898 19398 
18884 19438 
18851 19445 
19582 18531 
19568 18545 
18726 19541 
18710 19611 
19561 18602 
19882 17969 
20033 17650 
20020 17685 
20005 17724 
20006 17699 
19710 18308 
19231 19003 
19288 19000 
18253 19870 
18310 19867 
17301 20403 
19041 19281 
19098 19278 
19854 18063 
18198 19923 
17732 20234 
19446 18742 
15978 20603 
19715 18183 
19891 17765 
19391 18808 
17953 20082 
19183 19040 
19865 18030 
19849 18100 
18642 19650 
18572 19714 
18607 19713 
19791 18124 
19700 18503 
19529 18612 
19890 17893 
18178 19950 
18163 19989 
18164 19964 
18040 20079 
20043 17302 
20135 17189 
20121 17229 
20106 17268 
19798 18107 
19782 18177 
18448 19717 
18792 19481 
17946 20146 
19160 19186 
19162 19130 
19127 19193 
19436 18785 
19506 18623 
19504 18679 
19460 18701 
19490 18693 
16512 20549 
16542 20541 
17220 20465 
17234 20415 
19390 18822 

19441 18764 
19443 18708 
19408 18771 
17379 20318 
17326 20322 
17348 20320 
17383 20298 
17384 20273 
16933 20490 
16913 20514 
16898 20553 
19874 18130 
19909 18129 
19759 18397 
19762 18361 
19746 18431 
19951 17865 
19956 17821 
19935 17935 
19950 17919 
17791 20232 
17776 20271 
17805 20192 
17777 20246 
17804 20197 
17912 20175 
20105 17094 
20121 17086 
18762 19478 
16951 20442 
19034 19243 
19085 19234 
18871 19384 
18906 19383 
18980 19337 
19773 18280 
19774 18234 
19789 18218 
18314 19890 
18316 19873 
18180 20090 
18149 20092 
19519 18636 
19535 18628 
19618 18479 
19602 18549 
18623 19662 
18639 19654 
18424 19806 
18392 19822 
19285 19068 
18273 19900 
18308 19899 
18328 19855 
18363 19854 
18114 20129 
18083 20131 
19798 18187 
19573 18586 
19559 18600 
16465 20555 
19486 18687 
18398 19808 
18449 19799 
19981 17534 
20083 17522 
19647 18434 
18538 19688 
18498 19715 
18500 19698 
18726 19541 
18675 19612 
18710 19611 
17319 20413 
17288 20415 
17324 20368 
19357 18955 
19326 18957 
19360 18927 
19390 18856 
19362 18910 
17886 20187 
15859 20568 
15843 20638 
19149 19133 
19133 19203 
18992 19328 
19165 19107 
18803 19453 
18230 19920 
19499 18676 
18818 19389 
15918 20560 

20147 17137 
19296 18884 
19285 19068 
19677 18467 
19663 18481 
20095 17186 
16797 20530 
16812 20514 
19837 17978 
19886 17963 
19872 17977 
18675 19612 
18726 19541 
18710 19611 
17526 20352 
17575 20244 
17531 20307 
19746 18431 
19762 18361 
19481 18763 
15780 20636 
15810 20628 
18739 19513 
18801 19489 
18858 19486 
18483 19712 
18531 19688 
19791 18202 
19806 18186 
19807 18132 
18202 19935 
18259 19932 
19594 18486 
17351 20385 
17349 20441 
19773 18235 
19534 18737 
19538 18649 
19554 18595 
18549 19650 
19915 17945 
19950 17944 
20082 17571 
19960 17811 
20017 17808 
19020 19352 
17870 20205 
18068 20144 
18114 20079 
18076 20080 
19588 18556 
18127 20018 
18475 19758 
18441 19809 
18457 19760 
18443 19774 
18978 19382 
19342 18870 
19386 18814 
19374 18854 
19390 18784 
17016 20472 
16595 20595 
16630 20532 
16610 20556 
19160 19103 
19130 19152 
19089 19211 
19126 19193 
19069 19271 
19083 19267 
19029 19298 
19031 19281 
19303 18882 
19397 18782 

19807 18194 
19791 18202 
19964 17785 
19999 17784 
20015 17714 
16514 20538 
16492 20546 
18850 19437 
18886 19382 
18113 20014 
18091 20022 
20136 17272 
20114 17280 
19828 17981 
19907 17830 
19875 17920 
19894 17861 
19843 17936 
19880 17875 
19876 17916 
17426 20378 
19106 19153 
19092 19167 
17981 20138 
17996 20099 
18016 20075 
19809 18131 
19824 18115 
19825 18061 
19006 19270 
19036 19262 
18901 19319 
18919 19301 
18954 19300 
18540 19724 
20209 16771 
20182 16817 
20178 16857 
20194 16787 
19251 19052 
18082 20030 
18060 20038 
17726 20275 
19143 19126 
19157 19062 
19112 19128 
19608 18584 
19577 18586 
19721 18359 
19690 18445 
19706 18375 
19496 18682 
19558 18658 
19527 18660 
18576 19719 
18630 19696 
19430 18741 
18247 19992 
20051 17483 
20105 17460 
19634 18581 
18131 20003 
18132 19999 
18363 19946 
18396 19939 
18398 19883 
18707 19508 
18723 19438 
19649 18514 
19663 18500 
19300 18887 
19084 19258 
17576 20322 
16740 20491 
16821 20468 
16865 20446 
16789 20484 
16851 20460 
19395 18803 
19381 18817 
18864 19384 
18411 19766 
19282 19000 
19313 18876 
16867 20390 

18287 19885 
18284 19890 
18300 19882 
20067 17348 
20050 17433 
20022 17487 
18025 20039 
18060 20038 
17980 20072 
17994 20045 
18854 19382 
19871 18009 
19872 17991 
19856 18061 
19406 18862 
19398 18938 
20018 17679 
19972 17817 
19982 17809 
20017 17808 
18392 19822 
19782 18195 
19798 18187 
19298 19082 
18091 20022 
17886 20187 
18900 19337 
17698 20244 
17730 20228 
16960 20443 
16925 20444 
17904 20077 
17939 20076 
18279 19913 
18278 19967 
18244 19976 
18627 19514 
18552 19656 
18614 19632 
19482 18771 
16227 20615 
19081 19302 
19097 19232 
19098 19146 
19130 19130 
19703 18397 
16627 20578 
17609 20317 
17625 20247 
19584 18653 
19867 18019 
19852 18071 
17175 20417 
17232 20414 
17249 20339 
18622 19554 
18529 19664 
18591 19640 
19610 18461 
19645 18460 
19753 18246 
19823 18172 
19724 18290 
19708 18360 
20069 17210 
20104 17209 
19692 18399 
16841 20460 
16708 20513 
18803 19453 
18421 19753 
18445 19715 
19593 18507 

20027 17701 
20042 17685 
19999 17748 
19980 17841 
19784 18080 
18522 19740 
19855 17938 
19912 17935 
19877 17936 
19712 18447 
18220 19893 
18223 19857 
18204 19950 
18357 19842 
18628 19697 
19272 18934 
18816 19559 
18817 19505 
18801 19575 
19097 19186 
19847 17991 
19811 18046 
17508 20275 
17536 20247 
18456 19826 
19577 18584 
19634 18581 
19599 18582 
17908 20128 
17429 20429 
18114 20079 
19700 18457 
19717 18355 
17504 20289 
17532 20264 
19101 19150 
19137 19103 
19102 19104 
19154 19089 
19139 19102 
20070 17523 
19506 18623 
19541 18622 
17498 20351 
17561 20243 
19051 19227 
19064 19207 
17929 20102 
17853 20206 
19285 18917 
19238 19039 
19269 18987 
19381 18817 
18164 19964 
18978 19382 
19014 19327 
18933 19409 
16531 20551 
15841 20688 
15877 20633 
16992 20471 
17235 20438 
19460 18759 
16003 20554 
15987 20624 
19481 18670 
19303 18882 
17618 20238 
19751 18101 
17866 20195 
19739 18265 

17390 20337 
17434 20281 
19782 18240 
19735 18287 
18909 19393 
17095 20437 
18039 20072 
17987 20073 
18265 19982 
17939 20076 
17870 20100 
19792 18164 
18300 19882 
18284 19890 
19107 19201 
20039 17800 
20025 17848 
18103 20035 
18049 20053 
18071 20051 
18710 19611 
19885 18005 
19887 17983 
19871 18053 
18985 19227 
18971 19275 
19665 18504 
19390 18818 
18570 19631 
18485 19688 
18542 19685 
18520 19687 
18792 19579 
18760 19595 
18436 19789 
19335 18983 
19337 18961 
19321 19031 
18803 19405 
19409 18793 
19668 18401 
19608 18569 
17725 20231 
19185 19085 
19691 18338 
19723 18322 
17073 20449 
16588 20628 
17404 20316 
17448 20260 
20067 17232 
17621 20253 
17810 20101 
18447 19735 
17805 20196 
17773 20212 
19958 17883 
19926 17899 
19114 19162 
19119 19096 
19489 18711 
19460 18790 
19504 18650 
19536 18634 
17235 20427 
17293 20378 
17325 20359 
18961 19304 
20073 17080 

17679 20230 
17680 20205 
19302 19024 
19335 19017 
19337 18961 
18345 19871 
18347 19815 
18331 19885 
18579 19700 
18615 19645 
18614 19699 
19919 17785 
19903 17855 
18880 19480 
18864 19550 
19840 18162 
19856 18131 
19858 18075 
19842 18145 
18884 19438 
18886 19382 
17362 20319 
19118 19091 
18957 19295 
19361 18805 
17285 20400 
19687 18406 
19689 18350 
16777 20515 
16812 20514 
19677 18467 
19679 18411 
19663 18481 
19209 19055 
19230 19042 
19351 18835 
17576 20303 
17609 20296 
19008 19290 
17676 20295 
17774 20186 
17760 20200 
20165 17325 
18919 19336 
18952 19329 
17933 20116 
18245 19956 
18278 19949 
18280 19893 
19041 19281 
19715 18309 
19701 18323 
17791 20184 
17873 20159 
19387 18788 
19420 18781 
19462 18742 
19567 18617 
19551 18723 
19092 19183 
19082 19198 
19111 19170 
18040 20079 
16139 20629 
16154 20590 
16140 20604 
19776 18214 
19766 18229 
19752 18243 
19338 18864 
20032 17495 
20018 17509 
16465 20555 
19910 17803 
19964 17596 
19927 17603 
18355 19813 
18398 19804 
18498 19751 
16170 20583 
16203 20576 
16945 20493 
15913 20661 
18287 19891 
19057 19211 
19717 18253 
20034 17439 
19980 17526 

19797 18100 
20069 17506 
20053 17514 
20119 17427 
20171 16599 
20156 16615 
19481 18654 
19513 18638 
19544 18552 
19529 18568 
19982 17809 
20017 17808 
20048 17722 
19053 19297 
19084 19211 
19069 19227 
18401 19796 
17680 20235 
19359 18888 
19369 18802 
16570 20516 
20145 17194 
18615 19660 
18631 19590 
18646 19574 
17969 20115 
18739 19513 
18801 19489 
18858 19486 
18889 19400 
18664 19516 
17804 20176 
19872 17977 
19903 17891 
19888 17907 
18656 19566 
18525 19740 
18541 19670 
18540 19724 
18316 19873 
18343 19824 
18344 19819 
17986 20084 
17918 20142 
17953 20141 
18968 19335 
19807 18037 
19816 18029 
19851 18028 
19882 17942 
16425 20587 
16460 20586 
19735 18352 
19697 18362 
19785 18273 
16636 20487 
17374 20332 
17415 20330 
17450 20329 
17481 20243 
18570 19663 
18621 19592 
17316 20448 
17366 20369 
17351 20385 
19430 18756 
19461 18670 
18181 19965 
18238 19962 
18269 19876 
19253 19001 
19288 19000 
19319 18914 
17725 20201 
17760 20200 
17814 20146 
18924 19399 
19912 17840 
19692 18399 
18119 19980 
18072 20027 
18068 20046 
18073 20002 
18096 19992 
19127 19192 
19171 19144 
19176 19141 
19153 19147 
19644 18436 
19418 18778 
19449 18692 
19434 18708 
18416 19774 
19593 18507 

18103 20117 
18115 20060 
18138 20054 
16537 20543 
16487 20560 
16486 20614 
19689 18199 
19658 18285 
19674 18215 
17953 20141 
17760 20200 
19931 17918 
19966 17917 
20016 17838 
19392 18776 
19361 18862 
19262 18991 
19263 18966 
20065 17455 
20115 17376 
19309 18960 
19872 17977 
18741 19525 
18726 19541 
18710 19611 
18542 19685 
18520 19687 
17473 20313 
19763 18188 
19798 18187 
19848 18108 
17494 20256 
17463 20342 
16928 20501 
17460 20343 
17429 20429 
18447 19717 
18432 19733 
18416 19803 
18673 19641 
17749 20240 
17761 20169 
19008 19290 
19063 19248 
19099 19201 
19135 19164 
20183 17146 
20152 17232 
20168 17162 
20033 17479 
19482 18771 
19532 18692 
19593 18560 
19036 19272 
19067 19220 
19376 18815 
19348 18869 
19622 18378 
19064 19223 
18148 19966 
19185 19054 
19216 19002 
18185 19939 
18235 19860 
18950 19410 
18994 19348 
17136 20484 
17250 20449 
19669 18253 
19377 18792 
18803 19453 
18353 19853 
19607 18394 

20077 17380 
20093 17310 
20037 17419 
20038 17394 
20128 17047 
20112 17117 
17390 20337 
17434 20281 
19907 17877 
20096 17132 
20095 17186 
19389 18816 
18796 19464 
18780 19534 
18053 20081 
18018 20082 
19328 19075 
19822 18002 
19866 17946 
19909 17849 
18614 19699 
18599 19715 
17933 20116 
19121 19225 
19097 19277 
19086 19288 
17248 20423 
18079 19976 
18095 19958 
18436 19789 
18893 19381 
18899 19374 
18675 19612 
18710 19611 
20024 17575 
19986 17585 
18103 19935 
18132 19931 
18061 19992 
19248 19133 
19460 18790 
18517 19748 
18460 19757 
17789 20278 
18223 19826 
19762 18361 
19746 18431 
16549 20548 
18217 19925 
16656 20541 
19647 18497 
18633 19660 
18668 19659 
19333 18939 
19380 18898 
18868 19412 
17317 20364 
17295 20368 
19177 19180 
19132 19220 
16832 20457 
16797 20520 
18324 19809 
19567 18617 
19551 18723 
19927 17724 
19794 18052 
19799 18007 
19381 18817 
19666 18489 
16423 20562 
18961 19304 

16168 20601 
16166 20621 
16393 20590 
16408 20574 
18827 19436 
19343 18865 
19327 18935 
17689 20232 
17673 20302 
17638 20303 
19684 18443 
19905 17915 
19940 17852 
19822 17929 
17348 20397 
17364 20327 
18726 19541 
18710 19611 
18675 19612 
17791 20184 
17248 20423 
17262 20409 
17725 20201 
17760 20200 
17774 20186 
20015 17714 
19999 17784 
19964 17785 
16889 20457 
19052 19296 
19068 19226 
19282 18975 
19247 18976 
18409 19809 
18264 19913 
18321 19910 
18286 19911 
16566 20557 
16580 20543 
18860 19421 
18874 19407 
18876 19351 
18976 19336 
18990 19322 
18033 20109 
17998 20110 
19234 19017 
18213 19947 
18180 19967 
19761 18305 
19704 18308 
19774 18258 
18392 19822 
19778 18146 
19792 18132 
19794 18076 
20117 17233 
20152 17232 
20166 17218 
20168 17162 
20072 17438 
20058 17486 
20086 17424 
20088 17368 
19370 18797 
17853 20146 
19175 19116 
19179 19064 
19508 18777 
18039 20012 
18072 19990 
18056 19998 
19097 19216 
19099 19160 
18619 19697 
18802 19471 
18767 19472 
18451 19739 
18418 19759 
18432 19745 
19629 18552 
19596 18574 
19539 18577 
16915 20434 
16858 20515 
16823 20516 
16614 20527 
19805 17937 
19692 18312 

19386 18840 
19370 18910 
19964 17785 
19999 17784 
19030 19212 
19079 19197 
19065 19211 
19755 18350 
18196 19967 
18253 19964 
19202 19099 
19216 19051 
19230 19037 
19201 19103 
19112 19156 
19126 19142 
19111 19170 
17370 20358 
17602 20291 
17614 20273 
18656 19566 
17873 20159 
19337 18961 
19321 19031 
19719 18443 
19696 18449 
19666 18474 
19006 19274 
18739 19513 
18801 19489 
18858 19486 
17805 20170 
17791 20184 
16914 20466 
18614 19699 
17773 20250 
19561 18602 
18396 19939 
18363 19946 
18704 19534 
18703 19538 
18965 19343 
18986 19293 
16588 20628 
17103 20397 
17014 20404 
17071 20401 
19489 18711 
19460 18790 
19873 18223 
19840 18230 
20013 17571 
20063 17474 
20047 17544 
20025 17553 
18064 20038 
19589 18525 
19579 18541 
19916 17832 
19881 17895 
18040 20074 
18133 20001 
18542 19716 
18473 19718 
18457 19788 
18471 19774 
16908 20476 
16952 20420 

18191 19897 
20135 17316 
20067 17408 
20119 17393 
20179 16957 
20163 17027 
19337 18961 
19321 19031 
20055 17413 
17726 20275 
17614 20289 
19852 18132 
19874 18130 
19909 18129 
18381 19821 
18345 19883 
18968 19335 
18982 19287 
18729 19459 
18638 19680 
18607 19713 
18642 19650 
19554 18571 
19537 18706 
17760 20200 
19041 19281 
19098 19278 
15842 20696 
15877 20633 
17791 20184 
19782 18240 
19735 18287 
18030 20069 
18014 20139 
17656 20276 
17602 20291 
18616 19707 
18663 19510 
18647 19580 
18662 19528 
18673 19496 
18182 19949 
20001 17435 
19665 18444 
19649 18514 
18049 19983 
19965 17583 
19949 17653 
18883 19395 
16576 20487 
16560 20557 
16574 20509 
17456 20340 
17896 20144 
17918 20142 
17953 20141 
17276 20422 
19398 18938 
19433 18875 
19139 19156 
19111 19170 
19217 19091 
17357 20369 
19442 18745 
17478 20316 
18544 19726 
16915 20468 
18803 19453 
20016 17419 
18051 19963 
19960 17621 
18488 19752 
18385 19755 

16974 20491 
16920 20506 
16907 20517 
20003 17639 
19975 17693 
18225 19964 
18239 19951 
18226 19960 
19053 19171 
19029 19200 
19073 19144 
18447 19735 
17426 20378 
19543 18577 
19545 18555 
19789 18218 
19790 18164 
19774 18234 
18838 19420 
18868 19412 
18180 19967 
16574 20538 
16542 20554 
19298 19082 
18015 20058 
19335 18983 
19337 18961 
19321 19031 
16797 20530 
19869 17958 
19854 17974 
19838 18044 
18259 19932 
17656 20276 
17609 20317 
17294 20390 
17351 20387 
19692 18399 
19627 18516 
18523 19714 
18491 19730 
19529 18670 
19441 18766 
19429 18784 
19514 18686 
19498 18756 
19262 19085 
19248 19133 
19824 18115 
19825 18061 
19809 18131 
18871 19353 
18870 19357 
19398 18938 
18997 19232 
19027 19224 
18007 20068 
18021 20055 
18008 20064 
19844 17991 
19842 18011 
19713 18366 
19650 18468 
19698 18382 
19682 18452 
19535 18628 
19720 18351 
19755 18350 
18534 19690 
19580 18547 
19949 17694 
19947 17775 
19933 17823 
18178 19985 
18163 20001 
16341 20571 
18950 19343 
18964 19295 
18994 19287 
18439 19736 
18435 19773 
18423 19813 
18388 19814 
18787 19549 
18788 19495 
18772 19565 
18661 19576 
18651 19599 
20117 17204 
20102 17220 
20060 17364 
20022 17374 
20077 17346 
17956 20110 
17978 20080 
17704 20249 
17793 20230 
17742 20239 
17900 20152 
17125 20483 
17204 20416 
16302 20613 
18374 19820 
20097 17258 

19821 18020 
18514 19713 
19551 18604 
19553 18548 
19537 18618 
20107 17054 
16744 20561 
16709 20562 
20083 17358 
20067 17428 
19097 19186 
19568 18545 
20015 17714 
19999 17784 
19964 17785 
18263 19934 
18254 19966 
18945 19369 
16889 20520 
16904 20406 
16873 20528 
17402 20340 
18436 19789 
18394 19854 
17922 20167 
17906 20237 
19733 18342 
19702 18425 
19731 18398 
18082 20118 
18008 20149 
19501 18764 
18710 19611 
18675 19612 
18150 19976 
18132 20029 
18147 19990 
18133 20004 
18910 19405 
18863 19452 
18896 19445 
19139 19116 
18806 19551 
18813 19464 
19295 18939 
17623 20303 
17683 20286 
17609 20317 
17005 20404 
18999 19283 
18985 19297 
19311 18929 
19179 19054 
17229 20372 
17215 20386 
19507 18673 
19110 19183 
19081 19262 
19096 19223 
18619 19697 
16071 20612 
16104 20605 
20135 17000 
19327 18859 
15743 20622 

18259 19932 
18224 19933 
19139 19082 
19153 19068 
19321 19031 
18423 19813 
17357 20369 
17421 20357 
19577 18580 
18754 19611 
18770 19541 
18719 19612 
19023 19296 
19121 19225 
19097 19277 
19086 19288 
18607 19625 
18664 19615 
20088 17321 
20129 17320 
20072 17329 
17886 20135 
17870 20205 
16566 20557 
16583 20520 
20181 16981 
18764 19551 
18585 19723 
19761 18305 
19704 18308 
19830 18181 
16826 20470 
19849 18003 
19900 17943 
19864 17998 
19460 18747 
19488 18639 
17700 20271 
17718 20218 
17712 20253 
20017 17808 
19982 17809 
19842 18011 
17933 20116 
17624 20304 
17567 20307 
20037 17550 
17258 20465 
19387 18766 
19377 18801 
19371 18836 
18922 19335 
18918 19342 
18908 19428 
19690 18410 
19635 18498 
19695 18372 
19660 18435 
19652 18461 
18525 19740 
18540 19724 
19360 18944 
19344 19014 
19236 19039 
18431 19761 
15889 20678 
15842 20696 
15875 20689 
16450 20589 
18344 19841 
18029 20067 
18188 20057 
18223 19994 
18407 19839 
16589 20485 
19494 18604 

20160 16799 
20183 16787 
20143 16894 
20159 16817 
20144 16869 
17248 20423 
17264 20353 
18381 19888 
18447 19801 
18397 19818 
18396 19872 
19665 18495 
19634 18581 
18983 19280 
19027 19224 
19384 18838 
19386 18782 
19370 18852 
19406 18776 
18719 19612 
18754 19611 
19283 18973 
19300 18901 
19217 19002 
19269 18987 
19987 17733 
17919 20104 
18140 19986 
18153 19977 
19298 18933 
19284 18947 
19874 18130 
19940 18043 
19852 18132 
19909 18129 
17516 20305 
18224 19933 
18202 19935 
18259 19932 
16797 20530 
16813 20460 
16812 20514 
16638 20549 
16587 20620 
18918 19296 
19819 18233 
19823 18192 
18074 20049 
18052 20051 
18109 20048 
19359 18888 
17761 20158 
17823 20134 
19655 18559 
19567 18648 
19624 18645 
18657 19634 
18607 19651 
18572 19714 
18606 19705 
17734 20283 
17747 20165 
18837 19543 
18903 19456 
18853 19473 
18852 19527 
20054 17448 
20120 17361 
20089 17447 
16962 20455 
20035 17560 
20052 17488 
20037 17504 
20021 17574 
19671 18369 
19167 19085 
19116 19156 
19199 19016 
19185 19030 
19759 18280 
19744 18296 
19743 18314 
19728 18366 
19505 18738 
19522 18666 
19434 18762 
19507 18682 
19491 18752 

17473 20313 
19589 18667 
19515 18684 
19572 18681 
19635 18529 
19604 18615 
19157 19020 
19141 19090 
19750 18225 
19696 18252 
19681 18268 
19791 18202 
19807 18194 
19857 18115 
16460 20586 
19215 19008 
18308 19899 
18700 19532 
19387 18828 
19323 18895 
18345 19883 
17725 20201 
17760 20200 
19978 17673 
20028 17594 
19225 18985 
19034 19307 
19122 19218 
19091 19304 
16885 20442 
20087 17354 
20077 17380 
20093 17310 
20049 17505 
20034 17557 
20062 17387 
19644 18460 
19679 18459 
19474 18718 
17992 20069 
18049 20066 
17460 20343 
17429 20429 
18471 19829 
19409 18793 
19279 18943 
19329 18864 
17596 20273 
19377 18858 
18529 19744 
18545 19674 
18554 19671 
19930 17820 
19945 17804 
19914 17890 
18752 19467 
18679 19547 
18717 19530 
18868 19422 
18903 19421 
18131 20062 
18594 19584 
17813 20135 
19460 18790 
19489 18711 
19144 19029 
18253 20043 
18288 19980 
17832 20124 
17778 20158 
17906 20081 
17963 20078 
16787 20475 
16748 20527 
16506 20570 
16592 20533 
18803 19453 

18658 19620 
18660 19585 
18676 19515 
17092 20426 
18924 19341 
17969 20115 
18994 19287 
19274 18893 
19842 18145 
19858 18075 
19371 18836 
19387 18766 
18909 19393 
19782 18147 
19750 18191 
17503 20317 
17502 20322 
17475 20371 
19912 17804 
19907 17910 
19891 17918 
19555 18686 
20111 17236 
20145 17198 
20110 17261 
20090 17282 
19700 18287 
19716 18217 
16425 20587 
16460 20586 
19415 18738 
19691 18325 
19681 18411 
19217 19046 
19252 19045 
18898 19398 
18851 19445 
17248 20423 
19976 17722 
20011 17721 
20027 17651 
20052 17593 
19092 19167 
19139 19049 
19061 19208 
19108 19160 
17588 20238 
17869 20233 
17923 20138 
17918 20182 
18976 19336 
18107 19950 
18085 19977 
18057 20031 
16549 20548 
18210 19912 
18245 19911 
16812 20514 
16797 20530 
16813 20460 
18483 19748 
18455 19802 
17073 20449 
18567 19681 
18489 19730 
19382 18803 
19041 19224 
17540 20314 
17583 20247 
17560 20257 
17555 20301 
20057 17487 
19336 18869 
19593 18507 
19942 17751 

18463 19665 
18447 19735 
18436 19789 
18909 19393 
19519 18770 
19616 18587 
19579 18641 
20185 17019 
20163 17027 
20128 17028 
18283 19893 
18318 19892 
19285 19068 
19782 18240 
16470 20540 
17980 20130 
18010 20059 
17996 20099 
19750 18380 
20020 17637 
19990 17814 
19933 17823 
19365 18874 
19381 18843 
19085 19280 
19115 19209 
19101 19249 
18165 19976 
18131 20001 
18096 20002 
19909 17849 
19894 17865 
18529 19645 
18494 19646 
18726 19541 
18710 19611 
18740 19455 
18868 19412 
18064 20013 
18023 20014 
19699 18394 
19697 18450 
19683 18464 
19840 17997 
19812 18051 
19858 17894 
17625 20287 
17744 20197 
17734 20283 
20105 17094 
20121 17086 
17105 20434 
17103 20490 
17089 20504 
16350 20548 
19029 19346 
19045 19315 
19431 18803 
16255 20580 
16271 20549 
16257 20563 
17252 20402 
17381 20306 
17367 20354 
15877 20633 
15875 20689 
15842 20696 

20083 17360 
20098 17321 
20084 17335 
20100 17265 
17837 20194 
17842 20149 
17858 20079 
20015 17714 
19999 17784 
19830 18181 
16757 20567 
19298 19082 
19851 18028 
18486 19757 
19888 18010 
19890 17954 
19874 18024 
18797 19515 
18781 19585 
18710 19611 
18230 19950 
18216 19964 
18425 19763 
18849 19475 
19302 19024 
19317 18985 
19303 18999 
19337 18961 
19679 18324 
19665 18338 
19681 18268 
17429 20429 
18562 19679 
19892 17924 
19915 17920 
19950 17919 
19951 17865 
18534 19690 
19591 18491 
19391 18808 
19557 18634 
19123 19209 
20166 17218 
20152 17232 
20168 17162 
18863 19412 
18877 19362 
19008 19290 
19638 18472 
19656 18385 
17446 20327 
19414 18798 
19197 19097 
18035 20069 
18105 20022 
18095 20058 
19530 18763 
17689 20321 
17722 20314 
17724 20258 
18970 19357 
19041 19233 
19071 19225 
19130 19130 
18323 19899 
18353 19891 
16837 20507 
18424 19777 
19390 18822 

18089 20139 
18094 20094 
18770 19541 
18719 19612 
18754 19611 
19807 18194 
19791 18202 
18595 19693 
18600 19648 
19690 18406 
18330 19899 
18345 19883 
18346 19829 
18498 19740 
18463 19741 
19808 18052 
19838 18044 
19852 18030 
19239 18995 
19269 18987 
19283 18973 
19856 17968 
19840 18038 
19854 18024 
18940 19362 
18978 19352 
18962 19360 
19750 18329 
19771 18214 
19755 18284 
19769 18270 
20025 17431 
20009 17501 
20023 17487 
17886 20187 
17725 20201 
17760 20200 
18816 19470 
18800 19540 
18814 19526 
19097 19277 
19880 17935 
16977 20506 
19234 19017 
17689 20213 
17554 20303 
19646 18719 
20085 17331 
20100 17265 
20098 17321 
20084 17335 
20083 17360 
17608 20233 
17638 20225 
18161 19948 
18114 19992 
18143 19965 
18129 19979 
18886 19382 
18884 19438 
18851 19445 
19215 19122 
19433 18875 
19398 18938 
19459 18808 
19960 17721 
19988 17681 
19167 19248 
18368 19789 
18354 19803 
16446 20582 
17404 20316 
17595 20291 
17303 20364 
17228 20394 
17219 20475 
19987 17695 

19298 19082 
19540 18631 
20079 16800 
20096 16754 
20086 16762 
20065 16876 
20042 17350 
20044 17333 
20060 17263 
19123 19209 
18750 19455 
18764 19441 
18232 19941 
18246 19893 
18909 19393 
19134 19145 
17485 20302 
19964 17785 
19999 17784 
20015 17714 
19783 18216 
19818 18215 
19650 18468 
19698 18382 
19682 18452 
17429 20429 
19761 18240 
18574 19757 
18996 19293 
19028 19277 
19337 18961 
19321 19031 
19516 18679 
17791 20184 
17805 20170 
17638 20225 
19713 18301 
18127 19996 
18129 19979 
18143 19965 
17563 20288 
17595 20272 
16965 20432 
19692 18399 
17725 20201 
17760 20200 
17774 20186 
16863 20499 
18710 19611 
18726 19541 
17933 20116 
16871 20454 
19733 18298 
19748 18282 
18306 19877 
18268 19882 
19433 18875 
19398 18938 
19866 18077 
19901 18076 
19580 18573 
19144 19110 
18105 20012 
19590 18533 
16576 20579 
16661 20505 
16626 20568 
18752 19450 
19460 18782 
18094 20094 
18350 19853 
18336 19867 
18622 19671 
18636 19657 
18482 19835 
18498 19765 
18540 19764 
16873 20434 

19950 17925 
19966 17917 
19097 19146 
19085 19164 
18016 20094 
18031 20078 
18842 19402 
16347 20557 
16382 20556 
19830 18181 
19342 18870 
19386 18814 
19400 18800 
19623 18484 
19693 18420 
19658 18483 
18867 19376 
18810 19454 
20044 17333 
20072 17279 
18530 19643 
18514 19713 
18607 19625 
18664 19615 
19286 18884 
19046 19340 
19063 19245 
19064 19238 
19079 19222 
19080 19168 
19599 18528 
19568 18545 
18857 19395 
19851 18028 
18719 19542 
18747 19488 
18394 19854 
18436 19789 
18308 19870 
18521 19652 
18520 19677 
17461 20413 
17429 20429 
17981 20138 
17905 20150 
19233 19033 
19252 19025 
19872 17977 
18446 19752 
18461 19736 
18701 19606 
19224 19093 
19723 18322 
19705 18324 
19733 18260 
19747 18212 
19749 18190 
19476 18708 
19982 17809 
20017 17808 
16156 20620 
16191 20619 
19525 18610 
19494 18696 
19538 18605 
19507 18691 
19483 18706 
19457 18787 
19466 18744 
17732 20234 
15877 20633 
15842 20696 
17661 20286 
17570 20337 
17628 20293 
18290 19997 
18275 20010 
18216 20028 
18251 20027 
17864 20226 
16497 20539 
16465 20555 
16735 20472 
16757 20470 
16772 20454 
15930 20625 
20019 17342 
19510 18626 
19523 18621 

18740 19488 
19898 17816 
19840 18162 
19842 18145 
19858 18075 
18726 19541 
18710 19611 
18300 19882 
18284 19890 
19094 19301 
19110 19231 
19497 18739 
16789 20484 
16851 20460 
19111 19170 
16588 20628 
18068 20046 
18870 19382 
18902 19366 
19442 18781 
19477 18780 
17987 20073 
17972 20089 
17305 20401 
17321 20331 
18540 19724 
18525 19740 
18541 19670 
16891 20407 
16885 20442 
19551 18723 
19567 18617 
19593 18560 
19141 19090 
19238 18965 
17554 20313 
17611 20310 
19265 18956 
18094 20034 
18078 20042 
18868 19412 
19010 19303 
18950 19308 
18985 19307 
19372 18823 
19322 18934 
19338 18864 
20165 17325 
20007 17784 
19950 17794 
19946 17813 
19729 18282 
19197 19047 
19870 17861 
19871 17836 
19777 18266 
19664 18441 
19694 18323 
19678 18393 
18453 19828 
18263 19990 
18248 20006 
18264 19936 
20051 17528 
20020 17665 
17709 20308 
17710 20283 
17848 20226 
17774 20263 
17900 20117 
17957 20114 
17861 20127 
16589 20485 
18803 19453 

20126 16522 
18661 19566 
18645 19597 
18647 19580 
18808 19477 
18759 19492 
18810 19421 
18794 19491 
18539 19758 
18574 19757 
18642 19650 
18607 19651 
18606 19705 
19782 18195 
19813 18109 
19784 18175 
19798 18125 
20025 17707 
19976 17722 
20027 17651 
20011 17721 
19859 17983 
19876 17911 
19861 17927 
19845 17997 
18074 20024 
19433 18742 
16352 20577 
16338 20591 
18868 19412 
18314 19920 
18286 19974 
19966 17732 
17088 20368 
19534 18620 
19946 17876 
17618 20324 
17653 20284 
17603 20363 
17638 20300 
18041 20123 
18008 20149 
19227 19026 
19204 19096 
19235 19010 
18678 19534 
18700 19532 
18715 19516 
16479 20541 
16465 20555 
19757 18257 
19741 18327 
19127 19145 
19014 19327 
18978 19382 
19097 19225 
16727 20529 
19414 18796 
19363 18864 
19400 18810 
19758 18234 
19789 18148 
19773 18218 
19573 18586 
19590 18514 
19575 18530 
19559 18600 
19289 18966 
19308 18873 
18061 20121 
19249 18996 
19644 18436 
18398 19896 
18417 19837 
18367 19898 
18403 19851 
19296 18890 
19265 18976 
17841 20183 
17826 20222 
17861 20159 
20076 17048 
20030 17296 
20043 17178 
18441 19813 
16900 20482 
18092 20005 
17080 20420 
17066 20434 
19141 19131 
19507 18670 
19593 18507 
20073 17080 

18893 19381 
18882 19396 
19289 18966 
18695 19506 
17885 20183 
18989 19265 
19007 19263 
18975 19279 
18840 19419 
17609 20317 
20030 17698 
20015 17714 
19999 17784 
18049 20066 
18178 19984 
18180 19967 
18196 19897 
16566 20557 
19602 18652 
19560 18655 
19551 18723 
18591 19653 
18525 19740 
18540 19724 
18541 19670 
19719 18327 
19668 18398 
19703 18397 
16797 20530 
16812 20514 
16813 20460 
18309 19834 
19869 18135 
19854 18151 
19803 18222 
19852 18207 
19838 18221 
19286 18997 
19304 18929 
19307 18897 
19276 19033 
18838 19420 
18868 19412 
19064 19238 
19079 19222 
20183 17146 
20117 17233 
20166 17218 
20152 17232 
20168 17162 
18964 19331 
20035 17591 
20050 17575 
19973 17841 
19976 17809 
19972 17850 
19940 17940 
19945 17895 
17946 20146 
17744 20197 
17734 20283 
17161 20427 
19215 19122 
19225 19063 
18817 19479 
18801 19487 
18717 19498 
15892 20617 
15842 20696 
15877 20633 
15875 20689 
19636 18442 
19409 18793 
19799 18229 
19789 18315 
16513 20564 
16475 20574 
18017 20097 
17975 20110 
18220 19893 
18192 19947 
18281 19877 
18478 19812 
19160 19186 
19162 19130 
19127 19193 
18672 19542 
18630 19545 
18621 19613 
19468 18733 
19622 18498 
19435 18779 
19404 18865 
16915 20444 
16834 20451 

18175 19963 
18124 20034 
16744 20561 
16709 20562 
19097 19186 
17683 20286 
17609 20317 
18556 19667 
18525 19753 
18724 19492 
18675 19530 
18591 19557 
18321 19910 
18286 19911 
18874 19482 
18817 19485 
19296 18884 
19276 18908 
19261 18947 
19304 18868 
19229 18957 
19213 19027 
18682 19527 
18697 19514 
18604 19538 
17360 20374 
17358 20394 
17904 20154 
19608 18560 
19593 18576 
19591 18632 
19577 18646 
19108 19160 
19516 18679 
18477 19768 
18475 19824 
18461 19838 
18379 19847 
19502 18687 
19643 18463 
19657 18449 
19194 19090 
18574 19559 
19489 18711 
19460 18790 
18936 19472 
18953 19377 
16813 20460 
16797 20530 
16812 20514 
18983 19280 
19027 19224 
20226 16916 
20176 16933 
20175 16987 
19908 17924 
19858 17941 
19844 17991 
19842 18011 
17726 20275 
17478 20332 
19734 18311 
19703 18397 
19719 18352 
19668 18423 
19044 19204 
20048 17722 
20017 17808 
19982 17809 
19472 18774 
19474 18718 
20174 17095 
20146 17225 
20096 17242 
20080 17312 
20095 17296 
19804 18079 
19773 18165 
19738 18166 
19613 18524 
19612 18529 
18057 20147 
18092 20084 
19737 18188 
19305 18841 
17073 20449 
19395 18803 
19381 18817 
17860 20166 
17809 20237 
19303 18882 

18049 20066 
19042 19235 
19025 19307 
19027 19251 
19011 19321 
19461 18788 
19755 18350 
18819 19485 
18853 19476 
19881 17994 
19917 17954 
19999 17421 
19285 19068 
18259 19932 
17941 20114 
18193 19935 
18174 19994 
18423 19813 
18747 19488 
18719 19542 
20067 17348 
18868 19412 
19966 17945 
19997 17823 
19984 17854 
19830 18181 
17534 20294 
17542 20290 
19593 18560 
20180 16683 
20164 16753 
19674 18358 
19665 18504 
20125 17143 
20114 17280 
18345 19883 
18632 19593 
18661 19566 
18647 19580 
19911 17980 
19852 18030 
19838 18044 
19384 18798 
19365 18857 
16515 20579 
16520 20534 
17701 20264 
17730 20237 
17716 20251 
17731 20199 
19502 18716 
17341 20338 
17325 20408 
17289 20418 
17070 20494 
17081 20462 
17107 20433 
18150 20044 
17455 20314 
17411 20336 
17441 20328 
18513 19685 
18543 19677 
18437 19787 
18473 19745 
19485 18781 
19535 18633 
17806 20192 
17836 20184 
17937 20123 
17870 20130 
19303 18882 
20016 17419 
18374 19820 
18559 19607 
19157 19168 

