19386 18840 
19384 18896 
19369 18914 
19370 18910 
16661 20485 
18354 19798 
18406 19797 
18436 19789 
17502 20322 
19515 18621 
18851 19445 
18884 19438 
18886 19382 
19582 18531 
19568 18545 
18726 19541 
18710 19611 
19561 18602 
19882 17969 
20033 17650 
19710 18308 
19231 19003 
18267 19856 
18253 19870 
17301 20403 
19041 19281 
19854 18063 
19282 18916 
19269 18926 
19268 18930 
19253 18943 
18201 19873 
18192 19951 
17732 20234 
19446 18742 
15978 20603 
19715 18183 
17875 20155 
19391 18808 
19925 17672 
19911 17686 
17953 20082 
19183 19040 
19865 18030 
19849 18100 
18610 19663 
18642 19650 
18572 19714 
18607 19713 
19791 18124 
19700 18503 
19529 18612 
19906 17823 
19890 17893 
18040 20079 
20135 17189 
20121 17229 
20106 17268 
19798 18107 
19782 18177 
18448 19717 
18792 19481 
17946 20146 
19162 19130 
19160 19186 
19127 19193 
19436 18785 
19506 18623 
19504 18679 
19460 18701 
19490 18693 
16512 20549 
16542 20541 
17031 20443 
18269 19800 
19057 19211 
19390 18822 
16742 20451 
16915 20444 

17540 20205 
17513 20251 
17379 20318 
17326 20322 
17428 20298 
16933 20490 
16898 20553 
19866 18118 
19852 18132 
19762 18361 
19746 18431 
19951 17865 
19935 17935 
19950 17919 
18262 19892 
17804 20197 
17912 20175 
20105 17094 
20121 17086 
18762 19478 
16951 20442 
19101 19164 
19053 19250 
18849 19386 
18980 19337 
19804 18278 
19773 18280 
18154 20010 
18123 20012 
18159 19965 
19535 18628 
19576 18469 
19611 18468 
18601 19664 
18424 19806 
18392 19822 
19251 19052 
19238 19063 
18265 19888 
18251 19902 
18363 19854 
18101 20163 
18114 20079 
19573 18586 
19575 18530 
19559 18600 
16465 20555 
19486 18687 
18431 19767 
18433 19745 
18417 19815 
19997 17575 
19979 17577 
19965 17591 
20083 17522 
19647 18434 
18538 19688 
18539 19684 
18726 19541 
18710 19611 
17319 20413 
17351 20319 
17288 20415 
17324 20368 
19407 18833 
19325 18932 
19377 18858 
19340 18919 
17886 20187 
15859 20568 
15843 20638 
19125 19155 
18992 19328 
19078 19222 
19180 19068 
19165 19107 
19438 18746 
19868 18062 
18803 19453 
18230 19920 
19282 19000 
19499 18676 
18818 19389 
15918 20560 
19127 19135 

20147 17137 
19285 19068 
18243 19845 
18241 19901 
18227 19915 
19677 18467 
19663 18481 
20095 17186 
16812 20514 
19837 17978 
19886 17963 
19872 17977 
18726 19541 
18710 19611 
17511 20277 
17575 20244 
19746 18431 
19762 18361 
19507 18682 
19481 18763 
19489 18684 
15810 20628 
17896 20144 
18739 19513 
18815 19475 
18801 19489 
18487 19654 
19791 18202 
19806 18186 
19807 18132 
18202 19935 
19594 18486 
17351 20385 
17349 20441 
19538 18649 
19554 18595 
19770 18224 
18547 19618 
18506 19639 
18492 19653 
19950 17944 
20082 17571 
20025 17848 
17870 20205 
18057 20139 
18062 20094 
18114 20079 
18127 20018 
18141 19954 
18475 19758 
18441 19809 
18457 19760 
18443 19774 
18978 19382 
19014 19327 
19356 18822 
19342 18870 
19400 18800 
19386 18814 
17016 20472 
17464 20287 
17450 20335 
19160 19103 
19103 19163 
19089 19211 
19093 19181 
19069 19271 
19083 19267 
19100 19172 
19303 18882 
18817 19419 
16637 20530 
19105 19141 
19109 19111 

19807 18194 
19791 18202 
19964 17785 
19999 17784 
20015 17714 
16504 20506 
16435 20603 
16465 20595 
16492 20546 
18850 19437 
18886 19382 
18113 20014 
18091 20022 
20132 17362 
19812 18051 
19828 17981 
19928 17951 
17439 20455 
19106 19153 
19092 19167 
19424 18743 
17981 20138 
17996 20099 
18016 20075 
19677 18432 
19006 19270 
19036 19262 
18923 19352 
18954 19300 
18414 19784 
18416 19728 
18540 19724 
20209 16771 
20192 16843 
20178 16857 
20194 16787 
19285 19068 
18082 20030 
18025 20039 
18060 20038 
17726 20275 
19143 19126 
19112 19128 
19608 18584 
19577 18586 
19613 18539 
19721 18359 
19671 18438 
19686 18399 
19496 18682 
19558 18658 
19527 18660 
18576 19719 
18630 19696 
19430 18741 
18247 19992 
20051 17483 
20105 17460 
18131 20003 
18132 19999 
18363 19946 
18396 19939 
18398 19883 
18707 19508 
18723 19438 
19680 18428 
19618 18521 
19649 18514 
19663 18500 
19665 18444 
19321 18862 
19300 18887 
19286 18902 
19084 19258 
17576 20322 
17531 20362 
17557 20330 
16740 20491 
16821 20468 
16789 20484 
16851 20460 
19395 18803 
19381 18817 
18864 19384 
19313 18876 

18287 19885 
19063 19239 
20067 17348 
18060 20038 
17994 20045 
18996 19293 
18854 19382 
19872 17991 
19856 18061 
19406 18862 
19398 18938 
20025 17848 
18392 19822 
19798 18187 
19298 19082 
18091 20022 
17886 20187 
18900 19337 
17473 20313 
17698 20244 
17712 20196 
16954 20465 
16960 20443 
17939 20076 
17922 20139 
18279 19913 
18278 19967 
18244 19976 
19132 19090 
18627 19514 
18552 19656 
18614 19632 
19482 18771 
16227 20615 
19098 19146 
19714 18260 
19668 18398 
19703 18397 
16627 20578 
17614 20273 
17625 20247 
17591 20285 
17590 20310 
19584 18653 
19868 18001 
19852 18071 
17175 20417 
17249 20339 
18622 19554 
18529 19664 
18591 19640 
19610 18461 
19645 18460 
19753 18246 
19823 18172 
20069 17210 
20104 17209 
16708 20513 
18803 19453 
18421 19753 
18445 19715 
19066 19147 
19109 19114 
17191 20347 
19593 18507 

19999 17748 
19980 17841 
19784 18080 
18522 19740 
19886 17852 
19855 17938 
18220 19893 
18223 19857 
18204 19950 
18357 19842 
18628 19697 
19272 18934 
18746 19561 
18711 19562 
19097 19186 
19847 17991 
19811 18046 
18456 19826 
19608 18498 
19577 18584 
17922 20139 
17429 20429 
18114 20079 
18089 20094 
19712 18400 
19700 18457 
19717 18355 
17510 20322 
20004 17571 
19101 19150 
19164 19103 
20070 17523 
19506 18623 
19541 18622 
17521 20282 
17498 20351 
17464 20360 
19064 19207 
19051 19227 
17900 20209 
17929 20102 
17853 20256 
19285 18917 
19238 19039 
19269 18987 
19381 18817 
18164 19964 
18978 19382 
19014 19327 
18933 19409 
16531 20551 
19754 18256 
19739 18272 
19734 18310 
15841 20688 
15877 20633 
16992 20471 
17235 20438 
19460 18759 
16003 20554 
15987 20624 
19481 18670 
18810 19411 
19871 17868 
19303 18882 
18795 19507 
19593 18514 

17390 20337 
17434 20281 
19782 18240 
19735 18287 
18909 19393 
17095 20437 
18002 20133 
18265 19982 
17912 20175 
17922 20139 
19792 18164 
19075 19212 
19076 19166 
20025 17848 
18081 20037 
18086 19999 
18014 20054 
18049 20053 
18726 19541 
18710 19611 
19885 18005 
19887 17983 
19871 18053 
19023 19310 
19665 18504 
19385 18863 
19390 18818 
18485 19688 
18520 19687 
18717 19550 
18436 19789 
19335 18983 
19337 18961 
19321 19031 
18803 19405 
18775 19459 
19409 18793 
19668 18401 
19608 18569 
17725 20231 
19185 19085 
19691 18338 
19723 18322 
17073 20449 
16588 20628 
17404 20316 
17448 20260 
20067 17232 
17621 20253 
18447 19735 
17805 20196 
17773 20212 
19921 17944 
19926 17899 
19114 19162 
19489 18711 
19460 18790 
19504 18650 
19536 18634 
17235 20427 
17293 20378 
17325 20359 
18278 19822 
18536 19617 
20073 17080 

19337 18961 
19302 19024 
19303 18999 
18380 19827 
18614 19699 
19919 17785 
19903 17855 
18880 19480 
18864 19550 
19871 18079 
19842 18145 
19857 18093 
18886 19382 
17362 20319 
19143 19076 
18957 19295 
19361 18805 
17285 20400 
19689 18350 
19688 18368 
16812 20514 
19677 18467 
19679 18411 
19663 18481 
19230 19042 
19351 18835 
17681 20265 
17676 20295 
17774 20186 
17760 20200 
20165 17325 
18950 19303 
17933 20116 
18225 19915 
19041 19281 
19752 18255 
19701 18323 
17791 20184 
17873 20159 
19568 18557 
19462 18742 
19565 18673 
19567 18617 
19551 18723 
19082 19198 
19111 19170 
18040 20079 
19803 18168 
19789 18218 
20032 17495 
20018 17509 
19704 18308 
16465 20555 
19964 17596 
19927 17603 
18312 19835 
18345 19828 
18398 19804 
18498 19751 
16170 20583 
16203 20576 
16945 20493 
15913 20661 
19363 18749 
18287 19891 
19057 19211 
20034 17439 
19980 17526 

19731 18187 
19766 18186 
19797 18100 
20069 17506 
20119 17427 
20140 16685 
20171 16599 
20156 16615 
19510 18619 
19481 18654 
19512 18568 
20025 17848 
19053 19297 
18401 19796 
18417 19726 
17680 20235 
19359 18888 
17947 20149 
16570 20516 
18594 19608 
19279 18943 
17969 20115 
18739 19513 
18801 19489 
18832 19403 
18664 19516 
17771 20157 
17797 20150 
19872 17977 
19903 17891 
19888 17907 
18656 19566 
18540 19724 
18591 19653 
18308 19825 
18343 19824 
17979 20058 
18968 19335 
19807 18037 
19816 18029 
19851 18028 
19882 17942 
16460 20586 
19697 18362 
19728 18276 
16636 20487 
17393 20339 
17415 20330 
17450 20329 
18570 19663 
17316 20448 
17366 20369 
17351 20385 
19430 18756 
19461 18670 
18181 19965 
18212 19879 
19231 19003 
17725 20201 
17760 20200 
18924 19399 
18068 20046 
18083 19994 
18096 19992 
19148 19229 
19171 19144 
19176 19141 
19153 19147 
19519 18513 
19644 18436 
19418 18778 
19449 18692 
19434 18708 
19492 18622 
18609 19592 
18817 19419 
19713 18292 
18197 19895 
19593 18507 

18103 20117 
18115 20060 
18138 20054 
16537 20543 
16486 20614 
19689 18199 
19658 18285 
19674 18215 
17896 20144 
17760 20200 
19966 17917 
20016 17838 
19392 18776 
19361 18862 
19246 18980 
20073 17495 
20108 17432 
19309 18960 
19872 17977 
18741 19525 
18726 19541 
18710 19611 
18520 19687 
17995 20130 
17489 20243 
17473 20313 
19798 18187 
19848 18108 
16928 20501 
17460 20343 
17429 20429 
18447 19717 
18432 19733 
18416 19803 
18673 19641 
17749 20240 
19063 19248 
19099 19201 
19135 19164 
20183 17146 
20152 17232 
20168 17162 
17851 20198 
17852 20173 
19482 18771 
19532 18692 
19593 18560 
19036 19272 
19067 19220 
19622 18378 
18179 19880 
18148 19966 
19185 19054 
19216 19002 
18981 19324 
18950 19410 
17136 20484 
17250 20449 
19669 18253 
19377 18792 
18803 19453 
18353 19853 
19607 18394 

20093 17310 
20077 17380 
20128 17047 
20112 17117 
17390 20337 
17434 20281 
19907 17877 
20095 17186 
18754 19454 
18789 19453 
18053 20081 
18018 20082 
19328 19075 
19822 18002 
19866 17946 
18614 19699 
17933 20116 
19067 19248 
19065 19271 
17248 20423 
18079 19976 
18095 19958 
18436 19789 
18893 19381 
18899 19374 
18710 19611 
19986 17585 
18103 19935 
18132 19931 
18061 19992 
19248 19133 
19460 18790 
18475 19741 
18460 19757 
17789 20278 
18223 19826 
19762 18361 
19746 18431 
18713 19505 
18740 19455 
18711 19534 
18712 19509 
18217 19925 
16656 20541 
19647 18497 
18668 19659 
19338 18895 
19362 18866 
18868 19412 
17317 20364 
19177 19180 
19111 19183 
16832 20457 
16797 20520 
18324 19809 
19567 18617 
19551 18723 
19389 18803 
19927 17724 
19794 18052 
19799 18007 
19381 18817 
19666 18489 
16423 20562 
19081 19195 
20002 17515 
18961 19304 

16168 20601 
16408 20574 
19343 18865 
19327 18935 
19097 19146 
17689 20232 
17673 20302 
17638 20303 
19684 18443 
19905 17915 
19940 17852 
17344 20351 
17364 20327 
17315 20378 
18726 19541 
18710 19611 
17791 20184 
17248 20423 
17262 20409 
17725 20201 
17760 20200 
17774 20186 
20015 17714 
19999 17784 
19964 17785 
19052 19296 
19068 19226 
19282 18975 
19247 18976 
18409 19809 
19742 18185 
19552 18574 
19566 18560 
18264 19913 
18278 19899 
16521 20544 
16583 20520 
18798 19445 
18860 19421 
18874 19407 
18876 19351 
18976 19336 
17976 20119 
18033 20109 
17998 20110 
19207 19017 
19221 19003 
19482 18771 
19704 18308 
19717 18261 
19731 18247 
18392 19822 
19778 18146 
19792 18132 
19794 18076 
20117 17233 
20152 17232 
20166 17218 
20168 17162 
20072 17438 
20058 17486 
20086 17424 
20088 17368 
19370 18797 
17853 20146 
19148 19116 
19179 19064 
19162 19102 
19481 18777 
19495 18763 
19497 18707 
18058 19978 
18039 20012 
18053 19998 
18619 19697 
18745 19474 
18451 19739 
18418 19759 
18465 19725 
18225 19970 
19629 18552 
19539 18577 
16915 20434 
16858 20515 
16576 20537 
18280 19843 
19805 17937 
19692 18312 
19733 18191 

19386 18840 
19384 18896 
19370 18910 
19964 17785 
19999 17784 
19030 19212 
19079 19197 
19065 19211 
19746 18431 
19762 18361 
18210 19953 
18196 19967 
19202 19099 
19216 19051 
19230 19037 
19201 19103 
19111 19170 
17370 20358 
17602 20291 
17590 20310 
18656 19566 
18854 19380 
17873 20159 
18986 19221 
19337 18961 
19321 19031 
19719 18443 
19696 18449 
19666 18474 
18947 19322 
18979 19274 
18739 19513 
18815 19475 
18801 19489 
17805 20170 
17791 20184 
16914 20466 
18614 19699 
17773 20250 
19561 18602 
18396 19939 
18363 19946 
18704 19534 
18703 19538 
18927 19341 
18959 19293 
16588 20628 
17103 20397 
17014 20404 
19489 18711 
19460 18790 
19873 18223 
19840 18230 
19774 18233 
20013 17571 
20041 17483 
20060 17390 
20025 17553 
18064 20038 
17627 20282 
19589 18525 
19579 18541 
19916 17832 
19881 17895 
18040 20074 
18133 20001 
18542 19716 
17956 20110 
17894 20111 
18473 19718 
18457 19788 
18471 19774 
16908 20476 
16952 20420 
18817 19419 

16879 20502 
18191 19897 
20135 17316 
20119 17393 
20094 17408 
20073 17458 
20179 16950 
20163 17027 
19337 18961 
19321 19031 
17726 20275 
17613 20297 
19852 18132 
18381 19821 
18345 19883 
18982 19287 
18968 19335 
18729 19459 
18572 19714 
18607 19713 
18642 19650 
19554 18571 
19537 18706 
17760 20200 
19041 19281 
15842 20696 
15877 20633 
17791 20184 
19782 18240 
19735 18287 
18014 20139 
17957 20149 
17590 20310 
17656 20276 
18616 19707 
18663 19510 
18647 19580 
18662 19528 
18673 19496 
18182 19949 
19665 18444 
19649 18514 
18049 19983 
19905 17709 
19965 17583 
19949 17653 
18883 19395 
16560 20557 
17456 20340 
17276 20422 
19398 18938 
19433 18875 
19111 19170 
19217 19091 
17357 20369 
17478 20316 
18544 19726 
16915 20468 
19868 18062 
18803 19453 
19057 19211 
18051 19963 
19960 17621 
18488 19752 
18385 19755 

16907 20517 
19073 19144 
18447 19735 
17439 20455 
18956 19325 
19543 18577 
19545 18555 
19804 18278 
19805 18112 
18838 19420 
18868 19412 
18265 19982 
16574 20538 
16542 20554 
18741 19581 
18015 20058 
19321 19031 
19335 18983 
19337 18961 
19869 17958 
19808 18052 
19854 17974 
19838 18044 
17656 20276 
17609 20317 
19627 18516 
18523 19714 
18491 19730 
19529 18670 
19493 18801 
19514 18686 
19498 18756 
19248 19133 
19262 19085 
19264 19063 
18871 19353 
18870 19357 
19398 18938 
18997 19232 
19027 19224 
18007 20068 
18021 20055 
18008 20064 
19844 17991 
19682 18452 
19650 18468 
19535 18628 
19762 18361 
19746 18431 
18534 19690 
19580 18547 
19947 17747 
19938 17779 
19899 17850 
19910 17836 
19911 17832 
19954 17709 
19933 17823 
18193 20045 
16341 20571 
18950 19343 
18964 19295 
18994 19287 
18393 19770 
18787 19549 
18651 19599 
20022 17374 
20077 17346 
19992 17411 
17956 20110 
17946 20146 
17735 20163 
17718 20201 
17704 20249 
17900 20152 
17125 20483 
16302 20613 
19969 17625 
18374 19820 
20097 17258 
20036 17355 
17720 20179 

19821 18020 
18514 19713 
19551 18604 
19553 18548 
19537 18618 
20107 17054 
16744 20561 
20025 17422 
19097 19186 
19568 18545 
20015 17714 
19999 17784 
19964 17785 
18074 20024 
18060 20038 
18228 19886 
18285 19876 
16889 20520 
17641 20260 
17402 20340 
18354 19798 
18436 19789 
17922 20167 
17906 20237 
19733 18342 
19702 18425 
19731 18398 
18008 20149 
18043 20093 
18029 20107 
19501 18764 
18710 19611 
18180 19963 
18170 19978 
18111 20006 
18156 19992 
18910 19405 
18863 19452 
18896 19445 
19118 19064 
18806 19551 
18813 19464 
19295 18939 
17609 20317 
18208 19919 
18194 19933 
18999 19283 
19017 19281 
19311 18929 
19179 19054 
19192 19034 
17215 20386 
17229 20372 
17172 20428 
19507 18673 
19112 19110 
19110 19183 
19081 19262 
19096 19223 
18619 19697 
16012 20625 
16071 20612 
16104 20605 
20135 17000 
20061 17360 
19327 18859 

19139 19082 
19153 19068 
19321 19031 
17357 20369 
17421 20357 
19577 18580 
19584 18493 
18754 19611 
18770 19541 
18719 19612 
19050 19247 
19023 19296 
19082 19181 
19051 19208 
19037 19258 
18607 19625 
20088 17321 
20103 17207 
20093 17215 
20053 17322 
19096 19103 
19090 19138 
17886 20135 
17870 20205 
16521 20544 
16583 20520 
20181 16981 
18544 19743 
18585 19723 
19704 18308 
19830 18181 
16826 20470 
19849 18003 
19900 17943 
19841 18010 
19864 17998 
19460 18747 
19488 18639 
17705 20227 
17718 20218 
17693 20246 
20025 17848 
17933 20116 
17567 20307 
17581 20293 
20037 17550 
17258 20465 
19380 18755 
18918 19342 
18908 19428 
19690 18410 
19695 18372 
19660 18435 
19652 18461 
19360 18944 
19344 19014 
19236 19039 
18431 19761 
15889 20678 
15842 20696 
15875 20689 
16450 20589 
18344 19841 
18242 19862 
18029 20067 
18188 20057 
18223 19994 
18248 19853 
18423 19769 
18407 19839 
19081 19195 
16589 20485 
19720 18238 
19494 18604 

20167 16857 
20183 16787 
20143 16894 
20196 16771 
20144 16869 
17248 20423 
17264 20353 
20069 17365 
20102 17262 
20087 17278 
20072 17344 
20088 17274 
20071 17348 
18447 19801 
18396 19872 
19591 18570 
19608 18498 
18983 19280 
19027 19224 
19384 18838 
19401 18766 
19386 18782 
19370 18852 
18719 19612 
18754 19611 
19283 18973 
19300 18901 
19217 19002 
19269 18987 
19987 17733 
17919 20104 
18100 19998 
18099 20002 
18154 19972 
18140 19986 
19298 18933 
19284 18947 
19866 18118 
19883 18046 
19852 18132 
17516 20305 
18202 19935 
16812 20514 
19028 19160 
16638 20549 
16587 20620 
19846 18180 
19823 18192 
18066 20037 
18052 20051 
19818 18215 
19359 18888 
17761 20158 
17823 20134 
19581 18634 
19598 18562 
19567 18648 
18657 19634 
18572 19714 
18606 19705 
17734 20283 
18903 19456 
18852 19527 
16962 20455 
20035 17560 
20052 17488 
20037 17504 
20021 17574 
19638 18472 
19671 18369 
19656 18385 
19167 19085 
19116 19156 
19199 19016 
19185 19030 
19728 18366 
19774 18228 
19744 18296 
19743 18314 
19916 17832 
19505 18738 
19522 18666 
19434 18762 
19507 18682 
19491 18752 
19868 18062 
19583 18578 

17499 20341 
17885 20098 
17941 20087 
17976 20086 
17998 20077 
19599 18681 
19585 18708 
19635 18529 
19604 18615 
19121 19117 
19157 19020 
19141 19090 
19735 18241 
19750 18225 
19696 18252 
19681 18268 
19791 18202 
19807 18194 
19857 18115 
16460 20586 
19215 19008 
19387 18828 
18345 19883 
17725 20201 
17760 20200 
19978 17673 
20028 17594 
19217 18967 
19034 19307 
16885 20442 
20087 17354 
20077 17380 
20093 17310 
20049 17505 
20062 17387 
19679 18459 
19474 18718 
18014 20067 
18049 20066 
17460 20343 
17429 20429 
18471 19829 
19279 18943 
17553 20284 
17596 20273 
19325 18932 
19351 18887 
19340 18919 
19377 18858 
18529 19744 
18545 19674 
19930 17820 
19945 17804 
19914 17890 
19078 19225 
18654 19576 
18679 19547 
18703 19518 
18656 19559 
18846 19431 
18903 19421 
18131 20062 
18559 19585 
18594 19584 
17813 20135 
19108 19160 
19460 18790 
19489 18711 
19144 19029 
18288 19980 
18253 20043 
17832 20124 
17778 20158 
16787 20475 
16748 20527 
16506 20570 
16592 20533 
18803 19453 
19050 19237 

18658 19620 
18660 19585 
18676 19515 
17092 20426 
18924 19341 
17969 20115 
18932 19311 
18994 19287 
19274 18893 
19842 18145 
19857 18093 
18909 19393 
19750 18191 
17502 20322 
19907 17910 
19891 17918 
19555 18686 
20129 17268 
20145 17198 
19700 18287 
19716 18217 
16460 20586 
16476 20516 
19415 18738 
19663 18379 
19689 18295 
19678 18327 
19227 19060 
19252 19045 
18837 19433 
17248 20423 
17264 20353 
19976 17722 
20011 17721 
20027 17651 
20052 17593 
19092 19167 
18790 19445 
19029 19224 
19108 19160 
17588 20238 
17869 20233 
17918 20182 
19000 19252 
18958 19304 
18107 19950 
18049 19983 
18188 19914 
18499 19695 
16812 20514 
18455 19802 
18470 19750 
17073 20449 
18512 19671 
18527 19658 
18538 19626 
18489 19730 
19382 18803 
17540 20314 
17583 20247 
17560 20257 
17555 20301 
20057 17487 
19336 18869 
19593 18507 
19040 19192 
19608 18396 
18051 19963 
18204 19844 
19942 17751 

18463 19665 
18447 19735 
18436 19789 
18909 19393 
19519 18770 
19579 18641 
20158 17072 
20163 17027 
18283 19893 
18318 19892 
19238 19063 
19782 18240 
16470 20540 
19102 19079 
17980 20130 
17996 20099 
19750 18380 
19985 17638 
20020 17637 
19963 17867 
19381 18843 
19352 18870 
19037 19258 
18147 19931 
18096 20002 
18131 20001 
18529 19645 
18494 19646 
18726 19541 
18710 19611 
18740 19455 
18868 19412 
18037 20066 
19699 18394 
19697 18450 
19683 18464 
19840 17997 
19812 18051 
19858 17894 
17625 20287 
17734 20283 
20105 17094 
20121 17086 
17105 20434 
17103 20490 
17089 20504 
16350 20548 
18946 19325 
18981 19324 
19431 18803 
16255 20580 
16280 20551 
17870 20205 
17252 20402 
17381 20306 
17367 20354 
15877 20633 
15875 20689 
15842 20696 
19595 18571 
19282 19000 
19081 19195 
19025 19261 

20083 17360 
20098 17321 
20084 17335 
20100 17265 
17837 20194 
17842 20149 
17858 20079 
20015 17714 
19999 17784 
19830 18181 
16757 20567 
19251 19052 
19238 19063 
19851 18028 
18486 19757 
19888 18010 
19890 17954 
19874 18024 
18797 19515 
18781 19585 
18710 19611 
18230 19950 
18216 19964 
18425 19763 
18806 19464 
19302 19024 
19317 18985 
19303 18999 
19337 18961 
19679 18324 
19665 18338 
19681 18268 
17429 20429 
18564 19651 
18562 19679 
19915 17920 
19950 17919 
19951 17865 
18534 19690 
19591 18491 
19391 18808 
19123 19209 
20166 17218 
20152 17232 
20168 17162 
18863 19412 
19638 18472 
19656 18385 
17446 20327 
19414 18798 
18975 19279 
18989 19265 
19007 19263 
19197 19097 
18035 20069 
18105 20022 
18095 20058 
19484 18756 
19519 18693 
17724 20258 
17689 20321 
18933 19375 
19041 19233 
19071 19225 
18323 19899 
18353 19891 
16800 20525 
18424 19777 
19390 18822 
19514 18731 
17719 20296 
18949 19305 
16816 20455 

18094 20094 
18089 20139 
18770 19541 
18719 19612 
18754 19611 
19807 18194 
19791 18202 
18613 19725 
19690 18406 
18345 19883 
18498 19740 
18463 19741 
19808 18052 
19838 18044 
19852 18030 
19239 18995 
19269 18987 
19283 18973 
19856 17968 
19840 18038 
19854 18024 
18940 19362 
19771 18214 
19750 18329 
19755 18284 
19769 18270 
20025 17431 
20009 17501 
20023 17487 
17886 20187 
17725 20201 
17760 20200 
18816 19470 
18800 19540 
18814 19526 
19097 19277 
19880 17935 
16977 20506 
19234 19017 
17689 20213 
17554 20303 
19620 18639 
19625 18594 
20085 17331 
20100 17265 
20098 17321 
20084 17335 
20083 17360 
17608 20233 
17638 20225 
18204 20002 
18884 19438 
19474 18710 
19207 19031 
19199 19040 
19433 18875 
19398 18938 
19486 18658 
19459 18808 
19502 18647 
19988 17681 
19957 17703 
19142 19226 
19159 19157 
18368 19789 
18354 19803 
16446 20582 
17005 20404 
17404 20316 
17179 20398 
17595 20291 
17303 20364 
17193 20395 
17228 20394 
18956 19292 
18205 19885 
19987 17695 

19285 19068 
19556 18561 
19540 18631 
20070 16832 
20065 16876 
20094 16803 
20042 17350 
20044 17333 
20060 17263 
19123 19209 
18750 19455 
18764 19441 
18232 19941 
18909 19393 
18091 20022 
17485 20302 
19964 17785 
19999 17784 
20015 17714 
19818 18215 
19650 18468 
19698 18382 
19682 18452 
17429 20429 
19761 18240 
18574 19757 
19012 19223 
18996 19293 
19689 18401 
19321 19031 
19516 18679 
17791 20184 
17805 20170 
17638 20225 
18127 19996 
18152 19967 
18129 19979 
17563 20288 
17595 20272 
16965 20432 
17725 20201 
17760 20200 
17774 20186 
18710 19611 
18726 19541 
17933 20116 
16879 20502 
19738 18254 
19711 18300 
18276 19922 
19433 18875 
19398 18938 
19881 18025 
19844 18079 
19858 18065 
19130 19124 
19144 19110 
18119 19998 
18105 20012 
19590 18533 
16576 20579 
16661 20505 
16626 20568 
18766 19436 
18752 19450 
19438 18784 
19068 19212 
18074 20079 
18075 20025 
18059 20095 
18037 20104 
18336 19867 
18350 19853 
18622 19671 
18636 19657 
18482 19835 
18498 19765 
18540 19764 
19441 18746 
19454 18714 

19966 17917 
19097 19146 
19085 19164 
18031 20042 
18927 19417 
16347 20557 
16382 20556 
19830 18181 
19342 18870 
19386 18814 
19400 18800 
19623 18484 
19693 18420 
19658 18483 
18810 19454 
18729 19459 
20044 17333 
20072 17279 
18514 19713 
18607 19625 
18622 19609 
19286 18884 
19046 19340 
19063 19245 
19599 18528 
19568 18545 
19851 18028 
18662 19545 
18697 19544 
18354 19798 
18436 19789 
18308 19870 
18539 19684 
18538 19688 
18553 19670 
17461 20413 
17429 20429 
17981 20138 
18016 20075 
19252 19025 
19872 17977 
18446 19752 
18461 19736 
18710 19525 
19224 19093 
19723 18322 
19705 18324 
19733 18260 
19747 18212 
19476 18708 
20025 17848 
16191 20619 
19525 18610 
19494 18696 
19538 18605 
19507 18691 
19483 18706 
19457 18787 
19466 18744 
17732 20234 
15877 20633 
15842 20696 
18286 19876 
18267 19957 
18216 20028 
18251 20027 
17864 20226 
16497 20539 
16465 20555 
16735 20472 
18276 19935 
18658 19547 
18713 19474 
16742 20451 
19510 18626 
19523 18621 
17658 20268 

18731 19520 
19909 17822 
19875 17850 
19842 18145 
19857 18093 
19858 18075 
19304 18868 
18726 19541 
18710 19611 
19073 19249 
19497 18739 
16789 20484 
16851 20460 
19111 19170 
16588 20628 
18075 20044 
18068 20046 
18870 19382 
19448 18846 
19450 18829 
19466 18759 
17987 20073 
17938 20116 
17950 20098 
17972 20089 
17263 20395 
17320 20349 
18540 19724 
16891 20407 
16885 20442 
19551 18723 
19567 18617 
19593 18560 
19141 19090 
19218 18985 
19238 18965 
19207 19017 
19254 18895 
17554 20313 
19244 18904 
18093 20026 
18056 20051 
18078 20042 
18868 19412 
19010 19303 
18888 19332 
18950 19308 
18985 19307 
19684 18299 
20165 17325 
19969 17801 
19957 17819 
19985 17731 
19743 18244 
19197 19047 
19870 17861 
19720 18269 
19664 18441 
18479 19738 
18453 19828 
18263 19990 
20051 17528 
20020 17665 
17709 20308 
17710 20283 
17848 20226 
17774 20263 
17900 20117 
19303 18882 
19088 19233 
16589 20485 
18803 19453 
18881 19350 
19259 18888 
19316 18866 

20126 16522 
18647 19580 
18808 19477 
18759 19492 
18810 19421 
18794 19491 
18574 19757 
18642 19650 
18607 19651 
18606 19705 
19792 18096 
19827 18056 
19784 18175 
20025 17707 
19976 17722 
20027 17651 
20011 17721 
19859 17983 
19876 17911 
19861 17927 
19845 17997 
18074 20024 
18091 19952 
19433 18742 
16352 20577 
16338 20591 
18868 19412 
18315 19908 
18301 19922 
19961 17774 
19966 17732 
19534 18620 
19946 17876 
17618 20324 
17653 20284 
17603 20363 
17656 20240 
17638 20300 
18058 20101 
18041 20123 
17989 20142 
19227 19026 
19200 19050 
19235 19010 
19185 19089 
19186 19064 
17248 20423 
18678 19534 
16479 20541 
16465 20555 
19757 18257 
19741 18327 
19127 19145 
19301 18867 
19014 19327 
18978 19382 
19097 19225 
16727 20529 
19394 18778 
19363 18864 
19758 18234 
19789 18148 
19773 18218 
19573 18586 
19590 18514 
19575 18530 
19559 18600 
19289 18966 
18061 20071 
19249 18996 
19644 18436 
18398 19896 
18417 19837 
18367 19898 
18403 19851 
19296 18890 
19265 18976 
17841 20183 
17876 20143 
17826 20222 
17861 20159 
20076 17048 
20030 17296 
20043 17178 
18441 19813 
16900 20482 
18083 19987 
17066 20434 
19141 19131 
19379 18794 
19507 18670 
19593 18507 
20073 17080 

18893 19381 
18882 19396 
19289 18966 
18989 19265 
19007 19263 
18975 19279 
17590 20310 
17666 20308 
20030 17698 
18062 20143 
18206 19883 
18196 19897 
18195 19915 
18180 19967 
16521 20544 
16583 20520 
19602 18652 
19560 18655 
19551 18723 
18591 19653 
18540 19724 
19719 18327 
19668 18398 
19703 18397 
16812 20514 
18309 19834 
19869 18135 
19854 18151 
19852 18207 
19838 18221 
19303 18934 
18838 19420 
18868 19412 
19871 17937 
19023 19210 
19009 19224 
20183 17146 
20117 17233 
20166 17218 
20152 17232 
20168 17162 
18964 19331 
20035 17591 
20020 17918 
17946 20146 
17734 20283 
17161 20427 
19245 18975 
19275 18967 
18112 19973 
19225 19063 
18817 19479 
18717 19498 
18732 19482 
15892 20617 
15842 20696 
15877 20633 
15875 20689 
19636 18442 
19789 18315 
16475 20574 
18281 19877 
18478 19812 
19127 19193 
19177 19114 
19162 19130 
18672 19542 
18630 19545 
18621 19613 
19468 18733 
19435 18779 
19404 18865 
16915 20444 
16834 20451 
19157 19168 

18175 19963 
18124 20034 
18505 19612 
16744 20561 
19097 19186 
17590 20310 
18499 19670 
18724 19492 
18640 19531 
18675 19530 
18278 19899 
18264 19913 
18817 19485 
19304 18868 
19229 18957 
19213 19027 
18604 19538 
17360 20374 
17918 20140 
17904 20154 
19608 18560 
19593 18576 
19591 18632 
19577 18646 
19108 19160 
19516 18679 
18492 19752 
18477 19768 
18475 19824 
18461 19838 
19502 18687 
19643 18463 
19657 18449 
19207 19070 
19194 19090 
18318 19873 
18574 19559 
18589 19543 
19489 18711 
19460 18790 
18936 19472 
18953 19377 
16812 20514 
18983 19280 
19027 19224 
20226 16916 
20176 16933 
20175 16987 
19723 18322 
19908 17924 
19844 17991 
17726 20275 
17478 20332 
19734 18311 
19719 18327 
19703 18397 
19668 18398 
20025 17848 
19472 18774 
19474 18718 
20174 17095 
20146 17225 
20095 17296 
19781 18205 
19612 18529 
20038 17303 
18092 20084 
18038 20107 
17073 20449 
19395 18803 
19381 18817 
17860 20166 
17809 20237 
19303 18882 
19832 18004 

18062 20143 
16570 20516 
19042 19235 
19025 19307 
19027 19251 
19011 19321 
19404 18791 
19756 18345 
19742 18385 
19727 18424 
19728 18399 
18909 19355 
18797 19464 
18783 19478 
19945 18011 
20044 17475 
19285 19068 
18202 19935 
18174 19994 
18380 19802 
18697 19544 
18838 19420 
18868 19412 
19986 17960 
20037 17885 
20018 17944 
19830 18181 
17534 20294 
17542 20290 
19593 18560 
20205 16686 
20186 16745 
20164 16753 
19665 18504 
20132 17362 
18345 19883 
18632 19593 
18661 19566 
18647 19580 
19852 18030 
19838 18044 
19366 18877 
19384 18798 
19333 18884 
16515 20579 
16520 20534 
17701 20264 
17730 20237 
17716 20251 
17731 20199 
19502 18716 
17090 20423 
17076 20437 
17341 20338 
17325 20408 
17289 20418 
17086 20424 
17070 20494 
18145 20089 
17455 20314 
17411 20336 
17441 20328 
18513 19685 
18543 19677 
18437 19787 
18473 19745 
19177 19114 
19160 19186 
19162 19130 
19127 19193 
19485 18781 
19535 18633 
17806 20192 
17836 20184 
18832 19424 
18374 19820 
18559 19607 

