19386 18840 
19370 18910 
19384 18896 
19369 18914 
16661 20485 
18354 19798 
18406 19797 
18436 19789 
17502 20322 
19515 18621 
18851 19445 
18884 19438 
18886 19382 
19582 18531 
19568 18545 
18726 19541 
18710 19611 
19561 18602 
19882 17969 
20033 17650 
19710 18308 
19231 19003 
19288 19000 
18253 19870 
18310 19867 
17301 20403 
19041 19281 
19098 19278 
19854 18063 
18207 19938 
18239 19922 
18192 19951 
17732 20234 
19446 18742 
15978 20603 
19715 18183 
17875 20155 
19391 18808 
19925 17672 
19926 17658 
19911 17686 
17891 20106 
17923 20090 
17953 20082 
19183 19040 
19865 18030 
19849 18100 
18610 19663 
18642 19650 
18607 19713 
19791 18124 
19700 18503 
19529 18612 
19566 18558 
19906 17823 
19890 17893 
19904 17879 
18040 20079 
20135 17189 
20121 17229 
20106 17268 
19798 18107 
19782 18177 
18448 19717 
18792 19481 
19158 19154 
19436 18785 
19506 18623 
19504 18679 
19460 18701 
19490 18693 
16512 20549 
16542 20541 
17031 20443 
19390 18822 
16742 20451 
19157 19168 
16915 20444 

19431 18748 
19411 18772 
19443 18708 
19396 18811 
17432 20349 
16933 20490 
16913 20514 
16898 20553 
19866 18118 
19852 18132 
19759 18397 
19762 18361 
19746 18431 
19951 17865 
19956 17821 
19935 17935 
19937 17915 
18262 19892 
17791 20232 
17776 20271 
17777 20246 
17912 20175 
20121 17086 
20133 17040 
20105 17094 
18796 19455 
18776 19479 
18761 19518 
18762 19493 
16951 20442 
19059 19252 
19058 19257 
18849 19386 
18980 19337 
19773 18280 
19776 18214 
18314 19890 
18316 19873 
18180 20090 
18149 20092 
19535 18628 
19519 18636 
19618 18479 
19602 18549 
18601 19664 
18424 19806 
18392 19822 
19285 19068 
18251 19902 
18328 19855 
18363 19854 
18101 20163 
19798 18187 
19782 18195 
19573 18586 
19559 18600 
16465 20555 
19486 18687 
18431 19767 
18433 19745 
18417 19815 
19968 17530 
20083 17522 
19647 18434 
18514 19684 
18520 19677 
18498 19715 
18500 19698 
18726 19541 
18675 19612 
18710 19611 
17319 20413 
17288 20415 
17320 20409 
19357 18955 
19326 18957 
19358 18951 
17825 20197 
17886 20187 
15859 20568 
15843 20638 
19149 19133 
19133 19203 
18992 19328 
19078 19222 
19165 19107 
19438 18746 
19868 18062 
18803 19453 
18230 19920 
19499 18676 
18818 19389 
15918 20560 

20161 17039 
20109 17040 
19218 19033 
19677 18433 
19663 18481 
19679 18411 
20095 17186 
16812 20514 
19837 17978 
19886 17963 
19872 17977 
17823 20168 
17756 20185 
17805 20170 
17791 20184 
18726 19541 
18710 19611 
17540 20245 
17575 20244 
19755 18350 
19507 18682 
19481 18763 
19489 18684 
15810 20628 
17985 20125 
17918 20142 
17953 20141 
18739 19513 
18801 19489 
18858 19486 
18487 19654 
18224 19933 
18259 19932 
19594 18486 
17351 20385 
17349 20441 
19825 18234 
19758 18251 
19773 18235 
19538 18649 
19554 18595 
18581 19634 
18549 19650 
19950 17944 
20044 17488 
20049 17443 
20039 17800 
20025 17848 
18146 20063 
18114 20079 
19588 18556 
18475 19758 
18441 19809 
18457 19760 
18443 19774 
18978 19382 
19014 19327 
19356 18822 
19342 18870 
19400 18800 
19386 18814 
17016 20472 
17539 20316 
17450 20335 
17507 20332 
19178 19192 
19089 19211 
19126 19193 
19069 19271 
19083 19267 
19303 18882 
19282 19000 
16637 20530 

19807 18194 
19791 18202 
19999 17784 
19964 17785 
16435 20603 
16492 20546 
16465 20595 
16504 20513 
16488 20583 
18822 19449 
18851 19445 
18884 19438 
18105 20008 
18091 20022 
20132 17362 
18615 19660 
18631 19590 
19812 18051 
19828 17981 
19928 17951 
17439 20455 
19106 19153 
19092 19167 
19411 18804 
17981 20138 
17996 20099 
18016 20075 
19668 18513 
19006 19270 
19036 19262 
18927 19399 
18896 19401 
18954 19300 
18406 19848 
18414 19784 
18540 19724 
18525 19740 
20209 16771 
20177 16861 
20192 16843 
20178 16857 
20194 16787 
19177 19073 
19285 19068 
18074 20024 
18025 20039 
18060 20038 
17696 20283 
17726 20275 
19143 19126 
19112 19128 
19634 18664 
19677 18467 
19470 18727 
19532 18703 
18552 19720 
18567 19681 
19430 18741 
18171 20004 
18247 19992 
20070 17523 
20085 17484 
20105 17460 
18151 20005 
18363 19946 
18396 19939 
18398 19883 
18707 19508 
19649 18514 
19321 18862 
19314 18919 
19698 18295 
19084 19258 
17576 20322 
17496 20363 
17557 20330 
16740 20491 
16816 20469 
16789 20484 
16851 20460 
19381 18817 
19683 18311 

18287 19885 
18284 19890 
18300 19882 
19063 19239 
19064 19238 
19080 19168 
19079 19222 
20067 17348 
18060 20038 
17994 20045 
18996 19293 
19028 19277 
18854 19382 
19871 18009 
19406 18862 
19398 18938 
20025 17848 
18392 19822 
19827 18056 
19798 18187 
18091 20022 
17886 20187 
18900 19337 
17473 20313 
17698 20244 
17730 20228 
16960 20443 
17939 20076 
18279 19913 
18278 19967 
18244 19976 
19136 19038 
19137 19024 
18627 19514 
18552 19656 
18614 19632 
17979 20049 
19482 18771 
16227 20615 
19098 19146 
19130 19130 
19714 18260 
19703 18397 
16627 20578 
17614 20273 
19584 18653 
19867 18019 
17175 20417 
17232 20414 
17249 20339 
18622 19554 
18529 19664 
18591 19640 
19610 18461 
19645 18460 
19753 18246 
19823 18172 
20069 17210 
20104 17209 
19692 18399 
16841 20460 
16873 20444 
16708 20513 
18803 19453 
19282 19000 
18421 19753 
18445 19715 
19593 18507 

20027 17701 
20042 17685 
19999 17748 
19980 17841 
19784 18080 
18522 19740 
19855 17938 
19912 17935 
19877 17936 
19712 18447 
18220 19893 
18223 19857 
18204 19950 
18357 19842 
18628 19697 
19272 18934 
18816 19559 
18817 19505 
18801 19575 
19097 19186 
19847 17991 
19811 18046 
17508 20275 
17536 20247 
18456 19826 
19577 18584 
19634 18581 
19599 18582 
17908 20128 
17429 20429 
18114 20079 
19700 18457 
19717 18355 
17504 20289 
17532 20264 
19101 19150 
19137 19103 
19102 19104 
19154 19089 
19139 19102 
20070 17523 
19506 18623 
19541 18622 
17498 20351 
17561 20243 
19051 19227 
19064 19207 
17929 20102 
17853 20206 
19285 18917 
19238 19039 
19269 18987 
19381 18817 
19382 18803 
18164 19964 
18978 19382 
19014 19327 
18933 19409 
16531 20551 
15841 20688 
15877 20633 
16992 20471 
17235 20438 
19460 18759 
16003 20554 
15987 20624 
19481 18670 
19303 18882 
17618 20238 
19751 18101 
17866 20195 
19739 18265 

17434 20281 
17416 20417 
19782 18240 
19735 18287 
18874 19394 
18909 19393 
17095 20437 
17967 20134 
17912 20175 
17922 20139 
19812 18051 
19792 18102 
18262 19892 
19075 19212 
19076 19166 
18258 19893 
18226 19909 
19960 17811 
18014 20054 
18049 20053 
18726 19541 
18675 19612 
18710 19611 
19880 18049 
19023 19310 
19665 18504 
19411 18943 
18938 19376 
18485 19688 
18520 19687 
18717 19550 
18436 19789 
18394 19854 
19234 19036 
19335 18983 
19337 18961 
19321 19031 
18803 19405 
18775 19459 
19668 18401 
19608 18569 
17725 20231 
17631 20232 
19115 19127 
19185 19085 
19723 18322 
19691 18338 
19679 18378 
17073 20449 
16588 20628 
17448 20260 
20067 17232 
17621 20253 
18447 19735 
17805 20196 
17773 20212 
19886 17945 
19163 19087 
19114 19162 
19489 18711 
19460 18790 
19536 18634 
19504 18650 
19492 18690 
18183 19977 
17235 20427 
19976 17741 
18065 19983 
18536 19617 
20073 17080 

17679 20230 
17680 20205 
19302 19024 
19335 19017 
19337 18961 
18345 19871 
18347 19815 
18331 19885 
18614 19699 
18615 19645 
18599 19715 
19903 17855 
19868 17856 
18864 19550 
18829 19551 
19840 18162 
19856 18131 
19858 18075 
19842 18145 
18868 19469 
18884 19438 
18886 19382 
17362 20319 
19118 19091 
18957 19295 
19361 18805 
17285 20400 
19687 18406 
19689 18350 
16812 20514 
16797 20530 
19677 18467 
19679 18411 
19663 18481 
19230 19042 
19228 19062 
19351 18835 
17576 20303 
17609 20296 
19008 19290 
17676 20295 
17774 20186 
17760 20200 
20165 17325 
20130 17326 
18919 19336 
18952 19329 
17933 20116 
18245 19956 
18278 19949 
18280 19893 
19041 19281 
19715 18309 
19701 18323 
17791 20184 
17873 20159 
19387 18788 
19420 18781 
19462 18742 
19567 18617 
19551 18723 
19092 19183 
19082 19198 
19111 19170 
18040 20079 
16139 20629 
16154 20590 
16140 20604 
19766 18229 
19768 18173 
19752 18243 
19338 18864 
20032 17495 
20018 17509 
16465 20555 
19910 17803 
19912 17747 
19964 17596 
19927 17603 
18355 19813 
18398 19804 
18498 19751 
16170 20583 
16203 20576 
16945 20493 
15913 20661 
18287 19891 
19057 19211 
19717 18253 
20034 17439 
19919 17745 
19980 17526 

19731 18187 
19766 18186 
20053 17514 
20069 17444 
20068 17498 
20084 17428 
20140 16685 
20156 16615 
19510 18619 
19481 18654 
19960 17811 
19991 17725 
19997 17539 
19268 18972 
19053 19297 
19084 19211 
19069 19227 
18401 19796 
17680 20235 
19359 18888 
19369 18802 
17947 20149 
16570 20516 
20091 17260 
20093 17209 
18615 19660 
18646 19574 
19297 18905 
19279 18943 
17969 20115 
18739 19513 
18801 19489 
18832 19403 
18664 19516 
17804 20176 
19872 17977 
19888 17907 
18656 19566 
18525 19740 
18540 19724 
18553 19686 
18316 19873 
18343 19824 
18344 19819 
17986 20084 
18938 19343 
18950 19303 
19807 18037 
19816 18029 
19851 18028 
16425 20587 
16460 20586 
19697 18362 
19728 18276 
16636 20487 
17422 20304 
17393 20339 
17404 20307 
17424 20253 
17316 20448 
17366 20369 
17351 20385 
19430 18756 
19461 18670 
18181 19965 
18212 19879 
19231 19003 
17725 20201 
17760 20200 
18924 19399 
18940 19329 
20105 17173 
20121 17103 
19903 17822 
19635 18402 
18119 19980 
18068 20046 
18073 20002 
18096 19992 
19127 19192 
19176 19141 
19570 18579 
19581 18512 
19586 18509 
19418 18778 
19449 18692 
19434 18708 
19492 18622 
19976 17741 
18817 19419 
19713 18292 
18197 19895 
19593 18507 

18103 20117 
18115 20060 
18138 20054 
16499 20576 
16486 20614 
16537 20543 
16471 20630 
19689 18199 
19674 18215 
19658 18285 
17896 20144 
17760 20200 
19952 17905 
20016 17838 
19950 17925 
19966 17855 
19392 18776 
19361 18862 
19246 18980 
20086 17388 
20099 17304 
19309 18960 
19872 17977 
18726 19541 
18741 19525 
18675 19612 
18710 19611 
18520 19687 
17995 20130 
17489 20243 
17473 20313 
19784 18175 
19848 18108 
19782 18195 
19798 18125 
16928 20501 
18761 19518 
18762 19493 
18773 19461 
18796 19455 
17460 20343 
17429 20429 
18432 19733 
18447 19717 
18381 19804 
18416 19803 
18673 19641 
17749 20240 
19094 19271 
19135 19164 
20183 17146 
20152 17232 
20168 17162 
17856 20154 
17851 20198 
17852 20173 
20033 17479 
19482 18771 
19532 18692 
19565 18634 
19566 18609 
19600 18571 
19062 19352 
19622 18378 
18179 19880 
18148 19966 
20060 17452 
19185 19054 
19216 19002 
18950 19410 
17136 20484 
17215 20450 
17250 20449 
19669 18253 
19377 18792 
18803 19453 
18353 19853 
19607 18394 

20058 17373 
20037 17419 
20038 17394 
20128 17047 
20112 17117 
17434 20281 
17416 20417 
19907 17877 
20108 17148 
20102 17187 
20080 17202 
19368 18866 
18780 19534 
18065 20035 
18039 20069 
18018 20082 
19328 19075 
19866 17946 
19822 18002 
19823 17988 
18601 19695 
18599 19715 
17933 20116 
19097 19277 
17248 20423 
18079 19976 
18095 19958 
18436 19789 
18394 19854 
18893 19381 
18710 19611 
18675 19612 
19986 17585 
18103 19935 
18132 19931 
19248 19133 
19460 18790 
18462 19737 
18460 19757 
17789 20278 
19762 18361 
19746 18431 
16549 20548 
18217 19925 
16627 20545 
16656 20541 
18954 19306 
18938 19376 
19628 18490 
19585 18521 
18668 19659 
18633 19660 
19333 18939 
18868 19412 
18812 19465 
19176 19172 
19171 19202 
19132 19220 
16832 20457 
16797 20520 
19449 18845 
19567 18617 
19558 18724 
19927 17724 
19820 18132 
19666 18489 
16423 20562 
20002 17515 
18961 19304 

19214 18998 
16168 20601 
16408 20574 
19343 18865 
19327 18935 
19141 19090 
19155 19076 
17689 20232 
17673 20302 
19684 18443 
19905 17915 
19940 17852 
19822 17929 
17309 20328 
17344 20327 
18726 19541 
18710 19611 
17791 20184 
17257 20342 
17725 20201 
17760 20200 
17774 20186 
17362 20319 
17361 20324 
20015 17714 
19999 17784 
19964 17785 
16889 20457 
19052 19296 
19068 19226 
19282 18975 
19247 18976 
18409 19809 
18264 19913 
18321 19910 
18286 19911 
16521 20544 
18860 19421 
18874 19407 
18876 19351 
18976 19336 
18033 20109 
19482 18771 
19761 18305 
19704 18308 
19774 18258 
18392 19822 
19778 18146 
19792 18132 
19794 18076 
20117 17233 
20152 17232 
20166 17218 
20168 17162 
20072 17438 
20058 17486 
20086 17424 
20088 17368 
19370 18797 
17853 20146 
19180 19050 
19179 19064 
19194 19036 
19513 18711 
19527 18697 
18072 19990 
19076 19166 
19099 19160 
18619 19697 
18802 19471 
18451 19739 
18418 19759 
18465 19725 
18255 19925 
18225 19970 
19629 18552 
19596 18574 
19539 18577 
16915 20434 
16858 20515 
17250 20397 
16614 20527 
16576 20537 
19805 17937 
19692 18312 

19386 18840 
19384 18896 
19370 18910 
19999 17784 
19964 17785 
18968 19236 
19079 19197 
19746 18431 
19762 18361 
18210 19953 
18196 19967 
19229 19049 
19202 19099 
19201 19103 
19068 19212 
19111 19170 
17370 20358 
17609 20317 
18656 19566 
18854 19380 
17873 20159 
18986 19221 
18972 19235 
19321 19031 
19337 18961 
19696 18449 
19719 18443 
19684 18506 
18780 19525 
18947 19322 
18815 19475 
18801 19489 
17791 20184 
17805 20170 
18615 19645 
18601 19695 
18599 19715 
17773 20250 
19561 18602 
18396 19939 
18363 19946 
18704 19534 
18703 19538 
18927 19341 
16588 20628 
17103 20397 
17014 20404 
19489 18711 
19460 18790 
19795 18270 
19834 18252 
19840 18230 
20013 17571 
20041 17483 
20025 17553 
18064 20038 
17627 20282 
19600 18578 
19847 17909 
19916 17832 
19881 17895 
18040 20074 
18133 20001 
18542 19716 
17956 20110 
17894 20111 
18473 19718 
18457 19788 
18471 19774 
16952 20420 
16916 20524 
18817 19419 

18191 19897 
20135 17316 
20067 17408 
20119 17393 
20179 16957 
20163 17027 
19337 18961 
19321 19031 
20055 17413 
17726 20275 
17614 20289 
19852 18132 
19874 18130 
19909 18129 
18381 19821 
18345 19883 
18968 19335 
18982 19287 
18729 19459 
18638 19680 
18607 19713 
18642 19650 
19554 18571 
19537 18706 
17760 20200 
19041 19281 
19098 19278 
15842 20696 
15877 20633 
17791 20184 
19782 18240 
19735 18287 
18030 20069 
18014 20139 
17656 20276 
17602 20291 
18616 19707 
18663 19510 
18647 19580 
18662 19528 
18673 19496 
18182 19949 
20001 17435 
19665 18444 
19649 18514 
18049 19983 
19965 17583 
19949 17653 
18883 19395 
16576 20487 
16560 20557 
16574 20509 
17456 20340 
17896 20144 
17918 20142 
17953 20141 
17276 20422 
19398 18938 
19433 18875 
19139 19156 
19111 19170 
19217 19091 
17357 20369 
19442 18745 
17478 20316 
18544 19726 
16915 20468 
18803 19453 
20016 17419 
18051 19963 
19960 17621 
18488 19752 
18385 19755 

16907 20517 
18180 20090 
18257 19874 
18225 19964 
18242 19890 
18226 19960 
19081 19235 
18447 19735 
17439 20455 
19783 18157 
19769 18279 
18864 19500 
18868 19412 
16512 20562 
16513 20558 
16542 20554 
19298 19082 
19337 18961 
19321 19031 
16797 20530 
19869 17958 
19808 18052 
19854 17974 
19838 18044 
17656 20276 
17609 20317 
19639 18470 
19627 18516 
19611 18524 
17906 20167 
18523 19714 
18491 19730 
19493 18801 
19248 19133 
18870 19357 
19398 18938 
19036 19301 
18003 20109 
19844 17991 
19842 18011 
19650 18468 
19547 18582 
19535 18628 
19519 18636 
19508 18656 
19762 18361 
19746 18431 
18534 19690 
19580 18547 
19963 17867 
16341 20571 
18950 19343 
18800 19511 
18774 19545 
18772 19565 
18595 19613 
18661 19576 
18651 19599 
20117 17204 
20102 17220 
20022 17374 
20089 17300 
20077 17346 
20029 17357 
20000 17459 
17956 20110 
17946 20146 
17704 20249 
17125 20483 
16302 20613 
16226 20625 
19969 17625 
19803 18063 
19507 18670 
18374 19820 
18382 19746 
20097 17258 
20036 17355 
17720 20179 

19821 18020 
18514 19713 
19551 18604 
20107 17054 
16744 20561 
20083 17358 
20067 17428 
19116 19093 
19568 18545 
20015 17714 
19999 17784 
19964 17785 
18074 20024 
18060 20038 
18285 19876 
18945 19369 
16889 20520 
16904 20406 
17663 20258 
17402 20340 
17439 20286 
18354 19798 
18436 19789 
17922 20167 
17906 20237 
19733 18342 
19702 18425 
19731 18398 
18037 20076 
18027 20091 
19501 18764 
18710 19611 
18180 19963 
18170 19978 
18910 19405 
18863 19452 
18896 19445 
19118 19064 
18806 19551 
18813 19464 
19295 18939 
17628 20259 
18251 19930 
18216 19931 
19529 18612 
19566 18558 
17005 20404 
18999 19283 
19017 19281 
19311 18929 
19179 19054 
19208 18964 
19192 19034 
17215 20386 
17229 20372 
19507 18673 
19112 19110 
19110 19183 
19081 19262 
19096 19223 
18619 19697 
16071 20612 
16104 20605 
20135 17000 
19327 18859 
15743 20622 

19139 19082 
19153 19068 
19321 19031 
17344 20380 
17421 20357 
19577 18580 
18754 19611 
18770 19541 
18719 19612 
19023 19296 
19097 19277 
18607 19625 
20093 17215 
20087 17313 
20103 17207 
20088 17259 
20072 17329 
17927 20196 
17870 20205 
16566 20557 
16583 20520 
20181 16981 
18544 19743 
18585 19723 
19704 18308 
19830 18181 
16784 20496 
16796 20478 
16826 20470 
19856 18103 
19900 17943 
19864 17998 
19460 18747 
19488 18639 
17700 20271 
17718 20218 
17712 20253 
19960 17811 
19974 17797 
17933 20116 
17567 20307 
17581 20293 
20037 17550 
20008 17629 
20009 17604 
17258 20465 
19387 18766 
19377 18801 
19371 18836 
18918 19342 
18908 19428 
19659 18412 
19690 18410 
19635 18498 
19695 18372 
19652 18461 
19360 18944 
19344 19014 
19175 19049 
19236 19039 
18431 19761 
18463 19745 
15889 20678 
15842 20696 
15875 20689 
16450 20589 
18344 19841 
18242 19862 
18029 20067 
18188 20057 
18223 19994 
18248 19853 
18423 19769 
18407 19839 
19720 18238 
19494 18604 
19976 17741 
19658 18426 

20176 16838 
20183 16787 
20148 16850 
20143 16894 
20144 16869 
17262 20360 
17248 20423 
20092 17358 
20069 17365 
20102 17262 
18396 19872 
18412 19802 
18397 19818 
18381 19888 
19591 18570 
19608 18498 
18983 19280 
18984 19266 
19027 19224 
19384 18838 
18754 19611 
18719 19612 
19231 18988 
19217 19002 
19931 17786 
19987 17733 
17919 20104 
18100 19998 
18099 20002 
18154 19972 
18140 19986 
19298 18933 
19284 18947 
19883 18046 
17460 20358 
17516 20305 
18202 19935 
16812 20514 
16813 20460 
16797 20530 
19046 19192 
16638 20549 
16587 20620 
18884 19368 
18901 19296 
18870 19382 
19874 18133 
19839 18196 
19819 18233 
18066 20037 
18052 20051 
19359 18888 
17843 20148 
17761 20158 
19581 18634 
19598 18562 
19567 18648 
18606 19705 
18622 19635 
18607 19651 
18572 19714 
17734 20283 
17747 20165 
18852 19527 
18868 19457 
18853 19473 
18837 19543 
16962 20455 
20035 17560 
20052 17488 
20037 17504 
20021 17574 
19638 18472 
19671 18369 
19167 19085 
19116 19156 
19199 19016 
19185 19030 
19759 18280 
19728 18366 
19916 17832 
19505 18738 
19465 18785 
18445 19715 
19583 18578 

17473 20313 
19589 18667 
19515 18684 
19572 18681 
19635 18529 
19604 18615 
19157 19020 
19141 19090 
19750 18225 
19696 18252 
19681 18268 
19791 18202 
19807 18194 
19857 18115 
16460 20586 
19215 19008 
18308 19899 
18700 19532 
19387 18828 
19323 18895 
18345 19883 
17725 20201 
17760 20200 
19978 17673 
20028 17594 
19225 18985 
19034 19307 
19122 19218 
19091 19304 
16885 20442 
20087 17354 
20077 17380 
20093 17310 
20049 17505 
20034 17557 
20062 17387 
19644 18460 
19679 18459 
19474 18718 
17992 20069 
18049 20066 
17460 20343 
17429 20429 
18471 19829 
19409 18793 
19279 18943 
19329 18864 
17596 20273 
19377 18858 
18529 19744 
18545 19674 
18554 19671 
19930 17820 
19945 17804 
19914 17890 
18752 19467 
18679 19547 
18717 19530 
18868 19422 
18903 19421 
18131 20062 
18594 19584 
17813 20135 
19460 18790 
19489 18711 
19144 19029 
18253 20043 
18288 19980 
17832 20124 
17778 20158 
17906 20081 
17963 20078 
16787 20475 
16748 20527 
16506 20570 
16592 20533 
18803 19453 

18658 19620 
18660 19585 
18676 19515 
17092 20426 
17108 20356 
18924 19341 
17969 20115 
18932 19311 
18994 19287 
19274 18893 
19842 18145 
19857 18093 
19345 18756 
19380 18755 
18909 19393 
17502 20322 
19915 17834 
19907 17910 
19555 18686 
20129 17268 
20145 17198 
19700 18287 
19716 18217 
16460 20586 
16476 20516 
19415 18738 
19663 18379 
19689 18295 
19678 18327 
19252 19045 
18837 19433 
17597 20218 
17257 20342 
19976 17722 
20011 17721 
20027 17651 
20052 17593 
19092 19167 
19139 19049 
18790 19445 
19061 19208 
19108 19160 
19113 19094 
17588 20238 
17650 20214 
17926 20168 
17916 20176 
19000 19252 
18958 19304 
18107 19950 
18049 19983 
18210 19912 
18245 19911 
18499 19695 
16812 20514 
18455 19802 
18470 19750 
17073 20449 
18512 19671 
18527 19658 
18549 19649 
18489 19730 
19041 19224 
17594 20219 
17560 20257 
17570 20249 
20057 17487 
19336 18869 
19593 18507 
19608 18396 
18051 19963 
19942 17751 

18463 19665 
18447 19735 
18436 19789 
18909 19393 
19519 18770 
19616 18587 
19579 18641 
20185 17019 
20163 17027 
18283 19893 
18318 19892 
19782 18240 
16470 20540 
19130 19025 
17980 20130 
18010 20059 
17996 20099 
19750 18380 
20020 17637 
19990 17814 
19381 18843 
19352 18870 
19103 19193 
19101 19249 
19072 19276 
18165 19976 
18096 20002 
18131 20001 
19909 17849 
19894 17865 
18529 19645 
18494 19646 
18726 19541 
18710 19611 
18740 19455 
18868 19412 
18064 20013 
18023 20014 
19699 18394 
19697 18450 
19683 18464 
19840 17997 
19812 18051 
19858 17894 
17625 20287 
17734 20283 
20105 17094 
20121 17086 
17105 20434 
17103 20490 
17089 20504 
19045 19315 
19016 19342 
19431 18803 
16280 20551 
17252 20402 
17381 20306 
17367 20354 
15877 20633 
15875 20689 
15842 20696 
15885 20575 
16053 20552 
19282 19000 

20083 17360 
20098 17321 
20100 17265 
20084 17335 
17837 20194 
19999 17784 
19964 17785 
19830 18181 
16757 20567 
19298 19082 
19851 18028 
18486 19757 
19874 18024 
18797 19515 
18751 19593 
18781 19585 
18710 19611 
18675 19612 
18230 19950 
18216 19964 
18425 19763 
18806 19464 
19302 19024 
19317 18985 
19303 18999 
19337 18961 
19665 18338 
19681 18268 
19679 18324 
19659 18343 
17399 20437 
17429 20429 
18562 19679 
19950 17919 
19935 17935 
19951 17865 
18534 19690 
19591 18491 
19391 18808 
19123 19209 
20166 17218 
20152 17232 
20168 17162 
18863 19412 
18861 19432 
19638 18472 
19656 18385 
19414 18798 
19120 19247 
19197 19097 
18035 20069 
18105 20022 
18095 20058 
19530 18763 
17724 20258 
17676 20353 
17722 20314 
17702 20333 
18933 19375 
19067 19313 
18323 19899 
18353 19891 
16800 20525 
18424 19777 
19390 18822 
17843 20071 
16816 20455 

18094 20094 
18597 19670 
18770 19541 
18719 19612 
18754 19611 
19807 18194 
19791 18202 
18622 19640 
18600 19648 
19690 18406 
18345 19883 
18498 19740 
18463 19741 
19808 18052 
19838 18044 
19852 18030 
19217 19002 
19239 18995 
19269 18987 
19283 18973 
19856 17968 
19840 18038 
19854 18024 
18940 19362 
18978 19352 
18962 19360 
19750 18329 
19771 18214 
19755 18284 
19769 18270 
20025 17431 
20009 17501 
20023 17487 
17902 20117 
17886 20187 
17725 20201 
17760 20200 
18814 19526 
18800 19540 
18816 19470 
19101 19249 
19129 19211 
19880 17935 
17014 20451 
17689 20213 
19620 18639 
19625 18594 
20085 17331 
20100 17265 
20098 17321 
20084 17335 
20083 17360 
17608 20233 
17638 20225 
18204 20002 
18884 19438 
19474 18710 
19207 19031 
19199 19040 
19433 18875 
19398 18938 
19486 18658 
19543 18655 
19459 18808 
19988 17681 
19957 17703 
19174 19160 
18368 19789 
18354 19803 
16446 20582 
17404 20316 
17179 20398 
17603 20309 
17303 20364 
17193 20395 
17228 20394 
18205 19885 
19987 17695 

19540 18631 
20070 16832 
20096 16754 
20080 16824 
20094 16803 
20042 17350 
20044 17333 
20060 17263 
19123 19209 
19128 19143 
18750 19455 
18764 19441 
18232 19941 
18909 19393 
17485 20302 
19964 17785 
19999 17784 
20015 17714 
19818 18215 
19650 18468 
19698 18382 
19682 18452 
17429 20429 
19761 18240 
18574 19757 
18996 19293 
19028 19277 
19689 18401 
19321 19031 
19516 18679 
17791 20184 
17805 20170 
17638 20225 
19713 18301 
18152 19967 
17563 20288 
17595 20272 
16965 20432 
19692 18399 
17725 20201 
17760 20200 
17774 20186 
16863 20499 
18710 19611 
18726 19541 
17933 20116 
19762 18225 
19748 18282 
18306 19877 
18276 19922 
19433 18875 
19398 18938 
19866 18077 
19901 18076 
19580 18573 
19146 19054 
19130 19124 
19144 19110 
18105 20012 
18119 19998 
19590 18533 
16576 20579 
16661 20505 
16626 20568 
18752 19450 
18766 19436 
19460 18782 
18094 20094 
18350 19853 
18336 19867 
18622 19671 
18636 19657 
18482 19835 
18498 19765 
18540 19764 
16873 20434 

19966 17917 
19097 19146 
19141 19090 
19085 19164 
18016 20094 
18083 20077 
18031 20078 
18927 19417 
16347 20557 
16382 20556 
19830 18181 
19342 18870 
19386 18814 
19400 18800 
19623 18484 
19693 18420 
19658 18483 
18810 19454 
20072 17279 
18514 19713 
18607 19625 
18664 19615 
18680 19545 
19286 18884 
19046 19340 
19079 19222 
19080 19168 
19599 18528 
19568 18545 
19851 18028 
18697 19544 
18719 19542 
18747 19488 
18354 19798 
18436 19789 
18308 19870 
18539 19684 
18538 19688 
18553 19670 
17461 20413 
17429 20429 
17981 20138 
19872 17977 
18461 19736 
19172 19058 
19256 19027 
19224 19043 
19186 19044 
19160 19076 
19723 18322 
19705 18324 
19733 18260 
19747 18212 
19476 18708 
20056 17762 
20025 17848 
20039 17800 
16191 20619 
19071 19248 
19494 18696 
19531 18642 
19538 18605 
19507 18691 
19483 18706 
19457 18787 
19466 18744 
17732 20234 
15877 20633 
15842 20696 
18286 19876 
18283 20011 
18251 20027 
17864 20226 
16497 20539 
16465 20555 
16735 20472 
16757 20470 
16772 20454 
17658 20268 

18704 19573 
19900 17822 
19894 17857 
18686 19607 
18707 19557 
19858 18075 
19840 18162 
19842 18145 
19268 18972 
18726 19541 
18691 19604 
18675 19612 
19110 19231 
19094 19301 
19777 18176 
19467 18747 
19516 18745 
16789 20484 
16851 20460 
19111 19170 
18780 19525 
16588 20628 
18145 20060 
18870 19382 
19466 18759 
19448 18846 
19450 18829 
17987 20073 
17903 20117 
17950 20098 
17301 20442 
18540 19724 
18525 19740 
18541 19670 
19551 18723 
19584 18641 
19600 18571 
19141 19090 
19234 19017 
17554 20313 
18812 19465 
18868 19412 
18981 19369 
18983 19352 
18956 19373 
18896 19380 
19684 18299 
19344 18897 
19345 18872 
19322 18934 
20155 17175 
20146 17318 
20130 17326 
19962 17743 
19946 17813 
19745 18212 
19729 18282 
19184 19058 
19870 17861 
19634 18449 
19622 18467 
19664 18441 
18462 19775 
18440 19839 
18263 19990 
18248 20006 
18264 19936 
20051 17528 
20020 17665 
17709 20308 
17710 20283 
17848 20226 
17774 20263 
16589 20485 

20126 16522 
18647 19580 
18808 19477 
18759 19492 
18810 19421 
18794 19491 
18574 19757 
18642 19650 
18606 19705 
19792 18096 
19827 18056 
19784 18175 
20025 17707 
19976 17722 
20027 17651 
20011 17721 
19859 17983 
19876 17911 
19861 17927 
19845 17997 
18074 20024 
19433 18742 
16352 20577 
16338 20591 
18868 19412 
18315 19908 
18301 19922 
19961 17774 
17102 20354 
17088 20368 
19534 18620 
19946 17876 
17639 20249 
17594 20307 
17656 20240 
18058 20101 
18041 20123 
19227 19026 
17257 20342 
18678 19534 
18700 19532 
18715 19516 
16479 20541 
16465 20555 
19757 18257 
19741 18327 
18101 20019 
19127 19145 
19014 19327 
18978 19382 
19199 19094 
19097 19225 
16727 20529 
19414 18796 
19363 18864 
19400 18810 
19773 18218 
19573 18586 
19590 18514 
19575 18530 
19559 18600 
19289 18966 
19308 18873 
18061 20071 
19249 18996 
19644 18436 
18398 19896 
18417 19837 
18367 19898 
18403 19851 
19296 18890 
19265 18976 
17663 20153 
17808 20140 
20076 17048 
20030 17296 
20043 17178 
18441 19813 
16900 20482 
17080 20420 
17066 20434 
17598 20270 
19141 19131 
19507 18670 
19593 18507 
17821 20129 
20073 17080 

18893 19381 
18882 19396 
19289 18966 
17855 20191 
17885 20183 
18994 19233 
18989 19265 
18975 19279 
17609 20317 
20015 17714 
19980 17777 
18062 20143 
18178 19984 
18196 19897 
18180 19967 
16566 20557 
19602 18652 
19541 18746 
19551 18723 
18553 19686 
18556 19654 
18540 19724 
18525 19740 
19696 18344 
19719 18327 
19684 18390 
19668 18398 
16825 20476 
16812 20514 
16797 20530 
19854 18151 
19819 18214 
19852 18207 
19803 18222 
19286 18997 
20022 17310 
18868 19412 
18864 19500 
19023 19210 
20183 17146 
20117 17233 
20166 17218 
20152 17232 
20168 17162 
18944 19341 
18969 19290 
18938 19376 
18964 19331 
20017 17595 
19972 17850 
19941 17936 
19918 17942 
17946 20146 
17744 20197 
17734 20283 
17161 20427 
19215 19122 
19284 19044 
19225 19063 
15892 20617 
15842 20696 
15877 20633 
15875 20689 
19636 18442 
19799 18229 
19789 18315 
16475 20574 
18220 19893 
18192 19947 
18281 19877 
18388 19861 
18438 19782 
18416 19836 
18423 19798 
19160 19186 
19127 19193 
19162 19130 
18672 19542 
18611 19636 
18621 19613 
19442 18778 
19435 18779 
19404 18865 
20019 17342 
16915 20444 
16834 20451 
18430 19796 

18175 19963 
18124 20034 
16744 20561 
19116 19093 
19097 19186 
18556 19667 
18525 19753 
18724 19492 
18640 19531 
18675 19530 
18321 19910 
18286 19911 
18874 19482 
18817 19485 
19304 18868 
19854 18002 
19838 18072 
19229 18957 
19213 19027 
17360 20374 
17918 20140 
17904 20154 
19608 18560 
19593 18576 
19591 18632 
19577 18646 
19113 19094 
19108 19160 
19516 18679 
18477 19768 
18475 19824 
18461 19838 
19502 18687 
19643 18463 
19657 18449 
19207 19070 
19194 19090 
18574 19559 
18589 19543 
19489 18711 
19460 18790 
18936 19472 
18953 19377 
16812 20514 
18983 19280 
19027 19224 
20226 16916 
20177 16962 
20175 16987 
19723 18322 
19908 17924 
17726 20275 
17492 20284 
17478 20332 
19734 18311 
19703 18397 
19719 18352 
19668 18423 
20048 17722 
20025 17848 
19472 18774 
19474 18718 
20174 17095 
20146 17225 
20095 17296 
19843 18049 
19812 18135 
19810 18152 
19781 18205 
19612 18529 
18092 20084 
18038 20107 
17073 20449 
19409 18793 
19382 18803 
19381 18817 
17860 20166 
17809 20237 
19303 18882 

18062 20143 
19042 19235 
19025 19307 
19027 19251 
19011 19321 
19404 18791 
19756 18345 
19742 18385 
19727 18424 
19728 18399 
18914 19349 
18895 19408 
19918 18064 
19964 17497 
19285 19068 
18202 19935 
18171 19942 
18157 19982 
18142 20021 
18143 19996 
18380 19802 
18697 19544 
20050 17433 
19992 17495 
20022 17487 
18868 19412 
18864 19500 
19952 17837 
19830 18181 
17512 20298 
17542 20290 
19594 18555 
19580 18595 
19565 18634 
19566 18609 
20180 16683 
20145 16746 
19635 18512 
19665 18504 
20132 17362 
18345 19883 
18346 19829 
18330 19899 
18661 19566 
18647 19580 
18632 19593 
19939 17926 
18595 19613 
19366 18877 
19333 18884 
16541 20659 
17715 20276 
16903 20533 
19502 18716 
17090 20423 
17341 20338 
17295 20416 
17325 20408 
17289 20418 
17081 20462 
17086 20424 
17070 20494 
18110 20090 
17455 20314 
17411 20336 
17441 20328 
18513 19685 
18543 19677 
18437 19787 
18473 19745 
19177 19114 
19160 19186 
19162 19130 
19127 19193 
19478 18728 
19466 18774 
19450 18782 
19525 18656 
19371 18845 
17836 20184 
17832 20272 
18374 19820 

