19904 17879 
19804 18203 
17504 20305 
18822 19449 
19700 18503 
19340 18918 
18225 19970 
18855 19442 
19863 18116 
19865 18030 
18726 19541 
17997 20102 
17949 20170 
19011 19289 
19391 18808 
19906 17823 
18762 19489 
17234 20415 
20029 17738 
19645 18552 
18610 19663 
18163 19989 
20121 17229 
19790 18217 
19491 18724 
19724 18236 
19369 18914 
18446 19889 
19068 19286 
19822 18201 
18884 19438 
15966 20643 
16538 20629 
19384 18896 
19386 18840 
18710 19611 
18607 19713 
19566 18558 
18258 19911 
20106 17268 
19127 19193 
19436 18785 
19504 18679 
17506 20249 
17503 20317 
19561 18602 
19253 19001 
18257 19954 
18040 20079 
20043 17302 
18792 19481 
19370 18910 
16662 20480 
16634 20534 
16661 20485 
17502 20322 
17498 20410 
19515 18621 
18898 19398 
18851 19445 
18675 19612 
19882 17969 
20033 17650 
19710 18308 
19231 19003 
19288 19000 
19098 19278 
17732 20234 
19446 18742 
19183 19040 
18572 19714 
19529 18612 
19890 17893 
20135 17189 
18448 19717 
19160 19186 
19162 19130 
19449 18727 
19506 18623 
16542 20541 
17220 20465 
19390 18822 

20010 17958 
17288 20415 
17435 20279 
19762 18361 
19360 18927 
19576 18558 
17579 20274 
19746 18431 
17399 20391 
17319 20413 
17432 20299 
19407 18833 
17791 20232 
19372 18903 
17776 20271 
19357 18955 
17320 20409 
19358 18951 
16898 20553 
18189 19926 
16913 20514 
19059 19252 
18541 19671 
19394 18894 
19979 17960 
19326 18957 
17825 20197 
17610 20272 
19978 17974 
17809 20230 
18417 19815 
19165 19107 
18639 19654 
19618 18479 
18211 19924 
17368 20393 
19573 18586 
19149 19133 
19841 18217 
19760 18383 
19535 18628 
19411 18772 
16960 20499 
18101 20163 
18846 19390 
19058 19257 
18538 19688 
18498 19715 
19759 18397 
20015 17607 
19804 18278 
18247 19909 
19443 18708 
17007 20459 
20133 17040 
18776 19479 
19085 19234 
19806 18218 
19602 18549 
18761 19518 
18149 20092 
18623 19662 
19285 19068 
18449 19799 
20083 17522 
15859 20568 
19441 18764 
18314 19890 
18180 20090 
19519 18636 
18273 19900 
18500 19698 
19362 18910 
17886 20187 
19133 19203 
19852 18132 
19874 18130 
19909 18129 
17777 20246 
20105 17094 
20121 17086 
18762 19493 
18906 19383 
18871 19384 
18849 19386 
18980 19337 
18950 19345 
19773 18280 
18316 19873 
18601 19664 
18424 19806 
18392 19822 
18308 19899 
18251 19902 
18363 19854 
18328 19855 
19559 18600 
16465 20555 
19486 18687 
19647 18434 
18539 19684 
18710 19611 
18726 19541 
18675 19612 
18830 19460 
15843 20638 
18992 19328 
18230 19920 
19499 18676 
15918 20560 

18154 20103 
20057 17832 
17875 20212 
17923 20149 
19759 18397 
19920 17952 
17779 20224 
19633 18489 
18229 19940 
19843 18266 
19677 18467 
20145 17062 
18172 19943 
19285 19068 
18537 19690 
20085 17209 
19746 18431 
19054 19320 
18573 19633 
19121 19195 
20082 17571 
18846 19526 
19762 18361 
19708 18456 
17349 20441 
18493 19808 
20150 17017 
19760 18383 
16595 20595 
19534 18737 
18194 19941 
17351 20385 
19069 19271 
15781 20632 
18162 20017 
17596 20369 
19542 18635 
19178 19192 
15780 20636 
19950 17944 
19296 18884 
17884 20157 
16630 20532 
19083 19267 
16610 20556 
16797 20530 
18726 19541 
18259 19932 
18441 19809 
19860 18017 
19886 17963 
18523 19712 
19020 19352 
18039 20107 
19374 18854 
19400 18800 
19126 19193 
19663 18481 
20095 17186 
20096 17132 
16812 20514 
19872 17977 
18710 19611 
18675 19612 
19481 18763 
19533 18762 
15810 20628 
17953 20141 
18858 19486 
19538 18649 
19554 18595 
18565 19657 
20025 17848 
17969 20115 
19588 18556 
18978 19382 
19342 18870 
19386 18814 
17016 20472 
19089 19211 
19303 18882 

17439 20455 
19673 18520 
17496 20363 
17557 20330 
20200 16874 
17940 20149 
18082 20055 
17531 20362 
16540 20618 
20105 17460 
20125 17143 
19523 18758 
19987 17824 
18414 19784 
19694 18382 
20203 16808 
19796 18209 
18061 20069 
19314 18919 
18190 20022 
18113 20039 
19321 18862 
18581 19747 
17981 20138 
19285 19068 
18092 20053 
19928 17951 
19677 18467 
19825 18061 
18618 19686 
18927 19399 
19537 18710 
16509 20620 
19721 18359 
19634 18664 
18144 20037 
20114 17280 
17996 20099 
19706 18375 
17576 20322 
19395 18803 
19106 19153 
17696 20283 
19539 18688 
16896 20497 
18822 19449 
18016 20075 
19690 18445 
18398 19883 
19807 18194 
20015 17714 
18406 19848 
20070 17523 
18363 19946 
18396 19939 
18631 19590 
19824 18115 
19809 18131 
20209 16771 
19143 19126 
20085 17484 
19084 19258 
19999 17784 
18851 19445 
18884 19438 
19828 17981 
19092 19167 
19024 19302 
19036 19262 
18896 19401 
19177 19073 
17726 20275 
19112 19128 
18247 19992 
18707 19508 
19396 18789 
19381 18817 

20025 17848 
17609 20317 
17980 20072 
18291 19929 
18596 19694 
18087 20046 
19891 17989 
17944 20081 
19494 18702 
20050 17433 
17717 20250 
19906 17973 
17922 20139 
16227 20615 
20105 17204 
19879 18049 
19398 18938 
19753 18246 
18400 19805 
17614 20273 
19884 18027 
19406 18862 
17232 20414 
19724 18290 
20076 17283 
19601 18493 
20067 17348 
19888 18017 
19895 17979 
17668 20252 
16829 20500 
20077 17258 
18811 19439 
18313 19860 
18123 20018 
18780 19525 
19798 18187 
16960 20443 
18429 19739 
19132 19090 
19081 19302 
19097 19232 
19584 18653 
19852 18071 
19652 18409 
19823 18172 
18300 19882 
18854 19382 
18796 19455 
19856 18061 
18091 20022 
17730 20228 
18244 19976 
18398 19825 
19782 18195 
19298 19082 
17886 20187 
18900 19337 
16954 20465 
18278 19967 
18414 19755 
18614 19632 
19482 18771 
19130 19130 
19098 19146 
19703 18397 
16627 20578 
19522 18677 
17175 20417 
17249 20339 
18622 19554 
19610 18461 
19645 18460 
19708 18360 
20104 17209 
19692 18399 
19586 18509 
16708 20513 
18803 19453 
18421 19753 
18445 19715 
19593 18507 

17931 20245 
18531 19722 
19980 17841 
19150 19130 
19552 18590 
19735 18394 
18479 19757 
18101 20163 
18241 19889 
19523 18758 
17235 20438 
19773 18099 
18817 19505 
19101 19150 
19244 19002 
18933 19409 
18719 19584 
17542 20349 
17606 20282 
17853 20256 
17173 20462 
20027 17701 
18816 19559 
18456 19826 
19548 18633 
19532 18703 
19020 19263 
19014 19327 
19999 17748 
19036 19236 
19599 18582 
18114 20079 
20105 17460 
19754 18256 
20042 17685 
18204 19950 
18613 19713 
19319 18964 
18801 19575 
17576 20303 
20070 17523 
17498 20351 
17464 20360 
16531 20551 
19784 18080 
18522 19740 
19912 17935 
19855 17938 
19877 17936 
19712 18447 
18220 19893 
18357 19842 
18628 19697 
18629 19643 
18649 19586 
19097 19186 
19847 17991 
19811 18046 
19634 18581 
19577 18584 
17429 20429 
18316 19873 
19700 18457 
19757 18169 
19164 19103 
19051 19227 
19064 19207 
19269 18987 
19238 19039 
19382 18803 
19381 18817 
18164 19964 
18978 19382 
16487 20607 
19739 18272 
15877 20633 
15841 20688 
16992 20471 
19460 18759 
15987 20624 

18047 20112 
17930 20157 
19966 17923 
20057 17832 
19871 18053 
19903 18037 
18002 20133 
19107 19201 
19819 18069 
19880 18049 
19792 18164 
20025 17848 
18792 19579 
17847 20170 
17987 20148 
18081 20037 
19608 18569 
18103 20035 
18874 19394 
19234 19036 
19337 18961 
18300 19882 
18071 20051 
19321 19031 
18803 19405 
19064 19223 
19163 19087 
18265 19982 
18542 19685 
17235 20427 
19782 18240 
19665 18504 
19679 18378 
19492 18690 
17416 20417 
16588 20628 
18909 19393 
18284 19890 
19411 18943 
18938 19376 
18570 19631 
18760 19595 
17434 20281 
19735 18287 
17095 20437 
19075 19212 
18049 20053 
18710 19611 
18675 19612 
19023 19310 
18485 19688 
18520 19687 
18436 19789 
18394 19854 
19335 18983 
19668 18401 
17631 20232 
17725 20231 
19115 19127 
19185 19085 
19723 18322 
19691 18338 
17073 20449 
17448 20260 
20067 17232 
17621 20253 
18447 19735 
17805 20196 
17773 20212 
19119 19096 
19114 19162 
19489 18711 
19460 18790 
19536 18634 
19504 18650 
20073 17080 

18767 19575 
19840 18162 
19856 18131 
19803 18168 
19687 18406 
17736 20209 
16170 20583 
19335 19017 
18884 19438 
19794 18210 
19871 18079 
17725 20263 
18782 19559 
18952 19329 
16154 20590 
17774 20186 
18382 19810 
17369 20307 
18919 19336 
20130 17326 
19789 18218 
18402 19786 
19778 18280 
18880 19480 
18398 19804 
19228 19062 
19396 18833 
17676 20295 
18599 19715 
18278 19949 
19910 17803 
19857 18093 
17609 20296 
19701 18323 
19420 18781 
19139 19156 
19014 19292 
20165 17325 
19477 18739 
19565 18673 
18498 19751 
19842 18145 
19663 18481 
19230 19042 
17576 20303 
17681 20265 
17933 20116 
18245 19956 
19302 19024 
18331 19885 
18615 19645 
19919 17785 
19903 17855 
18886 19382 
18979 19293 
17285 20400 
19689 18350 
19688 18368 
16797 20530 
19351 18835 
19723 18321 
16139 20629 
19338 18864 
16171 20558 
15913 20661 
19337 18961 
18345 19871 
18380 19827 
18614 19699 
18829 19551 
18864 19550 
17362 20319 
19143 19076 
18957 19295 
16812 20514 
19679 18411 
19677 18467 
17760 20200 
18280 19893 
19041 19281 
19098 19278 
19758 18320 
17791 20184 
17873 20159 
19462 18742 
19567 18617 
19551 18723 
19111 19170 
18040 20079 
16140 20604 
20018 17509 
20075 17506 
19761 18305 
16465 20555 
20001 17578 
19970 17614 
19585 18568 
16945 20493 
18287 19891 

20149 17422 
18079 20052 
19148 19229 
19118 19247 
17986 20084 
16581 20522 
17450 20329 
20048 17722 
17393 20339 
17316 20448 
18119 19980 
20093 17447 
20064 17520 
17877 20164 
17804 20176 
20025 17848 
17366 20369 
19907 17854 
19359 18888 
20171 16599 
18566 19685 
18096 19992 
19171 19144 
18091 20034 
18570 19663 
17665 20238 
18401 19796 
18889 19400 
19903 17891 
19791 18129 
19053 19297 
18621 19592 
17725 20201 
19369 18802 
18782 19509 
17953 20141 
19882 17942 
19735 18352 
17499 20244 
18858 19486 
18316 19873 
16460 20586 
19570 18579 
19797 18100 
18631 19590 
18646 19574 
18801 19489 
17469 20284 
17415 20330 
19288 19000 
19319 18914 
18924 19399 
19581 18512 
20156 16615 
18615 19660 
18938 19343 
16425 20587 
19785 18273 
19819 18075 
19176 19141 
19153 19147 
19644 18436 
20068 17498 
19481 18654 
19513 18638 
17680 20235 
17947 20149 
17969 20115 
18739 19513 
18664 19516 
19888 17907 
19872 17977 
18656 19566 
18671 19514 
18525 19740 
18540 19724 
18553 19686 
18344 19819 
18343 19824 
18968 19335 
19851 18028 
19697 18362 
16636 20487 
17351 20385 
19430 18756 
19461 18670 
18238 19962 
18181 19965 
18269 19876 
19231 19003 
19253 19001 
17760 20200 
19184 19058 
19197 19047 
19692 18399 
19586 18509 
19418 18778 
19449 18692 
19434 18708 
18416 19774 
19593 18507 

16497 20546 
19848 18108 
19950 17925 
17215 20450 
18761 19518 
18372 19859 
16537 20543 
19782 18195 
17852 20173 
17995 20130 
18447 19717 
18138 20054 
19135 19164 
19193 19019 
18673 19641 
19565 18634 
19566 18609 
20108 17432 
19062 19352 
19532 18692 
18103 20117 
18741 19525 
19094 19271 
16487 20560 
19482 18771 
20016 17838 
19798 18187 
18381 19804 
17851 20198 
16471 20630 
17896 20144 
19966 17917 
20115 17376 
19099 19201 
18235 19860 
18115 20060 
16486 20614 
18796 19455 
18432 19733 
17856 20154 
19689 18199 
19658 18285 
19674 18215 
17953 20141 
17918 20142 
17760 20200 
19392 18776 
19361 18862 
19285 18999 
20092 17502 
19309 18960 
19872 17977 
18710 19611 
18726 19541 
18675 19612 
18542 19685 
18520 19687 
17473 20313 
17494 20256 
17463 20342 
16928 20501 
18762 19493 
18773 19461 
17429 20429 
17460 20343 
18416 19803 
17749 20240 
20183 17146 
20168 17162 
20152 17232 
19600 18571 
19376 18815 
19348 18869 
19622 18378 
18148 19966 
19185 19054 
19216 19002 
18185 19939 
18950 19410 
17136 20484 
17250 20449 
19669 18253 
19377 18792 
18803 19453 
19607 18394 

18535 19780 
19086 19288 
19177 19180 
19333 18939 
19558 18724 
20030 17568 
20112 17117 
19121 19225 
18614 19699 
20093 17310 
19762 18361 
17248 20423 
19647 18497 
19328 19075 
19407 18908 
20037 17419 
20024 17575 
20108 17148 
20077 17380 
20128 17047 
18053 20081 
18673 19677 
19666 18489 
17789 20278 
16627 20545 
18954 19306 
18938 19376 
19132 19220 
16832 20457 
19820 18132 
20038 17394 
18394 19854 
19460 18790 
20103 17172 
17416 20417 
18812 19465 
20102 17187 
18780 19534 
18018 20082 
19823 17988 
19909 17849 
18599 19715 
18113 19990 
19986 17585 
18137 19949 
19746 18431 
19585 18521 
19171 19202 
19449 18845 
17434 20281 
19907 17877 
18065 20035 
19866 17946 
19822 18002 
19922 17811 
17933 20116 
19097 19277 
18436 19789 
18893 19381 
18710 19611 
18675 19612 
19248 19133 
16549 20548 
18217 19925 
16656 20541 
18868 19412 
16797 20520 
19567 18617 
19927 17724 
16423 20562 
18961 19304 

19513 18711 
20090 17256 
18072 19990 
18062 20035 
17725 20201 
17348 20397 
19099 19160 
17262 20409 
17774 20186 
17976 20119 
20166 17218 
16298 20595 
19684 18443 
19964 17785 
18286 19911 
18726 19541 
18710 19611 
17998 20110 
18066 20012 
18619 19697 
18823 19477 
17685 20217 
20015 17714 
18033 20109 
17638 20303 
19527 18697 
18432 19745 
16614 20527 
19792 18132 
19089 19195 
19350 18806 
19999 17784 
19696 18397 
19052 19296 
19193 19050 
18465 19725 
18225 19970 
19247 18976 
19761 18305 
17854 20132 
17364 20327 
18874 19407 
18976 19336 
18151 19971 
19194 19036 
16858 20515 
16393 20590 
19649 18444 
18675 19612 
16580 20543 
18990 19322 
20072 17438 
18840 19466 
19596 18574 
17393 20308 
16566 20557 
18860 19421 
20058 17486 
19629 18552 
16823 20516 
16168 20601 
18900 19350 
19905 17915 
19940 17852 
19822 17929 
18264 19913 
19798 17939 
19774 18258 
20088 17368 
19508 18777 
18451 19739 
18418 19759 
18255 19925 
16166 20621 
17673 20302 
19234 19017 
20117 17233 
20028 17494 
20086 17424 
19175 19116 
16408 20574 
19298 18939 
19343 18865 
19327 18935 
19111 19132 
17791 20184 
17760 20200 
16889 20457 
19068 19226 
19282 18975 
18409 19809 
18321 19910 
18876 19351 
19704 18308 
19796 17995 
18392 19822 
19778 18146 
19794 18076 
20152 17232 
20168 17162 
19370 18797 
17853 20146 
19179 19064 
19075 19212 
19539 18577 
16915 20434 
19805 17937 

19746 18431 
19006 19274 
18972 19307 
19384 18896 
18517 19724 
18986 19293 
17627 20282 
16932 20454 
17969 20084 
19216 19051 
19917 17793 
19571 18582 
17957 20102 
19762 18361 
19873 18223 
19719 18443 
18615 19645 
19337 18961 
18927 19341 
18674 19542 
19696 18449 
20047 17544 
19079 19197 
18627 19570 
18952 19326 
18133 20001 
19229 19049 
19321 19031 
19834 18252 
19112 19156 
17773 20250 
16916 20524 
19172 19107 
19126 19142 
18471 19774 
19230 19037 
17805 20170 
19795 18270 
19881 17895 
19684 18506 
18780 19525 
19561 18602 
18396 19939 
19489 18711 
19840 18230 
20063 17474 
19386 18840 
19999 17784 
19201 19103 
17370 20358 
17873 20159 
18363 19946 
16588 20628 
19916 17832 
19370 18910 
19964 17785 
18253 19964 
18196 19967 
19202 19099 
19068 19212 
19111 19170 
17609 20317 
18656 19566 
18858 19486 
18801 19489 
17791 20184 
18599 19715 
18614 19699 
18703 19538 
18704 19534 
17103 20397 
17014 20404 
17071 20401 
19460 18790 
20013 17571 
20025 17553 
18064 20038 
19600 18578 
18040 20074 
18542 19716 
17956 20110 
18457 19788 
16952 20420 

17614 20289 
18235 19904 
18030 20069 
17456 20340 
16902 20490 
18607 19713 
16987 20433 
16850 20506 
17609 20317 
20179 16957 
19937 17693 
20135 17316 
19321 19031 
18140 20014 
19925 17711 
18350 19845 
18381 19821 
18938 19343 
19433 18875 
19874 18130 
18638 19680 
15877 20633 
18014 20139 
20094 17408 
17957 20149 
17656 20276 
20050 17433 
18345 19883 
17979 20140 
18898 19392 
18474 19768 
19337 18961 
19812 18154 
18330 19899 
19493 18762 
18057 20031 
19134 19165 
20163 17027 
19909 18129 
18780 19525 
18647 19580 
17426 20348 
17202 20428 
19398 18938 
19139 19156 
18442 19786 
20119 17393 
20055 17413 
19790 18156 
18572 19714 
18642 19650 
19098 19278 
15842 20696 
20022 17487 
19993 17491 
19665 18444 
17877 20164 
19081 19302 
19217 19091 
16879 20502 
17726 20275 
17613 20297 
19852 18132 
18968 19335 
19554 18571 
19537 18706 
17760 20200 
17791 20184 
19782 18240 
19735 18287 
18616 19707 
18662 19528 
18182 19949 
19605 18570 
19649 18514 
19965 17583 
19949 17653 
18883 19395 
16574 20509 
16560 20557 
17276 20422 
19111 19170 
17357 20369 
17344 20380 
18544 19726 
18362 19827 
16915 20468 
18803 19453 
19960 17621 
18488 19752 

18473 19829 
19581 18532 
19806 18218 
19326 19038 
18742 19573 
17386 20424 
19262 19085 
19759 18397 
16592 20570 
18912 19381 
19769 18279 
17793 20230 
18214 20007 
19760 18383 
17614 20324 
18463 19837 
16894 20513 
19655 18475 
17888 20192 
17421 20423 
17674 20257 
19643 18508 
18180 20090 
16530 20594 
19746 18431 
17946 20146 
18956 19325 
19081 19235 
17656 20276 
18661 19576 
18787 19549 
19493 18801 
16812 20514 
19036 19301 
20037 17398 
19990 17814 
17339 20427 
19616 18531 
19529 18670 
19253 19140 
19933 17823 
20089 17300 
19804 18278 
19837 18077 
19682 18452 
19535 18628 
20049 17379 
19335 18983 
20003 17639 
18800 19511 
18777 19572 
18864 19500 
18265 19982 
17906 20167 
19824 18115 
19844 17991 
16226 20625 
19869 17958 
19627 18516 
19568 18587 
20117 17204 
20060 17364 
20077 17346 
16302 20613 
19924 17901 
19298 19082 
19337 18961 
19498 18756 
16974 20491 
17426 20378 
18868 19412 
16797 20530 
19854 17974 
19838 18044 
18523 19714 
18491 19730 
19514 18686 
19809 18131 
19398 18938 
19842 18011 
19762 18361 
18534 19690 
19536 18603 
19580 18547 
18950 19343 
18995 19318 
18595 19613 
18651 19599 
20102 17220 
17956 20110 
17731 20254 
17742 20239 
17125 20483 
20097 17258 

18029 20107 
16895 20513 
17683 20286 
18225 20005 
18254 19966 
18058 20101 
18103 20076 
17609 20317 
18806 19551 
19024 19318 
18132 20029 
19350 18806 
18008 20149 
17623 20303 
19731 18398 
19081 19262 
19902 17809 
16901 20474 
20067 17428 
19917 17793 
19860 18104 
16012 20625 
16104 20605 
19537 18618 
16744 20561 
20083 17358 
18910 19405 
19139 19116 
18625 19690 
16071 20612 
16709 20562 
19568 18545 
16889 20520 
19702 18425 
19110 19183 
18619 19697 
16627 20571 
19097 19186 
19964 17785 
18394 19854 
17906 20237 
19733 18342 
18863 19452 
19566 18558 
19304 18931 
19208 18964 
19148 19090 
19551 18604 
20112 17072 
19999 17784 
20015 17714 
19261 18947 
18263 19934 
18285 19876 
18945 19369 
16873 20528 
17402 20340 
18436 19789 
17922 20167 
19501 18764 
18710 19611 
18675 19612 
18896 19445 
18813 19464 
19295 18939 
19311 18929 
19179 19054 
19192 19034 
17215 20386 
17229 20372 
17172 20428 
18511 19768 
19507 18673 
19096 19223 
18563 19713 
20135 17000 
19327 18859 

18439 19820 
19888 18087 
20057 17832 
18672 19620 
20181 16981 
19086 19288 
20208 16928 
18188 20057 
17258 20465 
18445 19805 
19577 18580 
20147 17352 
19175 19049 
18770 19541 
16796 20478 
18223 19994 
19121 19225 
18764 19551 
18131 20087 
18754 19611 
17712 20253 
20025 17848 
19097 19277 
17927 20196 
18630 19702 
18540 19724 
18285 19858 
17736 20209 
15889 20678 
18719 19612 
18657 19636 
16784 20496 
17718 20218 
20039 17834 
19387 18766 
15875 20689 
17421 20357 
19921 17995 
18224 19933 
17357 20369 
16566 20557 
19761 18305 
18922 19335 
19635 18498 
18525 19740 
19236 19039 
15842 20696 
16450 20589 
18259 19932 
19856 18103 
19460 18747 
17624 20304 
18918 19342 
18908 19428 
18407 19839 
19139 19082 
19153 19068 
19321 19031 
17344 20380 
17870 20205 
16583 20520 
19704 18308 
19830 18181 
16826 20470 
19488 18639 
17933 20116 
17567 20307 
19371 18836 
19377 18801 
19695 18372 
19660 18435 
19690 18410 
19652 18461 
19360 18944 
19344 19014 
18463 19745 
18344 19841 
19494 18604 

18672 19620 
20143 16894 
19839 18196 
17262 20360 
19855 18161 
17734 20283 
17248 20423 
17843 20148 
18572 19714 
18447 19801 
18607 19651 
17253 20379 
19840 18188 
20052 17488 
20120 17361 
19699 18370 
19874 18133 
19940 18043 
19522 18666 
20054 17448 
18224 19933 
18162 19957 
16638 20549 
19624 18645 
19846 18180 
18412 19802 
18397 19818 
19300 18901 
19199 19016 
20144 16869 
19909 18129 
19655 18559 
17460 20358 
19359 18888 
18903 19456 
18396 19872 
18984 19266 
18109 20048 
18868 19457 
19759 18280 
18381 19888 
18657 19636 
18852 19527 
18837 19543 
20017 17598 
19744 18296 
20167 16857 
19665 18495 
19269 18987 
16963 20441 
20176 16838 
18719 19612 
19283 18973 
18154 19972 
16797 20530 
19819 18233 
17747 20165 
18853 19473 
20089 17447 
18754 19611 
16812 20514 
16813 20460 
18074 20049 
19634 18581 
17919 20104 
18259 19932 
19046 19192 
18606 19705 
19116 19156 
19743 18314 
19465 18785 
20214 16816 
18983 19280 
19027 19224 
19384 18838 
19370 18852 
19231 18988 
19217 19002 
19987 17733 
18140 19986 
18153 19977 
19298 18933 
19284 18947 
17516 20305 
18202 19935 
16587 20620 
18918 19296 
18052 20051 
17761 20158 
19567 18648 
16962 20455 
20035 17560 
20021 17574 
20037 17504 
19167 19085 
19185 19030 
19728 18366 
19505 18738 
19507 18682 
19491 18752 

17941 20087 
17907 20089 
19360 18927 
18894 19502 
19670 18540 
19585 18708 
17736 20209 
19778 18280 
17904 20105 
17499 20341 
19831 18149 
17561 20274 
20062 17387 
17553 20284 
19698 18370 
20034 17557 
18288 19980 
19225 18985 
19794 18210 
18632 19579 
18529 19744 
18780 19525 
20077 17380 
19620 18581 
19807 18194 
17460 20343 
18182 20019 
17608 20227 
17596 20273 
18910 19432 
19091 19304 
18656 19559 
17859 20115 
19604 18615 
19857 18115 
18330 19899 
19358 18951 
19273 18965 
19369 18884 
18554 19671 
18559 19585 
16425 20587 
19978 17673 
19686 18470 
19648 18549 
19945 17804 
18872 19511 
18594 19584 
17825 20126 
18049 20066 
19390 18856 
19377 18858 
18679 19547 
17778 20158 
16796 20482 
17976 20086 
19599 18681 
19617 18613 
16460 20586 
18345 19883 
20028 17594 
19122 19218 
17429 20429 
18131 20062 
16613 20585 
17998 20077 
18950 19320 
19157 19020 
19141 19090 
19215 19008 
18700 19532 
17760 20200 
19034 19307 
16885 20442 
20087 17354 
20093 17310 
20049 17505 
19474 18718 
18014 20067 
18471 19829 
19409 18793 
19393 18824 
19362 18910 
18545 19674 
19930 17820 
19914 17890 
18717 19530 
17813 20135 
19460 18790 
19489 18711 
19144 19029 
18395 19836 
18235 20011 
17832 20124 
16748 20527 
16697 20528 

17869 20233 
19344 18859 
19387 18766 
18545 19690 
17253 20379 
17888 20201 
18567 19681 
17248 20423 
18676 19515 
18483 19748 
20145 17198 
19415 18738 
17926 20168 
17583 20247 
19923 17874 
18976 19336 
17578 20289 
20129 17268 
18085 19977 
18822 19449 
19949 17745 
16825 20476 
19891 17918 
19907 17910 
19371 18836 
17503 20317 
19691 18325 
19681 18411 
19934 17758 
17916 20176 
18470 19750 
17092 20426 
20027 17651 
19113 19094 
17555 20301 
19773 18179 
19782 18147 
19555 18686 
19858 18075 
18851 19445 
19586 18509 
19112 19107 
20069 17416 
19935 17753 
18658 19620 
19329 18871 
19750 18191 
18361 19835 
20090 17282 
19252 19045 
18898 19398 
19000 19252 
18643 19636 
18660 19585 
18924 19341 
17969 20115 
18994 19287 
19322 18909 
19300 18973 
19857 18093 
19842 18145 
18909 19393 
17475 20371 
17502 20322 
18376 19822 
19716 18217 
19700 18287 
16425 20587 
16460 20586 
19227 19060 
20011 17721 
19976 17722 
19563 18515 
20052 17593 
19092 19167 
19061 19208 
19108 19160 
17603 20235 
17588 20238 
18107 19950 
18057 20031 
16549 20548 
18210 19912 
18188 19914 
18245 19911 
16812 20514 
16797 20530 
18455 19802 
17073 20449 
18504 19727 
18489 19730 
19382 18803 
19041 19224 
20057 17487 
19336 18869 
19593 18507 
19942 17751 

20176 17104 
19365 18874 
19381 18843 
17954 20161 
18309 19973 
20011 17718 
20203 17051 
18082 20045 
17367 20354 
19016 19342 
17870 20205 
19572 18643 
18247 19997 
16425 20571 
15877 20633 
19285 19068 
19115 19209 
17927 20196 
17996 20099 
19072 19276 
19841 17925 
19639 18480 
19101 19249 
19484 18771 
16441 20544 
18037 20066 
17581 20343 
17252 20402 
18263 19989 
18726 19541 
19783 18055 
17734 20283 
20024 17111 
17103 20490 
19782 18240 
19990 17814 
18494 19646 
18812 19465 
19699 18394 
19697 18450 
19045 19315 
18874 19394 
18318 19892 
15875 20689 
18463 19665 
18447 19735 
18436 19789 
18394 19854 
18909 19393 
19519 18770 
19616 18587 
19579 18641 
16470 20540 
17980 20130 
19750 18380 
20020 17637 
19963 17867 
18131 20001 
18529 19645 
18710 19611 
18675 19612 
18868 19412 
19683 18464 
19840 17997 
19812 18051 
19858 17894 
17625 20287 
17105 20434 
17089 20504 
16393 20587 
19431 18803 
17337 20362 
15842 20696 

20015 17714 
20010 17958 
18170 20031 
18637 19702 
17837 20194 
18095 20058 
19888 18010 
20083 17360 
19136 19234 
17917 20172 
19978 17974 
18970 19357 
17417 20469 
18605 19718 
20153 17263 
18425 19763 
17724 20258 
19391 18808 
20098 17321 
20166 17218 
20168 17162 
19120 19247 
19298 19082 
18230 19950 
17722 20314 
16837 20507 
18837 19515 
19326 19038 
19659 18343 
18866 19439 
19197 19097 
19530 18763 
20100 17265 
19862 18064 
18781 19585 
19337 18961 
19638 18472 
17702 20333 
19067 19313 
20084 17335 
19830 18181 
16757 20567 
18486 19757 
19874 18024 
18769 19625 
18216 19964 
18849 19475 
19665 18338 
19681 18268 
19679 18324 
17429 20429 
19591 18491 
19557 18634 
19656 18385 
19414 18798 
18035 20069 
17676 20353 
18933 19375 
18341 19949 
18353 19891 
16800 20525 
18424 19777 
19390 18822 

18855 19442 
17224 20482 
18134 20118 
16966 20517 
18575 19726 
18689 19620 
18613 19725 
18822 19449 
19796 18209 
19086 19288 
18300 19907 
18335 19906 
18910 19370 
19294 18940 
19807 18194 
19101 19249 
16977 20506 
18152 20018 
18089 20139 
18978 19352 
18724 19619 
19841 18069 
18345 19883 
17608 20316 
17317 20350 
19756 18315 
17874 20227 
19978 17753 
18346 19829 
19511 18724 
19988 17681 
19174 19160 
18886 19382 
20011 17527 
18770 19548 
19646 18719 
18851 19445 
17619 20239 
18498 19740 
18967 19367 
20083 17360 
18884 19438 
19433 18875 
18754 19611 
19257 19027 
19459 18808 
19167 19248 
16446 20582 
19854 18024 
18932 19368 
19398 18938 
17303 20364 
18637 19702 
19769 18270 
19997 17541 
17761 20231 
20098 17321 
20100 17265 
18204 20002 
19215 19122 
19945 17760 
17230 20377 
18657 19636 
19690 18406 
18463 19741 
19852 18030 
19269 18987 
19283 18973 
19856 17968 
19771 18214 
19750 18329 
20025 17431 
20023 17487 
17886 20187 
18816 19470 
18814 19526 
18800 19540 
19097 19277 
19880 17935 
20085 17331 
20084 17335 
19980 17697 
18368 19789 
18354 19803 
17273 20372 
17228 20394 
19987 17695 

18766 19436 
18059 20095 
19712 18368 
17582 20294 
18276 19922 
20065 16876 
16987 20433 
18037 20104 
18574 19757 
18127 19996 
17736 20209 
19669 18474 
18290 19908 
20080 16824 
19748 18282 
18306 19877 
19705 18419 
19901 18076 
20096 16754 
17432 20345 
17774 20186 
19780 18257 
18123 20018 
16850 20506 
19783 18216 
16902 20490 
19398 18938 
18636 19657 
17429 20429 
17595 20272 
17618 20239 
19540 18631 
19682 18452 
18129 19979 
19144 19110 
18094 20094 
19298 19082 
20070 16832 
18909 19393 
19999 17784 
19902 17809 
19620 18476 
19321 19031 
18726 19541 
17933 20116 
20086 16762 
20042 17350 
19904 17789 
18152 19967 
17533 20296 
17760 20200 
18710 19611 
16911 20458 
19733 18298 
19433 18875 
18752 19450 
19123 19209 
18764 19441 
19134 19145 
19964 17785 
20015 17714 
19337 18961 
19713 18301 
19580 18573 
16626 20568 
18732 19492 
18578 19727 
18498 19765 
20044 17333 
20060 17263 
18750 19455 
18232 19941 
18874 19394 
17485 20302 
19818 18215 
18996 19293 
19028 19277 
19516 18679 
17791 20184 
17805 20170 
17631 20227 
17638 20225 
18675 19612 
16879 20502 
19866 18077 
19844 18079 
19590 18533 
16576 20579 
19438 18784 
19460 18782 
19068 19212 
18350 19853 
18336 19867 
18622 19671 
18482 19835 
18540 19764 

19099 19160 
16094 20644 
18038 20079 
18520 19705 
16109 20628 
18048 20078 
18308 20029 
19071 19248 
18539 19684 
20025 17848 
16387 20574 
19046 19340 
19856 18046 
20039 17800 
16306 20579 
19966 17917 
17461 20413 
17666 20254 
19670 18437 
18553 19670 
19224 19093 
18083 20077 
18489 19791 
17570 20337 
18291 20051 
19950 17925 
17953 20153 
20056 17762 
18927 19417 
15842 20696 
17896 20210 
19178 19108 
19876 18004 
18016 20094 
16156 20620 
18796 19455 
17429 20429 
19256 19027 
19733 18260 
17602 20321 
17864 20226 
19374 18854 
19693 18420 
18780 19525 
18607 19625 
16958 20477 
19400 18800 
19658 18483 
19623 18484 
18810 19454 
18811 19439 
18635 19619 
18664 19615 
19092 19184 
19079 19222 
17981 20138 
19233 19033 
18505 19721 
18701 19606 
19531 18642 
19457 18787 
17661 20286 
18011 20096 
19830 18181 
19386 18814 
19342 18870 
20072 17279 
18514 19713 
19286 18884 
19568 18545 
19599 18528 
18719 19542 
18394 19854 
18538 19688 
19723 18322 
19705 18324 
19749 18190 
19747 18212 
16191 20619 
19538 18605 
19509 18786 
17732 20234 
17628 20293 
16465 20555 
16497 20539 

20007 17784 
18981 19369 
17903 20117 
19840 18162 
18044 20075 
19516 18745 
17709 20308 
19975 17830 
17535 20333 
19473 18817 
19489 18747 
19894 17857 
20068 17350 
17972 20089 
19699 18300 
18896 19380 
19344 18897 
18462 19775 
18710 19611 
19450 18829 
19110 19231 
18780 19525 
19777 18266 
19857 18093 
18300 19882 
18291 19888 
19234 19017 
19700 18286 
17957 20114 
17397 20336 
19482 18785 
19094 19301 
17320 20349 
17301 20442 
18956 19373 
19870 17861 
19634 18449 
19664 18441 
18453 19828 
18264 19936 
17861 20127 
18675 19612 
18284 19890 
16588 20628 
18145 20060 
17611 20310 
18983 19352 
19622 18467 
19678 18393 
20020 17665 
19842 18145 
19858 18075 
19268 18972 
18726 19541 
18999 19306 
16844 20462 
16789 20484 
16851 20460 
19112 19156 
19111 19170 
18870 19382 
17305 20401 
18525 19740 
18540 19724 
18541 19670 
19551 18723 
19600 18571 
19584 18641 
19141 19090 
17554 20313 
18812 19465 
18868 19412 
19010 19303 
18985 19307 
19345 18872 
19322 18934 
20165 17325 
20130 17326 
19729 18282 
19197 19047 
19184 19058 
19694 18323 
18440 19839 
18263 19990 
18248 20006 
20051 17528 
17710 20283 
17848 20226 
17774 20263 
16589 20485 

17603 20363 
18605 19707 
17825 20214 
17841 20183 
17253 20379 
20027 17651 
18645 19597 
17988 20134 
17930 20157 
18004 20131 
19204 19096 
17689 20233 
18610 19663 
18077 20078 
19789 18148 
18417 19837 
19813 18109 
18315 19908 
20025 17707 
20011 17780 
19296 18890 
17248 20423 
18642 19650 
17878 20161 
17837 20211 
18661 19566 
19757 18257 
19827 18056 
18812 19465 
19134 19133 
19308 18873 
18084 20041 
19758 18234 
18643 19623 
18301 19922 
19235 19010 
18106 20029 
18058 20101 
16479 20541 
19118 19239 
18808 19477 
18759 19492 
18606 19705 
16352 20577 
18286 19974 
18978 19382 
19249 18996 
17672 20255 
17066 20434 
18574 19757 
18700 19532 
19741 18327 
20043 17178 
18732 19515 
18539 19758 
19798 18125 
19876 17911 
19519 18636 
19014 19327 
19773 18218 
17669 20325 
20076 17048 
20126 16522 
18647 19580 
18794 19491 
19784 18175 
19782 18195 
19859 17983 
19833 18037 
19861 17927 
19845 17997 
19433 18742 
16338 20591 
18868 19412 
18257 19978 
18314 19920 
19534 18620 
19946 17876 
18041 20123 
19227 19026 
18678 19534 
18715 19516 
16465 20555 
19127 19145 
19041 19278 
16727 20529 
19414 18796 
19363 18864 
19400 18810 
19575 18530 
19573 18586 
19590 18514 
19559 18600 
19289 18966 
19644 18436 
18398 19896 
18367 19898 
18403 19851 
19265 18976 
20030 17296 
18460 19790 
18441 19813 
16900 20482 
19141 19131 
19507 18670 
19593 18507 
20073 17080 

17609 20317 
20020 17918 
18062 20143 
17744 20197 
17666 20308 
17946 20146 
17856 20187 
18865 19441 
18089 20090 
19794 18322 
19691 18437 
16566 20557 
19918 17942 
19541 18746 
19560 18655 
19442 18778 
19284 19044 
19303 18953 
19941 17936 
18722 19505 
18632 19545 
19007 19263 
16825 20476 
19307 18897 
19869 18135 
18944 19341 
20075 17269 
18672 19542 
17855 20191 
19304 18929 
15892 20617 
18611 19636 
19308 18873 
18203 20006 
18553 19686 
20153 17263 
18478 19812 
19826 18261 
20035 17591 
16513 20564 
18556 19654 
19703 18397 
16445 20582 
18388 19861 
18540 19724 
19838 18221 
16936 20460 
18695 19506 
18864 19500 
16502 20579 
19622 18498 
19551 18723 
18591 19653 
18525 19740 
16812 20514 
19854 18151 
19852 18207 
20183 17146 
20168 17162 
18969 19290 
20050 17575 
17190 20332 
15875 20689 
18416 19836 
19404 18865 
18893 19381 
18882 19396 
17885 20183 
18989 19265 
18975 19279 
20030 17698 
19602 18652 
19719 18327 
16797 20530 
19299 19022 
18868 19412 
19064 19238 
19079 19222 
20166 17218 
18938 19376 
18964 19331 
17734 20283 
17161 20427 
19215 19122 
19225 19063 
15877 20633 
15842 20696 
19636 18442 
19409 18793 
18220 19893 
18281 19877 
19162 19130 
19160 19186 
19127 19193 
18621 19613 
19435 18779 

16627 20571 
19261 18947 
19861 18081 
19937 17878 
19276 18908 
18224 19935 
18202 19937 
18591 19557 
17683 20286 
18226 19915 
18556 19667 
20226 16916 
18687 19517 
18697 19514 
19296 18884 
20025 17848 
18604 19538 
19593 18576 
17483 20339 
19719 18352 
18984 19266 
17448 20340 
19745 18206 
19734 18311 
20219 16972 
20095 17296 
17609 20317 
18496 19757 
19213 19027 
19643 18463 
19489 18711 
19781 18205 
19830 18167 
18682 19527 
19952 17865 
18175 19963 
18124 20034 
18640 19531 
19304 18868 
18379 19847 
19163 19126 
18936 19472 
16825 20476 
16812 20514 
19723 18322 
19908 17924 
20048 17722 
18057 20147 
16709 20562 
19115 19127 
17360 20374 
19591 18632 
18477 19768 
18461 19838 
19657 18449 
19472 18774 
20108 17258 
19613 18524 
19395 18803 
16744 20561 
19097 19186 
18525 19753 
18724 19492 
18675 19530 
18286 19911 
18264 19913 
18321 19910 
18874 19482 
18817 19485 
19229 18957 
17373 20342 
17358 20394 
17904 20154 
19608 18560 
19577 18646 
19108 19160 
19516 18679 
18475 19824 
19502 18687 
19207 19070 
19194 19090 
18574 19559 
19460 18790 
18953 19377 
16797 20530 
19027 19224 
18983 19280 
20203 17042 
17726 20275 
19703 18397 
19668 18423 
19044 19204 
19474 18718 
20174 17095 
20146 17225 
20080 17312 
19612 18529 
18092 20084 
19305 18841 
17075 20432 
17073 20449 
19409 18793 
19381 18817 
17860 20166 
17809 20237 
19303 18882 

19376 18839 
20154 17304 
18914 19349 
16645 20539 
18044 20111 
19751 18438 
18335 19906 
18909 19355 
17987 20114 
20044 17475 
18009 20112 
19759 18397 
18895 19408 
18247 19972 
17715 20276 
17897 20136 
19918 18064 
19986 17960 
18981 19329 
18174 19994 
18670 19619 
20223 16718 
18771 19518 
18093 20054 
20132 17362 
19357 18898 
19778 18338 
17907 20131 
18089 20090 
18445 19805 
17534 20294 
19589 18648 
18166 20035 
20018 17944 
19830 18181 
20186 16745 
19366 18877 
16541 20659 
18126 20051 
18482 19778 
18439 19820 
19473 18821 
18395 19836 
20037 17885 
19177 19114 
19025 19307 
17512 20298 
19594 18555 
20164 16753 
19653 18544 
17832 20272 
19011 19321 
18259 19932 
18345 19883 
18150 20044 
19525 18656 
19285 19068 
17927 20128 
18719 19542 
17542 20290 
19593 18560 
16903 20533 
19042 19235 
19027 19251 
18866 19438 
18697 19544 
20050 17433 
18868 19412 
18864 19500 
19665 18504 
19502 18716 
17325 20408 
17313 20448 
17070 20494 
17081 20462 
17455 20314 
17442 20359 
18513 19685 
18543 19677 
19162 19130 
19160 19186 
19127 19193 
19485 18781 
19371 18845 
17836 20184 
17937 20123 

