9789 8688 
9899 8245 
9895 8259 
9880 8277 
8169 10104 
9391 9454 
9313 9527 
9384 9460 
8581 9936 
8503 10009 
9127 9641 
8462 10026 
8447 10044 
8384 10099 
8409 10045 
9965 8067 
9912 8086 
9958 8073 
9950 8085 
8587 9901 
8509 9974 
9466 9263 
9399 9320 
9413 9282 
8628 9871 
9816 8591 
9762 8717 
9752 8725 
9755 8723 
9007 9748 
8992 9766 
8954 9767 
8925 9793 
9675 8947 
9636 9030 
9660 8965 
9710 8909 
9491 9238 
9547 9159 
9624 9131 
9546 9204 
9617 9137 
9609 9149 
9712 8828 
9744 8809 
7705 10131 
8755 9826 
9249 9528 
9186 9583 
9232 9567 
9179 9586 
9139 9613 
9085 9684 
9070 9702 
9165 9587 
9087 9660 
9150 9605 
9132 9633 
9054 9706 
9151 9602 
9136 9620 
9105 9646 
9027 9719 
9765 8690 
9875 8289 
9853 8486 
9451 9281 
8682 9842 
9720 8811 
7680 10185 
8798 9815 
7991 10124 
9208 9569 
9158 9593 

9924 8156 
9907 8298 
9922 8280 
9869 8299 
8722 9898 
8669 9917 
8644 9971 
9424 9206 
8247 10048 
8225 10084 
8470 9989 
8448 10025 
8407 10044 
9546 9204 
9609 9149 
9571 9150 
9624 9131 
8825 9804 
9313 9527 
9338 9473 
9391 9454 
9798 8716 
9813 8698 
9867 8627 
9830 8654 
9819 8667 
9845 8636 
8946 9792 
9031 9780 
9084 9719 
9223 9536 
9144 9668 
9183 9585 
9159 9650 
9106 9669 
9198 9567 
9637 9014 
9630 9042 
9690 8995 
9759 8882 
9697 8885 
9721 8883 
7824 10181 
8057 10114 
7934 10169 
8019 10157 
8072 10096 
9967 8145 
7705 10188 
8698 9900 
9199 9538 
9782 8848 

9643 8919 
9650 8913 
8698 9893 
8761 9838 
8723 9839 
9871 8349 
9557 9339 
9472 9351 
9610 9320 
8308 10089 
8361 10070 
7987 10115 
8128 10099 
9362 9384 
9415 9365 
9780 8807 
9851 8740 
9781 8797 
9907 8298 
9922 8280 
9971 8032 
9963 8044 
9925 8045 
9978 8026 
9902 8312 
9917 8294 
9651 8829 
9854 8610 
9624 8989 
9639 8971 
8620 9945 
8845 9776 
8497 9970 
9250 9575 
9202 9642 
9264 9474 
8448 10025 
7839 10129 
7904 10125 
8774 9789 
9864 8355 
9337 9438 
9834 8778 
9861 8475 
8888 9765 
8993 9744 
9215 9590 
9135 9652 
9354 9421 
8461 9973 
7831 10133 

9979 8135 
10042 8080 
10004 8081 
8135 10060 
8247 10048 
8209 10049 
8273 10017 
9455 9181 
8605 9922 
8683 9849 
9127 9641 
8857 9800 
9227 9509 
9159 9574 
9184 9520 
9237 9501 
9702 8756 
9573 9014 
9523 9047 
9502 9103 
9558 9032 
8503 9983 
8566 9928 
8528 9929 
9740 8665 
9360 9423 
9443 9392 
9297 9469 
9428 9410 
9056 9749 
9109 9730 
9891 8410 
9944 8391 
9815 8512 
9632 8953 
9685 8934 
9874 8440 
9833 8489 
9803 8529 
9859 8458 
9848 8471 
9950 8154 
9946 8160 
10002 8089 
7736 10154 
7840 10149 
7802 10150 
7905 10115 
7680 10185 
8675 9892 
8389 10000 
8877 9767 
9229 9507 
9760 8632 
9767 8544 
9962 8148 
7958 10096 

7710 10167 
9839 8757 
9705 8806 
8111 10076 
8032 10113 
9611 9300 
8210 10072 
9269 9592 
9140 9620 
8892 9749 
8856 9853 
8727 9881 
9029 9685 
8503 9983 
8581 9910 
8566 9928 
9628 8970 
9618 8978 
9006 9740 
9084 9667 
9118 9629 
9285 9559 
9288 9474 
8406 10020 
8299 10048 
10012 8000 
10020 7993 
9997 8018 
10005 8011 
7773 10158 
9995 8130 
9537 9328 
9459 9359 
9327 9375 
9930 8277 
9983 8258 
7705 10188 
9834 8778 
8877 9767 
9060 9669 
7785 10133 
9925 8298 

9837 8439 
9906 8350 
9780 8672 
8644 9971 
8713 9882 
9573 9163 
8759 9842 
8808 9816 
9708 8841 
9718 8833 
9640 8906 
8098 10128 
8281 10032 
9276 9551 
9148 9574 
9457 9168 
8151 10106 
8406 10020 
9075 9680 
9123 9613 
9006 9740 
8225 10084 
9391 9454 
9313 9527 
9393 9420 
9397 9417 
7773 10220 
9891 8368 
9765 8690 
8698 9900 
9627 9092 
8829 9812 
9676 8857 
8888 9765 
9425 9184 
9118 9625 
7827 10149 

8755 9826 
8669 9917 
8722 9898 
8644 9971 
9469 9348 
9406 9433 
9454 9366 
9529 9106 
9521 9112 
9514 9124 
9999 7939 
10052 7920 
9974 7993 
9897 8395 
9935 8394 
8225 10084 
8247 10048 
9270 9545 
9192 9618 
9255 9563 
8179 10107 
7776 10153 
7814 10152 
7848 10126 
7833 10144 
9079 9626 
9054 9680 
9781 8797 
9756 8861 
9664 8963 
9717 8944 
9702 8962 
9741 8879 
8448 10025 
8407 10044 
8470 9989 
9551 9032 
9604 9013 
8969 9723 
8915 9764 
8968 9745 
8890 9818 
8698 9900 
9853 8486 
9505 9150 
10028 7922 
7680 10185 
9834 8778 
9589 9031 
9012 9712 
8944 9747 
8206 10087 

7386 10181 
9780 8562 
7977 10074 
7924 10093 
7890 10131 
7662 10161 
7637 10173 
9720 8741 
9755 8723 
9762 8717 
9708 8799 
9752 8725 
9643 8919 
9640 8921 
9650 8913 
9635 8931 
9596 8995 
9546 9263 
9483 9348 
9496 9296 
8448 10025 
9601 8967 
9547 9049 
8630 9882 
8362 10061 
8337 10073 
9123 9619 
9132 9616 
9391 9454 
9313 9527 
8580 9924 
8517 10009 
8565 9942 
9979 8055 
9148 9570 
9157 9567 
9233 9558 
9924 8250 
9043 9653 
8965 9726 
9133 9575 
9070 9648 
8992 9721 
8895 9764 
8832 9849 
8880 9782 
9860 8529 
7953 10076 
9626 8957 
9577 9011 
8623 9888 
8567 9940 
9974 8111 
9909 8268 
9028 9671 
9016 9682 
8845 9797 
9882 8332 

9643 8919 
9650 8913 
9596 8995 
9780 8803 
9732 8835 
9660 8882 
9361 9436 
9346 9454 
9415 9365 
9308 9455 
9979 8090 
8111 10076 
8146 10061 
8098 10128 
7925 10177 
7950 10165 
8984 9755 
9009 9701 
8722 9898 
8644 9971 
8669 9917 
8473 9995 
9509 9274 
9587 9201 
9572 9219 
9534 9262 
9847 8533 
9794 8552 
9627 8967 
9588 9020 
9630 8965 
9637 8959 
9417 9289 
9914 8451 
9928 8245 
9954 8214 
9939 8232 
9918 8287 
8407 10044 
8448 10025 
8762 9805 
8486 9984 
9230 9584 
9192 9585 
9153 9626 
9075 9699 
9139 9645 
9124 9663 
9086 9664 
9243 9470 
9775 8824 
9655 8903 
8774 9789 
7705 10188 
9974 8111 
8698 9900 
9823 8535 
8294 10051 
8757 9826 
8898 9770 

9924 8156 
9173 9590 
9212 9549 
8810 9797 
8803 9803 
8757 9816 
8732 9870 
8512 9982 
8722 9898 
8669 9917 
8644 9971 
9379 9247 
9464 9235 
7433 10194 
9840 8501 
9835 8619 
8152 10088 
7599 10184 
9159 9650 
9040 9673 
9198 9567 
9106 9669 
9183 9585 
8481 10039 
9710 9157 
9572 9230 
9626 9206 
9917 8301 
9910 8329 
8963 9680 
8900 9765 
8948 9698 
9837 8506 
9863 8475 
9848 8493 
9302 9527 
9365 9442 
9312 9461 
8357 10044 
8908 9746 
7742 10105 
7717 10159 
9816 8627 
9809 8633 
9801 8645 
9738 8700 
9967 8145 
8698 9900 
9853 8486 
9757 8692 
9135 9652 
9886 8331 
8914 9727 
9341 9444 
8263 10071 
8928 9713 
9787 8655 

9935 8394 
8436 10048 
8474 10047 
8077 10049 
8032 10062 
8007 10116 
8070 10061 
8018 10100 
9724 8739 
9777 8720 
9718 8833 
9862 8570 
9837 8624 
9915 8551 
9266 9492 
9304 9491 
9566 9191 
9490 9200 
9481 9203 
9619 9130 
8644 9908 
9413 9282 
9388 9336 
9399 9320 
9466 9263 
7655 10210 
7579 10219 
7570 10222 
7708 10149 
8992 9721 
9070 9648 
9038 9658 
9649 8937 
9240 9573 
9206 9579 
9171 9594 
9158 9646 
8853 9786 
8868 9768 
8793 9844 
8831 9843 
8846 9825 
8905 9767 
8847 9807 
9769 8726 
9676 8857 
9891 8553 
8720 9899 
9451 9281 
8557 9913 
9337 9365 
9019 9669 
8985 9734 

8515 10003 
8602 9946 
8549 9965 
9711 8839 
9708 8841 
9718 8833 
9640 8906 
9940 8210 
8213 10120 
8276 10035 
8223 10054 
8682 9831 
8629 9850 
9905 8726 
9871 8764 
9604 9061 
9617 8918 
9561 9084 
9551 9092 
9953 7985 
9961 7973 
9958 7975 
9968 7967 
9440 9353 
9518 9322 
9267 9574 
9193 9599 
7806 10150 
7821 10132 
7768 10151 
9106 9639 
8987 9777 
9050 9692 
8997 9711 
9052 9641 
8961 9792 
9024 9707 
8578 9948 
9676 8857 
8993 9744 
8252 10037 
8667 9849 
9306 9491 
9278 9545 
9026 9694 
9000 9709 

8249 10055 
9622 8930 
9615 8936 
9603 8953 
9607 8948 
8406 10020 
8350 10038 
8413 9983 
8644 9971 
8722 9898 
8669 9917 
8225 10084 
9965 8067 
9958 8073 
9912 8086 
9950 8085 
9887 8229 
9885 8276 
9878 8282 
9850 8629 
9835 8647 
9797 8648 
9874 8564 
9187 9576 
9141 9615 
9132 9618 
9217 9564 
9255 9563 
8926 9756 
9466 9263 
9399 9320 
7844 10169 
7902 10156 
7950 10089 
7912 10090 
9307 9495 
9006 9740 
9084 9667 
9031 9686 
9365 9442 
9302 9527 
9312 9461 
9390 9356 
9375 9374 
9414 9291 
9791 8817 
9728 8902 
9738 8836 
9427 9282 
9505 9209 
8809 9835 
9521 9171 
9512 9174 
9597 9162 
8754 9894 
8832 9821 
8779 9840 
7706 10172 
9598 8974 
8698 9900 
7705 10188 
9451 9281 
9060 9669 
9341 9444 
9767 8819 
9498 9215 
8894 9781 

8437 10028 
8485 9961 
9089 9642 
9075 9680 
9127 9641 
8448 10025 
8496 9958 
9527 9080 
9822 8672 
9778 8853 
9725 8872 
9715 8938 
9858 8465 
9915 8144 
9838 8497 
9931 8056 
9935 8051 
9978 8026 
9963 8044 
9886 8266 
9901 8248 
9526 9182 
9511 9200 
8847 9827 
8738 9883 
8823 9829 
8885 9826 
9823 8518 
9566 8943 
9551 8961 
8637 9933 
9473 9250 
9420 9269 
9395 9323 
9262 9574 
9340 9501 
9367 9456 
9312 9535 
9375 9450 
9360 9468 
8146 10091 
8171 10037 
8156 10059 
9013 9715 
8904 9771 
8988 9769 
8989 9717 
9051 9714 
9151 9621 
9073 9694 
7581 10191 
7588 10171 
7728 10153 
7753 10099 
8450 9976 
8461 9973 
8139 10096 
9754 8855 
9853 8486 
9910 8165 
9926 8077 
9970 8032 
9881 8278 
9546 8973 
8632 9954 
9449 9252 
8209 10036 
8151 10080 
7791 10098 

9361 9436 
9346 9454 
9415 9365 
8247 10048 
8225 10084 
9814 8587 
7884 10153 
8722 9898 
8644 9971 
8669 9917 
8618 9972 
9006 9740 
8458 9976 
10052 7920 
9974 7993 
9999 7939 
9935 8394 
9897 8395 
9262 9574 
9340 9501 
9615 8997 
9576 9003 
9702 8929 
9626 8938 
9490 9230 
9568 9157 
9553 9175 
9788 8878 
9750 8879 
8911 9744 
9277 9508 
9133 9628 
9118 9646 
9159 9597 
9144 9615 
9096 9682 
8059 10127 
8087 10087 
9038 9709 
8851 9789 
8788 9844 
8832 9799 
8873 9780 
8429 10037 
8391 10038 
9867 8568 
8698 9900 
10028 7922 
9745 8918 
7684 10154 

9938 8678 
9894 8713 
9860 8751 
7833 10134 
8644 9908 
8386 10039 
8179 10107 
8190 10091 
8552 10005 
8621 9916 
8577 9951 
10040 7960 
9996 7995 
9962 8033 
9953 8116 
9287 9533 
9537 9067 
9619 8968 
9612 8974 
9565 9050 
9433 9202 
9360 9506 
9266 9544 
9275 9541 
9370 9268 
8904 9769 
9712 8828 
9705 8834 
9634 8901 
9159 9597 
9144 9615 
9096 9682 
9251 9572 
9157 9610 
8983 9699 
8291 10044 
8400 10018 
8286 10087 
9016 9686 
9743 8779 
9736 8785 
9651 8896 
7680 10185 
8720 9899 
8606 9934 
10025 7978 
9377 9267 
9567 9029 
9595 9012 
9533 9160 
9400 9230 
8980 9760 
9109 9630 
8892 9797 
8991 9687 
9768 8776 
9689 8861 

8980 9741 
8942 9742 
9887 8208 
9006 9740 
9084 9667 
7887 10144 
9459 9359 
9484 9347 
9537 9328 
9287 9515 
9365 9442 
9262 9574 
9340 9501 
9805 8835 
9619 8968 
9609 8976 
9611 8974 
9587 9243 
9684 8933 
9709 8879 
9762 8860 
8840 9781 
8799 9830 
8825 9799 
8814 9812 
8777 9866 
8470 9971 
8533 9916 
7717 10159 
8491 9948 
8501 9943 
8384 10099 
8447 10044 
8409 10045 
8486 9961 
8462 10026 
8644 9908 
9036 9729 
9061 9675 
9114 9656 
8919 9757 
7701 10197 
7663 10198 
7716 10179 
9977 8202 
9866 8214 
9834 8778 
9341 9444 
9781 8837 
9595 9012 
9625 8955 
9738 8862 
8720 9899 
9090 9658 
9122 9639 

9346 9454 
9415 9365 
9362 9384 
9308 9455 
9466 9263 
9075 9651 
9006 9740 
9031 9686 
9780 8672 
9711 8761 
9736 8707 
9249 9528 
9290 9479 
9186 9583 
9275 9497 
9127 9641 
9089 9642 
8447 10044 
8384 10099 
8409 10045 
9923 8424 
9880 8435 
9825 8519 
9833 8507 
7896 10156 
10004 8170 
9926 8243 
9951 8189 
9822 8598 
9473 9162 
9628 9107 
9509 9127 
9585 9118 
9637 8980 
9435 9299 
8646 9896 
8980 9741 
8920 9784 
8928 9780 
8942 9742 
9262 9508 
9303 9459 
9240 9573 
9202 9574 
8583 9931 
8514 10020 
8539 9966 
8543 9952 
8903 9797 
8840 9852 
8707 9883 
8763 9867 
9451 9281 
9060 9669 
9765 8690 
7888 10160 
9815 8604 
9683 8825 
9680 8969 
8568 9949 
7996 10110 

9887 8140 
9958 8073 
9965 8067 
9950 8085 
9912 8086 
7884 10150 
7932 10083 
7894 10084 
9415 9365 
9362 9384 
9446 9238 
9431 9256 
8644 9928 
8782 9855 
8738 9890 
9842 8609 
9789 8628 
9251 9543 
9258 9537 
9243 9555 
9195 9622 
9205 9556 
8992 9721 
9127 9641 
9075 9680 
9089 9642 
8589 9980 
8503 10009 
9872 8436 
8896 9818 
8974 9745 
8959 9763 
9860 8439 
9677 8980 
9740 8895 
9561 9092 
9585 9027 
9546 9110 
9508 9111 
9626 9013 
9573 9032 
9701 8954 
9686 8972 
7705 10188 
8345 10056 
9337 9438 
9882 8250 
8767 9873 
9764 8682 
9845 8457 
9716 8897 

8425 9976 
8362 10031 
9721 8825 
9714 8837 
9729 8819 
9651 8892 
9850 8740 
9804 8816 
9127 9641 
8406 10020 
8417 10004 
9641 8917 
9634 8929 
9649 8911 
9983 8107 
9937 8183 
9991 8101 
9546 9263 
9483 9348 
9496 9296 
10043 8007 
8722 9898 
8644 9971 
9935 8394 
8361 10035 
9398 9522 
9260 9553 
9614 9079 
9629 9061 
8856 9853 
8727 9881 
9119 9683 
9109 9730 
9031 9761 
9887 8618 
9652 8864 
9406 9394 
9227 9564 
7889 10117 
9700 8847 
9834 8778 
7705 10188 
9967 8145 
8698 9900 
8424 9980 
8263 10071 
9566 9146 
9863 8620 
9231 9557 
7916 10111 
7943 10088 

9931 8047 
8384 10099 
8409 10045 
8447 10044 
7884 10150 
9463 9136 
9531 9071 
9526 9081 
9512 9091 
9497 9098 
9796 8350 
9649 8901 
9605 8975 
9615 8970 
9862 8283 
9388 9336 
9399 9320 
9431 9314 
8644 9971 
8678 9933 
9306 9450 
9262 9524 
9287 9470 
9301 9460 
9253 9527 
9737 8689 
8452 9997 
9134 9589 
9144 9584 
9275 9497 
9227 9564 
9071 9638 
9100 9626 
8869 9825 
9014 9748 
9053 9665 
8985 9765 
8758 9833 
9899 8063 
7705 10188 
9816 8317 
9635 8937 
9771 8566 
7918 10140 
9882 8250 
9451 9281 
8698 9900 
9669 8720 
9337 9365 
9757 8656 
9656 8781 
9120 9593 
8882 9773 

9881 8196 
9866 8214 
9592 9110 
9617 9056 
9626 9047 
9915 8144 
9838 8497 
9415 9365 
9362 9384 
9858 8465 
9972 8105 
10045 7984 
9992 8003 
9978 8026 
7887 10144 
8143 10060 
8133 10126 
9081 9683 
9003 9756 
9028 9702 
9066 9701 
9014 9740 
8779 9768 
8736 9790 
8597 9993 
8512 10005 
9244 9475 
9229 9493 
9446 9238 
9431 9256 
9461 9175 
9667 8942 
9648 8965 
9659 8948 
9704 8863 
9789 8809 
9746 8831 
9791 8752 
9181 9563 
9133 9639 
9221 9529 
9143 9602 
8438 10028 
9910 8165 
9814 8499 
9337 9438 
9853 8486 
7705 10188 
10021 7986 
8720 9899 
9806 8662 
9503 9124 
8774 9789 
9236 9481 
9643 8986 
9733 8852 
9784 8830 
9672 8865 
8345 10056 
9176 9584 
9197 9531 

9890 8040 
9939 7995 
9958 7975 
9953 7985 
9961 7973 
9968 7967 
9845 8636 
9830 8654 
9568 9012 
9607 8948 
8225 10084 
8036 10099 
8652 9961 
8698 9872 
8683 9890 
9127 9641 
8589 9980 
8362 10031 
8971 9761 
9109 9730 
7884 10150 
9015 9754 
8877 9785 
8755 9812 
9674 8910 
9812 8879 
9605 8975 
9659 8944 
9693 8887 
8397 10018 
8526 9990 
7714 10167 
9285 9503 
9309 9435 
9363 9430 
9296 9487 
9246 9509 
9198 9576 
9402 9415 
9446 9341 
9449 9339 
9445 9352 
9508 9267 
9503 9274 
7705 10188 
9882 8250 
9853 8486 
8238 10032 
8691 9878 
9299 9456 
9339 9432 
9211 9524 
9432 9377 
9479 9276 

8904 9769 
8409 10045 
8384 10099 
8447 10044 
8713 9882 
8669 9917 
8644 9971 
9897 8235 
9350 9431 
9075 9651 
9031 9686 
9006 9740 
7801 10179 
7802 10150 
7840 10149 
9854 8610 
9839 8628 
9470 9355 
9386 9404 
9345 9449 
9260 9461 
9269 9458 
9256 9486 
9241 9504 
9137 9585 
9232 9534 
9188 9569 
9079 9595 
9733 8971 
9793 8767 
9739 8868 
9778 8785 
9555 9266 
9608 9205 
9479 9275 
9643 9103 
9696 9042 
8874 9790 
8821 9809 
8796 9863 
8883 9773 
8839 9808 
8814 9862 
8980 9760 
8698 9900 
9977 8202 
9060 9669 
7855 10108 
7680 10185 
9096 9590 
9217 9552 
8868 9791 

9971 8032 
9978 8026 
9963 8044 
9252 9479 
9259 9473 
9127 9641 
9089 9642 
9075 9680 
8486 9961 
8448 9962 
8244 10039 
8166 10112 
9883 8663 
9796 8720 
9830 8682 
9953 8192 
9938 8210 
9900 8211 
7801 10179 
7887 10144 
8775 9797 
8782 9791 
8767 9809 
8728 9873 
9154 9571 
8984 9755 
9062 9682 
9009 9701 
8666 9882 
8924 9771 
9546 9263 
9496 9296 
9483 9348 
8693 9881 
8645 9948 
8869 9789 
9624 9131 
9609 9149 
9732 8802 
9739 8796 
9652 8910 
9433 9366 
9398 9381 
9385 9433 
9217 9497 
8438 10028 
9859 8665 
9769 8722 
8758 9835 
9076 9644 
7680 10185 
9038 9684 
9035 9686 
8658 9896 
9635 8937 
9655 8903 
9728 8901 

9999 7939 
10086 7882 
9974 7993 
10052 7920 
7783 10115 
9782 8743 
9710 8821 
9758 8754 
9968 8125 
9953 8143 
8012 10090 
8023 10074 
8689 9880 
8681 9887 
8618 9972 
8666 9905 
7749 10149 
9930 8425 
9802 8532 
9880 8459 
9873 8465 
9071 9638 
8324 10044 
8406 10020 
8417 10004 
9645 8914 
8512 9982 
9312 9461 
9399 9404 
9365 9442 
9302 9527 
9536 9210 
9490 9223 
9451 9264 
9556 9121 
9565 9095 
9216 9564 
9428 9319 
9642 8986 
9629 9041 
9616 9093 
9545 9134 
9178 9580 
9153 9634 
9231 9561 
7714 10167 
7792 10094 
9430 9286 
10002 7929 
8986 9732 
9047 9654 
9032 9700 
10028 7922 
7705 10188 
9724 8783 
8066 10061 
9785 8640 
8631 9920 
9341 9444 
9853 8486 
7785 10100 
8999 9721 
8904 9746 
8896 9800 
8968 9738 

9924 8156 
8722 9898 
8644 9971 
8669 9917 
8213 10120 
8098 10128 
9361 9436 
9415 9365 
9346 9454 
9362 9384 
9235 9592 
9313 9519 
9260 9538 
9127 9641 
9065 9644 
9089 9642 
7985 10132 
9420 9297 
9546 9204 
9624 9131 
9571 9150 
9609 9149 
9466 9263 
9762 8717 
9752 8725 
9755 8723 
9815 8696 
9854 8613 
9800 8714 
9839 8631 
8433 10002 
8359 10054 
8273 10063 
8377 10028 
8437 9981 
8362 10046 
9702 8929 
7902 10156 
7903 10146 
7906 10138 
8918 9779 
8840 9852 
8903 9797 
8915 9792 
9002 9735 
8949 9754 
9967 8145 
8698 9900 
9889 8375 
9451 9281 
9745 8918 
9033 9720 
8978 9737 

8723 9849 
8779 9790 
8757 9826 
9616 9073 
9601 9091 
9553 9158 
7758 10190 
8503 10009 
8581 9936 
8980 9741 
8995 9723 
8928 9780 
9170 9582 
9346 9454 
9361 9436 
9894 8416 
9978 8121 
10032 8020 
9993 8103 
10017 8038 
10038 7976 
9907 8298 
9922 8280 
9827 8537 
9834 8531 
9469 9348 
9454 9366 
9406 9433 
8539 9946 
9232 9533 
9273 9484 
9247 9515 
9258 9502 
9210 9569 
9127 9641 
9720 8879 
9774 8778 
9735 8861 
9763 8800 
9569 9119 
9647 9046 
9118 9646 
9159 9597 
9133 9628 
9144 9615 
9096 9682 
8625 9922 
7899 10147 
7977 10074 
8716 9855 
8765 9799 
9853 8486 
9792 8555 
9536 9217 
9739 8802 
9623 9048 
9662 8936 
7923 10112 
7953 10076 
8322 10071 

9978 8026 
9971 8032 
9925 8045 
9963 8044 
9900 8099 
7730 10134 
9739 8796 
9732 8802 
9729 8804 
9686 8815 
9661 8869 
9889 8133 
8682 9831 
9871 8349 
9795 8522 
9788 8528 
9741 8604 
9629 9174 
9576 9235 
9551 9247 
9168 9606 
9161 9612 
9158 9614 
9139 9634 
9118 9639 
9105 9691 
9153 9624 
9356 9426 
9312 9461 
9302 9527 
9858 8481 
9785 8541 
9429 9262 
8825 9804 
9109 9688 
9056 9749 
9031 9761 
9366 9356 
9359 9362 
8171 10131 
8247 10084 
8312 10050 
8253 10071 
8652 9872 
8608 9907 
8598 9973 
8678 9835 
8677 9839 
8629 9906 
7705 10188 
9882 8250 
8667 9849 
9864 8355 
9771 8566 
9341 9444 
9815 8503 
9404 9316 
9378 9330 
8173 10093 
8325 9998 
8411 9988 
8523 9978 
8637 9890 
8600 9908 

7586 10138 
9928 8416 
10006 8385 
9399 9320 
8098 10128 
9711 8839 
9708 8841 
9718 8833 
8182 10094 
8854 9750 
8816 9751 
9652 8899 
9640 8916 
9649 8901 
9581 8966 
9659 8893 
8561 9963 
8574 9911 
8624 9878 
8609 9896 
8406 10020 
8337 10073 
8950 9747 
9324 9537 
9186 9568 
8428 9991 
9393 9358 
9466 9306 
9538 9093 
9526 9110 
9535 9095 
9467 9160 
9545 9087 
9878 8620 
9798 8813 
9876 8782 
9127 9618 
9198 9563 
9100 9682 
9037 9737 
9115 9664 
9104 9675 
9182 9602 
9676 8857 
8658 9838 
9635 8937 
9546 8973 
8749 9790 
8742 9799 
9388 9379 
9521 9131 
9122 9639 
9158 9604 

