9789 8688 
9899 8245 
9892 8251 
8094 10050 
8083 10066 
9391 9454 
9313 9527 
9384 9460 
8581 9936 
8528 9955 
8503 10009 
9965 8067 
9912 8086 
9958 8073 
9950 8085 
8587 9901 
8509 9974 
9466 9263 
9399 9320 
9413 9282 
8628 9871 
9625 8984 
9816 8591 
9762 8717 
9752 8725 
9755 8723 
9675 8947 
9660 8965 
9710 8909 
9624 9131 
9546 9204 
9617 9137 
9609 9149 
9712 8828 
9744 8809 
7705 10131 
8755 9826 
9232 9567 
9179 9586 
9139 9613 
8992 9721 
9165 9587 
9087 9660 
9150 9605 
9132 9633 
9054 9706 
9151 9602 
9136 9620 
9064 9668 
9105 9646 
9027 9719 
9765 8690 
9875 8289 
8137 10037 
9853 8486 
8438 10028 
9451 9281 
8682 9842 
8983 9750 
9632 8982 
9720 8811 
7680 10185 
8798 9815 
7991 10124 
9208 9569 
9061 9686 
9158 9593 
9108 9635 

9924 8156 
9907 8298 
9922 8280 
9869 8299 
8722 9898 
8669 9917 
8644 9971 
9424 9206 
8225 10084 
8448 10025 
9546 9204 
9609 9149 
9571 9150 
9624 9131 
8873 9737 
8825 9804 
8888 9719 
9313 9527 
9338 9473 
9391 9454 
8854 9750 
9867 8627 
9830 8654 
9845 8636 
8985 9709 
9048 9654 
9010 9697 
9223 9536 
9145 9609 
9183 9585 
9198 9567 
9729 8867 
9637 9014 
9690 8995 
9697 8885 
7913 10095 
7865 10162 
7973 10086 
9967 8145 
7705 10188 
8698 9900 
8238 10032 
8461 9973 
8838 9752 
9789 8700 
9795 8669 
8935 9713 
9199 9538 
9135 9652 
9714 8878 
9782 8848 
9750 8866 
7878 10110 
7923 10090 

9643 8919 
9650 8913 
8699 9841 
9871 8349 
9482 9327 
9472 9351 
9535 9308 
8213 10038 
8216 10026 
7987 10115 
8140 10054 
8128 10099 
9362 9384 
9415 9365 
9781 8797 
9907 8298 
9922 8280 
9971 8032 
9963 8044 
9925 8045 
9978 8026 
9902 8312 
9917 8294 
9651 8829 
9854 8610 
9839 8628 
9624 8989 
9576 9056 
9568 9060 
9639 8971 
9607 8998 
9559 9065 
8620 9945 
8698 9872 
8683 9890 
8845 9776 
8497 9970 
9187 9630 
9250 9575 
9264 9474 
8448 10025 
7839 10129 
8752 9822 
8774 9789 
9864 8355 
8141 10047 
9337 9438 
9834 8778 
9861 8475 
9589 9004 
9577 9011 
8691 9878 
8888 9765 
8993 9744 
9215 9590 
9135 9652 
8750 9823 
9354 9421 
8461 9973 
7831 10133 

9980 8083 
8210 10072 
8273 10017 
9455 9181 
8605 9922 
8683 9849 
8809 9780 
8839 9768 
9227 9509 
9159 9574 
9184 9520 
9237 9501 
9702 8756 
9573 9014 
9523 9047 
9502 9103 
9558 9032 
8503 9983 
8566 9928 
8528 9929 
9740 8665 
9360 9423 
9443 9392 
9297 9469 
9428 9410 
9056 9749 
9109 9730 
9891 8410 
9944 8391 
9815 8512 
9582 8957 
9635 8938 
9803 8529 
9859 8458 
9874 8440 
8909 9759 
9950 8154 
9977 8130 
7718 10147 
7839 10119 
7905 10115 
10033 8064 
7680 10185 
8238 10032 
8675 9892 
9118 9625 
8389 10000 
8877 9767 
9229 9507 
9654 8788 
9760 8632 
9767 8544 
9824 8473 
9962 8148 
7831 10133 
7958 10096 

9781 8797 
9705 8806 
8036 10099 
8210 10072 
9194 9580 
9116 9611 
8892 9749 
8856 9853 
8727 9881 
8942 9742 
8503 9983 
8528 9929 
8581 9910 
8566 9928 
9628 8970 
9618 8978 
9560 9002 
9570 8994 
9006 9740 
9031 9686 
9084 9667 
9285 9559 
9288 9474 
8406 10020 
8299 10048 
10012 8000 
9986 8031 
9997 8018 
9955 8045 
7773 10158 
9952 8152 
7790 10112 
9537 9328 
9459 9359 
9327 9375 
7705 10188 
9834 8778 
8877 9767 
9060 9669 
9962 8033 
9937 8170 
7785 10133 
9925 8298 

9837 8439 
9906 8350 
9780 8672 
9726 8773 
8644 9971 
8713 9882 
9474 9153 
8774 9854 
9708 8841 
9718 8833 
9640 8906 
8247 10070 
9201 9539 
9148 9574 
9457 9168 
9467 9160 
8151 10106 
8406 10020 
9006 9740 
9075 9651 
8225 10084 
9391 9454 
9313 9527 
7705 10188 
9891 8368 
9765 8690 
8698 9900 
9627 9092 
8829 9812 
9676 8857 
9503 9124 
8888 9765 
9425 9184 
9118 9625 
9060 9669 
7827 10149 

8755 9826 
8669 9917 
8722 9898 
8644 9971 
9398 9322 
9394 9336 
9331 9379 
9320 9395 
9529 9106 
9521 9112 
9451 9179 
9514 9124 
9999 7939 
10052 7920 
9974 7993 
9873 8397 
8225 10084 
9270 9545 
9192 9618 
9255 9563 
8257 10034 
8179 10107 
9079 9626 
9054 9680 
9781 8797 
9703 8880 
9756 8861 
9741 8879 
8448 10025 
8362 10031 
9551 9032 
9604 9013 
8969 9723 
8915 9764 
8968 9745 
8890 9818 
8698 9900 
9853 8486 
9374 9366 
9505 9150 
10028 7922 
9926 8378 
8233 10036 
7680 10185 
7805 10136 
7824 10128 
9834 8778 
9693 8946 
8461 9973 
9589 9031 
9012 9712 
8944 9747 
8206 10087 

7386 10181 
9807 8548 
7977 10074 
7914 10159 
7924 10093 
7662 10161 
7637 10173 
9720 8741 
9755 8723 
9762 8717 
9708 8799 
9752 8725 
9643 8919 
9640 8921 
9650 8913 
9635 8931 
9596 8995 
9534 9067 
9531 9069 
9541 9061 
9487 9143 
9527 9083 
9466 9263 
9399 9320 
9413 9282 
8448 10025 
9601 8967 
9547 9049 
8630 9882 
8577 9901 
8263 10051 
8238 10063 
9186 9534 
9123 9619 
9171 9552 
9082 9620 
9391 9454 
9313 9527 
8512 9982 
8176 10070 
9979 8055 
9148 9570 
9924 8250 
9043 9653 
8965 9726 
9070 9648 
8992 9721 
8895 9764 
8832 9849 
8880 9782 
9860 8529 
7953 10076 
9626 8957 
9517 9105 
9451 9281 
9577 9011 
8623 9888 
8567 9940 
9974 8111 
9909 8268 
9028 9671 
9016 9682 
8845 9797 
9882 8332 

9643 8919 
9650 8913 
9596 8995 
9732 8835 
9660 8882 
9308 9455 
9415 9365 
9362 9384 
8036 10099 
7935 10106 
7925 10130 
7884 10153 
8984 9755 
9009 9701 
8722 9898 
8644 9971 
8669 9917 
8473 9995 
9509 9274 
9587 9201 
9572 9219 
9534 9262 
9847 8533 
9794 8552 
9627 8967 
9588 9020 
9630 8965 
9637 8959 
9417 9289 
9914 8451 
9861 8470 
9954 8214 
9939 8232 
9918 8287 
9923 8239 
9926 8237 
8448 10025 
8762 9805 
8486 9984 
9226 9547 
9168 9587 
9153 9626 
9075 9699 
9086 9664 
9243 9470 
9775 8824 
9655 8903 
8774 9789 
9337 9438 
7705 10188 
9974 8111 
8066 10061 
8698 9900 
9823 8535 
8295 10029 
8294 10051 
8380 10027 
8757 9826 
9221 9568 
9129 9628 
9115 9647 
8898 9770 

8829 9765 
9173 9590 
8810 9797 
8803 9803 
8757 9816 
8732 9870 
8512 9982 
8722 9898 
8669 9917 
8644 9971 
9379 9247 
9464 9235 
7433 10194 
9840 8501 
9835 8619 
8270 10048 
8137 10076 
7599 10184 
9198 9567 
9183 9585 
9710 9157 
9572 9230 
9626 9206 
9970 8282 
9917 8301 
9892 8355 
9863 8475 
9848 8493 
9302 9527 
9365 9442 
9312 9461 
8288 10017 
8942 9677 
8908 9746 
8952 9669 
7795 10086 
7742 10105 
7717 10159 
9816 8627 
9809 8633 
9801 8645 
9738 8700 
8435 9992 
8001 10080 
8872 9754 
8698 9900 
9853 8486 
8389 10000 
9757 8692 
8290 10015 
9135 9652 
8914 9727 
9341 9444 
8263 10071 
8928 9713 
7771 10088 
9787 8655 

7433 10194 
8077 10049 
8032 10062 
8007 10116 
8070 10061 
8085 10043 
8018 10100 
9724 8739 
9767 8728 
9777 8720 
9708 8841 
9718 8833 
9862 8570 
9837 8624 
9915 8551 
9242 9494 
9566 9191 
9490 9200 
9481 9203 
9619 9130 
8644 9908 
9413 9282 
9388 9336 
9399 9320 
9466 9263 
7634 10127 
8992 9721 
9070 9648 
9300 9372 
9649 8937 
9298 9448 
9034 9651 
8879 9755 
8831 9822 
8870 9760 
8932 9753 
8847 9807 
9926 8378 
7487 10165 
8465 10031 
9769 8726 
9676 8857 
9891 8553 
9295 9475 
8720 9899 
9451 9281 
8557 9913 
7559 10143 
9118 9625 
9132 9572 
9337 9365 
9123 9580 
9162 9561 
9231 9557 
9126 9579 
9019 9669 
8822 9827 
8985 9734 

8515 10003 
8602 9946 
8549 9965 
9711 8839 
9708 8841 
9718 8833 
9640 8906 
9917 8160 
9925 8148 
9922 8150 
9908 8186 
9932 8142 
8213 10120 
8276 10035 
8223 10054 
8682 9831 
8629 9850 
9905 8726 
9871 8764 
9604 9061 
9651 8880 
9561 9084 
9551 9092 
9953 7985 
9961 7973 
9958 7975 
9968 7967 
9440 9353 
9518 9322 
9267 9574 
9198 9578 
9193 9599 
7821 10132 
7806 10150 
9106 9639 
8987 9777 
9050 9692 
8997 9711 
9052 9641 
8961 9792 
9024 9707 
8578 9948 
9676 8857 
8993 9744 
8252 10037 
8667 9849 
9306 9491 
9278 9545 
9026 9694 
9000 9709 

8249 10055 
9622 8930 
9615 8936 
9603 8953 
9607 8948 
8406 10020 
8350 10038 
8413 9983 
8644 9971 
8722 9898 
8669 9917 
8225 10084 
9594 9063 
9965 8067 
9958 8073 
9912 8086 
9950 8085 
9889 8546 
9797 8648 
9836 8565 
9874 8564 
9187 9576 
9141 9615 
9132 9618 
9217 9564 
9255 9563 
8926 9756 
9388 9336 
9466 9263 
9399 9320 
7844 10169 
7902 10156 
7950 10089 
7912 10090 
9307 9495 
9006 9740 
9084 9667 
9031 9686 
9365 9442 
9302 9527 
9312 9461 
9414 9291 
9791 8817 
9728 8902 
9738 8836 
9427 9282 
9505 9209 
8809 9835 
9525 9122 
9512 9174 
9522 9150 
9560 9107 
8754 9894 
8832 9821 
8779 9840 
7706 10172 
9598 8974 
8698 9900 
7705 10188 
9826 8631 
9451 9281 
9060 9669 
9341 9444 
9366 9358 
9767 8819 
9498 9215 
8894 9781 

8437 10028 
8485 9961 
8448 10025 
8496 9958 
9527 9080 
8110 10113 
9822 8672 
8942 9742 
9778 8853 
9725 8872 
9715 8938 
9838 8497 
9931 8056 
9935 8051 
9978 8026 
9963 8044 
9886 8266 
9901 8248 
9526 9182 
9511 9200 
8881 9789 
8738 9883 
8823 9829 
9823 8518 
9566 8943 
9551 8961 
9473 9250 
9420 9269 
9395 9323 
9262 9574 
9340 9501 
9360 9468 
9312 9535 
9375 9450 
8146 10091 
8171 10037 
8122 10097 
8904 9771 
8989 9717 
9151 9621 
9073 9694 
9098 9640 
7581 10191 
7588 10171 
7728 10153 
8450 9976 
9118 9625 
8461 9973 
8139 10096 
8971 9725 
9754 8855 
9853 8486 
9910 8165 
9926 8077 
9970 8032 
9881 8278 
8876 9810 
9546 8973 
8632 9954 
9449 9252 
8209 10036 
8151 10080 
9042 9698 

9415 9365 
9362 9384 
8225 10084 
9814 8587 
7884 10153 
8722 9898 
8644 9971 
8669 9917 
8618 9972 
9006 9740 
8458 9976 
10052 7920 
9974 7993 
9999 7939 
9873 8397 
9262 9574 
9340 9501 
9615 8997 
9576 9003 
9702 8929 
9626 8938 
9490 9230 
9568 9157 
9553 9175 
8911 9744 
9277 9508 
9159 9597 
9144 9615 
9096 9682 
9038 9709 
9116 9636 
8851 9789 
8788 9844 
8813 9790 
8873 9780 
8238 10032 
9867 8568 
7954 10086 
8698 9900 
10028 7922 
9926 8378 
7923 10112 
9745 8918 
9779 8862 
7684 10154 
8420 10021 

9938 8678 
9894 8713 
9860 8751 
7833 10134 
8644 9908 
8386 10039 
8179 10107 
8552 10005 
8621 9916 
8577 9951 
10040 7960 
9996 7995 
9962 8033 
9953 8116 
9287 9533 
9537 9067 
9619 8968 
9612 8974 
9565 9050 
9433 9202 
9360 9506 
9266 9544 
9370 9268 
8904 9769 
9712 8828 
9705 8834 
9634 8901 
9159 9597 
9144 9615 
9096 9682 
9251 9572 
9157 9610 
8983 9699 
8291 10044 
8400 10018 
8286 10087 
9016 9686 
9743 8779 
9736 8785 
9651 8896 
7680 10185 
8720 9899 
8606 9934 
10025 7978 
9377 9267 
9567 9029 
9595 9012 
9533 9160 
9400 9230 
8980 9760 
9109 9630 
8892 9797 
8991 9687 
9768 8776 
9689 8861 

9924 8221 
9006 9740 
9084 9667 
7887 10144 
7950 10089 
7912 10090 
7965 10071 
9459 9359 
9484 9347 
9537 9328 
9287 9515 
9365 9442 
9262 9574 
9340 9501 
9805 8835 
9619 8968 
9609 8976 
9611 8974 
9587 9243 
9684 8933 
9709 8879 
9762 8860 
8825 9799 
8840 9781 
8777 9866 
8470 9971 
8533 9916 
7717 10159 
8491 9948 
8486 9961 
8501 9943 
8644 9908 
9036 9729 
9061 9675 
9114 9656 
8919 9757 
9977 8202 
7680 10185 
9834 8778 
9341 9444 
9781 8837 
9595 9012 
9625 8955 
9738 8862 
8790 9814 
8438 10028 
8720 9899 
9090 9658 
9122 9639 
7692 10181 

9415 9365 
9362 9384 
9466 9263 
9075 9651 
9006 9740 
9031 9686 
9780 8672 
9711 8761 
9736 8707 
9290 9479 
9227 9564 
9275 9497 
9923 8424 
9880 8435 
9825 8519 
9833 8507 
7896 10156 
10004 8170 
9926 8243 
9951 8189 
9822 8598 
9473 9162 
9628 9107 
9509 9127 
9585 9118 
9637 8980 
9435 9299 
8646 9896 
9303 9459 
9240 9544 
8583 9931 
8514 10020 
8539 9966 
8543 9952 
8794 9823 
8707 9883 
8841 9794 
8763 9867 
8092 10098 
9337 9438 
9451 9281 
9060 9669 
9765 8690 
9118 9625 
8438 10028 
7888 10160 
9815 8604 
9683 8825 
9680 8969 
9231 9557 
8345 10056 
8568 9949 
8263 10071 
8894 9781 
8834 9800 
7996 10110 
8168 10089 

9887 8140 
9958 8073 
9965 8067 
9950 8085 
9912 8086 
7884 10150 
7932 10083 
7894 10084 
9415 9365 
9362 9384 
9446 9238 
9431 9256 
8644 9928 
8782 9855 
8738 9890 
9842 8609 
9789 8628 
9258 9537 
9243 9555 
9195 9622 
8992 9721 
9070 9648 
9017 9667 
8503 10009 
8581 9936 
8528 9955 
9872 8436 
8896 9818 
8974 9745 
8959 9763 
9860 8439 
9677 8980 
9740 8895 
9687 8914 
9585 9027 
9548 9086 
9626 9013 
9573 9032 
7705 10188 
8345 10056 
9337 9438 
9882 8250 
8767 9873 
9764 8682 
9118 9625 
8511 9957 
9845 8457 
9716 8897 
9537 9094 

8425 9976 
8362 10031 
9721 8825 
9714 8837 
9729 8819 
9651 8892 
8406 10020 
9641 8917 
9634 8929 
9649 8911 
9466 9263 
9399 9320 
8722 9898 
8644 9971 
8361 10035 
9323 9510 
9260 9553 
9575 9162 
9614 9079 
9629 9061 
8856 9853 
8727 9881 
9109 9730 
9031 9761 
9887 8618 
9730 8791 
9652 8864 
9240 9573 
7889 10117 
8411 9986 
9700 8847 
9834 8778 
7705 10188 
9118 9625 
9967 8145 
9451 9281 
10034 7991 
8698 9900 
9926 8378 
8424 9980 
8263 10071 
9863 8620 
9371 9421 
9397 9378 
7916 10111 
7943 10088 

9931 8047 
8384 10099 
7884 10150 
9531 9071 
9526 9081 
9512 9091 
9463 9136 
9796 8350 
9649 8901 
9605 8975 
9615 8970 
9413 9282 
9399 9320 
9388 9336 
8669 9917 
8644 9971 
9306 9450 
9262 9524 
9287 9470 
9301 9460 
9253 9527 
9714 8667 
8452 9997 
9134 9589 
9144 9584 
9275 9497 
9227 9564 
9186 9583 
9082 9622 
9071 9638 
8917 9758 
8869 9825 
8967 9753 
9015 9666 
9053 9665 
8758 9833 
9899 8063 
7705 10188 
8438 10028 
9816 8317 
9635 8937 
9771 8566 
7918 10140 
9882 8250 
9451 9281 
8698 9900 
9669 8720 
9337 9365 
9757 8656 
9656 8781 
9120 9593 
8882 9773 
9006 9670 
9005 9732 

8409 10045 
9881 8196 
9592 9110 
9617 9056 
9626 9047 
9871 8248 
9838 8497 
9415 9365 
9308 9455 
9362 9384 
9972 8105 
10045 7984 
9992 8003 
9978 8026 
7902 10156 
8038 10114 
8063 10060 
8049 10098 
9081 9683 
9003 9756 
9028 9702 
9066 9701 
9014 9740 
8736 9790 
8462 10009 
8522 9981 
8512 10005 
8560 9938 
9244 9475 
9229 9493 
9446 9238 
9431 9256 
9461 9175 
9648 8965 
9704 8869 
9661 8885 
9747 8856 
9180 9553 
9088 9655 
9221 9529 
9158 9614 
8438 10028 
9910 8165 
9814 8499 
9337 9438 
9853 8486 
7705 10188 
10021 7986 
8720 9899 
8101 10059 
9806 8662 
9503 9124 
8774 9789 
9236 9481 
9643 8986 
9784 8830 
9786 8773 
8345 10056 
9176 9584 
9117 9638 
9197 9531 

9890 8040 
9939 7995 
9958 7975 
9953 7985 
9961 7973 
9968 7967 
9845 8636 
9830 8654 
9568 9012 
9607 8948 
8225 10084 
8036 10099 
8652 9961 
8698 9872 
8683 9890 
8362 10031 
9109 9730 
8971 9761 
7884 10150 
8877 9785 
8755 9812 
9812 8879 
9674 8910 
9605 8975 
9693 8887 
9659 8944 
8397 10018 
8526 9990 
7714 10167 
9285 9503 
9363 9430 
9246 9509 
9198 9576 
9445 9352 
9508 9267 
9503 9274 
7705 10188 
9882 8250 
9853 8486 
8238 10032 
8691 9878 
9118 9625 
9299 9456 
9339 9432 
9211 9524 
9432 9377 
9479 9276 

8904 9769 
8713 9882 
8669 9917 
8644 9971 
9924 8221 
9265 9443 
9075 9651 
9031 9686 
9006 9740 
7816 10191 
7870 10090 
7839 10129 
9854 8610 
9839 8628 
9470 9355 
9332 9428 
9386 9404 
9341 9425 
9270 9437 
9260 9461 
9256 9486 
9241 9504 
9178 9635 
9232 9534 
9188 9569 
9733 8971 
9793 8767 
9740 8786 
9778 8785 
9555 9266 
9608 9205 
9479 9275 
9643 9103 
9696 9042 
8874 9790 
8821 9809 
8796 9863 
8883 9773 
8839 9808 
8814 9862 
8001 10080 
8980 9760 
8438 10028 
8698 9900 
9977 8202 
9060 9669 
7855 10108 
8345 10056 
7831 10133 
9217 9552 
8868 9791 

9971 8032 
9978 8026 
9963 8044 
9252 9479 
9259 9473 
8447 10044 
8486 9961 
8448 9962 
8166 10112 
9883 8663 
9796 8720 
9830 8682 
9953 8192 
9938 8210 
9900 8211 
7801 10179 
7887 10144 
8775 9797 
8782 9791 
8767 9809 
8728 9873 
9154 9571 
8984 9755 
9062 9682 
9009 9701 
8650 9952 
8924 9771 
9466 9263 
8667 9912 
8693 9881 
8869 9789 
9624 9131 
9609 9149 
9546 9204 
9732 8802 
9739 8796 
9652 8910 
9403 9365 
9457 9264 
9442 9282 
9404 9283 
9354 9366 
9283 9433 
9304 9393 
9308 9379 
9294 9417 
9217 9497 
9118 9625 
9859 8665 
9769 8722 
8758 9835 
9076 9644 
7680 10185 
9038 9684 
9035 9686 
9451 9281 
9635 8937 
9655 8903 
9728 8901 

9999 7939 
9974 7993 
10052 7920 
7783 10115 
9710 8821 
9758 8754 
8012 10090 
8023 10074 
8681 9887 
8618 9972 
8666 9905 
7749 10149 
9802 8532 
9880 8459 
9873 8465 
9071 9638 
8324 10044 
8406 10020 
9938 8039 
8512 9982 
9312 9461 
9365 9442 
9302 9527 
9536 9210 
9490 9223 
9451 9264 
9565 9095 
9238 9528 
9216 9564 
9394 9357 
9379 9375 
9642 8986 
9599 9008 
9178 9580 
9153 9634 
9231 9561 
7714 10167 
7792 10094 
9396 9324 
9939 7995 
9023 9719 
9008 9737 
9047 9654 
8920 9798 
8905 9816 
8977 9754 
9032 9700 
10028 7922 
7705 10188 
9724 8783 
9910 8165 
8066 10061 
9785 8640 
8631 9920 
9923 8057 
9341 9444 
9853 8486 
9418 9297 
9584 9026 
7785 10100 

9924 8156 
8722 9898 
8644 9971 
8669 9917 
8213 10120 
9415 9365 
9362 9384 
9235 9592 
9313 9519 
9260 9538 
9065 9644 
9420 9297 
9546 9204 
9624 9131 
9571 9150 
9609 9149 
9466 9263 
9762 8717 
9752 8725 
9755 8723 
9854 8613 
9801 8632 
9839 8631 
8433 10002 
8437 9981 
8359 10054 
9702 8929 
8362 10031 
7902 10156 
7903 10146 
8809 9835 
8915 9792 
9002 9735 
8949 9754 
9967 8145 
8698 9900 
9337 9438 
9889 8375 
9118 9625 
9451 9281 
9791 8698 
9745 8918 
9033 9720 
8978 9737 

8723 9849 
8779 9790 
8805 9759 
8757 9826 
9616 9073 
9601 9091 
9553 9158 
7758 10190 
8503 10009 
8581 9936 
8980 9741 
9131 9623 
8782 9761 
8854 9750 
9346 9454 
9415 9365 
9894 8416 
9978 8121 
10032 8020 
10017 8038 
10038 7976 
9907 8298 
9922 8280 
9827 8537 
9834 8531 
8539 9946 
9232 9533 
9273 9484 
9258 9502 
9210 9569 
9720 8879 
9774 8778 
9763 8800 
9569 9119 
9647 9046 
9118 9646 
9159 9597 
9144 9615 
9096 9682 
8625 9922 
7899 10147 
7977 10074 
8716 9855 
8765 9799 
9853 8486 
9792 8555 
9374 9366 
9536 9217 
9739 8802 
9623 9048 
9662 8936 
7923 10112 
7953 10076 
8322 10071 

9978 8026 
9971 8032 
9925 8045 
9963 8044 
9900 8099 
7730 10134 
9739 8796 
9732 8802 
9729 8804 
9686 8815 
9661 8869 
9889 8133 
8682 9831 
9871 8349 
9629 9174 
9576 9235 
9551 9247 
9168 9606 
9105 9691 
9118 9639 
9153 9624 
9356 9426 
9312 9461 
9302 9527 
9858 8481 
9785 8541 
9429 9262 
8847 9768 
8825 9804 
9109 9688 
9056 9749 
9031 9761 
8171 10131 
8194 10089 
8247 10084 
8182 10109 
8334 10014 
8312 10050 
8253 10071 
8652 9872 
8608 9907 
8598 9973 
8678 9835 
8677 9839 
8629 9906 
7705 10188 
9882 8250 
8667 9849 
9864 8355 
9771 8566 
9341 9444 
9815 8503 
9404 9316 
9378 9330 
8411 9988 
8523 9978 
8637 9890 
8600 9908 

7686 10138 
7729 10127 
7739 10119 
9928 8416 
10006 8385 
9399 9320 
7892 10102 
7854 10103 
9711 8839 
9708 8841 
9718 8833 
8245 10039 
8182 10094 
8854 9750 
8816 9751 
9652 8899 
9640 8916 
9649 8901 
9581 8966 
9659 8893 
8542 9872 
8534 9875 
8549 9866 
8553 9852 
8431 9966 
8406 10020 
8238 10063 
8316 10032 
8950 9747 
9028 9716 
9249 9525 
9186 9568 
8491 9948 
8428 9991 
9466 9306 
9538 9093 
9526 9110 
9535 9095 
9467 9160 
9545 9087 
9878 8620 
9798 8813 
9876 8782 
9198 9563 
9062 9683 
9129 9621 
9104 9675 
9182 9602 
9251 9450 
9266 9408 
7732 10125 
9676 8857 
8658 9838 
9635 8937 
8529 9896 
8460 9949 
9546 8973 
8749 9790 
8742 9799 
8524 9900 
9388 9379 
9521 9131 
9122 9639 
9158 9604 
9261 9429 

