9384 9460 
9313 9527 
9496 9296 
9744 8809 
9391 9454 
8409 10045 
9054 9706 
8384 10099 
9007 9748 
9186 9583 
8169 10104 
9127 9641 
9483 9348 
9636 9030 
9179 9586 
9789 8688 
9132 9633 
9136 9620 
8992 9766 
8925 9793 
8954 9767 
9547 9159 
9617 9137 
9085 9684 
9105 9646 
9027 9719 
9899 8245 
9895 8259 
9880 8277 
8581 9936 
8528 9955 
8503 10009 
8462 10026 
8447 10044 
9965 8067 
9912 8086 
9958 8073 
9950 8085 
8587 9901 
8509 9974 
8628 9871 
9816 8591 
9762 8717 
9752 8725 
9755 8723 
9675 8947 
9660 8965 
9710 8909 
9624 9131 
9546 9204 
9609 9149 
9712 8828 
8744 9844 
8755 9826 
7937 10153 
9249 9528 
9232 9567 
9139 9613 
9070 9702 
9165 9587 
9087 9660 
9150 9605 
9151 9602 
9765 8690 
9875 8289 
9853 8486 
9720 8811 
7680 10185 
8798 9815 
7991 10124 
9208 9569 
9158 9593 

9313 9527 
9338 9473 
9391 9454 
8946 9792 
8019 10157 
9571 9150 
8225 10084 
9798 8716 
9106 9669 
8195 10087 
9223 9536 
9759 8882 
7934 10169 
9813 8698 
9084 9719 
9031 9780 
9159 9650 
8057 10114 
9983 8107 
8722 9898 
8669 9917 
8470 9989 
9609 9149 
8825 9804 
9144 9668 
9630 9042 
9721 8883 
7824 10181 
9991 8101 
9924 8156 
9907 8298 
9922 8280 
9869 8299 
8644 9971 
9424 9206 
8247 10048 
8448 10025 
8407 10044 
9546 9204 
9624 9131 
8795 9807 
9867 8627 
9830 8654 
9819 8667 
9845 8636 
9183 9585 
9198 9567 
9637 9014 
9690 8995 
9697 8885 
8072 10096 
9967 8145 
7705 10188 
8698 9900 
9199 9538 
9782 8848 

9557 9339 
8308 10089 
8361 10070 
8698 9893 
9267 9466 
9106 9669 
8761 9838 
9651 8829 
9472 9351 
9610 9320 
9308 9455 
9613 9002 
9361 9436 
9780 8807 
9202 9642 
8470 9989 
8407 10044 
8485 9971 
7904 10125 
8723 9839 
8834 9794 
9378 9377 
9643 8919 
9650 8913 
8699 9841 
9871 8349 
8223 10101 
7987 10115 
9415 9365 
9346 9454 
9362 9384 
9851 8740 
9781 8797 
9907 8298 
9922 8280 
9971 8032 
9963 8044 
9925 8045 
9978 8026 
9902 8312 
9917 8294 
9854 8610 
9639 8971 
9624 8989 
8620 9945 
8845 9776 
8497 9970 
9250 9575 
9144 9668 
9159 9650 
9371 9383 
9264 9474 
8466 10003 
8451 10021 
8448 10025 
7840 10149 
7802 10150 
9864 8355 
9834 8778 
9861 8475 
8888 9765 
8993 9744 
9215 9590 

10013 8133 
9992 8189 
9127 9641 
9635 8938 
8218 10065 
10063 8100 
8917 9752 
9297 9469 
8247 10048 
10048 8118 
8857 9800 
9632 8953 
8210 10072 
9056 9749 
9833 8489 
8655 9925 
8537 9945 
9428 9410 
9109 9730 
7840 10149 
7904 10125 
9848 8471 
7736 10154 
7802 10150 
8187 10091 
8273 10017 
9455 9181 
8683 9849 
9227 9509 
9159 9574 
9184 9520 
9237 9501 
9702 8756 
9573 9014 
9523 9047 
9502 9103 
9558 9032 
8503 9983 
8566 9928 
9740 8665 
9443 9392 
9360 9423 
9891 8410 
9944 8391 
9815 8512 
9582 8957 
9685 8934 
9874 8440 
9803 8529 
9859 8458 
8909 9759 
7905 10115 
7680 10185 
8675 9892 
8389 10000 
8877 9767 
9229 9507 
9760 8632 
9767 8544 
7958 10096 

9611 9300 
9285 9559 
9269 9592 
9140 9620 
9537 9328 
9118 9629 
10020 7993 
9031 9686 
9848 8742 
8406 10020 
9804 8816 
9294 9480 
9839 8757 
9983 8258 
8942 9742 
9084 9667 
7710 10167 
8036 10099 
8180 10075 
8980 9741 
8299 10048 
9327 9375 
8032 10113 
8528 9929 
9006 9740 
9995 8130 
9850 8740 
8111 10076 
9887 8299 
8210 10072 
8892 9749 
8856 9853 
8727 9881 
8503 9983 
8581 9910 
8566 9928 
9628 8970 
9618 8978 
10012 8000 
9997 8018 
10005 8011 
7773 10158 
9459 9359 
9930 8277 
7705 10188 
9834 8778 
8877 9767 
9060 9669 
7785 10133 
9925 8298 

9276 9551 
9313 9527 
9148 9574 
9391 9454 
8928 9780 
9397 9417 
9489 9165 
8774 9854 
9080 9639 
9573 9163 
8281 10032 
8151 10106 
9006 9740 
8225 10084 
8644 9971 
9726 8773 
8808 9816 
8406 10020 
9075 9680 
8098 10128 
9017 9724 
9393 9420 
7773 10220 
9837 8439 
9906 8350 
9780 8672 
8713 9882 
9708 8841 
9718 8833 
9640 8906 
8247 10070 
8834 9794 
9457 9168 
8417 10004 
9123 9613 
8195 10087 
9891 8368 
9765 8690 
8698 9900 
9627 9092 
8829 9812 
9676 8857 
9425 9184 
9118 9625 
7827 10149 

9469 9348 
8247 10048 
9702 8962 
8602 10030 
8179 10107 
8744 9844 
9192 9618 
9780 8807 
9781 8797 
9974 7993 
9999 7939 
8190 10091 
9664 8963 
8755 9826 
8669 9917 
9406 9433 
10052 7920 
9873 8397 
9935 8394 
9270 9545 
7833 10144 
9454 9366 
9054 9680 
9850 8740 
8407 10044 
8665 9945 
8915 9764 
8968 9745 
8722 9898 
8644 9971 
9529 9106 
9521 9112 
9514 9124 
9897 8395 
8225 10084 
9255 9563 
7776 10153 
7814 10152 
7848 10126 
9079 9626 
9756 8861 
9717 8944 
9741 8879 
8650 9963 
8615 9978 
9551 9032 
9604 9013 
8969 9723 
8890 9818 
8698 9900 
9853 8486 
9505 9150 
10028 7922 
7680 10185 
9834 8778 
9589 9031 
9012 9712 
8944 9747 
8206 10087 

9233 9558 
9157 9567 
9082 9620 
9391 9454 
9313 9527 
9132 9616 
9483 9348 
9549 9172 
9780 8562 
7637 10173 
7977 10074 
9612 9087 
8337 10073 
8580 9924 
9896 8296 
9496 9296 
8362 10061 
9925 8156 
9148 9570 
7386 10181 
9807 8548 
7914 10159 
7662 10161 
9597 9105 
9123 9619 
8517 10009 
9546 9263 
8565 9942 
9906 8288 
7924 10093 
9720 8741 
9755 8723 
9762 8717 
9708 8799 
9752 8725 
9643 8919 
9640 8921 
9650 8913 
9635 8931 
9562 9120 
8448 10025 
8630 9882 
9979 8055 
9940 8138 
9924 8250 
9043 9653 
8965 9726 
9133 9575 
9070 9648 
8992 9721 
8895 9764 
8832 9849 
8880 9782 
9899 8294 
9860 8529 
7953 10076 
9626 8957 
8623 9888 
8567 9940 
9974 8111 
9909 8268 
9028 9671 
9016 9682 
8845 9797 
9882 8332 

9534 9262 
8762 9805 
9792 8786 
9660 8882 
9587 9201 
10020 8219 
9308 9455 
7950 10165 
9192 9585 
9361 9436 
9588 9020 
9957 8304 
9153 9626 
9799 8780 
9745 8862 
8146 10061 
8111 10076 
7925 10177 
8519 10024 
9572 9219 
10005 8237 
9168 9587 
9075 9699 
9643 8919 
9650 8913 
9596 8995 
9780 8803 
9346 9454 
9415 9365 
9362 9384 
8098 10128 
9009 9701 
8984 9755 
8722 9898 
8644 9971 
8669 9917 
8532 9972 
9509 9274 
9847 8533 
9627 8967 
9630 8965 
9637 8959 
9417 9289 
9914 8451 
9861 8470 
9970 8252 
8407 10044 
8448 10025 
9230 9584 
8988 9731 
9124 9663 
9086 9664 
9139 9645 
9243 9470 
9775 8824 
9655 8903 
8774 9789 
7705 10188 
8698 9900 
9823 8535 
8294 10051 
8757 9826 
8898 9770 

9009 9709 
9321 9477 
9173 9590 
9626 9206 
9910 8329 
8678 9933 
9710 9157 
9302 9527 
7599 10184 
9159 9650 
8946 9794 
8517 10009 
8270 10048 
9866 8364 
9365 9442 
9212 9549 
8547 9973 
9572 9230 
9115 9685 
8994 9727 
9767 8688 
8722 9898 
9379 9247 
8481 10039 
9892 8355 
8959 9742 
9837 8506 
9991 8101 
8810 9797 
8766 9832 
8803 9803 
8732 9870 
8644 9971 
9464 9235 
7433 10194 
9840 8501 
9835 8619 
8152 10088 
9198 9567 
9183 9585 
9970 8282 
9917 8301 
9863 8475 
9848 8493 
8357 10044 
7751 10121 
7717 10159 
9816 8627 
9809 8633 
9801 8645 
9738 8700 
8698 9900 
9853 8486 
9757 8692 
9135 9652 
9341 9444 
8263 10071 
9787 8655 

9708 8841 
8474 10047 
9915 8551 
7655 10210 
9304 9491 
9566 9191 
9483 9348 
8905 9767 
9266 9492 
9619 9130 
8736 9861 
8690 9937 
8846 9825 
8932 9753 
9862 8570 
9496 9296 
7579 10219 
9649 8937 
9240 9573 
9158 9646 
8436 10048 
8077 10049 
8032 10062 
9767 8728 
8734 9863 
8744 9855 
9546 9263 
7570 10222 
7708 10149 
9075 9680 
9206 9579 
8853 9786 
8793 9844 
8831 9843 
9935 8394 
8070 10061 
8007 10116 
8018 10100 
9724 8739 
9777 8720 
9718 8833 
9837 8624 
9242 9494 
8992 9721 
9171 9594 
8868 9768 
8847 9807 
9769 8726 
9676 8857 
9891 8553 
8720 9899 
9337 9365 
8985 9734 

9871 8764 
9198 9578 
9084 9654 
9940 8210 
7806 10150 
9364 9451 
8987 9777 
9708 8841 
8636 9908 
9966 8104 
9155 9600 
8223 10054 
9561 9084 
10002 7929 
9267 9574 
7768 10151 
8549 9965 
9734 8817 
9036 9722 
9956 8112 
8213 10120 
9905 8726 
9992 7937 
9193 9599 
7821 10132 
9551 9092 
9518 9322 
9336 9505 
9106 9639 
8515 10003 
8602 9946 
9711 8839 
9718 8833 
9640 8906 
9051 9704 
8276 10035 
8682 9831 
9604 9061 
9617 8918 
9651 8880 
9968 7967 
9440 9353 
9058 9669 
8961 9792 
8578 9948 
9676 8857 
8993 9744 
8252 10037 
8667 9849 
9278 9545 

9835 8647 
9307 9495 
9006 9740 
9662 8928 
9141 9615 
9603 8953 
8195 10087 
9493 9282 
8840 9852 
9791 8817 
9365 9442 
8406 10020 
9850 8629 
9797 8648 
9217 9564 
9031 9686 
9728 8902 
9597 9162 
8669 9917 
9187 9576 
8942 9797 
9084 9667 
9312 9461 
9390 9356 
9375 9374 
8249 10055 
9622 8930 
9615 8936 
9607 8948 
8417 10004 
8350 10038 
8644 9971 
8722 9898 
8225 10084 
9965 8067 
9958 8073 
9912 8086 
9950 8085 
9889 8546 
9874 8564 
9255 9563 
9132 9618 
9483 9348 
7844 10169 
7902 10156 
7950 10089 
7912 10090 
9017 9724 
9302 9527 
9738 8836 
9505 9209 
9521 9171 
9512 9174 
8754 9894 
7706 10172 
9598 8974 
8698 9900 
7705 10188 
9060 9669 
9341 9444 
9767 8819 
9498 9215 

9367 9456 
9262 9574 
9473 9250 
9360 9468 
8474 9974 
9854 8655 
9312 9535 
9931 8056 
8148 10112 
9915 8144 
9526 9182 
8160 10096 
8995 9723 
9858 8465 
8637 9933 
9420 9269 
8175 10078 
9076 9686 
8459 9992 
9127 9641 
8485 9971 
9725 8872 
9839 8673 
9804 8688 
9340 9501 
9375 9450 
8110 10113 
9778 8853 
9378 9377 
9511 9200 
8885 9826 
8097 10151 
9013 9715 
9091 9668 
8396 10047 
8437 10028 
8496 9958 
8448 10025 
8407 10044 
8470 9989 
9527 9080 
8163 10094 
8928 9780 
9715 8938 
9935 8051 
9978 8026 
9963 8044 
9886 8266 
9901 8248 
8847 9827 
8738 9883 
8823 9829 
9566 8943 
9551 8961 
9791 8740 
9395 9323 
8988 9769 
9051 9714 
9073 9694 
9151 9621 
7612 10208 
7728 10153 
9754 8855 
9910 8165 
9926 8077 
9970 8032 
9881 8278 
9546 8973 
8632 9954 
9449 9252 

9262 9574 
8247 10048 
9883 8530 
9897 8395 
9490 9230 
8481 9995 
9761 8880 
9277 9508 
9017 9724 
9568 9157 
9133 9628 
8429 10037 
8722 9898 
10052 7920 
9974 7993 
9691 8947 
8469 10036 
8832 9799 
8391 10038 
9881 8532 
9837 8606 
8669 9917 
9006 9740 
9340 9501 
9788 8878 
9361 9436 
9346 9454 
9415 9365 
9362 9384 
8225 10084 
8195 10087 
7884 10153 
8644 9971 
8618 9972 
9999 7939 
9935 8394 
9615 8997 
9576 9003 
9702 8929 
9553 9175 
8911 9744 
8482 9984 
9118 9646 
9159 9597 
9144 9615 
9096 9682 
8059 10127 
9038 9709 
8851 9789 
8788 9844 
8873 9780 
9867 8568 
8698 9900 
10028 7922 
9745 8918 
7684 10154 

9360 9506 
9275 9541 
9860 8751 
9433 9202 
9938 8678 
9894 8713 
8175 10122 
8997 9722 
9777 8792 
8926 9789 
9378 9377 
9371 9383 
9548 9142 
9266 9544 
9004 9716 
9118 9646 
8838 9868 
8690 9937 
8386 10039 
8552 10005 
8577 9951 
10040 7960 
9996 7995 
9962 8033 
9953 8116 
9287 9533 
9619 8968 
9612 8974 
9565 9050 
9712 8828 
9705 8834 
9634 8901 
9159 9597 
9144 9615 
9096 9682 
9251 9572 
9179 9574 
9157 9610 
8901 9813 
8863 9814 
8291 10044 
8400 10018 
8286 10087 
9016 9686 
9739 8793 
9651 8896 
8208 10113 
8114 10151 
7680 10185 
8720 9899 
10025 7978 
9567 9029 
9595 9012 
9533 9160 
9400 9230 
8980 9760 
9689 8861 

9340 9501 
9262 9574 
9036 9729 
9459 9359 
8942 9742 
9762 8860 
9136 9603 
7663 10198 
8980 9741 
9287 9515 
9805 8835 
9587 9243 
9709 8879 
8814 9812 
8517 10009 
9092 9677 
9924 8221 
9850 8740 
9365 9442 
9684 8933 
8799 9830 
8384 10099 
8447 10044 
7716 10179 
8928 9780 
9848 8742 
9006 9740 
7887 10144 
9537 9328 
9484 9347 
9619 8968 
9609 8976 
9611 8974 
8840 9781 
8825 9799 
8777 9866 
7717 10159 
8565 9942 
8409 10045 
8462 10026 
8690 9937 
9114 9656 
9138 9601 
7701 10197 
9977 8202 
9834 8778 
9341 9444 
9781 8837 
9595 9012 
9625 8955 
9738 8862 
8720 9899 
9122 9639 

9585 9118 
9240 9573 
8840 9852 
9127 9641 
9628 9107 
8447 10044 
9009 9728 
8532 9972 
9308 9455 
9089 9642 
8384 10099 
9704 8925 
9650 9007 
8980 9741 
8903 9797 
8138 10127 
9483 9348 
9711 8761 
9475 9352 
9067 9684 
9509 9127 
8942 9742 
9202 9574 
8511 10028 
8707 9883 
9031 9686 
9017 9724 
9736 8707 
9075 9680 
9697 8931 
8519 10024 
8539 9966 
9346 9454 
9415 9365 
9362 9384 
9496 9296 
9006 9740 
9780 8672 
9249 9528 
9290 9479 
9186 9583 
9275 9497 
8409 10045 
9923 8424 
9880 8435 
9825 8519 
9833 8507 
7896 10156 
10004 8170 
9926 8243 
9951 8189 
9822 8598 
8646 9896 
8920 9784 
8928 9780 
9262 9508 
9303 9459 
8567 9957 
8583 9931 
8763 9867 
9765 8690 
7888 10160 
9815 8604 
9680 8969 
8568 9949 

9251 9543 
9205 9556 
8974 9745 
9195 9622 
9740 8895 
9346 9454 
9127 9641 
9561 9092 
9243 9555 
9361 9436 
9362 9384 
9089 9642 
9566 9060 
8896 9818 
9701 8954 
9258 9537 
9872 8436 
9573 9032 
9887 8140 
9958 8073 
9965 8067 
9950 8085 
9912 8086 
7884 10150 
7932 10083 
7894 10084 
9415 9365 
9308 9455 
9446 9238 
9431 9256 
8644 9928 
8782 9855 
8738 9890 
9842 8609 
9789 8628 
8992 9721 
9075 9680 
8589 9980 
8503 10009 
8959 9763 
9860 8439 
9677 8980 
9546 9110 
9585 9027 
9508 9111 
9626 9013 
9686 8972 
7743 10163 
7705 10188 
8345 10056 
9882 8250 
8767 9873 
9764 8682 
9845 8457 
9716 8897 

9398 9522 
9109 9730 
9031 9761 
9887 8618 
9804 8816 
9496 9296 
8722 9898 
9590 9144 
9119 9683 
8406 10020 
9127 9641 
9983 8107 
9260 9553 
9850 8740 
9483 9348 
8644 9971 
9935 8394 
9240 9573 
9186 9583 
8425 9976 
8362 10031 
9721 8825 
9714 8837 
9729 8819 
9651 8892 
8417 10004 
9641 8917 
9634 8929 
9649 8911 
9991 8101 
9937 8183 
9546 9263 
10043 8007 
8361 10035 
9614 9079 
9575 9162 
9629 9061 
8856 9853 
8727 9881 
9652 8864 
9406 9394 
9274 9535 
7889 10117 
9700 8847 
9834 8778 
7705 10188 
9967 8145 
8698 9900 
8424 9980 
8263 10071 
9863 8620 
7916 10111 
7943 10088 

9262 9524 
9287 9470 
7898 10173 
9100 9626 
9306 9450 
9322 9448 
9737 8689 
8517 10009 
9253 9527 
9862 8283 
9274 9515 
8409 10045 
9615 8970 
7888 10178 
9496 9296 
9483 9348 
9249 9528 
8985 9765 
9497 9098 
8644 9971 
9727 8694 
8384 10099 
8447 10044 
8678 9933 
9144 9584 
9186 9583 
9931 8047 
9531 9071 
9526 9081 
9512 9091 
9796 8350 
9649 8901 
9605 8975 
7932 10104 
9301 9460 
9134 9589 
9275 9497 
9227 9564 
9077 9648 
8843 9856 
8891 9789 
8869 9825 
9015 9666 
9014 9748 
9053 9665 
8738 9866 
9899 8063 
7705 10188 
9816 8317 
9635 8937 
9771 8566 
7918 10140 
9882 8250 
8698 9900 
9669 8720 
9337 9365 
9757 8656 
9656 8781 
9120 9593 

9617 9056 
9081 9683 
9191 9566 
8597 9993 
9196 9554 
9361 9436 
8744 9855 
9158 9614 
9838 8497 
9257 9471 
8447 10044 
7710 10167 
9685 8987 
8384 10099 
9415 9365 
8736 9861 
9479 9149 
9675 9053 
9747 8856 
8462 10026 
9799 8812 
9141 9636 
8409 10045 
9592 9110 
9308 9455 
9858 8465 
10045 7984 
7902 10156 
9003 9756 
9464 9167 
9723 8986 
9801 8755 
9221 9529 
8928 9780 
9881 8196 
9871 8248 
9915 8144 
9346 9454 
9362 9384 
9972 8105 
9992 8003 
8666 9928 
9978 8026 
8133 10126 
9014 9740 
9066 9701 
8512 10005 
9244 9475 
9229 9493 
9446 9238 
9431 9256 
9461 9175 
9742 8868 
9133 9639 
9063 9709 
9088 9655 
9126 9654 
9910 8165 
9814 8499 
9853 8486 
7705 10188 
10021 7986 
8720 9899 
9806 8662 
9503 9124 
8774 9789 
9236 9481 
9784 8830 
9176 9584 
9197 9531 

9109 9730 
9285 9503 
9258 9532 
9363 9430 
9127 9641 
8971 9761 
9693 8887 
9402 9415 
9503 9274 
8225 10084 
9015 9754 
9308 9472 
8589 9980 
9674 8910 
9812 8879 
9157 9595 
9446 9341 
9508 9267 
9890 8040 
9939 7995 
9958 7975 
9953 7985 
9961 7973 
9968 7967 
9819 8667 
9845 8636 
9830 8654 
9568 9012 
9607 8948 
8247 10048 
8195 10087 
8098 10128 
8652 9961 
8698 9872 
8683 9890 
8362 10031 
7884 10150 
8877 9785 
8755 9812 
9605 8975 
9659 8944 
8397 10018 
8526 9990 
7714 10167 
9323 9454 
9296 9487 
9220 9540 
9198 9576 
9449 9339 
9445 9352 
7705 10188 
9882 8250 
9853 8486 
8691 9878 
9339 9432 
9432 9377 
9479 9276 

9386 9404 
9470 9355 
9353 9416 
9733 8971 
7816 10191 
9009 9728 
9608 9205 
9075 9651 
9555 9266 
9475 9352 
9178 9635 
8409 10045 
9080 9639 
7840 10149 
9643 9103 
8644 9971 
8669 9917 
9345 9449 
9269 9458 
9188 9569 
8384 10099 
9897 8235 
9350 9431 
9031 9686 
9483 9348 
9801 8629 
9740 8786 
9739 8868 
9696 9042 
8926 9789 
9869 8296 
8447 10044 
8713 9882 
9924 8221 
9006 9740 
9017 9724 
9854 8610 
9839 8628 
9260 9461 
9256 9486 
9241 9504 
9232 9534 
9793 8767 
9778 8785 
8821 9809 
8874 9790 
8796 9863 
8839 9808 
8814 9862 
8980 9760 
8698 9900 
9977 8202 
9060 9669 
7855 10108 
9217 9552 
8868 9791 

9546 9263 
8462 10026 
9433 9366 
9938 8210 
8166 10112 
9883 8663 
8984 9755 
9127 9641 
8447 10044 
8612 9953 
9089 9642 
9496 9296 
9483 9348 
8667 9912 
9075 9680 
8384 10099 
9953 8192 
9062 9682 
8665 9934 
9698 8939 
8409 10045 
9900 8211 
9609 9149 
9971 8032 
9978 8026 
9963 8044 
9252 9479 
9259 9473 
8486 9961 
9796 8720 
9830 8682 
7801 10179 
7887 10144 
8775 9797 
8782 9791 
8767 9809 
8728 9873 
9154 9571 
9009 9701 
8650 9952 
8924 9771 
8693 9881 
8869 9789 
9624 9131 
9745 8863 
9752 8857 
9398 9381 
9385 9433 
9217 9497 
9859 8665 
9769 8722 
8758 9835 
9076 9644 
7680 10185 
9038 9684 
9035 9686 
9728 8901 

8689 9880 
9536 9210 
9642 8986 
9974 7993 
9968 8125 
10086 7882 
9399 9404 
9428 9319 
8905 9816 
9930 8425 
8406 10020 
8417 10004 
8308 10047 
8945 9792 
9032 9700 
8098 10128 
8681 9887 
9302 9527 
9451 9264 
8262 10060 
8223 10101 
9238 9528 
9023 9719 
8977 9754 
9999 7939 
10052 7920 
7763 10148 
9804 8783 
9769 8798 
9077 9648 
9645 8914 
9312 9461 
8244 10089 
8346 10046 
9190 9595 
9545 9134 
9153 9634 
9756 8850 
9953 8143 
8618 9972 
8666 9905 
7749 10149 
9880 8459 
9873 8465 
8512 9982 
9365 9442 
9490 9223 
9556 9121 
9565 9095 
9216 9564 
9629 9041 
9616 9093 
9231 9561 
7714 10167 
9430 9286 
10002 7929 
9057 9681 
9008 9737 
8867 9817 
8954 9760 
8920 9798 
10028 7922 
7705 10188 
8631 9920 
9341 9444 
9853 8486 

9493 9282 
9571 9150 
9089 9642 
7985 10132 
8500 10016 
8840 9852 
9235 9592 
9361 9436 
9260 9538 
9984 8107 
8273 10063 
9127 9641 
9800 8714 
8362 10046 
8644 9971 
8213 10120 
9691 8947 
8949 9754 
9546 9263 
9815 8696 
9346 9454 
9913 8331 
8377 10028 
9762 8880 
7906 10138 
8918 9779 
9047 9684 
9991 8101 
9924 8156 
8722 9898 
8669 9917 
8098 10128 
9415 9365 
9362 9384 
9906 8337 
9313 9519 
9075 9680 
9609 9149 
9624 9131 
9483 9348 
9854 8613 
9839 8631 
8359 10054 
9769 8874 
9702 8929 
7902 10156 
7903 10146 
8903 9797 
8979 9749 
9050 9682 
9002 9735 
8915 9792 
9967 8145 
8698 9900 
9889 8375 
9745 8918 
9033 9720 

9720 8879 
9232 9533 
8980 9741 
9887 8537 
8779 9790 
9118 9646 
7758 10190 
9346 9454 
9978 8121 
8625 9922 
9127 9641 
9170 9582 
9993 8103 
9763 8800 
9133 9628 
7899 10147 
8995 9723 
9872 8555 
9247 9515 
9735 8861 
9361 9436 
9824 8622 
9469 9348 
9406 9433 
9754 8841 
9647 9046 
7977 10074 
8723 9849 
8757 9826 
9616 9073 
9601 9091 
9553 9158 
8503 10009 
8581 9936 
8928 9780 
9894 8416 
10032 8020 
10017 8038 
10038 7976 
9907 8298 
9922 8280 
9837 8570 
9454 9366 
8539 9946 
9273 9484 
9258 9502 
9210 9569 
9774 8778 
9569 9119 
9159 9597 
9144 9615 
9096 9682 
8716 9855 
8765 9799 
9536 9217 
9623 9048 
9662 8936 
7923 10112 
7953 10076 
8322 10071 

9031 9761 
9109 9688 
9158 9614 
9788 8528 
9056 9749 
9629 9174 
9168 9606 
9118 9639 
9795 8522 
8847 9768 
9551 9247 
9139 9634 
8312 10050 
9366 9356 
8608 9907 
9741 8604 
9576 9235 
9161 9612 
8795 9807 
9359 9362 
8171 10131 
8197 10103 
8334 10014 
8598 9973 
9978 8026 
9971 8032 
9925 8045 
9963 8044 
9900 8099 
9739 8796 
9732 8802 
9729 8804 
9686 8815 
9661 8869 
9889 8133 
8682 9831 
9871 8349 
9153 9624 
9105 9691 
9356 9426 
9302 9527 
9312 9461 
9858 8481 
9785 8541 
9429 9262 
8825 9804 
8247 10084 
8182 10109 
8119 10164 
8282 10053 
8212 10090 
8253 10071 
8652 9872 
8678 9835 
8677 9839 
8629 9906 
7705 10188 
9882 8250 
8667 9849 
9864 8355 
9771 8566 
9341 9444 
9815 8503 
9404 9316 
9378 9330 
8411 9988 
8523 9978 
8637 9890 
8600 9908 

9324 9537 
7686 10138 
8406 10020 
9546 9263 
9483 9348 
9186 9568 
9640 8916 
9182 9602 
9496 9296 
8337 10073 
8098 10128 
8580 9924 
9115 9664 
8624 9878 
8565 9942 
10006 8385 
9393 9358 
9878 8620 
9062 9683 
7678 10154 
8561 9963 
8517 10009 
9100 9682 
9037 9737 
9129 9621 
9928 8416 
9711 8839 
9708 8841 
9718 8833 
8182 10094 
8854 9750 
8816 9751 
9652 8899 
9649 8901 
9581 8966 
9659 8893 
8609 9896 
8950 9747 
9798 8813 
9876 8782 
9198 9563 
9104 9675 
9676 8857 
8658 9838 
9635 8937 
8749 9790 
8742 9799 
9388 9379 
9122 9639 
9158 9604 

