9700 9617 
9703 9387 
9709 9365 
9811 9273 
9835 9177 
9772 9356 
9546 9733 
9612 9704 
9599 9714 
9675 9671 
9646 9688 
9570 9731 
8512 10025 
7685 10164 
9705 9385 
8942 9802 
8972 9799 
8469 10071 
8427 10077 
8389 10078 
7971 10157 
8592 9990 
8645 9971 
9813 9271 
8676 9908 
8608 9984 
8671 9929 
8665 9938 
8555 10003 
8542 10019 
8754 9836 
8987 9781 
9129 9740 
9601 9712 
9797 9309 
9572 9729 
9071 9780 
9124 9761 
8747 9842 
9821 9213 
9712 9363 
8755 9826 
8934 9809 
8896 9810 
8489 10038 
8701 9855 
8744 9844 
9895 8259 
8384 10099 
9880 8277 
9875 8289 
9853 8486 
9957 8073 
7680 10185 
8798 9815 
7991 10124 

8271 10116 
8759 9911 
8821 9869 
8739 9944 
9922 8280 
9971 8134 
9972 8124 
10025 8105 
9617 9550 
9562 9676 
9612 9571 
9714 9223 
9528 9714 
9557 9697 
9588 9667 
9679 9258 
9768 9194 
9784 9156 
9674 9279 
9621 9298 
9592 9604 
9146 9752 
9131 9770 
9705 9249 
9189 9730 
9184 9751 
9755 9215 
9775 9182 
9856 8716 
9434 9716 
9389 9729 
8309 10115 
8601 10017 
8187 10168 
9070 9795 
9055 9813 
9113 9773 
9564 9674 
9796 8843 
9108 9794 
9530 9712 
8167 10201 
8162 10222 
9139 9764 
8596 10038 
8654 9998 
8880 9852 
9590 9665 
8992 9821 
8674 9965 
9982 8116 
9924 8156 
9880 8714 
9623 9296 
9909 8697 
8109 10241 
8214 10133 
8909 9835 
9559 9695 
8483 10103 
9681 9256 
9923 8166 
9631 9290 
9707 9247 
8859 9868 
8771 9875 
9967 8145 

9681 8999 
9505 9489 
9484 9499 
9513 9482 
9631 9340 
9537 9480 
9543 9470 
9476 9506 
9823 8779 
9271 9595 
9065 9744 
9621 9397 
9928 8451 
8632 9994 
9904 8453 
8435 10156 
8758 9854 
9901 8706 
8914 9806 
8527 10066 
8665 9963 
8766 9817 
8502 10120 
8465 10144 
9596 9451 
9616 9418 
8473 10137 
9216 9637 
8639 9988 
8733 9950 
8944 9794 
8982 9793 
9672 9070 
9761 8830 
9153 9692 
9785 8786 
9780 8807 
9773 8813 
8477 10129 
9230 9608 
9856 8719 
9191 9691 
10024 8055 
8753 9917 
9839 8757 
9711 8987 
8494 10127 
8581 10028 
8522 10087 
8451 10154 
9095 9732 
9148 9713 
9843 8746 
9133 9731 
8660 9984 
9781 8797 
9211 9658 
8761 9838 
9851 8740 
9834 8778 

9926 8191 
9918 8198 
10043 8190 
10096 8171 
10067 8188 
10109 8161 
9894 8462 
9546 9405 
9421 9571 
9201 9822 
9260 9793 
9827 9106 
9813 9142 
9820 9118 
9811 9144 
9147 9862 
9197 9829 
9264 9730 
9535 9482 
7777 10166 
9914 8429 
9906 8435 
9890 9051 
9533 9484 
8218 10150 
9562 9367 
9489 9558 
9548 9403 
8742 9868 
9230 9805 
8664 9941 
9557 9388 
8723 9912 
9543 9424 
9874 9089 
8665 9938 
8645 9971 
8577 9984 
9284 9697 
8296 10077 
8238 10117 
8519 10024 
7680 10185 

9978 8214 
7799 10115 
7710 10167 
8707 9914 
9714 9271 
9313 9696 
8877 9794 
8872 9815 
8794 9888 
9337 9694 
9853 8721 
9855 8719 
10021 8016 
9998 8181 
9700 9307 
8403 10046 
9716 9269 
9848 8742 
9504 9639 
9048 9741 
9785 8786 
9839 8757 
9770 8815 
9780 8807 
9772 8813 
9781 8797 
9761 8830 
7843 10093 
9850 8740 
8398 10058 
8461 10003 
8441 10036 
8645 9971 
8836 9886 
8607 9972 
8665 9938 
9072 9739 
8856 9853 
8670 9917 
8861 9832 
7730 10134 
9110 9729 
9446 9679 
9694 9383 
9610 9621 
9454 9673 
9456 9671 
8783 9905 
9632 9392 
8592 9990 
9043 9753 
9711 9290 
8383 10076 
8345 10077 
7705 10188 
9834 8778 
7785 10133 
9925 8298 

8994 9818 
9612 9571 
9580 9587 
9574 9641 
9558 9679 
9378 9745 
9485 9741 
9132 9775 
9038 9807 
9062 9805 
8979 9836 
9852 8421 
9837 8439 
9726 8743 
8394 10098 
9711 8761 
8462 10085 
8674 9965 
8722 9898 
9915 8366 
9636 9108 
9789 8688 
8596 10038 
8644 9971 
8379 10116 
8438 10087 
7705 10188 
9891 8368 
9765 8690 
8698 9900 
9676 8857 
9683 8825 
7827 10149 

9482 9519 
9006 9747 
8171 10155 
9430 9570 
9367 9625 
9153 9701 
9560 9446 
9360 9637 
9535 9500 
9506 9517 
9247 9663 
9353 9661 
8900 9819 
8239 10134 
8929 9802 
8879 9835 
8920 9812 
8576 10061 
8654 9988 
8702 9921 
8260 10118 
8842 9885 
8289 10101 
8639 10006 
8722 9898 
9935 8394 
8626 10028 
8689 9973 
8728 9890 
8176 10143 
8136 10162 
8665 9975 
8611 10046 
9741 8879 
9414 9608 
9717 8944 
9702 8962 
9756 8861 
10052 7920 
9853 8486 
10028 7922 
7680 10185 
9834 8778 
9589 9031 
9012 9712 

9835 9131 
9646 9771 
8612 10058 
9577 9856 
8642 10046 
9608 9826 
9469 9885 
9843 9125 
9368 9981 
9818 9179 
9540 9876 
9599 9847 
9460 9892 
9613 9805 
9655 9721 
9630 9775 
9834 9160 
9850 9122 
9756 9331 
9825 9176 
8603 10129 
9437 9938 
9811 9205 
9378 9967 
9693 9340 
9673 9576 
9786 9259 
9795 9243 
9986 8167 
9447 9936 
9490 9880 
9371 9979 
8573 10141 
9860 8529 
9909 8268 
9882 8332 

10039 8293 
9903 8500 
9865 8501 
9852 8512 
9760 8833 
8759 9911 
10007 8379 
9803 8822 
9806 8820 
9833 8784 
9927 8388 
9741 9175 
8739 9944 
9796 8828 
9850 8746 
9826 8790 
7974 10253 
9712 9192 
7994 10220 
9755 8857 
9698 9228 
9682 9309 
7999 10199 
9707 9213 
9158 9625 
9685 9307 
8076 10115 
9366 9415 
9693 9249 
8022 10186 
9040 9811 
9157 9636 
8661 10012 
8601 10017 
8936 9822 
9105 9693 
9085 9726 
8064 10173 
8596 10038 
8674 9965 
9404 9414 
9133 9659 
9057 9727 
9182 9623 
9119 9678 
9235 9563 
9139 9645 
9104 9696 
9210 9617 
9554 9355 
9668 9345 
8583 10085 
9592 9354 
9539 9373 
8503 10094 
8511 10087 
7980 10222 
9748 8860 
10034 8314 
8468 10109 
9424 9381 
9124 9663 
9308 9455 
9361 9436 
9745 8862 
9230 9584 
9346 9454 
9243 9470 

7708 10170 
9438 9620 
9413 9674 
7738 10158 
9340 9739 
9904 8455 
9779 9166 
7670 10171 
9287 9758 
9294 9752 
9684 9277 
9762 9204 
9694 9269 
9765 9202 
9016 9890 
9687 9275 
9009 9896 
9699 9259 
9571 9282 
9564 9288 
9561 9290 
8680 9973 
8816 9898 
8778 9899 
7629 10184 
9837 8506 
9068 9867 
9404 9689 
9126 9827 
9424 9656 
9737 9258 
9754 9220 
10011 8365 
9740 9256 
9146 9794 
9370 9727 
9985 8396 
9961 8398 
9872 8491 
9824 8558 
9346 9729 
9399 9710 
9809 8576 
9848 8493 
8601 10017 
9957 8436 
7605 10186 
8211 10077 
9933 8438 
8739 9944 
9075 9861 
8654 9998 
7751 10121 
8596 10038 
8270 10048 
8759 9911 
9501 9297 
8001 10080 
9799 8599 
8263 10071 
7771 10088 
9787 8655 

8971 9784 
8138 10193 
9810 8706 
9621 9227 
8719 9909 
9014 9762 
8494 10008 
9862 8570 
8469 10062 
8152 10188 
8542 9941 
9616 9237 
9754 9219 
9223 9745 
9258 9730 
8181 10171 
8201 10138 
9234 9732 
8206 10117 
9021 9751 
9292 9692 
9287 9713 
9587 9337 
8532 10007 
8930 9832 
8881 9882 
9006 9769 
8919 9881 
9454 9365 
8944 9827 
8700 9932 
8866 9900 
8454 10080 
8416 10081 
8479 10026 
8474 10047 
9766 8801 
9659 9226 
9337 9450 
9825 8688 
9827 8686 
9312 9659 
9777 8720 
9949 8513 
9483 9348 
9507 9346 
9915 8551 
9767 8728 
9769 8726 
9891 8553 

9596 9347 
10001 8738 
9993 8754 
9891 8827 
9984 8769 
9923 8811 
9926 8809 
9979 8790 
9981 8771 
9944 8808 
9976 8792 
10004 8736 
9768 8840 
9811 8829 
8481 10065 
8254 10164 
8929 9811 
8559 9992 
8607 9925 
9541 9385 
9619 9312 
9556 9367 
9656 8890 
9599 9345 
9834 8828 
9548 9379 
9698 8866 
8582 9979 
8534 10046 
9691 8872 
9688 8874 
8554 10013 
9594 9366 
8602 9946 
8636 9908 
9130 9683 
9640 8906 
9440 9395 
9254 9610 
9234 9643 
9045 9737 
9002 9759 
9060 9720 
9336 9505 
9389 9411 
9287 9535 
9478 9394 
9262 9589 
9282 9556 
9325 9534 
9364 9451 
8982 9793 
9063 9685 
9007 9739 
9267 9574 
8967 9810 
8924 9832 
7777 10167 
8987 9777 
8476 10086 
9708 8841 
8667 9849 

9991 8129 
9587 9337 
9772 9116 
8789 9868 
9627 9293 
9607 9326 
8409 10104 
9448 9612 
8006 10145 
9869 8609 
9456 9554 
9514 9525 
8739 9944 
9940 8210 
9801 9099 
9309 9717 
8467 10064 
8784 9888 
9986 8150 
9830 8662 
8674 9965 
8893 9833 
9815 8680 
8601 10017 
8764 9921 
8706 9961 
7786 10163 
8596 10038 
8462 10085 
8654 9998 
8496 10047 
9747 9170 
9432 9650 
9893 8607 
9699 9237 
9641 9277 
9324 9699 
9743 9233 
8438 10087 
9649 9271 
9680 9242 
9637 9288 
8812 9854 
9465 9550 
9157 9743 
9367 9677 
9316 9711 
8840 9852 
8878 9851 
9009 9824 
9096 9767 
9067 9784 
9449 9566 
9062 9805 
9038 9807 
9767 9137 
9657 9255 
9835 8647 
9850 8629 
7705 10188 

9012 9808 
8983 9825 
9041 9785 
9070 9768 
9036 9806 
9498 9704 
9463 9755 
8827 9860 
8482 10109 
8738 9883 
8812 9878 
9730 8920 
8487 10088 
9543 9267 
8718 9916 
9778 8853 
8525 10087 
8865 9859 
8885 9826 
8621 10003 
8467 10127 
7646 10170 
8550 10033 
9945 8795 
8699 9930 
8661 9931 
9921 8797 
8583 10004 
8646 9949 
9974 8778 
8545 10054 
9505 9507 
9715 8938 
9754 8855 
9546 8973 
8632 9954 
7666 10137 

9979 7972 
8539 10132 
10032 7953 
9994 7954 
9936 7994 
9897 8395 
9817 8639 
9842 8585 
9837 8606 
9872 8547 
9545 9354 
9059 9827 
9882 8413 
9730 8927 
9671 9170 
9616 9262 
9773 8916 
9705 8981 
9614 9323 
9658 9249 
9935 8394 
9516 9631 
8620 10009 
9529 9579 
8552 10116 
8654 9998 
8622 10003 
8739 9944 
8611 10024 
8680 9973 
9374 9822 
9463 9755 
9491 9685 
9803 8878 
9434 9775 
9433 9793 
8598 10103 
8974 9839 
9476 9703 
9725 8951 
9012 9838 
8685 9948 
9974 7993 
9881 8532 
8759 9911 
9666 9191 
8606 10045 
10052 7920 
9867 8568 
9745 8918 
7684 10154 

9042 9753 
8851 9816 
9527 9627 
9514 9679 
9488 9710 
8504 10072 
8529 10018 
10001 8043 
8249 10221 
8280 10191 
9777 8792 
8914 9761 
9792 8774 
9908 8716 
9986 8061 
8838 9868 
9947 8633 
8552 10005 
8577 9951 
8863 9814 
8901 9813 
9599 8943 
8720 9899 
8606 9934 
10025 7978 
9567 9029 
9595 9012 
9533 9160 
8980 9760 
9704 8834 
9689 8861 
9642 8880 

8974 9839 
9414 9817 
9539 9712 
9513 9722 
9492 9744 
9488 9776 
9027 9820 
9467 9798 
9438 9815 
8748 9883 
8801 9864 
9012 9838 
8786 9882 
8723 9937 
7701 10197 
8469 10134 
9699 8915 
9583 9357 
9684 9307 
9668 9345 
9553 9395 
9592 9354 
8603 10129 
8642 10046 
9574 9373 
9692 9249 
9805 8835 
9762 8860 
9977 8202 
9866 8214 
9834 8778 
9781 8837 
9738 8862 

8974 9839 
7900 10187 
7876 10189 
9027 9820 
9993 8219 
8734 9884 
9913 8449 
9923 8424 
9904 8562 
7920 10154 
8629 9960 
9861 8584 
9906 8455 
9984 8382 
9926 8422 
9933 8416 
7925 10133 
9290 9604 
8148 10122 
9722 9296 
9711 9309 
7963 10132 
9746 9294 
8549 9993 
9775 9277 
9851 9189 
9873 8564 
9800 9223 
8524 10047 
8572 9980 
8544 10014 
9452 9394 
9437 9412 
9780 9256 
8471 10066 
9444 9401 
9587 9337 
9487 9379 
9515 9339 
8656 9897 
8772 9883 
9261 9627 
9367 9520 
8876 9872 
9392 9466 
9353 9549 
9507 9346 
9070 9798 
9170 9756 
9096 9767 
9348 9570 
9394 9434 
9038 9807 
9012 9838 
9275 9622 
9328 9603 
9387 9487 
9463 9381 
8466 10087 
9062 9805 
9429 9419 
8168 10089 

8974 9910 
9342 9730 
9557 9102 
9582 9048 
9480 9610 
9696 8906 
9437 9712 
9349 9724 
8573 10092 
8626 10073 
8651 10019 
9067 9835 
8981 9904 
9050 9873 
9027 9891 
8627 10021 
8602 10075 
8680 10002 
9121 9806 
9043 9879 
9058 9861 
8690 9936 
9546 9110 
9639 8981 
9686 8972 
9614 9035 
9677 8980 
9725 8889 
9508 9111 
9687 8914 
9794 8509 
9957 8073 
7705 10188 
9882 8250 
9764 8682 
9801 8491 
9848 8438 
9845 8457 
7805 10118 
9716 8897 
7797 10134 

10025 8105 
10043 8007 
9672 9039 
9921 8580 
7983 10087 
9935 8394 
9145 9885 
9714 8837 
9772 8797 
9179 9847 
9633 9122 
9171 9854 
9692 8889 
9201 9816 
9758 8807 
9729 8819 
9683 8915 
9515 9339 
9250 9771 
9230 9804 
9541 9308 
9277 9744 
9472 9361 
9433 9413 
9590 9144 
9638 9077 
8973 10047 
9012 9964 
9546 9263 
9394 9496 
9335 9590 
9507 9346 
9457 9379 
9483 9348 
9575 9162 
9887 8618 
9700 8847 
9834 8778 
7705 10188 
9967 8145 
8263 10071 
9863 8620 
7916 10111 
7943 10088 

9862 8283 
9737 8689 
9651 8921 
9787 8550 
9773 8640 
9931 8047 
9692 8879 
9683 8905 
9574 9049 
9560 9085 
9496 9296 
9615 8970 
9491 9341 
9547 9164 
9166 9743 
9486 9661 
8956 9782 
9431 9704 
9470 9677 
8601 10017 
8649 9950 
9192 9712 
9158 9750 
8912 9803 
8895 9887 
8558 10048 
9187 9733 
8538 10081 
8621 9984 
8504 10119 
8596 10038 
8994 9781 
8533 10102 
8644 9971 
8815 9896 
8678 9933 
7898 10173 
9899 8063 
7705 10188 
9816 8317 
9635 8937 
7918 10140 
9882 8250 
8698 9900 
9757 8656 

9237 9628 
8657 10124 
8652 10145 
8623 10162 
8683 10115 
9366 9415 
9766 9240 
9308 9455 
9136 9738 
9270 9537 
8726 10060 
9265 9558 
9301 9520 
9429 9360 
9473 9275 
9502 9258 
8739 9981 
9102 9799 
9361 9436 
9127 9745 
9526 9256 
9238 9600 
8700 10064 
8778 9859 
9404 9414 
9967 8057 
9122 9766 
9156 9728 
9199 9683 
8934 9820 
9850 9191 
9776 9232 
9852 9189 
9934 9095 
9920 9171 
9424 9381 
9857 9179 
9895 9178 
9842 9197 
9992 8003 
9049 9818 
9819 9221 
9826 9209 
9781 9222 
9175 9685 
9078 9801 
9959 9041 
9346 9454 
7705 10188 
10021 7986 
9970 8032 

8204 10103 
9301 9659 
9288 9711 
8176 10143 
8234 10100 
8602 10075 
9458 9532 
8492 10078 
9890 8747 
9929 8664 
9246 9780 
9192 9820 
9272 9749 
9821 8853 
8171 10155 
9242 9787 
9460 9334 
9797 8897 
9316 9591 
9807 8889 
9684 8902 
9812 8879 
8652 9961 
9331 9573 
9441 9570 
9508 9267 
9503 9274 
9660 8946 
9674 8910 
9944 7969 
7705 10188 
9598 8974 
8691 9878 
9479 9276 

9644 9591 
8844 9856 
8894 9826 
9782 9105 
8766 9929 
8814 9862 
9780 9107 
9814 9089 
8782 9892 
8416 10120 
8391 10174 
9063 9753 
8820 9861 
9774 9524 
9651 9588 
9009 9824 
8469 10101 
8674 9965 
9038 9807 
9130 9696 
9062 9805 
9327 9615 
7816 10191 
9140 9636 
9380 9596 
9116 9734 
9087 9751 
9178 9635 
9193 9617 
9689 9578 
9909 8655 
9885 8657 
8621 9984 
8596 10038 
8805 9879 
8644 9971 
9831 9005 
9938 8638 
8445 10103 
9977 8202 

9528 9421 
9538 9355 
9790 8850 
9848 8810 
8279 10117 
10008 8246 
9955 8265 
9979 8263 
9888 8642 
9040 9731 
9863 8696 
9950 8286 
9803 8823 
9798 8844 
9728 9251 
8808 9853 
8236 10139 
9037 9776 
8875 9821 
9758 9213 
8596 9998 
9587 9337 
8870 9842 
8928 9802 
8750 9893 
8933 9787 
8913 9820 
8674 9925 
9503 9517 
9164 9687 
9663 9303 
9753 9234 
9723 9272 
9678 9285 
8427 10077 
9661 9323 
9335 9560 
9670 9297 
9092 9689 
9445 9557 
8803 9874 
9787 9154 
8971 9784 
9778 9180 
9469 9555 
9523 9484 
8634 9997 
9064 9729 
8649 9979 
8712 9924 
8442 10059 
10028 8213 
9883 8663 
8669 9946 
8591 10019 
8654 9964 
8151 10151 
8447 10044 
9084 9696 
8384 10099 
8462 10026 
8274 10138 
7680 10185 

9338 9498 
9299 9581 
9386 9462 
8496 10047 
8622 10003 
7765 10133 
10083 8017 
8470 10078 
7799 10115 
9368 9486 
8607 10021 
8963 9776 
8685 9948 
8698 9896 
8724 9865 
9329 9569 
9286 9680 
9360 9487 
9445 9433 
9555 9253 
9062 9771 
9115 9752 
8905 9816 
8462 10085 
9774 9106 
9803 9089 
9818 8847 
8642 9970 
8920 9798 
8690 9903 
9898 8838 
9726 9173 
9636 9242 
9694 9202 
8627 9988 
9721 9194 
9646 9234 
8438 10087 
9689 9223 
9651 9224 
9745 9129 
8837 9829 
9121 9742 
9186 9710 
8564 10043 
9174 9723 
9239 9691 
9769 9127 
9497 9293 
9644 9236 
9930 8425 
7705 10188 

9982 8116 
9904 8346 
9975 8122 
9897 8352 
9896 8362 
8881 9854 
8654 9998 
8674 9965 
8959 9781 
8586 10136 
8876 9875 
8934 9835 
8954 9802 
9013 9753 
9700 9253 
9972 8124 
9353 9587 
9758 9213 
9391 9586 
9411 9553 
9167 9650 
9517 9280 
9835 9122 
9164 9687 
9767 9198 
9708 9247 
9756 9215 
9776 9182 
9778 9180 
9819 9160 
9768 9194 
9705 9249 
9761 9200 
9893 8364 
8968 9770 
9512 9325 
10025 8105 
9947 8335 
8625 10053 
9298 9625 
10018 8111 
9474 9544 
9040 9731 
7903 10146 
9006 9769 
9869 8408 
8739 9944 
8936 9811 
9021 9751 
9064 9729 
9084 9696 
9940 8341 
9753 9234 
9555 9255 
9830 9143 
9858 8674 
9394 9584 
9487 9379 
9760 9210 
8759 9911 
9507 9346 
9336 9624 
9351 9606 
9343 9618 
9290 9637 
9414 9551 
9967 8145 
9889 8375 

9987 8606 
9948 8689 
9641 9130 
9476 9529 
9329 9821 
9398 9781 
9267 9844 
7894 10192 
9237 9847 
8918 9852 
8761 9857 
8746 9875 
7909 10174 
7929 10141 
7972 10119 
9959 8633 
8389 10047 
7914 10159 
8302 10104 
9536 9372 
8614 9991 
8708 9959 
7729 10207 
8638 9989 
8603 10004 
8588 10022 
8595 10011 
8512 10042 
8580 10029 
9352 9784 
9570 9338 
9535 9500 
9562 9341 
9720 8879 
9783 8794 
9700 9101 
9763 8800 
9993 8103 
9735 8861 
10023 7994 
9739 8802 
8322 10071 

9374 9700 
9369 9721 
9365 9786 
9331 9824 
9361 9821 
9325 9844 
9271 9894 
9911 8508 
9853 8548 
9865 8521 
9908 8510 
9860 8542 
9807 8561 
9773 8800 
8311 10131 
8380 10047 
8593 9988 
8341 10130 
8618 9934 
8366 10076 
8613 9955 
8361 10097 
8656 9933 
8540 10007 
9566 9347 
9667 9261 
9672 9240 
9624 9307 
9644 9274 
9692 9207 
9742 9173 
9919 8492 
9787 8764 
9790 8762 
10024 8055 
9782 8768 
9940 8210 
9563 9349 
9445 9433 
9573 9341 
9641 9276 
9669 9242 
9621 9309 
9503 9356 
9689 9209 
9718 9192 
8288 10149 
9276 9845 
8283 10170 
9092 9904 
9183 9900 
8578 10006 
8535 10028 
8598 9973 
7705 10188 

7739 10119 
10052 8414 
9829 8726 
10037 8432 
10053 8394 
10061 8388 
9983 8461 
10044 8426 
10032 8447 
10043 8430 
9904 8682 
9924 8649 
9981 8481 
9809 8759 
9368 9704 
10106 8375 
9448 9526 
9426 9664 
9383 9686 
9446 9631 
9421 9685 
9588 9059 
9702 8865 
9710 8859 
9596 9053 
9686 8903 
9711 8839 
9175 9735 
9769 8799 
9507 9346 
9155 9768 
9463 9381 
9487 9379 
9698 8866 
8835 9969 
9587 9337 
9734 8817 
9008 9825 
9639 8926 
8860 9915 
9929 8586 
9615 8970 
10001 8460 
8855 9960 
9693 8897 
9804 8780 
10036 8442 
9005 9827 
8796 10052 
9718 8833 
9000 9848 
9104 9802 
8744 10089 
8957 9859 
9651 8921 
8736 10101 
8821 10005 
9058 9808 
8782 10088 
8787 10067 
8826 9984 
9015 9819 
8807 10034 
9375 9698 
7732 10125 
9635 8937 

