96.0000000000 487.0000000000
97.0000000000 483.0000000000
100.0000000000 473.0000000000
102.0000000000 467.0000000000
92.0000000000 507.0000000000
88.0000000000 534.0000000000
94.0000000000 497.0000000000
90.0000000000 519.0000000000
104.0000000000 462.0000000000
116.0000000000 439.0000000000
120.0000000000 433.0000000000
118.0000000000 436.0000000000
130.0000000000 421.0000000000
91.0000000000 513.0000000000
106.0000000000 457.0000000000
117.0000000000 438.0000000000
101.0000000000 471.0000000000
103.0000000000 465.0000000000
105.0000000000 460.0000000000
107.0000000000 455.0000000000
112.0000000000 445.0000000000
87.0000000000 542.0000000000
205.0000000000 386.0000000000
93.0000000000 502.0000000000
89.0000000000 526.0000000000
108.0000000000 452.0000000000
95.0000000000 492.0000000000
199.0000000000 387.0000000000
194.0000000000 388.0000000000
121.0000000000 432.0000000000
98.0000000000 479.0000000000
190.0000000000 389.0000000000
186.0000000000 390.0000000000
114.0000000000 442.0000000000
183.0000000000 391.0000000000
180.0000000000 392.0000000000
177.0000000000 393.0000000000
174.0000000000 394.0000000000
171.0000000000 395.0000000000
169.0000000000 396.0000000000
166.0000000000 397.0000000000
99.0000000000 477.0000000000
164.0000000000 398.0000000000
162.0000000000 399.0000000000
160.0000000000 400.0000000000
158.0000000000 401.0000000000
156.0000000000 402.0000000000
154.0000000000 403.0000000000
152.0000000000 404.0000000000
150.0000000000 405.0000000000
149.0000000000 406.0000000000
147.0000000000 407.0000000000
145.0000000000 408.0000000000
144.0000000000 409.0000000000
142.0000000000 410.0000000000
140.0000000000 412.0000000000
138.0000000000 413.0000000000
131.0000000000 420.0000000000
129.0000000000 422.0000000000
125.0000000000 426.0000000000
124.0000000000 428.0000000000
122.0000000000 430.0000000000
119.0000000000 435.0000000000
115.0000000000 441.0000000000
113.0000000000 444.0000000000
110.0000000000 448.0000000000
109.0000000000 450.0000000000
141.0000000000 411.0000000000
137.0000000000 414.0000000000
136.0000000000 415.0000000000
135.0000000000 416.0000000000
134.0000000000 417.0000000000
133.0000000000 418.0000000000
132.0000000000 419.0000000000
128.0000000000 423.0000000000
127.0000000000 424.0000000000
126.0000000000 425.0000000000
123.0000000000 429.0000000000
111.0000000000 447.0000000000

92.0000000000 507.0000000000
93.0000000000 502.0000000000
96.0000000000 487.0000000000
95.0000000000 492.0000000000
94.0000000000 497.0000000000
91.0000000000 513.0000000000
106.0000000000 457.0000000000
100.0000000000 473.0000000000
101.0000000000 471.0000000000
125.0000000000 426.0000000000
118.0000000000 436.0000000000
88.0000000000 534.0000000000
89.0000000000 526.0000000000
103.0000000000 465.0000000000
115.0000000000 441.0000000000
122.0000000000 430.0000000000
104.0000000000 462.0000000000
105.0000000000 460.0000000000
111.0000000000 447.0000000000
113.0000000000 444.0000000000
117.0000000000 438.0000000000
205.0000000000 386.0000000000
87.0000000000 542.0000000000
90.0000000000 519.0000000000
97.0000000000 483.0000000000
107.0000000000 455.0000000000
199.0000000000 387.0000000000
102.0000000000 467.0000000000
194.0000000000 388.0000000000
190.0000000000 389.0000000000
186.0000000000 390.0000000000
116.0000000000 439.0000000000
114.0000000000 442.0000000000
112.0000000000 445.0000000000
98.0000000000 479.0000000000
183.0000000000 391.0000000000
180.0000000000 392.0000000000
177.0000000000 393.0000000000
174.0000000000 394.0000000000
171.0000000000 395.0000000000
169.0000000000 396.0000000000
166.0000000000 397.0000000000
129.0000000000 422.0000000000
127.0000000000 424.0000000000
124.0000000000 428.0000000000
110.0000000000 448.0000000000
108.0000000000 452.0000000000
99.0000000000 477.0000000000
164.0000000000 398.0000000000
162.0000000000 399.0000000000
160.0000000000 400.0000000000
158.0000000000 401.0000000000
156.0000000000 402.0000000000
154.0000000000 403.0000000000
152.0000000000 404.0000000000
150.0000000000 405.0000000000
149.0000000000 406.0000000000
147.0000000000 407.0000000000
145.0000000000 408.0000000000
144.0000000000 409.0000000000
142.0000000000 410.0000000000
140.0000000000 412.0000000000
138.0000000000 413.0000000000
126.0000000000 425.0000000000
123.0000000000 429.0000000000
120.0000000000 433.0000000000
119.0000000000 435.0000000000
109.0000000000 450.0000000000
141.0000000000 411.0000000000
137.0000000000 414.0000000000
136.0000000000 415.0000000000
135.0000000000 416.0000000000
134.0000000000 417.0000000000
133.0000000000 418.0000000000
132.0000000000 419.0000000000
131.0000000000 420.0000000000
130.0000000000 421.0000000000
128.0000000000 423.0000000000
121.0000000000 432.0000000000

91.0000000000 513.0000000000
88.0000000000 534.0000000000
89.0000000000 526.0000000000
87.0000000000 542.0000000000
90.0000000000 519.0000000000
93.0000000000 502.0000000000
92.0000000000 507.0000000000
100.0000000000 473.0000000000
104.0000000000 462.0000000000
103.0000000000 465.0000000000
101.0000000000 471.0000000000
111.0000000000 447.0000000000
96.0000000000 487.0000000000
97.0000000000 483.0000000000
107.0000000000 455.0000000000
150.0000000000 405.0000000000
114.0000000000 442.0000000000
154.0000000000 403.0000000000
113.0000000000 444.0000000000
205.0000000000 386.0000000000
94.0000000000 497.0000000000
102.0000000000 467.0000000000
98.0000000000 479.0000000000
199.0000000000 387.0000000000
105.0000000000 460.0000000000
194.0000000000 388.0000000000
152.0000000000 404.0000000000
95.0000000000 492.0000000000
190.0000000000 389.0000000000
186.0000000000 390.0000000000
112.0000000000 445.0000000000
108.0000000000 452.0000000000
183.0000000000 391.0000000000
180.0000000000 392.0000000000
177.0000000000 393.0000000000
174.0000000000 394.0000000000
171.0000000000 395.0000000000
169.0000000000 396.0000000000
166.0000000000 397.0000000000
110.0000000000 448.0000000000
106.0000000000 457.0000000000
99.0000000000 477.0000000000
164.0000000000 398.0000000000
162.0000000000 399.0000000000
160.0000000000 400.0000000000
158.0000000000 401.0000000000
156.0000000000 402.0000000000
149.0000000000 406.0000000000
147.0000000000 407.0000000000
145.0000000000 408.0000000000
144.0000000000 409.0000000000
142.0000000000 410.0000000000
140.0000000000 412.0000000000
138.0000000000 413.0000000000
125.0000000000 426.0000000000
124.0000000000 428.0000000000
122.0000000000 430.0000000000
121.0000000000 432.0000000000
120.0000000000 433.0000000000
119.0000000000 435.0000000000
118.0000000000 436.0000000000
117.0000000000 438.0000000000
116.0000000000 439.0000000000
115.0000000000 441.0000000000
109.0000000000 450.0000000000
141.0000000000 411.0000000000
137.0000000000 414.0000000000
136.0000000000 415.0000000000
135.0000000000 416.0000000000
134.0000000000 417.0000000000
133.0000000000 418.0000000000
132.0000000000 419.0000000000
131.0000000000 420.0000000000
130.0000000000 421.0000000000
129.0000000000 422.0000000000
128.0000000000 423.0000000000
127.0000000000 424.0000000000
126.0000000000 425.0000000000
123.0000000000 429.0000000000

90.0000000000 519.0000000000
89.0000000000 526.0000000000
91.0000000000 513.0000000000
94.0000000000 497.0000000000
93.0000000000 502.0000000000
186.0000000000 390.0000000000
95.0000000000 492.0000000000
97.0000000000 483.0000000000
100.0000000000 473.0000000000
92.0000000000 507.0000000000
199.0000000000 387.0000000000
194.0000000000 388.0000000000
101.0000000000 471.0000000000
88.0000000000 534.0000000000
111.0000000000 447.0000000000
98.0000000000 479.0000000000
99.0000000000 477.0000000000
127.0000000000 424.0000000000
130.0000000000 421.0000000000
205.0000000000 386.0000000000
87.0000000000 542.0000000000
96.0000000000 487.0000000000
190.0000000000 389.0000000000
102.0000000000 467.0000000000
183.0000000000 391.0000000000
180.0000000000 392.0000000000
177.0000000000 393.0000000000
174.0000000000 394.0000000000
171.0000000000 395.0000000000
169.0000000000 396.0000000000
166.0000000000 397.0000000000
112.0000000000 445.0000000000
110.0000000000 448.0000000000
108.0000000000 452.0000000000
107.0000000000 455.0000000000
106.0000000000 457.0000000000
105.0000000000 460.0000000000
104.0000000000 462.0000000000
103.0000000000 465.0000000000
164.0000000000 398.0000000000
162.0000000000 399.0000000000
160.0000000000 400.0000000000
158.0000000000 401.0000000000
156.0000000000 402.0000000000
154.0000000000 403.0000000000
152.0000000000 404.0000000000
150.0000000000 405.0000000000
149.0000000000 406.0000000000
147.0000000000 407.0000000000
145.0000000000 408.0000000000
144.0000000000 409.0000000000
142.0000000000 410.0000000000
140.0000000000 412.0000000000
138.0000000000 413.0000000000
131.0000000000 420.0000000000
129.0000000000 422.0000000000
128.0000000000 423.0000000000
126.0000000000 425.0000000000
125.0000000000 426.0000000000
124.0000000000 428.0000000000
122.0000000000 430.0000000000
121.0000000000 432.0000000000
120.0000000000 433.0000000000
119.0000000000 435.0000000000
118.0000000000 436.0000000000
117.0000000000 438.0000000000
116.0000000000 439.0000000000
115.0000000000 441.0000000000
114.0000000000 442.0000000000
113.0000000000 444.0000000000
109.0000000000 450.0000000000
141.0000000000 411.0000000000
137.0000000000 414.0000000000
136.0000000000 415.0000000000
135.0000000000 416.0000000000
134.0000000000 417.0000000000
133.0000000000 418.0000000000
132.0000000000 419.0000000000
123.0000000000 429.0000000000

87.0000000000 542.0000000000
88.0000000000 534.0000000000
89.0000000000 526.0000000000
94.0000000000 497.0000000000
100.0000000000 473.0000000000
103.0000000000 465.0000000000
101.0000000000 471.0000000000
116.0000000000 439.0000000000
120.0000000000 433.0000000000
97.0000000000 483.0000000000
95.0000000000 492.0000000000
96.0000000000 487.0000000000
114.0000000000 442.0000000000
111.0000000000 447.0000000000
90.0000000000 519.0000000000
91.0000000000 513.0000000000
105.0000000000 460.0000000000
92.0000000000 507.0000000000
93.0000000000 502.0000000000
112.0000000000 445.0000000000
115.0000000000 441.0000000000
119.0000000000 435.0000000000
117.0000000000 438.0000000000
205.0000000000 386.0000000000
104.0000000000 462.0000000000
102.0000000000 467.0000000000
199.0000000000 387.0000000000
194.0000000000 388.0000000000
118.0000000000 436.0000000000
106.0000000000 457.0000000000
98.0000000000 479.0000000000
190.0000000000 389.0000000000
186.0000000000 390.0000000000
183.0000000000 391.0000000000
180.0000000000 392.0000000000
177.0000000000 393.0000000000
174.0000000000 394.0000000000
171.0000000000 395.0000000000
169.0000000000 396.0000000000
166.0000000000 397.0000000000
113.0000000000 444.0000000000
110.0000000000 448.0000000000
108.0000000000 452.0000000000
107.0000000000 455.0000000000
99.0000000000 477.0000000000
164.0000000000 398.0000000000
162.0000000000 399.0000000000
160.0000000000 400.0000000000
158.0000000000 401.0000000000
156.0000000000 402.0000000000
154.0000000000 403.0000000000
152.0000000000 404.0000000000
150.0000000000 405.0000000000
149.0000000000 406.0000000000
147.0000000000 407.0000000000
145.0000000000 408.0000000000
144.0000000000 409.0000000000
142.0000000000 410.0000000000
140.0000000000 412.0000000000
138.0000000000 413.0000000000
125.0000000000 426.0000000000
124.0000000000 428.0000000000
122.0000000000 430.0000000000
121.0000000000 432.0000000000
109.0000000000 450.0000000000
141.0000000000 411.0000000000
137.0000000000 414.0000000000
136.0000000000 415.0000000000
135.0000000000 416.0000000000
134.0000000000 417.0000000000
133.0000000000 418.0000000000
132.0000000000 419.0000000000
131.0000000000 420.0000000000
130.0000000000 421.0000000000
129.0000000000 422.0000000000
128.0000000000 423.0000000000
127.0000000000 424.0000000000
126.0000000000 425.0000000000
123.0000000000 429.0000000000

92.0000000000 507.0000000000
93.0000000000 502.0000000000
96.0000000000 487.0000000000
94.0000000000 497.0000000000
97.0000000000 483.0000000000
101.0000000000 471.0000000000
88.0000000000 534.0000000000
89.0000000000 526.0000000000
90.0000000000 519.0000000000
91.0000000000 513.0000000000
100.0000000000 473.0000000000
117.0000000000 438.0000000000
114.0000000000 442.0000000000
113.0000000000 444.0000000000
111.0000000000 447.0000000000
115.0000000000 441.0000000000
112.0000000000 445.0000000000
205.0000000000 386.0000000000
87.0000000000 542.0000000000
102.0000000000 467.0000000000
95.0000000000 492.0000000000
199.0000000000 387.0000000000
105.0000000000 460.0000000000
99.0000000000 477.0000000000
194.0000000000 388.0000000000
98.0000000000 479.0000000000
190.0000000000 389.0000000000
186.0000000000 390.0000000000
116.0000000000 439.0000000000
183.0000000000 391.0000000000
180.0000000000 392.0000000000
177.0000000000 393.0000000000
174.0000000000 394.0000000000
171.0000000000 395.0000000000
169.0000000000 396.0000000000
166.0000000000 397.0000000000
118.0000000000 436.0000000000
110.0000000000 448.0000000000
108.0000000000 452.0000000000
107.0000000000 455.0000000000
106.0000000000 457.0000000000
104.0000000000 462.0000000000
103.0000000000 465.0000000000
164.0000000000 398.0000000000
162.0000000000 399.0000000000
160.0000000000 400.0000000000
158.0000000000 401.0000000000
156.0000000000 402.0000000000
154.0000000000 403.0000000000
152.0000000000 404.0000000000
150.0000000000 405.0000000000
149.0000000000 406.0000000000
147.0000000000 407.0000000000
145.0000000000 408.0000000000
144.0000000000 409.0000000000
142.0000000000 410.0000000000
140.0000000000 412.0000000000
138.0000000000 413.0000000000
125.0000000000 426.0000000000
124.0000000000 428.0000000000
122.0000000000 430.0000000000
121.0000000000 432.0000000000
120.0000000000 433.0000000000
119.0000000000 435.0000000000
109.0000000000 450.0000000000
141.0000000000 411.0000000000
137.0000000000 414.0000000000
136.0000000000 415.0000000000
135.0000000000 416.0000000000
134.0000000000 417.0000000000
133.0000000000 418.0000000000
132.0000000000 419.0000000000
131.0000000000 420.0000000000
130.0000000000 421.0000000000
129.0000000000 422.0000000000
128.0000000000 423.0000000000
127.0000000000 424.0000000000
126.0000000000 425.0000000000
123.0000000000 429.0000000000

87.0000000000 542.0000000000
89.0000000000 526.0000000000
94.0000000000 497.0000000000
96.0000000000 487.0000000000
106.0000000000 457.0000000000
108.0000000000 452.0000000000
112.0000000000 445.0000000000
91.0000000000 513.0000000000
92.0000000000 507.0000000000
88.0000000000 534.0000000000
125.0000000000 426.0000000000
118.0000000000 436.0000000000
122.0000000000 430.0000000000
111.0000000000 447.0000000000
90.0000000000 519.0000000000
93.0000000000 502.0000000000
119.0000000000 435.0000000000
205.0000000000 386.0000000000
95.0000000000 492.0000000000
97.0000000000 483.0000000000
101.0000000000 471.0000000000
199.0000000000 387.0000000000
194.0000000000 388.0000000000
109.0000000000 450.0000000000
107.0000000000 455.0000000000
190.0000000000 389.0000000000
186.0000000000 390.0000000000
102.0000000000 467.0000000000
100.0000000000 473.0000000000
99.0000000000 477.0000000000
98.0000000000 479.0000000000
183.0000000000 391.0000000000
180.0000000000 392.0000000000
177.0000000000 393.0000000000
174.0000000000 394.0000000000
171.0000000000 395.0000000000
169.0000000000 396.0000000000
166.0000000000 397.0000000000
120.0000000000 433.0000000000
110.0000000000 448.0000000000
104.0000000000 462.0000000000
103.0000000000 465.0000000000
164.0000000000 398.0000000000
162.0000000000 399.0000000000
160.0000000000 400.0000000000
158.0000000000 401.0000000000
156.0000000000 402.0000000000
154.0000000000 403.0000000000
152.0000000000 404.0000000000
150.0000000000 405.0000000000
149.0000000000 406.0000000000
147.0000000000 407.0000000000
145.0000000000 408.0000000000
144.0000000000 409.0000000000
142.0000000000 410.0000000000
140.0000000000 412.0000000000
138.0000000000 413.0000000000
126.0000000000 425.0000000000
123.0000000000 429.0000000000
116.0000000000 439.0000000000
115.0000000000 441.0000000000
114.0000000000 442.0000000000
113.0000000000 444.0000000000
105.0000000000 460.0000000000
141.0000000000 411.0000000000
137.0000000000 414.0000000000
136.0000000000 415.0000000000
135.0000000000 416.0000000000
134.0000000000 417.0000000000
133.0000000000 418.0000000000
132.0000000000 419.0000000000
131.0000000000 420.0000000000
130.0000000000 421.0000000000
129.0000000000 422.0000000000
128.0000000000 423.0000000000
127.0000000000 424.0000000000
124.0000000000 428.0000000000
121.0000000000 432.0000000000
117.0000000000 438.0000000000

88.0000000000 535.0000000000
87.0000000000 542.0000000000
90.0000000000 519.0000000000
91.0000000000 513.0000000000
94.0000000000 497.0000000000
89.0000000000 527.0000000000
122.0000000000 430.0000000000
93.0000000000 502.0000000000
111.0000000000 447.0000000000
97.0000000000 483.0000000000
92.0000000000 508.0000000000
115.0000000000 441.0000000000
95.0000000000 492.0000000000
96.0000000000 487.0000000000
100.0000000000 473.0000000000
102.0000000000 467.0000000000
105.0000000000 460.0000000000
117.0000000000 438.0000000000
101.0000000000 471.0000000000
103.0000000000 465.0000000000
150.0000000000 405.0000000000
113.0000000000 444.0000000000
205.0000000000 386.0000000000
106.0000000000 457.0000000000
98.0000000000 479.0000000000
199.0000000000 387.0000000000
107.0000000000 455.0000000000
194.0000000000 388.0000000000
190.0000000000 389.0000000000
186.0000000000 390.0000000000
116.0000000000 439.0000000000
114.0000000000 442.0000000000
112.0000000000 445.0000000000
104.0000000000 462.0000000000
183.0000000000 391.0000000000
180.0000000000 392.0000000000
177.0000000000 393.0000000000
174.0000000000 394.0000000000
171.0000000000 395.0000000000
169.0000000000 396.0000000000
166.0000000000 397.0000000000
118.0000000000 436.0000000000
110.0000000000 448.0000000000
108.0000000000 452.0000000000
99.0000000000 477.0000000000
164.0000000000 398.0000000000
162.0000000000 399.0000000000
160.0000000000 400.0000000000
158.0000000000 401.0000000000
156.0000000000 402.0000000000
154.0000000000 403.0000000000
152.0000000000 404.0000000000
149.0000000000 406.0000000000
147.0000000000 407.0000000000
145.0000000000 408.0000000000
144.0000000000 409.0000000000
142.0000000000 410.0000000000
140.0000000000 412.0000000000
138.0000000000 413.0000000000
125.0000000000 426.0000000000
124.0000000000 428.0000000000
123.0000000000 429.0000000000
120.0000000000 433.0000000000
119.0000000000 435.0000000000
109.0000000000 450.0000000000
141.0000000000 411.0000000000
137.0000000000 414.0000000000
136.0000000000 415.0000000000
135.0000000000 416.0000000000
134.0000000000 417.0000000000
133.0000000000 418.0000000000
132.0000000000 419.0000000000
131.0000000000 420.0000000000
130.0000000000 421.0000000000
129.0000000000 422.0000000000
128.0000000000 423.0000000000
127.0000000000 424.0000000000
126.0000000000 425.0000000000
121.0000000000 432.0000000000

96.0000000000 487.0000000000
92.0000000000 507.0000000000
93.0000000000 502.0000000000
97.0000000000 483.0000000000
95.0000000000 492.0000000000
122.0000000000 430.0000000000
100.0000000000 473.0000000000
98.0000000000 479.0000000000
99.0000000000 477.0000000000
101.0000000000 471.0000000000
106.0000000000 457.0000000000
91.0000000000 513.0000000000
107.0000000000 455.0000000000
115.0000000000 441.0000000000
150.0000000000 405.0000000000
87.0000000000 542.0000000000
94.0000000000 497.0000000000
89.0000000000 526.0000000000
90.0000000000 519.0000000000
118.0000000000 436.0000000000
121.0000000000 432.0000000000
105.0000000000 460.0000000000
120.0000000000 433.0000000000
111.0000000000 447.0000000000
113.0000000000 444.0000000000
104.0000000000 462.0000000000
124.0000000000 428.0000000000
125.0000000000 426.0000000000
205.0000000000 386.0000000000
88.0000000000 534.0000000000
199.0000000000 387.0000000000
108.0000000000 452.0000000000
194.0000000000 388.0000000000
102.0000000000 467.0000000000
190.0000000000 389.0000000000
186.0000000000 390.0000000000
123.0000000000 429.0000000000
119.0000000000 435.0000000000
114.0000000000 442.0000000000
112.0000000000 445.0000000000
183.0000000000 391.0000000000
180.0000000000 392.0000000000
177.0000000000 393.0000000000
174.0000000000 394.0000000000
171.0000000000 395.0000000000
169.0000000000 396.0000000000
166.0000000000 397.0000000000
117.0000000000 438.0000000000
116.0000000000 439.0000000000
110.0000000000 448.0000000000
164.0000000000 398.0000000000
162.0000000000 399.0000000000
160.0000000000 400.0000000000
158.0000000000 401.0000000000
156.0000000000 402.0000000000
154.0000000000 403.0000000000
152.0000000000 404.0000000000
149.0000000000 406.0000000000
147.0000000000 407.0000000000
145.0000000000 408.0000000000
144.0000000000 409.0000000000
142.0000000000 410.0000000000
140.0000000000 412.0000000000
138.0000000000 413.0000000000
126.0000000000 425.0000000000
109.0000000000 450.0000000000
103.0000000000 465.0000000000
141.0000000000 411.0000000000
137.0000000000 414.0000000000
136.0000000000 415.0000000000
135.0000000000 416.0000000000
134.0000000000 417.0000000000
133.0000000000 418.0000000000
132.0000000000 419.0000000000
131.0000000000 420.0000000000
130.0000000000 421.0000000000
129.0000000000 422.0000000000
128.0000000000 423.0000000000
127.0000000000 424.0000000000

89.0000000000 526.0000000000
87.0000000000 542.0000000000
88.0000000000 534.0000000000
97.0000000000 483.0000000000
93.0000000000 502.0000000000
92.0000000000 507.0000000000
106.0000000000 457.0000000000
108.0000000000 452.0000000000
96.0000000000 487.0000000000
122.0000000000 430.0000000000
111.0000000000 447.0000000000
91.0000000000 513.0000000000
101.0000000000 471.0000000000
99.0000000000 477.0000000000
115.0000000000 441.0000000000
95.0000000000 492.0000000000
112.0000000000 445.0000000000
116.0000000000 439.0000000000
205.0000000000 386.0000000000
90.0000000000 519.0000000000
94.0000000000 497.0000000000
100.0000000000 473.0000000000
199.0000000000 387.0000000000
194.0000000000 388.0000000000
107.0000000000 455.0000000000
105.0000000000 460.0000000000
102.0000000000 467.0000000000
98.0000000000 479.0000000000
190.0000000000 389.0000000000
186.0000000000 390.0000000000
183.0000000000 391.0000000000
180.0000000000 392.0000000000
177.0000000000 393.0000000000
174.0000000000 394.0000000000
171.0000000000 395.0000000000
169.0000000000 396.0000000000
166.0000000000 397.0000000000
114.0000000000 442.0000000000
110.0000000000 448.0000000000
109.0000000000 450.0000000000
104.0000000000 462.0000000000
103.0000000000 465.0000000000
164.0000000000 398.0000000000
162.0000000000 399.0000000000
160.0000000000 400.0000000000
158.0000000000 401.0000000000
156.0000000000 402.0000000000
154.0000000000 403.0000000000
152.0000000000 404.0000000000
150.0000000000 405.0000000000
149.0000000000 406.0000000000
147.0000000000 407.0000000000
145.0000000000 408.0000000000
144.0000000000 409.0000000000
142.0000000000 410.0000000000
140.0000000000 412.0000000000
138.0000000000 413.0000000000
125.0000000000 426.0000000000
124.0000000000 428.0000000000
123.0000000000 429.0000000000
120.0000000000 433.0000000000
119.0000000000 435.0000000000
118.0000000000 436.0000000000
117.0000000000 438.0000000000
113.0000000000 444.0000000000
141.0000000000 411.0000000000
137.0000000000 414.0000000000
136.0000000000 415.0000000000
135.0000000000 416.0000000000
134.0000000000 417.0000000000
133.0000000000 418.0000000000
132.0000000000 419.0000000000
131.0000000000 420.0000000000
130.0000000000 421.0000000000
129.0000000000 422.0000000000
128.0000000000 423.0000000000
127.0000000000 424.0000000000
126.0000000000 425.0000000000
121.0000000000 432.0000000000

90.0000000000 519.0000000000
102.0000000000 467.0000000000
106.0000000000 457.0000000000
104.0000000000 462.0000000000
100.0000000000 473.0000000000
89.0000000000 526.0000000000
87.0000000000 542.0000000000
92.0000000000 507.0000000000
122.0000000000 430.0000000000
88.0000000000 534.0000000000
96.0000000000 487.0000000000
94.0000000000 497.0000000000
95.0000000000 492.0000000000
97.0000000000 483.0000000000
125.0000000000 426.0000000000
93.0000000000 502.0000000000
124.0000000000 428.0000000000
108.0000000000 452.0000000000
105.0000000000 460.0000000000
107.0000000000 455.0000000000
115.0000000000 441.0000000000
117.0000000000 438.0000000000
113.0000000000 444.0000000000
127.0000000000 424.0000000000
116.0000000000 439.0000000000
112.0000000000 445.0000000000
111.0000000000 447.0000000000
131.0000000000 420.0000000000
118.0000000000 437.0000000000
114.0000000000 443.0000000000
110.0000000000 448.0000000000
205.0000000000 386.0000000000
91.0000000000 513.0000000000
103.0000000000 465.0000000000
98.0000000000 479.0000000000
199.0000000000 387.0000000000
119.0000000000 435.0000000000
101.0000000000 471.0000000000
194.0000000000 388.0000000000
190.0000000000 389.0000000000
186.0000000000 390.0000000000
123.0000000000 429.0000000000
109.0000000000 450.0000000000
183.0000000000 391.0000000000
180.0000000000 392.0000000000
177.0000000000 393.0000000000
174.0000000000 394.0000000000
171.0000000000 395.0000000000
169.0000000000 396.0000000000
166.0000000000 397.0000000000
126.0000000000 425.0000000000
121.0000000000 432.0000000000
164.0000000000 398.0000000000
162.0000000000 399.0000000000
160.0000000000 400.0000000000
158.0000000000 401.0000000000
156.0000000000 402.0000000000
154.0000000000 403.0000000000
152.0000000000 404.0000000000
150.0000000000 405.0000000000
149.0000000000 406.0000000000
147.0000000000 407.0000000000
145.0000000000 408.0000000000
144.0000000000 409.0000000000
142.0000000000 410.0000000000
140.0000000000 412.0000000000
138.0000000000 413.0000000000
132.0000000000 419.0000000000
130.0000000000 421.0000000000
128.0000000000 423.0000000000
120.0000000000 433.0000000000
99.0000000000 477.0000000000
141.0000000000 411.0000000000
137.0000000000 414.0000000000
136.0000000000 415.0000000000
135.0000000000 416.0000000000
134.0000000000 417.0000000000
133.0000000000 418.0000000000
129.0000000000 422.0000000000

89.0000000000 526.0000000000
90.0000000000 519.0000000000
88.0000000000 534.0000000000
102.0000000000 467.0000000000
100.0000000000 473.0000000000
97.0000000000 483.0000000000
93.0000000000 502.0000000000
94.0000000000 497.0000000000
95.0000000000 492.0000000000
92.0000000000 507.0000000000
114.0000000000 442.0000000000
121.0000000000 432.0000000000
87.0000000000 543.0000000000
98.0000000000 479.0000000000
118.0000000000 436.0000000000
205.0000000000 386.0000000000
103.0000000000 465.0000000000
101.0000000000 471.0000000000
91.0000000000 513.0000000000
96.0000000000 487.0000000000
199.0000000000 387.0000000000
194.0000000000 388.0000000000
190.0000000000 389.0000000000
186.0000000000 390.0000000000
183.0000000000 391.0000000000
180.0000000000 392.0000000000
177.0000000000 393.0000000000
174.0000000000 394.0000000000
171.0000000000 395.0000000000
169.0000000000 396.0000000000
166.0000000000 397.0000000000
122.0000000000 430.0000000000
120.0000000000 433.0000000000
119.0000000000 435.0000000000
117.0000000000 438.0000000000
115.0000000000 441.0000000000
113.0000000000 444.0000000000
108.0000000000 452.0000000000
107.0000000000 455.0000000000
106.0000000000 457.0000000000
105.0000000000 460.0000000000
104.0000000000 462.0000000000
99.0000000000 477.0000000000
164.0000000000 398.0000000000
162.0000000000 399.0000000000
160.0000000000 400.0000000000
158.0000000000 401.0000000000
156.0000000000 402.0000000000
154.0000000000 403.0000000000
152.0000000000 404.0000000000
150.0000000000 405.0000000000
149.0000000000 406.0000000000
147.0000000000 407.0000000000
145.0000000000 408.0000000000
144.0000000000 409.0000000000
142.0000000000 410.0000000000
140.0000000000 412.0000000000
138.0000000000 413.0000000000
125.0000000000 426.0000000000
124.0000000000 428.0000000000
116.0000000000 439.0000000000
112.0000000000 445.0000000000
111.0000000000 447.0000000000
110.0000000000 448.0000000000
109.0000000000 450.0000000000
141.0000000000 411.0000000000
137.0000000000 414.0000000000
136.0000000000 415.0000000000
135.0000000000 416.0000000000
134.0000000000 417.0000000000
133.0000000000 418.0000000000
132.0000000000 419.0000000000
131.0000000000 420.0000000000
130.0000000000 421.0000000000
129.0000000000 422.0000000000
128.0000000000 423.0000000000
127.0000000000 424.0000000000
126.0000000000 425.0000000000
123.0000000000 429.0000000000

94.0000000000 497.0000000000
92.0000000000 507.0000000000
91.0000000000 513.0000000000
125.0000000000 426.0000000000
96.0000000000 487.0000000000
93.0000000000 502.0000000000
114.0000000000 442.0000000000
88.0000000000 534.0000000000
89.0000000000 526.0000000000
90.0000000000 519.0000000000
116.0000000000 439.0000000000
100.0000000000 473.0000000000
101.0000000000 471.0000000000
119.0000000000 435.0000000000
115.0000000000 441.0000000000
112.0000000000 445.0000000000
98.0000000000 479.0000000000
99.0000000000 477.0000000000
118.0000000000 437.0000000000
117.0000000000 438.0000000000
111.0000000000 447.0000000000
110.0000000000 448.0000000000
205.0000000000 386.0000000000
87.0000000000 542.0000000000
95.0000000000 492.0000000000
97.0000000000 483.0000000000
102.0000000000 467.0000000000
199.0000000000 387.0000000000
194.0000000000 388.0000000000
120.0000000000 433.0000000000
190.0000000000 389.0000000000
186.0000000000 390.0000000000
183.0000000000 391.0000000000
180.0000000000 392.0000000000
177.0000000000 393.0000000000
174.0000000000 394.0000000000
171.0000000000 395.0000000000
169.0000000000 396.0000000000
166.0000000000 397.0000000000
108.0000000000 452.0000000000
107.0000000000 455.0000000000
106.0000000000 457.0000000000
105.0000000000 460.0000000000
104.0000000000 462.0000000000
103.0000000000 465.0000000000
164.0000000000 398.0000000000
162.0000000000 399.0000000000
160.0000000000 400.0000000000
158.0000000000 401.0000000000
156.0000000000 402.0000000000
154.0000000000 403.0000000000
152.0000000000 404.0000000000
150.0000000000 405.0000000000
149.0000000000 406.0000000000
147.0000000000 407.0000000000
145.0000000000 408.0000000000
144.0000000000 409.0000000000
142.0000000000 410.0000000000
140.0000000000 412.0000000000
138.0000000000 413.0000000000
126.0000000000 425.0000000000
123.0000000000 429.0000000000
122.0000000000 431.0000000000
113.0000000000 444.0000000000
109.0000000000 450.0000000000
141.0000000000 411.0000000000
137.0000000000 414.0000000000
136.0000000000 415.0000000000
135.0000000000 416.0000000000
134.0000000000 417.0000000000
133.0000000000 418.0000000000
132.0000000000 419.0000000000
131.0000000000 420.0000000000
130.0000000000 421.0000000000
129.0000000000 422.0000000000
128.0000000000 423.0000000000
127.0000000000 424.0000000000
124.0000000000 428.0000000000
121.0000000000 432.0000000000

89.0000000000 526.0000000000
90.0000000000 519.0000000000
102.0000000000 467.0000000000
97.0000000000 483.0000000000
93.0000000000 502.0000000000
95.0000000000 492.0000000000
96.0000000000 487.0000000000
91.0000000000 513.0000000000
92.0000000000 507.0000000000
103.0000000000 465.0000000000
107.0000000000 455.0000000000
106.0000000000 457.0000000000
118.0000000000 436.0000000000
114.0000000000 442.0000000000
122.0000000000 430.0000000000
100.0000000000 473.0000000000
105.0000000000 460.0000000000
88.0000000000 534.0000000000
171.0000000000 395.0000000000
164.0000000000 398.0000000000
150.0000000000 405.0000000000
111.0000000000 447.0000000000
101.0000000000 471.0000000000
99.0000000000 477.0000000000
117.0000000000 438.0000000000
112.0000000000 445.0000000000
115.0000000000 441.0000000000
120.0000000000 433.0000000000
205.0000000000 386.0000000000
87.0000000000 542.0000000000
94.0000000000 497.0000000000
104.0000000000 462.0000000000
98.0000000000 479.0000000000
116.0000000000 439.0000000000
108.0000000000 452.0000000000
199.0000000000 387.0000000000
110.0000000000 448.0000000000
194.0000000000 388.0000000000
109.0000000000 450.0000000000
190.0000000000 389.0000000000
186.0000000000 390.0000000000
183.0000000000 391.0000000000
180.0000000000 392.0000000000
177.0000000000 393.0000000000
174.0000000000 394.0000000000
169.0000000000 396.0000000000
166.0000000000 397.0000000000
162.0000000000 399.0000000000
119.0000000000 435.0000000000
113.0000000000 444.0000000000
160.0000000000 400.0000000000
158.0000000000 401.0000000000
156.0000000000 402.0000000000
154.0000000000 403.0000000000
152.0000000000 404.0000000000
149.0000000000 406.0000000000
147.0000000000 407.0000000000
145.0000000000 408.0000000000
144.0000000000 409.0000000000
142.0000000000 410.0000000000
140.0000000000 412.0000000000
138.0000000000 413.0000000000
125.0000000000 426.0000000000
124.0000000000 428.0000000000
123.0000000000 429.0000000000
121.0000000000 432.0000000000
141.0000000000 411.0000000000
137.0000000000 414.0000000000
136.0000000000 415.0000000000
135.0000000000 416.0000000000
134.0000000000 417.0000000000
133.0000000000 418.0000000000
132.0000000000 419.0000000000
131.0000000000 420.0000000000
130.0000000000 421.0000000000
129.0000000000 422.0000000000
128.0000000000 423.0000000000
127.0000000000 424.0000000000
126.0000000000 425.0000000000

90.0000000000 519.0000000000
89.0000000000 526.0000000000
94.0000000000 497.0000000000
150.0000000000 405.0000000000
97.0000000000 483.0000000000
93.0000000000 502.0000000000
88.0000000000 534.0000000000
92.0000000000 508.0000000000
111.0000000000 447.0000000000
120.0000000000 433.0000000000
91.0000000000 514.0000000000
95.0000000000 492.0000000000
99.0000000000 477.0000000000
100.0000000000 473.0000000000
114.0000000000 442.0000000000
117.0000000000 438.0000000000
112.0000000000 445.0000000000
115.0000000000 441.0000000000
205.0000000000 386.0000000000
87.0000000000 542.0000000000
96.0000000000 487.0000000000
199.0000000000 387.0000000000
98.0000000000 479.0000000000
101.0000000000 471.0000000000
105.0000000000 460.0000000000
103.0000000000 465.0000000000
194.0000000000 388.0000000000
116.0000000000 439.0000000000
190.0000000000 389.0000000000
186.0000000000 390.0000000000
113.0000000000 444.0000000000
102.0000000000 467.0000000000
183.0000000000 391.0000000000
180.0000000000 392.0000000000
177.0000000000 393.0000000000
174.0000000000 394.0000000000
171.0000000000 395.0000000000
169.0000000000 396.0000000000
166.0000000000 397.0000000000
118.0000000000 436.0000000000
110.0000000000 448.0000000000
108.0000000000 452.0000000000
107.0000000000 455.0000000000
106.0000000000 457.0000000000
104.0000000000 462.0000000000
164.0000000000 398.0000000000
162.0000000000 399.0000000000
160.0000000000 400.0000000000
158.0000000000 401.0000000000
156.0000000000 402.0000000000
154.0000000000 403.0000000000
152.0000000000 404.0000000000
149.0000000000 406.0000000000
147.0000000000 407.0000000000
145.0000000000 408.0000000000
144.0000000000 409.0000000000
142.0000000000 410.0000000000
140.0000000000 412.0000000000
138.0000000000 413.0000000000
125.0000000000 426.0000000000
124.0000000000 428.0000000000
122.0000000000 430.0000000000
121.0000000000 432.0000000000
109.0000000000 450.0000000000
141.0000000000 411.0000000000
137.0000000000 414.0000000000
136.0000000000 415.0000000000
135.0000000000 416.0000000000
134.0000000000 417.0000000000
133.0000000000 418.0000000000
132.0000000000 419.0000000000
131.0000000000 420.0000000000
130.0000000000 421.0000000000
129.0000000000 422.0000000000
128.0000000000 423.0000000000
127.0000000000 424.0000000000
126.0000000000 425.0000000000
123.0000000000 429.0000000000
119.0000000000 435.0000000000

93.0000000000 502.0000000000
96.0000000000 487.0000000000
97.0000000000 483.0000000000
103.0000000000 465.0000000000
92.0000000000 507.0000000000
101.0000000000 471.0000000000
106.0000000000 457.0000000000
88.0000000000 534.0000000000
89.0000000000 526.0000000000
90.0000000000 519.0000000000
104.0000000000 462.0000000000
100.0000000000 473.0000000000
102.0000000000 467.0000000000
99.0000000000 477.0000000000
110.0000000000 448.0000000000
115.0000000000 441.0000000000
130.0000000000 421.0000000000
87.0000000000 542.0000000000
205.0000000000 386.0000000000
94.0000000000 497.0000000000
91.0000000000 513.0000000000
105.0000000000 460.0000000000
95.0000000000 492.0000000000
199.0000000000 387.0000000000
98.0000000000 479.0000000000
194.0000000000 388.0000000000
111.0000000000 447.0000000000
107.0000000000 455.0000000000
190.0000000000 389.0000000000
186.0000000000 390.0000000000
183.0000000000 391.0000000000
180.0000000000 392.0000000000
177.0000000000 393.0000000000
174.0000000000 394.0000000000
171.0000000000 395.0000000000
169.0000000000 396.0000000000
166.0000000000 397.0000000000
116.0000000000 439.0000000000
114.0000000000 442.0000000000
108.0000000000 452.0000000000
164.0000000000 398.0000000000
162.0000000000 399.0000000000
160.0000000000 400.0000000000
158.0000000000 401.0000000000
156.0000000000 402.0000000000
154.0000000000 403.0000000000
152.0000000000 404.0000000000
150.0000000000 405.0000000000
149.0000000000 406.0000000000
147.0000000000 407.0000000000
145.0000000000 408.0000000000
144.0000000000 409.0000000000
142.0000000000 410.0000000000
140.0000000000 412.0000000000
138.0000000000 413.0000000000
131.0000000000 420.0000000000
129.0000000000 422.0000000000
125.0000000000 426.0000000000
124.0000000000 428.0000000000
122.0000000000 430.0000000000
121.0000000000 432.0000000000
120.0000000000 433.0000000000
119.0000000000 435.0000000000
118.0000000000 436.0000000000
117.0000000000 438.0000000000
113.0000000000 444.0000000000
112.0000000000 445.0000000000
109.0000000000 450.0000000000
141.0000000000 411.0000000000
137.0000000000 414.0000000000
136.0000000000 415.0000000000
135.0000000000 416.0000000000
134.0000000000 417.0000000000
133.0000000000 418.0000000000
132.0000000000 419.0000000000
128.0000000000 423.0000000000
127.0000000000 424.0000000000
126.0000000000 425.0000000000
123.0000000000 429.0000000000

88.0000000000 534.0000000000
87.0000000000 542.0000000000
101.0000000000 471.0000000000
92.0000000000 507.0000000000
93.0000000000 502.0000000000
104.0000000000 462.0000000000
108.0000000000 452.0000000000
97.0000000000 483.0000000000
96.0000000000 487.0000000000
106.0000000000 457.0000000000
105.0000000000 460.0000000000
91.0000000000 513.0000000000
164.0000000000 398.0000000000
100.0000000000 473.0000000000
90.0000000000 519.0000000000
99.0000000000 477.0000000000
94.0000000000 497.0000000000
103.0000000000 465.0000000000
118.0000000000 436.0000000000
121.0000000000 432.0000000000
114.0000000000 442.0000000000
115.0000000000 441.0000000000
124.0000000000 428.0000000000
116.0000000000 439.0000000000
120.0000000000 433.0000000000
123.0000000000 429.0000000000
125.0000000000 426.0000000000
111.0000000000 447.0000000000
117.0000000000 438.0000000000
205.0000000000 386.0000000000
89.0000000000 526.0000000000
98.0000000000 479.0000000000
107.0000000000 455.0000000000
102.0000000000 467.0000000000
95.0000000000 492.0000000000
122.0000000000 430.0000000000
119.0000000000 435.0000000000
199.0000000000 387.0000000000
194.0000000000 388.0000000000
109.0000000000 450.0000000000
190.0000000000 389.0000000000
186.0000000000 390.0000000000
183.0000000000 391.0000000000
180.0000000000 392.0000000000
177.0000000000 393.0000000000
174.0000000000 394.0000000000
171.0000000000 395.0000000000
169.0000000000 396.0000000000
166.0000000000 397.0000000000
162.0000000000 399.0000000000
112.0000000000 445.0000000000
110.0000000000 448.0000000000
160.0000000000 400.0000000000
158.0000000000 401.0000000000
156.0000000000 402.0000000000
154.0000000000 403.0000000000
152.0000000000 404.0000000000
150.0000000000 405.0000000000
149.0000000000 406.0000000000
147.0000000000 407.0000000000
145.0000000000 408.0000000000
144.0000000000 409.0000000000
142.0000000000 410.0000000000
140.0000000000 412.0000000000
138.0000000000 413.0000000000
126.0000000000 425.0000000000
113.0000000000 444.0000000000
141.0000000000 411.0000000000
137.0000000000 414.0000000000
136.0000000000 415.0000000000
135.0000000000 416.0000000000
134.0000000000 417.0000000000
133.0000000000 418.0000000000
132.0000000000 419.0000000000
131.0000000000 420.0000000000
130.0000000000 421.0000000000
129.0000000000 422.0000000000
128.0000000000 423.0000000000
127.0000000000 424.0000000000

90.0000000000 519.0000000000
91.0000000000 513.0000000000
89.0000000000 527.0000000000
87.0000000000 542.0000000000
88.0000000000 534.0000000000
95.0000000000 492.0000000000
104.0000000000 462.0000000000
106.0000000000 457.0000000000
108.0000000000 452.0000000000
93.0000000000 502.0000000000
92.0000000000 508.0000000000
111.0000000000 447.0000000000
94.0000000000 497.0000000000
105.0000000000 460.0000000000
114.0000000000 442.0000000000
121.0000000000 432.0000000000
99.0000000000 477.0000000000
113.0000000000 444.0000000000
112.0000000000 445.0000000000
117.0000000000 438.0000000000
205.0000000000 386.0000000000
96.0000000000 487.0000000000
100.0000000000 473.0000000000
116.0000000000 439.0000000000
199.0000000000 387.0000000000
115.0000000000 441.0000000000
107.0000000000 455.0000000000
98.0000000000 479.0000000000
194.0000000000 388.0000000000
190.0000000000 389.0000000000
186.0000000000 390.0000000000
102.0000000000 467.0000000000
101.0000000000 471.0000000000
97.0000000000 483.0000000000
183.0000000000 391.0000000000
180.0000000000 392.0000000000
177.0000000000 393.0000000000
174.0000000000 394.0000000000
171.0000000000 395.0000000000
169.0000000000 396.0000000000
166.0000000000 397.0000000000
122.0000000000 430.0000000000
120.0000000000 433.0000000000
118.0000000000 436.0000000000
110.0000000000 448.0000000000
109.0000000000 450.0000000000
164.0000000000 398.0000000000
162.0000000000 399.0000000000
160.0000000000 400.0000000000
158.0000000000 401.0000000000
156.0000000000 402.0000000000
154.0000000000 403.0000000000
152.0000000000 404.0000000000
150.0000000000 405.0000000000
149.0000000000 406.0000000000
147.0000000000 407.0000000000
145.0000000000 408.0000000000
144.0000000000 409.0000000000
142.0000000000 410.0000000000
140.0000000000 412.0000000000
138.0000000000 413.0000000000
125.0000000000 426.0000000000
124.0000000000 428.0000000000
119.0000000000 435.0000000000
103.0000000000 465.0000000000
141.0000000000 411.0000000000
137.0000000000 414.0000000000
136.0000000000 415.0000000000
135.0000000000 416.0000000000
134.0000000000 417.0000000000
133.0000000000 418.0000000000
132.0000000000 419.0000000000
131.0000000000 420.0000000000
130.0000000000 421.0000000000
129.0000000000 422.0000000000
128.0000000000 423.0000000000
127.0000000000 424.0000000000
126.0000000000 425.0000000000
123.0000000000 429.0000000000

88.0000000000 534.0000000000
87.0000000000 542.0000000000
96.0000000000 487.0000000000
93.0000000000 502.0000000000
92.0000000000 507.0000000000
95.0000000000 492.0000000000
97.0000000000 483.0000000000
122.0000000000 430.0000000000
106.0000000000 457.0000000000
108.0000000000 452.0000000000
89.0000000000 526.0000000000
101.0000000000 471.0000000000
107.0000000000 455.0000000000
102.0000000000 467.0000000000
105.0000000000 460.0000000000
94.0000000000 497.0000000000
91.0000000000 513.0000000000
100.0000000000 473.0000000000
103.0000000000 465.0000000000
111.0000000000 447.0000000000
115.0000000000 441.0000000000
119.0000000000 435.0000000000
99.0000000000 477.0000000000
117.0000000000 438.0000000000
116.0000000000 439.0000000000
120.0000000000 433.0000000000
113.0000000000 444.0000000000
114.0000000000 442.0000000000
118.0000000000 436.0000000000
121.0000000000 432.0000000000
125.0000000000 426.0000000000
123.0000000000 429.0000000000
130.0000000000 421.0000000000
205.0000000000 386.0000000000
90.0000000000 519.0000000000
98.0000000000 479.0000000000
104.0000000000 462.0000000000
199.0000000000 387.0000000000
109.0000000000 450.0000000000
194.0000000000 388.0000000000
112.0000000000 445.0000000000
190.0000000000 389.0000000000
186.0000000000 390.0000000000
183.0000000000 391.0000000000
180.0000000000 392.0000000000
177.0000000000 393.0000000000
174.0000000000 394.0000000000
171.0000000000 395.0000000000
169.0000000000 396.0000000000
166.0000000000 397.0000000000
110.0000000000 448.0000000000
164.0000000000 398.0000000000
162.0000000000 399.0000000000
160.0000000000 400.0000000000
158.0000000000 401.0000000000
156.0000000000 402.0000000000
154.0000000000 403.0000000000
152.0000000000 404.0000000000
150.0000000000 405.0000000000
149.0000000000 406.0000000000
147.0000000000 407.0000000000
145.0000000000 408.0000000000
144.0000000000 409.0000000000
142.0000000000 410.0000000000
140.0000000000 412.0000000000
138.0000000000 413.0000000000
131.0000000000 420.0000000000
129.0000000000 422.0000000000
126.0000000000 425.0000000000
124.0000000000 428.0000000000
141.0000000000 411.0000000000
137.0000000000 414.0000000000
136.0000000000 415.0000000000
135.0000000000 416.0000000000
134.0000000000 417.0000000000
133.0000000000 418.0000000000
132.0000000000 419.0000000000
128.0000000000 423.0000000000
127.0000000000 424.0000000000

95.0000000000 492.0000000000
91.0000000000 513.0000000000
92.0000000000 507.0000000000
89.0000000000 526.0000000000
90.0000000000 519.0000000000
118.0000000000 436.0000000000
111.0000000000 447.0000000000
87.0000000000 542.0000000000
96.0000000000 487.0000000000
97.0000000000 483.0000000000
103.0000000000 465.0000000000
115.0000000000 441.0000000000
205.0000000000 386.0000000000
88.0000000000 534.0000000000
93.0000000000 502.0000000000
94.0000000000 497.0000000000
199.0000000000 387.0000000000
194.0000000000 388.0000000000
98.0000000000 479.0000000000
190.0000000000 389.0000000000
186.0000000000 390.0000000000
120.0000000000 433.0000000000
104.0000000000 462.0000000000
102.0000000000 467.0000000000
101.0000000000 471.0000000000
100.0000000000 473.0000000000
99.0000000000 477.0000000000
183.0000000000 391.0000000000
180.0000000000 392.0000000000
177.0000000000 393.0000000000
174.0000000000 394.0000000000
171.0000000000 395.0000000000
169.0000000000 396.0000000000
166.0000000000 397.0000000000
119.0000000000 435.0000000000
117.0000000000 438.0000000000
116.0000000000 439.0000000000
114.0000000000 442.0000000000
112.0000000000 445.0000000000
110.0000000000 448.0000000000
108.0000000000 452.0000000000
107.0000000000 455.0000000000
106.0000000000 457.0000000000
105.0000000000 460.0000000000
164.0000000000 398.0000000000
162.0000000000 399.0000000000
160.0000000000 400.0000000000
158.0000000000 401.0000000000
156.0000000000 402.0000000000
154.0000000000 403.0000000000
152.0000000000 404.0000000000
150.0000000000 405.0000000000
149.0000000000 406.0000000000
147.0000000000 407.0000000000
145.0000000000 408.0000000000
144.0000000000 409.0000000000
142.0000000000 410.0000000000
140.0000000000 412.0000000000
138.0000000000 413.0000000000
125.0000000000 426.0000000000
124.0000000000 428.0000000000
122.0000000000 430.0000000000
121.0000000000 432.0000000000
113.0000000000 444.0000000000
109.0000000000 450.0000000000
141.0000000000 411.0000000000
137.0000000000 414.0000000000
136.0000000000 415.0000000000
135.0000000000 416.0000000000
134.0000000000 417.0000000000
133.0000000000 418.0000000000
132.0000000000 419.0000000000
131.0000000000 420.0000000000
130.0000000000 421.0000000000
129.0000000000 422.0000000000
128.0000000000 423.0000000000
127.0000000000 424.0000000000
126.0000000000 425.0000000000
123.0000000000 429.0000000000

93.0000000000 502.0000000000
101.0000000000 471.0000000000
92.0000000000 507.0000000000
96.0000000000 487.0000000000
103.0000000000 465.0000000000
97.0000000000 483.0000000000
106.0000000000 457.0000000000
108.0000000000 452.0000000000
100.0000000000 473.0000000000
102.0000000000 467.0000000000
104.0000000000 462.0000000000
99.0000000000 477.0000000000
105.0000000000 460.0000000000
122.0000000000 430.0000000000
94.0000000000 497.0000000000
89.0000000000 526.0000000000
90.0000000000 519.0000000000
91.0000000000 513.0000000000
88.0000000000 534.0000000000
95.0000000000 492.0000000000
118.0000000000 436.0000000000
117.0000000000 438.0000000000
115.0000000000 441.0000000000
205.0000000000 386.0000000000
87.0000000000 542.0000000000
98.0000000000 479.0000000000
199.0000000000 387.0000000000
194.0000000000 388.0000000000
116.0000000000 439.0000000000
107.0000000000 455.0000000000
190.0000000000 389.0000000000
186.0000000000 390.0000000000
119.0000000000 435.0000000000
111.0000000000 447.0000000000
183.0000000000 391.0000000000
180.0000000000 392.0000000000
177.0000000000 393.0000000000
174.0000000000 394.0000000000
171.0000000000 395.0000000000
169.0000000000 396.0000000000
166.0000000000 397.0000000000
123.0000000000 429.0000000000
121.0000000000 432.0000000000
114.0000000000 442.0000000000
109.0000000000 450.0000000000
164.0000000000 398.0000000000
162.0000000000 399.0000000000
160.0000000000 400.0000000000
158.0000000000 401.0000000000
156.0000000000 402.0000000000
154.0000000000 403.0000000000
152.0000000000 404.0000000000
150.0000000000 405.0000000000
149.0000000000 406.0000000000
147.0000000000 407.0000000000
145.0000000000 408.0000000000
144.0000000000 409.0000000000
142.0000000000 410.0000000000
140.0000000000 412.0000000000
138.0000000000 413.0000000000
125.0000000000 426.0000000000
124.0000000000 428.0000000000
120.0000000000 433.0000000000
113.0000000000 444.0000000000
112.0000000000 445.0000000000
110.0000000000 448.0000000000
141.0000000000 411.0000000000
137.0000000000 414.0000000000
136.0000000000 415.0000000000
135.0000000000 416.0000000000
134.0000000000 417.0000000000
133.0000000000 418.0000000000
132.0000000000 419.0000000000
131.0000000000 420.0000000000
130.0000000000 421.0000000000
129.0000000000 422.0000000000
128.0000000000 423.0000000000
127.0000000000 424.0000000000
126.0000000000 425.0000000000

100.0000000000 473.0000000000
93.0000000000 502.0000000000
106.0000000000 457.0000000000
118.0000000000 436.0000000000
107.0000000000 455.0000000000
113.0000000000 444.0000000000
88.0000000000 534.0000000000
92.0000000000 507.0000000000
111.0000000000 447.0000000000
114.0000000000 442.0000000000
90.0000000000 519.0000000000
101.0000000000 471.0000000000
96.0000000000 487.0000000000
91.0000000000 513.0000000000
95.0000000000 492.0000000000
116.0000000000 439.0000000000
99.0000000000 477.0000000000
117.0000000000 438.0000000000
115.0000000000 441.0000000000
119.0000000000 435.0000000000
130.0000000000 421.0000000000
205.0000000000 386.0000000000
87.0000000000 542.0000000000
89.0000000000 526.0000000000
94.0000000000 497.0000000000
199.0000000000 387.0000000000
194.0000000000 388.0000000000
108.0000000000 452.0000000000
102.0000000000 467.0000000000
97.0000000000 483.0000000000
190.0000000000 389.0000000000
186.0000000000 390.0000000000
112.0000000000 445.0000000000
98.0000000000 479.0000000000
183.0000000000 391.0000000000
180.0000000000 392.0000000000
177.0000000000 393.0000000000
174.0000000000 394.0000000000
171.0000000000 395.0000000000
169.0000000000 396.0000000000
166.0000000000 397.0000000000
120.0000000000 433.0000000000
110.0000000000 448.0000000000
105.0000000000 460.0000000000
104.0000000000 462.0000000000
103.0000000000 465.0000000000
164.0000000000 398.0000000000
162.0000000000 399.0000000000
160.0000000000 400.0000000000
158.0000000000 401.0000000000
156.0000000000 402.0000000000
154.0000000000 403.0000000000
152.0000000000 404.0000000000
150.0000000000 405.0000000000
149.0000000000 406.0000000000
147.0000000000 407.0000000000
145.0000000000 408.0000000000
144.0000000000 409.0000000000
142.0000000000 410.0000000000
140.0000000000 412.0000000000
138.0000000000 413.0000000000
131.0000000000 420.0000000000
129.0000000000 422.0000000000
125.0000000000 426.0000000000
124.0000000000 428.0000000000
122.0000000000 430.0000000000
121.0000000000 432.0000000000
109.0000000000 450.0000000000
141.0000000000 411.0000000000
137.0000000000 414.0000000000
136.0000000000 415.0000000000
135.0000000000 416.0000000000
134.0000000000 417.0000000000
133.0000000000 418.0000000000
132.0000000000 419.0000000000
128.0000000000 423.0000000000
127.0000000000 424.0000000000
126.0000000000 425.0000000000
123.0000000000 429.0000000000

92.0000000000 507.0000000000
96.0000000000 487.0000000000
101.0000000000 471.0000000000
97.0000000000 483.0000000000
186.0000000000 390.0000000000
94.0000000000 497.0000000000
95.0000000000 492.0000000000
180.0000000000 392.0000000000
93.0000000000 502.0000000000
100.0000000000 473.0000000000
103.0000000000 465.0000000000
114.0000000000 442.0000000000
88.0000000000 534.0000000000
89.0000000000 526.0000000000
90.0000000000 519.0000000000
91.0000000000 513.0000000000
99.0000000000 477.0000000000
106.0000000000 457.0000000000
108.0000000000 452.0000000000
183.0000000000 391.0000000000
122.0000000000 430.0000000000
118.0000000000 436.0000000000
112.0000000000 445.0000000000
115.0000000000 441.0000000000
109.0000000000 450.0000000000
205.0000000000 386.0000000000
87.0000000000 542.0000000000
98.0000000000 479.0000000000
102.0000000000 467.0000000000
199.0000000000 387.0000000000
194.0000000000 388.0000000000
177.0000000000 393.0000000000
107.0000000000 455.0000000000
105.0000000000 460.0000000000
104.0000000000 462.0000000000
190.0000000000 389.0000000000
174.0000000000 394.0000000000
171.0000000000 395.0000000000
169.0000000000 396.0000000000
166.0000000000 397.0000000000
116.0000000000 439.0000000000
113.0000000000 444.0000000000
110.0000000000 448.0000000000
164.0000000000 398.0000000000
162.0000000000 399.0000000000
160.0000000000 400.0000000000
158.0000000000 401.0000000000
156.0000000000 402.0000000000
154.0000000000 403.0000000000
152.0000000000 404.0000000000
150.0000000000 405.0000000000
149.0000000000 406.0000000000
147.0000000000 407.0000000000
145.0000000000 408.0000000000
144.0000000000 409.0000000000
142.0000000000 410.0000000000
140.0000000000 412.0000000000
138.0000000000 413.0000000000
125.0000000000 426.0000000000
124.0000000000 428.0000000000
123.0000000000 429.0000000000
120.0000000000 433.0000000000
119.0000000000 435.0000000000
141.0000000000 411.0000000000
137.0000000000 414.0000000000
136.0000000000 415.0000000000
135.0000000000 416.0000000000
134.0000000000 417.0000000000
133.0000000000 418.0000000000
132.0000000000 419.0000000000
131.0000000000 420.0000000000
130.0000000000 421.0000000000
129.0000000000 422.0000000000
128.0000000000 423.0000000000
127.0000000000 424.0000000000
126.0000000000 425.0000000000
121.0000000000 432.0000000000
117.0000000000 438.0000000000
111.0000000000 447.0000000000

96.0000000000 487.0000000000
90.0000000000 519.0000000000
102.0000000000 467.0000000000
92.0000000000 507.0000000000
94.0000000000 497.0000000000
95.0000000000 492.0000000000
93.0000000000 502.0000000000
100.0000000000 473.0000000000
97.0000000000 483.0000000000
98.0000000000 479.0000000000
106.0000000000 457.0000000000
91.0000000000 513.0000000000
114.0000000000 442.0000000000
89.0000000000 526.0000000000
107.0000000000 455.0000000000
111.0000000000 447.0000000000
101.0000000000 471.0000000000
103.0000000000 465.0000000000
105.0000000000 460.0000000000
115.0000000000 441.0000000000
119.0000000000 435.0000000000
150.0000000000 405.0000000000
113.0000000000 444.0000000000
117.0000000000 438.0000000000
205.0000000000 386.0000000000
87.0000000000 542.0000000000
99.0000000000 477.0000000000
88.0000000000 534.0000000000
199.0000000000 387.0000000000
194.0000000000 388.0000000000
116.0000000000 439.0000000000
108.0000000000 452.0000000000
104.0000000000 462.0000000000
190.0000000000 389.0000000000
186.0000000000 390.0000000000
121.0000000000 432.0000000000
118.0000000000 436.0000000000
112.0000000000 445.0000000000
183.0000000000 391.0000000000
180.0000000000 392.0000000000
177.0000000000 393.0000000000
174.0000000000 394.0000000000
171.0000000000 395.0000000000
169.0000000000 396.0000000000
166.0000000000 397.0000000000
120.0000000000 433.0000000000
110.0000000000 448.0000000000
164.0000000000 398.0000000000
162.0000000000 399.0000000000
160.0000000000 400.0000000000
158.0000000000 401.0000000000
156.0000000000 402.0000000000
154.0000000000 403.0000000000
152.0000000000 404.0000000000
149.0000000000 406.0000000000
147.0000000000 407.0000000000
145.0000000000 408.0000000000
144.0000000000 409.0000000000
142.0000000000 410.0000000000
140.0000000000 412.0000000000
138.0000000000 413.0000000000
125.0000000000 426.0000000000
124.0000000000 428.0000000000
122.0000000000 430.0000000000
109.0000000000 450.0000000000
141.0000000000 411.0000000000
137.0000000000 414.0000000000
136.0000000000 415.0000000000
135.0000000000 416.0000000000
134.0000000000 417.0000000000
133.0000000000 418.0000000000
132.0000000000 419.0000000000
131.0000000000 420.0000000000
130.0000000000 421.0000000000
129.0000000000 422.0000000000
128.0000000000 423.0000000000
127.0000000000 424.0000000000
126.0000000000 425.0000000000
123.0000000000 429.0000000000

93.0000000000 503.0000000000
89.0000000000 526.0000000000
88.0000000000 534.0000000000
87.0000000000 542.0000000000
91.0000000000 514.0000000000
90.0000000000 519.0000000000
92.0000000000 509.0000000000
119.0000000000 435.0000000000
114.0000000000 442.0000000000
118.0000000000 436.0000000000
123.0000000000 429.0000000000
111.0000000000 447.0000000000
94.0000000000 497.0000000000
95.0000000000 492.0000000000
112.0000000000 445.0000000000
102.0000000000 467.0000000000
104.0000000000 462.0000000000
145.0000000000 408.0000000000
117.0000000000 438.0000000000
115.0000000000 441.0000000000
121.0000000000 432.0000000000
113.0000000000 444.0000000000
205.0000000000 386.0000000000
96.0000000000 487.0000000000
199.0000000000 387.0000000000
116.0000000000 439.0000000000
103.0000000000 465.0000000000
101.0000000000 471.0000000000
194.0000000000 388.0000000000
120.0000000000 433.0000000000
190.0000000000 389.0000000000
186.0000000000 390.0000000000
122.0000000000 430.0000000000
100.0000000000 473.0000000000
99.0000000000 477.0000000000
98.0000000000 479.0000000000
97.0000000000 483.0000000000
183.0000000000 391.0000000000
180.0000000000 392.0000000000
177.0000000000 393.0000000000
174.0000000000 394.0000000000
171.0000000000 395.0000000000
169.0000000000 396.0000000000
166.0000000000 397.0000000000
124.0000000000 428.0000000000
110.0000000000 448.0000000000
108.0000000000 452.0000000000
107.0000000000 455.0000000000
106.0000000000 457.0000000000
105.0000000000 460.0000000000
164.0000000000 398.0000000000
162.0000000000 399.0000000000
160.0000000000 400.0000000000
158.0000000000 401.0000000000
156.0000000000 402.0000000000
154.0000000000 403.0000000000
152.0000000000 404.0000000000
150.0000000000 405.0000000000
149.0000000000 406.0000000000
147.0000000000 407.0000000000
144.0000000000 409.0000000000
142.0000000000 410.0000000000
140.0000000000 412.0000000000
138.0000000000 413.0000000000
125.0000000000 426.0000000000
109.0000000000 450.0000000000
141.0000000000 411.0000000000
137.0000000000 414.0000000000
136.0000000000 415.0000000000
135.0000000000 416.0000000000
134.0000000000 417.0000000000
133.0000000000 418.0000000000
132.0000000000 419.0000000000
131.0000000000 420.0000000000
130.0000000000 421.0000000000
129.0000000000 422.0000000000
128.0000000000 423.0000000000
127.0000000000 424.0000000000
126.0000000000 425.0000000000

92.0000000000 507.0000000000
91.0000000000 513.0000000000
88.0000000000 534.0000000000
97.0000000000 483.0000000000
106.0000000000 457.0000000000
96.0000000000 487.0000000000
93.0000000000 502.0000000000
87.0000000000 542.0000000000
90.0000000000 519.0000000000
100.0000000000 473.0000000000
114.0000000000 442.0000000000
101.0000000000 471.0000000000
102.0000000000 467.0000000000
118.0000000000 436.0000000000
115.0000000000 441.0000000000
111.0000000000 447.0000000000
205.0000000000 386.0000000000
89.0000000000 526.0000000000
95.0000000000 492.0000000000
94.0000000000 497.0000000000
107.0000000000 455.0000000000
199.0000000000 387.0000000000
194.0000000000 388.0000000000
113.0000000000 444.0000000000
98.0000000000 479.0000000000
190.0000000000 389.0000000000
186.0000000000 390.0000000000
103.0000000000 465.0000000000
183.0000000000 391.0000000000
180.0000000000 392.0000000000
177.0000000000 393.0000000000
174.0000000000 394.0000000000
171.0000000000 395.0000000000
169.0000000000 396.0000000000
166.0000000000 397.0000000000
116.0000000000 439.0000000000
112.0000000000 445.0000000000
110.0000000000 448.0000000000
108.0000000000 452.0000000000
104.0000000000 462.0000000000
99.0000000000 477.0000000000
164.0000000000 398.0000000000
162.0000000000 399.0000000000
160.0000000000 400.0000000000
158.0000000000 401.0000000000
156.0000000000 402.0000000000
154.0000000000 403.0000000000
152.0000000000 404.0000000000
150.0000000000 405.0000000000
149.0000000000 406.0000000000
147.0000000000 407.0000000000
145.0000000000 408.0000000000
144.0000000000 409.0000000000
142.0000000000 410.0000000000
140.0000000000 412.0000000000
138.0000000000 413.0000000000
125.0000000000 426.0000000000
124.0000000000 428.0000000000
122.0000000000 430.0000000000
121.0000000000 432.0000000000
120.0000000000 433.0000000000
119.0000000000 435.0000000000
109.0000000000 450.0000000000
105.0000000000 460.0000000000
141.0000000000 411.0000000000
137.0000000000 414.0000000000
136.0000000000 415.0000000000
135.0000000000 416.0000000000
134.0000000000 417.0000000000
133.0000000000 418.0000000000
132.0000000000 419.0000000000
131.0000000000 420.0000000000
130.0000000000 421.0000000000
129.0000000000 422.0000000000
128.0000000000 423.0000000000
127.0000000000 424.0000000000
126.0000000000 425.0000000000
123.0000000000 429.0000000000
117.0000000000 438.0000000000

87.0000000000 542.0000000000
89.0000000000 526.0000000000
88.0000000000 534.0000000000
96.0000000000 487.0000000000
91.0000000000 513.0000000000
92.0000000000 507.0000000000
90.0000000000 519.0000000000
114.0000000000 442.0000000000
97.0000000000 483.0000000000
104.0000000000 462.0000000000
106.0000000000 457.0000000000
94.0000000000 497.0000000000
99.0000000000 477.0000000000
101.0000000000 471.0000000000
118.0000000000 436.0000000000
117.0000000000 438.0000000000
122.0000000000 430.0000000000
121.0000000000 432.0000000000
112.0000000000 445.0000000000
125.0000000000 426.0000000000
205.0000000000 386.0000000000
95.0000000000 492.0000000000
105.0000000000 460.0000000000
98.0000000000 479.0000000000
93.0000000000 502.0000000000
100.0000000000 473.0000000000
199.0000000000 387.0000000000
102.0000000000 467.0000000000
194.0000000000 388.0000000000
107.0000000000 455.0000000000
103.0000000000 465.0000000000
190.0000000000 389.0000000000
186.0000000000 390.0000000000
183.0000000000 391.0000000000
180.0000000000 392.0000000000
177.0000000000 393.0000000000
174.0000000000 394.0000000000
171.0000000000 395.0000000000
169.0000000000 396.0000000000
166.0000000000 397.0000000000
120.0000000000 433.0000000000
116.0000000000 439.0000000000
108.0000000000 452.0000000000
164.0000000000 398.0000000000
162.0000000000 399.0000000000
160.0000000000 400.0000000000
158.0000000000 401.0000000000
156.0000000000 402.0000000000
154.0000000000 403.0000000000
152.0000000000 404.0000000000
150.0000000000 405.0000000000
149.0000000000 406.0000000000
147.0000000000 407.0000000000
145.0000000000 408.0000000000
144.0000000000 409.0000000000
142.0000000000 410.0000000000
140.0000000000 412.0000000000
138.0000000000 413.0000000000
126.0000000000 425.0000000000
123.0000000000 429.0000000000
119.0000000000 435.0000000000
115.0000000000 441.0000000000
113.0000000000 444.0000000000
110.0000000000 448.0000000000
109.0000000000 450.0000000000
141.0000000000 411.0000000000
137.0000000000 414.0000000000
136.0000000000 415.0000000000
135.0000000000 416.0000000000
134.0000000000 417.0000000000
133.0000000000 418.0000000000
132.0000000000 419.0000000000
131.0000000000 420.0000000000
130.0000000000 421.0000000000
129.0000000000 422.0000000000
128.0000000000 423.0000000000
127.0000000000 424.0000000000
124.0000000000 428.0000000000
111.0000000000 447.0000000000

100.0000000000 473.0000000000
96.0000000000 487.0000000000
94.0000000000 497.0000000000
89.0000000000 527.0000000000
88.0000000000 534.0000000000
116.0000000000 439.0000000000
97.0000000000 483.0000000000
120.0000000000 433.0000000000
105.0000000000 460.0000000000
112.0000000000 445.0000000000
91.0000000000 513.0000000000
93.0000000000 502.0000000000
103.0000000000 465.0000000000
102.0000000000 467.0000000000
87.0000000000 542.0000000000
92.0000000000 507.0000000000
117.0000000000 438.0000000000
114.0000000000 442.0000000000
118.0000000000 436.0000000000
113.0000000000 444.0000000000
205.0000000000 386.0000000000
95.0000000000 492.0000000000
90.0000000000 519.0000000000
119.0000000000 435.0000000000
199.0000000000 387.0000000000
194.0000000000 388.0000000000
115.0000000000 441.0000000000
106.0000000000 457.0000000000
104.0000000000 462.0000000000
101.0000000000 471.0000000000
98.0000000000 479.0000000000
190.0000000000 389.0000000000
186.0000000000 390.0000000000
183.0000000000 391.0000000000
180.0000000000 392.0000000000
177.0000000000 393.0000000000
174.0000000000 394.0000000000
171.0000000000 395.0000000000
169.0000000000 396.0000000000
166.0000000000 397.0000000000
123.0000000000 429.0000000000
121.0000000000 432.0000000000
111.0000000000 447.0000000000
108.0000000000 452.0000000000
107.0000000000 455.0000000000
99.0000000000 477.0000000000
164.0000000000 398.0000000000
162.0000000000 399.0000000000
160.0000000000 400.0000000000
158.0000000000 401.0000000000
156.0000000000 402.0000000000
154.0000000000 403.0000000000
152.0000000000 404.0000000000
150.0000000000 405.0000000000
149.0000000000 406.0000000000
147.0000000000 407.0000000000
145.0000000000 408.0000000000
144.0000000000 409.0000000000
142.0000000000 410.0000000000
140.0000000000 412.0000000000
138.0000000000 413.0000000000
125.0000000000 426.0000000000
124.0000000000 428.0000000000
122.0000000000 430.0000000000
110.0000000000 448.0000000000
109.0000000000 450.0000000000
141.0000000000 411.0000000000
137.0000000000 414.0000000000
136.0000000000 415.0000000000
135.0000000000 416.0000000000
134.0000000000 417.0000000000
133.0000000000 418.0000000000
132.0000000000 419.0000000000
131.0000000000 420.0000000000
130.0000000000 421.0000000000
129.0000000000 422.0000000000
128.0000000000 423.0000000000
127.0000000000 424.0000000000
126.0000000000 425.0000000000

89.0000000000 526.0000000000
96.0000000000 487.0000000000
97.0000000000 483.0000000000
88.0000000000 534.0000000000
94.0000000000 497.0000000000
122.0000000000 430.0000000000
90.0000000000 519.0000000000
91.0000000000 513.0000000000
93.0000000000 502.0000000000
99.0000000000 477.0000000000
101.0000000000 471.0000000000
106.0000000000 457.0000000000
102.0000000000 467.0000000000
100.0000000000 473.0000000000
150.0000000000 405.0000000000
92.0000000000 507.0000000000
115.0000000000 441.0000000000
111.0000000000 447.0000000000
205.0000000000 386.0000000000
87.0000000000 543.0000000000
95.0000000000 492.0000000000
98.0000000000 479.0000000000
107.0000000000 455.0000000000
103.0000000000 465.0000000000
199.0000000000 387.0000000000
194.0000000000 388.0000000000
105.0000000000 460.0000000000
190.0000000000 389.0000000000
186.0000000000 390.0000000000
117.0000000000 438.0000000000
183.0000000000 391.0000000000
180.0000000000 392.0000000000
177.0000000000 393.0000000000
174.0000000000 394.0000000000
171.0000000000 395.0000000000
169.0000000000 396.0000000000
166.0000000000 397.0000000000
116.0000000000 439.0000000000
114.0000000000 442.0000000000
112.0000000000 445.0000000000
110.0000000000 448.0000000000
108.0000000000 452.0000000000
104.0000000000 462.0000000000
164.0000000000 398.0000000000
162.0000000000 399.0000000000
160.0000000000 400.0000000000
158.0000000000 401.0000000000
156.0000000000 402.0000000000
154.0000000000 403.0000000000
152.0000000000 404.0000000000
149.0000000000 406.0000000000
147.0000000000 407.0000000000
146.0000000000 408.0000000000
144.0000000000 409.0000000000
142.0000000000 410.0000000000
140.0000000000 412.0000000000
138.0000000000 413.0000000000
125.0000000000 426.0000000000
124.0000000000 428.0000000000
123.0000000000 429.0000000000
120.0000000000 433.0000000000
119.0000000000 435.0000000000
118.0000000000 436.0000000000
113.0000000000 444.0000000000
109.0000000000 450.0000000000
141.0000000000 411.0000000000
137.0000000000 414.0000000000
136.0000000000 415.0000000000
135.0000000000 416.0000000000
134.0000000000 417.0000000000
133.0000000000 418.0000000000
132.0000000000 419.0000000000
131.0000000000 420.0000000000
130.0000000000 421.0000000000
129.0000000000 422.0000000000
128.0000000000 423.0000000000
127.0000000000 424.0000000000
126.0000000000 425.0000000000
121.0000000000 432.0000000000

90.0000000000 519.0000000000
89.0000000000 526.0000000000
96.0000000000 487.0000000000
116.0000000000 439.0000000000
95.0000000000 492.0000000000
97.0000000000 483.0000000000
94.0000000000 497.0000000000
92.0000000000 507.0000000000
111.0000000000 447.0000000000
88.0000000000 534.0000000000
91.0000000000 513.0000000000
101.0000000000 471.0000000000
114.0000000000 442.0000000000
118.0000000000 436.0000000000
131.0000000000 420.0000000000
117.0000000000 438.0000000000
112.0000000000 445.0000000000
115.0000000000 441.0000000000
119.0000000000 435.0000000000
205.0000000000 386.0000000000
87.0000000000 542.0000000000
93.0000000000 502.0000000000
199.0000000000 387.0000000000
113.0000000000 444.0000000000
103.0000000000 465.0000000000
102.0000000000 467.0000000000
100.0000000000 473.0000000000
194.0000000000 388.0000000000
98.0000000000 479.0000000000
190.0000000000 389.0000000000
186.0000000000 390.0000000000
122.0000000000 430.0000000000
99.0000000000 477.0000000000
183.0000000000 391.0000000000
180.0000000000 392.0000000000
177.0000000000 393.0000000000
174.0000000000 394.0000000000
171.0000000000 395.0000000000
169.0000000000 396.0000000000
166.0000000000 397.0000000000
120.0000000000 433.0000000000
110.0000000000 448.0000000000
108.0000000000 452.0000000000
107.0000000000 455.0000000000
106.0000000000 457.0000000000
105.0000000000 460.0000000000
104.0000000000 462.0000000000
164.0000000000 398.0000000000
162.0000000000 399.0000000000
160.0000000000 400.0000000000
158.0000000000 401.0000000000
156.0000000000 402.0000000000
154.0000000000 403.0000000000
152.0000000000 404.0000000000
150.0000000000 405.0000000000
149.0000000000 406.0000000000
147.0000000000 407.0000000000
145.0000000000 408.0000000000
144.0000000000 409.0000000000
142.0000000000 410.0000000000
140.0000000000 412.0000000000
138.0000000000 413.0000000000
132.0000000000 419.0000000000
130.0000000000 421.0000000000
125.0000000000 426.0000000000
124.0000000000 428.0000000000
121.0000000000 432.0000000000
109.0000000000 450.0000000000
141.0000000000 411.0000000000
137.0000000000 414.0000000000
136.0000000000 415.0000000000
135.0000000000 416.0000000000
134.0000000000 417.0000000000
133.0000000000 418.0000000000
129.0000000000 422.0000000000
128.0000000000 423.0000000000
127.0000000000 424.0000000000
126.0000000000 425.0000000000
123.0000000000 429.0000000000

