16686314.000000 3568050.000000 
17446088.000000 3274826.000000 
17997408.000000 3098724.000000 
16400076.000000 3598438.000000 
15133240.000000 4240158.000000 
14987970.000000 5590080.000000 
14906068.000000 5613214.000000 
15281836.000000 4043898.000000 
17066348.000000 3445364.000000 
17594344.000000 3250376.000000 
15330006.000000 3963794.000000 
17230408.000000 3397188.000000 
17680998.000000 3194720.000000 
15773850.000000 3804740.000000 
16026066.000000 3682674.000000 
15944360.000000 3754566.000000 
15003352.000000 4516308.000000 
15388564.000000 3941056.000000 
16715416.000000 3488530.000000 
17146564.000000 3417954.000000 
17805638.000000 3163084.000000 
17780120.000000 3191210.000000 
14996214.000000 4670794.000000 
15223314.000000 4066660.000000 
15216570.000000 4222638.000000 
15180002.000000 4225868.000000 

17912420.000000 4466372.000000 
18005350.000000 4430602.000000 
15339026.000000 5548960.000000 
15261036.000000 5960660.000000 
20561722.000000 4180880.000000 
19557770.000000 4196998.000000 
19357968.000000 4244888.000000 
18468592.000000 4321846.000000 
15784462.000000 5012520.000000 
15539772.000000 5426924.000000 
16238304.000000 4967564.000000 
17819218.000000 4477428.000000 
18076936.000000 4338390.000000 
17406832.000000 4664700.000000 
16755160.000000 4767506.000000 
17142754.000000 4733800.000000 
16434332.000000 4840484.000000 

16395998.000000 3716832.000000 
19641126.000000 3344630.000000 
19440714.000000 3447936.000000 
14933248.000000 4592630.000000 
19573636.000000 3378366.000000 
18971080.000000 3494240.000000 
16088610.000000 3754906.000000 
16851876.000000 3553054.000000 
14851998.000000 4726530.000000 
19140288.000000 3474706.000000 
14801328.000000 5095028.000000 
14198662.000000 5381572.000000 
17030970.000000 3496418.000000 
19017588.000000 3486398.000000 
16670214.000000 3607326.000000 
16599068.000000 3668882.000000 
16608714.000000 3623150.000000 
15865786.000000 4321768.000000 

19715532.000000 3070948.000000 
14139050.000000 5186840.000000 
16739912.000000 3191230.000000 
15714342.000000 3750222.000000 
16192690.000000 3707396.000000 
16607174.000000 3225436.000000 
19679916.000000 3123292.000000 
16199114.000000 3422774.000000 
16307748.000000 3234874.000000 
15092110.000000 3935454.000000 
14525080.000000 4248506.000000 

16665074.000000 3552190.000000 
16872714.000000 3493682.000000 
16784442.000000 3538160.000000 
17067042.000000 3427252.000000 
17693968.000000 3307744.000000 
17490554.000000 3391896.000000 
16403220.000000 3827166.000000 
15238908.000000 4340758.000000 
14572684.000000 5093564.000000 
17056670.000000 3430330.000000 
17593136.000000 3321258.000000 
16272482.000000 3985720.000000 
15410118.000000 4249284.000000 
15355628.000000 4263906.000000 
14888360.000000 4522688.000000 
15651342.000000 4196660.000000 
17075606.000000 3416342.000000 
15758928.000000 4102026.000000 
15933972.000000 4054938.000000 
14996866.000000 4342150.000000 
16245334.000000 4021406.000000 

17104546.000000 3390630.000000 
16075826.000000 4471090.000000 
15292014.000000 4786928.000000 
14686714.000000 5341594.000000 
15396524.000000 4706446.000000 
15304364.000000 4728488.000000 
14034398.000000 6094632.000000 
15169646.000000 4886268.000000 
15224762.000000 4829166.000000 
15133566.000000 4908726.000000 
14194952.000000 5507236.000000 
14952726.000000 5155036.000000 
16751454.000000 4066432.000000 
16627022.000000 4298614.000000 
14967956.000000 4959524.000000 
14308120.000000 5424166.000000 
15597898.000000 4660268.000000 
14857306.000000 5232094.000000 
15668652.000000 4558892.000000 
15957160.000000 4554080.000000 
16093192.000000 4357658.000000 
14171342.000000 6009674.000000 
16654050.000000 4287466.000000 

14597180.000000 5250494.000000 
15363600.000000 4859152.000000 
17043438.000000 3637622.000000 
16531248.000000 3848960.000000 
15662574.000000 4430444.000000 
17862490.000000 3556674.000000 
17948684.000000 3380700.000000 
16929234.000000 3847790.000000 
14733396.000000 5063686.000000 
14469128.000000 5421220.000000 
15982252.000000 4341418.000000 
15805672.000000 4355774.000000 
15621654.000000 4620374.000000 
18701026.000000 3374888.000000 
19288590.000000 3346564.000000 
13924460.000000 5859028.000000 

15138846.000000 4664606.000000 
14205738.000000 5434488.000000 
14746624.000000 4729126.000000 
18351830.000000 3387372.000000 
16115726.000000 4403076.000000 
16282730.000000 4286628.000000 
16086020.000000 4404456.000000 
15732366.000000 4416962.000000 
14562844.000000 5111012.000000 
16782748.000000 3925518.000000 
17252808.000000 3545096.000000 
14728274.000000 5090604.000000 
14039600.000000 5725570.000000 
17672022.000000 3411588.000000 
17045090.000000 3742664.000000 
14402702.000000 5394844.000000 
16711264.000000 3934222.000000 
16258214.000000 4351334.000000 
17503906.000000 3534432.000000 
14049430.000000 5652336.000000 
16365582.000000 4109448.000000 
17004422.000000 3915784.000000 
17597334.000000 3460324.000000 
17246042.000000 3596514.000000 
16528506.000000 4066356.000000 
18837296.000000 3376548.000000 
15616316.000000 4557926.000000 
16663364.000000 4001294.000000 
16654594.000000 4063006.000000 
17523700.000000 3467770.000000 

15169094.000000 4628504.000000 
15249126.000000 4504804.000000 
20029190.000000 3493808.000000 
15606740.000000 4452434.000000 
18687922.000000 3575806.000000 
14706272.000000 4874392.000000 
21083118.000000 3492540.000000 
21099258.000000 3447250.000000 
17427710.000000 3599922.000000 
15701782.000000 4300190.000000 
14973376.000000 4791832.000000 
21145924.000000 3441690.000000 
16922902.000000 3645806.000000 
16480220.000000 3732710.000000 
16618302.000000 3658730.000000 
15711042.000000 3892920.000000 
16181990.000000 3808062.000000 
16240724.000000 3798762.000000 

15404018.000000 5410176.000000 
15950000.000000 3952410.000000 
15782960.000000 4397670.000000 
15847168.000000 4075372.000000 
19816958.000000 3659302.000000 
15374904.000000 5446688.000000 
15698428.000000 4468656.000000 
15455718.000000 5133788.000000 
15557710.000000 4707944.000000 
19755582.000000 3751650.000000 
16321246.000000 3851334.000000 
17640804.000000 3773916.000000 
17592758.000000 3835882.000000 
16102910.000000 3900836.000000 
18639600.000000 3771214.000000 
15190592.000000 5648010.000000 

15127406.000000 5047746.000000 
18307298.000000 3044116.000000 
17464648.000000 3260416.000000 
16574778.000000 3481264.000000 
14971288.000000 5384372.000000 
17571002.000000 3131030.000000 
17276846.000000 3330026.000000 
15572784.000000 4926946.000000 
16902810.000000 3348016.000000 
15684022.000000 4604942.000000 
15648140.000000 4767310.000000 
15670630.000000 4749170.000000 
15322990.000000 5024902.000000 
16053982.000000 3744904.000000 
14689940.000000 5557652.000000 
15808366.000000 4091674.000000 
17393356.000000 3278294.000000 
17792680.000000 3127168.000000 
16461282.000000 3690956.000000 

18362736.000000 3537688.000000 
15694932.000000 4018626.000000 
15702346.000000 4015168.000000 
20067658.000000 3480054.000000 
16146902.000000 3878640.000000 
15849964.000000 3903362.000000 
20545236.000000 3437614.000000 
17490606.000000 3581564.000000 
14446072.000000 4750260.000000 
14359786.000000 5094370.000000 
16971802.000000 3624564.000000 
16221790.000000 3692856.000000 
16436618.000000 3692012.000000 
17501428.000000 3580568.000000 
21173530.000000 3408666.000000 
21188446.000000 3408004.000000 
16597012.000000 3683716.000000 
17338780.000000 3616036.000000 
17402144.000000 3600504.000000 
15445698.000000 4047646.000000 
20601366.000000 3433412.000000 
14161154.000000 5328798.000000 
15840478.000000 3946644.000000 
14693314.000000 4410802.000000 
16189032.000000 3866294.000000 
16794928.000000 3650308.000000 
18541796.000000 3519366.000000 
17642332.000000 3580522.000000 
17666864.000000 3577862.000000 
20052742.000000 3480644.000000 
14215896.000000 5294068.000000 
15135136.000000 4186090.000000 
15241450.000000 4156712.000000 
18693862.000000 3503500.000000 
17099840.000000 3623720.000000 
15955396.000000 3891772.000000 
14480258.000000 4428382.000000 

16665096.000000 3829218.000000 
16835022.000000 3795356.000000 
14723412.000000 5012484.000000 
16281968.000000 3991888.000000 
15854882.000000 4473498.000000 
21976036.000000 3308992.000000 
17236428.000000 3483746.000000 
16987480.000000 3750964.000000 
15873398.000000 4142358.000000 
15802836.000000 4963168.000000 
21555478.000000 3335666.000000 
17148000.000000 3611862.000000 
17139164.000000 3625846.000000 
20434476.000000 3389494.000000 
16451530.000000 3894170.000000 
16760342.000000 3822462.000000 
22339128.000000 3301028.000000 
16294982.000000 3936630.000000 
16073658.000000 4084246.000000 
15902634.000000 4124524.000000 
19081816.000000 3479552.000000 
14257712.000000 5357044.000000 
15863008.000000 4230522.000000 
16486326.000000 3878948.000000 
19445648.000000 3458278.000000 
16038862.000000 4099468.000000 
16324218.000000 3918796.000000 

19346900.000000 3220068.000000 
17055918.000000 3622248.000000 
14331748.000000 6159942.000000 
18909442.000000 3257986.000000 
15482412.000000 5144368.000000 
15482922.000000 3989910.000000 
14783842.000000 5254866.000000 
16631904.000000 3856728.000000 
17166510.000000 3323470.000000 
17060664.000000 3503166.000000 
15074444.000000 5164730.000000 
16329498.000000 3977666.000000 
14571936.000000 5346470.000000 
14415484.000000 6065208.000000 
16769456.000000 3744076.000000 
17615754.000000 3311656.000000 
16901498.000000 3691774.000000 
17046354.000000 3650064.000000 

15368288.000000 4807442.000000 
15727224.000000 4366596.000000 
15347636.000000 4896662.000000 
14397508.000000 4964314.000000 
16204022.000000 4168784.000000 
15656178.000000 4523422.000000 
15370366.000000 4591628.000000 
13940162.000000 5449526.000000 
17748158.000000 3536542.000000 
17063750.000000 3783114.000000 
16788652.000000 3835600.000000 
16562036.000000 4064226.000000 
14086720.000000 5428476.000000 
15632542.000000 4551130.000000 
17693794.000000 3558684.000000 
16518300.000000 4067198.000000 
16160828.000000 4214064.000000 
16053064.000000 4248094.000000 
17486202.000000 3698832.000000 
18552832.000000 3462804.000000 
18913316.000000 3332582.000000 
16440132.000000 4083296.000000 
17667488.000000 3684534.000000 
16780302.000000 3967390.000000 
17461728.000000 3714576.000000 
17634732.000000 3697022.000000 
16688364.000000 4056496.000000 

16127128.000000 4781728.000000 
17911490.000000 4101518.000000 
18630534.000000 3840064.000000 
21096592.000000 3592720.000000 
19073892.000000 3839470.000000 
20136124.000000 3633254.000000 
18113492.000000 3878474.000000 
19689244.000000 3802150.000000 
17951152.000000 3955330.000000 
15749420.000000 4975328.000000 
15762822.000000 4813446.000000 
22302274.000000 3539882.000000 
17534336.000000 4120668.000000 
16327882.000000 4558684.000000 
19903154.000000 3789278.000000 
19974432.000000 3710614.000000 
16171392.000000 4635618.000000 
16136642.000000 4741664.000000 
16966966.000000 4349498.000000 
16783818.000000 4409416.000000 

14188446.000000 5387374.000000 
17125050.000000 3672308.000000 
15723000.000000 4592482.000000 
15425836.000000 4608146.000000 
16149536.000000 4165604.000000 
16777616.000000 3981924.000000 
17042058.000000 3709394.000000 
14464250.000000 5107776.000000 
16940064.000000 3915140.000000 
17418290.000000 3559944.000000 
17790248.000000 3307510.000000 
16988734.000000 3911610.000000 
16362110.000000 3994238.000000 
15449194.000000 4605990.000000 
15965444.000000 4248834.000000 
15412370.000000 4695518.000000 
15168668.000000 4839150.000000 
15963696.000000 4524660.000000 
15153616.000000 5004000.000000 
20154558.000000 3235442.000000 

15263566.000000 4235198.000000 
13405576.000000 5028984.000000 
13174790.000000 5272440.000000 
13471470.000000 4486504.000000 
12654040.000000 5394456.000000 
15222580.000000 4312576.000000 
14200318.000000 4383516.000000 
15158012.000000 4371038.000000 
15903164.000000 3559474.000000 
18137090.000000 3372152.000000 
15484218.000000 3730700.000000 
15423076.000000 3852818.000000 
15367156.000000 3904230.000000 
16157582.000000 3474798.000000 
15294318.000000 4145744.000000 
16036270.000000 3539094.000000 
15783696.000000 3645376.000000 
15825794.000000 3576654.000000 
16058592.000000 3538796.000000 
15689192.000000 3686792.000000 
16146682.000000 3522544.000000 
16222294.000000 3405266.000000 
16084794.000000 3537802.000000 
16539134.000000 3373512.000000 
16471314.000000 3374684.000000 
17159210.000000 3373444.000000 

16960096.000000 3393632.000000 
16994400.000000 3325744.000000 
17834012.000000 3245374.000000 
15345436.000000 3784768.000000 
16232792.000000 3645626.000000 
15161828.000000 4047984.000000 
14960938.000000 4108098.000000 
14257786.000000 4503784.000000 
14798086.000000 4169458.000000 
14793108.000000 4194888.000000 
15284184.000000 4018916.000000 
14371808.000000 4442104.000000 
16289284.000000 3488966.000000 
17542408.000000 3298244.000000 
15775380.000000 3668330.000000 

15230148.000000 3844056.000000 
17072856.000000 3542674.000000 
16569750.000000 3589600.000000 
14138154.000000 5438564.000000 
14245244.000000 4951570.000000 
15707674.000000 3637456.000000 
15693504.000000 3748884.000000 
15545200.000000 3825122.000000 
14516650.000000 4905826.000000 
16711328.000000 3586698.000000 
14699712.000000 4822474.000000 
14775830.000000 3947476.000000 
15782308.000000 3593430.000000 
14716774.000000 4788686.000000 
14266242.000000 4927822.000000 
14151860.000000 5336552.000000 

14244162.000000 5400394.000000 
19340034.000000 3265144.000000 
14724484.000000 4725496.000000 
15300848.000000 4246062.000000 
15845978.000000 4117932.000000 
14702308.000000 4819076.000000 
16821532.000000 3759406.000000 
15839634.000000 4164850.000000 
15383048.000000 4245310.000000 
18163076.000000 3525202.000000 
16334602.000000 4010872.000000 
18182760.000000 3522062.000000 
14322004.000000 5323548.000000 
16886794.000000 3553622.000000 
16719168.000000 3894216.000000 
14366178.000000 5224242.000000 
14687078.000000 5008692.000000 
18227170.000000 3473794.000000 
15158222.000000 4278386.000000 
14424626.000000 5062518.000000 
14375842.000000 5130202.000000 
14128326.000000 6017814.000000 
14142666.000000 5513796.000000 
14172992.000000 5412760.000000 
14821244.000000 4341530.000000 
15480034.000000 4179194.000000 

14968598.000000 5053362.000000 
16529048.000000 3610268.000000 
18782500.000000 3608104.000000 
21712146.000000 3470974.000000 
15500492.000000 4118092.000000 
21485592.000000 3490300.000000 
15047796.000000 4753418.000000 
15030448.000000 4800786.000000 
20299932.000000 3513314.000000 
14826098.000000 5234130.000000 
14553092.000000 5291116.000000 
14992212.000000 4956300.000000 
14715380.000000 5285252.000000 

14828400.000000 4317160.000000 
14563198.000000 6004634.000000 
16101084.000000 3704958.000000 
14760144.000000 4770594.000000 
16195456.000000 3612950.000000 
16593428.000000 3535682.000000 
16322062.000000 3567532.000000 
16069492.000000 3852026.000000 
16920376.000000 3437366.000000 
17732810.000000 3406876.000000 
17219974.000000 3428286.000000 
17897308.000000 3378198.000000 
16022298.000000 3894930.000000 
15770054.000000 4016650.000000 
14634360.000000 5603318.000000 
18051000.000000 3310904.000000 
14699758.000000 5229186.000000 
21406240.000000 3252700.000000 
15770304.000000 3936172.000000 
15427206.000000 4314066.000000 
15590720.000000 4059018.000000 

14647838.000000 4258226.000000 
14350450.000000 4830538.000000 
14407276.000000 4773372.000000 
15773218.000000 4111116.000000 
23664486.000000 3258298.000000 
16973922.000000 3697938.000000 
16036316.000000 3858000.000000 
22978288.000000 3278814.000000 
16763198.000000 3719912.000000 
17847930.000000 3406628.000000 
20729862.000000 3316028.000000 
20275744.000000 3397754.000000 
15646634.000000 4192676.000000 
14262788.000000 4883398.000000 
14115382.000000 4891778.000000 
17218100.000000 3570204.000000 
14269328.000000 4875884.000000 
14491396.000000 4504344.000000 
15899362.000000 4057056.000000 
20288476.000000 3359356.000000 
17293806.000000 3467992.000000 
17149450.000000 3616782.000000 
17031706.000000 3647588.000000 
13922046.000000 5057778.000000 
22660852.000000 3299036.000000 
14434700.000000 4630642.000000 
16649044.000000 3846470.000000 
16017594.000000 4022846.000000 

17406306.000000 3199462.000000 
17859732.000000 3043732.000000 
16510152.000000 3269908.000000 
14593450.000000 4492244.000000 
16311860.000000 3513212.000000 
17638708.000000 3121300.000000 
18449144.000000 2963222.000000 
15195338.000000 4277428.000000 
15460512.000000 3634074.000000 
16684422.000000 3237112.000000 
18444338.000000 2992490.000000 
18139900.000000 3042772.000000 
15382764.000000 3882662.000000 
15829058.000000 3531618.000000 
13477916.000000 4828600.000000 

18285028.000000 3363140.000000 
16246204.000000 4126114.000000 
13878162.000000 6110268.000000 
14748934.000000 5045352.000000 
16944584.000000 3758430.000000 
15114252.000000 4753738.000000 
15094172.000000 4830372.000000 
18997474.000000 3345542.000000 
15756942.000000 4146066.000000 
17383040.000000 3718248.000000 
16229276.000000 4136732.000000 
16333570.000000 4075796.000000 
14085852.000000 5341676.000000 
14804242.000000 4966278.000000 
18252542.000000 3481482.000000 
14037192.000000 5416598.000000 
15615192.000000 4464144.000000 
17797566.000000 3671862.000000 
20777694.000000 3248888.000000 
19420788.000000 3298924.000000 
17389478.000000 3690872.000000 
16978672.000000 3729234.000000 
16528390.000000 3763960.000000 
14283616.000000 5204826.000000 
16519130.000000 4064220.000000 
15271906.000000 4632840.000000 
16436076.000000 4069124.000000 
17997448.000000 3488600.000000 
19837334.000000 3288376.000000 
15280124.000000 4504954.000000 
14632602.000000 5176376.000000 
14740294.000000 5148176.000000 
20792472.000000 3240008.000000 
19430646.000000 3289684.000000 
17313172.000000 3720656.000000 
14858718.000000 4839218.000000 

15287942.000000 4751558.000000 
15299820.000000 4498530.000000 
14402516.000000 5042190.000000 
15027012.000000 4908064.000000 
19842470.000000 3569510.000000 
18666096.000000 3598586.000000 
17734356.000000 3646800.000000 
17215390.000000 3735436.000000 
16532032.000000 3790652.000000 
14141438.000000 5074824.000000 
18682730.000000 3579748.000000 
15788364.000000 4405400.000000 
21321314.000000 3525636.000000 
15614826.000000 4491320.000000 
18251930.000000 3633300.000000 
21447532.000000 3489824.000000 
16987598.000000 3751602.000000 
15646884.000000 4466400.000000 
15909414.000000 4285704.000000 
17234204.000000 3718634.000000 
17567144.000000 3686064.000000 
15935590.000000 4005784.000000 
16147968.000000 3852036.000000 

14731306.000000 4453802.000000 
14856676.000000 4231150.000000 
15241386.000000 3914584.000000 
17827656.000000 3150924.000000 
15008872.000000 4088276.000000 
15728182.000000 3807468.000000 
18134356.000000 3140440.000000 
17726100.000000 3160274.000000 
18163072.000000 3140220.000000 
14999812.000000 4118074.000000 
17958882.000000 3145918.000000 
15849330.000000 3606992.000000 
16922298.000000 3309938.000000 
15885998.000000 3487314.000000 
15117688.000000 3942778.000000 
16665088.000000 3408328.000000 
17014616.000000 3303614.000000 
16038620.000000 3483466.000000 
16099220.000000 3473540.000000 
17700104.000000 3166830.000000 
14884234.000000 4153100.000000 
16251842.000000 3469692.000000 
15750048.000000 3710526.000000 
19040568.000000 3114786.000000 
17512972.000000 3287574.000000 
16828426.000000 3351852.000000 
14720138.000000 4515778.000000 
19006410.000000 3116424.000000 

19196838.000000 3341064.000000 
20003292.000000 3328926.000000 
19104002.000000 3363012.000000 
14776212.000000 6755812.000000 
15583130.000000 4138686.000000 
17096916.000000 3586824.000000 
20353274.000000 3281420.000000 
16093810.000000 4007426.000000 
20220876.000000 3298184.000000 
15564576.000000 4616452.000000 
16591064.000000 3766422.000000 
16236270.000000 3797602.000000 
16110534.000000 3917734.000000 
15136848.000000 4747466.000000 
15123828.000000 5771988.000000 
21052220.000000 3155408.000000 
20015000.000000 3302860.000000 
14978706.000000 5892202.000000 
15576940.000000 4525846.000000 
18072294.000000 3527002.000000 
20880320.000000 3258368.000000 
15403930.000000 4706050.000000 
13612592.000000 7001316.000000 
14992144.000000 5849368.000000 
16107912.000000 3983076.000000 
18857474.000000 3448438.000000 
16834228.000000 3705880.000000 

14906062.000000 5139640.000000 
19306724.000000 3078730.000000 
15021570.000000 4488826.000000 
16683078.000000 3880508.000000 
20432412.000000 3049684.000000 
15752132.000000 4362496.000000 
15406916.000000 4469134.000000 
21785404.000000 3007524.000000 
18897424.000000 3135308.000000 
17127198.000000 3879056.000000 
16501774.000000 3953212.000000 
16375300.000000 4015648.000000 
17463352.000000 3725616.000000 
17812442.000000 3678850.000000 
15741276.000000 4467988.000000 
14910404.000000 4555364.000000 
18544418.000000 3335650.000000 
18106352.000000 3451858.000000 
14679388.000000 6294460.000000 
21513610.000000 3038104.000000 
18410870.000000 3396040.000000 
14817252.000000 5216214.000000 
16117356.000000 4046566.000000 
18651662.000000 3263606.000000 
15900406.000000 4248912.000000 
15995014.000000 4192882.000000 
14797370.000000 5226482.000000 
17371994.000000 3872940.000000 
17973358.000000 3570956.000000 
17878722.000000 3576094.000000 

