17647050.000000 3272492.000000 
16318158.000000 3759090.000000 
16189208.000000 3820414.000000 
15796814.000000 3960542.000000 
15725678.000000 4112752.000000 
17680330.000000 3250664.000000 
18319492.000000 3214652.000000 
16357494.000000 3715808.000000 
17262712.000000 3364620.000000 
16576040.000000 3472560.000000 
18505216.000000 3159798.000000 
18134620.000000 3245534.000000 
15248040.000000 4393298.000000 
15412556.000000 4177166.000000 
15254684.000000 4236250.000000 
15313206.000000 4213482.000000 
15964998.000000 3856054.000000 
17230408.000000 3397188.000000 
16695068.000000 3461034.000000 
17172200.000000 3439656.000000 

18005350.000000 4430602.000000 
15339026.000000 5548960.000000 
17970646.000000 4472618.000000 
15261036.000000 5960660.000000 
20561722.000000 4180880.000000 
19557770.000000 4196998.000000 
19357968.000000 4244888.000000 
18468592.000000 4321846.000000 
15784462.000000 5012520.000000 
15539772.000000 5426924.000000 
16238304.000000 4967564.000000 
17819218.000000 4477428.000000 
18076936.000000 4338390.000000 
17406832.000000 4664700.000000 
16755160.000000 4767506.000000 
17142754.000000 4733800.000000 
16434332.000000 4840484.000000 

19704778.000000 3483760.000000 
14545974.000000 5458472.000000 
16113548.000000 4302388.000000 
15865786.000000 4321768.000000 
15221556.000000 4799244.000000 
15659664.000000 4790822.000000 
19589034.000000 3489602.000000 
19244890.000000 3559370.000000 
16357250.000000 3950020.000000 
16291696.000000 3996578.000000 
16511380.000000 3769512.000000 
19252716.000000 3512154.000000 
16944282.000000 3614048.000000 
16608714.000000 3623150.000000 
16599068.000000 3668882.000000 
19847048.000000 3479676.000000 
17373104.000000 3593106.000000 

16179492.000000 3869658.000000 
16199114.000000 3422774.000000 
16669952.000000 3229424.000000 
16657352.000000 3231478.000000 
16739912.000000 3191230.000000 
14525080.000000 4248506.000000 

16665074.000000 3552190.000000 
16784442.000000 3538160.000000 
16992302.000000 3479036.000000 
15856874.000000 4093032.000000 
17638204.000000 3448058.000000 
17654404.000000 3408580.000000 
18051328.000000 3388892.000000 
16646722.000000 3572622.000000 
16764010.000000 3552176.000000 
16971870.000000 3493052.000000 
15758928.000000 4102026.000000 
16123576.000000 3911956.000000 
16509028.000000 3753896.000000 
16453244.000000 3836860.000000 
14787372.000000 4147728.000000 
14755794.000000 4163020.000000 
14537308.000000 4288828.000000 
15979942.000000 4047314.000000 
15933972.000000 4054938.000000 
16645026.000000 3683580.000000 
16014550.000000 3987000.000000 
15666496.000000 4121092.000000 
16529370.000000 3737174.000000 
16473586.000000 3820138.000000 
16372816.000000 3881248.000000 

19904490.000000 3395802.000000 
14403520.000000 4975504.000000 
18980644.000000 3577756.000000 
18272514.000000 3586592.000000 
15966828.000000 3700954.000000 
15775880.000000 3844098.000000 
14853944.000000 4308320.000000 
14696152.000000 4502836.000000 
19698874.000000 3577218.000000 
17788226.000000 3614660.000000 
17461816.000000 3651500.000000 
19718466.000000 3429518.000000 
14351946.000000 5759802.000000 

18660366.000000 3593732.000000 
18238138.000000 3635088.000000 
14979578.000000 5115306.000000 
14952392.000000 6255824.000000 
16153192.000000 4278312.000000 
15922782.000000 4300846.000000 
15779684.000000 4375516.000000 
16320346.000000 4208590.000000 
17033118.000000 3960174.000000 
15599704.000000 4687692.000000 
17288946.000000 3783800.000000 
17083448.000000 3805152.000000 
17486428.000000 3744136.000000 
17566742.000000 3644184.000000 

17569082.000000 3546698.000000 
17541592.000000 3613104.000000 
17467518.000000 3803902.000000 
15805844.000000 4704136.000000 
15804334.000000 4718612.000000 
16069008.000000 4430602.000000 
14493144.000000 4983172.000000 
15251650.000000 4828600.000000 
14491288.000000 5028370.000000 
15756118.000000 4769128.000000 
14987442.000000 4877448.000000 
17210206.000000 3970936.000000 
18058728.000000 3411204.000000 
17963832.000000 3438728.000000 
18221554.000000 3371382.000000 
17058944.000000 3984846.000000 
16939836.000000 4109528.000000 
14520620.000000 4915254.000000 
13916184.000000 5062336.000000 
15260284.000000 4778634.000000 
17448142.000000 3952070.000000 
16291184.000000 4186640.000000 
16863648.000000 4132064.000000 
15147478.000000 4828840.000000 
14749096.000000 4911724.000000 

23021860.000000 3606922.000000 
15407936.000000 4501674.000000 
15940130.000000 4365472.000000 
21566248.000000 3695070.000000 
21757038.000000 3674286.000000 
18533600.000000 3715004.000000 
22905670.000000 3662500.000000 
17550168.000000 3841506.000000 
21410124.000000 3696952.000000 
16195374.000000 3904122.000000 

18837792.000000 3797862.000000 
15444202.000000 5634722.000000 
15720994.000000 3934532.000000 
15497692.000000 3948878.000000 
15492564.000000 4328100.000000 
15725072.000000 3895754.000000 
16321246.000000 3851334.000000 
15382256.000000 5705696.000000 
18590146.000000 3831026.000000 
18692214.000000 3813548.000000 

15361860.000000 5217882.000000 
15117366.000000 5797682.000000 
15808366.000000 4091674.000000 
17238018.000000 3337742.000000 
16559622.000000 3612524.000000 
15729188.000000 5165482.000000 
15763380.000000 4478222.000000 
15787182.000000 4477128.000000 
16512288.000000 3976882.000000 
17631340.000000 3170258.000000 
17675812.000000 3154554.000000 
16751740.000000 3571638.000000 
16902810.000000 3348016.000000 
17805392.000000 3127902.000000 

18362736.000000 3537688.000000 
17099840.000000 3623720.000000 
17141336.000000 3603836.000000 
17490606.000000 3581564.000000 
18735916.000000 3499278.000000 
15455372.000000 3984426.000000 
15123492.000000 4209934.000000 
14340158.000000 4670212.000000 
14329748.000000 4687514.000000 
14917640.000000 4213610.000000 
16311456.000000 3838814.000000 
18720488.000000 3516390.000000 
18695956.000000 3519122.000000 
14820144.000000 4656178.000000 
17666864.000000 3577862.000000 
15357400.000000 4097700.000000 
17450646.000000 3600848.000000 
16128412.000000 3873544.000000 
15944700.000000 3896826.000000 
17012848.000000 3647246.000000 
14836622.000000 4593306.000000 
16436618.000000 3692012.000000 
15641790.000000 3938014.000000 
16734614.000000 3688584.000000 
14113252.000000 4760136.000000 
16795668.000000 3668528.000000 
16988270.000000 3648834.000000 
16105122.000000 3885968.000000 
17642332.000000 3580522.000000 
15314332.000000 4157008.000000 
15645200.000000 3921448.000000 

15251610.000000 5731578.000000 
15243256.000000 5813598.000000 
16558020.000000 3908570.000000 
16813068.000000 3839822.000000 
18580772.000000 3502882.000000 
18531124.000000 3533114.000000 
17227198.000000 3652966.000000 
15318716.000000 5408866.000000 
16142482.000000 4322726.000000 
20490278.000000 3442594.000000 
17414402.000000 3582220.000000 
16358782.000000 4256828.000000 
21252422.000000 3417690.000000 
16107416.000000 4407188.000000 
15709320.000000 4641230.000000 
15734890.000000 4635486.000000 
21976322.000000 3392598.000000 
20242882.000000 3458544.000000 
16987480.000000 3750964.000000 

20332810.000000 3281080.000000 
15532444.000000 4301216.000000 
15669968.000000 4290318.000000 
18653918.000000 3472472.000000 
18394912.000000 3493716.000000 
17021744.000000 3749316.000000 
17060664.000000 3503166.000000 
16806144.000000 3823892.000000 
15984142.000000 4176184.000000 
19768606.000000 3366506.000000 
19470602.000000 3399902.000000 
14835950.000000 6022938.000000 
15271136.000000 5136890.000000 
19252080.000000 3446720.000000 
15741234.000000 4284938.000000 
15160568.000000 5350340.000000 
15141800.000000 5501156.000000 
15476372.000000 4970948.000000 
16615196.000000 3826736.000000 
16260094.000000 4148100.000000 
16252332.000000 4156052.000000 
16290744.000000 4081990.000000 

18542128.000000 3499516.000000 
17730100.000000 3631778.000000 
14372722.000000 5659902.000000 
16234608.000000 4086874.000000 
18372308.000000 3624516.000000 
16832548.000000 4021290.000000 
17449754.000000 3760648.000000 
16934740.000000 3909418.000000 
14698976.000000 5184996.000000 
17084810.000000 3817460.000000 
16892990.000000 4008634.000000 
15228032.000000 5136270.000000 
15925194.000000 4928856.000000 
15959590.000000 4810952.000000 
16904992.000000 3948254.000000 
14329424.000000 5676322.000000 
15245194.000000 4929390.000000 
16920774.000000 3945750.000000 
17684732.000000 3724582.000000 

19689244.000000 3802150.000000 
15762822.000000 4813446.000000 
17080922.000000 4391360.000000 
17534336.000000 4120668.000000 
18630534.000000 3840064.000000 
19073892.000000 3839470.000000 
16171392.000000 4635618.000000 
16327882.000000 4558684.000000 
18113492.000000 3878474.000000 
16822654.000000 4541080.000000 
22302274.000000 3539882.000000 
21096592.000000 3592720.000000 
20136124.000000 3633254.000000 
19903154.000000 3789278.000000 
19974432.000000 3710614.000000 
17951152.000000 3955330.000000 
16136642.000000 4741664.000000 

15229636.000000 4804434.000000 
15368520.000000 4330076.000000 
15250170.000000 4406082.000000 
15930582.000000 4214398.000000 
15597636.000000 4235162.000000 
15425046.000000 4270816.000000 
15214768.000000 5937396.000000 
16653010.000000 3587696.000000 
16306600.000000 4001538.000000 
18347502.000000 3563860.000000 
16554498.000000 3652430.000000 
16207218.000000 4065796.000000 
16513902.000000 3891538.000000 

15099804.000000 4971298.000000 
15283234.000000 4959794.000000 
14897864.000000 5507602.000000 
14996300.000000 5125452.000000 
15001360.000000 5044714.000000 
14965846.000000 5230522.000000 
16539134.000000 3373512.000000 
15346290.000000 4768916.000000 
15996364.000000 3590494.000000 
15603102.000000 3738830.000000 
15367156.000000 3904230.000000 
15930056.000000 3596704.000000 
16158994.000000 3551980.000000 
15325210.000000 4952190.000000 
15883796.000000 3724392.000000 
16471314.000000 3374684.000000 
16222294.000000 3405266.000000 

14798086.000000 4169458.000000 
15161828.000000 4047984.000000 
16337806.000000 3691266.000000 
16379208.000000 3678410.000000 
16386890.000000 3664650.000000 
16447846.000000 3647584.000000 
15345436.000000 3784768.000000 
14960938.000000 4108098.000000 
16928316.000000 3419360.000000 
16641688.000000 3527860.000000 
17416988.000000 3356014.000000 
18650654.000000 3288912.000000 
16916632.000000 3440960.000000 
16264788.000000 3739734.000000 
16323094.000000 3724896.000000 

15388270.000000 3879238.000000 
15639900.000000 3868948.000000 
16074000.000000 3651682.000000 
14716774.000000 4788686.000000 
14284772.000000 4962686.000000 
14775830.000000 3947476.000000 
16569750.000000 3589600.000000 
16216100.000000 3623952.000000 

16344360.000000 4040976.000000 
14920640.000000 4696368.000000 
14687078.000000 5008692.000000 
14128326.000000 6017814.000000 
14424626.000000 5062518.000000 
14830352.000000 4873356.000000 
14375842.000000 5130202.000000 
15592182.000000 4203278.000000 
17321166.000000 3660456.000000 
14955708.000000 4231322.000000 
16386286.000000 3765028.000000 
18250728.000000 3575034.000000 
16219460.000000 4194514.000000 
19322362.000000 3497580.000000 
14324028.000000 5364378.000000 
14142666.000000 5513796.000000 
18082334.000000 3649398.000000 

14749990.000000 5286430.000000 
16062954.000000 4597192.000000 
14992212.000000 4956300.000000 
18357664.000000 3677074.000000 
18154636.000000 3804198.000000 
18236250.000000 3765188.000000 
17516520.000000 3928206.000000 
16310552.000000 4298154.000000 
16405502.000000 4291526.000000 
16012936.000000 4655024.000000 
14553092.000000 5291116.000000 
16930142.000000 4021986.000000 
15718540.000000 4684180.000000 
15030448.000000 4800786.000000 
15695932.000000 4740842.000000 
16009598.000000 4681194.000000 

18051000.000000 3310904.000000 
16920376.000000 3437366.000000 
15819998.000000 3625724.000000 
16322062.000000 3567532.000000 
15692880.000000 3664102.000000 
15501332.000000 4322216.000000 
15625664.000000 4320486.000000 
15173726.000000 4765522.000000 
16739072.000000 3472858.000000 
15276932.000000 4532498.000000 
14760720.000000 5421540.000000 
14861050.000000 5261610.000000 
14799760.000000 5380188.000000 
15084322.000000 5124650.000000 
14839096.000000 5315868.000000 
17177106.000000 3408110.000000 
15011314.000000 5231414.000000 
15059522.000000 5181142.000000 

14573440.000000 4665888.000000 
23912978.000000 3447288.000000 
15291126.000000 4419378.000000 
14216110.000000 4874002.000000 
15289364.000000 4455156.000000 
16159694.000000 3924620.000000 
15633582.000000 3971776.000000 
16551962.000000 3802792.000000 
16726204.000000 3760396.000000 
18051080.000000 3502760.000000 
19033296.000000 3473216.000000 
16354178.000000 3875146.000000 
17287344.000000 3736334.000000 
17703326.000000 3601780.000000 

15742040.000000 4357738.000000 
17406306.000000 3199462.000000 
18121532.000000 3061078.000000 
16185478.000000 3597524.000000 
16827024.000000 3215932.000000 
16324802.000000 3287554.000000 
16512202.000000 3232388.000000 
16133892.000000 3720336.000000 
14593748.000000 4820592.000000 
13911688.000000 4876622.000000 
15451066.000000 4690210.000000 
15633878.000000 4434384.000000 
16021220.000000 3785258.000000 
15945926.000000 3941316.000000 
15870424.000000 4196542.000000 
15901248.000000 4125960.000000 

18949788.000000 3462716.000000 
17398204.000000 3719212.000000 
17790068.000000 3714118.000000 
14477122.000000 5658154.000000 
20324552.000000 3453612.000000 
17175082.000000 3845538.000000 
16852728.000000 3974468.000000 
16229916.000000 4137914.000000 
14608434.000000 5415316.000000 
17216580.000000 3743014.000000 
17313172.000000 3720656.000000 
15814606.000000 4412574.000000 
15271906.000000 4632840.000000 
14858718.000000 4839218.000000 
20456322.000000 3430774.000000 
17208518.000000 3754922.000000 

15229708.000000 4691858.000000 
15147052.000000 5127838.000000 
14843308.000000 6153572.000000 
15076542.000000 5333678.000000 
18106968.000000 3682790.000000 
16350088.000000 4189384.000000 
17263146.000000 3745382.000000 
16276368.000000 4224552.000000 
15693196.000000 4392624.000000 
16855744.000000 4017774.000000 
16479560.000000 4130402.000000 

15849330.000000 3606992.000000 
16828426.000000 3351852.000000 
17512972.000000 3287574.000000 
17014616.000000 3303614.000000 
17700104.000000 3166830.000000 
15728182.000000 3807468.000000 
16251842.000000 3469692.000000 
16099220.000000 3473540.000000 
17726100.000000 3160274.000000 
17958882.000000 3145918.000000 
14731306.000000 4453802.000000 
14720138.000000 4515778.000000 
14884234.000000 4153100.000000 
15117688.000000 3942778.000000 
15885998.000000 3487314.000000 
16038620.000000 3483466.000000 

19586660.000000 3590160.000000 
20096334.000000 3497298.000000 
19901986.000000 3527344.000000 
17197972.000000 3652022.000000 
16278342.000000 3768268.000000 
16591064.000000 3766422.000000 
16236270.000000 3797602.000000 
15252432.000000 7325510.000000 
17027260.000000 3679062.000000 
17057850.000000 3675856.000000 
16110534.000000 3917734.000000 
15289202.000000 5689652.000000 
15877104.000000 4288610.000000 
19601158.000000 3564478.000000 
15903308.000000 3941374.000000 

16808776.000000 3708602.000000 
14797370.000000 5226482.000000 
17191456.000000 3544532.000000 
18430420.000000 3268662.000000 
18384310.000000 3324878.000000 
19132636.000000 3173454.000000 
19874630.000000 3108540.000000 
19742722.000000 3133106.000000 
19587708.000000 3156524.000000 
17813186.000000 3338630.000000 
17782170.000000 3394762.000000 
14899832.000000 3918440.000000 
17009146.000000 3662048.000000 
20022116.000000 3096788.000000 
18837604.000000 3194030.000000 
18651662.000000 3263606.000000 
17135734.000000 3631770.000000 
17709928.000000 3508070.000000 
15934492.000000 3783258.000000 

