16979804.000000 3671558.000000 
15133240.000000 4240158.000000 
15122680.000000 4322400.000000 
15215060.000000 4230172.000000 
17739576.000000 3513634.000000 
16931144.000000 3715278.000000 
18285854.000000 3497122.000000 
17566448.000000 3543306.000000 
17265732.000000 3647098.000000 
18770736.000000 3367478.000000 
17389766.000000 3566156.000000 
15223314.000000 4066660.000000 
15281836.000000 4043898.000000 
15773850.000000 3804740.000000 
15753454.000000 4039152.000000 

17970646.000000 4472618.000000 
15339026.000000 5548960.000000 
15261036.000000 5960660.000000 
20561722.000000 4180880.000000 
19557770.000000 4196998.000000 
19357968.000000 4244888.000000 
18468592.000000 4321846.000000 
15784462.000000 5012520.000000 
15539772.000000 5426924.000000 
16238304.000000 4967564.000000 
17819218.000000 4477428.000000 
18076936.000000 4338390.000000 
17406832.000000 4664700.000000 
16755160.000000 4767506.000000 
17142754.000000 4733800.000000 
16434332.000000 4840484.000000 

16287526.000000 5227278.000000 
15842894.000000 5693210.000000 
16944282.000000 3614048.000000 
19589034.000000 3489602.000000 
19252716.000000 3512154.000000 
19244890.000000 3559370.000000 
16536344.000000 4160330.000000 
16608714.000000 3623150.000000 
16465878.000000 4202164.000000 
16556752.000000 4084456.000000 
16599068.000000 3668882.000000 
19847048.000000 3479676.000000 
17373104.000000 3593106.000000 
16331474.000000 4740530.000000 

16669952.000000 3229424.000000 
15757550.000000 6532184.000000 
16199114.000000 3422774.000000 
16307748.000000 3234874.000000 
16657352.000000 3231478.000000 
16739912.000000 3191230.000000 
15978958.000000 4570834.000000 
16053736.000000 4565600.000000 

17544726.000000 3428614.000000 
17506130.000000 3469004.000000 
17525066.000000 3455016.000000 
18040248.000000 3416848.000000 
18215662.000000 3390686.000000 
15819958.000000 4716040.000000 
15708684.000000 4876152.000000 
21203206.000000 3375286.000000 
16118404.000000 4069970.000000 
16544796.000000 3705812.000000 
16247648.000000 3823010.000000 
15852246.000000 4176232.000000 
16245334.000000 4021406.000000 
14885756.000000 6272906.000000 
15250268.000000 5723962.000000 
15468834.000000 5004274.000000 
15521820.000000 4984600.000000 

15763476.000000 4574258.000000 
15396524.000000 4706446.000000 
16368062.000000 4327672.000000 
16030326.000000 4449124.000000 
19288954.000000 3493748.000000 
19244578.000000 3501254.000000 
19289300.000000 3450680.000000 
15287812.000000 4858184.000000 
15841038.000000 4570308.000000 
15507904.000000 4626188.000000 
16456592.000000 4323306.000000 
16150330.000000 4380374.000000 
16944480.000000 4065268.000000 
17220606.000000 3699808.000000 
17056936.000000 4060442.000000 
22858982.000000 3441930.000000 
18966284.000000 3598138.000000 
17995202.000000 3650918.000000 
17219026.000000 3891200.000000 
17108562.000000 3906020.000000 
17968002.000000 3651198.000000 
17936186.000000 3666890.000000 
18272274.000000 3647322.000000 
15038758.000000 6001358.000000 
15141764.000000 5922084.000000 

16978264.000000 4516486.000000 
15539302.000000 5421206.000000 
16183790.000000 4939144.000000 
18511674.000000 3722534.000000 
17355792.000000 4493102.000000 
18081664.000000 3725292.000000 
17359408.000000 3810706.000000 
18912140.000000 3615864.000000 
18665934.000000 3643894.000000 
16586338.000000 4647288.000000 
14952392.000000 6255824.000000 
17886428.000000 3735920.000000 
18507628.000000 3725014.000000 
18540824.000000 3712702.000000 
17486428.000000 3744136.000000 
19470780.000000 3377266.000000 
19348126.000000 3600248.000000 
18705924.000000 3636502.000000 

16364622.000000 4840936.000000 
15798644.000000 5685788.000000 
17015944.000000 4441624.000000 
16503624.000000 4779230.000000 
16533196.000000 4486206.000000 
17084744.000000 4340924.000000 
16082030.000000 5415012.000000 
17018662.000000 4357510.000000 
19492010.000000 3419262.000000 
17447334.000000 3425672.000000 
17008136.000000 4480128.000000 
16206614.000000 5276790.000000 
17299508.000000 4084592.000000 
17313862.000000 3444850.000000 
15682446.000000 6090290.000000 

16247802.000000 4255198.000000 
15377938.000000 4604176.000000 
15606740.000000 4452434.000000 
15024586.000000 4686702.000000 
16975034.000000 3692832.000000 
17274914.000000 3676364.000000 
15754780.000000 4270762.000000 
16941298.000000 3722814.000000 
16272524.000000 3918728.000000 

16322904.000000 4035570.000000 
16039644.000000 4072770.000000 
18949914.000000 3798036.000000 
15457970.000000 4482532.000000 
15757596.000000 4207034.000000 
15492564.000000 4328100.000000 
15382256.000000 5705696.000000 
17352236.000000 4011158.000000 
17460232.000000 3924348.000000 
18692214.000000 3813548.000000 
15290610.000000 5987254.000000 

17257498.000000 3331440.000000 
17792680.000000 3127168.000000 
17056030.000000 4326278.000000 
16580262.000000 4343382.000000 
15615008.000000 6552178.000000 
15763380.000000 4478222.000000 
15787182.000000 4477128.000000 
15753896.000000 6449136.000000 
16403390.000000 4379920.000000 
17631340.000000 3170258.000000 
17675812.000000 3154554.000000 
17060080.000000 4303938.000000 
15650446.000000 6543984.000000 

14991338.000000 5061428.000000 
17402144.000000 3600504.000000 
15029426.000000 4687442.000000 
21072664.000000 3494500.000000 
15032618.000000 4112720.000000 
14839682.000000 5192026.000000 
21022302.000000 3496504.000000 
16167852.000000 3860948.000000 
18362736.000000 3537688.000000 
17666864.000000 3577862.000000 
15457790.000000 4057222.000000 
15846442.000000 4014048.000000 
18693862.000000 3503500.000000 
16221790.000000 3692856.000000 
16971802.000000 3624564.000000 
16436618.000000 3692012.000000 
17099840.000000 3623720.000000 
17338780.000000 3616036.000000 
15888562.000000 4004882.000000 
16760576.000000 3648880.000000 
17501428.000000 3580568.000000 
18541796.000000 3519366.000000 
17642332.000000 3580522.000000 
16683014.000000 3674466.000000 
15752148.000000 4018806.000000 
16199682.000000 3855658.000000 
15955396.000000 3891772.000000 
16154436.000000 3874082.000000 
16146902.000000 3878640.000000 

15835460.000000 5718678.000000 
17060938.000000 3450246.000000 
17832766.000000 3346984.000000 
18034094.000000 3317528.000000 
18069544.000000 3306644.000000 
17498476.000000 3384392.000000 
15967296.000000 4456494.000000 
16697854.000000 4280816.000000 
15913740.000000 5530978.000000 
16489206.000000 4365090.000000 

18433660.000000 3563736.000000 
15197248.000000 4944586.000000 
15066560.000000 5028992.000000 
18335548.000000 3567876.000000 
18020968.000000 3612466.000000 
17797686.000000 3650022.000000 
14414660.000000 6772748.000000 
14435452.000000 6470418.000000 
18106448.000000 3577420.000000 
15407764.000000 4026374.000000 
15541460.000000 3969974.000000 
15608482.000000 3815392.000000 
16958532.000000 3761404.000000 
16924912.000000 3789830.000000 
14749340.000000 5132782.000000 
14593646.000000 5174056.000000 
14530172.000000 5453732.000000 
14624856.000000 5141204.000000 
14571936.000000 5346470.000000 
15482922.000000 3989910.000000 
19325430.000000 3490480.000000 
18998218.000000 3507124.000000 
19317434.000000 3496580.000000 
18997782.000000 3538414.000000 

14368840.000000 5590890.000000 
14736212.000000 5350818.000000 
14983398.000000 5240520.000000 
16522818.000000 4381896.000000 
15855794.000000 4755212.000000 
14981150.000000 5316984.000000 
15847592.000000 4771974.000000 
14326730.000000 5863998.000000 
14329424.000000 5676322.000000 
16892990.000000 4008634.000000 
16574462.000000 4335428.000000 
16335154.000000 4531060.000000 
16514006.000000 4431320.000000 
16638506.000000 4332408.000000 
16532200.000000 4372600.000000 
16666798.000000 4119346.000000 
17053866.000000 4000378.000000 
14754052.000000 5349168.000000 
17097258.000000 3890030.000000 
17637932.000000 3816440.000000 
14792386.000000 5333298.000000 
17099356.000000 3873444.000000 
16098834.000000 4732172.000000 
14626304.000000 5371254.000000 
17070374.000000 3998726.000000 
15809028.000000 5120164.000000 
16288832.000000 4568122.000000 
15433648.000000 5221248.000000 
18148548.000000 3802002.000000 
18118358.000000 3803742.000000 

17080922.000000 4391360.000000 
19073892.000000 3839470.000000 
17534336.000000 4120668.000000 
18113492.000000 3878474.000000 
17951152.000000 3955330.000000 
15762822.000000 4813446.000000 
15749420.000000 4975328.000000 
16327882.000000 4558684.000000 
16171392.000000 4635618.000000 
16136642.000000 4741664.000000 
16822654.000000 4541080.000000 
23959136.000000 3626294.000000 
22094074.000000 3667250.000000 
22032676.000000 3735244.000000 

15503946.000000 4293056.000000 
15390168.000000 5782872.000000 
16870996.000000 3585050.000000 
17168362.000000 3551402.000000 
18273128.000000 3255624.000000 
16706322.000000 4020734.000000 
16518562.000000 4023068.000000 
17574174.000000 3309540.000000 
17682048.000000 3270694.000000 
19559632.000000 3228718.000000 
19536066.000000 3241830.000000 

15706322.000000 4931070.000000 
15763568.000000 3755936.000000 
17159210.000000 3373444.000000 
16084794.000000 3537802.000000 
16539134.000000 3373512.000000 
16471314.000000 3374684.000000 
16222294.000000 3405266.000000 
15671568.000000 5119386.000000 

15340972.000000 4457124.000000 
14967062.000000 4763048.000000 
15570618.000000 4159352.000000 
15726888.000000 4040644.000000 
15376218.000000 4308784.000000 
15135926.000000 4623340.000000 
18565322.000000 3387956.000000 
16190838.000000 3495944.000000 
19050380.000000 3370694.000000 
16424296.000000 3483440.000000 

14151860.000000 5336552.000000 
15639900.000000 3868948.000000 
14251924.000000 4962038.000000 
14550080.000000 4937124.000000 
15572492.000000 3898166.000000 
14729966.000000 3924316.000000 
15782308.000000 3593430.000000 

14920640.000000 4696368.000000 
14830352.000000 4873356.000000 
14375842.000000 5130202.000000 
17236824.000000 3909206.000000 
15449912.000000 4494198.000000 
17972238.000000 3705764.000000 
18159974.000000 3665306.000000 
15719636.000000 4476580.000000 
17093932.000000 4036048.000000 
16526960.000000 4214344.000000 
16591030.000000 4053760.000000 
17366404.000000 3816646.000000 
17461552.000000 3785304.000000 
17720388.000000 3718698.000000 
16470800.000000 4276658.000000 
18353180.000000 3555616.000000 
14687078.000000 5008692.000000 
19505346.000000 3426210.000000 
18156468.000000 3671824.000000 
14324028.000000 5364378.000000 
18250728.000000 3575034.000000 
15301340.000000 4666250.000000 
14640496.000000 5102074.000000 

18367542.000000 3637826.000000 
18269458.000000 3658588.000000 
18036074.000000 3814884.000000 
16786906.000000 4002020.000000 
14553092.000000 5291116.000000 
18944304.000000 3592162.000000 
19080146.000000 3554340.000000 
18756132.000000 3613224.000000 
17594002.000000 3981072.000000 
15718540.000000 4684180.000000 
16595918.000000 4547634.000000 
16062954.000000 4597192.000000 
16144230.000000 4572476.000000 
16009598.000000 4681194.000000 
15618764.000000 4860088.000000 
16732688.000000 4454304.000000 
16677886.000000 4522062.000000 

15330062.000000 4242014.000000 
14977722.000000 4582234.000000 
14898900.000000 4757572.000000 
15692880.000000 3664102.000000 
16195456.000000 3612950.000000 
15276932.000000 4532498.000000 
17177106.000000 3408110.000000 
14725088.000000 4970104.000000 
14683838.000000 5563920.000000 
14511356.000000 6218496.000000 

14582174.000000 4642220.000000 
19702690.000000 3684576.000000 
15931112.000000 4292620.000000 
16160946.000000 3986988.000000 
16269320.000000 3857664.000000 
16017594.000000 4022846.000000 
14269328.000000 4875884.000000 
14134936.000000 4919562.000000 
14570622.000000 4657868.000000 
14596630.000000 4393266.000000 
24117286.000000 3596934.000000 
23874080.000000 3616748.000000 
23215926.000000 3678654.000000 

16038470.000000 3586652.000000 
17703648.000000 3398512.000000 
17137066.000000 3469486.000000 
15985416.000000 3682674.000000 
16583740.000000 3530402.000000 
14687034.000000 4482146.000000 
14113832.000000 4790154.000000 
14835154.000000 4414506.000000 
20576258.000000 3321556.000000 
15657102.000000 3991104.000000 
15657624.000000 3981236.000000 
15745566.000000 3961850.000000 
15945926.000000 3941316.000000 
14352746.000000 4515664.000000 

15827566.000000 4297836.000000 
14037192.000000 5416598.000000 
17216580.000000 3743014.000000 
17313172.000000 3720656.000000 
15717224.000000 4633642.000000 
14283616.000000 5204826.000000 
15894700.000000 4226636.000000 
17141636.000000 3821990.000000 
16229916.000000 4137914.000000 
15114252.000000 4753738.000000 
15249692.000000 4751738.000000 
14858718.000000 4839218.000000 
20456322.000000 3430774.000000 
17208518.000000 3754922.000000 
19093022.000000 3476296.000000 

16658522.000000 3981988.000000 
17848672.000000 3730020.000000 
17681702.000000 3932380.000000 
16350088.000000 4189384.000000 
20172358.000000 3699856.000000 
17732740.000000 3823454.000000 
21963510.000000 3690638.000000 
18303308.000000 3709608.000000 

15678532.000000 4281658.000000 
15458152.000000 4366586.000000 
15824212.000000 4180734.000000 
17827656.000000 3150924.000000 
15963018.000000 3596160.000000 
16126356.000000 3539684.000000 
17014616.000000 3303614.000000 
17512972.000000 3287574.000000 
18163072.000000 3140220.000000 
17958882.000000 3145918.000000 
16038332.000000 3549638.000000 
16665088.000000 3408328.000000 
16828426.000000 3351852.000000 
15957578.000000 4080280.000000 
16922298.000000 3309938.000000 
17700104.000000 3166830.000000 

20823490.000000 3148834.000000 
21009044.000000 3094646.000000 
20030196.000000 3402164.000000 
18272184.000000 3548328.000000 
18685740.000000 3493770.000000 
18558374.000000 3540430.000000 
16278342.000000 3768268.000000 
17345368.000000 3652774.000000 
17668098.000000 3651696.000000 
17313018.000000 3677750.000000 
19648082.000000 3491200.000000 
20068592.000000 3394124.000000 
20159012.000000 3266352.000000 
20315626.000000 3167868.000000 
15611046.000000 4175874.000000 
16098176.000000 4002416.000000 

20432412.000000 3049684.000000 
20022116.000000 3096788.000000 
18784448.000000 3328768.000000 
18410870.000000 3396040.000000 
17878722.000000 3576094.000000 
18668188.000000 3362620.000000 
18175640.000000 3532732.000000 
17594966.000000 3613100.000000 
20167178.000000 3084882.000000 
19547182.000000 3196308.000000 
19742722.000000 3133106.000000 
19664950.000000 3160942.000000 
17872604.000000 3594658.000000 
15015004.000000 5348900.000000 
19398716.000000 3198408.000000 
15269328.000000 4594114.000000 
19210084.000000 3267734.000000 
16439028.000000 3619096.000000 
15044010.000000 5244768.000000 
16392868.000000 4027366.000000 
16394894.000000 3922088.000000 
15659990.000000 4418910.000000 
16092640.000000 4067824.000000 
15863366.000000 4223926.000000 
19348724.000000 3262832.000000 

