17772580.000000 3399478.000000 
16357494.000000 3715808.000000 
15964998.000000 3856054.000000 
15133240.000000 4240158.000000 
15122680.000000 4322400.000000 
15215060.000000 4230172.000000 
18455826.000000 3111366.000000 
17245704.000000 3590702.000000 
17299288.000000 3450958.000000 
16889866.000000 3590766.000000 
18321912.000000 3263830.000000 
15890362.000000 3993716.000000 
16281138.000000 3853814.000000 
15768652.000000 4120648.000000 
15850970.000000 4008312.000000 
15313206.000000 4213482.000000 

15339026.000000 5548960.000000 
17970646.000000 4472618.000000 
15261036.000000 5960660.000000 
20561722.000000 4180880.000000 
19557770.000000 4196998.000000 
19357968.000000 4244888.000000 
18468592.000000 4321846.000000 
15784462.000000 5012520.000000 
15539772.000000 5426924.000000 
16238304.000000 4967564.000000 
17819218.000000 4477428.000000 
18076936.000000 4338390.000000 
17406832.000000 4664700.000000 
16755160.000000 4767506.000000 
17142754.000000 4733800.000000 
16434332.000000 4840484.000000 

15221556.000000 4799244.000000 
15001026.000000 5856586.000000 
16944282.000000 3614048.000000 
15865786.000000 4321768.000000 
19589034.000000 3489602.000000 
19252716.000000 3512154.000000 
19244890.000000 3559370.000000 
16357250.000000 3950020.000000 
16511380.000000 3769512.000000 
16291696.000000 3996578.000000 
16608714.000000 3623150.000000 
16599068.000000 3668882.000000 
19847048.000000 3479676.000000 
17373104.000000 3593106.000000 

15749342.000000 3942284.000000 
15832476.000000 3769936.000000 
15964872.000000 3707994.000000 
16657352.000000 3231478.000000 
16739912.000000 3191230.000000 
15039740.000000 4877984.000000 
14869560.000000 5119438.000000 
15098372.000000 4830392.000000 
15638910.000000 4428684.000000 
15809572.000000 3771446.000000 
15924718.000000 3714596.000000 
15307866.000000 4546178.000000 
15408906.000000 4461970.000000 
15465934.000000 4456470.000000 
16199114.000000 3422774.000000 
16648150.000000 3325256.000000 
15374908.000000 4540768.000000 
14921030.000000 5084030.000000 
15149842.000000 4794984.000000 

17638204.000000 3448058.000000 
17525066.000000 3455016.000000 
16920830.000000 3553218.000000 
18040248.000000 3416848.000000 
18215662.000000 3390686.000000 
17667092.000000 3435100.000000 
16822182.000000 3595606.000000 
16790618.000000 3924166.000000 
16162122.000000 4027620.000000 
15331828.000000 4282060.000000 
14687272.000000 4596624.000000 
14838462.000000 4578778.000000 
15276270.000000 4410098.000000 
15301754.000000 4382104.000000 
15355628.000000 4263906.000000 
15410118.000000 4249284.000000 
15697208.000000 4127130.000000 
21203206.000000 3375286.000000 
16118404.000000 4069970.000000 
16087810.000000 4095866.000000 
15117684.000000 4451242.000000 
15250076.000000 4432814.000000 
16245334.000000 4021406.000000 
14724448.000000 4589842.000000 
15052262.000000 4495510.000000 
16422070.000000 3974262.000000 
17955214.000000 3435056.000000 
16844218.000000 3575942.000000 

13930100.000000 5492896.000000 
19288954.000000 3493748.000000 
14403520.000000 4975504.000000 
15090714.000000 4156098.000000 
14914052.000000 4364508.000000 
14696152.000000 4502836.000000 
22858982.000000 3441930.000000 
17995202.000000 3650918.000000 
18966284.000000 3598138.000000 
22436964.000000 3457492.000000 
17219026.000000 3891200.000000 
17968002.000000 3651198.000000 
17245694.000000 3890300.000000 
22367708.000000 3462034.000000 
17936186.000000 3666890.000000 
17108562.000000 3906020.000000 
18272274.000000 3647322.000000 

16183262.000000 4871498.000000 
15717230.000000 5166814.000000 
14777526.000000 5689080.000000 
14654432.000000 5797330.000000 
15070124.000000 5535210.000000 
15241874.000000 5287570.000000 
17048726.000000 4086048.000000 
15589680.000000 5190492.000000 
17097058.000000 3971496.000000 
17768550.000000 3601202.000000 
17194976.000000 3705464.000000 
17143104.000000 3710034.000000 
17526752.000000 3651576.000000 
16525692.000000 4634496.000000 
19470780.000000 3377266.000000 
19348126.000000 3600248.000000 

16069008.000000 4430602.000000 
16646546.000000 4206588.000000 
15132244.000000 4845086.000000 
17299022.000000 4095536.000000 
19492010.000000 3419262.000000 
17447334.000000 3425672.000000 
15948088.000000 4728120.000000 
14428984.000000 5083066.000000 
15343628.000000 4819042.000000 
14987442.000000 4877448.000000 
17299508.000000 4084592.000000 
17295476.000000 4147170.000000 
17364002.000000 4012322.000000 
16483914.000000 4347782.000000 
15147478.000000 4828840.000000 
14493144.000000 4983172.000000 
14019920.000000 5466938.000000 

19647592.000000 3604620.000000 
18351090.000000 3619022.000000 
16922902.000000 3645806.000000 
16826092.000000 3666524.000000 
16247802.000000 4255198.000000 
15377938.000000 4604176.000000 
15606740.000000 4452434.000000 
15024586.000000 4686702.000000 
15754780.000000 4270762.000000 
16272524.000000 3918728.000000 

17290470.000000 3995308.000000 
20299130.000000 3795576.000000 
21812988.000000 3786438.000000 
16084616.000000 4089154.000000 
18247450.000000 3887038.000000 
17126104.000000 4049576.000000 
17005226.000000 4056870.000000 
15499202.000000 4635902.000000 
18359814.000000 3876216.000000 
16373074.000000 4064724.000000 
18580092.000000 3813518.000000 
17594122.000000 3910898.000000 
17460232.000000 3924348.000000 
16992046.000000 4062774.000000 
18491156.000000 3842230.000000 
16284722.000000 4073158.000000 
18837792.000000 3797862.000000 
15414224.000000 6174550.000000 
15460806.000000 6142354.000000 

17257498.000000 3331440.000000 
17792680.000000 3127168.000000 
15158534.000000 4941580.000000 
15127406.000000 5047746.000000 
14602744.000000 5090766.000000 
14456688.000000 5156570.000000 
15559384.000000 4806740.000000 
16080040.000000 4467000.000000 
15763380.000000 4478222.000000 
15787182.000000 4477128.000000 
16317658.000000 4440910.000000 
17479268.000000 3266470.000000 
16589398.000000 3487318.000000 
16403390.000000 4379920.000000 

14630624.000000 4396570.000000 
17402144.000000 3600504.000000 
18541796.000000 3519366.000000 
14444442.000000 4711618.000000 
14296120.000000 4874176.000000 
18517938.000000 3559644.000000 
17666864.000000 3577862.000000 
15032618.000000 4112720.000000 
21022302.000000 3496504.000000 
16167852.000000 3860948.000000 
15288976.000000 4067730.000000 
14801914.000000 4273640.000000 
14199226.000000 5167454.000000 
15457790.000000 4057222.000000 
18693862.000000 3503500.000000 
16221790.000000 3692856.000000 
16971802.000000 3624564.000000 
16436618.000000 3692012.000000 
17099840.000000 3623720.000000 
15641790.000000 3938014.000000 
15955396.000000 3891772.000000 
16154436.000000 3874082.000000 
16146902.000000 3878640.000000 
16760576.000000 3648880.000000 
17501428.000000 3580568.000000 
17642332.000000 3580522.000000 
16683014.000000 3674466.000000 
15608442.000000 4012700.000000 
14197612.000000 5324296.000000 
15645200.000000 3921448.000000 
16199682.000000 3855658.000000 

16486326.000000 3878948.000000 
16324218.000000 3918796.000000 
17060938.000000 3450246.000000 
17832766.000000 3346984.000000 
18034094.000000 3317528.000000 
18069544.000000 3306644.000000 
16294982.000000 3936630.000000 
17498476.000000 3384392.000000 
17059266.000000 3809746.000000 
16451530.000000 3894170.000000 
15873398.000000 4142358.000000 
15902634.000000 4124524.000000 
15028594.000000 5606106.000000 
15244996.000000 5557390.000000 
14942094.000000 5640804.000000 
14959672.000000 5635440.000000 
15787028.000000 5304904.000000 
16038862.000000 4099468.000000 
16073658.000000 4084246.000000 

15482922.000000 3989910.000000 
15407764.000000 4026374.000000 
15638662.000000 3906448.000000 
15197248.000000 4944586.000000 
15066560.000000 5028992.000000 
20611992.000000 3283860.000000 
14414660.000000 6772748.000000 
14435452.000000 6470418.000000 
21515028.000000 3219642.000000 
21079658.000000 3253500.000000 
21032080.000000 3269584.000000 
20596710.000000 3307222.000000 
16779098.000000 3873400.000000 
14593646.000000 5174056.000000 
14530172.000000 5453732.000000 
17178466.000000 3550132.000000 
17755902.000000 3407982.000000 
18464132.000000 3348234.000000 
18652804.000000 3330374.000000 
17611748.000000 3476736.000000 
14749340.000000 5132782.000000 
14624856.000000 5141204.000000 
14571936.000000 5346470.000000 
16806144.000000 3823892.000000 
17142474.000000 3796166.000000 

14736212.000000 5350818.000000 
14983398.000000 5240520.000000 
14754052.000000 5349168.000000 
17097258.000000 3890030.000000 
19329834.000000 3622418.000000 
17667488.000000 3684534.000000 
17634732.000000 3697022.000000 
16522818.000000 4381896.000000 
15847592.000000 4771974.000000 
15855794.000000 4755212.000000 
14981150.000000 5316984.000000 
14326730.000000 5863998.000000 
14413752.000000 5673806.000000 
14329424.000000 5676322.000000 
16335154.000000 4531060.000000 
21066510.000000 3354252.000000 
21005184.000000 3375922.000000 
19657510.000000 3400640.000000 
19420748.000000 3507934.000000 
16666798.000000 4119346.000000 
14792386.000000 5333298.000000 
17099356.000000 3873444.000000 
16098834.000000 4732172.000000 
14626304.000000 5371254.000000 
16530368.000000 4183432.000000 
16687572.000000 4103384.000000 
16750104.000000 3970708.000000 
16920774.000000 3945750.000000 
15809028.000000 5120164.000000 
16288832.000000 4568122.000000 
15433648.000000 5221248.000000 

19974432.000000 3710614.000000 
20136124.000000 3633254.000000 
21096592.000000 3592720.000000 
17080922.000000 4391360.000000 
16822654.000000 4541080.000000 
19073892.000000 3839470.000000 
17534336.000000 4120668.000000 
18113492.000000 3878474.000000 
17951152.000000 3955330.000000 
22302274.000000 3539882.000000 
15762822.000000 4813446.000000 
15749420.000000 4975328.000000 
16327882.000000 4558684.000000 
16171392.000000 4635618.000000 
16136642.000000 4741664.000000 

16403108.000000 4376162.000000 
15660726.000000 4426814.000000 
15228848.000000 4756136.000000 
15130820.000000 4870696.000000 
14352486.000000 5090330.000000 
15372776.000000 4509672.000000 
16445408.000000 4320648.000000 
16870996.000000 3585050.000000 
17168362.000000 3551402.000000 
17574174.000000 3309540.000000 
17682048.000000 3270694.000000 
14975412.000000 5057168.000000 
15182862.000000 4855386.000000 
16820458.000000 4000922.000000 
16706322.000000 4020734.000000 
16518562.000000 4023068.000000 
15907186.000000 4423748.000000 
19559632.000000 3228718.000000 
19536066.000000 3241830.000000 

14902178.000000 4475036.000000 
15879838.000000 3581724.000000 
15603102.000000 3738830.000000 
15367156.000000 3904230.000000 
14527368.000000 5045960.000000 
16084794.000000 3537802.000000 
15725444.000000 3706354.000000 
16539134.000000 3373512.000000 
16471314.000000 3374684.000000 
16222294.000000 3405266.000000 

15529060.000000 4290034.000000 
14738332.000000 4829474.000000 
14883334.000000 4740858.000000 
15570618.000000 4159352.000000 
15726888.000000 4040644.000000 
15376218.000000 4308784.000000 
15135926.000000 4623340.000000 
18565322.000000 3387956.000000 
16190838.000000 3495944.000000 
19050380.000000 3370694.000000 
16424296.000000 3483440.000000 

14949310.000000 4248172.000000 
15186242.000000 3967532.000000 
14953660.000000 4227602.000000 
14151860.000000 5336552.000000 
15639900.000000 3868948.000000 
14251924.000000 4962038.000000 
14550080.000000 4937124.000000 
15572492.000000 3898166.000000 
14851426.000000 4898502.000000 
14895592.000000 4888100.000000 
15157752.000000 4148398.000000 
15154052.000000 4168934.000000 
16146022.000000 3687916.000000 
16216100.000000 3623952.000000 
14846284.000000 4927846.000000 

14920640.000000 4696368.000000 
14366178.000000 5224242.000000 
14375842.000000 5130202.000000 
17236824.000000 3909206.000000 
17972238.000000 3705764.000000 
18159974.000000 3665306.000000 
14940296.000000 4670694.000000 
17093932.000000 4036048.000000 
16591030.000000 4053760.000000 
16287266.000000 4182892.000000 
17366404.000000 3816646.000000 
17461552.000000 3785304.000000 
17720388.000000 3718698.000000 
15567752.000000 4465766.000000 
15934198.000000 4343640.000000 
18353180.000000 3555616.000000 
14687078.000000 5008692.000000 
19577764.000000 3512188.000000 
18156468.000000 3671824.000000 
14324028.000000 5364378.000000 
18250728.000000 3575034.000000 
14841130.000000 4892790.000000 
15301340.000000 4666250.000000 
15402466.000000 4509866.000000 
15429736.000000 4471628.000000 
15391060.000000 4567476.000000 
14172992.000000 5412760.000000 
14128326.000000 6017814.000000 
14640496.000000 5102074.000000 
14142666.000000 5513796.000000 

15132040.000000 5030630.000000 
14833958.000000 5254686.000000 
14715380.000000 5285252.000000 
14548326.000000 5998952.000000 
14553092.000000 5291116.000000 
18944304.000000 3592162.000000 
19080146.000000 3554340.000000 
18756132.000000 3613224.000000 
18668016.000000 3755822.000000 
17594002.000000 3981072.000000 
15718540.000000 4684180.000000 
17531938.000000 4191214.000000 
16846948.000000 4307406.000000 
16595918.000000 4547634.000000 
16062954.000000 4597192.000000 
16144230.000000 4572476.000000 
16009598.000000 4681194.000000 
15618764.000000 4860088.000000 
16732688.000000 4454304.000000 
16815024.000000 4428988.000000 
16677886.000000 4522062.000000 

16334930.000000 3841746.000000 
14964918.000000 4938212.000000 
15026700.000000 4650064.000000 
16863760.000000 3657350.000000 
16340852.000000 3758730.000000 
15770304.000000 3936172.000000 
22778560.000000 3094810.000000 
22135490.000000 3110812.000000 
21406240.000000 3252700.000000 
15427206.000000 4314066.000000 
15276932.000000 4532498.000000 
18446584.000000 3316610.000000 
14725088.000000 4970104.000000 
17177106.000000 3408110.000000 
14683838.000000 5563920.000000 
14511356.000000 6218496.000000 
14986816.000000 4873974.000000 

14290970.000000 5044004.000000 
14246206.000000 5052624.000000 
14564902.000000 5005982.000000 
14522922.000000 5016570.000000 
14582174.000000 4642220.000000 
14573440.000000 4665888.000000 
15525082.000000 3890006.000000 
18569888.000000 3381016.000000 
17847930.000000 3406628.000000 
20729862.000000 3316028.000000 
15429166.000000 4548232.000000 
17703326.000000 3601780.000000 
17128960.000000 3745288.000000 
15293068.000000 4550522.000000 

16038470.000000 3586652.000000 
15985416.000000 3682674.000000 
18444338.000000 2992490.000000 
18492884.000000 2965432.000000 
17991692.000000 3043960.000000 
17864290.000000 3246460.000000 
17153702.000000 3462184.000000 
16583740.000000 3530402.000000 
17854310.000000 3388400.000000 
17618464.000000 3457788.000000 
14687034.000000 4482146.000000 
17703648.000000 3398512.000000 
14835154.000000 4414506.000000 
17137066.000000 3469486.000000 
15657102.000000 3991104.000000 
15657624.000000 3981236.000000 
15745566.000000 3961850.000000 
15945926.000000 3941316.000000 
14352746.000000 4515664.000000 

20765402.000000 3369566.000000 
20771092.000000 3353122.000000 
14522364.000000 5583048.000000 
14477122.000000 5658154.000000 
19756776.000000 3407090.000000 
17216580.000000 3743014.000000 
17313172.000000 3720656.000000 
17141636.000000 3821990.000000 
19255702.000000 3415460.000000 
19243586.000000 3430384.000000 
16229916.000000 4137914.000000 
19171122.000000 3448054.000000 
19020740.000000 3494350.000000 
15168320.000000 4816518.000000 
16810856.000000 4089724.000000 
15738572.000000 4575092.000000 
15271906.000000 4632840.000000 
16208820.000000 4439472.000000 
15900434.000000 4574614.000000 
14858718.000000 4839218.000000 
17208518.000000 3754922.000000 
19093022.000000 3476296.000000 
15988052.000000 4572368.000000 

16658522.000000 3981988.000000 
14629140.000000 4819260.000000 
13965392.000000 5032338.000000 
13938654.000000 5374984.000000 
15511660.000000 4780202.000000 
16556876.000000 4141312.000000 
17848672.000000 3730020.000000 
16350088.000000 4189384.000000 
20172358.000000 3699856.000000 
17732740.000000 3823454.000000 
21963510.000000 3690638.000000 
15894744.000000 4433738.000000 
15875536.000000 4467556.000000 
15896208.000000 4407828.000000 
18303308.000000 3709608.000000 

16251842.000000 3469692.000000 
15440782.000000 3897282.000000 
15236492.000000 4104870.000000 
15241386.000000 3914584.000000 
14999812.000000 4118074.000000 
14884234.000000 4153100.000000 
15825000.000000 3866640.000000 
15849330.000000 3606992.000000 
15963018.000000 3596160.000000 
17014616.000000 3303614.000000 
17512972.000000 3287574.000000 
17851632.000000 3234904.000000 
18163072.000000 3140220.000000 
17958882.000000 3145918.000000 
16038332.000000 3549638.000000 
16665088.000000 3408328.000000 
16828426.000000 3351852.000000 
14720138.000000 4515778.000000 
14865092.000000 4295166.000000 
16038620.000000 3483466.000000 

20823490.000000 3148834.000000 
21009044.000000 3094646.000000 
15482908.000000 6397710.000000 
15529600.000000 4873360.000000 
15611046.000000 4175874.000000 
15370966.000000 6524490.000000 
17096916.000000 3586824.000000 
19475676.000000 3524602.000000 
19135388.000000 3543808.000000 
18939510.000000 3574844.000000 
16278342.000000 3768268.000000 
19648082.000000 3491200.000000 
20068592.000000 3394124.000000 
20159012.000000 3266352.000000 
20315626.000000 3167868.000000 
15903308.000000 3941374.000000 

20167178.000000 3084882.000000 
20432412.000000 3049684.000000 
20022116.000000 3096788.000000 
18410870.000000 3396040.000000 
17878722.000000 3576094.000000 
18668188.000000 3362620.000000 
19132134.000000 3352302.000000 
17442038.000000 3683790.000000 
17594966.000000 3613100.000000 
14899832.000000 3918440.000000 
14763426.000000 3930010.000000 
19547182.000000 3196308.000000 
19742722.000000 3133106.000000 
19664950.000000 3160942.000000 
16808776.000000 3708602.000000 
16637138.000000 3873744.000000 
19398716.000000 3198408.000000 
19210084.000000 3267734.000000 
19348724.000000 3262832.000000 

