27200 28879 
26481 29399 
29282 26150 
26511 29381 
26140 29596 
28009 27994 
26987 29199 
26513 29335 
29635 25820 
24445 30094 
27693 28208 
24529 30044 
27185 28927 
26302 29464 
29404 26001 
27991 27999 
24528 30089 
26512 29380 
27514 28562 
27372 28723 
29193 26251 
27628 28349 
29636 25724 
26141 29551 
24804 29961 
26432 29412 
29168 26320 
27767 28123 
27646 28344 
25236 29872 
25295 29796 
28192 27644 
26329 29422 
27381 28693 
26287 29512 
26632 29285 
26643 29231 
29489 25996 
24845 29931 
29843 24691 
26502 29385 
26303 29449 
24924 29920 
27523 28532 
29976 24383 
29946 24401 
29116 26377 
26130 29601 
29029 26378 
28999 26396 
26618 29300 
28034 27925 
28016 27930 
25822 29627 
27660 28329 
27671 28275 
27705 28134 
29275 26180 
29700 25339 
29734 24900 
28979 27016 
28949 27034 
28280 27548 
28324 27511 
27918 28070 
27850 28098 
28603 27436 
25168 29900 
28114 27681 
28046 27709 
28061 27686 
28047 27701 
25772 29775 
25704 29786 
28038 27727 
29868 24622 
27768 28108 
29705 24907 
28295 27518 
24794 30000 

23999 30092 
26032 29638 
27281 28729 
28601 27528 
29575 25827 
29224 26617 
29340 26375 
29721 25508 
27270 28779 
28932 26833 
29576 25808 
24654 30083 
29587 25758 
29653 25671 
27138 28833 
28552 27582 
28184 27907 
29642 25695 
29771 25430 
26584 29372 
29807 24699 
28117 27949 
29242 26612 
27565 28430 
24704 30005 
28239 27678 
27081 28877 
27556 28460 
28068 28201 
27777 28249 
29309 26479 
27692 28291 
29014 26743 
28999 26791 
29638 25719 
29782 25406 
28586 27576 
28377 27599 
26735 29343 
24696 30080 
28854 26868 
29249 26578 
25372 29784 
28590 27552 
28746 26988 
24908 29961 
25978 29657 
25641 29744 
29001 26774 
27067 28892 
26967 29000 
26033 29593 
25556 29749 
24715 29981 
26046 29577 
30086 23081 
29343 26271 
26786 29140 
27674 28296 
26724 29367 
27717 28257 
27586 28428 
25514 29752 
27538 28469 
27269 28798 
28188 27883 
29003 26767 
27180 28830 
27523 28482 
28768 26908 
29318 26449 
26925 29003 
28199 27859 
28295 27660 
29267 26573 
28057 28225 
29336 26430 
24041 30089 
26018 29641 
27759 28254 
27268 28799 
27259 28803 
28159 27946 
28173 27931 
28717 27371 
28345 27615 
28306 27636 
27094 28864 
28974 26830 
28988 26815 
28810 26905 
30045 23123 
30075 23105 
29763 25505 
30025 24321 
27210 28818 
28568 27579 
29389 25848 
29474 25843 
27052 28995 
29565 25832 
26239 29419 
25353 29835 
26103 29544 
28825 26875 
25669 29701 
26843 29107 
26281 29416 

27207 28867 
27028 29028 
28319 27620 
29165 26381 
27371 28719 
30014 24240 
27309 28731 
28125 28073 
28053 28167 
24385 30023 
27130 28887 
27010 29033 
29001 26755 
28766 27062 
27256 28834 
29542 25690 
28107 28078 
28408 27385 
26916 29066 
29560 25685 
27078 28917 
28420 27372 
28361 27617 
27705 28268 
24428 30021 
25472 29744 
27755 28190 
26728 29107 
28817 27029 
28181 27920 
27088 28890 
27661 28297 
25412 29752 
26958 29063 
29972 24243 
24288 30063 
29780 25267 
27747 28265 
25032 29984 
25931 29635 
28462 27369 
28035 28172 
25402 29779 
25994 29630 
27257 28789 
29480 25841 
27148 28882 
26008 29615 
26030 29606 
28757 27143 
28464 27367 
28808 27059 
25888 29668 
29292 25858 
25924 29665 
26345 29371 
28748 27173 
26422 29363 
29029 26656 
27389 28714 
29609 25393 
28405 27580 
25360 29782 
29248 26181 
26177 29542 
29505 25772 
26341 29387 
27351 28728 
25034 29938 
26511 29239 
25673 29720 
26291 29460 
29653 25356 
28566 27184 
28556 27223 
28514 27226 
26568 29178 
29871 25116 
29798 25262 
25486 29729 
25454 29749 
29574 25670 
26227 29464 
26226 29509 
30028 24225 
29252 25919 
29462 25846 
29487 25777 
29221 26363 
29207 26378 
29151 26398 
28506 27332 
26426 29347 
29019 26750 
25353 29835 
29054 26587 
24303 30033 
27042 29013 
26968 29036 
26743 29077 
23819 30117 
23777 30120 
27414 28645 
27396 28650 
25057 29915 
26545 29182 
26457 29315 
29624 25363 
28376 27587 
26610 29175 
29263 25865 
28477 27339 
24345 30030 
26785 29074 
26516 29189 
26482 29246 

28939 26803 
27801 28193 
27146 28787 
27896 28074 
25974 29551 
29678 25733 
26382 29425 
26299 29430 
25623 29702 
26187 29476 
24470 30003 
26775 29183 
24884 29959 
27918 28041 
28081 27861 
26071 29546 
25587 29726 
27147 28742 
28523 27259 
30068 24541 
29181 26422 
25119 29904 
28214 27705 
26757 29188 
25601 29711 
27127 28822 
27139 28817 
27934 28020 
28067 27876 
26800 29114 
27889 28104 
26189 29469 
29393 26329 
29403 26320 
30053 24589 
27464 28575 
28111 27839 
25813 29621 
27094 28844 
24877 29989 
25585 29733 
24164 30010 
25605 29707 
27904 28056 
28890 26981 
25951 29613 
28566 27185 
28541 27254 
26928 28904 
27534 28540 
29504 26055 
29635 25748 
28385 27336 
26089 29507 
28272 27649 
26447 29320 
27050 28881 
26782 29119 
28924 26851 
29922 24656 
24110 30086 
26874 29086 
27810 28118 
28880 26990 
29727 25117 
29716 25171 
29702 25186 
29684 25191 
28569 27114 
25965 29598 
28548 27190 
24466 30005 
26383 29380 
29180 26518 
29799 25024 
29884 25019 
26926 28950 
27516 28545 
26533 29230 
26465 29258 
25662 29686 
25673 29632 
25671 29639 
25648 29701 
28374 27390 
25998 29547 
26246 29463 
25030 29923 
28016 27899 
27994 27943 
25784 29628 
27065 28851 
24135 30017 
25380 29770 
26504 29237 
28375 27375 
28082 27846 
28146 27733 
23499 30087 

27615 28228 
27313 28948 
29600 25578 
29465 26016 
27840 28206 
29657 25527 
28304 28101 
29642 25575 
30072 24019 
29018 26657 
27343 28586 
29059 26640 
23978 30083 
26081 29797 
26263 29551 
26510 29417 
27867 28144 
29450 26064 
29047 26648 
29537 25813 
27485 28261 
29107 26548 
29120 26451 
28519 27780 
25195 29964 
29383 26187 
28971 27042 
25280 29829 
30087 23971 
26615 29222 
29900 24590 
28524 27225 
28613 27130 
29029 26653 
27597 28233 
29533 25867 
29671 25512 
29785 25075 
27428 28581 
23875 30093 
25199 29853 
29108 26459 
28991 26668 
27175 28962 
27856 28194 
29061 26633 
27191 28950 
28585 27210 
28434 27798 
26252 29601 
27024 29066 
28624 27076 
26990 29193 
27017 29131 
29760 25144 
26605 29238 
26692 29219 
27385 28583 
27470 28578 
24025 30008 
29755 25204 
24370 30002 
28138 28105 
26497 29527 
29122 26444 
27671 28210 
26236 29613 
29885 24638 
29807 24940 
30052 24387 
27011 29176 
29651 25545 
26777 29214 
24067 30005 
24412 29999 
23617 30103 
28614 27115 

27577 28363 
28815 27225 
30068 24541 
28972 26811 
28755 27233 
27648 28297 
26958 29063 
27028 29028 
27222 28623 
27279 28572 
27875 28034 
29648 25989 
29370 26129 
28954 26816 
25744 29697 
26168 29564 
26167 29609 
29764 25569 
25735 29710 
29233 26749 
28797 27230 
27647 28342 
26332 29373 
24243 30050 
28496 27385 
29439 26054 
29563 26007 
29444 26015 
27842 28070 
26529 29330 
29387 26066 
28002 28026 
27757 28075 
27085 28968 
25746 29688 
26968 29036 
28107 27890 
27010 29033 
28158 27849 
28020 28021 
26486 29332 
28116 27852 
26264 29472 
28514 27380 
27264 28620 
24925 29948 
27917 28031 
28100 27920 
27293 28557 
24295 30020 
30063 24580 
26316 29442 
25504 29741 
28264 27692 
29354 26141 
26757 29080 
24337 30017 
26916 29066 
28048 27973 
29615 25995 
26571 29327 
27800 28073 
26153 29612 
25074 29819 
27621 28359 
28094 27965 
27960 28029 
27755 28084 
24344 29987 
24285 30047 
27413 28377 
24102 30063 
28035 27982 
26141 29626 
29766 24866 
27070 29016 
24415 29984 
24457 29981 
29258 26267 
26718 29101 
26663 29125 
25963 29666 
27278 28605 
27274 28611 
24992 29876 
28306 27414 
25010 29866 
25052 29863 
28243 27844 
27351 28386 
26374 29370 
26459 29365 
26303 29451 
24080 30107 
29690 25594 
25098 29808 
25140 29805 
26689 29108 
24982 29915 
27384 28384 
28277 27416 
28265 27677 

25824 29660 
29282 26261 
29444 26015 
25842 29655 
29875 24830 
28966 26884 
27513 28597 
28142 27808 
28714 27097 
25917 29640 
27894 28074 
26955 28991 
27762 28288 
25627 29712 
25961 29603 
25635 29695 
26103 29539 
24696 30080 
28447 27309 
28186 27771 
28296 27572 
25586 29740 
28951 26932 
29960 24825 
25047 29913 
27803 28260 
26853 29200 
25491 29810 
25450 29838 
30007 24341 
25297 29847 
28616 27193 
29471 25496 
29869 25386 
29131 26634 
29271 26629 
27354 28732 
25594 29723 
26891 28995 
30053 23091 
29401 26081 
26105 29493 
28758 27060 
25057 29874 
27494 28727 
26289 29370 
26545 29201 
24077 30108 
28834 27034 
28837 27001 
26271 29394 
26188 29452 
27189 28906 
27219 28888 
24110 30086 
29359 26084 
26144 29472 
25934 29636 
28481 27246 
27935 28046 
27908 28059 
24704 30005 
30022 23987 
29429 26063 
29977 24359 
28379 27337 
28619 27160 
29870 25290 
28228 27600 
26494 29254 
28032 27818 
28005 27839 
26235 29446 
26402 29336 
26317 29341 
28729 27067 
28452 27253 
27995 27878 
26516 29208 
28157 27778 

24966 29991 
27440 28544 
27669 28341 
27030 29090 
29825 25549 
26980 29168 
26302 29464 
28584 27276 
27833 28287 
24696 30080 
25765 29725 
27510 28509 
30044 23594 
25431 29806 
28475 27426 
29685 25554 
24733 30012 
27668 28386 
25885 29689 
28857 26836 
25874 29713 
29304 26186 
27325 28845 
26108 29661 
27599 28416 
29389 26181 
29892 23973 
28989 26561 
27566 28491 
25038 29928 
25389 29809 
26341 29387 
24924 29994 
29039 26557 
29259 26320 
27867 28281 
26109 29616 
26602 29231 
27321 28869 
29973 23682 
27955 28009 
28987 26568 
29935 23971 
25119 29904 
24775 30009 
28433 27429 
28960 26764 
25458 29802 
24019 30085 
27570 28473 
27492 28514 
27913 28012 
26477 29309 
26287 29512 
28102 27847 
29727 25551 
25807 29722 
28899 26833 
24046 30081 
24001 30097 
28255 27436 
26534 29259 
26644 29228 
26422 29363 
26298 29488 
28123 27721 
28582 27283 
28664 27109 
27382 28712 
29174 26325 
29216 26322 
28971 26740 
28942 26831 
30086 23591 
30129 23589 
29881 24351 
27621 28405 
29155 26543 
27595 28440 
27584 28464 
27310 28893 
28514 27311 
28596 27137 
27360 28721 
25500 29799 
28024 28002 
27982 28005 
30171 23586 
28166 27498 
26502 29289 
28687 26951 
28712 26880 
28975 26576 
29295 26246 
29284 26270 
27608 28407 
29166 26489 
29153 26550 
28187 27464 
26576 29256 
26326 29430 
25760 29746 
28137 27505 
28226 27443 

24700 30099 
27784 28291 
27618 28537 
28389 27578 
27370 28660 
28695 27178 
29398 25996 
29240 26421 
27782 28339 
28106 28015 
28957 27016 
28680 27226 
26267 29660 
29270 26408 
28455 27533 
27358 28668 
27600 28542 
28638 27229 
29258 26416 
29026 26957 
26921 29059 
30005 24558 
29188 26451 
27414 28629 
29028 26950 
29999 24575 
29511 25554 
26084 29731 
28157 27659 
28371 27583 
27528 28624 
27801 28129 
27340 28673 
30029 24557 
24945 29979 
25286 29874 
27061 29054 
26705 29327 
26271 29566 
24704 30005 
29030 26492 
28507 27258 
28403 27563 
28706 27123 
29380 26001 
26607 29329 
29957 24578 
29596 25549 
28460 27268 
29272 26401 
29202 26436 
28149 28000 
27786 28245 
27106 29002 
29013 26998 
28720 27108 
25338 29844 
29423 25927 
29405 25932 
27288 28703 
27372 28653 
27302 28688 
27217 28809 
29763 25390 
26288 29390 
29466 25860 
29456 25894 
28172 27629 

27427 28501 
29784 25432 
26158 29548 
29994 23718 
26601 29444 
29612 25521 
28219 27651 
30109 23691 
29618 25504 
26609 29369 
24666 30027 
26133 29561 
28705 27318 
29397 26023 
25545 29758 
29619 25491 
30151 23688 
26019 29624 
27553 28448 
24469 30034 
27530 28494 
24715 29994 
29396 26068 
25970 29657 
28908 26875 
27459 28496 
28134 28093 
29826 25429 
30166 23640 
27737 28303 
28116 28098 
27653 28353 
25490 29774 
28177 27654 
29093 26833 
25692 29667 
24963 29941 
24485 30031 
27705 28323 
28074 28101 
29841 25381 
26068 29565 
28304 27359 
29603 25525 
29048 26870 
28950 26872 
26182 29528 
26845 29061 
24138 30101 
29386 26073 
27337 28732 
27296 28774 
28732 27279 
26153 29560 
26889 29024 
27009 28969 
25614 29751 
29862 24450 
24924 29962 
26803 29064 
26674 29086 
26906 28979 
26020 29579 
29223 26198 
29267 26161 
28282 27393 
24968 29925 
26172 29533 
27072 28938 
27075 28900 
27205 28797 
29985 23722 
30008 23703 
29134 26208 
27326 28756 
26630 29123 
25353 29835 
27723 28318 
24324 30038 
24366 30035 
25291 29850 
29087 26850 
29096 26820 
29181 26201 
27552 28493 
25624 29695 
26184 29500 
28287 27377 
28243 27414 
28173 27659 
28385 27335 
24990 29894 
24993 29880 
26860 29031 
26645 29093 
29238 26168 
28163 27698 
28167 27682 

29452 25795 
27689 28230 
27632 28281 
29672 25515 
28975 26758 
29606 25746 
29368 25945 
29061 26718 
27674 28278 
29470 25790 
26617 29380 
25210 29846 
29648 25743 
29386 25940 
24644 30107 
29241 26355 
28014 28011 
26009 29671 
25161 29948 
28753 27097 
29197 26392 
24767 30084 
27111 29005 
29316 25975 
27124 29001 
29817 24670 
25123 29978 
29123 26524 
24771 29990 
28671 27505 
27557 28473 
29714 25512 
27422 28817 
29326 25948 
25556 29746 
27703 28215 
29732 25507 
29081 26527 
26201 29580 
27151 28952 
26298 29558 
26018 29641 
28322 27608 
29167 26487 
27133 28971 
28893 27012 
26613 29474 
27751 28161 
30030 24569 
25919 29700 
26033 29593 
27918 28101 
27548 28503 
25221 29819 
25139 29975 
25489 29818 
28363 27560 
28133 27697 
28047 27737 
28089 27734 
29807 24704 
25498 29747 
27162 28846 
29400 25925 
27733 28166 
26727 29016 
27230 28841 
29017 26755 
27712 28169 
28316 27651 
28927 27011 
28889 27079 
28892 27046 
29746 25492 
29138 26494 
29032 26725 
26618 29032 
29212 26362 
28104 27704 

26176 29615 
27596 28401 
26179 29577 
24323 30044 
27190 28748 
29725 25527 
26958 29063 
30011 24400 
24308 30162 
29264 26461 
26393 29409 
29355 26043 
29628 25716 
26389 29503 
29789 25352 
27010 29033 
24796 30004 
28657 27161 
28639 27166 
27179 28772 
28868 26995 
26965 29053 
27756 28268 
28086 27854 
27516 28683 
27028 29028 
29829 25265 
27581 28519 
29067 26566 
29837 24607 
27066 29013 
27585 28425 
27121 28929 
27089 28949 
26979 29038 
28533 27325 
27414 28722 
27871 28146 
24779 30028 
26649 29157 
27889 27947 
27132 28905 
29818 25289 
25490 29774 
28291 27470 
27048 29018 
28254 27638 
28229 27677 
27073 28979 
27860 28170 
29835 24614 
26386 29541 
29676 25581 
28767 27057 
26784 29154 
30041 24382 
28953 26990 
29610 25721 
26494 29262 
24312 30068 
24422 30038 
25859 29697 
27726 28286 
25101 29837 
25057 29874 
26057 29621 
29440 26038 
28742 27096 
27900 27945 
27107 28944 
29349 26456 
27767 28244 
26648 29253 
25047 29913 
25861 29648 
29714 25551 
28601 27297 
28243 27662 
28756 27081 
26809 29085 
25673 29720 
29814 25313 
29803 25337 
28680 27118 
28988 26618 
28999 26594 
25534 29737 
26452 29312 
26462 29273 
28171 27849 
25120 29835 
24821 29935 
27621 28343 
27632 28319 
27534 28678 
27175 28866 
24822 29928 
25072 29844 
25505 29744 
28297 27379 
25091 29842 

27309 28934 
24243 30032 
28094 28179 
24903 29968 
29692 25437 
25013 29937 
26297 29574 
27735 28252 
27777 28249 
25051 29890 
29484 26039 
28772 27043 
24270 30028 
26907 29101 
26446 29379 
26009 29671 
24955 29938 
24185 30033 
26582 29304 
28367 27707 
29399 26044 
24288 30023 
29870 24386 
25114 29841 
26750 29260 
29780 24411 
29734 25434 
29542 25936 
28158 27849 
28940 26639 
29197 26242 
29169 26446 
26956 29090 
27054 29088 
29026 26599 
27726 28491 
28116 27852 
25673 29720 
28385 27683 
28427 27680 
26392 29517 
29441 26041 
24654 29992 
28730 27046 
25092 29868 
28095 28083 
26424 29410 
27321 28886 
26233 29604 
28982 26636 
29777 25432 
29584 25933 
28816 27006 
25353 29835 
25392 29741 
29912 24383 
29997 24378 
29194 26275 
28548 27506 
28183 27780 
26698 29290 
25737 29673 
28457 27662 
25078 29886 
26018 29641 
23903 30040 
23793 30071 
28324 27722 
28282 27725 
29526 26036 
29593 25903 
29160 26476 
28580 27144 
28588 27052 
26885 29128 
26843 29131 
27359 28856 
24945 29965 
25361 29743 
24171 30037 
28997 26606 
23835 30068 
28787 27013 

29999 23932 
27717 28257 
29590 25432 
28076 27758 
27405 28542 
27784 28215 
24971 29932 
27732 28245 
29523 25828 
28813 27192 
26819 29049 
29984 23980 
26096 29560 
28633 27256 
28073 27791 
29084 26339 
27281 28729 
28922 26966 
27269 28798 
27802 28210 
26022 29601 
28030 28030 
29019 26936 
27397 28664 
28012 28035 
24517 29999 
25872 29618 
26946 29041 
28213 27668 
28795 27197 
26904 29044 
25013 29929 
28171 27671 
25020 29899 
25637 29711 
26476 29282 
25704 29669 
27427 28379 
26184 29439 
29541 25823 
29026 26416 
24776 29969 
29022 26903 
27217 28972 
27270 28779 
27259 28803 
27807 28196 
26964 29036 
28086 27676 
29954 24400 
28718 27251 
24265 30041 
29575 25480 
25599 29726 
29067 26374 
26085 29584 
28919 26999 
27940 28067 
27469 28376 
25671 29685 
26543 29240 
24644 29991 
26358 29407 
28047 27932 
25412 29754 
29056 26398 
23592 30083 
29008 26960 
29957 24331 
25353 29835 
29559 25655 
29348 25937 
29389 25895 
29378 25919 
25720 29652 
26491 29252 
28402 27646 
28443 27604 
28432 27628 
28851 27081 
26269 29434 
26311 29431 
24602 29994 
29211 26331 
26426 29347 
29164 26334 
26422 29363 
26665 29150 
29774 25141 
29815 25099 
29804 25123 
29902 25066 
29891 25090 
25694 29678 
26533 29249 
24236 30048 
26636 29157 
25656 29693 

29185 26441 
25585 29733 
29203 26436 
27300 28981 
27857 28287 
25587 29726 
29851 25412 
25119 29904 
26478 29370 
28042 27890 
24597 29959 
25343 29780 
26358 29407 
26143 29533 
27236 29011 
26187 29476 
30192 23357 
26690 29175 
26715 29106 
26176 29478 
30189 23441 
28550 27241 
30012 23519 
29532 25941 
28017 27959 
26508 29274 
26562 29198 
28139 27798 
29126 27021 
24461 30040 
26066 29711 
29228 26367 
25582 29750 
29644 25893 
29396 26237 
28221 27658 
25279 29827 
25321 29824 
28532 27648 
29999 23806 
27316 28561 
29210 26372 
24279 30089 
27772 28305 
29908 24168 
28109 27820 
28071 27826 
26261 29473 
29711 25417 
27592 28543 
27599 28507 
23872 30090 
26738 29084 
26763 29015 
29311 26242 
28686 27028 
28598 27207 
26093 29563 
26273 29412 
28153 27686 
24583 30034 
28110 27805 
28192 27665 
26533 29205 

27436 28581 
27504 28407 
25563 29722 
24522 30008 
26207 29484 
27946 27964 
25835 29666 
26723 29290 
27725 28204 
27339 28644 
25565 29715 
28567 27336 
27303 28697 
27588 28239 
27841 27988 
25891 29616 
27486 28503 
27883 27985 
28024 27879 
29254 26590 
26856 29056 
26265 29483 
26814 29059 
26784 29102 
24571 29975 
27285 28702 
25872 29618 
27325 28691 
26666 29341 
25849 29619 
28296 27839 
28314 27655 
25767 29694 
25961 29557 
27546 28404 
25793 29669 
30083 23388 
25022 29946 
26003 29554 
29343 26488 
29019 26845 
27745 28192 
27478 28578 
26802 29097 
25106 29896 
29038 26719 
25105 29941 
27199 28769 
29163 26690 
28653 27296 
27735 28197 
26422 29363 
29401 25899 
27197 28916 
25914 29615 
28767 27154 
27353 28629 
26708 29338 
26903 28932 
27284 28764 
29867 24536 
29771 25430 
25935 29582 
27781 28186 
28912 27042 
26900 28965 
29876 24506 
29410 25869 
28339 27586 
29763 25505 
29474 25843 
28585 27324 
29396 26237 
27630 28236 
25958 29578 
28781 27139 
25313 29778 
25725 29697 
24077 30052 
24119 30049 
26274 29412 
27796 28138 
24346 30019 
25267 29819 
29325 26493 
29273 26523 
29001 26850 
27578 28384 
29037 26791 
26303 29384 
28814 27044 
26337 29368 
30160 23382 
26872 29034 
27324 28692 
27338 28677 
28080 27861 
23759 30075 
28624 27303 
25929 29585 
25355 29775 

26130 29644 
27174 29026 
24493 30022 
27729 28254 
29757 25479 
28074 28045 
27750 28197 
29504 25901 
28056 28050 
27682 28277 
28203 27860 
27468 28686 
24185 30064 
26153 29507 
26642 29223 
29687 25514 
28772 27110 
29062 26500 
26742 29093 
27181 28990 
27234 28922 
27147 29075 
29335 26388 
29739 25484 
29030 26744 
26155 29500 
24443 30037 
28366 27547 
27607 28455 
26275 29430 
24507 30007 
29962 24182 
27450 28691 
24423 30057 
29486 25920 
26624 29228 
28226 27752 
24174 30110 
28163 27964 
26119 29694 
26140 29637 
30086 23554 
29948 24197 
29891 24734 
26508 29344 
28486 27283 
24485 30034 
28240 27737 
25673 29720 
29477 25950 
28334 27581 
28195 27935 
29265 26423 
26362 29418 
30095 23524 
28208 27757 
29806 24739 
28768 27135 
24885 29914 
29317 26393 
28154 28029 
28624 27195 
26829 29081 
26744 29086 
26277 29423 
26539 29233 
27955 28128 
27987 28094 
29933 24731 
29848 24736 
29735 25489 
28781 27080 
26497 29398 
24877 29989 
29104 26497 
28325 27585 
29026 26811 
25360 29743 
23605 30119 
26185 29486 
25341 29810 
25297 29847 
28818 26895 
28383 27352 
28397 27337 
27561 28564 
25504 29741 
29043 26607 
28556 27223 
27384 28808 
30143 23439 
26147 29512 
28497 27229 
25312 29817 
28789 26902 

28147 27825 
29859 24782 
28678 27355 
26936 29120 
27493 28390 
26963 29071 
24716 30027 
26955 29085 
28442 27519 
28707 27318 
28677 27400 
26616 29425 
29720 25562 
29691 25625 
24783 29934 
27443 28759 
24782 29979 
24775 30009 
29739 25519 
26617 29380 
27452 28729 
30057 24197 
25905 29615 
29706 25577 
26945 29090 
24678 30057 
28316 27540 
28148 27806 
27511 28385 
28137 27830 
28944 26806 
27076 28929 
28714 27097 
28235 27598 
29987 24248 
27539 28301 
29271 26422 
26703 29295 
30039 24202 
28253 27593 
25853 29645 
29802 25273 
26011 29588 
29901 24256 
29902 24253 
25923 29610 
29282 26398 
29813 25249 
26205 29512 
24694 30054 
28710 27249 
27058 28934 
25937 29595 
27536 28334 
29290 26374 
25365 29791 
26194 29536 
29129 26727 
29118 26751 
27109 28914 
27120 28890 
26618 29300 
28006 27976 
29182 26442 
29447 26085 
29444 26118 
29433 26142 
28808 27081 
28900 26843 
25571 29699 
29881 24781 
28150 27603 
29986 24251 
25450 29786 
25243 29818 
27729 28190 
27954 28006 
28915 26813 
25163 29903 
25484 29731 
25615 29662 
25214 29873 
25651 29656 

26395 29404 
29032 26718 
26396 29385 
26094 29580 
25825 29643 
27492 28486 
25789 29783 
29591 25822 
27130 28785 
25801 29714 
24383 30015 
25919 29630 
26096 29560 
24884 29959 
30053 23343 
26394 29405 
26375 29443 
29684 25450 
24410 30011 
27443 28540 
27826 28189 
29030 26725 
27837 28165 
27213 28780 
27825 28234 
29714 25384 
29826 24660 
27225 28711 
30151 23320 
26275 29489 
26075 29618 
26085 29584 
28233 27946 
25814 29667 
26888 28911 
28207 28018 
25790 29738 
30051 23350 
28929 26862 
29120 26475 
26861 29214 
28345 27335 
28218 27994 
27501 28244 
28324 27417 
28447 27287 
28638 27132 
30028 23382 
30040 23374 
26871 29092 
27214 28735 
29676 25817 
29739 25345 
26710 29243 
28547 27159 
28530 27259 
26286 29465 
29959 23689 
29433 25997 
27481 28510 
28918 26886 
23991 30059 
29686 25443 
29366 26465 
29348 26470 
29063 26479 
24381 30049 
26448 29356 
26850 29238 
26569 29280 
26525 29287 
29972 23402 
30042 23367 
26385 29409 
23417 30150 
25901 29633 
25890 29635 
25885 29636 
29780 24902 
24877 29989 
23765 30114 
29444 25973 
27459 28537 
25170 29792 
26969 28887 
28222 27970 
29020 26838 
29021 26742 
28684 26979 
28695 26955 
29380 26450 
29038 26518 
29052 26503 
29890 23804 
29901 23780 
25222 29790 
24973 29919 
30236 23315 
25022 29902 
25054 29846 
28356 27311 
28557 27156 
28599 27153 
26501 29308 
26457 29315 
25141 29799 
25264 29787 
25025 29853 

27458 28723 
29987 24544 
29730 25624 
24737 30131 
27461 28685 
27011 29118 
26531 29395 
27708 28674 
28840 26974 
29870 25619 
29022 26810 
28626 27011 
28152 28141 
27711 28279 
27737 28262 
26504 29457 
27996 28245 
25192 29933 
26004 29688 
28265 27713 
29209 26318 
28882 26971 
29989 24537 
28559 27253 
30036 24105 
26931 29140 
29401 26029 
27723 28265 
28446 27385 
26703 29295 
28272 27454 
26520 29445 
25234 29930 
27421 28818 
27409 28832 
29192 26661 
28601 27021 
26897 29169 
27278 28873 
25341 29810 
28378 27413 
29245 26291 
26607 29347 
28596 27161 
26338 29553 
30158 22807 
25966 29718 
28280 27414 
28967 26966 
28541 27258 
28499 27261 
29162 26679 
29129 26681 
28707 26987 
29381 26095 
29378 26179 
30156 23145 
25312 29817 
29216 26298 

30023 24555 
28536 27582 
28330 27742 
28561 27543 
24473 30022 
27830 28120 
30014 24585 
29601 25956 
26126 29668 
26149 29534 
27487 28537 
26413 29341 
27215 28920 
29897 24671 
26443 29323 
26130 29644 
28543 27548 
24462 30046 
26618 29300 
27476 28561 
27685 28244 
27815 28168 
28924 26921 
26010 29708 
29678 25448 
27748 28210 
26141 29620 
28629 27218 
27475 28606 
24461 30091 
27320 28873 
24412 30124 
27819 28144 
27684 28407 
29667 25472 
28518 27587 
28322 27864 
28899 26960 
27166 28953 
27324 28849 
26643 29261 
25608 29716 
27208 28950 
28660 27113 
29867 24689 
27904 27939 
29516 25961 
29025 26521 
24782 29979 
27673 28431 
25167 29922 
29760 25151 
28604 27257 
28611 27223 
24775 30009 
27804 28192 
27889 27950 
27065 29064 
27054 29088 
29305 26399 
25577 29721 
27335 28825 
26119 29694 
26956 29090 
29746 25213 
29749 25175 
28586 27262 
24733 30012 
28906 26926 
28881 26965 
28969 26603 
27888 28054 
29719 25442 
27253 28915 
26632 29285 
26656 29174 
25540 29744 
30003 24609 
27984 27868 
27751 28195 
26158 29463 
25280 29829 
24783 29934 
26310 29359 
26346 29347 
27968 27869 
27928 27929 
27933 27913 
29227 26482 
29276 26436 
25173 29864 
25509 29749 
27309 28897 
27700 28214 
28940 26610 

27441 28647 
28706 27239 
26558 29411 
29387 26066 
27487 28490 
28076 28076 
27693 28246 
29776 25449 
28748 27236 
28077 28031 
24704 30005 
27618 28333 
29488 26010 
27440 28692 
29444 26015 
25852 29683 
27558 28424 
30011 24592 
25959 29599 
27042 28924 
26607 29378 
27084 28921 
26377 29519 
24696 30080 
30068 24541 
26957 29061 
28972 26855 
29015 26853 
27983 28082 
27116 28901 
29503 25962 
25893 29616 
28930 26858 
25167 29922 
26630 29148 
29429 26063 
25905 29615 
25231 29875 
29167 26190 
26376 29564 
27660 28330 
27919 28129 
29738 25479 
25637 29821 
28476 27539 
28062 28079 
27779 28206 
29057 26850 
25949 29604 
27543 28472 
28388 27625 
25767 29775 
29954 24602 
29972 24597 
23885 30143 
29106 26592 
29107 26496 
25353 29835 
30053 24589 
26608 29333 
27102 28916 
29177 26097 
29754 25476 
25923 29610 
28397 27595 
25884 29663 
25870 29678 
28366 27743 
28367 27647 
30127 23339 
30157 23321 
26893 29108 
27735 28243 
23907 30099 
29138 26197 
28490 27267 
27750 28213 

24687 30015 
25109 29993 
28400 27394 
29325 26042 
25378 29795 
26452 29484 
26523 29326 
26997 28942 
29340 25994 
28903 26921 
30158 22807 
24672 30063 
29201 26371 
29157 26408 
27616 28423 
25147 29963 
29300 26227 
28918 26877 
25123 29978 
27723 28265 
29854 25332 
29494 25948 
24701 30000 
28776 26986 
29005 26582 
25807 29689 
30041 23892 
29310 26218 
27610 28463 
26629 29247 
27189 28858 
27738 28217 
27654 28393 
28930 26784 
29678 25733 
25808 29644 
29814 25335 
28411 27391 
27671 28352 
24040 30083 
29335 26009 
28760 27029 
26210 29617 
29251 26309 
25161 29948 
25794 29739 
27737 28262 
28794 26981 
30012 24502 
25800 29719 
28162 27733 
30019 24499 
29738 25609 
30114 22844 
28093 27955 
25162 29838 
29330 26033 
26226 29614 
28913 26912 
29635 25748 
29509 25900 
28972 26659 
27672 28307 
24679 30027 
27105 28908 
30064 22984 
26456 29417 
28140 27758 
29593 25751 
25139 29975 
25772 29766 
28289 27581 
28333 27544 
29876 25299 
30029 23907 
27632 28420 
26940 29042 
26932 29117 
29260 26274 
28878 26930 
26678 29152 
26636 29155 
24584 30069 
27919 28129 
27967 28080 
28139 27844 
30023 24432 
26999 28935 
27013 28920 
28118 27886 
25285 29834 
25243 29837 
27331 28530 
27304 28554 
28756 27236 
28266 27595 
28194 27599 
28419 27257 
29357 25984 
30059 23889 
27595 28511 
30028 23933 
23497 30158 
26635 29168 
23972 30111 
27188 28903 
26248 29587 
30129 22814 
28304 27551 
29172 26378 
28420 27242 

26109 29581 
25026 29955 
29346 25982 
24654 30083 
24931 30007 
27558 28547 
26571 29385 
28436 27509 
25650 29694 
28521 27504 
29302 26031 
26833 29173 
25628 29700 
27817 28104 
28804 27185 
26032 29638 
29229 26238 
26561 29390 
25610 29705 
26018 29641 
26033 29593 
28539 27499 
28802 27192 
25075 29922 
26576 29303 
27770 28115 
25076 29877 
27155 28931 
29189 26720 
29941 23356 
27154 28976 
27126 28994 
29320 26026 
27618 28362 
25558 29735 
27499 28605 
24696 30080 
26009 29671 
29749 25513 
29196 26333 
29227 26245 
26205 29486 
27859 28101 
27219 28888 
28317 27848 
24364 30096 
27657 28341 
26572 29340 
26194 29536 
27692 28205 
27559 28502 
24959 29956 
28734 27220 
27975 27960 
29896 24046 
25068 29952 
28274 27850 
26918 29168 
26158 29548 
29769 24869 
29837 24735 
29293 26185 
29387 25954 
29369 25959 
26274 29431 
27576 28365 
27189 28906 
26632 29285 
26643 29231 
26203 29532 
28359 27845 
28232 27853 
26151 29578 
27869 28074 
29725 25591 
29741 25588 
27707 28140 
28858 26917 
25431 29765 
25735 29689 
25341 29810 
25367 29783 
29159 26738 
24080 30107 
26924 29017 
27907 27988 
27359 28610 
29348 25975 
26323 29398 
30026 23351 
25312 29817 

28036 28118 
28038 28111 
26250 29469 
25842 29655 
25953 29634 
25935 29639 
27191 28965 
27968 28146 
25489 29748 
28922 27104 
26088 29572 
25145 29958 
27516 28683 
27717 28257 
27256 28824 
26130 29569 
27759 28254 
25132 30011 
29108 26674 
28525 27378 
25322 29904 
25824 29660 
25565 29724 
26156 29544 
23358 30142 
26712 29160 
26236 29497 
24654 30083 
28442 27448 
29302 26240 
25635 29689 
28121 27722 
26446 29379 
28822 27184 
28587 27301 
27868 28204 
29487 25864 
23302 30160 
28523 27416 
25617 29694 
29977 24359 
27534 28678 
29366 26236 
27443 28759 
29685 25554 
29825 25549 
26182 29539 
28617 27279 
25591 29699 
28133 27705 
26831 29024 
27884 28194 
24696 30080 
28573 27316 
27260 28773 
28157 27670 
30007 24341 
26779 29088 
26349 29388 
29167 26487 
25161 29948 
25967 29619 
26214 29519 
28682 27189 
28907 27152 
28094 28093 
28456 27421 
25139 29975 
28190 27641 
25545 29730 
27862 28227 
28918 27128 
29627 25859 
28139 27678 
25649 29674 
29948 24557 
29937 24581 
27593 28545 
29727 25551 
25856 29640 
28220 27629 
29344 26237 
25389 29832 
29075 26712 
26522 29249 
29529 25861 
29133 26605 
23369 30088 
28548 27347 
26285 29435 
28161 27654 
28107 27730 
28129 27721 
28103 27746 
29138 26494 
26769 29127 
26547 29190 
25337 29862 
28588 27286 
23359 30127 

26088 29572 
29878 25119 
26140 29542 
28983 26855 
29734 25434 
26200 29534 
26407 29399 
27839 28131 
30073 24587 
30136 23553 
27301 28794 
28802 27163 
24835 29992 
29515 26031 
27333 28569 
27910 27939 
27347 28554 
29245 26436 
25630 29715 
28799 27189 
25075 29877 
27758 28234 
27384 28496 
26422 29363 
27105 28941 
29438 26336 
29305 26360 
24777 29998 
26582 29304 
29012 26649 
27318 28617 
30145 23523 
26182 29539 
25672 29712 
29945 25077 
26750 29260 
24739 30028 
27952 27936 
26020 29585 
27570 28440 
24262 30116 
24998 29913 
25716 29675 
27074 28981 
26382 29438 
28994 26831 
27116 28917 
26709 29266 
24329 30044 
27325 28581 
27545 28479 
29641 25506 
29863 25167 
25993 29598 
29521 26007 
29532 25983 
29819 25429 
27670 28238 
24877 29989 
29456 26331 
26698 29290 
24755 30025 
26214 29519 
29722 25447 
29934 25101 
28230 27790 
28477 27372 
25190 29851 
29504 26055 
29709 25478 
26426 29347 
28788 27213 
28965 26860 
27883 28094 
30125 23577 
28219 27814 
27669 28334 
24896 29916 
25051 29888 
25385 29725 
26862 29074 
26873 29050 
27293 28848 
25937 29616 
27083 28968 
28425 27472 
28436 27448 
27191 28898 
30062 24611 
28218 27910 
29347 26357 
29432 26352 
26761 29236 
29014 26642 
29025 26618 
29000 26657 
29177 26464 
25201 29824 
25212 29800 
25117 29874 
27358 28530 
25333 29767 
25318 29797 
27425 28490 
27373 28520 
25822 29627 
26225 29495 
26130 29569 
29711 25471 
27969 27932 
29859 25179 
29870 25155 
27854 28101 
27815 28201 
25375 29764 
25687 29682 

25923 29713 
26361 29457 
27635 28349 
25161 29948 
26741 29117 
26851 29086 
27548 28416 
29064 26813 
27885 28126 
25873 29791 
27534 28431 
29071 26783 
26302 29464 
27359 28856 
27321 28886 
30120 23476 
27477 28482 
28107 28078 
28416 27595 
26650 29300 
26608 29303 
26783 29114 
23991 30059 
28967 26817 
27195 29080 
28128 28063 
28605 27285 
25915 29788 
29392 26085 
28491 27292 
29184 26507 
25139 29975 
29579 25998 
28125 28073 
28607 27278 
30106 23491 
30055 24352 
28303 27884 
27720 28166 
25355 29803 
28321 27879 
25291 29850 
27436 28665 
29147 26645 
28669 27102 
27297 28927 
26127 29605 
29401 26081 
29199 26347 
26130 29601 
27691 28331 
25132 30011 
26833 29093 
29655 25040 
29758 25030 
26032 29687 
29621 25090 
29284 26342 
23583 30092 
23625 30089 
29964 24647 
28329 27822 
27420 28704 
27702 28277 
29410 26051 
26292 29561 
30198 23007 
29864 24902 
29796 24930 
29740 25035 
25353 29835 
27533 28464 
27519 28479 
30094 24330 
30064 24348 
29763 24961 
29582 25994 
26045 29679 
28167 28041 
28137 28059 
28218 27889 
28618 27224 
29166 26512 
27805 28161 
30118 23483 
27812 28143 
28415 27691 
28874 27049 
28959 27044 
27900 28096 
28754 27097 
24161 30017 
24203 30014 
26362 29329 
26735 29295 
27942 28093 

24863 30066 
26803 29110 
27746 28523 
29158 26416 
27955 28085 
29781 24446 
29669 25566 
29932 23963 
29992 23955 
28408 27654 
29708 25363 
29457 26208 
29823 24443 
28035 27963 
26608 29333 
24856 30102 
28068 27832 
26845 29107 
28750 27095 
26325 29585 
27712 28573 
29758 25279 
28792 27092 
25817 29860 
27439 28660 
29974 23960 
27215 29016 
27579 28655 
28082 27817 
28664 27106 
29633 25948 
27075 29097 
29651 25571 
30185 23039 
27913 28088 
27863 28445 
26577 29373 
29722 25348 
29641 25866 
29439 26213 
29720 25355 
27784 28475 
30017 23886 
25120 29930 
28810 27087 
26056 29706 
26829 29109 
28599 27628 
29148 26933 
28134 27787 
26571 29390 
28050 27852 
24892 29937 
27980 28016 
26564 29426 
29867 24406 
29160 26409 
29683 25551 
28980 27040 
29999 23891 
30161 23068 
29838 24413 

26262 29512 
28376 27783 
26979 29057 
29286 26368 
27350 28848 
26286 29439 
26624 29342 
28893 26938 
26848 29065 
27586 28585 
26136 29527 
29296 26102 
26179 29517 
26154 29522 
29357 26041 
29287 26323 
29279 26398 
27655 28189 
27139 28934 
25807 29689 
24949 29972 
29358 25996 
27662 28159 
26084 29557 
28391 27397 
29982 24206 
29912 24241 
28497 27295 
28981 26905 
28234 28006 
24381 30049 
27696 28142 
25808 29644 
25779 29707 
29379 25733 
28365 27833 
26275 29489 
26675 29309 
29964 24211 
28235 27961 
24218 30062 
29926 24226 
25904 29579 
28566 27231 
28522 27268 
28467 27317 
28421 27375 
25057 29874 
29054 26486 
28729 27121 
29783 25456 
28377 27412 
24992 29970 
27422 28827 
25375 29803 
25291 29850 
26841 29095 
29698 25461 
29996 24191 
28453 27332 
27543 28587 
27744 28111 
26666 29339 
25047 29913 
29018 26630 
28699 27139 
25464 29725 
29338 26099 
28896 26910 
26738 29105 
27124 28982 
28890 26971 
29347 26078 
29267 26403 
29393 25718 
29449 25698 
29463 25683 
25512 29711 
28443 27371 
27628 28582 
25034 29967 
27392 28845 
25460 29798 
27946 28059 
27749 28095 
27705 28132 
27657 28163 
29025 26493 
25554 29708 
28537 27238 
28468 27302 
28392 27382 

26452 29484 
25756 29686 
29496 26163 
26989 29068 
26167 29609 
25800 29617 
27101 28933 
28818 27066 
29630 25475 
29377 26392 
29857 25040 
29672 25472 
26535 29310 
27149 28913 
29994 24198 
28915 26983 
24983 29939 
26168 29564 
29486 26172 
29376 26437 
25748 29761 
27172 28867 
27762 28324 
28054 27785 
27222 28813 
28050 27845 
27585 28459 
25392 29822 
29982 24206 
25153 29849 
29188 26593 
25782 29622 
25097 29867 
27589 28359 
26923 29113 
26905 29118 
29856 25136 
23497 30158 
28661 27427 
28098 27748 
27180 28816 
28872 26985 
27794 28304 
27487 28461 
29521 26007 
29701 25409 
29996 24191 
29964 24211 
24195 30073 
28830 26988 
28750 27094 
28806 27074 
28788 27079 
26937 29098 
26591 29292 
24370 30002 
26153 29612 
24652 29983 
29912 24241 
29926 24226 
29879 24894 
28333 27726 
28631 27445 
27320 28811 
28957 26980 
28820 27059 
28726 27265 
28696 27283 
23596 30098 
23554 30101 
27780 28319 
28044 27903 
27445 28464 
26214 29495 
25139 29864 
26679 29171 
26634 29196 
27980 27976 
29133 26605 
29066 26677 
29108 26674 
27962 28095 
25409 29806 
25423 29791 
29687 25424 
29682 25463 
26602 29238 
25073 29887 
25181 29833 
25223 29830 
24412 29999 
28069 27755 
24252 30040 

