27372 28723 
27381 28693 
26973 29151 
26512 29380 
26502 29385 
26511 29381 
27185 28927 
27200 28879 
29193 26251 
29154 26272 
24924 29920 
26264 29494 
26289 29461 
26280 29491 
27514 28562 
27523 28532 
29976 24383 
29946 24401 
29116 26377 
26130 29601 
28999 26396 
29029 26378 
26632 29285 
26643 29231 
26618 29300 
27991 27999 
28009 27994 
28034 27925 
28016 27930 
25822 29627 
29404 26001 
29489 25996 
27628 28349 
27671 28275 
27646 28344 
27653 28280 
27705 28134 
27691 28149 
27735 28112 
29282 26150 
29275 26180 
29700 25339 
29612 25802 
29628 25799 
29734 24900 
24528 30089 
28979 27016 
28949 27034 
28324 27511 
27850 28098 
27918 28070 
28603 27436 
25178 29861 
25222 29824 
25168 29900 
28046 27709 
28061 27686 
28047 27701 
28091 27664 
25749 29757 
25743 29761 
25704 29786 
28107 27649 
26329 29422 
26399 29387 
28038 27727 
29868 24622 
29843 24691 
26928 29180 
27768 28108 
27706 28119 
29705 24907 
28295 27518 
24794 30000 
25193 29831 
28062 27671 
28151 27612 

27674 28296 
27565 28430 
27538 28469 
26703 29304 
26584 29372 
24908 29961 
26032 29638 
25983 29671 
27777 28249 
27735 28252 
27572 28380 
27259 28803 
27268 28799 
28068 28201 
28057 28225 
24696 30080 
24654 30083 
28174 27898 
28199 27859 
28173 27931 
28188 27883 
28159 27946 
28717 27371 
28345 27615 
28295 27660 
28239 27678 
27094 28864 
28353 27590 
28974 26830 
29014 26743 
28988 26815 
28989 26782 
28932 26833 
28854 26868 
28810 26905 
30086 23081 
30075 23105 
30045 23123 
29638 25719 
25627 29704 
29249 26578 
29242 26612 
29200 26615 
25372 29784 
29763 25505 
29721 25508 
29807 24699 
30025 24321 
27210 28818 
27180 28830 
27138 28833 
28577 27549 
28552 27582 
28568 27579 
28746 26988 
27081 28877 
27067 28892 
29389 25848 
29474 25843 
29318 26449 
29309 26479 
29336 26430 
27052 28995 
26967 29000 
26925 29003 
29343 26271 
29565 25832 
29575 25827 
25559 29723 
25517 29726 
24041 30089 
26758 29112 
26239 29419 
25353 29835 
26665 29348 
26103 29544 
28825 26875 
25669 29701 
26843 29107 
26281 29416 

25673 29720 
24077 30052 
24119 30049 
26291 29460 
27159 28868 
27117 28871 
29609 25393 
29653 25356 
24385 30023 
24428 30021 
28766 27062 
28817 27029 
28808 27059 
28181 27920 
28125 27938 
28405 27580 
28337 27608 
28556 27223 
28514 27226 
26568 29178 
29786 25121 
29871 25116 
28053 28167 
25888 29668 
27207 28867 
27256 28834 
29780 25267 
25402 29779 
25412 29752 
25486 29729 
25430 29747 
29556 25675 
29574 25670 
29518 25688 
29248 26181 
26177 29542 
26226 29509 
30014 24240 
29972 24243 
30028 24225 
29292 25858 
29252 25919 
29462 25846 
29466 25793 
29487 25777 
29505 25772 
27078 28917 
27106 28885 
29221 26363 
29165 26381 
29151 26398 
25924 29665 
25990 29548 
25931 29635 
28462 27369 
28506 27332 
28748 27173 
28757 27143 
26337 29368 
26295 29371 
26358 29357 
26400 29354 
27747 28265 
27705 28268 
29001 26755 
25353 29835 
29029 26656 
29054 26587 
28111 28025 
24303 30033 
26958 29063 
26916 29066 
26996 28985 
27014 28980 
26965 29033 
26743 29077 
23819 30117 
23777 30120 
27577 28284 
27351 28728 
27309 28731 
27376 28659 
27371 28719 
27373 28673 
27396 28650 
27414 28645 
25032 29984 
25034 29938 
25057 29915 
23916 30055 
26457 29315 
26415 29318 
29624 25363 
28376 27587 
26610 29175 
29263 25865 
25949 29596 
28477 27339 
28080 28039 
24345 30030 
26983 28994 
26785 29074 
26516 29189 
26482 29246 

25813 29621 
27094 28844 
26757 29188 
26775 29183 
26782 29119 
26800 29114 
28939 26803 
28924 26851 
24877 29989 
24884 29959 
29922 24656 
25601 29711 
25585 29733 
25587 29726 
27801 28193 
24164 30010 
24110 30086 
26874 29086 
25623 29702 
25605 29707 
27918 28041 
27889 28104 
27904 28056 
27896 28074 
27810 28118 
26187 29476 
26189 29469 
27127 28822 
27139 28817 
27146 28787 
28890 26981 
28880 26990 
29716 25171 
29684 25191 
29702 25186 
29727 25117 
29403 26320 
29393 26329 
28569 27114 
25965 29598 
25951 29613 
25974 29551 
28541 27254 
28523 27259 
28566 27185 
28548 27190 
30053 24589 
30068 24541 
24466 30005 
26382 29425 
29180 26518 
29181 26422 
29799 25024 
29884 25019 
26928 28904 
26926 28950 
26951 28881 
27520 28492 
27464 28575 
29504 26055 
29649 25733 
29635 25748 
29665 25730 
26533 29230 
26465 29258 
25662 29686 
25671 29639 
25648 29701 
25673 29632 
28383 27283 
25998 29547 
26005 29517 
28081 27861 
28111 27839 
28043 27867 
26011 29482 
26246 29463 
25032 29877 
25030 29923 
28277 27386 
28212 27585 
27994 27943 
26447 29320 
25784 29628 
27065 28851 
24135 30017 
25380 29770 
27475 28521 
26504 29237 
28375 27375 
26023 29478 
28082 27846 
25078 29872 
28146 27733 
28248 27393 
28204 27677 
23499 30087 

27428 28581 
27343 28586 
27385 28583 
27470 28578 
24025 30008 
25195 29964 
29755 25204 
25498 29747 
25540 29744 
24370 30002 
29383 26187 
23875 30093 
23960 30016 
28971 27042 
27313 28948 
28138 28105 
26497 29527 
27472 28258 
26063 29730 
29122 26444 
29066 26462 
29061 26633 
29005 26651 
28991 26668 
29537 25813 
27671 28210 
27615 28228 
27191 28950 
27175 28962 
25442 29755 
25484 29752 
29020 26650 
28527 27199 
29533 25867 
28304 28101 
27856 28194 
27840 28206 
28505 27732 
28434 27798 
26252 29601 
26236 29613 
29450 26064 
29451 25968 
25406 29771 
29885 24638 
29887 24587 
30087 23971 
30072 24019 
29807 24940 
30052 24387 
27011 29176 
29671 25512 
29657 25527 
29600 25578 
29651 25545 
29642 25575 
28518 27283 
26990 29193 
26967 29209 
29785 25075 
29760 25144 
26605 29238 
24067 30005 
24412 29999 
23617 30103 
23900 30024 
25239 29797 
28528 27184 
28460 27761 
28559 27169 
28614 27115 

26167 29609 
26141 29626 
29766 24866 
27070 29016 
27072 28965 
25643 29698 
25686 29696 
25728 29693 
24415 29984 
24457 29981 
29258 26267 
28930 26814 
28972 26811 
26718 29101 
26757 29080 
25963 29666 
27278 28605 
27264 28620 
27274 28611 
27279 28572 
24344 29987 
24285 30047 
24295 30020 
24337 30017 
28773 27228 
28815 27225 
29429 26063 
29439 26054 
29444 26015 
28306 27414 
26965 29033 
26958 29063 
26986 29031 
27028 29028 
25010 29866 
25052 29863 
27647 28342 
27598 28375 
27621 28359 
29233 26749 
30053 24589 
30063 24580 
30068 24541 
28116 27852 
28158 27849 
28243 27844 
27413 28377 
25504 29741 
26332 29373 
26374 29370 
26459 29365 
26303 29451 
26264 29472 
28440 27340 
28388 27370 
28482 27337 
28430 27367 
28094 27965 
24080 30107 
29666 25571 
29751 25566 
27949 28011 
27935 28026 
27967 27993 
28107 27890 
28100 27920 
29634 25941 
29563 26007 
29615 25995 
26529 29330 
26486 29332 
26571 29327 
27755 28084 
27760 28049 
29370 26129 
29354 26141 
25098 29808 
25140 29805 
26689 29108 
24982 29915 
27384 28384 
28277 27416 
28265 27677 

26891 28995 
26793 29136 
28837 27001 
28834 27034 
26271 29394 
27219 28888 
27189 28906 
30053 23091 
24110 30086 
29359 26084 
29401 26081 
26955 28991 
25473 29743 
25432 29771 
26144 29472 
26105 29493 
26103 29539 
25934 29636 
25945 29562 
25891 29638 
28648 27091 
28758 27060 
28690 27088 
28966 26884 
28951 26932 
28437 27283 
28481 27246 
27917 28012 
27908 28059 
27894 28074 
27919 28005 
24696 30080 
30022 23987 
29429 26063 
29444 26015 
30007 24341 
29977 24359 
28379 27337 
28616 27193 
28619 27160 
29471 25496 
29875 24830 
29960 24825 
29870 25290 
29869 25386 
29257 26581 
29216 26629 
29131 26634 
28296 27572 
28228 27600 
25047 29913 
25101 29837 
25057 29874 
26494 29254 
29282 26261 
25790 29644 
27785 28193 
27744 28221 
28032 27818 
25627 29712 
25586 29740 
27494 28727 
27354 28732 
27500 28594 
26289 29370 
26235 29446 
26319 29307 
26317 29341 
26545 29201 
28076 27802 
28118 27799 
25635 29695 
25594 29723 
24077 30108 
26695 29138 
25423 29799 
28729 27067 
28452 27253 
25312 29817 
25072 29844 
27735 28249 
27995 27878 
26361 29304 
26516 29208 
28157 27778 

27595 28440 
27584 28464 
24924 29994 
24966 29991 
25851 29695 
25867 29692 
29389 26181 
26989 29077 
27007 29072 
26980 29168 
24733 30012 
24775 30009 
26264 29494 
26289 29461 
26280 29491 
27312 28842 
27287 28875 
27303 28872 
28102 27847 
28433 27429 
28475 27426 
24654 30083 
24696 30080 
28529 27276 
28514 27311 
28571 27273 
29685 25554 
29770 25549 
29812 25546 
29727 25551 
28596 27137 
28636 27076 
27382 28712 
27360 28721 
29945 23649 
29259 26320 
29174 26325 
28971 26740 
28960 26764 
25500 29799 
25389 29809 
25458 29802 
25431 29806 
25807 29722 
28024 28002 
27913 28012 
27982 28005 
27955 28009 
28942 26831 
28857 26836 
27844 28263 
27833 28287 
26096 29613 
26045 29646 
26087 29643 
30129 23589 
30044 23594 
30171 23586 
30086 23591 
28166 27498 
26502 29289 
26535 29232 
28712 26880 
28989 26561 
29813 24379 
29853 24318 
29295 26246 
29284 26270 
27608 28407 
27614 28390 
27440 28544 
26438 29300 
27668 28386 
29114 26519 
29124 26492 
29166 26489 
29935 23971 
29892 23973 
28255 27436 
28187 27464 
26602 29231 
26644 29228 
26326 29430 
26336 29364 
25718 29749 
25760 29746 
25082 29891 
28607 27083 
28137 27505 
28646 26919 
29824 24325 
27507 28472 
26409 29307 
28106 27605 
29096 26524 
28226 27443 
26381 29331 

26607 29329 
26692 29324 
28638 27229 
28680 27226 
28695 27178 
26267 29660 
30005 24558 
29999 24575 
29957 24578 
30029 24557 
29511 25554 
29596 25549 
26084 29731 
24700 30099 
28460 27268 
27801 28129 
28507 27258 
29188 26451 
29272 26401 
29202 26436 
29258 26416 
28106 28015 
28136 27997 
27784 28291 
27782 28339 
28371 27583 
28403 27563 
28414 27509 
28389 27578 
27088 28935 
27076 28943 
27067 28950 
24945 29979 
27492 28609 
27414 28629 
28957 27016 
29028 26950 
29013 26998 
28720 27108 
28706 27123 
25286 29874 
25338 29844 
29380 26001 
29405 25932 
29423 25927 
29398 25996 
27372 28653 
27288 28703 
27302 28688 
27358 28668 
27618 28537 
27061 29054 
26921 29059 
27217 28809 
29763 25390 
26288 29390 
29466 25860 
29456 25894 
28172 27629 

24715 29994 
24666 30027 
26182 29528 
26175 29558 
26133 29561 
26601 29444 
26559 29447 
29394 25661 
27072 28938 
27075 28900 
26803 29064 
26845 29061 
26889 29024 
27205 28797 
24469 30034 
24485 30031 
29985 23722 
30008 23703 
29994 23718 
29134 26208 
25466 29765 
24138 30101 
29386 26073 
27337 28732 
27296 28774 
27326 28756 
26630 29123 
26674 29086 
25353 29835 
27660 28323 
27705 28251 
27719 28236 
27653 28353 
29603 25525 
29619 25491 
29618 25504 
29612 25521 
28993 26870 
28908 26875 
29035 26867 
28950 26872 
26906 28979 
27009 28969 
28134 28093 
29826 25429 
29827 25333 
24324 30038 
24366 30035 
26019 29624 
25970 29657 
25291 29850 
29093 26833 
29045 26853 
29087 26850 
29096 26820 
29223 26198 
29267 26161 
27552 28493 
27503 28526 
25614 29751 
25545 29758 
25692 29667 
25624 29695 
28732 27279 
28705 27318 
30166 23640 
30151 23688 
26153 29560 
26068 29565 
28245 27380 
28243 27414 
28287 27377 
28300 27340 
29862 24450 
28219 27651 
24968 29925 
24990 29894 
26860 29031 
26645 29093 
27678 28284 
29238 26168 
28163 27698 
29833 24457 
28167 27682 

29817 24670 
29807 24704 
25919 29700 
26613 29474 
29470 25790 
27422 28817 
25498 29747 
25540 29744 
29167 26487 
27162 28846 
27548 28503 
27557 28473 
27111 29005 
27151 28952 
27133 28971 
27124 29001 
29344 25943 
29400 25925 
29386 25940 
28014 28011 
25123 29978 
25139 29975 
26298 29558 
27733 28166 
27751 28161 
26009 29671 
26201 29580 
27230 28841 
28993 26746 
29061 26718 
28951 26749 
29606 25746 
29648 25743 
24767 30084 
30030 24569 
25429 29754 
25471 29751 
28347 27519 
28316 27651 
28927 27011 
27632 28281 
27703 28215 
27689 28230 
29173 26383 
28639 27390 
28584 27497 
28635 27490 
28089 27734 
24644 30107 
28893 27012 
28892 27046 
28889 27079 
27904 28053 
27894 28080 
27852 28083 
29746 25492 
29732 25507 
25244 29790 
29138 26494 
25162 29800 
29032 26725 
26622 29016 
26618 29032 
29212 26362 
28104 27704 

29837 24607 
24779 30028 
26363 29523 
26389 29503 
24308 30162 
26965 29053 
26979 29038 
29349 26456 
29264 26461 
24422 30038 
25859 29697 
27756 28268 
27767 28244 
27726 28286 
26648 29253 
25101 29837 
25047 29913 
26057 29621 
26100 29604 
26153 29597 
26179 29577 
25861 29648 
29687 25557 
29676 25581 
28601 27297 
28452 27319 
28494 27316 
28243 27662 
28229 27677 
29440 26038 
28756 27081 
28742 27096 
26728 29109 
26809 29085 
26770 29106 
25673 29720 
30041 24382 
29930 24394 
29972 24391 
27028 29028 
26958 29063 
28953 26990 
29596 25673 
29555 25679 
29544 25703 
29814 25313 
29818 25289 
29829 25265 
29789 25352 
29803 25337 
28614 27163 
28988 26618 
29067 26566 
25466 29765 
27301 28694 
27283 28699 
26452 29312 
26462 29273 
28171 27849 
27091 28974 
27066 29013 
27581 28519 
27889 27947 
27860 28170 
27871 28146 
27534 28678 
27175 28866 
24804 29932 
25108 29795 
25072 29844 
25505 29744 
28297 27379 
28250 27438 
25091 29842 

27777 28249 
25392 29741 
29026 26599 
28940 26639 
25101 29838 
25092 29868 
29912 24383 
29870 24386 
29997 24378 
29197 26242 
29194 26275 
27726 28491 
28071 28161 
28072 28065 
28548 27506 
28158 27849 
28183 27780 
28116 27852 
26698 29290 
26709 29236 
25673 29720 
28457 27662 
28385 27683 
28427 27680 
26378 29469 
26326 29499 
26394 29405 
26385 29409 
25051 29890 
25078 29886 
26009 29671 
29780 24411 
23903 30040 
23793 30071 
29734 25434 
29777 25432 
29692 25437 
28354 27704 
28282 27725 
28324 27722 
29441 26041 
29484 26039 
29399 26044 
29526 26036 
29593 25903 
29542 25936 
29584 25933 
24654 29992 
24243 30032 
24245 30025 
24288 30023 
29169 26446 
29160 26476 
28588 27052 
28580 27144 
26894 29098 
26843 29131 
26885 29128 
27321 28886 
27336 28838 
27309 28934 
26260 29508 
26242 29574 
26233 29604 
26956 29090 
27041 29085 
26446 29379 
26404 29382 
28816 27006 
28748 27034 
28706 27037 
24997 29935 
24945 29965 
24955 29938 
25353 29835 
24171 30037 
28997 26606 
23835 30068 
28787 27013 

29026 26416 
29067 26374 
29056 26398 
24776 29969 
23592 30083 
28086 27676 
28171 27671 
28213 27668 
29011 26927 
29022 26903 
29008 26960 
25013 29929 
24971 29932 
25020 29899 
29954 24400 
29957 24331 
28076 27758 
26062 29566 
26074 29561 
26083 29531 
28718 27251 
25353 29835 
27217 28972 
27229 28852 
28922 26966 
28880 26990 
27453 28346 
27442 28370 
29559 25655 
27269 28798 
29348 25937 
29389 25895 
29378 25919 
27386 28641 
27374 28646 
27394 28592 
27393 28611 
27500 28241 
27651 28239 
27802 28210 
27693 28236 
27885 28043 
28012 28035 
27903 28038 
27427 28379 
25671 29685 
25720 29652 
26491 29252 
27807 28196 
28402 27646 
28443 27604 
28432 27628 
28851 27081 
29523 25828 
26184 29439 
26269 29434 
26311 29431 
24517 29999 
24602 29994 
24644 29991 
29999 23932 
28047 27932 
28029 27941 
29084 26339 
29211 26331 
25872 29618 
25958 29578 
29164 26334 
28795 27197 
26819 29049 
26904 29044 
26946 29041 
26665 29150 
29575 25480 
26465 29253 
26455 29280 
29815 25099 
29774 25141 
29804 25123 
25575 29717 
29902 25066 
29891 25090 
25694 29678 
27732 28215 
26533 29249 
26317 29375 
25434 29721 
24236 30048 
26385 29315 
25929 29585 
26381 29331 
26636 29157 
26426 29287 
25656 29693 
25371 29722 

26066 29711 
30012 23519 
27263 28915 
27236 29011 
27255 28973 
25279 29827 
25321 29824 
28532 27648 
29999 23806 
27316 28561 
29210 26372 
29189 26388 
29187 26395 
29228 26367 
27843 28239 
27802 28287 
27743 28292 
25582 29750 
25585 29733 
29908 24168 
29644 25893 
28109 27820 
28071 27826 
28139 27798 
26690 29175 
26715 29106 
26441 29357 
26261 29473 
26176 29478 
26187 29476 
30157 23389 
30162 23375 
30192 23357 
29851 25412 
27592 28543 
27599 28507 
23927 30066 
26738 29084 
26763 29015 
29532 25941 
29311 26242 
29396 26237 
28686 27028 
28580 27140 
26093 29563 
26271 29394 
29126 27021 
26119 29495 
26133 29480 
25082 29891 
24841 29901 
24883 29898 
28017 27959 
28042 27890 
28221 27658 
28153 27686 
26562 29198 
26494 29226 
24584 29931 
24583 30034 
24587 29920 
27287 28568 
29158 26402 
24236 30048 
28110 27805 
23898 30073 
26317 29375 
28192 27665 
26533 29205 
26455 29292 

25075 29936 
25087 29874 
25084 29923 
26708 29338 
26666 29341 
26709 29242 
25825 29610 
25867 29607 
26903 28932 
26900 28965 
27284 28764 
27199 28769 
29876 24506 
29867 24536 
29410 25869 
29401 25899 
28298 27614 
28300 27607 
28339 27586 
26786 29056 
29100 26675 
29151 26642 
29142 26672 
29763 25505 
29721 25508 
27197 28916 
28296 27839 
28254 27842 
29474 25843 
28543 27327 
28653 27296 
28585 27324 
29396 26237 
24571 29975 
24522 30008 
27630 28236 
27588 28239 
25958 29578 
28767 27154 
28725 27157 
28781 27139 
25313 29778 
25767 29694 
25725 29697 
25821 29618 
25935 29582 
25989 29506 
24077 30052 
24119 30049 
27745 28192 
27696 28225 
27735 28197 
26265 29483 
26223 29486 
26274 29412 
27725 28204 
27781 28186 
24346 30019 
29311 26445 
29288 26488 
29322 26425 
29298 26454 
29273 26523 
27478 28578 
27436 28581 
28902 26807 
27564 28399 
29037 26791 
27813 27987 
26303 29384 
28857 27042 
28899 27039 
28814 27044 
27946 27964 
27904 27967 
29254 26590 
30104 23400 
30160 23382 
26858 29049 
26795 29054 
26816 29052 
26872 29034 
27325 28691 
27339 28644 
27324 28692 
27353 28629 
27338 28677 
27303 28697 
28024 27879 
25906 29586 
26757 29063 
23759 30075 
28624 27303 
25929 29585 
25355 29775 
25792 29625 
25960 29513 
27784 27994 

27223 28903 
27205 28922 
30095 23524 
30086 23554 
26624 29228 
26539 29233 
24400 30039 
24485 30034 
24443 30037 
28208 27757 
28226 27752 
27987 28094 
27955 28128 
29948 24197 
24174 30110 
29891 24734 
29933 24731 
29848 24736 
29806 24739 
29735 25489 
29744 25476 
27147 29075 
27151 29008 
27181 28990 
28163 27964 
28768 27135 
28781 27080 
28772 27110 
26494 29296 
26442 29398 
25673 29720 
24877 29989 
29062 26500 
29104 26497 
29477 25950 
29486 25920 
29507 25863 
27627 28277 
28325 27585 
28366 27547 
28334 27581 
29026 26811 
29030 26744 
25360 29743 
23605 30119 
28195 27935 
26223 29408 
26185 29486 
25337 29791 
28818 26895 
28397 27337 
28383 27352 
28437 27276 
29265 26423 
29322 26385 
27561 28564 
27594 28452 
26119 29694 
26140 29637 
25504 29741 
28154 28029 
28014 28034 
29043 26607 
27468 28686 
27706 28236 
27715 28206 
27750 28197 
28624 27195 
28556 27223 
27384 28808 
26829 29081 
26742 29093 
26744 29086 
30143 23439 
26642 29177 
26503 29241 
26147 29512 
28497 27229 
25312 29817 
28789 26902 
28408 27283 

25860 29615 
25923 29610 
27536 28334 
26936 29120 
26945 29090 
26963 29071 
26955 29085 
29271 26422 
29282 26398 
29739 25519 
29813 25249 
29802 25273 
25365 29791 
29706 25577 
26194 29536 
26205 29512 
29118 26751 
29129 26727 
24703 30024 
24694 30054 
24678 30057 
27452 28729 
27404 28750 
28137 27830 
28148 27806 
28147 27825 
28707 27318 
28710 27249 
26616 29425 
27109 28914 
27120 28890 
27076 28929 
28677 27400 
26703 29295 
26618 29300 
28006 27976 
29182 26437 
26011 29588 
29447 26085 
29444 26118 
29433 26142 
28808 27081 
28944 26806 
27493 28390 
24782 29979 
24775 30009 
25571 29699 
30025 24154 
30043 24149 
29881 24781 
29859 24782 
28316 27540 
28442 27519 
28235 27598 
28150 27603 
29986 24251 
29901 24256 
29987 24248 
29902 24253 
25450 29786 
25243 29818 
27729 28190 
27954 28006 
28915 26813 
25829 29621 
25163 29903 
25484 29731 
25615 29662 
25214 29873 
30012 24163 
25651 29656 

29972 23402 
30042 23367 
30053 23343 
26285 29484 
26075 29618 
26094 29580 
26375 29443 
26395 29404 
23417 30150 
26871 29092 
29826 24660 
29959 23689 
25890 29635 
25885 29636 
25901 29633 
29780 24902 
24884 29959 
24877 29989 
23765 30114 
29444 25973 
29433 25997 
27443 28540 
27468 28507 
27459 28537 
28918 26886 
28929 26862 
25170 29792 
23991 30059 
27213 28780 
27550 28233 
26898 28877 
26884 28892 
28290 27382 
28207 28018 
28208 27922 
28219 27898 
29686 25443 
27501 28244 
29020 26838 
29021 26742 
29032 26718 
28684 26979 
28695 26955 
27793 28119 
27788 28219 
29366 26465 
29380 26450 
29038 26518 
29120 26475 
29052 26503 
29063 26479 
29890 23804 
29901 23780 
29676 25817 
29591 25822 
24287 30046 
25222 29790 
29739 25345 
29714 25384 
25789 29783 
24383 30015 
24410 30011 
26710 29243 
26850 29238 
26861 29214 
30236 23315 
30151 23320 
25022 29902 
25054 29846 
25814 29667 
25800 29682 
28547 27159 
28530 27259 
28447 27287 
28638 27132 
28599 27153 
26569 29280 
26501 29308 
26457 29315 
25141 29799 
26928 28855 
28261 27389 
25264 29787 
28256 27415 
25025 29853 

24737 30131 
28601 27021 
26897 29169 
26931 29140 
29401 26029 
27278 28873 
29039 26820 
27708 28674 
25323 29743 
27711 28279 
28378 27413 
28446 27385 
29245 26291 
26607 29347 
26703 29295 
28596 27161 
26524 29378 
26520 29445 
26504 29457 
26338 29553 
30158 22807 
27475 28733 
25192 29933 
25234 29930 
29209 26318 
25989 29685 
25966 29718 
28280 27414 
27011 29118 
28882 26971 
28967 26966 
28840 26974 
27421 28767 
27409 28832 
29905 24524 
29975 24489 
28499 27261 
28541 27258 
28559 27253 
29856 25571 
29730 25624 
28265 27713 
29192 26661 
29129 26681 
29162 26679 
28707 26987 
28622 26992 
30036 24105 
29346 26127 
29351 26113 
29381 26095 
30156 23145 
27996 28245 
28152 28141 
25312 29817 
29216 26298 
29930 24518 
29811 25600 

26104 29554 
26096 29676 
24461 30091 
24412 30124 
26643 29261 
26632 29285 
26618 29300 
27041 29085 
26656 29174 
25608 29716 
25540 29744 
30014 24585 
30003 24609 
29867 24689 
29760 25151 
29723 25195 
29735 25190 
29749 25175 
27984 27868 
28611 27223 
28629 27188 
28604 27257 
27751 28195 
26149 29534 
26158 29463 
28536 27582 
27904 27939 
25262 29762 
24782 29979 
24733 30012 
24775 30009 
29516 25961 
29562 25947 
27815 28168 
27748 28210 
27804 28192 
26310 29359 
26346 29347 
28318 27811 
28299 27846 
28906 26926 
28924 26891 
28899 26960 
27968 27869 
27215 28920 
27166 28953 
27208 28950 
27449 28567 
27461 28558 
27445 28601 
28969 26603 
27933 27913 
27684 28407 
27673 28431 
27817 28044 
29227 26482 
25947 29693 
25989 29690 
29025 26521 
29276 26436 
26413 29341 
25167 29922 
25509 29749 
29612 25472 
29705 25394 
29654 25469 
27320 28873 
27253 28915 
27309 28897 
27324 28849 
27700 28214 
25237 29788 
28940 26610 
27847 28022 

29107 26496 
29106 26592 
25353 29835 
30068 24541 
30053 24589 
30011 24592 
28972 26855 
28930 26858 
29057 26850 
27919 28129 
25959 29599 
26607 29378 
26558 29411 
27543 28472 
27487 28490 
27060 28919 
27102 28916 
29177 26097 
29754 25476 
29738 25479 
29763 25446 
29444 26015 
29429 26063 
29387 26066 
29481 25989 
29465 25992 
29490 25959 
28748 27236 
28706 27239 
25860 29615 
25881 29613 
25923 29610 
25853 29645 
25811 29648 
24696 30080 
24654 30083 
28397 27595 
28388 27625 
25167 29922 
25767 29775 
29167 26190 
26376 29564 
28476 27539 
28366 27743 
28367 27647 
30157 23321 
30127 23339 
29930 24600 
29972 24597 
27440 28692 
28076 28076 
26893 29108 
26943 29013 
27618 28333 
27660 28330 
27735 28243 
27779 28206 
23885 30143 
29138 26197 
28490 27267 
27750 28213 

30064 22984 
26932 29117 
26429 29466 
26451 29452 
26416 29470 
26456 29417 
28140 27758 
28162 27733 
29310 26218 
29300 26227 
29260 26274 
29251 26304 
28913 26912 
28903 26921 
28878 26930 
28918 26877 
26678 29152 
26636 29155 
24612 30060 
24584 30069 
29649 25733 
29665 25730 
29635 25748 
29593 25751 
28776 26986 
28794 26981 
25123 29978 
25109 29993 
25139 29975 
27953 28032 
27919 28129 
25781 29736 
25772 29766 
28139 27844 
29509 25900 
29494 25948 
30012 24502 
30023 24432 
26936 28940 
27013 28920 
26999 28935 
29738 25609 
30090 22835 
28333 27544 
29133 26399 
28093 27955 
28118 27886 
27737 28262 
25378 29795 
25285 29834 
25243 29837 
28924 26764 
28972 26659 
25161 29883 
27304 28554 
27331 28530 
28742 27188 
28701 27236 
28988 26559 
28266 27595 
28194 27599 
25807 29689 
25800 29719 
28419 27257 
28405 27272 
29353 26024 
29330 26033 
29317 26037 
29357 25984 
26463 29319 
29854 25332 
29876 25299 
29814 25335 
28380 27320 
30059 23889 
30029 23907 
27597 28460 
27572 28493 
27588 28490 
27395 28511 
27413 28506 
28340 27387 
27671 28352 
30028 23933 
23497 30158 
28760 27029 
26629 29247 
26635 29168 
24663 30030 
24649 30045 
24679 30027 
23972 30111 
24040 30083 
27653 28438 
27188 28903 
26210 29617 
26235 29584 
26226 29614 
30129 22814 
28304 27551 
29172 26378 
29003 26529 
28420 27242 
26480 29285 
28395 27290 
28357 27353 

25075 29922 
25026 29955 
25068 29952 
26557 29337 
26554 29375 
27219 28888 
27189 28906 
26576 29303 
26632 29285 
26643 29231 
26203 29532 
28232 27853 
28359 27845 
28317 27848 
28274 27850 
26918 29168 
24654 30083 
24696 30080 
26158 29548 
26109 29581 
26151 29578 
27859 28101 
29769 24869 
25607 29702 
25628 29700 
26009 29671 
26032 29638 
29725 25591 
29741 25588 
29837 24735 
27692 28205 
27154 28976 
27105 29009 
27707 28140 
29229 26238 
29293 26185 
27558 28547 
28858 26917 
25449 29726 
25650 29694 
25735 29689 
27770 28115 
28436 27509 
28539 27499 
29159 26738 
29189 26720 
24931 30007 
24959 29956 
28734 27220 
28804 27185 
24080 30107 
26924 29017 
27917 27949 
27907 27988 
27359 28610 
27444 28605 
27485 28557 
29348 25975 
29346 25982 
29302 26031 
29369 25959 
29387 25954 
26323 29398 
29941 23356 
30026 23351 
27572 28346 
27657 28341 
29896 24046 
25397 29756 
25312 29817 
25424 29750 
27918 27934 
29317 25989 

29948 24557 
29937 24581 
26236 29497 
26237 29440 
27443 28759 
29149 26470 
28121 27722 
30007 24341 
29977 24359 
27593 28545 
26831 29024 
25123 29978 
25109 29993 
25139 29975 
27534 28678 
25402 29740 
27179 28951 
27131 28971 
26777 29035 
25860 29634 
25869 29621 
27735 28252 
29770 25549 
29812 25546 
29685 25554 
29727 25551 
26214 29519 
26158 29537 
26130 29569 
28767 27184 
28190 27641 
28220 27629 
28148 27644 
25598 29685 
27846 28224 
27868 28204 
27871 28191 
27862 28221 
29350 26220 
29353 26207 
29302 26240 
29344 26237 
28918 27128 
28907 27152 
28920 26716 
24654 30083 
24696 30080 
25389 29832 
28094 28093 
27968 28146 
29075 26712 
26522 29249 
29562 25857 
29487 25864 
29529 25861 
29614 25856 
28617 27279 
28549 27307 
29108 26674 
29133 26605 
28525 27370 
28523 27416 
28548 27347 
28139 27678 
26285 29435 
26446 29379 
25649 29674 
25593 29692 
25565 29724 
27214 28827 
27256 28824 
28133 27705 
28107 27730 
28129 27721 
28103 27746 
29138 26494 
26769 29127 
25908 29600 
26547 29190 
25337 29862 
28588 27286 
23359 30127 

26422 29351 
26382 29438 
26340 29441 
26862 29074 
26873 29050 
27293 28848 
27301 28794 
25993 29598 
25937 29616 
28762 27187 
28788 27115 
28748 27202 
28778 27184 
28706 27205 
23776 30099 
28994 26831 
27570 28440 
27545 28479 
29521 26007 
29819 25429 
29734 25434 
27074 28981 
27083 28968 
27092 28938 
27883 28094 
28425 27472 
28436 27448 
27191 28898 
30134 23547 
30125 23577 
30145 23523 
30062 24611 
28218 27910 
28219 27814 
27646 28316 
24877 29989 
24835 29992 
29432 26352 
29347 26357 
26750 29260 
26761 29236 
24244 30049 
24202 30052 
24032 30080 
23963 30087 
23905 30088 
24896 29916 
24998 29913 
24739 30028 
24764 29995 
24755 30025 
29014 26642 
29025 26618 
29177 26464 
29245 26436 
25201 29824 
25212 29800 
25117 29874 
25075 29877 
27309 28584 
27325 28581 
27734 28225 
25333 29767 
27373 28520 
25822 29627 
26214 29519 
26225 29495 
26130 29569 
26088 29572 
29504 26055 
29515 26031 
29641 25506 
29656 25471 
29698 25468 
25648 29703 
25716 29675 
25606 29706 
27926 27934 
27884 27937 
27969 27932 
29945 25077 
29878 25119 
29859 25179 
29870 25155 
27854 28101 
26639 29271 
27815 28201 
25375 29764 
25687 29682 

26361 29457 
29621 25090 
29199 26347 
29284 26342 
23991 30059 
23583 30092 
23625 30089 
29964 24647 
28329 27822 
25291 29850 
27309 28934 
27321 28886 
26130 29601 
26127 29605 
26140 29596 
27436 28665 
27420 28704 
27650 28307 
27702 28277 
29392 26085 
29401 26081 
29410 26051 
27183 29128 
27195 29080 
26292 29561 
25123 29978 
25148 29948 
25109 29993 
25139 29975 
30198 23007 
29796 24930 
29655 25040 
29740 25035 
29758 25030 
25353 29835 
27534 28431 
27548 28416 
27533 28464 
27519 28479 
30055 24352 
30064 24348 
30094 24330 
29763 24961 
29582 25994 
29579 25998 
25990 29690 
26045 29679 
26032 29687 
28128 28063 
28137 28059 
28167 28041 
28218 27889 
28303 27884 
28321 27879 
29022 26816 
29064 26813 
29071 26783 
28125 28073 
28083 28076 
28607 27278 
28618 27224 
29147 26645 
29166 26512 
29184 26507 
27720 28166 
27805 28161 
30106 23491 
30120 23476 
27812 28143 
28415 27691 
28416 27595 
28959 27044 
28874 27049 
27900 28096 
27857 28098 
28669 27102 
28754 27097 
25873 29791 
25915 29788 
24161 30017 
24203 30014 
24359 30000 
26362 29329 
26650 29300 
26608 29303 
26735 29295 
27632 28312 
29807 24876 
27942 28093 
24401 29997 

24833 30084 
24863 30066 
28035 27963 
26803 29110 
24892 29937 
26056 29706 
25817 29860 
27955 28085 
27913 28088 
27980 28016 
27863 28445 
26325 29585 
28408 27654 
26571 29390 
26558 29411 
26577 29373 
26585 29315 
29708 25363 
29722 25348 
25120 29930 
27075 29097 
27790 28560 
29641 25866 
28599 27628 
27215 29016 
29380 26062 
29408 26011 
29849 24389 
29799 24434 
29379 26149 
29358 26165 
28792 27092 
28794 27046 
27565 28607 
29160 26409 
29683 25551 
27712 28573 
28980 27040 
29148 26933 
28110 27728 
28093 27763 
28050 27852 
28082 27817 
29974 23960 
30017 23886 
29999 23891 
29978 23907 
30161 23068 
30185 23039 
29838 24413 
27520 28636 
29574 25929 

26675 29309 
26666 29339 
26275 29489 
26278 29451 
25047 29913 
25057 29874 
24218 30062 
29018 26630 
29054 26486 
28699 27139 
28729 27121 
25464 29725 
29296 26102 
29338 26099 
28981 26905 
26738 29105 
27124 28982 
27126 28931 
25291 29850 
26848 29065 
26841 29095 
25807 29689 
25800 29719 
28890 26971 
29347 26078 
29357 26041 
29267 26403 
29286 26368 
29279 26398 
29783 25456 
29698 25461 
29449 25698 
29393 25718 
29379 25733 
28365 27833 
26119 29525 
26262 29512 
29982 24206 
29926 24226 
29912 24241 
25904 29579 
28234 28006 
26154 29522 
26084 29557 
24287 30046 
24294 30016 
24363 29982 
28522 27268 
28497 27295 
28443 27371 
28467 27317 
28453 27332 
27586 28585 
27628 28582 
27543 28587 
28377 27412 
28367 27451 
26979 29057 
25034 29967 
24992 29970 
24949 29972 
27350 28848 
27392 28845 
27422 28827 
25460 29798 
25375 29803 
27655 28189 
27946 28059 
27749 28095 
27712 28102 
27705 28132 
27664 28133 
27657 28163 
29025 26493 
28537 27238 
28468 27302 
28392 27382 

24370 30002 
23602 30072 
23712 30041 
23644 30069 
26167 29609 
26429 29466 
26451 29452 
24652 29983 
25706 29764 
25748 29761 
29996 24191 
29912 24241 
29926 24226 
29940 24209 
29982 24206 
27172 28867 
27149 28913 
27101 28933 
29857 25040 
29856 25136 
23497 30158 
29879 24894 
29496 26163 
29444 26175 
29486 26172 
29188 26593 
28333 27726 
28661 27427 
28631 27445 
27222 28813 
27255 28809 
27180 28816 
27307 28808 
28872 26985 
28830 26988 
28957 26980 
28750 27094 
28820 27059 
28806 27074 
28726 27265 
28696 27283 
23554 30101 
23596 30098 
27794 28304 
27780 28319 
28044 27903 
29376 26437 
27572 28456 
27445 28464 
27530 28459 
27487 28461 
25758 29620 
25800 29617 
29521 26007 
25124 29835 
25146 29834 
26679 29171 
26629 29185 
27573 28390 
27589 28359 
29066 26677 
29133 26605 
29108 26674 
27962 28095 
29701 25409 
29682 25463 
29687 25424 
26989 29068 
26907 29072 
26905 29118 
26591 29292 
26602 29238 
26535 29310 
25073 29887 
24983 29939 
25181 29833 
25223 29830 
25390 29771 
25383 29801 
24412 29999 
23683 30048 
28069 27755 
24252 30040 

