2695.0000000000 1696.0000000000
1696.0000000000 2695.0000000000
2694.0000000000 2694.0000000000

2695.0000000000 1696.0000000000
1696.0000000000 2695.0000000000
2694.0000000000 2694.0000000000

2695.0000000000 1696.0000000000
1696.0000000000 2695.0000000000
2694.0000000000 2694.0000000000

2695.0000000000 1696.0000000000
1696.0000000000 2695.0000000000
2694.0000000000 2694.0000000000

2695.0000000000 1696.0000000000
1696.0000000000 2695.0000000000
2694.0000000000 2694.0000000000

2695.0000000000 1696.0000000000
1696.0000000000 2695.0000000000
2694.0000000000 2694.0000000000

2695.0000000000 1696.0000000000
1696.0000000000 2695.0000000000
2694.0000000000 2694.0000000000

2695.0000000000 1696.0000000000
1696.0000000000 2695.0000000000
2694.0000000000 2694.0000000000

2695.0000000000 1696.0000000000
1696.0000000000 2695.0000000000
2694.0000000000 2694.0000000000

2695.0000000000 1696.0000000000
1696.0000000000 2695.0000000000
2694.0000000000 2694.0000000000

2695.0000000000 1696.0000000000
1696.0000000000 2695.0000000000
2694.0000000000 2694.0000000000

2695.0000000000 1696.0000000000
1696.0000000000 2695.0000000000
2694.0000000000 2694.0000000000

2695.0000000000 1696.0000000000
1696.0000000000 2695.0000000000
2694.0000000000 2694.0000000000

2695.0000000000 1696.0000000000
1696.0000000000 2695.0000000000
2694.0000000000 2694.0000000000

2695.0000000000 1696.0000000000
1696.0000000000 2695.0000000000
2694.0000000000 2694.0000000000

2695.0000000000 1696.0000000000
1696.0000000000 2695.0000000000
2694.0000000000 2694.0000000000

2695.0000000000 1696.0000000000
1696.0000000000 2695.0000000000
2694.0000000000 2694.0000000000

2695.0000000000 1696.0000000000
1696.0000000000 2695.0000000000
2694.0000000000 2694.0000000000

2695.0000000000 1696.0000000000
1696.0000000000 2695.0000000000
2694.0000000000 2694.0000000000

2695.0000000000 1696.0000000000
1696.0000000000 2695.0000000000
2694.0000000000 2694.0000000000

2695.0000000000 1696.0000000000
1696.0000000000 2695.0000000000
2694.0000000000 2694.0000000000

2695.0000000000 1696.0000000000
1696.0000000000 2695.0000000000
2694.0000000000 2694.0000000000

2695.0000000000 1696.0000000000
1696.0000000000 2695.0000000000
2694.0000000000 2694.0000000000

2695.0000000000 1696.0000000000
1696.0000000000 2695.0000000000
2694.0000000000 2694.0000000000

2695.0000000000 1696.0000000000
1696.0000000000 2695.0000000000
2694.0000000000 2694.0000000000

2695.0000000000 1696.0000000000
1696.0000000000 2695.0000000000
2694.0000000000 2694.0000000000

2695.0000000000 1696.0000000000
1696.0000000000 2695.0000000000
2694.0000000000 2694.0000000000

2695.0000000000 1696.0000000000
1696.0000000000 2695.0000000000
2694.0000000000 2694.0000000000

2695.0000000000 1696.0000000000
1696.0000000000 2695.0000000000
2694.0000000000 2694.0000000000

2695.0000000000 1696.0000000000
1696.0000000000 2695.0000000000
2694.0000000000 2694.0000000000

