863884.000000 858308.000000 
873052.000000 856302.000000 
865824.000000 856582.000000 

873102.000000 880012.000000 
889476.000000 865108.000000 
880716.000000 865978.000000 
874048.000000 872990.000000 
873308.000000 875270.000000 
878628.000000 869854.000000 
877520.000000 870090.000000 

866828.000000 846890.000000 
877424.000000 841970.000000 
872718.000000 842932.000000 

893576.000000 860470.000000 
876628.000000 865316.000000 
903350.000000 846824.000000 
898350.000000 860082.000000 
880512.000000 860576.000000 
899264.000000 849190.000000 

852004.000000 855578.000000 
864258.000000 844830.000000 
853534.000000 850618.000000 
859346.000000 847820.000000 
863360.000000 845670.000000 
855334.000000 849150.000000 
854862.000000 849898.000000 

872900.000000 862140.000000 
883036.000000 850742.000000 
878500.000000 854968.000000 

865360.000000 856992.000000 
863566.000000 861030.000000 
864248.000000 860464.000000 

862820.000000 849682.000000 
854210.000000 850914.000000 

876924.000000 848388.000000 
871384.000000 859006.000000 

866184.000000 858338.000000 
873894.000000 844168.000000 
870668.000000 851832.000000 
873486.000000 848474.000000 

854914.000000 854318.000000 
862028.000000 844670.000000 
858206.000000 848304.000000 

874634.000000 879998.000000 
882452.000000 860924.000000 
876648.000000 869156.000000 
878856.000000 864762.000000 

864104.000000 846682.000000 
860652.000000 849638.000000 

858506.000000 860896.000000 
859690.000000 853714.000000 
876710.000000 845832.000000 
867362.000000 846360.000000 
866512.000000 852588.000000 

860084.000000 866560.000000 
871192.000000 848518.000000 
863468.000000 848996.000000 
861562.000000 861000.000000 

866264.000000 850506.000000 
862518.000000 852028.000000 

876996.000000 851890.000000 
875552.000000 854948.000000 

849818.000000 850160.000000 
864112.000000 846292.000000 

859966.000000 857926.000000 
862988.000000 847266.000000 

870616.000000 873502.000000 
878648.000000 869124.000000 
887760.000000 860328.000000 
882180.000000 861708.000000 
880964.000000 867876.000000 
885396.000000 860600.000000 

876060.000000 845766.000000 
862744.000000 845836.000000 

871274.000000 866436.000000 
879362.000000 857286.000000 
879342.000000 863194.000000 

884440.000000 852218.000000 
884330.000000 869182.000000 

867146.000000 860786.000000 
877416.000000 852040.000000 
870758.000000 855416.000000 

867640.000000 854450.000000 
883360.000000 848838.000000 
876960.000000 850466.000000 

870312.000000 848688.000000 
865912.000000 855558.000000 

846164.000000 845286.000000 
842818.000000 851522.000000 

862116.000000 853798.000000 
856614.000000 857130.000000 
873932.000000 849420.000000 
867254.000000 853390.000000 
877710.000000 846788.000000 
869774.000000 850260.000000 
874870.000000 849082.000000 
872178.000000 849740.000000 

864894.000000 863910.000000 
860786.000000 869754.000000 
897756.000000 859550.000000 
908046.000000 853684.000000 
905940.000000 857252.000000 
902054.000000 859154.000000 

878160.000000 862448.000000 
872196.000000 871548.000000 
884800.000000 843560.000000 
883590.000000 850696.000000 
875354.000000 868370.000000 

