1954564.000000 2035360.000000 2041526.000000 
2029276.000000 1994270.000000 2002810.000000 
2027600.000000 1961436.000000 2015372.000000 
2012980.000000 1968466.000000 2028996.000000 
1956108.000000 2032644.000000 2036554.000000 
2015796.000000 2017680.000000 1962612.000000 
2025748.000000 2039690.000000 1955550.000000 
2006482.000000 1977020.000000 2037992.000000 
2022904.000000 2002488.000000 1995596.000000 
1971652.000000 1995512.000000 2036466.000000 
2004182.000000 2043314.000000 1967272.000000 
1995008.000000 1987394.000000 2026440.000000 
1966164.000000 2012422.000000 2024020.000000 
1996288.000000 2029152.000000 1970526.000000 
2030342.000000 1995126.000000 1986474.000000 
1984674.000000 2037530.000000 1975152.000000 
1965034.000000 2035298.000000 2015778.000000 
1996482.000000 2046662.000000 1968514.000000 
1990568.000000 2048024.000000 1967088.000000 
1960250.000000 2017386.000000 2028626.000000 
2041534.000000 2008734.000000 1983040.000000 
1969272.000000 2044816.000000 2004132.000000 
2005530.000000 1978454.000000 2035694.000000 
2033744.000000 2010742.000000 1984126.000000 
2000062.000000 1978084.000000 2042240.000000 
1964578.000000 2052128.000000 2015580.000000 
1952314.000000 2022364.000000 2044294.000000 
1967992.000000 2004226.000000 2031996.000000 
2007610.000000 1978776.000000 2032070.000000 
1980766.000000 2017924.000000 2003866.000000 
2022022.000000 2003152.000000 2002260.000000 
1969720.000000 2036512.000000 2009664.000000 
1975464.000000 2021732.000000 2009922.000000 
1997624.000000 1977954.000000 2047988.000000 
2014398.000000 2008046.000000 2000318.000000 
1989444.000000 1989648.000000 2021604.000000 
1958132.000000 2017874.000000 2027368.000000 
1973148.000000 2025128.000000 2013224.000000 
1981358.000000 1991758.000000 2065788.000000 
1978754.000000 1993584.000000 2006916.000000 
1984684.000000 2022258.000000 1980978.000000 
2027018.000000 1980132.000000 2009126.000000 
1973062.000000 2033284.000000 1989290.000000 
2007876.000000 1973144.000000 2037346.000000 
2031138.000000 2008230.000000 1985104.000000 
2025404.000000 2013714.000000 1989176.000000 
1958690.000000 2066664.000000 2003574.000000 
2005302.000000 1981902.000000 2030956.000000 
1973158.000000 2011330.000000 2028374.000000 
2003166.000000 2014402.000000 1994500.000000 
2012736.000000 2015102.000000 1992870.000000 
2025496.000000 1998624.000000 1998986.000000 
1974994.000000 1994326.000000 2052808.000000 
2033106.000000 1952638.000000 2076446.000000 
1965216.000000 2050330.000000 2013066.000000 
2011214.000000 1983642.000000 2014520.000000 
2002296.000000 1978038.000000 2040696.000000 
1988738.000000 1965484.000000 2050096.000000 
1975440.000000 2018244.000000 2019206.000000 
1995742.000000 1971362.000000 2048160.000000 
1972920.000000 2026448.000000 2007766.000000 
1972210.000000 2003532.000000 2030860.000000 
1984026.000000 2013606.000000 2003246.000000 
2030474.000000 1955156.000000 2081778.000000 
2025054.000000 1996858.000000 2001886.000000 
1969528.000000 2029382.000000 2017156.000000 
1995360.000000 2015048.000000 1994458.000000 
1986206.000000 2019054.000000 1999386.000000 
2022388.000000 1999620.000000 1998064.000000 
2011512.000000 2013712.000000 1992946.000000 
2039766.000000 2015008.000000 1973026.000000 
1983544.000000 2024886.000000 2003616.000000 
1966246.000000 2060818.000000 2004468.000000 
1962046.000000 2010084.000000 2035368.000000 
1982770.000000 1990052.000000 2035156.000000 
2005394.000000 2016612.000000 1985488.000000 
1996288.000000 2021010.000000 1981410.000000 
1951020.000000 2054480.000000 2033944.000000 
1989578.000000 1988176.000000 2018930.000000 
1967492.000000 2003182.000000 2050518.000000 
1967316.000000 2062132.000000 1985734.000000 
2012160.000000 2019404.000000 1970196.000000 
1956748.000000 2027284.000000 2017678.000000 
2016984.000000 2007696.000000 1990644.000000 
2031148.000000 1991704.000000 1999332.000000 
2021048.000000 2007394.000000 2003726.000000 
1974878.000000 1996414.000000 2023332.000000 
1976242.000000 1996370.000000 2022578.000000 
1999626.000000 1983818.000000 2047704.000000 
1999694.000000 1982290.000000 2020922.000000 
1989504.000000 2018508.000000 1996780.000000 
1983908.000000 2023650.000000 1981614.000000 
2006882.000000 1972020.000000 2038334.000000 
2009508.000000 1964306.000000 2041878.000000 
1983132.000000 2028820.000000 2002048.000000 
2026592.000000 1963390.000000 2088716.000000 
1981582.000000 2031384.000000 1999354.000000 
1964010.000000 2015816.000000 2021528.000000 
1986792.000000 1987762.000000 2026196.000000 

1960474.000000 2042760.000000 2034572.000000 
2000274.000000 2000478.000000 2062100.000000 
2031642.000000 1986662.000000 2026512.000000 
2039772.000000 2002644.000000 2000106.000000 
2038116.000000 2016858.000000 1989948.000000 
2015218.000000 1971914.000000 2082812.000000 
2036156.000000 1953938.000000 2051296.000000 
1999026.000000 2005198.000000 2054494.000000 
2025760.000000 1966720.000000 2057410.000000 
2050220.000000 2034730.000000 1977936.000000 
2077554.000000 1956710.000000 2047662.000000 
2019158.000000 2004100.000000 2021270.000000 
2032808.000000 1996086.000000 2016388.000000 
2054514.000000 2056244.000000 1971896.000000 
2041826.000000 2039982.000000 1977868.000000 
2013240.000000 1998744.000000 2037974.000000 
2015282.000000 1998726.000000 2045226.000000 
2046896.000000 2036426.000000 1976746.000000 
2029368.000000 1994940.000000 2037484.000000 
2045080.000000 1976094.000000 2044948.000000 
1967154.000000 2041278.000000 2053262.000000 
2021300.000000 1999552.000000 2034260.000000 
2076148.000000 1963002.000000 2042734.000000 
2025568.000000 1985180.000000 2044448.000000 
1974224.000000 2020740.000000 2061938.000000 
2029804.000000 1997416.000000 2025836.000000 
2034200.000000 1981120.000000 2040878.000000 
2016524.000000 1997278.000000 2046560.000000 
2002904.000000 1975782.000000 2048054.000000 
2024678.000000 1972744.000000 2073468.000000 
2047590.000000 1998358.000000 2015370.000000 
2004906.000000 2024218.000000 1978738.000000 
2030746.000000 1990890.000000 2024440.000000 
2037504.000000 2070000.000000 1970470.000000 
1968636.000000 2044868.000000 2027934.000000 
1973750.000000 2035964.000000 2045098.000000 
1969550.000000 2023964.000000 2060638.000000 
2027614.000000 1980762.000000 2046326.000000 
2078744.000000 1990128.000000 2021448.000000 
2021512.000000 1965740.000000 2086362.000000 
1969846.000000 2032962.000000 2045964.000000 
2047358.000000 1964820.000000 2023080.000000 
2025966.000000 1996708.000000 2032140.000000 
2023860.000000 2001018.000000 2028740.000000 
1994960.000000 1990554.000000 2066280.000000 
1975024.000000 2006268.000000 1990344.000000 
2018532.000000 1994120.000000 2040748.000000 
2085284.000000 2050486.000000 1971316.000000 
2052620.000000 1955918.000000 2048996.000000 
2026450.000000 1990962.000000 2040454.000000 
1971110.000000 2038538.000000 2023706.000000 
1964760.000000 2049054.000000 2021304.000000 

2029868.000000 2031012.000000 1969786.000000 
1981242.000000 2008334.000000 1997864.000000 
2053868.000000 1935828.000000 2054660.000000 
1959226.000000 1987842.000000 2018904.000000 
1982474.000000 2018242.000000 1985896.000000 
1967414.000000 2013926.000000 1997480.000000 
2039668.000000 1920400.000000 2107022.000000 
2019390.000000 1930826.000000 2096054.000000 
1980554.000000 1957386.000000 2044444.000000 
1964568.000000 1974588.000000 2030540.000000 
1995092.000000 2018592.000000 1985258.000000 
2040918.000000 1942678.000000 2052694.000000 
1990410.000000 1992804.000000 1990454.000000 
1958068.000000 1982608.000000 2038170.000000 
1958852.000000 1999460.000000 2033404.000000 
1982040.000000 2030642.000000 1981606.000000 
1975874.000000 2006944.000000 1999486.000000 
1988736.000000 1962568.000000 2044188.000000 
1973682.000000 2059584.000000 1994464.000000 
2043388.000000 1921818.000000 2098114.000000 
2012998.000000 1943146.000000 2044936.000000 
1981264.000000 2011828.000000 1996456.000000 
2004978.000000 2028950.000000 1979184.000000 
1997842.000000 1981330.000000 2000012.000000 
2004906.000000 1945910.000000 2028888.000000 
2014682.000000 2023702.000000 1977052.000000 
2002476.000000 1967826.000000 2024270.000000 
1981036.000000 2033572.000000 1986346.000000 
1969606.000000 1961522.000000 2044216.000000 
1980862.000000 2000372.000000 2001586.000000 
1995340.000000 1956660.000000 2035626.000000 
1955712.000000 1972262.000000 2040998.000000 
1957190.000000 1984664.000000 2039394.000000 
1952414.000000 1985606.000000 2039566.000000 
1975538.000000 2038356.000000 1960426.000000 
1950282.000000 1957954.000000 2060330.000000 
2038504.000000 1975896.000000 2012852.000000 
2020822.000000 1963028.000000 2026702.000000 
2003290.000000 2012506.000000 1985856.000000 
2001698.000000 1950266.000000 2064602.000000 
1964418.000000 1997886.000000 2002896.000000 
2039402.000000 1932930.000000 2055922.000000 
2001164.000000 1965134.000000 2029094.000000 
2042650.000000 1938208.000000 2052636.000000 
2029396.000000 1966862.000000 2024552.000000 
1964030.000000 1985344.000000 2033732.000000 
1955088.000000 2003340.000000 2030012.000000 
2031460.000000 1927124.000000 2059134.000000 
1983414.000000 1989560.000000 1998068.000000 
2009196.000000 2027702.000000 1975944.000000 
1993684.000000 1969888.000000 2023490.000000 
2000804.000000 2013262.000000 1989720.000000 
2030484.000000 2029162.000000 1975418.000000 
1942574.000000 2001006.000000 2038200.000000 
1959014.000000 2007462.000000 2027368.000000 
2012588.000000 1938582.000000 2073770.000000 
2003838.000000 1939030.000000 2067652.000000 
1964642.000000 1975658.000000 2020116.000000 
1970618.000000 1977736.000000 2015926.000000 
1977790.000000 1993002.000000 2005130.000000 
1960732.000000 1986910.000000 2014926.000000 
2026126.000000 2007506.000000 1989158.000000 
2007544.000000 2032382.000000 1978088.000000 
1986766.000000 1984324.000000 2003894.000000 
1978180.000000 1982196.000000 2009124.000000 
1980664.000000 1977384.000000 2009078.000000 
2008514.000000 2019016.000000 1980986.000000 
1946806.000000 1969816.000000 2044916.000000 
2046922.000000 1938170.000000 2051088.000000 
1976354.000000 1979768.000000 2015228.000000 
1973912.000000 1963710.000000 2037290.000000 
1967630.000000 1969906.000000 2016734.000000 

1948666.000000 2058524.000000 2004176.000000 
1994412.000000 1957016.000000 2065744.000000 
1975642.000000 1974388.000000 2052734.000000 
1981710.000000 2009366.000000 2016112.000000 
1976400.000000 2008134.000000 2022976.000000 
1981020.000000 1975082.000000 2027652.000000 
2020436.000000 2051226.000000 1953238.000000 
1976846.000000 2043976.000000 1964794.000000 
2001898.000000 1939474.000000 2071156.000000 
1989180.000000 1960974.000000 2030448.000000 
2022200.000000 1990852.000000 1996078.000000 
1968808.000000 2046854.000000 1971436.000000 
1975046.000000 2048936.000000 1963952.000000 
2037752.000000 1953016.000000 2042022.000000 
1971978.000000 1981244.000000 2030286.000000 
1973320.000000 1977960.000000 2024722.000000 
1964868.000000 1994796.000000 2040122.000000 
2003970.000000 1939384.000000 2065984.000000 
2023566.000000 2047222.000000 1954878.000000 
2026814.000000 2056350.000000 1952880.000000 
1957974.000000 1986058.000000 2040852.000000 
1984198.000000 2053054.000000 1960166.000000 
1988230.000000 2053224.000000 1953546.000000 
2005548.000000 2027906.000000 1960430.000000 
1990612.000000 1946806.000000 2073804.000000 
2012578.000000 1934698.000000 2066544.000000 
1999572.000000 1945800.000000 2049082.000000 
1981828.000000 1982828.000000 2018204.000000 
1984294.000000 1965892.000000 2065374.000000 
1971446.000000 2039900.000000 1981596.000000 
2000184.000000 1977024.000000 2004036.000000 
1977266.000000 1977848.000000 2026770.000000 
1970332.000000 2015950.000000 2007386.000000 
1984346.000000 1962898.000000 2059832.000000 
1985752.000000 1973634.000000 2018950.000000 
1988614.000000 1965746.000000 2038466.000000 
1998218.000000 2022112.000000 1983134.000000 
2011398.000000 1937702.000000 2078376.000000 
1984942.000000 1992172.000000 2004988.000000 
2026946.000000 2015748.000000 1984300.000000 
1950812.000000 2025848.000000 2007332.000000 
2045844.000000 2009674.000000 1982848.000000 
1948058.000000 2062134.000000 2040422.000000 
1983550.000000 1989830.000000 2010786.000000 
2000730.000000 1941364.000000 2056980.000000 
2010456.000000 1967894.000000 2009630.000000 
2035864.000000 2014502.000000 1976758.000000 
2005202.000000 2018760.000000 1982350.000000 
1954828.000000 2036928.000000 2007326.000000 
1965004.000000 2034146.000000 1981718.000000 
2011250.000000 2025276.000000 1980904.000000 
1959124.000000 2044652.000000 1981880.000000 
2002764.000000 1957594.000000 2029430.000000 
1989596.000000 1962680.000000 2011686.000000 
1984868.000000 2029742.000000 1958570.000000 
1972280.000000 1968304.000000 2069694.000000 
2002962.000000 2015216.000000 1985834.000000 
1990062.000000 1957702.000000 2041086.000000 
1969086.000000 2017506.000000 1984774.000000 
1960858.000000 2026524.000000 1986666.000000 
1972212.000000 2027122.000000 1965000.000000 
1987484.000000 1959356.000000 2061594.000000 
2007144.000000 2001368.000000 2004020.000000 
2007878.000000 2006820.000000 2000384.000000 
2003920.000000 2016330.000000 1985068.000000 
2019350.000000 2024478.000000 1980560.000000 
1955186.000000 2029286.000000 1986242.000000 
1950442.000000 2003728.000000 2052672.000000 
1989610.000000 2007134.000000 1988944.000000 
1948254.000000 2014890.000000 2015218.000000 
1976212.000000 1969106.000000 2069508.000000 
1988710.000000 1959084.000000 2054796.000000 
2029972.000000 1945230.000000 2050910.000000 
1982314.000000 1967410.000000 2035964.000000 

2011912.000000 1982252.000000 2080080.000000 
2111158.000000 1958572.000000 2109352.000000 
1988768.000000 2034472.000000 2009352.000000 
2027020.000000 1974204.000000 2121498.000000 
1987214.000000 2037274.000000 2013532.000000 
2023974.000000 2006528.000000 2004974.000000 
1985060.000000 1988646.000000 2117830.000000 
2063902.000000 2041572.000000 1971478.000000 
2028386.000000 1977776.000000 2057104.000000 
2052420.000000 1968208.000000 2113038.000000 
1985864.000000 1985466.000000 2097222.000000 
1979512.000000 1989400.000000 2102786.000000 
2113890.000000 1953548.000000 2163498.000000 
2016426.000000 1988096.000000 2027418.000000 
2001742.000000 1988064.000000 2077544.000000 
1978306.000000 2026374.000000 2042740.000000 
1980370.000000 2018736.000000 2035994.000000 
1992948.000000 1992816.000000 2035006.000000 
2007738.000000 2006640.000000 1995706.000000 
2106920.000000 1956420.000000 2129476.000000 
1996988.000000 2023758.000000 2023898.000000 
1970738.000000 2056768.000000 2019458.000000 
2027844.000000 2035108.000000 1993520.000000 
2008074.000000 2058732.000000 1993990.000000 
1999516.000000 2019612.000000 2021116.000000 
1972830.000000 2023426.000000 2079524.000000 
2034484.000000 2001088.000000 2020940.000000 
2034428.000000 1995058.000000 2026956.000000 
2007396.000000 2014910.000000 2018256.000000 
2058896.000000 1966276.000000 2115380.000000 
2000206.000000 2006614.000000 2024708.000000 
1992834.000000 2023998.000000 2024210.000000 
2017610.000000 1979640.000000 2091246.000000 
2017592.000000 1982130.000000 2081826.000000 
2028738.000000 1971644.000000 2073424.000000 
2107668.000000 1953804.000000 2138988.000000 
2014636.000000 1978004.000000 2091822.000000 
1986150.000000 1992580.000000 2039852.000000 
1980224.000000 2020030.000000 2035320.000000 
1978964.000000 2042290.000000 2013896.000000 
1980166.000000 2016590.000000 2059678.000000 
1994594.000000 1980354.000000 2087180.000000 
1998848.000000 1975998.000000 2134938.000000 
2015926.000000 2065236.000000 1984544.000000 
1987814.000000 2062036.000000 1991654.000000 
2037832.000000 1982200.000000 2054664.000000 
2028078.000000 1972956.000000 2103508.000000 
1988638.000000 2013588.000000 2035232.000000 
2010892.000000 1977590.000000 2115816.000000 
1995012.000000 2024580.000000 2012066.000000 
2035812.000000 2028106.000000 1972914.000000 
2038610.000000 1975404.000000 1998022.000000 
1980564.000000 2012636.000000 2044274.000000 
2021100.000000 1974798.000000 2057580.000000 
1984568.000000 2026156.000000 2033170.000000 
1978604.000000 2016076.000000 2080224.000000 
1990896.000000 2028742.000000 2002802.000000 
1973976.000000 2013866.000000 2090598.000000 
2008988.000000 2042348.000000 1994734.000000 
1993214.000000 1988926.000000 2062440.000000 
1971202.000000 2014206.000000 2085978.000000 
2001046.000000 2039640.000000 2002694.000000 
2011684.000000 1978594.000000 2110458.000000 
2080620.000000 1966084.000000 2113606.000000 
1964206.000000 2027556.000000 2124488.000000 
1997542.000000 2056944.000000 1996420.000000 
1992826.000000 1980768.000000 2100402.000000 
1978702.000000 2053736.000000 2016576.000000 
1986014.000000 2052788.000000 2010824.000000 
1981898.000000 2009510.000000 2040384.000000 
2000432.000000 1996480.000000 2023524.000000 
2000692.000000 2050742.000000 1994268.000000 
2025670.000000 2041352.000000 1973682.000000 
1995028.000000 2013498.000000 2034618.000000 
1989348.000000 2028766.000000 2015442.000000 
1974670.000000 2019634.000000 2056318.000000 
2041444.000000 1968420.000000 2066814.000000 
2033744.000000 1984690.000000 2055292.000000 
1962860.000000 2048474.000000 2070288.000000 
2038584.000000 1992530.000000 2018874.000000 
2031206.000000 2005298.000000 2015368.000000 
1984120.000000 2040702.000000 2012356.000000 
1973300.000000 2028698.000000 2021522.000000 
2078566.000000 2074504.000000 1970028.000000 
1978028.000000 2001444.000000 2084966.000000 
1966060.000000 1998004.000000 2099810.000000 
1992760.000000 2021326.000000 2026308.000000 
2005582.000000 1991080.000000 2056928.000000 
1984558.000000 1997766.000000 2068812.000000 

1973316.000000 1995242.000000 2041004.000000 
1952748.000000 2100058.000000 2000968.000000 
1950704.000000 2057380.000000 2056346.000000 
2010396.000000 1982570.000000 1999430.000000 
2007890.000000 1962266.000000 2038250.000000 
2020732.000000 1947634.000000 2035802.000000 
1985638.000000 1982550.000000 2052470.000000 
2007244.000000 1977968.000000 2010302.000000 
1989382.000000 1963846.000000 2038030.000000 
1962242.000000 2092020.000000 2001262.000000 
1962412.000000 2020092.000000 2037692.000000 
1964528.000000 2012218.000000 2022316.000000 
2004600.000000 1977068.000000 2028574.000000 
1964412.000000 2053744.000000 1992168.000000 
1988032.000000 1980868.000000 2015684.000000 
1974172.000000 1990012.000000 2022280.000000 
2025814.000000 1979790.000000 2008180.000000 
2036080.000000 1960382.000000 2020788.000000 
2029048.000000 1975478.000000 2012186.000000 
1974600.000000 2019806.000000 2010376.000000 
2007832.000000 1983364.000000 1993866.000000 
1963236.000000 2045984.000000 2032866.000000 
2009612.000000 1989762.000000 1993242.000000 
1983972.000000 1985016.000000 2026884.000000 
1966236.000000 2033586.000000 1997486.000000 
2008844.000000 1968728.000000 2015022.000000 
2000796.000000 1991016.000000 2009196.000000 
1970512.000000 2034240.000000 1984314.000000 
1966640.000000 2024920.000000 1992088.000000 
1978622.000000 1985806.000000 2053130.000000 
1977096.000000 1988160.000000 2048030.000000 
2001558.000000 1980216.000000 2035264.000000 
1972558.000000 1999056.000000 2038856.000000 
1963966.000000 2003352.000000 2049160.000000 
1961756.000000 2058098.000000 2028460.000000 
1969720.000000 2010082.000000 2013040.000000 
2066970.000000 1958162.000000 2028706.000000 
1974740.000000 2036830.000000 1981616.000000 
1951796.000000 2056598.000000 2047784.000000 
2006910.000000 2074510.000000 1962466.000000 
1978060.000000 2073622.000000 1962642.000000 
1962320.000000 2039198.000000 2053970.000000 
2049692.000000 1981888.000000 2003956.000000 
1953610.000000 2059492.000000 2011908.000000 
1957556.000000 2045940.000000 2044112.000000 
1964220.000000 2035850.000000 2006310.000000 
1985872.000000 1966528.000000 2045642.000000 
1975058.000000 2013976.000000 1972444.000000 
1975346.000000 1991702.000000 1964770.000000 
2001404.000000 1963036.000000 2067832.000000 
2002946.000000 1954340.000000 2064768.000000 
2013288.000000 1958408.000000 2035656.000000 

2053662.000000 1965490.000000 2023900.000000 
1975954.000000 1991972.000000 2030332.000000 
2017366.000000 1957982.000000 2042572.000000 
1939756.000000 2056108.000000 2068044.000000 
2020428.000000 2004076.000000 1960778.000000 
1951662.000000 2016112.000000 2049308.000000 
2028770.000000 1964894.000000 2030780.000000 
2027960.000000 1973456.000000 1995416.000000 
1928344.000000 2030718.000000 2068496.000000 
1946372.000000 2033490.000000 2068478.000000 
1959334.000000 1999156.000000 2008524.000000 
1955962.000000 2006276.000000 2074244.000000 
1963716.000000 1994912.000000 2063140.000000 
1955632.000000 2007278.000000 2095454.000000 
2035594.000000 1952672.000000 2034848.000000 
2017292.000000 1986612.000000 1982188.000000 
1997796.000000 1973600.000000 2064112.000000 
1952710.000000 2008014.000000 2100770.000000 
1988378.000000 1978634.000000 1987494.000000 
1938924.000000 2010796.000000 2101140.000000 
2024818.000000 1942288.000000 2081476.000000 
2035686.000000 1949384.000000 2055798.000000 
1995926.000000 1970612.000000 2077390.000000 
1983740.000000 1983296.000000 2100172.000000 
1959142.000000 2007088.000000 2053310.000000 
2010544.000000 1991488.000000 1979768.000000 
2019134.000000 1965370.000000 2040710.000000 
1968682.000000 1992654.000000 2085710.000000 
2007188.000000 1976374.000000 2008458.000000 
1962800.000000 2020190.000000 1999252.000000 
2032710.000000 1962008.000000 2032474.000000 
2007756.000000 1968380.000000 2046636.000000 
1940178.000000 2050158.000000 2065152.000000 
2021204.000000 1966626.000000 2026446.000000 
1947340.000000 2011310.000000 2075470.000000 
1978542.000000 2011276.000000 1952040.000000 
1948098.000000 2032704.000000 2052332.000000 
1978358.000000 1991640.000000 1984514.000000 
1998902.000000 1970398.000000 2026866.000000 
1966452.000000 1995514.000000 1970440.000000 
2012030.000000 1970924.000000 2006536.000000 
2001768.000000 2005474.000000 1959070.000000 
2013864.000000 1962240.000000 2041032.000000 
1979474.000000 1992676.000000 1966868.000000 
2003276.000000 1985080.000000 1985658.000000 

1977688.000000 1989460.000000 2059622.000000 
1996570.000000 1995360.000000 2002098.000000 
1993732.000000 2001018.000000 1997276.000000 
2016994.000000 1984544.000000 2005902.000000 
1999192.000000 1980040.000000 2052222.000000 
1935526.000000 2021990.000000 2026854.000000 
1997688.000000 2008226.000000 1969992.000000 
1996332.000000 1996862.000000 1979846.000000 
2005262.000000 1979252.000000 2030168.000000 
1989830.000000 1997628.000000 2017838.000000 
1989512.000000 1989494.000000 2045106.000000 
1986000.000000 1983510.000000 2080978.000000 
2005482.000000 1985110.000000 2025420.000000 
2002942.000000 1985338.000000 2026764.000000 
1972644.000000 1988892.000000 2092660.000000 
1916712.000000 2029804.000000 2034352.000000 
2028752.000000 1987442.000000 2005120.000000 
1947476.000000 2009480.000000 1993628.000000 
2015434.000000 1982280.000000 2008380.000000 
2012700.000000 2006676.000000 1969518.000000 
2001106.000000 1976286.000000 2030192.000000 
2040504.000000 1991228.000000 2000196.000000 
1992144.000000 2002774.000000 2003944.000000 
2033834.000000 1980752.000000 2007680.000000 
1954756.000000 2038512.000000 1992120.000000 
2039482.000000 1998096.000000 1978324.000000 
1987662.000000 1984812.000000 2052470.000000 
2007652.000000 1976674.000000 2027734.000000 
2000314.000000 1969602.000000 2044430.000000 
2001362.000000 1960790.000000 2072708.000000 
2022046.000000 1976222.000000 2020700.000000 
1950756.000000 1990284.000000 2018284.000000 
2017106.000000 1959508.000000 2026170.000000 
2014562.000000 1989288.000000 2008510.000000 
2033302.000000 1983138.000000 2002648.000000 
1993586.000000 1982592.000000 2095424.000000 
2027006.000000 1967810.000000 2008426.000000 
2023034.000000 1965024.000000 2009986.000000 
2024874.000000 1958084.000000 2044498.000000 
2032872.000000 1984546.000000 2002838.000000 
2014202.000000 1990446.000000 2016728.000000 
2019374.000000 1995236.000000 1995246.000000 
2012448.000000 1966616.000000 2042838.000000 
2007060.000000 1980754.000000 2030096.000000 
1934958.000000 2014744.000000 2052394.000000 
2013138.000000 1968712.000000 2037654.000000 
2054262.000000 1990880.000000 2000128.000000 
2058292.000000 1979690.000000 2006418.000000 
2036174.000000 1991916.000000 1990138.000000 
1957848.000000 2015128.000000 1977456.000000 
1931850.000000 2022530.000000 2042636.000000 
2024590.000000 1957466.000000 2049278.000000 
1937526.000000 2007686.000000 2031624.000000 
1959068.000000 1990166.000000 2069568.000000 
1941948.000000 2022108.000000 2022370.000000 
1994280.000000 1981468.000000 2035970.000000 
2017338.000000 1992496.000000 1998950.000000 
2018738.000000 1996648.000000 1995120.000000 

2025218.000000 2000378.000000 1983958.000000 
2014300.000000 1980206.000000 2035354.000000 
1978114.000000 1987104.000000 2054538.000000 
1979930.000000 1992524.000000 2046810.000000 
2012714.000000 1967150.000000 2085716.000000 
1958112.000000 2071214.000000 2069176.000000 
1991528.000000 2086406.000000 2009472.000000 
2010004.000000 1991234.000000 2032006.000000 
2008330.000000 1985460.000000 2040524.000000 
1969244.000000 1996702.000000 2085618.000000 
2010708.000000 1995452.000000 2006428.000000 
2029078.000000 2014050.000000 1981892.000000 
2014282.000000 1989712.000000 2020382.000000 
2032070.000000 2012060.000000 1983356.000000 
2017918.000000 2002778.000000 1992854.000000 
1999454.000000 2006694.000000 2004858.000000 
2013970.000000 2052172.000000 1976310.000000 
1999420.000000 1986152.000000 2054716.000000 
2010618.000000 1975240.000000 2042102.000000 
2030600.000000 1975982.000000 2018380.000000 
2002074.000000 1991888.000000 2020406.000000 
2010640.000000 1990980.000000 2013764.000000 
1966650.000000 2043796.000000 2050568.000000 
1970000.000000 2001934.000000 2056404.000000 
2002066.000000 1966704.000000 2105802.000000 
2017284.000000 1969932.000000 2029530.000000 
1981578.000000 2033822.000000 2020778.000000 
1974710.000000 2001866.000000 2058470.000000 
2012710.000000 2011782.000000 1997696.000000 
1986472.000000 1978084.000000 2070680.000000 
2022082.000000 2013972.000000 1991194.000000 
1991666.000000 2065304.000000 2001202.000000 
2014994.000000 1965542.000000 2038470.000000 
2021406.000000 1977972.000000 2027236.000000 
2032674.000000 1965728.000000 2011706.000000 
1994238.000000 1973662.000000 2069604.000000 
1977150.000000 1984776.000000 2068066.000000 
1997580.000000 1989322.000000 2036466.000000 
2018496.000000 2034224.000000 1982682.000000 
1990418.000000 1976834.000000 2076776.000000 
2032274.000000 1972100.000000 1997610.000000 
1966820.000000 2039862.000000 2044756.000000 
2043270.000000 2004754.000000 1982108.000000 
2049366.000000 2011580.000000 1977502.000000 
1974172.000000 2009296.000000 2027064.000000 
1995928.000000 1977670.000000 2062508.000000 
2040544.000000 2033632.000000 1969790.000000 
1962794.000000 2050130.000000 2072426.000000 
1967904.000000 2029706.000000 2084386.000000 
1987368.000000 1995580.000000 2010002.000000 
2003446.000000 1997100.000000 2006900.000000 
2045176.000000 1987240.000000 1986484.000000 
1972838.000000 2027022.000000 2040544.000000 
2052842.000000 1966974.000000 2007078.000000 
2058144.000000 1997322.000000 1981526.000000 
2040992.000000 1995390.000000 1991038.000000 
2044142.000000 1998802.000000 1987752.000000 
2024124.000000 1977478.000000 2020194.000000 
2043514.000000 2027416.000000 1976172.000000 
2000712.000000 2028902.000000 1986654.000000 
2022612.000000 1936650.000000 2055238.000000 
2018310.000000 1955278.000000 2045256.000000 
2010232.000000 1980988.000000 2028128.000000 
2005082.000000 2020006.000000 2003100.000000 
2025420.000000 1973178.000000 2021254.000000 
2014498.000000 1978602.000000 1993000.000000 
2007720.000000 2000560.000000 1997752.000000 
2029106.000000 2021702.000000 1980186.000000 
1982072.000000 2045396.000000 2012062.000000 
2030644.000000 1947004.000000 2023498.000000 
2026052.000000 1961440.000000 2035220.000000 
1997120.000000 2021274.000000 2008326.000000 
2000540.000000 1969806.000000 2051990.000000 
2001228.000000 1980952.000000 2051946.000000 
2059218.000000 2022416.000000 1976682.000000 
1999374.000000 1991690.000000 2022924.000000 
2060556.000000 2006612.000000 1981382.000000 

2059784.000000 2004024.000000 2053974.000000 
2075046.000000 1995396.000000 2082252.000000 
2010282.000000 2006550.000000 1995872.000000 
2080752.000000 1994746.000000 2064806.000000 
2009264.000000 2018760.000000 1996526.000000 
2066838.000000 1995886.000000 2092500.000000 
2045552.000000 1996614.000000 2063154.000000 
2097840.000000 1987656.000000 2099724.000000 
2045146.000000 2002368.000000 2058170.000000 
2019382.000000 2030114.000000 1992032.000000 
2007358.000000 2022896.000000 1998220.000000 
2021160.000000 2010002.000000 1982582.000000 
2002994.000000 2007966.000000 2016682.000000 
2063994.000000 1987812.000000 2097268.000000 
2015286.000000 2038436.000000 1994712.000000 
1993742.000000 2015690.000000 2016934.000000 
2060082.000000 1999974.000000 2049318.000000 
2060376.000000 2004440.000000 2033448.000000 
2061030.000000 1999030.000000 2037608.000000 
2018122.000000 2006210.000000 2007490.000000 
1988726.000000 2017928.000000 2004812.000000 
2002388.000000 2019656.000000 2002150.000000 
2076122.000000 1990342.000000 2066084.000000 
1997488.000000 2011464.000000 2006730.000000 
2040266.000000 2005612.000000 2052102.000000 
2039402.000000 2001338.000000 2073722.000000 
2043566.000000 2002386.000000 2058686.000000 
1994156.000000 2010130.000000 2019296.000000 
1981162.000000 2026072.000000 2033640.000000 
1981614.000000 2020104.000000 2016028.000000 

2009770.000000 1980432.000000 2002988.000000 
2000170.000000 1988640.000000 1980134.000000 
1991354.000000 1956346.000000 2087652.000000 
2005930.000000 1987658.000000 2019248.000000 
1995476.000000 1953444.000000 2077648.000000 
1957492.000000 2041936.000000 2021254.000000 
1992310.000000 1960140.000000 2071370.000000 
1972576.000000 2006360.000000 2012398.000000 
1987530.000000 1993452.000000 2012294.000000 
1981238.000000 1959898.000000 2081732.000000 
1970738.000000 2037150.000000 2014494.000000 
1976708.000000 2014640.000000 2000710.000000 
1984882.000000 2026214.000000 1997796.000000 
2020436.000000 1960250.000000 2051784.000000 
1976332.000000 2017688.000000 2008190.000000 
2068154.000000 2023288.000000 1979172.000000 
1988950.000000 1956980.000000 2092336.000000 
2034086.000000 1969006.000000 2031454.000000 
2006230.000000 1942286.000000 2075574.000000 
2026456.000000 1972158.000000 2014354.000000 
1984892.000000 2003214.000000 1999000.000000 
1979548.000000 1983842.000000 2068960.000000 
1959110.000000 2040242.000000 2017830.000000 
1994132.000000 1954576.000000 2065904.000000 
1969720.000000 2000088.000000 2019970.000000 
1983814.000000 1998832.000000 2023196.000000 
1996256.000000 2021322.000000 1982228.000000 
1967558.000000 1984870.000000 2030404.000000 
2007086.000000 1982090.000000 2020244.000000 
2047094.000000 1958374.000000 2052460.000000 
2070850.000000 1947558.000000 2028044.000000 
1988206.000000 1960536.000000 2044436.000000 
1973150.000000 1987594.000000 2024044.000000 
1980868.000000 2029246.000000 1992972.000000 
1955370.000000 2015602.000000 2054878.000000 
1945222.000000 2023026.000000 2032912.000000 
1982218.000000 2008522.000000 2004984.000000 
1942866.000000 2039338.000000 2047922.000000 
2002368.000000 2031614.000000 1980074.000000 
2021490.000000 1964804.000000 2039222.000000 
1978238.000000 2041878.000000 1997976.000000 
1967316.000000 1995246.000000 2049498.000000 
2029382.000000 1942156.000000 2075266.000000 
1986234.000000 1977732.000000 2028606.000000 
2010458.000000 1984782.000000 1997722.000000 
2026688.000000 1941530.000000 2132196.000000 
1995438.000000 1988012.000000 2020542.000000 
1959546.000000 2058372.000000 2007474.000000 
1948520.000000 2022690.000000 2026792.000000 
1973082.000000 2011992.000000 2009094.000000 
2066498.000000 1946094.000000 2069728.000000 
1962094.000000 1996940.000000 2065146.000000 
2035112.000000 1968524.000000 2028932.000000 
2047396.000000 1955186.000000 2036972.000000 
1980048.000000 1971200.000000 2059486.000000 
1968342.000000 2040054.000000 2007328.000000 
1976488.000000 2004546.000000 2013788.000000 
1963298.000000 1996156.000000 2044842.000000 
1961230.000000 2040140.000000 2022912.000000 
1985894.000000 2001060.000000 1986978.000000 
2003726.000000 1969656.000000 2033724.000000 
1983720.000000 1968544.000000 2068404.000000 
2056098.000000 2033054.000000 1978782.000000 
2028416.000000 1983760.000000 1994780.000000 
1992714.000000 1959558.000000 2070152.000000 
2040944.000000 1964104.000000 2039784.000000 
1997232.000000 1994576.000000 2001772.000000 
1996904.000000 2019894.000000 1982760.000000 
1966390.000000 2017526.000000 2034284.000000 
2026394.000000 1950738.000000 2053270.000000 
1985018.000000 1979086.000000 2035540.000000 
1991636.000000 1988112.000000 2002388.000000 
2024578.000000 1979584.000000 2017144.000000 
1998424.000000 1956568.000000 2058064.000000 
1990238.000000 1942500.000000 2096774.000000 
2006400.000000 1967660.000000 2034680.000000 
2077754.000000 2041528.000000 1953334.000000 
2075284.000000 2065612.000000 1978434.000000 
1980396.000000 2033752.000000 2000246.000000 

2000990.000000 1967338.000000 2038186.000000 
1969304.000000 1983938.000000 2089506.000000 
1951256.000000 2039772.000000 2068058.000000 
1966188.000000 2016192.000000 2060256.000000 
2022466.000000 1942064.000000 2076784.000000 
1993634.000000 2067454.000000 1994974.000000 
1980596.000000 2014970.000000 2025836.000000 
1992074.000000 2001424.000000 2022810.000000 
2044538.000000 1948118.000000 2042312.000000 
2006066.000000 1971666.000000 2030328.000000 
1966868.000000 1984506.000000 2104252.000000 
1987222.000000 1960276.000000 2067294.000000 
2056748.000000 1941018.000000 2049300.000000 
2023094.000000 1953154.000000 2056450.000000 
2021006.000000 1947780.000000 2077156.000000 
1971708.000000 2023284.000000 2026788.000000 
1987004.000000 2037390.000000 2009160.000000 
1975618.000000 1976734.000000 2074890.000000 
1972906.000000 1998628.000000 2062158.000000 
2015126.000000 1993196.000000 1991730.000000 
2010420.000000 1966508.000000 2024110.000000 
2012244.000000 1961174.000000 2023366.000000 
1999776.000000 1976978.000000 2028594.000000 
2006070.000000 1954450.000000 2042164.000000 
2043052.000000 1952772.000000 2017702.000000 
1986166.000000 2001684.000000 2017658.000000 
1980498.000000 1975730.000000 2077702.000000 
1985828.000000 1970208.000000 2051214.000000 
1970098.000000 1996888.000000 2064804.000000 
2035378.000000 1949058.000000 2027014.000000 
2022004.000000 1947334.000000 2094324.000000 
1959340.000000 2040286.000000 2024006.000000 
2071296.000000 1948074.000000 2032454.000000 
1988094.000000 1991538.000000 2031006.000000 
1986678.000000 1996384.000000 2035760.000000 
1979662.000000 2010758.000000 2028632.000000 
1978142.000000 1995192.000000 2043066.000000 
1999836.000000 1980148.000000 2028290.000000 
2004978.000000 1965644.000000 2031470.000000 
2031268.000000 1947824.000000 2072236.000000 
2004616.000000 1974360.000000 2033638.000000 
1983400.000000 1982382.000000 2062312.000000 
2030960.000000 1955520.000000 2040850.000000 
2013290.000000 2022738.000000 1989408.000000 
1978516.000000 2046230.000000 2019882.000000 
1981016.000000 2009630.000000 2031892.000000 
1971874.000000 2008932.000000 2054062.000000 
1996726.000000 1980556.000000 2030466.000000 
2004166.000000 1960696.000000 2057842.000000 
2001096.000000 1962408.000000 2056762.000000 
1978270.000000 1986764.000000 2059526.000000 
1969174.000000 1986912.000000 2070380.000000 
1991876.000000 1953144.000000 2085928.000000 
2041958.000000 1945052.000000 2056456.000000 
2014356.000000 1958650.000000 2020256.000000 
1997488.000000 2002950.000000 1995036.000000 
1987250.000000 2005702.000000 1998342.000000 
2015756.000000 1998240.000000 1973454.000000 
1997654.000000 2025406.000000 1966468.000000 
1979092.000000 1975916.000000 2102958.000000 
2017562.000000 1963180.000000 2009962.000000 
2003330.000000 1975022.000000 2035216.000000 
2011712.000000 1968590.000000 2002818.000000 
2014778.000000 1976886.000000 1999438.000000 
2022050.000000 1959876.000000 1995312.000000 
2004056.000000 2017794.000000 1993314.000000 
2006886.000000 1978122.000000 2022312.000000 
1979162.000000 2048522.000000 2004734.000000 
1959044.000000 2011494.000000 2067782.000000 
1997800.000000 1966830.000000 2056844.000000 
2046178.000000 1951190.000000 2022458.000000 
2015202.000000 1980830.000000 1981866.000000 
1985298.000000 1972548.000000 2053660.000000 
1954580.000000 2054556.000000 2056100.000000 
1986198.000000 1974306.000000 2037916.000000 
2014968.000000 2011006.000000 1989348.000000 
1961122.000000 1988478.000000 2112044.000000 
2018666.000000 1953334.000000 2040950.000000 
1994728.000000 1952112.000000 2067358.000000 
2041386.000000 1953372.000000 2007454.000000 
1977262.000000 2005906.000000 2039298.000000 
1981858.000000 2008546.000000 2034744.000000 
1965908.000000 2017102.000000 2042330.000000 
1999090.000000 1979684.000000 2032374.000000 
2012298.000000 2002804.000000 1995940.000000 
1993638.000000 1983978.000000 1998910.000000 
1981672.000000 1972088.000000 2074980.000000 
2030512.000000 1950492.000000 2061066.000000 
1995416.000000 1969490.000000 2062038.000000 
1988562.000000 1978326.000000 2036230.000000 
1993556.000000 1999184.000000 2030126.000000 
2013834.000000 2015218.000000 1990900.000000 
1969648.000000 2005928.000000 2069616.000000 
2062350.000000 1945254.000000 2041706.000000 
1958624.000000 1990556.000000 2071646.000000 
1975684.000000 1987074.000000 2058500.000000 
1998692.000000 1966658.000000 2058226.000000 
2010528.000000 1982164.000000 2016888.000000 
1957770.000000 2042942.000000 2042974.000000 
1976924.000000 2009506.000000 2043298.000000 
2006128.000000 1982006.000000 2026332.000000 
1982126.000000 2023094.000000 2018278.000000 
1965664.000000 2022392.000000 2046642.000000 
2036746.000000 1954108.000000 2002502.000000 
1976882.000000 2012578.000000 2053108.000000 
1983974.000000 1990456.000000 2042626.000000 
1963186.000000 1985658.000000 2083976.000000 
1971528.000000 2016386.000000 2054720.000000 
1959778.000000 2021804.000000 2047538.000000 
1971662.000000 2013206.000000 2040934.000000 

1987512.000000 2085248.000000 2026616.000000 
1993880.000000 1986998.000000 2047404.000000 
1986228.000000 2021008.000000 2038730.000000 
2031694.000000 2015454.000000 1994940.000000 
1976328.000000 2030384.000000 2060826.000000 
1985770.000000 1996046.000000 2045720.000000 
1994202.000000 1990476.000000 2021726.000000 
2008568.000000 1977416.000000 2090236.000000 
2039000.000000 2012784.000000 1999512.000000 
2049090.000000 2059992.000000 1982416.000000 
2063462.000000 2051576.000000 1981338.000000 
2081196.000000 2051362.000000 1973334.000000 
2010584.000000 1970980.000000 2076096.000000 
1995976.000000 2031280.000000 2001176.000000 
1980336.000000 2017326.000000 2057796.000000 
2058668.000000 1959042.000000 2069800.000000 
1976642.000000 2048614.000000 2053740.000000 
1997590.000000 2027590.000000 2014888.000000 
2022316.000000 2022140.000000 1992930.000000 
1983098.000000 2043422.000000 2034174.000000 
2016748.000000 2019288.000000 1997532.000000 
1980212.000000 2020294.000000 2077906.000000 
1987842.000000 1999264.000000 2015098.000000 
2002244.000000 2018294.000000 2003126.000000 
2029094.000000 1960926.000000 2046588.000000 
2000746.000000 1982274.000000 2032512.000000 
2011316.000000 1974180.000000 2028798.000000 
2044972.000000 2104308.000000 1969710.000000 
2021888.000000 2029912.000000 1984746.000000 
2031636.000000 2017654.000000 1999040.000000 
1979760.000000 2037188.000000 2057628.000000 
1993030.000000 2054224.000000 2013078.000000 
2039814.000000 1967034.000000 2034674.000000 
1983402.000000 2029212.000000 2037762.000000 
2027066.000000 1970704.000000 2038134.000000 
2010354.000000 1975962.000000 2014546.000000 
2004716.000000 1983394.000000 2011708.000000 
2013332.000000 1999014.000000 2002120.000000 
2019378.000000 2090144.000000 1993666.000000 
1999148.000000 1989332.000000 2005616.000000 
2012878.000000 1973872.000000 2017296.000000 
1999104.000000 2014946.000000 2004062.000000 
1999106.000000 1989688.000000 2005926.000000 
2002442.000000 2003300.000000 2003102.000000 
2020234.000000 2033872.000000 1997394.000000 
2021700.000000 2023870.000000 1993710.000000 
2029782.000000 1973090.000000 2028050.000000 
2003390.000000 2020674.000000 2002828.000000 

2002288.000000 2004368.000000 1999482.000000 
2037116.000000 1968272.000000 2045112.000000 
1988994.000000 1992454.000000 2022216.000000 
2070386.000000 1965682.000000 2053416.000000 
2011500.000000 1980768.000000 2072220.000000 
2024110.000000 1998038.000000 2004612.000000 
2030972.000000 1977952.000000 2065904.000000 
2005222.000000 1989940.000000 2051794.000000 
1987050.000000 2037878.000000 1994796.000000 
1971792.000000 2039774.000000 2011608.000000 
1984920.000000 2044070.000000 2003896.000000 
1988660.000000 2001570.000000 2009756.000000 
1978974.000000 2011032.000000 2022220.000000 
2014186.000000 1985860.000000 2032608.000000 
2032772.000000 1970386.000000 2020772.000000 
1989806.000000 2020956.000000 1999868.000000 
1990942.000000 2026162.000000 1991518.000000 
2031952.000000 1978866.000000 2045928.000000 
2011970.000000 2038996.000000 1988546.000000 
2015950.000000 2041720.000000 1983848.000000 
2032438.000000 1976356.000000 2083326.000000 
2030948.000000 1980200.000000 2046754.000000 
1987412.000000 2017138.000000 2004234.000000 
1992164.000000 2017216.000000 2002304.000000 
1972396.000000 2003838.000000 2023520.000000 
2010650.000000 1988842.000000 2084218.000000 
2008674.000000 1992840.000000 2015958.000000 
2031700.000000 1976900.000000 2073428.000000 
2039768.000000 1965138.000000 2074662.000000 
2065906.000000 1969350.000000 2041832.000000 
1998376.000000 2040638.000000 1984532.000000 
1967304.000000 2022108.000000 2025932.000000 
2012390.000000 2008938.000000 1989216.000000 
2012680.000000 1990244.000000 2023158.000000 
2006470.000000 1998650.000000 1996928.000000 
1982234.000000 1995212.000000 2012994.000000 
2018060.000000 1980794.000000 2011776.000000 
1996034.000000 2043680.000000 1986170.000000 
1997784.000000 2020748.000000 1998776.000000 
1970302.000000 2028308.000000 2025782.000000 
2058962.000000 1992328.000000 2007050.000000 
1981234.000000 2042762.000000 2004156.000000 
1977128.000000 2041446.000000 2005068.000000 
1990468.000000 2038830.000000 1990704.000000 
2058076.000000 1994236.000000 2007522.000000 
2065036.000000 1980346.000000 2015146.000000 
2002014.000000 2015214.000000 1998574.000000 
1997604.000000 2003636.000000 2006532.000000 
1992460.000000 2006536.000000 2002774.000000 
2017712.000000 2011694.000000 1977980.000000 
2023348.000000 2042976.000000 1977436.000000 
1987226.000000 2036162.000000 1997756.000000 
2032396.000000 1976380.000000 2054800.000000 
1988742.000000 2068686.000000 1991346.000000 
2006742.000000 2077882.000000 1982284.000000 
2005566.000000 1997788.000000 2005648.000000 
2054184.000000 2050792.000000 1973366.000000 
2018510.000000 1979070.000000 2057898.000000 
2011202.000000 1990600.000000 2028722.000000 
2024098.000000 2050384.000000 1977056.000000 
2015232.000000 1981214.000000 2062374.000000 
2073992.000000 1969978.000000 2028906.000000 
2011386.000000 2046368.000000 1982322.000000 
2040768.000000 1996080.000000 2004520.000000 
2012518.000000 1979648.000000 2078242.000000 
2046320.000000 2073372.000000 1971414.000000 
1980098.000000 2030430.000000 2005970.000000 
2048380.000000 1969216.000000 2042642.000000 
2010702.000000 2056704.000000 1984468.000000 
2007596.000000 2059946.000000 1976304.000000 
2010802.000000 2051126.000000 1980708.000000 
2031274.000000 1980634.000000 2039744.000000 

2050376.000000 2001262.000000 2000772.000000 
1988320.000000 1990648.000000 2044652.000000 
1967212.000000 2043406.000000 2064952.000000 
1985458.000000 2028116.000000 1965512.000000 
1966730.000000 2050888.000000 2059684.000000 
1972710.000000 2050152.000000 2061812.000000 
1987406.000000 1996738.000000 2060398.000000 
1996490.000000 2011404.000000 1998762.000000 
2044474.000000 2002922.000000 1996912.000000 
2026980.000000 2004962.000000 2002352.000000 
2042032.000000 2004924.000000 1990796.000000 
2014998.000000 2005666.000000 1997530.000000 
2035216.000000 2016514.000000 1989818.000000 
2037608.000000 2001252.000000 2001516.000000 
2034862.000000 2004116.000000 2000630.000000 
2025354.000000 1999556.000000 2008906.000000 
2002824.000000 2053230.000000 1960914.000000 
2005124.000000 2017442.000000 1994578.000000 
2042642.000000 2016736.000000 1988728.000000 
1972920.000000 2056834.000000 2058000.000000 
1986086.000000 1998748.000000 2060234.000000 
1990084.000000 2042164.000000 1963558.000000 
2030882.000000 1987324.000000 2002674.000000 
2019230.000000 2014214.000000 1996114.000000 
1989440.000000 1990194.000000 2022548.000000 
2014946.000000 2005448.000000 1997678.000000 
1973034.000000 2005312.000000 2008540.000000 
2000332.000000 2022542.000000 1986138.000000 
1981866.000000 2047190.000000 1998622.000000 
2029582.000000 2008798.000000 1991128.000000 
2002116.000000 2017668.000000 1984054.000000 
2032922.000000 2021310.000000 1975822.000000 
2008866.000000 1952116.000000 2023046.000000 
2002092.000000 1970052.000000 2018612.000000 
1970832.000000 2043392.000000 2085772.000000 
2024842.000000 1972600.000000 2010060.000000 
1983962.000000 2035474.000000 1988428.000000 
2017060.000000 1983250.000000 2018002.000000 
2023016.000000 1995534.000000 2010938.000000 

2032488.000000 2054558.000000 1985870.000000 
2035374.000000 2005404.000000 1982734.000000 
2017532.000000 2033006.000000 1988936.000000 
2027952.000000 2028544.000000 2002446.000000 
1984018.000000 2022668.000000 2023084.000000 
2019408.000000 1996008.000000 2014748.000000 
2046918.000000 1991064.000000 2011290.000000 
2045432.000000 1961856.000000 2059620.000000 
2015620.000000 1967468.000000 2055456.000000 
2017040.000000 1984144.000000 2031316.000000 
1976646.000000 1987732.000000 2052268.000000 
2001524.000000 2016600.000000 2012996.000000 
2026778.000000 1951252.000000 2077958.000000 
2000538.000000 1984594.000000 2016364.000000 
2020382.000000 1972064.000000 2038504.000000 
2000268.000000 2018142.000000 2007060.000000 
2040808.000000 1976572.000000 2037226.000000 
1985732.000000 1996488.000000 2031384.000000 
2033712.000000 1956568.000000 2068030.000000 
2027880.000000 2055602.000000 1979092.000000 
2029788.000000 2046204.000000 1986574.000000 
2040784.000000 2054230.000000 1977136.000000 
2045186.000000 2072382.000000 1971344.000000 
2029986.000000 2026340.000000 1987248.000000 
2028702.000000 2013848.000000 2010826.000000 
1995882.000000 1968002.000000 2069064.000000 
2053160.000000 1957864.000000 2064350.000000 
2053296.000000 1947274.000000 2061378.000000 
2062432.000000 1942520.000000 2105810.000000 
2066978.000000 1945502.000000 2070314.000000 
1981440.000000 1977068.000000 2036680.000000 
2017036.000000 1970242.000000 2053106.000000 
2030948.000000 1977726.000000 2035770.000000 
2045430.000000 1954760.000000 2068386.000000 
2010532.000000 1971770.000000 2056050.000000 
1975196.000000 1999188.000000 2030268.000000 
2034804.000000 1944256.000000 2099470.000000 
1999716.000000 1965260.000000 2092124.000000 
1966820.000000 1997940.000000 2039506.000000 
1993266.000000 2000656.000000 2027408.000000 
2080214.000000 2058590.000000 1965482.000000 
2069970.000000 1961016.000000 2050366.000000 
2035738.000000 1964558.000000 2044812.000000 
2014528.000000 1968572.000000 2062446.000000 
2025936.000000 2048040.000000 1988316.000000 
2011810.000000 2056382.000000 2002464.000000 
2046148.000000 1991178.000000 1998604.000000 
2070450.000000 1938168.000000 2074162.000000 
2027740.000000 2025792.000000 2005896.000000 
2052286.000000 1944086.000000 2101708.000000 
1994804.000000 2021262.000000 2008950.000000 
2011042.000000 2064614.000000 2006368.000000 
2018072.000000 1980052.000000 2031624.000000 
2000886.000000 1975778.000000 2062146.000000 
2068754.000000 1953714.000000 2055586.000000 
2057980.000000 1946302.000000 2092462.000000 
1997934.000000 1975678.000000 2066800.000000 
2017078.000000 1963534.000000 2053094.000000 
2005920.000000 1974412.000000 2056422.000000 
2067640.000000 1958990.000000 2061362.000000 
2021528.000000 2028526.000000 2004754.000000 
2013044.000000 1997418.000000 2013696.000000 
1986776.000000 2030446.000000 2021746.000000 
2034498.000000 2019490.000000 2001870.000000 
2054828.000000 1946368.000000 2088314.000000 
2012880.000000 2034518.000000 1999092.000000 
2066358.000000 1964412.000000 2049160.000000 
2047274.000000 1968934.000000 2044422.000000 
2029674.000000 1971466.000000 2044642.000000 
2052608.000000 1948446.000000 2082246.000000 
2058468.000000 1946134.000000 2091736.000000 
2027328.000000 2047096.000000 1988450.000000 
1965142.000000 2009758.000000 2074528.000000 
2001784.000000 1952396.000000 2068952.000000 
2059772.000000 1969880.000000 2041316.000000 
1998306.000000 1966376.000000 2072462.000000 
1995906.000000 1987572.000000 2034070.000000 
2007536.000000 1956660.000000 2065314.000000 
2065698.000000 1960384.000000 2059554.000000 
2060684.000000 1966310.000000 2043492.000000 
2017306.000000 1976600.000000 2051430.000000 
2062704.000000 2051256.000000 1980546.000000 
2045942.000000 1950952.000000 2072808.000000 
2014998.000000 2017960.000000 2012944.000000 
1975004.000000 1980152.000000 2094514.000000 
2061882.000000 1960930.000000 2060814.000000 
2067542.000000 1961278.000000 2044688.000000 
1979044.000000 1967512.000000 2075316.000000 
1985238.000000 2009558.000000 2028560.000000 
2039290.000000 1976850.000000 2031180.000000 
1998378.000000 1972726.000000 2065052.000000 
2007300.000000 1970112.000000 2065550.000000 
1994390.000000 2016036.000000 2026176.000000 
2032584.000000 2025674.000000 2003070.000000 

2033018.000000 1952990.000000 2128540.000000 
2033856.000000 1978680.000000 1972898.000000 
1989688.000000 1963516.000000 2000730.000000 
2003166.000000 2033468.000000 1972438.000000 
1997338.000000 2004818.000000 1984402.000000 
1977870.000000 2099540.000000 1987318.000000 
2018290.000000 2003432.000000 1956564.000000 
2034996.000000 1946512.000000 2131516.000000 
2039744.000000 1939268.000000 2112384.000000 
2052086.000000 1953882.000000 2098862.000000 
1978888.000000 2029248.000000 1999202.000000 
1974356.000000 2023092.000000 1999624.000000 
1986790.000000 2009646.000000 1986406.000000 
2055910.000000 1948722.000000 2102730.000000 
2049524.000000 1949578.000000 2104976.000000 
2027384.000000 1968800.000000 1996544.000000 
2024170.000000 2005590.000000 1946928.000000 
1980666.000000 1991544.000000 2000436.000000 
1979414.000000 1999090.000000 2000284.000000 
1988442.000000 1989104.000000 1993680.000000 
2004066.000000 2006684.000000 1980798.000000 
1986478.000000 1993174.000000 1994964.000000 
1987946.000000 2004254.000000 1989910.000000 
2022428.000000 1976608.000000 1973468.000000 
1980358.000000 1994122.000000 1995156.000000 
1996826.000000 2007290.000000 1977264.000000 
1970108.000000 2015848.000000 2003480.000000 
2008048.000000 1969750.000000 1994328.000000 
1990692.000000 1982458.000000 1991590.000000 
1995806.000000 2012368.000000 1983762.000000 
1961214.000000 1984566.000000 2025760.000000 
1974568.000000 1986902.000000 2010082.000000 
1996972.000000 2006866.000000 1981356.000000 
1972790.000000 2010768.000000 2002432.000000 
1981728.000000 2066282.000000 1976714.000000 
2006098.000000 1987888.000000 1959076.000000 
1978062.000000 2031754.000000 1996550.000000 
1985570.000000 2055464.000000 1977692.000000 
1980592.000000 2020404.000000 1988870.000000 
1966208.000000 1999924.000000 2007942.000000 
2018832.000000 1969634.000000 1975510.000000 
2006930.000000 1979334.000000 1969260.000000 
2003552.000000 2002912.000000 1984416.000000 
2000456.000000 1986826.000000 1986658.000000 
1998230.000000 1983502.000000 1989090.000000 
1981728.000000 1973860.000000 1998328.000000 
1987286.000000 1970376.000000 2021044.000000 
2007802.000000 1973018.000000 1988954.000000 
1956748.000000 2047444.000000 1989872.000000 
2004324.000000 1953948.000000 2010378.000000 
1980544.000000 1982934.000000 2012546.000000 
1974304.000000 2003376.000000 2005212.000000 
1999528.000000 1963184.000000 2027504.000000 
1996268.000000 1995378.000000 1991336.000000 
1982274.000000 1999908.000000 1993134.000000 
1998628.000000 1982148.000000 1992936.000000 
2016102.000000 1979610.000000 1967960.000000 

1979634.000000 2007632.000000 2003382.000000 
1984824.000000 1990624.000000 2047170.000000 
1982750.000000 1994520.000000 2042828.000000 
2006682.000000 1981158.000000 1977994.000000 
1965394.000000 2001370.000000 2044978.000000 
1972726.000000 2009734.000000 2021686.000000 
1968566.000000 1967538.000000 2054922.000000 
1992038.000000 2040620.000000 1985524.000000 
1997814.000000 2022448.000000 1987690.000000 
2065164.000000 1964046.000000 2016244.000000 
1992562.000000 1989102.000000 2006178.000000 
1988950.000000 1986826.000000 2050756.000000 
2001714.000000 2008270.000000 1996018.000000 
2003316.000000 2005736.000000 1999710.000000 
1977460.000000 1970790.000000 2053132.000000 
1956446.000000 1970384.000000 2080440.000000 
1990642.000000 1991378.000000 2015452.000000 
1981270.000000 2022660.000000 1985754.000000 
1967136.000000 2035964.000000 2029938.000000 
1976304.000000 1998198.000000 2052866.000000 
1977118.000000 2036534.000000 1996134.000000 
1993548.000000 2003270.000000 2002454.000000 
2001214.000000 2014098.000000 1990678.000000 
1964980.000000 1984162.000000 2057188.000000 
1951328.000000 2027470.000000 2041806.000000 
1963804.000000 1978612.000000 2065596.000000 
1969896.000000 2003652.000000 2040842.000000 
2010414.000000 1983926.000000 1976770.000000 
2014154.000000 1978902.000000 1981006.000000 
1973272.000000 2006444.000000 2010758.000000 
1966816.000000 2035850.000000 2032774.000000 
1964006.000000 1951272.000000 2076164.000000 
1971152.000000 2000982.000000 2051532.000000 
1972574.000000 1998950.000000 2045646.000000 
1974358.000000 2001824.000000 2035856.000000 
2006536.000000 2001944.000000 1989500.000000 
1965362.000000 2008312.000000 2047646.000000 
2032860.000000 2047906.000000 1971636.000000 
1969110.000000 2018454.000000 2009624.000000 
1947224.000000 1974648.000000 2091430.000000 
1995572.000000 1981416.000000 2001884.000000 
1993526.000000 2006082.000000 1999486.000000 
1978658.000000 1994346.000000 2043344.000000 
1972838.000000 1998230.000000 2043130.000000 
1986324.000000 2001186.000000 2036964.000000 
1988356.000000 2021484.000000 1989536.000000 
1966738.000000 2046312.000000 2020526.000000 
2005828.000000 2019238.000000 1987262.000000 
1957290.000000 2018018.000000 2057254.000000 
1965318.000000 2012960.000000 2041598.000000 
1942464.000000 1977334.000000 2071214.000000 
1957346.000000 1973426.000000 2080146.000000 
1983880.000000 1961164.000000 2071722.000000 
1965502.000000 2052288.000000 2041332.000000 
1977072.000000 2018802.000000 2004258.000000 
1990008.000000 1988826.000000 2015554.000000 
1950636.000000 1973638.000000 2097192.000000 
1992940.000000 2023462.000000 1977658.000000 
1953160.000000 1937000.000000 2082800.000000 
1981730.000000 2005420.000000 2011464.000000 
2083236.000000 2056554.000000 1970828.000000 
1974996.000000 2057122.000000 1996338.000000 
1962804.000000 1980340.000000 2070668.000000 
2010218.000000 1967872.000000 1984984.000000 
1979958.000000 2011712.000000 1998584.000000 
1976678.000000 1995926.000000 2049758.000000 
1979978.000000 2000228.000000 2038738.000000 
1969714.000000 2006770.000000 2039254.000000 
1960832.000000 1970584.000000 2078668.000000 
1959906.000000 1988800.000000 2054980.000000 
1987180.000000 1996894.000000 2018438.000000 
2082662.000000 1962116.000000 2066310.000000 
1998542.000000 2004678.000000 2000328.000000 
1955718.000000 1989314.000000 2063682.000000 

2012746.000000 2027572.000000 1977666.000000 
2000240.000000 2001224.000000 2028624.000000 
2022002.000000 1976398.000000 2024240.000000 
2017278.000000 2020210.000000 1984300.000000 
1952538.000000 2039064.000000 2018070.000000 
2043794.000000 1985486.000000 2022298.000000 
2022662.000000 1996334.000000 2007444.000000 
1965672.000000 2023158.000000 2076638.000000 
1966754.000000 2021502.000000 2063820.000000 
1984894.000000 2012034.000000 2080152.000000 
1957500.000000 2029102.000000 2074852.000000 
2066938.000000 2005766.000000 1984472.000000 
2000566.000000 2048242.000000 1993992.000000 
2003018.000000 1998732.000000 2108444.000000 
1967748.000000 2068276.000000 2016816.000000 
2023546.000000 2020940.000000 1947102.000000 
2002008.000000 2010340.000000 2023872.000000 
1945510.000000 2040122.000000 2066010.000000 
1989372.000000 2005016.000000 2024082.000000 
2000398.000000 2039100.000000 1994310.000000 
2013362.000000 2001506.000000 2008778.000000 
2034074.000000 1963206.000000 2048728.000000 
2039210.000000 1955730.000000 2058886.000000 
1991358.000000 2026032.000000 2019982.000000 
2028758.000000 1985632.000000 2023990.000000 
1984178.000000 2017086.000000 2082186.000000 
1998272.000000 2013736.000000 2011542.000000 
1968854.000000 2030810.000000 2041766.000000 
1976126.000000 2028222.000000 2046012.000000 
2010228.000000 2001526.000000 1991818.000000 
2007108.000000 2001724.000000 2001132.000000 
2021088.000000 1987368.000000 2009784.000000 
2019064.000000 1972918.000000 2048640.000000 
1955162.000000 2033496.000000 2038086.000000 
1946380.000000 2052212.000000 2060356.000000 
1974770.000000 2026330.000000 2061088.000000 
1978230.000000 2034632.000000 2006564.000000 
1982312.000000 2018950.000000 2064196.000000 
2007056.000000 2028350.000000 1993486.000000 
1995614.000000 2056464.000000 2001976.000000 
2008464.000000 1982866.000000 2035506.000000 
2031122.000000 1967556.000000 2045970.000000 
1986544.000000 2020896.000000 2049342.000000 
2047438.000000 1967338.000000 2040526.000000 
2006066.000000 2009844.000000 1996612.000000 
2064692.000000 1987660.000000 2009340.000000 
1940108.000000 2037080.000000 2074904.000000 
1997736.000000 2000144.000000 2057534.000000 
1942806.000000 2060990.000000 2061146.000000 
2044608.000000 1998652.000000 2003480.000000 
2037006.000000 1974588.000000 2026516.000000 
2066152.000000 1986862.000000 2019250.000000 
2006242.000000 1994094.000000 2016810.000000 
2003070.000000 2028450.000000 2001270.000000 
2034162.000000 1959290.000000 2041660.000000 
2071228.000000 1965270.000000 2038510.000000 
1990664.000000 2047518.000000 2003710.000000 
1990470.000000 2011802.000000 2022920.000000 
1945756.000000 2061448.000000 2058398.000000 
1951866.000000 2051474.000000 2058574.000000 
2043274.000000 2014970.000000 1991194.000000 
2007598.000000 2023580.000000 1988832.000000 
2003366.000000 2022754.000000 1997774.000000 

1987780.000000 1981842.000000 2045844.000000 
1992702.000000 1986010.000000 2044812.000000 
1969352.000000 2030778.000000 1974244.000000 
1981102.000000 1990582.000000 2039150.000000 
1986048.000000 2020166.000000 1972126.000000 
1970490.000000 1992376.000000 2063452.000000 
2025922.000000 1991482.000000 2000678.000000 
1959264.000000 2001948.000000 2059748.000000 
2019560.000000 1967350.000000 2064596.000000 
2065470.000000 1959604.000000 2142180.000000 
1980398.000000 1990270.000000 2043010.000000 
2039336.000000 1965480.000000 2086506.000000 
1971448.000000 2023098.000000 1950602.000000 
1970014.000000 2024648.000000 1955772.000000 
1993762.000000 1986996.000000 2042160.000000 
2001454.000000 2018624.000000 1962244.000000 
2022992.000000 1967886.000000 2043274.000000 
2038992.000000 1978038.000000 2037000.000000 
1994736.000000 1988614.000000 2002796.000000 
1999916.000000 2011336.000000 1976214.000000 
1986570.000000 2017644.000000 1963760.000000 
2009858.000000 1986014.000000 2020210.000000 
1962956.000000 2018118.000000 1991574.000000 
2011234.000000 1982898.000000 2021812.000000 
2002294.000000 1977372.000000 2056058.000000 
1991748.000000 1975920.000000 2064042.000000 
1961830.000000 2013850.000000 2005746.000000 
1974176.000000 1993142.000000 1981416.000000 
1963900.000000 1994984.000000 1982696.000000 
1961810.000000 2064192.000000 2000704.000000 
1960758.000000 2005180.000000 2048168.000000 
1960014.000000 1987258.000000 2064672.000000 
2008024.000000 1968284.000000 2094652.000000 
2032830.000000 1978756.000000 2037040.000000 
1982090.000000 1989332.000000 2032320.000000 
1992046.000000 2017092.000000 1964104.000000 
2068126.000000 1948420.000000 2095604.000000 
1984606.000000 1987904.000000 2024316.000000 
1952130.000000 2005694.000000 2015632.000000 
1983610.000000 1977186.000000 2057086.000000 
2012630.000000 1981564.000000 2022508.000000 
1995678.000000 2010972.000000 1977346.000000 
1977954.000000 2020684.000000 1958578.000000 
1977252.000000 2017676.000000 1976718.000000 
1966092.000000 2008126.000000 1981700.000000 
2003840.000000 1983436.000000 2045204.000000 
1974862.000000 2019416.000000 1980544.000000 

2048166.000000 2045078.000000 1965258.000000 
2018244.000000 2042124.000000 1983330.000000 
1971298.000000 1961810.000000 2002104.000000 
1979872.000000 1958592.000000 2020406.000000 
1931422.000000 2002110.000000 2038700.000000 
1998220.000000 1945574.000000 2065258.000000 
2000626.000000 1943460.000000 2039552.000000 
1933792.000000 1999068.000000 2054988.000000 
1980864.000000 1955070.000000 2040992.000000 
1963312.000000 1960254.000000 2029422.000000 
1994852.000000 2071128.000000 1983606.000000 
1976584.000000 2043520.000000 1998728.000000 
1934238.000000 1979710.000000 2049590.000000 
1947238.000000 1995488.000000 2026456.000000 
2010090.000000 2015828.000000 1989720.000000 
2061770.000000 2032858.000000 1978134.000000 
1950186.000000 2010060.000000 2004016.000000 
2007620.000000 2040090.000000 1984548.000000 
1981744.000000 2005124.000000 1996630.000000 
1950326.000000 1999368.000000 2016810.000000 
1969074.000000 1954346.000000 2043722.000000 
2007118.000000 1974312.000000 2000212.000000 
2008580.000000 1937240.000000 2037650.000000 
2006182.000000 1993398.000000 1992356.000000 
2012060.000000 2000828.000000 1990240.000000 
1991292.000000 2036178.000000 1993268.000000 
1987482.000000 2008968.000000 1995526.000000 
1950690.000000 1989140.000000 2022852.000000 
1947702.000000 2006978.000000 2021934.000000 
1935892.000000 2011596.000000 2027034.000000 
2021810.000000 1999538.000000 1990180.000000 
2057174.000000 2079224.000000 1951130.000000 
1983088.000000 1976668.000000 1996318.000000 
2054066.000000 2040612.000000 1966354.000000 
2022106.000000 2015258.000000 1989820.000000 
1996144.000000 1951866.000000 2060014.000000 
1997036.000000 1951734.000000 2056838.000000 
1994770.000000 2089228.000000 1985650.000000 
2000534.000000 1956816.000000 2032766.000000 
2061790.000000 2079604.000000 1949310.000000 
1961324.000000 1969274.000000 2021540.000000 
1969762.000000 1949358.000000 2067008.000000 
1999986.000000 1952330.000000 2040466.000000 
2021178.000000 2015722.000000 1989876.000000 
1948304.000000 1965146.000000 2052856.000000 
2016482.000000 1957092.000000 2028648.000000 
2042680.000000 2046804.000000 1981530.000000 
2053148.000000 2082614.000000 1957708.000000 
1959928.000000 1998818.000000 2003086.000000 
1999974.000000 1957542.000000 2022820.000000 
2069216.000000 2047234.000000 1958906.000000 
2072438.000000 2048536.000000 1945346.000000 
1989110.000000 1953184.000000 2048610.000000 
1968592.000000 1959678.000000 2043450.000000 
1958174.000000 1962986.000000 2025996.000000 
1940504.000000 1965776.000000 2040710.000000 
1944610.000000 1989088.000000 2032266.000000 
1997312.000000 1957730.000000 2030666.000000 
2061276.000000 2058894.000000 1960568.000000 
1977830.000000 1958872.000000 2029460.000000 
2069778.000000 2058846.000000 1958518.000000 
1954702.000000 1998310.000000 2022338.000000 
1992698.000000 1954888.000000 2043634.000000 
1957816.000000 1977528.000000 2008108.000000 
1954700.000000 1977710.000000 2025992.000000 
2060922.000000 2062842.000000 1952684.000000 
1936334.000000 1990110.000000 2036132.000000 
1992772.000000 2087098.000000 1992754.000000 
1941734.000000 2003818.000000 2029188.000000 
1946828.000000 1988774.000000 2028134.000000 
1999754.000000 2051446.000000 1963126.000000 
2012896.000000 2035644.000000 1988134.000000 

2096468.000000 1934884.000000 2109188.000000 
2049634.000000 1950706.000000 2064412.000000 
1988336.000000 2006380.000000 2013924.000000 
2023414.000000 2069130.000000 1970354.000000 
1978672.000000 2013772.000000 2054488.000000 
2031270.000000 1959156.000000 2047050.000000 
2020432.000000 2027812.000000 1988310.000000 
2027580.000000 1972994.000000 2060826.000000 
2029644.000000 1978160.000000 2028364.000000 
2037320.000000 1985760.000000 2011160.000000 
1988670.000000 2055186.000000 1991226.000000 
2027698.000000 1970328.000000 2064838.000000 
1991096.000000 2001226.000000 2010532.000000 
1998420.000000 1977204.000000 2034940.000000 
2066626.000000 1988438.000000 1997924.000000 
1996464.000000 2066400.000000 1990550.000000 
2028660.000000 1993966.000000 2010402.000000 
1978606.000000 2037696.000000 2000370.000000 
2019354.000000 1995058.000000 2022598.000000 
1991012.000000 2006778.000000 2013920.000000 
2050428.000000 1990138.000000 1986324.000000 
1997404.000000 2076202.000000 1980624.000000 
2011010.000000 1967390.000000 2065296.000000 
2082212.000000 1941246.000000 2097456.000000 
1977312.000000 2018000.000000 2028550.000000 
2039602.000000 1968582.000000 2004508.000000 
2014244.000000 1995520.000000 1996150.000000 
2012656.000000 1983222.000000 2029152.000000 
2029224.000000 1992984.000000 2000374.000000 
1981388.000000 2011934.000000 1994634.000000 
2026542.000000 1997808.000000 1987320.000000 
2040174.000000 2024258.000000 1976414.000000 
1992258.000000 1997876.000000 2024688.000000 
1994172.000000 1977790.000000 2038526.000000 
2059256.000000 1944578.000000 2068426.000000 
2028902.000000 1994494.000000 2003932.000000 
2009928.000000 1991650.000000 2026212.000000 
1958148.000000 2018200.000000 2029254.000000 
1977462.000000 2036230.000000 2028192.000000 
1997684.000000 2034318.000000 1978630.000000 
2034468.000000 2001962.000000 1985218.000000 
2062512.000000 1964818.000000 2043856.000000 
2037688.000000 2002578.000000 1980320.000000 
2019816.000000 2026152.000000 1988644.000000 
2045712.000000 1966598.000000 2025120.000000 
2025612.000000 2017414.000000 1981584.000000 
2002360.000000 1990718.000000 2033192.000000 
2069262.000000 1942326.000000 2054274.000000 
2049160.000000 1980680.000000 2002568.000000 
2028306.000000 2003626.000000 1981572.000000 
2011740.000000 2029816.000000 1987444.000000 
2013172.000000 1961710.000000 2071344.000000 
2010214.000000 1971410.000000 2072464.000000 
2043418.000000 1951904.000000 2053944.000000 
2003870.000000 1996960.000000 2002766.000000 
2044300.000000 1993884.000000 1986224.000000 
1976088.000000 2046954.000000 2011576.000000 
1976526.000000 2040108.000000 1996104.000000 
2014030.000000 1997574.000000 2000462.000000 
2033650.000000 1986412.000000 2019532.000000 
2043484.000000 1951674.000000 2063706.000000 
1975126.000000 2059420.000000 2004690.000000 
1976272.000000 2039280.000000 2012784.000000 
1979900.000000 2029392.000000 2021958.000000 
1978566.000000 2039010.000000 2015552.000000 
2027616.000000 2017316.000000 1983960.000000 
2049020.000000 1955256.000000 2053556.000000 
2012486.000000 2047458.000000 1975258.000000 
1982844.000000 2000528.000000 2027660.000000 
2029130.000000 1966488.000000 2046494.000000 
2030774.000000 2025288.000000 1974750.000000 
1987590.000000 1999036.000000 2027296.000000 
1996944.000000 2020044.000000 1989184.000000 
2036056.000000 1994212.000000 1997474.000000 
2019312.000000 1988712.000000 2024004.000000 
1969694.000000 2016546.000000 2028556.000000 
2019974.000000 2009540.000000 1989668.000000 
2042182.000000 1997416.000000 1987032.000000 
2008510.000000 2006498.000000 1992298.000000 
2028452.000000 1951374.000000 2066860.000000 
2009050.000000 1973612.000000 2037870.000000 
2028698.000000 1975356.000000 2034864.000000 
2030558.000000 1974860.000000 2036246.000000 
1968070.000000 2023796.000000 2029248.000000 
2017196.000000 2033310.000000 1983826.000000 
1978704.000000 2025172.000000 2028180.000000 
1988304.000000 1991528.000000 2056644.000000 
2027198.000000 1973242.000000 2039430.000000 
1979554.000000 2004530.000000 2041610.000000 
1975244.000000 2015048.000000 2048620.000000 

2030256.000000 1955620.000000 2038400.000000 
1982212.000000 1997756.000000 2000522.000000 
2011588.000000 1982694.000000 2017490.000000 
1984124.000000 2013208.000000 1993148.000000 
1996268.000000 2027934.000000 1991250.000000 
1984842.000000 2007522.000000 1997442.000000 
1998926.000000 1983744.000000 2021634.000000 
2005022.000000 1997512.000000 1995062.000000 
1976572.000000 2026206.000000 1994988.000000 
1965734.000000 2001018.000000 2002448.000000 
1999162.000000 2034482.000000 1988372.000000 
1998640.000000 1947488.000000 2066384.000000 
2012250.000000 1962988.000000 2029618.000000 
1990814.000000 2038688.000000 1991400.000000 
1963928.000000 1982012.000000 2035700.000000 
1963372.000000 2000466.000000 2020360.000000 
1958130.000000 1987944.000000 2025540.000000 
1998618.000000 2033182.000000 1990000.000000 
1990768.000000 1992936.000000 2017978.000000 
2006028.000000 1978066.000000 2021402.000000 
1982628.000000 1963148.000000 2079464.000000 
1992832.000000 1992564.000000 2010140.000000 
1985140.000000 1968120.000000 2047978.000000 
1955606.000000 1971674.000000 2036232.000000 
2004188.000000 2036194.000000 1983614.000000 
2010834.000000 1986470.000000 2017504.000000 
2012794.000000 1959010.000000 2058834.000000 
1991296.000000 1965670.000000 2052942.000000 
1977146.000000 1998024.000000 2015498.000000 
2001154.000000 1945288.000000 2068824.000000 
2016162.000000 1980704.000000 2017622.000000 
1970092.000000 2010784.000000 2000232.000000 
1970816.000000 1995190.000000 2024610.000000 
2064480.000000 1941048.000000 2079048.000000 
2005462.000000 1960056.000000 2035404.000000 
1975564.000000 1969184.000000 2046086.000000 
1992796.000000 1993896.000000 2001446.000000 
1993952.000000 1987844.000000 2022492.000000 
1986366.000000 1989608.000000 2018160.000000 
1998232.000000 1990016.000000 2011130.000000 
2000036.000000 1967030.000000 2027686.000000 
2013944.000000 1955002.000000 2041796.000000 
1992044.000000 1954666.000000 2066086.000000 
1957042.000000 1965818.000000 2074372.000000 
2016828.000000 1960996.000000 2033202.000000 
1986446.000000 1966482.000000 2037000.000000 
1997728.000000 2037818.000000 1980706.000000 
2001108.000000 1988184.000000 2019790.000000 
1997938.000000 1962788.000000 2053530.000000 
1966908.000000 1963752.000000 2062306.000000 
1985016.000000 1973176.000000 2028858.000000 
2035614.000000 1952972.000000 2041996.000000 
2018714.000000 1952802.000000 2045364.000000 
2036570.000000 1950694.000000 2056846.000000 
2027614.000000 1947264.000000 2059102.000000 
1983202.000000 1963806.000000 2056954.000000 
2056052.000000 1944108.000000 2107854.000000 
1990516.000000 1962234.000000 2054958.000000 
2033940.000000 1952544.000000 2056760.000000 
1989530.000000 1956866.000000 2063646.000000 
2009692.000000 1956222.000000 2060638.000000 
1995694.000000 2040670.000000 1991196.000000 
1989786.000000 1981144.000000 2025644.000000 
1989364.000000 1957778.000000 2086606.000000 
2000846.000000 1965792.000000 2043538.000000 
1995990.000000 1991068.000000 2017398.000000 
1993618.000000 1960158.000000 2057734.000000 
2017856.000000 1989978.000000 2016120.000000 
2003376.000000 1966642.000000 2036260.000000 
2006294.000000 1965400.000000 2028672.000000 
2009054.000000 1959584.000000 2044034.000000 
2011124.000000 1963324.000000 2032312.000000 
2002192.000000 1989598.000000 2019030.000000 

2118074.000000 1945844.000000 2107932.000000 
1969396.000000 2103104.000000 2011870.000000 
1995608.000000 1984956.000000 2058518.000000 
2006232.000000 1978424.000000 2121148.000000 
1990976.000000 1986634.000000 2090214.000000 
1952044.000000 2017128.000000 2066496.000000 
2038536.000000 1975334.000000 2052754.000000 
1970624.000000 2033482.000000 2037348.000000 
2021992.000000 1975346.000000 2085398.000000 
2052850.000000 1980934.000000 2029574.000000 
2033156.000000 1982178.000000 1992520.000000 
2021190.000000 1993038.000000 2004664.000000 
2021700.000000 1978256.000000 2053762.000000 
1996218.000000 2007126.000000 1978676.000000 
2137226.000000 1944024.000000 2132088.000000 
2068802.000000 2005600.000000 1976612.000000 
2047410.000000 2061584.000000 1967414.000000 
2026300.000000 1992472.000000 2010050.000000 
2029096.000000 1982488.000000 2053632.000000 
1963090.000000 1994290.000000 2041190.000000 
1962574.000000 2021754.000000 2055646.000000 
2053860.000000 1974374.000000 2020840.000000 
1944754.000000 2053806.000000 2055676.000000 
1951008.000000 2049312.000000 2035748.000000 
1960752.000000 2052254.000000 2027248.000000 
2055534.000000 1962800.000000 2019370.000000 
1959954.000000 2028762.000000 2051474.000000 
1972572.000000 2001942.000000 2010030.000000 
2026624.000000 1986486.000000 2034798.000000 
1969868.000000 2044420.000000 2005206.000000 
2016060.000000 1992682.000000 2005740.000000 
2124428.000000 1952268.000000 2104200.000000 
1976552.000000 2011972.000000 1969364.000000 
1972308.000000 2012124.000000 1968528.000000 
1987148.000000 1996888.000000 1993706.000000 
2001416.000000 2006814.000000 1992844.000000 
1979144.000000 2007404.000000 1992512.000000 
1996904.000000 1989430.000000 2057434.000000 
2085142.000000 1950960.000000 2109792.000000 
2049034.000000 1981640.000000 2051808.000000 
2061096.000000 1954146.000000 2026614.000000 
2106550.000000 1952364.000000 2091524.000000 
2054006.000000 1973562.000000 2110242.000000 
2014066.000000 2103026.000000 1965972.000000 
2090024.000000 1953032.000000 2099136.000000 
1977226.000000 1989756.000000 2027314.000000 
2011154.000000 1984702.000000 2082390.000000 
2022658.000000 2004418.000000 1987678.000000 
2056078.000000 1978644.000000 2013410.000000 
1979040.000000 2000240.000000 2010626.000000 
2099328.000000 1948744.000000 2111340.000000 
2093230.000000 1953668.000000 2080858.000000 
2013534.000000 1979978.000000 2061424.000000 
2032994.000000 1995388.000000 2001480.000000 
1966298.000000 1990550.000000 2059486.000000 

2017704.000000 1954300.000000 2046460.000000 
1999554.000000 1979426.000000 2028144.000000 
2000990.000000 1986802.000000 2025844.000000 
1976558.000000 1975698.000000 2036062.000000 
1952134.000000 2043630.000000 2000012.000000 
1960422.000000 2016626.000000 2013464.000000 
2036912.000000 1971562.000000 2014656.000000 
2017996.000000 2022502.000000 1992090.000000 
1942592.000000 2040380.000000 2037996.000000 
2008010.000000 1982878.000000 2015768.000000 
2003514.000000 1958892.000000 2038702.000000 
2013830.000000 1972768.000000 2017244.000000 
2003080.000000 1940206.000000 2067722.000000 
1975542.000000 1986366.000000 2065312.000000 
2032406.000000 1972056.000000 2022248.000000 
2004524.000000 1990780.000000 2011442.000000 
2016494.000000 1994064.000000 2009672.000000 
2051982.000000 1945788.000000 2049834.000000 
2017976.000000 1950034.000000 2054372.000000 
2020898.000000 1956650.000000 2041438.000000 
2024348.000000 1934704.000000 2073616.000000 
2029994.000000 1941926.000000 2055916.000000 
2036452.000000 1940308.000000 2058936.000000 
2020860.000000 1933924.000000 2092230.000000 
1947436.000000 2033344.000000 2040670.000000 
2012702.000000 1951770.000000 2066596.000000 
1963052.000000 1991084.000000 2023456.000000 
1962846.000000 1999990.000000 2041136.000000 
2021422.000000 1934320.000000 2075218.000000 
1975986.000000 2055116.000000 1977054.000000 
1984288.000000 2049340.000000 1981872.000000 
2017692.000000 1938872.000000 2087700.000000 
1950060.000000 2006888.000000 2043984.000000 
2028130.000000 2061378.000000 1969292.000000 
1989798.000000 1990704.000000 2028344.000000 
2014362.000000 1946798.000000 2059838.000000 
2015392.000000 1956868.000000 2034004.000000 
2036408.000000 1930078.000000 2088142.000000 
2056300.000000 1928218.000000 2092476.000000 
2040850.000000 1929948.000000 2101874.000000 
2043194.000000 1957158.000000 2028912.000000 
2046342.000000 1961900.000000 2021982.000000 
1936096.000000 2037190.000000 2042242.000000 
1977484.000000 1998494.000000 2013274.000000 
2029754.000000 2037856.000000 1983566.000000 
1954232.000000 2003510.000000 2051576.000000 
1997614.000000 1975492.000000 2033136.000000 
2030438.000000 2029122.000000 1989606.000000 
1949120.000000 2054594.000000 2036604.000000 
1951376.000000 2021348.000000 2035834.000000 
2029358.000000 2014892.000000 1990678.000000 
2051932.000000 1928398.000000 2123218.000000 
2016426.000000 2047574.000000 1989396.000000 
1992564.000000 1997408.000000 2009708.000000 
1994256.000000 1986922.000000 2032710.000000 
1962584.000000 2039620.000000 2010234.000000 
1951962.000000 2026934.000000 2017816.000000 
2012358.000000 2037944.000000 1990680.000000 
2068300.000000 2002976.000000 2003908.000000 
1959116.000000 2053188.000000 1997378.000000 
1958568.000000 1992672.000000 2056056.000000 
2040448.000000 1980690.000000 2014536.000000 
2019188.000000 1982170.000000 2008482.000000 
1972622.000000 1986734.000000 2059012.000000 
2025580.000000 2094552.000000 1974108.000000 
1937162.000000 2039948.000000 2038092.000000 
1961234.000000 1999340.000000 2042242.000000 
1963478.000000 2014858.000000 2010398.000000 
2038396.000000 1952578.000000 2049338.000000 
1958760.000000 2010898.000000 2018084.000000 
1965218.000000 2003012.000000 1992188.000000 
2013874.000000 1970146.000000 2035166.000000 
2022782.000000 2043710.000000 1984606.000000 
1994506.000000 1991720.000000 2009866.000000 
2015986.000000 1964204.000000 2026792.000000 
2022488.000000 1955002.000000 2035016.000000 
2038646.000000 1952248.000000 2045720.000000 
1998170.000000 1971730.000000 2041200.000000 
2024988.000000 1934018.000000 2078696.000000 
1947526.000000 2025132.000000 2048220.000000 
2034142.000000 1930832.000000 2072394.000000 
1961700.000000 1995946.000000 2045548.000000 
2020744.000000 1953702.000000 2049034.000000 
1943230.000000 2026090.000000 2046814.000000 
2030604.000000 1949956.000000 2055136.000000 

2036346.000000 2021822.000000 1986160.000000 
1994292.000000 2002532.000000 2030014.000000 
2006152.000000 2032242.000000 1993696.000000 
2059190.000000 2009790.000000 2000428.000000 
1993558.000000 2058234.000000 1989266.000000 
1992306.000000 1977792.000000 2045138.000000 
1984416.000000 2016180.000000 2055016.000000 
2062998.000000 1963066.000000 2073864.000000 
2018248.000000 2036722.000000 1985582.000000 
2017144.000000 2032506.000000 1986866.000000 
1993052.000000 2013268.000000 2044012.000000 
1987514.000000 2007796.000000 2069400.000000 
2046222.000000 2006128.000000 2002296.000000 
2004070.000000 2066962.000000 1989208.000000 
1972066.000000 2063904.000000 2011372.000000 
2051472.000000 1970186.000000 2068206.000000 
2025966.000000 1970616.000000 2084318.000000 
2012912.000000 2043548.000000 1986406.000000 
2009644.000000 2049780.000000 1975744.000000 
2029332.000000 1969016.000000 2107270.000000 
2025258.000000 2045630.000000 1967638.000000 
2022436.000000 1973238.000000 2116098.000000 
1987264.000000 2019002.000000 2020180.000000 
2058528.000000 2018626.000000 1988486.000000 
2006718.000000 2032762.000000 1987236.000000 
2001286.000000 2033556.000000 1995598.000000 
2003194.000000 2046170.000000 1992412.000000 
1980760.000000 2022604.000000 1996980.000000 
2038330.000000 2038708.000000 1978668.000000 
2019636.000000 2021132.000000 1988772.000000 
2010816.000000 2029228.000000 1994510.000000 
2034180.000000 2043808.000000 1982110.000000 
2004578.000000 2072782.000000 1979770.000000 
1968642.000000 2071992.000000 2027830.000000 
2022234.000000 2040460.000000 1982410.000000 
1979876.000000 2049356.000000 2005852.000000 
2002252.000000 2014886.000000 1997902.000000 
1989724.000000 2016146.000000 2055966.000000 
1993144.000000 2011332.000000 2014430.000000 
1975564.000000 2035104.000000 2039306.000000 
2052028.000000 2020932.000000 1991094.000000 
2019220.000000 2030692.000000 1983082.000000 
2014292.000000 2046048.000000 1983356.000000 
2012614.000000 1983316.000000 2004006.000000 
1978396.000000 2024634.000000 2027908.000000 
1980110.000000 2048850.000000 2018972.000000 
1989190.000000 2063486.000000 1994058.000000 
2000834.000000 2055726.000000 1996438.000000 
2029788.000000 2028170.000000 1987070.000000 
2010548.000000 2053846.000000 1968312.000000 
1974324.000000 2062488.000000 2028340.000000 
1976704.000000 2059814.000000 2026064.000000 
2030430.000000 2043994.000000 1974018.000000 
2051328.000000 1974746.000000 2066476.000000 
2061394.000000 1969786.000000 2061174.000000 
1979090.000000 2028090.000000 2025068.000000 
2000726.000000 2012566.000000 2005584.000000 
1974478.000000 2054310.000000 2028442.000000 
1979744.000000 2031296.000000 2024116.000000 
1986524.000000 2021850.000000 2050190.000000 
2001296.000000 2013206.000000 2003942.000000 
2018568.000000 2048446.000000 1978308.000000 
1978454.000000 2019540.000000 2094542.000000 
2041556.000000 2039816.000000 1977988.000000 
2057924.000000 1965838.000000 2089208.000000 
1973408.000000 2036116.000000 2035312.000000 
1984122.000000 2015888.000000 2115312.000000 
1980328.000000 2029452.000000 2023766.000000 
2002158.000000 2049664.000000 1994150.000000 
1992944.000000 2082836.000000 1993550.000000 
1977822.000000 2032916.000000 2037300.000000 
1962700.000000 2058524.000000 2032950.000000 
2019538.000000 2053730.000000 1968034.000000 

2043028.000000 1955358.000000 2032530.000000 
2014636.000000 2067948.000000 1973272.000000 
2029524.000000 2051050.000000 1967836.000000 
2034696.000000 1998692.000000 1987738.000000 
2000370.000000 2069624.000000 1968810.000000 
2042528.000000 2056506.000000 1959878.000000 
2040284.000000 1953140.000000 2047358.000000 
2008978.000000 2059326.000000 1979136.000000 
2044766.000000 2054638.000000 1967706.000000 
1982294.000000 2016620.000000 2065980.000000 
2012966.000000 2054434.000000 1976436.000000 
1990856.000000 2040620.000000 2004380.000000 
2017266.000000 2020206.000000 1973598.000000 
2037964.000000 2116896.000000 1960580.000000 
1972880.000000 2017322.000000 2047688.000000 
2008394.000000 2048630.000000 1983734.000000 
2015148.000000 2083408.000000 1968536.000000 
2038768.000000 2060760.000000 1964162.000000 
2011486.000000 2039550.000000 1976618.000000 
1987578.000000 2012764.000000 2057956.000000 
2050130.000000 2054890.000000 1964402.000000 
2013250.000000 1962738.000000 2132774.000000 
2001178.000000 2025186.000000 1986588.000000 
2009548.000000 2032744.000000 1985062.000000 
2008180.000000 2050282.000000 1985166.000000 
1994612.000000 2010898.000000 2056506.000000 
2063748.000000 2048014.000000 1967540.000000 
2047008.000000 2049694.000000 1964878.000000 
2011498.000000 2037868.000000 1978026.000000 
1991360.000000 2056414.000000 1989232.000000 
2026846.000000 2039718.000000 1969158.000000 
2031732.000000 2019258.000000 1981138.000000 
1985000.000000 2037156.000000 2038468.000000 
1995104.000000 2003446.000000 2066636.000000 
1993580.000000 2029160.000000 1998926.000000 
1992138.000000 2015558.000000 2004780.000000 
2025402.000000 1955030.000000 2046918.000000 
1983526.000000 2046548.000000 2010544.000000 
1988484.000000 2046386.000000 1998696.000000 
1981092.000000 2045008.000000 2035538.000000 
2016354.000000 1959048.000000 2023246.000000 
2015980.000000 2021080.000000 1976726.000000 
2045088.000000 2063386.000000 1954182.000000 
2072674.000000 2016496.000000 1986638.000000 
2019334.000000 2055334.000000 1964872.000000 
1986352.000000 2028562.000000 2006410.000000 
1992880.000000 2035540.000000 2002220.000000 
2042386.000000 2016504.000000 1980690.000000 
2023292.000000 2048160.000000 1970460.000000 
1989806.000000 2018114.000000 2043466.000000 
1996318.000000 1970176.000000 1993980.000000 
2080044.000000 2050284.000000 1951688.000000 
2010248.000000 1997452.000000 1991860.000000 
2032052.000000 2002682.000000 1991348.000000 
1999914.000000 2067458.000000 1973662.000000 
2005350.000000 2053466.000000 1982740.000000 
2000724.000000 2042238.000000 1993682.000000 
1985634.000000 2035218.000000 2012672.000000 
2030850.000000 1965942.000000 2018966.000000 
2065992.000000 2064642.000000 1953352.000000 
2056566.000000 2034608.000000 1972792.000000 
2029344.000000 1966170.000000 2014498.000000 
2013092.000000 1962792.000000 2058242.000000 

1943932.000000 2037200.000000 1980548.000000 
1964674.000000 2042960.000000 1966676.000000 
1967928.000000 1999112.000000 2003298.000000 
1961280.000000 1996856.000000 2055552.000000 
1973122.000000 1999134.000000 2000132.000000 
1963898.000000 2014670.000000 1988742.000000 
1980404.000000 2018472.000000 1987144.000000 
1941068.000000 2017382.000000 2011828.000000 
1927516.000000 2038608.000000 2011154.000000 
1933086.000000 2027754.000000 1983208.000000 
1948850.000000 2009506.000000 2007448.000000 
1939676.000000 2019168.000000 2004582.000000 
1986208.000000 1990600.000000 1998828.000000 
1948042.000000 2023122.000000 1973336.000000 
1947304.000000 2003784.000000 2028840.000000 
1993388.000000 1977372.000000 2028868.000000 
1947378.000000 2032866.000000 1977790.000000 
1997010.000000 1980102.000000 2014466.000000 
1927088.000000 2009762.000000 2017010.000000 
1999468.000000 1979232.000000 2011796.000000 
1952538.000000 2000698.000000 2065860.000000 
1959480.000000 2015352.000000 2003564.000000 
1953878.000000 2003646.000000 2033220.000000 
1963584.000000 1994978.000000 2013560.000000 
1959818.000000 1997358.000000 2046876.000000 
1985536.000000 1985380.000000 2003432.000000 
1931794.000000 2042954.000000 2011024.000000 
1944188.000000 2001692.000000 2037920.000000 
1965880.000000 1991820.000000 2008242.000000 
1964514.000000 2020070.000000 1978158.000000 
1953862.000000 2019958.000000 1991906.000000 
1973256.000000 1989870.000000 2037450.000000 
1980236.000000 1985128.000000 2019670.000000 
1964272.000000 1992976.000000 2014598.000000 
1975916.000000 1988174.000000 2026312.000000 
1975006.000000 1988946.000000 2061078.000000 
1973102.000000 2010522.000000 1988824.000000 
2008608.000000 1975898.000000 2028294.000000 
1974916.000000 1999348.000000 1988880.000000 
1961714.000000 2017292.000000 1994132.000000 
1958420.000000 1999176.000000 2032104.000000 
1981076.000000 1982696.000000 2052546.000000 
2016652.000000 1965248.000000 2054572.000000 
1997056.000000 1971144.000000 2043104.000000 
1986080.000000 1978646.000000 2023350.000000 
1987976.000000 1987420.000000 2001048.000000 
1953912.000000 2000116.000000 2053926.000000 
1971222.000000 2012414.000000 1988406.000000 
1981212.000000 1983818.000000 2011624.000000 
1982862.000000 2016408.000000 1984626.000000 
1938670.000000 2010692.000000 2015644.000000 
1962844.000000 1997508.000000 2043706.000000 
1965388.000000 2002918.000000 1993568.000000 
1967884.000000 2013678.000000 1990564.000000 
1936632.000000 2006092.000000 2049992.000000 
1943052.000000 2005150.000000 2017828.000000 
1970072.000000 1989538.000000 2042232.000000 
1955714.000000 2020342.000000 1985896.000000 
1981564.000000 1998874.000000 2007234.000000 
1960374.000000 2001608.000000 2000742.000000 
1961920.000000 1998916.000000 2022406.000000 
1997516.000000 1974188.000000 2034792.000000 

1954808.000000 2020450.000000 2012408.000000 
1959110.000000 2034162.000000 1999218.000000 
1956120.000000 2019396.000000 2018328.000000 
1962402.000000 2004172.000000 2031564.000000 
2025018.000000 2080316.000000 1948886.000000 
1960536.000000 2024398.000000 2008878.000000 
1983842.000000 1992454.000000 2040476.000000 
2019022.000000 2106678.000000 1958124.000000 
2002192.000000 1974034.000000 2030906.000000 
2072136.000000 1962670.000000 2074316.000000 
2040642.000000 1960298.000000 2119514.000000 
2038368.000000 2043240.000000 1972640.000000 
1968360.000000 2018458.000000 2004118.000000 
1975706.000000 1997384.000000 2025082.000000 
1947984.000000 2045328.000000 2012130.000000 
2004304.000000 2007920.000000 2008586.000000 
1975076.000000 2032714.000000 1976308.000000 
2039016.000000 1971156.000000 2082514.000000 
2037296.000000 1972294.000000 2087912.000000 
2000062.000000 2033716.000000 1975534.000000 
1972396.000000 2109658.000000 1995982.000000 
2017948.000000 2014206.000000 1991214.000000 
1971452.000000 2002424.000000 2022998.000000 
2024630.000000 1972764.000000 2097110.000000 
1948106.000000 2040414.000000 2016450.000000 
1989222.000000 2053532.000000 1962942.000000 
1992412.000000 1994900.000000 2014180.000000 
1977272.000000 2014878.000000 2005292.000000 
2022060.000000 2021852.000000 1989366.000000 
2009916.000000 2028990.000000 1992750.000000 
1946692.000000 2053640.000000 2013310.000000 
2049496.000000 2030946.000000 1983894.000000 
1979652.000000 1994144.000000 2048704.000000 
2040892.000000 1972656.000000 2045426.000000 
2034220.000000 1974724.000000 2030864.000000 
2034628.000000 2042214.000000 1975028.000000 
1999232.000000 2010440.000000 2005526.000000 
2005752.000000 2003022.000000 2003912.000000 
1961714.000000 2011044.000000 2042560.000000 
1951996.000000 2020534.000000 2015096.000000 
1979644.000000 2008966.000000 2022502.000000 
1999312.000000 1992712.000000 2014804.000000 
1985988.000000 1982958.000000 2041442.000000 
1979946.000000 1992478.000000 2035310.000000 
1965382.000000 2007478.000000 2026802.000000 
2047352.000000 1965006.000000 2074412.000000 
1975056.000000 2099902.000000 1981762.000000 
1952096.000000 2026570.000000 2013952.000000 
1956364.000000 2014562.000000 2010076.000000 
1995562.000000 2026540.000000 1994428.000000 
1972452.000000 2047438.000000 1996098.000000 
1948334.000000 2044538.000000 2013702.000000 
1969322.000000 2000610.000000 2029052.000000 
2000270.000000 2009634.000000 1994310.000000 
2040158.000000 1966510.000000 2050954.000000 
1964232.000000 2005976.000000 2030360.000000 
1983762.000000 2016094.000000 2004660.000000 
2057968.000000 1963690.000000 2084096.000000 
1973888.000000 1991502.000000 2051964.000000 
2020860.000000 1996874.000000 1997472.000000 
1951038.000000 2022030.000000 2017262.000000 
2022986.000000 2047022.000000 1957046.000000 
2034644.000000 2046372.000000 1972762.000000 
1950070.000000 2013046.000000 2019084.000000 
2050988.000000 2043232.000000 1974232.000000 
2039496.000000 1969296.000000 2122298.000000 
1982890.000000 1992794.000000 2032836.000000 
2017426.000000 2029876.000000 1990480.000000 
2052198.000000 1959430.000000 2088542.000000 
2048688.000000 1960692.000000 2111574.000000 
1992734.000000 2009614.000000 2014160.000000 
1984414.000000 1984366.000000 2034196.000000 
2001176.000000 1982574.000000 2036980.000000 
2019686.000000 2076214.000000 1953900.000000 
1944984.000000 2020348.000000 2021564.000000 
1953382.000000 2021884.000000 2010354.000000 
2009932.000000 1989352.000000 2021300.000000 
1961070.000000 2005048.000000 2049646.000000 
1957236.000000 2011064.000000 2063484.000000 
1968098.000000 2022754.000000 1999164.000000 
1986398.000000 1980648.000000 2053118.000000 
1978482.000000 2002016.000000 2023192.000000 
1961460.000000 1999902.000000 2048102.000000 
1998976.000000 2004276.000000 2010110.000000 
2010336.000000 1991600.000000 2019794.000000 
1989800.000000 2027872.000000 1992788.000000 
2020250.000000 2027986.000000 1988716.000000 
1986250.000000 2016608.000000 1994534.000000 
1977146.000000 2030658.000000 1989336.000000 
2042762.000000 1964170.000000 2078986.000000 
1974276.000000 2036934.000000 1989826.000000 
1948482.000000 2049832.000000 2006416.000000 
2029020.000000 2071364.000000 1953480.000000 
2017230.000000 1986930.000000 2014474.000000 
1957092.000000 2064532.000000 2000064.000000 
2011330.000000 1977810.000000 2025656.000000 
2017846.000000 2027338.000000 1990700.000000 

1981310.000000 1978530.000000 2047090.000000 
1971514.000000 1979174.000000 1993260.000000 
1983890.000000 1991244.000000 1986994.000000 
1989338.000000 2012368.000000 1975244.000000 
1974820.000000 1999596.000000 1984278.000000 
1966086.000000 1979042.000000 2034636.000000 
1995078.000000 2000964.000000 1976472.000000 
1973302.000000 1978644.000000 2028228.000000 
1982336.000000 1977076.000000 2021044.000000 
1987480.000000 2038424.000000 1980250.000000 
2027552.000000 2034266.000000 1972728.000000 
1966554.000000 1985234.000000 1990696.000000 
2020682.000000 2038756.000000 1974750.000000 
1968498.000000 1994512.000000 1988150.000000 
1995952.000000 2049684.000000 1974228.000000 
1986644.000000 1975376.000000 2018062.000000 
1981220.000000 1991456.000000 1981818.000000 
1974298.000000 2042252.000000 1979846.000000 
1971698.000000 2053110.000000 1980504.000000 
1965958.000000 2020106.000000 1984886.000000 
1953338.000000 1988774.000000 1998106.000000 
1973266.000000 2033826.000000 1980526.000000 
1957170.000000 2017864.000000 1990736.000000 
1973488.000000 2019174.000000 1981452.000000 

