2003060.000000 2023678.000000 1993686.000000 
1982244.000000 1995330.000000 2033718.000000 
1962046.000000 2010084.000000 2035368.000000 
1987726.000000 1997884.000000 2015270.000000 
2013730.000000 1965274.000000 2061358.000000 
2052142.000000 1962682.000000 2042302.000000 
2039790.000000 1956280.000000 2042344.000000 
2041124.000000 1990548.000000 1984210.000000 
1979746.000000 2030326.000000 2002250.000000 
1971030.000000 2028528.000000 2014366.000000 
2026592.000000 1963390.000000 2088716.000000 
2033106.000000 1952638.000000 2076446.000000 
2030474.000000 1955156.000000 2081778.000000 
2004630.000000 2050754.000000 1988526.000000 
1999116.000000 2051770.000000 1986374.000000 
1989444.000000 1989648.000000 2021604.000000 
2028266.000000 2028870.000000 1966606.000000 
1991808.000000 1970642.000000 2005318.000000 
1972834.000000 2041720.000000 2004588.000000 
2054662.000000 1951088.000000 2047878.000000 
2058162.000000 1956982.000000 2035676.000000 
2052656.000000 1954542.000000 2045954.000000 
2036998.000000 1961434.000000 2046986.000000 
2016558.000000 1965416.000000 2047074.000000 
2030488.000000 1957092.000000 2050232.000000 
2023582.000000 1963484.000000 2058954.000000 
1998976.000000 2064374.000000 1986278.000000 
2012816.000000 1969220.000000 2019896.000000 
2030646.000000 2025544.000000 1973896.000000 
2028760.000000 1969868.000000 2010848.000000 
2020342.000000 1969048.000000 2030018.000000 
2010672.000000 1969916.000000 2021750.000000 
1981582.000000 2031384.000000 1999354.000000 
1994490.000000 2037782.000000 1988926.000000 
1973148.000000 2025128.000000 2013224.000000 
1962972.000000 2029266.000000 2015886.000000 
1955718.000000 2043436.000000 2021844.000000 
1952068.000000 2047408.000000 2030230.000000 
1988838.000000 2044766.000000 1989144.000000 
2014124.000000 1966802.000000 2055288.000000 
1992736.000000 2024498.000000 1996438.000000 
1973062.000000 2033284.000000 1989290.000000 
1966690.000000 2043596.000000 1994558.000000 
2004032.000000 2011114.000000 1998782.000000 
2005394.000000 2016612.000000 1985488.000000 
2022578.000000 1979926.000000 1993984.000000 
2049042.000000 2009654.000000 1962054.000000 
2045334.000000 2032340.000000 1960218.000000 
2040140.000000 2053384.000000 1955432.000000 
2035508.000000 2069452.000000 1949674.000000 
2025366.000000 2076802.000000 1941758.000000 
1984808.000000 1977006.000000 2038862.000000 
1984884.000000 1981134.000000 2023090.000000 
2024696.000000 2075042.000000 1963548.000000 
2008010.000000 2000514.000000 1975928.000000 
2022858.000000 1990980.000000 1976814.000000 
2028090.000000 1997384.000000 1975656.000000 
2046330.000000 2013054.000000 1971994.000000 
2043136.000000 2017516.000000 1964106.000000 
2048136.000000 2011496.000000 1974660.000000 
2037220.000000 2021066.000000 1970900.000000 
2046964.000000 2033926.000000 1957750.000000 
2046140.000000 2045614.000000 1954526.000000 
2038018.000000 2068524.000000 1952040.000000 
1982770.000000 1990052.000000 2035156.000000 
1989578.000000 1988176.000000 2018930.000000 
1972210.000000 2003532.000000 2030860.000000 
1988036.000000 2030928.000000 1996098.000000 
1967492.000000 2003182.000000 2050518.000000 
1956748.000000 2027284.000000 2017678.000000 
2001744.000000 1966080.000000 2058532.000000 
1978384.000000 2025472.000000 2011246.000000 
1980766.000000 2017924.000000 2003866.000000 
1988122.000000 2026740.000000 1990342.000000 
1976242.000000 1996370.000000 2022578.000000 
1972920.000000 2026448.000000 2007766.000000 
1964010.000000 2015816.000000 2021528.000000 
1981340.000000 2017378.000000 2009200.000000 
1989504.000000 2018508.000000 1996780.000000 
1992636.000000 2028776.000000 1989856.000000 

1983008.000000 2012956.000000 2094540.000000 
2042442.000000 2026906.000000 1963352.000000 
2031314.000000 1986934.000000 2019686.000000 
1996750.000000 2014792.000000 2017504.000000 
1997932.000000 2017610.000000 2010520.000000 
1999076.000000 2018210.000000 1998056.000000 
1998316.000000 2059326.000000 1983488.000000 
2022238.000000 2030792.000000 1969950.000000 
2009666.000000 2039502.000000 1960396.000000 
1993180.000000 1983902.000000 2079232.000000 
2024222.000000 1996564.000000 1987068.000000 
2018778.000000 2002206.000000 1980098.000000 
2017270.000000 2004396.000000 2010956.000000 
2012400.000000 2043088.000000 1958112.000000 
2005922.000000 2051222.000000 1947798.000000 
2004042.000000 2044414.000000 1955474.000000 
2003272.000000 2050768.000000 1954452.000000 
1998878.000000 2062396.000000 1964028.000000 
2000454.000000 2053070.000000 1972796.000000 
2027258.000000 1995850.000000 1990872.000000 
2021570.000000 2001352.000000 1990996.000000 
2010938.000000 2012592.000000 1972572.000000 
2019872.000000 1992734.000000 2008914.000000 
2015128.000000 2005064.000000 1998030.000000 
2023362.000000 1956690.000000 2044038.000000 
2033116.000000 1985788.000000 2026464.000000 
2013960.000000 1991414.000000 2013518.000000 
1986322.000000 2002942.000000 2063162.000000 
2008628.000000 1969502.000000 2103284.000000 
2009774.000000 1974208.000000 2079412.000000 
1998082.000000 2069182.000000 2005642.000000 
2002496.000000 1991470.000000 2029048.000000 
2007044.000000 1978140.000000 2057520.000000 
2025588.000000 1950524.000000 2116914.000000 
2034016.000000 1948458.000000 2111440.000000 
2032538.000000 1949130.000000 2108036.000000 
2017982.000000 1961074.000000 2094866.000000 
2010160.000000 2013314.000000 1988230.000000 
2001122.000000 2011776.000000 1996808.000000 
1994924.000000 2020076.000000 2007766.000000 
1988334.000000 1994798.000000 2060406.000000 
1985172.000000 2007672.000000 2052280.000000 
2076922.000000 1986572.000000 2022524.000000 
2041024.000000 1981626.000000 2028316.000000 
2007582.000000 1979896.000000 2037718.000000 
1955156.000000 2048312.000000 2016604.000000 
1983180.000000 2025396.000000 2083874.000000 
2029136.000000 1988604.000000 2027176.000000 
1987188.000000 2001746.000000 2031056.000000 
2053190.000000 1991372.000000 1995530.000000 
1998264.000000 1984238.000000 2044606.000000 
2005632.000000 1982162.000000 2057582.000000 
1998246.000000 1980236.000000 2074022.000000 
2018918.000000 1962524.000000 2080672.000000 
2019284.000000 1958482.000000 2073160.000000 
2020024.000000 1953580.000000 2049232.000000 
2054892.000000 1952668.000000 2076414.000000 
2035772.000000 1953056.000000 2063866.000000 
1971110.000000 2038538.000000 2023706.000000 
2050470.000000 1972950.000000 2027976.000000 
1969846.000000 2032962.000000 2045964.000000 
1986142.000000 2023874.000000 2035974.000000 
1973630.000000 2030110.000000 2068086.000000 
1968034.000000 2044162.000000 2045636.000000 
1990266.000000 2059444.000000 2005658.000000 
2020840.000000 1962868.000000 2028810.000000 
2043758.000000 1962202.000000 2040710.000000 
2010418.000000 2034888.000000 1982612.000000 
1982884.000000 2015708.000000 2094552.000000 
1999464.000000 1983546.000000 2063256.000000 
2009748.000000 2005314.000000 1998478.000000 
1971128.000000 2057848.000000 2012072.000000 
1982636.000000 2061656.000000 2010338.000000 
1999412.000000 2006432.000000 2018212.000000 
1994516.000000 2014942.000000 2022194.000000 
1990998.000000 2025692.000000 2010184.000000 
1995660.000000 2018196.000000 2008308.000000 
2001682.000000 1999444.000000 2026356.000000 
2044334.000000 1952112.000000 2085808.000000 
2061162.000000 1950062.000000 2098312.000000 
2060572.000000 1949338.000000 2100764.000000 
2054008.000000 1943512.000000 2103890.000000 
2058996.000000 1943426.000000 2106320.000000 
2017312.000000 1977276.000000 2031842.000000 
2012834.000000 1962554.000000 2047076.000000 
1989312.000000 1989926.000000 2052216.000000 

1962306.000000 1977356.000000 2000544.000000 
1953220.000000 2007556.000000 2021850.000000 
1929458.000000 2060010.000000 2026048.000000 
1935840.000000 2030110.000000 1998980.000000 
1931378.000000 2013168.000000 2006060.000000 
1974802.000000 1958372.000000 2047146.000000 
1946998.000000 2013148.000000 2013178.000000 
1950282.000000 1957954.000000 2060330.000000 
1946500.000000 1986394.000000 2023384.000000 
1949016.000000 2012186.000000 2020600.000000 
2049288.000000 1946264.000000 2029484.000000 
2003026.000000 2025196.000000 1971410.000000 
1987416.000000 2014902.000000 1983594.000000 
1950386.000000 2012160.000000 2012624.000000 
1960066.000000 2025272.000000 1981008.000000 
1959212.000000 2008384.000000 1995174.000000 
1989626.000000 2008776.000000 1985552.000000 
1954560.000000 2029736.000000 2000100.000000 
2006388.000000 1995528.000000 1966968.000000 
1982474.000000 2018242.000000 1985896.000000 
1929852.000000 1972666.000000 2025920.000000 
1994732.000000 2016606.000000 1979124.000000 
1999334.000000 2021180.000000 1974864.000000 
1953380.000000 1971190.000000 2040288.000000 
1946584.000000 2022244.000000 2003804.000000 
1949970.000000 2034386.000000 1996192.000000 
2001098.000000 2008064.000000 1986222.000000 
1983486.000000 1959928.000000 2036704.000000 
1973308.000000 1956674.000000 2054224.000000 
1953700.000000 1961570.000000 2030514.000000 
1969324.000000 2028428.000000 1972790.000000 
2032462.000000 1911668.000000 2078852.000000 
1995376.000000 1950418.000000 2052142.000000 
1949468.000000 2030212.000000 1997622.000000 
1939168.000000 2005656.000000 2023464.000000 
1923072.000000 2038622.000000 2026802.000000 
1931214.000000 2042876.000000 2011898.000000 
1922340.000000 2032476.000000 2028330.000000 
1967488.000000 1919862.000000 2060456.000000 
1990928.000000 1915510.000000 2056748.000000 
1993576.000000 1957922.000000 2045434.000000 
1993602.000000 1964774.000000 2023174.000000 
1959226.000000 1987842.000000 2018904.000000 
1977700.000000 2013712.000000 1992020.000000 
2009820.000000 1952502.000000 2033370.000000 
2003738.000000 1943372.000000 2054228.000000 
1983498.000000 1971360.000000 1989532.000000 
1981962.000000 1982960.000000 1996912.000000 
1981370.000000 1999870.000000 1996412.000000 
1960672.000000 2030392.000000 1953868.000000 
1963408.000000 2048990.000000 1950582.000000 
1996024.000000 2013478.000000 1975368.000000 
1996102.000000 1960952.000000 2030808.000000 
1967630.000000 1969906.000000 2016734.000000 

1964216.000000 2064882.000000 1968310.000000 
1955410.000000 2055972.000000 1971074.000000 
1995254.000000 2047964.000000 1958206.000000 
1999138.000000 2056384.000000 1955866.000000 
2022110.000000 2027284.000000 1966664.000000 
1976776.000000 2046400.000000 1980730.000000 
1954088.000000 2049248.000000 1984204.000000 
1942490.000000 2043478.000000 1992022.000000 
1950156.000000 2058122.000000 1985028.000000 
1948592.000000 2059792.000000 1983326.000000 
1952010.000000 1982434.000000 2087270.000000 
1977266.000000 1977848.000000 2026770.000000 
1990338.000000 2023330.000000 1979940.000000 
1980790.000000 1988718.000000 1991982.000000 
1989348.000000 1989220.000000 1991442.000000 
1995002.000000 1986118.000000 2004068.000000 
1985752.000000 1973634.000000 2018950.000000 
1976846.000000 2043976.000000 1964794.000000 
1963944.000000 1969690.000000 2037132.000000 
1970146.000000 2007036.000000 1994140.000000 
1965004.000000 2034146.000000 1981718.000000 
1958980.000000 2055260.000000 1980832.000000 
1975528.000000 2018894.000000 1992562.000000 
1973606.000000 2028674.000000 1986578.000000 
1992884.000000 2017656.000000 1979418.000000 
1944268.000000 2035134.000000 1988888.000000 
2052632.000000 1951914.000000 2016262.000000 
2056440.000000 1941508.000000 2049464.000000 
2056678.000000 1933050.000000 2040238.000000 
2042312.000000 1925774.000000 2059390.000000 
2027934.000000 1922306.000000 2066822.000000 
2019040.000000 1928502.000000 2064278.000000 
2014336.000000 1956492.000000 2019736.000000 
2004196.000000 1952516.000000 2020362.000000 
2009050.000000 1943750.000000 2030778.000000 
1963482.000000 1978770.000000 2059290.000000 
1972280.000000 1968304.000000 2069694.000000 
2005478.000000 2003448.000000 1973616.000000 
2016206.000000 2003080.000000 1975522.000000 
1926648.000000 2042140.000000 2012384.000000 
1926602.000000 2032714.000000 2023994.000000 
1928658.000000 2035362.000000 2015990.000000 
2000730.000000 1941364.000000 2056980.000000 
2007796.000000 1938688.000000 2061394.000000 
1983546.000000 1942682.000000 2054410.000000 
1987712.000000 2025458.000000 1982044.000000 
1993094.000000 1996726.000000 1978034.000000 
1991554.000000 2057920.000000 1948374.000000 
1963724.000000 1981862.000000 2053868.000000 
2007590.000000 2055490.000000 1953006.000000 
2015200.000000 2031534.000000 1948148.000000 
2008044.000000 2100066.000000 1947268.000000 
1976802.000000 2050668.000000 1977530.000000 
1985594.000000 1950948.000000 2050242.000000 
1988148.000000 1961278.000000 2023210.000000 
1973668.000000 1955468.000000 2027584.000000 
1989640.000000 1963320.000000 2017652.000000 
1984868.000000 2029742.000000 1958570.000000 
1933364.000000 2018436.000000 2035760.000000 
1931390.000000 2026506.000000 2034702.000000 
1931262.000000 2029476.000000 2021872.000000 
1931612.000000 2026392.000000 2027012.000000 
1927442.000000 2035728.000000 2016700.000000 
1931656.000000 2031220.000000 1995356.000000 
1945546.000000 2003342.000000 2009566.000000 
1940546.000000 2010680.000000 2020814.000000 
1939328.000000 2020706.000000 2012936.000000 
1989178.000000 2028434.000000 1971188.000000 
1944854.000000 2020522.000000 2012322.000000 
1937282.000000 2015984.000000 2048930.000000 
1995364.000000 2011018.000000 1970500.000000 
1967326.000000 2030278.000000 1994164.000000 
1948900.000000 2009290.000000 1994786.000000 
1946676.000000 2020210.000000 2007928.000000 
1943816.000000 1984236.000000 2015628.000000 
2024562.000000 1967692.000000 2015526.000000 
2004806.000000 1984604.000000 1994288.000000 
2028828.000000 1978718.000000 1981048.000000 
2019982.000000 2028402.000000 1968458.000000 
2035190.000000 2027020.000000 1960126.000000 
2018276.000000 2028702.000000 1947020.000000 
1989274.000000 1939440.000000 2071520.000000 
1997958.000000 1969986.000000 2007232.000000 
1964738.000000 1978000.000000 2022726.000000 
1939060.000000 2012046.000000 2039394.000000 
1995388.000000 2046134.000000 1957460.000000 
2018960.000000 2012638.000000 1969890.000000 
1998588.000000 1983804.000000 2004288.000000 
2010956.000000 1986412.000000 1991478.000000 

2041990.000000 1957848.000000 2092048.000000 
2029268.000000 1962322.000000 2078038.000000 
2089722.000000 1948184.000000 2077082.000000 
2056762.000000 1954828.000000 2042022.000000 
1967498.000000 1986240.000000 2053474.000000 
1957720.000000 2005938.000000 2110484.000000 
1966060.000000 1998004.000000 2099810.000000 
2022192.000000 1965642.000000 2094598.000000 
1957296.000000 2047104.000000 2010672.000000 
2014296.000000 1981580.000000 2021768.000000 
1963318.000000 2009154.000000 1983814.000000 
1973058.000000 1994658.000000 1997970.000000 
1972706.000000 2002916.000000 2003912.000000 
1975446.000000 2008974.000000 1983998.000000 
1974386.000000 1993700.000000 2004928.000000 
1971258.000000 1989366.000000 2021160.000000 
1964452.000000 1998130.000000 2101984.000000 
1963428.000000 2002424.000000 2123766.000000 
1982300.000000 1985640.000000 2094184.000000 
1996722.000000 1980414.000000 2087892.000000 
1990770.000000 1985228.000000 2096124.000000 
2005744.000000 1979808.000000 2048568.000000 
2059684.000000 1951352.000000 2136316.000000 
2064702.000000 1951754.000000 2127756.000000 
2000536.000000 1982264.000000 2044706.000000 
1966852.000000 1963348.000000 2096244.000000 
1995220.000000 1981086.000000 2076452.000000 
1992932.000000 1984184.000000 2086844.000000 
1962316.000000 2042598.000000 2018832.000000 
1959098.000000 2072324.000000 2004248.000000 
2012072.000000 1976858.000000 2023734.000000 
2012426.000000 1966484.000000 2052256.000000 
2009912.000000 2004222.000000 1960404.000000 
1978988.000000 2016914.000000 1951224.000000 
2018468.000000 1962424.000000 2119014.000000 
2038064.000000 1986388.000000 2009070.000000 
2056852.000000 1972864.000000 2017180.000000 
2040502.000000 1966964.000000 2023886.000000 
2039432.000000 1970966.000000 2037840.000000 
1992168.000000 1969532.000000 2094144.000000 
2052040.000000 1970820.000000 2019262.000000 
1958428.000000 2014734.000000 2034294.000000 
1952004.000000 2020432.000000 2043116.000000 
1950318.000000 2032426.000000 2040200.000000 
1945790.000000 2036714.000000 2038548.000000 
1947246.000000 2047350.000000 2037030.000000 
1952348.000000 2050040.000000 2028534.000000 
1956220.000000 2076532.000000 2024732.000000 
2003304.000000 2039246.000000 1942730.000000 
2080330.000000 1965860.000000 2032126.000000 
2057050.000000 1964036.000000 2041676.000000 
2048656.000000 1952800.000000 2071358.000000 
2066526.000000 1951990.000000 2098416.000000 
1996406.000000 1988400.000000 2024384.000000 
2060586.000000 1947926.000000 2127996.000000 
2047028.000000 1956666.000000 2113858.000000 
2025142.000000 1963008.000000 2093490.000000 
2000302.000000 1986846.000000 2002302.000000 
2023584.000000 1963234.000000 2110130.000000 
2031584.000000 1959118.000000 2064240.000000 
2032276.000000 1959308.000000 2060076.000000 

2038372.000000 1939700.000000 2022504.000000 
2043370.000000 1944506.000000 2017018.000000 
2034456.000000 1926436.000000 2066760.000000 
2038310.000000 1930482.000000 2056566.000000 
1988520.000000 1973792.000000 1972024.000000 
1983326.000000 1972946.000000 1978168.000000 
1939486.000000 2026466.000000 1981988.000000 
1960404.000000 2004914.000000 1988128.000000 
1934188.000000 2004492.000000 2012170.000000 
1940652.000000 1990916.000000 2022878.000000 
1955748.000000 1959560.000000 2003630.000000 
1977054.000000 1953836.000000 2034060.000000 
1947554.000000 2019292.000000 1978492.000000 
2006512.000000 1946970.000000 2029730.000000 
2000736.000000 1940016.000000 2050344.000000 
2001912.000000 1938264.000000 2040422.000000 
1948602.000000 2011426.000000 1996680.000000 
1981844.000000 1941194.000000 2058476.000000 
1969802.000000 1955466.000000 1978724.000000 
1985490.000000 1948440.000000 2001228.000000 
1991268.000000 1954972.000000 1987470.000000 
1990174.000000 1954752.000000 1993262.000000 
1963320.000000 1980808.000000 1951904.000000 
1968554.000000 1977556.000000 1952990.000000 
1980960.000000 1988910.000000 1945814.000000 
1947456.000000 1986046.000000 2031428.000000 
1974856.000000 1990102.000000 1932942.000000 
1961528.000000 2027636.000000 1970868.000000 
2026416.000000 1942374.000000 2028900.000000 
2035494.000000 1948132.000000 2027630.000000 
1971670.000000 2028372.000000 1946546.000000 
1934534.000000 1994038.000000 1999574.000000 
2042194.000000 1930230.000000 2046636.000000 
2048744.000000 1925218.000000 2058356.000000 
2046418.000000 1925838.000000 2072146.000000 
2039802.000000 1946256.000000 2000510.000000 
1960718.000000 2024382.000000 1973492.000000 
2018324.000000 1944614.000000 2040228.000000 
2034464.000000 1948408.000000 2011486.000000 
1932008.000000 2100122.000000 1967022.000000 
1962900.000000 1992590.000000 1987122.000000 
1962284.000000 2003190.000000 1961690.000000 
1939036.000000 2070212.000000 1948944.000000 
1944134.000000 2061144.000000 1966184.000000 
1954302.000000 2048750.000000 1967752.000000 
1944100.000000 2043704.000000 1973258.000000 
2024454.000000 1933580.000000 2045048.000000 
2034898.000000 1930300.000000 2059484.000000 
2027462.000000 1931250.000000 2067456.000000 
2045998.000000 1937080.000000 2043580.000000 
1953570.000000 1991874.000000 2014648.000000 
1952546.000000 1981404.000000 2021562.000000 

1943922.000000 2033752.000000 2084434.000000 
1939520.000000 2049992.000000 2065980.000000 
1962800.000000 2020190.000000 1999252.000000 
1993902.000000 1962522.000000 1996676.000000 
1946202.000000 2014430.000000 2038686.000000 
1993360.000000 1989568.000000 2020490.000000 
1981710.000000 1987940.000000 2080116.000000 
1985382.000000 1970766.000000 2086114.000000 
1979206.000000 1973468.000000 2081130.000000 
1990662.000000 1967814.000000 2078676.000000 
1983102.000000 1981150.000000 2043586.000000 
2024826.000000 1948754.000000 2087062.000000 
1984440.000000 1979148.000000 2077280.000000 
1957820.000000 2006346.000000 2037034.000000 
1955468.000000 2012950.000000 2044800.000000 
1957746.000000 2057528.000000 2002490.000000 
1947340.000000 2011310.000000 2075470.000000 
1956568.000000 2001644.000000 2070708.000000 
1978542.000000 2011276.000000 1952040.000000 
1946900.000000 1999094.000000 2089654.000000 
1956126.000000 1989636.000000 2120214.000000 
1997642.000000 1952004.000000 2082966.000000 
2016800.000000 1983052.000000 1984924.000000 
2010404.000000 1977908.000000 1985948.000000 
2005090.000000 1951886.000000 2054490.000000 
1968682.000000 1992654.000000 2085710.000000 
1923454.000000 2045202.000000 2100728.000000 
1931982.000000 2022152.000000 2085640.000000 
1998170.000000 1997282.000000 1966082.000000 
2022488.000000 1961074.000000 2024316.000000 
2008478.000000 1952136.000000 2036390.000000 
1938924.000000 2010796.000000 2101140.000000 
1996498.000000 1991450.000000 1993284.000000 
2001768.000000 2005474.000000 1959070.000000 
1978358.000000 1991640.000000 1984514.000000 
1951176.000000 2038524.000000 2007410.000000 
1957102.000000 2067996.000000 2000290.000000 
1961846.000000 2050114.000000 1990946.000000 
1966452.000000 1995514.000000 1970440.000000 
1979474.000000 1992676.000000 1966868.000000 
2003276.000000 1985080.000000 1985658.000000 

1962550.000000 2029104.000000 1978990.000000 
1935130.000000 2052238.000000 1975162.000000 
1940178.000000 2020740.000000 1986994.000000 
2022292.000000 1945174.000000 2024038.000000 
2018516.000000 1943028.000000 2043652.000000 
1970460.000000 1976992.000000 2035080.000000 
1970732.000000 2016102.000000 1989382.000000 
1973280.000000 2013116.000000 2000172.000000 
2011318.000000 1943714.000000 2062340.000000 
2015486.000000 1940096.000000 2070282.000000 
2007618.000000 1944272.000000 2087862.000000 
1989198.000000 1949644.000000 2064324.000000 
1996296.000000 1948472.000000 2044242.000000 
1975616.000000 1952878.000000 2027762.000000 
1978294.000000 1950180.000000 2021960.000000 
2026868.000000 1999584.000000 1968738.000000 
2053966.000000 2006584.000000 1967824.000000 
2049308.000000 2006648.000000 1966970.000000 
2033154.000000 1938698.000000 2060020.000000 
2038080.000000 1932308.000000 2056150.000000 
1978982.000000 2064896.000000 1965284.000000 
2029974.000000 1924594.000000 2083920.000000 
2036924.000000 1918274.000000 2077514.000000 
2051084.000000 1917690.000000 2071238.000000 
2037606.000000 1919562.000000 2057618.000000 
2044914.000000 1928256.000000 2050490.000000 
1974040.000000 1983032.000000 1998598.000000 
2017926.000000 2024720.000000 1958134.000000 
1999682.000000 2032752.000000 1953728.000000 
2000764.000000 1993352.000000 1978884.000000 
1975724.000000 2034922.000000 1969816.000000 
1989030.000000 2056142.000000 1941086.000000 
1998032.000000 2066434.000000 1938070.000000 
1984608.000000 2049740.000000 1959514.000000 
1999620.000000 2001026.000000 1976448.000000 
2007384.000000 1982342.000000 1979494.000000 
2001716.000000 1948392.000000 2024466.000000 
2008382.000000 1989572.000000 1973660.000000 
1978012.000000 2006960.000000 1996628.000000 
1992536.000000 2055924.000000 1944990.000000 
2012460.000000 2054184.000000 1939638.000000 
1927680.000000 2002770.000000 2033832.000000 
1921528.000000 2008540.000000 2009870.000000 
1932534.000000 2001038.000000 2021434.000000 
1934970.000000 2003964.000000 2003398.000000 
1934138.000000 2024458.000000 1993766.000000 
1933834.000000 2024984.000000 2009760.000000 
2009024.000000 1972148.000000 1992148.000000 
1969264.000000 1990842.000000 2000670.000000 
1966452.000000 1975122.000000 2049764.000000 
1962296.000000 1982232.000000 2055460.000000 
1970388.000000 1966578.000000 2042338.000000 
1973180.000000 1954240.000000 2061256.000000 
1972370.000000 1977756.000000 2031506.000000 
1952132.000000 1991102.000000 2024068.000000 
1953094.000000 1988456.000000 2032266.000000 
1951344.000000 1998818.000000 2026580.000000 
2007188.000000 1966774.000000 2015070.000000 
1965752.000000 2009496.000000 2002280.000000 
2010190.000000 1963144.000000 2012368.000000 
2027006.000000 1967810.000000 2008426.000000 
2023034.000000 1965024.000000 2009986.000000 
1965092.000000 1995820.000000 2021006.000000 
1958406.000000 1997484.000000 2008702.000000 
1997928.000000 2004026.000000 1972764.000000 
1992516.000000 1972332.000000 1982600.000000 
2012700.000000 2006676.000000 1969518.000000 
1972320.000000 1961674.000000 2053284.000000 
1986204.000000 1999330.000000 1984566.000000 
1991832.000000 2043634.000000 1962312.000000 
1978404.000000 2027012.000000 1981008.000000 
1979698.000000 2010096.000000 1966070.000000 
1991944.000000 2021650.000000 1960534.000000 
2026478.000000 2033562.000000 1941154.000000 
2003802.000000 2037308.000000 1942682.000000 
2029006.000000 1938150.000000 2096228.000000 
1968306.000000 2048844.000000 1969656.000000 
1957400.000000 2038460.000000 1971584.000000 
1964984.000000 1984726.000000 2055292.000000 
1961124.000000 1988064.000000 2050256.000000 
1969918.000000 2014378.000000 1996804.000000 
2005198.000000 1967024.000000 2019022.000000 

2008082.000000 2030488.000000 1961892.000000 
1983852.000000 2039342.000000 1957228.000000 
1995412.000000 2050554.000000 1948222.000000 
1969378.000000 1974068.000000 2038720.000000 
2038362.000000 2001940.000000 1964676.000000 
2051798.000000 1995058.000000 1969254.000000 
2039174.000000 1988020.000000 1972834.000000 
2061232.000000 1934766.000000 2013126.000000 
2008214.000000 1924184.000000 2069146.000000 
2000760.000000 1930044.000000 2050578.000000 
1972500.000000 2011050.000000 1982690.000000 
1970884.000000 2032192.000000 1983750.000000 
2008018.000000 1942518.000000 1975636.000000 
2007282.000000 1938330.000000 1976400.000000 
2029796.000000 1935766.000000 2012898.000000 
2018844.000000 1926282.000000 2017902.000000 
2047960.000000 1922920.000000 2050836.000000 
1996190.000000 2038306.000000 1960036.000000 
2025128.000000 1922204.000000 2096714.000000 
2044212.000000 1914052.000000 2103384.000000 
1979960.000000 1980846.000000 2007590.000000 
1977846.000000 1976814.000000 2011158.000000 
1988406.000000 1947350.000000 2034822.000000 
1934690.000000 2044936.000000 2039646.000000 
1932824.000000 2036208.000000 2051746.000000 
1929010.000000 2040332.000000 2060368.000000 
2005692.000000 1940808.000000 2031508.000000 
2008516.000000 1936522.000000 2013260.000000 
1996582.000000 2013804.000000 1963414.000000 
1998952.000000 1945636.000000 1984018.000000 
1987584.000000 1951248.000000 2012272.000000 
1981768.000000 1965574.000000 2005716.000000 
1998216.000000 1946914.000000 2022232.000000 
2012686.000000 2029274.000000 1958350.000000 
1967350.000000 1952338.000000 2065958.000000 
2004440.000000 1940198.000000 2046280.000000 
1952690.000000 2000354.000000 2013472.000000 
2004866.000000 1927850.000000 2053984.000000 
1962162.000000 1974414.000000 2042474.000000 
1957562.000000 1978852.000000 2027614.000000 
1949330.000000 1999606.000000 2026308.000000 
1941342.000000 1993156.000000 2028284.000000 
1935384.000000 1998936.000000 2026652.000000 
1933120.000000 2005288.000000 2051198.000000 
2063106.000000 2022598.000000 1958888.000000 
2053078.000000 2016914.000000 1962240.000000 
1963266.000000 1960776.000000 2064964.000000 
1968634.000000 1961840.000000 2057424.000000 
1974336.000000 1952354.000000 2028374.000000 
1979238.000000 1947842.000000 2043610.000000 
1975096.000000 1947900.000000 2036512.000000 
1972736.000000 1950596.000000 2028782.000000 
1978770.000000 1952258.000000 2027124.000000 
1975698.000000 1943188.000000 2046940.000000 
2041168.000000 2060356.000000 1940860.000000 
2040350.000000 2050018.000000 1949192.000000 
2058278.000000 2047702.000000 1948020.000000 
2003344.000000 2004274.000000 1972060.000000 
2063642.000000 2025912.000000 1956238.000000 
2011334.000000 2008858.000000 1967984.000000 
2030886.000000 2060712.000000 1944972.000000 
2021996.000000 2026746.000000 1961286.000000 
1953604.000000 2028746.000000 2002248.000000 
1951394.000000 2012082.000000 2020046.000000 
1948264.000000 2015918.000000 2018460.000000 
2070976.000000 1931200.000000 2013522.000000 
1992078.000000 2026402.000000 1964336.000000 
1992176.000000 2016060.000000 1970506.000000 
2063932.000000 2017800.000000 1958686.000000 
2028384.000000 2022560.000000 1962212.000000 
1996174.000000 1946484.000000 2028418.000000 
1950526.000000 1981836.000000 2038180.000000 
1960746.000000 1974656.000000 2033228.000000 
1956016.000000 1980142.000000 2023362.000000 
1960378.000000 1976854.000000 2015448.000000 
2039574.000000 2023946.000000 1960262.000000 
2045866.000000 2044796.000000 1954352.000000 
2054298.000000 2030324.000000 1951308.000000 
1996542.000000 1960540.000000 2009032.000000 
1950082.000000 2012782.000000 2022654.000000 
1971856.000000 2040942.000000 1973758.000000 
1973024.000000 2019580.000000 1979244.000000 
1998880.000000 2020302.000000 1962638.000000 
1977126.000000 1984834.000000 1989582.000000 
1965328.000000 2006074.000000 1985184.000000 
1958306.000000 1989658.000000 1986156.000000 
1953126.000000 1985444.000000 2006798.000000 
1990626.000000 1981244.000000 2000152.000000 
1973794.000000 1989178.000000 1998806.000000 
2007718.000000 1935174.000000 2023676.000000 
2008332.000000 1927662.000000 2022794.000000 
2009064.000000 1924490.000000 2020318.000000 
1971620.000000 1953888.000000 2013660.000000 
2038578.000000 2029280.000000 1958114.000000 
1953830.000000 1981324.000000 2072634.000000 
1949482.000000 1988492.000000 2074336.000000 
1993148.000000 1961378.000000 1978076.000000 
1992436.000000 1965008.000000 1973026.000000 
2013098.000000 2006570.000000 1970266.000000 
1991656.000000 1980266.000000 1992644.000000 
2006928.000000 1935512.000000 2030286.000000 
2028552.000000 2008310.000000 1966788.000000 

2023650.000000 2027416.000000 2001946.000000 
2018122.000000 2006210.000000 2007490.000000 
2060082.000000 1999974.000000 2049318.000000 
2075046.000000 1995396.000000 2082252.000000 
2076122.000000 1990342.000000 2066084.000000 
2061030.000000 1999030.000000 2037608.000000 
2023824.000000 2029526.000000 1994336.000000 
1988726.000000 2017928.000000 2004812.000000 
2002388.000000 2019656.000000 2002150.000000 
2024518.000000 2015512.000000 1989856.000000 
2011632.000000 2032946.000000 1998390.000000 
1997488.000000 2011464.000000 2006730.000000 
2056476.000000 1997176.000000 2083516.000000 
2043566.000000 2002386.000000 2058686.000000 
2039402.000000 2001338.000000 2073722.000000 
2004462.000000 2008072.000000 2021248.000000 
2054408.000000 1997588.000000 2075486.000000 
2071264.000000 1988072.000000 2104088.000000 
2024344.000000 2014364.000000 2005552.000000 
1994156.000000 2010130.000000 2019296.000000 
1981162.000000 2026072.000000 2033640.000000 
1981614.000000 2020104.000000 2016028.000000 

1940948.000000 2056828.000000 2008792.000000 
2002080.000000 2055220.000000 1943442.000000 
2001574.000000 2075436.000000 1940970.000000 
1972558.000000 2010526.000000 1981460.000000 
2007616.000000 1959818.000000 2002242.000000 
2007334.000000 1964182.000000 2003770.000000 
1989462.000000 1935216.000000 2071144.000000 
1996790.000000 1930166.000000 2055920.000000 
2021714.000000 1930122.000000 2070958.000000 
1957724.000000 2025550.000000 1971196.000000 
1980414.000000 1966838.000000 2001648.000000 
1984814.000000 1955664.000000 2014954.000000 
1971560.000000 2001374.000000 1989816.000000 
1950112.000000 1986648.000000 2048160.000000 
1950290.000000 1987576.000000 2017704.000000 
2041662.000000 1984912.000000 1964440.000000 
2015030.000000 2003750.000000 1963968.000000 
1992506.000000 2003714.000000 1966374.000000 
2063374.000000 1924966.000000 2075836.000000 
1956112.000000 2001586.000000 1992912.000000 
1973106.000000 1980024.000000 2007608.000000 
1994088.000000 2050602.000000 1947596.000000 
1990606.000000 2067290.000000 1954578.000000 
1933584.000000 2043344.000000 2035052.000000 
1925602.000000 2056700.000000 2037310.000000 
1965520.000000 1955268.000000 2044908.000000 
1946470.000000 1974812.000000 2060088.000000 
1994536.000000 1964916.000000 2004332.000000 
1983424.000000 2001330.000000 1971078.000000 
1977858.000000 1949426.000000 2061822.000000 
2087558.000000 1925632.000000 2067892.000000 
2072192.000000 1924846.000000 2074640.000000 
1932360.000000 2005836.000000 2063642.000000 
1966948.000000 1973304.000000 2015026.000000 
1960956.000000 1977650.000000 2023848.000000 
1972292.000000 1986670.000000 1993862.000000 
1982130.000000 1974218.000000 1999938.000000 
2020264.000000 2010722.000000 1960070.000000 
1976908.000000 2010680.000000 1963070.000000 
1950284.000000 2007390.000000 1997974.000000 
1943370.000000 2009938.000000 1983724.000000 
1938742.000000 2013788.000000 2040140.000000 
1967206.000000 1987274.000000 2010148.000000 
2044226.000000 1937772.000000 2038110.000000 
2042696.000000 1933722.000000 2053048.000000 
1988034.000000 1979522.000000 1997396.000000 
2003406.000000 1979064.000000 1998884.000000 
2017126.000000 2029548.000000 1956064.000000 
2027768.000000 2035128.000000 1950792.000000 
2009454.000000 1971382.000000 1978426.000000 
1937198.000000 2036316.000000 2026798.000000 
1960008.000000 1939386.000000 2067198.000000 
1979142.000000 1946496.000000 2039456.000000 
2059426.000000 2036870.000000 1943798.000000 
2048060.000000 2052452.000000 1946794.000000 
1996654.000000 2000292.000000 1972154.000000 
2029486.000000 1987824.000000 1975480.000000 
1971770.000000 1989420.000000 1994904.000000 
2005206.000000 1921342.000000 2091312.000000 
2019494.000000 1927550.000000 2089442.000000 
1945652.000000 1992132.000000 2022790.000000 
1941296.000000 2040400.000000 1994738.000000 
1968324.000000 1964680.000000 2041794.000000 
1955620.000000 1966664.000000 2034444.000000 
1951166.000000 1976490.000000 2045786.000000 
1957014.000000 1965478.000000 2035420.000000 
1957508.000000 1974708.000000 2032194.000000 
1936442.000000 2000278.000000 2058110.000000 
1937390.000000 1998622.000000 2052146.000000 
1954244.000000 1968180.000000 2058174.000000 
1937042.000000 2036364.000000 2050822.000000 
1966672.000000 2016904.000000 1983586.000000 
2031716.000000 1927294.000000 2078566.000000 
1987124.000000 1981224.000000 1998958.000000 
2000586.000000 1979670.000000 1988534.000000 
1969828.000000 2022650.000000 1980218.000000 
1970932.000000 1991744.000000 1997666.000000 
2049176.000000 1923950.000000 2084390.000000 
2022796.000000 1924914.000000 2079890.000000 
2044728.000000 1917946.000000 2089402.000000 
2056146.000000 2008754.000000 1963264.000000 
1987366.000000 1939876.000000 2021274.000000 
1984946.000000 1948708.000000 2006180.000000 
1984916.000000 1960744.000000 2008508.000000 
1975102.000000 1987320.000000 1992104.000000 
1981930.000000 1982508.000000 1976480.000000 
1977370.000000 2002694.000000 1974478.000000 
1984014.000000 2000252.000000 1975398.000000 
1949628.000000 2025700.000000 1983624.000000 
2070414.000000 2023182.000000 1953644.000000 
1937886.000000 2031888.000000 2040092.000000 
1944878.000000 1993572.000000 2004940.000000 
1942930.000000 2013226.000000 2007636.000000 
1974374.000000 1952914.000000 2065486.000000 
1967442.000000 1968940.000000 2018392.000000 
1940278.000000 2017546.000000 2013822.000000 
1938538.000000 2043896.000000 2009556.000000 
1938148.000000 2039422.000000 2009608.000000 
1972628.000000 2030750.000000 1956184.000000 
2054928.000000 2009096.000000 1961238.000000 
1968750.000000 2000910.000000 1999296.000000 
1970284.000000 1992090.000000 2009928.000000 
1965662.000000 1981992.000000 2012810.000000 
1976086.000000 1965228.000000 2026534.000000 

2021920.000000 1982654.000000 1983100.000000 
2005560.000000 2005918.000000 1990278.000000 
2013998.000000 2024164.000000 1983724.000000 
2024666.000000 1944838.000000 2043456.000000 
2000824.000000 1931768.000000 2050494.000000 
1991162.000000 1970218.000000 2041880.000000 
1999816.000000 2028446.000000 1978446.000000 
2062392.000000 1944100.000000 2037154.000000 
2046178.000000 1951190.000000 2022458.000000 
1988566.000000 2055552.000000 1984528.000000 
1987250.000000 2005702.000000 1998342.000000 
1998490.000000 2035220.000000 1983672.000000 
1965336.000000 2029684.000000 2001838.000000 
1962152.000000 2017422.000000 2017066.000000 
1992794.000000 1944914.000000 2027842.000000 
1966250.000000 1986310.000000 2005000.000000 
1968616.000000 1980804.000000 2019952.000000 
1973734.000000 1977172.000000 2035702.000000 
2019508.000000 2013384.000000 1983558.000000 
2027604.000000 1979396.000000 1976740.000000 
2035272.000000 1985820.000000 1972410.000000 
2050262.000000 1978388.000000 1982372.000000 
2028292.000000 2013966.000000 1974730.000000 
2021480.000000 1989184.000000 1982620.000000 
2019054.000000 2000120.000000 1986542.000000 
2011712.000000 1968590.000000 2002818.000000 
1954332.000000 2025262.000000 2056066.000000 
2010308.000000 1982970.000000 1996552.000000 
2048894.000000 1924306.000000 2043256.000000 
2046260.000000 1929294.000000 2065150.000000 
2014356.000000 1958650.000000 2020256.000000 
2039420.000000 1937522.000000 2038550.000000 
2023644.000000 1943642.000000 2045048.000000 
2017026.000000 1993876.000000 1989402.000000 
2043052.000000 1952772.000000 2017702.000000 
1951388.000000 2007384.000000 2081306.000000 
1995878.000000 2021304.000000 1991792.000000 
2023610.000000 2024128.000000 1969622.000000 
2034492.000000 1958928.000000 2010922.000000 
1984898.000000 2046546.000000 1989426.000000 
1952168.000000 2027572.000000 2071280.000000 
2021784.000000 1988390.000000 1996132.000000 
2050486.000000 1963828.000000 1998350.000000 
2036746.000000 1954108.000000 2002502.000000 
2004020.000000 2022730.000000 1987846.000000 
1968292.000000 1976762.000000 2039912.000000 
1966382.000000 1963262.000000 2047548.000000 
1969992.000000 1960014.000000 2045112.000000 
1976724.000000 1951794.000000 2057222.000000 
2002126.000000 1967324.000000 2013738.000000 
2004360.000000 1981988.000000 2002750.000000 
1951250.000000 2031402.000000 2075778.000000 
1946046.000000 2034522.000000 2064538.000000 
1956678.000000 1982096.000000 2026828.000000 
1977224.000000 2042174.000000 2001260.000000 
1998846.000000 1985114.000000 2019224.000000 
1990010.000000 2027398.000000 1989690.000000 
1993458.000000 1990134.000000 1994330.000000 
1965476.000000 1967530.000000 2093636.000000 
1954848.000000 1985278.000000 2040108.000000 

1987466.000000 1995638.000000 2037630.000000 
2007958.000000 1979906.000000 2061340.000000 
2013310.000000 2051210.000000 1972396.000000 
2036698.000000 2057554.000000 1954630.000000 
2025196.000000 2037098.000000 1955282.000000 
2039518.000000 2051104.000000 1952894.000000 
2041072.000000 2049976.000000 1953602.000000 
2019204.000000 1949306.000000 2084230.000000 
2011196.000000 2027198.000000 1986292.000000 
1996466.000000 2075814.000000 1996936.000000 
1979242.000000 1988996.000000 2063904.000000 
1972750.000000 2001888.000000 2063846.000000 
1997676.000000 1963794.000000 2071608.000000 
1992898.000000 1982628.000000 2066298.000000 
2040482.000000 1944652.000000 2100762.000000 
2046162.000000 1934866.000000 2119986.000000 
2051678.000000 1933192.000000 2115396.000000 
2053996.000000 1940572.000000 2109320.000000 
2006168.000000 1961092.000000 2079384.000000 
2006400.000000 1957036.000000 2081180.000000 
1996334.000000 1965342.000000 2065380.000000 
1990432.000000 1976364.000000 2067378.000000 
1979046.000000 1997462.000000 2041406.000000 
1985770.000000 1996046.000000 2045720.000000 
2023316.000000 2002342.000000 1987152.000000 
2043886.000000 2034104.000000 1975796.000000 
1985102.000000 2001266.000000 2029646.000000 
1987566.000000 1989946.000000 2020436.000000 
1986820.000000 1998776.000000 2019396.000000 
1969304.000000 2065272.000000 2037372.000000 
1956814.000000 2064644.000000 2046916.000000 
1973792.000000 2005304.000000 2037076.000000 
2013332.000000 1999014.000000 2002120.000000 
2004716.000000 1983394.000000 2011708.000000 
1984280.000000 2003420.000000 2015880.000000 
2000670.000000 1989266.000000 2028786.000000 
1970160.000000 2012624.000000 1997798.000000 
1959592.000000 2032094.000000 2053974.000000 
1957620.000000 2037846.000000 2060630.000000 
2058668.000000 1959042.000000 2069800.000000 
1987842.000000 1999264.000000 2015098.000000 
2011316.000000 1974180.000000 2028798.000000 
2002442.000000 2003300.000000 2003102.000000 
2004930.000000 2046364.000000 1992832.000000 
2004074.000000 2058314.000000 1993940.000000 
2008714.000000 2056034.000000 1987834.000000 
2010322.000000 2049364.000000 1982650.000000 
2011194.000000 2044736.000000 1989226.000000 
2000746.000000 1982274.000000 2032512.000000 
1999148.000000 1989332.000000 2005616.000000 
1999106.000000 1989688.000000 2005926.000000 
2012878.000000 1973872.000000 2017296.000000 
2043220.000000 1969196.000000 2037568.000000 
2010354.000000 1975962.000000 2014546.000000 
2027066.000000 1970704.000000 2038134.000000 
2029094.000000 1960926.000000 2046588.000000 
2029782.000000 1973090.000000 2028050.000000 

1975702.000000 2049782.000000 2007176.000000 
1987320.000000 2049896.000000 1989186.000000 
1995412.000000 2047806.000000 1990012.000000 
1987050.000000 2037878.000000 1994796.000000 
1995540.000000 2015590.000000 1982294.000000 
2017712.000000 2011694.000000 1977980.000000 
2047070.000000 2011058.000000 1987156.000000 
2030482.000000 1969918.000000 2055030.000000 
1990942.000000 2026162.000000 1991518.000000 
1978974.000000 2011032.000000 2022220.000000 
2006210.000000 1980544.000000 2037328.000000 
2018060.000000 1980794.000000 2011776.000000 
1988994.000000 1992454.000000 2022216.000000 
2048380.000000 1969216.000000 2042642.000000 
2054290.000000 1965334.000000 2051564.000000 
2037116.000000 1968272.000000 2045112.000000 
2012518.000000 1979648.000000 2078242.000000 
2024098.000000 2050384.000000 1977056.000000 
2054184.000000 2050792.000000 1973366.000000 
1977876.000000 2022292.000000 2050300.000000 
1984198.000000 2043704.000000 1993848.000000 
1977128.000000 2041446.000000 2005068.000000 
2005616.000000 2015200.000000 1998042.000000 
2002014.000000 2015214.000000 1998574.000000 
1974666.000000 2024620.000000 2019944.000000 
1970302.000000 2028308.000000 2025782.000000 
2005222.000000 1989940.000000 2051794.000000 
1979556.000000 1995306.000000 1998890.000000 
2006470.000000 1998650.000000 1996928.000000 
2032772.000000 1970386.000000 2020772.000000 
2010802.000000 2051126.000000 1980708.000000 
2031952.000000 1978866.000000 2045928.000000 
2018510.000000 1979070.000000 2057898.000000 
2007596.000000 2059946.000000 1976304.000000 
2046320.000000 2073372.000000 1971414.000000 

2014610.000000 1963714.000000 2046368.000000 
1985554.000000 2042654.000000 1978954.000000 
1977232.000000 2039464.000000 1983026.000000 
2033764.000000 1980974.000000 1998924.000000 
2000332.000000 2022542.000000 1986138.000000 
1948854.000000 2012018.000000 2038862.000000 
1997988.000000 1952766.000000 2064744.000000 
2006986.000000 1951578.000000 2063880.000000 
2019372.000000 2015566.000000 1975078.000000 
1967344.000000 2026496.000000 1997456.000000 
1960916.000000 2047062.000000 1992772.000000 
1963840.000000 2044586.000000 1988172.000000 
2001876.000000 1972072.000000 2002664.000000 
2002864.000000 1980756.000000 1999552.000000 
1970440.000000 1990770.000000 1997118.000000 
1962094.000000 2024470.000000 2009870.000000 
1990546.000000 2075340.000000 1956148.000000 
1993614.000000 2059620.000000 1948650.000000 
1997512.000000 2036080.000000 1957070.000000 
1996486.000000 2038748.000000 1980920.000000 
2045112.000000 1933718.000000 2079116.000000 
2075900.000000 1949168.000000 2064582.000000 
2050140.000000 1946390.000000 2075534.000000 
2024606.000000 1958188.000000 2049738.000000 
2016808.000000 1959138.000000 2060498.000000 
2023922.000000 1952988.000000 2050028.000000 
1971042.000000 1974634.000000 2040284.000000 
1964016.000000 2003324.000000 2047486.000000 
1942576.000000 2043282.000000 2023254.000000 
1947836.000000 2035288.000000 2001468.000000 
1975804.000000 2037308.000000 1989570.000000 
1990084.000000 2042164.000000 1963558.000000 
2003304.000000 2031932.000000 1968114.000000 
1992658.000000 2022834.000000 1981034.000000 
2002116.000000 2017668.000000 1984054.000000 
2018474.000000 2010144.000000 1990068.000000 
1993320.000000 2049732.000000 1956444.000000 
2002202.000000 2055470.000000 1955654.000000 
1966640.000000 2001506.000000 2049812.000000 
1964042.000000 2007158.000000 2044480.000000 
1966446.000000 2007740.000000 2004142.000000 
2019518.000000 1966386.000000 2041838.000000 
2036754.000000 1965712.000000 2038428.000000 
2020608.000000 1958636.000000 2052152.000000 
1983522.000000 1993102.000000 1992544.000000 
1998292.000000 1985210.000000 1997610.000000 
1986544.000000 2000268.000000 1990338.000000 
1962684.000000 2048662.000000 1981652.000000 
1984540.000000 2057454.000000 1980112.000000 
1942372.000000 2066122.000000 2040824.000000 
1945940.000000 2027486.000000 2002740.000000 

1966394.000000 2051884.000000 2047414.000000 
1975518.000000 1998758.000000 2067774.000000 
1981520.000000 1980750.000000 2080632.000000 
1972498.000000 2037144.000000 2020706.000000 
1967234.000000 2022450.000000 2032306.000000 
2018996.000000 1966904.000000 2058936.000000 
2026488.000000 1955884.000000 2068082.000000 
2035804.000000 1964640.000000 2057270.000000 
1974188.000000 2011670.000000 2030124.000000 
1982302.000000 2005456.000000 2019126.000000 
1993952.000000 2005132.000000 2017958.000000 
2007536.000000 1956660.000000 2065314.000000 
2008980.000000 1946034.000000 2069272.000000 
2034410.000000 1969832.000000 2056628.000000 
2033776.000000 1954636.000000 2063872.000000 
2066978.000000 1945502.000000 2070314.000000 
2049548.000000 1949896.000000 2055710.000000 
2022662.000000 1955082.000000 2069244.000000 
2005472.000000 1957918.000000 2064094.000000 
1993696.000000 1972494.000000 2090132.000000 
1986292.000000 2055330.000000 1972418.000000 
1975090.000000 2001462.000000 2030370.000000 
1978748.000000 1999084.000000 2022336.000000 
1983972.000000 1986880.000000 2019094.000000 
1982012.000000 2013910.000000 2020860.000000 
1993574.000000 2041226.000000 1973592.000000 
1994844.000000 2047920.000000 1970494.000000 
1992508.000000 2052792.000000 1970596.000000 
2003468.000000 2004478.000000 1967262.000000 
2008862.000000 1999220.000000 1961604.000000 
2029766.000000 2001712.000000 1960006.000000 
2038510.000000 2027500.000000 1958496.000000 
2006592.000000 2003588.000000 1967806.000000 
2051418.000000 1954112.000000 2051592.000000 
1964682.000000 2042626.000000 2056648.000000 
1997636.000000 1999222.000000 1993980.000000 
2065768.000000 1942200.000000 2071100.000000 
1997746.000000 2035840.000000 1971734.000000 
1998336.000000 2044220.000000 1958688.000000 
2063732.000000 1935728.000000 2112062.000000 
2056092.000000 1936054.000000 2081618.000000 
2054010.000000 1944640.000000 2077648.000000 
2048996.000000 1957386.000000 2031886.000000 
1997972.000000 1970740.000000 2002872.000000 
2012552.000000 2039518.000000 1953290.000000 
2012348.000000 2057018.000000 1942172.000000 
2013030.000000 2053902.000000 1948464.000000 
1992418.000000 2058180.000000 1966372.000000 
1995552.000000 1979584.000000 2006022.000000 
2021644.000000 1992712.000000 1991190.000000 
2054914.000000 1936674.000000 2128066.000000 
1989646.000000 1962278.000000 2106562.000000 
1987208.000000 1963928.000000 2118382.000000 
2005370.000000 1957544.000000 2100394.000000 
2095062.000000 1983152.000000 1991426.000000 
1979268.000000 1995652.000000 2036024.000000 
2049830.000000 1997820.000000 1970902.000000 
2036508.000000 1994714.000000 1975672.000000 
1971866.000000 1999480.000000 2055034.000000 
1969918.000000 2012832.000000 2044456.000000 
1969580.000000 2024540.000000 2030178.000000 
2070610.000000 1935156.000000 2111852.000000 
1995664.000000 2021274.000000 1994166.000000 
2038700.000000 1978120.000000 1993466.000000 
2071478.000000 1932442.000000 2131590.000000 
2085206.000000 1927172.000000 2120144.000000 
2107794.000000 1922722.000000 2129454.000000 
2134500.000000 1930430.000000 2116340.000000 
1987586.000000 1968424.000000 2090472.000000 
2022992.000000 1992268.000000 1980374.000000 
1975350.000000 2047412.000000 1973876.000000 
1977204.000000 2023462.000000 1976822.000000 
1982890.000000 2008518.000000 2001004.000000 
1979146.000000 1976100.000000 2092816.000000 
1975004.000000 1980152.000000 2094514.000000 
1981740.000000 1992046.000000 2040876.000000 
1985464.000000 1985734.000000 2053170.000000 
1994592.000000 1984754.000000 2045158.000000 
1977260.000000 2019126.000000 2027522.000000 
1970408.000000 2027752.000000 2027102.000000 
2068754.000000 1953714.000000 2055586.000000 
1969982.000000 1998210.000000 2073588.000000 
2070450.000000 1938168.000000 2074162.000000 
2053296.000000 1947274.000000 2061378.000000 
2034804.000000 1944256.000000 2099470.000000 
1998360.000000 2001310.000000 1987400.000000 
1981720.000000 1982360.000000 2056098.000000 
1990340.000000 1977622.000000 2063414.000000 
1980636.000000 1989434.000000 2072884.000000 
1970920.000000 1999866.000000 2052356.000000 
1968868.000000 1984778.000000 2079068.000000 
1978648.000000 1991824.000000 2073878.000000 
1989778.000000 1974664.000000 2084822.000000 
1986286.000000 1968868.000000 2095932.000000 
1987816.000000 1977262.000000 2067348.000000 
1998322.000000 1967986.000000 2085552.000000 

2038810.000000 1948820.000000 2125022.000000 
2027460.000000 1956778.000000 2135844.000000 
2071900.000000 1950350.000000 2124452.000000 
2076384.000000 1948430.000000 2113324.000000 
2085204.000000 1945654.000000 2081120.000000 
2097964.000000 1949822.000000 2065514.000000 
2080640.000000 1952248.000000 2057234.000000 
2085304.000000 1955566.000000 2055462.000000 
2096978.000000 1955512.000000 2047528.000000 
2065396.000000 1956850.000000 2032054.000000 
2058662.000000 1956306.000000 2036012.000000 
2049296.000000 1960176.000000 2029212.000000 
2034814.000000 1961958.000000 2025578.000000 
2043562.000000 1959814.000000 2036368.000000 
1991386.000000 2056838.000000 1985652.000000 
1992272.000000 2059732.000000 1982658.000000 
1985002.000000 2051442.000000 1997008.000000 
2003946.000000 1965322.000000 1957818.000000 
1994608.000000 1972846.000000 1949118.000000 
1981496.000000 1991992.000000 2019066.000000 
1975116.000000 1990224.000000 2027744.000000 
1971438.000000 2005584.000000 2040714.000000 
1970822.000000 2011662.000000 2027362.000000 
1964810.000000 2019196.000000 2040606.000000 
1956342.000000 1998612.000000 2048976.000000 
1981908.000000 1966764.000000 2090454.000000 
1982316.000000 2061962.000000 1991230.000000 
2048618.000000 1956366.000000 2053626.000000 
1991348.000000 1988846.000000 2007662.000000 
1973034.000000 1974330.000000 2071972.000000 
1976528.000000 1985096.000000 2056684.000000 
1996646.000000 1972056.000000 2054468.000000 
1996794.000000 1970512.000000 2046682.000000 
1993798.000000 1978692.000000 2032356.000000 
1970280.000000 2058936.000000 1998078.000000 
1979414.000000 1999090.000000 2000284.000000 
1954168.000000 2032894.000000 2043732.000000 
1991122.000000 1992532.000000 2008080.000000 
1985842.000000 1992992.000000 2003820.000000 
1969632.000000 2022380.000000 2011408.000000 
1962786.000000 2024060.000000 2014744.000000 
1965154.000000 2018352.000000 2037318.000000 
2025432.000000 1962356.000000 2111622.000000 
1974634.000000 2003440.000000 2000376.000000 
1986790.000000 2009646.000000 1986406.000000 
1999528.000000 1963184.000000 2027504.000000 
1956112.000000 2043856.000000 2036574.000000 
1960212.000000 2056502.000000 2001982.000000 
1972462.000000 2015788.000000 2005248.000000 
1978730.000000 1995366.000000 2004768.000000 
1991772.000000 1988080.000000 2003142.000000 

1975580.000000 1938924.000000 2110614.000000 
1978368.000000 1995124.000000 2019782.000000 
1987380.000000 2013750.000000 1997198.000000 
1992406.000000 2009860.000000 2001428.000000 
1961188.000000 2023068.000000 1993588.000000 
1982382.000000 1962240.000000 2008550.000000 
1995572.000000 1981416.000000 2001884.000000 
1998542.000000 2004678.000000 2000328.000000 
1977586.000000 1992332.000000 2038508.000000 
2076898.000000 1958356.000000 2036472.000000 
1967814.000000 2000146.000000 2025496.000000 
1977460.000000 1970790.000000 2053132.000000 
2003498.000000 1941776.000000 2085446.000000 
2008998.000000 1938504.000000 2122440.000000 
2018368.000000 1933684.000000 2096376.000000 
1999534.000000 1952206.000000 2056388.000000 
2027244.000000 2026562.000000 1971018.000000 
2036006.000000 2016578.000000 1973064.000000 
2061232.000000 2023034.000000 1962488.000000 
2053460.000000 2020550.000000 1966438.000000 
2050768.000000 1937066.000000 2075642.000000 
1972506.000000 1972240.000000 2040374.000000 
1988096.000000 2047058.000000 1972948.000000 
1993026.000000 2015828.000000 1980564.000000 
1992594.000000 2027322.000000 1983452.000000 
1958612.000000 2035068.000000 1990616.000000 
1996946.000000 2020102.000000 1972038.000000 
2024064.000000 2043802.000000 1967198.000000 
1950428.000000 1972400.000000 2086996.000000 
2031990.000000 1962218.000000 2032844.000000 
2037666.000000 1954790.000000 2037928.000000 
1935826.000000 2014104.000000 2051800.000000 
1954578.000000 2056848.000000 1985924.000000 
1955658.000000 2077782.000000 1984974.000000 
2042072.000000 1981114.000000 2006042.000000 
2046442.000000 1971734.000000 2000946.000000 
1943112.000000 1998514.000000 2028546.000000 
1938150.000000 2012688.000000 1997980.000000 
1942908.000000 2016064.000000 1994906.000000 
1946568.000000 2024158.000000 1990766.000000 
2010414.000000 1983926.000000 1976770.000000 
2007760.000000 1995144.000000 1992094.000000 
1974378.000000 2004968.000000 2003102.000000 
1965986.000000 2029316.000000 1978072.000000 
2047072.000000 1929724.000000 2080178.000000 
1981722.000000 1958836.000000 2049158.000000 
1964366.000000 1964154.000000 2102328.000000 
1959028.000000 1972372.000000 2095120.000000 
1952216.000000 1965520.000000 2108450.000000 
1947224.000000 1974648.000000 2091430.000000 
1974830.000000 1954816.000000 2105092.000000 
2056114.000000 2039768.000000 1955390.000000 
1963638.000000 1951918.000000 2106316.000000 
1976758.000000 1949768.000000 2096052.000000 
1980624.000000 1955850.000000 2072176.000000 
2038014.000000 1953220.000000 2043564.000000 
1939472.000000 2008900.000000 2065798.000000 
1998370.000000 2032524.000000 1967834.000000 
2000600.000000 2012498.000000 1991290.000000 
1994448.000000 1945450.000000 2091392.000000 
1996340.000000 1942868.000000 2075372.000000 
2022434.000000 1939410.000000 2079376.000000 
2030806.000000 1931078.000000 2077838.000000 
2032884.000000 1905268.000000 2090956.000000 
2033822.000000 1913398.000000 2086458.000000 
2047876.000000 1909856.000000 2090344.000000 
2036074.000000 1940256.000000 2067316.000000 
2015164.000000 1953576.000000 2055608.000000 
1945008.000000 2001852.000000 2003444.000000 
1960708.000000 1996806.000000 2038676.000000 
1999172.000000 1999722.000000 1995266.000000 
1964812.000000 1959452.000000 2091488.000000 
1960832.000000 1970584.000000 2078668.000000 
1939560.000000 1974984.000000 2057074.000000 
1941564.000000 1992430.000000 2054594.000000 
1942574.000000 1994786.000000 2038986.000000 
1990218.000000 1945920.000000 2070844.000000 
1962800.000000 1969022.000000 2055626.000000 
1984540.000000 1948290.000000 2107074.000000 
1968988.000000 1982652.000000 2040034.000000 
1956870.000000 1975908.000000 2041990.000000 
1941924.000000 1993816.000000 2041160.000000 
1962014.000000 1968402.000000 2102542.000000 
1957150.000000 1967644.000000 2106288.000000 
1961326.000000 1955840.000000 2116840.000000 
1966392.000000 1968828.000000 2091010.000000 

1948890.000000 2036860.000000 2038922.000000 
1946848.000000 2020212.000000 2061988.000000 
1939790.000000 2014612.000000 2063292.000000 
2033758.000000 1922178.000000 2104746.000000 
2050912.000000 1916622.000000 2133812.000000 
2063960.000000 1918368.000000 2124566.000000 
1981648.000000 1945036.000000 2044400.000000 
2003068.000000 1943992.000000 2077208.000000 
1967256.000000 1976762.000000 2043562.000000 
2061310.000000 2063992.000000 1937128.000000 
2060256.000000 2050798.000000 1937380.000000 
2028694.000000 2048764.000000 1940234.000000 
2019856.000000 2051118.000000 1960082.000000 
2052328.000000 2047124.000000 1960184.000000 
1983754.000000 2005898.000000 1999312.000000 
1995542.000000 1987932.000000 1997194.000000 
1988938.000000 1962104.000000 2010482.000000 
1991970.000000 1989512.000000 1999436.000000 
1955102.000000 2068382.000000 2004906.000000 
1948718.000000 2061020.000000 2005310.000000 
1970772.000000 2059696.000000 1989388.000000 
1967166.000000 2046284.000000 1998408.000000 
2009662.000000 1997518.000000 1979110.000000 
1952538.000000 2039064.000000 2018070.000000 
2014096.000000 1944494.000000 2067604.000000 
2018598.000000 1941976.000000 2076504.000000 
1960812.000000 1968970.000000 2055162.000000 
1945128.000000 2055298.000000 2014630.000000 
2024792.000000 1952924.000000 2029912.000000 
1938526.000000 2034598.000000 2070684.000000 
1945710.000000 2029288.000000 2043548.000000 
1990120.000000 1993362.000000 1985918.000000 
1985144.000000 2009306.000000 1993834.000000 
2081710.000000 1919830.000000 2113652.000000 
1942046.000000 2051064.000000 2057106.000000 
1937898.000000 2056828.000000 2054972.000000 
1948816.000000 2045292.000000 2032164.000000 
1976916.000000 1965976.000000 2065712.000000 
1988216.000000 2039852.000000 1971398.000000 
1984772.000000 2029894.000000 1983986.000000 
2022546.000000 1976792.000000 2009284.000000 
2041940.000000 1954460.000000 2027632.000000 
1978202.000000 1976032.000000 2022282.000000 
1983554.000000 1969388.000000 2037884.000000 
1999632.000000 1943142.000000 2108318.000000 
2010678.000000 1941146.000000 2105610.000000 
2023822.000000 1935536.000000 2123592.000000 
2019680.000000 1939792.000000 2133486.000000 
1999716.000000 1940646.000000 2112556.000000 
2035096.000000 1938250.000000 2061040.000000 
1984008.000000 2023902.000000 1991850.000000 
1998014.000000 2017020.000000 1960982.000000 
1996070.000000 1979940.000000 1982002.000000 
1943330.000000 2046960.000000 2056566.000000 
1957330.000000 2022616.000000 2013392.000000 
1959046.000000 2009804.000000 2000674.000000 
1969132.000000 2025600.000000 1992238.000000 
1972906.000000 2025774.000000 1990070.000000 
2018120.000000 1949106.000000 2039876.000000 
1978830.000000 1998670.000000 2011130.000000 
2020842.000000 1959266.000000 2031414.000000 
1944430.000000 2040088.000000 2035740.000000 
1944326.000000 2050592.000000 2042580.000000 
1944438.000000 2033226.000000 2044214.000000 
2044200.000000 1925652.000000 2096270.000000 
2061816.000000 1917744.000000 2125336.000000 
2055688.000000 1913726.000000 2127936.000000 
2063174.000000 1928108.000000 2093396.000000 
1942558.000000 2058900.000000 2043916.000000 
2026786.000000 2013342.000000 1974224.000000 
2014468.000000 2009872.000000 1976968.000000 
1954074.000000 1983138.000000 2018962.000000 
1962602.000000 1995456.000000 2012964.000000 
1983826.000000 2070380.000000 1988390.000000 
1952860.000000 2035988.000000 2023672.000000 
1947972.000000 2017550.000000 2041818.000000 
2030604.000000 2011128.000000 1963216.000000 
2017110.000000 1958526.000000 2041338.000000 
1968558.000000 1994794.000000 2017984.000000 
1972128.000000 2001936.000000 2007978.000000 
1972290.000000 1980022.000000 2041872.000000 
1957726.000000 2000848.000000 2010706.000000 
1954448.000000 2047554.000000 2012178.000000 
1947432.000000 2019058.000000 2045232.000000 
1945346.000000 2033032.000000 2056220.000000 
1930580.000000 2058078.000000 2060774.000000 
1949274.000000 1991974.000000 2024996.000000 
1989966.000000 2068798.000000 1961752.000000 
1999154.000000 2064760.000000 1958526.000000 
2000648.000000 2054976.000000 1959094.000000 

1965810.000000 2028580.000000 1989736.000000 
1965388.000000 2039236.000000 1981590.000000 
1983434.000000 1940424.000000 2054212.000000 
1977746.000000 1936356.000000 2070114.000000 
1978428.000000 1950118.000000 2046116.000000 
1954126.000000 1964006.000000 2052696.000000 
1973172.000000 2023040.000000 1968938.000000 
1966808.000000 2027878.000000 1961526.000000 
1984752.000000 2015700.000000 1955682.000000 
1943958.000000 2038952.000000 2031276.000000 
1942930.000000 2028834.000000 2064072.000000 
1977954.000000 2020684.000000 1958578.000000 
2037700.000000 1931572.000000 2109954.000000 
2006916.000000 1934078.000000 2082298.000000 
1979048.000000 1952850.000000 2040900.000000 
1994652.000000 1952754.000000 2026202.000000 
1963506.000000 1955126.000000 2043348.000000 
1991944.000000 2012982.000000 1981130.000000 
1999916.000000 2011336.000000 1976214.000000 
1978976.000000 1955012.000000 2021826.000000 
1970158.000000 1956606.000000 2014936.000000 
1954376.000000 1958132.000000 2005876.000000 
1950524.000000 1972266.000000 1994988.000000 
1946962.000000 1985364.000000 2023310.000000 
1990774.000000 2001612.000000 1981316.000000 
1966718.000000 1953368.000000 2069122.000000 
1972140.000000 1946366.000000 2049118.000000 
1966092.000000 2008126.000000 1981700.000000 
1977252.000000 2017676.000000 1976718.000000 

1950326.000000 1999368.000000 2016810.000000 
1993888.000000 1952122.000000 2032502.000000 
2000856.000000 2036738.000000 1964854.000000 
2023580.000000 2053120.000000 1961032.000000 
1979688.000000 2069708.000000 1966294.000000 
1983096.000000 2069834.000000 1954692.000000 
2024552.000000 1945702.000000 2069530.000000 
1997570.000000 1950012.000000 2054738.000000 
1963366.000000 1968584.000000 2024942.000000 
1995168.000000 2034962.000000 1980878.000000 
1955986.000000 1992804.000000 1988676.000000 
1950616.000000 1979268.000000 1995784.000000 
2049856.000000 1942390.000000 2041990.000000 
2026532.000000 1945200.000000 2038814.000000 
2017386.000000 1950698.000000 2054228.000000 
1975510.000000 1957550.000000 2032484.000000 
1955270.000000 1961594.000000 2055702.000000 
2069300.000000 2057702.000000 1947910.000000 
2029674.000000 1942042.000000 2104032.000000 
1949288.000000 2051414.000000 2007074.000000 
2011954.000000 1947856.000000 2088272.000000 
1976878.000000 1949414.000000 2079010.000000 
1975376.000000 1949808.000000 2070326.000000 
1963746.000000 1953224.000000 2061724.000000 
1943362.000000 1966588.000000 2031454.000000 
1935596.000000 1964786.000000 2050206.000000 
1942498.000000 1964776.000000 2037090.000000 
2013908.000000 1948156.000000 2061206.000000 
2013608.000000 1949820.000000 2062702.000000 
2001724.000000 1949712.000000 2070722.000000 
1935892.000000 2011596.000000 2027034.000000 
1939598.000000 1985296.000000 2033426.000000 
1929446.000000 1980688.000000 2034158.000000 
1944572.000000 1977260.000000 2019942.000000 
1939920.000000 1989624.000000 2026888.000000 
1968412.000000 1965190.000000 2029644.000000 
2060922.000000 2062842.000000 1952684.000000 
2046206.000000 2062184.000000 1958842.000000 
2046140.000000 2062720.000000 1956834.000000 
2049374.000000 2070150.000000 1949494.000000 
2068384.000000 2064610.000000 1946494.000000 
2050794.000000 2086558.000000 1944178.000000 
1927756.000000 2009274.000000 2044568.000000 
1920770.000000 2016124.000000 2035494.000000 
1940504.000000 1965776.000000 2040710.000000 
2053386.000000 1940036.000000 2065476.000000 
1976962.000000 1963086.000000 2018744.000000 
1973226.000000 1952242.000000 2045516.000000 
1978922.000000 1973070.000000 2015048.000000 
1994196.000000 2007444.000000 1983964.000000 
1995416.000000 2021018.000000 1969942.000000 
1988390.000000 2035874.000000 1978398.000000 
1991592.000000 2041528.000000 1970512.000000 
1996996.000000 1966006.000000 2010314.000000 
2001264.000000 1994330.000000 1974862.000000 
2010874.000000 2005798.000000 1964228.000000 
1986866.000000 2015180.000000 1987476.000000 
1974864.000000 1975988.000000 2004186.000000 
1987668.000000 2008814.000000 1983080.000000 
1961682.000000 1959246.000000 2063464.000000 
1993554.000000 2041564.000000 1970330.000000 

2023232.000000 1977588.000000 2023526.000000 
2043240.000000 1977278.000000 2021014.000000 
2043644.000000 1978236.000000 2014490.000000 
2013444.000000 2002296.000000 1984914.000000 
1964308.000000 2011070.000000 2050574.000000 
1962946.000000 1992858.000000 2064356.000000 
1964136.000000 2002712.000000 2064346.000000 
2039124.000000 1983320.000000 2003158.000000 
1968940.000000 2013178.000000 2024236.000000 
1968172.000000 2019868.000000 2021248.000000 
2031270.000000 1959156.000000 2047050.000000 
2028452.000000 1951374.000000 2066860.000000 
2022652.000000 1963518.000000 2045668.000000 
1967916.000000 1991200.000000 2056838.000000 
2062434.000000 1939950.000000 2116544.000000 
2063466.000000 1943058.000000 2111086.000000 
2037408.000000 1980516.000000 2021460.000000 
2044300.000000 1993884.000000 1986224.000000 
1973048.000000 2020190.000000 1991640.000000 
1981638.000000 2010558.000000 2010908.000000 
1976378.000000 2011152.000000 2027016.000000 
1978492.000000 2013156.000000 2020674.000000 
2050862.000000 1975772.000000 1995242.000000 
2008510.000000 2006498.000000 1992298.000000 
2059460.000000 1948734.000000 2081664.000000 
2009236.000000 1984018.000000 2027136.000000 
2000710.000000 2009514.000000 1995484.000000 
2026542.000000 1997808.000000 1987320.000000 
1969352.000000 2046448.000000 1990914.000000 
1982028.000000 2001618.000000 2047440.000000 
2057636.000000 1950314.000000 2050444.000000 
2051484.000000 1943974.000000 2107646.000000 
2056576.000000 1944492.000000 2104358.000000 
1958148.000000 2018200.000000 2029254.000000 
1972102.000000 2003274.000000 2029054.000000 
1987752.000000 2015316.000000 1975706.000000 
2037422.000000 1979758.000000 2006616.000000 
2050440.000000 1955882.000000 2045500.000000 
2049020.000000 1955256.000000 2053556.000000 
2037912.000000 1961716.000000 2031736.000000 
2039030.000000 1958586.000000 2030614.000000 
2038208.000000 1964912.000000 2027038.000000 
2060006.000000 1944376.000000 2064622.000000 
2063958.000000 1945304.000000 2055328.000000 
2045250.000000 1956020.000000 2045556.000000 
2019920.000000 1971280.000000 2046400.000000 
1994756.000000 1986364.000000 2045216.000000 
2014150.000000 1988292.000000 2010028.000000 
1995472.000000 2003040.000000 1997862.000000 
1993236.000000 2011318.000000 1990954.000000 
1988902.000000 2011372.000000 1983552.000000 
2020816.000000 2043242.000000 1959726.000000 
2016374.000000 2056578.000000 1962046.000000 
2025422.000000 2035870.000000 1966366.000000 
2022882.000000 1987674.000000 2023332.000000 
1981360.000000 2065326.000000 1982470.000000 
2022244.000000 2035246.000000 1974454.000000 
1965942.000000 2003994.000000 2041704.000000 
2043484.000000 1951674.000000 2063706.000000 
2016414.000000 1996384.000000 1992124.000000 
2050428.000000 1990138.000000 1986324.000000 
2076512.000000 1945274.000000 2050958.000000 
2030214.000000 1968970.000000 2035240.000000 
2028222.000000 1995198.000000 1980404.000000 
2077976.000000 1924748.000000 2089924.000000 
2075776.000000 1925632.000000 2096694.000000 
2077450.000000 1927198.000000 2078936.000000 
2070452.000000 1934078.000000 2059650.000000 
2079208.000000 1937588.000000 2056332.000000 
2011010.000000 1967390.000000 2065296.000000 
2060898.000000 1971968.000000 2016710.000000 
2022288.000000 1964816.000000 2078730.000000 
2035650.000000 1983862.000000 2022656.000000 
2011938.000000 1990660.000000 1997204.000000 
2003870.000000 1996960.000000 2002766.000000 
2030774.000000 2025288.000000 1974750.000000 
2051588.000000 1967210.000000 2022074.000000 
2045712.000000 1966598.000000 2025120.000000 
2036482.000000 1980924.000000 2013866.000000 
2027544.000000 1989556.000000 1989840.000000 
2049160.000000 1980680.000000 2002568.000000 
2031874.000000 1987404.000000 2012028.000000 
1998236.000000 2054512.000000 1973966.000000 
2005388.000000 2044528.000000 1965154.000000 
2002648.000000 2046394.000000 1971466.000000 
1985636.000000 1987826.000000 2015104.000000 
1994954.000000 1980520.000000 2027634.000000 
1999478.000000 1977572.000000 2044996.000000 
2014836.000000 1975320.000000 2063404.000000 
2014244.000000 1995520.000000 1996150.000000 
1982844.000000 2000528.000000 2027660.000000 
2015334.000000 1971806.000000 2032190.000000 
1968070.000000 2023796.000000 2029248.000000 

1985140.000000 1968120.000000 2047978.000000 
1999162.000000 2034482.000000 1988372.000000 
2005622.000000 1986538.000000 2023340.000000 
1985016.000000 1973176.000000 2028858.000000 
2039242.000000 1939198.000000 2104144.000000 
2013944.000000 1955002.000000 2041796.000000 
1998640.000000 1947488.000000 2066384.000000 
2000036.000000 1967030.000000 2027686.000000 
1966908.000000 1963752.000000 2062306.000000 
1975564.000000 1969184.000000 2046086.000000 
1976460.000000 2005726.000000 2016538.000000 
2016828.000000 1960996.000000 2033202.000000 
1997728.000000 2037818.000000 1980706.000000 
2006326.000000 2029066.000000 1994624.000000 
1991062.000000 2025336.000000 1996410.000000 
1984842.000000 2007522.000000 1997442.000000 
1982212.000000 1997756.000000 2000522.000000 
1989786.000000 1981144.000000 2025644.000000 
2017856.000000 1989978.000000 2016120.000000 
1970816.000000 1995190.000000 2024610.000000 
1998232.000000 1990016.000000 2011130.000000 
1992044.000000 1954666.000000 2066086.000000 
1986366.000000 1989608.000000 2018160.000000 
1990814.000000 2038688.000000 1991400.000000 
1957042.000000 1965818.000000 2074372.000000 
2005022.000000 1997512.000000 1995062.000000 
1979500.000000 2011328.000000 2011762.000000 
2000846.000000 1965792.000000 2043538.000000 
2012794.000000 1959010.000000 2058834.000000 
1983202.000000 1963806.000000 2056954.000000 
1995694.000000 2040670.000000 1991196.000000 
2018714.000000 1952802.000000 2045364.000000 
2001154.000000 1945288.000000 2068824.000000 
1989364.000000 1957778.000000 2086606.000000 
2005462.000000 1960056.000000 2035404.000000 
2027614.000000 1947264.000000 2059102.000000 
2033940.000000 1952544.000000 2056760.000000 
1973176.000000 2029756.000000 2015026.000000 
1992832.000000 1992564.000000 2010140.000000 
1975394.000000 2004800.000000 2022726.000000 
1963928.000000 1982012.000000 2035700.000000 
1955606.000000 1971674.000000 2036232.000000 
1958130.000000 1987944.000000 2025540.000000 
1986446.000000 1966482.000000 2037000.000000 
2010472.000000 1978558.000000 2026420.000000 
1993952.000000 1987844.000000 2022492.000000 
1992796.000000 1993896.000000 2001446.000000 
2006294.000000 1965400.000000 2028672.000000 
2016162.000000 1980704.000000 2017622.000000 
1993618.000000 1960158.000000 2057734.000000 
1990516.000000 1962234.000000 2054958.000000 
2001108.000000 1988184.000000 2019790.000000 
1995990.000000 1991068.000000 2017398.000000 
2003376.000000 1966642.000000 2036260.000000 
2009054.000000 1959584.000000 2044034.000000 
2011124.000000 1963324.000000 2032312.000000 
2002192.000000 1989598.000000 2019030.000000 

1942432.000000 1979826.000000 2048236.000000 
1941658.000000 1985294.000000 2046070.000000 
1964716.000000 2045838.000000 1972768.000000 
1965612.000000 2052936.000000 1970866.000000 
1996330.000000 1983268.000000 1995598.000000 
1982328.000000 2032624.000000 1968066.000000 
1965182.000000 1997758.000000 2021092.000000 
1973816.000000 2014576.000000 1991776.000000 
1982214.000000 2011148.000000 1980714.000000 
1967536.000000 1987194.000000 2006804.000000 
1974876.000000 1999642.000000 1991418.000000 
2023690.000000 2032082.000000 1957246.000000 
2033126.000000 2024312.000000 1960484.000000 
1935138.000000 2035468.000000 2074358.000000 
1927366.000000 2022740.000000 2078642.000000 
1927722.000000 2051008.000000 2030176.000000 
1967656.000000 1986944.000000 2018980.000000 
1936388.000000 1989614.000000 2028058.000000 
1936488.000000 1989394.000000 2041246.000000 
2016082.000000 2070478.000000 1936296.000000 
1998862.000000 1954326.000000 2053664.000000 
1955130.000000 2013074.000000 2020260.000000 
1996668.000000 2011400.000000 1975118.000000 
1972368.000000 1956728.000000 2031848.000000 
1996298.000000 1959690.000000 2015554.000000 
1980924.000000 1965812.000000 2013928.000000 
1971546.000000 1974018.000000 2001388.000000 
1997982.000000 1949258.000000 2124654.000000 
1985454.000000 1951096.000000 2097982.000000 
1929352.000000 2035570.000000 2018038.000000 
1979824.000000 2099232.000000 1967406.000000 
1951356.000000 2012712.000000 2025204.000000 
2082558.000000 1957844.000000 2028378.000000 
1997962.000000 2006858.000000 1967646.000000 
2008742.000000 2006738.000000 1971434.000000 
1986772.000000 1955362.000000 2083056.000000 
1984832.000000 2051420.000000 1957998.000000 
2001278.000000 2064398.000000 1950420.000000 
2007082.000000 1981002.000000 1999896.000000 
1979030.000000 1956250.000000 2088434.000000 
1918472.000000 2095230.000000 2048872.000000 
1920458.000000 2080014.000000 2030264.000000 
1967652.000000 2012454.000000 1996922.000000 
2045842.000000 1933374.000000 2071232.000000 
2051346.000000 1925084.000000 2092018.000000 
2049586.000000 1931190.000000 2094532.000000 
1990150.000000 2032948.000000 1951888.000000 
1951392.000000 1985866.000000 2027440.000000 
1942182.000000 2015890.000000 1981720.000000 
1936876.000000 2030198.000000 2002176.000000 
1977794.000000 1998478.000000 1980952.000000 
1994092.000000 1994572.000000 1984188.000000 
2041710.000000 2004698.000000 1958368.000000 
2012886.000000 2002392.000000 1970000.000000 
1992998.000000 1998268.000000 1985398.000000 
1999626.000000 1991938.000000 1983834.000000 
2009036.000000 1979214.000000 1986460.000000 
1928234.000000 2041078.000000 2041198.000000 
1922676.000000 2057268.000000 2046642.000000 
1922460.000000 2055398.000000 2056424.000000 
2033350.000000 1981028.000000 1980112.000000 
1962152.000000 2009580.000000 2013518.000000 
2032714.000000 2019664.000000 1963300.000000 
2015534.000000 2042138.000000 1947680.000000 
2017958.000000 2038248.000000 1951674.000000 
2017494.000000 2054542.000000 1934682.000000 
2018436.000000 2047666.000000 1929312.000000 
1989112.000000 2028496.000000 1979742.000000 
1957010.000000 1963914.000000 2062356.000000 
1944692.000000 1972004.000000 2038168.000000 
2009896.000000 1945466.000000 2032100.000000 
2010218.000000 1939208.000000 2033446.000000 
2027660.000000 1975966.000000 1988602.000000 
2008940.000000 1981460.000000 1970056.000000 
2003636.000000 1983596.000000 1981598.000000 
2066698.000000 2001730.000000 1968518.000000 
1991170.000000 2019654.000000 1970142.000000 
1988802.000000 2037008.000000 1967560.000000 
1983890.000000 1983744.000000 1993272.000000 
1939602.000000 2020480.000000 2019190.000000 
2047486.000000 2034588.000000 1950522.000000 

2010286.000000 1941894.000000 2091496.000000 
1938744.000000 2034630.000000 2044296.000000 
1945388.000000 2012032.000000 2022984.000000 
1944706.000000 2013830.000000 2017700.000000 
1939784.000000 2026676.000000 2002102.000000 
1947754.000000 1991300.000000 2005196.000000 
1945654.000000 1978404.000000 2019062.000000 
1975528.000000 2040554.000000 1973490.000000 
1994718.000000 2060332.000000 1969798.000000 
2012566.000000 2053290.000000 1963880.000000 
2008978.000000 2029380.000000 1963988.000000 
2003208.000000 2018680.000000 1968812.000000 
2018006.000000 2027860.000000 1967606.000000 
2020858.000000 2014474.000000 1959922.000000 
2058068.000000 2012106.000000 1992080.000000 
2017896.000000 1980322.000000 2001036.000000 
2011916.000000 1980910.000000 1994972.000000 
2016068.000000 1949600.000000 2066534.000000 
2013850.000000 1947850.000000 2071756.000000 
2024076.000000 1934528.000000 2061790.000000 
1967758.000000 1965832.000000 2002504.000000 
2014828.000000 1940150.000000 2080502.000000 
1943230.000000 2026090.000000 2046814.000000 
2017222.000000 1930798.000000 2107074.000000 
2001050.000000 1951096.000000 2052344.000000 
2008496.000000 1950512.000000 2065700.000000 
2015274.000000 1932362.000000 2075742.000000 
1950034.000000 2025698.000000 1991262.000000 
1972338.000000 2019854.000000 1980826.000000 
1975216.000000 2014636.000000 1983826.000000 
1971690.000000 2015318.000000 2001500.000000 
1971438.000000 2066772.000000 1969818.000000 
1975198.000000 2078188.000000 1964838.000000 
1966658.000000 1974634.000000 2033282.000000 
2025040.000000 2008698.000000 1992966.000000 
2020658.000000 2015646.000000 1983508.000000 
2074264.000000 1993136.000000 1989986.000000 
2069452.000000 2002666.000000 1993794.000000 
2046172.000000 2013024.000000 1974080.000000 
2010950.000000 1947644.000000 2073784.000000 
1999856.000000 1961432.000000 2080338.000000 
2019902.000000 1963530.000000 2023872.000000 
2003096.000000 1965710.000000 2023140.000000 
2067722.000000 1916548.000000 2110778.000000 
2024872.000000 1927424.000000 2071094.000000 
2022266.000000 1927840.000000 2071812.000000 
1998392.000000 2000414.000000 2000138.000000 
2010872.000000 2005344.000000 1994240.000000 
1998604.000000 2012470.000000 1997790.000000 
2062816.000000 1927366.000000 2099844.000000 
2043922.000000 1929396.000000 2054284.000000 
2042748.000000 1937418.000000 2059534.000000 
2032798.000000 1956496.000000 2027406.000000 
1976246.000000 2012936.000000 1987542.000000 
2017162.000000 1945958.000000 2030574.000000 
2032718.000000 1961072.000000 2029330.000000 

2036814.000000 1949698.000000 2038214.000000 
2045130.000000 1943826.000000 2030276.000000 
2037312.000000 1944948.000000 2040184.000000 
1977658.000000 2006754.000000 2005576.000000 
2003820.000000 2009294.000000 1963508.000000 
2001358.000000 2015428.000000 1963430.000000 
1997264.000000 2010366.000000 1964246.000000 
1989768.000000 2018378.000000 1969298.000000 
1985694.000000 1984106.000000 1994196.000000 
1995454.000000 1955150.000000 2039682.000000 
1986396.000000 1978956.000000 2015406.000000 
2016402.000000 1941182.000000 2113122.000000 
1949316.000000 1990802.000000 2064304.000000 
1947064.000000 2006600.000000 2069326.000000 
1969906.000000 1951088.000000 2044342.000000 
1948932.000000 2033480.000000 1997498.000000 
1956464.000000 2033066.000000 1986792.000000 
1965530.000000 2018058.000000 1992498.000000 
1963908.000000 2014138.000000 2006060.000000 
1924530.000000 2033808.000000 2075434.000000 
1973252.000000 2004980.000000 2007938.000000 
1969986.000000 2006974.000000 2013654.000000 
1962884.000000 2002008.000000 2019282.000000 
1957596.000000 2012334.000000 2009122.000000 
1956158.000000 2016346.000000 1992802.000000 
1968518.000000 2010124.000000 2013302.000000 
1971464.000000 1950946.000000 2051718.000000 
2021350.000000 1952556.000000 2030618.000000 
2016790.000000 1982278.000000 2013064.000000 
1997792.000000 1952978.000000 2019798.000000 
1975322.000000 1947952.000000 2046898.000000 
1957012.000000 1956510.000000 2023178.000000 
1935554.000000 2013352.000000 2046564.000000 
1943472.000000 2013842.000000 2022968.000000 
1941976.000000 2023700.000000 2036322.000000 
1995656.000000 2006510.000000 1968144.000000 
1982422.000000 2004490.000000 1975096.000000 
1972396.000000 2013028.000000 1973632.000000 
2012614.000000 1983316.000000 2004006.000000 
1971070.000000 2014664.000000 1984680.000000 
1959424.000000 2025390.000000 1979784.000000 
1967608.000000 2066550.000000 1956928.000000 
2009444.000000 2069660.000000 1950336.000000 
1986336.000000 2070182.000000 1949740.000000 
1974770.000000 2049052.000000 1955596.000000 
1967982.000000 2063928.000000 1952308.000000 
1980430.000000 2084244.000000 1950726.000000 
1961386.000000 2020992.000000 1976952.000000 
1958754.000000 2030474.000000 1968676.000000 
1952172.000000 2043178.000000 1960004.000000 
1950268.000000 2074860.000000 1980904.000000 
1944890.000000 2067766.000000 1986142.000000 
1949510.000000 2080732.000000 1977974.000000 
1937862.000000 2062090.000000 2038252.000000 
1932348.000000 2048724.000000 2059184.000000 
1965322.000000 1994852.000000 2013804.000000 
1949590.000000 2018838.000000 2000292.000000 
1948174.000000 2057614.000000 2011002.000000 
1967946.000000 1954166.000000 2079752.000000 
2028306.000000 1939486.000000 2086586.000000 
2001788.000000 1946632.000000 2038360.000000 
2061794.000000 1943062.000000 2044932.000000 
2029754.000000 1945584.000000 2080628.000000 
2049044.000000 1943768.000000 2076706.000000 
1997446.000000 1986630.000000 1983342.000000 
2039244.000000 2059906.000000 1954010.000000 
2020130.000000 1946504.000000 2081306.000000 
1945250.000000 2006700.000000 2037632.000000 

2048746.000000 1969114.000000 1993166.000000 
2037762.000000 1979636.000000 1999284.000000 
1942330.000000 2051856.000000 1989902.000000 
2005652.000000 1966476.000000 2023818.000000 
2005954.000000 1965902.000000 2022104.000000 
1995174.000000 1970566.000000 2021196.000000 
2014746.000000 1948762.000000 2006596.000000 
2027148.000000 1933338.000000 2035910.000000 
2013618.000000 1930200.000000 2036848.000000 
1964586.000000 1980914.000000 1948334.000000 
1970760.000000 1989974.000000 1945270.000000 
1990784.000000 2011764.000000 1942330.000000 
1990140.000000 2015834.000000 1942302.000000 
1990562.000000 2021434.000000 1940782.000000 
1965530.000000 1972198.000000 2019666.000000 
1961306.000000 1976456.000000 2007198.000000 
1957064.000000 1982410.000000 2030906.000000 
1978346.000000 2057056.000000 1944328.000000 
1982926.000000 2061456.000000 1934224.000000 
1956978.000000 2003706.000000 1969002.000000 
1955644.000000 2010064.000000 1992078.000000 
2027420.000000 2049394.000000 1927094.000000 
1962666.000000 2035072.000000 1961150.000000 
2009264.000000 1963434.000000 2041348.000000 
1954002.000000 2051474.000000 1944992.000000 
2008410.000000 1941394.000000 2054922.000000 
2001394.000000 1946534.000000 2058084.000000 
2011850.000000 1952376.000000 2015298.000000 
2010982.000000 1944634.000000 2022442.000000 
2014106.000000 1935622.000000 2030894.000000 
1949972.000000 2022766.000000 1976206.000000 
1982818.000000 2012844.000000 1944100.000000 
2014182.000000 1950066.000000 2021864.000000 
1978608.000000 2031254.000000 1937994.000000 
1985572.000000 2026646.000000 1937516.000000 
1986682.000000 1969926.000000 2069770.000000 
2008678.000000 1965424.000000 2046396.000000 
2003854.000000 2027462.000000 1935966.000000 
1998020.000000 2033784.000000 1934540.000000 
2004250.000000 2078034.000000 1926226.000000 
1976666.000000 2065410.000000 1929776.000000 
2011310.000000 2014706.000000 1935168.000000 
2017506.000000 2027790.000000 1929448.000000 
1988644.000000 2039252.000000 1927890.000000 
1972696.000000 2064532.000000 1940080.000000 
2004802.000000 1968928.000000 2002750.000000 
1982406.000000 1974188.000000 2018332.000000 
1950476.000000 2015816.000000 2006128.000000 
1946684.000000 1989992.000000 2008608.000000 
2002796.000000 1969140.000000 2051418.000000 
2007598.000000 1957962.000000 2054242.000000 
1948522.000000 2026264.000000 2000228.000000 

1973122.000000 1999134.000000 2000132.000000 
1952538.000000 2000698.000000 2065860.000000 
1975006.000000 1988946.000000 2061078.000000 
1933086.000000 2027754.000000 1983208.000000 
1964674.000000 2042960.000000 1966676.000000 
1953862.000000 2019958.000000 1991906.000000 
1964514.000000 2020070.000000 1978158.000000 
1997010.000000 1980102.000000 2014466.000000 
1948850.000000 2009506.000000 2007448.000000 
1947304.000000 2003784.000000 2028840.000000 
1931794.000000 2042954.000000 2011024.000000 
1985536.000000 1985380.000000 2003432.000000 
1964272.000000 1992976.000000 2014598.000000 
1999468.000000 1979232.000000 2011796.000000 
1958420.000000 1999176.000000 2032104.000000 
1953878.000000 2003646.000000 2033220.000000 
1944188.000000 2001692.000000 2037920.000000 
1948042.000000 2023122.000000 1973336.000000 
1947378.000000 2032866.000000 1977790.000000 
1961714.000000 2017292.000000 1994132.000000 
1973256.000000 1989870.000000 2037450.000000 
1939676.000000 2019168.000000 2004582.000000 
2016652.000000 1965248.000000 2054572.000000 
1993388.000000 1977372.000000 2028868.000000 
2008608.000000 1975898.000000 2028294.000000 
1997056.000000 1971144.000000 2043104.000000 
1927088.000000 2009762.000000 2017010.000000 
1959818.000000 1997358.000000 2046876.000000 
1975916.000000 1988174.000000 2026312.000000 
1965880.000000 1991820.000000 2008242.000000 
1963584.000000 1994978.000000 2013560.000000 
1981076.000000 1982696.000000 2052546.000000 
1974916.000000 1999348.000000 1988880.000000 
1973102.000000 2010522.000000 1988824.000000 
1980236.000000 1985128.000000 2019670.000000 
1986080.000000 1978646.000000 2023350.000000 
1987976.000000 1987420.000000 2001048.000000 
1953912.000000 2000116.000000 2053926.000000 
1971222.000000 2012414.000000 1988406.000000 
1981212.000000 1983818.000000 2011624.000000 
1982862.000000 2016408.000000 1984626.000000 
1938670.000000 2010692.000000 2015644.000000 
1962844.000000 1997508.000000 2043706.000000 
1965388.000000 2002918.000000 1993568.000000 
1967884.000000 2013678.000000 1990564.000000 
1936632.000000 2006092.000000 2049992.000000 
1943052.000000 2005150.000000 2017828.000000 
1970072.000000 1989538.000000 2042232.000000 
1955714.000000 2020342.000000 1985896.000000 
1981564.000000 1998874.000000 2007234.000000 
1960374.000000 2001608.000000 2000742.000000 
1961920.000000 1998916.000000 2022406.000000 
1997516.000000 1974188.000000 2034792.000000 

2007354.000000 1992480.000000 1977994.000000 
1999024.000000 1977624.000000 2005324.000000 
1950160.000000 1979652.000000 2005768.000000 
1957734.000000 1965826.000000 2021422.000000 
1964928.000000 1997744.000000 1996432.000000 
1981676.000000 2027086.000000 1972754.000000 
1961946.000000 2015994.000000 1986686.000000 
1953088.000000 2032608.000000 1972212.000000 
2033212.000000 1926818.000000 2047474.000000 
1972886.000000 2083990.000000 1964764.000000 
2047732.000000 1921990.000000 2071032.000000 
2041166.000000 1923114.000000 2060736.000000 
2021672.000000 1942190.000000 2035458.000000 
1983256.000000 1963176.000000 2029122.000000 
2014384.000000 1986512.000000 1994880.000000 
1997484.000000 2014098.000000 1973084.000000 
1933390.000000 2007424.000000 2021754.000000 
1970852.000000 2010874.000000 1994858.000000 
1992514.000000 1988210.000000 1978092.000000 
1980994.000000 1986640.000000 1979342.000000 
1986566.000000 1993410.000000 1974848.000000 
2011806.000000 1933738.000000 2044200.000000 
2009240.000000 1953938.000000 2055472.000000 
1984844.000000 2019818.000000 1963002.000000 
2038362.000000 1975856.000000 2007230.000000 
2014218.000000 1951618.000000 2023216.000000 
1981594.000000 1960222.000000 2031438.000000 
2010866.000000 1952816.000000 2035052.000000 
1986952.000000 1958030.000000 2050434.000000 
1947694.000000 2051118.000000 1989292.000000 
1943302.000000 2047194.000000 1996034.000000 
1975422.000000 1980170.000000 1995858.000000 
2019474.000000 1946536.000000 2036102.000000 
1996946.000000 1953138.000000 2067144.000000 
1982916.000000 2048360.000000 1933794.000000 
1983958.000000 2030458.000000 1943468.000000 
2004440.000000 2025024.000000 1953672.000000 
1985868.000000 2015300.000000 1966434.000000 
1973796.000000 2057642.000000 1951200.000000 
1961802.000000 2014292.000000 1997950.000000 
1958740.000000 1995086.000000 2004264.000000 
2030560.000000 1928646.000000 2043244.000000 
2015914.000000 1932382.000000 2044406.000000 
1980242.000000 2029814.000000 1970198.000000 
2011550.000000 2047974.000000 1938268.000000 
1990766.000000 2050888.000000 1922894.000000 
1996420.000000 2046006.000000 1942058.000000 
1986978.000000 2025032.000000 1954632.000000 
1982114.000000 2030318.000000 1954452.000000 
1994878.000000 1956900.000000 2064280.000000 
1974488.000000 2048916.000000 1956882.000000 
1979440.000000 2036952.000000 1959028.000000 
1937394.000000 2020368.000000 2009268.000000 
1942148.000000 1996186.000000 2000288.000000 
1948330.000000 2029580.000000 2000174.000000 
1949122.000000 2025650.000000 1980482.000000 
1957566.000000 2023932.000000 1993110.000000 
2017072.000000 1967604.000000 2019428.000000 
2012518.000000 2039596.000000 1936860.000000 
2020674.000000 2027770.000000 1948960.000000 
2008774.000000 2023316.000000 1958026.000000 
2006212.000000 1948146.000000 2080164.000000 
1969818.000000 2027464.000000 1974898.000000 
1938360.000000 2030812.000000 2008198.000000 
1948384.000000 2044368.000000 1991388.000000 
1944148.000000 2033486.000000 1997844.000000 
1939674.000000 2047676.000000 1990944.000000 
2030994.000000 1973562.000000 2012476.000000 

1954090.000000 2023730.000000 2014606.000000 
1955836.000000 2014648.000000 2008192.000000 
1964892.000000 1997250.000000 2049918.000000 
1959104.000000 2008690.000000 2031320.000000 
1981058.000000 2005904.000000 1990580.000000 
1972412.000000 1986708.000000 2012754.000000 
1974298.000000 2042252.000000 1979846.000000 
1965676.000000 2006618.000000 2020886.000000 
1987092.000000 1989452.000000 2006612.000000 
1990502.000000 2002318.000000 1993346.000000 
1977032.000000 2008912.000000 1987290.000000 
1973318.000000 2007518.000000 1994000.000000 
1973490.000000 2004968.000000 1990954.000000 
1973302.000000 1978644.000000 2028228.000000 
1965958.000000 2020106.000000 1984886.000000 
1957170.000000 2017864.000000 1990736.000000 
1960860.000000 2006940.000000 2000526.000000 
1968918.000000 1995566.000000 2031764.000000 
1973926.000000 2013388.000000 1988298.000000 
1995952.000000 2049684.000000 1974228.000000 
1991106.000000 1984074.000000 2018580.000000 
1969558.000000 2003312.000000 1996538.000000 
1971106.000000 1990690.000000 2003794.000000 
1973266.000000 2033826.000000 1980526.000000 
1971698.000000 2053110.000000 1980504.000000 
1973488.000000 2019174.000000 1981452.000000 

