2039790.000000 1956280.000000 2042344.000000 
2041124.000000 1990548.000000 1984210.000000 
1989444.000000 1989648.000000 2021604.000000 
2028266.000000 2028870.000000 1966606.000000 
1991808.000000 1970642.000000 2005318.000000 
1963808.000000 2020264.000000 2047574.000000 
2030474.000000 1955156.000000 2081778.000000 
2033106.000000 1952638.000000 2076446.000000 
2054662.000000 1951088.000000 2047878.000000 
2058162.000000 1956982.000000 2035676.000000 
2052656.000000 1954542.000000 2045954.000000 
2030488.000000 1957092.000000 2050232.000000 
2012816.000000 1969220.000000 2019896.000000 
2030646.000000 2025544.000000 1973896.000000 
1978754.000000 1993584.000000 2006916.000000 
2012520.000000 1964132.000000 2073252.000000 
1990578.000000 1976662.000000 2054640.000000 
1990554.000000 1969704.000000 2071256.000000 
2028760.000000 1969868.000000 2010848.000000 
2010672.000000 1969916.000000 2021750.000000 
1989504.000000 2018508.000000 1996780.000000 
2004032.000000 2011114.000000 1998782.000000 
2005394.000000 2016612.000000 1985488.000000 
2022578.000000 1979926.000000 1993984.000000 
1965638.000000 2013430.000000 2045028.000000 
1984808.000000 1977006.000000 2038862.000000 
1984884.000000 1981134.000000 2023090.000000 
2018244.000000 1961372.000000 2025614.000000 
2078980.000000 1956138.000000 2043036.000000 
1964010.000000 2015816.000000 2021528.000000 
1978470.000000 2006770.000000 2019674.000000 
1975582.000000 2007730.000000 2027130.000000 
1989840.000000 1993456.000000 2017006.000000 
1974828.000000 1990036.000000 2048196.000000 
1982770.000000 1990052.000000 2035156.000000 
2001744.000000 1966080.000000 2058532.000000 
1989578.000000 1988176.000000 2018930.000000 
2009508.000000 1964306.000000 2041878.000000 
1967492.000000 2003182.000000 2050518.000000 
2028820.000000 2006062.000000 1990076.000000 
2025360.000000 2007436.000000 1975714.000000 
2012736.000000 2015102.000000 1992870.000000 
1976242.000000 1996370.000000 2022578.000000 
2022388.000000 1999620.000000 1998064.000000 
2015076.000000 2035162.000000 1978342.000000 
1992636.000000 2028776.000000 1989856.000000 

1998316.000000 2059326.000000 1983488.000000 
2009666.000000 2039502.000000 1960396.000000 
1978686.000000 2063976.000000 2011622.000000 
1995798.000000 2073042.000000 2005226.000000 
2015852.000000 2038024.000000 1946604.000000 
2015292.000000 2031816.000000 1953180.000000 
2015302.000000 2043090.000000 1949278.000000 
2010938.000000 2027212.000000 1955086.000000 
2027258.000000 1995850.000000 1990872.000000 
2021570.000000 2001352.000000 1990996.000000 
2010938.000000 2012592.000000 1972572.000000 
2008840.000000 2007506.000000 1998904.000000 
2037380.000000 1987846.000000 2002722.000000 
2013960.000000 1991414.000000 2013518.000000 
2030284.000000 1994814.000000 2012594.000000 
2035966.000000 2023982.000000 1960094.000000 
2017632.000000 2024792.000000 1968810.000000 
2018672.000000 2012066.000000 1997698.000000 
2025660.000000 1998434.000000 2001996.000000 
2021550.000000 2011528.000000 1996794.000000 
1976614.000000 2073392.000000 2011208.000000 
1997880.000000 2049222.000000 2007022.000000 
2007930.000000 2052018.000000 2005278.000000 
2005488.000000 2020740.000000 2010486.000000 
1993610.000000 2022538.000000 2046294.000000 
2038862.000000 1976738.000000 2026944.000000 
2002174.000000 2003958.000000 2018072.000000 
2011336.000000 2000502.000000 2020614.000000 
2018798.000000 1981782.000000 2024708.000000 
2047358.000000 1964820.000000 2023080.000000 
2033294.000000 1985620.000000 2019330.000000 
2023220.000000 1978820.000000 2020344.000000 
1990266.000000 2059444.000000 2005658.000000 
2015956.000000 1988314.000000 2070964.000000 
2032726.000000 1977362.000000 2034532.000000 
1997838.000000 2052848.000000 2014486.000000 
2001348.000000 2047880.000000 2006946.000000 
2002898.000000 2056214.000000 2002422.000000 
2009748.000000 2005314.000000 1998478.000000 
1996038.000000 2025680.000000 2019650.000000 
2079524.000000 2016280.000000 1970244.000000 
2054160.000000 2011128.000000 1989212.000000 
1971128.000000 2057848.000000 2012072.000000 
1982636.000000 2061656.000000 2010338.000000 
2002310.000000 2036940.000000 2011084.000000 
2006878.000000 2020702.000000 2017308.000000 
2010418.000000 2034888.000000 1982612.000000 
1964760.000000 2049054.000000 2021304.000000 
1986682.000000 2001188.000000 2049282.000000 
1988396.000000 2029630.000000 2033922.000000 
2013920.000000 2000266.000000 2084570.000000 
1993994.000000 2003064.000000 2032836.000000 

1994254.000000 2036892.000000 1992286.000000 
1982750.000000 2007532.000000 2001190.000000 
1967044.000000 1973802.000000 2010504.000000 
2044594.000000 1946294.000000 2029514.000000 
2051570.000000 1953528.000000 2023834.000000 
2000516.000000 1954762.000000 2025932.000000 
2018856.000000 1971610.000000 2014310.000000 
2013798.000000 1968028.000000 2021414.000000 
1974802.000000 1958372.000000 2047146.000000 
1983486.000000 1959928.000000 2036704.000000 
1953700.000000 1961570.000000 2030514.000000 
1999862.000000 1949440.000000 2035736.000000 
2032462.000000 1911668.000000 2078852.000000 
2000616.000000 1996180.000000 2000050.000000 
1967892.000000 1998446.000000 2008150.000000 
1980030.000000 1918998.000000 2040142.000000 
1970828.000000 1934390.000000 2052162.000000 
1967488.000000 1919862.000000 2060456.000000 
1990928.000000 1915510.000000 2056748.000000 
1993602.000000 1964774.000000 2023174.000000 
1944040.000000 2017332.000000 2073964.000000 
2014724.000000 1963898.000000 2022170.000000 
2009820.000000 1952502.000000 2033370.000000 
1986766.000000 1984324.000000 2003894.000000 
1980664.000000 1977384.000000 2009078.000000 
1949090.000000 1977666.000000 2036518.000000 
1953380.000000 1971190.000000 2040288.000000 
1996102.000000 1960952.000000 2030808.000000 
1967630.000000 1969906.000000 2016734.000000 
2023582.000000 2018462.000000 1998464.000000 

1952796.000000 1994222.000000 2010392.000000 
1959414.000000 1989450.000000 1989776.000000 
1964774.000000 1978834.000000 1995612.000000 
1952010.000000 1982434.000000 2087270.000000 
2009094.000000 1988502.000000 1994920.000000 
1974494.000000 1995626.000000 1984910.000000 
1976248.000000 1954820.000000 2032998.000000 
1980770.000000 2044574.000000 1963882.000000 
2023902.000000 2029512.000000 1978948.000000 
1992884.000000 2017656.000000 1979418.000000 
2009050.000000 1943750.000000 2030778.000000 
2046726.000000 1948572.000000 2015456.000000 
2053080.000000 1943852.000000 2016130.000000 
2053654.000000 1948288.000000 1998070.000000 
2051240.000000 1946056.000000 2027734.000000 
1988964.000000 1939530.000000 2053224.000000 
1983546.000000 1942682.000000 2054410.000000 
1976802.000000 2050668.000000 1977530.000000 
1978964.000000 2034468.000000 1984000.000000 
1987712.000000 2025458.000000 1982044.000000 
1974728.000000 1953936.000000 2050532.000000 
1992372.000000 1945698.000000 2037602.000000 
1989154.000000 1931786.000000 2049356.000000 
2012012.000000 1935980.000000 2048210.000000 
2013644.000000 1932138.000000 2039166.000000 
1969472.000000 2047926.000000 1989160.000000 
1985594.000000 1950948.000000 2050242.000000 
1973668.000000 1955468.000000 2027584.000000 
1984868.000000 2029742.000000 1958570.000000 
2002666.000000 1999232.000000 1981868.000000 
1959930.000000 1977634.000000 2017738.000000 
1974506.000000 1959504.000000 2013454.000000 
1987538.000000 1948996.000000 1995214.000000 
2015904.000000 1976856.000000 1987518.000000 
1965052.000000 1958358.000000 2047100.000000 
1982956.000000 1954570.000000 2037150.000000 
1973490.000000 2064672.000000 1986674.000000 
2014424.000000 1917994.000000 2046114.000000 
2017128.000000 1914056.000000 2050418.000000 
2002844.000000 1916488.000000 2048332.000000 
2010956.000000 1986412.000000 1991478.000000 

1992064.000000 1999424.000000 2070118.000000 
1984568.000000 2026156.000000 2033170.000000 
2004026.000000 2019878.000000 2023522.000000 
1996916.000000 2002850.000000 2053380.000000 
1980224.000000 2020030.000000 2035320.000000 
1973300.000000 2028698.000000 2021522.000000 
2035812.000000 2028106.000000 1972914.000000 
1983868.000000 1982740.000000 2076596.000000 
1986898.000000 1981794.000000 2076086.000000 
1997184.000000 1978426.000000 2084740.000000 
2007808.000000 2037850.000000 2011782.000000 
1998220.000000 1982372.000000 2074296.000000 
1996722.000000 1980414.000000 2087892.000000 
2019396.000000 1946372.000000 2099712.000000 
2001678.000000 1972580.000000 2057372.000000 
2036876.000000 1936610.000000 2110034.000000 
2039206.000000 1932294.000000 2116966.000000 
1991340.000000 1980262.000000 2090786.000000 
2001780.000000 2004118.000000 2034556.000000 
2000536.000000 1982264.000000 2044706.000000 
1966852.000000 1963348.000000 2096244.000000 
1995220.000000 1981086.000000 2076452.000000 
1985842.000000 2003282.000000 2037448.000000 
2025670.000000 2041352.000000 1973682.000000 
2039020.000000 2023930.000000 1979756.000000 
1996962.000000 2047586.000000 2015786.000000 
1986640.000000 1996038.000000 2076518.000000 
2008966.000000 1957052.000000 2078788.000000 
2001414.000000 2013398.000000 2025828.000000 
2004680.000000 2007832.000000 2023648.000000 
1992168.000000 1969532.000000 2094144.000000 
2094024.000000 1938642.000000 2104278.000000 
1978028.000000 2001444.000000 2084966.000000 
1983746.000000 2026182.000000 2024678.000000 
1984922.000000 2014102.000000 2035988.000000 
1989934.000000 2015896.000000 2024964.000000 
1995028.000000 2013498.000000 2034618.000000 
1971720.000000 2002576.000000 2095684.000000 
1981752.000000 2004026.000000 2067542.000000 
2034796.000000 1947254.000000 2075552.000000 
1997396.000000 1983764.000000 2056766.000000 
2036832.000000 1943366.000000 2053580.000000 
2086618.000000 1942548.000000 2085478.000000 
2084030.000000 1941542.000000 2094216.000000 
2010714.000000 1947312.000000 1984826.000000 
2009170.000000 1951748.000000 2000118.000000 
2008288.000000 1958958.000000 1995170.000000 
1981898.000000 2009510.000000 2040384.000000 

1985560.000000 1966130.000000 1975922.000000 
1986790.000000 1971474.000000 1969006.000000 
1983326.000000 1972946.000000 1978168.000000 
2004960.000000 1964012.000000 2022596.000000 
1981438.000000 1977300.000000 2005204.000000 
1992182.000000 1965906.000000 2044392.000000 
1939486.000000 2026466.000000 1981988.000000 
1957702.000000 2032062.000000 1981932.000000 
1963320.000000 1980808.000000 1951904.000000 
1968554.000000 1977556.000000 1952990.000000 
1980960.000000 1988910.000000 1945814.000000 
1974856.000000 1990102.000000 1932942.000000 
1971670.000000 2028372.000000 1946546.000000 
1960070.000000 2020638.000000 1966880.000000 
2013288.000000 1958408.000000 2035656.000000 

1995544.000000 1987960.000000 2002290.000000 
2007346.000000 1965554.000000 2033864.000000 
1947340.000000 2011310.000000 2075470.000000 
2021204.000000 1966626.000000 2026446.000000 
1981710.000000 1987940.000000 2080116.000000 
1985382.000000 1970766.000000 2086114.000000 
1979206.000000 1973468.000000 2081130.000000 
1990662.000000 1967814.000000 2078676.000000 
2015068.000000 1964784.000000 2028184.000000 
1997642.000000 1952004.000000 2082966.000000 
1996192.000000 1972916.000000 2043598.000000 
2016800.000000 1983052.000000 1984924.000000 
2010404.000000 1977908.000000 1985948.000000 
1999426.000000 1968966.000000 2036344.000000 
2022488.000000 1961074.000000 2024316.000000 
2008478.000000 1952136.000000 2036390.000000 
2024826.000000 1948754.000000 2087062.000000 
1984440.000000 1979148.000000 2077280.000000 
2005090.000000 1951886.000000 2054490.000000 
1968682.000000 1992654.000000 2085710.000000 
1938924.000000 2010796.000000 2101140.000000 
1978358.000000 1991640.000000 1984514.000000 
2006736.000000 1980530.000000 2017198.000000 
1955632.000000 2007278.000000 2095454.000000 
2012030.000000 1970924.000000 2006536.000000 
1966452.000000 1995514.000000 1970440.000000 
1979474.000000 1992676.000000 1966868.000000 
2003276.000000 1985080.000000 1985658.000000 

1956472.000000 1996614.000000 2058822.000000 
1951998.000000 2002324.000000 2026790.000000 
1961756.000000 2001018.000000 2036150.000000 
2022292.000000 1945174.000000 2024038.000000 
2018516.000000 1943028.000000 2043652.000000 
2028410.000000 1939840.000000 2026656.000000 
2025490.000000 1941302.000000 2061838.000000 
2011318.000000 1943714.000000 2062340.000000 
2015486.000000 1940096.000000 2070282.000000 
2030018.000000 1999588.000000 1990228.000000 
2019362.000000 2017114.000000 1989334.000000 
1989198.000000 1949644.000000 2064324.000000 
1996296.000000 1948472.000000 2044242.000000 
1975616.000000 1952878.000000 2027762.000000 
1978294.000000 1950180.000000 2021960.000000 
1970474.000000 1960008.000000 2019432.000000 
2038080.000000 1932308.000000 2056150.000000 
2039482.000000 1998096.000000 1978324.000000 
2001068.000000 1985112.000000 2002570.000000 
2029974.000000 1924594.000000 2083920.000000 
2036924.000000 1918274.000000 2077514.000000 
2051084.000000 1917690.000000 2071238.000000 
2037606.000000 1919562.000000 2057618.000000 
2044914.000000 1928256.000000 2050490.000000 
2030500.000000 2022530.000000 1988006.000000 
2014184.000000 2025050.000000 1978296.000000 
1998958.000000 1948350.000000 2008068.000000 
1999792.000000 1986586.000000 1996684.000000 
1972572.000000 1996634.000000 2011094.000000 
2030662.000000 1938438.000000 2021292.000000 
2040240.000000 1944304.000000 2014452.000000 
2009024.000000 1972148.000000 1992148.000000 
1966452.000000 1975122.000000 2049764.000000 
1962296.000000 1982232.000000 2055460.000000 
1970388.000000 1966578.000000 2042338.000000 
1973180.000000 1954240.000000 2061256.000000 
1973194.000000 2002528.000000 1990234.000000 
2036174.000000 1991916.000000 1990138.000000 
1960368.000000 2017754.000000 2014384.000000 
1950872.000000 2023966.000000 2019644.000000 
1993650.000000 1976882.000000 2016048.000000 
1978760.000000 1992130.000000 2003020.000000 
1993732.000000 2001018.000000 1997276.000000 
1957346.000000 1990822.000000 2043224.000000 
1963268.000000 1989296.000000 2042730.000000 
1970030.000000 1986928.000000 2033756.000000 
2030278.000000 1930800.000000 2063830.000000 
2015328.000000 1947482.000000 2052896.000000 
2004202.000000 1933894.000000 2073818.000000 
1964984.000000 1984726.000000 2055292.000000 
1960724.000000 1987190.000000 2060818.000000 
1970278.000000 1991562.000000 2023800.000000 
1996012.000000 1996272.000000 1996096.000000 

1952690.000000 2000354.000000 2013472.000000 
1950082.000000 2012782.000000 2022654.000000 
1979886.000000 2045066.000000 1978512.000000 
1962162.000000 1974414.000000 2042474.000000 
1957562.000000 1978852.000000 2027614.000000 
1949330.000000 1999606.000000 2026308.000000 
1941342.000000 1993156.000000 2028284.000000 
1935384.000000 1998936.000000 2026652.000000 
1933120.000000 2005288.000000 2051198.000000 
1996712.000000 1971456.000000 2002558.000000 
1999072.000000 1987694.000000 1984116.000000 
1977126.000000 1984834.000000 1989582.000000 
1965328.000000 2006074.000000 1985184.000000 
1958306.000000 1989658.000000 1986156.000000 
1953126.000000 1985444.000000 2006798.000000 
1990626.000000 1981244.000000 2000152.000000 
1993572.000000 1985228.000000 1985154.000000 
1972500.000000 2011050.000000 1982690.000000 
1970884.000000 2032192.000000 1983750.000000 
1973794.000000 1989178.000000 1998806.000000 
1963266.000000 1960776.000000 2064964.000000 
1968634.000000 1961840.000000 2057424.000000 
1979960.000000 1980846.000000 2007590.000000 
1977846.000000 1976814.000000 2011158.000000 
1971620.000000 1953888.000000 2013660.000000 
1974336.000000 1952354.000000 2028374.000000 
1979238.000000 1947842.000000 2043610.000000 
1975096.000000 1947900.000000 2036512.000000 
1972736.000000 1950596.000000 2028782.000000 
1978770.000000 1952258.000000 2027124.000000 
1999374.000000 2017142.000000 1975674.000000 
2001114.000000 2055894.000000 1972486.000000 
1995612.000000 2058522.000000 1964278.000000 
2038578.000000 2029280.000000 1958114.000000 
1999084.000000 2035722.000000 1974598.000000 
1934690.000000 2044936.000000 2039646.000000 
1932824.000000 2036208.000000 2051746.000000 
1929010.000000 2040332.000000 2060368.000000 
1953830.000000 1981324.000000 2072634.000000 
1949482.000000 1988492.000000 2074336.000000 
1953604.000000 2028746.000000 2002248.000000 
1951394.000000 2012082.000000 2020046.000000 
1948264.000000 2015918.000000 2018460.000000 
1991656.000000 1980266.000000 1992644.000000 
1950526.000000 1981836.000000 2038180.000000 
1960746.000000 1974656.000000 2033228.000000 
1956016.000000 1980142.000000 2023362.000000 
1960378.000000 1976854.000000 2015448.000000 

2075046.000000 1995396.000000 2082252.000000 
2076122.000000 1990342.000000 2066084.000000 
2061030.000000 1999030.000000 2037608.000000 
2018122.000000 2006210.000000 2007490.000000 
2063994.000000 1987812.000000 2097268.000000 
2066838.000000 1995886.000000 2092500.000000 
2002994.000000 2007966.000000 2016682.000000 
2053772.000000 1997196.000000 2068450.000000 
2002388.000000 2019656.000000 2002150.000000 
2024414.000000 2012750.000000 2007016.000000 
2043566.000000 2002386.000000 2058686.000000 
1991430.000000 2019306.000000 2020150.000000 
2060082.000000 1999974.000000 2049318.000000 
2056476.000000 1997176.000000 2083516.000000 
2039402.000000 2001338.000000 2073722.000000 
1999220.000000 2019174.000000 2018472.000000 
2024344.000000 2014364.000000 2005552.000000 
2045000.000000 2021710.000000 1996388.000000 
1994156.000000 2010130.000000 2019296.000000 
1981162.000000 2026072.000000 2033640.000000 
1981614.000000 2020104.000000 2016028.000000 
2002038.000000 2029548.000000 2014380.000000 

1968666.000000 1978552.000000 2021768.000000 
1937198.000000 2036316.000000 2026798.000000 
2001174.000000 1957018.000000 2042254.000000 
1940948.000000 2056828.000000 2008792.000000 
1933584.000000 2043344.000000 2035052.000000 
1925602.000000 2056700.000000 2037310.000000 
1965520.000000 1955268.000000 2044908.000000 
1946470.000000 1974812.000000 2060088.000000 
2050048.000000 1931048.000000 2089646.000000 
2016796.000000 1963040.000000 2038184.000000 
1983424.000000 2001330.000000 1971078.000000 
1990416.000000 1999954.000000 1978708.000000 
1981654.000000 1943128.000000 2076630.000000 
1977858.000000 1949426.000000 2061822.000000 
1932360.000000 2005836.000000 2063642.000000 
1987054.000000 1963488.000000 2043106.000000 
1971770.000000 1989420.000000 1994904.000000 
2022608.000000 1946984.000000 2063392.000000 
2004378.000000 1966610.000000 2012510.000000 
1941296.000000 2040400.000000 1994738.000000 
1968324.000000 1964680.000000 2041794.000000 
1955620.000000 1966664.000000 2034444.000000 
1951166.000000 1976490.000000 2045786.000000 
1957014.000000 1965478.000000 2035420.000000 
1957508.000000 1974708.000000 2032194.000000 
1936442.000000 2000278.000000 2058110.000000 
1937390.000000 1998622.000000 2052146.000000 
1954244.000000 1968180.000000 2058174.000000 
1937042.000000 2036364.000000 2050822.000000 
1972070.000000 1972170.000000 2033600.000000 
2026912.000000 1961276.000000 2032344.000000 
1966672.000000 2016904.000000 1983586.000000 
1957724.000000 2025550.000000 1971196.000000 
1960956.000000 1977650.000000 2023848.000000 
1980038.000000 1947480.000000 2079590.000000 
2027360.000000 1961810.000000 2026982.000000 
1969828.000000 2022650.000000 1980218.000000 
2016848.000000 1953720.000000 2035570.000000 
1950112.000000 1986648.000000 2048160.000000 
1948288.000000 1992752.000000 2057500.000000 
1972292.000000 1986670.000000 1993862.000000 
1975102.000000 1987320.000000 1992104.000000 
1982926.000000 1940796.000000 2088792.000000 
1949628.000000 2025700.000000 1983624.000000 
2046428.000000 2073716.000000 1961044.000000 
1956112.000000 2001586.000000 1992912.000000 
2005552.000000 1953196.000000 2058264.000000 
1976908.000000 2010680.000000 1963070.000000 
1950284.000000 2007390.000000 1997974.000000 
1943370.000000 2009938.000000 1983724.000000 
1937886.000000 2031888.000000 2040092.000000 
1967744.000000 1981738.000000 2017910.000000 
2013876.000000 1987430.000000 1983576.000000 
1989716.000000 1994322.000000 1990534.000000 
1938742.000000 2013788.000000 2040140.000000 
1944878.000000 1993572.000000 2004940.000000 
1942930.000000 2013226.000000 2007636.000000 
2015928.000000 1986508.000000 1996854.000000 
2018398.000000 1964100.000000 2019116.000000 
2016576.000000 1954012.000000 2044098.000000 
2028016.000000 1934908.000000 2065860.000000 
1940278.000000 2017546.000000 2013822.000000 
1938538.000000 2043896.000000 2009556.000000 
1938148.000000 2039422.000000 2009608.000000 
2044226.000000 1937772.000000 2038110.000000 
2042696.000000 1933722.000000 2053048.000000 
1988712.000000 1971354.000000 2004668.000000 
1988034.000000 1979522.000000 1997396.000000 
1976086.000000 1965228.000000 2026534.000000 
1980872.000000 1968336.000000 2004702.000000 
1970284.000000 1992090.000000 2009928.000000 
1965662.000000 1981992.000000 2012810.000000 
1959904.000000 1993318.000000 2032002.000000 

1948148.000000 2029566.000000 2062668.000000 
1965336.000000 2029684.000000 2001838.000000 
1966250.000000 1986310.000000 2005000.000000 
1942178.000000 2041528.000000 2067282.000000 
1991162.000000 1970218.000000 2041880.000000 
1960906.000000 1965926.000000 2054180.000000 
1989934.000000 2004482.000000 2000760.000000 
1992672.000000 2018922.000000 1990454.000000 
2017026.000000 1993876.000000 1989402.000000 
2025236.000000 1958898.000000 2043696.000000 
2020738.000000 1957098.000000 2054554.000000 
2050218.000000 1960994.000000 2035070.000000 
1985730.000000 2026280.000000 2000298.000000 
2018638.000000 1957162.000000 2049578.000000 
1986222.000000 2004980.000000 1993696.000000 
1951388.000000 2007384.000000 2081306.000000 
1985958.000000 2023636.000000 1999310.000000 
1996842.000000 1986222.000000 2011142.000000 
2003308.000000 2000992.000000 1992490.000000 
1949896.000000 2067852.000000 2058226.000000 
1994844.000000 1981750.000000 2014788.000000 
1970506.000000 1954928.000000 2057740.000000 
1969764.000000 1972432.000000 2037018.000000 
1976336.000000 1974136.000000 2032966.000000 
1951648.000000 1976486.000000 2015760.000000 
2021332.000000 1956442.000000 2049082.000000 
2030960.000000 1955520.000000 2040850.000000 
2000734.000000 1961354.000000 2044144.000000 
2006574.000000 1951730.000000 2056460.000000 
2030642.000000 1964494.000000 2042304.000000 
1966382.000000 1963262.000000 2047548.000000 
1969992.000000 1960014.000000 2045112.000000 
1976724.000000 1951794.000000 2057222.000000 
1984248.000000 1962162.000000 2043128.000000 
2002126.000000 1967324.000000 2013738.000000 
2004360.000000 1981988.000000 2002750.000000 
1946046.000000 2034522.000000 2064538.000000 
1977224.000000 2042174.000000 2001260.000000 
1990010.000000 2027398.000000 1989690.000000 
1993458.000000 1990134.000000 1994330.000000 
2024130.000000 1954536.000000 2052320.000000 

1999104.000000 2014946.000000 2004062.000000 
2085724.000000 1946828.000000 2086780.000000 
1990702.000000 1993142.000000 2045142.000000 
1987466.000000 1995638.000000 2037630.000000 
2077626.000000 1952784.000000 2077214.000000 
2019204.000000 1949306.000000 2084230.000000 
2015724.000000 1956160.000000 2089480.000000 
1995310.000000 1957204.000000 2008938.000000 
1992898.000000 1982628.000000 2066298.000000 
2046162.000000 1934866.000000 2119986.000000 
2051678.000000 1933192.000000 2115396.000000 
2052178.000000 1953962.000000 2082898.000000 
2006400.000000 1957036.000000 2081180.000000 
1990432.000000 1976364.000000 2067378.000000 
1985770.000000 1996046.000000 2045720.000000 
2028764.000000 1956160.000000 2073886.000000 
2031402.000000 1939824.000000 2089194.000000 
2019204.000000 1944836.000000 2097920.000000 
2025516.000000 1940926.000000 2107216.000000 
2021990.000000 1939920.000000 2113952.000000 
1984280.000000 2003420.000000 2015880.000000 
1993734.000000 1999718.000000 2019258.000000 
2020234.000000 2033872.000000 1997394.000000 
2013332.000000 1999014.000000 2002120.000000 
1992710.000000 2002324.000000 2026934.000000 
1994202.000000 1990476.000000 2021726.000000 
1999148.000000 1989332.000000 2005616.000000 
2004644.000000 2005392.000000 2003908.000000 
2003390.000000 2020674.000000 2002828.000000 
2031032.000000 2030318.000000 1997214.000000 
2046404.000000 2058338.000000 1992130.000000 

2031106.000000 1986242.000000 2031870.000000 
2029948.000000 1990320.000000 2014046.000000 
2032414.000000 1987790.000000 2029052.000000 
2005200.000000 2024470.000000 1995468.000000 
1998098.000000 2051750.000000 1989698.000000 
2008674.000000 1992840.000000 2015958.000000 
2030482.000000 1969918.000000 2055030.000000 
2021032.000000 1984010.000000 2034762.000000 
2006210.000000 1980544.000000 2037328.000000 
2039768.000000 1965138.000000 2074662.000000 
2017350.000000 1989936.000000 2025996.000000 
2032396.000000 1976380.000000 2054800.000000 
2037116.000000 1968272.000000 2045112.000000 
2058962.000000 1992328.000000 2007050.000000 
2007596.000000 2059946.000000 1976304.000000 
2010802.000000 2051126.000000 1980708.000000 
1999082.000000 2046884.000000 1992416.000000 
2011202.000000 1990600.000000 2028722.000000 
2049932.000000 1967182.000000 2069116.000000 
2068972.000000 2021848.000000 1992902.000000 
2061886.000000 2021316.000000 1993512.000000 
2019502.000000 1990704.000000 2024500.000000 
2025990.000000 1986274.000000 2032484.000000 
1988994.000000 1992454.000000 2022216.000000 
2046870.000000 1987518.000000 2019392.000000 
2048380.000000 1969216.000000 2042642.000000 
2054290.000000 1965334.000000 2051564.000000 
2035196.000000 1988504.000000 2012588.000000 
2005394.000000 2024566.000000 1985184.000000 
2005378.000000 2018048.000000 1993598.000000 
1979556.000000 1995306.000000 1998890.000000 
2006470.000000 1998650.000000 1996928.000000 
2032772.000000 1970386.000000 2020772.000000 
2058062.000000 1985042.000000 2018000.000000 
2073992.000000 1969978.000000 2028906.000000 
2066468.000000 1985366.000000 2014380.000000 
2031952.000000 1978866.000000 2045928.000000 
2018510.000000 1979070.000000 2057898.000000 
2048316.000000 2023454.000000 1990634.000000 
2053778.000000 2014828.000000 1994092.000000 

1984996.000000 2071918.000000 1988596.000000 
1991912.000000 2061022.000000 1971078.000000 
1992658.000000 2022834.000000 1981034.000000 
1986148.000000 2040366.000000 1984064.000000 
2018474.000000 2010144.000000 1990068.000000 
1993320.000000 2049732.000000 1956444.000000 
2002202.000000 2055470.000000 1955654.000000 
2019372.000000 2015566.000000 1975078.000000 
2001876.000000 1972072.000000 2002664.000000 
2002864.000000 1980756.000000 1999552.000000 
1970440.000000 1990770.000000 1997118.000000 
1966446.000000 2007740.000000 2004142.000000 
1989914.000000 2056736.000000 1983134.000000 
2033764.000000 1980974.000000 1998924.000000 
1983522.000000 1993102.000000 1992544.000000 
1998292.000000 1985210.000000 1997610.000000 
1986544.000000 2000268.000000 1990338.000000 
2007428.000000 2021790.000000 1985712.000000 
1990546.000000 2075340.000000 1956148.000000 
1993614.000000 2059620.000000 1948650.000000 
1997512.000000 2036080.000000 1957070.000000 
1996486.000000 2038748.000000 1980920.000000 
1992874.000000 2052290.000000 1979386.000000 
1994206.000000 2047318.000000 1970036.000000 
2003304.000000 2031932.000000 1968114.000000 
2000332.000000 2022542.000000 1986138.000000 

1981520.000000 1980750.000000 2080632.000000 
2003200.000000 1958900.000000 2090466.000000 
1973610.000000 1980492.000000 2113718.000000 
1970414.000000 1982562.000000 2121590.000000 
2026778.000000 1951252.000000 2077958.000000 
2007536.000000 1956660.000000 2065314.000000 
2011616.000000 1952962.000000 2069354.000000 
2043564.000000 2064012.000000 1964298.000000 
1972490.000000 1991126.000000 2064196.000000 
1974644.000000 1981188.000000 2065774.000000 
1951784.000000 2056678.000000 2058178.000000 
1944896.000000 2026654.000000 2072450.000000 
1939386.000000 2040806.000000 2085596.000000 
1941724.000000 2025148.000000 2088540.000000 
1954428.000000 2007620.000000 2068596.000000 
1975090.000000 2001462.000000 2030370.000000 
1978748.000000 1999084.000000 2022336.000000 
1983972.000000 1986880.000000 2019094.000000 
1989850.000000 1967050.000000 2043280.000000 
1988236.000000 1999246.000000 2007894.000000 
1997972.000000 1970740.000000 2002872.000000 
1972868.000000 1990654.000000 2035060.000000 
1964482.000000 2010472.000000 2030340.000000 
1997636.000000 1999222.000000 1993980.000000 
2007612.000000 1968772.000000 2039472.000000 
1995552.000000 1979584.000000 2006022.000000 
1987560.000000 1964678.000000 2068114.000000 
1974036.000000 1990514.000000 2066682.000000 
1981510.000000 2001818.000000 2016470.000000 
1969396.000000 2003820.000000 2017782.000000 
1965082.000000 1992036.000000 2034548.000000 
1983036.000000 1997520.000000 2032222.000000 
1975350.000000 2047412.000000 1973876.000000 
1977204.000000 2023462.000000 1976822.000000 
1982890.000000 2008518.000000 2001004.000000 
1960696.000000 2018366.000000 1986170.000000 
1959356.000000 2013622.000000 2005004.000000 
2026188.000000 1949860.000000 2106842.000000 
1963540.000000 1989908.000000 2117810.000000 
1985464.000000 1985734.000000 2053170.000000 
2022148.000000 2083394.000000 1953560.000000 
2028254.000000 2061728.000000 1966194.000000 
1979146.000000 1976100.000000 2092816.000000 
1975004.000000 1980152.000000 2094514.000000 
2041524.000000 1945332.000000 2098016.000000 
1981720.000000 1982360.000000 2056098.000000 
1987816.000000 1977262.000000 2067348.000000 
1968868.000000 1984778.000000 2079068.000000 
1986286.000000 1968868.000000 2095932.000000 

2038810.000000 1948820.000000 2125022.000000 
2006930.000000 1979334.000000 1969260.000000 
2013170.000000 1991390.000000 1962490.000000 
1978950.000000 2029256.000000 2050754.000000 
1977934.000000 2024592.000000 2059900.000000 
2040580.000000 1951940.000000 2007428.000000 
1996646.000000 1972056.000000 2054468.000000 
2002378.000000 1972114.000000 2013344.000000 
1998628.000000 1982148.000000 1992936.000000 
2023152.000000 1965174.000000 1998964.000000 
2012060.000000 1966688.000000 2001812.000000 
2039242.000000 1945140.000000 2079102.000000 
2042988.000000 1939780.000000 2114988.000000 
2058256.000000 1946492.000000 2052660.000000 
2061498.000000 1949538.000000 2037816.000000 
2018832.000000 1969634.000000 1975510.000000 
2016102.000000 1979610.000000 1967960.000000 
1999528.000000 1963184.000000 2027504.000000 
2068826.000000 1941254.000000 2076136.000000 
2054994.000000 1935340.000000 2082282.000000 
2082736.000000 1933328.000000 2077978.000000 
2076702.000000 1931622.000000 2092470.000000 
2045180.000000 1949926.000000 2056604.000000 
2032226.000000 1954508.000000 2037102.000000 
2018532.000000 1955902.000000 2008068.000000 
2011286.000000 1959796.000000 2021824.000000 
1981728.000000 1973860.000000 1998328.000000 

1944176.000000 1974198.000000 2089684.000000 
1939984.000000 1971944.000000 2096150.000000 
1935580.000000 1976290.000000 2082206.000000 
1989294.000000 1980264.000000 2037102.000000 
1969092.000000 1986660.000000 2031316.000000 
1972748.000000 1997800.000000 2031114.000000 
1951284.000000 1970262.000000 2108578.000000 
1961188.000000 2023068.000000 1993588.000000 
1937598.000000 2047358.000000 2002144.000000 
1995572.000000 1981416.000000 2001884.000000 
1978368.000000 1995124.000000 2019782.000000 
1987380.000000 2013750.000000 1997198.000000 
1992406.000000 2009860.000000 2001428.000000 
1998542.000000 2004678.000000 2000328.000000 
1967814.000000 2000146.000000 2025496.000000 
1956446.000000 1970384.000000 2080440.000000 
1977460.000000 1970790.000000 2053132.000000 
1968566.000000 1967538.000000 2054922.000000 
1959744.000000 1952210.000000 2065996.000000 
1959832.000000 1966952.000000 2062038.000000 
1972506.000000 1972240.000000 2040374.000000 
1993026.000000 2015828.000000 1980564.000000 
1992594.000000 2027322.000000 1983452.000000 
1958612.000000 2035068.000000 1990616.000000 
1991886.000000 2023858.000000 1985974.000000 
2049200.000000 1974518.000000 2027922.000000 
1950428.000000 1972400.000000 2086996.000000 
1935826.000000 2014104.000000 2051800.000000 
1954578.000000 2056848.000000 1985924.000000 
1955658.000000 2077782.000000 1984974.000000 
1943026.000000 2009920.000000 2037888.000000 
1943112.000000 1998514.000000 2028546.000000 
1938150.000000 2012688.000000 1997980.000000 
1942908.000000 2016064.000000 1994906.000000 
1946568.000000 2024158.000000 1990766.000000 
1974378.000000 2004968.000000 2003102.000000 
1965986.000000 2029316.000000 1978072.000000 
1952216.000000 1965520.000000 2108450.000000 
1935122.000000 1990414.000000 2066998.000000 
1933348.000000 2004130.000000 2073082.000000 
1953160.000000 1937000.000000 2082800.000000 
1947022.000000 1968070.000000 2112812.000000 
1932300.000000 1978862.000000 2099852.000000 
1964006.000000 1951272.000000 2076164.000000 
2007252.000000 1963646.000000 2055770.000000 
2015164.000000 1953576.000000 2055608.000000 
1945008.000000 2001852.000000 2003444.000000 
1960708.000000 1996806.000000 2038676.000000 
1939560.000000 1974984.000000 2057074.000000 
1941564.000000 1992430.000000 2054594.000000 
1942574.000000 1994786.000000 2038986.000000 
1978026.000000 1962608.000000 2064998.000000 
1937422.000000 2008580.000000 2055872.000000 
1962800.000000 1969022.000000 2055626.000000 
1990008.000000 1988826.000000 2015554.000000 
1987180.000000 1996894.000000 2018438.000000 
1968988.000000 1982652.000000 2040034.000000 
1956870.000000 1975908.000000 2041990.000000 
1941924.000000 1993816.000000 2041160.000000 
2010786.000000 2001998.000000 1995078.000000 
1988984.000000 1964704.000000 2037646.000000 
1982628.000000 1984180.000000 2035520.000000 

1937898.000000 2056828.000000 2054972.000000 
1948816.000000 2045292.000000 2032164.000000 
1948890.000000 2036860.000000 2038922.000000 
1988216.000000 2039852.000000 1971398.000000 
1946848.000000 2020212.000000 2061988.000000 
1939790.000000 2014612.000000 2063292.000000 
1942558.000000 2058900.000000 2043916.000000 
1978202.000000 1976032.000000 2022282.000000 
1983554.000000 1969388.000000 2037884.000000 
1964888.000000 2043654.000000 2009270.000000 
1967256.000000 1976762.000000 2043562.000000 
1954074.000000 1983138.000000 2018962.000000 
1962602.000000 1995456.000000 2012964.000000 
1966140.000000 2015578.000000 2007070.000000 
1981814.000000 2054116.000000 1991818.000000 
1952860.000000 2035988.000000 2023672.000000 
1947972.000000 2017550.000000 2041818.000000 
1984008.000000 2023902.000000 1991850.000000 
1998014.000000 2017020.000000 1960982.000000 
1996070.000000 1979940.000000 1982002.000000 
1980462.000000 2037056.000000 2006432.000000 
1983754.000000 2005898.000000 1999312.000000 
1995542.000000 1987932.000000 1997194.000000 
1988938.000000 1962104.000000 2010482.000000 
1991970.000000 1989512.000000 1999436.000000 
1975568.000000 2049368.000000 1993606.000000 
1960376.000000 2057574.000000 2008100.000000 
1978230.000000 2034632.000000 2006564.000000 
1980938.000000 2028082.000000 1992950.000000 
1943330.000000 2046960.000000 2056566.000000 
1970772.000000 2059696.000000 1989388.000000 
1967166.000000 2046284.000000 1998408.000000 
1985684.000000 2005030.000000 2010076.000000 
1942046.000000 2051064.000000 2057106.000000 
1968558.000000 1994794.000000 2017984.000000 
1981822.000000 2010006.000000 2002756.000000 
1978830.000000 1998670.000000 2011130.000000 
1972290.000000 1980022.000000 2041872.000000 
1957726.000000 2000848.000000 2010706.000000 
1952538.000000 2039064.000000 2018070.000000 
1954448.000000 2047554.000000 2012178.000000 
1947432.000000 2019058.000000 2045232.000000 
1945346.000000 2033032.000000 2056220.000000 
1960812.000000 1968970.000000 2055162.000000 
1945128.000000 2055298.000000 2014630.000000 
1930580.000000 2058078.000000 2060774.000000 
2021274.000000 1960036.000000 2094900.000000 
1993792.000000 1960314.000000 2049032.000000 
1949274.000000 1991974.000000 2024996.000000 
1944430.000000 2040088.000000 2035740.000000 
1944326.000000 2050592.000000 2042580.000000 
1944438.000000 2033226.000000 2044214.000000 
1938526.000000 2034598.000000 2070684.000000 
1945710.000000 2029288.000000 2043548.000000 

1992494.000000 1990232.000000 2000270.000000 
1966092.000000 2008126.000000 1981700.000000 
1984752.000000 2015700.000000 1955682.000000 
2006726.000000 1985210.000000 1999456.000000 
1981334.000000 1967814.000000 2006034.000000 
1976422.000000 1976222.000000 2001856.000000 
1975332.000000 1995110.000000 1998412.000000 
1970582.000000 2021060.000000 1953988.000000 
1987840.000000 2012088.000000 1952476.000000 
2002888.000000 2017076.000000 1949202.000000 
1998314.000000 2012728.000000 1950294.000000 
1942576.000000 2012610.000000 1965682.000000 
1949000.000000 2019080.000000 1956656.000000 
1989258.000000 2010558.000000 1968394.000000 
1990838.000000 2006010.000000 1973140.000000 
1990774.000000 2001612.000000 1981316.000000 
2013732.000000 2008136.000000 1971674.000000 

1950326.000000 1999368.000000 2016810.000000 
1936334.000000 1990110.000000 2036132.000000 
2000856.000000 2036738.000000 1964854.000000 
1979688.000000 2069708.000000 1966294.000000 
1983096.000000 2069834.000000 1954692.000000 
1995168.000000 2034962.000000 1980878.000000 
1955986.000000 1992804.000000 1988676.000000 
1950616.000000 1979268.000000 1995784.000000 
2075994.000000 2049100.000000 1945328.000000 
2072342.000000 2056216.000000 1940868.000000 
2079986.000000 2087184.000000 1939036.000000 
2056066.000000 2064090.000000 1940648.000000 
2069300.000000 2057702.000000 1947910.000000 
2004018.000000 2027774.000000 1959946.000000 
1997256.000000 2004108.000000 1979638.000000 
1980486.000000 1990546.000000 1983688.000000 
1944994.000000 2004848.000000 2019490.000000 
1957816.000000 1977528.000000 2008108.000000 
1941734.000000 2003818.000000 2029188.000000 
1972992.000000 1972982.000000 2017828.000000 
2046140.000000 2062720.000000 1956834.000000 
2049374.000000 2070150.000000 1949494.000000 
2050794.000000 2086558.000000 1944178.000000 
2016898.000000 1969922.000000 2008794.000000 
1943722.000000 1954258.000000 2023848.000000 
1961820.000000 1962826.000000 2019434.000000 
2033480.000000 2080324.000000 1949852.000000 
2036258.000000 2065934.000000 1957914.000000 
1983088.000000 1976668.000000 1996318.000000 
1995416.000000 2021018.000000 1969942.000000 
1991592.000000 2041528.000000 1970512.000000 
1988390.000000 2035874.000000 1978398.000000 
1996996.000000 1966006.000000 2010314.000000 
2001264.000000 1994330.000000 1974862.000000 
2010874.000000 2005798.000000 1964228.000000 
1974864.000000 1975988.000000 2004186.000000 
1994618.000000 1972394.000000 2019302.000000 
1987668.000000 2008814.000000 1983080.000000 
2027376.000000 2048928.000000 1959244.000000 
2013300.000000 2060108.000000 1958048.000000 
1993554.000000 2041564.000000 1970330.000000 
1986474.000000 2050882.000000 1981118.000000 

2013444.000000 2002296.000000 1984914.000000 
2008510.000000 2006498.000000 1992298.000000 
1988890.000000 2034800.000000 2013256.000000 
1983142.000000 2060048.000000 2007256.000000 
2009238.000000 2034744.000000 1981442.000000 
1995472.000000 2003040.000000 1997862.000000 
1993236.000000 2011318.000000 1990954.000000 
1988902.000000 2011372.000000 1983552.000000 
1990716.000000 2044878.000000 1976088.000000 
2044558.000000 2023052.000000 1980080.000000 
2000710.000000 2009514.000000 1995484.000000 
2022244.000000 2035246.000000 1974454.000000 
2020816.000000 2043242.000000 1959726.000000 
2016374.000000 2056578.000000 1962046.000000 
2025422.000000 2035870.000000 1966366.000000 
1988370.000000 2006328.000000 2045112.000000 
1999110.000000 1994468.000000 2054608.000000 
2030464.000000 2033438.000000 1976938.000000 
2017978.000000 1999404.000000 2014914.000000 
2016676.000000 1999036.000000 2025460.000000 
2013860.000000 1977946.000000 2083094.000000 
2072990.000000 1974374.000000 2037040.000000 
2058622.000000 1976708.000000 2038928.000000 
2022288.000000 1964816.000000 2078730.000000 
2043484.000000 1951674.000000 2063706.000000 
2031698.000000 1962196.000000 2059036.000000 
2014368.000000 1974464.000000 2084816.000000 
2020800.000000 1973624.000000 2039876.000000 
2012656.000000 1983222.000000 2029152.000000 
2114454.000000 1987766.000000 2019384.000000 
2103310.000000 1978196.000000 2020760.000000 
2070416.000000 1957524.000000 2058312.000000 
2096278.000000 1965470.000000 2052566.000000 
2082468.000000 1954102.000000 2054252.000000 
2025612.000000 2017414.000000 1981584.000000 
2050428.000000 1990138.000000 1986324.000000 
1981168.000000 2053984.000000 2009524.000000 
2030774.000000 2025288.000000 1974750.000000 
2028222.000000 1995198.000000 1980404.000000 
1997776.000000 2002434.000000 2046544.000000 
2016924.000000 1967504.000000 2068460.000000 
2008204.000000 1991102.000000 2055644.000000 
2044300.000000 1993884.000000 1986224.000000 
1998236.000000 2054512.000000 1973966.000000 
2005388.000000 2044528.000000 1965154.000000 
2002648.000000 2046394.000000 1971466.000000 
2016958.000000 2035362.000000 1979922.000000 
2026834.000000 1992086.000000 2010758.000000 
1978140.000000 2037368.000000 2038072.000000 

1992106.000000 1967730.000000 2062768.000000 
2007196.000000 1997508.000000 2009860.000000 
1994648.000000 2006270.000000 2030254.000000 
2039242.000000 1939198.000000 2104144.000000 
2013944.000000 1955002.000000 2041796.000000 
1998640.000000 1947488.000000 2066384.000000 
2000846.000000 1965792.000000 2043538.000000 
1991720.000000 1982508.000000 2047306.000000 
2005584.000000 1982226.000000 2033704.000000 
1997010.000000 1983574.000000 2028712.000000 
2012142.000000 1986866.000000 2024946.000000 
2006294.000000 1965400.000000 2028672.000000 
2012794.000000 1959010.000000 2058834.000000 
2000244.000000 1998492.000000 2024558.000000 
2018714.000000 1952802.000000 2045364.000000 
2001154.000000 1945288.000000 2068824.000000 
2008194.000000 2000568.000000 2007572.000000 
1989668.000000 1978762.000000 2051820.000000 
2027614.000000 1947264.000000 2059102.000000 
2033940.000000 1952544.000000 2056760.000000 
1989364.000000 1957778.000000 2086606.000000 
1965250.000000 1972370.000000 2061064.000000 
1992044.000000 1954666.000000 2066086.000000 
1989208.000000 1984388.000000 2057068.000000 
2019164.000000 1983352.000000 2024590.000000 
1993618.000000 1960158.000000 2057734.000000 
2003376.000000 1966642.000000 2036260.000000 
1995758.000000 2003132.000000 2020366.000000 
1999842.000000 1976242.000000 2047806.000000 
1982152.000000 2021918.000000 2036758.000000 
2002644.000000 2012496.000000 2017970.000000 
1990420.000000 1982572.000000 2038680.000000 
2009054.000000 1959584.000000 2044034.000000 
2006652.000000 2035692.000000 2000986.000000 
2011124.000000 1963324.000000 2032312.000000 
2002192.000000 1989598.000000 2019030.000000 

1983130.000000 2009648.000000 2020292.000000 
1995676.000000 2004406.000000 2017612.000000 
1956494.000000 2050392.000000 2012154.000000 
1960904.000000 2080840.000000 2001286.000000 
1979088.000000 2032810.000000 1982374.000000 
1964716.000000 2045838.000000 1972768.000000 
1965612.000000 2052936.000000 1970866.000000 
1979824.000000 2099232.000000 1967406.000000 
1993058.000000 2000344.000000 2024618.000000 
1969036.000000 2027916.000000 2026486.000000 
1982328.000000 2032624.000000 1968066.000000 
2001950.000000 2003710.000000 2001784.000000 
1995802.000000 1998398.000000 2005360.000000 
1999284.000000 2004126.000000 1998910.000000 
2000528.000000 1997640.000000 2024096.000000 
2003610.000000 1983184.000000 2020258.000000 
1975170.000000 2032974.000000 2010622.000000 
1965212.000000 2036272.000000 1999546.000000 
1975210.000000 2042494.000000 1989028.000000 
1971972.000000 2023778.000000 2045796.000000 
1985742.000000 2014302.000000 1989966.000000 
2079352.000000 1961332.000000 2063514.000000 
2023690.000000 2032082.000000 1957246.000000 
2033126.000000 2024312.000000 1960484.000000 
2093230.000000 1953668.000000 2080858.000000 
2041710.000000 2004698.000000 1958368.000000 
2012886.000000 2002392.000000 1970000.000000 
2009036.000000 1979214.000000 1986460.000000 
2016082.000000 2070478.000000 1936296.000000 
2032714.000000 2019664.000000 1963300.000000 
2015534.000000 2042138.000000 1947680.000000 
2017958.000000 2038248.000000 1951674.000000 
2017494.000000 2054542.000000 1934682.000000 
2018436.000000 2047666.000000 1929312.000000 
1984832.000000 2051420.000000 1957998.000000 
2001278.000000 2064398.000000 1950420.000000 
2033350.000000 1981028.000000 1980112.000000 
1963890.000000 2040706.000000 2009062.000000 
1980072.000000 2032366.000000 2017038.000000 
2027660.000000 1975966.000000 1988602.000000 
2008940.000000 1981460.000000 1970056.000000 
2003636.000000 1983596.000000 1981598.000000 
2068662.000000 1968770.000000 2051476.000000 
2066698.000000 2001730.000000 1968518.000000 
1977226.000000 1989756.000000 2027314.000000 
1982404.000000 1983900.000000 2044672.000000 
1991170.000000 2019654.000000 1970142.000000 
1988802.000000 2037008.000000 1967560.000000 
2053860.000000 1974374.000000 2020840.000000 
2067218.000000 1972254.000000 2059952.000000 
1969820.000000 2024494.000000 2043044.000000 
1997962.000000 2006858.000000 1967646.000000 
2008742.000000 2006738.000000 1971434.000000 
1990150.000000 2032948.000000 1951888.000000 
2051618.000000 1972722.000000 2022642.000000 
2047486.000000 2034588.000000 1950522.000000 
1984150.000000 2031662.000000 1990850.000000 

1968878.000000 2036062.000000 2032988.000000 
2009758.000000 1931300.000000 2066684.000000 
2016442.000000 1989040.000000 2009546.000000 
2011990.000000 1948052.000000 2036472.000000 
2001408.000000 1959390.000000 2040898.000000 
2052764.000000 1932278.000000 2053590.000000 
2059148.000000 1917852.000000 2087434.000000 
2031684.000000 1914102.000000 2096154.000000 
2048386.000000 1916786.000000 2093016.000000 
2048766.000000 1912948.000000 2108562.000000 
1964906.000000 1991544.000000 2044618.000000 
1958568.000000 1992672.000000 2056056.000000 
2017222.000000 1930798.000000 2107074.000000 
2010246.000000 1952830.000000 2037314.000000 
2001108.000000 1942362.000000 2041318.000000 
2007074.000000 1933940.000000 2041860.000000 
2013938.000000 1931454.000000 2053616.000000 
1991998.000000 1979832.000000 2012688.000000 
1994918.000000 1975098.000000 2023994.000000 
1971922.000000 2008670.000000 2024238.000000 
1992564.000000 1997408.000000 2009708.000000 
1987186.000000 1959528.000000 2045348.000000 
1990444.000000 1965182.000000 2041444.000000 
2047612.000000 1923734.000000 2078306.000000 
2051534.000000 1921436.000000 2088784.000000 
1976928.000000 1968650.000000 2037920.000000 
1966658.000000 1974634.000000 2033282.000000 
1977484.000000 1998494.000000 2013274.000000 
1984290.000000 1988278.000000 2024916.000000 
1981270.000000 1992202.000000 2018510.000000 
1961234.000000 1999340.000000 2042242.000000 
2037966.000000 2072802.000000 1996250.000000 
2041058.000000 2072802.000000 1989604.000000 
1994506.000000 1991720.000000 2009866.000000 
1981772.000000 2004088.000000 2006964.000000 
1972370.000000 2021032.000000 2004448.000000 
1970440.000000 1965956.000000 2065386.000000 
1993278.000000 2041378.000000 1996884.000000 
2034308.000000 2009064.000000 2004012.000000 
2014530.000000 2013056.000000 2003876.000000 
2053386.000000 1906814.000000 2122964.000000 
1976132.000000 1994286.000000 2032982.000000 
1964718.000000 1991326.000000 2050526.000000 
2003166.000000 1939752.000000 2075076.000000 
2019902.000000 1963530.000000 2023872.000000 
2027406.000000 1969722.000000 2023334.000000 
2055006.000000 2038944.000000 1997224.000000 
2032958.000000 2031990.000000 2002396.000000 
1984098.000000 1995074.000000 2012218.000000 
1984330.000000 1994262.000000 2012480.000000 
2024872.000000 1927424.000000 2071094.000000 
2022266.000000 1927840.000000 2071812.000000 
2043922.000000 1929396.000000 2054284.000000 
2032798.000000 1956496.000000 2027406.000000 
2018416.000000 1928612.000000 2082850.000000 
2017162.000000 1945958.000000 2030574.000000 
2032718.000000 1961072.000000 2029330.000000 

1994450.000000 1989596.000000 2031184.000000 
2025436.000000 1985684.000000 2009022.000000 
2041380.000000 1985644.000000 1978748.000000 
2019540.000000 1984206.000000 2015162.000000 
2017760.000000 1977040.000000 2022064.000000 
1978608.000000 1993848.000000 1980688.000000 
2028364.000000 1986016.000000 1996216.000000 
2014938.000000 1983044.000000 2015790.000000 
1967048.000000 2016752.000000 1996144.000000 
1971380.000000 2004242.000000 1999074.000000 
2061394.000000 1969786.000000 2061174.000000 
1994432.000000 1990766.000000 2051774.000000 
2012138.000000 1974850.000000 2032680.000000 
1999110.000000 1975982.000000 2028224.000000 
2010774.000000 1975792.000000 2028270.000000 
1972396.000000 2013028.000000 1973632.000000 
1971070.000000 2014664.000000 1984680.000000 
1959424.000000 2025390.000000 1979784.000000 
2008040.000000 2017122.000000 1959436.000000 
1980600.000000 2001692.000000 1962930.000000 
1960944.000000 2021460.000000 1954372.000000 
1962538.000000 2017998.000000 1947008.000000 
1958368.000000 2031102.000000 1941158.000000 
1958374.000000 2053468.000000 1937724.000000 
1961386.000000 2020992.000000 1976952.000000 
1958754.000000 2030474.000000 1968676.000000 
1952172.000000 2043178.000000 1960004.000000 
1951744.000000 2058530.000000 1968476.000000 
2011498.000000 1978144.000000 2016628.000000 
1997446.000000 1986630.000000 1983342.000000 

1991360.000000 1975386.000000 2015464.000000 
2048746.000000 1969114.000000 1993166.000000 
2016402.000000 1985564.000000 2001504.000000 
1995174.000000 1970566.000000 2021196.000000 
1996080.000000 1974656.000000 2019828.000000 
2004558.000000 2005390.000000 1997554.000000 
2014746.000000 1948762.000000 2006596.000000 
2027148.000000 1933338.000000 2035910.000000 
2013618.000000 1930200.000000 2036848.000000 
2001678.000000 2012082.000000 2001464.000000 
1986762.000000 1979994.000000 2025900.000000 
1989226.000000 2017284.000000 2019924.000000 
1995568.000000 2009984.000000 2007368.000000 
1994018.000000 1968632.000000 2036794.000000 
2015856.000000 1999000.000000 1994602.000000 
2029090.000000 1991220.000000 1996396.000000 
2027478.000000 2007804.000000 1993584.000000 
2028032.000000 2009812.000000 1979806.000000 
2037940.000000 2013806.000000 1979528.000000 
2035336.000000 1976312.000000 1995642.000000 
2032866.000000 1978984.000000 1988666.000000 
2040290.000000 1995726.000000 1986518.000000 
2059702.000000 1998436.000000 1979148.000000 
2015334.000000 1923438.000000 2036606.000000 
1990784.000000 2002694.000000 2021456.000000 
2021192.000000 1933466.000000 2026854.000000 
2008410.000000 1941394.000000 2054922.000000 
2001394.000000 1946534.000000 2058084.000000 
2011850.000000 1952376.000000 2015298.000000 
2010982.000000 1944634.000000 2022442.000000 
2014106.000000 1935622.000000 2030894.000000 
1998608.000000 1967944.000000 2066344.000000 
2014182.000000 1950066.000000 2021864.000000 
1993466.000000 2012720.000000 1990606.000000 
1996260.000000 1977946.000000 2011542.000000 
1986682.000000 1969926.000000 2069770.000000 
1986366.000000 1972778.000000 2091632.000000 
1977752.000000 1982842.000000 2073562.000000 
2006968.000000 1955780.000000 2005760.000000 
2004802.000000 1968928.000000 2002750.000000 
2011382.000000 2029878.000000 1984888.000000 
2003848.000000 2039324.000000 1974548.000000 
2020298.000000 1989586.000000 2000826.000000 
2024996.000000 1983264.000000 1997326.000000 
1978870.000000 1989660.000000 2049262.000000 
1982294.000000 1983264.000000 2038768.000000 
1975642.000000 1985360.000000 2061622.000000 
2003568.000000 1957166.000000 2019060.000000 
2003392.000000 1972762.000000 2009096.000000 
1991148.000000 2005868.000000 2017524.000000 
2002518.000000 2010282.000000 2005148.000000 
2001210.000000 1985822.000000 2005882.000000 
1983662.000000 2033124.000000 2026516.000000 
2030170.000000 2020054.000000 1977448.000000 
1978976.000000 2005340.000000 2045472.000000 
2004512.000000 1993276.000000 2000218.000000 
2025004.000000 2044646.000000 1974216.000000 
2019202.000000 2021342.000000 1988920.000000 
1997034.000000 1987056.000000 2007686.000000 
1986170.000000 1990334.000000 2026834.000000 
2022982.000000 2038360.000000 1978310.000000 
2023292.000000 2048160.000000 1970460.000000 

1931794.000000 2042954.000000 2011024.000000 
1964674.000000 2042960.000000 1966676.000000 
1963898.000000 2014670.000000 1988742.000000 
1948042.000000 2023122.000000 1973336.000000 
1959480.000000 2015352.000000 2003564.000000 
1948850.000000 2009506.000000 2007448.000000 
1985536.000000 1985380.000000 2003432.000000 
1961714.000000 2017292.000000 1994132.000000 
1943932.000000 2037200.000000 1980548.000000 
1964514.000000 2020070.000000 1978158.000000 
1953862.000000 2019958.000000 1991906.000000 
1980236.000000 1985128.000000 2019670.000000 
1939676.000000 2019168.000000 2004582.000000 
1973122.000000 1999134.000000 2000132.000000 
1947378.000000 2032866.000000 1977790.000000 
1933086.000000 2027754.000000 1983208.000000 
1927088.000000 2009762.000000 2017010.000000 
1965880.000000 1991820.000000 2008242.000000 
1963584.000000 1994978.000000 2013560.000000 
1964272.000000 1992976.000000 2014598.000000 
1974916.000000 1999348.000000 1988880.000000 
1973102.000000 2010522.000000 1988824.000000 
1986080.000000 1978646.000000 2023350.000000 
1987976.000000 1987420.000000 2001048.000000 
1953912.000000 2000116.000000 2053926.000000 
1971222.000000 2012414.000000 1988406.000000 
2006402.000000 1973436.000000 2045960.000000 
1981212.000000 1983818.000000 2011624.000000 
1982862.000000 2016408.000000 1984626.000000 
1938670.000000 2010692.000000 2015644.000000 
1962844.000000 1997508.000000 2043706.000000 
1965388.000000 2002918.000000 1993568.000000 
1997302.000000 1980720.000000 2017372.000000 
1967884.000000 2013678.000000 1990564.000000 
1936632.000000 2006092.000000 2049992.000000 
1995620.000000 1978510.000000 2052402.000000 
1943052.000000 2005150.000000 2017828.000000 
1970072.000000 1989538.000000 2042232.000000 
1955714.000000 2020342.000000 1985896.000000 
1981564.000000 1998874.000000 2007234.000000 
1960374.000000 2001608.000000 2000742.000000 
1961920.000000 1998916.000000 2022406.000000 
1997516.000000 1974188.000000 2034792.000000 

1961802.000000 2014292.000000 1997950.000000 
1958740.000000 1995086.000000 2004264.000000 
1933390.000000 2007424.000000 2021754.000000 
1980242.000000 2029814.000000 1970198.000000 
1950160.000000 1979652.000000 2005768.000000 
1957734.000000 1965826.000000 2021422.000000 
1964928.000000 1997744.000000 1996432.000000 
1977578.000000 2012962.000000 1996048.000000 
1981594.000000 1960222.000000 2031438.000000 
1961946.000000 2015994.000000 1986686.000000 
1953088.000000 2032608.000000 1972212.000000 
1994878.000000 1956900.000000 2064280.000000 
1937394.000000 2020368.000000 2009268.000000 
1942148.000000 1996186.000000 2000288.000000 
1948330.000000 2029580.000000 2000174.000000 
1949122.000000 2025650.000000 1980482.000000 
1957566.000000 2023932.000000 1993110.000000 
1943302.000000 2047194.000000 1996034.000000 
1981124.000000 2021106.000000 1981914.000000 
1984810.000000 2045378.000000 1968414.000000 
1938360.000000 2030812.000000 2008198.000000 
1948384.000000 2044368.000000 1991388.000000 
1944148.000000 2033486.000000 1997844.000000 
1939674.000000 2047676.000000 1990944.000000 
1982916.000000 2048360.000000 1933794.000000 
1991596.000000 2035384.000000 1956582.000000 
1991524.000000 2032376.000000 1969762.000000 
1983256.000000 1963176.000000 2029122.000000 
2009586.000000 2032112.000000 1968018.000000 
2011020.000000 2015534.000000 1971956.000000 
2008650.000000 2010806.000000 1977034.000000 
2012138.000000 1986974.000000 2001164.000000 
1973796.000000 2057642.000000 1951200.000000 

1966554.000000 1985234.000000 1990696.000000 
1961002.000000 1995316.000000 2015370.000000 
1966086.000000 1979042.000000 2034636.000000 
1982336.000000 1977076.000000 2021044.000000 
1986644.000000 1975376.000000 2018062.000000 
1973926.000000 2013388.000000 1988298.000000 
1977032.000000 2008912.000000 1987290.000000 
1981058.000000 2005904.000000 1990580.000000 
1973266.000000 2033826.000000 1980526.000000 
1961324.000000 2011150.000000 2006920.000000 
1973488.000000 2019174.000000 1981452.000000 
1973302.000000 1978644.000000 2028228.000000 

