964198.000000 911712.000000 
1045502.000000 837700.000000 
1010402.000000 862844.000000 
955426.000000 937536.000000 
975956.000000 907174.000000 
959838.000000 912418.000000 
972318.000000 911604.000000 
973768.000000 907184.000000 
942974.000000 958738.000000 
991348.000000 883958.000000 
1034660.000000 850990.000000 
987996.000000 889228.000000 
956528.000000 922844.000000 
981380.000000 897004.000000 
989904.000000 888700.000000 
1012408.000000 856602.000000 
978234.000000 897890.000000 
949044.000000 958568.000000 
1020204.000000 852166.000000 
992730.000000 871304.000000 
1042590.000000 843938.000000 
1063116.000000 836838.000000 
984994.000000 890164.000000 
1007454.000000 865724.000000 
977622.000000 905812.000000 
950522.000000 948366.000000 
984436.000000 895914.000000 
955056.000000 942514.000000 
987880.000000 889874.000000 
1002416.000000 866876.000000 
1040314.000000 848354.000000 

1013646.000000 868062.000000 
1032858.000000 853386.000000 
939724.000000 966428.000000 
965270.000000 925312.000000 
1011432.000000 873532.000000 
944328.000000 962078.000000 
946964.000000 952502.000000 
958640.000000 939778.000000 
1040610.000000 840526.000000 
1012682.000000 872648.000000 
943422.000000 965758.000000 
1038720.000000 848110.000000 
1028584.000000 859908.000000 
1027636.000000 861774.000000 
959842.000000 927710.000000 
969036.000000 921582.000000 
937136.000000 979386.000000 
952406.000000 940682.000000 
984082.000000 888290.000000 
998696.000000 878326.000000 
972162.000000 912860.000000 
1005872.000000 873922.000000 
1003108.000000 875636.000000 
1024914.000000 866828.000000 
979764.000000 899438.000000 
982840.000000 896480.000000 
950394.000000 949434.000000 
991180.000000 882418.000000 
1047360.000000 837916.000000 
978250.000000 907024.000000 
970004.000000 916474.000000 

1037828.000000 852316.000000 
990384.000000 875742.000000 
933212.000000 963544.000000 
966448.000000 920722.000000 
1000966.000000 874952.000000 
973040.000000 910500.000000 
969010.000000 911676.000000 
942028.000000 927416.000000 
983170.000000 888832.000000 
1083030.000000 841886.000000 
941902.000000 961170.000000 
1054488.000000 847072.000000 
1048442.000000 849000.000000 
959512.000000 926260.000000 
966518.000000 915028.000000 
967518.000000 912182.000000 
1058688.000000 844252.000000 
966206.000000 920846.000000 
1020416.000000 861112.000000 
1031480.000000 858742.000000 
1013262.000000 868320.000000 
941204.000000 961300.000000 
1005284.000000 872732.000000 
972588.000000 911474.000000 
975262.000000 902148.000000 
1008670.000000 869762.000000 
978616.000000 895874.000000 
1024356.000000 859510.000000 
1015938.000000 865732.000000 
1058568.000000 845116.000000 
1068296.000000 843516.000000 
1046364.000000 849096.000000 

1068966.000000 829396.000000 
949812.000000 934078.000000 
1025594.000000 848802.000000 
972156.000000 891152.000000 
959988.000000 908284.000000 
1011276.000000 865228.000000 
1012582.000000 861964.000000 
1037656.000000 847480.000000 
966112.000000 895224.000000 
1043144.000000 842546.000000 
949380.000000 957014.000000 
934610.000000 957976.000000 
955246.000000 933964.000000 
1020198.000000 859940.000000 
962542.000000 899910.000000 
956958.000000 919972.000000 
957002.000000 912242.000000 
1056776.000000 838656.000000 
1073396.000000 824478.000000 
949528.000000 951862.000000 
1038782.000000 846204.000000 
1049122.000000 842210.000000 
1052628.000000 839470.000000 
973828.000000 865400.000000 
1064878.000000 837866.000000 
956782.000000 928366.000000 
1024188.000000 854860.000000 
1040326.000000 843416.000000 

1040610.000000 852888.000000 
961228.000000 923944.000000 
1052476.000000 842210.000000 
944306.000000 964130.000000 
1050958.000000 847506.000000 
1014830.000000 863640.000000 
955924.000000 928734.000000 
946300.000000 929570.000000 
973024.000000 907334.000000 
998864.000000 870626.000000 
1043092.000000 851404.000000 
998528.000000 874760.000000 
975630.000000 904842.000000 
990144.000000 878400.000000 
969074.000000 909294.000000 
990294.000000 877532.000000 
1093320.000000 838474.000000 
983372.000000 881484.000000 
968872.000000 909562.000000 
988094.000000 881348.000000 
967806.000000 915534.000000 
1018330.000000 854238.000000 
1098176.000000 836360.000000 
1005058.000000 865012.000000 
1011476.000000 864628.000000 
964548.000000 916550.000000 
1048368.000000 850480.000000 
1004596.000000 867472.000000 
1041518.000000 852786.000000 
976558.000000 887116.000000 
976166.000000 893880.000000 

938286.000000 950626.000000 
945088.000000 947606.000000 
1056702.000000 847364.000000 
974386.000000 900354.000000 
948934.000000 947054.000000 
973476.000000 900546.000000 
956130.000000 929536.000000 
996700.000000 878460.000000 
985888.000000 892546.000000 
960750.000000 917280.000000 
966028.000000 911162.000000 
1033912.000000 853516.000000 
951340.000000 945220.000000 
1005928.000000 866136.000000 
1005538.000000 867554.000000 
1068296.000000 841628.000000 
965868.000000 916542.000000 
1015124.000000 861900.000000 
995656.000000 881556.000000 
956414.000000 928338.000000 
967704.000000 902682.000000 
967154.000000 906404.000000 
979644.000000 893894.000000 
938210.000000 972778.000000 
986776.000000 888918.000000 
989102.000000 884500.000000 
1084186.000000 839978.000000 
995650.000000 881616.000000 
989240.000000 884382.000000 
956820.000000 922962.000000 
952290.000000 933212.000000 
935428.000000 979074.000000 
994034.000000 883138.000000 
978374.000000 899490.000000 
950940.000000 946370.000000 
1000876.000000 867698.000000 
978488.000000 896584.000000 
975720.000000 899742.000000 
979704.000000 893670.000000 

979516.000000 898124.000000 
960152.000000 935266.000000 
960626.000000 933878.000000 
1055860.000000 848528.000000 
985950.000000 889974.000000 
1013356.000000 866454.000000 
1039014.000000 848580.000000 
991146.000000 886504.000000 
1059028.000000 846428.000000 
1005550.000000 868062.000000 
973788.000000 911092.000000 
972634.000000 915056.000000 
965472.000000 920794.000000 
955854.000000 938130.000000 
1072924.000000 835384.000000 
1037678.000000 849886.000000 
1022048.000000 859036.000000 
963372.000000 923892.000000 
946002.000000 960704.000000 
962034.000000 926268.000000 
964550.000000 921110.000000 
937946.000000 1011462.000000 
940374.000000 994386.000000 
1062646.000000 838978.000000 
1036506.000000 855680.000000 
985524.000000 890712.000000 
989402.000000 887562.000000 
950306.000000 957656.000000 
1008780.000000 867920.000000 
1015904.000000 864592.000000 
951514.000000 945968.000000 
994246.000000 879382.000000 
942370.000000 981122.000000 
982202.000000 896414.000000 
1020130.000000 860330.000000 
968166.000000 919372.000000 
978588.000000 904564.000000 
1003742.000000 874686.000000 
975490.000000 904708.000000 
1056558.000000 848468.000000 

1067856.000000 845554.000000 
940414.000000 942146.000000 
975506.000000 889894.000000 
955518.000000 918726.000000 
1097156.000000 840494.000000 
1071924.000000 845066.000000 
945518.000000 933098.000000 
1059770.000000 846746.000000 
1006090.000000 862080.000000 
949000.000000 919560.000000 
990074.000000 872646.000000 
934870.000000 944064.000000 
1047618.000000 852568.000000 
984038.000000 885400.000000 
971626.000000 897654.000000 
969238.000000 900412.000000 
1012238.000000 862036.000000 
1004518.000000 870266.000000 
924478.000000 979716.000000 
1019658.000000 855126.000000 
927874.000000 958036.000000 
1039350.000000 852580.000000 
937956.000000 942746.000000 
997984.000000 870816.000000 
957122.000000 905522.000000 
960174.000000 905194.000000 
987614.000000 879092.000000 

930696.000000 981026.000000 
955688.000000 925844.000000 
935444.000000 971764.000000 
947826.000000 945736.000000 
1035570.000000 847446.000000 
1007544.000000 870354.000000 
1012634.000000 857148.000000 
989638.000000 887804.000000 
946658.000000 950710.000000 
953126.000000 945078.000000 
980196.000000 906312.000000 
971620.000000 908776.000000 
1001084.000000 873340.000000 
996806.000000 881918.000000 
982842.000000 898878.000000 
984250.000000 892440.000000 
980962.000000 901808.000000 
991614.000000 885044.000000 

974986.000000 886310.000000 
935118.000000 969556.000000 
1057154.000000 845518.000000 
959772.000000 921600.000000 
1025760.000000 856806.000000 
949758.000000 930188.000000 
944420.000000 938806.000000 
962268.000000 897392.000000 
948438.000000 936258.000000 
1014480.000000 867620.000000 
1019536.000000 862970.000000 
1048696.000000 850396.000000 
1063486.000000 834452.000000 
1030554.000000 850820.000000 
1061826.000000 841526.000000 
1051698.000000 849646.000000 
1015022.000000 865846.000000 
943532.000000 939398.000000 
1012050.000000 871166.000000 
991992.000000 876810.000000 
939026.000000 959190.000000 
956604.000000 926826.000000 
941062.000000 953722.000000 
1011586.000000 874078.000000 
1041084.000000 850778.000000 

1001918.000000 879996.000000 
987292.000000 890864.000000 
973322.000000 894808.000000 
995874.000000 883186.000000 
954126.000000 928714.000000 
1022920.000000 854540.000000 
970054.000000 896508.000000 
1013382.000000 859258.000000 
994358.000000 886208.000000 
1002642.000000 868708.000000 
962938.000000 921192.000000 
931622.000000 1038418.000000 
932394.000000 982842.000000 
986096.000000 892204.000000 
996554.000000 882920.000000 
941840.000000 956408.000000 
999436.000000 882410.000000 
1011764.000000 862878.000000 
1054576.000000 847336.000000 
933314.000000 973656.000000 
963168.000000 908870.000000 
968732.000000 906382.000000 
945594.000000 933802.000000 
957280.000000 921844.000000 
1009946.000000 867052.000000 
965756.000000 908460.000000 
987584.000000 888776.000000 
977134.000000 892222.000000 
938640.000000 965538.000000 
1039836.000000 847380.000000 

986546.000000 874634.000000 
966248.000000 914668.000000 
972248.000000 901482.000000 
932284.000000 973918.000000 
961856.000000 916744.000000 
956438.000000 926804.000000 
941546.000000 945090.000000 
969020.000000 911728.000000 
952094.000000 936968.000000 
972444.000000 895766.000000 
1053286.000000 845270.000000 
959242.000000 920866.000000 
970428.000000 905646.000000 
966892.000000 913996.000000 
977046.000000 893056.000000 
1079100.000000 840702.000000 
1040060.000000 849202.000000 
989000.000000 857186.000000 
987360.000000 869996.000000 
970542.000000 903136.000000 
1033442.000000 855756.000000 
963918.000000 916214.000000 
978650.000000 883812.000000 
1034604.000000 850692.000000 
958192.000000 924806.000000 
969092.000000 907132.000000 

965310.000000 965582.000000 
1008094.000000 866994.000000 
975960.000000 879374.000000 
967304.000000 915104.000000 
967140.000000 950142.000000 
986602.000000 870256.000000 

980040.000000 901164.000000 
1061444.000000 843536.000000 
957796.000000 935700.000000 
951180.000000 940608.000000 
947126.000000 970342.000000 
991256.000000 876936.000000 
992676.000000 869724.000000 
980616.000000 898362.000000 
988258.000000 885618.000000 
981118.000000 890760.000000 
958150.000000 922872.000000 
982932.000000 888066.000000 
944340.000000 977238.000000 
962896.000000 909904.000000 
1046204.000000 849628.000000 
969572.000000 901584.000000 
1048274.000000 845816.000000 
949222.000000 953602.000000 
1011996.000000 862586.000000 
1042606.000000 852500.000000 
956736.000000 939340.000000 
1069234.000000 843102.000000 
1043284.000000 850360.000000 
1014932.000000 860344.000000 
1010344.000000 868342.000000 
1022922.000000 853008.000000 

1039452.000000 850762.000000 
961406.000000 907572.000000 
1048714.000000 843532.000000 
948058.000000 958596.000000 
979250.000000 892732.000000 
1036766.000000 851252.000000 
959992.000000 918034.000000 
968616.000000 894640.000000 
1020366.000000 860842.000000 
1047008.000000 845750.000000 
1065590.000000 838052.000000 
949192.000000 945710.000000 
1027340.000000 856964.000000 
1020886.000000 859108.000000 
951506.000000 933194.000000 
958162.000000 918376.000000 
957332.000000 919772.000000 
966218.000000 902530.000000 
1005376.000000 863628.000000 
1036302.000000 855218.000000 
956688.000000 921444.000000 
985874.000000 868004.000000 
1064946.000000 842040.000000 
1031906.000000 855624.000000 
951198.000000 935144.000000 
954622.000000 921666.000000 
982066.000000 890868.000000 

1091042.000000 832528.000000 
1062204.000000 841786.000000 
1089510.000000 839346.000000 
1010054.000000 865484.000000 
989452.000000 879488.000000 
929372.000000 969478.000000 
951216.000000 912534.000000 
954958.000000 911700.000000 
996914.000000 873772.000000 
1003240.000000 873424.000000 
962668.000000 902668.000000 
964730.000000 895360.000000 
948228.000000 916132.000000 
933042.000000 952258.000000 
1049654.000000 849396.000000 
1034674.000000 853938.000000 
984686.000000 885032.000000 
977688.000000 889788.000000 
935796.000000 920100.000000 
931620.000000 959852.000000 
1067336.000000 840714.000000 
1033748.000000 854084.000000 
934716.000000 946822.000000 
933234.000000 949330.000000 
931984.000000 953426.000000 
956304.000000 910020.000000 
1011062.000000 864230.000000 
1035464.000000 853734.000000 
1044246.000000 853108.000000 
927278.000000 973672.000000 
1016150.000000 856848.000000 
1004258.000000 870052.000000 

938532.000000 997826.000000 
1029836.000000 851684.000000 
1039244.000000 849830.000000 
1041060.000000 846124.000000 
1008080.000000 857358.000000 
1046430.000000 839772.000000 
940488.000000 957960.000000 
992282.000000 877162.000000 
991154.000000 886442.000000 
986524.000000 892534.000000 
1038056.000000 851096.000000 
960894.000000 936284.000000 
966604.000000 899992.000000 
980632.000000 893576.000000 
1089556.000000 820972.000000 
976946.000000 898224.000000 
957736.000000 942426.000000 
960912.000000 926162.000000 
937388.000000 1043814.000000 
986968.000000 889534.000000 
1061104.000000 832368.000000 
962850.000000 913744.000000 
1042392.000000 842392.000000 
998042.000000 866288.000000 
1067722.000000 827964.000000 
1039812.000000 849100.000000 
1075832.000000 826382.000000 
949378.000000 952946.000000 
953906.000000 947560.000000 
1060340.000000 839144.000000 
1042078.000000 845038.000000 
1027596.000000 852430.000000 
988788.000000 889494.000000 
1080368.000000 823066.000000 
1025332.000000 855140.000000 

945986.000000 947868.000000 
1023820.000000 849176.000000 
997676.000000 871670.000000 
945088.000000 949612.000000 
985238.000000 882244.000000 
983940.000000 885888.000000 
961904.000000 907354.000000 
951998.000000 943434.000000 
973034.000000 895716.000000 
1002478.000000 861446.000000 
1102646.000000 839436.000000 
931600.000000 992254.000000 
1000278.000000 868008.000000 
938740.000000 980816.000000 
955440.000000 939050.000000 
957962.000000 930780.000000 
981676.000000 892372.000000 
1055346.000000 845522.000000 
997238.000000 872480.000000 
984622.000000 884668.000000 
959586.000000 916934.000000 
1009150.000000 852476.000000 
1066370.000000 845416.000000 
1011954.000000 851576.000000 
994188.000000 872548.000000 
1091124.000000 843038.000000 
957004.000000 937158.000000 
1006382.000000 859726.000000 
941512.000000 950646.000000 
990980.000000 878574.000000 
979298.000000 895074.000000 
1075834.000000 843936.000000 
1079976.000000 843250.000000 
936060.000000 989426.000000 
1001100.000000 864514.000000 

970040.000000 909014.000000 
997064.000000 857576.000000 
947494.000000 948168.000000 
996506.000000 869474.000000 
961426.000000 924090.000000 
1019710.000000 840222.000000 
1033378.000000 838914.000000 
974738.000000 889628.000000 
1009576.000000 842954.000000 
937654.000000 955530.000000 
965580.000000 919860.000000 
973658.000000 897126.000000 
966504.000000 919132.000000 
955300.000000 928854.000000 
982070.000000 875556.000000 
1017978.000000 842526.000000 
985928.000000 874756.000000 
963460.000000 923002.000000 
954314.000000 929684.000000 
1008526.000000 847514.000000 
990582.000000 871574.000000 

939004.000000 993464.000000 
941146.000000 946438.000000 
952702.000000 899682.000000 
939690.000000 976182.000000 
988242.000000 867478.000000 
935616.000000 1000610.000000 
973466.000000 877684.000000 
1045798.000000 848146.000000 
982076.000000 876706.000000 
1033608.000000 853358.000000 
966032.000000 894188.000000 
1045122.000000 851758.000000 
985362.000000 869740.000000 
1002806.000000 856324.000000 
960852.000000 894982.000000 
952058.000000 940662.000000 
1018438.000000 853914.000000 
1039040.000000 852490.000000 
968068.000000 885878.000000 
989212.000000 864530.000000 

948088.000000 983514.000000 
1036194.000000 858082.000000 
963400.000000 906310.000000 
1074590.000000 846584.000000 
947024.000000 988754.000000 
1037938.000000 857364.000000 
982124.000000 881700.000000 
945212.000000 994966.000000 
1024000.000000 860782.000000 
1034372.000000 859870.000000 
947566.000000 987978.000000 
964424.000000 901820.000000 
954398.000000 918364.000000 
1014490.000000 873666.000000 
938896.000000 998282.000000 
1035100.000000 859118.000000 
1008916.000000 874934.000000 
963422.000000 901906.000000 
992038.000000 877514.000000 
1014562.000000 873536.000000 
1041018.000000 852148.000000 
1128580.000000 846350.000000 
959708.000000 916470.000000 
1044386.000000 850218.000000 
981150.000000 887014.000000 
979044.000000 889338.000000 
1074460.000000 849220.000000 
960382.000000 915650.000000 
1012900.000000 873686.000000 
973746.000000 892262.000000 
961034.000000 913384.000000 
1017658.000000 862386.000000 
948690.000000 932590.000000 
940566.000000 996054.000000 

1019792.000000 865080.000000 
1067276.000000 839730.000000 
943412.000000 945658.000000 
966036.000000 897736.000000 
932618.000000 973704.000000 
1005778.000000 878704.000000 
1029482.000000 860246.000000 
1030328.000000 846912.000000 
1010252.000000 875184.000000 
945810.000000 927322.000000 
1014034.000000 869090.000000 
983542.000000 879116.000000 
957838.000000 909362.000000 
1015226.000000 867900.000000 
944114.000000 941568.000000 
1056086.000000 842400.000000 
1072210.000000 830110.000000 
1044880.000000 842884.000000 

1109840.000000 831938.000000 
1080144.000000 835602.000000 
962838.000000 914780.000000 
945460.000000 955858.000000 
985952.000000 885580.000000 
956526.000000 921736.000000 
967064.000000 897846.000000 
945386.000000 957358.000000 
949124.000000 934824.000000 
1068144.000000 837872.000000 
1032742.000000 851036.000000 
956044.000000 925816.000000 
939768.000000 974566.000000 
957768.000000 920282.000000 
1036456.000000 850528.000000 
1043898.000000 841042.000000 
938526.000000 988154.000000 
980610.000000 890154.000000 
1065128.000000 837996.000000 
993630.000000 873426.000000 
1003294.000000 860030.000000 
947630.000000 943290.000000 
978956.000000 895206.000000 
943960.000000 966800.000000 
941912.000000 972652.000000 
953572.000000 930888.000000 
942550.000000 968128.000000 

986762.000000 894686.000000 
951004.000000 965840.000000 
949666.000000 969308.000000 
997272.000000 864744.000000 
1082180.000000 845224.000000 
963444.000000 921790.000000 
934914.000000 998676.000000 
953022.000000 926552.000000 
996578.000000 888846.000000 
969354.000000 910610.000000 
953890.000000 925116.000000 
1088510.000000 839156.000000 
1075668.000000 847732.000000 
1017124.000000 854246.000000 
997024.000000 883454.000000 
949280.000000 972200.000000 
976436.000000 904964.000000 
966894.000000 912388.000000 
936216.000000 980268.000000 
981000.000000 895676.000000 
1039354.000000 851478.000000 
933654.000000 1006244.000000 
940704.000000 974554.000000 
1072556.000000 848152.000000 
1014046.000000 863350.000000 

966618.000000 917092.000000 
984454.000000 883844.000000 
967342.000000 916032.000000 
1018582.000000 859984.000000 
1022634.000000 854414.000000 
1031370.000000 842716.000000 
968178.000000 886796.000000 
956786.000000 918086.000000 
994754.000000 883162.000000 
935220.000000 929232.000000 
919440.000000 955836.000000 
1009268.000000 867058.000000 
1009118.000000 870390.000000 
925270.000000 938896.000000 
997664.000000 873640.000000 
1007402.000000 870576.000000 
998776.000000 871602.000000 
997564.000000 883074.000000 
951106.000000 927248.000000 
958496.000000 917702.000000 

949952.000000 926946.000000 
1038100.000000 858672.000000 
948964.000000 950254.000000 
977460.000000 895392.000000 
956608.000000 915962.000000 
988704.000000 880922.000000 
1041284.000000 854650.000000 
968458.000000 903876.000000 
1044752.000000 850980.000000 
972540.000000 898692.000000 
942974.000000 956622.000000 
1005814.000000 864562.000000 
983830.000000 891012.000000 
1015522.000000 861398.000000 
1002460.000000 871862.000000 
983878.000000 883508.000000 
946610.000000 952864.000000 
1001196.000000 875584.000000 
949886.000000 932986.000000 
969018.000000 899478.000000 
943764.000000 956550.000000 
961014.000000 908052.000000 
996604.000000 879626.000000 
999832.000000 878056.000000 
939588.000000 969578.000000 
975230.000000 896454.000000 
978730.000000 891954.000000 

978188.000000 902470.000000 
968952.000000 913364.000000 
1070116.000000 847228.000000 
1022396.000000 869136.000000 
967962.000000 919312.000000 
1029636.000000 868994.000000 
1019006.000000 870236.000000 
1010758.000000 879288.000000 
1003838.000000 882798.000000 
980676.000000 892936.000000 
986976.000000 889486.000000 
955754.000000 923552.000000 
975892.000000 908978.000000 
1049234.000000 861852.000000 
967812.000000 919598.000000 
992602.000000 888992.000000 
942838.000000 953390.000000 
970364.000000 909906.000000 
961362.000000 921524.000000 
995938.000000 884932.000000 
1030242.000000 865784.000000 
1032532.000000 865706.000000 
1011796.000000 873972.000000 
953278.000000 932184.000000 
1089896.000000 846168.000000 
1052464.000000 858592.000000 

1015630.000000 863120.000000 
944598.000000 983880.000000 
948654.000000 933124.000000 
1007806.000000 863834.000000 
962804.000000 899876.000000 
967450.000000 899020.000000 
975392.000000 896088.000000 
995710.000000 866100.000000 
1034264.000000 851426.000000 
946494.000000 946062.000000 
975854.000000 888392.000000 
976258.000000 887994.000000 
1041704.000000 848764.000000 
1017204.000000 861216.000000 
954868.000000 913098.000000 
975828.000000 889234.000000 
1017776.000000 854178.000000 
944710.000000 953914.000000 
953484.000000 929308.000000 
990732.000000 866878.000000 
976928.000000 875872.000000 
939946.000000 987546.000000 

1035624.000000 846866.000000 
956410.000000 919012.000000 
978164.000000 904204.000000 
1033672.000000 858890.000000 
950972.000000 931346.000000 
946210.000000 933594.000000 
935616.000000 956648.000000 
978728.000000 888446.000000 
1047756.000000 844416.000000 
951164.000000 930098.000000 
1043408.000000 845684.000000 
940782.000000 955344.000000 
1030762.000000 862862.000000 
968352.000000 904960.000000 
942864.000000 941776.000000 
1064132.000000 835608.000000 
1004780.000000 865140.000000 
981300.000000 878478.000000 
1000582.000000 877720.000000 
931806.000000 963982.000000 
942166.000000 949604.000000 
962598.000000 908978.000000 
1091416.000000 831978.000000 
951288.000000 929664.000000 
958352.000000 916800.000000 

995392.000000 862606.000000 
942834.000000 942584.000000 
934368.000000 962704.000000 
983202.000000 868974.000000 
939060.000000 946880.000000 
967200.000000 903018.000000 
939612.000000 946198.000000 
984474.000000 868674.000000 
1004348.000000 853544.000000 
1045326.000000 847792.000000 
963408.000000 912274.000000 
980582.000000 874978.000000 
995966.000000 862386.000000 
972438.000000 888054.000000 
973770.000000 875538.000000 
1021490.000000 850308.000000 
954342.000000 932782.000000 
952342.000000 938648.000000 
955264.000000 925900.000000 
957252.000000 924034.000000 
943598.000000 939150.000000 
926140.000000 968030.000000 
953852.000000 932918.000000 
962800.000000 921542.000000 
962288.000000 922804.000000 
933082.000000 967256.000000 

