916058.000000 931732.000000 
911240.000000 933732.000000 
929436.000000 890176.000000 
919424.000000 909576.000000 
916116.000000 911354.000000 
922778.000000 902496.000000 
946074.000000 871754.000000 
998044.000000 835818.000000 
992666.000000 839952.000000 
981576.000000 839976.000000 
977626.000000 848088.000000 
959172.000000 855508.000000 
957858.000000 861748.000000 
950082.000000 865726.000000 
965968.000000 855148.000000 
1011970.000000 835474.000000 
954554.000000 863310.000000 
929258.000000 899270.000000 
993046.000000 836528.000000 
946800.000000 869384.000000 
957238.000000 862766.000000 
946464.000000 870832.000000 
943484.000000 874856.000000 
925364.000000 899936.000000 
934866.000000 874966.000000 
968130.000000 849282.000000 
951302.000000 865032.000000 

941702.000000 916658.000000 
942490.000000 914818.000000 
965770.000000 873264.000000 
963558.000000 873302.000000 
969602.000000 863484.000000 
949564.000000 893622.000000 
962614.000000 876444.000000 
952002.000000 882456.000000 
948526.000000 895954.000000 
962422.000000 878956.000000 
942724.000000 902042.000000 
943338.000000 896428.000000 
943264.000000 897860.000000 
1022434.000000 822566.000000 
955270.000000 880916.000000 
958998.000000 879426.000000 
984880.000000 849812.000000 
978586.000000 856372.000000 
988504.000000 845282.000000 
993530.000000 835532.000000 
967882.000000 866658.000000 
999858.000000 834062.000000 
991866.000000 838568.000000 
980308.000000 850486.000000 
988580.000000 844760.000000 
977048.000000 857998.000000 
986828.000000 849522.000000 
1000850.000000 827238.000000 
940848.000000 916998.000000 
987816.000000 846202.000000 
974770.000000 859760.000000 
968822.000000 866416.000000 
974540.000000 862678.000000 

925246.000000 897758.000000 
909686.000000 927732.000000 
1004384.000000 840920.000000 
921854.000000 899630.000000 
929680.000000 887744.000000 
934358.000000 883806.000000 
926056.000000 895006.000000 
910446.000000 912954.000000 
990300.000000 846364.000000 
977852.000000 850064.000000 
913408.000000 904900.000000 
945160.000000 879838.000000 
961074.000000 861374.000000 
999330.000000 842406.000000 
976636.000000 851968.000000 
926238.000000 893724.000000 
946692.000000 869430.000000 
947092.000000 867238.000000 
935942.000000 880440.000000 
954208.000000 864060.000000 
934512.000000 882752.000000 
973248.000000 853370.000000 
946550.000000 875224.000000 
946252.000000 876114.000000 
961874.000000 855810.000000 
992506.000000 843958.000000 
1015688.000000 837114.000000 
961330.000000 859454.000000 
1000668.000000 842374.000000 
1007024.000000 837908.000000 

933216.000000 907520.000000 
927904.000000 910914.000000 
1016764.000000 831972.000000 
1006820.000000 833860.000000 
971564.000000 864878.000000 
969812.000000 868240.000000 
966736.000000 870524.000000 
960848.000000 875754.000000 
939654.000000 900768.000000 
941820.000000 898768.000000 
941202.000000 899474.000000 
937122.000000 905752.000000 
939198.000000 902444.000000 
923894.000000 913486.000000 
927816.000000 912610.000000 
939154.000000 902464.000000 
934312.000000 907220.000000 
936526.000000 905868.000000 
934774.000000 906148.000000 
944630.000000 897720.000000 
921266.000000 915704.000000 
1006652.000000 842556.000000 
923786.000000 915260.000000 
1054614.000000 824912.000000 
1004362.000000 842758.000000 
950350.000000 889322.000000 
944622.000000 898122.000000 
1073396.000000 824478.000000 
946360.000000 894502.000000 
945722.000000 896702.000000 
955090.000000 889014.000000 
947440.000000 893664.000000 
956228.000000 884076.000000 
959790.000000 877890.000000 
939024.000000 903440.000000 
985598.000000 851506.000000 
959512.000000 881372.000000 
967332.000000 870240.000000 
964576.000000 873618.000000 
969858.000000 865386.000000 
980558.000000 854302.000000 
977902.000000 858732.000000 
958110.000000 882228.000000 
949400.000000 890584.000000 
978548.000000 857018.000000 
966438.000000 872864.000000 
964516.000000 874150.000000 
972466.000000 860160.000000 
956098.000000 887708.000000 
989284.000000 847410.000000 
995698.000000 844530.000000 
990322.000000 845286.000000 
984328.000000 852864.000000 

1009652.000000 827500.000000 
973534.000000 845860.000000 
950392.000000 868364.000000 
978048.000000 840372.000000 
967866.000000 849148.000000 
984152.000000 834780.000000 
988296.000000 830542.000000 
976722.000000 843452.000000 
976768.000000 841496.000000 
937260.000000 882452.000000 
961222.000000 855138.000000 
951656.000000 860416.000000 
928266.000000 909056.000000 
949274.000000 869970.000000 
952152.000000 859320.000000 
961326.000000 853426.000000 
940348.000000 878194.000000 
940182.000000 879820.000000 
929684.000000 892142.000000 
942154.000000 870646.000000 
931928.000000 883352.000000 
929104.000000 907778.000000 
929404.000000 907224.000000 

1010962.000000 840404.000000 
1009338.000000 840710.000000 
984344.000000 857780.000000 
973472.000000 866014.000000 
996404.000000 848654.000000 
998162.000000 843128.000000 
1014050.000000 830194.000000 
1000312.000000 842430.000000 
996268.000000 849364.000000 
968262.000000 874566.000000 
979822.000000 862186.000000 
936450.000000 906854.000000 
972898.000000 868484.000000 
980970.000000 861826.000000 
977194.000000 865682.000000 
970356.000000 871330.000000 
978522.000000 864816.000000 
969268.000000 872744.000000 
986576.000000 857428.000000 
957934.000000 876712.000000 
953592.000000 886458.000000 
955676.000000 878874.000000 
989416.000000 850688.000000 
945722.000000 888448.000000 
953850.000000 883130.000000 
934384.000000 925180.000000 
981856.000000 860942.000000 
939470.000000 901884.000000 
942898.000000 897574.000000 
953786.000000 883430.000000 
950956.000000 887778.000000 
970930.000000 870394.000000 
989188.000000 855180.000000 
987828.000000 857046.000000 
981290.000000 861214.000000 
966166.000000 876700.000000 

926424.000000 909982.000000 
925468.000000 911364.000000 
933024.000000 898764.000000 
926690.000000 907640.000000 
934416.000000 898334.000000 
940498.000000 886836.000000 
935124.000000 897644.000000 
961262.000000 865982.000000 
930386.000000 899466.000000 
969666.000000 855220.000000 
974364.000000 848538.000000 
971116.000000 849612.000000 
975572.000000 846988.000000 
980846.000000 841894.000000 
942066.000000 882086.000000 
988528.000000 825968.000000 
949650.000000 877602.000000 
986360.000000 832562.000000 
919856.000000 916522.000000 
961910.000000 863874.000000 
968708.000000 855724.000000 
965652.000000 859950.000000 
941740.000000 883384.000000 
936892.000000 891588.000000 
961132.000000 865988.000000 
948530.000000 879820.000000 
951408.000000 866876.000000 
970566.000000 854006.000000 
937146.000000 889286.000000 
946424.000000 881106.000000 

923308.000000 906050.000000 
949292.000000 869654.000000 
937806.000000 890152.000000 
984464.000000 839842.000000 
944260.000000 876030.000000 
972616.000000 844240.000000 
929870.000000 901856.000000 
931024.000000 892882.000000 
922656.000000 913974.000000 
953800.000000 864972.000000 
924894.000000 901934.000000 
930042.000000 898084.000000 
931450.000000 891094.000000 
945170.000000 873966.000000 
940684.000000 882116.000000 
943154.000000 879352.000000 
957908.000000 863968.000000 
957652.000000 864554.000000 
966868.000000 853882.000000 
1011950.000000 821724.000000 
999880.000000 827974.000000 
959408.000000 858498.000000 
994566.000000 833144.000000 
982048.000000 843158.000000 
985164.000000 839072.000000 
982246.000000 841882.000000 
989076.000000 838818.000000 
997932.000000 830862.000000 
1039566.000000 818368.000000 
971012.000000 853136.000000 
969880.000000 853798.000000 
990158.000000 837720.000000 

956346.000000 908356.000000 
949072.000000 922906.000000 
956622.000000 907548.000000 
964678.000000 895112.000000 
1011930.000000 849070.000000 
993692.000000 858372.000000 
967922.000000 888926.000000 
978460.000000 872074.000000 
1002368.000000 849762.000000 
997080.000000 856548.000000 
977446.000000 875736.000000 
980842.000000 870376.000000 
970538.000000 885250.000000 
997190.000000 855456.000000 
955016.000000 909980.000000 
961298.000000 901332.000000 
962182.000000 900440.000000 
956800.000000 901708.000000 
968432.000000 888006.000000 
1019590.000000 837986.000000 
982544.000000 868678.000000 
974692.000000 877476.000000 
976376.000000 875794.000000 
1012166.000000 842408.000000 
978194.000000 875362.000000 
966102.000000 891390.000000 
994520.000000 857342.000000 
974750.000000 876714.000000 
963066.000000 895220.000000 
946428.000000 925564.000000 
967064.000000 890402.000000 
974000.000000 879550.000000 
991162.000000 863782.000000 
971180.000000 879970.000000 
987056.000000 864648.000000 
937506.000000 946958.000000 
942384.000000 928362.000000 
944748.000000 926906.000000 
938048.000000 937560.000000 
946634.000000 924510.000000 
949458.000000 914430.000000 

967040.000000 859242.000000 
997606.000000 834450.000000 
1027074.000000 823140.000000 
1031476.000000 819848.000000 
932294.000000 884700.000000 
1019062.000000 826048.000000 
1020920.000000 823216.000000 
969422.000000 851672.000000 
919872.000000 923644.000000 
986148.000000 836702.000000 
945134.000000 874102.000000 
958050.000000 863410.000000 
943598.000000 881232.000000 
952440.000000 872058.000000 
958822.000000 862478.000000 
998184.000000 826058.000000 
969002.000000 856410.000000 
927212.000000 903432.000000 
920362.000000 903744.000000 
929214.000000 896946.000000 
977598.000000 850060.000000 
978870.000000 842644.000000 
914040.000000 933042.000000 
911888.000000 936776.000000 
953206.000000 871622.000000 
941724.000000 884540.000000 
949970.000000 873164.000000 
956986.000000 869868.000000 
943780.000000 878844.000000 
953732.000000 869944.000000 

954474.000000 875712.000000 
942728.000000 889522.000000 
956120.000000 867882.000000 
917586.000000 931854.000000 
916356.000000 932434.000000 
928116.000000 904514.000000 
986562.000000 853080.000000 
945596.000000 888332.000000 
924256.000000 906980.000000 
921060.000000 916164.000000 
982896.000000 853970.000000 
909632.000000 933704.000000 
950316.000000 876520.000000 
930614.000000 896332.000000 
937898.000000 895870.000000 
936180.000000 896234.000000 
955066.000000 873714.000000 
945450.000000 889380.000000 
949316.000000 876960.000000 
967232.000000 859062.000000 
947938.000000 882834.000000 
938766.000000 892688.000000 
918634.000000 929430.000000 
919754.000000 927648.000000 
977930.000000 855162.000000 
962462.000000 866798.000000 
946630.000000 883352.000000 
974196.000000 855904.000000 
922182.000000 911356.000000 
1007500.000000 840694.000000 
1010240.000000 838664.000000 
940580.000000 891140.000000 
938356.000000 894910.000000 
990678.000000 841422.000000 

993804.000000 843604.000000 
998400.000000 831256.000000 
973868.000000 845792.000000 
926792.000000 910830.000000 
965464.000000 856824.000000 
938540.000000 880172.000000 
939168.000000 875958.000000 
945100.000000 872624.000000 
946542.000000 866698.000000 
933954.000000 892766.000000 
927598.000000 901536.000000 
931762.000000 894618.000000 
925832.000000 949288.000000 
952798.000000 864744.000000 
928798.000000 899860.000000 
936212.000000 883800.000000 
958532.000000 857076.000000 
953852.000000 863672.000000 

965310.000000 965582.000000 
1008094.000000 866994.000000 
975960.000000 879374.000000 
967304.000000 915104.000000 
967140.000000 950142.000000 
986602.000000 870256.000000 

959650.000000 868292.000000 
1008842.000000 830606.000000 
951652.000000 876464.000000 
967824.000000 860004.000000 
939334.000000 900200.000000 
962780.000000 867032.000000 
965224.000000 861130.000000 
970112.000000 853388.000000 
936740.000000 905814.000000 
1016716.000000 829132.000000 
997848.000000 834652.000000 
996820.000000 835292.000000 
964158.000000 863526.000000 
988886.000000 838880.000000 
949882.000000 881138.000000 
969418.000000 855610.000000 
988510.000000 842844.000000 
975036.000000 844440.000000 
987168.000000 844044.000000 
955246.000000 871266.000000 
946640.000000 882118.000000 
935658.000000 914892.000000 
939934.000000 890740.000000 
954622.000000 874252.000000 
950644.000000 881006.000000 
950944.000000 879332.000000 
961840.000000 868200.000000 
1004700.000000 831780.000000 
1012408.000000 829844.000000 

933728.000000 914164.000000 
989160.000000 846796.000000 
942570.000000 902038.000000 
943698.000000 901504.000000 
945794.000000 893316.000000 
937910.000000 905954.000000 
969802.000000 862098.000000 
977172.000000 854328.000000 
984738.000000 850118.000000 
985020.000000 849150.000000 
990592.000000 843662.000000 
934624.000000 909746.000000 
954342.000000 882900.000000 
947970.000000 886442.000000 
962904.000000 866596.000000 
988318.000000 847208.000000 
991652.000000 841642.000000 
1009022.000000 834080.000000 
1011662.000000 829654.000000 
971562.000000 859856.000000 
1018616.000000 825726.000000 
982330.000000 851578.000000 
994346.000000 840308.000000 
998938.000000 834722.000000 
975202.000000 858112.000000 
941210.000000 904520.000000 
954982.000000 880476.000000 
956948.000000 867980.000000 
943874.000000 897088.000000 

945074.000000 883120.000000 
1032944.000000 830966.000000 
986804.000000 850050.000000 
1040300.000000 829930.000000 
1015330.000000 834452.000000 
1007706.000000 839034.000000 
1008216.000000 839002.000000 
997838.000000 840972.000000 
1008514.000000 838706.000000 
1019784.000000 833114.000000 
1022994.000000 831044.000000 
924106.000000 925130.000000 
978896.000000 853600.000000 
994938.000000 846520.000000 
936616.000000 899526.000000 
941202.000000 896374.000000 
938334.000000 898034.000000 
955978.000000 874192.000000 
949936.000000 875834.000000 
921820.000000 940000.000000 
961958.000000 868996.000000 
958748.000000 872824.000000 
935240.000000 903638.000000 
926650.000000 923158.000000 
964656.000000 858376.000000 
946496.000000 878630.000000 
933824.000000 906192.000000 
928208.000000 909040.000000 
944482.000000 893338.000000 

947458.000000 880744.000000 
928602.000000 905788.000000 
977130.000000 843486.000000 
990450.000000 837738.000000 
996592.000000 832924.000000 
969984.000000 849142.000000 
934094.000000 895992.000000 
937504.000000 883858.000000 
969206.000000 853038.000000 
934470.000000 893460.000000 
932272.000000 902238.000000 
925598.000000 908910.000000 
979122.000000 842718.000000 
988300.000000 839670.000000 
949534.000000 879944.000000 
950402.000000 878456.000000 
933558.000000 897662.000000 
929672.000000 904618.000000 
931652.000000 904512.000000 
948294.000000 880280.000000 
951404.000000 864126.000000 
965018.000000 860320.000000 
959324.000000 861026.000000 
965724.000000 858518.000000 
967556.000000 857018.000000 
1001156.000000 829824.000000 
997974.000000 831732.000000 
996476.000000 834820.000000 
1006142.000000 828384.000000 
985224.000000 842200.000000 
1016700.000000 818298.000000 
995350.000000 837478.000000 
932532.000000 901248.000000 
1029996.000000 818240.000000 
921430.000000 915440.000000 
928642.000000 905444.000000 

1001966.000000 829932.000000 
952180.000000 869852.000000 
991458.000000 832394.000000 
1014580.000000 818198.000000 
936718.000000 893312.000000 
994744.000000 831540.000000 
979798.000000 847406.000000 
915212.000000 918802.000000 
962424.000000 861460.000000 
984112.000000 833796.000000 
971988.000000 847862.000000 
980440.000000 840082.000000 
931854.000000 895230.000000 
928292.000000 900962.000000 
924378.000000 905706.000000 
932072.000000 894968.000000 
968802.000000 853748.000000 
940182.000000 879820.000000 
916448.000000 915016.000000 
917914.000000 910312.000000 
938642.000000 885638.000000 
937016.000000 892610.000000 
966152.000000 855242.000000 
965242.000000 860508.000000 
959740.000000 862610.000000 
937494.000000 888206.000000 
922378.000000 909828.000000 
924620.000000 905334.000000 
957292.000000 865804.000000 
930006.000000 900384.000000 
938040.000000 888078.000000 
930824.000000 895554.000000 
942154.000000 870646.000000 
940396.000000 878316.000000 

980462.000000 857544.000000 
929764.000000 917726.000000 
940390.000000 901680.000000 
946254.000000 894392.000000 
935744.000000 907866.000000 
937914.000000 906588.000000 
978916.000000 858024.000000 
942066.000000 901454.000000 
924456.000000 922390.000000 
966356.000000 865672.000000 
951926.000000 884182.000000 
951022.000000 888104.000000 
951826.000000 887894.000000 
938310.000000 903478.000000 
947312.000000 888266.000000 
944226.000000 895974.000000 
932718.000000 907898.000000 
972072.000000 862490.000000 
945146.000000 894826.000000 
924054.000000 944406.000000 
977346.000000 858338.000000 
981078.000000 857522.000000 
991020.000000 845614.000000 
954094.000000 878222.000000 
1004710.000000 831872.000000 
996974.000000 837674.000000 
981086.000000 854942.000000 
961462.000000 867488.000000 
970898.000000 863470.000000 
975300.000000 859004.000000 
987202.000000 848456.000000 
973030.000000 859086.000000 
993158.000000 841646.000000 
983646.000000 849428.000000 
983374.000000 854636.000000 
989410.000000 845998.000000 
1004202.000000 835686.000000 
989200.000000 848074.000000 

907236.000000 938888.000000 
923582.000000 905936.000000 
928582.000000 905708.000000 
944328.000000 884568.000000 
945754.000000 881600.000000 
929108.000000 890614.000000 
936620.000000 885394.000000 
920404.000000 907478.000000 
906936.000000 941280.000000 
960292.000000 872316.000000 
1005004.000000 829444.000000 
909828.000000 925846.000000 
908346.000000 929826.000000 
957130.000000 873964.000000 
949914.000000 875286.000000 
1007154.000000 824262.000000 
936366.000000 886552.000000 
1024666.000000 819694.000000 
928752.000000 898084.000000 
1002756.000000 832686.000000 
998924.000000 837390.000000 
958276.000000 873120.000000 
1002824.000000 830576.000000 
957928.000000 873554.000000 
947426.000000 879780.000000 
932962.000000 890594.000000 
1001044.000000 833186.000000 
999252.000000 837080.000000 
998794.000000 837852.000000 
989114.000000 839036.000000 
909958.000000 916272.000000 
973560.000000 852704.000000 
961940.000000 868540.000000 
997710.000000 837952.000000 
979364.000000 844328.000000 
980540.000000 841822.000000 
965912.000000 855716.000000 
974352.000000 846794.000000 
973840.000000 851952.000000 
963376.000000 860346.000000 

933094.000000 931942.000000 
930964.000000 932366.000000 
935016.000000 921536.000000 
945106.000000 903622.000000 
938966.000000 911784.000000 
937752.000000 914132.000000 
943720.000000 907002.000000 
1010128.000000 837780.000000 
946740.000000 900372.000000 
953874.000000 893364.000000 
981346.000000 863240.000000 
985910.000000 850556.000000 
943120.000000 907304.000000 
976084.000000 866974.000000 
952196.000000 896122.000000 
969978.000000 872196.000000 
961266.000000 881032.000000 
971728.000000 867442.000000 
983772.000000 861916.000000 
954390.000000 888816.000000 
961600.000000 872396.000000 
970838.000000 868394.000000 
976574.000000 866786.000000 
959394.000000 884588.000000 
978344.000000 865784.000000 
985618.000000 858018.000000 
976322.000000 866808.000000 
1018092.000000 836420.000000 
1026014.000000 830718.000000 
1003548.000000 837930.000000 
992778.000000 841556.000000 

933706.000000 902202.000000 
918288.000000 903460.000000 
934006.000000 882388.000000 
1007736.000000 830428.000000 
961666.000000 851528.000000 
952992.000000 859374.000000 
960816.000000 856220.000000 
940826.000000 875258.000000 
956806.000000 857678.000000 
961122.000000 855584.000000 
937502.000000 877414.000000 
962692.000000 845794.000000 
942596.000000 871650.000000 
958032.000000 856416.000000 
962246.000000 850288.000000 
972722.000000 836500.000000 
978318.000000 832696.000000 
972410.000000 839356.000000 
943950.000000 864216.000000 
977866.000000 834172.000000 
949910.000000 862112.000000 
953792.000000 858540.000000 
964434.000000 839364.000000 
1072210.000000 830110.000000 

1012452.000000 820414.000000 
1003484.000000 827870.000000 
990668.000000 835724.000000 
935444.000000 890354.000000 
928798.000000 899860.000000 
1003938.000000 827040.000000 
927598.000000 901536.000000 
966040.000000 853208.000000 
931762.000000 894618.000000 
938540.000000 880172.000000 
973868.000000 845792.000000 
946542.000000 866698.000000 
939168.000000 875958.000000 
945100.000000 872624.000000 
965464.000000 856824.000000 
933954.000000 892766.000000 
973746.000000 852618.000000 
924900.000000 910926.000000 
929746.000000 899224.000000 
984336.000000 841032.000000 
923952.000000 913062.000000 
1007086.000000 823764.000000 
926792.000000 910830.000000 
958532.000000 857076.000000 
953852.000000 863672.000000 
936212.000000 883800.000000 
952798.000000 864744.000000 
988644.000000 839172.000000 
989956.000000 836050.000000 
1002886.000000 831172.000000 
995072.000000 834748.000000 
918734.000000 925938.000000 
982252.000000 844540.000000 

989968.000000 843308.000000 
997282.000000 838210.000000 
924218.000000 909400.000000 
998126.000000 836534.000000 
975144.000000 850290.000000 
923700.000000 918160.000000 
921196.000000 919438.000000 
934966.000000 901638.000000 
940796.000000 896008.000000 
942426.000000 892140.000000 
926136.000000 906364.000000 
925468.000000 907940.000000 
920768.000000 934744.000000 
937212.000000 896892.000000 
942724.000000 891298.000000 
985746.000000 844572.000000 
969692.000000 855534.000000 
968848.000000 857708.000000 
976320.000000 848460.000000 
919748.000000 936548.000000 
970732.000000 851538.000000 
904852.000000 961274.000000 
914824.000000 958796.000000 
957140.000000 864556.000000 
946308.000000 880564.000000 
919076.000000 941234.000000 
958272.000000 862582.000000 
916024.000000 948674.000000 
969478.000000 856092.000000 
961060.000000 857908.000000 
949472.000000 875724.000000 
918754.000000 948536.000000 
943782.000000 882804.000000 
936700.000000 898856.000000 
916360.000000 948610.000000 
951336.000000 875642.000000 
955772.000000 866026.000000 

944552.000000 888052.000000 
966918.000000 862378.000000 
967794.000000 853512.000000 
967176.000000 855352.000000 
965700.000000 864718.000000 
1004702.000000 835364.000000 
1010158.000000 835022.000000 
991144.000000 842562.000000 
998738.000000 841098.000000 
999288.000000 836592.000000 
1011822.000000 834214.000000 
1012940.000000 829486.000000 
946406.000000 884940.000000 
942938.000000 888124.000000 
991628.000000 841518.000000 
984158.000000 849194.000000 
938208.000000 893594.000000 
999282.000000 839940.000000 
982954.000000 852766.000000 
984328.000000 845440.000000 
966130.000000 862872.000000 
941770.000000 891144.000000 
952626.000000 878212.000000 
947420.000000 880786.000000 
929974.000000 912822.000000 
955630.000000 868712.000000 
956884.000000 865830.000000 
930730.000000 909248.000000 
934786.000000 905566.000000 
922842.000000 930148.000000 
938116.000000 902542.000000 
931760.000000 905970.000000 
935656.000000 903312.000000 
926334.000000 917094.000000 
923940.000000 922022.000000 

998110.000000 837376.000000 
935904.000000 897840.000000 
989096.000000 843844.000000 
930042.000000 898084.000000 
951046.000000 882624.000000 
929870.000000 901856.000000 
937924.000000 894356.000000 
924894.000000 901934.000000 
970306.000000 856806.000000 
963848.000000 863560.000000 
919168.000000 928284.000000 
971300.000000 853220.000000 
921738.000000 914896.000000 
943122.000000 887516.000000 
922656.000000 913974.000000 
941068.000000 892112.000000 
952086.000000 870956.000000 
924140.000000 911166.000000 
955596.000000 867422.000000 
947016.000000 883716.000000 
990012.000000 840994.000000 
982248.000000 846730.000000 
977306.000000 847728.000000 
973688.000000 850716.000000 
946844.000000 886872.000000 
967556.000000 857018.000000 
965018.000000 860320.000000 
961042.000000 866224.000000 
966440.000000 858954.000000 
956448.000000 866498.000000 
920108.000000 927380.000000 
970466.000000 855374.000000 
954492.000000 869546.000000 
985992.000000 843876.000000 

962102.000000 857664.000000 
935192.000000 901282.000000 
990820.000000 843774.000000 
948492.000000 878726.000000 
941398.000000 884198.000000 
951128.000000 872452.000000 
991144.000000 843592.000000 
986148.000000 846368.000000 
978512.000000 847770.000000 
935306.000000 897070.000000 
957984.000000 862330.000000 
932442.000000 901708.000000 
929726.000000 913828.000000 
970586.000000 853510.000000 
975058.000000 851346.000000 
932224.000000 909502.000000 
920956.000000 921634.000000 
971394.000000 853364.000000 
953520.000000 871538.000000 
998562.000000 839640.000000 
1005564.000000 834932.000000 
955478.000000 866096.000000 
949826.000000 872902.000000 
991990.000000 842302.000000 
941422.000000 883158.000000 
979694.000000 847366.000000 
978478.000000 851224.000000 
931024.000000 912422.000000 
948356.000000 879544.000000 
953806.000000 868072.000000 
942560.000000 879798.000000 
965866.000000 856102.000000 
939300.000000 885246.000000 
1040884.000000 827638.000000 
1017138.000000 830684.000000 
988580.000000 845686.000000 

929218.000000 907646.000000 
978702.000000 858724.000000 
931670.000000 900052.000000 
969716.000000 867274.000000 
966282.000000 867798.000000 
956446.000000 875294.000000 
970656.000000 860058.000000 
937750.000000 894884.000000 
928074.000000 908312.000000 
942884.000000 885216.000000 
958318.000000 870892.000000 
935798.000000 899268.000000 
953306.000000 876808.000000 
957966.000000 872038.000000 
969582.000000 867782.000000 
950876.000000 880076.000000 
940656.000000 887754.000000 
949878.000000 883710.000000 
1009726.000000 844100.000000 
938462.000000 889672.000000 
1006180.000000 844534.000000 
981240.000000 857144.000000 
943838.000000 883792.000000 
991680.000000 845626.000000 
965164.000000 868362.000000 
951198.000000 879216.000000 
931506.000000 903968.000000 
976702.000000 860048.000000 
936716.000000 895202.000000 
982368.000000 856524.000000 
970286.000000 863466.000000 
984252.000000 852612.000000 

956804.000000 859988.000000 
969382.000000 846214.000000 
959842.000000 851824.000000 
946800.000000 869384.000000 
946464.000000 870832.000000 
954554.000000 863310.000000 
943484.000000 874856.000000 
934866.000000 874966.000000 
930622.000000 895164.000000 
923674.000000 909620.000000 
949530.000000 867594.000000 
946426.000000 872048.000000 
973944.000000 845200.000000 
952886.000000 865588.000000 
957572.000000 858618.000000 
934760.000000 889740.000000 
931802.000000 892488.000000 
1008502.000000 829744.000000 
1015756.000000 826240.000000 
978580.000000 842884.000000 
988302.000000 833982.000000 
975924.000000 843672.000000 
974810.000000 844098.000000 
984660.000000 835948.000000 
980648.000000 841716.000000 
966468.000000 849996.000000 
951408.000000 866876.000000 
925972.000000 898534.000000 
1032252.000000 817204.000000 
994972.000000 833180.000000 
1023250.000000 822836.000000 

936622.000000 910512.000000 
939686.000000 908504.000000 
950780.000000 887856.000000 
925384.000000 947936.000000 
943158.000000 890346.000000 
953516.000000 883428.000000 
970420.000000 862546.000000 
992438.000000 840922.000000 
932722.000000 944578.000000 
939836.000000 906256.000000 
976722.000000 846832.000000 
936406.000000 934466.000000 
1006856.000000 839512.000000 
990456.000000 843794.000000 
948028.000000 888176.000000 
961246.000000 877324.000000 
943554.000000 888478.000000 
954240.000000 881104.000000 
1009392.000000 834386.000000 
1007756.000000 837504.000000 
954560.000000 877958.000000 
963180.000000 867066.000000 
1015010.000000 827458.000000 
953660.000000 882720.000000 
1004952.000000 839898.000000 
987882.000000 846074.000000 
971044.000000 859956.000000 
961678.000000 871506.000000 
960278.000000 877714.000000 
974442.000000 857136.000000 
962640.000000 869562.000000 

