1027782.000000 847658.000000 
953612.000000 920180.000000 
1006626.000000 857040.000000 
956546.000000 907032.000000 
928728.000000 988316.000000 
1040132.000000 840364.000000 
1027536.000000 849314.000000 
949898.000000 921842.000000 
946686.000000 934406.000000 
1008548.000000 855588.000000 
979340.000000 878146.000000 
932034.000000 986104.000000 
995374.000000 864924.000000 
1004488.000000 864162.000000 
1051790.000000 834404.000000 
937480.000000 943710.000000 
954102.000000 911684.000000 
983134.000000 874898.000000 
1023714.000000 849584.000000 
932086.000000 983540.000000 
948982.000000 924404.000000 
982158.000000 876502.000000 
958684.000000 887870.000000 
936536.000000 951490.000000 
935446.000000 979264.000000 
944270.000000 935162.000000 
980546.000000 877582.000000 
990076.000000 872668.000000 
967920.000000 881228.000000 
957608.000000 905850.000000 
945966.000000 934598.000000 
984178.000000 873198.000000 
953756.000000 916566.000000 
982666.000000 875604.000000 
991466.000000 868164.000000 
1020204.000000 852166.000000 
968632.000000 878316.000000 
961106.000000 887642.000000 
962246.000000 882258.000000 
1006080.000000 864022.000000 

956260.000000 932632.000000 
996498.000000 871866.000000 
950394.000000 949434.000000 
1017128.000000 857794.000000 
1017434.000000 854406.000000 
950404.000000 946862.000000 
1013434.000000 864740.000000 
1037092.000000 846134.000000 
940392.000000 954050.000000 
964700.000000 919522.000000 
1027238.000000 853254.000000 
973710.000000 895892.000000 
1038380.000000 845358.000000 
951908.000000 942986.000000 
946964.000000 952502.000000 
965714.000000 909348.000000 
951074.000000 945344.000000 
958668.000000 929494.000000 
1008700.000000 867088.000000 
952406.000000 940682.000000 
959842.000000 927710.000000 
965566.000000 909944.000000 
993592.000000 881064.000000 
982322.000000 882936.000000 
1040610.000000 840526.000000 
1027834.000000 847324.000000 
937136.000000 979386.000000 
991180.000000 882418.000000 
953950.000000 937696.000000 
1047360.000000 837916.000000 

1018514.000000 854730.000000 
1056138.000000 835412.000000 
929818.000000 964538.000000 
1070822.000000 832808.000000 
1017152.000000 857044.000000 
937814.000000 944612.000000 
1020938.000000 853984.000000 
1069926.000000 835344.000000 
966616.000000 894508.000000 
1002326.000000 871826.000000 
930414.000000 952112.000000 
1005974.000000 868612.000000 
979226.000000 887778.000000 
1025482.000000 840868.000000 
957742.000000 906068.000000 
977922.000000 889052.000000 
1004424.000000 869446.000000 
956700.000000 911976.000000 
1012834.000000 857902.000000 
993276.000000 872214.000000 
986658.000000 875494.000000 
990392.000000 872278.000000 
1050568.000000 835952.000000 
978154.000000 888576.000000 
964534.000000 896666.000000 
1007812.000000 866896.000000 
964346.000000 900022.000000 
968762.000000 890748.000000 
980288.000000 877834.000000 
983940.000000 877274.000000 
952148.000000 920356.000000 
938858.000000 922648.000000 

945648.000000 915534.000000 
955418.000000 902184.000000 
1073396.000000 824478.000000 
954796.000000 912832.000000 
933128.000000 942510.000000 
937548.000000 916592.000000 
1025772.000000 843334.000000 
994130.000000 864640.000000 
1058900.000000 832556.000000 
1008862.000000 854910.000000 
1013078.000000 854722.000000 
1035202.000000 843136.000000 
960212.000000 894704.000000 
933726.000000 938066.000000 
1035478.000000 843044.000000 
1027518.000000 843268.000000 
997270.000000 859632.000000 
1041830.000000 835478.000000 
1039104.000000 841936.000000 
1016312.000000 850316.000000 
931846.000000 980250.000000 
948478.000000 912870.000000 
1025594.000000 848802.000000 
973828.000000 865400.000000 
956182.000000 901042.000000 
965246.000000 874008.000000 
1068966.000000 829396.000000 

940738.000000 986930.000000 
965838.000000 903916.000000 
958100.000000 914658.000000 
1020596.000000 849180.000000 
1009028.000000 858268.000000 
953454.000000 916706.000000 
1040574.000000 843848.000000 
1031002.000000 844340.000000 
1093320.000000 838474.000000 
1009570.000000 854268.000000 
993680.000000 863550.000000 
942590.000000 962438.000000 
972190.000000 890854.000000 
943348.000000 934564.000000 
965170.000000 906062.000000 
950062.000000 921736.000000 
941848.000000 972854.000000 
1053436.000000 841820.000000 
1022018.000000 846870.000000 
1038936.000000 844242.000000 
965984.000000 895416.000000 
1006798.000000 862458.000000 
976288.000000 889618.000000 
1002598.000000 862964.000000 
1008026.000000 859766.000000 
961668.000000 909704.000000 
987000.000000 866044.000000 
967324.000000 893958.000000 
982306.000000 872688.000000 
979536.000000 877736.000000 
961992.000000 908298.000000 
944878.000000 924148.000000 

984840.000000 886766.000000 
932914.000000 946778.000000 
931604.000000 951020.000000 
999092.000000 872904.000000 
987214.000000 879882.000000 
938724.000000 945476.000000 
996700.000000 878460.000000 
949890.000000 915600.000000 
1005538.000000 867554.000000 
1045650.000000 843850.000000 
925422.000000 974150.000000 
994998.000000 879618.000000 
956418.000000 902308.000000 
946870.000000 926328.000000 
997098.000000 877330.000000 
972580.000000 889846.000000 
987100.000000 884414.000000 
987092.000000 884894.000000 
1084186.000000 839978.000000 
1005928.000000 866136.000000 
1018098.000000 850838.000000 
940000.000000 929650.000000 
1000876.000000 867698.000000 
966672.000000 897616.000000 
1013216.000000 860632.000000 
975716.000000 888902.000000 

943284.000000 939956.000000 
1037406.000000 844054.000000 
1002284.000000 865916.000000 
1083024.000000 829298.000000 
999284.000000 875046.000000 
1079538.000000 833320.000000 
1013108.000000 861844.000000 
965526.000000 905358.000000 
960716.000000 909650.000000 
934944.000000 971608.000000 
1025974.000000 852432.000000 
971678.000000 901490.000000 
1030596.000000 851152.000000 
938580.000000 951430.000000 
1010194.000000 865116.000000 
973648.000000 900200.000000 
974776.000000 896104.000000 
961524.000000 909444.000000 
995378.000000 875466.000000 
957860.000000 915072.000000 
1017212.000000 855422.000000 
999970.000000 874994.000000 
981628.000000 879930.000000 
977676.000000 895146.000000 
947512.000000 917110.000000 
1003614.000000 865380.000000 
972716.000000 900490.000000 
938520.000000 951542.000000 
1000560.000000 870906.000000 
978458.000000 893722.000000 
933140.000000 1009302.000000 
1033934.000000 849094.000000 
970304.000000 903214.000000 
1014994.000000 858730.000000 
979688.000000 889692.000000 
994978.000000 877410.000000 
1060592.000000 836542.000000 
1020786.000000 853640.000000 
1000006.000000 874596.000000 
986130.000000 879092.000000 

1036082.000000 850636.000000 
1038516.000000 846544.000000 
926766.000000 975338.000000 
995746.000000 867934.000000 
1048332.000000 841048.000000 
1060136.000000 828456.000000 
975732.000000 878276.000000 
922068.000000 980734.000000 
930718.000000 950464.000000 
944334.000000 929916.000000 
937328.000000 930332.000000 
974136.000000 888454.000000 
1014076.000000 858036.000000 
1006090.000000 862080.000000 
1030932.000000 850764.000000 
1019658.000000 855126.000000 
1039554.000000 843000.000000 
974112.000000 893722.000000 
932900.000000 936040.000000 
1012238.000000 862036.000000 
1022446.000000 852226.000000 
1018904.000000 857604.000000 
957642.000000 900008.000000 
999148.000000 865946.000000 
947980.000000 908096.000000 
947784.000000 919386.000000 
971626.000000 897654.000000 
1052688.000000 839014.000000 
927874.000000 958036.000000 
982252.000000 877844.000000 
957122.000000 905522.000000 
990074.000000 872646.000000 
972928.000000 895328.000000 
1048574.000000 839646.000000 
1023060.000000 851656.000000 
1001726.000000 865868.000000 

935038.000000 969058.000000 
1003000.000000 864824.000000 
1035570.000000 847446.000000 
994582.000000 883164.000000 
970138.000000 902414.000000 
960790.000000 928034.000000 
1011004.000000 859218.000000 
945314.000000 954128.000000 
941958.000000 961190.000000 
941482.000000 968916.000000 
948184.000000 934680.000000 
967536.000000 925888.000000 
967960.000000 924308.000000 
979082.000000 901008.000000 
929592.000000 969250.000000 
969434.000000 922048.000000 
1000320.000000 869194.000000 
945644.000000 950646.000000 
989638.000000 887804.000000 
1012634.000000 857148.000000 
955488.000000 930174.000000 
945994.000000 938060.000000 
968060.000000 923840.000000 
982842.000000 898878.000000 
984250.000000 892440.000000 
989392.000000 888730.000000 
996806.000000 881918.000000 
991614.000000 885044.000000 

926684.000000 960982.000000 
1084018.000000 825436.000000 
1006666.000000 859212.000000 
1014390.000000 849678.000000 
1000246.000000 868132.000000 
1026978.000000 843386.000000 
965990.000000 893692.000000 
929106.000000 953768.000000 
983536.000000 868806.000000 
970946.000000 876922.000000 
1040910.000000 841598.000000 
1005740.000000 860042.000000 
1053682.000000 836636.000000 
933668.000000 944746.000000 
965992.000000 893476.000000 
940978.000000 925394.000000 
944148.000000 916944.000000 
938996.000000 933134.000000 
1012388.000000 852350.000000 
1060428.000000 830150.000000 
1060838.000000 826376.000000 
954234.000000 895014.000000 
943918.000000 924716.000000 
949480.000000 896820.000000 
968044.000000 884928.000000 
936012.000000 937282.000000 

989566.000000 873944.000000 
1040744.000000 841592.000000 
1057128.000000 832252.000000 
1011186.000000 854746.000000 
926768.000000 979616.000000 
935046.000000 953798.000000 
949978.000000 905756.000000 
966618.000000 891950.000000 
986848.000000 877960.000000 
995062.000000 861914.000000 
923780.000000 991232.000000 
943296.000000 942000.000000 
963016.000000 897516.000000 
947712.000000 912686.000000 
943348.000000 917400.000000 
960494.000000 905534.000000 
929748.000000 970248.000000 
1007772.000000 861510.000000 
1022510.000000 848492.000000 
939588.000000 944694.000000 
974436.000000 882084.000000 

1010440.000000 850176.000000 
941546.000000 945090.000000 
1030676.000000 839680.000000 
1024474.000000 842962.000000 
944314.000000 933640.000000 
939362.000000 960116.000000 
938904.000000 961790.000000 
959740.000000 898524.000000 
970436.000000 877106.000000 
961822.000000 887838.000000 
949040.000000 904796.000000 
996090.000000 855368.000000 
932284.000000 973918.000000 
987366.000000 868894.000000 
989000.000000 857186.000000 
979516.000000 872862.000000 

965310.000000 965582.000000 
1008094.000000 866994.000000 
975960.000000 879374.000000 
967304.000000 915104.000000 
967140.000000 950142.000000 
986602.000000 870256.000000 

964380.000000 906942.000000 
1080298.000000 838744.000000 
941926.000000 960058.000000 
965996.000000 906566.000000 
1032582.000000 843712.000000 
1024188.000000 844230.000000 
1052300.000000 840072.000000 
1007546.000000 860132.000000 
982518.000000 878720.000000 
975442.000000 888572.000000 
1048284.000000 841474.000000 
970706.000000 894822.000000 
1010494.000000 856648.000000 
969508.000000 898374.000000 
978506.000000 879492.000000 
1022174.000000 853848.000000 
966542.000000 905260.000000 
1083164.000000 835894.000000 
977766.000000 884666.000000 
944366.000000 947570.000000 
952996.000000 911574.000000 
949610.000000 921110.000000 
996926.000000 867386.000000 
962896.000000 909904.000000 
945448.000000 940540.000000 
948110.000000 926948.000000 
986270.000000 875472.000000 
971328.000000 890236.000000 
992676.000000 869724.000000 
1022922.000000 853008.000000 

1057472.000000 838198.000000 
1040744.000000 848966.000000 
1058648.000000 837066.000000 
1030452.000000 849536.000000 
1101566.000000 829856.000000 
1077514.000000 832696.000000 
1040666.000000 849290.000000 
941104.000000 941482.000000 
1048714.000000 843532.000000 
956668.000000 916570.000000 
949776.000000 931724.000000 
1050296.000000 843228.000000 
961428.000000 902702.000000 
1053360.000000 841484.000000 
1046590.000000 844024.000000 
1061020.000000 835032.000000 
949630.000000 936444.000000 
1029016.000000 849626.000000 
998008.000000 857700.000000 
1024670.000000 850294.000000 
943016.000000 940822.000000 
968616.000000 894640.000000 
985874.000000 868004.000000 
969914.000000 892766.000000 
1042038.000000 844736.000000 
983842.000000 879546.000000 
961406.000000 907572.000000 
1019026.000000 857518.000000 
953978.000000 921608.000000 
959608.000000 911858.000000 
966218.000000 902530.000000 
976502.000000 882388.000000 

983544.000000 876450.000000 
971796.000000 894662.000000 
1073230.000000 840864.000000 
974566.000000 893302.000000 
1000344.000000 868402.000000 
1062204.000000 841786.000000 
1033908.000000 841854.000000 
1001816.000000 859540.000000 
954958.000000 911700.000000 
964730.000000 895360.000000 
983706.000000 873334.000000 
1079372.000000 837126.000000 
948228.000000 916132.000000 
951216.000000 912534.000000 
1018078.000000 850932.000000 
928280.000000 939660.000000 
994236.000000 869024.000000 
992536.000000 872276.000000 
953446.000000 912522.000000 
975884.000000 884084.000000 
974580.000000 890372.000000 
1014002.000000 854260.000000 
1006650.000000 857456.000000 
956304.000000 910020.000000 
957224.000000 901322.000000 
954384.000000 911876.000000 
1000694.000000 864132.000000 
921820.000000 940000.000000 
935796.000000 920100.000000 
1093532.000000 832568.000000 

945116.000000 946164.000000 
995260.000000 864692.000000 
956610.000000 930164.000000 
1007244.000000 855896.000000 
956992.000000 921644.000000 
934898.000000 980810.000000 
947948.000000 943230.000000 
966604.000000 899992.000000 
957134.000000 918734.000000 
959582.000000 910686.000000 
935824.000000 973102.000000 
976314.000000 880198.000000 
976192.000000 884804.000000 
1046884.000000 841812.000000 
966198.000000 909306.000000 
956766.000000 926638.000000 
993224.000000 873098.000000 
970702.000000 894748.000000 
1048684.000000 838188.000000 
953140.000000 933944.000000 
974624.000000 891554.000000 
931866.000000 983772.000000 
949064.000000 937934.000000 
981082.000000 873646.000000 
959356.000000 914754.000000 
1089556.000000 820972.000000 
1059646.000000 835282.000000 
1049206.000000 837080.000000 
1053748.000000 836866.000000 
937046.000000 966972.000000 
978320.000000 878418.000000 
943852.000000 958112.000000 
979340.000000 876260.000000 
1061104.000000 832368.000000 
1006336.000000 860698.000000 
1062790.000000 830906.000000 
939680.000000 965978.000000 
1065146.000000 829600.000000 
1067722.000000 827964.000000 
1075832.000000 826382.000000 
1014654.000000 850922.000000 
1031706.000000 844700.000000 
1042392.000000 842392.000000 
1047630.000000 840880.000000 
1080368.000000 823066.000000 

990762.000000 874324.000000 
1068592.000000 842814.000000 
999062.000000 867294.000000 
976824.000000 888936.000000 
960362.000000 899720.000000 
935856.000000 957148.000000 
991142.000000 873096.000000 
932922.000000 958948.000000 
1061768.000000 842840.000000 
978070.000000 882376.000000 
1094256.000000 837108.000000 
1024976.000000 846048.000000 
1020392.000000 848132.000000 
982794.000000 877998.000000 
976102.000000 890452.000000 
988698.000000 876058.000000 
964740.000000 898184.000000 
950064.000000 925840.000000 
926800.000000 987992.000000 
930994.000000 982002.000000 
984416.000000 876478.000000 
1075742.000000 842094.000000 
996314.000000 868370.000000 
1011832.000000 850052.000000 
951342.000000 918312.000000 
959492.000000 910086.000000 
1018032.000000 848638.000000 
991958.000000 870358.000000 
946766.000000 932978.000000 
946554.000000 942764.000000 
1002478.000000 861446.000000 
957010.000000 917248.000000 
966564.000000 895748.000000 
1004986.000000 851112.000000 
956192.000000 917262.000000 
1076024.000000 839704.000000 
1046842.000000 843864.000000 
1001100.000000 864514.000000 
971204.000000 892930.000000 
939092.000000 946012.000000 

1034090.000000 839432.000000 
986518.000000 867048.000000 
1064030.000000 834362.000000 
1030902.000000 840438.000000 
1033974.000000 839448.000000 
954314.000000 929684.000000 
961106.000000 918004.000000 
960692.000000 919118.000000 
980028.000000 884544.000000 
947476.000000 935252.000000 
944740.000000 952620.000000 
943706.000000 954782.000000 
992272.000000 860100.000000 
955780.000000 919454.000000 
944590.000000 954526.000000 
933890.000000 969450.000000 
974416.000000 893766.000000 
963402.000000 904924.000000 
970980.000000 895942.000000 
955300.000000 928854.000000 
1000968.000000 857440.000000 
1017978.000000 842526.000000 
937654.000000 955530.000000 
997064.000000 857576.000000 
974738.000000 889628.000000 
967470.000000 900388.000000 
980776.000000 877662.000000 
1001946.000000 856514.000000 
962718.000000 913636.000000 
1008396.000000 853972.000000 
985928.000000 874756.000000 
1008526.000000 847514.000000 
1009576.000000 842954.000000 
982070.000000 875556.000000 

934880.000000 993340.000000 
936212.000000 989160.000000 
941896.000000 925702.000000 
988896.000000 868708.000000 
965188.000000 887250.000000 
938256.000000 929604.000000 
1034176.000000 850788.000000 
1012342.000000 854710.000000 
936636.000000 951350.000000 
951444.000000 906964.000000 
953454.000000 906322.000000 
981884.000000 870778.000000 
959612.000000 898544.000000 
936480.000000 959744.000000 
966520.000000 886750.000000 
1043322.000000 841646.000000 
1036994.000000 845574.000000 
949864.000000 911052.000000 
955306.000000 902200.000000 
960852.000000 894982.000000 
973466.000000 877684.000000 
985362.000000 869740.000000 
1033608.000000 853358.000000 
979032.000000 874442.000000 
1002806.000000 856324.000000 
1018438.000000 853914.000000 
968068.000000 885878.000000 
989212.000000 864530.000000 

988172.000000 873272.000000 
1002190.000000 864260.000000 
995764.000000 870780.000000 
946780.000000 938228.000000 
947850.000000 919762.000000 
1000934.000000 867112.000000 
934668.000000 998386.000000 
947878.000000 914248.000000 
935358.000000 947172.000000 
937244.000000 940592.000000 
1008550.000000 860720.000000 
945100.000000 939756.000000 
1016694.000000 856244.000000 
981540.000000 884020.000000 
981150.000000 887014.000000 
951264.000000 908686.000000 
993524.000000 871072.000000 
1000216.000000 868244.000000 
957656.000000 903718.000000 
1033124.000000 845956.000000 
960650.000000 899390.000000 
1025856.000000 853820.000000 
1043208.000000 837606.000000 
959276.000000 901552.000000 
963510.000000 898044.000000 
967838.000000 888402.000000 
1015312.000000 858686.000000 
982124.000000 881700.000000 

921398.000000 973116.000000 
1002660.000000 871762.000000 
1028386.000000 847576.000000 
926416.000000 932078.000000 
991292.000000 877198.000000 
963864.000000 904402.000000 
1030328.000000 846912.000000 
1002722.000000 871020.000000 
969492.000000 897054.000000 
1000758.000000 872834.000000 
1006148.000000 867094.000000 
934592.000000 928402.000000 
983542.000000 879116.000000 
957838.000000 909362.000000 
982060.000000 883898.000000 
965576.000000 897426.000000 
944504.000000 913620.000000 
1030904.000000 837348.000000 
1070902.000000 837258.000000 
993572.000000 877020.000000 
1017278.000000 852690.000000 
993628.000000 876824.000000 
989302.000000 878856.000000 
1010546.000000 860088.000000 
1008566.000000 866034.000000 
1014062.000000 858286.000000 
958586.000000 907046.000000 
970982.000000 888456.000000 
1072210.000000 830110.000000 

929558.000000 985888.000000 
986386.000000 871768.000000 
1065250.000000 837322.000000 
999196.000000 852578.000000 
1110156.000000 828460.000000 
1058858.000000 840660.000000 
1065128.000000 837996.000000 
939734.000000 932118.000000 
986160.000000 873126.000000 
939126.000000 946118.000000 
1043898.000000 841042.000000 
938430.000000 965632.000000 
930156.000000 970384.000000 
939536.000000 944430.000000 
1083806.000000 833054.000000 
1086568.000000 830696.000000 
943056.000000 913038.000000 
973194.000000 882552.000000 
945352.000000 909636.000000 
1067174.000000 833218.000000 
957584.000000 902070.000000 
938688.000000 959574.000000 
986630.000000 868614.000000 
933092.000000 967152.000000 
974156.000000 877420.000000 
993618.000000 865350.000000 
985078.000000 875342.000000 
954400.000000 903052.000000 
940590.000000 924918.000000 
1039324.000000 843182.000000 
1032742.000000 851036.000000 
962642.000000 886870.000000 
971690.000000 883070.000000 
1036456.000000 850528.000000 

935550.000000 933080.000000 
1068668.000000 844696.000000 
950514.000000 930976.000000 
982458.000000 883588.000000 
948854.000000 931928.000000 
1049342.000000 845238.000000 
981924.000000 891780.000000 
924198.000000 1005762.000000 
921926.000000 1016570.000000 
989398.000000 874490.000000 
933950.000000 969220.000000 
1000404.000000 860192.000000 
954912.000000 899758.000000 
1088510.000000 839156.000000 
1005248.000000 851648.000000 
985490.000000 879052.000000 
997272.000000 864744.000000 
933548.000000 992794.000000 
1075386.000000 839548.000000 
975768.000000 897412.000000 
1040608.000000 848046.000000 
1031880.000000 849322.000000 
995886.000000 872558.000000 
951366.000000 915188.000000 
981000.000000 895676.000000 

997328.000000 865328.000000 
995296.000000 867390.000000 
1031370.000000 842716.000000 
968178.000000 886796.000000 
974556.000000 884368.000000 
979652.000000 877482.000000 
918928.000000 1058864.000000 
993008.000000 870338.000000 
987712.000000 873130.000000 
982842.000000 877334.000000 
959040.000000 904322.000000 
950964.000000 917390.000000 
1009204.000000 850846.000000 
961154.000000 901198.000000 
991794.000000 871270.000000 
935220.000000 929232.000000 
957498.000000 910124.000000 
977766.000000 878562.000000 
963770.000000 898214.000000 
945330.000000 925816.000000 
919440.000000 955836.000000 
925270.000000 938896.000000 

1043502.000000 853896.000000 
1036426.000000 854290.000000 
986420.000000 883002.000000 
1026090.000000 858188.000000 
938176.000000 973416.000000 
964838.000000 905520.000000 
979104.000000 888218.000000 
987888.000000 880660.000000 
954070.000000 914240.000000 
968602.000000 900800.000000 
978328.000000 889422.000000 
983878.000000 887446.000000 
1002460.000000 871862.000000 
972696.000000 891290.000000 
1065384.000000 850248.000000 
1038578.000000 854252.000000 
1028824.000000 857334.000000 
968458.000000 903876.000000 
968860.000000 896804.000000 
982246.000000 887512.000000 
949952.000000 926946.000000 
1005814.000000 864562.000000 
992096.000000 872156.000000 
1002926.000000 871576.000000 
1029858.000000 855152.000000 
969162.000000 895948.000000 
1044752.000000 850980.000000 
961014.000000 908052.000000 
949886.000000 932986.000000 
974984.000000 890026.000000 
1015522.000000 861398.000000 
985316.000000 887364.000000 
953710.000000 920138.000000 
941254.000000 942534.000000 
939588.000000 969578.000000 
974346.000000 891064.000000 
986364.000000 887212.000000 

1017860.000000 873814.000000 
1043130.000000 849190.000000 
968312.000000 915306.000000 
951812.000000 943356.000000 
967962.000000 919312.000000 
980046.000000 901532.000000 
940760.000000 975750.000000 
968544.000000 907710.000000 
999460.000000 880294.000000 
967812.000000 919598.000000 
1095616.000000 839336.000000 
961050.000000 923258.000000 
1022880.000000 868378.000000 
1025196.000000 868262.000000 
1028486.000000 863728.000000 
1022396.000000 869136.000000 
1011796.000000 873972.000000 
1066034.000000 847736.000000 
989974.000000 881944.000000 
1110908.000000 839068.000000 
1009166.000000 877216.000000 
942838.000000 953390.000000 
1035494.000000 862930.000000 
980676.000000 892936.000000 
981108.000000 886786.000000 
978188.000000 902470.000000 
1089896.000000 846168.000000 
1090198.000000 845948.000000 
1070116.000000 847228.000000 
1089090.000000 847046.000000 
953278.000000 932184.000000 
1019440.000000 872640.000000 
961362.000000 921524.000000 
1004118.000000 877380.000000 

979352.000000 871552.000000 
992204.000000 864782.000000 
991138.000000 865436.000000 
945800.000000 909078.000000 
937430.000000 919524.000000 
960828.000000 873910.000000 
934604.000000 940694.000000 
1001412.000000 862276.000000 
995216.000000 864418.000000 
1021796.000000 848622.000000 
1003880.000000 858446.000000 
1015338.000000 849012.000000 
957864.000000 897978.000000 
990732.000000 866878.000000 
1001616.000000 861256.000000 
987786.000000 870154.000000 
955854.000000 899454.000000 
1053982.000000 846660.000000 

997572.000000 870650.000000 
944662.000000 936958.000000 
1013694.000000 858350.000000 
942740.000000 938534.000000 
978424.000000 889566.000000 
960168.000000 905866.000000 
927832.000000 973164.000000 
978728.000000 888446.000000 
1049912.000000 840776.000000 
948314.000000 933484.000000 
938046.000000 947728.000000 
968352.000000 904960.000000 
958912.000000 913148.000000 
976190.000000 890316.000000 
958248.000000 914270.000000 
1079330.000000 826536.000000 
1035624.000000 846866.000000 
1023152.000000 851072.000000 
1051214.000000 837788.000000 
933454.000000 951856.000000 
1055534.000000 832266.000000 
998680.000000 860188.000000 
981300.000000 878478.000000 
968694.000000 891676.000000 
983552.000000 871196.000000 
955126.000000 915130.000000 
1043408.000000 845684.000000 
1047756.000000 844416.000000 
949582.000000 917702.000000 

1017382.000000 853196.000000 
985928.000000 860962.000000 
966206.000000 888840.000000 
941414.000000 933338.000000 
983202.000000 868974.000000 
950232.000000 916416.000000 
958936.000000 899022.000000 
962518.000000 893476.000000 
928430.000000 960600.000000 
1045326.000000 847792.000000 
948944.000000 921488.000000 
972438.000000 888054.000000 
940806.000000 939574.000000 
993572.000000 859690.000000 
1019138.000000 851196.000000 
1021490.000000 850308.000000 
996168.000000 853368.000000 
995458.000000 854960.000000 
946820.000000 926850.000000 
984474.000000 868674.000000 
954510.000000 910378.000000 
954330.000000 915496.000000 
952674.000000 916290.000000 
973770.000000 875538.000000 
926140.000000 968030.000000 
934526.000000 941010.000000 
978710.000000 869340.000000 

