996156.000000 867656.000000 
953876.000000 949444.000000 
1031530.000000 855328.000000 
1007172.000000 860210.000000 
982158.000000 876502.000000 
957844.000000 906124.000000 
967122.000000 890988.000000 
967920.000000 881228.000000 
961018.000000 902324.000000 
1002416.000000 866876.000000 
959332.000000 902706.000000 
952608.000000 956648.000000 
1033016.000000 853098.000000 
948612.000000 980130.000000 

989614.000000 893704.000000 
988700.000000 906468.000000 
1027760.000000 873070.000000 
978828.000000 908446.000000 
970004.000000 916474.000000 
1035356.000000 865944.000000 
1007308.000000 877378.000000 
1034180.000000 869952.000000 
991180.000000 882418.000000 
960672.000000 931270.000000 
966670.000000 925876.000000 
1057942.000000 854854.000000 
1038770.000000 862580.000000 
1038732.000000 863990.000000 
1030256.000000 870022.000000 
978002.000000 916160.000000 

993276.000000 872214.000000 
991926.000000 880066.000000 
984254.000000 886924.000000 
976406.000000 896880.000000 
1046364.000000 849096.000000 
1068296.000000 843516.000000 
949072.000000 940494.000000 
1040720.000000 859840.000000 
961882.000000 921430.000000 
959130.000000 927416.000000 
962138.000000 906794.000000 
959512.000000 926260.000000 
1015938.000000 865732.000000 
1027958.000000 860248.000000 
974910.000000 903944.000000 
978616.000000 895874.000000 
975262.000000 902148.000000 

960092.000000 912688.000000 
1027826.000000 864496.000000 
1033106.000000 853668.000000 
973828.000000 865400.000000 
965246.000000 874008.000000 
1071058.000000 839170.000000 
948478.000000 912870.000000 
1042300.000000 845430.000000 
1031140.000000 859788.000000 

990294.000000 877532.000000 
955592.000000 926662.000000 
951088.000000 976514.000000 
1030580.000000 865896.000000 
1030722.000000 860738.000000 
1038026.000000 856816.000000 
1032186.000000 857904.000000 
1059902.000000 856476.000000 
1019164.000000 866830.000000 
1068888.000000 854662.000000 
953332.000000 950856.000000 
1037158.000000 857048.000000 
979536.000000 877736.000000 
991902.000000 873624.000000 
1063192.000000 854690.000000 
1002952.000000 867992.000000 
963808.000000 912870.000000 
966334.000000 897432.000000 
963520.000000 914452.000000 
953722.000000 946578.000000 

944760.000000 973334.000000 
1049354.000000 857028.000000 
985574.000000 891038.000000 
975684.000000 908550.000000 
961228.000000 909804.000000 
979984.000000 896226.000000 
980814.000000 896036.000000 
991722.000000 884466.000000 
988636.000000 888658.000000 
1007980.000000 879278.000000 
1038120.000000 865380.000000 
1017098.000000 869544.000000 
1011548.000000 875798.000000 
1046758.000000 863088.000000 
978094.000000 898744.000000 
947456.000000 957600.000000 
1046538.000000 863614.000000 
957924.000000 923680.000000 
949422.000000 939666.000000 
952686.000000 936376.000000 
1021450.000000 868324.000000 
1004034.000000 881574.000000 
1054958.000000 849958.000000 
983642.000000 893514.000000 

964712.000000 909642.000000 
963240.000000 928456.000000 
979516.000000 898124.000000 
977480.000000 903198.000000 
970304.000000 903214.000000 
989402.000000 887562.000000 
943926.000000 996128.000000 
989900.000000 886126.000000 
1014994.000000 858730.000000 
1005040.000000 870824.000000 
1013466.000000 867106.000000 
979198.000000 903078.000000 
952848.000000 956442.000000 
988216.000000 888074.000000 
994246.000000 879382.000000 
979954.000000 892446.000000 
952846.000000 962134.000000 
948428.000000 983904.000000 
955000.000000 936280.000000 
1068720.000000 848594.000000 
1037196.000000 851552.000000 
1003742.000000 874686.000000 

943924.000000 951804.000000 
978084.000000 899000.000000 
966480.000000 904562.000000 
1075708.000000 853442.000000 
957122.000000 905522.000000 
1040852.000000 859000.000000 
1023642.000000 859486.000000 
1054794.000000 858672.000000 
1000542.000000 876912.000000 
1000020.000000 879634.000000 
1101918.000000 852740.000000 
1001704.000000 872108.000000 
985386.000000 882108.000000 
948152.000000 940644.000000 
1014832.000000 867646.000000 
946830.000000 945708.000000 
949000.000000 919560.000000 
981564.000000 890778.000000 
984266.000000 886296.000000 
946532.000000 946926.000000 

1011582.000000 871604.000000 
948424.000000 981536.000000 
969068.000000 926460.000000 
953682.000000 946398.000000 
984250.000000 892440.000000 
962022.000000 935384.000000 
1017996.000000 871350.000000 
1003626.000000 874618.000000 
978146.000000 913932.000000 
1030260.000000 869998.000000 
996806.000000 881918.000000 
1047636.000000 867638.000000 
1041846.000000 869450.000000 
974974.000000 920990.000000 
991614.000000 885044.000000 
982842.000000 898878.000000 
1057758.000000 860754.000000 
1053542.000000 866798.000000 
1041132.000000 869756.000000 
1047886.000000 866846.000000 

1038862.000000 857518.000000 
1025788.000000 868414.000000 
1052844.000000 853112.000000 
978612.000000 906310.000000 
983548.000000 891154.000000 
984580.000000 883712.000000 
989488.000000 883408.000000 
960022.000000 914420.000000 
1029636.000000 860350.000000 
971444.000000 908572.000000 
937568.000000 961900.000000 
939978.000000 933358.000000 
959364.000000 927258.000000 
1087994.000000 847862.000000 
998876.000000 869772.000000 
1079256.000000 849716.000000 

936934.000000 1009824.000000 
968346.000000 903672.000000 
1074560.000000 853562.000000 
1061064.000000 859414.000000 
937864.000000 987750.000000 
956590.000000 925086.000000 
939588.000000 944694.000000 
1041794.000000 862832.000000 
1043408.000000 862556.000000 
986848.000000 877960.000000 
954386.000000 939234.000000 
1018460.000000 872530.000000 
964576.000000 915724.000000 
1056292.000000 860926.000000 
1027462.000000 864078.000000 
986600.000000 893626.000000 
1006672.000000 874210.000000 
970054.000000 896508.000000 
980900.000000 895752.000000 
1000196.000000 874870.000000 
992694.000000 876356.000000 
981184.000000 894526.000000 
1020542.000000 869660.000000 
944562.000000 940408.000000 
955322.000000 934962.000000 
1073318.000000 854688.000000 
1074032.000000 853912.000000 

982440.000000 893196.000000 
956722.000000 935266.000000 
958192.000000 924806.000000 
1034526.000000 853000.000000 
1011034.000000 865190.000000 
973738.000000 901644.000000 
990822.000000 887480.000000 
1009038.000000 865824.000000 
969092.000000 907132.000000 
974372.000000 898880.000000 
980918.000000 894104.000000 
971424.000000 905548.000000 
944886.000000 958426.000000 
993216.000000 873844.000000 
1011628.000000 862224.000000 

965310.000000 965582.000000 
1008094.000000 866994.000000 
975960.000000 879374.000000 
967304.000000 915104.000000 
967140.000000 950142.000000 
986602.000000 870256.000000 

996080.000000 892152.000000 
953238.000000 950354.000000 
1074236.000000 845264.000000 
968884.000000 916372.000000 
959172.000000 918866.000000 
956226.000000 949202.000000 
1024852.000000 855484.000000 
956736.000000 939340.000000 
970704.000000 902626.000000 
1042384.000000 853100.000000 
1009804.000000 872468.000000 
951668.000000 959704.000000 
997280.000000 882352.000000 
1039796.000000 853746.000000 
1058334.000000 846032.000000 
984384.000000 892260.000000 
1014932.000000 860344.000000 
1026712.000000 854120.000000 
1008654.000000 880294.000000 

966218.000000 902530.000000 
1062554.000000 849560.000000 
956688.000000 921444.000000 
966006.000000 910040.000000 
1024542.000000 861304.000000 
1028320.000000 861270.000000 
1039478.000000 855812.000000 
954622.000000 921666.000000 
1060836.000000 855760.000000 
969914.000000 892766.000000 
995256.000000 883036.000000 
1031510.000000 857000.000000 
961834.000000 919444.000000 
1000642.000000 869076.000000 
1005376.000000 863628.000000 
982066.000000 890868.000000 
1030584.000000 859462.000000 

1039604.000000 849808.000000 
1013578.000000 860556.000000 
1023072.000000 859078.000000 
1034674.000000 853938.000000 
956304.000000 910020.000000 
973766.000000 901582.000000 
982576.000000 894642.000000 
1049654.000000 849396.000000 
994400.000000 889986.000000 
990754.000000 890972.000000 
935768.000000 1001182.000000 
1022954.000000 859264.000000 
1011062.000000 864230.000000 
995488.000000 875920.000000 
1063458.000000 846984.000000 
1024376.000000 855158.000000 
1010558.000000 868826.000000 
978162.000000 898540.000000 
935796.000000 920100.000000 
948228.000000 916132.000000 
954384.000000 911876.000000 

949602.000000 946816.000000 
941130.000000 984408.000000 
1039812.000000 849100.000000 
948384.000000 966602.000000 
1008080.000000 857358.000000 
998042.000000 866288.000000 
1061180.000000 837876.000000 
967698.000000 923488.000000 
980048.000000 884790.000000 
976968.000000 901194.000000 
955864.000000 934250.000000 
964562.000000 928592.000000 
1042078.000000 845038.000000 
1050132.000000 839958.000000 
1036750.000000 852064.000000 
995922.000000 880000.000000 
1027596.000000 852430.000000 
979322.000000 900960.000000 
1037670.000000 851890.000000 
969460.000000 902750.000000 
1080368.000000 823066.000000 
1025332.000000 855140.000000 
1074198.000000 837100.000000 

978856.000000 893806.000000 
990980.000000 878574.000000 
982230.000000 892768.000000 
943830.000000 961724.000000 
1070284.000000 858164.000000 
965878.000000 912766.000000 
944302.000000 961028.000000 
1006186.000000 863594.000000 
1033288.000000 858242.000000 
957010.000000 917248.000000 
939348.000000 967516.000000 
951342.000000 918312.000000 
986146.000000 887306.000000 
1072578.000000 853766.000000 
967962.000000 910828.000000 
945108.000000 954538.000000 
1018354.000000 863044.000000 
1001166.000000 868846.000000 
949748.000000 951742.000000 
972148.000000 907102.000000 
994188.000000 872548.000000 

1009032.000000 851958.000000 
1017978.000000 842526.000000 
959454.000000 933946.000000 
996506.000000 869474.000000 
1004594.000000 868894.000000 
951502.000000 954650.000000 
990582.000000 871574.000000 
973658.000000 897126.000000 
985928.000000 874756.000000 
978116.000000 894026.000000 
968322.000000 928178.000000 

962194.000000 911812.000000 
955660.000000 928772.000000 
982076.000000 876706.000000 
1002806.000000 856324.000000 
955478.000000 936898.000000 
957680.000000 922462.000000 
953718.000000 952246.000000 
952370.000000 966250.000000 
976048.000000 882078.000000 
968068.000000 885878.000000 
989212.000000 864530.000000 

973070.000000 897774.000000 
1032614.000000 863446.000000 
1045806.000000 852664.000000 
1011648.000000 869100.000000 
960434.000000 925992.000000 
966102.000000 910990.000000 
968136.000000 910584.000000 
960518.000000 916328.000000 
1068890.000000 851054.000000 
1042384.000000 859956.000000 
992038.000000 877514.000000 
973746.000000 892262.000000 
951802.000000 993294.000000 
1000336.000000 877094.000000 
1005170.000000 875806.000000 
955956.000000 935370.000000 
984538.000000 891272.000000 

1042748.000000 854350.000000 
948090.000000 947850.000000 
1057874.000000 845818.000000 
956548.000000 940242.000000 
968042.000000 909842.000000 
957222.000000 926764.000000 
958874.000000 913834.000000 
1046298.000000 853678.000000 
1054946.000000 849392.000000 
955042.000000 941856.000000 
1037916.000000 854712.000000 
976898.000000 895254.000000 
974218.000000 897200.000000 
969660.000000 906632.000000 
946710.000000 972778.000000 
1008566.000000 866034.000000 
990784.000000 888522.000000 
976968.000000 893992.000000 
1024580.000000 860250.000000 
1033570.000000 858430.000000 
1001560.000000 887904.000000 
1002556.000000 882644.000000 
1073174.000000 841476.000000 
1047972.000000 851626.000000 

1004614.000000 869264.000000 
1032742.000000 851036.000000 
1014342.000000 861868.000000 
1047944.000000 845070.000000 
1036456.000000 850528.000000 
954702.000000 929222.000000 
1019798.000000 859634.000000 
962642.000000 886870.000000 
971690.000000 883070.000000 
956526.000000 921736.000000 
990758.000000 882750.000000 
944582.000000 970582.000000 
959010.000000 909396.000000 
955654.000000 923312.000000 
998254.000000 877760.000000 
945890.000000 940488.000000 
957768.000000 920282.000000 
949466.000000 929890.000000 

957602.000000 919604.000000 
1002096.000000 870908.000000 
987776.000000 884914.000000 
973202.000000 911312.000000 
1005248.000000 851648.000000 
948378.000000 990558.000000 
948456.000000 964788.000000 
982470.000000 899748.000000 
1000576.000000 874856.000000 

1042852.000000 857686.000000 
928710.000000 951606.000000 
951106.000000 927248.000000 
986784.000000 884208.000000 
998376.000000 881306.000000 
977682.000000 893244.000000 
1021124.000000 870590.000000 
1000444.000000 878376.000000 
957498.000000 910124.000000 
963770.000000 898214.000000 
982986.000000 886426.000000 
976974.000000 897994.000000 
1023508.000000 862812.000000 
1006838.000000 873642.000000 
1032898.000000 860186.000000 

978730.000000 891954.000000 
962642.000000 926722.000000 
968148.000000 913768.000000 
972634.000000 910524.000000 
995194.000000 890724.000000 
1008524.000000 879152.000000 
1027764.000000 866460.000000 
962338.000000 939576.000000 
955628.000000 958120.000000 
996204.000000 881538.000000 
945542.000000 967386.000000 
959116.000000 939758.000000 
953322.000000 961036.000000 
956518.000000 946356.000000 
995840.000000 887022.000000 
972736.000000 904520.000000 

975892.000000 908978.000000 
1064998.000000 864928.000000 
979838.000000 908022.000000 
979544.000000 908242.000000 
992536.000000 891260.000000 
998000.000000 881974.000000 
1032532.000000 865706.000000 
952418.000000 971934.000000 
953278.000000 932184.000000 
961362.000000 921524.000000 
987874.000000 901782.000000 
988602.000000 901458.000000 
961050.000000 923258.000000 
979992.000000 904164.000000 
995650.000000 890112.000000 
1078794.000000 857410.000000 
1067578.000000 860400.000000 
1017182.000000 878138.000000 
1019440.000000 872640.000000 
972802.000000 914116.000000 

967166.000000 919424.000000 
949534.000000 994044.000000 
945960.000000 1018024.000000 
953484.000000 929308.000000 
1069228.000000 856588.000000 
965068.000000 924452.000000 
973004.000000 907060.000000 
967172.000000 913732.000000 
984204.000000 881028.000000 
992516.000000 867790.000000 
975896.000000 881808.000000 
974366.000000 885740.000000 
988764.000000 873058.000000 
1007784.000000 859280.000000 
985464.000000 880320.000000 

1024870.000000 855494.000000 
1010284.000000 872212.000000 
939672.000000 972646.000000 
964760.000000 908010.000000 
968352.000000 904960.000000 
1052604.000000 844588.000000 
1055534.000000 832266.000000 
1045666.000000 845724.000000 
949242.000000 945718.000000 
949582.000000 917702.000000 
946298.000000 958676.000000 
979294.000000 899936.000000 
983008.000000 883332.000000 
989882.000000 881994.000000 
955126.000000 915130.000000 

1041384.000000 857690.000000 
949416.000000 943148.000000 
953852.000000 932918.000000 
960226.000000 924788.000000 
965068.000000 915316.000000 
972950.000000 905362.000000 
967452.000000 914788.000000 
940652.000000 974088.000000 
946782.000000 961636.000000 
982862.000000 881330.000000 
978754.000000 892888.000000 
1001308.000000 863514.000000 
1000584.000000 871822.000000 
976284.000000 899796.000000 
986354.000000 876620.000000 
977274.000000 899532.000000 
961982.000000 916220.000000 
982334.000000 891658.000000 
972678.000000 908146.000000 
968846.000000 909810.000000 

