952984.000000 957930.000000 
960588.000000 926854.000000 
1001580.000000 871452.000000 
1044562.000000 851152.000000 
982666.000000 875604.000000 
1053934.000000 849128.000000 
1065812.000000 843992.000000 
1026068.000000 851794.000000 
1035034.000000 851338.000000 
1002442.000000 869660.000000 
1020204.000000 852166.000000 
1007172.000000 860210.000000 
968474.000000 903684.000000 
1000796.000000 873824.000000 
1006080.000000 864022.000000 
1052660.000000 849288.000000 
961374.000000 919430.000000 
980578.000000 894522.000000 

1046936.000000 857164.000000 
999240.000000 879264.000000 
943422.000000 965758.000000 
934178.000000 973648.000000 
1038770.000000 862580.000000 
970004.000000 916474.000000 
959842.000000 927710.000000 
1034634.000000 876662.000000 
1007308.000000 877378.000000 
991180.000000 882418.000000 
973432.000000 915676.000000 
956260.000000 932632.000000 
989614.000000 893704.000000 
988350.000000 902742.000000 
978250.000000 907024.000000 
965492.000000 919800.000000 
1038732.000000 863990.000000 

980288.000000 877834.000000 
1034536.000000 863720.000000 
1076040.000000 857760.000000 
971596.000000 904910.000000 
930414.000000 952112.000000 
938858.000000 922648.000000 
952148.000000 920356.000000 
969510.000000 907894.000000 
1015938.000000 865732.000000 
969288.000000 913518.000000 
978616.000000 895874.000000 
975262.000000 902148.000000 
1105164.000000 853618.000000 
1079012.000000 856844.000000 
1091766.000000 853884.000000 
1072100.000000 863024.000000 

973828.000000 865400.000000 
1024480.000000 865168.000000 
1031148.000000 851030.000000 
938544.000000 929708.000000 
949744.000000 924100.000000 
956182.000000 901042.000000 
965246.000000 874008.000000 
931846.000000 980250.000000 
1048002.000000 850778.000000 
955934.000000 917886.000000 
962542.000000 899910.000000 
1059208.000000 850504.000000 
1031140.000000 859788.000000 

962732.000000 919986.000000 
1035772.000000 846034.000000 
1009570.000000 854268.000000 
993680.000000 863550.000000 
978982.000000 894202.000000 
1068226.000000 836776.000000 
1053436.000000 841820.000000 
1025086.000000 851182.000000 
953722.000000 946578.000000 
990012.000000 876678.000000 
979536.000000 877736.000000 
991902.000000 873624.000000 
975598.000000 896434.000000 
963808.000000 912870.000000 
966334.000000 897432.000000 
956472.000000 925378.000000 
962518.000000 920900.000000 

944430.000000 964616.000000 
977910.000000 903086.000000 
938280.000000 980472.000000 
1007980.000000 879278.000000 
965856.000000 915690.000000 
944220.000000 971664.000000 
956820.000000 922962.000000 
995656.000000 881556.000000 
945088.000000 947606.000000 
989240.000000 884382.000000 
970318.000000 904362.000000 
1023280.000000 878114.000000 
1044578.000000 868378.000000 
969958.000000 908148.000000 
964838.000000 920786.000000 
979704.000000 893670.000000 
949232.000000 930080.000000 
957758.000000 920878.000000 
1054198.000000 867500.000000 
1083666.000000 860256.000000 
1026952.000000 874482.000000 
1075836.000000 865598.000000 

957676.000000 970990.000000 
979516.000000 898124.000000 
994188.000000 888506.000000 
1042888.000000 846168.000000 
1060592.000000 836542.000000 
1028126.000000 857410.000000 
1036242.000000 851624.000000 
1034144.000000 852580.000000 
1017280.000000 869170.000000 
1020130.000000 860330.000000 
969102.000000 926802.000000 
992380.000000 891768.000000 
994586.000000 875820.000000 
1029104.000000 853208.000000 
1036274.000000 849752.000000 
964560.000000 946496.000000 
1008796.000000 873924.000000 
1047112.000000 845332.000000 
959590.000000 955288.000000 
1092476.000000 833336.000000 
977436.000000 915054.000000 
976720.000000 921194.000000 
1039014.000000 848580.000000 
1036516.000000 849366.000000 
1021782.000000 857822.000000 
1052860.000000 844222.000000 
1081256.000000 836408.000000 
1099304.000000 828112.000000 
1003742.000000 874686.000000 
1060232.000000 841166.000000 
1010378.000000 872730.000000 
954872.000000 992820.000000 

1035254.000000 860340.000000 
966480.000000 904562.000000 
1004518.000000 870266.000000 
1029760.000000 860784.000000 
1014062.000000 866070.000000 
975506.000000 889894.000000 
983850.000000 878176.000000 
983232.000000 885108.000000 
1068168.000000 854244.000000 
947980.000000 908096.000000 
937328.000000 930332.000000 
947208.000000 919456.000000 
1028172.000000 865362.000000 
970994.000000 903528.000000 
947784.000000 919386.000000 
930718.000000 950464.000000 
932900.000000 936040.000000 
1101918.000000 852740.000000 
922068.000000 980734.000000 
927874.000000 958036.000000 
971626.000000 897654.000000 
964674.000000 904976.000000 
1012762.000000 866738.000000 

963678.000000 932042.000000 
958336.000000 939016.000000 
953682.000000 946398.000000 
971620.000000 908776.000000 
968200.000000 928144.000000 
984250.000000 892440.000000 
962022.000000 935384.000000 
1033572.000000 865756.000000 
989392.000000 888730.000000 
1001084.000000 873340.000000 
1011582.000000 871604.000000 
1038322.000000 855976.000000 
1034982.000000 858368.000000 
1012690.000000 867812.000000 
945442.000000 991252.000000 
991614.000000 885044.000000 
964346.000000 930776.000000 
980512.000000 906684.000000 
982842.000000 898878.000000 
996806.000000 881918.000000 

968044.000000 884928.000000 
954234.000000 895014.000000 
944148.000000 916944.000000 
940978.000000 925394.000000 
1033012.000000 864378.000000 
1029964.000000 872512.000000 
1037438.000000 857510.000000 
1053818.000000 849242.000000 
1062836.000000 833566.000000 
1043822.000000 855382.000000 
1028472.000000 873190.000000 
1030042.000000 869248.000000 
929206.000000 958706.000000 
936012.000000 937282.000000 
939978.000000 933358.000000 
994512.000000 873402.000000 

955276.000000 919500.000000 
961270.000000 907502.000000 
973120.000000 899630.000000 
929748.000000 970248.000000 
939588.000000 944694.000000 
939048.000000 955774.000000 
972594.000000 902142.000000 
925514.000000 992504.000000 
998896.000000 887654.000000 
938664.000000 963866.000000 
948188.000000 932148.000000 
987082.000000 890080.000000 
999386.000000 885010.000000 
993680.000000 889698.000000 
978706.000000 898620.000000 
986626.000000 894774.000000 
937490.000000 966132.000000 
940812.000000 934984.000000 
945594.000000 933802.000000 
1074432.000000 858788.000000 
956432.000000 908966.000000 
955968.000000 913618.000000 
952880.000000 920236.000000 
969754.000000 907062.000000 
1004782.000000 882590.000000 
1011056.000000 876832.000000 
1021458.000000 864856.000000 

993340.000000 860938.000000 
968054.000000 899132.000000 
955514.000000 941312.000000 
953630.000000 946634.000000 
956722.000000 935266.000000 
989266.000000 867318.000000 
958192.000000 924806.000000 
943578.000000 965656.000000 
996090.000000 855368.000000 
1028874.000000 845742.000000 
970436.000000 877106.000000 
957006.000000 931062.000000 
979516.000000 872862.000000 
964854.000000 917206.000000 
966092.000000 902112.000000 
944886.000000 958426.000000 
932284.000000 973918.000000 
935326.000000 973378.000000 
966364.000000 900836.000000 

965310.000000 965582.000000 
1008094.000000 866994.000000 
975960.000000 879374.000000 
967304.000000 915104.000000 
967140.000000 950142.000000 
986602.000000 870256.000000 

1054896.000000 843670.000000 
1048626.000000 848530.000000 
959118.000000 936454.000000 
978480.000000 893228.000000 
960818.000000 922492.000000 
985008.000000 884104.000000 
1007700.000000 868448.000000 
953238.000000 950354.000000 
982594.000000 887818.000000 
1039048.000000 852554.000000 
956218.000000 936736.000000 
955214.000000 937942.000000 
969792.000000 902476.000000 
971264.000000 895248.000000 
949222.000000 953602.000000 
951630.000000 953456.000000 
1011996.000000 862586.000000 
1042606.000000 852500.000000 
1043284.000000 850360.000000 
962896.000000 909904.000000 
978810.000000 892028.000000 
986270.000000 875472.000000 
992676.000000 869724.000000 
1022922.000000 853008.000000 
1014932.000000 860344.000000 

951198.000000 935144.000000 
954622.000000 921666.000000 
1005564.000000 881198.000000 
1018342.000000 876174.000000 
1040090.000000 861512.000000 
956688.000000 921444.000000 
998500.000000 887404.000000 
979372.000000 906610.000000 
994942.000000 888072.000000 
980544.000000 897346.000000 
941104.000000 941482.000000 
961834.000000 919444.000000 
1034082.000000 875052.000000 
943016.000000 940822.000000 
962402.000000 919420.000000 
949630.000000 936444.000000 
982066.000000 890868.000000 
999962.000000 885676.000000 
969468.000000 911656.000000 
1003150.000000 885604.000000 
1083480.000000 859594.000000 
1061884.000000 861342.000000 
968758.000000 915876.000000 

943714.000000 924252.000000 
956304.000000 910020.000000 
1025936.000000 843012.000000 
968652.000000 901872.000000 
1068954.000000 842604.000000 
979196.000000 889730.000000 
1018306.000000 860328.000000 
936848.000000 947542.000000 
939450.000000 942720.000000 
933234.000000 949330.000000 
941434.000000 934518.000000 
986354.000000 880720.000000 
938898.000000 944078.000000 
939862.000000 940092.000000 
976090.000000 901370.000000 
994236.000000 869024.000000 
992536.000000 872276.000000 
1022954.000000 859264.000000 
1090088.000000 841638.000000 
953964.000000 916986.000000 
1007578.000000 864578.000000 
1093532.000000 832568.000000 
1011062.000000 864230.000000 
1024376.000000 855158.000000 

1014654.000000 850922.000000 
1031706.000000 844700.000000 
1065146.000000 829600.000000 
1075832.000000 826382.000000 
1061180.000000 837876.000000 
1089556.000000 820972.000000 
1062790.000000 830906.000000 
965182.000000 937514.000000 
1001460.000000 874182.000000 
1047630.000000 840880.000000 
1012600.000000 860704.000000 
1013610.000000 860360.000000 
1046884.000000 841812.000000 
978858.000000 899870.000000 
971728.000000 902616.000000 
995474.000000 876428.000000 
966598.000000 932234.000000 
1050132.000000 839958.000000 
1009062.000000 872910.000000 
988788.000000 889494.000000 
954998.000000 1032052.000000 
1080368.000000 823066.000000 
964180.000000 961902.000000 

942862.000000 950450.000000 
976722.000000 893786.000000 
966150.000000 899730.000000 
974606.000000 898652.000000 
945782.000000 947904.000000 
1011954.000000 851576.000000 
957010.000000 917248.000000 
946766.000000 932978.000000 
951342.000000 918312.000000 
941746.000000 950524.000000 
935476.000000 959002.000000 
931600.000000 992254.000000 
986146.000000 887306.000000 
1074924.000000 845440.000000 
1004236.000000 863960.000000 
981888.000000 888384.000000 
1011190.000000 858928.000000 
946554.000000 942764.000000 
945986.000000 947868.000000 
941512.000000 950646.000000 
990466.000000 884646.000000 
981504.000000 891944.000000 
1000278.000000 868008.000000 
1005748.000000 862936.000000 
994188.000000 872548.000000 
992224.000000 879508.000000 

952032.000000 965088.000000 
1001946.000000 856514.000000 
998976.000000 862098.000000 
1008526.000000 847514.000000 
1009576.000000 842954.000000 
1017978.000000 842526.000000 
955074.000000 941656.000000 
998368.000000 862448.000000 
982070.000000 875556.000000 
967114.000000 916338.000000 
974416.000000 893766.000000 
996506.000000 869474.000000 
985928.000000 874756.000000 
953490.000000 944058.000000 
957350.000000 929390.000000 
956792.000000 932912.000000 
990582.000000 871574.000000 
967470.000000 900388.000000 
961106.000000 918004.000000 

1026070.000000 875886.000000 
968068.000000 885878.000000 
935466.000000 1002314.000000 
937556.000000 1000544.000000 
935616.000000 1000610.000000 
951444.000000 906964.000000 
956778.000000 903424.000000 
961098.000000 901976.000000 
949590.000000 932092.000000 
942562.000000 967698.000000 
943342.000000 965446.000000 
943486.000000 958518.000000 
1001314.000000 878602.000000 
988168.000000 879836.000000 
939842.000000 969748.000000 
945710.000000 957194.000000 
1030218.000000 865576.000000 
1029416.000000 870592.000000 
1002206.000000 876024.000000 
1001288.000000 878868.000000 

939096.000000 992564.000000 
948690.000000 932590.000000 
966102.000000 910990.000000 
960518.000000 916328.000000 
973746.000000 892262.000000 
955154.000000 919490.000000 
971234.000000 908416.000000 
945544.000000 940168.000000 
940362.000000 940678.000000 
969138.000000 910414.000000 
990250.000000 876622.000000 
973626.000000 897310.000000 
982124.000000 881700.000000 
1084440.000000 861204.000000 
1059880.000000 863692.000000 
1044274.000000 868738.000000 

1070902.000000 837258.000000 
1006148.000000 867094.000000 
970982.000000 888456.000000 
1014062.000000 858286.000000 
1030904.000000 837348.000000 
1072210.000000 830110.000000 
1010546.000000 860088.000000 
993572.000000 877020.000000 
993628.000000 876824.000000 
949732.000000 975792.000000 
968042.000000 909842.000000 
956878.000000 914418.000000 

1001772.000000 862830.000000 
944582.000000 970582.000000 
970738.000000 891642.000000 
969362.000000 895936.000000 
1032742.000000 851036.000000 
1028252.000000 857162.000000 
1051176.000000 842248.000000 
1024446.000000 858146.000000 
975120.000000 885248.000000 
968080.000000 896948.000000 
1036456.000000 850528.000000 
991520.000000 870342.000000 
983412.000000 880370.000000 
973400.000000 887814.000000 
966654.000000 899226.000000 
952398.000000 913072.000000 
1067174.000000 833218.000000 
1057534.000000 841310.000000 
1048032.000000 850374.000000 
993618.000000 865350.000000 
985078.000000 875342.000000 
982306.000000 882996.000000 

1012466.000000 861776.000000 
1108746.000000 842354.000000 
1116552.000000 841866.000000 
965470.000000 975468.000000 
983888.000000 902538.000000 
994744.000000 885702.000000 
994396.000000 889884.000000 
988320.000000 898342.000000 
972050.000000 909548.000000 
966156.000000 925956.000000 
1025920.000000 856642.000000 
978082.000000 908046.000000 
996850.000000 885084.000000 
970172.000000 916886.000000 
981810.000000 904384.000000 
1068668.000000 844696.000000 
994474.000000 889480.000000 
1000576.000000 874856.000000 
1011866.000000 869624.000000 
1025770.000000 860924.000000 
1031880.000000 849322.000000 

954250.000000 929252.000000 
971182.000000 906664.000000 
1039930.000000 860552.000000 
977220.000000 892276.000000 
1047498.000000 852858.000000 
1049308.000000 850082.000000 
987772.000000 874480.000000 
992356.000000 873428.000000 
1011738.000000 864650.000000 
971732.000000 904356.000000 
962006.000000 911356.000000 
1001512.000000 872866.000000 
928710.000000 951606.000000 
954144.000000 943120.000000 
1015992.000000 861026.000000 
1042852.000000 857686.000000 
985086.000000 882068.000000 
979342.000000 882750.000000 
961982.000000 923298.000000 

1038100.000000 858672.000000 
1044752.000000 850980.000000 
974984.000000 890026.000000 
1005696.000000 871656.000000 
1000548.000000 876056.000000 
995290.000000 876710.000000 
1002460.000000 871862.000000 
1005814.000000 864562.000000 
986364.000000 887212.000000 
990042.000000 885450.000000 
956608.000000 915962.000000 
964840.000000 914456.000000 
1027636.000000 859352.000000 
1035480.000000 858948.000000 
1015522.000000 861398.000000 
992860.000000 881624.000000 
945542.000000 967386.000000 
950000.000000 952458.000000 
972736.000000 904520.000000 

1067530.000000 860110.000000 
968952.000000 913364.000000 
1015488.000000 881874.000000 
984776.000000 898084.000000 
984272.000000 901312.000000 
990568.000000 896908.000000 
1070116.000000 847228.000000 
1003838.000000 882798.000000 
970364.000000 909906.000000 
1023900.000000 870656.000000 
1032532.000000 865706.000000 
975892.000000 908978.000000 
953278.000000 932184.000000 
961362.000000 921524.000000 
1003754.000000 885072.000000 
1019440.000000 872640.000000 
1017182.000000 878138.000000 
978188.000000 902470.000000 
992602.000000 888992.000000 
950244.000000 956258.000000 
1013802.000000 882218.000000 
990326.000000 897500.000000 

970692.000000 891972.000000 
967324.000000 903360.000000 
976258.000000 887994.000000 
941960.000000 951660.000000 
945586.000000 938614.000000 
997162.000000 878790.000000 
953484.000000 929308.000000 
972394.000000 889856.000000 
984204.000000 881028.000000 
1021830.000000 876424.000000 
948654.000000 933124.000000 
961204.000000 915438.000000 
954336.000000 923214.000000 
960648.000000 918916.000000 
952382.000000 929518.000000 
980514.000000 884560.000000 
964696.000000 909374.000000 
1035468.000000 876078.000000 
939946.000000 987546.000000 
1046940.000000 875726.000000 

999502.000000 876338.000000 
1002932.000000 875176.000000 
969798.000000 909326.000000 
949668.000000 936848.000000 
971384.000000 902104.000000 
1012570.000000 866098.000000 
991388.000000 879102.000000 
981528.000000 888704.000000 
965304.000000 911346.000000 
950896.000000 935908.000000 
951164.000000 930098.000000 
1054618.000000 843432.000000 
1038202.000000 856268.000000 
1038248.000000 848742.000000 
1052604.000000 844588.000000 
1055534.000000 832266.000000 
1007034.000000 870810.000000 
1011620.000000 866566.000000 
942264.000000 952290.000000 
942740.000000 938534.000000 
951288.000000 929664.000000 
935616.000000 956648.000000 
935918.000000 953074.000000 
1019262.000000 861774.000000 
976190.000000 890316.000000 
983008.000000 883332.000000 
989882.000000 881994.000000 
958352.000000 916800.000000 
1034442.000000 859238.000000 

946134.000000 936784.000000 
961062.000000 916386.000000 
953852.000000 932918.000000 
960226.000000 924788.000000 
936466.000000 957340.000000 
983760.000000 871028.000000 
975346.000000 887234.000000 
970444.000000 897818.000000 
995204.000000 865022.000000 
994142.000000 866550.000000 
1010834.000000 860666.000000 
965178.000000 907686.000000 
962126.000000 915744.000000 
957564.000000 928590.000000 
939484.000000 951164.000000 
926140.000000 968030.000000 
946118.000000 949830.000000 

