960588.000000 926854.000000 
982666.000000 875604.000000 
1026068.000000 851794.000000 
1002442.000000 869660.000000 
1020204.000000 852166.000000 
1007172.000000 860210.000000 
968474.000000 903684.000000 
1041754.000000 834332.000000 
1030990.000000 848092.000000 
1006268.000000 868716.000000 
980578.000000 894522.000000 
960566.000000 986110.000000 

1030222.000000 849722.000000 
996712.000000 897184.000000 
1027636.000000 861774.000000 
1047360.000000 837916.000000 
1007308.000000 877378.000000 
978250.000000 907024.000000 
1005396.000000 887420.000000 
975266.000000 916492.000000 
1020552.000000 875740.000000 
999770.000000 888710.000000 
993246.000000 902750.000000 
989222.000000 906918.000000 
1037092.000000 846134.000000 
998500.000000 895654.000000 
964820.000000 964532.000000 
964954.000000 940126.000000 
995376.000000 897532.000000 
974824.000000 923678.000000 
968420.000000 931154.000000 
971926.000000 923802.000000 

980288.000000 877834.000000 
1034536.000000 863720.000000 
1076040.000000 857760.000000 
971596.000000 904910.000000 
930414.000000 952112.000000 
938858.000000 922648.000000 
952148.000000 920356.000000 
969510.000000 907894.000000 
1015938.000000 865732.000000 
969288.000000 913518.000000 
978616.000000 895874.000000 
975262.000000 902148.000000 
1105164.000000 853618.000000 
1079012.000000 856844.000000 
1091766.000000 853884.000000 
1072100.000000 863024.000000 

964974.000000 933594.000000 
1027518.000000 843268.000000 
1035478.000000 843044.000000 
1064200.000000 834400.000000 
967880.000000 902000.000000 
1050700.000000 841638.000000 
1059164.000000 837900.000000 
1024188.000000 854860.000000 
994644.000000 878566.000000 
1068966.000000 829396.000000 
986124.000000 884924.000000 
997002.000000 874808.000000 
999614.000000 867084.000000 
984096.000000 887678.000000 
980938.000000 895240.000000 
1043144.000000 842546.000000 
1025594.000000 848802.000000 
1005430.000000 864850.000000 
1002184.000000 867050.000000 
1008900.000000 860050.000000 
1015476.000000 857194.000000 

946220.000000 945320.000000 
950514.000000 927832.000000 
945750.000000 947106.000000 
945032.000000 957924.000000 
1030424.000000 866904.000000 
1020950.000000 870166.000000 
962336.000000 919046.000000 
965612.000000 907788.000000 
995422.000000 882448.000000 
1005642.000000 872100.000000 
980214.000000 897216.000000 
964548.000000 916550.000000 
998472.000000 881732.000000 
1023974.000000 868882.000000 
961228.000000 923944.000000 
1037158.000000 857048.000000 
943518.000000 975818.000000 
975950.000000 907364.000000 
956472.000000 925378.000000 
959860.000000 925214.000000 
979276.000000 905386.000000 
980012.000000 904158.000000 
988114.000000 887630.000000 

964530.000000 947856.000000 
988256.000000 887456.000000 
989102.000000 884500.000000 
985888.000000 892546.000000 
995650.000000 881616.000000 
1005928.000000 866136.000000 
958064.000000 953944.000000 
986776.000000 888918.000000 
1033912.000000 853516.000000 
1067284.000000 848892.000000 
954242.000000 963338.000000 
1073572.000000 848344.000000 
1083618.000000 848050.000000 
1084186.000000 839978.000000 
1015124.000000 861900.000000 
1023754.000000 858118.000000 
967704.000000 902682.000000 
1021866.000000 859490.000000 
1000884.000000 873256.000000 
960118.000000 948122.000000 
979704.000000 893670.000000 

965582.000000 956366.000000 
957676.000000 970990.000000 
1011562.000000 873292.000000 
1042888.000000 846168.000000 
1060592.000000 836542.000000 
1028126.000000 857410.000000 
1036242.000000 851624.000000 
1034144.000000 852580.000000 
969102.000000 926802.000000 
979904.000000 908482.000000 
992380.000000 891768.000000 
994586.000000 875820.000000 
1029104.000000 853208.000000 
1036274.000000 849752.000000 
991970.000000 905626.000000 
995378.000000 875466.000000 
1008796.000000 873924.000000 
1017280.000000 869170.000000 
1020130.000000 860330.000000 
1038242.000000 848556.000000 
1052152.000000 845734.000000 
1081256.000000 836408.000000 
1100696.000000 834570.000000 
1094586.000000 836344.000000 
977436.000000 915054.000000 
1036516.000000 849366.000000 
1021782.000000 857822.000000 
1015192.000000 872734.000000 
987078.000000 905868.000000 
1003742.000000 874686.000000 
1060232.000000 841166.000000 
966478.000000 953232.000000 
954872.000000 992820.000000 

957122.000000 905522.000000 
954850.000000 921942.000000 
1004518.000000 870266.000000 
1029760.000000 860784.000000 
975732.000000 878276.000000 
997984.000000 870816.000000 
1070758.000000 858122.000000 
969238.000000 900412.000000 
930718.000000 950464.000000 
932900.000000 936040.000000 
922068.000000 980734.000000 
927874.000000 958036.000000 
952044.000000 932750.000000 

969540.000000 927700.000000 
963100.000000 928832.000000 
972436.000000 924262.000000 
954998.000000 934810.000000 
948370.000000 946282.000000 
978938.000000 919698.000000 
984250.000000 892440.000000 
941482.000000 968916.000000 
996806.000000 881918.000000 
1001208.000000 874230.000000 
974974.000000 920990.000000 
991614.000000 885044.000000 
982842.000000 898878.000000 
1057758.000000 860754.000000 
1033088.000000 874120.000000 
1053542.000000 866798.000000 
1041132.000000 869756.000000 
1047886.000000 866846.000000 

965802.000000 907184.000000 
1006642.000000 880176.000000 
979510.000000 899926.000000 
963352.000000 919146.000000 
933668.000000 944746.000000 
940978.000000 925394.000000 
947440.000000 919456.000000 
968118.000000 906184.000000 
994394.000000 883040.000000 
987548.000000 897862.000000 
1011586.000000 874078.000000 
1044148.000000 870012.000000 
929206.000000 958706.000000 
936012.000000 937282.000000 
1006378.000000 880870.000000 
1046700.000000 866196.000000 
1086390.000000 856676.000000 
1060980.000000 861694.000000 
1052296.000000 863568.000000 

999162.000000 867594.000000 
943538.000000 962976.000000 
963954.000000 925304.000000 
1022510.000000 848492.000000 
963684.000000 926670.000000 
990262.000000 879440.000000 
974436.000000 882084.000000 
946668.000000 961234.000000 
947312.000000 954666.000000 
973660.000000 896346.000000 
942958.000000 969510.000000 
972646.000000 904200.000000 
972004.000000 913112.000000 
1007772.000000 861510.000000 
1061250.000000 839050.000000 
998862.000000 877894.000000 
972358.000000 907754.000000 
961386.000000 946520.000000 
950254.000000 950680.000000 
970984.000000 921684.000000 
1013382.000000 859258.000000 
962656.000000 945704.000000 
958050.000000 948268.000000 

1045000.000000 845148.000000 
992284.000000 892526.000000 
993622.000000 878590.000000 
987440.000000 893220.000000 
1026032.000000 858834.000000 
977004.000000 899878.000000 
1028874.000000 845742.000000 
1028836.000000 851630.000000 
986918.000000 895050.000000 
969092.000000 907132.000000 
975248.000000 900772.000000 
1001466.000000 859586.000000 
1001338.000000 863882.000000 
958922.000000 954962.000000 
998704.000000 865886.000000 
961576.000000 937190.000000 

965310.000000 965582.000000 
1008094.000000 866994.000000 
975960.000000 879374.000000 
967304.000000 915104.000000 
967140.000000 950142.000000 
986602.000000 870256.000000 

967550.000000 917676.000000 
967014.000000 921262.000000 
993294.000000 897402.000000 
994124.000000 897394.000000 
968884.000000 916372.000000 
943154.000000 984104.000000 
974312.000000 911468.000000 
1004742.000000 887692.000000 
1006944.000000 885756.000000 
980828.000000 904052.000000 
1025062.000000 866928.000000 
945126.000000 963398.000000 
959312.000000 931156.000000 
962570.000000 925616.000000 
944340.000000 977238.000000 
1030012.000000 865184.000000 
984864.000000 897742.000000 
979252.000000 906878.000000 
948520.000000 937676.000000 
945448.000000 940540.000000 
960852.000000 927390.000000 
994502.000000 893154.000000 
1039950.000000 857664.000000 
1024308.000000 867778.000000 
1002348.000000 891120.000000 
1034520.000000 859158.000000 
1010022.000000 880098.000000 
1015524.000000 873484.000000 
1071796.000000 853842.000000 

951198.000000 935144.000000 
954622.000000 921666.000000 
1005564.000000 881198.000000 
1018342.000000 876174.000000 
1040090.000000 861512.000000 
956688.000000 921444.000000 
966006.000000 910040.000000 
998500.000000 887404.000000 
979372.000000 906610.000000 
994942.000000 888072.000000 
980544.000000 897346.000000 
941104.000000 941482.000000 
961834.000000 919444.000000 
943016.000000 940822.000000 
949630.000000 936444.000000 
982066.000000 890868.000000 
999962.000000 885676.000000 
1003150.000000 885604.000000 
1083480.000000 859594.000000 
1061884.000000 861342.000000 

1072922.000000 853092.000000 
1045494.000000 859044.000000 
986548.000000 903938.000000 
933234.000000 949330.000000 
927278.000000 973672.000000 
931984.000000 953426.000000 
1011026.000000 874210.000000 
1001142.000000 876368.000000 
934716.000000 946822.000000 
1024918.000000 869800.000000 
928716.000000 965774.000000 
959422.000000 915908.000000 
1067876.000000 854088.000000 
1083340.000000 847510.000000 
1018318.000000 870748.000000 
933042.000000 952258.000000 
933988.000000 947774.000000 
993186.000000 884472.000000 
983420.000000 905358.000000 
981826.000000 912174.000000 
935796.000000 920100.000000 
1032936.000000 866032.000000 
975104.000000 915338.000000 
987942.000000 897542.000000 
1065624.000000 856102.000000 

1014654.000000 850922.000000 
1031706.000000 844700.000000 
1065146.000000 829600.000000 
1061180.000000 837876.000000 
1057684.000000 838852.000000 
1089556.000000 820972.000000 
1062790.000000 830906.000000 
966598.000000 932234.000000 
1075832.000000 826382.000000 
1001460.000000 874182.000000 
1047630.000000 840880.000000 
1012600.000000 860704.000000 
1046884.000000 841812.000000 
978858.000000 899870.000000 
971728.000000 902616.000000 
995474.000000 876428.000000 
1050132.000000 839958.000000 
988788.000000 889494.000000 
1013610.000000 860360.000000 
954998.000000 1032052.000000 
1080368.000000 823066.000000 
964180.000000 961902.000000 

942862.000000 950450.000000 
945782.000000 947904.000000 
995034.000000 883812.000000 
986146.000000 887306.000000 
995370.000000 877158.000000 
956440.000000 925882.000000 
946766.000000 932978.000000 
941746.000000 950524.000000 
968642.000000 919638.000000 
938272.000000 958572.000000 
1047670.000000 871898.000000 
969326.000000 918000.000000 
932052.000000 981460.000000 
932922.000000 958948.000000 
926800.000000 987992.000000 
930994.000000 982002.000000 
953520.000000 929130.000000 
961948.000000 920352.000000 
980518.000000 902834.000000 
1051918.000000 865476.000000 
980278.000000 905850.000000 
984260.000000 899628.000000 
1060644.000000 861392.000000 
984066.000000 901812.000000 
994250.000000 884358.000000 
946554.000000 942764.000000 
945986.000000 947868.000000 
941512.000000 950646.000000 
974954.000000 905926.000000 
972148.000000 907102.000000 
984908.000000 898084.000000 
1080130.000000 858308.000000 
1015168.000000 872104.000000 
1001796.000000 873872.000000 

943106.000000 967798.000000 
941396.000000 968870.000000 
940830.000000 1000078.000000 
1001612.000000 861382.000000 
973658.000000 897126.000000 
990582.000000 871574.000000 
978824.000000 891102.000000 
982070.000000 875556.000000 
944118.000000 960130.000000 
946048.000000 952810.000000 
953836.000000 944820.000000 
941338.000000 986542.000000 
965580.000000 919860.000000 
967470.000000 900388.000000 
957958.000000 924964.000000 
967052.000000 908364.000000 
959520.000000 922690.000000 
947494.000000 948168.000000 
940778.000000 1015186.000000 

1026070.000000 875886.000000 
968068.000000 885878.000000 
935466.000000 1002314.000000 
937556.000000 1000544.000000 
935616.000000 1000610.000000 
951444.000000 906964.000000 
956778.000000 903424.000000 
961098.000000 901976.000000 
949590.000000 932092.000000 
942562.000000 967698.000000 
943342.000000 965446.000000 
943486.000000 958518.000000 
1001314.000000 878602.000000 
988168.000000 879836.000000 
939842.000000 969748.000000 
945710.000000 957194.000000 
1030218.000000 865576.000000 
1029416.000000 870592.000000 
1002206.000000 876024.000000 
1001288.000000 878868.000000 

950582.000000 938808.000000 
973746.000000 892262.000000 
954544.000000 933282.000000 
955154.000000 919490.000000 
1037252.000000 878100.000000 
945544.000000 940168.000000 
968416.000000 912596.000000 
959708.000000 916470.000000 
953800.000000 936006.000000 
940362.000000 940678.000000 
935358.000000 947172.000000 
993340.000000 879882.000000 
971234.000000 908416.000000 
982124.000000 881700.000000 
1084440.000000 861204.000000 
1059880.000000 863692.000000 
1044274.000000 868738.000000 

944114.000000 941568.000000 
958874.000000 913834.000000 
1019954.000000 879506.000000 
1001560.000000 887904.000000 
987066.000000 893424.000000 
953428.000000 940378.000000 
958720.000000 923692.000000 
938884.000000 974794.000000 
1007488.000000 887546.000000 
957806.000000 927068.000000 
954844.000000 935766.000000 
955944.000000 929724.000000 
1027378.000000 865450.000000 
979266.000000 903220.000000 
1044280.000000 855782.000000 
1041716.000000 863164.000000 
1011580.000000 880586.000000 
990784.000000 888522.000000 
977922.000000 912078.000000 
1073174.000000 841476.000000 
1070070.000000 849218.000000 
1047972.000000 851626.000000 
1047154.000000 853912.000000 
1026086.000000 875380.000000 

1039474.000000 856808.000000 
986702.000000 894582.000000 
944796.000000 919488.000000 
997558.000000 884716.000000 
973678.000000 907662.000000 
1012034.000000 879306.000000 
1010450.000000 881488.000000 
1007262.000000 882602.000000 
986128.000000 897392.000000 
933092.000000 967152.000000 
985082.000000 898674.000000 
1000542.000000 884102.000000 
957034.000000 916234.000000 
969982.000000 915606.000000 
941860.000000 934426.000000 
1040214.000000 855720.000000 
1022610.000000 866224.000000 
996638.000000 888714.000000 
1020584.000000 872510.000000 
1038862.000000 859332.000000 
970778.000000 907786.000000 
1009888.000000 882422.000000 
941608.000000 939902.000000 
938794.000000 941178.000000 
929558.000000 985888.000000 
930156.000000 970384.000000 
1038546.000000 864846.000000 
1060274.000000 848200.000000 

957602.000000 919604.000000 
988494.000000 910648.000000 
992048.000000 897950.000000 
1002762.000000 890480.000000 
1009082.000000 880020.000000 
945414.000000 966958.000000 
936096.000000 969122.000000 
932708.000000 986314.000000 
1004980.000000 884236.000000 
945636.000000 963534.000000 
934530.000000 984984.000000 
925944.000000 1003198.000000 
924198.000000 1005762.000000 
921926.000000 1016570.000000 
1011498.000000 866220.000000 
947894.000000 952216.000000 
1014046.000000 863350.000000 
991500.000000 902756.000000 
997676.000000 896970.000000 
951816.000000 951518.000000 
955796.000000 942354.000000 
931710.000000 986556.000000 
966894.000000 912388.000000 

976222.000000 932062.000000 
961818.000000 1013534.000000 
981752.000000 886374.000000 
987772.000000 874480.000000 
992356.000000 873428.000000 
1094724.000000 848158.000000 
1011738.000000 864650.000000 
1021946.000000 852572.000000 
977130.000000 908166.000000 
1020918.000000 859578.000000 
1048360.000000 848358.000000 
1022888.000000 852298.000000 
967142.000000 944018.000000 

971964.000000 914596.000000 
1002460.000000 871862.000000 
1005814.000000 864562.000000 
1029858.000000 855152.000000 
970520.000000 914684.000000 
1068264.000000 851340.000000 
1038578.000000 854252.000000 
986364.000000 887212.000000 
1055820.000000 853046.000000 
973224.000000 904908.000000 
982156.000000 894352.000000 
986420.000000 883002.000000 
1065920.000000 851746.000000 
1015522.000000 861398.000000 
996204.000000 881538.000000 
945542.000000 967386.000000 
959116.000000 939758.000000 
1001496.000000 878650.000000 

986082.000000 904780.000000 
1015488.000000 881874.000000 
980416.000000 908588.000000 
949924.000000 957120.000000 
1007076.000000 891654.000000 
949524.000000 973144.000000 
1070182.000000 865960.000000 
953278.000000 932184.000000 
961362.000000 921524.000000 
1008778.000000 883620.000000 
992368.000000 904098.000000 
947860.000000 978976.000000 
1068808.000000 870204.000000 
994146.000000 893150.000000 
996184.000000 892900.000000 
972802.000000 914116.000000 
950244.000000 956258.000000 
1007348.000000 888356.000000 
1100966.000000 864038.000000 
1000724.000000 892180.000000 
1069250.000000 869246.000000 
1036864.000000 875416.000000 
1084630.000000 864090.000000 
1029936.000000 879748.000000 
1030142.000000 877080.000000 

975046.000000 897678.000000 
941960.000000 951660.000000 
945586.000000 938614.000000 
960568.000000 911842.000000 
966614.000000 905556.000000 
1021830.000000 876424.000000 
953484.000000 929308.000000 
973508.000000 900308.000000 
948654.000000 933124.000000 
952382.000000 929518.000000 
981192.000000 895456.000000 
981890.000000 876772.000000 
959558.000000 923260.000000 
964696.000000 909374.000000 
939946.000000 987546.000000 
1046940.000000 875726.000000 

980486.000000 894906.000000 
979800.000000 903702.000000 
1054618.000000 843432.000000 
1038248.000000 848742.000000 
1062668.000000 833334.000000 
1079330.000000 826536.000000 
1007034.000000 870810.000000 
1011620.000000 866566.000000 
958090.000000 933002.000000 
969030.000000 921778.000000 
966510.000000 926060.000000 
974514.000000 921512.000000 
976620.000000 907148.000000 
1032974.000000 856422.000000 
1013694.000000 858350.000000 
983552.000000 871196.000000 
1047756.000000 844416.000000 
956232.000000 952072.000000 

946134.000000 936784.000000 
959540.000000 926960.000000 
936466.000000 957340.000000 
928430.000000 960600.000000 
943598.000000 939150.000000 
1003872.000000 875984.000000 
978754.000000 892888.000000 
970774.000000 905942.000000 
950028.000000 933542.000000 
991790.000000 884088.000000 
986360.000000 888618.000000 
939612.000000 946198.000000 
977482.000000 900698.000000 
965178.000000 907686.000000 
962126.000000 915744.000000 
957564.000000 928590.000000 
926140.000000 968030.000000 
939484.000000 951164.000000 
1037478.000000 865470.000000 
1015878.000000 872822.000000 
1003860.000000 881790.000000 

