996156.000000 867656.000000 
954102.000000 911684.000000 
982666.000000 875604.000000 
981388.000000 892668.000000 
1020204.000000 852166.000000 
1007172.000000 860210.000000 
968474.000000 903684.000000 
957608.000000 905850.000000 
945966.000000 934598.000000 
936536.000000 951490.000000 
939392.000000 947608.000000 
980384.000000 901978.000000 
973362.000000 903224.000000 
953756.000000 916566.000000 
1041754.000000 834332.000000 
1030990.000000 848092.000000 
980578.000000 894522.000000 

1036662.000000 863546.000000 
996712.000000 897184.000000 
952740.000000 943398.000000 
1027760.000000 873070.000000 
993638.000000 899028.000000 
999240.000000 879264.000000 
943422.000000 965758.000000 
934178.000000 973648.000000 
946894.000000 962324.000000 
1047360.000000 837916.000000 
1033474.000000 865934.000000 
970004.000000 916474.000000 
959842.000000 927710.000000 
966670.000000 925876.000000 
1029316.000000 866660.000000 
1007308.000000 877378.000000 
989222.000000 906918.000000 
978250.000000 907024.000000 
1020552.000000 875740.000000 
993246.000000 902750.000000 
998500.000000 895654.000000 
1037092.000000 846134.000000 
978002.000000 916160.000000 
995376.000000 897532.000000 

1035370.000000 860096.000000 
980288.000000 877834.000000 
1029010.000000 861978.000000 
971384.000000 913436.000000 
949586.000000 942418.000000 
949116.000000 947102.000000 
1037828.000000 852316.000000 
931884.000000 960042.000000 
971596.000000 904910.000000 
1072268.000000 842316.000000 
943484.000000 953384.000000 
952148.000000 920356.000000 
969288.000000 913518.000000 
1015938.000000 865732.000000 
1068296.000000 843516.000000 
1005284.000000 872732.000000 
1012432.000000 870152.000000 
978616.000000 895874.000000 
975262.000000 902148.000000 
1045010.000000 846512.000000 
1013228.000000 869870.000000 

948764.000000 970994.000000 
1002184.000000 867050.000000 
1008900.000000 860050.000000 
949528.000000 951862.000000 
1027518.000000 843268.000000 
1035478.000000 843044.000000 
949814.000000 944322.000000 
967880.000000 902000.000000 
1050700.000000 841638.000000 
1059164.000000 837900.000000 
1024188.000000 854860.000000 
993720.000000 883848.000000 
994644.000000 878566.000000 
977468.000000 893026.000000 
962090.000000 905442.000000 
986124.000000 884924.000000 
954018.000000 939558.000000 
958756.000000 930838.000000 
997002.000000 874808.000000 
999614.000000 867084.000000 
984096.000000 887678.000000 
1025594.000000 848802.000000 
1005430.000000 864850.000000 
1015476.000000 857194.000000 
955448.000000 936140.000000 

1005058.000000 865012.000000 
981080.000000 882032.000000 
987000.000000 866044.000000 
1031816.000000 852894.000000 
964832.000000 920408.000000 
1076074.000000 842666.000000 
1093320.000000 838474.000000 
1030250.000000 855188.000000 
1011658.000000 863800.000000 
1059792.000000 845304.000000 
971046.000000 917530.000000 
959636.000000 929168.000000 
952182.000000 933704.000000 
961228.000000 923944.000000 
1018784.000000 859818.000000 
973228.000000 911722.000000 
965408.000000 920196.000000 
975950.000000 907364.000000 
945260.000000 969448.000000 
944932.000000 997040.000000 
952016.000000 950474.000000 
949164.000000 957956.000000 
979276.000000 905386.000000 
980012.000000 904158.000000 

988256.000000 887456.000000 
989102.000000 884500.000000 
985888.000000 892546.000000 
952290.000000 933212.000000 
950558.000000 947046.000000 
938280.000000 980472.000000 
995650.000000 881616.000000 
1005928.000000 866136.000000 
986776.000000 888918.000000 
1033912.000000 853516.000000 
965856.000000 915690.000000 
1067284.000000 848892.000000 
1026624.000000 860056.000000 
1000884.000000 873256.000000 
947302.000000 963122.000000 
964838.000000 920786.000000 
1083618.000000 848050.000000 
1084186.000000 839978.000000 
1073572.000000 848344.000000 
956820.000000 922962.000000 
995656.000000 881556.000000 
989240.000000 884382.000000 
970318.000000 904362.000000 
979704.000000 893670.000000 
969958.000000 908148.000000 
944760.000000 973334.000000 

933140.000000 1009302.000000 
1011562.000000 873292.000000 
969956.000000 926250.000000 
1028126.000000 857410.000000 
1036242.000000 851624.000000 
1034144.000000 852580.000000 
1017280.000000 869170.000000 
1020130.000000 860330.000000 
1038242.000000 848556.000000 
1029104.000000 853208.000000 
1036274.000000 849752.000000 
969102.000000 926802.000000 
992380.000000 891768.000000 
994586.000000 875820.000000 
1078128.000000 839842.000000 
947704.000000 954822.000000 
973240.000000 917288.000000 
983302.000000 894988.000000 
968926.000000 929402.000000 
939724.000000 958834.000000 
995378.000000 875466.000000 
1008796.000000 873924.000000 
1081256.000000 836408.000000 
980978.000000 905164.000000 
974858.000000 907854.000000 
951546.000000 948180.000000 
1052152.000000 845734.000000 
987100.000000 894952.000000 
1100696.000000 834570.000000 
1094586.000000 836344.000000 
937522.000000 1002750.000000 
937614.000000 990120.000000 
952406.000000 929792.000000 
1078290.000000 838798.000000 
1036516.000000 849366.000000 
1021782.000000 857822.000000 
1015192.000000 872734.000000 
1003742.000000 874686.000000 
1060232.000000 841166.000000 

975732.000000 878276.000000 
956512.000000 926052.000000 
997984.000000 870816.000000 
1086804.000000 825332.000000 
1069408.000000 829134.000000 
969238.000000 900412.000000 
930718.000000 950464.000000 
932900.000000 936040.000000 
922068.000000 980734.000000 
927874.000000 958036.000000 
961824.000000 913632.000000 
952044.000000 932750.000000 
958188.000000 917442.000000 
1043034.000000 849968.000000 
955744.000000 927340.000000 
1043374.000000 847802.000000 
1039350.000000 852580.000000 
1012238.000000 862036.000000 
1031886.000000 853192.000000 
1019658.000000 855126.000000 

1073924.000000 850868.000000 
1064806.000000 851786.000000 
962292.000000 953854.000000 
1044750.000000 853234.000000 
953178.000000 960356.000000 
1023610.000000 862802.000000 
950138.000000 979728.000000 
942202.000000 1013346.000000 
948424.000000 981536.000000 
943690.000000 1007272.000000 
946302.000000 985690.000000 
958460.000000 956230.000000 
978938.000000 919698.000000 
984250.000000 892440.000000 
963678.000000 932042.000000 
1044000.000000 858680.000000 
1001208.000000 874230.000000 
1012690.000000 867812.000000 
971870.000000 928932.000000 
974974.000000 920990.000000 
991614.000000 885044.000000 
962312.000000 949358.000000 
982842.000000 898878.000000 
996806.000000 881918.000000 

1040684.000000 854930.000000 
973134.000000 907186.000000 
1057154.000000 845518.000000 
979510.000000 899926.000000 
1011586.000000 874078.000000 
963352.000000 919146.000000 
1031430.000000 859040.000000 
933668.000000 944746.000000 
940978.000000 925394.000000 
947440.000000 919456.000000 
1051320.000000 849754.000000 
1057540.000000 841190.000000 
1060428.000000 830150.000000 
1060838.000000 826376.000000 
969714.000000 907306.000000 
991992.000000 876810.000000 
987548.000000 897862.000000 
1019536.000000 862970.000000 
1041308.000000 852374.000000 
1039430.000000 856982.000000 
1036942.000000 858582.000000 
1084018.000000 825436.000000 
1006206.000000 876068.000000 
1012044.000000 869306.000000 
1012134.000000 867352.000000 
1016100.000000 863046.000000 
1030132.000000 860268.000000 

953616.000000 930400.000000 
957162.000000 916756.000000 
955276.000000 919500.000000 
961270.000000 907502.000000 
973120.000000 899630.000000 
972594.000000 902142.000000 
933974.000000 1005088.000000 
931386.000000 1015456.000000 
992436.000000 888802.000000 
945594.000000 933802.000000 
942456.000000 958032.000000 
989318.000000 889260.000000 
978706.000000 898620.000000 
1057592.000000 853278.000000 
1007772.000000 861510.000000 
1031058.000000 857090.000000 
939802.000000 965582.000000 
1042754.000000 854840.000000 
1061250.000000 839050.000000 
980900.000000 895752.000000 
938100.000000 981572.000000 
989124.000000 890154.000000 
954126.000000 928714.000000 
943460.000000 955240.000000 
1013382.000000 859258.000000 
1028710.000000 858010.000000 
943106.000000 957202.000000 
1001918.000000 879996.000000 
993284.000000 882212.000000 
999794.000000 881354.000000 
981184.000000 894526.000000 
1055958.000000 853822.000000 
941048.000000 961342.000000 

1045000.000000 845148.000000 
993622.000000 878590.000000 
989662.000000 887520.000000 
968252.000000 917890.000000 
971424.000000 905548.000000 
958192.000000 924806.000000 
1028874.000000 845742.000000 
1028836.000000 851630.000000 
987440.000000 893220.000000 
953028.000000 957324.000000 
986908.000000 898022.000000 
962866.000000 920664.000000 
955574.000000 940418.000000 
1026032.000000 858834.000000 
968328.000000 917000.000000 
941426.000000 976478.000000 
949292.000000 967200.000000 
966496.000000 918564.000000 
969092.000000 907132.000000 
1001466.000000 859586.000000 
1001338.000000 863882.000000 
977004.000000 899878.000000 
975248.000000 900772.000000 
952432.000000 958956.000000 

965310.000000 965582.000000 
1008094.000000 866994.000000 
975960.000000 879374.000000 
967304.000000 915104.000000 
967140.000000 950142.000000 
986602.000000 870256.000000 

967550.000000 917676.000000 
967014.000000 921262.000000 
993294.000000 897402.000000 
968884.000000 916372.000000 
1002420.000000 873860.000000 
974312.000000 911468.000000 
993938.000000 892582.000000 
945126.000000 963398.000000 
959312.000000 931156.000000 
944340.000000 977238.000000 
994418.000000 878638.000000 
984864.000000 897742.000000 
979252.000000 906878.000000 
948520.000000 937676.000000 
945448.000000 940540.000000 
960852.000000 927390.000000 
1039048.000000 852554.000000 
1046204.000000 849628.000000 
1048274.000000 845816.000000 
1061444.000000 843536.000000 
1014932.000000 860344.000000 
1022922.000000 853008.000000 

954622.000000 921666.000000 
1042038.000000 844736.000000 
978792.000000 908016.000000 
956688.000000 921444.000000 
946974.000000 940910.000000 
1020886.000000 859108.000000 
1029016.000000 849626.000000 
1028568.000000 856374.000000 
1091572.000000 839922.000000 
966006.000000 910040.000000 
998500.000000 887404.000000 
1101566.000000 829856.000000 
1091794.000000 836030.000000 
979372.000000 906610.000000 
980544.000000 897346.000000 
941104.000000 941482.000000 
961834.000000 919444.000000 
999962.000000 885676.000000 
1000548.000000 877448.000000 
1000642.000000 869076.000000 
1005376.000000 863628.000000 
1062690.000000 840412.000000 
982066.000000 890868.000000 

974132.000000 912178.000000 
933290.000000 949406.000000 
933042.000000 952258.000000 
933988.000000 947774.000000 
1038836.000000 851632.000000 
1003698.000000 868008.000000 
1014002.000000 854260.000000 
1037084.000000 852712.000000 
1085274.000000 841502.000000 
1049654.000000 849396.000000 
927278.000000 973672.000000 
931984.000000 953426.000000 
987528.000000 887694.000000 
1062338.000000 845168.000000 
928716.000000 965774.000000 
959422.000000 915908.000000 
979620.000000 911480.000000 
993584.000000 876158.000000 
1068954.000000 842604.000000 
993186.000000 884472.000000 
982712.000000 896208.000000 
1012208.000000 867794.000000 
1093532.000000 832568.000000 
935796.000000 920100.000000 
1001278.000000 873776.000000 

993744.000000 886346.000000 
1014654.000000 850922.000000 
1031706.000000 844700.000000 
1065146.000000 829600.000000 
1075832.000000 826382.000000 
970136.000000 928118.000000 
948384.000000 966602.000000 
1089556.000000 820972.000000 
1062790.000000 830906.000000 
945884.000000 972340.000000 
942164.000000 975182.000000 
964064.000000 928942.000000 
963490.000000 935656.000000 
960894.000000 936284.000000 
1001460.000000 874182.000000 
938532.000000 997826.000000 
1047630.000000 840880.000000 
1012600.000000 860704.000000 
1013610.000000 860360.000000 
986968.000000 889534.000000 
978858.000000 899870.000000 
971728.000000 902616.000000 
939242.000000 996492.000000 
1062522.000000 838634.000000 
995474.000000 876428.000000 
1050132.000000 839958.000000 
949532.000000 943184.000000 
988788.000000 889494.000000 
1080368.000000 823066.000000 

981004.000000 905746.000000 
986146.000000 887306.000000 
1011954.000000 851576.000000 
995370.000000 877158.000000 
1020392.000000 848132.000000 
1018032.000000 848638.000000 
1030284.000000 846282.000000 
956440.000000 925882.000000 
946766.000000 932978.000000 
941746.000000 950524.000000 
1001100.000000 864514.000000 
1074924.000000 845440.000000 
969326.000000 918000.000000 
932922.000000 958948.000000 
953520.000000 929130.000000 
961948.000000 920352.000000 
984066.000000 901812.000000 
994250.000000 884358.000000 
946554.000000 942764.000000 
945986.000000 947868.000000 
941512.000000 950646.000000 
984914.000000 887866.000000 
982584.000000 902592.000000 
974954.000000 905926.000000 
972148.000000 907102.000000 
1011186.000000 858784.000000 
1002478.000000 861446.000000 
984908.000000 898084.000000 
999294.000000 872910.000000 
994730.000000 878822.000000 

1008526.000000 847514.000000 
1017146.000000 843402.000000 
983110.000000 894648.000000 
973658.000000 897126.000000 
990582.000000 871574.000000 
942524.000000 982846.000000 
998368.000000 862448.000000 
1040522.000000 842904.000000 
996506.000000 869474.000000 
941338.000000 986542.000000 
965580.000000 919860.000000 
1048262.000000 842550.000000 
967470.000000 900388.000000 
957958.000000 924964.000000 
944298.000000 977786.000000 
967052.000000 908364.000000 
959520.000000 922690.000000 
946404.000000 975554.000000 
947494.000000 948168.000000 

1018438.000000 853914.000000 
976048.000000 882078.000000 
1009950.000000 862526.000000 
968068.000000 885878.000000 
951444.000000 906964.000000 
956778.000000 903424.000000 
961098.000000 901976.000000 
949590.000000 932092.000000 
940804.000000 988960.000000 
942562.000000 967698.000000 
945710.000000 957194.000000 
1082942.000000 849550.000000 
989212.000000 864530.000000 

1017870.000000 864494.000000 
992038.000000 877514.000000 
973746.000000 892262.000000 
954544.000000 933282.000000 
955154.000000 919490.000000 
1038250.000000 860782.000000 
945544.000000 940168.000000 
969908.000000 915788.000000 
940362.000000 940678.000000 
935358.000000 947172.000000 
988288.000000 888202.000000 
973626.000000 897310.000000 
1005170.000000 875806.000000 
1014562.000000 873536.000000 
1047502.000000 849672.000000 
1038562.000000 854628.000000 
1029752.000000 861750.000000 
971070.000000 914554.000000 
972514.000000 907410.000000 
991392.000000 888170.000000 
1050330.000000 844818.000000 

945906.000000 992508.000000 
997080.000000 891768.000000 
1070902.000000 837258.000000 
971324.000000 916008.000000 
999858.000000 887790.000000 
983306.000000 893080.000000 
953428.000000 940378.000000 
950458.000000 945334.000000 
958720.000000 923692.000000 
946710.000000 972778.000000 
1072210.000000 830110.000000 
979266.000000 903220.000000 
947328.000000 964986.000000 
963262.000000 921610.000000 
1028386.000000 847576.000000 
1030904.000000 837348.000000 
1008362.000000 879752.000000 
1026340.000000 856364.000000 
1025204.000000 859658.000000 
1010546.000000 860088.000000 
956548.000000 940242.000000 
1010252.000000 875184.000000 
1002556.000000 882644.000000 

1110156.000000 828460.000000 
1098454.000000 831392.000000 
1040536.000000 849238.000000 
994008.000000 871546.000000 
1001374.000000 859698.000000 
1032742.000000 851036.000000 
974180.000000 890538.000000 
985226.000000 881870.000000 
992308.000000 879592.000000 
944796.000000 919488.000000 
957034.000000 916234.000000 
969982.000000 915606.000000 
1076328.000000 836294.000000 
1068144.000000 837872.000000 
1043898.000000 841042.000000 
1086134.000000 834868.000000 
939866.000000 947124.000000 
943292.000000 944318.000000 
970778.000000 907786.000000 
937372.000000 982766.000000 

1007062.000000 884574.000000 
1076690.000000 850724.000000 
1082192.000000 849806.000000 
957996.000000 941256.000000 
1002908.000000 892330.000000 
994068.000000 897838.000000 
988320.000000 898342.000000 
1028080.000000 861558.000000 
1039354.000000 851478.000000 
945636.000000 963534.000000 
943428.000000 969348.000000 
934530.000000 984984.000000 
925944.000000 1003198.000000 
924198.000000 1005762.000000 
921926.000000 1016570.000000 
1006356.000000 889410.000000 
1111166.000000 846120.000000 
1120136.000000 843300.000000 
1022146.000000 862048.000000 
1033172.000000 855648.000000 
1011866.000000 869624.000000 
1014046.000000 863350.000000 
997676.000000 896970.000000 
965612.000000 929864.000000 
962388.000000 935444.000000 
963164.000000 932362.000000 
955796.000000 942354.000000 
1073718.000000 850820.000000 
931710.000000 986556.000000 
966894.000000 912388.000000 

925270.000000 938896.000000 
981752.000000 886374.000000 
958242.000000 910998.000000 
942274.000000 933632.000000 
987772.000000 874480.000000 
992356.000000 873428.000000 
1094724.000000 848158.000000 
1011738.000000 864650.000000 
1021946.000000 852572.000000 
1023488.000000 852454.000000 
1020918.000000 859578.000000 
1049308.000000 850082.000000 

948374.000000 957454.000000 
939588.000000 969578.000000 
1029858.000000 855152.000000 
970520.000000 914684.000000 
1006720.000000 872072.000000 
1068264.000000 851340.000000 
1038578.000000 854252.000000 
960630.000000 928614.000000 
955610.000000 933538.000000 
984188.000000 893340.000000 
969152.000000 917468.000000 
1055820.000000 853046.000000 
1015522.000000 861398.000000 
996204.000000 881538.000000 
982508.000000 906844.000000 
1004244.000000 875944.000000 
945542.000000 967386.000000 
994416.000000 885316.000000 
952978.000000 939578.000000 
946064.000000 959954.000000 
977366.000000 907770.000000 
1001496.000000 878650.000000 

1067330.000000 850446.000000 
949924.000000 957120.000000 
979838.000000 908022.000000 
1003754.000000 885072.000000 
1049234.000000 861852.000000 
953278.000000 932184.000000 
961362.000000 921524.000000 
1019440.000000 872640.000000 
1094430.000000 847076.000000 
1030242.000000 865784.000000 
1022880.000000 868378.000000 
1004118.000000 877380.000000 
986482.000000 903402.000000 
992602.000000 888992.000000 
987120.000000 889648.000000 
1052464.000000 858592.000000 
1032532.000000 865706.000000 
972802.000000 914116.000000 

946746.000000 971600.000000 
944598.000000 983880.000000 
975046.000000 897678.000000 
1007806.000000 863834.000000 
990732.000000 866878.000000 
960568.000000 911842.000000 
989780.000000 894618.000000 
966614.000000 905556.000000 
1048304.000000 856340.000000 
981192.000000 895456.000000 
1052618.000000 852394.000000 
1015452.000000 856586.000000 
1052080.000000 855936.000000 
1005766.000000 864848.000000 
960370.000000 929522.000000 
950458.000000 938424.000000 

979800.000000 903702.000000 
933454.000000 951856.000000 
942864.000000 941776.000000 
1015486.000000 866178.000000 
980486.000000 894906.000000 
949582.000000 917702.000000 
965304.000000 911346.000000 
1038248.000000 848742.000000 
1034442.000000 859238.000000 
1007034.000000 870810.000000 
1011620.000000 866566.000000 
976620.000000 907148.000000 
1065644.000000 843296.000000 
1019336.000000 862720.000000 
1091416.000000 831978.000000 
983552.000000 871196.000000 
1069742.000000 834748.000000 
1047756.000000 844416.000000 

1046418.000000 860954.000000 
991900.000000 868476.000000 
989232.000000 870148.000000 
1004954.000000 863560.000000 
959540.000000 926960.000000 
936466.000000 957340.000000 
928430.000000 960600.000000 
943598.000000 939150.000000 
978754.000000 892888.000000 
970774.000000 905942.000000 
950028.000000 933542.000000 
986360.000000 888618.000000 
977482.000000 900698.000000 
965178.000000 907686.000000 
962126.000000 915744.000000 
1035114.000000 861258.000000 
1050612.000000 857800.000000 
926140.000000 968030.000000 
939484.000000 951164.000000 
1047596.000000 859446.000000 

