976366.000000 882824.000000 
992730.000000 871304.000000 
971514.000000 904274.000000 
1023298.000000 860638.000000 
1026068.000000 851794.000000 
987576.000000 874040.000000 
940412.000000 972396.000000 
982918.000000 878526.000000 
949056.000000 938966.000000 
956624.000000 919652.000000 
951134.000000 927344.000000 
945896.000000 955922.000000 
963858.000000 906452.000000 
1009248.000000 868768.000000 
1046100.000000 847706.000000 
974976.000000 900100.000000 
975600.000000 898366.000000 
1013510.000000 860978.000000 
956190.000000 926978.000000 
1002442.000000 869660.000000 

957426.000000 945740.000000 
978250.000000 907024.000000 
1030530.000000 868800.000000 
1038112.000000 862750.000000 
1064092.000000 840062.000000 
1049536.000000 857150.000000 
1056684.000000 846952.000000 
1046936.000000 857164.000000 
1019452.000000 875714.000000 
1038770.000000 862580.000000 
992106.000000 884252.000000 
960672.000000 931270.000000 
1035356.000000 865944.000000 
946964.000000 952502.000000 
1007308.000000 877378.000000 
1022578.000000 869712.000000 
975266.000000 916492.000000 
978002.000000 916160.000000 
974824.000000 923678.000000 
968420.000000 931154.000000 
971926.000000 923802.000000 

985776.000000 894780.000000 
1006640.000000 869168.000000 
950142.000000 952870.000000 
1058568.000000 845116.000000 
1040028.000000 855250.000000 
1045010.000000 846512.000000 
1032570.000000 862922.000000 
1041884.000000 853954.000000 
1036256.000000 862226.000000 
991186.000000 888848.000000 
996444.000000 879210.000000 
971596.000000 904910.000000 
1036164.000000 862498.000000 
988062.000000 890518.000000 
941902.000000 961170.000000 
943484.000000 953384.000000 
952148.000000 920356.000000 
1015938.000000 865732.000000 
1068296.000000 843516.000000 
1032064.000000 864896.000000 
1005284.000000 872732.000000 
950330.000000 950290.000000 
991144.000000 889112.000000 
967518.000000 912182.000000 
1002690.000000 879162.000000 
994020.000000 884812.000000 
978616.000000 895874.000000 
975262.000000 902148.000000 

1054860.000000 843026.000000 
993840.000000 872752.000000 
1083154.000000 841728.000000 
951724.000000 917034.000000 
951370.000000 917504.000000 
961150.000000 902102.000000 
947888.000000 953796.000000 
1024188.000000 854860.000000 
993558.000000 876516.000000 
974120.000000 886416.000000 
1002424.000000 866810.000000 
1040326.000000 843416.000000 
1035464.000000 849810.000000 
986546.000000 876928.000000 
978014.000000 884286.000000 
1031148.000000 851030.000000 
985640.000000 878066.000000 
965614.000000 899312.000000 
996198.000000 867260.000000 
1002184.000000 867050.000000 
1008900.000000 860050.000000 
999108.000000 867090.000000 

990294.000000 877532.000000 
987070.000000 887336.000000 
972224.000000 902784.000000 
981578.000000 887474.000000 
1032982.000000 859400.000000 
1050958.000000 847506.000000 
972076.000000 903548.000000 
965612.000000 907788.000000 
1010818.000000 866242.000000 
1022476.000000 862950.000000 
1032322.000000 861432.000000 
1037158.000000 857048.000000 
1052996.000000 845192.000000 
953722.000000 946578.000000 
976166.000000 893880.000000 
976288.000000 889618.000000 
999620.000000 874036.000000 
1002952.000000 867992.000000 
1064348.000000 844258.000000 
1087364.000000 843864.000000 
963808.000000 912870.000000 
959086.000000 929926.000000 
959860.000000 925214.000000 
949164.000000 957956.000000 

961228.000000 909804.000000 
977038.000000 905332.000000 
978926.000000 905120.000000 
989102.000000 884500.000000 
986776.000000 888918.000000 
932914.000000 946778.000000 
931604.000000 951020.000000 
946110.000000 933264.000000 
969120.000000 907386.000000 
1033912.000000 853516.000000 
1021316.000000 866856.000000 
995650.000000 881616.000000 
1045650.000000 843850.000000 
1026624.000000 860056.000000 
1000884.000000 873256.000000 
1008564.000000 870164.000000 
1084186.000000 839978.000000 
954118.000000 931476.000000 
989240.000000 884382.000000 
979704.000000 893670.000000 

964712.000000 909642.000000 
956280.000000 931940.000000 
939962.000000 962078.000000 
1005040.000000 870824.000000 
1013466.000000 867106.000000 
952848.000000 956442.000000 
983302.000000 894988.000000 
1063166.000000 847282.000000 
994246.000000 879382.000000 
981438.000000 907020.000000 
991428.000000 886202.000000 
1024180.000000 859090.000000 
964452.000000 924798.000000 
1086504.000000 835016.000000 
1057554.000000 848470.000000 
981578.000000 902624.000000 
1037196.000000 851552.000000 
1031412.000000 854630.000000 
1030544.000000 858504.000000 
1003742.000000 874686.000000 

966480.000000 904562.000000 
957122.000000 905522.000000 
960174.000000 905194.000000 
975732.000000 878276.000000 
1001866.000000 871662.000000 
1059188.000000 848736.000000 
1024296.000000 855464.000000 
974112.000000 893722.000000 
1017820.000000 864980.000000 
970994.000000 903528.000000 
947784.000000 919386.000000 
932900.000000 936040.000000 
1035322.000000 852498.000000 
1001704.000000 872108.000000 
927874.000000 958036.000000 
1012984.000000 866464.000000 
956712.000000 919378.000000 

953178.000000 960356.000000 
970606.000000 922648.000000 
968418.000000 933422.000000 
1057788.000000 855304.000000 
941482.000000 968916.000000 
953276.000000 952960.000000 
962022.000000 935384.000000 
1026146.000000 862866.000000 
1033420.000000 860922.000000 
1011582.000000 871604.000000 
978146.000000 913932.000000 
996806.000000 881918.000000 
1012690.000000 867812.000000 
1007192.000000 879312.000000 
974974.000000 920990.000000 
991614.000000 885044.000000 
960158.000000 950938.000000 
982842.000000 898878.000000 
1057758.000000 860754.000000 

955780.000000 944236.000000 
1040910.000000 841598.000000 
1020934.000000 858352.000000 
994978.000000 886146.000000 
975004.000000 909190.000000 
1009256.000000 875404.000000 
1007738.000000 876456.000000 
1014910.000000 872922.000000 
1015300.000000 864920.000000 
1026978.000000 843386.000000 
942606.000000 969712.000000 
974330.000000 911710.000000 
950124.000000 950162.000000 
969304.000000 914054.000000 
981602.000000 893396.000000 
993002.000000 889008.000000 
960022.000000 914420.000000 
1011586.000000 874078.000000 
1001470.000000 878262.000000 
945648.000000 959692.000000 
998932.000000 879014.000000 

961270.000000 907502.000000 
968346.000000 903672.000000 
939588.000000 944694.000000 
939048.000000 955774.000000 
933974.000000 1005088.000000 
931386.000000 1015456.000000 
1013382.000000 859258.000000 
952294.000000 933152.000000 
1000692.000000 876444.000000 
1022510.000000 848492.000000 
995806.000000 879884.000000 
1009946.000000 867052.000000 
1002204.000000 874056.000000 
1064958.000000 848016.000000 
937864.000000 987750.000000 
940812.000000 934984.000000 
945594.000000 933802.000000 
955968.000000 913618.000000 
970054.000000 896508.000000 
974176.000000 893348.000000 
973660.000000 896346.000000 
974436.000000 882084.000000 
989112.000000 881314.000000 

1041050.000000 861816.000000 
1042188.000000 859194.000000 
932284.000000 973918.000000 
954444.000000 938846.000000 
958604.000000 913000.000000 
1078238.000000 852504.000000 
1081076.000000 850558.000000 
1071340.000000 852630.000000 
970436.000000 877106.000000 
1002968.000000 869196.000000 
944886.000000 958426.000000 
1013198.000000 862080.000000 
966092.000000 902112.000000 
979516.000000 872862.000000 

965310.000000 965582.000000 
1008094.000000 866994.000000 
975960.000000 879374.000000 
967304.000000 915104.000000 
967140.000000 950142.000000 
986602.000000 870256.000000 

1049170.000000 849902.000000 
1071404.000000 843372.000000 
1054896.000000 843670.000000 
953238.000000 950354.000000 
1001380.000000 886218.000000 
968884.000000 916372.000000 
1009804.000000 872468.000000 
1014932.000000 860344.000000 
956226.000000 949202.000000 
944924.000000 960992.000000 
1012666.000000 866482.000000 
982594.000000 887818.000000 
956268.000000 942812.000000 
972688.000000 899944.000000 
956642.000000 936764.000000 
982012.000000 896410.000000 
980676.000000 897512.000000 
1043284.000000 850360.000000 
1022922.000000 853008.000000 
970510.000000 910000.000000 
957216.000000 918124.000000 
1002420.000000 873860.000000 

966218.000000 902530.000000 
993818.000000 889138.000000 
953978.000000 921608.000000 
956688.000000 921444.000000 
1027340.000000 856964.000000 
1044270.000000 851208.000000 
1066252.000000 843056.000000 
979250.000000 892732.000000 
1039478.000000 855812.000000 
1058192.000000 850550.000000 
1044062.000000 853664.000000 
968616.000000 894640.000000 
995256.000000 883036.000000 
997636.000000 878364.000000 
1094626.000000 838822.000000 
941104.000000 941482.000000 
1000642.000000 869076.000000 
1005376.000000 863628.000000 
1060102.000000 845236.000000 
982066.000000 890868.000000 

1014002.000000 854260.000000 
1037084.000000 852712.000000 
1003698.000000 868008.000000 
929252.000000 986990.000000 
987426.000000 886968.000000 
936856.000000 958166.000000 
946466.000000 940432.000000 
930202.000000 970414.000000 
938898.000000 944078.000000 
969624.000000 909112.000000 
976090.000000 901370.000000 
1054530.000000 846364.000000 
977688.000000 889788.000000 
948228.000000 916132.000000 
1090088.000000 841638.000000 
958050.000000 915760.000000 
1093532.000000 832568.000000 
988480.000000 884774.000000 
990152.000000 884112.000000 
1011062.000000 864230.000000 
1001142.000000 876368.000000 

1045384.000000 843048.000000 
969362.000000 920050.000000 
954100.000000 944104.000000 
937046.000000 966972.000000 
935824.000000 973102.000000 
1039812.000000 849100.000000 
1061180.000000 837876.000000 
964064.000000 928942.000000 
1036750.000000 852064.000000 
1047630.000000 840880.000000 
1042078.000000 845038.000000 
979322.000000 900960.000000 
976968.000000 901194.000000 
969356.000000 926974.000000 
987608.000000 892368.000000 
1013848.000000 865892.000000 
950538.000000 960526.000000 
955864.000000 934250.000000 
958086.000000 930218.000000 
931866.000000 983772.000000 
1050132.000000 839958.000000 
1016528.000000 864938.000000 
1027596.000000 852430.000000 
998042.000000 866288.000000 
992282.000000 877162.000000 
984202.000000 894590.000000 
982940.000000 896984.000000 
968292.000000 928822.000000 
990786.000000 885712.000000 
1037670.000000 851890.000000 
988788.000000 889494.000000 
969460.000000 902750.000000 
1080368.000000 823066.000000 
1025332.000000 855140.000000 
1074198.000000 837100.000000 

976474.000000 895098.000000 
986038.000000 887464.000000 
993796.000000 876522.000000 
951188.000000 933640.000000 
940904.000000 982582.000000 
945782.000000 947904.000000 
986146.000000 887306.000000 
956440.000000 925882.000000 
957010.000000 917248.000000 
963460.000000 911936.000000 
1009630.000000 862406.000000 
936060.000000 989426.000000 
1030724.000000 851856.000000 
1015728.000000 859790.000000 
946554.000000 942764.000000 
945986.000000 947868.000000 
941512.000000 950646.000000 
972040.000000 910292.000000 
981676.000000 892372.000000 
975844.000000 901506.000000 
1000278.000000 868008.000000 
1016528.000000 857602.000000 
994188.000000 872548.000000 
1004236.000000 863960.000000 
1005748.000000 862936.000000 
1001100.000000 864514.000000 
992224.000000 879508.000000 
1066370.000000 845416.000000 

998252.000000 869060.000000 
1008526.000000 847514.000000 
1009576.000000 842954.000000 
943720.000000 993976.000000 
961078.000000 924858.000000 
980776.000000 877662.000000 
1048262.000000 842550.000000 
998368.000000 862448.000000 
982070.000000 875556.000000 
953490.000000 944058.000000 
951618.000000 945672.000000 
973658.000000 897126.000000 
990582.000000 871574.000000 
1001612.000000 861382.000000 
969438.000000 914414.000000 
947494.000000 948168.000000 
958174.000000 933610.000000 

1002806.000000 856324.000000 
956466.000000 934176.000000 
957680.000000 922462.000000 
960852.000000 894982.000000 
951848.000000 965334.000000 
1018438.000000 853914.000000 
952058.000000 940662.000000 
976048.000000 882078.000000 
968068.000000 885878.000000 
942562.000000 967698.000000 
989212.000000 864530.000000 

973070.000000 897774.000000 
1017870.000000 864494.000000 
992038.000000 877514.000000 
954544.000000 933282.000000 
955154.000000 919490.000000 
1008716.000000 876284.000000 
945544.000000 940168.000000 
1031370.000000 858776.000000 
940138.000000 1003890.000000 
973746.000000 892262.000000 
959276.000000 901552.000000 
990232.000000 889130.000000 
1031076.000000 860590.000000 
1061080.000000 845682.000000 
982692.000000 891564.000000 
1014490.000000 873666.000000 

958874.000000 913834.000000 
1070902.000000 837258.000000 
993426.000000 890412.000000 
974218.000000 897200.000000 
991752.000000 892554.000000 
972022.000000 910272.000000 
983306.000000 893080.000000 
995014.000000 882022.000000 
1008566.000000 866034.000000 
1044806.000000 850326.000000 
976968.000000 893992.000000 
1056086.000000 842400.000000 
993704.000000 888258.000000 
1044880.000000 842884.000000 
1072210.000000 830110.000000 
1037916.000000 854712.000000 
1027378.000000 865450.000000 
1032958.000000 858960.000000 
945064.000000 920512.000000 
949700.000000 916244.000000 
972386.000000 908616.000000 
1029752.000000 864468.000000 

945386.000000 957358.000000 
1004614.000000 869264.000000 
992308.000000 879592.000000 
964648.000000 906932.000000 
973194.000000 882552.000000 
960360.000000 910276.000000 
1032742.000000 851036.000000 
961138.000000 910100.000000 
948744.000000 954420.000000 
1036456.000000 850528.000000 
950640.000000 931276.000000 
954702.000000 929222.000000 
1019798.000000 859634.000000 
971690.000000 883070.000000 
967064.000000 897846.000000 
965678.000000 903128.000000 
1057366.000000 848044.000000 
1064910.000000 844248.000000 
1051792.000000 849792.000000 
997462.000000 879570.000000 
1076328.000000 836294.000000 
1068144.000000 837872.000000 
942550.000000 968128.000000 
1002436.000000 875840.000000 
1016568.000000 868208.000000 
955930.000000 917608.000000 
968348.000000 895530.000000 
971086.000000 894798.000000 

946174.000000 1013208.000000 
947798.000000 1012990.000000 
1084814.000000 849910.000000 
963444.000000 921790.000000 
953170.000000 938492.000000 
960762.000000 931020.000000 
992880.000000 896860.000000 
958084.000000 934352.000000 
974540.000000 920582.000000 
1039354.000000 851478.000000 
948378.000000 990558.000000 
991536.000000 900968.000000 
993760.000000 888464.000000 
987808.000000 902106.000000 
980290.000000 909428.000000 
978508.000000 911030.000000 
1005248.000000 851648.000000 
1000866.000000 875914.000000 
987634.000000 903062.000000 
984804.000000 903896.000000 
974198.000000 920864.000000 
977508.000000 913594.000000 

925270.000000 938896.000000 
950372.000000 935492.000000 
951106.000000 927248.000000 
983480.000000 894174.000000 
981410.000000 897336.000000 
981148.000000 899652.000000 
989098.000000 890748.000000 
997944.000000 875794.000000 
957498.000000 910124.000000 
969596.000000 908134.000000 
1023508.000000 862812.000000 
993082.000000 883736.000000 
1049308.000000 850082.000000 
1005032.000000 871230.000000 
1017372.000000 862814.000000 
1024708.000000 855702.000000 

962298.000000 912360.000000 
949952.000000 926946.000000 
941254.000000 942534.000000 
939588.000000 969578.000000 
1051500.000000 862806.000000 
980924.000000 899284.000000 
1002460.000000 871862.000000 
1005814.000000 864562.000000 
973224.000000 904908.000000 
986420.000000 883002.000000 
1040728.000000 863928.000000 
993702.000000 881136.000000 
1001496.000000 878650.000000 

996184.000000 892900.000000 
942838.000000 953390.000000 
958248.000000 948520.000000 
964884.000000 933348.000000 
1083182.000000 854708.000000 
1052464.000000 858592.000000 
1032532.000000 865706.000000 
988878.000000 895474.000000 
1083894.000000 854554.000000 
1094430.000000 847076.000000 
1049234.000000 861852.000000 
1008778.000000 883620.000000 
970348.000000 917640.000000 
955316.000000 951312.000000 
1015488.000000 881874.000000 
1017182.000000 878138.000000 
1078794.000000 857410.000000 
986616.000000 901666.000000 
978188.000000 902470.000000 
1013802.000000 882218.000000 
959120.000000 934406.000000 
1003754.000000 885072.000000 
1019440.000000 872640.000000 
972802.000000 914116.000000 
1030242.000000 865784.000000 
1000724.000000 892180.000000 

953484.000000 929308.000000 
954868.000000 913098.000000 
990732.000000 866878.000000 
941960.000000 951660.000000 
945586.000000 938614.000000 
975828.000000 889234.000000 
1058198.000000 858720.000000 
995216.000000 864418.000000 
1050542.000000 860678.000000 
981890.000000 876772.000000 
971494.000000 894106.000000 
952382.000000 929518.000000 
1065624.000000 856954.000000 
957864.000000 897978.000000 

939672.000000 972646.000000 
964760.000000 908010.000000 
949582.000000 917702.000000 
1003780.000000 878076.000000 
979686.000000 889176.000000 
1054618.000000 843432.000000 
1037718.000000 861958.000000 
1043408.000000 845684.000000 
946834.000000 950824.000000 
976686.000000 897896.000000 
987162.000000 886828.000000 
976620.000000 907148.000000 
1011366.000000 865914.000000 
1068644.000000 841696.000000 
989882.000000 881994.000000 
946298.000000 958676.000000 
1025330.000000 862214.000000 
1069742.000000 834748.000000 

947792.000000 972566.000000 
962288.000000 922804.000000 
967362.000000 917172.000000 
961050.000000 923442.000000 
964226.000000 917574.000000 
951490.000000 941358.000000 
959540.000000 926960.000000 
974498.000000 900722.000000 
949722.000000 952918.000000 
955028.000000 939068.000000 
954104.000000 940094.000000 
1057948.000000 856548.000000 
935688.000000 979272.000000 
950994.000000 949678.000000 
1000428.000000 868790.000000 
972556.000000 911818.000000 
1033642.000000 868598.000000 
978710.000000 869340.000000 
972678.000000 908146.000000 
969974.000000 913100.000000 
974202.000000 906644.000000 
978702.000000 894370.000000 
976284.000000 899796.000000 
957564.000000 928590.000000 
1047596.000000 859446.000000 
1037478.000000 865470.000000 

