6090390.000000 6035004.000000 6149566.000000 6079720.000000 
6100900.000000 6050164.000000 6142740.000000 6088994.000000 
6091750.000000 6049974.000000 6156588.000000 6078796.000000 
6088592.000000 6035004.000000 6161198.000000 6058954.000000 
6099238.000000 6051864.000000 6154984.000000 6069452.000000 
6089452.000000 6049724.000000 6167924.000000 6057116.000000 

6093306.000000 6090010.000000 6158378.000000 6069368.000000 
6104046.000000 6089278.000000 6172376.000000 6083360.000000 
6096968.000000 6087638.000000 6174268.000000 6067690.000000 

6096128.000000 6083132.000000 6158476.000000 6079230.000000 
6086302.000000 6063694.000000 6159398.000000 6075806.000000 
6091514.000000 6078064.000000 6155006.000000 6082852.000000 
6097560.000000 6080726.000000 6164266.000000 6073600.000000 
6101070.000000 6084546.000000 6165832.000000 6069924.000000 
6101858.000000 6075166.000000 6177424.000000 6075268.000000 

6116846.000000 6050352.000000 6200562.000000 6119720.000000 
6107486.000000 6056918.000000 6189474.000000 6116480.000000 
6118000.000000 6054966.000000 6203932.000000 6119282.000000 
6122186.000000 6074492.000000 6208226.000000 6114690.000000 

6042390.000000 5990318.000000 6120170.000000 6085998.000000 
6034228.000000 5990586.000000 6115600.000000 6077460.000000 
6030990.000000 5981388.000000 6126104.000000 6072948.000000 

6092210.000000 6082298.000000 6190674.000000 6085914.000000 
6094464.000000 6073264.000000 6182530.000000 6095178.000000 

6108906.000000 6101270.000000 6233152.000000 6082490.000000 
6091978.000000 6101636.000000 6218270.000000 6079298.000000 
6094710.000000 6080174.000000 6211928.000000 6083110.000000 
6096410.000000 6084406.000000 6210156.000000 6089972.000000 
6094956.000000 6102248.000000 6203060.000000 6071590.000000 

6102864.000000 6079102.000000 6164422.000000 6101932.000000 
6102784.000000 6074080.000000 6166182.000000 6103722.000000 

6079742.000000 6062084.000000 6180732.000000 6091742.000000 
6078980.000000 6073332.000000 6172064.000000 6082182.000000 
6080262.000000 6068250.000000 6170568.000000 6078132.000000 
6084496.000000 6074424.000000 6162808.000000 6086342.000000 
6092616.000000 6082120.000000 6160790.000000 6090218.000000 
6101064.000000 6094240.000000 6159274.000000 6085996.000000 
6091242.000000 6087930.000000 6174508.000000 6076240.000000 
6100346.000000 6091466.000000 6168424.000000 6083780.000000 

6134138.000000 6089088.000000 6210544.000000 6107518.000000 
6133804.000000 6084182.000000 6204678.000000 6117862.000000 
6127558.000000 6102208.000000 6231256.000000 6124078.000000 
6133532.000000 6093110.000000 6223340.000000 6139956.000000 

6084814.000000 6047568.000000 6192956.000000 6085208.000000 
6086316.000000 6061166.000000 6190354.000000 6082292.000000 
6086380.000000 6059510.000000 6187734.000000 6077480.000000 
6084692.000000 6056306.000000 6198130.000000 6081852.000000 
6092712.000000 6078546.000000 6189036.000000 6073528.000000 
6086790.000000 6050836.000000 6182912.000000 6081028.000000 

6107540.000000 6103670.000000 6205696.000000 6102634.000000 
6114746.000000 6096158.000000 6223748.000000 6110922.000000 
6090558.000000 6105926.000000 6198094.000000 6077570.000000 
6108230.000000 6100540.000000 6209084.000000 6122160.000000 
6113388.000000 6098712.000000 6219940.000000 6091008.000000 

6111840.000000 6057588.000000 6170004.000000 6110384.000000 
6113078.000000 6047734.000000 6189220.000000 6114190.000000 
6108486.000000 6058238.000000 6185594.000000 6120402.000000 

6132354.000000 6091704.000000 6228730.000000 6127342.000000 
6130722.000000 6090718.000000 6232322.000000 6127836.000000 
6122754.000000 6092070.000000 6221368.000000 6113722.000000 
6128764.000000 6099222.000000 6215770.000000 6127142.000000 
6129210.000000 6099676.000000 6211980.000000 6123070.000000 

6062034.000000 6045780.000000 6138550.000000 6057148.000000 
6059586.000000 6062732.000000 6120950.000000 6059512.000000 
6055758.000000 6050612.000000 6126998.000000 6050302.000000 
6057488.000000 6041452.000000 6135072.000000 6066708.000000 
6047998.000000 6051524.000000 6129058.000000 6070046.000000 
6057990.000000 6057416.000000 6118562.000000 6071384.000000 
6051722.000000 6047004.000000 6124000.000000 6060222.000000 

6117522.000000 6093860.000000 6186194.000000 6141816.000000 
6124938.000000 6094958.000000 6197056.000000 6129998.000000 
6118730.000000 6087986.000000 6189732.000000 6136636.000000 
6112318.000000 6080450.000000 6202688.000000 6141356.000000 
6118024.000000 6083968.000000 6216008.000000 6128146.000000 
6112350.000000 6073792.000000 6207794.000000 6132648.000000 

6058498.000000 6052842.000000 6150900.000000 6074256.000000 
6060080.000000 6059548.000000 6150278.000000 6067926.000000 

6039432.000000 5987938.000000 6125462.000000 6059662.000000 
6045458.000000 6010424.000000 6128556.000000 6056172.000000 
6046412.000000 6009000.000000 6143432.000000 6031240.000000 
6039134.000000 5985844.000000 6138474.000000 6034782.000000 

6069852.000000 6045806.000000 6146210.000000 6087456.000000 
6065550.000000 6037750.000000 6121784.000000 6103700.000000 
6081546.000000 6065540.000000 6160132.000000 6084542.000000 
6078324.000000 6036554.000000 6126348.000000 6115682.000000 
6062332.000000 6064638.000000 6114474.000000 6108516.000000 

6045680.000000 6063160.000000 6148336.000000 6023858.000000 
6090268.000000 6054056.000000 6155224.000000 6088416.000000 
6074156.000000 6052852.000000 6167450.000000 6060472.000000 
6042302.000000 6056318.000000 6134358.000000 6041810.000000 
6060760.000000 6075056.000000 6132634.000000 6065952.000000 

6156616.000000 6099710.000000 6215552.000000 6153740.000000 
6147308.000000 6096208.000000 6215996.000000 6154086.000000 
6151834.000000 6096240.000000 6220916.000000 6153492.000000 
6151110.000000 6084414.000000 6209274.000000 6156972.000000 
6149494.000000 6124258.000000 6241296.000000 6129538.000000 
6148758.000000 6124934.000000 6231836.000000 6130158.000000 
6149762.000000 6103742.000000 6221524.000000 6111792.000000 
6152004.000000 6086250.000000 6242402.000000 6147682.000000 
6154930.000000 6103338.000000 6229302.000000 6130888.000000 
6158762.000000 6102034.000000 6227564.000000 6136164.000000 
6156784.000000 6096998.000000 6228522.000000 6111378.000000 
6155558.000000 6115800.000000 6214760.000000 6144962.000000 
6161964.000000 6108896.000000 6219362.000000 6144668.000000 

6098040.000000 6082322.000000 6211454.000000 6082408.000000 
6090354.000000 6061686.000000 6211820.000000 6084644.000000 
6096582.000000 6075740.000000 6206850.000000 6082628.000000 
6087778.000000 6058352.000000 6184156.000000 6090030.000000 
6089340.000000 6064586.000000 6187670.000000 6086042.000000 

6134700.000000 6107686.000000 6209622.000000 6097484.000000 
6149868.000000 6105722.000000 6216108.000000 6110156.000000 

6067540.000000 6065176.000000 6132880.000000 6062518.000000 
6077550.000000 6052932.000000 6137174.000000 6096780.000000 
6076148.000000 6084438.000000 6154154.000000 6061780.000000 
6077542.000000 6058502.000000 6134172.000000 6073716.000000 
6066524.000000 6067934.000000 6149764.000000 6065318.000000 
6072386.000000 6051992.000000 6160286.000000 6060022.000000 
6066716.000000 6048950.000000 6146568.000000 6061830.000000 
6069340.000000 6066696.000000 6132188.000000 6067088.000000 
6077374.000000 6058520.000000 6131392.000000 6068296.000000 
6070220.000000 6047776.000000 6137486.000000 6068590.000000 
6077256.000000 6062190.000000 6135002.000000 6077238.000000 

6135938.000000 6091954.000000 6205452.000000 6138026.000000 
6142624.000000 6088238.000000 6214254.000000 6139732.000000 
6127512.000000 6085086.000000 6199846.000000 6147762.000000 

6079898.000000 6047332.000000 6164276.000000 6070246.000000 
6084628.000000 6084456.000000 6163646.000000 6072214.000000 

6083710.000000 6107554.000000 6163584.000000 6092524.000000 
6085786.000000 6101258.000000 6189208.000000 6091498.000000 
6080766.000000 6103964.000000 6181658.000000 6090034.000000 
6083270.000000 6105012.000000 6164300.000000 6094046.000000 

6107118.000000 6053220.000000 6184432.000000 6098430.000000 
6105506.000000 6058832.000000 6190216.000000 6101210.000000 
6110126.000000 6041978.000000 6195734.000000 6094406.000000 
6108738.000000 6046358.000000 6204094.000000 6097186.000000 

6096316.000000 6027582.000000 6144898.000000 6105402.000000 
6102042.000000 6025854.000000 6130404.000000 6109222.000000 
6098094.000000 6026094.000000 6134692.000000 6101494.000000 
6096322.000000 6022698.000000 6136452.000000 6106812.000000 
6097040.000000 6014562.000000 6135348.000000 6109888.000000 

6125096.000000 6105980.000000 6224514.000000 6131104.000000 
6130404.000000 6118342.000000 6224924.000000 6114100.000000 
6126114.000000 6121054.000000 6221882.000000 6112258.000000 
6129260.000000 6118438.000000 6229346.000000 6117578.000000 

