6091054.000000 6036392.000000 6147594.000000 6082644.000000 
6087106.000000 6037596.000000 6158796.000000 6059298.000000 
6093974.000000 6043320.000000 6177132.000000 6057416.000000 
6100900.000000 6050164.000000 6142740.000000 6088994.000000 
6090390.000000 6035004.000000 6149566.000000 6079720.000000 
6091750.000000 6049974.000000 6156588.000000 6078796.000000 
6088592.000000 6035004.000000 6161198.000000 6058954.000000 
6099238.000000 6051864.000000 6154984.000000 6069452.000000 
6089452.000000 6049724.000000 6167924.000000 6057116.000000 

6093306.000000 6090010.000000 6158378.000000 6069368.000000 
6104046.000000 6089278.000000 6172376.000000 6083360.000000 
6096968.000000 6087638.000000 6174268.000000 6067690.000000 

6086302.000000 6063694.000000 6159398.000000 6075806.000000 
6096128.000000 6083132.000000 6158476.000000 6079230.000000 
6091514.000000 6078064.000000 6155006.000000 6082852.000000 
6097560.000000 6080726.000000 6164266.000000 6073600.000000 
6101070.000000 6084546.000000 6165832.000000 6069924.000000 
6101858.000000 6075166.000000 6177424.000000 6075268.000000 

6118000.000000 6054966.000000 6203932.000000 6119282.000000 
6116846.000000 6050352.000000 6200562.000000 6119720.000000 
6107486.000000 6056918.000000 6189474.000000 6116480.000000 
6122186.000000 6074492.000000 6208226.000000 6114690.000000 

6042390.000000 5990318.000000 6120170.000000 6085998.000000 
6030990.000000 5981388.000000 6126104.000000 6072948.000000 
6034228.000000 5990586.000000 6115600.000000 6077460.000000 

6092210.000000 6082298.000000 6190674.000000 6085914.000000 
6094464.000000 6073264.000000 6182530.000000 6095178.000000 

6088854.000000 6075794.000000 6216502.000000 6078398.000000 
6081250.000000 6081024.000000 6189114.000000 6052474.000000 
6075096.000000 6084122.000000 6182170.000000 6044360.000000 
6094710.000000 6080174.000000 6211928.000000 6083110.000000 
6073836.000000 6094790.000000 6182894.000000 6059902.000000 

6102864.000000 6079102.000000 6164422.000000 6101932.000000 
6102784.000000 6074080.000000 6166182.000000 6103722.000000 

6098782.000000 6084870.000000 6167424.000000 6084052.000000 
6084496.000000 6074424.000000 6162808.000000 6086342.000000 
6078980.000000 6073332.000000 6172064.000000 6082182.000000 
6079742.000000 6062084.000000 6180732.000000 6091742.000000 
6080262.000000 6068250.000000 6170568.000000 6078132.000000 
6092616.000000 6082120.000000 6160790.000000 6090218.000000 
6101064.000000 6094240.000000 6159274.000000 6085996.000000 
6091242.000000 6087930.000000 6174508.000000 6076240.000000 
6100346.000000 6091466.000000 6168424.000000 6083780.000000 

6129816.000000 6107508.000000 6235296.000000 6111220.000000 
6133804.000000 6084182.000000 6204678.000000 6117862.000000 
6134138.000000 6089088.000000 6210544.000000 6107518.000000 
6132902.000000 6098964.000000 6225378.000000 6103262.000000 
6127558.000000 6102208.000000 6231256.000000 6124078.000000 
6133532.000000 6093110.000000 6223340.000000 6139956.000000 

6089360.000000 6065894.000000 6182654.000000 6077142.000000 
6086316.000000 6061166.000000 6190354.000000 6082292.000000 
6084814.000000 6047568.000000 6192956.000000 6085208.000000 
6086380.000000 6059510.000000 6187734.000000 6077480.000000 
6084692.000000 6056306.000000 6198130.000000 6081852.000000 
6092712.000000 6078546.000000 6189036.000000 6073528.000000 
6086790.000000 6050836.000000 6182912.000000 6081028.000000 

6107540.000000 6103670.000000 6205696.000000 6102634.000000 
6092200.000000 6103684.000000 6202178.000000 6097776.000000 
6090558.000000 6105926.000000 6198094.000000 6077570.000000 
6108230.000000 6100540.000000 6209084.000000 6122160.000000 
6113388.000000 6098712.000000 6219940.000000 6091008.000000 

6113014.000000 6079094.000000 6157080.000000 6114782.000000 
6114432.000000 6078966.000000 6186546.000000 6108450.000000 
6111268.000000 6089176.000000 6190292.000000 6093202.000000 
6111232.000000 6082852.000000 6172414.000000 6122616.000000 
6111840.000000 6057588.000000 6170004.000000 6110384.000000 
6108486.000000 6058238.000000 6185594.000000 6120402.000000 
6113078.000000 6047734.000000 6189220.000000 6114190.000000 
6111962.000000 6079686.000000 6205292.000000 6096148.000000 

6127140.000000 6102148.000000 6210448.000000 6131688.000000 
6130722.000000 6090718.000000 6232322.000000 6127836.000000 
6122754.000000 6092070.000000 6221368.000000 6113722.000000 
6120922.000000 6098264.000000 6226576.000000 6111524.000000 
6123010.000000 6097122.000000 6226100.000000 6113006.000000 
6132354.000000 6091704.000000 6228730.000000 6127342.000000 
6128764.000000 6099222.000000 6215770.000000 6127142.000000 
6126084.000000 6112814.000000 6215164.000000 6116224.000000 
6129210.000000 6099676.000000 6211980.000000 6123070.000000 
6126986.000000 6111140.000000 6214490.000000 6114128.000000 

6055758.000000 6050612.000000 6126998.000000 6050302.000000 
6057488.000000 6041452.000000 6135072.000000 6066708.000000 
6047998.000000 6051524.000000 6129058.000000 6070046.000000 
6057990.000000 6057416.000000 6118562.000000 6071384.000000 
6051722.000000 6047004.000000 6124000.000000 6060222.000000 

6117522.000000 6093860.000000 6186194.000000 6141816.000000 
6124938.000000 6094958.000000 6197056.000000 6129998.000000 
6118730.000000 6087986.000000 6189732.000000 6136636.000000 
6112318.000000 6080450.000000 6202688.000000 6141356.000000 
6112350.000000 6073792.000000 6207794.000000 6132648.000000 
6118024.000000 6083968.000000 6216008.000000 6128146.000000 

6058498.000000 6052842.000000 6150900.000000 6074256.000000 
6060080.000000 6059548.000000 6150278.000000 6067926.000000 

6054128.000000 6019718.000000 6171954.000000 6030750.000000 
6046412.000000 6009000.000000 6143432.000000 6031240.000000 
6047258.000000 5996528.000000 6167608.000000 6034768.000000 
6047244.000000 5981728.000000 6148892.000000 6048874.000000 
6039134.000000 5985844.000000 6138474.000000 6034782.000000 

6077352.000000 6057160.000000 6134050.000000 6100570.000000 
6069852.000000 6045806.000000 6146210.000000 6087456.000000 
6065550.000000 6037750.000000 6121784.000000 6103700.000000 
6081546.000000 6065540.000000 6160132.000000 6084542.000000 
6078324.000000 6036554.000000 6126348.000000 6115682.000000 
6062332.000000 6064638.000000 6114474.000000 6108516.000000 

6026352.000000 6050006.000000 6102514.000000 6042076.000000 
6048864.000000 6040420.000000 6143528.000000 6019252.000000 
6029856.000000 6041680.000000 6124422.000000 6020108.000000 
6038932.000000 6035776.000000 6127740.000000 6019374.000000 
6039444.000000 6044028.000000 6128962.000000 6016138.000000 
6045266.000000 6053314.000000 6137744.000000 6010018.000000 
6043468.000000 6059108.000000 6150840.000000 6010656.000000 
6038534.000000 6045918.000000 6122080.000000 6020608.000000 
6037170.000000 6076742.000000 6135460.000000 6004996.000000 
6026630.000000 6041352.000000 6109508.000000 6048532.000000 
6031540.000000 6072162.000000 6124704.000000 6013188.000000 
6023784.000000 6056182.000000 6096032.000000 6026390.000000 
6028164.000000 6057090.000000 6105710.000000 6013668.000000 
6032288.000000 6064806.000000 6105584.000000 6023062.000000 
6032354.000000 6061884.000000 6123604.000000 6009140.000000 
6027802.000000 6038708.000000 6106990.000000 6040220.000000 
6027108.000000 6042314.000000 6100108.000000 6048390.000000 
6027820.000000 6036486.000000 6121910.000000 6057798.000000 
6025076.000000 6041336.000000 6113342.000000 6036516.000000 
6041820.000000 6031072.000000 6132592.000000 6021784.000000 
6026900.000000 6040782.000000 6101096.000000 6048816.000000 
6032610.000000 6048568.000000 6099950.000000 6051224.000000 
6032470.000000 6039488.000000 6112986.000000 6035354.000000 
6032302.000000 6041590.000000 6106218.000000 6033158.000000 
6033520.000000 6052942.000000 6099706.000000 6046808.000000 
6032486.000000 6038390.000000 6105956.000000 6050352.000000 
6034378.000000 6033498.000000 6129934.000000 6020734.000000 
6019530.000000 6038152.000000 6131778.000000 6022926.000000 
6028658.000000 6031286.000000 6119034.000000 6022668.000000 
6037888.000000 6028420.000000 6124134.000000 6026148.000000 
6032184.000000 6043110.000000 6123704.000000 6019906.000000 
6027362.000000 6040426.000000 6117188.000000 6027092.000000 
6025166.000000 6045940.000000 6112546.000000 6026836.000000 
6020114.000000 6019432.000000 6127160.000000 6030876.000000 
6033444.000000 6046744.000000 6111724.000000 6032484.000000 
6050080.000000 6071726.000000 6157426.000000 6005270.000000 
6032064.000000 6053554.000000 6097678.000000 6036070.000000 
6035404.000000 6043766.000000 6108882.000000 6029146.000000 
6035690.000000 6029062.000000 6125210.000000 6031490.000000 
6033116.000000 6026208.000000 6129352.000000 6023418.000000 
6029328.000000 6027368.000000 6118314.000000 6033318.000000 
6028466.000000 6041054.000000 6114958.000000 6032278.000000 
6030862.000000 6020506.000000 6134912.000000 6023272.000000 
6027644.000000 6033216.000000 6125594.000000 6035940.000000 
6022670.000000 6046766.000000 6119808.000000 6028480.000000 
6026092.000000 6044720.000000 6110968.000000 6039828.000000 
6028158.000000 6044682.000000 6104296.000000 6035392.000000 
6021150.000000 6037314.000000 6120278.000000 6027950.000000 
6027386.000000 6037918.000000 6115312.000000 6029886.000000 
6025134.000000 6047078.000000 6111886.000000 6014904.000000 

6140614.000000 6082684.000000 6215998.000000 6091278.000000 
6146828.000000 6106034.000000 6206230.000000 6141916.000000 
6150668.000000 6097480.000000 6205170.000000 6151562.000000 
6118222.000000 6093542.000000 6240590.000000 6108722.000000 
6140268.000000 6107858.000000 6208032.000000 6131340.000000 
6122648.000000 6091336.000000 6233508.000000 6098028.000000 
6131666.000000 6103896.000000 6216698.000000 6116554.000000 
6119412.000000 6087674.000000 6242034.000000 6093670.000000 
6129344.000000 6102618.000000 6220778.000000 6113300.000000 
6148906.000000 6093046.000000 6210006.000000 6135084.000000 
6141416.000000 6094246.000000 6207728.000000 6125542.000000 
6120010.000000 6081338.000000 6219446.000000 6116204.000000 
6147424.000000 6091816.000000 6205314.000000 6135716.000000 
6147176.000000 6098764.000000 6205524.000000 6118142.000000 
6137970.000000 6086936.000000 6218522.000000 6117142.000000 
6132220.000000 6089636.000000 6217204.000000 6110000.000000 
6119420.000000 6073700.000000 6225128.000000 6098590.000000 
6136902.000000 6081670.000000 6223584.000000 6112186.000000 
6126826.000000 6065848.000000 6223276.000000 6112196.000000 
6119274.000000 6064384.000000 6212790.000000 6117302.000000 
6152924.000000 6110242.000000 6205892.000000 6117144.000000 
6145772.000000 6097942.000000 6209688.000000 6118010.000000 
6140710.000000 6079812.000000 6211000.000000 6125704.000000 
6128944.000000 6063372.000000 6219182.000000 6130356.000000 
6142008.000000 6095826.000000 6213478.000000 6097694.000000 
6145564.000000 6101386.000000 6211380.000000 6115922.000000 
6150346.000000 6091510.000000 6210294.000000 6163902.000000 
6151110.000000 6084414.000000 6209274.000000 6156972.000000 

6085090.000000 6057928.000000 6177474.000000 6095544.000000 
6080922.000000 6047610.000000 6206876.000000 6076346.000000 
6080132.000000 6049066.000000 6179828.000000 6113140.000000 
6064702.000000 6047846.000000 6183722.000000 6070336.000000 
6079956.000000 6049798.000000 6173882.000000 6110638.000000 
6079440.000000 6055050.000000 6182684.000000 6094932.000000 
6082388.000000 6055608.000000 6173560.000000 6102802.000000 
6072448.000000 6056260.000000 6180306.000000 6084366.000000 
6091166.000000 6076286.000000 6176788.000000 6098886.000000 
6076910.000000 6049210.000000 6182706.000000 6102380.000000 
6077706.000000 6057646.000000 6179370.000000 6105412.000000 

6134700.000000 6107686.000000 6209622.000000 6097484.000000 
6149868.000000 6105722.000000 6216108.000000 6110156.000000 

6061330.000000 6071566.000000 6145048.000000 6048948.000000 
6058766.000000 6079068.000000 6139296.000000 6046008.000000 
6060204.000000 6068766.000000 6128842.000000 6051018.000000 
6057770.000000 6071238.000000 6124684.000000 6057622.000000 
6059360.000000 6077622.000000 6132646.000000 6051878.000000 
6057428.000000 6065970.000000 6126526.000000 6052330.000000 
6058906.000000 6062444.000000 6123732.000000 6053810.000000 
6059794.000000 6058136.000000 6132742.000000 6074644.000000 
6068502.000000 6036672.000000 6146568.000000 6071888.000000 
6067098.000000 6050860.000000 6145400.000000 6063484.000000 
6069858.000000 6059792.000000 6148598.000000 6058202.000000 
6061206.000000 6040314.000000 6145448.000000 6064130.000000 
6054110.000000 6066326.000000 6128814.000000 6057202.000000 
6056940.000000 6066948.000000 6113668.000000 6065950.000000 
6056366.000000 6059972.000000 6133126.000000 6052948.000000 
6062448.000000 6059646.000000 6131624.000000 6066232.000000 
6061518.000000 6071686.000000 6131198.000000 6048468.000000 
6067900.000000 6052068.000000 6137394.000000 6064246.000000 
6059406.000000 6061202.000000 6121996.000000 6059050.000000 
6077826.000000 6043664.000000 6138798.000000 6075748.000000 
6058608.000000 6052098.000000 6150660.000000 6071638.000000 
6062222.000000 6060806.000000 6130570.000000 6063792.000000 
6060062.000000 6054520.000000 6149566.000000 6045722.000000 
6061156.000000 6071186.000000 6132306.000000 6049030.000000 
6070660.000000 6053600.000000 6118808.000000 6073636.000000 
6056356.000000 6040426.000000 6152788.000000 6056114.000000 
6057690.000000 6057308.000000 6135872.000000 6059622.000000 
6060046.000000 6045744.000000 6124042.000000 6068026.000000 
6063396.000000 6059238.000000 6119036.000000 6084020.000000 
6066716.000000 6048950.000000 6146568.000000 6061830.000000 

6135938.000000 6091954.000000 6205452.000000 6138026.000000 
6142624.000000 6088238.000000 6214254.000000 6139732.000000 
6127512.000000 6085086.000000 6199846.000000 6147762.000000 

6079898.000000 6047332.000000 6164276.000000 6070246.000000 
6084628.000000 6084456.000000 6163646.000000 6072214.000000 

6083710.000000 6107554.000000 6163584.000000 6092524.000000 
6085786.000000 6101258.000000 6189208.000000 6091498.000000 
6080766.000000 6103964.000000 6181658.000000 6090034.000000 
6083270.000000 6105012.000000 6164300.000000 6094046.000000 

6105506.000000 6058832.000000 6190216.000000 6101210.000000 
6107118.000000 6053220.000000 6184432.000000 6098430.000000 
6110126.000000 6041978.000000 6195734.000000 6094406.000000 
6108738.000000 6046358.000000 6204094.000000 6097186.000000 

6094842.000000 6016190.000000 6144364.000000 6113026.000000 
6096332.000000 6017560.000000 6142490.000000 6116768.000000 
6102042.000000 6025854.000000 6130404.000000 6109222.000000 
6098094.000000 6026094.000000 6134692.000000 6101494.000000 
6096322.000000 6022698.000000 6136452.000000 6106812.000000 
6097040.000000 6014562.000000 6135348.000000 6109888.000000 

6120704.000000 6104912.000000 6220656.000000 6126112.000000 
6120876.000000 6104368.000000 6212622.000000 6120798.000000 
6126200.000000 6104428.000000 6227016.000000 6120352.000000 
6121704.000000 6110342.000000 6221350.000000 6095732.000000 
6118632.000000 6107498.000000 6211432.000000 6109454.000000 
6129082.000000 6120148.000000 6218436.000000 6104766.000000 

