3892 4126 3273 
4186 3575 3465 
3976 4118 3351 
3860 4257 3523 
4095 3761 3562 
4033 3844 3283 
4108 3775 3505 
4132 3702 3788 
3756 3668 4134 
3888 3636 4044 
4065 3650 3900 
4150 3689 3817 
4118 3735 3850 
3904 3687 4025 
3772 3719 4115 
4150 3700 3769 
3828 4303 3556 
3871 3813 3966 
3695 3818 4053 
4006 4117 3683 
3835 3684 4077 
3941 3971 3809 
3688 4317 3764 
3881 4130 3716 
4023 4102 3726 
3865 4241 3561 
4168 3687 3798 
3771 4104 3964 
3971 3941 3760 
3958 3822 3876 
3887 3864 3947 
4117 3836 3361 
3678 4291 3841 
3907 3817 3909 
3889 3834 3940 
4155 3673 3855 
3902 3833 3871 
4137 3686 3826 
4157 3643 3848 
3873 3783 3959 
3993 4103 3740 
3803 4218 3564 
3902 3938 3812 
4191 3559 3503 

4060 3962 3552 
4127 3894 3543 
4268 3626 3427 
4042 3964 3571 
4109 3896 3562 
4212 3636 3442 
4065 3936 3618 
3885 4145 3632 
3682 4121 4046 
4009 3946 3633 
3658 4180 3700 
3731 4155 3728 
4306 3566 3358 
3713 4157 3747 
3829 4155 3647 
3675 4165 3743 
3714 3721 4018 
4144 3879 3586 
3813 3715 4100 
3720 4061 3977 
3701 4106 3941 
3928 3670 3797 
3846 3948 3941 
3909 4103 3623 
4084 3891 3654 
4285 3611 3470 
4082 3921 3661 
3902 3938 3926 
4066 3893 3673 
4028 3901 3669 
4077 3947 3595 
3713 4169 3500 
3934 3999 3334 
3916 4001 3353 
3941 3952 3707 
3747 4001 3668 

3996 3960 3734 
4132 3676 3730 
3774 4003 3880 
4108 3934 3657 
4186 3677 3466 
3746 4192 3527 
3831 3900 3943 
3762 4243 3508 
3776 4191 3513 
3836 4084 3491 
3784 4132 3458 
3725 4258 3506 
3916 4103 3288 
4187 3634 3521 
3855 3964 3921 
3991 3850 3822 
4205 3632 3502 
3703 4047 3652 
3739 4206 3511 
3584 4075 3887 
3600 4126 3868 
3772 3719 4115 
3849 3898 3924 
3847 3928 3931 
4203 3662 3509 
4208 3566 3416 
3839 3913 3940 
4192 3618 3559 
3984 4016 3835 
4089 3979 3621 
3876 4031 3674 
4106 3964 3664 
3756 3668 4134 
3817 3929 3945 
3735 3970 3883 
4070 3971 3704 
4094 3713 3777 
3820 4033 3510 
4131 3698 3779 
4118 3684 3836 
4095 3920 3714 
4102 4032 3587 
3836 3884 3981 
3680 4215 3820 
3886 4104 3302 

3691 4103 3751 
3900 3908 3698 
4035 3536 3646 
4165 3572 3605 
3956 3898 3683 
4200 3555 3629 
3808 3623 4148 
3742 3647 4004 
3849 3623 4139 
3798 3637 3989 
3972 3812 3847 
3851 3593 4132 
3719 4113 3697 
4252 3620 3404 
4210 3622 3402 
4245 3605 3426 
4172 3630 3398 
3979 4016 3426 
3707 4140 3747 
4207 3570 3607 
3934 3820 3843 
3897 3835 3841 
3560 3720 3994 
4247 3575 3419 
4007 3795 3871 
3784 3645 4006 
4101 3680 3480 
3774 4093 3441 
3790 4121 3429 
3887 4049 3308 
3772 4123 3448 
3777 3630 4028 
4202 3525 3622 
3851 3886 3890 
3970 3810 3869 
3752 4049 3713 
3953 3825 3826 
4221 3562 3590 
3987 3956 3677 
4017 3817 3485 
3944 4086 3295 
4091 3526 3631 
3839 3913 3940 
4008 3773 3822 
4063 3688 3476 
3759 3967 3617 
3478 3996 3835 
3803 3975 3438 
4130 3430 3631 
4037 3506 3639 
4026 3969 3327 
4038 3742 3269 
4046 3796 3263 
4076 3764 3219 

3912 4025 3257 
4144 3851 3748 
3947 3960 3442 
3945 3990 3449 
3776 3937 3753 
3769 3922 3775 
3771 3892 3768 
3955 3973 3363 
3779 3905 3689 
3764 3669 4004 
3692 4181 3336 
3591 4239 3710 
3903 3795 3892 
3629 4231 3714 
3647 4229 3695 
3920 3780 3935 
4064 3861 3742 
4133 3864 3690 
4102 3853 3746 
3886 4104 3302 
3755 4145 3959 
3624 4186 3729 
3837 3644 4032 
3876 4031 3674 
3890 3782 3929 
3642 4184 3710 
3907 3767 3972 
4139 3806 3763 
4159 3785 3645 
3586 4194 3725 
4137 3836 3770 
3640 4214 3717 
3700 4090 4016 
3909 3737 3965 
3812 3658 4119 
3756 3668 4134 
3941 3655 3955 
3949 3668 3876 
3939 3685 3962 
3727 4164 3360 
3709 4166 3379 
3462 3685 4055 

4277 3672 3488 
4266 3628 3538 
3443 4072 3816 
3751 4213 3509 
3776 4199 3422 
3701 3840 3859 
3563 4067 3875 
3459 4123 3797 
3857 4165 3359 
3601 4059 3879 
4192 3618 3559 
4057 3898 3779 
4095 4060 3592 
3608 4013 3910 
3452 3697 4089 
3414 3705 4085 
4264 3659 3525 
3753 3910 3686 
4132 3892 3840 
4081 3792 3855 
4264 3658 3545 
4259 3674 3507 
4082 4046 3649 
3831 3730 4069 
4077 4062 3611 
3619 4057 3860 
3815 3679 4088 
4157 3878 3753 
4195 3369 3608 
4162 3862 3791 
3627 4032 3840 
4093 3859 3843 
4208 3669 3540 
3767 4264 3490 
3860 4054 3640 
4043 3800 3851 
4211 3420 3589 
4039 4070 3607 
3971 3760 3865 
4213 3390 3582 
3606 4043 3917 
3663 3848 3855 
3987 3811 3846 
3798 3757 3872 
3718 3920 3759 
3728 3957 3661 

3838 4085 3559 
4160 3438 3456 
3911 4060 3587 
3468 4042 3965 
3585 3631 4025 
3442 3439 4105 
3400 4051 3975 
3447 3423 4143 
3916 4044 3625 
3590 3615 4063 
3843 4069 3597 
3873 4068 3583 
3404 3447 4101 
3430 4050 3961 
3393 3403 4151 
4049 3954 3753 
3438 4043 3979 
3842 4300 3449 
3418 3959 4009 
3948 3816 4014 
3802 4015 3843 
4122 3929 3781 
3851 4051 3797 
3964 3867 3995 
3813 4059 3793 
3856 4035 3835 
3762 4080 3939 
3473 4026 4003 
3578 4090 3591 
4165 3422 3494 
3924 3995 3253 

3528 3517 4043 
3779 4121 3763 
3661 3689 3986 
3835 4111 3748 
3795 3633 3968 
3738 4170 3369 
3722 4142 3381 
3720 4172 3388 
3739 3643 3983 
3742 4078 3834 
4154 3767 3808 
3726 4083 3894 
4156 3737 3801 
3672 4063 3902 
4193 3658 3770 
4176 3716 3683 
3490 3525 4039 
3710 4055 3906 
4124 3655 3822 
4001 4016 3604 
3686 4088 3849 
3728 4053 3887 
4119 3880 3967 
3741 3613 3976 
3800 4114 3637 
3818 4112 3618 
3572 4133 3523 

3890 4031 3637 
3948 4118 3538 
3953 4092 3604 
3897 4102 3619 
4138 3673 3624 
4016 4050 3500 
4216 3296 3469 
4048 4049 3524 
3786 3707 4115 
4024 3731 3777 
3730 3717 4130 
3727 4057 3945 
3986 3739 3773 
4139 3630 3679 
3946 4021 3622 
3811 3841 3712 
4211 3648 3652 
4193 3650 3671 
4195 3620 3664 
3663 4098 3960 
4081 3768 3764 
3708 4072 4050 
3965 3976 3658 
4155 3658 3667 
3963 4006 3665 
3992 4059 3539 
4043 4075 3458 
4043 3776 3760 
4234 3294 3450 
3811 4043 3697 
3786 3915 3778 
3769 3739 3813 
3930 3785 3708 

3682 4121 4046 
3716 4079 3980 
4253 3740 3408 
4212 3740 3417 
4266 3793 3374 
3718 4065 3966 
3737 4034 3868 
3699 4110 3930 
3728 4023 3879 
3722 4142 3381 
3716 4095 3973 
3703 4187 3345 
4165 3760 3704 
4248 3695 3423 
4147 3762 3723 
3738 4170 3369 
3728 4044 3595 
3720 4172 3388 
4194 3532 3632 
3629 4231 3714 
3661 4147 3977 
3730 4016 3895 
3735 3731 4178 
3773 3694 4131 
3771 3724 4138 
3624 4186 3729 
3640 4214 3717 
4250 3522 3617 
3647 4229 3695 
4267 3507 3660 
3642 4184 3710 
3688 4213 3693 
3734 3940 3975 
4127 3797 3751 
3784 3777 4104 
3711 4050 3988 
3720 4061 3977 
3701 4106 3941 
3785 4081 3582 
3934 3928 3617 
4261 3748 3389 
4207 3695 3432 
4193 3747 3427 
3964 3811 3460 
3824 3960 3654 
3792 3978 3470 
3903 4043 3407 
3915 3813 3640 
3848 3955 3491 
4004 3806 3408 
3842 3799 3762 
3822 3757 3812 

3903 3795 3892 
3684 3692 4058 
3530 3854 3923 
3918 3895 3614 
3702 3690 4039 
3740 3682 4043 
3853 4095 3868 
4303 3617 3432 
3860 4061 3787 
3796 4179 3607 
4131 3714 3703 
4069 3691 3706 
3995 3805 3426 
3633 3687 4091 
3890 3782 3929 
4372 3620 3380 
3913 3909 3604 
3820 4210 3600 
3884 4092 3780 
3764 3669 4004 
4321 3615 3413 
3758 4187 3603 
3866 4105 3751 
4265 3625 3428 
4334 3628 3376 
3689 3677 4076 
3684 3703 4010 
4052 3842 3413 
3408 3988 3894 
3933 3756 3740 
3937 3918 3570 
3532 3824 3916 
4165 3422 3494 
3903 3941 3494 

4176 3686 3486 
4195 3641 3522 
4162 3694 3503 
3560 3651 4149 
3816 3859 3791 
3800 4062 3573 
3811 3814 3806 
3688 4132 3408 
3686 4162 3415 
3743 4199 3402 
3629 4231 3714 
3940 3956 3722 
3616 3641 4134 
4056 3972 3455 
3827 3842 3794 
3707 3973 3929 
3549 4139 3924 
3712 4018 3914 
4211 3669 3510 
3647 4229 3695 
3730 4016 3895 
3933 3941 3744 
3935 3911 3737 
4313 3430 3408 
4163 3754 3409 
3623 3640 4018 
4048 4049 3524 
4193 3671 3529 
3674 4026 3910 
3829 3812 3787 
4155 3679 3525 
3544 4094 3939 
3884 3879 3781 
4107 3764 3424 
3669 3981 3925 
4257 3440 3423 
3542 4124 3946 
3589 4098 3888 
3902 3964 3718 
3790 3965 3671 
3624 4186 3729 
3642 4184 3710 
3992 4059 3539 
3951 3939 3725 
4043 4075 3458 
3640 4214 3717 
3783 3832 3850 
3895 3949 3740 
3585 3648 4014 
4005 3768 3747 
3745 3840 3846 
4090 3591 3629 
3756 3677 3867 

3734 3933 3952 
3722 4142 3381 
3272 3705 4119 
4016 3757 3736 
3742 4073 3908 
3347 3770 4099 
3935 3814 3941 
3720 4172 3388 
3695 4076 3493 
3897 3822 3937 
3738 4170 3369 
3790 3923 3937 
3797 4038 3803 
3953 3812 3922 
3999 3931 3883 
3610 4103 3555 
3765 3990 3909 
4071 4004 3699 
3807 3950 3714 
3752 4113 3480 
4001 3901 3876 
4073 3974 3692 
4017 3984 3707 
3759 4046 3799 
3653 3580 4025 
4092 3809 3552 
4073 3794 3723 
4134 3645 3569 
3821 4086 3302 
3867 4044 3456 

4055 3867 3481 
3999 3878 3476 
3680 4210 3476 
3691 4193 3479 
3864 3912 3539 
3894 3911 3525 
3828 4183 3698 
4105 3893 3375 
3658 4107 3833 
3831 4004 3687 
4059 3856 3846 
3663 4091 3871 
4075 3923 3424 
3693 4090 3857 
4045 3924 3438 
3899 3876 3605 
4145 3680 3851 
3815 3743 4080 
4161 3731 3832 
4143 3744 3803 
4003 3867 3841 
3809 4052 3924 
3899 3895 3563 
4004 3862 3514 
4061 3975 3419 
3717 4110 3715 
3842 3676 3993 
3810 3986 3986 
3837 3692 3955 
3796 4038 3981 
3846 3890 3781 
3837 3955 3849 
3713 4247 3442 
3826 4037 3967 
3756 4143 3712 
3748 4230 3466 
3871 3930 3476 
3836 4151 3470 

3786 3610 4108 
3805 3565 4144 
4114 3763 3788 
3734 3933 3952 
3591 3739 4035 
4038 4084 3663 
4137 3857 3602 
4166 3786 3544 
3654 3875 3953 
4153 3908 3583 
3710 4176 3463 
3816 3609 4094 
3785 3939 3899 
3790 3923 3937 
3857 3947 3796 
3648 3776 4022 
4084 3792 3857 
3764 3565 4153 
3686 3768 4026 
3780 3616 4134 
3812 3677 4017 
4069 4012 3649 
3756 3687 4032 
3852 3973 3730 
3862 3931 3834 
4081 3992 3655 
3857 3957 3768 
4131 3748 3831 
4175 3797 3533 
3875 3945 3777 
3761 3661 4098 
3819 3955 3792 
3870 3971 3711 
4096 3765 3807 
4112 3793 3795 
4074 3996 3687 
3697 4162 3520 
3762 4080 3939 
4085 4040 3637 
4055 4041 3651 
4050 4057 3613 
4111 3991 3641 
4101 3749 3845 
3799 3663 4074 

3659 4107 3572 
3417 4178 3805 
3818 4208 3508 
3979 3940 3541 
4075 3802 3790 
3737 4060 3583 
3843 4194 3421 
3847 4137 3450 
3472 4126 3801 
3975 3997 3512 
4000 3909 3542 
4058 3846 3538 
3974 3919 3651 
3824 4023 3815 
4074 3792 3854 
4037 3839 3837 
4055 3837 3818 
3634 4121 3659 
3967 3996 3642 
4037 3850 3789 
4041 3782 3866 
4110 3785 3814 
3768 3759 4066 
4072 3822 3861 
3953 4048 3637 
3669 3981 3925 
3841 4008 3858 
3650 4026 3889 
3434 4163 3848 
4036 3897 3663 
3863 3957 3733 
3878 4177 3445 
4005 3789 3906 
3991 3901 3663 
3972 3946 3627 
3652 3996 3882 
3720 4079 3694 
4153 3617 3600 
3503 4166 3796 
4181 3416 3532 

4138 3584 3688 
4136 3614 3695 
4192 3604 3680 
3692 4181 3336 
3814 3946 4015 
3881 3996 3375 
4017 3752 3497 
3756 3611 4017 
4005 3719 3507 
4019 3722 3490 
3610 4103 3555 
3883 3966 3368 
3932 3899 3517 
4018 3817 3314 
3852 4028 3966 
4074 3789 3484 
3810 3986 3986 
3796 4038 3981 
3970 3837 3895 
3727 4164 3360 
3947 3865 3848 
4147 3578 3700 
3914 3847 3910 
4075 3854 3301 
3916 3817 3903 
3965 3863 3829 
4040 3702 3531 
3932 3848 3893 
3988 3838 3878 
3938 4033 3362 
4121 3772 3439 
3439 4086 3697 
3421 4088 3716 
3867 4044 3456 
3708 4061 3430 
3709 4166 3379 

4158 3541 3573 
3872 4150 3361 
3744 4157 3684 
3885 3931 3858 
3789 4086 3910 
3822 4033 3929 
3830 4152 3359 
4093 3734 3725 
3804 4100 3623 
4153 3496 3588 
3865 4135 3383 
3720 4083 3962 
3711 4221 3751 
3636 4252 3628 
3914 4090 3531 
4306 3359 3590 
4151 3526 3595 
3838 4061 3917 
4169 3524 3576 
3853 3930 3967 
3827 4078 3914 
3993 3904 3414 
4144 3560 3676 
3779 4114 3710 
4084 3798 3813 
3896 3914 3861 
3820 4063 3936 
3819 4077 4044 
4098 3612 3596 
3867 4105 3376 
3867 3692 4071 
3865 3722 4078 
3905 4097 3380 
3884 3948 3900 
3921 3712 4063 
3863 4085 3564 
3855 3900 3960 
3791 4087 3660 
4011 3902 3395 
3572 4206 3800 
3850 3976 3584 
3586 4154 3805 
3886 4142 3344 
4097 3709 3274 
3951 3931 3526 
3995 3874 3407 

4246 3487 3548 
4193 3658 3770 
3916 3937 3950 
3860 3947 3965 
3903 3923 4007 
4239 3521 3629 
3730 3538 4029 
4231 3897 3443 
4251 3471 3586 
3642 4245 3657 
3628 4264 3760 
3637 4051 3925 
4237 3551 3636 
3898 4046 3644 
4184 3723 3838 
3635 4230 3679 
4154 3863 3660 
4165 3907 3610 
3629 4231 3714 
3760 4040 3704 
3711 3551 4008 
4147 3909 3629 
3916 4044 3625 
3911 4060 3587 
4229 3927 3450 
3646 3986 3857 
3640 4214 3717 
3877 4119 3654 
4152 3893 3667 
3839 4127 3650 
3647 4229 3695 
3814 4060 3696 
4109 3917 3625 
3642 4184 3710 
3882 4103 3692 
3954 4074 3251 
4098 3873 3675 
3941 3952 3707 

3713 3664 4037 
4084 3656 3760 
4084 3689 3725 
4138 3709 3717 
4022 3903 3560 
3979 3900 3805 
3978 4020 3491 
4008 3823 3619 
4103 3611 3796 
3973 3975 3506 
3711 4029 4001 
3965 3956 3520 
3995 3928 3793 
3885 3581 3971 
4157 3664 3753 
3812 3658 4119 
3880 3536 3986 
3749 3969 3932 
3922 3953 3765 
3941 3908 3801 
4005 3768 3747 
4038 3931 3548 
3935 3841 3851 
3747 3772 4008 
3738 3983 3650 
3664 4030 3772 
4184 3407 3389 
3869 3988 3626 
3602 4064 3518 
3836 4151 3470 
3572 4133 3523 

3695 3689 4050 
3702 3634 4075 
3721 3589 4111 
3708 3765 4038 
4205 3632 3502 
4186 3677 3466 
3527 4085 3879 
4187 3634 3521 
4038 3792 3722 
4044 3800 3507 
3809 4056 3863 
3828 4011 3899 
4026 3802 3526 
4057 4049 3312 
3811 4026 3856 
3676 3704 4155 
3692 3755 4136 
3466 4030 3949 
3775 3642 4068 
3758 3660 4056 
4003 3867 3841 
3756 3687 4032 
3681 4148 3355 
3465 4096 3887 
3759 3591 4087 
3738 3764 4024 
3452 4082 3944 
4203 3662 3509 
3463 4126 3894 
3482 4081 3930 
3866 4093 3850 
3686 4132 3393 
3724 3816 4019 
4121 4008 3297 
4074 4034 3355 
4044 4035 3369 
4058 3983 3374 
3942 4111 3586 
4044 3762 3566 
3955 4125 3529 
3778 3576 3982 
4208 3566 3416 
3934 3928 3617 
4052 3775 3487 
3841 4008 3858 
3530 3854 3923 
3746 3705 3969 
4052 3842 3413 
4192 3618 3559 
3922 3798 3853 
4043 3776 3760 
3780 3546 3975 
3532 3824 3916 
3668 4134 3412 

3967 3913 3477 
3529 4139 3638 
3820 3997 3576 
4065 3623 3597 
4091 3544 3552 
4084 3578 3633 
3662 3591 3980 
3834 3940 3519 
4109 3542 3533 
4044 3810 3372 
4009 3744 3509 
4006 3764 3843 
3863 3879 3846 
4066 3691 3549 
4082 3719 3537 
4010 3701 3564 
3543 4082 3581 
3950 3741 3893 
4047 3736 3513 
4064 3721 3556 
4063 3765 3408 
3790 3965 3671 
3559 4110 3569 
3761 3838 3910 
3979 3886 3427 
3895 3821 3586 
3734 3975 3686 
3541 4112 3588 
4026 3729 3552 
4051 3809 3256 
3799 3920 3861 
3743 3930 3876 
3781 3922 3880 
4004 3794 3850 
3951 3811 3571 
3807 3950 3714 
3652 3967 3908 
3816 3905 3904 
3832 3970 3526 
3566 4027 3762 
3818 3875 3897 
3654 3937 3901 
4082 3750 3303 
3637 4010 3937 
3584 4025 3743 
3850 3968 3507 
3847 4058 3416 
3854 3924 3656 
4013 3817 3252 
3718 3581 3965 
4096 3666 3213 
3794 3994 3593 
4184 3407 3389 
3736 4068 3579 
3747 4001 3668 
3794 4130 3389 
3415 3462 3990 
4055 3580 3609 
4015 3589 3619 
3885 4050 3420 

3601 4177 3374 
3603 4147 3367 
3570 4223 3544 
4188 3599 3627 
3658 4214 3361 
3921 4066 3529 
3860 3627 3801 
4191 3577 3657 
4172 3622 3621 
4198 3543 3576 
3816 4032 3911 
3948 3945 3756 
3966 3943 3737 
3750 3911 4026 
3739 3945 4078 
4216 3541 3557 
3795 4077 4023 
3587 4081 3822 
3797 4047 4016 
4200 3513 3569 
3984 3959 3397 
3549 4089 3818 
3893 3687 3773 
3502 4180 3548 
4004 3935 3741 
4007 3931 3444 
4002 3957 3378 
3928 3670 3797 
3666 4103 3387 
3707 4079 3513 
4096 3666 3213 
3521 4135 3584 
3872 3978 3569 

3819 4026 3905 
3788 3986 3910 
4276 3409 3533 
4289 3422 3496 
3849 4023 3870 
3554 3723 4034 
3897 4127 3540 
3902 4111 3578 
4238 3417 3529 
3746 3643 3972 
3534 3737 3992 
4131 3840 3785 
3572 3729 3996 
3555 3736 3956 
3577 3713 4034 
4105 3784 3828 
3929 3956 3727 
4093 3848 3781 
4080 3835 3818 
4136 3824 3823 
3872 4141 3627 
3884 4114 3577 
4227 3373 3579 
4281 3393 3571 
3765 3990 3909 
3889 4098 3615 
3904 4090 3864 
3979 4039 3683 
3984 4023 3721 
4022 4015 3725 
3839 3813 3934 
4138 3487 3537 
3532 3824 3916 

3720 3685 4125 
3761 3685 4116 
3647 3945 3929 
3399 4055 3781 
3609 3953 3925 
3804 3861 3913 
3724 3700 4114 
3664 4020 3919 
3821 3936 3903 
3455 4045 3766 
3665 3943 3910 
3764 3565 4153 
3670 4173 3730 
3417 4053 3762 
3786 3610 4108 
4133 3726 3657 
4095 3734 3653 
3799 3663 4074 
3842 3943 3864 
3647 4035 3876 
3879 4118 3702 
3685 4027 3880 
3841 4126 3698 
3805 3565 4144 
3824 4141 3655 
3951 3907 3850 
3724 4193 3722 
4082 4046 3649 
3780 3690 4099 
3992 3907 3818 
3804 3951 3860 
4168 3709 3681 
3969 4049 3650 
3726 4163 3715 
3897 4116 3683 
3822 3859 3894 
3720 4010 3904 
3707 4208 3679 
3994 3877 3811 
3952 4064 3607 
3877 3926 3888 
4184 3465 3434 

3931 4072 3551 
3838 4061 3917 
3893 4080 3547 
3789 4086 3910 
3677 4155 3634 
4057 3793 3845 
3827 4078 3914 
3824 4006 3965 
3950 3798 3893 
3563 4139 3826 
4019 3801 3841 
4026 3753 3850 
4084 3739 3300 
4006 3788 3878 
3580 4124 3869 
3712 4138 3658 
3713 4169 3500 
3819 4077 4044 
3636 4114 3854 
3453 3571 4093 
3826 3976 3958 
3618 4116 3873 
3831 4021 3943 
3644 4095 3662 
3999 3902 3604 
4139 3167 3244 
4085 3584 3598 
4096 3666 3213 
4099 3659 3355 
3973 3923 3215 
4094 3401 3482 

3714 3980 4007 
3874 4165 3358 
3676 3988 4003 
3664 4020 3919 
4102 3853 3746 
3685 4027 3880 
3780 3982 3986 
3732 3978 3988 
4139 3806 3763 
4137 3836 3770 
4120 3851 3727 
3912 4157 3362 
4064 3861 3742 
3779 4115 3420 
4105 3941 3617 
4069 3860 3833 
3996 3885 3805 
3931 4112 3398 
3853 3957 4014 
3982 4009 3672 
3891 4150 3401 
3647 4035 3876 
4163 3628 3366 
3836 3972 3971 
3659 4003 3960 
3573 3633 4047 
3517 3846 4119 
4000 4007 3653 
3855 3927 4007 
3944 4017 3668 
3611 3625 4051 
3965 4024 3629 
4052 3875 3790 
3720 4010 3904 
3531 3794 4124 
3909 4034 3644 
4051 3921 3625 
3472 4121 3744 
3875 4122 3413 
4049 3951 3632 
3499 4089 3701 
3893 4120 3394 
3610 4103 3555 
3640 4090 3644 
3927 4032 3625 
4071 3830 3826 
3480 4070 3771 
3761 4117 3439 
3707 4079 3513 

3721 3829 3820 
4335 3653 3340 
4262 3678 3312 
3807 3761 3883 
3769 3769 3879 
3620 4025 3882 
3644 3651 4059 
3642 4245 3657 
3629 4231 3714 
3727 4170 3696 
3714 4156 3753 
3700 4165 3750 
3756 4154 3755 
4155 3509 3664 
3975 3694 3853 
3973 3686 3919 
3814 3580 3967 
3658 4167 3748 
4233 3507 3626 
4020 3787 3307 
3457 3701 4017 
4072 3574 3638 
3609 4309 3724 
3606 4054 3884 
3714 4157 3733 
3658 4107 3833 
3625 4009 3920 
3628 4264 3760 
3758 3591 3962 
3635 4230 3679 
3663 4151 3786 
3693 4090 3857 
3693 4150 3772 
3776 4220 3626 
3682 4106 3822 
3647 4229 3695 
3749 4140 3757 
3801 3567 4004 
4089 3559 3681 
3983 3669 3833 
4240 3473 3545 
3720 4098 3826 
3731 4142 3776 
3974 3734 3901 
3947 4080 3569 
3751 3828 3806 
3533 3578 4076 
3590 3615 4063 
3640 4214 3717 
3964 4065 3612 
3745 3577 4019 
3530 3854 3923 
4245 3457 3583 
3736 4126 3814 
4185 3508 3650 
4231 3537 3633 
4322 3639 3397 
3642 4184 3710 
3738 4096 3807 
3663 4091 3871 
3982 4063 3593 
4266 3650 3392 
4009 4011 3647 
3996 3607 3874 
3969 4049 3650 
3763 3575 4000 
3971 4019 3643 
4188 3599 3627 
4018 3817 3314 
3914 3982 3656 
4075 3854 3301 
3786 3776 3798 
3836 3825 3681 
4078 3749 3383 
3462 3685 4055 
3930 3785 3708 
3756 3812 3844 
3824 3768 3802 

4114 3640 3856 
4116 3696 3852 
3844 3847 3974 
3712 4233 3391 
4157 3696 3843 
3900 3837 3959 
3699 4219 3448 
3724 3816 4019 
4186 3681 3822 
3720 4108 3900 
4152 3896 3788 
3736 4159 3881 
3609 4032 3979 
3813 3794 4173 
4184 3711 3829 
4143 3711 3838 
4143 3744 3803 
3917 4108 3387 
3800 4114 3637 
3898 4153 3351 
4096 3906 3803 
3750 4107 3886 
3915 4138 3394 
3841 4081 3804 
3968 3968 3738 
4011 3944 3780 
3811 4082 3818 
4139 3882 3845 
3642 4180 3450 
3813 4128 3580 
4193 3321 3441 
3955 3954 3795 
3735 3731 4178 
3828 4067 3861 
3818 4112 3618 
3886 3969 3632 
3623 3980 3984 
3555 3937 3988 
3802 4084 3630 
3618 4177 3482 
4197 3197 3260 

4198 3438 3508 
3973 4005 3661 
3987 3860 3790 
3976 4029 3328 
3839 4049 3380 
4029 3995 3646 
3660 4134 3770 
4114 3537 3526 
4011 3997 3665 
4046 3980 3689 
3985 3890 3797 
3856 4035 3835 
3533 3578 4076 
4254 3428 3493 
3642 4136 3789 
3802 4015 3843 
3800 4045 3850 
4216 3436 3489 
3811 4043 3697 
3862 3856 3820 
3864 3826 3813 
3713 4119 3964 
3720 4010 3904 
4048 3950 3682 
3590 3615 4063 
4110 3866 3684 
3880 3854 3801 
3779 4115 3420 
3850 3883 3870 
4092 3868 3703 
4054 3876 3699 
3802 3674 3889 
3995 3873 3711 
3761 4117 3439 

