3596 4028 3547 
3620 4054 3508 
3973 3698 3682 
3904 3695 3734 
3995 3503 3658 
4002 3483 3609 
3935 3495 3719 
3977 3497 3696 
3911 3469 3758 
4001 3523 3657 
3570 4010 3610 
3550 4031 3728 
3569 4050 3658 
3702 3886 3754 
3721 3905 3684 
3900 3966 3498 
3936 3948 3611 
3937 3908 3563 
3912 3922 3650 
4145 3465 3382 
4144 3505 3430 
3964 3707 3656 
3884 3852 3719 
3885 3812 3671 
3812 4121 3316 
4114 3670 3304 
4050 3677 3482 
4037 3701 3480 
4105 3744 3476 
3918 4058 3269 
3856 4035 3272 
3983 3600 3558 
3988 3584 3596 
3500 4147 3594 
3536 4129 3707 
3537 4089 3659 
3728 3591 3927 
3727 3612 4042 
3728 3572 3994 
3919 3786 3720 
3864 3719 3726 
3851 3743 3724 
3794 3976 3601 
3770 3950 3640 
3775 3979 3531 
3843 4022 3527 
3668 3634 3925 
3955 3799 3388 
3753 4093 3418 
3739 4179 3448 
3740 4139 3400 
3715 4153 3487 
3503 4158 3539 
3584 4136 3572 
3539 4140 3652 
3540 4100 3604 
3582 3668 3984 
3606 3694 3945 
3847 3764 3905 
3841 3781 3778 
3811 3782 3792 
3848 3724 3857 
3828 3767 3835 
3849 3756 3758 
3748 3530 3962 
3773 3550 3927 
3772 4024 3400 
3834 4065 3342 
3839 4049 3380 
3585 3947 3819 
3604 3966 3749 
3859 4028 3382 
3980 3768 3239 
4026 3757 3272 
4010 3767 3225 
3769 3816 3757 
3952 3794 3432 
3581 3916 3848 
3642 3917 3686 
3746 3800 3798 
3745 3840 3846 
3729 3850 3799 
3389 3777 3946 
3515 3826 3914 
3597 3856 3824 
3584 3880 3822 
3627 3951 3812 
3528 3860 3863 
3533 3844 3901 
3503 3888 3857 
3747 4001 3668 
3906 3665 3727 
4039 3589 3563 
4130 3430 3631 
3729 3888 3731 
3662 3896 3699 
3774 3800 3795 
3373 3726 3965 
3543 3882 3860 
3508 3872 3895 

3827 4059 3297 
4140 3534 3219 
3558 3958 3719 
3554 3994 3772 
3728 3669 4023 
3782 4101 3574 
3745 3840 3846 
4059 3753 3378 
3927 4007 3362 
3646 4109 3651 
3578 4066 3655 
3824 4057 3546 
3882 4126 3291 
3814 4083 3295 
4042 3681 3606 
4049 3673 3578 
4030 3893 3522 
4011 3874 3592 
3412 3938 3850 
3356 3948 3865 
3928 3670 3797 
3796 3857 3830 
3838 3857 3776 
3751 3819 3846 
3782 3867 3791 
3800 3865 3772 
4197 3324 3367 
3882 3809 3812 
3530 3854 3923 
4221 3520 3281 
4153 3477 3285 
4159 3456 3290 
4040 3734 3448 
4039 3769 3394 
4096 3355 3512 
4066 3394 3467 
4083 3379 3510 
4101 3377 3491 
3802 3674 3889 
3934 3999 3334 
3713 4169 3500 
3673 3956 3831 
3654 3937 3901 
3570 3977 3695 
3534 4010 3788 
3599 4117 3539 
3660 3626 4027 
4124 3318 3379 
3783 4072 3478 
4050 3559 3570 
3532 3824 3916 
3941 3952 3707 
3957 3638 3622 
3747 4001 3668 

3727 3612 4042 
3414 3618 4072 
3927 3902 3433 
4145 3564 3486 
3963 3728 3637 
3776 4016 3475 
4049 3824 3424 
3602 4078 3633 
3558 4056 3833 
3698 3876 3908 
3809 3820 3742 
3753 3848 3795 
3611 4081 3546 
3568 4123 3542 
3703 4047 3652 
4074 3649 3662 
3746 3982 3799 
3998 3711 3661 
3732 3933 3845 
3920 3889 3592 
3827 4032 3394 
3839 4050 3229 
3856 4035 3272 
3874 4033 3253 
4233 3478 3294 
3659 3569 4046 
3766 3840 3813 
3384 3625 4042 
3941 3680 3736 
4074 3792 3446 
3743 4039 3633 
3668 4061 3507 
4030 3893 3522 
4011 3874 3592 
3826 3986 3659 
3606 4086 3575 
3585 3947 3819 
3669 4145 3424 
3686 4130 3467 
3490 4013 3837 
3876 3971 3360 
3789 3830 3908 
3960 3920 3371 
3574 4106 3669 
3555 4109 3599 
4165 3554 3320 
3850 3976 3584 
3720 4172 3388 
3722 4180 3322 
3692 4181 3336 
3727 4164 3360 
3938 3774 3778 
3880 4024 3312 
3635 4004 3656 
3753 3910 3686 
4091 3650 3642 
3752 4113 3480 
3684 4070 3484 
4054 3613 3735 
4072 3601 3667 
4035 3616 3665 
4062 3686 3513 
4018 3662 3566 
3943 3644 3667 
3664 3890 3849 
3916 3847 3615 
3891 3879 3593 
3901 3870 3662 
3575 3715 3913 
3828 3956 3652 
3821 4040 3371 
3758 3894 3724 
3405 3964 3856 
3503 3928 3901 

3944 4086 3295 
3857 3683 3793 
3875 3681 3774 
3950 3746 3754 
4063 3688 3476 
4101 3680 3480 
4124 3463 3502 
3883 3909 3580 
3779 4115 3420 
3686 3976 3710 
3660 4006 3696 
3716 3978 3643 
4110 3598 3221 
3747 3821 3883 
3766 3840 3813 
3930 3928 3466 
3948 3926 3447 
3967 3945 3377 
3487 4072 3460 
3505 4070 3441 
3624 3923 3784 
3837 3677 3806 
3403 3612 4063 
3384 3625 4042 
3790 3955 3486 
3814 3981 3447 
3818 3839 3616 
3872 3859 3608 
3940 3902 3604 
4035 3536 3646 
4091 3526 3631 
4103 3520 3357 
4126 3547 3229 
4152 3468 3184 
3974 3632 3489 
3616 3473 3995 
3727 3539 3917 
3418 3855 3869 
3530 3854 3923 
3551 3843 3846 
3560 3720 3994 
3648 4033 3663 
3615 4048 3690 
3634 4067 3620 
3689 3598 3968 
3710 3587 3891 
4017 3817 3485 
3759 3967 3617 
3953 3703 3661 
4119 3489 3436 
3478 3996 3835 
3761 4117 3439 
3679 3961 3732 
3520 3881 3805 
4130 3430 3631 
4037 3506 3639 
3777 3887 3728 
3532 3824 3916 
3740 3614 3887 
3719 3897 3746 
3746 3977 3591 
4026 3969 3327 
4038 3742 3269 
4046 3796 3263 
4076 3764 3219 

3862 3614 3815 
3579 4013 3786 
3637 3959 3779 
3515 4114 3691 
3527 4158 3560 
3756 3648 3892 
3727 3612 4042 
3728 3572 3994 
4052 3710 3562 
3856 3609 3878 
3864 3622 3799 
3700 3759 3856 
3827 4059 3297 
3759 4016 3301 
3539 4140 3652 
3559 4130 3486 
3629 4124 3390 
3720 4172 3388 
3692 4181 3336 
3727 4164 3360 
3824 3691 3888 
3778 3702 3855 
3812 3709 3796 
3832 3704 3809 
3805 3694 3818 
3861 3654 3863 
3659 3569 4046 
3769 3612 3988 
3404 3868 3917 
3885 3954 3571 
3872 3978 3569 
3839 4050 3229 
3912 4025 3257 
3856 4035 3272 
3874 4033 3253 
3703 4047 3652 
3530 3854 3923 
3636 3999 3827 
3506 3967 3839 
3641 4001 3756 
3914 3729 3713 
3955 3973 3363 
3934 3984 3440 
4056 3752 3539 
4033 3691 3632 
4057 3712 3491 
3638 4102 3660 
3570 4059 3664 
3673 3956 3831 
3674 3916 3783 
3654 3937 3901 
3741 3931 3723 
3779 3905 3689 
3758 3916 3766 
3590 4000 3778 
3826 3986 3659 
3847 3975 3582 
4086 3658 3574 
4048 3666 3570 
3912 3760 3656 
3980 3803 3652 
4035 3766 3611 
3755 3826 3850 
3843 3992 3548 
3718 3920 3759 
3947 3715 3737 
3462 3685 4055 
3707 4079 3513 
3523 4057 3705 
3532 3824 3916 
3819 4012 3505 
3936 3954 3433 
4130 3430 3631 
3760 3886 3759 
3728 3957 3661 
3828 3956 3652 
3816 3734 3673 

4160 3314 3538 
4167 3280 3457 
4173 3312 3400 
3759 3952 3562 
3827 3995 3558 
3857 4165 3359 
3343 3625 4051 
3367 3651 4012 
3444 4039 3757 
3406 4047 3753 
3858 3984 3543 
3940 3934 3400 
3946 3933 3365 
3947 3875 3426 
3865 3918 3460 
3925 3906 3501 
3951 3917 3403 
3935 3856 3450 
3716 3644 3952 
3759 3620 3994 
3703 3630 4009 
4004 3800 3632 
3991 3786 3689 
4047 3776 3674 
4097 3647 3492 
4102 3631 3530 
4084 3633 3549 
4086 3570 3577 
4053 3585 3604 
3862 4021 3518 
3852 3855 3575 
3829 3901 3579 
3659 4121 3452 
3758 4212 3393 
3657 4151 3459 
3928 3670 3797 
3387 4004 3820 
3923 3730 3696 
3879 3668 3808 
3966 3706 3738 
3928 3714 3734 
4151 3542 3421 
4170 3561 3351 
3566 4022 3611 
3609 3998 3653 
3701 3840 3859 
3663 3848 3855 
3547 4024 3736 
3590 4000 3778 
3552 4008 3774 
3897 4059 3294 
3523 3967 3833 
3583 4019 3768 
3532 4025 3571 
3495 3913 3867 
3548 3919 3822 
3753 3910 3686 
3391 3942 3845 
3396 3926 3883 
3386 3920 3898 
3444 3890 3883 
3442 3723 3949 
3494 3742 3880 
3562 3785 3876 
3397 3678 4008 
3933 3919 3422 
3606 3650 3887 
4086 3603 3542 
3690 4169 3397 
3798 3757 3872 
3425 3996 3824 
3718 3920 3759 
3740 4034 3542 
3728 3957 3661 
3758 3894 3724 
3378 3928 3902 
3443 3683 3901 

3860 3627 3801 
3873 3641 3744 
3376 3927 3915 
3322 3907 3923 
3856 3724 3957 
3916 3932 3584 
3823 3873 3586 
3878 3940 3580 
4062 3646 3623 
4024 3654 3619 
4006 3656 3638 
4008 3626 3631 
3585 3947 3819 
3675 4130 3388 
3663 4174 3236 
3682 4096 3307 
3693 4173 3222 
3736 4149 3264 
3698 4157 3260 
3477 3488 3987 
3657 3951 3795 
4160 3438 3456 
3791 3925 3726 
3804 3939 3669 
3809 3923 3707 
3531 3888 3927 
3807 3995 3580 
3785 4009 3515 
3858 3984 3543 
3820 3992 3539 
3815 4008 3501 
3654 3937 3901 
3736 3964 3700 
3738 3901 3728 
3705 3916 3755 
3754 3962 3681 
3918 3796 3671 
3731 4084 3541 
3608 4134 3374 
3673 3908 3771 
4030 3668 3589 
4043 3682 3532 
4086 3658 3574 
4048 3666 3570 
3389 3363 4061 
3351 3371 4057 
3335 3343 4069 
3395 3395 4004 
3955 3733 3742 
3917 3741 3738 
3955 3759 3720 
3960 3788 3611 
3962 3725 3639 
3973 3802 3554 
4016 3778 3596 
3978 3786 3592 
3902 3870 3586 
3844 3806 3674 
3862 3597 3794 
3371 3953 3849 
3741 4014 3310 
3858 3716 3810 
3690 3791 3808 
3532 3824 3916 
3573 3588 3986 
3578 4090 3591 
3798 4017 3274 
4165 3422 3494 
3793 3895 3719 
4096 3666 3213 
3924 3995 3253 
3950 3911 3499 
3382 4025 3680 
3738 3934 3693 
3736 4068 3579 
3616 4147 3295 
3935 3888 3524 
3852 3819 3595 

4075 3854 3301 
3645 3979 3746 
3641 4004 3769 
3624 4010 3740 
3631 3954 3799 
3575 3964 3814 
3692 4053 3736 
3558 3979 3771 
3732 4078 3642 
3957 3994 3306 
4132 3671 3258 
4114 3684 3229 
4053 3675 3589 
3673 3908 3771 
3346 3602 3977 
3996 3956 3431 
3513 3904 3854 
3530 3854 3923 
3551 3843 3846 
3422 3482 4043 
3491 3485 3991 
3490 3525 4039 
3720 4172 3388 
3692 4181 3336 
3727 4164 3360 
3800 4114 3637 
3818 4112 3618 
3758 3601 3916 
3741 3613 3976 
3757 3641 3964 
4014 3684 3413 
3340 3945 3898 
3408 3988 3894 
3887 3929 3576 
3936 3975 3502 
3857 3866 3578 
3987 3791 3769 
3938 3745 3843 
4001 3757 3812 
4024 3637 3651 
4069 3641 3600 
4073 3683 3577 
4074 3643 3529 
4078 3572 3653 
4041 3579 3738 
4040 3580 3649 
4106 3537 3633 
3979 3795 3558 
3991 3761 3519 
3572 4133 3523 
4007 3811 3305 
3719 3897 3746 
3644 3662 3909 
4168 3419 3152 
4181 3416 3532 
3728 3957 3661 
3532 3824 3916 
3802 4084 3630 
3915 3833 3581 

3772 4123 3448 
3988 3709 3766 
3570 3942 3889 
3819 4097 3383 
3898 3925 3579 
3779 4115 3420 
3780 3745 3822 
3724 3770 3845 
4234 3294 3450 
3969 3712 3696 
4037 3755 3692 
4086 3548 3626 
4110 3574 3587 
4159 3620 3513 
4091 3577 3517 
3636 3970 3827 
3655 3989 3757 
3530 3854 3923 
3743 3661 3984 
3706 3668 4069 
3687 3671 3999 
3326 3999 3827 
3361 3982 3851 
3811 4043 3697 
3976 4029 3328 
3954 4074 3251 
3940 3920 3558 
3902 3928 3554 
3917 4035 3501 
3901 4064 3465 
3852 4018 3539 
3884 4114 3345 
3928 3978 3389 
3947 3975 3459 
3996 4021 3385 
3925 3934 3530 
3864 3946 3622 
3870 3833 3616 
3877 3825 3588 
3844 3859 3650 
3811 3841 3712 
3786 3915 3778 
3532 3824 3916 
3736 4068 3579 
4162 3385 3172 
3930 3785 3708 
3903 4043 3407 

4170 3328 3441 
4174 3370 3418 
3387 3480 4045 
4027 3694 3590 
4046 3713 3520 
4009 3696 3609 
3731 3868 3743 
3710 3879 3820 
3923 3827 3462 
4105 3805 3315 
4050 3738 3321 
4037 3762 3319 
3289 3968 3868 
3349 3923 3944 
3384 4003 3827 
3324 3951 3892 
3785 4081 3582 
3730 4014 3588 
3717 4038 3586 
3309 3880 3954 
3523 4058 3697 
3450 4012 3750 
3467 3997 3793 
3534 4041 3700 
3516 4043 3719 
3848 3976 3413 
3699 3787 3918 
3744 3767 3865 
3580 4029 3627 
4075 3532 3594 
3887 3874 3544 
3657 3806 3859 
3583 3821 3895 
3632 3867 3821 
3637 3841 3887 
3672 3666 3997 
3696 3694 3989 
3633 3658 4024 
4051 3640 3433 
4112 3490 3552 
4136 3516 3513 
4150 3430 3483 
3654 4099 3385 
3692 4181 3336 
3727 4164 3360 
4026 3595 3628 
4152 3596 3220 
4171 3615 3150 
4134 3598 3239 
3659 3948 3700 
3759 3712 3848 
4034 3673 3618 
4016 3675 3637 
3859 3961 3500 
3896 3597 3680 
3964 3640 3676 
3605 3942 3809 
3581 3916 3848 
3604 3943 3720 
3559 4130 3486 
3503 4158 3539 
3539 4140 3652 
3557 4019 3645 
3632 4013 3706 
3539 4044 3684 
3531 3888 3927 
3550 3907 3857 
3593 3998 3743 
3539 3996 3789 
3556 3981 3832 
4189 3456 3404 
3534 4010 3788 
3554 3994 3772 
3890 3730 3703 
3712 3849 3813 
3824 3960 3654 
3925 3797 3455 
3354 4073 3752 
3662 3896 3699 
3518 4013 3712 
3792 3978 3470 
3903 4043 3407 
3756 3677 3867 
3917 3901 3540 
3670 3859 3825 
3878 3917 3469 
3728 3957 3661 
3709 4166 3379 
3700 3932 3698 
3915 3813 3640 
4004 3806 3408 
3541 4014 3677 
3842 3799 3762 
3822 3757 3812 

4153 3477 3285 
4219 3542 3259 
4226 3522 3210 
4157 3519 3262 
4155 3447 3278 
3727 4164 3360 
4073 3654 3621 
4011 3631 3624 
3638 3609 3889 
3571 3543 3969 
3637 3649 3937 
3569 3606 3941 
3538 3558 3996 
3907 3889 3605 
3913 3909 3604 
3845 3866 3608 
3734 3963 3773 
3740 3983 3772 
3672 3940 3776 
3772 4026 3404 
4040 3702 3531 
3585 4009 3681 
3530 3854 3923 
3408 3988 3894 
3340 3945 3898 
4052 3842 3413 
3756 4129 3450 
3696 4043 3481 
3708 4062 3457 
3692 4114 3600 
3692 3907 3789 
3793 4123 3350 
3434 4068 3606 
3501 4011 3672 
3834 4001 3383 
4072 3529 3691 
3753 3753 3852 
3625 3997 3619 
3776 3732 3862 
3778 3702 3855 
3794 3730 3843 
3645 3575 3945 
3649 3583 3887 
3739 3836 3777 
3807 3879 3773 
3809 4019 3329 
3748 3923 3691 
3790 3947 3633 
3794 4025 3530 
3737 3989 3652 
3748 3971 3644 
3754 3991 3643 
3448 3994 3773 
3455 3986 3745 
3426 4003 3729 
3494 4046 3725 
3930 3810 3683 
3661 3956 3840 
3667 3976 3839 
3599 3933 3843 
3510 3885 3858 
3933 3756 3740 
3709 4166 3379 
3937 3918 3570 
4096 3666 3213 
3532 3824 3916 
4165 3422 3494 
3694 4106 3453 
3969 3610 3669 
3423 3544 4031 
3903 3941 3494 
3795 3897 3633 
3565 3952 3852 

3745 3840 3846 
3504 4052 3811 
3423 4066 3749 
3436 4009 3815 
3815 3898 3687 
3800 3538 3791 
3326 3999 3827 
3361 3982 3851 
3593 3960 3717 
3537 3899 3813 
3555 3897 3794 
4161 3411 3267 
3527 4158 3560 
3559 4130 3486 
3529 4128 3553 
3489 4095 3637 
4051 3640 3433 
3611 4081 3546 
3555 4109 3599 
3460 3652 3992 
3743 4199 3402 
3675 4156 3406 
3976 4029 3328 
3790 3947 3633 
3731 3938 3648 
3804 3913 3676 
3748 3923 3691 
3854 3924 3656 
3648 4069 3455 
3629 3820 3888 
4093 3721 3377 
4105 3694 3327 
3551 3843 3846 
3530 3854 3923 
3513 4081 3678 
3539 4066 3697 
3494 4062 3748 
4195 3296 3301 
4181 3330 3258 
4162 3311 3328 
4160 3341 3335 
3741 4066 3458 
3673 4023 3462 
3566 3985 3782 
3801 3940 3539 
3819 3938 3520 
3780 3745 3822 
3552 4008 3774 
3590 4000 3778 
3758 3965 3533 
3958 3714 3674 
3890 3671 3678 
3449 3950 3837 
3416 3965 3864 
3904 3665 3733 
3884 3879 3781 
3816 3836 3785 
3950 3906 3483 
4089 3606 3522 
4108 3625 3452 
4109 3596 3356 
3739 4016 3517 
3753 3990 3462 
3732 4001 3539 
3734 3971 3532 
3538 3594 3941 
3552 3560 3984 
3515 3567 4069 
3519 3575 4011 
3650 4128 3440 
3963 3864 3582 
3914 3818 3656 
3925 3918 3633 
3996 4021 3385 
3947 3975 3459 
3928 3978 3389 
3908 3983 3482 
3840 3940 3486 
4038 3861 3457 
3991 3801 3464 
3647 4051 3579 
3728 3952 3723 
3522 4113 3575 
3557 4079 3592 
3532 3824 3916 
4211 3357 3254 
4090 3591 3629 
3988 3741 3670 
3756 3677 3867 
3642 3594 3914 
3719 3897 3746 
3582 4085 3444 
3867 4044 3456 
3982 3762 3495 
4029 3793 3468 

3920 3885 3619 
3988 3928 3615 
3990 3920 3468 
3720 4172 3388 
3727 4164 3360 
3673 3898 3852 
3692 3917 3782 
3705 3877 3860 
3542 4060 3559 
3610 4103 3555 
3825 3986 3579 
3688 3966 3765 
3712 3992 3726 
3570 3942 3889 
3636 3970 3827 
3655 3989 3757 
3172 3647 4023 
3238 3675 3961 
3613 4042 3646 
3632 4039 3716 
3634 4031 3569 
3762 4064 3362 
3749 3909 3730 
3753 3951 3707 
3768 3928 3660 
3772 3970 3637 
3520 3996 3749 
4005 3751 3727 
4073 3794 3723 
3914 3805 3675 
3653 3580 4025 
3531 3888 3927 
3773 3845 3835 
3684 4070 3484 
3697 4046 3486 
3752 4113 3480 
3854 3924 3656 
3790 3947 3633 
3587 3857 3919 
3629 3857 3865 
3889 3731 3772 
3828 3712 3896 
3847 3731 3826 
3851 3739 3768 
3933 3711 3864 
3833 3809 3734 
3901 3852 3730 
3899 3792 3740 
4134 3645 3569 
3502 4014 3785 
3821 4086 3302 
3867 4044 3456 
3790 3870 3746 
3418 3944 3906 

3928 3670 3797 
3697 4046 3600 
3622 3981 3620 
3588 4023 3737 
4148 3521 3420 
3967 3780 3386 
3986 3799 3316 
4002 3878 3307 
4067 3705 3210 
4073 3578 3628 
4055 3636 3664 
3987 3593 3668 
4006 3590 3738 
3891 3908 3464 
3766 4104 3598 
3636 3907 3871 
3958 3768 3393 
3957 3808 3441 
4054 3694 3388 
3559 3677 3946 
3627 3720 3942 
4088 3634 3462 
3585 3977 3765 
3604 3996 3695 
3745 3840 3846 
3680 4187 3470 
3748 4230 3466 
3682 3666 3959 
3946 3967 3341 
3773 4048 3507 
3941 3722 3739 
3940 3762 3787 
3944 3770 3729 
3585 3947 3819 
3604 3966 3749 
3819 3976 3741 
3751 3933 3745 
3764 3909 3747 
3704 3563 4004 
3769 3660 3911 
3715 3607 3954 
3899 3895 3563 
4044 3689 3540 
4049 3673 3578 
3450 3953 3865 
3411 3920 3868 
4151 3317 3324 
4148 3382 3447 
3910 3866 3447 
3918 3809 3756 
3850 3766 3760 
3869 3763 3830 
3718 3894 3929 
3750 3955 3812 
3769 3769 3879 
3780 3817 3778 
3828 3903 3752 
3760 3860 3756 
3779 3857 3826 
3846 3835 3731 
3900 3836 3557 
3899 3876 3605 
3394 3544 4070 
3371 4074 3737 
3871 3930 3476 
4031 3675 3597 
3836 4151 3470 
3754 3793 3867 
3779 3798 3835 

3757 3975 3566 
3285 3830 3932 
3947 3596 3758 
3726 3636 3946 
3781 3978 3534 
3678 4016 3659 
3746 4059 3655 
3691 3992 3661 
3455 4021 3679 
3523 4064 3675 
3786 4058 3203 
3727 3612 4042 
3659 3569 4046 
3769 3612 3988 
3731 4084 3541 
3538 3979 3742 
3568 3978 3728 
3622 3960 3779 
3814 3954 3482 
3801 3940 3539 
3819 3938 3520 
3797 3690 3851 
3802 3674 3889 
3612 3805 3918 
3965 3776 3468 
3969 3818 3445 
3549 3792 3941 
3832 4026 3355 
3752 3652 3942 
4124 3481 3525 
3780 3546 3975 
3353 3873 3928 
3340 3897 3926 
3358 3895 3907 
3950 3906 3483 
3410 3595 4051 
3453 3571 4093 
3705 3877 3860 
3689 3887 3813 
3732 3863 3855 
3533 3679 3953 
3601 3722 3949 
3546 3655 3955 
3860 3627 3801 
3928 3670 3797 
3943 3912 3506 
3957 3878 3549 
4009 3940 3444 
3866 3893 3680 
3859 3927 3761 
4108 3759 3476 
4039 3764 3380 
3748 3769 3814 
3753 3753 3852 
3852 3880 3806 
3673 3956 3831 
3654 3937 3901 
3971 3622 3719 
4020 3668 3645 
3983 3563 3665 
4037 3650 3657 
3612 4116 3443 
3680 4159 3439 
3463 4083 3633 
4086 3647 3499 
4072 3654 3547 
4094 3568 3646 
3899 3867 3592 
3885 3937 3521 
3762 3959 3604 
3791 4042 3241 
3736 4068 3579 
3930 3785 3708 
4143 3466 3420 
3604 3972 3801 
3963 3749 3562 

3887 3974 3590 
3689 3728 3815 
3720 3768 3810 
3669 3763 3843 
3810 3907 3765 
3760 3942 3665 
3744 3909 3770 
4106 3563 3527 
4038 3520 3531 
3628 3653 3984 
3678 3659 3862 
3677 3699 3910 
3560 3610 3988 
3812 3686 3754 
3811 3726 3802 
3894 3923 3515 
3837 3677 3806 
4021 3646 3647 
3605 3942 3809 
3586 3945 3739 
3537 3899 3813 
3604 3943 3720 
3991 3813 3583 
3964 3837 3424 
3972 3816 3513 
4008 3828 3469 
4013 3830 3398 
3924 3723 3713 
3979 3685 3619 
3978 3725 3667 
3959 3706 3737 
3772 4123 3448 
3779 4115 3420 
3667 3669 3974 
3636 3611 3980 
3590 4104 3624 
3888 3896 3569 
3887 3936 3617 
3868 3917 3687 
4065 3763 3432 
4053 3797 3471 
3708 3520 3886 
3740 3538 3832 
3689 3533 3865 
3603 3747 3904 
3997 3585 3657 
3768 3935 3647 
3754 4033 3549 
3353 4097 3655 
3384 4072 3737 
3339 4034 3753 
3388 4080 3679 
3487 3979 3697 
3723 4015 3671 
3729 4054 3638 
3736 4046 3610 
3720 4079 3694 
3730 4068 3611 
3737 4060 3583 
3840 4031 3506 
3823 3923 3631 
3958 3895 3518 
3909 3849 3592 
3890 3852 3522 
3942 3819 3614 
3874 3776 3618 
3461 3699 4061 
3702 3781 3781 
3792 4067 3289 
3795 3925 3689 
3789 4120 3248 
3568 3820 3854 
3525 3705 3908 
4181 3416 3532 
3399 3894 3919 
3814 4046 3458 
3604 3707 3856 
3739 3646 3835 
3848 4045 3315 
3452 4080 3656 

3593 3889 3798 
3555 3897 3794 
3537 3899 3813 
3439 4086 3697 
3585 4009 3681 
4005 3719 3507 
3985 3635 3537 
4040 3702 3531 
3492 3960 3691 
4075 3854 3301 
4018 3817 3314 
3870 3990 3366 
3938 4033 3362 
3864 3856 3521 
3932 3899 3517 
4155 3547 3429 
3384 3625 4042 
3403 3612 4063 
3989 3591 3604 
3928 3670 3797 
3555 4036 3561 
3542 4060 3559 
3610 4103 3555 
4106 3502 3562 
4125 3521 3492 
3326 3999 3827 
3306 3915 3857 
3361 3982 3851 
3692 4181 3336 
3720 4172 3388 
3727 4164 3360 
3801 3940 3539 
3819 3938 3520 
4047 3500 3638 
3974 3525 3610 
3991 3510 3653 
4078 3599 3222 
3737 3624 3996 
4074 3789 3484 
4006 3746 3488 
4019 3722 3490 
3780 3745 3822 
3740 3707 3906 
3725 3860 3848 
3652 3885 3820 
3671 3840 3856 
3655 3869 3820 
3687 3868 3844 
3768 3921 3790 
3699 3726 3873 
3907 3759 3785 
3878 3837 3816 
3918 3809 3756 
3735 3948 3786 
3680 3881 3792 
4011 3536 3591 
3421 4088 3716 
3867 4044 3456 
3530 3952 3695 
4181 3501 3269 
3708 4061 3430 
3584 3887 3885 
3794 4016 3620 
3790 3866 3713 
3803 3910 3532 
3756 3677 3867 
3764 3761 3837 
3755 3826 3850 
3756 3812 3844 
3754 3793 3867 
3966 3726 3603 

3677 4147 3322 
3763 3651 3814 
4098 3612 3596 
3837 4144 3331 
3735 3948 3786 
3754 3878 3801 
3728 3867 3899 
3733 3889 3878 
3735 3859 3871 
3989 3669 3718 
4037 3755 3692 
3969 3712 3696 
3977 3703 3757 
3863 4085 3564 
3772 3801 3749 
3772 3812 3701 
3306 3915 3857 
3356 3998 3813 
3326 3999 3827 
3361 3982 3851 
3963 3897 3487 
3951 3931 3526 
3850 3976 3584 
3737 4067 3668 
3769 3881 3742 
3768 3921 3790 
3686 3940 3851 
3699 3954 3794 
3723 3957 3762 
3578 4087 3458 
3540 4110 3595 
3558 4108 3576 
3577 4127 3506 
3476 4064 3767 
3539 4066 3697 
3494 4062 3748 
3513 4081 3678 
3681 4119 3391 
3619 4131 3421 
3625 4130 3386 
3614 4086 3436 
3819 3639 3909 
3750 3636 3961 
3769 3633 4031 
3710 3973 3749 
3559 3973 3762 
3627 4016 3758 
3847 3831 3690 
4222 3273 3465 
4153 3270 3517 
4221 3313 3513 
4159 3347 3514 
4156 3452 3468 
4117 3496 3437 
4134 3438 3524 
4138 3409 3519 
4147 3448 3507 
4097 3709 3274 
3993 3904 3414 
4011 3902 3395 
3854 3754 3711 
3631 3811 3923 
3736 4068 3579 
3930 3785 3708 
3736 3793 3857 
4078 3690 3344 
3995 3874 3407 

3468 4107 3692 
3519 4072 3665 
3539 4140 3652 
3559 4130 3486 
3780 3745 3822 
3756 3786 3823 
3711 3782 3874 
3730 3801 3804 
3580 4042 3651 
3573 4027 3673 
3954 4074 3251 
3644 3775 3906 
3612 3717 3920 
3711 3808 3861 
3597 4080 3480 
3627 3659 3953 
3757 4003 3666 
3729 4014 3619 
3797 4057 3615 
3564 3818 3945 
3826 4021 3264 
3610 4165 3285 
3584 3975 3881 
3738 3584 3970 
3752 3658 3836 
3733 3653 3853 
4145 3356 3455 
4126 3371 3560 
4131 3400 3451 
4144 3376 3453 
4199 3443 3447 
3807 3995 3580 
3826 4014 3510 
3820 3992 3539 
4057 3835 3491 
4050 3820 3513 
4069 3817 3583 
4071 3809 3436 
3694 3871 3851 
3414 3618 4072 
3384 3625 4042 
3500 4054 3711 
3319 3805 3969 
3395 3861 3886 
3387 3848 3965 
3377 3860 3932 
3334 3884 3890 
3321 3870 3947 
3607 4070 3521 
3601 4071 3556 
3630 3885 3753 
4113 3679 3346 
4083 3712 3277 
4087 3754 3254 
4102 3731 3207 
4106 3773 3184 
3595 3550 3974 
3663 3593 3970 
3890 3822 3722 
4035 3596 3611 
3991 3534 3723 
4036 3572 3707 
4040 3580 3649 
4053 3675 3589 
4103 3555 3635 
4118 3663 3384 
3941 3952 3707 
3625 4150 3408 
3822 3779 3726 
4078 3559 3558 
4114 3578 3521 
3954 3664 3616 
4022 3686 3593 

4005 3768 3747 
3924 3804 3725 
3558 3891 3888 
4055 3636 3664 
3888 3929 3429 
3888 3787 3778 
4008 3823 3619 
3978 3857 3682 
3664 3923 3855 
3768 3626 3980 
4072 3618 3676 
4006 3590 3738 
4234 3452 3404 
3727 3612 4042 
3769 3612 3988 
3937 3975 3355 
3716 4072 3525 
3855 3917 3746 
4025 3726 3588 
3695 3961 3814 
3502 3684 3964 
3557 3751 3958 
4017 3817 3485 
3616 3737 3898 
3700 3718 3935 
3651 3720 3922 
3925 3918 3401 
3844 3536 3835 
3795 3490 3909 
3970 3863 3640 
3894 3854 3728 
3943 3900 3654 
3930 3787 3724 
3781 3563 3830 
3848 3864 3748 
3738 3983 3650 
3664 4030 3772 
3869 3988 3626 
4090 3591 3629 
3836 4151 3470 
3572 4133 3523 
4096 3666 3213 
3893 3715 3800 
3836 3630 3824 

3469 3916 3849 
3701 3726 3883 
3769 3769 3879 
3340 3945 3898 
3408 3988 3894 
3633 3658 4024 
3630 3666 4051 
3696 3694 3989 
3530 3854 3923 
3551 3843 3846 
3437 4106 3457 
4145 3564 3486 
4165 3554 3320 
4052 3842 3413 
3959 3848 3550 
3857 4007 3583 
3951 3898 3127 
4008 3858 3228 
4032 3884 3189 
3778 4015 3589 
3662 3940 3782 
3681 3959 3712 
3813 3966 3697 
3832 3985 3627 
3812 3952 3766 
3934 3928 3617 
4031 3786 3564 
4052 3775 3487 
3988 3709 3766 
4037 3755 3692 
3944 4048 3328 
3780 3546 3975 
3718 3560 4014 
3686 4132 3393 
3679 4140 3421 
3498 3942 3786 
3566 3985 3782 
3878 4030 3436 
3896 4028 3417 
3892 4020 3475 
3449 3951 3877 
3853 4069 3419 
3944 3770 3729 
3940 3762 3787 
3627 4153 3304 
3807 3879 3773 
3745 3840 3846 
3751 3828 3806 
3922 3798 3853 
4005 3768 3747 
3981 3833 3680 
3532 3824 3916 
3467 4105 3443 
3542 4026 3626 
4033 3756 3557 
3707 4079 3513 
3612 3999 3604 
3382 4025 3680 
3756 3812 3844 
3930 3785 3708 

3334 3596 4011 
3369 3579 4035 
3407 3571 4039 
3314 3512 4041 
3654 3937 3901 
3713 3607 3899 
3718 3581 3965 
3732 3863 3855 
3694 3871 3851 
3751 3857 3813 
3772 3812 3701 
3769 3851 3831 
3611 3954 3770 
3692 3946 3713 
3756 3905 3698 
3711 3901 3749 
3923 3896 3442 
3979 3886 3427 
3941 3894 3423 
3906 3911 3399 
3695 3586 3906 
3919 3748 3773 
3975 3738 3758 
3921 3718 3766 
4084 3625 3523 
3731 3880 3738 
3739 4063 3395 
3895 3821 3586 
3951 3811 3571 
3531 3888 3927 
4032 3772 3288 
3997 3789 3264 
3801 3940 3539 
3819 3938 3520 
3457 3509 4032 
3469 3482 3982 
3765 3853 3672 
3535 3979 3817 
3566 4027 3762 
3584 4025 3743 
3573 3971 3821 
3505 4090 3577 
4005 3719 3507 
4040 3702 3531 
4047 3700 3367 
4039 3769 3394 
4051 3742 3344 
4040 3734 3448 
3854 3924 3656 
3850 3968 3507 
3796 3948 3515 
3989 3761 3445 
4006 3746 3488 
4024 3744 3469 
4028 3699 3545 
4020 3597 3585 
3847 4058 3416 
3962 3794 3613 
3656 3929 3754 
3751 3599 3903 
4096 3666 3213 
3760 3947 3675 
3794 3994 3593 
4184 3407 3389 
3532 3824 3916 
3789 3672 3801 
3736 4068 3579 
3747 4001 3668 
4041 3641 3432 
3794 4130 3389 
3405 3964 3856 
3568 3997 3755 
3507 4082 3430 
4008 3716 3481 
4055 3580 3609 
4015 3589 3619 
3984 3753 3479 
3885 4050 3420 
3964 3764 3606 

3713 3846 3893 
4094 3478 3569 
3618 3797 3929 
3494 4022 3824 
3984 3959 3397 
3603 4147 3367 
3502 4180 3548 
3909 3995 3480 
3693 3862 3909 
3600 3799 3948 
3616 3827 3936 
4152 3587 3276 
4131 3598 3353 
3496 4014 3677 
3481 4046 3822 
3809 4023 3283 
3912 3919 3495 
4164 3513 3418 
3803 3731 3870 
3419 3526 3988 
3738 3584 3970 
3628 4111 3383 
3928 3670 3797 
3860 3627 3801 
3974 3633 3654 
4110 3502 3566 
4089 3513 3643 
4002 3957 3378 
3951 3941 3459 
3953 3911 3452 
3723 3957 3762 
3620 3912 3913 
3686 3940 3851 
3658 4214 3361 
3590 4171 3365 
3306 3915 3857 
3326 3999 3827 
3361 3982 3851 
3558 4152 3495 
4141 3545 3554 
3414 3618 4072 
3384 3625 4042 
3949 3830 3615 
3919 3889 3664 
3895 3863 3703 
3907 3692 3682 
3999 3679 3510 
4007 3604 3518 
3950 3911 3499 
3758 3894 3724 
4007 3534 3623 
3747 4001 3668 
3666 4103 3387 
3707 4079 3513 
3872 3737 3730 
3976 3603 3647 
4096 3666 3213 
3986 3929 3390 
3708 4061 3430 
3521 4135 3584 
3872 3978 3569 
3905 3756 3689 
3985 3716 3594 
3962 3759 3676 
3955 3784 3629 

3831 4054 3537 
3456 3663 4014 
3611 3965 3817 
3791 3940 3795 
3777 3974 3752 
4026 3757 3272 
3455 4021 3679 
3780 3786 3911 
4181 3279 3458 
4161 3322 3436 
3985 3705 3743 
3952 3794 3432 
3716 3626 3948 
3518 3686 4011 
3562 3664 3979 
3628 4111 3383 
3980 3768 3239 
3387 3480 4045 
3523 4064 3675 
3804 3792 3824 
3434 3880 3906 
3699 3665 3973 
3530 3854 3923 
3673 3898 3852 
3830 4094 3585 
3837 4070 3476 
3966 3796 3417 
3918 3950 3718 
3938 3929 3600 
3937 3969 3648 
3584 3975 3881 
4180 3319 3506 
4179 3320 3417 
3517 3744 3952 
3560 3720 3994 
3645 4113 3317 
3977 3764 3410 
4081 3618 3615 
3984 3745 3791 
4034 3751 3669 
4021 3738 3706 
3965 3748 3721 
4138 3487 3537 
4083 3420 3543 
3524 4035 3605 
3382 4025 3680 
3666 4103 3387 
4096 3666 3213 
3532 3824 3916 
3825 3830 3733 
3747 4001 3668 
4040 3641 3608 

3765 4016 3533 
3760 4060 3505 
3782 3990 3563 
3746 3997 3603 
4017 3590 3601 
4064 3681 3586 
4008 3691 3601 
3991 3706 3558 
4003 3662 3710 
4000 3704 3563 
4014 3670 3606 
3981 3685 3633 
4026 3689 3582 
3629 4124 3390 
3855 3965 3519 
3403 3612 4063 
3801 3940 3539 
3819 3938 3520 
3643 4109 3491 
3624 4090 3561 
3964 3707 3656 
3668 3903 3845 
3354 3916 3903 
3341 3940 3901 
3324 3955 3858 
3359 3938 3882 
3417 4053 3762 
3444 4039 3757 
4146 3473 3430 
3673 3956 3831 
3654 3937 3901 
3604 3966 3749 
3950 3946 3499 
3931 3927 3569 
3951 3917 3403 
4011 3813 3239 
3991 3729 3269 
4124 3481 3525 
3722 4031 3574 
3605 4118 3453 
3592 4142 3451 
3575 4157 3408 
3610 4140 3432 
3718 3560 4014 
3780 3546 3975 
3659 3651 4062 
3708 3697 3988 
4018 3670 3587 
3830 3872 3815 
3811 3853 3885 
3703 4047 3652 
3720 4060 3628 
3878 3837 3816 
3740 3707 3906 
3869 3763 3830 
3918 3809 3756 
3884 3888 3805 
3882 3758 3835 
3909 3831 3734 
3958 3877 3660 
3795 4043 3529 
3888 3983 3457 
3930 3785 3708 
4118 3663 3384 
3493 3968 3661 
4184 3465 3434 
3728 3957 3661 
3458 4074 3583 
4046 3796 3263 
3758 3894 3724 
3709 4146 3378 
3532 3824 3916 

3361 3982 3851 
3947 3761 3855 
3689 3598 3968 
3757 3641 3964 
3908 3986 3332 
3976 4029 3328 
4151 3133 3205 
4131 3154 3323 
3898 3990 3436 
3713 4169 3500 
4052 3842 3413 
3453 3571 4093 
3822 4000 3513 
3846 4026 3474 
3723 4019 3720 
3724 3979 3672 
3655 3976 3724 
4083 3779 3348 
4124 3481 3525 
3729 3776 3827 
3709 3692 3857 
3723 3957 3762 
3724 3917 3714 
3603 3927 3870 
3657 3929 3824 
3535 4040 3789 
3523 4058 3697 
3511 4014 3828 
3516 4043 3719 
3534 4041 3700 
3712 4138 3658 
3644 4095 3662 
3736 4046 3660 
3518 4010 3796 
3542 4036 3757 
3363 4120 3662 
3295 4077 3666 
3381 4042 3807 
3329 3951 3905 
3416 3890 3893 
3586 3975 3877 
3999 3902 3604 
3824 3960 3654 
3555 3672 3916 
4139 3167 3244 
4085 3584 3598 
4096 3666 3213 
3823 4070 3241 
4099 3659 3355 
4039 3589 3563 
3728 3957 3661 
3736 4068 3579 
3672 3846 3765 
3287 4086 3692 
3418 3860 3886 

4078 3582 3289 
3753 3821 3888 
3963 3964 3521 
4092 3548 3332 
3984 3734 3625 
3960 3708 3664 
3902 3868 3616 
3573 3633 4047 
3910 3871 3579 
3380 3675 4044 
3399 3694 3974 
3735 3948 3786 
3839 4030 3424 
3907 4073 3420 
3802 3674 3889 
3485 4115 3756 
3499 4089 3701 
3607 3878 3962 
3582 3974 3655 
4173 3346 3359 
4129 3495 3425 
4083 3506 3392 
3610 4103 3555 
3914 3729 3713 
4068 3517 3503 
4043 3531 3590 
4067 3557 3551 
3934 3984 3440 
3955 3973 3363 
4053 3913 3478 
3985 3870 3482 
4004 3867 3552 
3904 3665 3733 
3866 3673 3729 
3989 3736 3554 
3964 3750 3641 
3988 3776 3602 
3892 4095 3304 
4056 3752 3539 
4033 3691 3632 
4057 3712 3491 
4032 3726 3578 
4052 3710 3562 
3889 3892 3614 
3907 3890 3595 
3772 4123 3448 
3779 4115 3420 
3585 4023 3650 
3572 4047 3648 
3640 4090 3644 
3861 3959 3622 
3880 3978 3552 
3897 3895 3577 
3965 3938 3573 
3506 3992 3661 
3561 4059 3655 
3654 3937 3901 
3673 3956 3831 
3705 3661 3925 
3773 3704 3921 
3747 3842 3883 
3734 3899 3817 
3815 3885 3879 
3655 3610 3944 
3480 4070 3771 
3728 3957 3661 
3794 4016 3620 
3707 4079 3513 
3820 3690 3850 

4144 3383 3518 
3764 3535 3952 
3654 4010 3682 
3932 3664 3866 
3380 3909 3882 
3618 3841 3777 
3905 4010 3534 
3611 3965 3817 
3550 4043 3732 
3597 3973 3829 
4165 3473 3203 
3585 4007 3734 
3653 4050 3730 
3591 3575 4015 
3540 4100 3604 
3734 4065 3418 
3903 3548 3876 
3875 3828 3670 
4075 3854 3301 
3906 3970 3486 
3531 3888 3927 
3612 3925 3769 
3569 4062 3662 
4011 3528 3582 
4004 3513 3604 
4006 3483 3597 
4060 3503 3589 
4166 3433 3155 
4164 3497 3107 
4143 3496 3126 
4169 3481 3145 
3551 3843 3846 
3567 4149 3485 
4150 3430 3483 
3763 3575 4000 
4141 3545 3554 
3604 3966 3749 
3983 3600 3558 
3988 3584 3596 
3702 4096 3656 
3634 4053 3660 
3590 3615 4063 
3933 3624 3818 
3864 3621 3870 
3636 4105 3410 
3635 4145 3458 
3616 4126 3528 
3847 3831 3690 
3527 4158 3560 
3539 4140 3652 
3998 3600 3518 
3747 4078 3381 
3457 3701 4017 
3374 3948 3858 
3367 3933 3880 
3385 3931 3861 
3952 3594 3802 
3876 3788 3622 
4018 3817 3314 
3673 3908 3771 
3837 3967 3538 
3874 3920 3555 
3550 3907 3857 
3743 4161 3336 
4084 3612 3152 
3529 3930 3833 
3578 3976 3759 
3751 3828 3806 
3721 3829 3820 
3780 3745 3822 
3770 3729 3831 
3769 3769 3879 
3701 3726 3883 
3786 3776 3798 
3606 3650 3887 
3532 3824 3916 
3572 4133 3523 
3708 4061 3430 
4039 3589 3563 
3947 3680 3579 
3829 3866 3580 
4078 3749 3383 
3985 3586 3575 
3462 3685 4055 
3747 4001 3668 
3930 3785 3708 
3706 3838 3758 
3748 4145 3374 
4089 3596 3190 
3756 3812 3844 
3824 3768 3802 

4083 3595 3661 
4072 3618 3676 
4055 3636 3664 
4215 3408 3461 
3818 4112 3618 
3800 4114 3637 
3665 4141 3377 
3646 4186 3341 
3665 4179 3318 
3670 4163 3356 
3652 4165 3375 
4035 3771 3742 
4046 3745 3603 
3413 4110 3700 
3345 4067 3704 
3804 3747 3932 
3788 3757 3885 
3853 3793 3858 
3534 3973 3842 
3518 3983 3795 
3583 4019 3768 
3466 3930 3846 
3306 3915 3857 
3356 3998 3813 
3326 3999 3827 
3361 3982 3851 
4105 3805 3315 
4037 3762 3319 
3642 4180 3450 
3636 3530 4028 
3917 4108 3387 
3635 3673 4082 
3696 3694 3989 
3672 3666 3997 
3526 3904 3889 
3550 3907 3857 
3783 3983 3781 
3764 4028 3745 
3696 3985 3749 
3910 3870 3715 
3959 3916 3641 
3891 3873 3645 
3886 3969 3632 
3949 3781 3688 
3808 3806 3732 
3802 4084 3630 
4077 3656 3468 
3618 4177 3482 
3838 3892 3653 

3811 4043 3697 
3839 4049 3380 
3590 3615 4063 
3773 3676 3788 
4169 3382 3416 
3654 3937 3901 
3673 3956 3831 
3772 4123 3448 
3779 4115 3420 
3802 3674 3889 
3965 3896 3458 
3927 3922 3492 
3944 3907 3535 
3963 3904 3605 
4124 3481 3525 
3819 3938 3520 
3976 4029 3328 
3908 3986 3332 
3921 3962 3334 
3634 4045 3713 
3514 3998 3781 
3712 4059 3541 
3878 3714 3729 
3822 3724 3744 
3840 3722 3725 
3298 3997 3797 
3315 3982 3840 
3531 3888 3927 
3722 3978 3726 
3613 4080 3697 
3516 3962 3780 
3594 4061 3767 
3736 3964 3700 
3755 3961 3770 
3986 3636 3723 
3758 3791 3813 
3777 3810 3743 
3784 3802 3715 
4078 3615 3524 
3406 3964 3880 
3413 3956 3852 
4047 3736 3513 
4033 3770 3470 
4014 3751 3540 
4027 3611 3526 
4055 3602 3578 
4062 3594 3550 
4091 3603 3536 
4114 3537 3526 
3986 3702 3602 
3985 3766 3658 
3992 3732 3577 
3973 3810 3506 
4008 3793 3530 
3883 3817 3643 
3834 3771 3717 
3891 3808 3704 
3927 3702 3661 
3698 3701 3840 
3532 3824 3916 
4096 3666 3213 
3516 3968 3774 
3658 4057 3587 
3824 3694 3737 
4010 3691 3603 

