3596 4028 3547 
3620 4054 3508 
3973 3698 3682 
3904 3695 3734 
3995 3503 3658 
4002 3483 3609 
3977 3497 3696 
4001 3523 3657 
3570 4010 3610 
3550 4031 3728 
3569 4050 3658 
3702 3886 3754 
3721 3905 3684 
3931 3907 3545 
3875 3920 3593 
3900 3966 3498 
3886 3903 3596 
3905 3922 3526 
4145 3465 3382 
4144 3505 3430 
3964 3707 3656 
3856 3855 3643 
3883 3876 3623 
3794 3832 3646 
3862 3875 3642 
3812 4121 3316 
4114 3670 3304 
4037 3701 3480 
4105 3744 3476 
3918 4058 3269 
3856 4035 3272 
3983 3600 3558 
3988 3584 3596 
3500 4147 3594 
3517 4132 3637 
3538 3725 3871 
3728 3591 3927 
3726 3636 3946 
3635 3520 3985 
3919 3786 3720 
3851 3743 3724 
3789 3935 3535 
3775 3979 3531 
3843 4022 3527 
3955 3799 3388 
3753 4093 3418 
3708 4089 3469 
3727 4108 3399 
3584 4136 3572 
3607 3654 3897 
3582 3668 3984 
3606 3694 3945 
3841 3781 3778 
3811 3782 3792 
3828 3767 3835 
3849 3756 3758 
3798 3536 3840 
3773 3550 3927 
3772 4024 3400 
3834 4065 3342 
3839 4049 3380 
3585 3947 3819 
3604 3966 3749 
3859 4028 3382 
3980 3768 3239 
4010 3767 3225 
4015 3751 3263 
3769 3816 3757 
3739 3817 3771 
3952 3794 3432 
3642 3917 3686 
3729 3850 3799 
3734 3834 3837 
3389 3777 3946 
3584 3880 3822 
3538 3898 3822 
3654 3728 3844 
3722 3771 3840 
3627 3951 3812 
3528 3860 3863 
3478 3777 3907 
3533 3844 3901 
3503 3888 3857 
3747 4001 3668 
3906 3665 3727 
3919 3921 3534 
3867 3825 3642 
4039 3589 3563 
3519 4102 3630 
3643 3794 3843 
3423 3544 4031 
3710 3585 3965 
4130 3430 3631 
3559 3878 3841 
3729 3888 3731 
3722 4152 3371 
3504 3902 3830 
3522 4113 3575 
3830 3737 3828 
3662 3896 3699 
3774 3800 3795 
3934 3788 3470 
3373 3726 3965 
3504 3820 3905 
3586 3850 3815 
3543 3882 3860 
3508 3872 3895 

3556 3580 3986 
3518 3588 3982 
3882 4126 3291 
3814 4083 3295 
4049 3673 3578 
4030 3893 3522 
4011 3874 3592 
3412 3938 3850 
3356 3948 3865 
3440 4007 3722 
3478 3981 3688 
3457 3992 3765 
3928 3670 3797 
3784 3804 3819 
3838 3857 3776 
3751 3819 3846 
3782 3867 3791 
3800 3865 3772 
3734 3834 3837 
4197 3324 3367 
3882 3809 3812 
3530 3854 3923 
4192 3474 3228 
4178 3508 3185 
4159 3489 3255 
4051 3742 3344 
4039 3769 3394 
4066 3394 3467 
4083 3379 3510 
4101 3377 3491 
3802 3674 3889 
3934 3999 3334 
3507 3668 4021 
3713 4169 3500 
3673 3956 3831 
3654 3937 3901 
3546 3965 3700 
3723 3615 3896 
3636 3577 3966 
4124 3318 3379 
3602 4056 3590 
3598 4037 3602 
3613 4021 3621 
3580 4036 3648 
3767 4011 3525 
3734 4026 3552 
3783 4072 3478 
3791 3969 3516 
3758 3984 3543 
4050 3559 3570 
4031 3675 3597 
3459 3962 3758 
3532 3824 3916 
4204 3493 3204 
4085 3349 3503 
3916 4001 3353 
3941 3952 3707 
3537 3967 3695 
3957 3638 3622 
3711 3642 3946 
3747 4001 3668 
3724 4093 3432 
3686 4084 3545 
3584 4058 3609 
3629 4082 3574 
3628 4104 3583 
3765 4074 3497 
3807 4030 3469 
3676 4042 3553 

3827 4032 3394 
3839 4050 3229 
3856 4035 3272 
3874 4033 3253 
4233 3478 3294 
3635 3520 3985 
3766 3840 3813 
3747 3821 3883 
3384 3625 4042 
3925 3684 3657 
3941 3680 3736 
3917 3709 3677 
3904 3695 3734 
4031 3780 3350 
4052 3781 3331 
3743 4039 3633 
3526 3876 3895 
4030 3893 3522 
4011 3874 3592 
3826 3986 3659 
3606 4086 3575 
3585 3947 3819 
3511 4002 3760 
3492 3983 3830 
3457 3992 3765 
3876 3971 3360 
3672 3857 3854 
3809 3820 3742 
3960 3920 3371 
3916 3896 3424 
3629 4124 3390 
3611 4081 3546 
4165 3554 3320 
3850 3976 3584 
3722 4180 3322 
3692 4181 3336 
3727 4164 3360 
3877 3772 3700 
3896 3727 3736 
3894 3757 3743 
3912 3755 3724 
3880 4024 3312 
3703 4047 3652 
3635 4004 3656 
3753 3910 3686 
3752 4113 3480 
3684 4070 3484 
4072 3601 3667 
4074 3649 3662 
4035 3616 3665 
4062 3686 3513 
4018 3662 3566 
3715 3956 3714 
3707 3981 3734 
3694 3967 3791 
3954 3694 3626 
3972 3692 3607 
3918 3757 3645 
3920 3889 3592 
3891 3879 3593 
3901 3870 3662 
3759 3989 3398 
3710 3585 3965 
3575 3715 3913 
3397 3591 3995 
4057 3765 3369 
3657 4055 3498 
3828 3956 3652 
3541 4029 3756 
3821 4040 3371 
3772 3803 3831 
3557 4079 3592 
4128 3537 3409 
3709 4166 3379 
3758 3894 3724 
3405 3964 3856 
3696 3937 3784 
3503 3928 3901 
3715 3906 3768 
3776 3783 3760 

3944 4086 3295 
3857 3683 3793 
3875 3681 3774 
3950 3746 3754 
4063 3688 3476 
4101 3680 3480 
4124 3445 3464 
3883 3909 3580 
3779 4115 3420 
3686 3976 3710 
3716 3978 3643 
4110 3598 3221 
3747 3821 3883 
3766 3840 3813 
3930 3928 3466 
3948 3926 3447 
3967 3945 3377 
3487 4072 3460 
3505 4070 3441 
3624 3923 3784 
3837 3677 3806 
3384 3625 4042 
3790 3955 3486 
3814 3981 3447 
3977 3699 3431 
3916 3876 3643 
3940 3902 3604 
4035 3536 3646 
4091 3526 3631 
4152 3468 3184 
3974 3632 3489 
3690 3522 4006 
3708 3520 3987 
3727 3539 3917 
3418 3855 3869 
3530 3854 3923 
3551 3843 3846 
3560 3720 3994 
3648 4033 3663 
3615 4048 3690 
3634 4067 3620 
3686 3561 3930 
3710 3587 3891 
3970 3763 3412 
3759 3967 3617 
3953 3703 3661 
4119 3489 3436 
3478 3996 3835 
3761 4117 3439 
3679 3961 3732 
3520 3881 3805 
3397 3591 3995 
4130 3430 3631 
4037 3506 3639 
3976 3602 3482 
3777 3887 3728 
3532 3824 3916 
3740 3614 3887 
3719 3897 3746 
3746 3977 3591 
4000 3790 3408 
4026 3969 3327 
4038 3742 3269 
4046 3796 3263 
4076 3764 3219 

3843 3633 3876 
3864 3622 3799 
3845 3603 3869 
3700 3759 3856 
3827 4059 3297 
3759 4016 3301 
3529 4128 3553 
3559 4130 3486 
3629 4124 3390 
3692 4181 3336 
3727 4164 3360 
3811 3715 3886 
3818 3730 3864 
3832 3704 3809 
3813 3685 3879 
3850 3648 3854 
3769 3612 3988 
3404 3868 3917 
3872 3978 3569 
3839 4050 3229 
3912 4025 3257 
3856 4035 3272 
3874 4033 3253 
3488 4074 3681 
3703 4047 3652 
3530 3854 3923 
3593 3987 3731 
3574 3968 3801 
3914 3729 3713 
3955 3973 3363 
3934 3984 3440 
4056 3752 3539 
4057 3712 3491 
3638 4102 3660 
3570 4059 3664 
3673 3956 3831 
3674 3916 3783 
3654 3937 3901 
3741 3931 3723 
3779 3905 3689 
3758 3916 3766 
3590 4000 3778 
3552 4008 3774 
3847 3975 3582 
3826 3986 3659 
4086 3658 3574 
4048 3666 3570 
3980 3803 3652 
3912 3760 3656 
4035 3766 3611 
3755 3826 3850 
3522 4113 3575 
3843 3992 3548 
3718 3920 3759 
3709 4166 3379 
3947 3715 3737 
3462 3685 4055 
3707 4079 3513 
3874 3948 3562 
3523 4057 3705 
3532 3824 3916 
3619 3972 3750 
3819 4012 3505 
3936 3954 3433 
4130 3430 3631 
3760 3886 3759 
3728 3957 3661 
3828 3956 3652 
3816 3734 3673 

4160 3314 3538 
4167 3280 3457 
4173 3312 3400 
3759 3952 3562 
3827 3995 3558 
3857 4165 3359 
3299 3608 4016 
3367 3651 4012 
3923 3827 3462 
3955 3799 3388 
3444 4039 3757 
3406 4047 3753 
3858 3984 3543 
3785 4009 3515 
3940 3934 3400 
3946 3933 3365 
3947 3875 3426 
3902 3871 3477 
3935 3856 3450 
3951 3917 3403 
3716 3644 3952 
3759 3620 3994 
3703 3630 4009 
3988 3749 3651 
4026 3741 3655 
4097 3647 3492 
4053 3585 3604 
4084 3633 3549 
4086 3570 3577 
4102 3631 3530 
3852 3855 3575 
3829 3901 3579 
3659 4121 3452 
3758 4212 3393 
3928 3670 3797 
3387 4004 3820 
3923 3730 3696 
3879 3668 3808 
3966 3706 3738 
3928 3714 3734 
4151 3542 3421 
4170 3561 3351 
3566 4022 3611 
3609 3998 3653 
3701 3840 3859 
3663 3848 3855 
3547 4024 3736 
3590 4000 3778 
3552 4008 3774 
3897 4059 3294 
3570 4128 3447 
3523 3967 3833 
3504 4012 3797 
3521 3997 3840 
3583 4019 3768 
3532 4025 3571 
3554 3940 3890 
3753 3910 3686 
3391 3942 3845 
3386 3920 3898 
3442 3723 3949 
3562 3785 3876 
3397 3678 4008 
3925 3797 3455 
3933 3919 3422 
3606 3650 3887 
4038 3760 3631 
4086 3603 3542 
3690 4169 3397 
3798 3757 3872 
3718 3920 3759 
3740 4034 3542 
3728 3957 3661 
3758 3894 3724 
3378 3928 3902 
3443 3683 3901 

3860 3627 3801 
3928 3670 3797 
3322 3907 3923 
3856 3724 3957 
3823 3873 3586 
3916 3932 3584 
3878 3940 3580 
4062 3646 3623 
4024 3654 3619 
4008 3626 3631 
3585 3947 3819 
3649 4111 3334 
3663 4174 3236 
3682 4096 3307 
3693 4173 3222 
3736 4149 3264 
3698 4157 3260 
3477 3488 3987 
3657 3951 3795 
4160 3438 3456 
3791 3925 3726 
3804 3939 3669 
3809 3923 3707 
3531 3888 3927 
3785 4009 3515 
3858 3984 3543 
3820 3992 3539 
3654 3937 3901 
3736 3964 3700 
3705 3916 3755 
3719 3979 3657 
3738 3901 3728 
3749 3978 3643 
3754 3962 3681 
3918 3796 3671 
3731 4084 3541 
3608 4134 3374 
3673 3908 3771 
4030 3668 3589 
4043 3682 3532 
4086 3658 3574 
4048 3666 3570 
3371 3369 4043 
3389 3363 4061 
3351 3371 4057 
3335 3343 4069 
3395 3395 4004 
3955 3733 3742 
3917 3741 3738 
3960 3788 3611 
3929 3740 3666 
3943 3803 3568 
3962 3725 3639 
3973 3802 3554 
4016 3778 3596 
3978 3786 3592 
3902 3870 3586 
3844 3806 3674 
3371 3953 3849 
3741 4014 3310 
3858 3716 3810 
3690 3791 3808 
3532 3824 3916 
3573 3588 3986 
3578 4090 3591 
3798 4017 3274 
4165 3422 3494 
3758 3970 3544 
3793 3895 3719 
4096 3666 3213 
3924 3995 3253 
3950 3911 3499 
3382 4025 3680 
3738 3934 3693 
3736 4068 3579 
3616 4147 3295 
3935 3888 3524 
3852 3819 3595 

3984 3731 3645 
3929 3751 3701 
3983 3771 3693 
3934 3773 3680 
4075 3854 3301 
3641 4004 3769 
3614 3635 3913 
3624 4010 3740 
3692 4053 3736 
3732 4078 3642 
3957 3994 3306 
4132 3671 3258 
4114 3684 3229 
4053 3675 3589 
3605 3865 3775 
3673 3908 3771 
3569 3852 3806 
3346 3602 3977 
3329 3617 3934 
3996 3956 3431 
3513 3904 3854 
3530 3854 3923 
3551 3843 3846 
3422 3482 4043 
3490 3525 4039 
3491 3485 3991 
3692 4181 3336 
3727 4164 3360 
3800 4114 3637 
3818 4112 3618 
3741 3613 3976 
4014 3684 3413 
3340 3945 3898 
3408 3988 3894 
3887 3929 3576 
3936 3975 3502 
3857 3866 3578 
3891 3691 3770 
3940 3737 3696 
3954 3703 3739 
3921 3718 3766 
4024 3637 3651 
4073 3683 3577 
4074 3643 3529 
4078 3572 3653 
4041 3579 3738 
4040 3580 3649 
4106 3537 3633 
3979 3795 3558 
3991 3761 3519 
3911 3779 3615 
3873 3787 3611 
3572 4133 3523 
4007 3811 3305 
3719 3897 3746 
3644 3662 3909 
4168 3419 3152 
4181 3416 3532 
3728 3957 3661 
3532 3824 3916 
3709 4166 3379 
3698 3701 3840 
3802 4084 3630 
3740 3614 3887 
3966 3722 3715 
3915 3833 3581 

3779 4115 3420 
3780 3745 3822 
3724 3770 3845 
4163 3214 3416 
4187 3240 3377 
4037 3755 3692 
3975 3733 3764 
4060 3529 3572 
4159 3620 3513 
4091 3577 3517 
3636 3970 3827 
3655 3989 3757 
3551 3843 3846 
3530 3854 3923 
3743 3661 3984 
3687 3671 3999 
3306 3915 3857 
3326 3999 3827 
3361 3982 3851 
3764 3989 3624 
3976 4029 3328 
3954 4074 3251 
3940 3920 3558 
3902 3928 3554 
3917 4035 3501 
3884 4114 3345 
3996 4021 3385 
3928 3978 3389 
3827 3921 3559 
3809 3923 3578 
3877 3825 3588 
3844 3859 3650 
3761 4117 3439 
3786 3915 3778 
4217 3267 3373 
3532 3824 3916 
3689 3641 3992 
3794 4016 3620 
3736 4068 3579 
4162 3385 3172 
3747 4001 3668 
3930 3785 3708 
3903 4043 3407 
3851 3832 3609 
3859 3827 3607 

4174 3370 3418 
3387 3480 4045 
4027 3694 3590 
4060 3679 3563 
4046 3713 3520 
4009 3696 3609 
3731 3868 3743 
3710 3879 3820 
3923 3827 3462 
4105 3805 3315 
4037 3762 3319 
3390 4024 3895 
3322 3981 3899 
3785 4081 3582 
3717 4038 3586 
3309 3880 3954 
3333 3906 3915 
3523 4058 3697 
3530 3999 3723 
3534 4041 3700 
3516 4043 3719 
3848 3976 3413 
3699 3787 3918 
3744 3767 3865 
3580 4029 3627 
4075 3532 3594 
3887 3874 3544 
3687 3886 3902 
3696 3694 3989 
3633 3658 4024 
4105 3426 3534 
4124 3445 3464 
4150 3430 3483 
3692 4181 3336 
3727 4164 3360 
4026 3595 3628 
4152 3596 3220 
4171 3615 3150 
4134 3598 3239 
3659 3948 3700 
3759 3712 3848 
4034 3673 3618 
4016 3675 3637 
3859 3961 3500 
3896 3597 3680 
3964 3640 3676 
3529 4128 3553 
3559 4130 3486 
3522 4059 3641 
3539 4044 3684 
3531 3888 3927 
3550 3907 3857 
3563 3996 3810 
3593 3998 3743 
3556 3981 3832 
4189 3456 3404 
3890 3730 3703 
3712 3849 3813 
3824 3960 3654 
3925 3797 3455 
3354 4073 3752 
3662 3896 3699 
3518 4013 3712 
3792 3978 3470 
3903 4043 3407 
3756 3677 3867 
3917 3901 3540 
3878 3917 3469 
4119 3489 3436 
3728 3957 3661 
3709 4166 3379 
3700 3932 3698 
3915 3813 3640 
4004 3806 3408 
3522 4113 3575 
3597 3978 3609 
3541 4014 3677 
4078 3487 3462 
3842 3799 3762 
3822 3757 3812 

3536 4055 3513 
4192 3474 3228 
4178 3508 3185 
4159 3489 3255 
3727 4164 3360 
4073 3654 3621 
4011 3631 3624 
3638 3609 3889 
3571 3543 3969 
3637 3649 3937 
3569 3606 3941 
3538 3558 3996 
3907 3889 3605 
3913 3909 3604 
3845 3866 3608 
3734 3963 3773 
3674 3877 3804 
3740 3983 3772 
3672 3940 3776 
3772 4026 3404 
4040 3702 3531 
3585 4009 3681 
3530 3854 3923 
3408 3988 3894 
3340 3945 3898 
4052 3842 3413 
3756 4129 3450 
3696 4043 3481 
3708 4062 3457 
3663 4058 3508 
3692 3907 3789 
3793 4123 3350 
3434 4068 3606 
3501 4011 3672 
3834 4001 3383 
3992 3490 3645 
3753 3753 3852 
3625 3997 3619 
3776 3732 3862 
3778 3702 3855 
3794 3730 3843 
3649 3583 3887 
3796 3873 3764 
3809 4019 3329 
3784 3927 3634 
3790 3947 3633 
3794 4025 3530 
3748 3971 3644 
3754 3991 3643 
3437 3988 3764 
3455 3986 3745 
3483 4040 3716 
3930 3810 3683 
3661 3956 3840 
3667 3976 3839 
3599 3933 3843 
3510 3885 3858 
3933 3756 3740 
4204 3493 3204 
3709 4166 3379 
3937 3918 3570 
4096 3666 3213 
3532 3824 3916 
4165 3422 3494 
3694 4106 3453 
3969 3610 3669 
3423 3544 4031 
3903 3941 3494 
3795 3897 3633 
3565 3952 3852 

3740 3782 3836 
3672 3739 3840 
3734 3834 3837 
3815 3898 3687 
3326 3999 3827 
3361 3982 3851 
4161 3411 3267 
3559 4130 3486 
3529 4128 3553 
4051 3640 3433 
3611 4081 3546 
3425 3559 4024 
3460 3652 3992 
3743 4199 3402 
3675 4156 3406 
3976 4029 3328 
3790 3947 3633 
3854 3924 3656 
3648 4069 3455 
3629 3820 3888 
4049 3704 3342 
4067 3702 3323 
4105 3694 3327 
3551 3843 3846 
3530 3854 3923 
3513 4081 3678 
3539 4066 3697 
3494 4062 3748 
4195 3296 3301 
4181 3330 3258 
4162 3311 3328 
3741 4066 3458 
3673 4023 3462 
3566 3985 3782 
3498 3942 3786 
3801 3940 3539 
3819 3938 3520 
3780 3745 3822 
3552 4008 3774 
3590 4000 3778 
3758 3965 3533 
3958 3714 3674 
3890 3671 3678 
3430 4028 3766 
3449 3950 3837 
3435 3984 3794 
3416 3965 3864 
3465 4011 3790 
3904 3665 3733 
3884 3879 3781 
3816 3836 3785 
3950 3906 3483 
4074 3613 3332 
4093 3535 3403 
4105 3554 3379 
4109 3596 3356 
3753 3990 3462 
3734 3971 3532 
3552 3560 3984 
3538 3594 3941 
3519 3575 4011 
3650 4128 3440 
3897 3758 3614 
3963 3864 3582 
3895 3821 3586 
3930 3915 3417 
3996 4021 3385 
3928 3978 3389 
3908 3983 3482 
3840 3940 3486 
4038 3861 3457 
3991 3801 3464 
3647 4051 3579 
3728 3952 3723 
3522 4113 3575 
3557 4079 3592 
3532 3824 3916 
4211 3357 3254 
4090 3591 3629 
3988 3741 3670 
3756 3677 3867 
3642 3594 3914 
4091 3598 3375 
3719 3897 3746 
3582 4085 3444 
3867 4044 3456 
3982 3762 3495 
4029 3793 3468 

3969 3931 3545 
3990 3920 3468 
3727 4164 3360 
3673 3898 3852 
3692 3917 3782 
3639 3804 3857 
3694 3871 3851 
3542 4060 3559 
3610 4103 3555 
3814 3980 3570 
3636 3970 3827 
3655 3989 3757 
3170 3632 3965 
3238 3675 3961 
3613 4042 3646 
3634 4031 3569 
3762 4064 3362 
3753 3951 3707 
3772 3970 3637 
3562 3996 3695 
4005 3751 3727 
4073 3794 3723 
3538 3483 3956 
3606 3526 3952 
3531 3888 3927 
3550 3907 3857 
3705 3802 3839 
3773 3845 3835 
3684 4070 3484 
3752 4113 3480 
3854 3924 3656 
3790 3947 3633 
3489 3916 3842 
3532 3834 3875 
3629 3857 3865 
3889 3731 3772 
3802 3693 3842 
3851 3739 3768 
3862 3631 3830 
3886 3657 3791 
3833 3809 3734 
3901 3852 3730 
3899 3792 3740 
3971 3901 3538 
3709 4166 3379 
4134 3645 3569 
3502 4014 3785 
3695 3965 3649 
3532 3824 3916 
3606 3650 3887 
3615 4012 3639 
3821 4086 3302 
3382 4025 3680 
3867 4044 3456 
3636 3553 3948 
3790 3870 3746 
3418 3944 3906 
3822 3642 3801 
3916 3684 3787 

3860 3627 3801 
3928 3670 3797 
3697 4046 3600 
3622 3981 3620 
3577 4017 3728 
4148 3521 3420 
4002 3878 3307 
4067 3705 3210 
4073 3578 3628 
4043 3608 3677 
4004 3575 3680 
4072 3618 3676 
3891 3908 3464 
3766 4104 3598 
3580 3889 3831 
3958 3768 3393 
3957 3808 3441 
4054 3694 3388 
3559 3677 3946 
3627 3720 3942 
3585 3977 3765 
3604 3996 3695 
3734 3834 3837 
3530 3854 3923 
3551 3843 3846 
3680 4187 3470 
3748 4230 3466 
3682 3666 3959 
3946 3967 3341 
3773 4048 3507 
3890 3717 3772 
3944 3770 3729 
3585 3947 3819 
3604 3966 3749 
3751 3933 3745 
3819 3976 3741 
3720 3614 3985 
3769 3660 3911 
3899 3895 3563 
4044 3689 3540 
4049 3673 3578 
3450 3953 3865 
3411 3920 3868 
4151 3317 3324 
4080 3339 3451 
4148 3382 3447 
4061 3625 3267 
3910 3866 3447 
3819 3718 3815 
3850 3766 3760 
3918 3809 3756 
3689 3838 3837 
3750 3955 3812 
3740 3759 3880 
3701 3726 3883 
3769 3769 3879 
3760 3860 3756 
3828 3903 3752 
3846 3835 3731 
3762 3813 3792 
3900 3836 3557 
3899 3876 3605 
3394 3544 4070 
3644 3848 3816 
3532 3824 3916 
3371 4074 3737 
3871 3930 3476 
4031 3675 3597 
3836 4151 3470 
3754 3793 3867 
3779 3798 3835 

3334 3596 4011 
3781 3978 3534 
3678 4016 3659 
3746 4059 3655 
3455 4021 3679 
3523 4064 3675 
3786 4058 3203 
3726 3636 3946 
3769 3612 3988 
3731 4084 3541 
3538 3979 3742 
3568 3978 3728 
3622 3960 3779 
3814 3954 3482 
3801 3940 3539 
3819 3938 3520 
3797 3690 3851 
3802 3674 3889 
3969 3818 3445 
3538 3786 3932 
3832 4026 3355 
3752 3652 3942 
4124 3481 3525 
3700 3562 4033 
3780 3546 3975 
3340 3897 3926 
3358 3895 3907 
3950 3906 3483 
3410 3595 4051 
3453 3571 4093 
3679 4104 3364 
3689 3887 3813 
3694 3871 3851 
3732 3863 3855 
3533 3679 3953 
3601 3722 3949 
3860 3627 3801 
3928 3670 3797 
4009 3940 3444 
3859 3927 3761 
3866 3893 3680 
4023 3713 3399 
4061 3705 3403 
3748 3769 3814 
3753 3753 3852 
3852 3880 3806 
3654 3937 3901 
3673 3956 3831 
3933 3552 3685 
3983 3563 3665 
3971 3544 3689 
4037 3650 3657 
3614 4086 3436 
3654 4106 3347 
3633 4105 3366 
3463 4083 3633 
3616 4147 3295 
3646 4146 3281 
3978 3700 3450 
4034 3690 3435 
4086 3647 3499 
4072 3654 3547 
4094 3568 3646 
3899 3867 3592 
3885 3937 3521 
3913 3850 3521 
3762 3959 3604 
3791 4042 3241 
3736 4068 3579 
3930 3785 3708 
4143 3466 3420 
3342 3867 3919 
3604 3972 3801 
4073 3724 3379 
3659 4090 3385 
3651 4130 3319 
4082 3722 3349 
4010 3716 3405 
3963 3749 3562 

3887 3974 3590 
3689 3728 3815 
3720 3768 3810 
3669 3763 3843 
3810 3907 3765 
3742 3864 3769 
3760 3942 3665 
4106 3563 3527 
4038 3520 3531 
3678 3659 3862 
3677 3699 3910 
3578 3608 3969 
3609 3656 3914 
3593 3798 3774 
3812 3686 3754 
3811 3726 3802 
3837 3677 3806 
4010 3640 3638 
3972 3816 3513 
4000 3799 3397 
3924 3723 3713 
3979 3685 3619 
3978 3725 3667 
3959 3706 3737 
3779 4115 3420 
3887 3936 3617 
3868 3917 3687 
4065 3763 3432 
4053 3797 3471 
3708 3520 3886 
3740 3538 3832 
3689 3533 3865 
3603 3747 3904 
3986 3579 3648 
3768 3935 3647 
3754 4033 3549 
3353 4097 3655 
3339 4034 3753 
3388 4080 3679 
3487 3979 3697 
3723 4015 3671 
3736 4046 3610 
3720 4079 3694 
3737 4060 3583 
3840 4031 3506 
3964 3916 3586 
3896 3873 3590 
3461 3699 4061 
3702 3781 3781 
3792 4067 3289 
3795 3925 3689 
3789 4120 3248 
3568 3820 3854 
3520 3881 3805 
3588 3915 3732 
3974 3786 3506 
3991 3801 3392 
3525 3705 3908 
3761 4117 3439 
4181 3416 3532 
3399 3894 3919 
3814 4046 3458 
3604 3707 3856 
3739 3646 3835 
3848 4045 3315 
3452 4080 3656 

3439 4086 3697 
3585 4009 3681 
4005 3719 3507 
3985 3635 3537 
4040 3702 3531 
3492 3960 3691 
4075 3854 3301 
3870 3990 3366 
3938 4033 3362 
3864 3856 3521 
3932 3899 3517 
4155 3547 3429 
3384 3625 4042 
3989 3591 3604 
3860 3627 3801 
3928 3670 3797 
3542 4060 3559 
3610 4103 3555 
4106 3502 3562 
4125 3521 3492 
3326 3999 3827 
3306 3915 3857 
3361 3982 3851 
3692 4181 3336 
3727 4164 3360 
3801 3940 3539 
3819 3938 3520 
3837 3719 3798 
3988 3473 3615 
4026 3465 3619 
4078 3599 3222 
3690 3570 3923 
3666 3544 3962 
4006 3746 3488 
4074 3789 3484 
3780 3745 3822 
3740 3707 3906 
3689 3838 3837 
3768 3921 3790 
3721 3829 3820 
3699 3726 3873 
3907 3759 3785 
3819 3718 3815 
3850 3766 3760 
3918 3809 3756 
3852 3703 3788 
3735 3948 3786 
4011 3536 3591 
3421 4088 3716 
3867 4044 3456 
3530 3952 3695 
4007 3811 3305 
3397 3591 3995 
4181 3501 3269 
3708 4061 3430 
3584 3887 3885 
3794 4016 3620 
3790 3866 3713 
3709 4166 3379 
3803 3910 3532 
3756 3677 3867 
4038 3484 3595 
3720 3597 3919 
3764 3761 3837 
3755 3826 3850 
3756 3812 3844 
3754 3793 3867 
3861 3810 3739 
3966 3726 3603 

3677 4147 3322 
4098 3612 3596 
3807 4075 3301 
3790 4090 3258 
3735 3948 3786 
3730 3875 3833 
3754 3878 3801 
3735 3859 3871 
4037 3755 3692 
3975 3733 3764 
3977 3703 3757 
3841 4074 3449 
3816 4031 3491 
3778 3833 3769 
3306 3915 3857 
3356 3998 3813 
3326 3999 3827 
3361 3982 3851 
3963 3897 3487 
3951 3931 3526 
3845 3992 3546 
3850 3976 3584 
3731 4084 3541 
3737 4067 3668 
3769 3881 3742 
3768 3921 3790 
3686 3940 3851 
3699 3954 3794 
3723 3957 3762 
3578 4087 3458 
3540 4110 3595 
3558 4108 3576 
3577 4127 3506 
3476 4064 3767 
3539 4066 3697 
3494 4062 3748 
3513 4081 3678 
3654 4106 3347 
3614 4086 3436 
3633 4105 3366 
3819 3639 3909 
3654 3536 3962 
3818 3679 3957 
3750 3636 3961 
3710 3973 3749 
3847 3831 3690 
4174 3259 3440 
4159 3347 3514 
4156 3452 3468 
4117 3496 3437 
4134 3438 3524 
4138 3409 3519 
4147 3448 3507 
4097 3709 3274 
3993 3904 3414 
4011 3902 3395 
3854 3754 3711 
3717 3861 3890 
3846 4058 3487 
3631 3811 3923 
3736 4068 3579 
3659 4090 3385 
3610 3989 3681 
3930 3785 3708 
3736 3793 3857 
4204 3286 3436 
4078 3690 3344 
3995 3874 3407 

3482 4081 3637 
3535 4127 3518 
3529 4128 3553 
3559 4130 3486 
3780 3745 3822 
3457 3992 3765 
3756 3786 3823 
3711 3782 3874 
3730 3801 3804 
3586 4041 3616 
3580 4042 3651 
3573 4027 3673 
3594 4016 3596 
3666 4004 3610 
3690 4007 3578 
3671 3988 3648 
3954 4074 3251 
3612 3717 3920 
3711 3808 3861 
3597 4080 3480 
3627 3659 3953 
3776 3988 3561 
3731 3984 3612 
3750 4003 3542 
3826 4021 3264 
3610 4165 3285 
3584 3975 3881 
3738 3584 3970 
3752 3658 3836 
3733 3653 3853 
4145 3356 3455 
4131 3400 3451 
4199 3443 3447 
3820 3992 3539 
4057 3835 3491 
4050 3820 3513 
4071 3809 3436 
3694 3871 3851 
3384 3625 4042 
3500 4054 3711 
3395 3861 3886 
3377 3860 3932 
3334 3884 3890 
3321 3870 3947 
3607 4070 3521 
3601 4071 3556 
3594 4056 3578 
3615 4045 3501 
3630 3885 3753 
4113 3679 3346 
4087 3754 3254 
4106 3773 3184 
3652 3587 3961 
3890 3822 3722 
4035 3596 3611 
3991 3534 3723 
4010 3553 3653 
4040 3580 3649 
4053 3675 3589 
4021 3533 3659 
4103 3555 3635 
3502 4045 3588 
3522 4113 3575 
3575 3997 3666 
3780 4030 3538 
3682 3971 3627 
4052 3790 3506 
3397 3591 3995 
3323 3840 3940 
3596 4026 3571 
4118 3663 3384 
3941 3952 3707 
3625 4150 3408 
3822 3779 3726 
4078 3559 3558 
4114 3578 3521 
3954 3664 3616 
4022 3686 3593 

4008 3823 3619 
3978 3857 3682 
3511 3837 3815 
3522 3820 3818 
3768 3626 3980 
4072 3618 3676 
4234 3452 3404 
3769 3612 3988 
3937 3975 3355 
3716 4072 3525 
3855 3917 3746 
4025 3726 3588 
3695 3961 3814 
3557 3751 3958 
3616 3737 3898 
3700 3718 3935 
3651 3720 3922 
3925 3918 3401 
3844 3536 3835 
3970 3863 3640 
3943 3900 3654 
3930 3787 3724 
3892 3795 3720 
3781 3563 3830 
3848 3864 3748 
3738 3983 3650 
3482 3839 3830 
3988 3741 3670 
3664 4030 3772 
3869 3988 3626 
4090 3591 3629 
3836 4151 3470 
3572 4133 3523 
4096 3666 3213 
3893 3715 3800 
3836 3630 3824 

3469 3916 3849 
3701 3726 3883 
3769 3769 3879 
3340 3945 3898 
3408 3988 3894 
3633 3658 4024 
3696 3694 3989 
3530 3854 3923 
3551 3843 3846 
3437 4106 3457 
3899 3895 3563 
4165 3554 3320 
4052 3842 3413 
3959 3848 3550 
3789 3964 3587 
3857 4007 3583 
3981 3897 3113 
3951 3898 3127 
3968 3883 3170 
3986 3881 3151 
3714 3913 3708 
3778 4015 3589 
3662 3940 3782 
3681 3959 3712 
3790 3941 3651 
3760 3942 3665 
3746 3879 3763 
3765 3898 3693 
4044 3800 3507 
4031 3786 3564 
4052 3775 3487 
3977 3703 3757 
3975 3733 3764 
4037 3755 3692 
3944 4048 3328 
3780 3546 3975 
3681 4148 3355 
3686 4132 3393 
3498 3942 3786 
3566 3985 3782 
3891 4044 3379 
3878 4030 3436 
3896 4028 3417 
3438 3945 3868 
3853 4069 3419 
3939 3786 3691 
3944 3770 3729 
3914 3743 3733 
3627 4153 3304 
3796 3873 3764 
3780 3745 3822 
3734 3834 3837 
3751 3828 3806 
3807 3701 3784 
3875 3744 3780 
3981 3833 3680 
3532 3824 3916 
3467 4105 3443 
4128 3537 3409 
4015 3857 3112 
3719 3897 3746 
3542 4026 3626 
3795 3925 3689 
3917 3901 3540 
4033 3756 3557 
3707 4079 3513 
3668 4134 3412 
3612 3999 3604 
3382 4025 3680 
3756 3812 3844 
3905 3771 3776 
3799 3692 3808 
3930 3785 3708 

3314 3512 4041 
3334 3596 4011 
3407 3571 4039 
3369 3579 4035 
3654 3937 3901 
3713 3607 3899 
3718 3581 3965 
3732 3863 3855 
3694 3871 3851 
3733 3829 3820 
3778 3833 3769 
3573 3962 3766 
3611 3954 3770 
3756 3905 3698 
3711 3901 3749 
3906 3911 3399 
3923 3896 3442 
3941 3894 3423 
3979 3886 3427 
3695 3586 3906 
3751 3680 3797 
3921 3718 3766 
4084 3625 3523 
3731 3880 3738 
3739 4063 3395 
3895 3821 3586 
3951 3811 3571 
3531 3888 3927 
3997 3789 3264 
4032 3772 3288 
3801 3940 3539 
3819 3938 3520 
3457 3509 4032 
3469 3482 3982 
3388 3979 3813 
3765 3853 3672 
3505 4090 3577 
4005 3719 3507 
4040 3702 3531 
4039 3769 3394 
4035 3727 3417 
4051 3742 3344 
3854 3924 3656 
3796 3948 3515 
3989 3761 3445 
4006 3746 3488 
4024 3744 3469 
4028 3699 3545 
4020 3597 3585 
3847 4058 3416 
3962 3794 3613 
3656 3929 3754 
3751 3599 3903 
4096 3666 3213 
3495 4018 3613 
3760 3947 3675 
3794 3994 3593 
4184 3407 3389 
3532 3824 3916 
3789 3672 3801 
3966 3722 3715 
3736 4068 3579 
3747 4001 3668 
4041 3641 3432 
3794 4130 3389 
3405 3964 3856 
3568 3997 3755 
3507 4082 3430 
3841 3952 3464 
4008 3716 3481 
4055 3580 3609 
4015 3589 3619 
3984 3753 3479 
3885 4050 3420 
3964 3764 3606 

3693 3862 3909 
3618 3797 3929 
3600 3799 3948 
3616 3827 3936 
4152 3587 3276 
4131 3598 3353 
3490 3982 3734 
3496 4014 3677 
3483 4016 3815 
3481 4046 3822 
3809 4023 3283 
3912 3919 3495 
4164 3513 3418 
3803 3731 3870 
3407 3553 4038 
3419 3526 3988 
3738 3584 3970 
3628 4111 3383 
3928 3670 3797 
3860 3627 3801 
3974 3633 3654 
4110 3502 3566 
4089 3513 3643 
3953 3911 3452 
4002 3957 3378 
3951 3941 3459 
3984 3959 3397 
3723 3957 3762 
3686 3940 3851 
3658 4214 3361 
3590 4171 3365 
3306 3915 3857 
3326 3999 3827 
3361 3982 3851 
3558 4152 3495 
3909 3995 3480 
4141 3545 3554 
3384 3625 4042 
3949 3830 3615 
3919 3889 3664 
3895 3863 3703 
3907 3692 3682 
3999 3679 3510 
4007 3604 3518 
3696 3819 3816 
3950 3911 3499 
3758 3894 3724 
4007 3534 3623 
3747 4001 3668 
3666 4103 3387 
3707 4079 3513 
3872 3737 3730 
3976 3603 3647 
4096 3666 3213 
3986 3929 3390 
3708 4061 3430 
3521 4135 3584 
3872 3978 3569 
3397 3591 3995 
3905 3756 3689 
3985 3716 3594 
3962 3759 3676 
3955 3784 3629 

3952 3794 3432 
3717 3586 3900 
3716 3626 3948 
3807 3616 3759 
3875 3659 3755 
3562 3664 3979 
3589 3954 3702 
3744 3886 3722 
3711 3901 3749 
3628 4111 3383 
3980 3768 3239 
3388 3440 3997 
3387 3480 4045 
3455 4021 3679 
3523 4064 3675 
3719 3784 3833 
3754 3767 3857 
3804 3792 3824 
3434 3880 3906 
3686 3689 3971 
3748 3711 3899 
3530 3854 3923 
3673 3898 3852 
3692 3917 3782 
3837 4070 3476 
3966 3796 3417 
3918 3950 3718 
3938 3929 3600 
3937 3969 3648 
3584 3975 3881 
3756 3808 3748 
4163 3259 3464 
4161 3322 3436 
4179 3320 3417 
3517 3744 3952 
3560 3720 3994 
3645 4113 3317 
3977 3764 3410 
4081 3618 3615 
3967 3685 3749 
4034 3751 3669 
4021 3738 3706 
3965 3748 3721 
4138 3487 3537 
3594 3938 3740 
3524 4035 3605 
3382 4025 3680 
3707 4079 3513 
3666 4103 3387 
4096 3666 3213 
3532 3824 3916 
3813 4067 3508 
3825 3830 3733 
3747 4001 3668 
4163 3292 3429 
4040 3641 3608 
3967 3718 3714 

3765 4016 3533 
3760 4060 3505 
3746 3997 3603 
4017 3590 3601 
4008 3691 3601 
3991 3706 3558 
4000 3704 3563 
4064 3681 3586 
3977 3643 3656 
3981 3685 3633 
4026 3689 3582 
3629 4124 3390 
3893 3939 3485 
3874 3920 3555 
3384 3625 4042 
3801 3940 3539 
3819 3938 3520 
3643 4109 3491 
3624 4090 3561 
3964 3707 3656 
3668 3903 3845 
3341 3940 3901 
3324 3955 3858 
3359 3938 3882 
3444 4039 3757 
3406 4047 3753 
4146 3473 3430 
3673 3956 3831 
3654 3937 3901 
3604 3966 3749 
3916 3934 3379 
3951 3917 3403 
4011 3813 3239 
3991 3729 3269 
4124 3481 3525 
3716 3999 3631 
3722 4031 3574 
3592 4142 3451 
3575 4157 3408 
3610 4140 3432 
3530 3854 3923 
3780 3546 3975 
3677 3639 3994 
3640 3654 3992 
3708 3697 3988 
4018 3670 3587 
3830 3872 3815 
3811 3853 3885 
3635 4004 3656 
3703 4047 3652 
3720 4060 3628 
3740 3707 3906 
3850 3766 3760 
3918 3809 3756 
3837 3834 3732 
3835 3704 3762 
3890 3834 3664 
3958 3877 3660 
3795 4043 3529 
3888 3983 3457 
3397 3591 3995 
3930 3785 3708 
4118 3663 3384 
3493 3968 3661 
4184 3465 3434 
3728 3957 3661 
3933 3919 3422 
3458 4074 3583 
4046 3796 3263 
3758 3894 3724 
3709 4146 3378 
3594 4112 3444 
3532 3824 3916 
3861 3810 3739 
3867 3861 3728 
3865 3731 3758 

3326 3999 3827 
3361 3982 3851 
3942 3707 3728 
3855 3669 3798 
3686 3561 3930 
3710 3587 3891 
3908 3986 3332 
3976 4029 3328 
3860 3627 3801 
3928 3670 3797 
4151 3133 3205 
4131 3154 3323 
3898 3990 3436 
3713 4169 3500 
4052 3842 3413 
3453 3571 4093 
3822 4000 3513 
3846 4026 3474 
4083 3779 3348 
4124 3481 3525 
3729 3776 3827 
3709 3692 3857 
3764 3759 3851 
3724 3917 3714 
3669 3955 3808 
3723 3957 3762 
3654 3998 3683 
3523 4058 3697 
3516 4043 3719 
3534 4041 3700 
3644 4095 3662 
3712 4138 3658 
3736 4046 3660 
3518 4010 3796 
3543 3996 3709 
3542 4036 3757 
3295 4077 3666 
3363 4120 3662 
3381 4042 3807 
3416 3890 3893 
3586 3975 3877 
3999 3902 3604 
3824 3960 3654 
3930 3734 3778 
3740 3614 3887 
3555 3672 3916 
4139 3167 3244 
4085 3584 3598 
4096 3666 3213 
3823 4070 3241 
4099 3659 3355 
4039 3589 3563 
3728 3957 3661 
3736 4068 3579 
3672 3846 3765 
3287 4086 3692 
3418 3860 3886 
3593 3881 3827 

3387 3641 3963 
3354 3656 3990 
3735 3948 3786 
3839 4030 3424 
3907 4073 3420 
3802 3674 3889 
3485 4115 3756 
3499 4089 3701 
3581 3859 3908 
3963 3964 3521 
4067 3576 3280 
3582 3974 3655 
4173 3346 3359 
4083 3506 3392 
4118 3489 3416 
3610 4103 3555 
3914 3729 3713 
4068 3517 3503 
4043 3531 3590 
4067 3557 3551 
3934 3984 3440 
3955 3973 3363 
3987 3807 3510 
3985 3870 3482 
4053 3913 3478 
3602 3722 3950 
3904 3665 3733 
3866 3673 3729 
3989 3736 3554 
3964 3750 3641 
3988 3776 3602 
3834 4084 3229 
3984 3659 3617 
3986 3629 3610 
4022 3655 3584 
4002 3657 3598 
4057 3712 3491 
4032 3726 3578 
4056 3752 3539 
3889 3892 3614 
3907 3890 3595 
3779 4115 3420 
3592 3780 3927 
3502 3553 4013 
3526 3579 3974 
3572 4047 3648 
3640 4090 3644 
3897 3895 3577 
3965 3938 3573 
3561 4059 3655 
3654 3937 3901 
3673 3956 3831 
3705 3661 3925 
3773 3704 3921 
3673 3782 3842 
3748 3847 3822 
3655 3610 3944 
3785 3707 3826 
3480 4070 3771 
3728 3957 3661 
3794 4016 3620 
3780 3872 3634 
3891 3862 3607 
3761 4117 3439 
3556 3606 3970 
3707 4079 3513 
3798 3858 3802 
3815 3693 3779 
3820 3690 3850 

4006 3483 3597 
4164 3497 3107 
4143 3496 3126 
4169 3481 3145 
3551 3843 3846 
3567 4149 3485 
4150 3430 3483 
3716 3521 3927 
3648 3478 3931 
4141 3545 3554 
3605 3926 3701 
3604 3966 3749 
3585 3947 3819 
3983 3600 3558 
3988 3584 3596 
3702 4096 3656 
3634 4053 3660 
3543 3561 3990 
3475 3518 3994 
3885 3610 3793 
3866 3591 3863 
3636 4105 3410 
3635 4145 3458 
3616 4126 3528 
3847 3831 3690 
3529 4128 3553 
3998 3600 3518 
3457 3701 4017 
3374 3948 3858 
3380 3947 3823 
3367 3933 3880 
3385 3931 3861 
3903 3586 3817 
3952 3594 3802 
3890 3572 3874 
4075 3854 3301 
3673 3908 3771 
3605 3865 3775 
3894 3899 3437 
3893 3939 3485 
3874 3920 3555 
3550 3907 3857 
3531 3888 3927 
3743 4161 3336 
4084 3612 3152 
3610 3948 3685 
3561 3991 3716 
3578 3976 3759 
3751 3828 3806 
3721 3829 3820 
3780 3745 3822 
3770 3729 3831 
3769 3769 3879 
3701 3726 3883 
3786 3776 3798 
3606 3650 3887 
3532 3824 3916 
3572 4133 3523 
3708 4061 3430 
3746 3548 3923 
3382 4025 3680 
4039 3589 3563 
3573 3588 3986 
3915 3637 3789 
3947 3680 3579 
3829 3866 3580 
3522 4113 3575 
4078 3749 3383 
3985 3586 3575 
3725 4049 3375 
3462 3685 4055 
3747 4001 3668 
3369 3903 3873 
3930 3785 3708 
3858 3801 3593 
4007 3811 3305 
3706 3838 3758 
3888 3983 3457 
3748 4145 3374 
4089 3596 3190 
3756 3812 3844 
3824 3768 3802 

4072 3618 3676 
4215 3408 3461 
3818 4112 3618 
3800 4114 3637 
3665 4141 3377 
3670 4163 3356 
3652 4165 3375 
4009 3752 3688 
4003 3769 3561 
4046 3745 3603 
3973 3770 3575 
4008 3753 3599 
3990 3755 3618 
3413 4110 3700 
3345 4067 3704 
3853 3793 3858 
3791 3771 3930 
3583 4019 3768 
3521 3997 3840 
3528 4012 3818 
3306 3915 3857 
3326 3999 3827 
3361 3982 3851 
4105 3805 3315 
4037 3762 3319 
3642 4180 3450 
3917 4108 3387 
3647 3648 4063 
3672 3691 4021 
3696 3694 3989 
3526 3904 3889 
3550 3907 3857 
4084 3633 3611 
3783 3983 3781 
3910 3870 3715 
3959 3916 3641 
3891 3873 3645 
3886 3969 3632 
3949 3781 3688 
3808 3806 3732 
3802 4084 3630 
4077 3656 3468 
3618 4177 3482 
3747 4001 3668 
3838 3892 3653 

3764 3989 3624 
3839 4049 3380 
3475 3518 3994 
3543 3561 3990 
3773 3676 3788 
4169 3382 3416 
3673 3956 3831 
3654 3937 3901 
3779 4115 3420 
3802 3674 3889 
3927 3922 3492 
3944 3907 3535 
3965 3896 3458 
4124 3481 3525 
3801 3940 3539 
3819 3938 3520 
3908 3986 3332 
3976 4029 3328 
3634 4045 3713 
3742 3851 3742 
3514 3998 3781 
3712 4059 3541 
3878 3714 3729 
3822 3724 3744 
3840 3722 3725 
3298 3997 3797 
3315 3982 3840 
3531 3888 3927 
3722 3978 3726 
3582 3990 3718 
3738 3901 3728 
3719 3979 3657 
3736 3964 3700 
3705 3916 3755 
3754 3962 3681 
3986 3636 3723 
3766 3804 3734 
3784 3802 3715 
3395 3958 3871 
3413 3956 3852 
4047 3736 3513 
4033 3770 3470 
4014 3751 3540 
4046 3566 3562 
4027 3611 3526 
4044 3596 3569 
4062 3594 3550 
4080 3597 3527 
4114 3537 3526 
3986 3702 3602 
3992 3732 3577 
3973 3810 3506 
3978 3766 3534 
3959 3747 3604 
4008 3793 3530 
3918 3804 3584 
3872 3853 3668 
3889 3838 3711 
3904 3806 3566 
3910 3717 3618 
3927 3702 3661 
3794 4016 3620 
3573 3588 3986 
3761 4117 3439 
3698 3701 3840 
3946 3877 3528 
3803 3910 3532 
3532 3824 3916 
4096 3666 3213 
3516 3968 3774 
3658 4057 3587 
3824 3694 3737 
3738 3934 3693 
3968 3704 3621 
4010 3691 3603 
3929 3672 3654 
3956 3726 3616 

