3937 3908 3563 
3912 3922 3650 
3885 3812 3671 
3770 3950 3640 
3581 3916 3848 
3935 3495 3719 
3537 4089 3659 
3726 3636 3946 
3828 3767 3835 
3389 3777 3946 
3753 4093 3418 
3911 3469 3758 
3779 3721 3909 
3728 3572 3994 
3849 3756 3758 
3451 3835 3908 
3904 3695 3734 
4001 3523 3657 
3500 4147 3594 
3468 4086 3711 
3727 3612 4042 
3843 4022 3527 
3775 3979 3531 
3740 4139 3400 
3841 3781 3778 
3642 3917 3686 
3570 4010 3610 
3936 3948 3611 
4145 3465 3382 
3882 3874 3697 
3884 3852 3719 
4050 3677 3482 
3659 3569 4046 
3715 4153 3487 
3539 4140 3652 
3582 3668 3984 
3585 3947 3819 
3596 4028 3547 
3620 4054 3508 
3973 3698 3682 
3995 3503 3658 
3977 3497 3696 
4002 3483 3609 
3550 4031 3728 
3569 4050 3658 
3702 3886 3754 
3721 3905 3684 
3900 3966 3498 
4144 3505 3430 
3964 3707 3656 
3812 4121 3316 
4114 3670 3304 
4105 3744 3476 
4037 3701 3480 
3918 4058 3269 
3856 4035 3272 
3983 3600 3558 
3988 3584 3596 
3536 4129 3707 
3728 3591 3927 
3864 3719 3726 
3919 3786 3720 
3851 3743 3724 
3570 3884 3850 
3794 3976 3601 
3955 3799 3388 
3739 4179 3448 
3584 4136 3572 
3503 4158 3539 
3540 4100 3604 
3606 3694 3945 
3811 3782 3792 
3848 3724 3857 
3847 3764 3905 
3748 3530 3962 
3773 3550 3927 
3772 4024 3400 
3834 4065 3342 
3839 4049 3380 
3604 3966 3749 
3859 4028 3382 
3980 3768 3239 
4010 3767 3225 
4026 3757 3272 
3785 3806 3804 
3769 3816 3757 
3952 3794 3432 
3745 3840 3846 
3729 3850 3799 
3515 3826 3914 
3584 3880 3822 
3597 3856 3824 
3554 3888 3869 
3627 3951 3812 
3533 3844 3901 
3519 3878 3904 
3747 4001 3668 
3906 3665 3727 
4039 3589 3563 
4130 3430 3631 
3729 3888 3731 
3662 3896 3699 
3373 3726 3965 

4159 3456 3290 
4011 3874 3592 
3654 3937 3901 
4096 3355 3512 
3534 4010 3788 
3646 4109 3651 
4030 3893 3522 
4059 3753 3378 
3620 4022 3710 
3728 3669 4023 
3713 4169 3500 
3601 4003 3780 
3660 3626 4027 
3782 4101 3574 
3928 3670 3797 
4153 3477 3285 
3673 3956 3831 
4042 3681 3606 
3796 3857 3830 
3530 3854 3923 
4140 3534 3219 
3927 4007 3362 
3824 4057 3546 
3827 4059 3297 
3882 4126 3291 
3814 4083 3295 
4049 3673 3578 
3356 3948 3865 
3412 3938 3850 
3751 3819 3846 
3838 3857 3776 
3782 3867 3791 
3800 3865 3772 
3745 3840 3846 
4197 3324 3367 
3882 3809 3812 
4221 3520 3281 
4040 3734 3448 
4039 3769 3394 
4066 3394 3467 
4083 3379 3510 
4101 3377 3491 
3802 3674 3889 
3934 3999 3334 
3599 4117 3539 
4124 3318 3379 
3578 4066 3655 
3783 4072 3478 
4050 3559 3570 
3532 3824 3916 
3941 3952 3707 
3957 3638 3622 
3747 4001 3668 

3809 3820 3742 
3727 3612 4042 
3611 4081 3546 
3568 4123 3542 
4030 3893 3522 
3827 4032 3394 
4054 3613 3735 
3558 4056 3833 
3574 4106 3669 
3753 3848 3795 
4074 3649 3662 
4072 3601 3667 
4165 3554 3320 
3920 3889 3592 
3668 4061 3507 
4145 3564 3486 
3746 3982 3799 
3941 3680 3736 
4074 3792 3446 
4233 3478 3294 
3766 3840 3813 
3789 3830 3908 
3769 3900 3733 
3963 3728 3637 
4049 3824 3424 
3602 4078 3633 
3927 3902 3433 
3720 4172 3388 
3659 3569 4046 
4011 3874 3592 
3606 4086 3575 
3669 4145 3424 
3698 3876 3908 
3555 4109 3599 
4035 3616 3665 
4062 3686 3513 
3776 4016 3475 
3839 4050 3229 
3856 4035 3272 
3874 4033 3253 
3414 3618 4072 
3384 3625 4042 
3743 4039 3633 
3826 3986 3659 
3585 3947 3819 
3686 4130 3467 
3490 4013 3837 
3876 3971 3360 
3960 3920 3371 
3850 3976 3584 
3722 4180 3322 
3692 4181 3336 
3727 4164 3360 
3938 3774 3778 
3880 4024 3312 
3703 4047 3652 
3635 4004 3656 
3753 3910 3686 
4091 3650 3642 
3752 4113 3480 
3684 4070 3484 
4018 3662 3566 
3514 3934 3910 
3943 3644 3667 
3998 3711 3661 
3732 3933 3845 
3664 3890 3849 
3916 3847 3615 
3891 3879 3593 
3901 3870 3662 
3575 3715 3913 
3828 3956 3652 
3821 4040 3371 
3405 3964 3856 

3950 3746 3754 
3916 3876 3643 
3690 3522 4006 
4112 3490 3552 
3875 3681 3774 
3708 3520 3987 
3560 3720 3994 
3720 3850 3741 
3648 4033 3663 
3857 3683 3793 
3615 4048 3690 
4049 3748 3278 
3770 3973 3626 
3788 3893 3737 
3684 4006 3717 
3940 3902 3604 
4136 3516 3513 
3894 3915 3589 
3489 4002 3844 
3686 3976 3710 
3747 3821 3883 
3948 3926 3447 
4091 3526 3631 
3530 3854 3923 
4057 3802 3272 
3944 4086 3295 
3970 3730 3738 
4063 3688 3476 
4101 3680 3480 
3772 4123 3448 
3779 4115 3420 
3716 3978 3643 
4110 3598 3221 
3766 3840 3813 
3930 3928 3466 
3967 3945 3377 
3487 4072 3460 
3624 3923 3784 
3837 3677 3806 
3414 3618 4072 
3384 3625 4042 
3790 3955 3486 
3814 3981 3447 
4035 3536 3646 
4152 3468 3184 
4103 3520 3357 
4122 3539 3287 
4126 3547 3229 
3974 3632 3489 
3418 3855 3869 
3551 3843 3846 
3634 4067 3620 
3689 3598 3968 
3757 3641 3964 
4017 3817 3485 
3679 3961 3732 
3520 3881 3805 
4130 3430 3631 
4037 3506 3639 
3532 3824 3916 
3719 3897 3746 
3746 3977 3591 
4026 3969 3327 
4076 3764 3219 

3515 4114 3691 
3947 3960 3442 
3769 3900 3733 
3674 3916 3783 
3835 3966 3663 
3703 3849 3772 
3727 3612 4042 
3879 3758 3882 
3579 4013 3786 
3527 4158 3560 
3958 3721 3746 
3756 3648 3892 
3811 3715 3886 
3911 3676 3872 
3559 4130 3486 
3659 3569 4046 
3641 4001 3756 
4052 3710 3562 
4057 3712 3491 
3698 3789 3863 
3720 4172 3388 
3890 3678 3750 
3769 3612 3988 
3506 3967 3839 
3934 3984 3440 
3570 4059 3664 
3638 4102 3660 
4093 3564 3466 
3824 3691 3888 
3534 4063 3714 
3703 4047 3652 
3583 4035 3666 
3654 3937 3901 
3771 3892 3768 
3826 3986 3659 
3980 3803 3652 
3766 3832 3859 
3827 4059 3297 
3759 4016 3301 
3539 4140 3652 
3854 3998 3557 
3629 4124 3390 
3692 4181 3336 
3727 4164 3360 
3718 4085 3522 
3728 3572 3994 
3404 3868 3917 
3885 3954 3571 
3872 3978 3569 
3839 4050 3229 
3856 4035 3272 
3912 4025 3257 
3874 4033 3253 
3466 4020 3718 
3530 3854 3923 
3636 3999 3827 
3637 3959 3779 
3914 3729 3713 
3955 3973 3363 
4056 3752 3539 
4033 3691 3632 
3673 3956 3831 
3741 3931 3723 
3779 3905 3689 
3758 3916 3766 
3590 4000 3778 
3847 3975 3582 
4086 3658 3574 
4048 3666 3570 
3912 3760 3656 
4035 3766 3611 
3718 3920 3759 
3462 3685 4055 
3532 3824 3916 
3819 4012 3505 
4130 3430 3631 

4104 3590 3571 
4086 3570 3577 
4056 3747 3660 
3974 3801 3646 
4166 3519 3374 
3583 4019 3768 
3566 4022 3611 
3717 3620 4048 
3993 3723 3717 
4097 3647 3492 
3928 3670 3797 
3674 3854 3864 
3718 3580 4000 
3827 3995 3558 
3415 3665 4037 
3703 3630 4009 
3924 3706 3792 
3897 4059 3294 
3417 4053 3762 
4055 3787 3708 
3547 4024 3736 
3608 4013 3910 
4173 3312 3400 
3964 3912 3542 
3759 3620 3994 
4004 3800 3632 
3950 3946 3499 
3716 3644 3952 
4084 3633 3549 
3966 3706 3738 
4151 3542 3421 
4170 3561 3351 
3389 3934 3911 
4160 3314 3538 
4167 3280 3457 
3857 4165 3359 
3414 3705 4085 
3444 4039 3757 
3807 3995 3580 
3858 3984 3543 
3931 3927 3569 
3951 3917 3403 
4102 3631 3530 
3862 4021 3518 
3852 3855 3575 
3829 3901 3579 
3758 4212 3393 
3707 4196 3474 
3708 4156 3426 
3809 3763 3881 
3879 3668 3808 
3928 3714 3734 
3609 3998 3653 
3701 3840 3859 
3532 4025 3571 
3753 3910 3686 
3769 3900 3733 
3442 3723 3949 
4086 3603 3542 
3718 3920 3759 
3740 4034 3542 
3728 3957 3661 

3860 3627 3801 
3791 3925 3726 
3675 4130 3388 
3749 3978 3643 
3719 3979 3657 
3731 4084 3541 
3371 3369 4043 
3928 3670 3797 
3693 4173 3222 
3654 3937 3901 
4043 3682 3532 
4160 3438 3456 
3531 3888 3927 
3303 3952 3887 
3376 3927 3915 
3943 3803 3568 
4108 3385 3507 
3804 3939 3669 
3743 3908 3759 
3973 3802 3554 
3663 4174 3236 
3521 4053 3604 
3962 3725 3639 
3322 3907 3923 
3856 3724 3957 
3916 3932 3584 
3823 3873 3586 
3878 3940 3580 
4062 3646 3623 
4024 3654 3619 
4008 3626 3631 
4006 3656 3638 
3585 3947 3819 
3698 4157 3260 
3682 4096 3307 
3736 4149 3264 
3477 3488 3987 
3523 4023 3597 
3657 3951 3795 
3809 3923 3707 
3867 3958 3266 
3807 3995 3580 
3785 4009 3515 
3858 3984 3543 
3815 4008 3501 
3820 3992 3539 
3736 3964 3700 
3754 3962 3681 
3705 3916 3755 
3918 3796 3671 
3679 4031 3592 
3608 4134 3374 
3673 3908 3771 
4030 3668 3589 
4086 3658 3574 
4048 3666 3570 
3389 3363 4061 
3351 3371 4057 
3335 3343 4069 
3395 3395 4004 
3955 3733 3742 
3917 3741 3738 
3960 3788 3611 
3955 3759 3720 
3978 3786 3592 
4016 3778 3596 
3902 3870 3586 
3844 3806 3674 
3371 3953 3849 
3741 4014 3310 
3858 3716 3810 
3690 3791 3808 
3532 3824 3916 
3573 3588 3986 
3578 4090 3591 
3798 4017 3274 
4165 3422 3494 
3793 3895 3719 
4096 3666 3213 
3924 3995 3253 
3950 3911 3499 
3382 4025 3680 
3738 3934 3693 
3736 4068 3579 
3616 4147 3295 
3935 3888 3524 
3852 3819 3595 

3938 3745 3843 
4001 3757 3812 
3490 3525 4039 
3662 3649 3938 
3692 4053 3736 
3926 3839 3590 
3688 4058 3842 
4078 3572 3653 
3720 4172 3388 
3758 3601 3916 
3340 3945 3898 
4069 3641 3600 
4018 3817 3314 
4132 3671 3258 
3422 3482 4043 
3757 3641 3964 
3857 3866 3578 
3870 3842 3580 
4106 3537 3633 
3991 3761 3519 
3583 4139 3532 
4075 3854 3301 
3661 3689 3986 
3732 4078 3642 
3957 3994 3306 
4114 3684 3229 
4053 3675 3589 
3996 3956 3431 
3513 3904 3854 
3530 3854 3923 
3551 3843 3846 
3491 3485 3991 
3692 4181 3336 
3727 4164 3360 
3818 4112 3618 
3800 4114 3637 
3741 3613 3976 
4014 3684 3413 
3408 3988 3894 
3887 3929 3576 
3936 3975 3502 
3987 3791 3769 
4074 3643 3529 
4024 3637 3651 
4073 3683 3577 
4041 3579 3738 
4040 3580 3649 
3979 3795 3558 
3719 3897 3746 
4168 3419 3152 
4181 3416 3532 
3728 3957 3661 
3532 3824 3916 
3802 4084 3630 

4086 3548 3626 
3925 3934 3530 
3811 3841 3712 
3706 3668 4069 
3743 3661 3984 
3864 3946 3622 
4234 3294 3450 
4159 3620 3513 
3570 3942 3889 
3988 3709 3766 
3901 4064 3465 
4037 3755 3692 
3655 3989 3757 
3530 3854 3923 
3687 3671 3999 
3976 4029 3328 
3819 4097 3383 
3947 3975 3459 
3772 4123 3448 
4091 3577 3517 
3636 3970 3827 
3917 4035 3501 
3996 4021 3385 
3928 3978 3389 
3898 3925 3579 
3844 3859 3650 
3779 4115 3420 
3797 3921 3787 
3780 3745 3822 
3724 3770 3845 
3975 3733 3764 
4110 3574 3587 
3326 3999 3827 
3361 3982 3851 
3811 4043 3697 
3747 4074 3588 
3954 4074 3251 
3940 3920 3558 
3902 3928 3554 
3914 4049 3416 
3852 4018 3539 
3884 4114 3345 
3870 3833 3616 
3877 3825 3588 
3532 3824 3916 
4162 3385 3172 
3930 3785 3708 

3583 4005 3799 
3601 4003 3780 
3620 4022 3710 
4112 3490 3552 
4152 3596 3220 
4060 3679 3563 
3511 4014 3828 
4171 3615 3150 
3515 4114 3691 
3390 4024 3895 
3696 3694 3989 
3846 4006 3420 
4109 3629 3189 
3527 4158 3560 
3605 3942 3809 
3632 4013 3706 
3322 3981 3899 
3744 3767 3865 
3672 3666 3997 
3559 4130 3486 
3581 3916 3848 
3531 3888 3927 
3349 3923 3944 
3730 4014 3588 
3365 4079 3761 
3699 3787 3918 
3718 4085 3522 
3934 3928 3617 
4027 3694 3590 
3835 3966 3663 
4050 3738 3321 
3535 4040 3789 
3914 4049 3416 
3687 3886 3902 
4136 3516 3513 
4150 3430 3483 
3604 3943 3720 
3550 3907 3857 
3556 3981 3832 
3853 3805 3771 
4182 3381 3452 
4158 3355 3491 
4046 3713 3520 
4009 3696 3609 
3731 3868 3743 
3710 3879 3820 
4105 3805 3315 
4037 3762 3319 
3335 3957 3901 
3785 4081 3582 
3717 4038 3586 
3309 3880 3954 
3523 4058 3697 
3516 4043 3719 
3534 4041 3700 
3711 3749 3927 
3580 4029 3627 
4075 3532 3594 
3630 3666 4051 
3633 3658 4024 
3720 4172 3388 
3692 4181 3336 
3727 4164 3360 
4026 3595 3628 
4134 3598 3239 
3659 3948 3700 
3759 3712 3848 
4034 3673 3618 
4016 3675 3637 
3859 3961 3500 
3896 3597 3680 
3964 3640 3676 
3539 4140 3652 
3539 4044 3684 
3563 3996 3810 
4189 3456 3404 
3785 3762 3775 
3890 3730 3703 
3712 3849 3813 
3662 3896 3699 
3792 3978 3470 
3756 3677 3867 
3700 3932 3698 
3915 3813 3640 
4004 3806 3408 
3822 3757 3812 

4159 3456 3290 
4226 3522 3210 
3754 3991 3643 
3675 3915 3786 
4153 3477 3285 
3748 3971 3644 
3612 3909 3845 
4024 3607 3626 
3589 3563 3963 
3711 4133 3530 
4219 3542 3259 
3712 4093 3482 
3692 4114 3600 
4058 3563 3648 
4072 3529 3691 
3944 3762 3749 
3790 3947 3633 
3599 3933 3843 
3734 3963 3773 
3674 3955 3834 
4222 3480 3233 
3638 3609 3889 
3858 3842 3610 
3705 4113 3531 
3667 3976 3839 
3740 3983 3772 
4108 3385 3507 
3646 3535 3897 
4221 3520 3281 
3588 3603 4011 
4107 3672 3222 
3530 3854 3923 
4176 3428 3503 
3739 3836 3777 
3808 3839 3725 
3751 3955 3695 
3426 4003 3729 
3494 4046 3725 
3720 4172 3388 
3727 4164 3360 
4073 3654 3621 
4011 3631 3624 
3569 3606 3941 
3637 3649 3937 
3907 3889 3605 
3913 3909 3604 
3845 3866 3608 
3772 4026 3404 
4040 3702 3531 
3585 4009 3681 
3408 3988 3894 
3340 3945 3898 
4052 3842 3413 
3756 4129 3450 
3692 3907 3789 
3793 4123 3350 
3434 4068 3606 
3501 4011 3672 
3834 4001 3383 
4052 3543 3649 
3753 3753 3852 
3625 3997 3619 
3776 3732 3862 
3778 3702 3855 
3794 3730 3843 
3645 3575 3945 
3649 3583 3887 
3807 3879 3773 
3809 4019 3329 
3810 3946 3688 
3794 4025 3530 
3737 3989 3652 
3448 3994 3773 
3455 3986 3745 
3930 3810 3683 
3661 3956 3840 
3510 3885 3858 
3508 3915 3865 
3937 3918 3570 
3532 3824 3916 
3969 3610 3669 
3423 3544 4031 
3903 3941 3494 
3565 3952 3852 

3515 4114 3691 
3539 4066 3697 
3527 4158 3560 
3914 3818 3656 
3398 4020 3844 
3593 3960 3717 
3581 3916 3848 
3605 3942 3809 
3884 3879 3781 
3950 3906 3483 
3574 4106 3669 
3761 3769 3791 
3854 3924 3656 
3745 3840 3846 
3829 3812 3787 
3559 4130 3486 
3731 3938 3648 
3436 4009 3815 
3743 4199 3402 
3790 3947 3633 
3788 3991 3524 
3504 4052 3811 
3800 3538 3791 
3555 4109 3599 
4093 3721 3377 
4005 3768 3747 
3461 4003 3848 
3564 3613 3995 
3539 4140 3652 
3804 3913 3676 
3530 3854 3923 
4160 3341 3335 
3848 3895 3667 
3739 4016 3517 
3963 3864 3582 
4038 3861 3457 
4040 3799 3477 
3423 4066 3749 
3815 3898 3687 
3361 3982 3851 
4161 3411 3267 
4051 3640 3433 
3611 4081 3546 
3460 3652 3992 
3688 4132 3408 
3675 4156 3406 
3976 4029 3328 
3748 3923 3691 
3648 4069 3455 
3629 3820 3888 
4105 3694 3327 
3494 4062 3748 
4228 3384 3331 
4101 3597 3638 
3741 4066 3458 
3673 4023 3462 
3566 3985 3782 
3801 3940 3539 
3819 3938 3520 
3780 3745 3822 
3552 4008 3774 
3590 4000 3778 
3758 3965 3533 
3416 3965 3864 
3816 3836 3785 
4089 3606 3522 
4108 3625 3452 
4109 3596 3356 
3734 3971 3532 
3732 4001 3539 
3515 3567 4069 
3519 3575 4011 
3650 4128 3440 
3925 3918 3633 
3947 3975 3459 
3996 4021 3385 
3928 3978 3389 
3908 3983 3482 
3840 3940 3486 
3991 3801 3464 
3647 4051 3579 
3728 3952 3723 
3532 3824 3916 
3756 3677 3867 
3642 3594 3914 
3719 3897 3746 
3582 4085 3444 
3867 4044 3456 

3969 3931 3545 
3634 4031 3569 
3512 4027 3778 
3688 3966 3765 
3564 3996 3720 
3637 3834 3864 
3655 3989 3757 
3749 3909 3730 
3172 3647 4023 
3613 4042 3646 
4005 3751 3727 
3854 3924 3656 
3221 3693 3949 
4073 3794 3723 
3804 3913 3676 
3692 3917 3782 
3712 3992 3726 
3773 3845 3835 
3801 3876 3755 
3920 3885 3619 
3990 3920 3468 
3673 3898 3852 
3570 3942 3889 
3238 3675 3961 
3772 3970 3637 
3520 3996 3749 
3531 3888 3927 
3429 3950 3915 
3587 3857 3919 
3988 3928 3615 
3720 4172 3388 
3727 4164 3360 
3705 3877 3860 
3542 4060 3559 
3610 4103 3555 
3825 3986 3579 
3513 4020 3794 
3636 3970 3827 
3632 4039 3716 
3762 4064 3362 
3753 3951 3707 
3768 3928 3660 
4018 3727 3729 
3914 3805 3675 
3653 3580 4025 
3684 4070 3484 
3752 4113 3480 
3697 4046 3486 
3790 3947 3633 
3629 3857 3865 
3847 3731 3826 
3828 3712 3896 
3889 3731 3772 
3851 3739 3768 
3933 3711 3864 
3833 3809 3734 
3901 3852 3730 
3899 3792 3740 
4134 3645 3569 
3821 4086 3302 
3867 4044 3456 

4043 3608 3677 
3780 3817 3778 
4007 3550 3690 
4006 3590 3738 
4163 3283 3285 
3697 4046 3600 
3941 3722 3739 
3766 3612 3921 
3720 3614 3985 
3765 3652 3969 
3928 3670 3797 
3672 4026 3635 
3636 3907 3871 
3958 3768 3393 
3764 3909 3747 
3588 4023 3737 
4072 3618 3676 
3748 4230 3466 
3693 4163 3472 
3704 3563 4004 
3450 3953 3865 
3737 3913 3859 
3740 3759 3880 
4055 3636 3664 
3680 4187 3470 
3940 3762 3787 
3769 3660 3911 
3899 3895 3563 
4042 3681 3606 
3411 3920 3868 
3765 3799 3876 
3769 3769 3879 
3828 3903 3752 
3900 3836 3557 
3873 3603 3803 
4148 3521 3420 
3967 3780 3386 
3986 3799 3316 
4002 3878 3307 
4067 3705 3210 
4073 3578 3628 
3891 3908 3464 
3766 4104 3598 
3957 3808 3441 
4054 3694 3388 
3627 3720 3942 
3559 3677 3946 
4088 3634 3462 
3585 3977 3765 
3604 3996 3695 
3745 3840 3846 
3682 3666 3959 
3946 3967 3341 
3773 4048 3507 
3944 3770 3729 
3585 3947 3819 
3604 3966 3749 
3819 3976 3741 
3751 3933 3745 
4044 3689 3540 
4049 3673 3578 
4162 3323 3333 
4148 3382 3447 
3910 3866 3447 
3869 3763 3830 
3850 3766 3760 
3918 3809 3756 
3718 3894 3929 
3750 3955 3812 
3760 3860 3756 
3779 3857 3826 
3846 3835 3731 
3899 3876 3605 
3394 3544 4070 
3371 4074 3737 
3871 3930 3476 
3836 4151 3470 
3779 3798 3835 

3983 3563 3665 
4039 3764 3380 
3726 3636 3946 
3285 3830 3932 
4108 3759 3476 
3873 3603 3803 
3757 3975 3566 
3859 3927 3761 
3797 3690 3851 
3969 3818 3445 
3659 3569 4046 
3612 3805 3918 
3780 3546 3975 
3410 3595 4051 
4009 3940 3444 
3943 3912 3506 
3971 3622 3719 
4037 3650 3657 
3455 4021 3679 
3769 3612 3988 
3965 3776 3468 
3546 3655 3955 
3860 3627 3801 
3957 3878 3549 
3748 3769 3814 
3781 3978 3534 
3678 4016 3659 
3746 4059 3655 
3691 3992 3661 
3523 4064 3675 
3802 4048 3250 
3786 4058 3203 
3727 3612 4042 
3747 4074 3588 
3731 4084 3541 
3622 3960 3779 
3538 3979 3742 
3568 3978 3728 
3814 3954 3482 
3801 3940 3539 
3819 3938 3520 
3802 3674 3889 
3549 3792 3941 
3832 4026 3355 
3752 3652 3942 
4124 3481 3525 
3353 3873 3928 
3340 3897 3926 
3358 3895 3907 
3950 3906 3483 
3453 3571 4093 
3689 3887 3813 
3732 3863 3855 
3705 3877 3860 
3533 3679 3953 
3601 3722 3949 
3805 3560 3807 
3928 3670 3797 
3866 3893 3680 
3753 3753 3852 
3852 3880 3806 
3654 3937 3901 
3673 3956 3831 
4020 3668 3645 
3612 4116 3443 
3680 4159 3439 
3463 4083 3633 
4086 3647 3499 
4072 3654 3547 
4094 3568 3646 
3974 3755 3571 
3899 3867 3592 
3885 3937 3521 
3762 3959 3604 
3930 3785 3708 
4143 3466 3420 
3604 3972 3801 

3810 4054 3318 
3992 3773 3535 
3720 3768 3810 
3813 3912 3718 
3667 3669 3974 
4013 3830 3398 
4065 3763 3432 
3365 4053 3807 
3678 3659 3862 
3979 3685 3619 
3668 3629 3926 
3730 4068 3611 
3964 3916 3586 
4008 3828 3469 
3729 4054 3638 
3812 3952 3766 
3894 3923 3515 
3537 3899 3813 
3410 3900 3928 
3942 3819 3614 
3605 3942 3809 
3991 3813 3583 
3909 3849 3592 
3628 3653 3984 
3972 3816 3513 
3959 3706 3737 
3772 4123 3448 
3636 3611 3980 
3590 4104 3624 
3868 3917 3687 
3463 4086 3665 
3487 3979 3697 
3823 3923 3631 
3896 3873 3590 
3472 3705 4070 
3887 3974 3590 
3689 3728 3815 
3669 3763 3843 
3809 4094 3366 
3744 3909 3770 
4106 3563 3527 
4038 3520 3531 
3597 3595 3990 
3677 3699 3910 
3560 3610 3988 
3811 3726 3802 
3837 3677 3806 
4022 3606 3599 
4021 3646 3647 
3924 3723 3713 
3978 3725 3667 
3779 4115 3420 
3887 3936 3617 
4053 3797 3471 
3708 3520 3886 
3740 3538 3832 
3689 3533 3865 
3603 3747 3904 
4012 3598 3702 
3754 4033 3549 
3353 4097 3655 
3384 4072 3737 
3388 4080 3679 
3723 4015 3671 
3736 4046 3610 
3720 4079 3694 
3737 4060 3583 
3840 4031 3506 
3874 3776 3618 
3702 3781 3781 
3789 4120 3248 
3568 3820 3854 
3525 3705 3908 
4181 3416 3532 
3814 4046 3458 
3604 3707 3856 
3739 3646 3835 
3848 4045 3315 

3751 3879 3902 
3768 3921 3790 
3918 3809 3756 
3581 3916 3848 
3928 3670 3797 
3878 3837 3816 
3414 3618 4072 
4125 3521 3492 
3883 3966 3368 
3605 3942 3809 
3737 3624 3996 
3740 3707 3906 
3735 3948 3786 
3903 3792 3801 
3977 3732 3612 
3932 3899 3517 
4106 3502 3562 
4074 3789 3484 
3737 3913 3859 
3775 3767 3846 
4018 3817 3314 
4075 3854 3301 
3938 4033 3362 
4155 3547 3429 
4192 3507 3278 
3805 4022 3629 
3720 4172 3388 
3718 3894 3929 
3766 3832 3859 
3767 3818 3853 
3432 4094 3725 
3439 4086 3697 
3585 4009 3681 
4005 3719 3507 
3985 3635 3537 
4040 3702 3531 
3492 3960 3691 
3870 3990 3366 
3864 3856 3521 
3384 3625 4042 
3989 3591 3604 
3555 4036 3561 
3542 4060 3559 
3610 4103 3555 
3326 3999 3827 
3306 3915 3857 
3361 3982 3851 
3692 4181 3336 
3727 4164 3360 
3819 3938 3520 
4047 3500 3638 
3991 3510 3653 
4078 3599 3222 
4006 3746 3488 
4019 3722 3490 
3765 3799 3876 
3907 3759 3785 
3869 3763 3830 
4011 3536 3591 
3867 4044 3456 
3530 3952 3695 
3708 4061 3430 
3790 3866 3713 

3754 4055 3608 
3819 3639 3909 
3818 3679 3957 
3770 3593 3983 
3620 3912 3913 
3686 3940 3851 
3723 3957 3762 
3993 3904 3414 
3989 3669 3718 
3773 3811 3790 
3642 3817 3932 
3513 4081 3678 
3728 3867 3899 
4159 3347 3514 
4156 3452 3468 
4117 3496 3437 
3975 3733 3764 
3771 3841 3797 
3769 3881 3742 
3476 4064 3767 
4134 3438 3524 
4037 3755 3692 
3659 4111 3607 
3753 4095 3656 
3699 3954 3794 
3539 4066 3697 
3612 4116 3443 
3712 3992 3726 
3769 3633 4031 
3710 3973 3749 
3559 3973 3762 
4222 3273 3465 
4153 3270 3517 
4221 3313 3513 
4019 3792 3299 
4098 3612 3596 
3837 4144 3331 
3735 3948 3786 
3754 3878 3801 
3733 3889 3878 
3735 3859 3871 
3988 3709 3766 
3864 4045 3516 
3863 4085 3564 
3778 3833 3769 
3306 3915 3857 
3356 3998 3813 
3326 3999 3827 
3361 3982 3851 
3963 3897 3487 
3951 3931 3526 
3850 3976 3584 
3737 4067 3668 
3768 3921 3790 
3577 4127 3506 
3494 4062 3748 
3681 4119 3391 
3680 4159 3439 
3750 3636 3961 
3627 4016 3758 
3747 3799 3866 
3847 3831 3690 
4138 3409 3519 
4147 3448 3507 
4097 3709 3274 
4011 3902 3395 
3854 3754 3711 
3930 3785 3708 
4078 3690 3344 
3995 3874 3407 

4126 3371 3560 
4001 3774 3587 
3729 4014 3619 
4035 3596 3611 
3607 4070 3521 
3757 4003 3666 
3601 4071 3556 
3752 3658 3836 
3319 3805 3969 
4083 3712 3277 
3756 3786 3823 
3580 4042 3651 
3705 3877 3860 
3965 3649 3606 
3527 4158 3560 
4057 3835 3491 
3387 3848 3965 
3529 4135 3710 
3564 3818 3945 
4131 3400 3451 
4071 3809 3436 
4069 3817 3583 
3442 3915 3959 
4036 3572 3707 
3539 4140 3652 
3457 3992 3765 
3573 4027 3673 
3644 3775 3906 
3733 3653 3853 
4150 3397 3521 
3807 3995 3580 
4050 3820 3513 
3637 3834 3864 
4113 3679 3346 
4129 3669 3393 
3663 3593 3970 
4048 3488 3641 
3559 4130 3486 
3780 3745 3822 
3711 3782 3874 
3730 3801 3804 
3586 4041 3616 
3954 4074 3251 
3711 3808 3861 
3662 3762 3935 
3597 4080 3480 
3627 3659 3953 
3711 3551 4008 
3797 4057 3615 
3826 4021 3264 
3610 4165 3285 
3584 3975 3881 
3738 3584 3970 
4199 3443 3447 
3826 4014 3510 
3820 3992 3539 
3414 3618 4072 
3384 3625 4042 
3443 4017 3724 
3511 4060 3720 
3630 3885 3753 
4087 3754 3254 
4102 3731 3207 
4106 3773 3184 
3890 3822 3722 
3991 3534 3723 
4040 3580 3649 
4089 3565 3567 
4053 3675 3589 
4103 3555 3635 
4033 3692 3602 
3941 3952 3707 
3625 4150 3408 
3822 3779 3726 
4114 3578 3521 
3954 3664 3616 

4072 3618 3676 
3558 3891 3888 
4055 3636 3664 
3769 3612 3988 
4101 3597 3638 
3749 3989 3659 
3904 3721 3809 
3863 3838 3743 
3943 3900 3654 
3924 3804 3725 
3768 3626 3980 
3888 3929 3429 
3664 3923 3855 
3880 3994 3635 
3937 3975 3355 
3502 3684 3964 
3583 4139 3532 
4107 3672 3222 
3844 3536 3835 
4005 3768 3747 
4008 3823 3619 
3978 3857 3682 
4006 3590 3738 
4234 3452 3404 
3727 3612 4042 
3716 4072 3525 
3855 3917 3746 
4025 3726 3588 
3695 3961 3814 
3557 3751 3958 
4017 3817 3485 
3616 3737 3898 
3700 3718 3935 
3651 3720 3922 
3925 3918 3401 
3795 3490 3909 
3970 3863 3640 
3894 3854 3728 
3888 3787 3778 
3930 3787 3724 
3847 3636 3833 
3848 3864 3748 
3664 4030 3772 
3836 4151 3470 

4008 3858 3228 
3700 3562 4033 
3630 3666 4051 
3939 3786 3691 
3988 3709 3766 
3681 4148 3355 
3968 3780 3714 
3981 3897 3113 
3633 3658 4024 
3718 3560 4014 
3701 3726 3883 
3813 3966 3697 
3498 3942 3786 
3891 4044 3379 
4145 3564 3486 
3951 3898 3127 
3681 3959 3712 
3744 3909 3770 
4044 3800 3507 
3975 3733 3764 
3940 3762 3787 
3807 3879 3773 
3745 3840 3846 
3469 3916 3849 
3769 3769 3879 
3340 3945 3898 
3408 3988 3894 
3696 3694 3989 
3530 3854 3923 
3551 3843 3846 
3437 4106 3457 
4165 3554 3320 
4052 3842 3413 
3959 3848 3550 
3857 4007 3583 
4032 3884 3189 
3778 4015 3589 
3662 3940 3782 
3832 3985 3627 
3812 3952 3766 
3934 3928 3617 
4044 3762 3566 
4031 3786 3564 
4052 3775 3487 
4037 3755 3692 
3944 4048 3328 
3780 3546 3975 
3718 4085 3522 
3679 4140 3421 
3686 4132 3393 
3566 3985 3782 
3878 4030 3436 
3892 4020 3475 
3896 4028 3417 
3449 3951 3877 
3853 4069 3419 
3944 3770 3729 
3627 4153 3304 
4057 3629 3492 
3699 3775 3857 
3751 3828 3806 
3767 3818 3853 
3922 3798 3853 
4005 3768 3747 
3981 3833 3680 
3532 3824 3916 
3467 4105 3443 
3542 4026 3626 
3612 3999 3604 
3382 4025 3680 
3930 3785 3708 

3751 3857 3813 
3517 3981 3836 
3566 4027 3762 
3737 4093 3402 
3765 3921 3741 
3654 3937 3901 
3769 3851 3831 
3962 3794 3613 
4047 3700 3367 
3599 3938 3802 
3828 4013 3433 
3895 3821 3586 
4039 3769 3394 
3692 3946 3713 
3709 3931 3756 
3902 3763 3730 
4040 3734 3448 
3748 3923 3691 
3312 3542 4048 
3696 3876 3803 
3679 4031 3592 
3997 3789 3264 
3573 3971 3821 
3830 3983 3426 
3778 3833 3769 
3816 3825 3773 
4084 3625 3523 
3531 3888 3927 
3854 3924 3656 
3334 3596 4011 
3314 3512 4041 
3407 3571 4039 
3369 3579 4035 
3713 3607 3899 
3718 3581 3965 
3694 3871 3851 
3732 3863 3855 
3611 3954 3770 
3711 3901 3749 
3923 3896 3442 
3941 3894 3423 
3979 3886 3427 
3906 3911 3399 
3695 3586 3906 
3975 3738 3758 
3919 3748 3773 
3921 3718 3766 
3739 4063 3395 
3951 3811 3571 
4032 3772 3288 
3801 3940 3539 
3819 3938 3520 
3457 3509 4032 
3469 3482 3982 
3584 4025 3743 
3535 3979 3817 
3505 4090 3577 
4005 3719 3507 
4040 3702 3531 
4051 3742 3344 
3804 3913 3676 
3850 3968 3507 
3796 3948 3515 
3989 3761 3445 
4006 3746 3488 
4024 3744 3469 
4028 3699 3545 
3998 3543 3622 
4020 3597 3585 
3847 4058 3416 
3751 3599 3903 
4096 3666 3213 
3760 3947 3675 
3794 3994 3593 
4184 3407 3389 
3532 3824 3916 
3789 3672 3801 
3736 4068 3579 
3747 4001 3668 
4041 3641 3432 
3794 4130 3389 
3405 3964 3856 
3568 3997 3755 
3507 4082 3430 
4008 3716 3481 
4055 3580 3609 
4015 3589 3619 
3984 3753 3479 
3885 4050 3420 
3964 3764 3606 

3616 3827 3936 
3686 3940 3851 
4094 3478 3569 
4164 3513 3418 
3693 3862 3909 
3895 3863 3703 
3873 3603 3803 
3620 3912 3913 
3713 3846 3893 
3494 4022 3824 
3984 3959 3397 
3558 4152 3495 
3414 3618 4072 
3949 3830 3615 
3723 3957 3762 
3618 3797 3929 
3909 3995 3480 
3590 4171 3365 
3600 3799 3948 
3928 3670 3797 
4167 3238 3296 
4089 3513 3643 
3951 3941 3459 
3603 4147 3367 
3658 4214 3361 
4152 3587 3276 
4131 3598 3353 
3537 4036 3807 
3481 4046 3822 
3809 4023 3283 
3961 3917 3508 
3912 3919 3495 
3769 3900 3733 
3803 3731 3870 
3419 3526 3988 
3738 3584 3970 
3628 4111 3383 
3860 3627 3801 
3718 4085 3522 
3974 3633 3654 
4107 3672 3222 
4110 3502 3566 
4002 3957 3378 
3306 3915 3857 
3326 3999 3827 
3361 3982 3851 
3502 4180 3548 
4141 3545 3554 
3384 3625 4042 
3919 3889 3664 
3916 3762 3698 
3973 3765 3685 
3999 3679 3510 
4007 3604 3518 
4007 3534 3623 
3747 4001 3668 
3666 4103 3387 
3872 3737 3730 
3976 3603 3647 
3986 3929 3390 
3521 4135 3584 
3872 3978 3569 
3985 3716 3594 
3955 3784 3629 

3791 3940 3795 
3456 3663 4014 
3965 3748 3721 
3837 4070 3476 
3518 3686 4011 
3455 4021 3679 
4161 3322 3436 
4026 3757 3272 
3517 3744 3952 
4021 3738 3706 
3611 3965 3817 
3699 3665 3973 
3937 3969 3648 
3780 3786 3911 
3830 4094 3585 
4034 3751 3669 
3984 3745 3791 
3673 3898 3852 
3938 3929 3600 
3977 3764 3410 
4051 3647 3617 
4138 3487 3537 
3952 3794 3432 
3716 3626 3948 
3562 3664 3979 
3777 3974 3752 
3628 4111 3383 
3980 3768 3239 
3387 3480 4045 
3523 4064 3675 
3804 3792 3824 
3434 3880 3906 
4107 3672 3222 
3686 3689 3971 
3530 3854 3923 
3831 4054 3537 
3966 3796 3417 
3836 3836 3742 
3918 3950 3718 
3584 3975 3881 
4181 3279 3458 
4179 3320 3417 
4180 3319 3506 
3560 3720 3994 
3645 4113 3317 
4081 3618 3615 
3985 3705 3743 
4083 3420 3543 
3524 4035 3605 
3382 4025 3680 
3666 4103 3387 
3532 3824 3916 
3747 4001 3668 

3677 3639 3994 
3830 3872 3815 
3905 4010 3534 
3812 4070 3606 
3869 3763 3830 
3659 3651 4062 
3884 3888 3805 
3909 3831 3734 
3673 3956 3831 
4003 3662 3710 
3878 3837 3816 
3708 3697 3988 
4022 3681 3640 
3417 4053 3762 
3530 3854 3923 
4008 3691 3601 
3354 3916 3903 
3654 3937 3901 
3604 3966 3749 
3991 3706 3558 
3414 3618 4072 
4129 3669 3393 
3716 3999 3631 
3720 4152 3387 
3605 4118 3453 
3640 3654 3992 
4064 3681 3586 
4057 3802 3272 
3718 3560 4014 
3811 3853 3885 
3703 4047 3652 
4000 3704 3563 
3981 3685 3633 
4026 3689 3582 
3629 4124 3390 
3643 4109 3491 
3624 4090 3561 
3964 3707 3656 
3668 3903 3845 
3341 3940 3901 
3324 3955 3858 
3359 3938 3882 
3444 4039 3757 
4146 3473 3430 
3950 3946 3499 
3931 3927 3569 
3951 3917 3403 
4011 3813 3239 
4124 3481 3525 
3769 3900 3733 
3592 4142 3451 
3575 4157 3408 
3610 4140 3432 
3780 3546 3975 
3635 4004 3656 
3720 4060 3628 
3740 3707 3906 
3918 3809 3756 
3882 3758 3835 
3890 3834 3664 
3958 3877 3660 
3930 3785 3708 
3493 3968 3661 
4184 3465 3434 
3728 3957 3661 
3458 4074 3583 
3532 3824 3916 

3724 3917 3714 
3822 4000 3513 
3511 4014 3828 
3665 3975 3789 
3669 3955 3808 
3724 3979 3672 
3947 3761 3855 
3603 3927 3870 
3523 4058 3697 
3948 3721 3807 
3589 4028 3668 
3712 4138 3658 
3758 3601 3916 
3453 3571 4093 
3719 3977 3743 
3723 3957 3762 
3363 4120 3662 
3757 3641 3964 
3689 3598 3968 
4028 3547 3611 
3361 3982 3851 
3908 3986 3332 
3976 4029 3328 
4151 3133 3205 
4131 3154 3323 
3898 3990 3436 
3713 4169 3500 
4052 3842 3413 
3846 4026 3474 
3723 4019 3720 
4083 3779 3348 
4124 3481 3525 
3729 3776 3827 
3709 3692 3857 
3657 3929 3824 
3516 4043 3719 
3535 4040 3789 
3534 4041 3700 
3644 4095 3662 
3736 4046 3660 
3518 4010 3796 
3542 4036 3757 
3295 4077 3666 
3230 4049 3705 
3381 4042 3807 
3329 3951 3905 
3416 3890 3893 
3586 3975 3877 
3999 3902 3604 
3824 3960 3654 
3555 3672 3916 
4139 3167 3244 
4085 3584 3598 
4096 3666 3213 
3823 4070 3241 
4099 3659 3355 
4039 3589 3563 
3728 3957 3661 
3736 4068 3579 
3672 3846 3765 
3287 4086 3692 
3418 3860 3886 

4032 3726 3578 
3753 3821 3888 
3805 4022 3629 
3934 3984 3440 
3892 4095 3304 
3640 4090 3644 
4052 3710 3562 
3380 3675 4044 
3399 3694 3974 
3985 3870 3482 
4004 3867 3552 
3960 3708 3664 
4056 3752 3539 
3673 3956 3831 
3735 3948 3786 
3607 3878 3962 
3610 4103 3555 
3988 3776 3602 
3772 4123 3448 
3880 3978 3552 
3561 4059 3655 
3506 3992 3661 
3705 3661 3925 
3907 4073 3420 
3485 4115 3756 
3963 3964 3521 
4092 3548 3332 
4078 3582 3289 
4129 3495 3425 
3955 3973 3363 
4053 3913 3478 
3965 3938 3573 
3654 3937 3901 
3773 3704 3921 
3831 3696 3859 
3839 4030 3424 
3802 3674 3889 
3499 4089 3701 
3582 3974 3655 
4173 3346 3359 
4083 3506 3392 
3914 3729 3713 
4068 3517 3503 
4043 3531 3590 
4067 3557 3551 
3904 3665 3733 
3866 3673 3729 
3984 3734 3625 
3989 3736 3554 
3964 3750 3641 
4033 3691 3632 
4057 3712 3491 
3902 3868 3616 
3889 3892 3614 
3907 3890 3595 
3779 4115 3420 
3573 3633 4047 
3572 4047 3648 
3585 4023 3650 
3861 3959 3622 
3718 4085 3522 
3910 3871 3579 
3897 3895 3577 
3747 3842 3883 
3734 3899 3817 
3815 3885 3879 
3655 3610 3944 
3480 4070 3771 
3728 3957 3661 

3654 4010 3682 
3653 4050 3730 
3903 3548 3876 
3590 3615 4063 
3529 3930 3833 
3906 3970 3486 
3531 3888 3927 
4165 3473 3203 
3890 3572 3874 
3764 3535 3952 
3702 4096 3656 
4169 3515 3180 
3604 3966 3749 
3591 3575 4015 
3550 3907 3857 
4170 3475 3132 
3597 3973 3829 
3611 3965 3817 
3767 3818 3853 
3583 4139 3532 
3932 3664 3866 
3952 3594 3802 
4144 3383 3518 
3747 4078 3381 
3569 4062 3662 
3634 4053 3660 
3380 3909 3882 
3550 4043 3732 
3763 3575 4000 
3864 3621 3870 
3540 4100 3604 
3539 4140 3652 
3578 3976 3759 
4011 3528 3582 
3585 4007 3734 
3616 4126 3528 
3527 4158 3560 
3769 3769 3879 
4141 3545 3554 
3876 3788 3622 
3618 3841 3777 
3874 3920 3555 
4004 3513 3604 
3933 3624 3818 
3636 4105 3410 
3635 4145 3458 
3875 3828 3670 
4018 3817 3314 
3673 3908 3771 
3837 3967 3538 
3699 3775 3857 
3770 3729 3831 
4060 3503 3589 
4006 3483 3597 
3551 3843 3846 
3567 4149 3485 
4150 3430 3483 
3983 3600 3558 
3988 3584 3596 
3847 3831 3690 
3998 3600 3518 
3734 4065 3418 
3457 3701 4017 
3374 3948 3858 
3367 3933 3880 
3385 3931 3861 
3946 3562 3859 
4075 3854 3301 
3905 4010 3534 
3743 4161 3336 
3691 4108 3387 
3612 3925 3769 
4084 3612 3152 
3751 3828 3806 
3721 3829 3820 
3780 3745 3822 
3701 3726 3883 
3786 3776 3798 
3606 3650 3887 
3532 3824 3916 
3708 4061 3430 
4039 3589 3563 
3947 3680 3579 
3829 3866 3580 
4078 3749 3383 
3985 3586 3575 
3462 3685 4055 
3747 4001 3668 
3930 3785 3708 
3706 3838 3758 
3748 4145 3374 
4089 3596 3190 
3824 3768 3802 

4055 3636 3664 
3526 3904 3889 
3649 3999 3786 
3959 3916 3641 
3583 4019 3768 
3701 3701 4020 
4035 3771 3742 
3672 3691 4021 
3528 4012 3818 
4072 3618 3676 
3647 3648 4063 
3849 3898 3662 
4088 3662 3477 
4105 3805 3315 
3673 4002 3754 
3665 4141 3377 
3804 3747 3932 
3791 3771 3930 
3413 4110 3700 
4050 3738 3321 
4107 3672 3222 
3550 3907 3857 
3800 4114 3637 
3358 4043 3706 
3853 3793 3858 
3466 3930 3846 
3521 3997 3840 
3642 4180 3450 
3628 3998 3805 
4083 3595 3661 
4215 3408 3461 
3818 4112 3618 
3665 4179 3318 
3646 4186 3341 
3670 4163 3356 
3652 4165 3375 
4046 3745 3603 
3345 4067 3704 
3534 3973 3842 
3306 3915 3857 
3326 3999 3827 
3361 3982 3851 
4037 3762 3319 
3917 4108 3387 
3635 3673 4082 
4084 3633 3611 
3783 3983 3781 
3764 4028 3745 
3696 3985 3749 
3910 3870 3715 
3891 3873 3645 
3886 3969 3632 
3949 3781 3688 
3786 3845 3776 
3808 3806 3732 
3806 3798 3798 
3802 4084 3630 
3618 4177 3482 

3834 3771 3717 
3590 3615 4063 
3712 4059 3541 
3811 4043 3697 
3516 3962 3780 
3755 3961 3770 
3772 4123 3448 
3963 3904 3605 
4107 3672 3222 
3531 3888 3927 
3895 3861 3609 
4004 3785 3588 
3985 3766 3658 
3902 3814 3713 
3514 3998 3781 
4047 3736 3513 
4091 3650 3642 
3872 3853 3668 
4169 3382 3416 
3654 3937 3901 
3921 3962 3334 
3976 4029 3328 
3722 3978 3726 
3594 4061 3767 
3758 3791 3813 
3406 3964 3880 
4033 3770 3470 
3839 4049 3380 
3773 3676 3788 
3673 3956 3831 
3779 4115 3420 
3802 3674 3889 
3965 3896 3458 
3927 3922 3492 
3944 3907 3535 
4124 3481 3525 
3819 3938 3520 
3908 3986 3332 
3634 4045 3713 
3878 3714 3729 
3822 3724 3744 
3840 3722 3725 
3298 3997 3797 
3315 3982 3840 
3613 4080 3697 
3736 3964 3700 
3687 3918 3774 
3986 3636 3723 
3777 3810 3743 
3784 3802 3715 
3413 3956 3852 
4014 3751 3540 
4114 3537 3526 
3986 3702 3602 
3973 3810 3506 
4008 3793 3530 
3889 3838 3711 
3927 3702 3661 
3698 3701 3840 
3532 3824 3916 
3516 3968 3774 
3658 4057 3587 
3824 3694 3737 
4010 3691 3603 

