3596 4028 3547 
3620 4054 3508 
3973 3698 3682 
3904 3695 3734 
3995 3503 3658 
4002 3483 3609 
3977 3497 3696 
4001 3523 3657 
3570 4010 3610 
3550 4031 3728 
3569 4050 3658 
3702 3886 3754 
3721 3905 3684 
3931 3907 3545 
3875 3920 3593 
3900 3966 3498 
3886 3903 3596 
3905 3922 3526 
4145 3465 3382 
4144 3505 3430 
3964 3707 3656 
3883 3876 3623 
3812 4121 3316 
4114 3670 3304 
4037 3701 3480 
4105 3744 3476 
3918 4058 3269 
3856 4035 3272 
3983 3600 3558 
3988 3584 3596 
3500 4147 3594 
3517 4132 3637 
3538 3725 3871 
3728 3591 3927 
3726 3636 3946 
3635 3520 3985 
3919 3786 3720 
3851 3743 3724 
3789 3935 3535 
3775 3979 3531 
3843 4022 3527 
3955 3799 3388 
3753 4093 3418 
3708 4089 3469 
3727 4108 3399 
3584 4136 3572 
3607 3654 3897 
3582 3668 3984 
3606 3694 3945 
3841 3781 3778 
3811 3782 3792 
3828 3767 3835 
3849 3756 3758 
3798 3536 3840 
3773 3550 3927 
3772 4024 3400 
3834 4065 3342 
3839 4049 3380 
3585 3947 3819 
3604 3966 3749 
3859 4028 3382 
3980 3768 3239 
4010 3767 3225 
4015 3751 3263 
3769 3816 3757 
3739 3817 3771 
3952 3794 3432 
3642 3917 3686 
3729 3850 3799 
3734 3834 3837 
3389 3777 3946 
3584 3880 3822 
3538 3898 3822 
3654 3728 3844 
3722 3771 3840 
3627 3951 3812 
3528 3860 3863 
3478 3777 3907 
3533 3844 3901 
3503 3888 3857 
3747 4001 3668 
3906 3665 3727 
3919 3921 3534 
3867 3825 3642 
4039 3589 3563 
3519 4102 3630 
3643 3794 3843 
3423 3544 4031 
3710 3585 3965 
4130 3430 3631 
3559 3878 3841 
3729 3888 3731 
3722 4152 3371 
3504 3902 3830 
3522 4113 3575 
3830 3737 3828 
3662 3896 3699 
3774 3800 3795 
3934 3788 3470 
3373 3726 3965 
3504 3820 3905 
3586 3850 3815 
3543 3882 3860 
3508 3872 3895 

3556 3580 3986 
3518 3588 3982 
3882 4126 3291 
3814 4083 3295 
4049 3673 3578 
4030 3893 3522 
4011 3874 3592 
3412 3938 3850 
3356 3948 3865 
3928 3670 3797 
3784 3804 3819 
3838 3857 3776 
3751 3819 3846 
3782 3867 3791 
3800 3865 3772 
3734 3834 3837 
4197 3324 3367 
3882 3809 3812 
3551 3843 3846 
3530 3854 3923 
4213 3509 3247 
4140 3534 3219 
4159 3489 3255 
4157 3519 3262 
3530 3906 3808 
3554 3932 3769 
4051 3742 3344 
4039 3769 3394 
4066 3394 3467 
4083 3379 3510 
4101 3377 3491 
3802 3674 3889 
3934 3999 3334 
3507 3668 4021 
3628 4123 3423 
3602 3876 3797 
3569 3891 3824 
3618 3937 3750 
3570 3977 3695 
3558 3958 3719 
3546 3983 3738 
3534 4010 3788 
3544 3992 3676 
3660 4136 3415 
3587 4161 3387 
3622 4144 3411 
3723 3615 3896 
3636 3577 3966 
4124 3318 3379 
3691 4075 3494 
3602 4056 3590 
3598 4037 3602 
3613 4021 3621 
3580 4036 3648 
3767 4011 3525 
3734 4026 3552 
3783 4072 3478 
3791 3969 3516 
3758 3984 3543 
4050 3559 3570 
4031 3675 3597 
3358 3918 3858 
3532 3824 3916 
4085 3349 3503 
3916 4001 3353 
3656 3929 3754 
3941 3952 3707 
3957 3638 3622 
3711 3642 3946 
3747 4001 3668 
3724 4093 3432 
3686 4084 3545 
3584 4058 3609 
3629 4082 3574 
3628 4104 3583 
3765 4074 3497 
3807 4030 3469 
3676 4042 3553 

3827 4032 3394 
3839 4050 3229 
3856 4035 3272 
3874 4033 3253 
4233 3478 3294 
3635 3520 3985 
3766 3840 3813 
3747 3821 3883 
3384 3625 4042 
3925 3684 3657 
3941 3680 3736 
3917 3709 3677 
3904 3695 3734 
4049 3824 3424 
3743 4039 3633 
3526 3876 3895 
4030 3893 3522 
4011 3874 3592 
3826 3986 3659 
3606 4086 3575 
3585 3947 3819 
3511 4002 3760 
3492 3983 3830 
3457 3992 3765 
3876 3971 3360 
3672 3857 3854 
3809 3820 3742 
3753 3848 3795 
3960 3920 3371 
3916 3896 3424 
3629 4124 3390 
3611 4081 3546 
3568 4123 3542 
3555 4109 3599 
4165 3554 3320 
3850 3976 3584 
3722 4180 3322 
3692 4181 3336 
3727 4164 3360 
3877 3772 3700 
3896 3727 3736 
3894 3757 3743 
3912 3755 3724 
3880 4024 3312 
3703 4047 3652 
3635 4004 3656 
3753 3910 3686 
3752 4113 3480 
3684 4070 3484 
4072 3601 3667 
4074 3649 3662 
4035 3616 3665 
4062 3686 3513 
4018 3662 3566 
3715 3956 3714 
3707 3981 3734 
3694 3967 3791 
3954 3694 3626 
3972 3692 3607 
3918 3757 3645 
3920 3889 3592 
3891 3879 3593 
3901 3870 3662 
3759 3989 3398 
3710 3585 3965 
3575 3715 3913 
3397 3591 3995 
4057 3765 3369 
3657 4055 3498 
3828 3956 3652 
3541 4029 3756 
3821 4040 3371 
3772 3803 3831 
3557 4079 3592 
4128 3537 3409 
3709 4166 3379 
3758 3894 3724 
3405 3964 3856 
3696 3937 3784 
3503 3928 3901 
3715 3906 3768 
3776 3783 3760 

3944 4086 3295 
3857 3683 3793 
3875 3681 3774 
3950 3746 3754 
4063 3688 3476 
4101 3680 3480 
4124 3445 3464 
3883 3909 3580 
3779 4115 3420 
3686 3976 3710 
3716 3978 3643 
4110 3598 3221 
3747 3821 3883 
3766 3840 3813 
3930 3928 3466 
3948 3926 3447 
3967 3945 3377 
3487 4072 3460 
3505 4070 3441 
3624 3923 3784 
3837 3677 3806 
3384 3625 4042 
3790 3955 3486 
3814 3981 3447 
3977 3699 3431 
3916 3876 3643 
3940 3902 3604 
4035 3536 3646 
4091 3526 3631 
4152 3468 3184 
3974 3632 3489 
3690 3522 4006 
3708 3520 3987 
3727 3539 3917 
3418 3855 3869 
3530 3854 3923 
3551 3843 3846 
3560 3720 3994 
3648 4033 3663 
3615 4048 3690 
3634 4067 3620 
3686 3561 3930 
3710 3587 3891 
3970 3763 3412 
3759 3967 3617 
3953 3703 3661 
4119 3489 3436 
3478 3996 3835 
3761 4117 3439 
3679 3961 3732 
3520 3881 3805 
3397 3591 3995 
4130 3430 3631 
4037 3506 3639 
3976 3602 3482 
3777 3887 3728 
3532 3824 3916 
3740 3614 3887 
3719 3897 3746 
3746 3977 3591 
4000 3790 3408 
4026 3969 3327 
4038 3742 3269 
4046 3796 3263 
4076 3764 3219 

3864 3622 3799 
3856 3609 3878 
3700 3759 3856 
4042 3717 3348 
3827 4059 3297 
3759 4016 3301 
3515 4114 3691 
3539 4140 3652 
3540 4100 3604 
3629 4124 3390 
3561 4081 3394 
3720 4172 3388 
3692 4181 3336 
3727 4164 3360 
3778 3702 3855 
3832 3704 3809 
3824 3691 3888 
3756 3648 3892 
3861 3654 3863 
3862 3614 3815 
3727 3612 4042 
3769 3612 3988 
3728 3572 3994 
3659 3569 4046 
3404 3868 3917 
3885 3954 3571 
3872 3978 3569 
3839 4050 3229 
3912 4025 3257 
3856 4035 3272 
3874 4033 3253 
3656 3993 3579 
3506 3967 3839 
3636 3999 3827 
3637 3959 3779 
3914 3729 3713 
3955 3973 3363 
4052 3710 3562 
4053 3670 3514 
4033 3691 3632 
3591 4048 3587 
3673 3956 3831 
3674 3916 3783 
3654 3937 3901 
3779 3905 3689 
3590 4000 3778 
3552 4008 3774 
3847 3975 3582 
4086 3658 3574 
4048 3666 3570 
3834 3732 3654 
3980 3699 3617 
3967 3723 3615 
4035 3766 3611 
3755 3826 3850 
3680 3970 3594 
3843 3992 3548 
3824 3960 3654 
3718 3920 3759 
3947 3715 3737 
3462 3685 4055 
3707 4079 3513 
3758 3894 3724 
3639 4039 3639 
3523 4057 3705 
3637 3974 3649 
3532 3824 3916 
3819 4012 3505 
3936 3954 3433 
4130 3430 3631 
3572 4029 3657 
3760 3886 3759 
3728 3957 3661 
3828 3956 3652 
3914 3730 3649 
3816 3734 3673 
3936 3769 3437 

4167 3280 3457 
4160 3314 3538 
3857 4165 3359 
3414 3705 4085 
3415 3665 4037 
3444 4039 3757 
3417 4053 3762 
3807 3995 3580 
3858 3984 3543 
3820 3992 3539 
3951 3917 3403 
3931 3927 3569 
3950 3946 3499 
3964 3912 3542 
3716 3644 3952 
3703 3630 4009 
3717 3620 4048 
3718 3580 4000 
4004 3800 3632 
4055 3787 3708 
3993 3723 3717 
4056 3747 3660 
4102 3631 3530 
4084 3633 3549 
4104 3590 3571 
3862 4021 3518 
3852 3855 3575 
3829 3901 3579 
3758 4212 3393 
3707 4196 3474 
3708 4156 3426 
3879 3668 3808 
3928 3714 3734 
3924 3706 3792 
3925 3666 3744 
4170 3561 3351 
4151 3542 3421 
4166 3519 3374 
3609 3998 3653 
3701 3840 3859 
3674 3854 3864 
3547 4024 3736 
3608 4013 3910 
3532 4025 3571 
3753 3910 3686 
3389 3934 3911 
3442 3723 3949 
4086 3603 3542 
3798 3757 3872 
3718 3920 3759 
3740 4034 3542 
3728 3957 3661 
3758 3894 3724 

3303 3952 3887 
3376 3927 3915 
3322 3907 3923 
3856 3724 3957 
3916 3932 3584 
3823 3873 3586 
3878 3940 3580 
4062 3646 3623 
4024 3654 3619 
4008 3626 3631 
4006 3656 3638 
3585 3947 3819 
3675 4130 3388 
3682 4096 3307 
3693 4173 3222 
3736 4149 3264 
3698 4157 3260 
3477 3488 3987 
3657 3951 3795 
4160 3438 3456 
3809 3923 3707 
3531 3888 3927 
3807 3995 3580 
3785 4009 3515 
3858 3984 3543 
3820 3992 3539 
3815 4008 3501 
3654 3937 3901 
3754 3962 3681 
3743 3908 3759 
3705 3916 3755 
3918 3796 3671 
3731 4084 3541 
3608 4134 3374 
3673 3908 3771 
4030 3668 3589 
4043 3682 3532 
4086 3658 3574 
4048 3666 3570 
3389 3363 4061 
3351 3371 4057 
3395 3395 4004 
3335 3343 4069 
3955 3733 3742 
3917 3741 3738 
3960 3788 3611 
3955 3759 3720 
3962 3725 3639 
3973 3802 3554 
4016 3778 3596 
3978 3786 3592 
3902 3870 3586 
3844 3806 3674 
3758 3894 3724 
3862 3597 3794 
3371 3953 3849 
3741 4014 3310 
3858 3716 3810 
3690 3791 3808 
3532 3824 3916 
3573 3588 3986 
3578 4090 3591 
3798 4017 3274 
4165 3422 3494 
3793 3895 3719 
4096 3666 3213 
3924 3995 3253 
3950 3911 3499 
3382 4025 3680 
3738 3934 3693 
3736 4068 3579 
3616 4147 3295 
3935 3888 3524 
3852 3819 3595 

4075 3854 3301 
3641 4004 3769 
3614 3635 3913 
3624 4010 3740 
3692 4053 3736 
3732 4078 3642 
3957 3994 3306 
4114 3684 3229 
4053 3675 3589 
3605 3865 3775 
3673 3908 3771 
3569 3852 3806 
3346 3602 3977 
3329 3617 3934 
3996 3956 3431 
3513 3904 3854 
3530 3854 3923 
3551 3843 3846 
3422 3482 4043 
3490 3525 4039 
3491 3485 3991 
3692 4181 3336 
3727 4164 3360 
3800 4114 3637 
3818 4112 3618 
3741 3613 3976 
4014 3684 3413 
3340 3945 3898 
3408 3988 3894 
3887 3929 3576 
3936 3975 3502 
3857 3866 3578 
3987 3791 3769 
4001 3757 3812 
4024 3637 3651 
4073 3683 3577 
4074 3643 3529 
4078 3572 3653 
4041 3579 3738 
4040 3580 3649 
4106 3537 3633 
3979 3795 3558 
3572 4133 3523 
4007 3811 3305 
3719 3897 3746 
3644 3662 3909 
4168 3419 3152 
4115 3644 3181 
4181 3416 3532 
3728 3957 3661 
3532 3824 3916 
3709 4166 3379 
3698 3701 3840 
3802 4084 3630 
3740 3614 3887 
3915 3833 3581 

3779 4115 3420 
3780 3745 3822 
3724 3770 3845 
4163 3214 3416 
4187 3240 3377 
4037 3755 3692 
3969 3712 3696 
4060 3529 3572 
4159 3620 3513 
4091 3577 3517 
3636 3970 3827 
3655 3989 3757 
3551 3843 3846 
3530 3854 3923 
3743 3661 3984 
3687 3671 3999 
3306 3915 3857 
3326 3999 3827 
3361 3982 3851 
3960 3685 3719 
3904 3695 3734 
3764 3989 3624 
3976 4029 3328 
3954 4074 3251 
3940 3920 3558 
3902 3928 3554 
3917 4035 3501 
3884 4114 3345 
3996 4021 3385 
3928 3978 3389 
3827 3921 3559 
3809 3923 3578 
3877 3825 3588 
3844 3859 3650 
3761 4117 3439 
3786 3915 3778 
4217 3267 3373 
3532 3824 3916 
3689 3641 3992 
3906 3665 3727 
3794 4016 3620 
3736 4068 3579 
4162 3385 3172 
3747 4001 3668 
3930 3785 3708 
3903 4043 3407 
3851 3832 3609 
3859 3827 3607 

4158 3355 3491 
4182 3381 3452 
4027 3694 3590 
4009 3696 3609 
3731 3868 3743 
4105 3805 3315 
4050 3738 3321 
4037 3762 3319 
3289 3968 3868 
3349 3923 3944 
3335 3957 3901 
3785 4081 3582 
3730 4014 3588 
3717 4038 3586 
3309 3880 3954 
3511 4014 3828 
3535 4040 3789 
3534 4041 3700 
3848 3976 3413 
3699 3787 3918 
3711 3749 3927 
3580 4029 3627 
4075 3532 3594 
3934 3928 3617 
3687 3886 3902 
3630 3666 4051 
3616 3673 3981 
3633 3658 4024 
3672 3666 3997 
4051 3640 3433 
4112 3490 3552 
4136 3516 3513 
4150 3430 3483 
3720 4172 3388 
3692 4181 3336 
3727 4164 3360 
4026 3595 3628 
3659 3948 3700 
3759 3712 3848 
4034 3673 3618 
4016 3675 3637 
3859 3961 3500 
3896 3597 3680 
3964 3640 3676 
3581 3916 3848 
3605 3942 3809 
3515 4114 3691 
3539 4140 3652 
3503 4158 3539 
3557 4019 3645 
3632 4013 3706 
3539 4044 3684 
3531 3888 3927 
3550 3907 3857 
3539 3996 3789 
3556 3981 3832 
3581 3945 3732 
4189 3456 3404 
3554 3994 3772 
3890 3730 3703 
3712 3849 3813 
3824 3960 3654 
3354 4073 3752 
3662 3896 3699 
3792 3978 3470 
3903 4043 3407 
3756 3677 3867 
3728 3957 3661 
3700 3932 3698 
3915 3813 3640 
4004 3806 3408 
3541 4014 3677 
3842 3799 3762 
3822 3757 3812 

3536 4055 3513 
4192 3474 3228 
4178 3508 3185 
4159 3489 3255 
3727 4164 3360 
4073 3654 3621 
4011 3631 3624 
3638 3609 3889 
3571 3543 3969 
3637 3649 3937 
3569 3606 3941 
3538 3558 3996 
3907 3889 3605 
3913 3909 3604 
3845 3866 3608 
3734 3963 3773 
3740 3983 3772 
3672 3940 3776 
3772 4026 3404 
4040 3702 3531 
3585 4009 3681 
3530 3854 3923 
3408 3988 3894 
3340 3945 3898 
4052 3842 3413 
3756 4129 3450 
3696 4043 3481 
3708 4062 3457 
3663 4058 3508 
3692 3907 3789 
3793 4123 3350 
3434 4068 3606 
3501 4011 3672 
3834 4001 3383 
3992 3490 3645 
3753 3753 3852 
3625 3997 3619 
3776 3732 3862 
3778 3702 3855 
3794 3730 3843 
3649 3583 3887 
3796 3873 3764 
3809 4019 3329 
3794 4025 3530 
3748 3971 3644 
3754 3991 3643 
3437 3988 3764 
3455 3986 3745 
3483 4040 3716 
3930 3810 3683 
3661 3956 3840 
3667 3976 3839 
3599 3933 3843 
3510 3885 3858 
3933 3756 3740 
4204 3493 3204 
3709 4166 3379 
3937 3918 3570 
4096 3666 3213 
3532 3824 3916 
4165 3422 3494 
3694 4106 3453 
3969 3610 3669 
3423 3544 4031 
3903 3941 3494 
3795 3897 3633 
3565 3952 3852 

3740 3782 3836 
3672 3739 3840 
3734 3834 3837 
3423 4066 3749 
3440 4051 3792 
3496 4041 3777 
3815 3898 3687 
3326 3999 3827 
3361 3982 3851 
3593 3960 3717 
4161 3411 3267 
3527 4158 3560 
3559 4130 3486 
3529 4128 3553 
4051 3640 3433 
3611 4081 3546 
3555 4109 3599 
3425 3559 4024 
3460 3652 3992 
3743 4199 3402 
3675 4156 3406 
3976 4029 3328 
3804 3913 3676 
3790 3947 3633 
3854 3924 3656 
3648 4069 3455 
3629 3820 3888 
4049 3704 3342 
4067 3702 3323 
4105 3694 3327 
3551 3843 3846 
3530 3854 3923 
4195 3296 3301 
4181 3330 3258 
4162 3311 3328 
3741 4066 3458 
3673 4023 3462 
3566 3985 3782 
3498 3942 3786 
3801 3940 3539 
3819 3938 3520 
3780 3745 3822 
3552 4008 3774 
3590 4000 3778 
3758 3965 3533 
3958 3714 3674 
3890 3671 3678 
3449 3950 3837 
3435 3984 3794 
3416 3965 3864 
3465 4011 3790 
3904 3665 3733 
3884 3879 3781 
3816 3836 3785 
3950 3906 3483 
4074 3613 3332 
4093 3535 3403 
4105 3554 3379 
4109 3596 3356 
3739 4016 3517 
3734 3971 3532 
3732 4001 3539 
3788 3991 3524 
3552 3560 3984 
3538 3594 3941 
3519 3575 4011 
3650 4128 3440 
3963 3864 3582 
3895 3821 3586 
3930 3915 3417 
3996 4021 3385 
3928 3978 3389 
3908 3983 3482 
3840 3940 3486 
4038 3861 3457 
3991 3801 3464 
3647 4051 3579 
3728 3952 3723 
3522 4113 3575 
3557 4079 3592 
3532 3824 3916 
3496 4054 3601 
4211 3357 3254 
4090 3591 3629 
3988 3741 3670 
3756 3677 3867 
3642 3594 3914 
4091 3598 3375 
3719 3897 3746 
3582 4085 3444 
3867 4044 3456 
3982 3762 3495 
4029 3793 3468 

3920 3885 3619 
3988 3928 3615 
3720 4172 3388 
3727 4164 3360 
3673 3898 3852 
3692 3917 3782 
3637 3834 3864 
3705 3877 3860 
3914 3729 3713 
3542 4060 3559 
3610 4103 3555 
3825 3986 3579 
4045 3755 3479 
3688 3966 3765 
3712 3992 3726 
3636 3970 3827 
3570 3942 3889 
3226 3622 3950 
3172 3647 4023 
3564 3996 3720 
3632 4039 3716 
3762 4064 3362 
3753 3951 3707 
3749 3909 3730 
3768 3928 3660 
3512 4027 3778 
3520 3996 3749 
4026 3740 3650 
3914 3805 3675 
3653 3580 4025 
3531 3888 3927 
3726 3791 3762 
3684 4070 3484 
3752 4113 3480 
3697 4046 3486 
3804 3913 3676 
3790 3947 3633 
3629 3857 3865 
3587 3857 3919 
3889 3731 3772 
3828 3712 3896 
3847 3731 3826 
3851 3739 3768 
3933 3711 3864 
3833 3809 3734 
3901 3852 3730 
3899 3792 3740 
4134 3645 3569 
3502 4014 3785 
3821 4086 3302 
4007 3721 3720 
3867 4044 3456 
3707 3772 3832 
3790 3870 3746 
3418 3944 3906 

3672 4026 3635 
3588 4023 3737 
4148 3521 3420 
3967 3780 3386 
3986 3799 3316 
4002 3878 3307 
4067 3705 3210 
4007 3550 3690 
4043 3608 3677 
4006 3590 3738 
3891 3908 3464 
3884 3893 3486 
3766 4104 3598 
4101 3230 3421 
3636 3907 3871 
3958 3768 3393 
3957 3808 3441 
4054 3694 3388 
3627 3720 3942 
3559 3677 3946 
4088 3634 3462 
3585 3977 3765 
3604 3996 3695 
3745 3840 3846 
3677 4173 3425 
3701 4176 3393 
3647 4174 3439 
3663 4202 3427 
3682 3666 3959 
3946 3967 3341 
3773 4048 3507 
3941 3722 3739 
3940 3762 3787 
3944 3770 3729 
3585 3947 3819 
3604 3966 3749 
3819 3976 3741 
3751 3933 3745 
3764 3909 3747 
3766 3612 3921 
3704 3563 4004 
3697 3609 3973 
3765 3652 3969 
4044 3689 3540 
4042 3681 3606 
4049 3673 3578 
4163 3283 3285 
4162 3323 3333 
3910 3866 3447 
3850 3766 3760 
3869 3763 3830 
3868 3764 3741 
3718 3894 3929 
3737 3913 3859 
3750 3955 3812 
3780 3817 3778 
3760 3860 3756 
3779 3857 3826 
3846 3835 3731 
3847 3771 3726 
3900 3836 3557 
3899 3876 3605 
3394 3544 4070 
3371 4074 3737 
3682 4157 3463 
3871 3930 3476 
3836 4151 3470 
3754 3793 3867 
3779 3798 3835 

3757 3975 3566 
3781 3978 3534 
3678 4016 3659 
3746 4059 3655 
3691 3992 3661 
3786 4058 3203 
3769 3612 3988 
3659 3569 4046 
3727 3612 4042 
3731 4084 3541 
3538 3979 3742 
3568 3978 3728 
3622 3960 3779 
3814 3954 3482 
3801 3940 3539 
3819 3938 3520 
3797 3690 3851 
3802 3674 3889 
3612 3805 3918 
3965 3776 3468 
3549 3792 3941 
3832 4026 3355 
3752 3652 3942 
4124 3481 3525 
3285 3830 3932 
3340 3897 3926 
3358 3895 3907 
3353 3873 3928 
3950 3906 3483 
3410 3595 4051 
3453 3571 4093 
3689 3887 3813 
3732 3863 3855 
3705 3877 3860 
3533 3679 3953 
3601 3722 3949 
3546 3655 3955 
3857 3613 3756 
3881 3616 3724 
4009 3940 3444 
3957 3878 3549 
3943 3912 3506 
3828 3901 3676 
3866 3893 3680 
3757 3889 3700 
4028 3687 3465 
4022 3708 3460 
4090 3751 3456 
3748 3769 3814 
3753 3753 3852 
3852 3880 3806 
3654 3937 3901 
3673 3956 3831 
4037 3650 3657 
3947 3596 3758 
4020 3668 3645 
3983 3563 3665 
3971 3622 3719 
3612 4116 3443 
3680 4159 3439 
4086 3647 3499 
4072 3654 3547 
4094 3568 3646 
3899 3867 3592 
3885 3937 3521 
3762 3959 3604 
3457 3991 3672 
3791 4042 3241 
3736 4068 3579 
3803 3910 3532 
3930 3785 3708 
4143 3466 3420 
3604 3972 3801 
3862 3597 3794 
3963 3749 3562 

3887 3974 3590 
3689 3728 3815 
3720 3768 3810 
3669 3763 3843 
3810 4054 3318 
3809 4094 3366 
3813 3912 3718 
3812 3952 3766 
3744 3909 3770 
4106 3563 3527 
4038 3520 3531 
3677 3699 3910 
3597 3595 3990 
3628 3653 3984 
3560 3610 3988 
3811 3726 3802 
3895 3883 3467 
3894 3923 3515 
3895 3894 3419 
3837 3677 3806 
4022 3606 3599 
4021 3646 3647 
3605 3942 3809 
3537 3899 3813 
3964 3837 3424 
3972 3816 3513 
3992 3773 3535 
3991 3813 3583 
4008 3828 3469 
3924 3723 3713 
3978 3725 3667 
3959 3706 3737 
3772 4123 3448 
3779 4115 3420 
3636 3611 3980 
3668 3629 3926 
3667 3669 3974 
3590 4104 3624 
3888 3896 3569 
3887 3936 3617 
3868 3917 3687 
4065 3763 3432 
4053 3797 3471 
3708 3520 3886 
3740 3538 3832 
3689 3533 3865 
3603 3747 3904 
4012 3598 3702 
3754 4033 3549 
3353 4097 3655 
3384 4072 3737 
3365 4053 3807 
3388 4080 3679 
3723 4015 3671 
3729 4054 3638 
3736 4046 3610 
3720 4079 3694 
3730 4068 3611 
3737 4060 3583 
3840 4031 3506 
3823 3923 3631 
3917 3862 3513 
3909 3849 3592 
3942 3819 3614 
3874 3776 3618 
3461 3699 4061 
3702 3781 3781 
3789 4120 3248 
3568 3820 3854 
3525 3705 3908 
4181 3416 3532 
3399 3894 3919 
3814 4046 3458 
3604 3707 3856 
3739 3646 3835 
3848 4045 3315 
3452 4080 3656 

3439 4086 3697 
3585 4009 3681 
4005 3719 3507 
3985 3635 3537 
4040 3702 3531 
3492 3960 3691 
4075 3854 3301 
3870 3990 3366 
3938 4033 3362 
3864 3856 3521 
3932 3899 3517 
4155 3547 3429 
3384 3625 4042 
3989 3591 3604 
3860 3627 3801 
3928 3670 3797 
3542 4060 3559 
3610 4103 3555 
4106 3502 3562 
4125 3521 3492 
3326 3999 3827 
3306 3915 3857 
3361 3982 3851 
3692 4181 3336 
3727 4164 3360 
3801 3940 3539 
3819 3938 3520 
3837 3719 3798 
3988 3473 3615 
4026 3465 3619 
4078 3599 3222 
3690 3570 3923 
3666 3544 3962 
4006 3746 3488 
4074 3789 3484 
3780 3745 3822 
3740 3707 3906 
3689 3838 3837 
3768 3921 3790 
3721 3829 3820 
3699 3726 3873 
3907 3759 3785 
3819 3718 3815 
3850 3766 3760 
3918 3809 3756 
3852 3703 3788 
3735 3948 3786 
4011 3536 3591 
3421 4088 3716 
3867 4044 3456 
3530 3952 3695 
4007 3811 3305 
3397 3591 3995 
4181 3501 3269 
3708 4061 3430 
3584 3887 3885 
3794 4016 3620 
3790 3866 3713 
3709 4166 3379 
3803 3910 3532 
3756 3677 3867 
4038 3484 3595 
3720 3597 3919 
3764 3761 3837 
3755 3826 3850 
3756 3812 3844 
3754 3793 3867 
3861 3810 3739 
3966 3726 3603 

3763 3651 3814 
4027 3555 3555 
4051 3558 3523 
3837 4144 3331 
3728 3867 3899 
3733 3889 3878 
3735 3859 3871 
3989 3669 3718 
3990 3701 3619 
3988 3709 3766 
3864 4045 3516 
3863 4085 3564 
3772 3801 3749 
3771 3841 3797 
3306 3915 3857 
3356 3998 3813 
3326 3999 3827 
3361 3982 3851 
3963 3897 3487 
3951 3931 3526 
3659 4111 3607 
3850 3976 3584 
3754 4055 3608 
3737 4067 3668 
3753 4095 3656 
3769 3881 3742 
3768 3921 3790 
3620 3912 3913 
3723 3957 3762 
3699 3954 3794 
3674 3911 3836 
3657 3929 3824 
3577 4127 3506 
3476 4064 3767 
3539 4066 3697 
3494 4062 3748 
3513 4081 3678 
3681 4119 3391 
3612 4116 3443 
3680 4159 3439 
3712 3992 3726 
3770 3593 3983 
3769 3633 4031 
3800 3538 3791 
3710 3973 3749 
3559 3973 3762 
3627 4016 3758 
3847 3831 3690 
4222 3273 3465 
4153 3270 3517 
4221 3313 3513 
4104 3280 3520 
4056 3468 3419 
4097 3452 3417 
4067 3451 3422 
4068 3450 3511 
4079 3371 3530 
4066 3395 3528 
4138 3409 3519 
4090 3411 3520 
4147 3448 3507 
3993 3904 3414 
4011 3902 3395 
3854 3754 3711 
4032 3539 3593 
4106 3473 3347 
3631 3811 3923 
3930 3785 3708 
3736 3793 3857 
4048 3559 3440 
4078 3690 3344 
3995 3874 3407 

3482 4081 3637 
3535 4127 3518 
3529 4128 3553 
3559 4130 3486 
3780 3745 3822 
3457 3992 3765 
3756 3786 3823 
3711 3782 3874 
3730 3801 3804 
3586 4041 3616 
3580 4042 3651 
3573 4027 3673 
3594 4016 3596 
3666 4004 3610 
3690 4007 3578 
3671 3988 3648 
3954 4074 3251 
3612 3717 3920 
3711 3808 3861 
3597 4080 3480 
3627 3659 3953 
3776 3988 3561 
3731 3984 3612 
3750 4003 3542 
3826 4021 3264 
3610 4165 3285 
3584 3975 3881 
3738 3584 3970 
3752 3658 3836 
3733 3653 3853 
4145 3356 3455 
4131 3400 3451 
4199 3443 3447 
3820 3992 3539 
4057 3835 3491 
4050 3820 3513 
4071 3809 3436 
3694 3871 3851 
3384 3625 4042 
3500 4054 3711 
3395 3861 3886 
3377 3860 3932 
3334 3884 3890 
3321 3870 3947 
3607 4070 3521 
3601 4071 3556 
3594 4056 3578 
3615 4045 3501 
3630 3885 3753 
4113 3679 3346 
4087 3754 3254 
4106 3773 3184 
3652 3587 3961 
3890 3822 3722 
4035 3596 3611 
3991 3534 3723 
4010 3553 3653 
4040 3580 3649 
4053 3675 3589 
4021 3533 3659 
4103 3555 3635 
3502 4045 3588 
3522 4113 3575 
3575 3997 3666 
3780 4030 3538 
3682 3971 3627 
4052 3790 3506 
3397 3591 3995 
3323 3840 3940 
3596 4026 3571 
4118 3663 3384 
3941 3952 3707 
3625 4150 3408 
3822 3779 3726 
4078 3559 3558 
4114 3578 3521 
3954 3664 3616 
4022 3686 3593 

4008 3823 3619 
3978 3857 3682 
3511 3837 3815 
3522 3820 3818 
3768 3626 3980 
4072 3618 3676 
4234 3452 3404 
3769 3612 3988 
3937 3975 3355 
3716 4072 3525 
3855 3917 3746 
4025 3726 3588 
3695 3961 3814 
3557 3751 3958 
3616 3737 3898 
3700 3718 3935 
3651 3720 3922 
3925 3918 3401 
3844 3536 3835 
3970 3863 3640 
3943 3900 3654 
3930 3787 3724 
3892 3795 3720 
3781 3563 3830 
3848 3864 3748 
3738 3983 3650 
3482 3839 3830 
3988 3741 3670 
3664 4030 3772 
3869 3988 3626 
4090 3591 3629 
3836 4151 3470 
3572 4133 3523 
4096 3666 3213 
3893 3715 3800 
3836 3630 3824 

3469 3916 3849 
3701 3726 3883 
3769 3769 3879 
3340 3945 3898 
3408 3988 3894 
3633 3658 4024 
3696 3694 3989 
3530 3854 3923 
3551 3843 3846 
3437 4106 3457 
3899 3895 3563 
4165 3554 3320 
4052 3842 3413 
3959 3848 3550 
3789 3964 3587 
3857 4007 3583 
3981 3897 3113 
3951 3898 3127 
3968 3883 3170 
3986 3881 3151 
3714 3913 3708 
3778 4015 3589 
3662 3940 3782 
3681 3959 3712 
3790 3941 3651 
3760 3942 3665 
3746 3879 3763 
3765 3898 3693 
4044 3800 3507 
4031 3786 3564 
4052 3775 3487 
3977 3703 3757 
3969 3712 3696 
4037 3755 3692 
3944 4048 3328 
3780 3546 3975 
3681 4148 3355 
3686 4132 3393 
3498 3942 3786 
3566 3985 3782 
3891 4044 3379 
3878 4030 3436 
3896 4028 3417 
3438 3945 3868 
3853 4069 3419 
3939 3786 3691 
3944 3770 3729 
3914 3743 3733 
3627 4153 3304 
3796 3873 3764 
3780 3745 3822 
3734 3834 3837 
3751 3828 3806 
3807 3701 3784 
3875 3744 3780 
3981 3833 3680 
3909 3697 3760 
3532 3824 3916 
3467 4105 3443 
4128 3537 3409 
4015 3857 3112 
3719 3897 3746 
3542 4026 3626 
3795 3925 3689 
3917 3901 3540 
4033 3756 3557 
3707 4079 3513 
3668 4134 3412 
3612 3999 3604 
3382 4025 3680 
3756 3812 3844 
3905 3771 3776 
3799 3692 3808 
3930 3785 3708 

3314 3512 4041 
3334 3596 4011 
3407 3571 4039 
3369 3579 4035 
3484 3888 3845 
3614 3895 3773 
3569 3891 3824 
3618 3937 3750 
3659 3554 3942 
3713 3607 3899 
3639 3804 3857 
3732 3863 3855 
3694 3871 3851 
3751 3857 3813 
3772 3812 3701 
3763 3830 3763 
3733 3829 3820 
3611 3954 3770 
3573 3962 3766 
3756 3905 3698 
3711 3901 3749 
3906 3911 3399 
3923 3896 3442 
3979 3886 3427 
3941 3894 3423 
3695 3586 3906 
3530 3854 3923 
3919 3748 3773 
3902 3763 3730 
3975 3738 3758 
3921 3718 3766 
4084 3625 3523 
3731 3880 3738 
3739 4063 3395 
3895 3821 3586 
3951 3811 3571 
3997 3789 3264 
4032 3772 3288 
3801 3940 3539 
3819 3938 3520 
3457 3509 4032 
3469 3482 3982 
3388 3979 3813 
3765 3853 3672 
3566 4027 3762 
3584 4025 3743 
3505 4090 3577 
4005 3719 3507 
4040 3702 3531 
4039 3769 3394 
4035 3727 3417 
4051 3742 3344 
3854 3924 3656 
3850 3968 3507 
3796 3948 3515 
3989 3761 3445 
4006 3746 3488 
4024 3744 3469 
4028 3699 3545 
4020 3597 3585 
3847 4058 3416 
3962 3794 3613 
3524 3458 3960 
3656 3929 3754 
3751 3599 3903 
4096 3666 3213 
3760 3947 3675 
3794 3994 3593 
4184 3407 3389 
3532 3824 3916 
3789 3672 3801 
3736 4068 3579 
3747 4001 3668 
4041 3641 3432 
3794 4130 3389 
3405 3964 3856 
3568 3997 3755 
3507 4082 3430 
4008 3716 3481 
4055 3580 3609 
4015 3589 3619 
3984 3753 3479 
3885 4050 3420 
3964 3764 3606 

3693 3862 3909 
4152 3587 3276 
4131 3598 3353 
3490 3982 3734 
3496 4014 3677 
3483 4016 3815 
3481 4046 3822 
3809 4023 3283 
3912 3919 3495 
4164 3513 3418 
3803 3731 3870 
3407 3553 4038 
3419 3526 3988 
3738 3584 3970 
3628 4111 3383 
3928 3670 3797 
3860 3627 3801 
3974 3633 3654 
4110 3502 3566 
4089 3513 3643 
3953 3911 3452 
4002 3957 3378 
3951 3941 3459 
3984 3959 3397 
3723 3957 3762 
3686 3940 3851 
3658 4214 3361 
3590 4171 3365 
3306 3915 3857 
3326 3999 3827 
3361 3982 3851 
3558 4152 3495 
3502 4180 3548 
3909 3995 3480 
4141 3545 3554 
3384 3625 4042 
3949 3830 3615 
3919 3889 3664 
3895 3863 3703 
3907 3692 3682 
3999 3679 3510 
4007 3604 3518 
3696 3819 3816 
3950 3911 3499 
3758 3894 3724 
4007 3534 3623 
3747 4001 3668 
3666 4103 3387 
3707 4079 3513 
3872 3737 3730 
3976 3603 3647 
4096 3666 3213 
3986 3929 3390 
3708 4061 3430 
3521 4135 3584 
3872 3978 3569 
3397 3591 3995 
3905 3756 3689 
3985 3716 3594 
3962 3759 3676 
3955 3784 3629 

3952 3794 3432 
3717 3586 3900 
3648 3583 3952 
3716 3626 3948 
3807 3616 3759 
3875 3659 3755 
3562 3664 3979 
3589 3954 3702 
3744 3886 3722 
3711 3901 3749 
3628 4111 3383 
3980 3768 3239 
3388 3440 3997 
3387 3480 4045 
3939 3620 3737 
3455 4021 3679 
3523 4064 3675 
3719 3784 3833 
3754 3767 3857 
3804 3792 3824 
3434 3880 3906 
3680 3668 3903 
3748 3711 3899 
3530 3854 3923 
3673 3898 3852 
3692 3917 3782 
3837 4070 3476 
3966 3796 3417 
3918 3950 3718 
3938 3929 3600 
3937 3969 3648 
3584 3975 3881 
3756 3808 3748 
4163 3259 3464 
4161 3322 3436 
4179 3320 3417 
3517 3744 3952 
3560 3720 3994 
3645 4113 3317 
3977 3764 3410 
4081 3618 3615 
4034 3751 3669 
4021 3738 3706 
3965 3748 3721 
4138 3487 3537 
3594 3938 3740 
3524 4035 3605 
3382 4025 3680 
3707 4079 3513 
3666 4103 3387 
4096 3666 3213 
3532 3824 3916 
3813 4067 3508 
3825 3830 3733 
3747 4001 3668 
4163 3292 3429 
4040 3641 3608 
3967 3718 3714 

3765 4016 3533 
3760 4060 3505 
3746 3997 3603 
4017 3590 3601 
4008 3691 3601 
3991 3706 3558 
4000 3704 3563 
4064 3681 3586 
3981 3685 3633 
4026 3689 3582 
3629 4124 3390 
3893 3939 3485 
3874 3920 3555 
3384 3625 4042 
3801 3940 3539 
3819 3938 3520 
3643 4109 3491 
3624 4090 3561 
3964 3707 3656 
3668 3903 3845 
3341 3940 3901 
3324 3955 3858 
3359 3938 3882 
3444 4039 3757 
3406 4047 3753 
4146 3473 3430 
3673 3956 3831 
3654 3937 3901 
3604 3966 3749 
3916 3934 3379 
3951 3917 3403 
4011 3813 3239 
3991 3729 3269 
4124 3481 3525 
3722 4031 3574 
3592 4142 3451 
3575 4157 3408 
3610 4140 3432 
3530 3854 3923 
3780 3546 3975 
3677 3639 3994 
3640 3654 3992 
3708 3697 3988 
4018 3670 3587 
3830 3872 3815 
3811 3853 3885 
3635 4004 3656 
3703 4047 3652 
3720 4060 3628 
3740 3707 3906 
3850 3766 3760 
3918 3809 3756 
3837 3834 3732 
3835 3704 3762 
3890 3834 3664 
3958 3877 3660 
3795 4043 3529 
3888 3983 3457 
3397 3591 3995 
3930 3785 3708 
4118 3663 3384 
3493 3968 3661 
4184 3465 3434 
3728 3957 3661 
3933 3919 3422 
3458 4074 3583 
4046 3796 3263 
3758 3894 3724 
3709 4146 3378 
3594 4112 3444 
3532 3824 3916 
3861 3810 3739 
3867 3861 3728 
3865 3731 3758 

3326 3999 3827 
3361 3982 3851 
3942 3707 3728 
3855 3669 3798 
3686 3561 3930 
3710 3587 3891 
3908 3986 3332 
3976 4029 3328 
3860 3627 3801 
3928 3670 3797 
4151 3133 3205 
4131 3154 3323 
3898 3990 3436 
3713 4169 3500 
4052 3842 3413 
3453 3571 4093 
3822 4000 3513 
3846 4026 3474 
4083 3779 3348 
4124 3481 3525 
3729 3776 3827 
3709 3692 3857 
3764 3759 3851 
3724 3917 3714 
3669 3955 3808 
3723 3957 3762 
3654 3998 3683 
3523 4058 3697 
3516 4043 3719 
3534 4041 3700 
3644 4095 3662 
3712 4138 3658 
3736 4046 3660 
3518 4010 3796 
3543 3996 3709 
3542 4036 3757 
3295 4077 3666 
3363 4120 3662 
3381 4042 3807 
3416 3890 3893 
3586 3975 3877 
3999 3902 3604 
3824 3960 3654 
3930 3734 3778 
3740 3614 3887 
3555 3672 3916 
4139 3167 3244 
4085 3584 3598 
4096 3666 3213 
3823 4070 3241 
4099 3659 3355 
4039 3589 3563 
3728 3957 3661 
3736 4068 3579 
3672 3846 3765 
3287 4086 3692 
3418 3860 3886 
3593 3881 3827 

3380 3675 4044 
3399 3694 3974 
3674 3920 3768 
3685 3903 3771 
3839 4030 3424 
3907 4073 3420 
3802 3674 3889 
3607 3878 3962 
4092 3548 3332 
4078 3582 3289 
3582 3974 3655 
4173 3346 3359 
4083 3506 3392 
4129 3495 3425 
3525 4075 3516 
3914 3729 3713 
4068 3517 3503 
4043 3531 3590 
4067 3557 3551 
3943 3920 3352 
4003 3868 3463 
4004 3867 3552 
3904 3665 3733 
3866 3673 3729 
3989 3736 3554 
3960 3708 3664 
3984 3734 3625 
3892 4095 3304 
4057 3712 3491 
4033 3691 3632 
4052 3710 3562 
3889 3892 3614 
3902 3868 3616 
3907 3890 3595 
3772 4123 3448 
3779 4115 3420 
3573 3633 4047 
3579 4062 3626 
3572 4047 3648 
3585 4023 3650 
3590 4045 3629 
3861 3959 3622 
3880 3978 3552 
3897 3895 3577 
3910 3871 3579 
3915 3893 3558 
3493 4016 3659 
3506 3992 3661 
3654 3937 3901 
3673 3956 3831 
3753 3821 3888 
3747 3842 3883 
3734 3899 3817 
3815 3885 3879 
3655 3610 3944 
3480 4070 3771 
3728 3957 3661 
3718 3920 3759 
3936 3954 3433 
3794 4016 3620 
3707 4079 3513 
3707 3631 3918 
3820 3690 3850 

4004 3513 3604 
4011 3528 3582 
4006 3483 3597 
4060 3503 3589 
4164 3497 3107 
4143 3496 3126 
4169 3481 3145 
3551 3843 3846 
3530 3854 3923 
3567 4149 3485 
4150 3430 3483 
3716 3521 3927 
3648 3478 3931 
4141 3545 3554 
3605 3926 3701 
3604 3966 3749 
3585 3947 3819 
3983 3600 3558 
3988 3584 3596 
3702 4096 3656 
3634 4053 3660 
3543 3561 3990 
3475 3518 3994 
3885 3610 3793 
3866 3591 3863 
3636 4105 3410 
3635 4145 3458 
3616 4126 3528 
3847 3831 3690 
3527 4158 3560 
3529 4128 3553 
3998 3600 3518 
3747 4078 3381 
3734 4065 3418 
3457 3701 4017 
3374 3948 3858 
3380 3947 3823 
3367 3933 3880 
3385 3931 3861 
3952 3594 3802 
3884 3551 3806 
4075 3854 3301 
3673 3908 3771 
3605 3865 3775 
3894 3899 3437 
3893 3939 3485 
3874 3920 3555 
3743 4161 3336 
4084 3612 3152 
3610 3948 3685 
3561 3991 3716 
3578 3976 3759 
3751 3828 3806 
3721 3829 3820 
3780 3745 3822 
3770 3729 3831 
3769 3769 3879 
3701 3726 3883 
3786 3776 3798 
3606 3650 3887 
3532 3824 3916 
3572 4133 3523 
3708 4061 3430 
3746 3548 3923 
3382 4025 3680 
4039 3589 3563 
3573 3588 3986 
3915 3637 3789 
3947 3680 3579 
3829 3866 3580 
3522 4113 3575 
4078 3749 3383 
3985 3586 3575 
3462 3685 4055 
3747 4001 3668 
3369 3903 3873 
3930 3785 3708 
3858 3801 3593 
4007 3811 3305 
3706 3838 3758 
3888 3983 3457 
3748 4145 3374 
4089 3596 3190 
3756 3812 3844 
3824 3768 3802 

3667 3669 3974 
3628 3998 3805 
3649 3999 3786 
3673 4002 3754 
4083 3595 3661 
4060 3565 3665 
4215 3408 3461 
3818 4112 3618 
3800 4114 3637 
3665 4141 3377 
3646 4186 3341 
3670 4163 3356 
3652 4165 3375 
4035 3771 3742 
4046 3745 3603 
3837 3677 3806 
3358 4043 3706 
3328 4082 3661 
3363 4065 3685 
3345 4067 3704 
3788 3757 3885 
3804 3747 3932 
3534 3973 3842 
3466 3930 3846 
3306 3915 3857 
3356 3998 3813 
3326 3999 3827 
3361 3982 3851 
4050 3738 3321 
4055 3760 3300 
4037 3762 3319 
3636 3530 4028 
3917 4108 3387 
3635 3673 4082 
3672 3666 3997 
3526 3904 3889 
3550 3907 3857 
3783 3983 3781 
3764 4028 3745 
3696 3985 3749 
3849 3898 3662 
3856 3890 3634 
3910 3870 3715 
3909 3871 3626 
3886 3969 3632 
3949 3781 3688 
3808 3806 3732 
3806 3798 3798 
3813 3790 3770 
3802 4084 3630 
4077 3656 3468 
3618 4177 3482 
4096 3666 3213 
3925 3797 3455 
3690 3791 3808 

3811 4043 3697 
3839 4049 3380 
3590 3615 4063 
3773 3676 3788 
4169 3382 3416 
3673 3956 3831 
3654 3937 3901 
3772 4123 3448 
3779 4115 3420 
3802 3674 3889 
3895 3861 3609 
3963 3904 3605 
4124 3481 3525 
3819 3938 3520 
3964 3976 3317 
3908 3986 3332 
3921 3962 3334 
3926 3984 3313 
3634 4045 3713 
3878 3714 3729 
3822 3724 3744 
3840 3722 3725 
3336 3971 3763 
3531 3888 3927 
3722 3978 3726 
3547 4052 3759 
3582 3990 3718 
3516 3962 3780 
3687 3918 3774 
3755 3961 3770 
3986 3636 3723 
3777 3810 3743 
3758 3791 3813 
3784 3802 3715 
3406 3964 3880 
3413 3956 3852 
4047 3736 3513 
4033 3770 3470 
4014 3751 3540 
4091 3650 3642 
4114 3537 3526 
3986 3702 3602 
3973 3810 3506 
4004 3785 3588 
4008 3793 3530 
3985 3766 3658 
3834 3771 3717 
3902 3814 3713 
3698 3701 3840 
3532 3824 3916 
4096 3666 3213 
3516 3968 3774 
3658 4057 3587 
3824 3694 3737 
4010 3691 3603 

