9492 8655 8492 
7894 9583 8782 
7895 9513 8781 
7881 9503 8783 
9412 8438 8623 
8619 9164 8850 
8601 9238 8849 
9219 8532 8978 
8974 9000 8861 
8864 8939 8901 
8901 8979 8887 
8888 8899 8888 
9384 8782 8688 
9805 8410 7823 
8780 8320 9192 
8832 8357 9125 
8798 8269 9175 
8775 8278 9194 
9146 8768 8846 
9126 8810 8802 
9108 8780 8814 
9568 8705 8303 
7388 8666 9546 
7422 8429 9558 
7416 8481 9512 
7914 7773 9529 
7896 7743 9541 
9465 9019 8300 
8819 8591 9046 
9056 9353 8417 
9051 9311 8419 
8137 8866 9191 
9960 8333 7424 
7809 9945 7908 
9328 8825 8523 
8171 9152 8990 
8158 9164 9000 
8122 9093 9014 
7848 8957 9410 
7807 8912 9440 
7808 8842 9439 
7794 8832 9441 
8097 9314 8868 
8083 9304 8870 
8077 9356 8824 
8037 9352 8851 
8059 9326 8836 
9059 8144 9151 
9025 8015 9183 
8722 9647 8363 
8649 9649 8371 
8705 9627 8410 
8699 9679 8364 
9007 8773 8934 
9198 8612 8836 
9193 8600 8867 
9211 8612 8808 
8461 8666 9280 
9147 9546 7923 
7806 9975 8183 
7788 9945 8195 
8634 8738 9079 
8449 9434 8750 
7856 9069 9148 
9276 9289 8142 
9759 8377 8154 
7083 7420 9766 
7101 7450 9754 
7106 7411 9747 
7052 7391 9778 
9741 8098 8207 
8733 9427 8502 
8751 9353 8503 
9106 9436 8021 
9104 9418 8083 
9084 9460 8039 
9066 9430 8051 
7502 8158 9669 
8741 8355 9199 
8708 8356 9165 
9571 8807 7984 
8527 9667 8525 
8221 9129 8934 
9088 8255 9020 
8047 9776 8471 
8007 9772 8498 
8453 9445 8647 
8593 9489 8646 
9282 8436 8754 
9313 9163 8480 
9770 8489 8055 
8224 9608 8641 
8206 9578 8653 
7970 9343 8983 
7965 9405 8972 
7952 9417 8982 
7947 9375 8984 
8256 9171 8882 
8477 8430 9243 
8886 8327 9065 
8806 9571 8472 
8833 9589 8452 
7443 8680 9497 
7438 8638 9499 
9549 8577 8369 
7127 7940 9742 
8271 8500 9427 
9795 8707 7804 
9790 8665 7806 
7795 8185 9484 
8252 9388 8755 
8236 9401 8787 
7641 10000 7895 
8787 9715 8226 
8787 9738 8208 
8746 9735 8286 
8758 9786 8221 
8783 9775 8272 
8770 9695 8273 
8565 8869 8910 
8547 8857 8969 
7547 10121 7413 
7527 10163 7369 
7509 10133 7381 
8679 9279 8785 
8246 8992 9007 
8744 8240 9228 
8767 8231 9209 
9625 9079 7818 
9074 8854 8867 
9054 8896 8823 
9036 8866 8835 
9383 9277 8049 
8990 8330 8982 
9023 8329 9016 
8273 8619 9399 
8763 8206 9352 
9287 9289 8130 
8562 7962 9452 
8621 8031 9388 
8616 7989 9390 
8581 8150 9371 
8587 8098 9417 
8524 8225 9319 
8564 8196 9387 
8526 8208 9355 
8852 8432 9087 
8812 8428 9114 
8985 8514 8990 
8967 8484 9002 
8975 8588 8953 
8463 8937 9044 
9512 8654 8554 
7338 10165 7317 
9825 8409 7885 
8827 8315 9127 
8655 9376 8503 
9588 8704 8365 
7934 7731 9573 
9460 8977 8302 
8868 8691 9040 
8157 8865 9253 
7829 9944 7970 
9348 8824 8585 
8153 9122 9002 
9164 9244 8171 
9074 8115 9177 
9176 9135 8702 
8628 9868 8264 
9142 9504 7925 
7876 9068 9210 
9572 8766 8005 
8241 9128 8996 
9807 8581 7678 
9302 8435 8816 
9308 9121 8482 
8497 8429 9305 
8344 8822 9144 
8881 8285 9067 
9569 8576 8431 
7815 8184 9546 
8247 9346 8757 
8231 9359 8789 
7661 9999 7957 
9620 9037 7820 
8435 8166 9397 
8325 8225 9374 
8556 8311 9260 
8701 8429 9221 

8280 8952 9113 
8314 9009 9091 
8578 8567 9258 
8612 8624 9236 
9129 8371 8979 
9855 8735 7964 
9420 8143 8720 
9402 8113 8732 
10014 8032 7538 
10046 7985 7560 
10023 8017 7561 
8634 8085 9340 
7983 9003 9251 
7965 8991 9310 
7806 8292 9506 
7840 8349 9484 
8523 9044 8878 
8518 9002 8880 
9430 8907 8658 
8346 9529 8432 
8930 8559 9067 
8912 8547 9126 
7993 9408 8647 
8013 9407 8709 
8159 8948 9134 
8193 9005 9112 
8810 9767 8145 
7588 8935 9502 
9598 8511 8521 
8697 9880 8184 
9605 8545 8369 
9629 8523 8403 
9623 8575 8357 
9171 9470 8182 
9165 9522 8136 
9147 9510 8195 
8229 9141 8932 
9053 8858 8947 
9058 9392 8420 
9082 9370 8454 
9076 9422 8408 
8357 8894 9108 
8375 8924 9096 
8638 9637 8316 
7932 7824 9565 
7926 7876 9519 
7908 7864 9578 
9022 8181 9030 
9421 9107 7966 
9156 8627 8872 
9162 8575 8918 
7889 9670 8434 
8936 8615 9023 
8918 8603 9082 
8048 9211 9120 
8042 9263 9074 
8002 9259 9101 
8510 8128 9458 
8928 9427 8299 
8950 8825 8961 
8747 8720 9111 
7758 9414 9040 
9284 9220 8323 
9798 8866 8207 
7089 7447 9773 
7105 7474 9763 
7123 7504 9751 
7074 7445 9775 
8717 9467 8551 
8708 9464 8593 
8728 9494 8550 
8760 9447 8572 
8127 9976 7958 
8161 10033 7936 
9950 7982 7709 
9090 8859 8784 
8725 9829 8036 
8711 9839 7987 
8752 9860 7976 
9218 9298 8021 
8616 9316 8785 
8634 9346 8773 
7557 8793 9534 
7591 8850 9512 
7618 8868 9492 
7695 8674 9383 
7605 9074 9272 
7587 9062 9331 
9200 8763 8679 
9197 8819 8695 
9204 9213 8588 
7468 10127 7581 
9471 8470 8557 
7693 9163 9171 
7650 9118 9201 
7666 9145 9191 
7694 9137 9166 
7630 9074 9205 
7635 9116 9203 
9354 8610 8847 
9932 8498 7653 
9959 7894 7658 
9977 7820 7659 
9629 8817 8333 
9300 9363 8012 
9320 9393 7969 
7985 10061 8150 
7991 8984 9269 
7986 8942 9271 
8659 8421 9287 
8304 8926 9119 
8286 8914 9178 
8084 8584 9415 
9273 8547 8867 
9618 9103 7990 
9641 9084 7949 
9645 9134 7930 
8780 9689 8183 
8408 8795 9198 
8334 8713 9209 
8676 8431 9253 
8833 8342 9199 
8919 9309 8607 
8953 9366 8585 
8921 9290 8662 
8903 9278 8721 
8980 9239 8497 
8962 9227 8556 
9077 9033 8609 
9074 9041 8611 
8174 9543 8355 
7856 7754 9632 
8925 8517 9069 
7554 8878 9524 
8483 8901 8923 
9160 9480 8138 
7687 8075 9563 
8370 8882 9098 
7921 7834 9521 
9042 8180 9092 
9441 9106 8028 
8955 9232 8528 
8811 9603 7743 
7909 9669 8496 
8931 8573 9025 
8060 9189 9075 
8977 9486 8275 
8040 9531 8371 
9279 9178 8325 
7133 7466 9738 
9404 9188 8160 
8629 9304 8775 
7715 8673 9445 
7600 9032 9274 
9280 9246 8259 
9340 9271 7923 
9466 8428 8559 
7706 9151 9161 
8299 8884 9121 
8402 8944 8942 
8421 8783 9188 
9032 8564 8972 
8916 9248 8664 

9630 8603 8427 
8051 7863 9631 
8042 7926 9576 
8382 9934 7777 
8034 9842 8179 
8054 9841 8241 
9702 8346 8308 
9696 8398 8262 
9716 8356 8306 
9999 8215 7751 
8433 9610 8541 
9298 8604 8843 
7409 10043 7689 
7674 10203 7649 
9325 8900 8524 
9335 8856 8541 
8900 8237 9203 
8906 8185 9249 
9294 9336 7927 
9312 9366 7915 
9332 9324 7959 
7849 9936 7840 
7874 9911 7814 
7892 9941 7802 
7477 8136 9666 
8502 9021 8773 
8508 8969 8819 
9833 8142 8172 
9851 8068 8173 
8586 8948 8992 
8604 8897 8975 
9245 9098 8637 
9055 9198 8669 
9073 9147 8652 
7998 9590 8698 
7972 9581 8709 
8011 9670 8697 
7311 8487 9585 
9505 9243 8094 
8325 9515 8887 
8166 8400 9458 
9643 9162 8272 
9786 9226 8170 
9709 9090 8215 
8948 8553 9112 
8966 8565 9053 
10001 8251 7726 
9995 8303 7680 
8974 9821 8193 
8998 9813 8275 
9524 9007 8512 
9467 8858 8526 
7726 10154 7453 
7720 10206 7407 
9022 8181 9030 
8566 9810 8339 
9659 8399 8391 
9677 8348 8374 
9365 9299 7921 
9360 9257 7923 
10101 7867 7572 
10107 7815 7618 
7875 7944 9662 
7825 7893 9718 
8851 8670 9132 
8720 9366 8628 
8760 9370 8601 
9237 9013 8671 
9255 9043 8659 
9275 9001 8703 
9128 8662 8919 
8829 8847 8840 
8835 8795 8886 
9270 9403 8286 
8414 9361 8763 
8454 9365 8736 
8893 8625 9080 
8888 8583 9082 
7798 9005 9552 
7780 9020 9579 
8915 8098 9224 
8933 8110 9165 
9863 8579 7889 
9857 8631 7843 
8611 8914 8766 
7997 7947 9609 
8026 7876 9614 
8128 8983 9320 
8121 9052 9460 
8433 9220 8814 
8437 9095 8799 
8070 9660 8589 
8052 9648 8648 
8425 9457 8638 
8303 9550 8662 
8185 9318 9316 
8811 8515 9218 
8861 8566 9162 
9181 9439 7889 
9116 9555 8437 
9108 9560 8565 
9479 8677 8814 
9586 8717 8789 
7895 7956 9543 
9086 9383 8597 
9170 9389 8514 
7594 8406 9627 
8233 8400 9443 
8253 8358 9487 
8592 8580 9416 
8831 9251 8716 
8837 9199 8762 
7429 10042 7751 
8895 8195 9205 
8581 8906 8994 
9050 9156 8671 
9557 8927 8281 
7489 9963 7798 
9042 8180 9092 
9654 8357 8393 
8488 9395 8569 
9177 8762 8913 
8625 8024 9302 
9717 8253 8232 

7404 10134 7238 
10001 8197 7658 
9988 8117 7659 
8518 9151 8828 
8547 9103 8815 
7756 10057 8032 
8639 9612 8540 
8113 9687 8684 
8095 9761 8683 
8091 9883 7852 
8127 9954 7838 
8503 8346 9362 
8485 8397 9379 
8241 10072 7765 
9417 8909 8620 
9200 8457 8982 
8443 9519 8604 
8425 9593 8603 
8001 9204 8951 
8228 9269 8927 
7869 8944 9320 
7864 8902 9322 
9286 9426 8135 
8133 8689 9254 
8066 8681 9295 
8061 8639 9297 
7806 9231 9055 
7757 9172 9079 
7793 9243 9065 
9377 9006 8420 
9339 9018 8388 
9357 9048 8376 
8773 9080 8975 
9648 8873 8318 
9610 8885 8286 
9628 8915 8274 
8985 9224 8507 
9050 8394 9172 
9762 8659 7959 
9789 8548 7720 
9769 8590 7676 
10015 7795 7613 
10009 7847 7567 
7031 7470 9783 
7077 7541 9768 
9204 9132 8367 
9224 9131 8429 
9104 9307 8184 
9109 9349 8182 
9127 9275 8183 
9144 9065 8634 
9139 9023 8636 
8030 9884 8345 
8025 9842 8347 
9903 8334 7361 
9451 8613 8526 
9433 8664 8543 
8877 8347 9190 
8871 8399 9144 
8673 9277 8776 
8727 9246 8747 
8715 9245 8810 
8709 9297 8764 
9547 8992 7779 
9567 8991 7841 
9674 8325 8049 
9371 8552 8839 
8948 9516 8448 
9375 9225 8119 
9388 9305 8118 
9421 9301 8111 
9432 9374 8105 
9461 9326 8092 
9303 9229 8123 
9112 8627 8836 
9298 8413 9040 
9199 8873 8645 
9181 8924 8662 
7707 8521 9436 
7669 8533 9404 
8028 10108 7610 
8289 8008 9503 
8309 7966 9547 
7997 9535 8882 
9025 9525 8043 
9489 9013 8055 
7567 8780 9487 
9531 8987 8493 
8533 9861 7931 
9097 8865 8778 
9091 8917 8732 
8190 9414 8825 
8177 9334 8826 
9064 9271 8336 
8310 9634 8596 
8354 9703 8583 
8383 9655 8570 
7864 9367 8899 
8891 8650 9080 
8160 10039 7815 
9237 8604 8807 
9780 8434 7988 
9762 8508 7987 
9459 9073 8244 
9247 9099 8371 
9799 8273 8030 
9819 8272 8092 
8958 8728 9023 
8216 9117 9132 
8198 9087 9144 
8034 8814 9393 
8014 8856 9349 
9125 9085 8538 
9145 9084 8600 
8533 9711 8221 
9287 8886 8642 
9267 8928 8598 
8500 9128 8857 
8190 9959 7779 
8208 9989 7767 
8985 9435 8265 
8973 9434 8328 
8967 9486 8282 
9066 8509 8950 
9106 9388 8152 
9124 9314 8153 
9033 8744 8996 
9301 8933 8507 
9231 8823 8827 
9206 9153 8267 
8820 8539 9130 
8802 8509 9142 
9020 8683 9025 
9007 8603 9026 
8882 8696 9045 
9653 8812 8206 
7424 10133 7300 
8835 8802 8973 
8122 9912 7840 
8480 8355 9381 
8546 9419 8590 
7788 9201 9067 
9005 9223 8569 
8622 8426 9242 
10027 7773 7568 
8737 8724 9183 
7059 7511 9780 
7894 8170 9450 
8405 8766 8984 
9923 8333 7423 
9428 8622 8545 
8704 9255 8766 
9694 8324 8111 
9097 9368 8297 
8883 9576 8137 
9176 8882 8664 
8037 8845 9270 
9045 9524 8105 
7682 9918 8125 
9086 8875 8734 
9084 9270 8398 
8940 8562 9047 
9257 8603 8869 
9241 8746 8791 
9242 9057 8373 
9100 8839 8676 
8553 9710 8283 
8962 9444 8284 
9086 8508 9012 
8979 8774 8931 
8106 9835 8158 
8994 8755 8905 
8291 9845 8146 

7870 10013 7544 
7916 10084 7529 
7876 10010 7576 
8526 8616 9365 
9122 8903 8591 
7763 8585 9486 
8833 8536 9031 
8855 8510 9016 
8873 8540 9004 
8841 9352 8695 
8825 9325 8705 
8859 9382 8683 
9743 8940 8093 
8531 9710 7775 
8405 9457 8767 
8829 8598 8973 
8812 8596 9006 
8807 8554 9008 
9652 9032 7813 
9337 9059 8435 
9321 9032 8445 
9355 9089 8423 
8339 10005 7739 
8225 9928 7767 
8295 9936 7752 
8372 9984 7725 
9089 9260 8570 
9138 9411 8052 
9413 9246 8061 
9453 9250 8034 
7438 8144 9666 
7719 9135 9169 
9188 9220 8276 
7847 9548 8653 
7893 9619 8638 
7556 9304 9161 
8974 8756 8843 
8441 8316 9399 
8245 9763 8236 
7996 9475 8609 
7978 9549 8608 
8613 9210 8874 
8329 9342 8890 
9716 8063 8125 
9698 8137 8124 
8949 9572 8386 
7428 8439 9514 
8346 8967 8901 
8364 8997 8889 
8329 9028 8992 
9050 8394 9172 
9588 8747 8322 
9580 8717 8333 
9093 8268 8940 
9147 8238 9005 
9247 9323 8061 
9242 9281 8063 
10114 7956 7446 
10032 7895 7517 
10103 7883 7452 
10147 7935 7432 
10072 7899 7490 
7722 7936 9564 
9882 8375 7934 
9866 8348 7944 
9900 8405 7922 
9274 9424 7914 
9231 9326 7944 
9270 9226 8232 
9254 9199 8242 
9288 9256 8220 
8847 8145 9249 
7838 9388 8955 
8813 8460 9065 
9822 8521 7650 
9129 8878 8791 
8547 8461 9348 
8008 9781 8532 
8571 9607 8341 
9470 8745 8626 
9432 8757 8594 
9450 8787 8582 
8167 9198 9012 
8202 9230 8967 
8162 9156 9014 
9018 9458 8155 
9036 9384 8156 
8642 8687 9089 
7825 9912 8146 
8333 9619 8524 
9223 8359 8933 
7639 8973 9401 
8359 9339 8830 
8405 9410 8815 
7546 8241 9599 
7541 8199 9601 
8435 9812 7812 
8497 9879 7709 
8495 9902 7789 
8870 9420 8659 
8028 9244 8903 
7988 9274 8937 
9250 8604 8801 
7460 9049 9326 
8592 8824 9078 
9774 8916 7908 
9209 9384 7939 
9043 8700 8803 
9063 8699 8865 
7757 9446 8915 
7752 9404 8917 
8655 8759 9048 
9287 8595 8810 
7939 9110 9209 
9063 9327 8568 
7956 8724 9388 
7873 8253 9546 
9016 9107 8607 
7736 8794 9313 
7344 7784 9797 
7358 7728 9703 
7376 7758 9691 
7898 10054 7541 
8891 8466 9005 
8854 9340 8685 
7470 10055 7716 
8243 8006 9547 
9350 9047 8425 
9187 9470 8028 
9471 9176 8035 
9208 9219 8338 
7888 9577 8640 
8994 8755 8905 
8430 8001 9439 
7448 8438 9576 
9629 8776 8309 
7742 7935 9626 
9895 8363 7924 
9283 9214 8222 
8842 8103 9251 
8833 8459 9127 
9842 8520 7712 
9124 8836 8793 
8591 9606 8403 
7964 8953 9238 
8184 9200 8979 
9058 9428 8121 
7845 9911 8208 
7338 10165 7317 
8751 9692 8129 
9374 9191 8113 
8400 9368 8817 
8485 9715 8053 
9169 8800 8503 
9789 8641 7825 
7171 7648 9810 
7371 7716 9693 

8696 9219 9046 
9171 8495 9070 
9158 8415 9071 
9373 9345 7978 
9353 9387 7934 
9502 9167 8666 
10246 8014 7583 
10191 7942 7592 
9706 8934 7938 
7905 10028 8277 
8575 8566 9268 
8593 8492 9269 
9203 8679 8757 
9209 8627 8803 
7493 9202 9090 
8826 9589 8341 
8140 9755 8228 
8536 9662 8357 
9506 8829 8202 
9511 8871 8200 
8162 9128 9130 
8222 9090 9147 
8202 9132 9103 
8184 9102 9115 
8259 9375 8722 
9978 8496 7603 
8449 8819 9095 
8489 8823 9068 
8495 8771 9114 
8471 8793 9080 
8002 9910 8315 
8050 8515 9498 
8124 8215 9721 
7536 8879 9540 
8747 8605 9098 
8807 8567 9115 
8787 8609 9071 
8793 8557 9117 
8769 8579 9083 
9573 8531 8280 
8173 9945 8221 
8857 8685 8904 
8877 8684 8966 
8361 8902 9363 
9865 8330 7727 
7909 9500 8662 
8097 9331 9009 
8084 9251 9010 
7881 9445 9000 
7864 9523 8949 
7922 9498 8994 
8231 9086 9207 
8251 9044 9251 
8583 9291 8740 
8578 9249 8742 
7881 9610 8741 
7868 9530 8742 
9694 8484 8449 
9695 8414 8448 
9735 8529 8419 
9681 8404 8450 
9311 9658 8239 
9203 8495 8820 
7954 9062 9461 
7941 9123 9455 
8676 9449 8510 
8694 9375 8511 
9763 8672 7711 
9783 8671 7773 
9235 8581 8740 
8741 8634 9026 
9945 8263 7684 
9905 8189 7731 
8172 9322 8904 
8084 9755 8489 
9287 8878 8668 
8096 10012 8272 
9593 8507 8642 
8676 8325 9399 
8722 8315 9504 
8119 8400 9524 
8106 8320 9525 
7522 9166 9089 
8972 9278 8556 
8990 9204 8557 
8967 9236 8558 
8594 8908 9060 
8581 8828 9061 
9116 9555 8437 
9590 8823 7959 
9608 8749 7960 
10034 8116 7296 
10057 8084 7295 
9592 8624 8226 
9554 8568 8254 
9588 8559 8273 
9552 8539 8285 
9788 8377 8094 
9806 8303 8095 
7900 9786 8323 
8504 9670 8626 
9373 9202 8370 
9555 8530 8320 
9126 8663 8762 
8497 8669 9281 
7756 10057 8032 
9200 9550 8469 
9239 9363 8527 
7132 7685 9735 
8451 10138 7896 
8799 9955 8180 
7338 10165 7317 
8300 9404 8681 
9549 8927 8172 
8279 9374 8784 
8507 8749 9069 
8438 8551 9332 
8872 9283 8586 
8243 8006 9547 
9255 8580 8802 
8790 8693 9002 
9146 8662 8824 
7163 7714 9723 

7694 7948 9562 
7626 7783 9645 
7623 7913 9604 
7618 7871 9606 
8322 9877 8174 
8318 9874 8207 
8338 9873 8269 
9294 8570 8983 
9208 8492 8992 
8273 9409 8720 
9297 9063 8520 
9292 9021 8522 
8807 8133 9163 
9008 9678 8108 
7834 9608 8473 
8754 9408 8539 
8736 9378 8551 
7953 9195 9154 
8176 8902 9212 
8231 8974 9203 
8222 8989 9180 
8254 8942 9202 
9371 9324 7939 
9300 9289 7981 
9352 9259 8016 
9303 9200 8040 
9484 8511 8526 
9466 8603 8561 
9461 8561 8563 
8093 7908 9471 
8113 7907 9533 
9101 9489 8325 
9110 9474 8348 
8101 8889 9260 
8129 8930 9257 
8147 8960 9245 
8622 9824 8041 
8617 9782 8043 
8860 8452 9117 
8842 8503 9134 
8227 9811 8386 
8186 9766 8416 
8264 9806 8406 
9368 9093 8373 
9468 9170 8361 
9428 9055 8390 
9414 9045 8392 
8417 9748 8074 
8399 9822 8073 
8394 9780 8075 
8326 9042 8998 
9774 8661 7764 
9812 8649 7796 
9792 8691 7752 
9048 8810 8651 
8050 8515 9498 
8637 8502 9367 
8538 9571 8571 
8613 9692 8080 
8633 9691 8142 
9682 8436 8518 
9596 8358 8527 
9421 8465 8579 
9559 8835 8409 
7654 10050 7760 
8476 9197 8735 
8332 9959 7724 
8330 9982 7804 
7915 9320 8928 
7897 9394 8927 
7892 9352 8929 
9208 8590 8753 
8439 9575 8513 
8370 9487 8617 
8406 9013 8963 
8368 9025 8931 
8386 9055 8919 
9147 9487 8116 
9168 9533 8024 
9133 9501 8069 
9672 8703 8367 
9667 8661 8369 
8054 9139 8866 
8168 9435 8809 
8133 9403 8854 
8128 9361 8856 
8295 9939 8348 
9072 8213 9118 
9110 8201 9150 
9090 8243 9106 
7998 9586 8754 
8403 8533 9327 
8666 8214 9311 
8648 8265 9328 
9423 8741 8456 
8829 9520 8502 
8856 9538 8482 
9786 8493 8255 
9772 8483 8257 
9766 8535 8211 
8077 8770 9349 
8086 8755 9372 
9003 9156 8598 
8949 9257 8467 
8944 9215 8469 
8967 9206 8450 
7862 10103 7573 
7908 10026 7593 
7962 10180 7561 
7922 10065 7590 
7908 10055 7592 
8794 9363 8627 
8740 9238 8658 
9250 9382 8279 
8926 8437 9019 
8999 8458 8993 
8981 8509 9010 
7739 8663 9410 
9607 8921 7885 
9649 8896 7846 
9665 8851 7859 
9665 8874 7841 
9647 8925 7858 
9538 9067 8235 
7392 8136 9587 
7839 9024 9217 
7834 8982 9219 
8516 9572 8584 
9093 9579 7947 
9109 9528 8028 
9091 9602 8027 
8060 8796 9312 
7820 9223 8971 
7842 9199 8953 
9717 8751 7934 
9755 8739 7966 
9735 8781 7922 
8948 9458 8402 
8907 9413 8432 
8960 9412 8362 
9135 9488 8058 
8460 8533 9293 
8768 8825 8903 
9167 8670 8755 
9284 8980 8649 
9264 9022 8605 
9664 8854 7877 
9659 8812 7879 
9682 8803 7860 
9389 8724 8740 
9057 9571 8133 
9037 9572 8071 
9094 9566 8153 
8238 9422 8788 
8192 9351 8803 
8206 9469 8766 
8220 9392 8800 
8636 8710 9065 
8616 8752 9021 
8677 8696 9019 
9127 8799 8848 
8827 8132 9225 
7540 8896 9288 
8888 8673 8905 
9926 8556 7925 
8837 8461 9136 
8308 9012 9010 
9068 8809 8713 
9441 8464 8641 
7674 10049 7822 
8496 9196 8797 
7875 9412 8824 
8286 8797 9011 
8323 9108 8957 
8074 9138 8928 
8643 8223 9330 
9443 8740 8518 
9023 9155 8660 
7719 8557 9496 
8152 8660 9280 
8976 8467 9012 
9642 8883 7860 
7412 8135 9649 
8400 8985 9000 
9256 9254 8327 
9573 9003 8297 
8817 8884 8879 
9140 8625 8815 
8607 8745 9082 
8697 8695 9081 

9459 8743 8527 
9490 8557 8557 
7116 7545 9836 
7180 7565 9804 
7162 7616 9821 
9100 8294 9049 
9095 8252 9051 
8843 9643 7980 
8807 8760 9028 
8861 8780 8997 
8802 8718 9030 
8825 8709 9011 
8776 9464 8410 
8372 9753 8222 
9563 9199 7962 
8587 8998 9059 
7542 8418 9605 
9097 9247 8675 
9120 9215 8674 
8443 9018 8964 
7094 7800 9714 
9343 9052 8291 
9353 9103 8288 
9407 9072 8259 
9335 9022 8302 
8966 9622 7864 
9483 8941 8181 
7797 9591 8665 
7755 9623 8631 
7791 9643 8619 
7314 8556 9495 
7877 7877 9608 
9368 9214 7842 
9422 9211 7829 
8576 9832 8135 
8538 9844 8103 
8556 9874 8091 
8386 9431 8768 
9256 8702 8988 
8515 8749 9328 
8065 9593 8459 
8083 9519 8460 
9050 8394 9172 
7746 10021 8178 
9477 8906 8254 
7853 8643 9485 
7401 8799 9396 
7578 9058 9194 
7618 9132 9147 
8005 9003 9342 
8745 9445 8662 
8189 9246 8886 
8032 7987 9565 
7986 8035 9546 
8881 9264 8554 
9634 8844 7998 
9771 8764 7950 
9783 8765 7887 
9765 8816 7904 
8128 8420 9432 
8156 8412 9407 
8146 8450 9420 
8201 9460 8825 
8155 9508 8806 
8195 9512 8779 
8477 7917 9415 
8457 7918 9353 
9888 8411 7712 
9883 8369 7714 
9196 8193 9071 
9182 8183 9073 
9136 8231 9054 
9158 8205 9039 
9176 8235 9027 
7836 9665 8515 
9578 8677 8363 
8848 8428 9053 
8866 8458 9041 
7848 9797 8455 
7934 9875 8446 
9724 9007 7710 
9706 8954 7740 
9724 8984 7728 
9695 9055 7723 
9617 8341 8313 
9635 8267 8314 
8048 9268 8913 
8913 9457 8366 
9240 9145 8403 
8987 9696 7861 
8915 9605 7886 
8901 9595 7888 
8906 9608 7887 
8958 9744 7874 
8901 9566 7889 
8667 9048 8820 
8713 9119 8805 
9090 9536 8303 
9113 9527 8284 
8027 9120 9171 
8007 9121 9109 
8115 9711 8363 
8057 9711 8409 
8075 9637 8410 
7920 9230 8998 
9473 8602 8405 
9510 8860 8216 
7910 9763 8509 
9475 8422 8587 
8435 9719 8236 
8499 9739 8204 
8481 9790 8221 
9184 9180 8350 
9233 9239 8326 
8925 9442 8415 
8816 8569 9079 
8796 8611 9035 
8374 8180 9524 
8354 8222 9480 
7886 9542 8748 
9041 9559 7726 
9275 8640 8708 
8030 10064 7704 
8839 9746 8102 
9141 9454 8138 
7598 7904 9640 
7662 7924 9608 
7644 7975 9625 
8478 9498 8544 
9304 9447 8264 
8965 8543 9037 
8801 8352 9183 
8796 8310 9185 
9351 9456 8090 
9055 8308 9078 
9327 8899 8698 
8433 9673 8323 
8451 9703 8311 
9175 9107 8519 
9139 8970 8676 
7157 7574 9823 
9374 8923 8486 
8874 8768 8987 
8410 9741 8254 
8363 9604 8356 
7114 7799 9776 
9384 9081 8278 
9447 8921 8193 
8604 8374 9260 
7334 8555 9557 
9426 9214 7796 
9497 8905 8316 
7421 8798 9458 
8018 8991 9332 
8331 9957 7982 
9654 8843 8060 
9760 8774 7906 
8141 8408 9422 
8213 9438 8780 
8539 8674 9215 
8827 8132 9225 
8826 8454 9068 
9260 9144 8465 
8695 9089 8817 
8476 9748 8223 
9295 8639 8770 
9245 9194 8283 
7639 7933 9627 
9189 9020 8548 
9233 8901 8528 

8928 8501 9050 
8941 8581 9049 
8056 8168 9514 
8090 8225 9492 
8616 9319 8629 
8689 9317 8621 
8671 9391 8620 
7940 9823 8492 
7861 9877 8454 
7934 9875 8446 
7323 7555 9784 
8346 9255 8876 
7726 9290 8944 
8457 9433 8796 
8507 9463 8789 
9751 8613 8201 
7589 8456 9505 
8426 9567 8598 
8368 9506 8614 
8476 9597 8591 
7857 8849 9420 
7912 8921 9411 
8967 9376 8234 
8965 9399 8314 
8960 9357 8316 
8987 9375 8296 
9442 8840 8723 
9791 8661 7610 
8203 10118 7745 
8564 8520 9335 
9481 8670 8655 
8879 9670 8238 
8885 9618 8284 
9148 8877 8626 
9246 8318 8866 
9348 8461 8797 
9400 8372 8863 
9380 8414 8819 
9307 8416 8827 
9528 8534 8612 
8632 8146 9267 
8654 8120 9252 
8672 8150 9240 
8080 9512 8640 
8534 9617 8343 
7955 9855 7898 
7992 9936 7835 
8012 9935 7897 
9625 9079 7818 
9273 9436 8017 
9293 9394 8061 
7827 9104 9214 
7861 9161 9192 
9583 8527 8785 
8624 9030 8958 
8670 8982 8977 
8919 8271 9183 
7936 8619 9490 
10011 7937 7491 
10054 7937 7475 
10015 7933 7535 
9969 7981 7516 
10068 7976 7472 
10070 7994 7410 
10067 8046 7473 
10054 7966 7474 
9357 9146 8548 
9344 9066 8549 
7572 10168 7913 
7565 9211 9138 
7620 9283 9129 
9248 8687 8805 
9266 8717 8793 
9286 8675 8837 
8680 9739 8143 
8735 9811 8134 
7921 7804 9640 
8223 9015 9270 
8229 8963 9316 
7722 8169 9522 
7808 9536 8806 
7863 9608 8797 
9075 8742 8881 
9093 8772 8869 
9113 8730 8913 
7917 9063 9141 
7899 9137 9140 
7894 9095 9142 
9505 9046 8172 
9560 9118 8163 
8231 8648 9199 
8249 8678 9187 
9776 8928 7944 
9563 9199 7962 
7534 8529 9577 
7539 8563 9565 
7559 8521 9609 
9948 8078 7904 
8435 8567 9187 
8508 8565 9179 
8490 8639 9178 
8485 8597 9180 
9432 9179 8133 
9470 9306 8111 
9430 9191 8140 
9429 9261 8141 
9416 9181 8142 
8977 9488 8202 
8913 9468 8234 
8959 9539 8219 
9004 8515 8978 
9024 8473 9022 
8897 9487 8496 
9221 8267 9066 
8977 8490 9016 
7932 7824 9565 
7945 7904 9564 
8535 9675 8181 
8590 9747 8172 
8719 8178 9192 
8792 8176 9184 
9507 8626 8422 
8347 9605 8630 
9232 9485 8209 
9198 9428 8231 
9259 9503 8189 
9123 8379 8975 
9196 8377 8967 
8376 9663 8545 
9595 8521 8384 
9601 8469 8430 
9088 9233 8618 
7832 8755 9453 
7882 8785 9446 
7905 8753 9445 
8392 8316 9439 
8729 8635 9043 
8212 9010 9275 
9486 9160 8417 
8909 8670 9026 
8915 8618 9072 
8602 9220 8974 
8268 9002 9110 
8428 9174 8993 
8665 9013 8962 
8699 9070 8940 
8648 9046 8947 
8728 8941 8786 
8741 9021 8785 
8814 9019 8777 
8645 9087 8772 
9009 9093 8718 
9794 8548 7840 
8080 8369 9393 
9811 8660 7672 
8100 9511 8702 
8564 9622 8316 
8956 9435 8431 
9620 9037 7820 
7585 10156 7903 
8484 9826 8202 
7048 7629 9682 
8954 9497 8221 
9527 8625 8484 
8263 8960 9112 
8423 9132 8995 
8373 9040 9067 
8576 9094 9044 

9811 8450 8263 
9394 9180 8361 
8855 8571 8961 
8875 8570 9023 
9009 9459 8117 
9029 9458 8179 
9128 8662 8919 
7877 7734 9525 
9322 8912 8648 
9284 8924 8616 
9302 8954 8604 
9590 8632 8528 
9550 8517 8557 
9490 8555 8540 
9536 8507 8559 
7844 10069 7803 
9287 9043 8435 
9472 8627 8657 
8815 9487 8477 
8838 9455 8476 
8950 8517 9111 
8912 8529 9079 
8930 8559 9067 
7804 9280 8909 
9403 8861 8446 
7985 9007 9319 
7965 9049 9275 
8579 9207 8624 
9695 8632 8233 
9718 8623 8214 
9015 9433 8192 
9021 9381 8238 
9803 8694 7975 
9765 8706 7943 
9783 8736 7931 
7847 9571 8536 
8037 9004 9077 
8235 8818 9177 
8255 8776 9221 
7797 10090 7407 
7861 10081 7462 
7795 10113 7487 
8450 9244 8729 
8456 9192 8775 
8814 9638 8249 
8776 9650 8217 
8794 9680 8205 
7836 7755 9570 
8555 8598 9140 
8575 8597 9202 
8360 9349 8873 
8888 9286 8545 
8239 9548 8381 
8245 9496 8427 
7485 9455 8785 
8603 8475 9265 
8197 8631 9333 
8231 8688 9311 
8788 9725 7948 
8776 9510 8276 
8021 8224 9446 
7436 8089 9601 
7870 8018 9527 
8628 9530 8377 
8668 9534 8350 
7819 9789 8341 
7839 9788 8403 
8697 8743 9102 
9654 8840 7751 
9703 8899 7727 
9958 8339 7759 
9953 8297 7761 
8289 8933 9079 
8335 8885 9098 
9282 9355 8012 
9277 9313 8014 
7816 9980 8062 
7811 9938 8064 
7797 9749 8435 
7824 9767 8415 
9653 8901 7984 
7665 9940 8083 
7627 9096 9216 
7605 9120 9234 
7600 9078 9236 
8233 9135 9010 
8175 9205 9036 
8215 9209 9009 
8221 9157 9055 
8633 8184 9389 
8595 8196 9357 
8613 8226 9345 
9186 9107 8427 
8821 8341 9114 
8841 8340 9176 
8413 9723 8176 
9636 8660 8252 
8183 9719 8300 
8201 9645 8301 
8238 9131 8981 
8220 9205 8980 
8226 9153 9026 
9742 8386 8346 
9551 8917 8143 
9537 8907 8145 
7638 8867 9409 
9369 8586 8791 
7981 8483 9433 
7943 8495 9401 
8050 9807 8153 
8834 8838 9087 
8168 10006 7825 
8130 10018 7793 
8148 10048 7781 
8900 9273 8552 
8949 9332 8528 
8602 9872 8122 
7937 8446 9476 
7736 10005 8065 
7731 9963 8067 
8510 9111 9058 
7401 8601 9543 
7396 8559 9545 
8337 8767 9199 
8299 8779 9167 
8317 8809 9155 
8644 9097 8891 
8558 9019 8900 
7765 8185 9480 
7747 8259 9479 
7742 8217 9481 
7759 8150 9528 
7721 8162 9496 
7739 8192 9484 
7618 8258 9493 
7767 8125 9485 
7805 8124 9484 
7811 8072 9530 
9533 9050 8345 
7468 8188 9568 
9337 8527 8873 
9177 8762 8913 
7897 7733 9587 
9307 9042 8497 
7824 9279 8971 
8585 9155 8670 
7867 9570 8598 
8019 8974 9089 
7856 7754 9632 
9211 9332 8185 
8908 9244 8589 
8866 8844 8792 
8598 8433 9267 
8226 8646 9313 
8752 9705 7960 
7456 8088 9663 
7852 7988 9539 
8663 9492 8352 
9299 9357 7979 
9015 9229 8380 
7685 9939 8145 
7102 7531 9758 
7676 9155 9192 
8210 9167 9011 
9206 9106 8489 
8702 9256 8587 
9364 8544 8793 
8010 9803 8180 
7623 8123 9567 
7638 8257 9555 
7678 8252 9543 
7800 8082 9486 

9045 8405 8809 
9087 8373 8843 
9081 8425 8797 
8140 9825 8292 
8037 8379 9444 
8031 8382 9412 
8019 8453 9443 
7765 7837 9571 
7737 7796 9574 
7719 7811 9601 
7783 7867 9559 
8995 8788 9005 
8945 8758 9012 
8912 8845 8925 
8519 9335 8765 
8543 9313 8799 
8537 9365 8753 
9110 8201 9150 
9109 8271 9151 
9096 8191 9152 
9943 8386 7719 
8248 9427 8792 
8208 9423 8819 
7923 9608 8799 
8640 9297 8686 
8306 9366 8944 
9539 9237 7956 
9498 9208 7997 
9493 9166 7999 
7909 9378 9002 
8436 8109 9480 
7826 10094 7877 
7813 10014 7878 
9323 9411 7981 
9177 9194 8494 
9660 8825 7971 
8281 8839 8991 
8275 8891 8945 
8965 9301 8555 
8830 8232 9278 
8817 8152 9279 
8950 8517 9111 
9428 9150 8163 
9423 9108 8165 
9325 8668 8567 
8491 9712 8366 
8486 9670 8368 
9230 9310 8338 
8056 8699 9306 
8038 8669 9318 
9517 8298 8658 
9535 8224 8659 
8884 9614 8442 
7513 8198 9631 
7495 8168 9643 
9833 8765 8125 
8193 8910 9074 
7633 9310 9008 
7604 9295 9028 
7599 9253 9030 
9601 9095 7850 
9004 9183 8648 
9084 8901 8682 
7886 8998 9292 
7868 8968 9304 
7664 8903 9469 
7980 7933 9500 
8483 8625 9356 
8442 8596 9369 
8437 8554 9371 
7613 9113 9276 
9665 8387 8419 
9647 8461 8418 
7401 8601 9543 
7396 8559 9545 
9431 8942 8471 
8885 8209 9230 
9409 8561 8595 
8190 9239 9013 
9498 8706 8287 
9492 8758 8241 
7836 7755 9570 
9209 8741 8634 
8401 8722 9047 
7920 9645 8724 
8078 9925 8134 
8120 9893 8168 
8103 9942 8118 
8250 9280 8974 
9242 8817 8619 
8396 9851 8081 
9837 8412 7880 
9172 9038 8547 
9152 9080 8503 
8043 8953 9031 
8063 8952 9093 
8637 8286 9376 
8515 8168 9378 
8473 9632 8422 
9187 8671 8717 
9207 8670 8779 
8420 8931 8825 
8458 8919 8857 
8438 8961 8813 
8933 8593 9082 
8976 8622 9065 
8989 8702 9064 
8581 9666 8188 
8624 9695 8171 
8638 9705 8169 
8637 9775 8170 
9012 9425 8537 
8779 9772 8135 
9626 8733 8235 
9620 8785 8189 
8032 9848 8447 
9468 8853 8466 
8723 8755 9023 
8709 8745 9025 
8703 8797 8979 
8458 9653 8418 
9416 9215 8390 
8273 9434 8765 
8255 9508 8764 
8597 9523 8597 
8023 10080 7541 
8015 10103 7503 
8098 10077 7623 
8223 9974 7833 
8083 10033 7741 
8078 9991 7743 
8355 9916 7850 
8362 9888 7830 
8786 9645 7910 
8468 9423 8606 
9032 9522 7949 
8888 9527 8194 
8555 9291 8754 
9111 8179 8832 
8646 9245 8732 
9629 8606 8296 
9680 8824 8033 
8293 8817 8946 
9345 8667 8629 
9279 9410 8332 
9650 9195 7844 
9439 8566 8568 
7856 7754 9632 
8421 8721 9109 
9460 8984 8315 
9615 8743 8191 
7863 8336 9453 
8218 9932 7835 

9589 8953 7580 
9609 8952 7642 
8701 9417 8533 
8576 8732 9002 
8596 8731 9064 
8384 9311 8813 
10112 7987 7309 
10099 8034 7413 
10102 8089 7325 
8872 8413 9185 
9308 9426 7961 
8467 8933 8944 
7851 9909 8190 
7831 9951 8146 
9377 8625 8494 
9790 8669 7723 
9791 8640 7740 
7121 7408 9798 
8167 8817 9138 
8173 8778 9144 
8216 8768 9187 
8193 8777 9206 
7229 7871 9747 
7189 7797 9794 
9248 8287 8747 
9248 8318 8642 
9280 8271 8664 
9300 8270 8726 
8390 9609 8593 
8410 9639 8550 
8971 9346 8609 
9009 9334 8641 
8989 9376 8597 
7953 9570 8788 
7930 9602 8789 
9853 8512 7740 
9859 8473 7746 
9879 8472 7808 
7621 7886 9538 
7641 7885 9600 
9650 8621 8284 
8299 9079 8899 
9160 8910 8490 
9180 8909 8552 
7835 10147 7435 
8355 9846 7830 
9383 9047 8099 
9384 9018 8116 
9882 8364 7476 
9883 8335 7493 
9644 8703 8059 
9696 8686 8038 
9647 8758 7971 
9676 8687 7976 
7588 8935 9502 
9314 8767 8450 
7632 10150 7522 
7619 10197 7626 
9229 9298 8349 
9540 8919 7909 
9543 8974 7821 
9557 8899 7804 
9557 8888 7884 
8089 9793 8305 
8118 9777 8390 
9240 8881 8536 
9246 8842 8542 
9269 8833 8523 
9289 8832 8585 
9266 8841 8604 
8962 8293 8944 
9055 8290 8998 
9006 8362 8931 
9035 8291 8936 
9012 8323 8937 
8476 9353 8674 
8496 9352 8736 
9041 9445 8329 
9028 9492 8433 
9031 9547 8345 
7983 9071 9218 
7963 9113 9174 
8149 9974 8079 
8149 9943 8184 
9322 9345 7922 
9328 9293 7968 
8686 8640 9068 
7933 9708 8509 
7910 9740 8510 
9553 8470 8547 
9535 8521 8564 
7801 8962 9341 
9101 9543 8035 
9101 9512 8140 
9027 8195 9023 
9020 8186 9086 
9040 8185 9148 
9357 9101 8222 
9308 9042 8246 
9281 9024 8266 
9124 8436 8878 
9162 8424 8910 
9142 8466 8866 
8242 8526 9224 
8283 8571 9194 
8243 8497 9241 
8675 8658 9041 
7898 10075 7673 
7886 10024 7738 
7904 10036 7679 
7910 9984 7725 
8600 8290 9197 
8624 8229 9213 
8601 8261 9214 
9153 8607 8841 
8626 8706 9019 
8806 9776 8053 
8793 9823 8157 
8714 9747 8160 
9243 8854 8519 
7549 8555 9577 
7537 8504 9642 
7573 8442 9584 
7555 8516 9583 
7578 8484 9582 
7561 8464 9629 
9186 9308 8366 
9168 9359 8383 
8393 9382 8772 
8431 9370 8804 
8411 9412 8760 
9019 8257 9061 
9020 8228 9078 
7720 7832 9658 
7758 7820 9690 
7738 7862 9646 
9800 8485 7851 
9801 8456 7868 
7781 10031 7705 
9473 8964 8231 
9479 8925 8237 
9502 8916 8218 
9522 8915 8280 
9499 8924 8299 
7934 9112 9222 
7972 9100 9254 
7952 9142 9210 
8106 8705 9256 
9157 9383 8356 
8528 8285 9317 
7744 10093 7467 
8848 8428 9053 
8866 8458 9041 
8530 9437 8471 
9533 9221 7780 
9520 9268 7884 
9537 9248 7779 
8449 9382 8605 
8208 9750 8355 
8159 9822 8288 
8188 9751 8293 
8165 9783 8294 
8185 9782 8356 
7740 8902 9379 
7774 8959 9357 
8534 9468 8439 
8505 9529 8412 
8516 9519 8456 
8634 9292 8681 
8672 9280 8713 
8652 9322 8669 
8379 9269 8815 
8170 8648 9262 
8487 8932 9006 
8487 8109 9402 
9397 8624 8556 
7640 10048 7812 
8246 8773 9160 
9165 8332 8856 
9670 8620 8346 
8319 9078 8961 
8539 9634 8383 
8974 8810 8874 
7554 8878 9524 
9354 8841 8403 
8059 8461 9379 
9340 9271 7923 
8706 8639 9130 
8527 8692 9083 
9530 8479 8566 
9169 8630 8834 
8737 8687 8913 
8705 8663 9014 
8553 8080 9362 
9148 8565 8843 
8470 8910 9039 
9163 9317 8385 
8418 9436 8588 
8548 8284 9379 
8826 8454 9068 
8469 9381 8667 
8511 9477 8458 
8543 9507 8430 

8415 8287 9312 
8443 8328 9309 
8461 8358 9297 
9585 9110 8008 
9565 9152 7964 
8799 8412 9210 
9193 9474 8267 
9225 9427 8289 
8841 9552 8304 
8804 9592 8426 
8582 8650 9199 
8595 8759 9197 
8596 8689 9196 
8198 9417 8808 
8224 9373 8798 
8252 9414 8795 
8216 9343 8809 
9696 9002 7717 
9732 9022 7705 
9692 8763 8181 
9354 9067 8570 
9371 9087 8523 
9312 9099 8536 
9348 9119 8524 
9795 8700 8159 
9756 8690 8202 
9756 8667 8220 
9683 8669 8228 
9684 8599 8227 
9724 8714 8198 
9627 8560 8246 
9114 8628 8786 
7825 9471 8744 
9374 9248 8259 
9146 9439 8358 
9146 9416 8376 
9060 9309 8386 
9073 9418 8384 
9074 9348 8383 
9114 9463 8354 
9017 9309 8402 
9850 8613 7694 
8478 9352 8524 
7987 8828 9330 
9798 8852 7885 
7505 7649 9751 
9657 8312 8422 
9652 8270 8424 
7959 9772 8473 
7977 9698 8474 
7450 8634 9546 
7445 8592 9548 
9181 8447 9113 
9108 8449 9121 
8243 7938 9405 
8338 9270 8896 
8376 9258 8928 
8356 9300 8884 
10007 8221 7847 
9539 9169 8250 
9548 9154 8273 
8011 9670 8697 
8686 9068 8835 
8658 9504 8468 
8640 9578 8467 
9161 9213 8562 
9179 9162 8545 
8143 8046 9420 
7839 10079 7392 
9253 8606 8721 
9199 8660 8732 
9198 8599 8783 
9235 8680 8720 
8003 8372 9554 
7983 8414 9510 
9582 9000 8263 
7461 8928 9272 
9855 8232 8126 
10032 7768 7542 
10140 7883 7531 
8322 9800 8333 
8543 7990 9354 
8638 9840 8099 
8636 9857 8063 
8676 9828 8131 
8653 9837 8150 
8615 9849 8118 
8873 9525 8123 
8893 9524 8185 
8840 9609 7584 
7895 9361 8983 
9161 9206 8615 
8305 8788 9249 
8750 9647 7921 
8646 9288 8659 
7717 8738 9394 
7717 8715 9412 
7700 8666 9460 
7713 8775 9458 
7714 8705 9457 
9238 9282 8069 
9256 9273 8123 
9293 9354 8060 
8135 8591 9415 
8131 8628 9479 
8132 8558 9478 
9764 8284 8232 
9702 8162 8235 
9759 8242 8234 
7422 10032 7797 
7440 10062 7785 
7589 9249 9112 
7656 9257 9071 
7584 9207 9114 
7757 9061 9156 
8853 8594 9042 
8848 8552 9044 
9831 8692 7759 
9869 8505 7992 
9320 9179 8474 
9352 9132 8496 
9281 9146 8535 
8547 8453 9246 
9368 9038 8612 
8744 9628 8037 
8764 9627 8099 
7544 8791 9401 
7586 9081 9148 
7571 9079 9150 
9137 9225 8513 
9100 9265 8635 
8673 9201 8731 
9552 9022 8230 
8382 9546 8491 
8287 8795 9256 
8201 8665 9284 
8214 8774 9282 
8215 8704 9281 
8255 8819 9252 
8158 8665 9300 
8526 9397 8507 
8486 9323 8554 
8606 9338 8537 
8601 9296 8539 
9258 8862 8645 
9258 8839 8663 
9203 8767 8672 
9185 8841 8671 
9169 8724 8685 
9186 8771 8670 
9226 8886 8641 
9129 8732 8689 
9528 8534 8612 
7704 9922 8080 
8615 8797 9146 
8125 9555 8527 
8109 9528 8537 
8143 9585 8515 
8631 9118 8796 
8698 9126 8755 
8626 9076 8798 
9416 9280 7991 
9344 9084 8568 
7780 9864 8269 
7818 9852 8301 
7798 9894 8257 
8715 8689 9131 
7468 10023 7792 
7488 10022 7854 
9540 8897 8304 
9558 8846 8287 
9431 8943 8289 
9451 8942 8351 
9482 8826 8343 
9537 8898 8334 
9555 8847 8317 
9466 8697 8662 
8256 9417 8762 
9134 8627 8848 
7845 9470 8806 
7640 9033 9203 
7982 8786 9332 
8883 8731 8969 
8263 7937 9467 
7682 9918 8125 
8075 9496 8562 
8295 9918 7861 
7238 7897 9689 
8163 8045 9482 
7859 10078 7454 
9230 8638 8722 
9021 8822 8910 
7481 8927 9334 
8538 7948 9356 
7583 9938 7498 
8600 8008 9258 
8770 9646 7983 
9288 9312 8062 
7463 8522 9530 
7564 8790 9463 
7601 9084 9123 
9614 8716 8200 
8138 9543 8517 
9626 8785 7919 
7431 9942 7855 
8631 7965 9269 
9532 8856 8336 

9407 8983 8392 
9462 9055 8383 
8691 9501 8325 
8393 9884 7589 
8355 9893 7613 
8397 9861 7647 
8391 9913 7601 
9387 8535 8774 
9369 8586 8791 
9665 8987 7832 
9647 9038 7849 
9145 8779 8894 
9158 8859 8893 
9466 9319 8015 
9409 9170 8029 
9422 9250 8028 
9678 8526 8436 
9654 8548 8402 
9632 8574 8417 
9692 8536 8434 
9672 8578 8390 
8962 9562 8315 
9212 8100 8959 
9157 8028 8968 
9293 9111 8159 
8015 9926 8363 
9171 9278 8175 
9191 9277 8237 
8900 8902 9044 
7638 8861 9340 
8765 8556 9237 
8752 8476 9238 
8957 8859 8897 
10015 8253 7437 
10019 8193 7391 
8035 9129 9212 
9714 8214 7966 
9551 9100 8208 
9201 9234 8276 
8677 8339 9390 
8664 8259 9391 
8536 9819 8083 
8510 9617 8473 
8524 9603 8520 
8801 8291 9217 
8319 9875 7827 
9060 9140 8482 
8439 9226 8788 
8374 7975 9419 
9639 8719 8249 
9584 8647 8258 
9117 9452 8037 
8529 8982 8988 
8474 8910 8997 
9288 8988 8571 
8048 10066 7654 
8028 10108 7610 
9503 9207 7812 
9114 8971 8746 
9109 8929 8748 
9132 8920 8729 
9427 8679 8677 
10000 8113 7554 
7805 10020 8100 
7059 7543 9820 
7054 7501 9822 
7077 7492 9803 
8141 8713 9243 
8214 8690 9302 
9819 8438 7858 
9765 8469 7887 
9801 8489 7875 
8878 9306 8598 
8910 9248 8490 
9547 8720 8211 
7380 8578 9601 
7325 8506 9610 
9030 8517 8998 
8975 8445 9007 
8813 9612 7840 
7438 8219 9687 
7425 8139 9688 
9493 8625 8546 
9438 8553 8555 
7782 10152 7814 
8199 8875 9230 
7660 8574 9368 
8567 9505 8465 
8429 8548 9253 
9419 8788 8679 
9394 8799 8628 
9423 8728 8633 
9406 8708 8680 
8994 8203 9025 
8989 8161 9027 
7723 8596 9304 
9537 8843 8362 
9598 8879 8164 
8632 9776 8101 
8174 9985 7997 
8107 10000 8020 
8121 9986 8067 
8125 9926 8021 
9441 9107 8294 
7764 8321 9501 
7744 8322 9439 
7850 9492 8777 
7908 9492 8731 
7868 9418 8778 
8214 9792 8413 
8768 9641 7915 
9899 8266 7957 
7515 8309 9646 
7474 8264 9676 
7461 8184 9677 
7475 8194 9675 
9314 9401 7913 
7915 7927 9595 
7956 7972 9565 
7916 7857 9594 
7965 7957 9588 
8981 9400 8486 
8544 9266 8735 
8557 9375 8733 
8630 9373 8725 
8544 9295 8734 
8601 9444 8720 
8558 9305 8732 
8264 8694 9169 
8824 9328 8609 
8678 9675 8095 
8691 9784 8093 
8678 9704 8094 
8735 9853 8080 
8692 9714 8092 
9353 8730 8690 
7432 8671 9390 
7450 8701 9378 
9921 8481 7779 
7930 9591 8611 
7922 9513 8644 
7904 9587 8643 
8199 9693 8552 
8187 9513 8580 
8326 9502 8681 
8711 9500 8387 
9364 8544 8793 
9642 8996 7851 
9313 9110 8221 
8038 9279 8822 
9221 9233 8338 
8269 9102 8851 
7802 8228 9419 
8488 9285 8764 
7723 8215 9539 
8394 7974 9481 
9137 9451 8099 
8338 9619 8163 
9161 8428 8893 
9177 9363 7974 
7892 9326 9123 
9796 8447 7877 
8777 9592 7852 
9497 8500 8531 
7680 8573 9430 
8449 8547 9315 
7910 7885 9597 
7677 9139 9124 
8284 8693 9231 
7470 8659 9422 
8207 9512 8642 
8193 9518 8567 
8191 9465 8699 

8907 8666 8810 
7294 8486 9537 
7312 8516 9525 
8640 9030 8907 
8622 9000 8919 
9369 8549 8855 
9331 8561 8823 
9349 8591 8811 
7059 7543 9820 
7041 7513 9832 
7054 7501 9822 
9285 9408 8106 
9369 8781 8476 
9701 8808 8257 
8123 9224 8978 
8105 9194 8990 
8118 9182 8980 
8289 9500 8781 
8266 9536 8705 
9216 8672 8790 
9628 9310 8282 
8221 8598 9464 
8963 8460 9065 
8166 9803 8248 
8037 9804 8553 
8881 9503 8554 
8887 9537 8476 
7788 8834 9457 
7808 8842 9439 
7807 8912 9440 
7848 8957 9410 
7770 10072 7765 
7732 10084 7733 
7750 10114 7721 
8838 9713 8018 
8861 9700 8099 
7697 9333 9312 
8282 9566 8315 
9258 8414 8916 
8607 8171 9276 
8647 8125 9311 
8667 8133 9293 
7927 9105 9278 
8727 9239 8566 
8828 8641 9017 
8841 8629 9007 
9822 9221 8113 
8197 8920 9285 
8192 8886 9297 
8379 9000 9063 
10094 8825 7973 
7499 9073 9316 
7653 9934 8040 
7673 9933 8102 
9654 8610 8739 
9661 8541 8599 
8417 8659 9248 
8399 8629 9260 
8412 8617 9250 
8008 9342 9018 
7985 9374 9019 
7990 9312 9030 
8151 9399 8798 
9115 8248 8988 
9164 8239 9037 
8622 9310 8725 
8671 9251 8753 
8682 9272 8742 
8722 9387 8713 
8193 7903 9552 
8202 7840 9607 
9250 9043 8591 
8795 8642 9052 
8757 8654 9020 
8775 8684 9008 
8712 9646 8272 
9270 9497 8431 
8362 9153 8847 
9690 8889 8145 
8566 10063 7937 
8552 9129 9015 
8815 8076 9336 
8777 8088 9304 
8795 8118 9292 
7752 8365 9586 
7734 8335 9598 
7812 9526 8753 
7504 9117 9314 
9179 8500 8973 
8986 8347 9055 
8606 9796 8150 
8624 9826 8138 
8698 9065 8862 
8272 9606 8372 
8263 9556 8391 
8795 8194 9252 
8774 8176 9273 
8822 8211 9234 
8787 8164 9263 
8792 8206 9261 
9146 9494 8545 
9167 9427 8530 
8644 9746 8184 
8606 9758 8152 
8624 9788 8140 
8399 9539 8596 
8413 9462 8630 
8431 9492 8618 
9025 8462 9017 
8373 9509 8662 
8568 9746 8260 
8550 9716 8272 
8563 9704 8262 
9504 9065 8412 
8927 8665 8872 
7332 8474 9569 
9371 8567 8793 
9389 8780 8538 
9067 8729 8722 
7323 8133 9658 
7940 9927 8029 
7845 9470 8806 
9825 8304 8159 
8512 8353 9299 
9299 9143 8585 
9256 8829 8624 
9672 8859 8157 
9267 8785 8675 
8693 9023 8864 
8859 8214 9220 

9025 9444 8029 
9585 8942 8408 
7872 9494 8645 
7892 9493 8707 
9164 8527 8953 
9151 8447 8954 
9400 8792 8568 
9228 8359 8801 
9208 8401 8757 
9190 8371 8769 
8094 8537 9463 
7825 9471 8744 
8724 9790 8129 
7067 7393 9776 
7090 7384 9757 
7106 7411 9747 
7052 7391 9778 
7101 7450 9754 
8093 9344 9067 
8323 9261 8927 
8121 10132 7603 
9662 8764 8527 
7917 9032 9211 
7939 9008 9193 
7988 9067 9169 
7912 8990 9213 
7816 9812 8378 
7668 9081 9269 
7634 9024 9291 
7578 8501 9579 
9313 9196 8342 
9293 9238 8298 
9275 9208 8310 
8428 9147 8794 
9708 8492 7905 
9688 8534 7861 
9670 8504 7873 
8805 8000 9252 
9221 9135 8546 
9216 9093 8548 
8494 9858 8256 
8342 8817 9185 
8951 9402 8372 
8971 9401 8434 
9213 9066 8611 
9205 9154 8572 
9175 9078 8579 
9203 8544 8753 
9183 8586 8709 
9165 8556 8721 
9331 9199 7984 
9068 8989 8759 
9784 8344 7939 
9181 9329 8176 
7818 9252 9126 
8744 8810 8945 
7691 8756 9384 
7668 8788 9385 
7765 9473 8984 
7741 10215 7472 
9584 9022 8076 
9128 8958 8843 
9065 8819 8852 
7801 8074 9592 
7819 8000 9593 
9964 8008 7537 
9982 7934 7538 
9959 7966 7539 
9020 8524 9115 
9214 9440 7850 
9212 9422 7912 
9192 9464 7868 
9174 9434 7880 
7772 7766 9693 
7756 10057 8032 
9424 9129 7835 
9444 9128 7897 
8737 9770 8276 
9860 8625 7793 
8790 9431 8762 
9626 8916 7866 
9621 8874 7868 
8926 9045 8804 
8944 8971 8805 
7978 7644 9551 
7928 7706 9556 
8006 7685 9548 
7970 7614 9562 
7952 7688 9561 
8033 8702 9457 
8020 8622 9458 
8106 8700 9449 
8506 8981 9021 
8501 8939 9023 
9451 8740 8648 
7828 9086 9098 
8709 8089 9395 
7916 8296 9500 
7603 8917 9423 
7598 8875 9425 
7574 8631 9534 
7592 8557 9535 
8885 8986 8916 
8865 9028 8872 
8847 8998 8884 
7779 9525 8527 
7783 9502 8585 
7777 9554 8539 
8128 8710 9364 
8089 8769 9350 
8162 8790 9324 
8162 8767 9342 
8130 8814 9320 
8028 9550 8514 
8022 9602 8468 
8733 8476 9272 
8803 9589 8028 
9805 8410 7823 
8898 9539 7826 
7264 7962 9746 
8940 8701 8974 
8958 8627 8975 
8655 9522 8522 
8609 9570 8503 
8649 9574 8476 
9360 9113 8497 
8742 8081 9345 
8719 8113 9346 
8621 8561 9311 
9379 9114 8449 
7541 10061 7753 
7575 10118 7731 
7557 10088 7743 
7652 10160 7580 
7795 10129 7710 
7852 10023 7719 
8059 9950 7694 
8042 9999 7644 
8061 9948 7820 
8041 9990 7776 
8023 9960 7788 
7466 8221 9658 
9007 9414 8041 
7845 9470 8806 
8850 9549 8442 
9256 8829 8624 
9164 9203 8512 
8523 9873 8236 
9351 9198 8046 
8367 7907 9456 
9804 8343 8001 
9230 9388 8152 
7977 9609 8290 
9386 8978 8315 
9049 8539 9095 
9855 8583 7795 
8010 7688 9515 
9319 9243 7773 
8767 9569 8040 
9825 8409 7885 
7982 8101 9479 
8667 9500 8477 
7570 10076 7733 

9784 8344 7939 
7943 9876 7942 
9098 9208 8425 
7656 9331 9116 
9216 9346 8407 
7463 10028 7781 
7541 8745 9361 
7614 8743 9353 
7614 8766 9335 
7596 8817 9352 
9745 8812 7761 
9765 8811 7823 
8804 8554 9211 
9183 8524 8851 
9650 8621 8284 
9344 8722 8409 
9345 8693 8426 
9702 8346 8308 
9716 8356 8306 
9696 8398 8262 
9554 9085 7736 
9534 9086 7674 
9511 9118 7675 
9531 9117 7737 
9020 9540 8121 
8980 9534 8151 
9018 9522 8183 
8998 9564 8139 
9096 9153 8622 
9053 9055 8652 
8073 9597 8783 
8038 9627 8798 
8084 9579 8817 
8067 9628 8767 
8084 9550 8818 
8100 9607 8753 
8080 9602 8759 
8098 9589 8815 
8060 9601 8783 
7219 7684 9800 
7237 7714 9788 
9458 8328 8417 
9498 8402 8370 
9481 8296 8416 
8804 9196 8661 
8764 9190 8691 
8802 9178 8723 
8782 9220 8679 
8904 9331 8422 
8208 9841 8257 
8209 9812 8274 
7936 8583 9353 
7937 8554 9370 
9630 8826 8134 
9617 8746 8135 
9614 8709 8148 
9674 8895 8121 
9647 8729 8122 
9617 8717 8136 
9631 8756 8133 
8587 8408 9381 
8330 9102 8730 
8331 9073 8747 
8076 9295 8895 
8584 9643 8300 
8622 9631 8332 
8602 9673 8288 
8550 9471 8483 
8623 9469 8475 
8623 9492 8457 
8605 9543 8474 
8382 9863 8082 
8339 9765 8112 
8872 9447 8187 
8860 9469 8232 
7852 8448 9374 
8397 9584 8596 
8384 9504 8597 
8371 9487 8608 
8438 9629 8566 
8914 8624 8940 
8932 8654 8928 
8883 8595 8952 
8832 8717 8933 
8838 8678 8939 
8858 8677 9001 
7947 9708 8422 
7999 9660 8506 
7981 8096 9519 
7962 8131 9487 
8019 8084 9551 
9308 8915 8523 
9438 9105 8006 
9482 9174 7993 
9434 9156 8031 
8175 9170 8734 
9251 9521 8058 
8569 9766 8105 
8363 8733 9188 
8337 8773 9120 
8357 8772 9182 
9317 8298 8702 
9358 8343 8672 
9390 8296 8694 
9410 8295 8756 
10045 8052 7731 
10039 8104 7685 
7850 9893 8021 
8319 8952 9129 
9273 9376 7970 
9076 8642 8643 
9096 8641 8705 
8542 9782 7960 
8562 9781 8022 
9305 9240 8220 
9294 9250 8176 
8952 8103 9173 
8975 8086 9144 
8957 8137 9161 
7775 8610 9422 
7726 8551 9446 
9955 8491 7808 
9999 8560 7795 
9951 8542 7833 
9956 8421 7807 
9062 8214 8984 
7920 8622 9227 
8081 9082 8930 
9089 8166 9098 
7865 8092 9595 
7903 8080 9627 
7883 8122 9583 
9323 9488 7946 
10107 7815 7618 
10101 7867 7572 
9565 9086 7669 
9534 8969 8339 
9468 8822 8360 
9109 9581 8096 
8537 9822 8033 
8164 9040 8928 
7470 8777 9358 
8726 8335 9321 
8713 8255 9322 
8767 8380 9291 
7731 9143 9281 
7942 9860 8111 
8977 8922 8883 
9361 8589 8561 
8769 9498 8261 
8729 9424 8308 
8625 8421 9342 
9075 9348 8110 
9095 9347 8172 
8841 9728 8180 
8053 9230 8979 
8030 9262 8980 
7607 8958 9308 
8646 9607 8183 
8666 9606 8245 
9442 9035 8266 
9393 8976 8290 
8667 9532 8208 
8237 10067 7745 
8805 8348 9064 
8380 8980 8781 
8364 9025 8768 
8625 9360 8388 
8608 9571 8442 
8420 8864 8957 
9804 8343 8001 
7970 9886 7912 
7591 8775 9354 
9232 8583 8827 
9670 8620 8346 
8987 8266 8958 
7232 7672 9790 
9451 8511 8578 
9794 8548 7840 
8600 9501 8476 
7930 8423 9395 
8139 8898 9137 
9242 8592 8622 
8021 9704 8471 
9328 8914 8585 
8195 9169 8796 
9238 9065 8305 
8198 9192 8719 
9300 9198 8222 
8535 9286 8655 
7711 8554 9464 
9082 8213 9046 
7940 8621 9289 
8993 8796 8835 
9040 8456 8909 
9417 8597 8518 
8063 9052 8942 
9138 9404 8089 
8425 9229 8678 
9390 8572 8612 
9753 8185 8028 
9179 8527 8879 
9597 9039 7691 
9228 8677 8624 
8224 9677 8460 
9104 9539 8098 
8184 9039 8990 
9434 8587 8553 
9424 9005 8278 
8825 8347 9126 
8656 9389 8376 
8641 9417 8373 
8632 9433 8343 

7851 9481 8670 
8381 9683 8082 
9784 8662 8217 
8963 8037 9108 
8999 8057 9096 
8060 9716 8521 
8828 9583 8286 
9460 9123 8433 
8593 8802 9052 
9463 8575 8681 
9408 8503 8690 
7782 10152 7814 
9359 9268 8031 
8190 8280 9480 
8192 8257 9400 
8185 8238 9482 
8197 8283 9384 
8706 8431 9265 
8744 8401 9250 
8724 8443 9206 
7065 7493 9771 
7556 9304 9161 
8439 9226 8788 
7991 9341 8860 
8068 8509 9311 
8322 9850 8282 
8321 9920 8283 
8362 9965 8253 
8308 9840 8284 
8751 8982 8934 
8807 8133 9163 
9517 8556 8514 
9555 8544 8546 
9535 8586 8502 
7877 8993 9241 
7822 8921 9250 
8416 8466 9238 
8436 8465 9300 
7661 8363 9592 
7747 8493 9564 
7637 8432 9604 
7675 8402 9589 
7658 8355 9604 
7674 8472 9590 
7751 8520 9563 
7661 8392 9591 
7430 8916 9471 
7367 8777 9480 
9785 8694 8073 
9524 9030 8155 
7869 8709 9514 
7905 8670 9438 
7887 8721 9455 
9560 8987 7737 
9227 8491 8967 
9250 8459 8966 
9332 9167 8523 
9291 9122 8553 
7829 7751 9601 
7803 7772 9629 
7798 7730 9631 
7821 7721 9612 
7859 9034 9181 
7887 9075 9178 
7905 9105 9166 
8363 10066 7686 
8322 10021 7716 
8364 10010 7683 
8484 9589 8319 
8021 10068 7920 
8304 7982 9403 
9723 8757 7564 
9194 9440 8212 
9240 9363 8232 
9216 9432 8244 
9254 9402 8229 
9237 9355 8244 
9275 9463 8197 
9240 9392 8231 
9235 8638 8759 
7313 8528 9545 
7322 7942 9673 
7307 7940 9675 
8350 8712 9243 
8395 8742 9164 
9422 9212 7933 
9482 9174 7950 
9444 9186 7918 
9468 9164 7952 
9462 9216 7906 
9982 8318 7659 
7697 8853 9407 
7710 8778 9384 
7639 8792 9423 
9485 8714 8393 
8114 9070 8867 
8134 9069 8929 
8255 9462 8490 
8275 9461 8552 
8490 8369 9381 
8412 8927 9035 
8450 8915 9067 
8430 8957 9023 
8689 9353 8614 
8775 9431 8605 
8665 9393 8627 
8702 9433 8613 
9065 9465 7996 
8028 10108 7610 
9071 8609 9004 
9231 9361 8280 
9254 9329 8279 
9176 9289 8289 
9423 8741 8456 
7317 7939 9743 
7251 7751 9746 
8094 7648 9585 
8089 7606 9587 
8129 7680 9540 
7883 8881 9253 
7921 8851 9238 
7901 8893 9194 
9500 9065 8268 
9523 9033 8267 
9236 9202 8582 
9167 9186 8682 
8294 8676 9291 
7898 8874 9258 
7849 8815 9282 
7628 9117 9261 
7623 9075 9263 
8174 8354 9432 
8169 8312 9434 
7721 8112 9646 
8888 9545 8375 
8970 8708 9080 
8205 9048 9179 
7792 9353 8952 
7787 9311 8954 
9072 9437 8346 
9005 8602 9016 
9042 8642 9002 
9092 8672 8995 
8025 9260 8909 
8085 9222 8926 
8047 9234 8894 
8071 9212 8928 
8065 9264 8882 
8593 8849 9004 
8811 9555 8430 
8806 9513 8432 
8648 9823 8053 
8686 9793 8038 
8666 9835 7994 
8385 8832 9215 
8394 8817 9238 
8166 9565 8632 
8128 9595 8647 
8165 9635 8633 
8152 9526 8635 
8206 9680 8603 
8152 9555 8634 
9117 8979 8851 
9099 8992 8743 
9193 8799 8788 
8948 8718 8876 
8966 8748 8864 
8401 9682 8144 
7060 7451 9773 
8488 9285 8764 
8827 8132 9225 
8311 9460 8457 
9834 8673 7749 
7882 8679 9457 
8922 9544 7978 
7870 7780 9588 
8258 7911 9418 
9687 8737 7576 
9217 8626 8818 
7337 7945 9648 
9505 8713 8455 
8940 9353 8359 
9085 9464 8058 
9411 8922 8625 
7680 9264 8991 
9443 8740 8518 
7969 9257 8926 
9277 9281 7884 
7880 8844 9270 
7740 9341 8974 
9024 8753 8853 

8677 8125 9318 
8286 9030 9029 
7124 7971 9692 
9121 9314 8340 
9103 9388 8339 
8401 9683 8182 
8433 9636 8204 
8362 9650 8243 
9260 8489 8955 
9622 9128 7951 
9618 8919 8191 
9596 8546 8404 
8588 8427 9191 
7556 9304 9161 
8625 8783 8918 
8671 8735 8937 
9384 8951 8567 
9366 9002 8584 
9593 8906 8369 
9443 9175 7931 
9397 9230 8030 
9411 9222 7909 
8860 9464 8437 
8906 9416 8456 
8960 9541 8425 
7978 9963 7928 
8014 9942 7899 
7942 9892 7942 
9155 9187 8298 
9151 9137 8317 
8309 9179 8759 
9647 8697 8162 
9237 9524 8184 
9383 8573 8738 
9018 8500 8900 
9155 8797 8638 
8703 9389 8612 
8092 9916 7656 
7848 9797 8455 
7934 9875 8446 
7929 9251 8973 
7885 8204 9602 
7880 8162 9604 
8769 9610 8353 
10057 8166 7584 
8046 7740 9538 
8041 7698 9540 
8513 8107 9454 
8467 8155 9435 
8525 8085 9409 
8507 8159 9408 
9198 8715 8705 
9215 8666 8755 
7325 8128 9647 
8058 8781 9222 
9380 9255 8228 
7467 7802 9711 
7756 10057 8032 
8418 9575 8682 
8967 9182 8443 
8949 9256 8442 
8173 8527 9423 
7977 9349 8824 
8023 9301 8843 
8017 9353 8797 
9445 9134 7799 
9682 8841 7821 
9189 9031 8485 
9209 9030 8547 
8350 8510 9327 
8005 8058 9538 
8000 8016 9540 
8650 9772 8122 
8685 9804 8077 
8645 9730 8124 
7589 10226 7473 
9478 8690 8420 
8996 8124 9165 
9009 8204 9164 
8663 8121 9408 
8503 8696 9297 
9221 9555 8006 
9262 9600 7976 
8980 9491 8215 
9016 9470 8186 
8998 9521 8203 
9410 8864 8610 
9422 8865 8547 
9404 8916 8564 
9245 8608 8820 
9257 8609 8757 
9239 8660 8774 
9352 9277 8121 
9350 9300 8201 
8800 8657 9086 
7916 8840 9220 
7952 8819 9191 
7934 8870 9208 
7619 8960 9366 
7614 8918 9368 
8451 8775 9096 
8487 8754 9067 
8469 8805 9084 
8855 9702 7947 
9748 8546 7986 
9730 8597 8003 
8883 8624 9083 
9301 8393 8791 
9283 8467 8790 
9278 8425 8792 
8517 9602 8628 
8680 8900 8895 
7837 8919 9237 
7873 8898 9208 
7855 8949 9225 
8722 8824 8895 
8716 8876 8849 
7920 8555 9471 
7902 8525 9483 
9828 8496 8160 
7819 8836 9401 
9661 8863 8074 
9656 8821 8076 
9856 8643 7961 
9840 8694 7880 
9693 8608 7981 
9838 8717 7960 
7680 8618 9513 
7692 8619 9450 
7674 8670 9467 
7873 8811 9370 
7905 8764 9392 
7882 8796 9393 
7872 8654 9394 
7781 8952 9197 
7988 9090 9190 
8523 9305 8638 
9595 8928 8210 
8608 8426 9253 
9361 8960 8586 
7991 9951 7918 
8867 9195 8512 
8329 9178 8821 
9653 8645 8208 
9175 8796 8700 
8112 9915 7718 
7949 9250 9035 
8108 9081 8965 
8502 8117 9410 
8887 8482 9161 
8078 8780 9284 
8187 8607 9321 
8351 8699 9130 
8035 9279 8798 
9465 9133 7861 
7517 8666 9492 
9498 8689 8482 
8679 8408 9201 
8329 8699 9203 
8993 9479 8205 
9399 8874 8566 
9713 8536 8146 
9234 8618 8776 
7929 8828 9210 
8464 8763 9086 
9508 8430 8540 
9725 8555 8005 
7767 8888 9290 
7850 8907 9227 
8711 8834 8851 
7669 8628 9469 
7752 8999 9213 
8016 8850 9031 

9377 9180 8358 
8474 8445 9369 
8410 8425 9401 
8456 8496 9386 
8367 9863 8248 
8374 9923 8184 
8347 9905 8204 
8353 9853 8250 
8329 9875 8216 
8396 9388 8782 
8403 9448 8718 
8376 9430 8738 
8382 9378 8784 
8358 9400 8750 
9823 8035 7977 
9791 8082 7955 
9797 8030 8001 
9047 8223 9124 
9120 8221 9116 
9097 8253 9117 
9642 8898 7617 
7841 9802 8298 
8776 8752 9103 
8814 8740 9135 
8794 8782 9091 
7244 7637 9848 
9154 9154 8537 
9209 9226 8528 
8398 8905 9243 
7727 9131 9283 
7707 9173 9239 
9448 8711 8293 
8609 9287 8772 
8589 9329 8728 
8902 8639 9054 
8918 8666 9044 
8936 8696 9032 
9387 8535 8774 
9323 8515 8806 
9369 8586 8791 
9121 8911 8791 
9159 8899 8823 
9139 8941 8779 
8443 8609 9375 
8516 8630 9349 
8444 8539 9374 
8520 8657 9348 
8430 8529 9376 
9781 8815 8011 
7871 9040 9304 
8696 9466 8606 
8624 9398 8613 
8696 9489 8588 
8556 9422 8607 
8610 9388 8615 
8562 9370 8653 
8407 9035 9185 
8389 9005 9197 
9915 8320 7728 
9911 8627 7729 
9649 8444 8572 
9608 8399 8602 
9609 8329 8601 
9595 8319 8603 
7927 9078 9152 
7971 9097 9117 
7943 9105 9142 
9291 9214 8114 
8176 7791 9476 
8119 7832 9536 
8101 7802 9548 
9003 9632 8226 
8289 9376 8841 
8687 9583 8432 
8682 9541 8434 
9276 8701 8630 
7680 8515 9454 
9046 9267 8357 
9095 9326 8333 
8911 8213 9158 
8949 8201 9190 
8929 8243 9146 
9636 8763 8149 
7787 8101 9506 
8835 8205 9169 
9020 8636 8961 
8956 8616 8993 
9002 8687 8978 
8665 8148 9394 
8624 8103 9424 
8625 8033 9423 
8611 8023 9425 
7856 9326 8863 
7929 9324 8855 
7911 9398 8854 
7906 9356 8856 
8242 9073 9075 
8260 9103 9063 
8662 9227 8899 
8085 9259 8985 
8080 9217 8987 
7836 7755 9570 
8609 9910 8140 
9716 8356 8306 
9696 8398 8262 
9702 8346 8308 
8982 9376 8365 
9609 9203 7956 
9600 9218 7933 
7556 10141 7923 
7572 10168 7913 
7746 8165 9657 
7764 8195 9645 
9548 8559 8319 
7753 9354 8988 
7808 9426 8979 
9255 9452 8271 
8516 9471 8684 
8443 9473 8692 
8516 9494 8666 
8444 9403 8691 
8520 9521 8665 
8470 9400 8699 
8350 8930 9206 
8405 9002 9197 
9111 8387 8967 
9364 9110 8421 
9345 8603 8603 
9361 8630 8593 
9379 8660 8581 
8249 9649 8553 
8849 9638 7802 
9848 8293 7876 
8395 10023 7943 
9949 8255 7865 
8711 9699 8402 
8666 9651 8434 
8684 9681 8422 
8962 9415 8598 
8944 9385 8610 
8008 8798 9343 
8063 8870 9334 
7875 9432 8851 
7857 9506 8850 
7839 9476 8862 
9481 9134 8180 
9488 9194 8116 
9461 9176 8136 
9467 9124 8182 
9443 9146 8148 
8119 9272 8964 
9440 9122 8205 
9422 9092 8217 
8602 9289 8728 
8584 9340 8745 
8176 9197 9070 
7893 9405 8829 
7875 9479 8828 
7892 9474 8832 
7874 9548 8831 
9963 8357 7539 
9924 8324 7600 
9379 8999 8367 
9440 9032 8364 
9434 9071 8358 
8347 10004 7948 
8129 8906 9270 
8184 8978 9261 
7931 8943 9413 
8205 9687 8563 
8341 10067 7777 
8328 10079 7787 
8451 8454 9388 
8211 8808 9309 
9662 8897 7679 
7059 7795 9727 
8496 9121 8905 
9443 8669 8295 
8931 8654 9034 
9364 8544 8793 
9127 8423 8867 
9480 8976 8181 
8062 9608 8617 
7956 9093 9132 
9296 8700 8692 
7700 8514 9516 
9656 8762 8211 
7769 8071 9518 
8997 8645 8980 
7856 7754 9632 
9002 9375 8427 
7585 10156 7903 
9568 8558 8381 
8514 8893 9069 
8955 8604 9019 
8266 9038 8970 
9374 8618 8583 
9868 8292 7938 
8579 9298 8747 
8219 8896 9266 
8179 8936 9263 
8323 10037 7789 

8847 8523 8974 
7749 9056 9123 
7769 9055 9185 
9121 8592 8929 
9884 7984 7662 
9957 7982 7654 
9939 8056 7653 
9934 8014 7655 
8827 8462 9141 
7765 9363 8901 
8197 8167 9516 
8963 8048 9133 
9018 8120 9124 
8661 9624 8471 
9175 9430 8289 
7948 7791 9621 
7966 7821 9609 
8341 10067 7777 
9234 8944 8566 
9228 8996 8520 
8700 9426 8456 
9538 9002 7947 
9520 9083 7905 
8968 9503 8312 
7724 10020 8062 
7769 10068 8030 
8434 8271 9304 
9387 8958 8479 
9364 8975 8508 
9369 9009 8496 
9151 8191 8918 
9252 8839 8564 
8699 7860 9260 
8745 7812 9279 
8064 9176 8850 
9236 9223 8358 
9218 9315 8393 
7610 8320 9413 
7381 8079 9731 
7399 8109 9719 
7906 9895 8373 
8572 8180 9371 
8549 8212 9372 
8566 8232 9325 
8543 8264 9326 
7987 8412 9341 
8872 9123 8646 
8927 9195 8637 
7849 9885 8435 
7878 9828 8502 
7858 9870 8458 
8456 9395 8778 
9472 9238 8064 
9490 9268 8052 
7931 9312 8817 
8171 9506 8604 
8537 8837 8880 
8557 8836 8942 
8650 8795 9041 
8915 8690 8902 
9581 8672 8276 
9636 8744 8267 
7511 7956 9587 
9230 8323 8899 
9248 8353 8887 
9266 8279 8888 
8590 8014 9441 
8608 8044 9429 
9190 8813 8753 
9694 9010 7741 
8095 8797 9093 
8150 8869 9084 
9471 8727 8387 
9409 8712 8644 
9820 8639 8022 
9865 8687 7990 
7380 8358 9591 
7429 8417 9567 
7789 8997 9202 
7728 9018 9189 
7766 9006 9221 
7653 8588 9405 
7615 8600 9373 
7633 8630 9361 
7478 9188 9139 
9292 9081 8408 
9387 8535 8774 
9369 8586 8791 
8405 8994 8996 
8455 9024 8989 
8478 8992 8988 
8460 9066 8987 
9602 8535 8537 
9647 8583 8505 
7413 8929 9434 
7393 8971 9390 
9689 8835 8138 
9683 8887 8092 
7912 8722 9308 
7953 8720 9295 
8257 9907 7919 
8275 9937 7907 
9056 8401 9037 
9018 8413 9005 
9036 8443 8993 
8967 8695 8870 
8972 8737 8868 
8990 8686 8851 
8623 9224 8781 
8617 9276 8735 
8523 8643 9059 
8953 8194 9120 
8945 8166 9203 
9230 9217 8447 
8578 9227 8842 
8558 9269 8798 
8307 8694 9169 
8353 8646 9188 
8347 8698 9142 
8715 9313 8530 
9483 9128 8216 
9496 9117 8229 
8503 8049 9401 
9983 8277 7440 
7782 9923 7956 
8973 9631 8175 
8991 9661 8163 
7591 9272 9106 
7609 9302 9094 
7925 9807 8418 
7930 9841 8406 
8819 8576 8933 
9512 8597 8652 
9492 8639 8608 
8383 9868 7943 
8401 9898 7931 
8955 9406 8511 
8447 9606 8510 
8476 9549 8577 
8456 9591 8533 
8794 8308 9215 
8772 8334 9230 
8818 8286 9249 
8812 8338 9203 
8666 9299 8550 
8643 9316 8579 
8654 9298 8613 
8648 9350 8567 
8758 9670 8193 
8763 9712 8191 
8781 9661 8174 
8505 9081 8905 
9512 8901 8108 
7856 9399 8828 
8568 9289 8701 
8989 9458 8450 
9007 9488 8438 
8867 8522 9036 
8831 8337 9126 
7719 9337 8931 
8338 9734 8084 
7338 10165 7317 
9170 9388 8291 
8323 10037 7789 
8720 9425 8518 
8154 8739 9216 
9272 8838 8626 
8084 9175 8912 
7648 8308 9445 
8007 8411 9403 
8191 9505 8666 
7493 7926 9599 
9105 8912 8737 
9520 8786 8363 
9404 8670 8646 
9312 9080 8470 
9364 8544 8793 
8683 8699 8917 
8365 8624 9143 
8710 9271 8532 
8680 9614 8259 
7802 9922 8018 
8830 8264 9204 
7876 9398 8890 
8224 9720 8546 

8492 8306 9315 
9614 8929 7637 
9708 8955 7576 
9685 8964 7595 
9372 8501 8829 
9354 8471 8841 
9752 8530 8097 
9897 8639 8076 
9775 8521 8078 
7962 8505 9353 
8945 8166 9203 
8685 9223 8628 
8667 9297 8627 
8045 10004 7505 
9357 9206 8179 
7602 8080 9502 
7648 8151 9487 
9133 8254 9034 
9156 8222 9033 
7995 9010 9031 
8029 9258 8879 
9206 8671 8686 
9559 8599 8424 
9554 8557 8426 
9220 9383 8407 
8638 8142 9336 
8633 8100 9338 
8244 9601 8681 
8245 9531 8680 
8231 9521 8682 
8212 8888 9104 
8318 8088 9384 
8338 8087 9446 
9210 8606 8958 
8866 8663 8903 
8906 8743 8891 
8842 8686 8900 
8234 8338 9404 
7890 8595 9363 
8515 8950 8869 
9139 8624 9010 
8459 9735 8367 
9266 9035 8585 
9261 8993 8587 
9284 8984 8568 
8649 9758 8212 
9087 8273 9033 
9069 8347 9032 
8167 9207 8895 
8548 8676 9037 
8612 8696 9005 
8594 8747 9022 
8364 8726 9188 
8377 8722 9188 
8382 8756 9176 
8402 8714 9220 
9134 9500 8120 
9129 9458 8122 
9637 8836 8223 
7009 7827 9711 
7043 7884 9689 
6994 7825 9713 
8838 8853 8947 
9397 9176 8317 
9345 9170 8356 
9342 9222 8419 
9343 9152 8418 
9329 9142 8420 
7817 9352 8890 
9272 9428 8075 
9295 9396 8074 
9494 8477 8634 
9528 8534 8612 
7106 7411 9747 
7067 7393 9776 
7037 7394 9796 
7124 7441 9735 
7083 7420 9766 
7101 7450 9754 
7052 7391 9778 
9106 8985 8800 
9126 8943 8844 
8248 9115 8983 
8254 9063 9029 
8834 9565 7857 
8898 9585 7825 
8880 9636 7842 
8831 9569 7856 
7749 9431 8857 
7820 10115 7449 
7815 10073 7451 
9734 8463 8298 
9607 8421 8395 
9641 8478 8373 
9702 8487 8294 
9699 8539 8357 
9700 8469 8356 
9686 8459 8358 
8761 8590 9159 
8795 8647 9137 
7754 9436 8718 
8852 8224 9197 
8908 8202 9236 
8902 8254 9190 
8979 9529 8328 
8968 9490 8362 
8969 9420 8361 
8955 9410 8363 
7365 10169 7634 
9922 8566 7982 
9945 8534 7981 
8615 9498 8490 
8593 9524 8505 
8653 9486 8522 
8639 9476 8524 
8633 9528 8478 
8884 9410 8542 
7481 8744 9395 
8534 8960 8864 
8626 8580 9235 
8667 8578 9222 
8650 8558 9269 
8644 8610 9223 
7788 8906 9244 
8738 8653 9033 
8750 8654 8970 
8732 8705 8987 
8671 8675 8997 
8665 8727 8951 
8384 9270 8865 
8067 8939 9052 
9973 8100 7686 
9991 8026 7687 
8872 9453 8462 
8855 9433 8509 
8867 9411 8464 
8849 9485 8463 
9472 9074 8408 
8796 9414 8515 
8830 9471 8493 
8893 8539 9142 
9440 8712 8417 
8922 8221 9194 
9211 9071 8536 
8245 9200 8973 
7653 9116 9175 
7612 9079 9178 
7676 9099 9146 
7658 9150 9163 
8643 8731 8992 
8656 8811 8991 
9412 9349 7921 
9491 9075 8267 
9174 8990 8599 
9520 8647 8382 
8949 8434 9022 
8823 8356 9192 
8817 8408 9146 
9245 9293 8264 
7664 9264 9115 
9713 8924 8182 
9407 9083 8109 
8399 9295 8725 
8065 10003 7567 
9366 8715 8599 
7630 8121 9499 
8015 9009 9093 
9217 8581 8831 
9236 8676 8659 
8272 9397 8694 
8317 9599 8673 
9371 8519 8654 
8254 8337 9466 
8698 9858 8206 
8154 9773 8291 
8589 8705 9024 
7823 9300 8936 
7566 9111 9191 
7119 7399 9737 
7678 8876 9261 
9429 9122 7854 
8875 9594 7844 
8371 9320 8554 
7769 9430 8919 
7774 9435 8780 
7466 8221 9658 
8727 8663 8989 
8087 8938 9114 
9246 8598 8616 
9332 8586 8610 
8969 8433 9084 
8812 8366 9148 
9510 8867 8189 

8832 9480 8413 
8850 9406 8414 
8439 10029 7901 
8434 10002 7919 
8692 9449 8553 
8779 9448 8608 
9370 8998 8394 
9322 9262 8361 
9320 9285 8441 
8923 8839 8769 
8941 8869 8757 
8198 9361 8827 
8236 9349 8859 
8216 9391 8815 
7245 7820 9766 
9325 8722 8734 
8464 9582 8563 
8510 9534 8582 
8504 9586 8536 
7474 8264 9676 
7475 8194 9675 
7461 8184 9677 
7515 8309 9646 
8563 9789 8309 
8989 9318 8397 
9046 9312 8479 
8568 9763 8190 
8590 9739 8172 
8570 9740 8110 
8675 8573 9274 
9309 9075 8555 
7996 10152 7503 
8656 8771 9084 
8799 8986 8994 
7642 8435 9519 
7643 8365 9518 
7683 8480 9489 
7629 8355 9520 
8047 9776 8471 
9803 8523 8187 
9785 8597 8186 
8186 9827 8379 
8268 8909 9236 
8287 8922 9221 
9894 8422 8086 
9903 8407 8109 
7911 9475 8927 
8146 8419 9432 
8128 8470 9449 
8497 8651 9240 
8479 8702 9257 
9072 8213 9118 
9110 8201 9150 
9090 8243 9106 
9383 8853 8497 
8261 8258 9357 
9029 9496 8183 
9022 9477 8265 
9027 9519 8263 
8272 9776 8362 
8267 9734 8364 
9245 9385 8048 
9250 9427 8046 
8435 9415 8728 
8481 9367 8747 
8475 9419 8701 
8853 8722 9037 
8881 8763 9034 
8899 8793 9022 
9465 8546 8667 
9130 9465 8168 
9168 9453 8200 
9148 9495 8156 
9320 8859 8706 
7668 9081 9269 
7634 9024 9291 
8561 8251 9372 
8541 8252 9310 
8642 9312 8736 
8807 9720 7838 
9179 8519 8911 
9670 8499 8375 
9668 8522 8455 
9249 8828 8880 
7603 8917 9423 
7598 8875 9425 
9713 8690 8042 
9693 8691 7980 
9044 8715 9022 
9571 9207 8127 
9539 9254 8105 
9431 9163 8128 
9534 9227 8123 
8525 8108 9391 
8525 8085 9409 
8452 8087 9417 
8507 8159 9408 
8198 8764 9284 
8178 8806 9240 
9467 8840 8476 
9489 8816 8458 
9469 8817 8396 
8040 10009 8102 
9855 8533 8134 
9219 9401 8201 
9326 9225 8222 
9324 9248 8302 
8995 9559 8261 
8993 9582 8341 
9349 9014 8502 
8851 9698 8069 
8009 9136 9102 
8004 9094 9104 
8967 8329 9152 
8962 8287 9154 
9169 8611 9077 
9108 8617 8998 
8969 9375 8406 
9120 8891 8728 
9101 8878 8743 
9682 8436 8518 
9609 8438 8526 
9596 8358 8527 
9179 8830 8833 
10007 8221 7847 
7726 10110 7876 
8870 9643 7996 
8875 9685 7994 
8893 9634 7977 
8752 9769 7867 
8501 9054 8968 
8603 9172 8948 
8402 9113 8960 
8440 9101 8992 
9629 8934 7813 
7995 9065 9153 
8816 8455 9123 
8522 9512 8537 
8260 9577 8660 
7467 10018 7921 
8676 8770 9146 
8181 9785 8381 
8282 8880 9223 
8106 9213 8895 
8123 8428 9451 
8474 8660 9259 
9403 8852 8559 
8281 8257 9419 
8493 9345 8702 
7545 7795 9554 
9533 9050 8345 
8502 8117 9410 
8243 8006 9547 
9419 8814 8478 
8423 8925 9046 
8496 9012 8970 
8535 9006 9027 

8952 9306 8441 
8947 9264 8443 
8553 8919 9006 
8589 8939 8994 
8878 8829 9117 
7741 9421 8956 
7759 9347 8957 
8865 9552 8310 
9432 8934 8549 
9390 8966 8515 
9426 8986 8503 
9510 8592 8493 
9528 8541 8476 
9505 8550 8495 
8367 9531 8650 
8912 8529 9079 
8930 8559 9067 
9258 8667 8685 
9307 8726 8661 
7492 9223 9117 
7526 9280 9095 
7544 9206 9096 
9138 9125 8633 
9238 9414 7957 
9734 8946 8000 
8599 9702 8303 
8061 9372 8799 
8088 9389 8781 
8058 9384 8808 
9348 8692 8652 
9376 8733 8649 
9394 8763 8637 
9369 8586 8791 
7752 8538 9532 
8474 8020 9364 
8508 8077 9342 
8690 7924 9267 
8753 7919 9221 
8736 7876 9286 
8757 7946 9220 
8732 7899 9228 
8750 7886 9284 
8730 7928 9240 
8753 7896 9239 
9554 8733 8359 
8439 9226 8788 
8763 9775 8105 
9303 9317 8260 
9337 9374 8238 
9720 8655 8208 
9738 8685 8196 
9232 8276 9156 
9022 9322 8350 
9040 9271 8333 
9017 9280 8352 
8085 9074 9016 
8108 9042 9015 
9521 8936 8295 
9579 8983 8263 
9543 8912 8277 
9516 8894 8297 
9301 9025 8304 
7588 8935 9502 
8195 9940 8293 
8203 10010 7767 
8237 10067 7745 
8264 10085 7725 
7839 8200 9496 
7859 8199 9558 
8357 8042 9416 
8044 9671 8655 
9462 9000 8115 
7720 7832 9658 
7738 7862 9646 
9443 9258 8023 
8975 9197 8497 
7835 9947 8117 
7853 9977 8105 
7215 8229 9575 
7233 8259 9563 
7193 8255 9590 
8114 7941 9613 
7106 7411 9747 
7121 7408 9798 
7083 7420 9766 
7101 7450 9754 
7124 7441 9735 
8724 9378 8676 
8908 9426 8256 
8888 9427 8194 
7987 9521 8879 
8010 9489 8878 
7481 7549 9667 
7441 7475 9714 
9074 9562 8088 
9381 8601 8672 
9399 8631 8660 
7817 8680 9395 
7781 8609 9409 
8087 8813 9271 
8105 8843 9259 
8699 9686 8346 
8689 7944 9255 
8729 7971 9210 
8735 7896 9274 
8756 7966 9208 
8729 7948 9228 
8390 9543 8600 
7833 9119 9193 
7867 9176 9171 
8818 9486 8491 
8746 9395 8516 
8603 9278 8698 
7955 9035 9102 
8864 9740 8245 
9448 9002 8413 
9933 8507 7595 
8252 9863 8134 
8924 9347 8423 
9901 8457 7763 
9791 8668 7899 
9755 8597 7913 
8693 9149 8737 
7697 9351 8961 
8172 9935 8308 
8368 9173 8842 
8584 8897 8996 
8891 8817 9107 
8925 8517 9069 
9133 9083 8635 
8603 9705 8270 
9740 8466 8124 
8125 9392 8767 
9364 8544 8793 
9549 8691 8361 
8488 9285 8764 
9733 8643 8198 
7962 8940 9063 
7925 9367 8915 
9592 8971 8253 
9321 9024 8366 
7554 8878 9524 
8387 8705 9367 
8377 8041 9478 
9482 8999 8177 
7733 7820 9648 
9438 9216 8025 
8970 9155 8499 
9177 8762 8913 
9069 9520 8090 
9394 8589 8662 
8153 9364 8914 
8148 9202 8915 
7830 8668 9385 
8100 8801 9261 
9393 9241 8215 
7761 8405 9493 
9510 8435 8545 
9804 8656 7889 
8688 9107 8739 
8363 9131 8844 

9180 8387 9050 
9203 8355 9049 
9136 9412 8080 
9164 9453 8077 
9192 9445 8052 
9182 9483 8065 
9441 8755 8452 
9436 8713 8454 
7746 10021 8178 
8444 9219 8747 
8431 9139 8748 
8879 9728 8033 
9828 8802 7832 
9815 8722 7833 
9772 8693 7850 
9006 8399 9066 
8982 8421 9032 
8960 8447 9047 
9000 8451 9020 
8179 8989 8983 
8783 8117 9144 
7861 9877 8454 
7848 9797 8455 
7934 9875 8446 
9021 9311 8150 
9011 9349 8163 
9304 8844 8592 
8913 9523 7679 
8931 9553 7667 
9154 8940 8767 
9172 8970 8755 
7615 9387 8801 
7610 9345 8803 
9388 8760 8744 
8618 8695 9302 
8532 8617 9311 
8454 9636 8494 
7654 9052 9254 
7665 8901 9422 
9004 9380 8233 
9911 8627 7729 
7311 8487 9585 
7291 8488 9523 
8716 9572 8487 
8711 9530 8489 
9400 8416 8839 
9344 8438 8800 
9396 8439 8781 
9412 8394 8794 
9417 8436 8792 
9394 8468 8793 
7542 9068 9261 
7518 9090 9227 
7496 9116 9242 
7536 9120 9215 
9837 8441 7878 
8049 8882 9187 
8380 9426 8677 
8602 9745 8282 
8169 8831 9169 
8557 8342 9321 
8575 8372 9309 
8593 8298 9310 
7512 9185 9049 
7490 9211 9064 
7530 9215 9037 
9373 9377 8002 
9360 9297 8003 
9317 9268 8020 
8565 9878 7741 
8520 9830 7773 
8538 9860 7761 
9599 8907 8148 
9653 9032 8117 
7993 9175 9121 
8391 8769 9183 
8284 9569 8581 
8584 8725 9183 
8602 8755 9171 
7717 8816 9458 
7936 8195 9552 
8717 8525 9125 
8735 8451 9126 
8216 9291 8841 
9181 8625 8850 
9199 8655 8838 
9494 9066 8275 
8341 10067 7777 
8227 8738 9327 
9398 9145 8262 
8869 8322 9142 
8338 9859 8147 
8545 8974 8868 
8500 8926 8900 
8518 8956 8888 
7531 9446 8818 
7549 9372 8819 
7638 9251 9028 
7669 9228 9016 
7679 9296 8998 
8665 9366 8698 
8661 9389 8640 
8677 9344 8653 
8641 9388 8664 
8682 9386 8651 
8659 9418 8652 
7402 9588 8508 
9606 8561 8200 
8328 9511 8641 
8274 9260 8802 
8292 9186 8803 
8132 7972 9543 
8186 8097 9512 
7692 7791 9661 
7720 7832 9658 
7738 7862 9646 
9571 8853 8406 
9475 8806 8422 
8456 9727 8333 
8570 8718 9285 
7821 9898 8167 
7801 9899 8105 
9625 8467 8292 
9616 8495 8229 
8178 8787 9054 
8239 8484 9424 
8233 8536 9378 
9724 8479 8164 
9742 8405 8165 
9719 8437 8166 
8260 9103 8945 
8232 9062 8948 
8224 9032 8959 
8229 9074 8957 
9460 8675 8460 
7536 8259 9650 
7710 8340 9468 
7697 8260 9469 
7697 8231 9470 
7741 8317 9456 
7654 8231 9486 
7751 8385 9438 
7626 8303 9539 
9177 9441 8067 
8161 9473 8686 
8611 8184 9337 
9006 9307 8165 
7992 9055 9128 
9536 8305 8440 
7660 8859 9424 
9108 9425 8120 
8069 8881 9249 
8995 8709 9024 
7988 9133 9123 
8323 10037 7789 
9220 9103 8577 
8242 8709 9353 
7504 8993 9278 
8790 9393 8172 
7733 7820 9648 
8228 8494 9380 
8264 9106 8912 
7549 8247 9640 
7621 8261 9541 

8292 9594 8547 
8140 8769 9146 
9081 9397 7861 
9729 8442 8412 
7674 9059 9223 
7692 9089 9211 
8726 8879 8964 
8077 9603 8773 
8331 8870 8968 
8325 8922 8922 
8625 8033 9423 
8665 8148 9394 
8565 8071 9406 
8611 8023 9425 
8608 8207 9242 
8628 8206 9304 
9161 8384 9121 
9155 8436 9075 
8524 8067 9409 
9899 8230 7719 
9954 8302 7710 
9949 8260 7712 
9972 8228 7711 
9322 8870 8570 
9360 8858 8602 
9340 8900 8558 
9522 8181 8523 
9577 8253 8514 
9595 8179 8515 
7557 7494 9661 
7519 7506 9629 
7537 7536 9617 
7852 9419 8776 
7872 9418 8838 
7454 8669 9567 
7449 8627 9569 
7768 9156 9163 
7763 9114 9165 
8560 9324 8679 
8580 9295 8683 
8566 9285 8685 
8571 9298 8684 
8587 9355 8619 
8569 9325 8631 
8032 9848 8447 
8991 9500 8359 
9203 8541 8786 
8859 9625 8023 
8841 9595 8035 
7845 8001 9503 
7814 7701 9573 
8193 9357 8837 
8516 8994 8919 
8592 9112 8893 
8565 9094 8913 
8034 9755 8297 
8054 9754 8359 
7516 7926 9706 
7511 7884 9708 
8721 9063 8717 
8798 9111 8690 
8776 9135 8708 
8778 9112 8628 
8794 9061 8709 
8379 9755 8196 
8254 10086 7965 
8260 10034 8011 
8287 10065 7951 
9372 9047 8197 
8584 8394 9250 
9183 8164 9057 
8742 8724 9061 
7957 8917 9336 
8333 8532 9370 
8388 8604 9361 
9873 8431 7650 
7849 8465 9411 
7761 9909 8204 
7816 9981 8195 
8954 8825 8777 
8896 8872 8821 
8954 8802 8795 
8936 8876 8794 
8942 8824 8840 
9303 9371 8266 
9309 9319 8312 
8782 9606 8279 
7467 10141 7245 
9360 8617 8693 
9385 8609 8725 
9365 8651 8681 
9646 8679 8315 
9701 8751 8306 
9819 8573 7603 
8666 8397 9176 
9516 8969 8069 
9556 8973 8042 
7743 8746 9363 
7725 8716 9375 
9612 8963 8183 
8525 9359 8681 
7724 8331 9586 
7801 8379 9559 
7779 8403 9577 
7781 8380 9497 
7774 8361 9579 
9399 9261 7975 
9339 9299 7958 
9361 9273 7943 
9385 9251 7977 
9379 9303 7931 
8807 8133 9163 
9659 8783 7963 
9629 8778 7990 
8564 9553 8651 
8456 9462 8674 
8398 9947 8140 
9439 8802 8447 
9494 8874 8438 
9489 8832 8440 
9512 8800 8439 
9298 8529 8856 
8019 9000 9221 
8041 8974 9206 
8065 8952 9240 
8059 9004 9194 
8385 8769 8993 
8403 8799 8981 
8612 9597 8482 
8652 9712 8453 
8598 9587 8484 
8661 9697 8476 
9412 8243 8863 
10078 8019 7400 
10133 8091 7391 
10135 8068 7311 
8504 8047 9416 
8559 8119 9407 
7906 9323 9014 
7961 9395 9005 
7979 9321 9006 
8966 8615 9099 
7768 9850 8264 
9392 8978 8260 
9000 9551 8166 
8963 9556 8146 
8226 9152 9080 
8295 9072 9098 
8260 9195 9047 
8286 9114 9097 
8272 9104 9099 
8293 9174 9033 
8266 9156 9053 
8252 8532 9385 
8234 8502 9397 
9434 8377 8617 
9489 8449 8608 
7915 8913 9354 
9027 9286 8577 
9637 9161 7925 
9580 9012 7939 
8160 8768 9208 
7471 8816 9385 
7687 9047 9213 
7827 7971 9515 
7796 7671 9585 
8587 9070 8895 
9756 8509 7985 
8209 9893 8153 
8604 8393 9312 
9893 8430 7712 
7869 8464 9473 
8931 8834 8796 
9276 9132 8315 
7487 10140 7307 
7466 8221 9658 
9839 8572 7665 
8282 8326 9431 
8715 8456 9152 
9080 8674 8745 
8827 8132 9225 
9700 8813 7948 
8960 8850 8658 
8077 8930 9195 
8363 8795 9008 
9412 8977 8322 
8394 8135 9451 
8951 8872 8681 
9022 9244 8579 
9425 9123 7982 

8685 9839 8169 
8672 9759 8170 
9472 9093 8016 
9492 9092 8078 
9866 8126 7841 
7495 10127 7375 
7488 10108 7457 
7515 10126 7437 
9403 9261 8184 
9394 9289 8121 
8787 8727 9041 
8805 8757 9029 
8832 8775 9009 
8825 8715 9073 
9483 8272 8575 
9503 8271 8637 
9515 8225 8597 
9535 8224 8659 
9147 9142 8246 
9167 9141 8308 
7314 8556 9495 
8693 9688 8124 
9272 9022 8460 
9292 9021 8522 
9088 8422 8915 
9089 8393 8932 
9782 8301 8358 
9773 8329 8295 
7959 8554 9455 
8155 8960 9012 
7165 7480 9768 
7150 7478 9770 
7552 9138 9154 
9716 8816 7854 
9725 8801 7877 
9072 8874 8679 
8526 9518 8391 
7899 8809 9318 
8135 9884 7802 
9598 8661 8277 
8376 9392 8881 
8367 9420 8818 
7419 8717 9470 
7399 8759 9426 
8701 9739 7831 
8695 9791 7785 
10017 8224 7793 
7989 9642 8715 
9230 9386 7927 
9250 9385 7989 
8886 9673 8007 
8895 9658 8030 
8915 9657 8092 
7786 7874 9507 
7806 7873 9569 
7815 7858 9592 
7928 8227 9462 
8321 8064 9389 
8542 8265 9244 
8594 8217 9328 
8562 8264 9306 
8999 8560 8955 
9341 9004 8418 
10047 7854 7602 
7567 9217 9031 
8841 9508 8356 
9769 8432 7892 
8658 7768 9184 
9109 8271 9151 
9096 8191 9152 
9110 8201 9150 
9127 9231 8228 
7009 7827 9711 
7043 7884 9689 
6994 7825 9713 
7902 9119 9044 
9610 8872 8209 
9648 8860 8241 
9628 8902 8197 
8006 9087 8985 
7972 9874 8059 
8106 7848 9468 
8341 9168 8892 
8275 9652 8534 
8309 9709 8512 
8841 9453 8527 
8832 9481 8464 
8614 7970 9364 
8384 9504 8597 
8420 9599 8578 
8398 9514 8595 
9025 9525 8043 
7139 8115 9582 
7157 8145 9570 
9130 9430 7924 
9100 9489 8265 
9123 9480 8246 
9096 9462 8266 
8956 9395 8285 
9782 8340 8102 
8238 8762 9265 
8225 8682 9266 
9123 8755 8796 
8868 9316 8500 
8888 9315 8562 
9995 8692 7814 
9859 8639 7860 
8454 8971 8879 
8755 9299 8728 
9590 8632 8528 
9536 8507 8559 
9490 8555 8540 
9550 8517 8557 
7884 8905 9272 
7893 8890 9295 
8380 9508 8632 
9679 8449 8293 
8982 8717 8848 
9046 8774 8839 
8586 8451 9167 
8391 9401 8602 
8411 9400 8664 
7874 9976 7801 
9616 9174 7903 
9636 9173 7965 
7535 8068 9506 
7551 8095 9496 
7569 8125 9484 
7855 8857 9336 
9218 9298 8021 
8435 8939 8883 
8455 8938 8945 
7614 9216 8971 
7634 9215 9033 
7731 7811 9630 
7877 9471 8719 
7915 9459 8751 
8158 8875 9022 
8178 8874 9084 
8902 9249 8456 
8958 9227 8495 
8952 9279 8449 
9015 8348 8940 
8431 8621 9386 
8407 8643 9352 
8425 8673 9340 
8445 8631 9384 
8953 9356 8322 
8183 8704 9368 
8174 8732 9305 
7690 9945 7987 
7710 9944 8049 
7719 9929 8072 
9199 9141 8218 
9219 9140 8280 
7146 8101 9617 
7541 7854 9608 
7590 7913 9584 
7550 7839 9631 
8418 9002 8850 
8400 9053 8867 
9430 9111 8247 
9381 9044 8261 
9340 9385 7984 
8247 9123 8917 
9526 8746 8284 
9402 8790 8538 
9425 8781 8519 
9347 8772 8598 
9337 8810 8666 
9342 8844 8654 
9472 8738 8556 
9457 8805 8487 
9466 8790 8510 
9486 8748 8554 
9886 8125 7903 
8827 8733 9011 
7334 8555 9557 
8713 9687 8186 
8520 9554 8301 
8137 8930 9024 
7180 7483 9743 
7619 8030 9476 
9746 8821 7827 
9092 8873 8741 
8546 9517 8453 
7919 8808 9380 
8062 9942 7530 
8155 9883 7864 
9618 8660 8339 
7310 10106 7583 
7882 9316 8921 
7587 9216 9093 
9789 8431 7954 
8678 7767 9246 
7677 7503 9652 
7922 9118 9106 
7992 9873 8121 
8126 7847 9530 
8304 9667 8514 
8673 9220 8780 
9045 9524 8105 
7152 8103 9572 
9125 9388 7926 
9802 8339 8164 
7914 8910 9245 
8606 8450 9229 
7905 10005 7789 
7748 8555 9397 
8938 9358 8307 
7813 7675 9626 
7112 8044 9639 
7572 7883 9596 
8395 9011 8869 
9546 8745 8346 

9927 7960 7591 
8414 9006 8982 
8543 9369 8686 
8537 9421 8640 
8095 8540 9445 
8492 9000 8844 
8487 8958 8846 
9433 9147 8379 
8985 8075 9237 
8743 9564 8255 
8647 8432 9163 
9702 8476 8138 
9664 8487 8083 
7470 10114 7322 
7788 9892 8125 
9404 9010 8551 
8042 8253 9554 
8348 9067 9062 
8361 9147 9061 
7899 9601 8795 
8896 8438 9022 
8951 8510 9013 
8815 9692 8220 
8795 9734 8176 
9707 8659 7782 
8058 8956 9279 
9996 8083 7555 
8250 9972 7754 
8255 10014 7752 
8273 9963 7735 
9364 9206 7888 
9344 9207 7826 
8185 9318 8918 
8167 9333 8945 
8213 9359 8915 
8231 9389 8903 
9183 8268 8968 
9188 8310 8966 
9194 8235 9030 
9156 8334 8962 
9183 8245 8986 
9171 8267 9031 
9165 8319 8985 
9115 8289 8992 
9400 8547 8761 
9379 8552 8711 
9359 8502 8791 
9409 8532 8784 
9451 9019 7979 
7857 9136 9139 
7845 9135 9202 
7839 9187 9156 
8838 8679 8938 
9131 9334 8440 
7940 9823 8492 
7861 9877 8454 
7591 8491 9622 
7604 8571 9621 
8878 9280 8559 
8818 8328 9235 
9998 8221 7501 
10053 8293 7492 
8954 9504 8539 
7522 8184 9625 
7502 8943 9389 
7515 9023 9388 
9569 9078 7881 
9574 9120 7879 
9592 9069 7862 
9613 8892 8310 
9597 8866 8343 
9562 8861 8355 
9590 8902 8352 
9554 8831 8366 
9559 8873 8364 
8600 9527 8407 
8700 9852 8131 
8620 9840 8290 
9211 8136 9173 
8162 9039 9088 
8137 9022 9104 
8179 8990 9138 
9003 8287 9104 
8068 8763 9431 
9548 8354 8655 
9571 8322 8654 
9290 9251 7778 
9170 9289 8195 
9186 9316 8185 
9155 9287 8197 
9204 9346 8173 
8173 8246 9465 
8141 8142 9473 
8196 8214 9464 
7984 10072 7497 
7982 10095 7577 
8573 8633 9205 
9646 8786 7898 
9682 8806 7886 
7979 9532 8646 
8565 9104 8766 
7576 8652 9555 
7626 8682 9548 
9274 8694 8861 
8473 9405 8808 
8441 9429 8804 
8456 9362 8873 
8432 9384 8839 
8450 9414 8827 
8540 9077 8820 
8552 8720 9272 
8570 9365 8598 
8643 9363 8590 
8625 9437 8589 
7882 9025 9143 
7879 9037 9152 
7928 9096 9128 
8875 9605 8179 
8917 9573 8213 
8911 9625 8167 
8091 8720 9368 
8788 8868 8856 
7475 8194 9675 
7515 8309 9646 
7461 8184 9677 
7474 8264 9676 
8292 9268 9041 
8260 9164 9049 
8315 9236 9040 
7893 8395 9580 
7879 8385 9582 
7873 8437 9536 
8709 8619 9130 
8689 8620 9068 
7678 8597 9584 
9289 9274 8610 
7888 8579 9528 
7882 8631 9482 
8461 9583 8484 
8533 9674 8459 
8501 9698 8455 
8532 9683 8472 
8460 9653 8485 
8737 8801 8957 
9067 9517 8131 
9053 9507 8133 
9066 9587 8132 
7818 7740 9627 
9019 8707 8805 
8823 8786 9015 
8654 8849 9103 
8416 9660 8578 
8375 9615 8608 
8448 9613 8600 
8270 9520 8668 
8384 9442 8737 
8090 8498 9447 
9417 8624 8588 
8667 8431 9225 
7819 9921 8113 
9500 8904 8173 
9737 8664 7755 
7834 9145 9158 
9025 9499 8355 
8844 8627 8984 
8243 8006 9547 
8898 9279 8621 
8159 9894 8101 
9626 8881 8323 
8620 9526 8469 
9294 9193 8218 
7910 9066 9140 
9705 8555 7879 
8540 8471 9376 
7877 8589 9484 
8514 9424 8660 

8208 8914 9020 
8226 8944 9008 
7544 9009 9372 
7526 8979 9384 
8399 9472 8535 
8412 9552 8534 
8375 9512 8548 
8950 8514 9094 
8968 8440 9095 
8945 8472 9096 
8587 9007 8930 
8570 8964 8995 
8583 9044 8994 
7521 8704 9456 
7503 8674 9468 
9777 8917 7961 
8705 8996 8735 
8688 8953 8800 
8701 9033 8799 
8702 8963 8798 
9496 8532 8542 
9548 8538 8503 
9512 8559 8532 
9466 8533 8562 
9530 8589 8520 
9387 8535 8774 
9351 8574 8850 
9369 8586 8791 
8524 9772 8208 
8488 9811 8284 
8506 9823 8225 
9833 8465 7798 
9813 8466 7736 
10015 7795 7613 
10009 7847 7567 
9897 8305 8002 
9986 8443 7962 
9900 8342 7989 
9914 8352 7987 
9913 8422 7988 
9876 8382 8002 
9603 9081 7850 
9591 9119 7924 
9573 9089 7936 
9586 9077 7926 
7878 9333 8816 
9300 9091 8360 
8345 8417 9462 
8363 8429 9403 
8021 8488 9327 
8979 8727 8843 
9428 9055 8172 
9392 9094 8248 
9410 9106 8189 
8911 9597 8058 
9045 9349 8383 
7941 9886 8253 
8068 10168 7577 
8658 8655 9201 
8153 7889 9509 
8166 7969 9508 
8129 7929 9522 
8630 8792 8875 
8657 8737 8932 
8634 8769 8933 
8628 8821 8887 
7943 8792 9354 
7925 8866 9353 
8326 9449 8714 
8362 9405 8703 
8339 9437 8704 
8426 9904 7729 
7829 9023 9352 
9561 8704 8261 
9583 8680 8243 
9556 8662 8263 
9563 8681 8181 
8391 8724 9184 
8577 8395 9386 
8561 8399 9291 
9154 9537 8164 
8769 9484 8350 
8705 9464 8382 
8751 9535 8367 
7350 7847 9739 
7314 7886 9815 
7332 7898 9756 
8632 9522 8401 
8638 9470 8447 
8755 8372 9274 
8801 8324 9293 
8795 8376 9247 
8516 8633 9269 
8511 8591 9271 
8620 9751 7980 
7416 8154 9696 
7411 8112 9698 
8254 9997 7798 
8341 10067 7777 
8328 10079 7787 
7519 8427 9470 
7535 8454 9460 
7553 8484 9448 
7939 9320 9002 
8395 9309 8628 
9607 8961 7794 
9696 9099 7754 
9610 8998 7781 
9624 9008 7779 
9623 9078 7780 
8442 9287 8633 
8422 9329 8589 
9271 8948 8648 
8813 8384 9149 
8826 8464 9148 
8789 8424 9162 
7729 9259 9142 
7684 9211 9174 
8799 9410 8564 
8046 9001 8996 
8023 8352 9545 
8018 8310 9547 
8751 9675 8162 
8803 9681 8123 
8721 9676 8182 
8780 9698 8152 
8785 9732 8140 
7452 8777 9390 
8903 9670 7956 
8194 8950 9254 
8987 9356 8449 
8614 8671 9196 
7600 9084 9186 
7633 7717 9609 
7617 7737 9700 
8616 8240 9362 
8611 8198 9364 
8951 8667 9028 
8997 8619 9047 
8991 8671 9001 
8382 9730 8343 
8377 9688 8345 
8602 9889 7762 
8606 9764 7747 
9065 8712 8859 
9045 8713 8797 
8919 9541 7781 
7978 9126 9129 
7973 9084 9131 
8986 9428 8407 
9287 9372 8039 
9305 9321 8022 
9282 9330 8041 
7891 9006 9196 
7871 9007 9134 
9392 9429 8014 
9383 9444 7991 
9396 9432 7981 
9237 9192 8464 
9283 9144 8483 
9277 9196 8437 
9407 9031 8410 
9419 9032 8347 
9383 9071 8423 
9401 9083 8364 
7618 9896 8150 
9814 8610 7632 
9856 8518 7626 
9792 8498 7658 
9784 8468 7669 
9577 8698 7992 
9525 8547 8522 
9364 8544 8793 
9659 8380 8125 
8501 9781 8227 
8026 8272 9491 
9120 8569 8900 
10027 7773 7568 
9349 9150 8336 
9276 9248 8054 
9756 8406 7994 
8358 8387 9405 
7583 9906 7999 
7981 8484 9354 
7985 9615 8782 
8999 8726 8905 
9405 9064 8191 
8746 9493 8369 
7327 7856 9758 
8813 8302 9248 
8323 10037 7789 
7548 8442 9450 
8415 9308 8690 
9285 8698 8640 
9633 8464 8169 
8028 8971 9008 
9493 9139 7864 
7447 8735 9392 
8758 8544 9061 
9009 8597 9002 
9531 8780 8206 
9295 9122 8438 
9396 9041 8366 
9874 8507 7496 
9833 8527 7645 
9858 8460 7553 

8032 9188 8976 
8040 9132 9025 
7961 9153 9018 
8002 9144 8993 
8020 9174 8981 
9040 8466 9103 
8047 8562 9439 
8009 8592 9454 
8921 8705 9016 
8927 8653 9062 
9041 8871 8818 
8300 9761 8199 
7948 9625 8632 
8312 9883 7822 
8291 9811 7881 
8241 9848 7864 
8271 9853 7837 
9860 8445 8006 
9822 8475 8021 
9859 8515 8007 
9846 8435 8008 
7993 9811 8163 
8155 8507 9488 
8051 9591 8677 
8124 9589 8669 
9316 9080 8585 
9252 9023 8594 
8928 8873 8934 
8267 9834 7876 
8254 9846 7886 
7945 9107 9147 
7940 9065 9149 
8310 9024 8969 
8269 8994 8984 
7350 10027 7761 
7712 7686 9712 
7749 7726 9698 
7736 7646 9699 
8615 8418 9184 
8635 8417 9246 
8150 9992 8104 
8168 10004 8045 
8463 9620 8487 
8500 9660 8473 
8487 9580 8474 
8891 9467 8813 
9528 9319 8347 
9193 8211 8901 
9225 8164 8923 
9202 8196 8924 
9447 8477 8690 
9429 8447 8702 
9567 8469 8572 
9561 8521 8526 
9521 8517 8553 
9654 8597 8242 
7733 9634 8586 
7770 9674 8572 
9099 8589 8979 
9123 8567 9013 
9117 8619 8967 
9077 8615 8994 
8645 7890 9144 
8498 8991 9396 
7746 10133 7539 
7764 10145 7480 
7678 8802 9502 
9262 8769 8807 
8488 9796 7796 
8498 9792 7853 
8460 9804 7821 
8478 9834 7809 
9572 8708 8326 
9565 8705 8422 
9615 8675 8387 
9583 8631 8423 
9560 8663 8424 
7397 8116 9866 
8589 8635 9204 
9293 9109 8352 
9884 8438 7581 
8219 9349 8891 
8256 9389 8877 
8243 9309 8878 
7906 9564 9344 
9118 9403 8190 
7606 8315 9607 
9374 9373 8047 
9312 9392 7991 
9099 8979 8743 
9023 8997 8801 
9078 8982 8732 
9076 8998 8784 
9082 8959 8790 
9076 9011 8744 
9308 8575 8710 
7705 9821 8490 
7685 10049 7712 
9520 8905 8465 
9552 8858 8487 
9529 8890 8488 
8928 9004 8881 
8952 8964 8868 
8946 9016 8822 
9446 8602 8546 
9317 9011 8495 
9390 8988 8554 
9352 9000 8522 
8064 8460 9489 
8050 8450 9491 
9298 9375 8128 
9043 9192 8514 
9038 9150 8516 
7947 9578 8812 
9790 8914 8125 
8150 9069 9109 
8168 8995 9110 
8675 9784 8159 
8560 8838 9023 
8578 8764 9024 
8555 8796 9025 
8520 8834 9050 
9030 9518 8765 
8523 9568 8850 
7869 7836 9561 
8134 8555 9457 
8954 9636 8175 
8916 9666 8190 
8940 9626 8177 
8934 9678 8131 
9445 8610 8614 
9627 8969 8324 
9100 8807 8779 
8209 8900 9429 
9283 9427 8146 
8042 9150 8963 
9152 9146 8529 
9341 8617 8606 
8249 9804 7888 
9042 8180 9092 
7370 10026 7823 
9045 9524 8105 
8163 9962 8047 
9041 9602 8246 
9579 8447 8527 
9135 8545 8968 
8665 7889 9206 
8759 8104 9111 
7759 10103 7482 
7682 9918 8125 
9904 8437 7643 
9059 9290 8364 
8996 8673 8876 
8243 8006 9547 
8327 9644 8479 
9314 8523 8756 
9729 9051 7765 
9394 8612 8569 
8941 8974 8824 
8150 9708 8290 
7889 7835 9623 

