26973 29151 
26512 29380 
26140 29596 
26481 29399 
27918 28070 
24845 29931 
25236 29872 
27372 28723 
27381 28693 
26502 29385 
26511 29381 
27185 28927 
27200 28879 
26303 29449 
29168 26320 
29193 26251 
24924 29920 
26264 29494 
26289 29461 
26280 29491 
27514 28562 
27523 28532 
29976 24383 
29946 24401 
29116 26377 
26130 29601 
29029 26378 
28999 26396 
26632 29285 
26643 29231 
26618 29300 
27991 27999 
28034 27925 
28009 27994 
28016 27930 
25822 29627 
29489 25996 
29404 26001 
27646 28344 
27660 28329 
27628 28349 
27671 28275 
27705 28134 
27691 28149 
27735 28112 
29282 26150 
29275 26180 
29700 25339 
29612 25802 
29628 25799 
29734 24900 
24528 30089 
28949 27034 
28979 27016 
28280 27548 
28324 27511 
27850 28098 
28603 27436 
25168 29900 
28114 27681 
28046 27709 
28061 27686 
28047 27701 
25749 29757 
25743 29761 
25704 29786 
26432 29412 
26329 29422 
28038 27727 
29843 24691 
29868 24622 
26928 29180 
27768 28108 
27706 28119 
29705 24907 
28295 27518 
24794 30000 
28151 27612 

27065 28899 
26584 29372 
23999 30092 
29639 25623 
28768 26908 
27538 28469 
26623 29351 
28068 28201 
28184 27907 
28999 26791 
29001 26774 
29249 26578 
29182 26620 
27138 28833 
27674 28296 
27565 28430 
26721 29295 
28295 27660 
28932 26833 
29638 25719 
29807 24699 
28552 27582 
28746 26988 
27692 28291 
27556 28460 
26710 29319 
24908 29961 
26032 29638 
25983 29671 
27759 28254 
27777 28249 
27717 28257 
27572 28380 
27259 28803 
27268 28799 
27269 28798 
28057 28225 
24696 30080 
24654 30083 
28199 27859 
28173 27931 
28188 27883 
28159 27946 
28117 27949 
28717 27371 
28345 27615 
28306 27636 
28239 27678 
27094 28864 
28377 27599 
29014 26743 
28988 26815 
29003 26767 
28974 26830 
28854 26868 
28810 26905 
30086 23081 
30045 23123 
30075 23105 
25627 29704 
29224 26617 
29267 26573 
29242 26612 
25372 29784 
29763 25505 
29721 25508 
29777 24717 
30025 24321 
27210 28818 
27180 28830 
28577 27549 
28568 27579 
27067 28892 
27081 28877 
29474 25843 
29389 25848 
29318 26449 
29309 26479 
29336 26430 
27052 28995 
26967 29000 
26925 29003 
29343 26271 
29565 25832 
29575 25827 
25559 29723 
25517 29726 
24041 30089 
26762 29131 
26239 29419 
25353 29835 
26665 29348 
26103 29544 
28825 26875 
25669 29701 
26843 29107 
26281 29416 

29609 25393 
29780 25267 
27148 28882 
29165 26381 
25472 29744 
26030 29606 
29001 26755 
29542 25690 
27010 29033 
26958 29063 
27159 28868 
28361 27617 
28319 27620 
28053 28167 
29248 26181 
29462 25846 
27088 28890 
26968 29036 
26545 29182 
25673 29720 
24077 30052 
24119 30049 
26291 29460 
29653 25356 
24385 30023 
24428 30021 
28766 27062 
28808 27059 
28817 27029 
28181 27920 
28405 27580 
28566 27184 
28556 27223 
28514 27226 
26568 29178 
29871 25116 
28035 28172 
25888 29668 
27207 28867 
27256 28834 
29798 25262 
25402 29779 
25486 29729 
25454 29749 
25360 29782 
25412 29752 
29560 25685 
29574 25670 
26177 29542 
26226 29509 
30014 24240 
29972 24243 
30028 24225 
29292 25858 
29252 25919 
29480 25841 
29505 25772 
29487 25777 
27130 28887 
27078 28917 
29207 26378 
29221 26363 
29151 26398 
25924 29665 
25931 29635 
28462 27369 
28506 27332 
28420 27372 
28757 27143 
28748 27173 
26337 29368 
26295 29371 
26358 29357 
26400 29354 
27747 28265 
27705 28268 
29019 26750 
25353 29835 
29029 26656 
29054 26587 
28107 28078 
28125 28073 
28464 27367 
28408 27385 
24303 30033 
27042 29013 
27028 29028 
26916 29066 
26743 29077 
23819 30117 
23777 30120 
27577 28284 
27351 28728 
27309 28731 
27371 28719 
27389 28714 
27414 28645 
27396 28650 
25032 29984 
25034 29938 
25057 29915 
23916 30055 
26457 29315 
26511 29239 
26415 29318 
29624 25363 
28376 27587 
26610 29175 
29263 25865 
28477 27339 
24345 30030 
26785 29074 
26516 29189 
26482 29246 

27896 28074 
28067 27876 
27520 28492 
27050 28881 
27805 28196 
27918 28041 
26187 29476 
29181 26422 
26066 29519 
25813 29621 
27094 28844 
26775 29183 
26800 29114 
26757 29188 
26782 29119 
28924 26851 
28939 26803 
24877 29989 
24884 29959 
29922 24656 
25601 29711 
25585 29733 
25587 29726 
24164 30010 
24110 30086 
26874 29086 
25623 29702 
25605 29707 
27889 28104 
27904 28056 
27810 28118 
26189 29469 
27127 28822 
27139 28817 
27146 28787 
28890 26981 
28880 26990 
29716 25171 
29684 25191 
29702 25186 
29727 25117 
29403 26320 
29393 26329 
28569 27114 
25965 29598 
25951 29613 
25974 29551 
28548 27190 
28541 27254 
28523 27259 
28566 27185 
30053 24589 
30068 24541 
24466 30005 
26382 29425 
29180 26518 
29799 25024 
29884 25019 
26928 28904 
26926 28950 
27464 28575 
27502 28497 
29504 26055 
29649 25733 
29665 25730 
29635 25748 
26533 29230 
26465 29258 
25662 29686 
25671 29639 
25648 29701 
25673 29632 
28383 27283 
25998 29547 
28081 27861 
28111 27839 
26246 29463 
25032 29877 
25030 29923 
28277 27386 
28272 27649 
27994 27943 
26447 29320 
25784 29628 
27065 28851 
24135 30017 
25380 29770 
27475 28521 
26504 29237 
28375 27375 
28082 27846 
25078 29872 
28146 27733 
28204 27677 
23499 30087 

23960 30016 
27615 28228 
29108 26459 
29120 26451 
28991 26668 
29029 26653 
29018 26657 
29408 26067 
29107 26548 
29642 25575 
26692 29219 
27343 28586 
27428 28581 
27385 28583 
27470 28578 
24025 30008 
25195 29964 
29755 25204 
24370 30002 
29383 26187 
23918 30019 
23875 30093 
28971 27042 
27313 28948 
28138 28105 
26497 29527 
27472 28258 
26081 29797 
29122 26444 
29061 26633 
29059 26640 
29047 26648 
29537 25813 
27671 28210 
27597 28233 
27191 28950 
27175 28962 
28585 27210 
29533 25867 
28304 28101 
27856 28194 
27840 28206 
28505 27732 
28490 27780 
28434 27798 
26252 29601 
26236 29613 
29450 26064 
29465 26016 
29885 24638 
29887 24587 
30087 23971 
30072 24019 
29807 24940 
30052 24387 
27011 29176 
29600 25578 
29651 25545 
29671 25512 
29657 25527 
28518 27283 
26990 29193 
26967 29209 
29785 25075 
29760 25144 
26605 29238 
26777 29214 
24067 30005 
24412 29999 
23617 30103 
23900 30024 
28614 27115 

26968 29036 
29634 25941 
25728 29693 
28020 28021 
28912 26819 
27010 29033 
30053 24589 
26303 29451 
26316 29442 
26264 29472 
25641 29707 
28954 26816 
27264 28620 
24243 30050 
26916 29066 
30011 24592 
27351 28386 
28482 27337 
28094 27965 
29690 25594 
26167 29609 
26141 29626 
29766 24866 
27070 29016 
27072 28965 
25686 29696 
25643 29698 
25746 29688 
24415 29984 
24457 29981 
29258 26267 
28972 26811 
26718 29101 
26663 29125 
26757 29080 
25963 29666 
27278 28605 
27293 28557 
27222 28623 
27274 28611 
27279 28572 
24344 29987 
24337 30017 
24295 30020 
24285 30047 
28815 27225 
28755 27233 
28797 27230 
29429 26063 
29387 26066 
29439 26054 
29444 26015 
28306 27414 
26958 29063 
27028 29028 
25010 29866 
25052 29863 
27647 28342 
27598 28375 
27621 28359 
29233 26749 
30063 24580 
30068 24541 
28116 27852 
28158 27849 
28243 27844 
27413 28377 
25504 29741 
26332 29373 
26374 29370 
26459 29365 
28440 27340 
28388 27370 
28500 27332 
28430 27367 
24080 30107 
29751 25566 
27935 28026 
27893 28029 
28107 27890 
28100 27920 
29563 26007 
29615 25995 
26529 29330 
26486 29332 
26571 29327 
27755 28084 
27760 28049 
29370 26129 
29354 26141 
25098 29808 
25140 29805 
26689 29108 
24982 29915 
27384 28384 
28277 27416 
28265 27677 

28296 27572 
26853 29200 
29257 26581 
25790 29644 
25945 29562 
28758 27060 
28447 27309 
29131 26634 
25057 29874 
28186 27771 
26891 28995 
28837 27001 
28834 27034 
26271 29394 
27219 28888 
27189 28906 
30053 23091 
24110 30086 
29359 26084 
29401 26081 
26955 28991 
25473 29743 
25432 29771 
26144 29472 
26105 29493 
26103 29539 
25934 29636 
25891 29638 
28714 27097 
28966 26884 
28951 26932 
28481 27246 
27935 28046 
27908 28059 
27894 28074 
24696 30080 
30022 23987 
29429 26063 
29444 26015 
29977 24359 
30007 24341 
28379 27337 
28619 27160 
28616 27193 
29471 25496 
29875 24830 
29960 24825 
29870 25290 
29869 25386 
29216 26629 
28228 27600 
25101 29837 
25047 29913 
26494 29254 
29282 26261 
27785 28193 
27744 28221 
28032 27818 
25627 29712 
25586 29740 
27494 28727 
27354 28732 
27500 28594 
26289 29370 
26235 29446 
26319 29307 
26317 29341 
26545 29201 
28142 27808 
25635 29695 
25594 29723 
24077 30108 
25423 29799 
28729 27067 
28452 27253 
25312 29817 
25072 29844 
27735 28249 
27995 27878 
26361 29304 
26516 29208 
28157 27778 

28664 27109 
27440 28544 
27668 28386 
29155 26543 
27566 28491 
29892 23973 
27007 29072 
27324 28890 
28433 27429 
28475 27426 
29973 23682 
29216 26322 
26108 29661 
28989 26561 
27584 28470 
27508 28516 
29153 26550 
26602 29231 
26644 29228 
27595 28440 
24924 29994 
24966 29991 
25851 29695 
25867 29692 
29389 26181 
26989 29077 
26980 29168 
24733 30012 
24775 30009 
26264 29494 
26289 29461 
26280 29491 
28102 27847 
24654 30083 
24696 30080 
28529 27276 
28514 27311 
28571 27273 
29685 25554 
29770 25549 
29812 25546 
29727 25551 
27865 28014 
28596 27137 
27382 28712 
27360 28721 
29259 26320 
29174 26325 
28971 26740 
28960 26764 
25500 29799 
25389 29809 
25458 29802 
25431 29806 
25807 29722 
25765 29725 
28024 28002 
27913 28012 
27982 28005 
27955 28009 
28942 26831 
28857 26836 
28899 26833 
27844 28263 
27833 28287 
30129 23589 
30086 23591 
30044 23594 
30171 23586 
28166 27498 
26502 29289 
28712 26880 
28987 26568 
28975 26576 
29881 24351 
29813 24379 
29295 26246 
29284 26270 
27608 28407 
27614 28390 
27510 28509 
26438 29300 
29166 26489 
29935 23971 
28255 27436 
28187 27464 
26534 29259 
26576 29256 
26326 29430 
26336 29364 
25718 29749 
25760 29746 
25082 29891 
28137 27505 
26409 29307 
28106 27605 
28226 27443 
26381 29331 

27492 28609 
29026 26957 
27370 28660 
29030 26492 
27801 28129 
29188 26451 
28112 27998 
27491 28622 
27618 28537 
26921 29059 
27061 29054 
26607 29329 
26692 29324 
28638 27229 
28695 27178 
28680 27226 
26267 29660 
30005 24558 
29957 24578 
30029 24557 
29999 24575 
29511 25554 
29596 25549 
26084 29731 
24700 30099 
28157 27659 
28460 27268 
28507 27258 
29270 26408 
29258 26416 
29272 26401 
29202 26436 
29240 26421 
28136 27997 
28106 28015 
27784 28291 
27782 28339 
28455 27533 
28389 27578 
28403 27563 
28371 27583 
27106 29002 
24945 29979 
27414 28629 
28957 27016 
29028 26950 
29013 26998 
28720 27108 
28706 27123 
25338 29844 
25286 29874 
29380 26001 
29423 25927 
29405 25932 
29398 25996 
27372 28653 
27340 28673 
27288 28703 
27302 28688 
27358 28668 
27600 28542 
27217 28809 
29763 25390 
26288 29390 
29466 25860 
29456 25894 
28172 27629 

28908 26875 
29396 26068 
27705 28251 
25545 29758 
28219 27651 
28177 27654 
24993 29880 
27660 28323 
27703 28258 
28993 26870 
29841 25381 
30166 23640 
26153 29560 
24715 29994 
24666 30027 
26182 29528 
26175 29558 
26133 29561 
26601 29444 
26559 29447 
27072 28938 
27075 28900 
26803 29064 
26845 29061 
26889 29024 
27205 28797 
24469 30034 
24485 30031 
29985 23722 
30008 23703 
29994 23718 
29134 26208 
25466 29765 
24138 30101 
29386 26073 
27337 28732 
27296 28774 
27326 28756 
26674 29086 
25353 29835 
27653 28353 
27719 28236 
29603 25525 
29619 25491 
29618 25504 
29612 25521 
28950 26872 
29035 26867 
26906 28979 
27009 28969 
28074 28101 
28134 28093 
28116 28098 
29826 25429 
29784 25432 
24324 30038 
24366 30035 
26019 29624 
25970 29657 
25291 29850 
29093 26833 
29045 26853 
29096 26820 
29087 26850 
29181 26201 
29223 26198 
29267 26161 
27552 28493 
27503 28526 
25614 29751 
25692 29667 
25624 29695 
28732 27279 
28705 27318 
30151 23688 
30109 23691 
26068 29565 
28245 27380 
28243 27414 
28287 27377 
28300 27340 
29862 24450 
24968 29925 
24990 29894 
26860 29031 
26645 29093 
27678 28284 
29238 26168 
28163 27698 
28167 27682 

29316 25975 
29197 26392 
29732 25507 
29017 26755 
27632 28281 
27689 28230 
29672 25515 
29081 26527 
29386 25940 
29241 26355 
28639 27390 
28047 27737 
29714 25512 
29452 25795 
29123 26524 
27733 28166 
29648 25743 
28089 27734 
29817 24670 
29807 24704 
25919 29700 
26613 29474 
29470 25790 
27422 28817 
25498 29747 
25540 29744 
29167 26487 
27162 28846 
27548 28503 
27557 28473 
27111 29005 
27151 28952 
27133 28971 
27124 29001 
29326 25948 
29400 25925 
29368 25945 
28014 28011 
25180 29795 
25123 29978 
25109 29993 
25139 29975 
26298 29558 
27751 28161 
26009 29671 
26201 29580 
27230 28841 
29061 26718 
28975 26758 
29606 25746 
24767 30084 
30030 24569 
25429 29754 
25471 29751 
28347 27519 
28316 27651 
28927 27011 
27703 28215 
27674 28278 
28635 27490 
28584 27497 
28133 27697 
24644 30107 
28893 27012 
28889 27079 
28892 27046 
27904 28053 
27894 28080 
27852 28083 
29746 25492 
25244 29790 
29138 26494 
25162 29800 
29032 26725 
26622 29016 
26618 29032 
29212 26362 
28104 27704 

27871 28146 
26958 29063 
27534 28678 
28601 27297 
29067 26566 
27091 28974 
28086 27854 
27048 29018 
29835 24614 
26965 29053 
29264 26461 
25101 29837 
29687 25557 
28254 27638 
28767 27057 
28742 27096 
29614 25668 
27414 28722 
27632 28319 
27516 28683 
29837 24607 
24779 30028 
26363 29523 
26389 29503 
24308 30162 
26979 29038 
29349 26456 
24422 30038 
25859 29697 
27767 28244 
27726 28286 
27756 28268 
26649 29157 
26648 29253 
25047 29913 
25057 29874 
26057 29621 
26100 29604 
26153 29597 
26179 29577 
25861 29648 
29688 25461 
29676 25581 
28533 27325 
28243 27662 
28229 27677 
29440 26038 
29355 26043 
28756 27081 
26784 29154 
26809 29085 
25673 29720 
30041 24382 
30011 24400 
27010 29033 
27028 29028 
28953 26990 
28868 26995 
29596 25673 
29555 25679 
29544 25703 
29814 25313 
29818 25289 
29829 25265 
29789 25352 
29803 25337 
28657 27161 
28614 27163 
28988 26618 
28999 26594 
25466 29765 
26452 29312 
26462 29273 
28171 27849 
27066 29013 
27581 28519 
27621 28343 
27889 27947 
27900 27945 
27860 28170 
27175 28866 
24804 29932 
25108 29795 
25072 29844 
25505 29744 
28297 27379 
25091 29842 

28772 27043 
29870 24386 
24288 30023 
27759 28254 
25013 29937 
24955 29938 
28940 26639 
28072 28065 
26750 29260 
24243 30032 
26242 29574 
27777 28249 
25392 29741 
29026 26599 
28982 26636 
25092 29868 
25101 29838 
29912 24383 
29997 24378 
29197 26242 
29194 26275 
27726 28491 
28071 28161 
28548 27506 
28158 27849 
28183 27780 
28116 27852 
26698 29290 
25673 29720 
28457 27662 
28385 27683 
28427 27680 
26378 29469 
26326 29499 
26424 29410 
25051 29890 
25078 29886 
26009 29671 
29780 24411 
23903 30040 
23793 30071 
29734 25434 
29777 25432 
29692 25437 
28354 27704 
28282 27725 
28324 27722 
29484 26039 
29441 26041 
29399 26044 
29526 26036 
29584 25933 
29542 25936 
29593 25903 
24654 29992 
24270 30028 
24185 30033 
29169 26446 
29160 26476 
28588 27052 
28580 27144 
26894 29098 
26843 29131 
26885 29128 
27336 28838 
27321 28886 
27309 28934 
26260 29508 
26252 29566 
26233 29604 
26956 29090 
27041 29085 
26446 29379 
28816 27006 
28730 27046 
24945 29965 
24903 29968 
25353 29835 
24171 30037 
28997 26606 
23835 30068 
28787 27013 

28919 26999 
27784 28215 
26096 29560 
27270 28779 
27469 28376 
29999 23932 
27940 28067 
29541 25823 
28795 27197 
29575 25480 
29022 26903 
26022 29601 
27735 28252 
28012 28035 
26819 29049 
26964 29036 
25575 29717 
29026 26416 
29067 26374 
29056 26398 
24776 29969 
23592 30083 
28086 27676 
28171 27671 
28213 27668 
29019 26936 
29008 26960 
25013 29929 
24971 29932 
25020 29899 
29954 24400 
29957 24331 
28073 27791 
28076 27758 
26062 29566 
26074 29561 
28718 27251 
28633 27256 
25353 29835 
27217 28972 
27229 28852 
28922 26966 
29559 25655 
27269 28798 
29389 25895 
29348 25937 
29378 25919 
27386 28641 
27374 28646 
27394 28592 
27393 28611 
27717 28257 
27802 28210 
28030 28030 
27427 28379 
25671 29685 
25720 29652 
25767 29606 
26491 29252 
27807 28196 
28402 27646 
28443 27604 
28432 27628 
28851 27081 
29523 25828 
26184 29439 
26269 29434 
26311 29431 
24517 29999 
24602 29994 
24644 29991 
29984 23980 
28047 27932 
29084 26339 
29211 26331 
29164 26334 
28813 27192 
26904 29044 
26946 29041 
26665 29150 
29590 25432 
26465 29253 
26455 29280 
29774 25141 
29815 25099 
29804 25123 
29902 25066 
29891 25090 
25694 29678 
25738 29613 
26533 29249 
26317 29375 
25434 29721 
24236 30048 
26385 29315 
26381 29331 
26636 29157 
26426 29287 
25656 29693 
25371 29722 

28109 27820 
26176 29478 
30189 23441 
29851 25412 
29711 25417 
26066 29711 
30012 23519 
27285 28978 
27236 29011 
25279 29827 
25321 29824 
28532 27648 
24218 30062 
29999 23806 
27316 28561 
29203 26436 
29210 26372 
29228 26367 
27843 28239 
27772 28305 
27821 28272 
27802 28287 
25582 29750 
25587 29726 
25585 29733 
29908 24168 
29644 25893 
28071 27826 
28139 27798 
26690 29175 
26715 29106 
26441 29357 
26187 29476 
26261 29473 
30192 23357 
27592 28543 
27599 28507 
23872 30090 
23927 30066 
26738 29084 
26763 29015 
29532 25941 
29311 26242 
29396 26237 
28686 27028 
28580 27140 
26093 29563 
26271 29394 
29126 27021 
26143 29533 
25082 29891 
24461 30040 
24841 29901 
24883 29898 
28017 27959 
28042 27890 
28221 27658 
28153 27686 
26508 29274 
26562 29198 
24584 29931 
24583 30034 
24587 29920 
27287 28568 
24236 30048 
28110 27805 
23898 30073 
26317 29375 
28192 27665 
26533 29205 
26455 29292 

26858 29049 
27946 27964 
27725 28204 
25935 29582 
28024 27879 
26802 29097 
25563 29722 
29019 26845 
27522 28402 
26856 29056 
27303 28697 
25105 29941 
26666 29341 
25835 29666 
25793 29669 
27339 28644 
26723 29290 
26708 29338 
25867 29607 
26900 28965 
26903 28932 
27199 28769 
27284 28764 
29876 24506 
29867 24536 
29401 25899 
29410 25869 
28314 27655 
28339 27586 
26760 29100 
29163 26690 
29763 25505 
29721 25508 
27197 28916 
28296 27839 
28254 27842 
29474 25843 
28543 27327 
28653 27296 
28585 27324 
29396 26237 
24571 29975 
24522 30008 
27630 28236 
27588 28239 
25958 29578 
28767 27154 
28725 27157 
28781 27139 
25565 29715 
25313 29778 
25767 29694 
25725 29697 
26003 29554 
25961 29557 
24077 30052 
24119 30049 
27745 28192 
27696 28225 
27735 28197 
26265 29483 
26223 29486 
26274 29412 
27796 28138 
27781 28186 
24346 30019 
29273 26523 
29329 26440 
29288 26488 
29298 26454 
29311 26445 
27478 28578 
27436 28581 
29001 26850 
27564 28399 
27578 28384 
29038 26719 
29037 26791 
27813 27987 
26303 29384 
28857 27042 
28899 27039 
28814 27044 
27904 27967 
29254 26590 
30104 23400 
30160 23382 
26872 29034 
26814 29059 
27325 28691 
27324 28692 
27353 28629 
27338 28677 
28080 27861 
25906 29586 
23759 30075 
28624 27303 
25929 29585 
25355 29775 

28154 28029 
29507 25863 
26624 29228 
28240 27737 
28208 27757 
29891 24734 
26483 29350 
27627 28277 
26119 29694 
28014 28034 
27223 28903 
27205 28922 
30095 23524 
30086 23554 
26642 29223 
26539 29233 
24400 30039 
24485 30034 
24443 30037 
28226 27752 
27987 28094 
27955 28128 
29962 24182 
29948 24197 
24174 30110 
29933 24731 
29848 24736 
29806 24739 
29735 25489 
29687 25514 
29744 25476 
27147 29075 
27151 29008 
27181 28990 
28163 27964 
28768 27135 
28772 27110 
28781 27080 
26494 29296 
26442 29398 
25673 29720 
24877 29989 
29104 26497 
29062 26500 
29477 25950 
29486 25920 
28486 27283 
28325 27585 
28366 27547 
28334 27581 
29026 26811 
29030 26744 
25360 29743 
23605 30119 
28195 27935 
26223 29408 
26185 29486 
25337 29791 
28818 26895 
28397 27337 
28383 27352 
29280 26388 
29265 26423 
29322 26385 
27561 28564 
27594 28452 
26140 29637 
25504 29741 
29043 26607 
27450 28691 
27468 28686 
27706 28236 
27715 28206 
27750 28197 
28624 27195 
28556 27223 
27384 28808 
26829 29081 
26742 29093 
26744 29086 
30143 23439 
26503 29241 
26147 29512 
28497 27229 
25312 29817 
28789 26902 

26011 29588 
28442 27519 
29290 26374 
27443 28759 
29271 26422 
25923 29610 
25905 29615 
27539 28301 
28710 27249 
28714 27097 
27493 28390 
28253 27593 
25937 29595 
25853 29645 
27536 28334 
26936 29120 
26945 29090 
26963 29071 
26955 29085 
29282 26398 
29739 25519 
29813 25249 
29802 25273 
25365 29791 
29720 25562 
29706 25577 
29691 25625 
26194 29536 
26205 29512 
29118 26751 
29129 26727 
24694 30054 
24703 30024 
24678 30057 
27452 28729 
28137 27830 
28148 27806 
28147 27825 
28707 27318 
26616 29425 
27109 28914 
27120 28890 
27058 28934 
27076 28929 
28677 27400 
26703 29295 
26618 29300 
28006 27976 
29182 26437 
29447 26085 
29444 26118 
29433 26142 
28808 27081 
28900 26843 
28944 26806 
27511 28385 
24782 29979 
24775 30009 
25571 29699 
30039 24202 
30057 24197 
29881 24781 
29859 24782 
28316 27540 
28235 27598 
28150 27603 
29986 24251 
29901 24256 
29987 24248 
29902 24253 
25450 29786 
25243 29818 
27729 28190 
27954 28006 
28915 26813 
25163 29903 
25484 29731 
25615 29662 
25214 29873 
25651 29656 

29032 26718 
30051 23350 
28219 27898 
26710 29243 
28345 27335 
30040 23374 
26871 29092 
28324 27417 
26861 29214 
25798 29689 
30053 23343 
29686 25443 
29120 26475 
29063 26479 
27501 28244 
29030 26725 
29366 26465 
24294 30016 
30151 23320 
28547 27159 
28447 27287 
28356 27311 
28557 27156 
29972 23402 
30042 23367 
30028 23382 
26285 29484 
26075 29618 
26094 29580 
26375 29443 
26394 29405 
26395 29404 
23417 30150 
29826 24660 
29959 23689 
25890 29635 
25885 29636 
25901 29633 
29780 24902 
24884 29959 
24877 29989 
23765 30114 
29444 25973 
29433 25997 
27480 28555 
28929 26862 
28918 26886 
25170 29792 
23991 30059 
27213 28780 
26898 28877 
26884 28892 
28218 27994 
28207 28018 
29684 25450 
29020 26838 
29021 26742 
28684 26979 
28695 26955 
27825 28234 
29348 26470 
29380 26450 
29038 26518 
29052 26503 
29890 23804 
29901 23780 
29676 25817 
29591 25822 
24287 30046 
25222 29790 
29739 25345 
29714 25384 
26448 29356 
25789 29783 
24383 30015 
24410 30011 
26850 29238 
30236 23315 
25022 29902 
25054 29846 
25800 29682 
25814 29667 
25825 29643 
28530 27259 
28638 27132 
28599 27153 
26569 29280 
26501 29308 
26525 29287 
26457 29315 
25141 29799 
26928 28855 
25264 29787 
25025 29853 

29973 24496 
29856 25571 
29975 24489 
26897 29169 
28265 27713 
30036 24105 
24737 30131 
28601 27021 
26931 29140 
29401 26029 
27278 28873 
29039 26820 
27708 28674 
25323 29743 
27737 28262 
27711 28279 
28378 27413 
28446 27385 
29245 26291 
26607 29347 
26703 29295 
28596 27161 
26524 29378 
26520 29445 
26504 29457 
26338 29553 
30158 22807 
27475 28733 
25192 29933 
25234 29930 
29209 26318 
25989 29685 
25966 29718 
28280 27414 
27011 29118 
28882 26971 
28967 26966 
28840 26974 
27421 28767 
27409 28832 
29905 24524 
28559 27253 
28499 27261 
28541 27258 
29730 25624 
29192 26661 
29129 26681 
29162 26679 
28707 26987 
28626 27011 
29381 26095 
29378 26179 
30156 23145 
27996 28245 
28152 28141 
25312 29817 
29216 26298 
29930 24518 
29811 25600 

28561 27543 
29601 25956 
29664 25400 
28924 26921 
27684 28407 
30023 24555 
26310 29359 
28881 26965 
26443 29323 
29867 24689 
28629 27218 
28543 27548 
27815 28168 
26010 29708 
29305 26399 
27320 28873 
26107 29652 
26115 29641 
26096 29676 
24461 30091 
24412 30124 
26643 29261 
26618 29300 
26632 29285 
26956 29090 
27041 29085 
26656 29174 
28660 27113 
25608 29716 
25540 29744 
30014 24585 
30003 24609 
29897 24671 
29760 25151 
29723 25195 
29735 25190 
29749 25175 
27984 27868 
28611 27223 
28604 27257 
28586 27262 
27751 28195 
26149 29534 
26158 29463 
28536 27582 
28518 27587 
27904 27939 
25262 29762 
24782 29979 
24733 30012 
24775 30009 
29516 25961 
27830 28120 
27748 28210 
27819 28144 
27804 28192 
26346 29347 
28318 27811 
28299 27846 
28906 26926 
28899 26960 
27968 27869 
27215 28920 
27166 28953 
27208 28950 
27475 28606 
28969 26603 
27933 27913 
27673 28431 
29227 26482 
29025 26521 
29276 26436 
26413 29341 
25167 29922 
25577 29721 
25509 29749 
29612 25472 
29705 25394 
29654 25469 
27335 28825 
27253 28915 
27309 28897 
27324 28849 
27700 28214 
25237 29788 
28940 26610 
27847 28022 

27440 28692 
28076 28076 
26943 29013 
27042 28924 
25811 29648 
27618 28333 
27693 28246 
27116 28901 
29954 24602 
29107 26496 
29106 26592 
25353 29835 
30053 24589 
30068 24541 
30011 24592 
29015 26853 
29057 26850 
28930 26858 
28972 26855 
27919 28129 
25959 29599 
26607 29378 
26558 29411 
27558 28424 
27543 28472 
27487 28490 
27084 28921 
27102 28916 
29177 26097 
29738 25479 
29763 25446 
29754 25476 
29444 26015 
29429 26063 
29387 26066 
29465 25992 
29490 25959 
29481 25989 
28748 27236 
28706 27239 
25863 29618 
25853 29645 
25905 29615 
25923 29610 
24696 30080 
24654 30083 
28388 27625 
28397 27595 
25167 29922 
25767 29775 
29167 26190 
26376 29564 
28476 27539 
28366 27743 
28367 27647 
30157 23321 
30127 23339 
29972 24597 
26909 29050 
26893 29108 
27660 28330 
27735 28243 
27779 28206 
23885 30143 
29138 26197 
28490 27267 
27750 28213 

26997 28942 
29157 26408 
27188 28903 
30114 22844 
30158 22807 
28289 27581 
24040 30083 
30064 22984 
28930 26784 
24612 30060 
29593 25751 
28776 26986 
27013 28920 
29201 26371 
29854 25332 
27671 28352 
26932 29117 
26429 29466 
26451 29452 
26416 29470 
26456 29417 
28140 27758 
28162 27733 
29310 26218 
29300 26227 
29260 26274 
29251 26304 
28913 26912 
28903 26921 
28878 26930 
28918 26877 
26678 29152 
26636 29155 
24584 30069 
29649 25733 
29665 25730 
29635 25748 
28794 26981 
25123 29978 
25109 29993 
25139 29975 
27953 28032 
27919 28129 
25781 29736 
25772 29766 
28139 27844 
29494 25948 
29509 25900 
30012 24502 
30023 24432 
26999 28935 
29738 25609 
28333 27544 
28093 27955 
28118 27886 
27737 28262 
25378 29795 
25285 29834 
25243 29837 
28972 26659 
25161 29883 
27304 28554 
27331 28530 
28742 27188 
28701 27236 
29005 26582 
28266 27595 
28194 27599 
25807 29689 
25800 29719 
28419 27257 
29353 26024 
29330 26033 
29317 26037 
29357 25984 
26523 29326 
29876 25299 
29814 25335 
28411 27391 
30059 23889 
30029 23907 
27597 28460 
27572 28493 
27588 28490 
27395 28511 
27413 28506 
28400 27394 
30041 23892 
30028 23933 
23497 30158 
28760 27029 
26629 29247 
26635 29168 
24649 30045 
24663 30030 
24679 30027 
23972 30111 
27653 28438 
26235 29584 
26210 29617 
26226 29614 
30129 22814 
28304 27551 
29172 26378 
28420 27242 

29346 25982 
27859 28101 
27817 28104 
25558 29735 
27485 28557 
25628 29700 
27558 28547 
28436 27509 
28539 27499 
27576 28365 
26833 29173 
26918 29168 
29769 24869 
27692 28205 
27770 28115 
28802 27192 
29302 26031 
26274 29431 
29896 24046 
25075 29922 
25026 29955 
25068 29952 
26571 29385 
27219 28888 
27189 28906 
26576 29303 
26632 29285 
26643 29231 
26203 29532 
28359 27845 
28232 27853 
28317 27848 
28274 27850 
24654 30083 
24696 30080 
26158 29548 
26109 29581 
26151 29578 
27869 28074 
25610 29705 
26009 29671 
26032 29638 
29725 25591 
29741 25588 
29837 24735 
29196 26333 
27154 28976 
27105 29009 
27707 28140 
29229 26238 
29227 26245 
29293 26185 
28858 26917 
25650 29694 
25735 29689 
28521 27504 
29159 26738 
29189 26720 
24931 30007 
24959 29956 
28804 27185 
28734 27220 
24080 30107 
26924 29017 
27907 27988 
27975 27960 
27359 28610 
27444 28605 
29320 26026 
29387 25954 
29369 25959 
29348 25975 
26323 29398 
29941 23356 
30026 23351 
27657 28341 
27618 28362 
25397 29756 
25312 29817 
25424 29750 

26446 29379 
27777 28249 
25635 29689 
25145 29958 
26200 29534 
27968 28146 
27534 28678 
27862 28227 
28617 27279 
28573 27316 
25591 29699 
25883 29669 
27759 28254 
26156 29544 
26130 29569 
28682 27189 
28525 27378 
25523 29727 
25617 29694 
28161 27654 
29948 24557 
29937 24581 
26236 29497 
26237 29440 
27443 28759 
29167 26487 
28121 27722 
29977 24359 
30007 24341 
27593 28545 
26831 29024 
25123 29978 
25109 29993 
25139 29975 
27516 28683 
25402 29740 
27179 28951 
27131 28971 
26777 29035 
29770 25549 
29685 25554 
29727 25551 
29812 25546 
26214 29519 
26088 29572 
26182 29539 
28767 27184 
28190 27641 
28220 27629 
27868 28204 
27871 28191 
29353 26207 
29350 26220 
29302 26240 
29344 26237 
28918 27128 
28907 27152 
28920 26716 
24654 30083 
24696 30080 
25389 29832 
28094 28093 
28036 28118 
28038 28111 
29075 26712 
26522 29249 
29614 25856 
29529 25861 
29487 25864 
29562 25857 
29108 26674 
29133 26605 
28523 27416 
28548 27347 
28139 27678 
26285 29435 
25649 29674 
25565 29724 
27214 28827 
27256 28824 
28133 27705 
28107 27730 
28157 27670 
28129 27721 
28103 27746 
29138 26494 
26769 29127 
25908 29600 
26547 29190 
25337 29862 
28588 27286 
23359 30127 

26088 29572 
29245 26436 
25937 29616 
29532 25983 
30073 24587 
28994 26831 
29442 26283 
26761 29236 
26709 29266 
27384 28496 
29305 26360 
29012 26649 
25075 29877 
26200 29534 
25630 29715 
29870 25155 
26407 29399 
26382 29438 
25993 29598 
30136 23553 
29000 26657 
25190 29851 
25117 29874 
27734 28225 
26198 29541 
28796 26921 
25672 29712 
29863 25167 
26422 29351 
26340 29441 
26862 29074 
26873 29050 
27293 28848 
27301 28794 
26020 29585 
28788 27213 
23776 30099 
28965 26860 
28983 26855 
27570 28440 
27545 28479 
29521 26007 
29819 25429 
29734 25434 
27074 28981 
27092 28938 
27083 28968 
27839 28131 
27883 28094 
28425 27472 
28436 27448 
27191 28898 
30125 23577 
30145 23523 
30062 24611 
28218 27910 
28219 27814 
28230 27790 
27646 28316 
24877 29989 
24835 29992 
29432 26352 
29347 26357 
26750 29260 
26698 29290 
24244 30049 
24202 30052 
24032 30080 
23963 30087 
23905 30088 
24896 29916 
24998 29913 
24739 30028 
24764 29995 
24755 30025 
29014 26642 
29025 26618 
29177 26464 
28477 27372 
25201 29824 
25212 29800 
27309 28584 
27325 28581 
25333 29767 
27425 28490 
27373 28520 
25822 29627 
26214 29519 
26225 29495 
26130 29569 
26140 29542 
29504 26055 
29515 26031 
29641 25506 
29656 25471 
29698 25468 
25716 29675 
27926 27934 
27884 27937 
27969 27932 
29934 25101 
29945 25077 
29878 25119 
29859 25179 
27854 28101 
27815 28201 
25375 29764 
25687 29682 

28107 28078 
29864 24902 
28967 26817 
28416 27595 
28321 27879 
27336 28838 
27210 29032 
28607 27278 
29184 26507 
26140 29596 
27635 28349 
25123 29978 
29655 25040 
27534 28431 
28218 27889 
28605 27285 
30118 23483 
27861 28117 
26361 29457 
29621 25090 
29199 26347 
29284 26342 
23991 30059 
23583 30092 
23625 30089 
29964 24647 
28329 27822 
25291 29850 
27309 28934 
27321 28886 
26130 29601 
26127 29605 
27436 28665 
27420 28704 
27691 28331 
27702 28277 
29392 26085 
29410 26051 
29401 26081 
27183 29128 
27195 29080 
26292 29561 
25109 29993 
25148 29948 
25139 29975 
30198 23007 
29796 24930 
29758 25030 
29740 25035 
25353 29835 
27548 28416 
27477 28482 
27533 28464 
27519 28479 
30055 24352 
30064 24348 
30094 24330 
29763 24961 
29582 25994 
29579 25998 
25990 29690 
26045 29679 
26032 29687 
28128 28063 
28137 28059 
28167 28041 
28303 27884 
29022 26816 
29064 26813 
29071 26783 
28125 28073 
28618 27224 
29147 26645 
29166 26512 
27720 28166 
27805 28161 
30106 23491 
30120 23476 
27812 28143 
28415 27691 
28959 27044 
28874 27049 
27900 28096 
28669 27102 
28754 27097 
25873 29791 
25915 29788 
24161 30017 
24203 30014 
24359 30000 
26362 29329 
26650 29300 
26608 29303 
26735 29295 
27942 28093 
24401 29997 

27439 28660 
29160 26409 
29651 25571 
29690 25368 
25120 29930 
29781 24446 
29708 25363 
28664 27106 
29867 24406 
29439 26213 
28792 27092 
28068 27832 
29992 23955 
29932 23963 
24833 30084 
24863 30066 
28035 27963 
26845 29107 
26803 29110 
24892 29937 
26056 29706 
25817 29860 
27955 28085 
27913 28088 
27980 28016 
27863 28445 
26325 29585 
28408 27654 
26571 29390 
26558 29411 
26577 29373 
26585 29315 
26829 29109 
29720 25355 
29722 25348 
27075 29097 
29758 25279 
27790 28560 
29641 25866 
28599 27628 
27215 29016 
29823 24443 
29457 26208 
28810 27087 
28750 27095 
27565 28607 
29158 26416 
29669 25566 
29683 25551 
27712 28573 
28980 27040 
29148 26933 
28134 27787 
28050 27852 
28082 27817 
29974 23960 
30017 23886 
29999 23891 
30161 23068 
30185 23039 
29838 24413 
27520 28636 
29574 25929 

24363 29982 
27350 28848 
26285 29484 
24218 30062 
29964 24211 
28234 28006 
28443 27371 
28377 27412 
26624 29342 
26675 29309 
26666 29339 
26275 29489 
25057 29874 
25047 29913 
29018 26630 
29054 26486 
28699 27139 
28729 27121 
25464 29725 
29296 26102 
29338 26099 
28981 26905 
28896 26910 
26738 29105 
27124 28982 
27126 28931 
25291 29850 
26848 29065 
26841 29095 
25807 29689 
25800 29719 
28890 26971 
28893 26938 
29347 26078 
29357 26041 
29267 26403 
29286 26368 
29279 26398 
29783 25456 
29698 25461 
29463 25683 
29449 25698 
29393 25718 
29379 25733 
28365 27833 
28375 27828 
26119 29525 
26262 29512 
29926 24226 
29982 24206 
29996 24191 
29912 24241 
25904 29579 
26084 29557 
26091 29527 
26154 29522 
24287 30046 
24294 30016 
28566 27231 
28522 27268 
28497 27295 
28467 27317 
28453 27332 
27628 28582 
27586 28585 
27543 28587 
28421 27375 
28391 27397 
26979 29057 
25034 29967 
24992 29970 
24949 29972 
27422 28827 
27392 28845 
25460 29798 
25375 29803 
27662 28159 
27655 28189 
27946 28059 
27749 28095 
27712 28102 
27705 28132 
27664 28133 
27657 28163 
29025 26493 
28537 27238 
28468 27302 
28392 27382 

29996 24191 
29912 24241 
28818 27066 
27794 28304 
27445 28464 
25782 29622 
29701 25409 
24370 30002 
23602 30072 
23712 30041 
23644 30069 
26167 29609 
26429 29466 
26451 29452 
24652 29983 
25706 29764 
25748 29761 
29926 24226 
29994 24198 
29964 24211 
29982 24206 
27172 28867 
27149 28913 
27101 28933 
29857 25040 
29856 25136 
23497 30158 
29879 24894 
29496 26163 
29444 26175 
29486 26172 
29188 26593 
28333 27726 
28631 27445 
28661 27427 
28098 27748 
28054 27785 
27307 28808 
27180 28816 
27255 28809 
27222 28813 
28830 26988 
28915 26983 
28957 26980 
28872 26985 
28820 27059 
28750 27094 
28788 27079 
28806 27074 
28726 27265 
28696 27283 
23554 30101 
23596 30098 
27762 28324 
27780 28319 
28044 27903 
29376 26437 
27487 28461 
27530 28459 
27572 28456 
25800 29617 
29521 26007 
25153 29849 
25097 29867 
25139 29864 
26679 29171 
26629 29185 
27573 28390 
27589 28359 
27575 28374 
29066 26677 
29133 26605 
29108 26674 
27962 28095 
29682 25463 
29630 25475 
29672 25472 
29687 25424 
26937 29098 
26989 29068 
26905 29118 
26923 29113 
26591 29292 
26602 29238 
26535 29310 
25073 29887 
24983 29939 
25181 29833 
25223 29830 
25341 29804 
25390 29771 
25383 29801 
24412 29999 
23683 30048 
28069 27755 
24252 30040 

