27372 28723 
27381 28693 
26502 29385 
26511 29381 
27185 28927 
24924 29920 
26264 29494 
26280 29491 
26289 29461 
27514 28562 
27523 28532 
29976 24383 
29116 26377 
26130 29601 
28999 26396 
29029 26378 
26632 29285 
26643 29231 
26618 29300 
27991 27999 
28009 27994 
28016 27930 
25822 29627 
29404 26001 
29489 25996 
27660 28329 
27628 28349 
27646 28344 
27705 28134 
27691 28149 
27735 28112 
29282 26150 
29275 26180 
29700 25339 
29612 25802 
29628 25799 
29734 24900 
24528 30089 
28949 27034 
28979 27016 
28324 27511 
27857 28068 
27850 28098 
28537 27418 
28519 27423 
25168 29900 
25210 29801 
28046 27709 
28061 27686 
28047 27701 
28091 27664 
25704 29786 
28107 27649 
26329 29422 
28038 27727 
29868 24622 
29843 24691 
26928 29180 
29152 26219 
27768 28108 
27706 28119 
29705 24907 
28295 27518 
27875 28029 
24794 30000 
28558 27402 
25193 29831 
28062 27671 
25713 29756 
28151 27612 

27674 28296 
27534 28466 
27565 28430 
26584 29372 
24908 29961 
26032 29638 
25983 29671 
27693 28236 
27259 28803 
27268 28799 
28068 28201 
28057 28225 
24696 30080 
24654 30083 
28184 27907 
28173 27931 
28159 27946 
28117 27949 
28717 27371 
28345 27615 
28353 27590 
28999 26791 
28988 26815 
28974 26830 
28932 26833 
28854 26868 
30086 23081 
30075 23105 
29613 25695 
29629 25692 
29599 25710 
25627 29704 
29249 26578 
29158 26599 
29116 26602 
25372 29784 
29763 25505 
29721 25508 
29807 24699 
30025 24321 
27210 28818 
27180 28830 
27138 28833 
28577 27549 
28568 27579 
28526 27582 
29474 25843 
29318 26449 
29309 26479 
29336 26430 
27052 28995 
26967 29000 
26925 29003 
29565 25832 
29569 25765 
25559 29723 
25517 29726 
24041 30089 
23999 30092 
26758 29112 
26239 29419 
25353 29835 
26665 29348 
26103 29544 
28236 27641 
28825 26875 
25669 29701 
28730 26887 
26843 29107 
26281 29416 

25673 29720 
24077 30052 
24119 30049 
26291 29460 
27159 28868 
27117 28871 
29653 25356 
24385 30023 
24428 30021 
28808 27059 
28766 27062 
28817 27029 
28110 27986 
28295 27611 
28337 27608 
28556 27223 
28514 27226 
26568 29178 
29871 25116 
27927 28157 
27969 28154 
25888 29668 
27207 28867 
27256 28834 
29780 25267 
25402 29779 
25360 29782 
25409 29749 
29556 25675 
29504 25705 
26177 29542 
26226 29509 
30014 24240 
29972 24243 
30028 24225 
29252 25919 
29462 25846 
29466 25793 
29487 25777 
27078 28917 
29221 26363 
29151 26398 
25990 29548 
25906 29598 
28506 27332 
28731 27163 
28757 27143 
26337 29368 
26295 29371 
26358 29357 
26400 29354 
27747 28265 
27705 28268 
29001 26755 
25353 29835 
29029 26656 
29054 26587 
28041 28060 
24303 30033 
26992 28981 
26958 29063 
26916 29066 
26965 29033 
26743 29077 
23819 30117 
23777 30120 
27577 28284 
27351 28728 
27309 28731 
27376 28659 
27371 28719 
27375 28666 
27396 28650 
25032 29984 
25034 29938 
25057 29915 
23916 30055 
26457 29315 
26415 29318 
29624 25363 
28122 27901 
28376 27587 
26610 29175 
28008 28133 
29263 25865 
25949 29596 
28477 27339 
28080 28039 
28405 27348 
24345 30030 
26983 28994 
26785 29074 
26516 29189 
26482 29246 

25813 29621 
27094 28844 
26775 29183 
26800 29114 
26757 29188 
26782 29119 
28924 26851 
24877 29989 
24884 29959 
29922 24656 
25587 29726 
25569 29731 
27801 28193 
24110 30086 
26874 29086 
25623 29702 
25605 29707 
27889 28104 
27896 28074 
27810 28118 
26189 29469 
27127 28822 
27139 28817 
27146 28787 
28890 26981 
28880 26990 
29702 25186 
29727 25117 
29684 25191 
29709 25122 
29403 26320 
29393 26329 
28569 27114 
25951 29613 
28541 27254 
28566 27185 
28523 27259 
28548 27190 
30053 24589 
24466 30005 
26382 29425 
29180 26518 
29884 25019 
26104 29471 
26928 28904 
26926 28950 
26951 28881 
27450 28527 
29504 26055 
29649 25733 
29635 25748 
29665 25730 
26465 29258 
25648 29701 
25673 29632 
28383 27283 
25998 29547 
26005 29517 
28043 27867 
26011 29482 
26246 29463 
25032 29877 
25030 29923 
28212 27585 
27994 27943 
26386 29318 
25784 29628 
27065 28851 
24135 30017 
25380 29770 
27475 28521 
26504 29237 
28375 27375 
26023 29478 
28082 27846 
26048 29475 
25078 29872 
28146 27733 
28248 27393 
28204 27677 
26404 29279 
23499 30087 

27343 28586 
27428 28581 
27385 28583 
27470 28578 
24025 30008 
25195 29964 
29755 25204 
29670 25209 
25498 29747 
25540 29744 
24370 30002 
29383 26187 
23815 30029 
23857 30026 
28971 27042 
27313 28948 
28138 28105 
26497 29527 
27472 28258 
26063 29730 
29076 26416 
29052 26479 
29015 26605 
28991 26668 
29537 25813 
27531 28215 
27191 28950 
27175 28962 
25442 29755 
25484 29752 
29031 26596 
29533 25867 
28304 28101 
27856 28194 
27840 28206 
28434 27798 
28490 27780 
26252 29601 
26236 29613 
29408 26067 
29450 26064 
25406 29771 
29885 24638 
29887 24587 
29039 26576 
29653 25356 
30072 24019 
29807 24940 
30052 24387 
27011 29176 
29600 25578 
29651 25545 
29642 25575 
28518 27283 
26990 29193 
26967 29209 
26605 29238 
24067 30005 
24412 29999 
23617 30103 
23900 30024 
25239 29797 
29063 26425 
29002 26614 
28528 27184 
29050 26522 
29778 24947 
28559 27169 
28614 27115 

26160 29576 
26156 29582 
26141 29626 
29766 24866 
27056 28968 
27000 28986 
27052 28974 
27042 28983 
27072 28965 
25686 29696 
25601 29701 
25643 29698 
25728 29693 
24415 29984 
24457 29981 
29258 26267 
28846 26801 
28940 26768 
28888 26798 
28894 26779 
26718 29101 
26663 29125 
26757 29080 
25963 29666 
27278 28605 
27222 28623 
27274 28611 
27264 28620 
24292 30017 
24243 30050 
24285 30047 
28689 27215 
28783 27182 
28731 27212 
28737 27193 
29387 26066 
29439 26054 
29429 26063 
28306 27414 
26965 29033 
26916 29066 
26958 29063 
26987 29016 
25010 29866 
25052 29863 
27647 28342 
27598 28375 
27621 28359 
29233 26749 
30011 24592 
30063 24580 
30053 24589 
28116 27852 
28158 27849 
28243 27844 
27413 28377 
27351 28386 
25504 29741 
26332 29373 
26374 29370 
26459 29365 
26256 29378 
28440 27340 
28388 27370 
28482 27337 
28430 27367 
27991 27975 
24080 30107 
29690 25594 
29751 25566 
26221 29423 
27925 27996 
27873 28026 
27882 27998 
27967 27993 
26190 29436 
26164 29453 
26228 29403 
28055 27920 
28006 27953 
28048 27950 
28086 27872 
29563 26007 
29615 25995 
26529 29330 
26486 29332 
26571 29327 
27755 28084 
27760 28049 
29370 26129 
29354 26141 
25098 29808 
25140 29805 
28927 26777 
26689 29108 
24982 29915 
28770 27191 
27384 28384 
28277 27416 
28073 27881 
28265 27677 

26916 28926 
26905 28980 
26891 28995 
26793 29136 
28834 27034 
26271 29394 
27189 28906 
27219 28888 
24110 30086 
29401 26081 
26914 28959 
25473 29743 
25432 29771 
26144 29472 
26105 29493 
26103 29539 
25934 29636 
25891 29638 
28690 27088 
28951 26932 
28481 27246 
27908 28059 
27919 28005 
24696 30080 
30022 23987 
29429 26063 
30007 24341 
28379 27337 
28616 27193 
29960 24825 
29869 25386 
29216 26629 
28228 27600 
25047 29913 
26494 29254 
29278 26258 
27785 28193 
27744 28221 
28032 27818 
25627 29712 
25586 29740 
27354 28732 
27470 28612 
27500 28594 
26235 29446 
26319 29307 
26317 29341 
28118 27799 
25635 29695 
25594 29723 
24077 30108 
26695 29138 
25732 29639 
25423 29799 
28729 27067 
28452 27253 
28390 27283 
25312 29817 
28239 27546 
25072 29844 
27735 28249 
27435 28708 
27995 27878 
26361 29304 
26516 29208 
28157 27778 

27595 28440 
27584 28464 
24924 29994 
24966 29991 
25851 29695 
25867 29692 
29389 26181 
26980 29168 
24733 30012 
24775 30009 
26264 29494 
26289 29461 
26280 29491 
27287 28875 
27312 28842 
27303 28872 
28102 27847 
28441 27368 
28349 27416 
28391 27413 
24654 30083 
24696 30080 
28529 27276 
28444 27281 
28571 27273 
28486 27278 
29770 25549 
29685 25554 
29812 25546 
29727 25551 
27865 28014 
28596 27137 
27382 28712 
27360 28721 
29259 26320 
29174 26325 
29216 26322 
28971 26740 
28960 26764 
25500 29799 
25389 29809 
25458 29802 
25431 29806 
25807 29722 
25765 29725 
28024 28002 
27913 28012 
27982 28005 
27955 28009 
28942 26831 
28857 26836 
28899 26833 
27844 28263 
27833 28287 
26045 29646 
26096 29613 
26087 29643 
30129 23589 
30044 23594 
30171 23586 
30086 23591 
26502 29289 
28712 26880 
28989 26561 
28975 26576 
29813 24379 
29295 26246 
29284 26270 
27608 28407 
27614 28390 
27465 28475 
27440 28544 
26438 29300 
27642 28347 
27631 28371 
27654 28338 
29124 26492 
29935 23971 
29850 23976 
29892 23973 
28145 27467 
28187 27464 
26583 29226 
26534 29259 
26576 29256 
26326 29430 
26336 29364 
25718 29749 
25760 29746 
25082 29891 
28430 27392 
28607 27083 
28137 27505 
28646 26919 
29824 24325 
27507 28472 
26409 29307 
28106 27605 
29096 26524 
28226 27443 
26601 29187 
26381 29331 

26692 29324 
28638 27229 
28680 27226 
26267 29660 
29957 24578 
30005 24558 
29999 24575 
30029 24557 
29596 25549 
26084 29731 
24700 30099 
28460 27268 
28483 27249 
29254 26406 
29202 26436 
29188 26451 
28136 27997 
27784 28291 
27782 28339 
28404 27456 
28403 27563 
28371 27583 
27088 28935 
27076 28937 
24945 29979 
27481 28557 
28957 27016 
29013 26998 
28720 27108 
25286 29874 
29423 25927 
29405 25932 
29380 26001 
27354 28658 
27302 28688 
27288 28703 
27492 28527 
27534 28524 
26921 29059 
27217 28809 
29763 25390 
26288 29390 
29466 25860 
29456 25894 
28172 27629 
27469 28605 
25311 29805 
27573 28503 
27002 29035 

24715 29994 
24666 30027 
26182 29528 
26175 29558 
26133 29561 
26601 29444 
26559 29447 
27072 28938 
27075 28900 
26889 29024 
27216 28773 
27205 28797 
24485 30031 
24443 30034 
29985 23722 
30008 23703 
29994 23718 
29134 26208 
29178 26171 
25420 29749 
24138 30101 
25540 29744 
25498 29747 
29386 26073 
27337 28732 
27326 28756 
26674 29086 
25353 29835 
27635 28286 
27593 28289 
29603 25525 
29619 25491 
29618 25504 
29612 25521 
28983 26868 
28950 26872 
26913 28949 
26906 28979 
28100 28035 
28008 28083 
28050 28080 
29826 25429 
29784 25432 
24324 30038 
24366 30035 
26019 29624 
25970 29657 
25291 29850 
29093 26833 
29087 26850 
29045 26853 
29096 26820 
29267 26161 
27552 28493 
27503 28526 
25624 29695 
25582 29698 
28732 27279 
28675 27304 
28690 27283 
28684 27300 
30151 23688 
30109 23691 
28201 27417 
28245 27380 
28243 27414 
28287 27377 
28300 27340 
24968 29925 
24990 29894 
28304 27313 
26860 29031 
29149 26178 
26645 29093 
27678 28284 
28089 28059 
29238 26168 
25544 29714 
28163 27698 
29833 24457 
28167 27682 
28176 27610 

29817 24670 
29807 24704 
25919 29700 
26613 29474 
29386 25777 
27422 28817 
25498 29747 
25540 29744 
29057 26518 
29099 26515 
27548 28503 
27557 28473 
27111 29005 
27151 28952 
27133 28971 
27124 29001 
29382 25930 
29316 25975 
28014 28011 
25139 29975 
26298 29558 
26009 29671 
26201 29580 
27230 28841 
28951 26749 
28993 26746 
29522 25733 
29564 25730 
24767 30084 
30030 24569 
25429 29754 
25471 29751 
28347 27519 
27699 28166 
28316 27651 
28927 27011 
27632 28281 
27674 28278 
29173 26383 
28624 27438 
28023 27728 
28065 27725 
24644 30107 
28893 27012 
28889 27079 
27904 28053 
27894 28080 
27852 28083 
29699 25419 
29606 25497 
29648 25494 
25244 29790 
29425 25756 
29138 26494 
25162 29800 
29032 26725 
29603 25709 
26622 29016 
26618 29032 
29212 26362 
28612 27486 
28104 27704 
29687 25473 

27492 28533 
27481 28557 
29826 24631 
24779 30028 
26363 29523 
26389 29503 
24308 30162 
29349 26456 
24422 30038 
25859 29697 
27767 28244 
27756 28268 
26648 29253 
25047 29913 
26057 29621 
26100 29604 
26153 29597 
26179 29577 
25861 29648 
29676 25581 
28544 27271 
28533 27325 
28243 27662 
29440 26038 
28756 27081 
28616 27086 
28658 27083 
26685 29081 
25673 29720 
30041 24382 
29972 24391 
26958 29063 
26992 28981 
28953 26990 
29596 25673 
29555 25679 
29544 25703 
29814 25313 
29803 25337 
29789 25352 
28645 27085 
28604 27133 
28561 27135 
28552 27163 
28988 26618 
28999 26594 
25462 29746 
27367 28649 
27297 28684 
27326 28655 
27283 28699 
26452 29312 
28171 27849 
27032 28955 
26982 29000 
27581 28519 
27832 27973 
27829 28119 
27456 28619 
27175 28866 
24804 29932 
27469 28605 
25108 29795 
25072 29844 
26983 28994 
25505 29744 
28297 27379 
28250 27438 
25091 29842 
27021 28979 
27801 28151 
27062 28910 

25392 29741 
29026 26599 
25092 29868 
25101 29838 
29912 24383 
29870 24386 
29997 24378 
29194 26275 
27726 28491 
28071 28161 
28548 27506 
28158 27849 
28183 27780 
28116 27852 
26649 29244 
26690 29196 
25673 29720 
28427 27680 
28385 27683 
28457 27662 
26326 29499 
26424 29410 
25051 29890 
25078 29886 
24993 29891 
24452 29982 
24494 29979 
26009 29671 
29780 24411 
23793 30071 
29734 25434 
29777 25432 
29692 25437 
28324 27722 
28282 27725 
28354 27704 
29441 26041 
29484 26039 
29399 26044 
29526 26036 
29584 25933 
29542 25936 
29593 25903 
24227 30030 
24270 30028 
24185 30033 
29160 26476 
29169 26446 
28588 27052 
28580 27144 
26885 29128 
26843 29131 
26894 29098 
27321 28886 
27309 28934 
26242 29574 
26252 29566 
26233 29604 
27041 29085 
28706 27037 
28748 27034 
24945 29965 
24903 29968 
25353 29835 
24171 30037 
27732 28215 
28997 26606 
26639 29271 
23835 30068 
26430 29278 
28787 27013 
24970 29896 

29067 26374 
29056 26398 
24709 29935 
23592 30083 
28086 27676 
28171 27671 
28213 27668 
29019 26936 
29008 26960 
25013 29929 
24971 29932 
25020 29899 
29954 24400 
29957 24331 
28073 27791 
26074 29561 
26062 29566 
26083 29531 
28718 27251 
25353 29835 
27217 28972 
28919 26999 
27453 28346 
27442 28370 
27226 28802 
27248 28780 
27236 28785 
27257 28750 
29348 25937 
29389 25895 
29378 25919 
27386 28641 
27374 28646 
27394 28592 
27393 28611 
27732 28245 
27745 28206 
28012 28035 
27940 28067 
25671 29685 
25720 29652 
26491 29252 
27807 28196 
27765 28199 
28402 27646 
28443 27604 
28432 27628 
28851 27081 
29523 25828 
26184 29439 
26269 29434 
26311 29431 
24517 29999 
24602 29994 
24644 29991 
29984 23980 
29084 26339 
29211 26331 
25958 29578 
29164 26334 
28795 27197 
26819 29049 
26904 29044 
26946 29041 
26665 29150 
29575 25480 
26455 29280 
29774 25141 
29815 25099 
29804 25123 
29902 25066 
29891 25090 
25694 29678 
25738 29613 
26533 29249 
26317 29375 
25434 29721 
24236 30048 
26385 29315 
25929 29585 
26381 29331 
26636 29157 
26426 29287 
25656 29693 
25371 29722 

26066 29711 
29808 24259 
29850 24256 
27285 28978 
25279 29827 
25321 29824 
28532 27648 
24218 30062 
29999 23806 
27316 28561 
29203 26436 
29210 26372 
29228 26367 
27821 28272 
27802 28287 
25582 29750 
25587 29726 
29908 24168 
29644 25893 
28071 27826 
26690 29175 
26715 29106 
26441 29357 
26189 29469 
30157 23389 
30192 23357 
29711 25417 
27592 28543 
27599 28507 
23872 30090 
23927 30066 
26738 29084 
26763 29015 
29532 25941 
29396 26237 
28686 27028 
28580 27140 
26093 29563 
26246 29463 
26271 29394 
29126 27021 
26133 29480 
25082 29891 
24461 30040 
24841 29901 
24883 29898 
28017 27959 
28042 27890 
28111 27689 
28153 27686 
26508 29274 
24584 29931 
24583 30034 
24587 29920 
27287 28568 
24236 30048 
28110 27805 
29792 25393 
23898 30073 
26317 29375 
28192 27665 
26533 29205 
26455 29292 

25080 29904 
25087 29874 
25038 29907 
26708 29338 
26666 29341 
25825 29610 
25867 29607 
26900 28965 
27284 28764 
29876 24506 
29410 25869 
28314 27655 
28339 27586 
26802 29097 
26760 29100 
26809 29033 
29142 26672 
29100 26675 
29151 26642 
29763 25505 
29721 25508 
27108 28880 
27066 28883 
27137 28852 
28296 27839 
28254 27842 
29474 25843 
28543 27327 
28585 27324 
29396 26237 
24571 29975 
24522 30008 
27630 28236 
27588 28239 
25958 29578 
28767 27154 
28725 27157 
28781 27139 
25313 29778 
25767 29694 
25725 29697 
25935 29582 
24077 30052 
24119 30049 
27745 28192 
27696 28225 
27735 28197 
26265 29483 
26223 29486 
26274 29412 
27725 28204 
27781 28186 
24346 30019 
29288 26488 
29298 26454 
27478 28578 
27436 28581 
27531 28311 
27480 28386 
29037 26791 
27813 27987 
26303 29384 
28814 27044 
28857 27042 
28899 27039 
29233 26572 
29191 26575 
29242 26542 
30104 23400 
30160 23382 
27325 28691 
27350 28622 
27324 28692 
27338 28677 
27303 28697 
27979 27845 
27844 27962 
27886 27959 
25906 29586 
23759 30075 
28624 27303 
25929 29585 
25355 29775 
25792 29625 
25960 29513 
27519 28365 
27784 27994 
27901 27930 
26813 29015 
27934 27871 

27223 28903 
27205 28922 
30086 23554 
30095 23524 
26624 29228 
26539 29233 
24400 30039 
24485 30034 
24443 30037 
27987 28094 
27955 28128 
24174 30110 
29933 24731 
29848 24736 
29891 24734 
29735 25489 
29744 25476 
27147 29075 
27151 29008 
27181 28990 
28163 27964 
28772 27110 
28768 27135 
28781 27080 
26494 29296 
26442 29398 
25673 29720 
24877 29989 
29104 26497 
29062 26500 
29477 25950 
29486 25920 
29507 25863 
27627 28277 
28412 27234 
28325 27585 
28366 27547 
28334 27581 
29026 26811 
29030 26744 
25360 29743 
23605 30119 
28195 27935 
26223 29408 
26185 29486 
25337 29791 
28818 26895 
28397 27337 
28383 27352 
29322 26385 
29237 26390 
29280 26388 
27561 28564 
26096 29676 
26105 29646 
26140 29637 
25504 29741 
28014 28034 
29043 26607 
27436 28643 
27706 28236 
27715 28206 
27750 28197 
28556 27223 
27384 28808 
26744 29086 
30143 23439 
26503 29241 
26147 29512 
28497 27229 
25312 29817 
28789 26902 
28408 27283 
28095 28010 
27423 28652 
28581 27154 

25860 29615 
25853 29645 
27536 28334 
26936 29120 
26945 29090 
26963 29071 
26955 29085 
29290 26374 
29260 26399 
29725 25471 
29813 25249 
29802 25273 
25365 29791 
29691 25625 
26194 29536 
26205 29512 
29118 26751 
29129 26727 
24694 30054 
24703 30024 
27452 28729 
27404 28750 
28137 27830 
28148 27806 
28707 27318 
28710 27249 
26595 29407 
26604 29377 
27109 28914 
27120 28890 
26992 28916 
28656 27382 
28665 27352 
26703 29295 
26618 29300 
28006 27976 
29182 26437 
29191 26407 
26232 29415 
25915 29568 
25992 29548 
25908 29598 
29444 26118 
29433 26142 
28794 27033 
28742 27063 
28724 27068 
28944 26806 
27493 28390 
24782 29979 
24775 30009 
25571 29699 
30025 24154 
29881 24781 
29859 24782 
28297 27500 
28336 27427 
28235 27598 
28150 27603 
29986 24251 
29901 24256 
29987 24248 
29902 24253 
29694 25485 
25450 29786 
25243 29818 
27729 28190 
27954 28006 
28729 27067 
28763 27047 
28915 26813 
25163 29903 
25484 29731 
25615 29662 
25214 29873 
30012 24163 
25651 29656 

29972 23402 
29983 23378 
30001 23343 
26239 29475 
26252 29471 
26278 29451 
26075 29618 
26094 29580 
26375 29443 
26394 29405 
24241 30030 
23417 30150 
26858 29071 
29826 24660 
29959 23689 
25890 29635 
25885 29636 
25901 29633 
29780 24902 
24884 29959 
24877 29989 
23765 30114 
29433 25997 
29444 25973 
27468 28507 
28918 26886 
28929 26862 
25170 29792 
23991 30059 
27213 28780 
27564 28218 
27594 28196 
27550 28233 
26898 28877 
26884 28892 
28290 27382 
28207 28018 
29686 25443 
29020 26838 
28684 26979 
28695 26955 
28612 26983 
27770 28152 
27793 28119 
29240 26455 
29282 26452 
29052 26503 
29063 26479 
29038 26518 
29890 23804 
29901 23780 
29676 25817 
25222 29790 
29739 25345 
29714 25384 
25789 29783 
24383 30015 
24410 30011 
26749 29222 
26710 29243 
30236 23315 
25022 29902 
25054 29846 
28591 27122 
28530 27259 
26508 29278 
26501 29308 
26457 29315 
26801 29097 
25141 29799 
27565 28203 
26928 28855 
28261 27389 
24171 30037 
27767 28170 
29321 26431 
25264 29787 
28256 27415 
26791 29219 
25025 29853 
28562 27129 
28597 27100 

24737 30131 
28601 27021 
26897 29169 
26902 29134 
29401 26029 
27278 28873 
29039 26820 
27708 28674 
25323 29743 
27711 28279 
28378 27413 
29245 26291 
26607 29347 
26703 29295 
26524 29378 
26506 29397 
26516 29392 
26504 29457 
26338 29553 
27475 28733 
25192 29933 
25234 29930 
29209 26318 
25989 29685 
25966 29718 
28280 27414 
27011 29118 
28967 26966 
28431 27263 
27421 28767 
27409 28832 
29905 24524 
28499 27261 
28541 27258 
28205 27649 
28247 27646 
28153 27679 
29162 26679 
29129 26681 
29192 26661 
29968 24133 
29346 26127 
29381 26095 
30156 23145 
27996 28245 
28152 28141 
28572 27028 
25312 29817 
28389 27359 
29216 26298 
28402 27270 
29930 24518 
29811 25600 
28195 27676 
29979 24079 

26115 29641 
26096 29676 
24461 30091 
24412 30124 
26643 29261 
26618 29300 
26632 29285 
27041 29085 
25540 29744 
30023 24555 
30003 24609 
30012 24579 
29897 24671 
29786 24683 
29828 24680 
29760 25151 
29723 25195 
29735 25190 
29749 25175 
27984 27868 
28611 27223 
28604 27257 
28586 27262 
27751 28195 
26149 29534 
26158 29463 
28491 27578 
27904 27939 
25262 29762 
24782 29979 
24733 30012 
24775 30009 
29601 25956 
27815 28168 
27748 28210 
27804 28192 
26310 29359 
26346 29347 
28318 27811 
28299 27846 
28906 26926 
28899 26960 
28881 26965 
27968 27869 
27215 28920 
27166 28953 
27208 28950 
27461 28558 
27438 28591 
28969 26603 
27933 27913 
27684 28407 
27673 28431 
27817 28044 
29227 26482 
25947 29693 
25989 29690 
29025 26521 
29287 26382 
29237 26427 
26443 29323 
26374 29332 
25167 29922 
25509 29749 
29612 25472 
29705 25394 
29654 25469 
27320 28873 
27253 28915 
27309 28897 
27700 28214 
25237 29788 
28940 26610 
27847 28022 
29276 26406 

29106 26592 
25353 29835 
27094 28844 
30053 24589 
30011 24592 
29015 26853 
28972 26855 
28930 26858 
29057 26850 
27919 28129 
25945 29551 
25926 29586 
25927 29554 
26607 29378 
26558 29411 
27543 28472 
27487 28490 
26976 28906 
27018 28903 
29177 26097 
29738 25479 
29754 25476 
29763 25446 
29429 26063 
29387 26066 
29465 25992 
29481 25989 
29490 25959 
28748 27236 
28706 27239 
25860 29615 
25853 29645 
25811 29648 
24696 30080 
24654 30083 
28388 27625 
28397 27595 
25167 29922 
25716 29698 
29167 26190 
25489 29766 
25619 29754 
26362 29516 
26322 29519 
26313 29549 
28476 27539 
28366 27743 
30127 23339 
30157 23321 
27426 28644 
27403 28677 
28039 28061 
28055 28058 
28064 28028 
26893 29108 
27619 28298 
27779 28206 
23885 30143 
27065 28851 
27057 28882 
29138 26197 
26906 28910 
28490 27267 
27644 28229 
27750 28213 

26932 29117 
26429 29466 
26451 29452 
26416 29470 
26456 29417 
28140 27758 
28130 27767 
28162 27733 
29310 26218 
29300 26227 
24945 29979 
29251 26304 
29260 26274 
28913 26912 
28903 26921 
28878 26930 
28918 26877 
26678 29152 
26636 29155 
24584 30069 
24593 30039 
29665 25730 
29649 25733 
29635 25748 
28776 26986 
28794 26981 
25135 29956 
27919 28129 
25781 29736 
25772 29766 
29494 25948 
30012 24502 
30023 24432 
26936 28940 
29738 25609 
30090 22835 
28333 27544 
29133 26399 
28093 27955 
28118 27886 
27726 28235 
25378 29795 
25285 29834 
25243 29837 
28924 26764 
25161 29883 
27304 28554 
28701 27236 
28931 26533 
28266 27595 
28194 27599 
25807 29689 
25800 29719 
28419 27257 
28405 27272 
29353 26024 
29330 26033 
29317 26037 
29357 25984 
26463 29319 
29854 25332 
29814 25335 
30059 23889 
27597 28460 
27588 28490 
27427 28491 
27395 28511 
27413 28506 
28340 27387 
27657 28304 
30028 23933 
23497 30158 
28760 27029 
26629 29247 
26635 29168 
24675 30008 
23972 30111 
27641 28390 
27632 28420 
27170 28836 
27163 28866 
26235 29584 
26226 29614 
26954 28901 
30129 22814 
28304 27551 
29172 26378 
29003 26529 
28420 27242 
26480 29285 
28395 27290 
28357 27353 
28731 27036 

25075 29922 
25026 29955 
25068 29952 
26538 29372 
26557 29337 
27189 28906 
27219 28888 
26576 29303 
26632 29285 
26643 29231 
26203 29532 
28232 27853 
28317 27848 
28359 27845 
26858 29104 
24654 30083 
24696 30080 
26158 29548 
26109 29581 
26151 29578 
27829 28050 
27820 28063 
27839 28023 
25607 29702 
25558 29735 
29880 23869 
26009 29671 
26032 29638 
29725 25591 
29741 25588 
29837 24735 
27678 28157 
27154 28976 
27105 29009 
27707 28140 
29293 26185 
28534 27439 
27521 28532 
27544 28499 
28858 26917 
25650 29694 
25735 29689 
27733 28100 
27749 28097 
27758 28067 
28436 27509 
28521 27504 
29159 26738 
29189 26720 
24931 30007 
24959 29956 
28734 27220 
24080 30107 
27907 27988 
27359 28610 
27444 28605 
29348 25975 
29302 26031 
29369 25959 
29330 25980 
26323 29398 
26274 29431 
29941 23356 
30026 23351 
26848 29131 
29851 23876 
25397 29756 
25312 29817 
25424 29750 
28745 27166 
27918 27934 
29317 25989 
27616 28309 
29839 24020 

29948 24557 
29937 24581 
26236 29497 
26237 29440 
27443 28759 
29149 26470 
28054 27794 
28121 27722 
30007 24341 
27593 28545 
25093 29959 
25135 29956 
27456 28619 
25360 29743 
25402 29740 
27179 28951 
27131 28971 
26777 29035 
25823 29605 
25865 29602 
27651 28239 
27693 28236 
29770 25549 
29685 25554 
29727 25551 
29812 25546 
26088 29572 
26130 29569 
28767 27184 
28682 27189 
28220 27629 
28148 27644 
28190 27641 
27868 28204 
27820 28224 
27862 28221 
27871 28191 
29350 26220 
29302 26240 
29344 26237 
29353 26207 
28918 27128 
24654 30083 
24696 30080 
25345 29770 
27993 28077 
27968 28146 
26431 29272 
29075 26712 
26522 29249 
29487 25864 
29562 25857 
29529 25861 
28549 27307 
29108 26674 
29133 26605 
28525 27370 
28523 27416 
28548 27347 
28072 27750 
28139 27678 
26285 29435 
26363 29350 
26405 29347 
25523 29727 
25565 29724 
27214 28827 
27256 28824 
28107 27730 
28103 27746 
29138 26494 
26769 29127 
25908 29600 
26155 29500 
25797 29621 
26547 29190 
25337 29862 
28035 28074 
29568 25840 
28124 27693 
28588 27286 
23359 30127 
26430 29278 
25590 29655 

26407 29399 
26382 29438 
26340 29441 
26862 29074 
26873 29050 
27293 28848 
27301 28794 
25892 29582 
28788 27213 
23776 30099 
28905 26796 
28916 26772 
27570 28440 
27461 28466 
27419 28469 
29521 26007 
29532 25983 
29819 25429 
29734 25434 
27067 28971 
27083 28968 
27092 28938 
27865 28077 
28425 27472 
28436 27448 
27191 28898 
30125 23577 
30134 23547 
30145 23523 
30062 24611 
30073 24587 
28218 27910 
27646 28316 
24877 29989 
24835 29992 
29347 26357 
29432 26352 
29305 26360 
26691 29241 
26701 29172 
24244 30049 
24202 30052 
24032 30080 
23963 30087 
23905 30088 
24896 29916 
24998 29913 
24739 30028 
24755 30025 
24764 29995 
29014 26642 
28944 26677 
29025 26618 
29177 26464 
25201 29824 
25212 29800 
25117 29874 
25075 29877 
27309 28584 
27325 28581 
27730 28206 
25333 29767 
27366 28471 
25822 29627 
27345 28472 
26168 29491 
26130 29569 
26088 29572 
29504 26055 
29515 26031 
29656 25471 
29613 25473 
29698 25468 
29571 25476 
25648 29703 
25606 29706 
27926 27934 
27884 27937 
27969 27932 
29863 25167 
29859 25179 
29870 25155 
26422 29325 
25934 29579 
27500 28445 
27854 28101 
26639 29271 
29188 26410 
27815 28201 
25375 29764 
26155 29500 
25687 29682 
29875 25082 

26331 29443 
26340 29439 
26349 29409 
29621 25090 
29199 26347 
29284 26342 
23991 30059 
23583 30092 
23625 30089 
29964 24647 
28329 27822 
25291 29850 
27309 28934 
27321 28886 
26130 29601 
26127 29605 
27436 28665 
27420 28704 
27702 28277 
29392 26085 
29401 26081 
29410 26051 
27183 29128 
27195 29080 
26292 29561 
25119 29959 
25148 29948 
25135 29956 
30198 23007 
29796 24930 
29655 25040 
29740 25035 
25353 29835 
27477 28482 
27533 28464 
27519 28479 
30055 24352 
30064 24348 
30094 24330 
29763 24961 
29582 25994 
29579 25998 
25990 29690 
26045 29679 
26032 29687 
28128 28063 
28137 28059 
28167 28041 
28218 27889 
28303 27884 
29022 26816 
29064 26813 
29071 26783 
28618 27224 
29147 26645 
29166 26512 
27720 28166 
27805 28161 
27812 28143 
28415 27691 
28959 27044 
27857 28098 
27815 28101 
27900 28096 
28669 27102 
28754 27097 
25873 29791 
25915 29788 
24161 30017 
24203 30014 
24359 30000 
26362 29329 
26650 29300 
26608 29303 
26735 29295 
27632 28312 
29807 24876 
28548 27259 
27942 28093 
24401 29997 

24833 30084 
24863 30066 
28035 27963 
26845 29107 
26803 29110 
24892 29937 
26056 29706 
25817 29860 
27955 28085 
27913 28088 
27980 28016 
27863 28445 
26325 29585 
28408 27654 
26571 29390 
26558 29411 
26577 29373 
29704 25353 
29652 25383 
25101 29890 
25069 29925 
27075 29097 
27790 28560 
29641 25866 
28599 27628 
27215 29016 
29388 26001 
29757 24437 
29849 24389 
29799 24434 
29379 26149 
28792 27092 
28750 27095 
27439 28660 
27712 28573 
28980 27040 
29148 26933 
28082 27817 
28083 27710 
28050 27852 
29974 23960 
29932 23963 
29978 23907 
29999 23891 
30161 23068 
30185 23039 
29838 24413 
27520 28636 
29574 25929 

26675 29309 
26666 29339 
26275 29489 
26278 29451 
25047 29913 
24256 29984 
24225 30032 
24218 30062 
29054 26486 
28699 27139 
28729 27121 
25464 29725 
29296 26102 
29338 26099 
28981 26905 
27124 28982 
27126 28931 
25291 29850 
26848 29065 
26841 29095 
25807 29689 
25800 29719 
28890 26971 
29347 26078 
29357 26041 
29267 26403 
29286 26368 
29279 26398 
29783 25456 
29698 25461 
29435 25650 
29422 25659 
29393 25718 
29379 25733 
28365 27833 
26119 29525 
26262 29512 
29950 24163 
29926 24226 
29912 24241 
25904 29579 
28180 27961 
28220 27958 
26091 29527 
26084 29557 
24269 29979 
28498 27259 
28443 27371 
27586 28585 
27628 28582 
27543 28587 
28367 27451 
26979 29057 
25034 29967 
24992 29970 
24949 29972 
27422 28827 
27392 28845 
25460 29798 
25375 29803 
27838 28034 
27905 28027 
27910 28003 
27749 28095 
27712 28102 
27705 28132 
27664 28133 
27657 28163 
24243 29993 
29025 26493 
29404 25664 
29937 24172 
24312 29977 
28537 27238 
28468 27302 
28392 27382 
27785 28051 
27809 28041 

24370 30002 
23602 30072 
23644 30069 
26130 29594 
26156 29582 
26160 29576 
26429 29466 
26451 29452 
24652 29983 
25706 29764 
25748 29761 
29978 24196 
29926 24226 
29912 24241 
27149 28913 
27101 28933 
29856 25136 
23497 30158 
29496 26163 
29444 26175 
29486 26172 
29188 26593 
28333 27726 
28631 27445 
28661 27427 
27180 28816 
27222 28813 
27255 28809 
28830 26988 
28915 26983 
28957 26980 
28872 26985 
28802 27064 
28750 27094 
28696 27283 
28726 27265 
23554 30101 
23596 30098 
27747 28231 
27654 28309 
27696 28306 
28044 27903 
29361 26402 
29339 26422 
29362 26389 
27530 28459 
27572 28456 
29521 26007 
25153 29849 
26679 29171 
26587 29188 
26629 29185 
27607 28322 
27573 28390 
29066 26677 
29133 26605 
29108 26674 
27962 28095 
29682 25463 
29630 25475 
29672 25472 
26937 29098 
26989 29068 
26905 29118 
26490 29276 
25073 29887 
24983 29939 
25181 29833 
25223 29830 
25390 29771 
25341 29804 
25383 29801 
24412 29999 
23683 30048 
28069 27755 
27261 28792 
24252 30040 
27735 28285 
26532 29273 

