26408 29614 
25083 29964 
26593 29565 
26716 29358 
26768 29357 
29750 25857 
26248 29689 
24687 30130 
26278 29671 
26645 29564 
27441 28827 
27493 28826 
26660 29516 
25865 29815 
27274 28909 
27583 28666 
27022 29175 
28588 27444 
27635 28665 
30077 24443 
28093 28016 
28536 27445 
29525 25992 
30058 24469 
29506 26018 
28621 27440 
29038 27016 
29148 26442 
29110 26486 
28166 27680 
28113 27963 
29128 26481 
29363 26258 
29488 26023 
24685 30176 
29018 27055 
29741 25887 
29381 26253 
26245 29715 
28114 27681 
29738 25913 
27753 28415 
28948 27090 
27902 28097 
29019 27042 
29015 27081 
27188 28931 
27821 28387 
30040 24474 
29129 26468 
29526 25979 
27167 29003 
27042 29136 
28624 27364 
27186 28977 
25863 29861 
27021 29208 
27970 28069 
27023 29162 
27866 28100 
26405 29640 
26420 29592 
27237 28926 
27918 28070 
29091 26512 
27786 28411 
25081 30010 
28094 27989 
28324 27511 
28295 27518 
29798 24657 

29260 26709 
29476 26474 
29519 25979 
29604 25974 
29826 25543 
29312 26679 
27777 28351 
29622 25969 
29491 26432 
29676 25826 
29761 25821 
27664 28410 
29228 26971 
29150 26989 
24818 30123 
29210 26976 
29132 26994 
28767 27742 
29855 24848 
28429 28029 
28689 27760 
28355 28066 
24895 29925 
28270 28071 
28164 28344 
28182 28339 
28256 28302 
29624 25894 
30158 24495 
26103 29765 
27015 29072 
27653 28462 
29368 26541 
26181 29747 
26786 29434 
27604 28495 
26864 29416 
27564 29070 
25356 29797 
26285 29435 
27795 28346 
29327 26637 
26033 29770 
24892 29974 
25291 29850 
25353 29835 

30028 24399 
29502 25903 
29247 26500 
29872 25194 
29604 25826 
29781 25345 
29820 25324 
29893 25178 
29041 26812 
29587 25898 
30113 24394 
26568 29178 
26467 29341 
27069 29158 
26428 29382 
26529 29306 
26050 29718 
28877 27194 
28837 27353 
26409 29619 
26424 29577 
28493 27380 
29862 25321 
26468 29326 
29031 26839 
26545 29182 
27831 28389 
29953 25170 
25036 30003 
28075 28229 
27421 29093 
27496 28771 
28090 28187 
28162 28093 
28192 27962 
25673 29720 
25632 29923 
28144 28098 
29272 26431 
26383 29665 
29114 26651 
26381 29711 
29935 25175 
25622 29970 
25117 29979 
29281 26427 
29083 26809 
29685 25802 
27154 29153 
28337 27608 
29013 26844 
24601 30210 
28169 28005 
29105 26655 
27809 28399 
28188 27967 
28376 27587 
26610 29175 

25114 29933 
24995 29989 
23572 30133 
26939 29081 
23923 30069 
26775 29183 
27568 28549 
27570 28503 
28050 28231 
28059 28201 
29676 25772 
27862 28261 
26038 29644 
26063 29575 
27832 28279 
27276 28988 
27288 28974 
28523 27259 
26519 29560 
27275 29015 
27290 28967 
29211 26594 
24986 30019 
25779 29703 
25777 29749 
30109 24596 
29922 24656 
23962 30048 
26521 29514 
26860 29178 
28994 26906 
28906 27015 
29653 25790 
30024 24601 
29419 26354 
29859 25088 
29884 25019 
29624 25802 
28936 26997 
29296 26589 
29449 26336 
26533 29230 
28626 27249 
28608 27254 
29530 26080 
29758 25240 
25115 29918 
26934 29150 
27464 28575 
28111 27839 
25380 29770 
28375 27375 
28082 27846 
28146 27733 
28248 27393 
28204 27677 
23894 30076 

27659 28381 
29543 26119 
28457 27861 
28542 27856 
29978 24765 
27571 28418 
27063 29366 
29240 26653 
27273 29050 
29671 26017 
30184 24529 
29095 26820 
29015 27087 
27358 29045 
29957 24781 
29971 24766 
29939 24786 
27711 28351 
28249 28227 
28231 28232 
27620 28385 
30146 24573 
29756 25799 
29557 26022 
29527 26307 
29512 26355 
29427 26360 
30038 24757 
28381 28187 
28977 27131 
29077 26825 
27530 28608 
28560 27851 
27917 28292 
28267 28192 
27906 28342 
28211 28271 
27444 28701 
27122 29271 
27131 29241 
27141 29233 
29109 26805 
30020 24762 
29837 25775 
25155 30058 
29008 27094 
27115 29336 
29158 26801 
29176 26796 
29903 25071 
26186 29838 
28572 27337 
28577 27302 
26634 29683 
27362 28953 
26159 29873 
26177 29868 
26189 29783 
27525 28677 
23617 30103 

29773 25640 
30079 24700 
25115 29870 
28390 27506 
25047 29898 
25076 29891 
29303 26828 
27947 28180 
26031 29638 
28036 28174 
24580 30052 
24977 29950 
26013 29677 
28145 28170 
27308 28773 
29052 26846 
25006 29943 
28895 27260 
28841 27336 
28612 27457 
28998 26922 
28267 27872 
28823 27341 
27205 29140 
29509 26317 
29326 26808 
28319 27791 
25120 29835 
28870 27324 
28893 27306 
29027 26910 
28980 26927 
29777 25634 
29050 26892 
27766 28511 
28578 27494 
27414 28701 
27761 28529 
24493 30204 
26608 29465 
28238 27879 
28222 28053 
26639 29408 
27223 29135 
25866 29815 
26367 29628 
26452 29623 
27185 29179 
27393 28768 
27412 28747 
29540 26169 
30164 24695 
29861 25038 
29615 25995 
29372 26389 

28860 27084 
28954 26978 
29907 25342 
30072 24405 
28975 26940 
29389 26209 
28972 26973 
29334 26366 
29889 25347 
28878 27079 
28992 26934 
29289 26696 
29309 26657 
29474 26204 
28761 27427 
27879 28227 
28006 28036 
26146 29537 
26923 29047 
27630 28773 
25658 29836 
25517 29872 
27628 28780 
25108 29966 
25712 29760 
25710 29767 
27305 28993 
26296 29528 
25091 29982 
27269 29030 
29788 25410 
27427 28799 
27969 28167 
28003 28085 
28296 27572 
28257 27593 
25534 29851 
27778 28290 
29873 25405 
29960 24825 
28186 27771 
30055 24490 
26965 29044 
28843 27090 
28840 27123 
28228 27600 
26772 29224 
27512 28794 
24701 30110 
26853 29200 
27267 29037 
28061 27832 
28146 27827 
26107 29558 
25133 29952 
26559 29275 
26264 29530 
25977 29677 
25909 29705 
26188 29534 
26491 29303 
27997 28136 
26307 29437 
27847 28283 
26361 29304 
28157 27778 

27141 29198 
27116 29210 
29164 26916 
29392 26248 
29060 26942 
28681 27411 
28714 27407 
28766 27406 
28493 27523 
29804 25637 
29995 24065 
29889 25632 
29093 26938 
30189 23683 
29477 26243 
29856 25636 
29924 25608 
29145 26937 
29444 26247 
27856 28518 
27932 28353 
26493 29702 
30289 23633 
29525 26223 
28066 28164 
28083 28073 
29179 26874 
27450 29036 
25950 29818 
29369 26319 
26242 29739 
28262 28016 
25099 30088 
25119 30048 
28881 26978 
28813 27006 
27615 28948 
28595 27427 
25939 29842 
27834 28642 
28852 26985 
27973 28348 
26290 29719 
27106 29221 
27502 29035 
27417 29040 
27600 28996 
27175 29130 
28527 27455 
30016 23977 
27846 28557 
26711 29262 
26643 29290 
28560 27451 
25919 29882 
30270 23659 
29322 26588 
29254 26616 
25029 30093 
29340 26326 

27659 28586 
28217 28128 
27588 28687 
27536 28688 
28478 27674 
28545 27602 
28530 27673 
29655 25593 
29439 26045 
27640 28657 
27621 28683 
28246 28116 
28269 28098 
28321 28097 
27487 28814 
30040 24653 
29537 26020 
29794 25466 
29387 26562 
28791 27269 
26308 29718 
29524 26040 
29697 25590 
29988 24654 
29570 26016 
24945 29979 
29622 26015 
29086 27090 
30073 24649 
29068 27095 
29138 27089 
29402 26520 
27208 29145 
29035 27099 
29742 25478 
29645 25602 
28773 27274 
28688 27279 
28721 27275 
27521 28746 
27693 28518 
27260 29144 
27933 28507 
26243 29806 
27955 28506 
24792 30140 
27312 29114 
29823 25454 
27502 28772 
26341 29714 
26833 29332 
27289 29132 
26393 29713 
26799 29400 
26396 29540 
25423 29945 
27674 28544 

25043 29858 
27551 28631 
30159 23919 
30107 23920 
30074 23924 
29094 26994 
29515 26234 
24835 30121 
29227 26969 
29146 26993 
29430 26263 
28827 27456 
29485 26252 
29703 25673 
29179 26989 
28174 28051 
28286 27685 
27379 28836 
27865 28430 
26139 29751 
28156 28155 
29830 25448 
29745 25453 
25544 29763 
25545 29758 
29797 25452 
28171 28113 
26602 29505 
27640 28621 
27215 29171 
29878 25428 
27237 29170 
27855 28477 
27636 28626 
27363 28982 
27394 28794 
24968 29925 
24993 29880 
28237 27718 
27348 29030 
27374 28905 
26664 29482 
26259 29522 
25353 29835 
26244 29564 
24975 29886 

28789 27178 
27461 28862 
27288 29119 
28153 27822 
27486 28858 
25306 30134 
25315 30104 
26725 29586 
27287 29191 
27842 28367 
27797 28410 
28840 27171 
28993 27102 
27548 28784 
28423 27730 
28957 27139 
28459 27672 
29173 26383 
29567 25767 
27459 28869 
28975 27107 
28710 27550 
29099 26515 
29652 25762 
29791 25598 
28421 27737 
28432 27683 
29796 24782 
28510 27665 
28786 27539 
28708 27557 
28690 27562 
27964 28117 
29375 26066 
30074 24636 
29881 24777 
27671 28665 
28735 27546 
27537 28851 
27859 28351 
29057 26518 
27699 28654 
28147 28095 
28119 28106 
28955 27146 
29478 26056 
29460 26061 
26739 29527 
27290 29112 
28879 27157 
26646 29593 
26171 29772 
29138 26494 
29032 26725 
29212 26362 

26991 29148 
28741 27226 
28793 27225 
29455 26122 
24441 30198 
29984 25485 
29540 26117 
29488 26118 
28554 27426 
27804 28447 
30022 24540 
30126 24509 
30107 24535 
29426 26542 
29449 26535 
29345 26566 
27584 28680 
29327 26571 
28348 27693 
29030 27076 
27289 29019 
28949 27100 
26972 29174 
27024 29144 
28931 27105 
27565 28706 
27417 28849 
29053 27069 
27084 29110 
28635 27402 
28167 27959 
28248 27935 
26778 29384 
27942 28353 
27341 29018 
28149 27964 
26745 29388 
27908 28421 
24444 30172 
27617 28676 
29711 25803 
29816 25642 
29792 25779 
29116 26684 
28879 27179 
28811 27207 
28725 27253 
28638 27326 
27926 28411 
27669 28675 
28271 27928 
29412 26557 
28349 27678 
28673 27254 
29744 25799 
28844 27203 
29016 27091 
27928 28368 
27389 28984 
26569 29671 
27766 28619 
26830 29383 
28338 27740 
29692 25829 
27374 29014 
27747 28645 
27391 28923 
27076 29143 
27856 28446 
28323 27782 
29087 26691 
25156 29946 
25192 29910 
27957 28099 
25141 29988 
26848 29378 
27561 28762 
28621 27417 
26352 29744 
24979 30130 
27502 28844 
27521 28818 
27188 29079 
26344 29793 
26554 29719 
24927 30131 
27919 28418 
27169 29105 
27889 28442 
27990 28095 

25299 29992 
27841 28591 
26551 29632 
29644 26062 
27182 29093 
29450 26070 
29659 26020 
29324 26475 
27171 29161 
29916 24402 
27119 29162 
25255 30046 
28420 27895 
28720 27704 
29220 26605 
28238 28267 
28171 28316 
26150 29799 
28208 28285 
26782 29375 
28620 27757 
28748 27034 
28705 27752 
28505 27890 
24516 30228 
25290 30022 
26802 29343 
29250 26515 
26816 29307 
29235 26563 
28453 27891 
27830 28641 
28653 27753 
29997 24378 
26536 29680 
26165 29757 
27442 29053 
27451 29023 
27833 28603 
25421 29807 
25353 29835 
28997 26606 
29751 24418 
29689 25400 
28787 27013 

29156 27088 
28602 27785 
27650 28982 
29575 25805 
29656 25781 
25076 30149 
26298 29821 
26283 29845 
29533 26125 
28604 27749 
29893 25311 
29974 25287 
29960 25302 
29118 27132 
27069 29163 
29136 27127 
28587 27834 
29690 25601 
29676 25616 
28937 27226 
29534 26098 
29875 25316 
29658 25621 
30122 24642 
29212 26577 
29942 25307 
29022 27221 
29194 26582 
28816 27268 
28883 27259 
28720 27344 
28772 27314 
28100 28097 
28588 27807 
29548 26083 
28239 28045 
28786 27299 
28734 27329 
27874 28374 
28209 28063 
27856 28379 
26541 29263 
28897 27244 
27510 29075 
27955 28350 
26379 29509 
27085 29120 
26310 29736 
27492 29080 
26311 29537 
26583 29260 
26455 29280 
26385 29315 
26381 29331 
26426 29287 

25407 29896 
25404 29951 
26472 29461 
26477 29424 
26519 29421 
28685 27431 
24612 30153 
26314 29718 
26162 29855 
24925 29993 
26164 29809 
29247 26533 
26753 29318 
26800 29278 
28136 28167 
28737 27401 
28275 27772 
28162 28063 
29158 27082 
27252 29074 
29928 24360 
30304 23562 
26382 29690 
27337 29069 
30008 24310 
27707 28664 
27698 28694 
29891 25553 
28547 27753 
28632 27748 
29721 25979 
29709 26001 
27883 28407 
30201 23572 
30286 23567 
29639 26086 
29609 26104 
29155 27115 
29499 26416 
29167 27030 
29328 26509 
29519 26384 
29505 26399 
29994 24325 
28182 27986 
29844 25593 
28236 27813 
29911 25521 
24651 30006 
24621 30107 
26801 29263 
24543 30175 
29606 26130 
29314 26524 
28224 27983 

27847 27993 
28359 27892 
28263 27964 
26969 28979 
27932 27988 
27818 28232 
26731 29336 
29212 26743 
27227 28945 
27435 28787 
27623 28490 
25839 29685 
27571 28520 
25381 29750 
25423 29747 
29135 26811 
26806 29116 
26028 29591 
29123 26896 
29197 26791 
29053 26931 
29303 26643 
25244 30030 
29968 24671 
29520 26084 
30192 23497 
29288 26691 
29101 26898 
29826 25543 
28811 27327 
29945 24691 
26070 29588 
27541 28685 
26887 29092 
27811 28397 
28976 27125 
29361 26555 
28896 27322 
29373 26470 
28355 27960 
29396 26237 
25242 30076 
26398 29535 
27416 28808 
26890 29030 
27553 28600 
27450 28745 
26334 29582 
26746 29294 
27242 28903 
27950 27983 
27833 28190 
26021 29621 
27208 28966 
26869 29097 
26788 29121 
26712 29357 
28399 27650 
29534 25907 
26960 29029 
25771 29713 
25355 29775 

29871 25556 
30081 24311 
30014 24786 
29940 24823 
30049 24345 
30040 24349 
30023 24782 
29982 24820 
29915 24892 
27699 28609 
29880 25555 
30325 23762 
26997 29254 
29889 25551 
29009 27355 
25094 30137 
26378 29708 
26397 29670 
29518 26528 
26906 29290 
29866 25656 
29444 26565 
29848 25661 
29763 25666 
29253 27035 
29268 26993 
28398 28035 
28512 27752 
29713 26236 
27262 29240 
27658 28611 
27638 28650 
26317 29749 
29234 27056 
26571 29505 
30251 23799 
28171 28232 
28530 27747 
28353 28078 
30184 23808 
27618 29026 
26645 29468 
27924 28473 
29341 26575 
29635 26254 
29930 24850 
27732 28574 
28351 28124 
29156 27074 
29426 26570 
30265 23784 
28998 27405 
28441 27920 
27939 28431 
26265 29824 
28496 27810 
26955 29257 
28077 28308 
26820 29371 
28155 28290 
25033 30178 
27868 28474 
26336 29711 
27340 29222 
26746 29408 
27365 29044 
26202 29872 

27618 28882 
27338 29172 
29847 25684 
28756 27536 
30018 25414 
29681 26288 
28852 27513 
29331 26802 
30077 24267 
29603 26306 
29585 26311 
29940 25432 
29802 25727 
27493 28915 
29455 26680 
29529 26623 
29541 26601 
29645 26289 
29982 25415 
29526 26649 
28425 28036 
28448 28030 
28410 28060 
27687 28364 
27356 29167 
27401 29124 
29253 26820 
27623 28867 
28918 27512 
28840 27530 
27603 28906 
26319 29741 
26795 29561 
27187 29280 
26481 29736 
27578 28910 
29452 26706 
29392 26728 
28774 27531 
29201 26850 
27172 29304 
27641 28862 
27682 28433 
26581 29566 
26056 29775 
24853 30156 
24971 30126 
25365 29791 
25450 29786 
25243 29818 
27729 28190 
25163 29903 
25214 29873 

26828 29295 
27958 28353 
27642 28697 
27347 28968 
30085 24906 
29258 26974 
29795 25912 
29392 26560 
29600 26097 
30256 23451 
30337 23427 
30067 24911 
29982 24916 
29477 26555 
29777 25929 
29501 26138 
29696 25953 
29586 26133 
30015 24912 
29210 26994 
29098 27197 
29131 27193 
29183 27192 
30111 23532 
30192 23508 
26350 29820 
27404 28964 
26636 29681 
26635 29753 
26349 29892 
25086 30119 
28384 28033 
25095 30089 
28366 28137 
29425 26556 
26930 29199 
27996 28305 
27981 28335 
27094 29154 
30153 23529 
28550 27379 
28381 28095 
29799 25409 
30201 23504 
27694 28667 
27415 28940 
28571 27291 
27085 29184 
27659 28691 
27998 28244 
28600 27284 
26916 29235 
26913 29290 
28646 27232 

30140 22986 
29529 26300 
29088 27063 
28680 27476 
29010 27081 
29789 25643 
29264 27020 
29945 24665 
29874 25638 
30030 24660 
29547 26295 
29234 27038 
29316 26801 
29298 26806 
29567 26256 
29318 26758 
28754 27439 
29332 26743 
27068 29328 
28259 28232 
30064 24597 
30073 23104 
27355 28959 
28363 27704 
27337 28964 
28337 28214 
26714 29651 
26726 29566 
25264 29935 
27794 28702 
27899 28452 
28103 28336 
28181 28318 
27812 28697 
25259 29970 
27961 28350 
27749 28745 
27917 28447 
30130 23013 
27670 28951 
27685 28903 
27929 28362 
28433 27512 
28462 27505 
24859 30174 
26128 29819 
27217 29318 
30182 22983 
26699 29675 

29391 26555 
29754 25600 
29839 25595 
27656 28833 
30165 24843 
29677 26108 
29592 26113 
29743 25624 
29315 26604 
29901 25463 
29014 27121 
29275 26703 
29976 24866 
29695 26103 
29099 27116 
28651 27743 
27886 28362 
27860 28748 
28719 27418 
28804 27413 
27094 29212 
27971 28357 
28520 28131 
28505 28155 
25262 29921 
28669 27639 
26287 29897 
24958 30176 
24734 30225 
26756 29327 
27179 29207 
26313 29632 
26735 29415 
28666 27701 
27476 29062 
27658 28787 
27875 28700 
27432 29141 
26771 29297 
25152 29952 
25194 29949 
27190 29183 

29832 25581 
29857 25575 
29809 25595 
29798 25649 
29558 26158 
29610 26157 
29525 26162 
28624 27635 
29024 26854 
26961 29080 
28976 26874 
28620 27703 
28568 27704 
29085 26680 
28859 27356 
28537 27740 
28829 27374 
28247 28158 
28503 27808 
28235 28243 
27628 28498 
30205 23470 
27109 29037 
30057 24608 
30172 23474 
30024 24612 
29972 24613 
27539 28795 
27552 28754 
29170 26675 
28430 27826 
28345 27831 
26488 29626 
24808 30142 
28518 27779 
26098 29759 
26993 29058 
26739 29491 
26720 29529 
27213 29006 
27612 28556 
23885 30143 
30105 24588 
26959 29126 
30253 23450 
26453 29650 
25167 29922 
25353 29835 
27190 29013 
29057 26850 

29115 27017 
29946 25703 
29926 25735 
29631 25974 
30023 25448 
29842 25899 
26609 29697 
26050 29854 
30282 24706 
28382 27490 
28450 27462 
27199 29048 
27809 28626 
24896 30144 
28291 27788 
24869 30168 
28257 27851 
26415 29817 
25377 30031 
25394 29997 
27861 28570 
26687 29679 
27788 28641 
27937 28413 
27099 29219 
27864 28488 
27743 28684 
27816 28613 
27952 28371 
28275 27846 
28239 27909 
29541 26531 
29872 25740 
29448 26597 
29526 26579 
30204 24724 
30134 24759 
29103 27102 
29764 25917 
28857 27295 
28779 27313 
29040 27150 
28066 28074 
26032 29882 
26011 29897 
26712 29282 
25356 30057 
24852 30177 
29553 25992 
26694 29321 
27838 28588 
27260 29026 
26962 29243 
27121 29194 
27195 29124 
27765 28659 
27047 29238 
24873 30162 
27385 28953 
26699 29284 
28178 27950 
28005 28115 
28097 27974 
27312 28996 
28333 27544 
26741 29281 
27985 28147 
27150 29167 
28304 27551 

24794 30178 
25233 30084 
28623 27564 
28742 27267 
28594 27565 
29182 26815 
28367 27892 
29227 26384 
29943 24880 
28907 26970 
29923 24919 
27644 28653 
29961 24875 
29220 26771 
28827 27262 
29452 26028 
29835 25697 
29200 26810 
29308 26360 
29808 25732 
28385 27788 
29826 25727 
28643 27532 
27995 28080 
28838 27194 
28593 27627 
26669 29496 
27847 28323 
28382 27850 
26660 29526 
29432 26060 
27817 28413 
27915 28318 
27310 29003 
27835 28408 
27643 28686 
27662 28648 
26338 29682 
27299 29179 
25796 29822 
28035 28024 
26645 29574 
26654 29544 
26703 29295 
28988 26946 
26323 29730 

30119 24639 
29143 26714 
28807 27255 
28580 27437 
25810 29838 
28507 27510 
30085 24707 
25373 29918 
28542 27460 
28156 28158 
28158 28112 
30105 24668 
28157 28145 
29673 25952 
28174 28054 
29856 25636 
29151 26702 
25441 29890 
29924 25608 
29674 25919 
27361 29091 
29804 25637 
28682 27341 
29694 25910 
29889 25632 
24808 30142 
29727 25906 
27713 28654 
30067 24712 
28977 27253 
27577 28916 
26415 29704 
27731 28649 
28163 28078 
28574 27438 
26498 29378 
25302 30061 
28094 28406 
27736 28559 
26438 29663 
27595 28911 
27607 28826 
27693 28693 
27815 28524 
27806 28554 
28096 28360 
28425 27832 
29081 27222 
29062 27248 
30122 24511 
29180 26695 
29487 26396 
28540 27506 
29228 26675 
28146 28169 
28665 27432 
26450 29398 
26069 29762 
29261 26671 
25713 29848 
27326 29115 
30170 24491 
29135 26806 
26522 29249 
26769 29127 
26547 29190 

25606 29706 
27606 28562 
28446 27603 
28527 27579 
28513 27594 
27843 28259 
25401 29739 
29216 26473 
27433 28999 
27357 29028 
27321 29029 
27875 28232 
27956 28208 
27942 28223 
26799 29336 
24889 30147 
26352 29691 
26794 29359 
30007 25305 
26792 29366 
26841 29333 
26782 29375 
28368 28029 
28366 28036 
27302 29176 
25349 30010 
27300 29183 
29841 25602 
28958 27370 
25347 30056 
27523 28762 
26504 29509 
27815 28460 
27817 28453 
30128 24744 
28386 27997 
28400 27982 
29453 26423 
28553 27538 
29106 26788 
29092 26803 
29520 26414 
28959 27343 
28986 26931 
29067 26907 
29502 26419 
29417 26424 
29173 26779 
29577 26165 
29053 26922 
29771 25607 
25443 29736 
27630 28504 
26519 29467 
25648 29703 
25375 29764 

29651 26032 
26462 29693 
26453 29723 
28682 27374 
26379 29763 
26438 29753 
29975 24763 
28653 27381 
30078 24753 
26995 29357 
29644 26068 
29562 26284 
30199 23169 
30280 23145 
30193 24508 
30097 24727 
29194 26958 
29698 25219 
29716 25214 
29346 26473 
29398 26472 
30060 24758 
27704 28626 
28347 27977 
28988 27179 
29021 27175 
28589 27885 
29622 26078 
29069 27155 
29547 26332 
28299 27997 
28367 27969 
27621 28993 
27670 28638 
26472 29685 
29294 26678 
26506 29651 
29193 27054 
26487 29677 
30174 24534 
28266 28219 
26524 29646 
27639 28988 
27651 28903 
29679 25245 
29250 26722 
27602 29019 
28162 28250 
28284 28214 
28247 28245 
28604 27843 
29300 26627 
27328 29233 
27746 28430 
27408 29113 
27468 29087 
28662 27377 
28701 27356 
28730 27349 
29796 24930 
27814 28402 
26449 29728 
27399 29143 
26412 29759 
27319 29263 
25312 30176 
27028 29353 
27080 29352 
26066 29947 
26705 29399 
29791 24965 
27785 28409 
29807 24876 

27366 29202 
27054 29233 
29383 26614 
30393 23332 
29825 26048 
29840 25999 
30431 23288 
29945 25553 
29864 25577 
27068 29224 
29128 27213 
27051 29245 
29846 25594 
26972 29297 
27040 29269 
29311 27034 
29230 27058 
27387 29131 
29224 27140 
26786 29635 
29213 27208 
28263 27935 
26751 29659 
26215 29825 
27981 28617 
26983 29273 
27035 29272 
28277 27899 
29161 27209 
30408 23295 
30107 24116 
30192 24111 
29826 26035 
26181 29849 
28747 27771 
29109 27239 
28925 27248 
30374 23358 
29263 27054 
28081 28582 
26008 29938 
29369 26650 
28237 27998 
28762 27729 
26814 29634 
25265 30066 
28603 27896 
25039 30276 
28257 27966 
26824 29587 
29349 26682 
29897 25573 
28223 28034 
28066 28612 
28083 28521 
29568 26350 
29487 26374 
25313 30046 
27941 28772 
27971 28754 
26226 29757 
25973 29947 
29010 27243 
28093 28112 
28108 28082 

29012 26963 
28814 27253 
28976 27085 
27202 29113 
28452 27914 
28444 27938 
29426 26151 
29419 26187 
28994 27080 
29408 26578 
29416 26213 
29415 26542 
29474 25823 
29315 26595 
29030 26958 
29382 26586 
28815 27226 
28829 27211 
28297 28044 
29702 25480 
29989 24336 
30056 24327 
25065 30016 
29036 26697 
29541 25814 
24187 30021 
27651 28580 
28956 27124 
29783 25456 
29716 25465 
27706 28372 
28795 27274 
28710 27279 
27631 28619 
27774 28344 
30070 24312 
27448 28868 
28441 27964 
28281 28087 
27410 28912 
29555 25799 
27240 29069 
26721 29458 
28511 27343 
26736 29410 
26962 29152 
25944 29908 
26403 29665 
24119 30049 
29050 26682 

29112 26693 
29164 26681 
28921 27177 
27991 28088 
27194 28979 
27937 28164 
27962 28100 
29639 26088 
27142 28991 
27523 28570 
27050 29176 
29001 27071 
29241 26680 
29322 26656 
29082 27047 
28885 27433 
29630 26216 
28900 27391 
29577 26324 
27337 28916 
29815 25605 
30012 25267 
26982 29204 
28969 27152 
29927 25272 
29600 26306 
29618 26301 
29596 26311 
29464 26513 
28467 27896 
30108 24315 
30060 24340 
29034 27067 
23596 30098 
29274 26676 
28732 27558 
28866 27459 
27423 28878 
28784 27557 
29960 25268 
28902 27185 
28954 27173 
28485 27891 
28515 27873 
28802 27552 
25596 29800 
27682 28564 
27912 28326 
27810 28422 
28444 27914 
26726 29231 
26774 29211 
25574 29896 
27862 28421 
27217 28972 
23497 30158 
28463 27901 
28493 27883 
28415 27926 
27418 28892 
27250 28968 
28709 27576 
28680 27588 
27439 28820 
27895 28417 
27697 28522 
27366 28904 
26620 29687 
25371 29988 
27384 28894 
26336 29767 
27298 28948 
26621 29591 
27084 29108 
27034 29203 
26672 29293 
30089 24328 
24412 29999 
23683 30048 
24252 30040 

