110073624.000000 4104036.000000 
112009390.000000 4082188.000000 
85433244.000000 5095536.000000 
107895050.000000 4297506.000000 
108255884.000000 4276356.000000 
74519026.000000 7593300.000000 
99043494.000000 4557784.000000 
112812230.000000 4067012.000000 
66781080.000000 8541190.000000 
83309152.000000 5131444.000000 
81941894.000000 5450412.000000 
71782600.000000 8219854.000000 
94634356.000000 4666390.000000 
71609396.000000 8250514.000000 
116185536.000000 4040988.000000 
106689250.000000 4447644.000000 
71871956.000000 8055002.000000 
76903524.000000 7031656.000000 
74220430.000000 7871544.000000 
73174796.000000 7972420.000000 
89560748.000000 4800692.000000 
78196552.000000 6997608.000000 
70905816.000000 8372400.000000 
78670106.000000 6701472.000000 
80326670.000000 6078572.000000 
71158226.000000 8296012.000000 
86143926.000000 4879698.000000 
86029486.000000 4993892.000000 
92394292.000000 4768358.000000 
81058602.000000 5856804.000000 
75395150.000000 7121962.000000 
92591614.000000 4723166.000000 

87053076.000000 4567484.000000 
89408456.000000 4336710.000000 
79674750.000000 5983946.000000 
86761076.000000 5155114.000000 
68386766.000000 8284004.000000 
80127474.000000 5975736.000000 
83034948.000000 5700710.000000 
85797008.000000 5240246.000000 
86684960.000000 5181574.000000 
73159770.000000 7226890.000000 
98527500.000000 4122120.000000 
73411640.000000 6739448.000000 
71508078.000000 7454098.000000 
72603672.000000 7417250.000000 
114486290.000000 3877224.000000 
85323926.000000 5472982.000000 
106534878.000000 3924064.000000 
84206724.000000 5678720.000000 
79835344.000000 5979268.000000 
69017086.000000 7507186.000000 
82535798.000000 5765744.000000 
73708812.000000 6131580.000000 
87029756.000000 4737922.000000 
80424698.000000 5786476.000000 
94740494.000000 4189620.000000 
68379680.000000 10080322.000000 
84640862.000000 5644590.000000 
84794410.000000 5574172.000000 
84885888.000000 5503792.000000 
112575888.000000 3895760.000000 
78630972.000000 6037864.000000 
78077984.000000 6083862.000000 
102856844.000000 4100354.000000 
86563628.000000 5205836.000000 

72130032.000000 6588328.000000 
70267794.000000 7343176.000000 
92646320.000000 3540922.000000 
75465218.000000 6429346.000000 
63382934.000000 10178152.000000 
86039408.000000 4708808.000000 
68923546.000000 7608832.000000 
90709508.000000 3886588.000000 
91537972.000000 3857242.000000 
82767730.000000 5132530.000000 
75704990.000000 5930824.000000 
87968212.000000 4513910.000000 
82099162.000000 5291234.000000 
132154128.000000 3321534.000000 
87863014.000000 4681962.000000 
70657856.000000 6951214.000000 
64550486.000000 8754686.000000 
80094436.000000 5344792.000000 
75841218.000000 5442702.000000 
84124528.000000 4957810.000000 
83293340.000000 5126396.000000 
67351994.000000 7946514.000000 
75486410.000000 6102984.000000 
89801858.000000 4417528.000000 
115123186.000000 3436686.000000 
88497554.000000 4472224.000000 
116293116.000000 3345446.000000 

108066990.000000 3548534.000000 
69065438.000000 6369020.000000 
68020318.000000 6741268.000000 
116334460.000000 3323608.000000 
75166856.000000 4662876.000000 
107106588.000000 3576476.000000 
65356816.000000 8725696.000000 
67500552.000000 7277358.000000 
65140000.000000 9318940.000000 
92951024.000000 3717938.000000 
77709038.000000 4182536.000000 
65855100.000000 8706044.000000 
71460004.000000 4666258.000000 
66198514.000000 8022492.000000 
105080002.000000 3589040.000000 
67279136.000000 7496366.000000 
109498952.000000 3438254.000000 
69794670.000000 6298382.000000 
66764426.000000 7974568.000000 
70836394.000000 6200176.000000 
89730724.000000 3722110.000000 
88310042.000000 3991500.000000 
93405582.000000 3612080.000000 
108929438.000000 3513078.000000 

91287440.000000 4491228.000000 
87398412.000000 4500258.000000 
119564800.000000 3670874.000000 
75274632.000000 6607724.000000 
73053616.000000 7016250.000000 
74338000.000000 6951160.000000 
78382676.000000 4916024.000000 
84829608.000000 4504816.000000 
106147338.000000 3733794.000000 
78031900.000000 5305152.000000 
68965242.000000 10806300.000000 
74470886.000000 6646326.000000 
68584804.000000 13656026.000000 
94229722.000000 4162334.000000 
92418032.000000 4465650.000000 
82216458.000000 4783524.000000 
71145246.000000 7287116.000000 
76040388.000000 6145406.000000 
82011942.000000 4878730.000000 
76183046.000000 5588576.000000 
71045424.000000 8881594.000000 
75634094.000000 6359392.000000 
103826618.000000 3797496.000000 
100484096.000000 3954488.000000 

68378180.000000 10744098.000000 
84997516.000000 4723772.000000 
78430664.000000 5511710.000000 
90822774.000000 4122106.000000 
75179554.000000 6328770.000000 
113149974.000000 4095214.000000 
67492020.000000 11591872.000000 
84882016.000000 4808904.000000 
68854426.000000 6996090.000000 
68043808.000000 11054292.000000 
66734588.000000 12005110.000000 
73993078.000000 6580952.000000 
85904778.000000 4439136.000000 
85738770.000000 4481372.000000 
67822450.000000 11421952.000000 
82372294.000000 5469056.000000 
73497948.000000 6667644.000000 
75107456.000000 6371956.000000 
78399408.000000 6238584.000000 
68837164.000000 7039260.000000 
86124090.000000 4421140.000000 
83254110.000000 5005516.000000 
84183584.000000 4994518.000000 
84269400.000000 4890936.000000 
83059710.000000 5434498.000000 
86190718.000000 4334922.000000 
64908208.000000 12219408.000000 

79403576.000000 5552982.000000 
75892520.000000 6111778.000000 
80265104.000000 4224808.000000 
65959594.000000 7095604.000000 
68654142.000000 6694016.000000 
102885256.000000 3906746.000000 
76297254.000000 5934480.000000 
74113932.000000 6192198.000000 
88566694.000000 3906818.000000 
72654048.000000 6198222.000000 
77556774.000000 5624466.000000 
64676028.000000 14934780.000000 
76524144.000000 5742752.000000 
72544262.000000 6396226.000000 
104508290.000000 3846330.000000 
70839246.000000 6647354.000000 

71846806.000000 4824380.000000 
69675016.000000 5160418.000000 
66297590.000000 5230102.000000 
84087326.000000 4019834.000000 
97374338.000000 3838540.000000 
64212796.000000 8305526.000000 
76972454.000000 4174422.000000 
88992756.000000 3998622.000000 
64679488.000000 8243058.000000 
65799274.000000 5246020.000000 
73682052.000000 4683554.000000 
65424616.000000 7210710.000000 
76247128.000000 4446052.000000 

82534936.000000 5294852.000000 
89820998.000000 4870144.000000 
89060734.000000 4875846.000000 
69469362.000000 7356390.000000 
86703060.000000 4972970.000000 
90366136.000000 4324216.000000 
84866986.000000 5187348.000000 
103665224.000000 4012204.000000 
86052736.000000 5102010.000000 
71654988.000000 6180470.000000 
77929406.000000 5922938.000000 
79781102.000000 5627832.000000 
70184006.000000 6969478.000000 
64650588.000000 7955850.000000 
76298530.000000 6016294.000000 
81271422.000000 5296990.000000 
98829690.000000 4281800.000000 
111709426.000000 3877860.000000 
88696850.000000 4899382.000000 
114183422.000000 3866278.000000 
90152568.000000 4843298.000000 
110625196.000000 3931030.000000 
61392944.000000 9357074.000000 
63229750.000000 8564552.000000 

84733578.000000 4927836.000000 
85248350.000000 4761252.000000 
105355156.000000 3820464.000000 
109481944.000000 3723586.000000 
61247024.000000 7994106.000000 
66417178.000000 7017666.000000 
72964912.000000 6173194.000000 
78086812.000000 5069046.000000 
81511968.000000 5029980.000000 
94186370.000000 4085462.000000 
82958064.000000 5011176.000000 
66334154.000000 7780490.000000 
99155934.000000 3928390.000000 
114162446.000000 3602156.000000 
79861012.000000 5063538.000000 
89026546.000000 4228718.000000 
109302560.000000 3735376.000000 
111281136.000000 3705472.000000 
71126850.000000 6403350.000000 
73987246.000000 6153076.000000 
103358550.000000 3836464.000000 
69189044.000000 6636928.000000 
63702536.000000 7954976.000000 
63284288.000000 7980222.000000 
101257684.000000 3871610.000000 
87062382.000000 4632812.000000 
74250228.000000 5649884.000000 
79122446.000000 5063988.000000 
116601604.000000 3577186.000000 
65076760.000000 7799794.000000 
88551498.000000 4437522.000000 
109022522.000000 3789958.000000 
98587200.000000 3981936.000000 
111691222.000000 3664052.000000 
87833510.000000 4519814.000000 
91446134.000000 4105154.000000 
83348658.000000 4942104.000000 
77822256.000000 5607084.000000 

101806598.000000 3503652.000000 
101959858.000000 3457764.000000 
80565096.000000 4446232.000000 
74936468.000000 5518670.000000 
83215084.000000 3987648.000000 
76232994.000000 5496554.000000 
65028994.000000 7697706.000000 
67654790.000000 7192822.000000 
71634950.000000 5794872.000000 
79798368.000000 5018724.000000 
112098398.000000 3376086.000000 
94589392.000000 3875984.000000 
77835110.000000 5297596.000000 
64062770.000000 7722616.000000 
112607334.000000 3289924.000000 
77551396.000000 5356226.000000 
62831824.000000 7885926.000000 
66655154.000000 7546622.000000 
61987452.000000 12725730.000000 
95607570.000000 3556868.000000 
62423246.000000 8232036.000000 

88864896.000000 4124508.000000 
68326342.000000 11851066.000000 
72648118.000000 5666824.000000 
68688864.000000 9874374.000000 
87996538.000000 4344696.000000 
73866060.000000 4968274.000000 
82578272.000000 4454008.000000 
93203464.000000 4084570.000000 
71919534.000000 6530536.000000 
76342010.000000 4611810.000000 
70702756.000000 7374100.000000 
71294768.000000 6583852.000000 
69975084.000000 8228540.000000 
80625916.000000 4521052.000000 
84621828.000000 4352522.000000 
73140504.000000 5649134.000000 

66718452.000000 9736872.000000 
90087824.000000 4315878.000000 
75005116.000000 6698624.000000 
75721550.000000 6573754.000000 
87442064.000000 5053402.000000 
79436022.000000 5676634.000000 
80508460.000000 5434678.000000 
99638526.000000 4215004.000000 
77177160.000000 6060930.000000 
75849848.000000 6179508.000000 
76017134.000000 6170552.000000 
74203982.000000 6999118.000000 
99972426.000000 4025392.000000 
100111076.000000 3911160.000000 
78101760.000000 5978640.000000 
105722936.000000 3760550.000000 
88196730.000000 4531308.000000 
96838324.000000 4233670.000000 
85362792.000000 5147672.000000 
81854790.000000 5349542.000000 
71646482.000000 7620550.000000 
84812004.000000 5317580.000000 
87651678.000000 4686140.000000 
72074968.000000 7249902.000000 
69735174.000000 7713174.000000 
66596252.000000 9785254.000000 
99944640.000000 4037092.000000 
69538840.000000 7787444.000000 
94602178.000000 4263638.000000 

89092138.000000 4821256.000000 
68018958.000000 9004206.000000 
86857506.000000 4860168.000000 
82565582.000000 5422288.000000 
79435398.000000 5755464.000000 
86202902.000000 4875230.000000 
84079292.000000 5053154.000000 
83499592.000000 5405484.000000 
90586616.000000 4730198.000000 
104158142.000000 3978124.000000 
82022038.000000 5424076.000000 
114108914.000000 3904076.000000 
92515266.000000 4526500.000000 
91463870.000000 4662196.000000 
67986782.000000 9013376.000000 
77227550.000000 5883478.000000 
68633798.000000 8594686.000000 
102202666.000000 4241350.000000 
110493194.000000 3938246.000000 
79874344.000000 5597802.000000 
99524362.000000 4255000.000000 
90802162.000000 4708810.000000 
81375402.000000 5583218.000000 
76971032.000000 5886026.000000 
68497658.000000 8846026.000000 
74504010.000000 5909006.000000 
68176312.000000 8915262.000000 
90422784.000000 4736124.000000 
70510422.000000 6989348.000000 
92669824.000000 4428668.000000 
69873932.000000 7041508.000000 
71490304.000000 6884708.000000 
76203156.000000 5890856.000000 
78884350.000000 5848244.000000 
95690484.000000 4314754.000000 
75609754.000000 5895322.000000 
72365622.000000 6088704.000000 
69633168.000000 7726232.000000 
78027848.000000 5850270.000000 

82181610.000000 4661202.000000 
94531668.000000 4093890.000000 
81182714.000000 4712710.000000 
68670956.000000 6805568.000000 
78038614.000000 4759600.000000 
100672416.000000 4089806.000000 
68433330.000000 7705454.000000 
94404046.000000 4140736.000000 
108840172.000000 3941534.000000 
66763500.000000 7997048.000000 
114966840.000000 3802314.000000 
67986782.000000 7870934.000000 
114030412.000000 3859334.000000 
109773098.000000 3911350.000000 
75685906.000000 5327794.000000 
111482908.000000 3902068.000000 
83458294.000000 4143592.000000 
108666624.000000 3958792.000000 
71719980.000000 6700226.000000 
74682154.000000 5362400.000000 
72012306.000000 6446980.000000 
72266034.000000 6427302.000000 
80401168.000000 4749224.000000 
73758362.000000 5953972.000000 
76962230.000000 5221270.000000 
82445204.000000 4648396.000000 
82766618.000000 4624686.000000 

67183968.000000 8418150.000000 
84021556.000000 5305136.000000 
71945218.000000 5708466.000000 
84613602.000000 4396420.000000 
95864040.000000 4275270.000000 
78891072.000000 5452162.000000 
99144140.000000 3436630.000000 
70202076.000000 6410904.000000 
66816358.000000 8935964.000000 
84534192.000000 5267918.000000 
83723028.000000 5351610.000000 
67193234.000000 8205548.000000 
97821388.000000 4273172.000000 
67642554.000000 8092076.000000 
69798240.000000 7480056.000000 
90318194.000000 4279222.000000 
68678128.000000 7531250.000000 

71975316.000000 6242856.000000 
69551040.000000 9301470.000000 
66931924.000000 10395646.000000 
79796202.000000 4729708.000000 
64402150.000000 13060842.000000 
79003762.000000 5002808.000000 
85612900.000000 4034974.000000 
74012864.000000 6212606.000000 
71716320.000000 7763074.000000 
80824412.000000 4595372.000000 
65086862.000000 11623666.000000 
70918906.000000 8117390.000000 
75823208.000000 5515296.000000 
84137974.000000 4252750.000000 
68982706.000000 9391492.000000 
80592930.000000 4686266.000000 
74129926.000000 5622210.000000 
76600368.000000 5242942.000000 

67844576.000000 7076014.000000 
76627900.000000 5168424.000000 
72695160.000000 5754932.000000 
71483018.000000 6697970.000000 
66590978.000000 7543362.000000 
64987012.000000 8604296.000000 
72393596.000000 6072982.000000 
80516664.000000 3915400.000000 
71105064.000000 6746758.000000 
76491948.000000 5247368.000000 
64986424.000000 8738366.000000 
71503732.000000 6671908.000000 
84168626.000000 3913614.000000 
87032166.000000 3869532.000000 
90219400.000000 3652716.000000 
91726924.000000 3562674.000000 
76476308.000000 5408386.000000 
79330722.000000 4813866.000000 
77401756.000000 4850838.000000 
73852178.000000 5408584.000000 
64769600.000000 8774790.000000 
92212802.000000 3526884.000000 
88430618.000000 3702772.000000 
71781084.000000 6620770.000000 
79480728.000000 4714354.000000 
73605558.000000 5427224.000000 

116076106.000000 4058984.000000 
81357414.000000 4978208.000000 
83948928.000000 4887688.000000 
77435790.000000 5516318.000000 
77780326.000000 5439214.000000 
86484984.000000 4772806.000000 
102365158.000000 4333094.000000 
66767652.000000 9365092.000000 
91017556.000000 4667820.000000 
65761772.000000 9428578.000000 
106205942.000000 4270148.000000 
77104238.000000 5607080.000000 
88156322.000000 4725080.000000 
67364118.000000 7023252.000000 
92604754.000000 4354566.000000 
78666474.000000 5340958.000000 
81121574.000000 5133600.000000 
121783746.000000 3955772.000000 
115975804.000000 4253084.000000 
74715258.000000 5878786.000000 
72739238.000000 6178230.000000 
74164290.000000 5943848.000000 
79865912.000000 5172946.000000 
71712194.000000 6791500.000000 
71331496.000000 6998220.000000 
76731718.000000 5679982.000000 
75454500.000000 5822682.000000 
76177940.000000 5775358.000000 
75740174.000000 5812142.000000 
72714544.000000 6619832.000000 
124581734.000000 3785452.000000 
75029698.000000 5859880.000000 
75685338.000000 5813994.000000 

77361972.000000 5990410.000000 
87857314.000000 4402760.000000 
79556540.000000 5283044.000000 
85611216.000000 4793334.000000 
78395490.000000 5816568.000000 
108353370.000000 3137372.000000 
83614318.000000 4826294.000000 
98945810.000000 3337092.000000 
71183196.000000 7225754.000000 
73980158.000000 6288960.000000 
73670460.000000 6352778.000000 
88219378.000000 4289022.000000 
79130200.000000 5354558.000000 
108977922.000000 3121028.000000 
80817612.000000 5144178.000000 
91556550.000000 4146856.000000 
99258970.000000 3302728.000000 
76312418.000000 6206170.000000 
81580600.000000 4890548.000000 
96655688.000000 3437730.000000 
78808148.000000 5533360.000000 
98564442.000000 3344014.000000 
91677946.000000 3922852.000000 
73353948.000000 6413066.000000 
73081598.000000 7051158.000000 
90486956.000000 4199308.000000 
96252180.000000 3549194.000000 
93639666.000000 3647202.000000 
77194272.000000 6153214.000000 
73313762.000000 7004300.000000 
103234036.000000 3226948.000000 
87207814.000000 4418920.000000 
70945384.000000 8086378.000000 
110185808.000000 3106274.000000 
69302322.000000 8280426.000000 
86941542.000000 4440092.000000 
107380178.000000 3199052.000000 
86068400.000000 4789786.000000 

101634362.000000 3647182.000000 
74986950.000000 6133990.000000 
69608806.000000 6946306.000000 
72501084.000000 6303778.000000 
78238236.000000 5099818.000000 
76222242.000000 5191046.000000 
75233388.000000 5550106.000000 
60970936.000000 8413972.000000 
83799630.000000 3993328.000000 
78694780.000000 4686286.000000 
60767084.000000 8877868.000000 
68390190.000000 7015190.000000 
67875940.000000 7043056.000000 
75048550.000000 6037892.000000 
75115208.000000 5908650.000000 
74638358.000000 6185018.000000 
92343778.000000 3898420.000000 
65137828.000000 7336090.000000 
63646564.000000 8228960.000000 
104021782.000000 3524460.000000 
92432996.000000 3854042.000000 
82524852.000000 4164618.000000 
74544462.000000 6268708.000000 
82468286.000000 4171774.000000 
74686012.000000 6182776.000000 
78627592.000000 4774340.000000 
91942512.000000 3975804.000000 

108058358.000000 3492860.000000 
105107474.000000 3554600.000000 
94295768.000000 4088660.000000 
66869222.000000 9227482.000000 
72611100.000000 6985816.000000 
80260006.000000 4770996.000000 
70936704.000000 7459198.000000 
78808228.000000 5323704.000000 
95229682.000000 3901262.000000 
94771986.000000 3975236.000000 
90162528.000000 4412654.000000 
80227524.000000 5179306.000000 
86275456.000000 4577004.000000 
93021752.000000 4320084.000000 
68828784.000000 7889258.000000 
73166146.000000 6933352.000000 
73970204.000000 6605326.000000 
85706848.000000 4766374.000000 
66892518.000000 8969254.000000 
74992986.000000 6317066.000000 
76998190.000000 5477444.000000 
87624434.000000 4566068.000000 
75891584.000000 5850160.000000 
70296490.000000 7888030.000000 
75018038.000000 6289614.000000 
89266778.000000 4522112.000000 

87879618.000000 4412346.000000 
92499964.000000 4121222.000000 
74927658.000000 5699876.000000 
75579812.000000 5438552.000000 
67412390.000000 8158682.000000 
73635222.000000 5719452.000000 
73972644.000000 5712790.000000 
72777686.000000 6639036.000000 
80125338.000000 5126182.000000 
84542696.000000 4413916.000000 
80643870.000000 4872412.000000 
67851806.000000 6808448.000000 
104461930.000000 3779136.000000 
120985052.000000 3589276.000000 
99365056.000000 4017108.000000 
99784568.000000 3886646.000000 
65663126.000000 8471132.000000 
118484576.000000 3611536.000000 
104276794.000000 3875380.000000 
75282682.000000 5632620.000000 
78174196.000000 5308096.000000 
109243834.000000 3655452.000000 
92120942.000000 4385800.000000 

102192472.000000 4248788.000000 
73622324.000000 6602846.000000 
65255626.000000 10642510.000000 
84341536.000000 4850816.000000 
73222178.000000 6724176.000000 
77914800.000000 5778604.000000 
81966644.000000 5220082.000000 
94489274.000000 4531404.000000 
94988338.000000 4258018.000000 
90848100.000000 4710678.000000 
66664380.000000 7640576.000000 
94785338.000000 4529410.000000 
82099688.000000 5032408.000000 
108808512.000000 4190938.000000 
74325348.000000 5796082.000000 
113797066.000000 4080092.000000 
94826148.000000 4448990.000000 
104040514.000000 4227614.000000 
104815926.000000 4192292.000000 
70321324.000000 6728604.000000 
91607072.000000 4645320.000000 
67966734.000000 7087720.000000 
85565162.000000 4782438.000000 
94427650.000000 4573688.000000 
78158574.000000 5418820.000000 
88052200.000000 4729058.000000 
85038014.000000 4831224.000000 
109774730.000000 4161352.000000 
92641018.000000 4611576.000000 
73729852.000000 6538234.000000 
115713314.000000 4048110.000000 
81321444.000000 5271510.000000 
66284250.000000 8451806.000000 

95597302.000000 3881018.000000 
75424496.000000 6377482.000000 
85433462.000000 5202186.000000 
83528246.000000 5222270.000000 
103981068.000000 3749198.000000 
80896646.000000 5725318.000000 
85856798.000000 4702206.000000 
65175140.000000 10473498.000000 
87258862.000000 4635292.000000 
83518514.000000 5414240.000000 
75712122.000000 6323718.000000 
67484328.000000 7035914.000000 
82163858.000000 5552940.000000 
80861212.000000 5912156.000000 
71961688.000000 6497230.000000 
78524160.000000 5957592.000000 
82461102.000000 5534088.000000 
77250136.000000 6129050.000000 
98887022.000000 3810578.000000 
88563272.000000 4519102.000000 
89752862.000000 3986530.000000 
76533562.000000 6144600.000000 
80718074.000000 5949166.000000 
73610002.000000 6451368.000000 
109456112.000000 3542014.000000 
133278610.000000 3495784.000000 
104714046.000000 3630580.000000 
71347466.000000 6812186.000000 
71782516.000000 6680182.000000 

71405168.000000 6991630.000000 
87200520.000000 5134846.000000 
87547098.000000 5036060.000000 
84813978.000000 5309762.000000 
71500384.000000 6518514.000000 
71097864.000000 7195518.000000 
92230682.000000 4370668.000000 
108289658.000000 4148140.000000 
65815562.000000 7376248.000000 
89379538.000000 4890106.000000 
79979818.000000 5703328.000000 
91292462.000000 4810768.000000 
107707658.000000 4232802.000000 
82995698.000000 5448620.000000 
84250566.000000 5372172.000000 
85710358.000000 5287396.000000 
65302942.000000 9360948.000000 
85793180.000000 5136536.000000 
94234272.000000 4300522.000000 
63197320.000000 9502014.000000 
76056864.000000 5871832.000000 
100895594.000000 4265860.000000 
74760270.000000 6179814.000000 
72542364.000000 6345230.000000 
126412762.000000 3930126.000000 
112682576.000000 4092500.000000 
81973432.000000 5668586.000000 

65820250.000000 7667940.000000 
82944662.000000 4515158.000000 
68614800.000000 6102180.000000 
86510250.000000 4434280.000000 
74557302.000000 5413604.000000 
66151568.000000 7121594.000000 
78158718.000000 4799756.000000 
91227332.000000 4249664.000000 
66632044.000000 6342726.000000 
92133500.000000 3970658.000000 
64698570.000000 8606254.000000 
79322656.000000 4694466.000000 
75953322.000000 5176412.000000 
109163262.000000 3567466.000000 
100418292.000000 3652494.000000 
90045556.000000 4330370.000000 
71296470.000000 5564250.000000 
66410870.000000 6747894.000000 
65877704.000000 7393274.000000 
64432130.000000 8608080.000000 
74051900.000000 5558372.000000 
65054526.000000 8365284.000000 

74531114.000000 6514406.000000 
89922260.000000 4537014.000000 
85324352.000000 5072918.000000 
107613600.000000 4102126.000000 
98005332.000000 4246256.000000 
81753162.000000 5552558.000000 
120396256.000000 3728996.000000 
130981024.000000 3656976.000000 
80928060.000000 5865248.000000 
72949866.000000 7075030.000000 
71654940.000000 7158782.000000 
86059450.000000 4906494.000000 
81959928.000000 5507770.000000 
82466012.000000 5122202.000000 
73407586.000000 6673026.000000 
135182932.000000 3616612.000000 
90653898.000000 4277036.000000 
117297916.000000 3733566.000000 
70254308.000000 7854720.000000 
76650706.000000 6416490.000000 
77051890.000000 6171072.000000 
81317618.000000 5552728.000000 
87128240.000000 4710410.000000 
103774502.000000 4124066.000000 
65854230.000000 8196018.000000 
100033992.000000 4237584.000000 
62446294.000000 9833792.000000 
114212492.000000 3793838.000000 
115125076.000000 3763912.000000 
121342546.000000 3707638.000000 
62480136.000000 8746000.000000 
108023186.000000 3839086.000000 
80103536.000000 5904578.000000 
102446204.000000 4165478.000000 
87671556.000000 4616876.000000 
122165254.000000 3685864.000000 
107978886.000000 3926852.000000 

77362350.000000 5172176.000000 
66104622.000000 6868486.000000 
90571062.000000 4385968.000000 
82816768.000000 4717052.000000 
84596056.000000 4437286.000000 
124264696.000000 3590290.000000 
104331422.000000 3805872.000000 
80097352.000000 5018040.000000 
76924496.000000 5431896.000000 
94221524.000000 4061404.000000 
84602520.000000 4386266.000000 
101944668.000000 3808196.000000 
78947760.000000 5136896.000000 
68227082.000000 5826648.000000 
100395412.000000 3809386.000000 
93176022.000000 4297524.000000 
95570000.000000 3969990.000000 
65767784.000000 13806598.000000 
83841286.000000 4645334.000000 
105798950.000000 3736842.000000 
80784362.000000 4915630.000000 
117305096.000000 3611226.000000 
108257786.000000 3713330.000000 
75016300.000000 5581860.000000 
69300070.000000 5645348.000000 
70959034.000000 5610770.000000 
96613606.000000 3940124.000000 
67819872.000000 5827320.000000 

84831474.000000 4592344.000000 
74376526.000000 5999860.000000 
66849890.000000 6847064.000000 
73757548.000000 6071406.000000 
64032894.000000 7853806.000000 
83395818.000000 4666482.000000 
64444418.000000 7785800.000000 
82050014.000000 5046108.000000 
81071964.000000 5333562.000000 
75090506.000000 5862866.000000 
82128846.000000 5031206.000000 
74667994.000000 5898848.000000 
70961478.000000 6147976.000000 
86379780.000000 4266166.000000 
87656552.000000 4229680.000000 
75356270.000000 5383116.000000 
82028220.000000 5276012.000000 
93289754.000000 3615644.000000 
69588216.000000 6522180.000000 
70330290.000000 6495088.000000 
65762924.000000 7102060.000000 
65865918.000000 7061022.000000 
89714530.000000 3979418.000000 
90630322.000000 3921836.000000 
93553512.000000 3493238.000000 
63733824.000000 8767104.000000 
76683276.000000 5357220.000000 
72721516.000000 6096380.000000 
66347636.000000 6945736.000000 

