74909648.000000 8447910.000000 
69957554.000000 8619670.000000 
68865182.000000 8640464.000000 
71090458.000000 8590002.000000 
101452256.000000 4746562.000000 
111546834.000000 4680558.000000 
78773044.000000 6753316.000000 
81619622.000000 6153002.000000 
99209322.000000 4946682.000000 
100437506.000000 4889914.000000 
73929622.000000 8556140.000000 
88200368.000000 5067566.000000 
66344880.000000 8673500.000000 
65602166.000000 8885576.000000 
98615996.000000 5015008.000000 
104196776.000000 4719992.000000 
75395150.000000 7121962.000000 
81338452.000000 6328122.000000 
112825060.000000 4667412.000000 
104317236.000000 4706194.000000 
85509170.000000 5403916.000000 

74690688.000000 7207322.000000 
70326524.000000 8498450.000000 
77357678.000000 6237642.000000 
80450262.000000 5878948.000000 
83707686.000000 5681196.000000 
87381174.000000 4966354.000000 
80701864.000000 5823918.000000 
73734590.000000 7888992.000000 
86510708.000000 5024066.000000 
89408456.000000 4336710.000000 
96066530.000000 4235434.000000 
83201764.000000 5799484.000000 
83475490.000000 5749624.000000 
87761286.000000 4910816.000000 
87734526.000000 4935640.000000 
97640722.000000 4204432.000000 
98692900.000000 4117218.000000 
85208576.000000 5584072.000000 
107467688.000000 4010752.000000 
100921388.000000 4074490.000000 

78755600.000000 6134148.000000 
76069108.000000 6481580.000000 
84038036.000000 5096820.000000 
72223264.000000 6488558.000000 
84806742.000000 4637942.000000 
85329034.000000 4570560.000000 
89621572.000000 4552194.000000 
91075898.000000 4452670.000000 
97126038.000000 3877178.000000 
99582988.000000 3756736.000000 
78772030.000000 6104370.000000 
62512008.000000 7397432.000000 
62572574.000000 7158756.000000 
70641154.000000 6818162.000000 
81121448.000000 5459002.000000 
81233880.000000 5340956.000000 
102069960.000000 3680214.000000 
94483548.000000 4035436.000000 

67853804.000000 6663808.000000 
67900958.000000 6652270.000000 
74752690.000000 5315452.000000 
69298192.000000 5448438.000000 
112209796.000000 3504832.000000 
108256082.000000 3576396.000000 
69295946.000000 6089652.000000 
67027784.000000 7041028.000000 
67011932.000000 7060910.000000 
82629838.000000 3644586.000000 
80510904.000000 4932136.000000 
67001404.000000 7094896.000000 
66764426.000000 7974568.000000 
77848254.000000 5073642.000000 
64872880.000000 8011360.000000 
118902434.000000 3442382.000000 
94979110.000000 3593490.000000 

86591868.000000 4930816.000000 
84708400.000000 5207546.000000 
91743910.000000 4790106.000000 
77696736.000000 7041134.000000 
86908062.000000 4923238.000000 
119564800.000000 3670874.000000 
77402576.000000 10421268.000000 
98220436.000000 4198584.000000 
78316798.000000 7012984.000000 
76788436.000000 10435462.000000 
92777274.000000 4263940.000000 
100544612.000000 4065192.000000 
102718936.000000 3963418.000000 
112981658.000000 3712864.000000 
106147338.000000 3733794.000000 
92755996.000000 4493442.000000 
81620196.000000 5394754.000000 
81516666.000000 5497856.000000 
86295860.000000 5059392.000000 
91412748.000000 4838948.000000 
80903898.000000 5839560.000000 
105769080.000000 3957880.000000 
92038952.000000 4536512.000000 
92478096.000000 4510806.000000 
73809588.000000 13771012.000000 

78818174.000000 6577790.000000 
86190718.000000 4334922.000000 
85264022.000000 5479526.000000 
91424970.000000 4187896.000000 
83377806.000000 5633230.000000 
83179260.000000 5691476.000000 
78940126.000000 6524286.000000 
83430914.000000 5601314.000000 
77894244.000000 6833886.000000 
82676536.000000 5937092.000000 
80045900.000000 6324468.000000 
75233296.000000 6847940.000000 
79869064.000000 6480518.000000 
81013168.000000 6213040.000000 
66361350.000000 11483926.000000 
63730964.000000 12056440.000000 
85830400.000000 4878980.000000 
64951920.000000 11693502.000000 
67856904.000000 7262482.000000 
68596122.000000 6967950.000000 

85116112.000000 3716736.000000 
74761768.000000 9094876.000000 
74692282.000000 9246436.000000 
75265850.000000 8475148.000000 
77242772.000000 6640318.000000 
84046330.000000 4756922.000000 
83160570.000000 5095742.000000 
69913368.000000 9443656.000000 
82370068.000000 5210892.000000 
81608580.000000 5548224.000000 
76890230.000000 7448110.000000 
81046416.000000 5925122.000000 

96577546.000000 3881926.000000 
72572948.000000 5179112.000000 
73550082.000000 4900736.000000 
99833128.000000 3841808.000000 
99202032.000000 3861446.000000 
76632330.000000 3905826.000000 
95947506.000000 3901544.000000 
72094854.000000 9847332.000000 

101758586.000000 4078496.000000 
70755110.000000 7934690.000000 
65043082.000000 8217700.000000 
63229750.000000 8564552.000000 
102931684.000000 4002506.000000 
96046384.000000 4178104.000000 
122933004.000000 3907904.000000 
72683538.000000 7871742.000000 
85746802.000000 5091622.000000 
83680928.000000 5313212.000000 
87889392.000000 4814684.000000 
81369212.000000 5699748.000000 
86571514.000000 5085504.000000 
79608020.000000 6374182.000000 
80181934.000000 6164954.000000 
80528688.000000 5846166.000000 
82423152.000000 5338904.000000 
123733838.000000 3902266.000000 
72854966.000000 7799376.000000 
74002228.000000 7001078.000000 
77601834.000000 6856706.000000 
92490338.000000 4398120.000000 
88831326.000000 4424712.000000 
120495442.000000 3910694.000000 
111774212.000000 3919448.000000 
110625196.000000 3931030.000000 
79593032.000000 6684440.000000 

94022606.000000 4360108.000000 
92672152.000000 4707728.000000 
113781582.000000 3844178.000000 
107381502.000000 3854746.000000 
98727472.000000 4312308.000000 
73222256.000000 6690924.000000 
117911258.000000 3730968.000000 
116534064.000000 3736022.000000 
76303388.000000 6630398.000000 
90275488.000000 4903348.000000 
87559744.000000 5395388.000000 
81320610.000000 5758666.000000 
100443582.000000 3929000.000000 
78817582.000000 5949072.000000 
88493456.000000 5359402.000000 
70980684.000000 7620084.000000 
106668036.000000 3907210.000000 
93975428.000000 4377532.000000 
98679110.000000 4329828.000000 
85254842.000000 5636714.000000 
90523728.000000 4863930.000000 
92913664.000000 4516166.000000 

113892890.000000 3274514.000000 
112607334.000000 3289924.000000 
100712458.000000 3299266.000000 
84539502.000000 4628794.000000 
89210004.000000 4542082.000000 
97155574.000000 3354466.000000 
95444310.000000 3368732.000000 
94529832.000000 3394236.000000 
92357690.000000 3415258.000000 
91665680.000000 4394512.000000 
82097922.000000 4899276.000000 
90894222.000000 4409026.000000 
91861670.000000 4378174.000000 
73111454.000000 6927002.000000 
71218838.000000 7165342.000000 
71096430.000000 7807172.000000 
69681504.000000 8489032.000000 
81468858.000000 5845230.000000 
91969426.000000 4273030.000000 
76147742.000000 6450032.000000 
69128868.000000 8698324.000000 
70623286.000000 8270320.000000 
70070650.000000 8479612.000000 

80192782.000000 4703522.000000 
68688864.000000 9874374.000000 
66117764.000000 10042764.000000 
69114114.000000 9579672.000000 
69823116.000000 8686348.000000 
69975084.000000 8228540.000000 
73140504.000000 5649134.000000 
72053592.000000 5665536.000000 
71294768.000000 6583852.000000 
65927756.000000 10556716.000000 
79182420.000000 5638870.000000 
86005612.000000 4586974.000000 
86490560.000000 4446946.000000 

78171288.000000 5180210.000000 
82026580.000000 4905644.000000 
76962938.000000 6665510.000000 
94541944.000000 4729074.000000 
75259154.000000 6888872.000000 
90060206.000000 4887470.000000 
81812276.000000 4993298.000000 
77026650.000000 5942618.000000 
70322752.000000 7526912.000000 
72187520.000000 7155916.000000 
65368424.000000 7575158.000000 
99146354.000000 4356258.000000 
98244188.000000 4619882.000000 
75804978.000000 6796506.000000 
76034782.000000 6781004.000000 

68176312.000000 8915262.000000 
68633798.000000 8594686.000000 
67986782.000000 9013376.000000 
67589292.000000 10662074.000000 
82860178.000000 5284926.000000 
85252858.000000 5163308.000000 
88110030.000000 4880102.000000 
90471860.000000 4505714.000000 
85843148.000000 4951350.000000 
82944780.000000 5214670.000000 
80481136.000000 5819932.000000 
70543616.000000 8306538.000000 
103318136.000000 4395376.000000 
74825868.000000 6061616.000000 
81375402.000000 5583218.000000 
102914904.000000 4398140.000000 
72297572.000000 6630654.000000 
78884350.000000 5848244.000000 
82820360.000000 5306182.000000 
80755934.000000 5612178.000000 
105079576.000000 4104756.000000 
89169728.000000 4741842.000000 
82397800.000000 5354434.000000 
70524024.000000 8525174.000000 
78027848.000000 5850270.000000 
72365622.000000 6088704.000000 
71490304.000000 6884708.000000 
71081542.000000 7232596.000000 
75609754.000000 5895322.000000 

69259496.000000 8427222.000000 
71985872.000000 6844500.000000 
67691254.000000 8605808.000000 
70416828.000000 7023798.000000 
98496822.000000 4408856.000000 
76194534.000000 5475180.000000 
76962230.000000 5221270.000000 
80445556.000000 5143310.000000 
92514752.000000 4459344.000000 
88746242.000000 4462112.000000 
75858440.000000 5729858.000000 
80740196.000000 5122722.000000 
82766618.000000 4624686.000000 
73758362.000000 5953972.000000 
71838374.000000 6968994.000000 
124137518.000000 4167692.000000 
99048034.000000 4295770.000000 
86489992.000000 4526106.000000 
96235276.000000 4444874.000000 

71271696.000000 7854312.000000 
88091866.000000 4891588.000000 
80596926.000000 5965772.000000 
90318194.000000 4279222.000000 
90174576.000000 4457730.000000 
99144140.000000 3436630.000000 
80066552.000000 6794268.000000 
93738252.000000 4066764.000000 
89536956.000000 4813612.000000 
87438586.000000 5332136.000000 
83558168.000000 5522068.000000 
75733204.000000 6808494.000000 

75783654.000000 7035802.000000 
71114524.000000 8024532.000000 
69463410.000000 8902840.000000 
69629518.000000 8685890.000000 
84363390.000000 4993424.000000 
90871002.000000 4477656.000000 
68514280.000000 10104136.000000 
64569882.000000 10245838.000000 
66973878.000000 10140762.000000 
76501046.000000 5869990.000000 
78393906.000000 5462754.000000 
76677806.000000 5563736.000000 
73285066.000000 7073670.000000 
73733848.000000 7038484.000000 
76326164.000000 7022554.000000 

74560944.000000 6987196.000000 
80431062.000000 5055036.000000 
97508400.000000 3784000.000000 
101793674.000000 3774626.000000 
119978438.000000 3416792.000000 
78485578.000000 5886900.000000 
77070790.000000 6274452.000000 
86419866.000000 3843386.000000 
105752058.000000 3536506.000000 
106696940.000000 3434822.000000 
77388370.000000 6273912.000000 
72968368.000000 8048618.000000 

87530798.000000 5280744.000000 
74164290.000000 5943848.000000 
65939488.000000 9616930.000000 
95452734.000000 4982158.000000 
73416496.000000 6072944.000000 
74024416.000000 5984952.000000 
71412270.000000 6552918.000000 
72200240.000000 6437372.000000 
72183898.000000 6469468.000000 
72971868.000000 6353922.000000 
106446152.000000 4606600.000000 
69495432.000000 6700472.000000 
69655552.000000 6602796.000000 
66857340.000000 7165874.000000 
67364118.000000 7023252.000000 
96988136.000000 4962846.000000 
80357582.000000 5484476.000000 
76320488.000000 5783922.000000 
79811816.000000 5584612.000000 
106811840.000000 4531794.000000 
73378618.000000 6236432.000000 
82003318.000000 5434908.000000 
75029698.000000 5859880.000000 
77183276.000000 5650094.000000 

110185808.000000 3106274.000000 
108977922.000000 3121028.000000 
98945810.000000 3337092.000000 
87079596.000000 4866052.000000 
86645372.000000 4907518.000000 
103234036.000000 3226948.000000 
107464274.000000 3202646.000000 
82285378.000000 5078138.000000 
82082862.000000 5121212.000000 
75290244.000000 6400922.000000 
80093118.000000 5223288.000000 
79892750.000000 5266872.000000 
85236810.000000 5010272.000000 
88353358.000000 4762812.000000 
87913664.000000 4794612.000000 
94492806.000000 3840502.000000 
97624742.000000 3718784.000000 
91081902.000000 4155920.000000 
91248054.000000 4098172.000000 
96635238.000000 3750272.000000 
95985738.000000 3766432.000000 

75168054.000000 6139360.000000 
74638358.000000 6185018.000000 
74686012.000000 6182776.000000 
79754416.000000 4689474.000000 
79827102.000000 4610704.000000 
65859522.000000 6595292.000000 
76035326.000000 5604982.000000 
76496872.000000 5072442.000000 
62129752.000000 7539206.000000 
60753554.000000 8432000.000000 
60970936.000000 8413972.000000 
90258650.000000 4371018.000000 
97881312.000000 4259600.000000 
73862554.000000 6310684.000000 
73270728.000000 6356546.000000 

105605470.000000 3888574.000000 
92744074.000000 4485816.000000 
92900658.000000 4455194.000000 
96892428.000000 4117150.000000 
101323094.000000 4015328.000000 
99636864.000000 4070314.000000 
95381990.000000 4161256.000000 
94792044.000000 4397540.000000 
94346886.000000 4424874.000000 
110625736.000000 3570668.000000 
108939302.000000 3625186.000000 
99129636.000000 4109768.000000 
105199008.000000 3963144.000000 
102451662.000000 3989322.000000 
87624434.000000 4566068.000000 
100409034.000000 4031536.000000 
89266778.000000 4522112.000000 
80311368.000000 5588412.000000 
81440424.000000 5544096.000000 
85861276.000000 4797012.000000 
75216304.000000 7211892.000000 
76537302.000000 7199596.000000 
82640514.000000 5286334.000000 
79374924.000000 6166314.000000 
78444960.000000 6269956.000000 
79401368.000000 5592530.000000 
78638412.000000 6170054.000000 
77708336.000000 6273672.000000 
83293526.000000 5114132.000000 
77067868.000000 6286198.000000 
83286300.000000 5284848.000000 
71930322.000000 10073626.000000 
73256756.000000 8616166.000000 
74719396.000000 8603822.000000 

71284526.000000 7251144.000000 
72041800.000000 6660764.000000 
74555110.000000 5750082.000000 
89206510.000000 4546380.000000 
73864202.000000 6079630.000000 
92757504.000000 4464758.000000 
89968422.000000 4487800.000000 
75173766.000000 5433034.000000 
118927818.000000 3804712.000000 
100650944.000000 4009510.000000 
65793928.000000 7421674.000000 
80401168.000000 5387060.000000 
87445402.000000 5321050.000000 
88246924.000000 5256224.000000 
94134146.000000 4074868.000000 
68307208.000000 7334996.000000 
115860594.000000 3998158.000000 

66664380.000000 7640576.000000 
67966734.000000 7087720.000000 
66387870.000000 8440462.000000 
66284250.000000 8451806.000000 
66253462.000000 9803634.000000 
87456150.000000 5057966.000000 
70389084.000000 6181144.000000 
70791668.000000 6093732.000000 
74641390.000000 5262086.000000 
78624636.000000 5094692.000000 
64144520.000000 10636712.000000 
67135786.000000 7195456.000000 
90856542.000000 4819534.000000 
98143688.000000 4801342.000000 
98308460.000000 4800924.000000 
114880036.000000 4711032.000000 
89146726.000000 5002334.000000 
97030996.000000 4817062.000000 
99032224.000000 4750656.000000 
125141876.000000 4621884.000000 
117573880.000000 4697102.000000 
124432578.000000 4622318.000000 
114171838.000000 4722994.000000 
116864662.000000 4697540.000000 

84815032.000000 5513862.000000 
70525798.000000 6497322.000000 
70601976.000000 6361148.000000 
70677490.000000 6328040.000000 
108327196.000000 3926224.000000 
77513358.000000 6104042.000000 
79846584.000000 5743406.000000 
62452530.000000 10750396.000000 
85146500.000000 5308350.000000 
86729422.000000 5250698.000000 
79278872.000000 6037594.000000 
82424078.000000 5602384.000000 
91084162.000000 4422628.000000 
87194538.000000 4989432.000000 
102409252.000000 4343262.000000 
80419404.000000 5700770.000000 
69462594.000000 6871444.000000 
67015798.000000 6935768.000000 

67913978.000000 7560492.000000 
104294220.000000 4189372.000000 
99371660.000000 4339936.000000 
103494270.000000 4300610.000000 
76994522.000000 5872686.000000 
74175480.000000 6440576.000000 
85762694.000000 4852026.000000 
84456236.000000 5586194.000000 
106652376.000000 4038030.000000 
82985426.000000 5743948.000000 
83845552.000000 5671840.000000 
86687042.000000 4669902.000000 
95380294.000000 4387120.000000 

65820250.000000 7667940.000000 
64723008.000000 8911590.000000 
88024234.000000 4478204.000000 
96424132.000000 4357450.000000 
64957232.000000 8480282.000000 
66632044.000000 6342726.000000 
64283686.000000 9349900.000000 
64421802.000000 8962988.000000 
70526496.000000 6115984.000000 
66548448.000000 6762496.000000 
65877704.000000 7393274.000000 
112861810.000000 4154210.000000 
65737148.000000 8371454.000000 
80497876.000000 4573750.000000 
68959544.000000 6153100.000000 
72121842.000000 5360086.000000 
71327246.000000 5554972.000000 
71296470.000000 5564250.000000 

78122748.000000 7445660.000000 
74891834.000000 7835792.000000 
71936740.000000 8430416.000000 
70367844.000000 8879774.000000 
71458614.000000 8700516.000000 
79662062.000000 6875924.000000 
117249820.000000 3599162.000000 
91496056.000000 4649066.000000 
92191814.000000 4558302.000000 
90874732.000000 4778952.000000 
124090528.000000 3595182.000000 
89178166.000000 4788404.000000 
93538010.000000 4058378.000000 
94168596.000000 3983456.000000 
99903014.000000 3868512.000000 
73736360.000000 8210416.000000 
92507082.000000 4163544.000000 
90928366.000000 4660628.000000 
98007502.000000 3928374.000000 
97750106.000000 3983378.000000 
83475212.000000 5413264.000000 
86006640.000000 5069852.000000 
88059502.000000 4951652.000000 
80165574.000000 6187080.000000 

94990650.000000 4399740.000000 
87361678.000000 4906668.000000 
80572646.000000 4984632.000000 
82634800.000000 4932736.000000 
71684182.000000 5935772.000000 
66353454.000000 6022672.000000 
76761874.000000 5704408.000000 
75097304.000000 5927022.000000 
76057892.000000 5733528.000000 
100201534.000000 4092472.000000 
88951096.000000 4504002.000000 
88897234.000000 4730034.000000 
90506214.000000 4443852.000000 
95748474.000000 4240982.000000 
77885450.000000 5152574.000000 

76292210.000000 6443864.000000 
66347636.000000 6945736.000000 
76780202.000000 6109274.000000 
87742720.000000 4903328.000000 
91061846.000000 4278276.000000 
70561638.000000 6673424.000000 
63733824.000000 8767104.000000 
89640360.000000 4400606.000000 
82525660.000000 5753520.000000 
82687784.000000 5649986.000000 
83836360.000000 5496026.000000 
81421482.000000 5898850.000000 
83221382.000000 5583854.000000 
87285666.000000 5170708.000000 
87436970.000000 5127512.000000 
84972976.000000 5205850.000000 
89449090.000000 4862594.000000 
66171546.000000 7860080.000000 
75465760.000000 6496196.000000 

