105754916.000000 4656010.000000 
109122282.000000 4628394.000000 
92624004.000000 4856806.000000 
76844130.000000 7850466.000000 
101452256.000000 4746562.000000 
76600736.000000 8271962.000000 
85250652.000000 5967798.000000 
78773044.000000 6753316.000000 
81619622.000000 6153002.000000 
88200368.000000 5067566.000000 
68484826.000000 8326816.000000 
104196776.000000 4719992.000000 
81351624.000000 6613038.000000 
104317236.000000 4706194.000000 
85509170.000000 5403916.000000 

95363370.000000 4167880.000000 
87029756.000000 4737922.000000 
84232856.000000 4776992.000000 
73159770.000000 7226890.000000 
79268432.000000 5521818.000000 
92125058.000000 4667536.000000 
70247204.000000 8170344.000000 
71029862.000000 7438070.000000 
73192458.000000 6178344.000000 
78077984.000000 6083862.000000 
73708812.000000 6131580.000000 
69069382.000000 8564250.000000 
68974702.000000 8727064.000000 
73108488.000000 7335136.000000 
94399788.000000 4573154.000000 

78784228.000000 6141192.000000 
67502608.000000 9717262.000000 
67403286.000000 10102954.000000 
89314794.000000 4307112.000000 
116293116.000000 3345446.000000 
94166628.000000 3509884.000000 
92646320.000000 3540922.000000 
80722846.000000 5205158.000000 
90593716.000000 4107764.000000 
89324922.000000 4139018.000000 
83251560.000000 4529318.000000 
81909696.000000 4898664.000000 
72877482.000000 6276796.000000 
68370632.000000 7926796.000000 
67555262.000000 8118968.000000 
69729248.000000 7002428.000000 
69783232.000000 6763542.000000 
124669322.000000 3301636.000000 
115123186.000000 3436686.000000 
92104862.000000 3799354.000000 
91077794.000000 3912692.000000 
87417058.000000 4364274.000000 
87703290.000000 4329054.000000 
79574386.000000 5812362.000000 
79720354.000000 5407806.000000 
76765654.000000 6203008.000000 

118005470.000000 3468826.000000 
69123190.000000 5036330.000000 
71577050.000000 4630432.000000 
77396350.000000 4285348.000000 
77680316.000000 4101326.000000 
76784444.000000 4622238.000000 
82629838.000000 3644586.000000 
94979110.000000 3593490.000000 
109159688.000000 3592690.000000 
65323570.000000 9009132.000000 
113806666.000000 3560082.000000 
113899682.000000 3519498.000000 
93405582.000000 3612080.000000 
65419680.000000 8031210.000000 
65871690.000000 6837550.000000 
66944742.000000 6829842.000000 
67764618.000000 6237538.000000 
118902434.000000 3442382.000000 
112140986.000000 3581190.000000 

77029234.000000 5634356.000000 
97276168.000000 4012100.000000 
97832318.000000 3984762.000000 
74483170.000000 6215928.000000 
94689344.000000 4425764.000000 
94188670.000000 4458062.000000 
84626938.000000 4699448.000000 
84829608.000000 4504816.000000 
94864450.000000 4187376.000000 
111511096.000000 3776102.000000 
72154878.000000 6634706.000000 
71919714.000000 7386930.000000 
116496380.000000 3775214.000000 
119179144.000000 3684390.000000 
107618514.000000 3852502.000000 
106732736.000000 3879522.000000 
92003114.000000 4479454.000000 
81340508.000000 5068682.000000 
70126740.000000 13040968.000000 

83438242.000000 5282320.000000 
91424970.000000 4187896.000000 
86190718.000000 4334922.000000 
88062960.000000 4280050.000000 
87406118.000000 4330832.000000 
83625542.000000 5216734.000000 
66361350.000000 11483926.000000 
100220624.000000 4146830.000000 
83059710.000000 5434498.000000 
73457128.000000 5491870.000000 
82522840.000000 5448680.000000 
69230026.000000 7581208.000000 
84269400.000000 4890936.000000 
84076060.000000 5048218.000000 
73290808.000000 6368052.000000 

70210418.000000 8845604.000000 
83954610.000000 4725754.000000 
68419574.000000 8883766.000000 
71026278.000000 8755900.000000 
92086530.000000 4464170.000000 
89687248.000000 4649900.000000 
95491798.000000 4251390.000000 
107748648.000000 4097222.000000 
95400484.000000 4430292.000000 
67234944.000000 9524170.000000 
80378830.000000 5219192.000000 
74981030.000000 6049974.000000 
75405508.000000 5906398.000000 
72123722.000000 8462448.000000 
83160570.000000 5095742.000000 
83860342.000000 4952952.000000 
72384992.000000 6740440.000000 
75569642.000000 5418304.000000 
87283974.000000 4707116.000000 
85234350.000000 4724140.000000 

82309100.000000 3924942.000000 
72649164.000000 4838652.000000 
79763146.000000 4467198.000000 
77008106.000000 4523130.000000 
80434908.000000 4429796.000000 
66027214.000000 5119108.000000 
67325206.000000 5114766.000000 
67867730.000000 5005172.000000 
73478732.000000 4838070.000000 
73851532.000000 4612852.000000 
65243926.000000 8007668.000000 
65120796.000000 8157890.000000 
72139480.000000 4859978.000000 
68145740.000000 4890254.000000 
65334780.000000 5166428.000000 
68463778.000000 4881124.000000 
65996446.000000 5144010.000000 

70983216.000000 6669920.000000 
95091408.000000 4643026.000000 
67340094.000000 7758402.000000 
117078192.000000 4083750.000000 
110656524.000000 4264522.000000 
106649102.000000 4284438.000000 
74097600.000000 5817386.000000 
84860910.000000 5379028.000000 
63455926.000000 8539384.000000 
66641720.000000 8426126.000000 
103081808.000000 4449550.000000 
82723124.000000 5423480.000000 
63229750.000000 8564552.000000 
64403584.000000 8512482.000000 
66503056.000000 8462292.000000 
70019024.000000 6962262.000000 
69430702.000000 7593002.000000 
72259366.000000 5991894.000000 
70353200.000000 6789542.000000 
72181202.000000 6137502.000000 
79062836.000000 5575324.000000 
77733646.000000 5674258.000000 
97431204.000000 4480716.000000 
81349172.000000 5573302.000000 
88913324.000000 4682064.000000 
86022588.000000 4954846.000000 
85830512.000000 5376662.000000 
86833682.000000 4714212.000000 

94022606.000000 4360108.000000 
94564774.000000 4272242.000000 
92792924.000000 4407756.000000 
91030962.000000 4652572.000000 
99118100.000000 4099102.000000 
104569930.000000 3886464.000000 
78434026.000000 5263086.000000 
91053764.000000 4498686.000000 
89378424.000000 4653248.000000 
73222256.000000 6690924.000000 
98606474.000000 4142738.000000 
99491898.000000 4055210.000000 
86964006.000000 4878088.000000 
76214388.000000 6388726.000000 
88818946.000000 4667204.000000 
76916912.000000 5971234.000000 
66044028.000000 7264076.000000 
100443582.000000 3929000.000000 
84341298.000000 5015826.000000 
65747510.000000 7954374.000000 
64166158.000000 8131960.000000 
93975428.000000 4377532.000000 

99064604.000000 3585074.000000 
97848218.000000 3596266.000000 
72029024.000000 4188972.000000 
80403064.000000 3828046.000000 
80774524.000000 3810986.000000 
62831824.000000 7885926.000000 
114143002.000000 3442542.000000 
66288884.000000 5975844.000000 
67887926.000000 5790954.000000 
68301382.000000 5776690.000000 
69589970.000000 5531916.000000 
64062770.000000 7722616.000000 
62616928.000000 8265818.000000 

70243570.000000 9949920.000000 
75145496.000000 5633938.000000 
76342010.000000 4611810.000000 
79393358.000000 4483492.000000 
73140504.000000 5649134.000000 
72053592.000000 5665536.000000 
82578272.000000 4454008.000000 
84621828.000000 4352522.000000 

81074792.000000 4986058.000000 
77926004.000000 5636620.000000 
77076342.000000 6021468.000000 
76033332.000000 6239810.000000 
73687602.000000 6772984.000000 
71276188.000000 6773664.000000 
75705046.000000 6484998.000000 
75894798.000000 6345378.000000 
86631628.000000 4802402.000000 
88322820.000000 4273182.000000 
101247464.000000 3986858.000000 
94160242.000000 4152908.000000 
68394268.000000 11285356.000000 
86336664.000000 4966674.000000 
70199510.000000 7252162.000000 
74989768.000000 6531240.000000 
69857410.000000 9086194.000000 
69486588.000000 9245026.000000 
67669528.000000 11575800.000000 

68176312.000000 8915262.000000 
82860178.000000 5284926.000000 
85843148.000000 4951350.000000 
82944780.000000 5214670.000000 
101504658.000000 4223070.000000 
85252858.000000 5163308.000000 
76971032.000000 5886026.000000 
114108914.000000 3904076.000000 
104158142.000000 3978124.000000 
74504010.000000 5909006.000000 
97184008.000000 4345988.000000 
97523318.000000 4326848.000000 
89338440.000000 4422658.000000 
86696560.000000 4802138.000000 
87828500.000000 4624796.000000 
82409138.000000 5560450.000000 
78027848.000000 5850270.000000 
72365622.000000 6088704.000000 
71490304.000000 6884708.000000 
79874344.000000 5597802.000000 
79435398.000000 5755464.000000 
71081542.000000 7232596.000000 
75609754.000000 5895322.000000 
70545292.000000 8643144.000000 

82445100.000000 4638410.000000 
82227410.000000 4733992.000000 
80985724.000000 5016852.000000 
68670956.000000 6805568.000000 
74682154.000000 5362400.000000 
74659122.000000 6156954.000000 
79951846.000000 5181230.000000 
80740196.000000 5122722.000000 
80454374.000000 5130144.000000 
80077336.000000 5154184.000000 
82766618.000000 4624686.000000 
83458294.000000 4143592.000000 
79374114.000000 5338750.000000 

90145136.000000 4942200.000000 
105194822.000000 4342168.000000 
85482850.000000 5058778.000000 
84231208.000000 5214712.000000 
75416768.000000 5832454.000000 
78283476.000000 5475574.000000 
97035178.000000 4378242.000000 
66219234.000000 7874966.000000 
108134650.000000 3783132.000000 
107137184.000000 3855086.000000 
104764864.000000 4368678.000000 
106594052.000000 4241226.000000 
68622660.000000 7058342.000000 
70829714.000000 6868108.000000 
72258770.000000 6590032.000000 
75181884.000000 6325708.000000 
68229094.000000 7440344.000000 
90174576.000000 4457730.000000 

87411238.000000 4476864.000000 
75559446.000000 7702598.000000 
73716722.000000 7798324.000000 
73385904.000000 9324464.000000 
70561236.000000 11168974.000000 
84467038.000000 4956104.000000 
84363390.000000 4993424.000000 
80617284.000000 5582932.000000 
80870400.000000 5553620.000000 
81219804.000000 5199708.000000 
76557186.000000 5830950.000000 
78887440.000000 5597422.000000 
77613628.000000 5779756.000000 
77838322.000000 5695698.000000 

66590978.000000 7543362.000000 
68900128.000000 7146220.000000 
70948002.000000 6172396.000000 
73605558.000000 5427224.000000 
72096044.000000 5756168.000000 
79480728.000000 4714354.000000 
84168626.000000 3913614.000000 
88430618.000000 3702772.000000 
85966400.000000 3712516.000000 
80516664.000000 3915400.000000 
77903876.000000 4812592.000000 

82400584.000000 4730598.000000 
74443764.000000 5358224.000000 
72424854.000000 5463036.000000 
83655894.000000 4672918.000000 
79081746.000000 4948328.000000 
69884388.000000 5538142.000000 
105456570.000000 3874960.000000 
99746980.000000 4516292.000000 
99949802.000000 4092028.000000 
69495432.000000 6700472.000000 
69655552.000000 6602796.000000 
68256594.000000 10642546.000000 
68835782.000000 6738908.000000 

103234036.000000 3226948.000000 
117123600.000000 3158068.000000 
107464274.000000 3202646.000000 
73868240.000000 6183958.000000 
81958178.000000 4715720.000000 
79402132.000000 5630160.000000 
79744188.000000 5444670.000000 
75477478.000000 5834142.000000 
73140098.000000 6287750.000000 
84703950.000000 3503310.000000 
73081598.000000 7051158.000000 
102927744.000000 3409472.000000 

82468286.000000 4171774.000000 
94609012.000000 4121532.000000 
81339158.000000 4854574.000000 
77397706.000000 6008652.000000 
75596362.000000 6308006.000000 
76755968.000000 6095828.000000 
76650756.000000 6286826.000000 
81419454.000000 4836504.000000 
77638368.000000 5239074.000000 
78342820.000000 5236748.000000 
71641046.000000 6416164.000000 
67531074.000000 6530066.000000 
65571128.000000 7139316.000000 
65137828.000000 7336090.000000 
81924144.000000 4808706.000000 

69380144.000000 10275020.000000 
87807744.000000 4705338.000000 
70365054.000000 8007098.000000 
70336602.000000 9128182.000000 
69567158.000000 9788050.000000 
73662462.000000 7490988.000000 
73509072.000000 7496042.000000 
75891584.000000 5850160.000000 
75018038.000000 6289614.000000 
97385778.000000 4071916.000000 
79604608.000000 5195792.000000 
79228440.000000 5779796.000000 
95360990.000000 4443520.000000 
90404658.000000 4510276.000000 
89266778.000000 4522112.000000 
88660986.000000 4549362.000000 
95725562.000000 4417350.000000 
82545930.000000 4821486.000000 

74880372.000000 6122424.000000 
115073940.000000 3833746.000000 
73876666.000000 7048576.000000 
106828606.000000 3834248.000000 
82771278.000000 4994224.000000 
64116670.000000 8827500.000000 
78673038.000000 5732868.000000 
78536714.000000 5744296.000000 
79636634.000000 5619642.000000 
104077698.000000 3941356.000000 
120391796.000000 3721096.000000 
118927818.000000 3804712.000000 
83098290.000000 4926768.000000 
88732880.000000 4726072.000000 
85867540.000000 4807820.000000 
86216044.000000 4740366.000000 
94989252.000000 4038340.000000 
105793584.000000 3874946.000000 
98072174.000000 4004688.000000 
96819006.000000 4025894.000000 
79923874.000000 5490092.000000 
65793928.000000 7421674.000000 
94494194.000000 4614654.000000 
72861904.000000 7375162.000000 

66387870.000000 8440462.000000 
66284250.000000 8451806.000000 
94785338.000000 4529410.000000 
106655782.000000 4202996.000000 
99506866.000000 4271752.000000 
107008192.000000 4065524.000000 
67966734.000000 7087720.000000 
67559522.000000 8002490.000000 
97716366.000000 4376964.000000 
72957238.000000 6094194.000000 
84629966.000000 4915058.000000 
83808620.000000 4928064.000000 
88842230.000000 4678200.000000 
74641390.000000 5262086.000000 
77898456.000000 5203718.000000 
78800048.000000 5184586.000000 
72040572.000000 6853748.000000 
82099688.000000 5032408.000000 
97350900.000000 4399232.000000 
89084758.000000 4628382.000000 
86091824.000000 4865772.000000 
79718100.000000 5109720.000000 

63462134.000000 8879676.000000 
103395992.000000 3835598.000000 
98126562.000000 4101234.000000 
98049410.000000 4114646.000000 
95674098.000000 4225174.000000 
73255294.000000 6216666.000000 
75623088.000000 5816188.000000 
75504530.000000 5885780.000000 
75508964.000000 5877790.000000 
73007734.000000 6229436.000000 
72264752.000000 6629708.000000 
104466354.000000 3825828.000000 
101122426.000000 3870394.000000 
72294188.000000 6563000.000000 
86447718.000000 4765400.000000 
71314292.000000 6882138.000000 
70075280.000000 6913392.000000 
88884226.000000 4474822.000000 
90870338.000000 4265380.000000 
62737010.000000 9149186.000000 
67609474.000000 7487620.000000 
66060660.000000 7675000.000000 
68110122.000000 6917424.000000 
80538144.000000 4862380.000000 

98998952.000000 4659202.000000 
103552792.000000 4336788.000000 
72206936.000000 5691348.000000 
74003738.000000 5428948.000000 
76692082.000000 5385038.000000 
66307938.000000 7465286.000000 
85762694.000000 4852026.000000 
83859600.000000 5109846.000000 
99778600.000000 4648154.000000 
90431774.000000 4720260.000000 
89064884.000000 4848212.000000 
67578682.000000 6890676.000000 

65697366.000000 8714002.000000 
122343480.000000 3822730.000000 
68959544.000000 6153100.000000 
66632044.000000 6342726.000000 
111995242.000000 3923868.000000 
66255310.000000 8227788.000000 
78782652.000000 4162522.000000 
77307020.000000 5006676.000000 
78020964.000000 4501638.000000 
76267884.000000 5281404.000000 
75696794.000000 5327244.000000 
109852354.000000 4026960.000000 
68928772.000000 6162370.000000 
72091070.000000 5369356.000000 
71296470.000000 5564250.000000 

105884928.000000 3786922.000000 
82229364.000000 4920032.000000 
73915846.000000 6113192.000000 
68189152.000000 8896004.000000 
78280680.000000 5527474.000000 
73307966.000000 6268322.000000 
94868702.000000 4114742.000000 
97971692.000000 4048074.000000 
76007784.000000 6090008.000000 
76467878.000000 5987864.000000 
82929572.000000 4826020.000000 
69134126.000000 8866624.000000 
84077452.000000 4755724.000000 
69327192.000000 8075272.000000 
84731330.000000 4597706.000000 
88986958.000000 4334334.000000 
71168866.000000 7012952.000000 
80092204.000000 5462298.000000 
104442444.000000 4039550.000000 
93948206.000000 4271140.000000 
67582442.000000 9021900.000000 
88581340.000000 4385774.000000 

100641878.000000 3850680.000000 
83997754.000000 4488770.000000 
96613606.000000 3940124.000000 
84602520.000000 4386266.000000 
76572434.000000 5881802.000000 
77795700.000000 4899766.000000 
66211584.000000 6207952.000000 
70255098.000000 5932280.000000 
84596056.000000 4437286.000000 
94035834.000000 3960640.000000 
114619734.000000 3761952.000000 
76661806.000000 5212868.000000 
78421518.000000 4693744.000000 
80084854.000000 4563776.000000 
92244380.000000 4313320.000000 

89714530.000000 3979418.000000 
89795504.000000 3906230.000000 
84458608.000000 4318524.000000 
82630248.000000 4542600.000000 
66347636.000000 6945736.000000 
66849890.000000 6847064.000000 
71604702.000000 6249924.000000 
80900588.000000 5372864.000000 
72721516.000000 6096380.000000 
72416406.000000 6166944.000000 
71299588.000000 6320584.000000 
70561638.000000 6673424.000000 
70458644.000000 6714462.000000 
85355578.000000 4149508.000000 
86065500.000000 4094066.000000 
75574550.000000 5705786.000000 
75294618.000000 5924822.000000 
76552254.000000 5655362.000000 
96136564.000000 3766746.000000 
100294820.000000 3700712.000000 
69671594.000000 6797070.000000 

