58688742.000000 7249080.000000 
58171672.000000 7357634.000000 
68367270.000000 5037808.000000 
71393518.000000 4897280.000000 
83307604.000000 4712916.000000 
88549964.000000 4678426.000000 
68491566.000000 5017482.000000 
65418150.000000 5282104.000000 
67947982.000000 5060756.000000 
66844014.000000 5130884.000000 
66338560.000000 5253642.000000 
64900048.000000 5388038.000000 
63468106.000000 5531020.000000 
74705194.000000 4736136.000000 
71357238.000000 4938764.000000 
88266430.000000 4692722.000000 
73227144.000000 4844312.000000 
73853348.000000 4824112.000000 
83024154.000000 4728272.000000 
58484844.000000 7261704.000000 
71690876.000000 4869976.000000 
57936646.000000 7362588.000000 
58691272.000000 7225412.000000 
90697616.000000 4667010.000000 
62761388.000000 5653876.000000 
61334586.000000 5803066.000000 
60350818.000000 6084636.000000 
67923532.000000 5121070.000000 
69340752.000000 4998906.000000 
64832564.000000 5509072.000000 
94729426.000000 4625172.000000 
55306518.000000 8515668.000000 
55004816.000000 8824736.000000 
56843162.000000 7478186.000000 
57299446.000000 7425534.000000 
55983614.000000 7594288.000000 
56479338.000000 7493518.000000 
57339442.000000 7377416.000000 
55705244.000000 7907682.000000 
60161986.000000 6622960.000000 
59965526.000000 6653546.000000 
58939050.000000 6731468.000000 
59143742.000000 6706790.000000 
98493832.000000 4616704.000000 

78807948.000000 4771830.000000 
81049044.000000 4476048.000000 
79063476.000000 4738864.000000 
78051416.000000 4916812.000000 
77251802.000000 5021026.000000 
88814894.000000 4368964.000000 
68928864.000000 5618590.000000 
68059478.000000 5692264.000000 
67779238.000000 5695428.000000 
72035254.000000 5148834.000000 
71657104.000000 5179810.000000 
68954842.000000 5552668.000000 
69263750.000000 5549368.000000 
79995020.000000 4621644.000000 
72712828.000000 5125618.000000 
66770538.000000 6093786.000000 
61160330.000000 7878398.000000 
63874680.000000 6195196.000000 
67508256.000000 5995216.000000 
64549896.000000 6095892.000000 
63497214.000000 6242526.000000 
69889646.000000 5526326.000000 
68705802.000000 5669250.000000 
64164666.000000 6099184.000000 
63140652.000000 6245682.000000 
62830238.000000 6341666.000000 
61462208.000000 7613400.000000 
59450378.000000 8087274.000000 
68425562.000000 5672414.000000 
67124594.000000 5998528.000000 
60480108.000000 7963472.000000 
60784616.000000 7922816.000000 
59775314.000000 8046646.000000 
61801966.000000 7516782.000000 
69580738.000000 5529626.000000 
86152326.000000 4454626.000000 

72472084.000000 4083558.000000 
78147612.000000 3837866.000000 
78175696.000000 3818146.000000 
69463006.000000 4471212.000000 
76226884.000000 3871528.000000 
76278674.000000 3851898.000000 
78569644.000000 3712902.000000 
78780960.000000 3634560.000000 
82221532.000000 3582886.000000 
71910328.000000 4225812.000000 
64775048.000000 4826454.000000 
65090034.000000 4713852.000000 
65914952.000000 4656748.000000 
64886918.000000 4799396.000000 
66963896.000000 4617052.000000 
67163670.000000 4531436.000000 
68042990.000000 4475202.000000 
83763470.000000 3526360.000000 
59054828.000000 6235820.000000 
70345480.000000 4367934.000000 
61017564.000000 5973892.000000 
89106290.000000 3451808.000000 
72356342.000000 4175312.000000 
71104898.000000 4280956.000000 
70501986.000000 4328746.000000 
73290772.000000 3965424.000000 
69699968.000000 4383892.000000 
72485342.000000 4020568.000000 
62382898.000000 5456976.000000 
62739724.000000 5272418.000000 
60263860.000000 6034696.000000 
62456582.000000 5306884.000000 
61649198.000000 5641508.000000 
61607616.000000 5719470.000000 
61904712.000000 5635056.000000 
61970140.000000 5610524.000000 
62867894.000000 5068244.000000 
62007544.000000 5576526.000000 
63281012.000000 4955650.000000 
62381602.000000 5533048.000000 
61114482.000000 5820074.000000 
60650560.000000 5995366.000000 
64089922.000000 4936680.000000 
58724650.000000 6276864.000000 
58265830.000000 6323892.000000 
58113448.000000 6334606.000000 
58900914.000000 6241342.000000 
58445364.000000 6294272.000000 
57952230.000000 6395182.000000 
57620314.000000 6435516.000000 
58570736.000000 6282386.000000 
58103548.000000 6384392.000000 
60692266.000000 5991974.000000 
55863656.000000 6745758.000000 
57771632.000000 6424726.000000 
55531740.000000 6786092.000000 
55521964.000000 6834414.000000 
55684242.000000 6774478.000000 
55038610.000000 6886438.000000 
53672150.000000 7172446.000000 
55370526.000000 6846104.000000 
54206940.000000 7072150.000000 
54310098.000000 7051224.000000 
53774244.000000 7151444.000000 
59707518.000000 6135600.000000 
55190048.000000 6874748.000000 
53938212.000000 7131616.000000 
54474066.000000 7031396.000000 
57088828.000000 6498572.000000 
59634492.000000 6161286.000000 
60190834.000000 6060382.000000 
56987122.000000 6524634.000000 
56906124.000000 6579964.000000 
56742152.000000 6599792.000000 
56477736.000000 6686150.000000 
56641510.000000 6625930.000000 
56147558.000000 6727194.000000 
64106170.000000 4897916.000000 
56323702.000000 6692572.000000 
55993524.000000 6733616.000000 
57252800.000000 6478744.000000 

62192136.000000 5138440.000000 
62800304.000000 5108150.000000 
70931390.000000 4389684.000000 
70859758.000000 4413554.000000 
64414634.000000 4882226.000000 
64690762.000000 4878046.000000 
64117054.000000 4919746.000000 
64393182.000000 4915516.000000 
65148542.000000 4874358.000000 
58958070.000000 5936998.000000 
59160608.000000 5915502.000000 
60477096.000000 5456172.000000 
66736000.000000 4627234.000000 
67340024.000000 4596506.000000 
69839826.000000 4451846.000000 
59594624.000000 5531232.000000 
59717346.000000 5497154.000000 
69580976.000000 4517554.000000 
66460564.000000 4633736.000000 
67064592.000000 4602998.000000 
66261116.000000 4671264.000000 
61874750.000000 5229072.000000 
59892450.000000 5493500.000000 
60015172.000000 5459422.000000 
58198294.000000 5978070.000000 
70823408.000000 4424116.000000 
76989592.000000 3790544.000000 
69688946.000000 4483000.000000 
74140590.000000 4153802.000000 
75302256.000000 4087404.000000 
61740316.000000 5264134.000000 
58990346.000000 5918864.000000 
58496160.000000 5940346.000000 
62074444.000000 5191332.000000 
61940010.000000 5226394.000000 
55844374.000000 7209894.000000 
57240764.000000 6763476.000000 
56338516.000000 7187916.000000 
57363570.000000 6729902.000000 
78151258.000000 3724146.000000 
56968206.000000 7061830.000000 
56474020.000000 7083654.000000 
70751776.000000 4448036.000000 
72424690.000000 4219860.000000 
72532660.000000 4185306.000000 
72690364.000000 4154156.000000 
112140986.000000 3581190.000000 
88409870.000000 3592002.000000 

69381618.000000 5036826.000000 
65403706.000000 5279616.000000 
69746768.000000 4979320.000000 
69460342.000000 4982082.000000 
69095192.000000 5039588.000000 
68385612.000000 5086642.000000 
72272738.000000 4707966.000000 
68467168.000000 5043526.000000 
67978040.000000 5127660.000000 
62828370.000000 5506290.000000 
62709910.000000 5506358.000000 
67511998.000000 5151416.000000 
72232704.000000 4710684.000000 
65718538.000000 5256636.000000 
72329764.000000 4587986.000000 
72616170.000000 4585220.000000 
70236294.000000 4735268.000000 
67483710.000000 5203580.000000 
70276328.000000 4732754.000000 
63808850.000000 5289860.000000 
63415678.000000 5398780.000000 
64010862.000000 5287154.000000 
63213666.000000 5401486.000000 
66331750.000000 5215150.000000 
61216576.000000 5827032.000000 
61175460.000000 5868444.000000 
61418608.000000 5824330.000000 
60973428.000000 5871146.000000 
60722246.000000 5938434.000000 
60924278.000000 5935732.000000 
60647408.000000 5980174.000000 
60445376.000000 5982876.000000 
89172120.000000 3989420.000000 
92389286.000000 3898368.000000 
86598664.000000 4053130.000000 
95927372.000000 3809024.000000 
87072272.000000 4008998.000000 
62375188.000000 5726468.000000 
88096936.000000 4003434.000000 
89679604.000000 3927008.000000 
74539774.000000 4460544.000000 
62366962.000000 5735926.000000 
95278984.000000 3817990.000000 
58902908.000000 6141332.000000 
98364124.000000 3798744.000000 
77746898.000000 4184630.000000 
58910852.000000 6131874.000000 
58626546.000000 6187524.000000 
62687330.000000 5725794.000000 
98763604.000000 3793694.000000 
58314436.000000 6188178.000000 
79323748.000000 4113760.000000 
58306210.000000 6197636.000000 
102087806.000000 3793292.000000 
56766038.000000 6609608.000000 
78527360.000000 4173302.000000 
76733704.000000 4195654.000000 
74844516.000000 4381224.000000 
59172834.000000 6109160.000000 
56537284.000000 6610328.000000 
58936120.000000 6119348.000000 
58944064.000000 6109890.000000 
57537442.000000 6341726.000000 
57545134.000000 6332462.000000 
57223662.000000 6442622.000000 
57773878.000000 6331692.000000 
56529058.000000 6619786.000000 
56010338.000000 6742612.000000 
55773918.000000 6752636.000000 
55426400.000000 6853870.000000 
55781610.000000 6743372.000000 
73060684.000000 4504016.000000 
73661556.000000 4462552.000000 
56986944.000000 6452656.000000 
56994918.000000 6443392.000000 
55189698.000000 6863894.000000 
55197672.000000 6854630.000000 
75255390.000000 4345894.000000 
75739904.000000 4256546.000000 
54854624.000000 7247730.000000 
54968644.000000 7237114.000000 
54864890.000000 7237772.000000 

54952046.000000 8166214.000000 
55423912.000000 7904580.000000 
54974542.000000 8131292.000000 
58496160.000000 5940346.000000 
54105528.000000 8462852.000000 
53027236.000000 8974918.000000 
59594624.000000 5531232.000000 
51341722.000000 10924900.000000 
51597428.000000 9570486.000000 
50954698.000000 10947454.000000 
53539160.000000 8563106.000000 
51417866.000000 9583606.000000 
59377498.000000 5578448.000000 
58940938.000000 5678164.000000 
55306092.000000 7916486.000000 
54468006.000000 8370390.000000 
52582980.000000 9108596.000000 
50512536.000000 11485408.000000 
52016488.000000 9208850.000000 
55072196.000000 7929634.000000 
54708180.000000 8283070.000000 
53925966.000000 8475972.000000 
51836926.000000 9221970.000000 
52403418.000000 9121716.000000 
52847674.000000 8988038.000000 
53359598.000000 8576226.000000 
58198294.000000 5978070.000000 
54141704.000000 8383514.000000 
58167146.000000 6367508.000000 
57240764.000000 6763476.000000 
55844374.000000 7209894.000000 
55515306.000000 7637650.000000 
57869280.000000 6405448.000000 
76582782.000000 4250596.000000 
76979898.000000 4228784.000000 
76624412.000000 4245128.000000 
77021528.000000 4223316.000000 
74962700.000000 4303190.000000 
74920008.000000 4308758.000000 
74428404.000000 4349648.000000 
74471096.000000 4344080.000000 
65945984.000000 4715168.000000 
82055272.000000 4065824.000000 
69920548.000000 4430588.000000 
64604920.000000 4864662.000000 
66286906.000000 4709112.000000 
61810654.000000 5042154.000000 
65711836.000000 4742292.000000 
67529146.000000 4557288.000000 
66601886.000000 4596492.000000 
62147978.000000 5025554.000000 
65018032.000000 4752050.000000 
62148942.000000 4942402.000000 
59717346.000000 5497154.000000 
64106170.000000 4897916.000000 
64089922.000000 4936680.000000 
59877114.000000 5198172.000000 
56338516.000000 7187916.000000 
60313534.000000 5098428.000000 
57363570.000000 6729902.000000 
64886918.000000 4799396.000000 

66548780.000000 4759742.000000 
68556032.000000 4703882.000000 
62553210.000000 5004910.000000 
65049790.000000 4849804.000000 
64777142.000000 4882480.000000 
67760388.000000 4712334.000000 
65753628.000000 4767670.000000 
64215818.000000 4958368.000000 
63834520.000000 4965944.000000 
64540834.000000 4928536.000000 
70984536.000000 4542080.000000 
70424006.000000 4639622.000000 
61595166.000000 5122482.000000 
70162656.000000 4657408.000000 
71385346.000000 4534882.000000 
69251284.000000 4688580.000000 
63083202.000000 4999094.000000 
69503332.000000 4679366.000000 
70027708.000000 4658000.000000 
62287526.000000 5008166.000000 
70860692.000000 4556248.000000 
56391360.000000 5958346.000000 
71509190.000000 4520714.000000 
59638630.000000 5755668.000000 
69638280.000000 4678774.000000 
67412976.000000 4741736.000000 
70555542.000000 4639028.000000 
72272714.000000 4517370.000000 
55364228.000000 6283384.000000 
53602434.000000 8646218.000000 
61986610.000000 5096374.000000 
55435790.000000 6263532.000000 
54206940.000000 7072150.000000 
55433842.000000 6274168.000000 
57458848.000000 5943478.000000 
57714528.000000 5910552.000000 
55611590.000000 6012548.000000 
55867270.000000 5979622.000000 
53672150.000000 7172446.000000 
54868092.000000 6295394.000000 
54667980.000000 6972750.000000 
54870040.000000 6284758.000000 
54798478.000000 6304610.000000 
54683368.000000 6939466.000000 
64007652.000000 4964678.000000 
61018120.000000 5396066.000000 
60237282.000000 5450288.000000 
59075318.000000 5777090.000000 
54474066.000000 7031396.000000 
54310098.000000 7051224.000000 
53938212.000000 7131616.000000 
53774244.000000 7151444.000000 
60492962.000000 5417362.000000 
61071076.000000 5143656.000000 
58765284.000000 5811698.000000 
59210206.000000 5759076.000000 
58770644.000000 5801064.000000 
58201976.000000 5833126.000000 
58207336.000000 5822492.000000 
59927846.000000 5477326.000000 
59675578.000000 5510254.000000 

60997288.000000 9101892.000000 
61443398.000000 9039396.000000 
66443046.000000 4451012.000000 
66945304.000000 4348686.000000 
67616496.000000 4181308.000000 
67151176.000000 4202438.000000 
65826690.000000 4528452.000000 
65953506.000000 4472028.000000 
61420160.000000 9049618.000000 
66654292.000000 4449124.000000 
60974050.000000 9112114.000000 
67696410.000000 4176716.000000 
66164752.000000 4470140.000000 
64405884.000000 4644028.000000 
62165312.000000 7828900.000000 
62088678.000000 7881666.000000 
61650872.000000 8180948.000000 
63087864.000000 4996418.000000 
63873014.000000 4717922.000000 
63935956.000000 4665284.000000 
63398326.000000 4926996.000000 
62386270.000000 6855572.000000 
62597230.000000 5017646.000000 
62363034.000000 6865780.000000 
67231090.000000 4197846.000000 

60698970.000000 5196474.000000 
65826690.000000 4528452.000000 
66945304.000000 4348686.000000 
65953506.000000 4472028.000000 
59884342.000000 5258116.000000 
67151176.000000 4202438.000000 
67231090.000000 4197846.000000 
60792540.000000 5184806.000000 
61615362.000000 5124414.000000 
61144366.000000 5145588.000000 
59977912.000000 5246302.000000 
58286970.000000 5525372.000000 
63087864.000000 4996418.000000 
66164752.000000 4470140.000000 
62597230.000000 5017646.000000 
63873014.000000 4717922.000000 
56225724.000000 7094992.000000 
55752458.000000 7195354.000000 
56241010.000000 6395420.000000 
55749252.000000 7577416.000000 
57049238.000000 5644534.000000 
63935956.000000 4665284.000000 
56752870.000000 6310592.000000 
63398326.000000 4926996.000000 
59510426.000000 5267658.000000 
55394086.000000 7800102.000000 
60231484.000000 5217830.000000 
60325054.000000 5206162.000000 
57010168.000000 6290390.000000 
59416856.000000 5279472.000000 
56938750.000000 6291818.000000 
56233288.000000 7031470.000000 
56252158.000000 6331970.000000 
56509456.000000 6311768.000000 
55959230.000000 7111700.000000 
55763536.000000 7131918.000000 
55405112.000000 7766770.000000 
55498916.000000 7755186.000000 
54952046.000000 8166214.000000 
57820556.000000 5546612.000000 
55306092.000000 7916486.000000 
57943324.000000 5545496.000000 
58193400.000000 5537332.000000 
57476910.000000 5566736.000000 
57383340.000000 5578696.000000 
57726986.000000 5558572.000000 
54974542.000000 8131292.000000 
55072196.000000 7929634.000000 
55556390.000000 7684106.000000 
54105528.000000 8462852.000000 
53027236.000000 8974918.000000 
51597428.000000 9570486.000000 
53925966.000000 8475972.000000 
53539160.000000 8563106.000000 
53359598.000000 8576226.000000 
52847674.000000 8988038.000000 
51417866.000000 9583606.000000 
52016488.000000 9208850.000000 
51836926.000000 9221970.000000 
52403418.000000 9121716.000000 
52582980.000000 9108596.000000 
54708180.000000 8283070.000000 
54468006.000000 8370390.000000 
54141704.000000 8383514.000000 

85042370.000000 3386332.000000 
76868412.000000 4281930.000000 
93737914.000000 3323862.000000 
78517128.000000 3760252.000000 
80340672.000000 3589672.000000 
77621558.000000 3809344.000000 
79597258.000000 3625426.000000 
84442088.000000 3439202.000000 
93679726.000000 3362742.000000 
54757980.000000 8164310.000000 
55300816.000000 7838370.000000 
55411128.000000 7690178.000000 
71580930.000000 4967764.000000 
70893550.000000 5026604.000000 
71499706.000000 5017278.000000 
77029080.000000 4094810.000000 
76169010.000000 4323452.000000 
75333062.000000 4346568.000000 
76228380.000000 4294614.000000 
68352260.000000 5063518.000000 
70516930.000000 5029658.000000 
68174900.000000 5067996.000000 
70137710.000000 5053366.000000 
67574962.000000 5086420.000000 
73018708.000000 4682106.000000 
74832016.000000 4511724.000000 
74081778.000000 4547526.000000 
60598096.000000 5753546.000000 
60462622.000000 5821498.000000 
65144036.000000 5320406.000000 
61073710.000000 5700472.000000 
65054744.000000 5387448.000000 
65281658.000000 5252126.000000 
65755722.000000 5199042.000000 
60047414.000000 5833088.000000 
62612248.000000 5389720.000000 
67534636.000000 5162556.000000 
72119480.000000 4731268.000000 
53685822.000000 9186694.000000 
55941972.000000 6412548.000000 
54304294.000000 9141762.000000 
55468988.000000 6512910.000000 
53226548.000000 9379632.000000 
71677202.000000 4906482.000000 
62237278.000000 5508116.000000 
57941150.000000 5888810.000000 
56380548.000000 6371212.000000 
57557200.000000 5999348.000000 
57645528.000000 5957992.000000 
61838818.000000 5582712.000000 
62315558.000000 5458922.000000 
61541568.000000 5652010.000000 

78310914.000000 4113984.000000 
68228098.000000 5478594.000000 
88415072.000000 3777698.000000 
88056450.000000 3838338.000000 
73502760.000000 4275456.000000 
65419230.000000 5522602.000000 
87829144.000000 3875374.000000 
70743384.000000 4436246.000000 
77552530.000000 4155780.000000 
78082704.000000 4151636.000000 
88187766.000000 3814734.000000 
76269430.000000 4259278.000000 
65187638.000000 5598564.000000 
64731410.000000 5836922.000000 
58412370.000000 6668964.000000 
59982164.000000 6570080.000000 
64648760.000000 5876888.000000 
62855050.000000 6328372.000000 
61930804.000000 6426556.000000 
61826294.000000 6427086.000000 
65219536.000000 5560414.000000 
65155576.000000 5601016.000000 
64987944.000000 5636376.000000 
64911972.000000 5676802.000000 
64838542.000000 5727740.000000 
68028404.000000 5516406.000000 
63227482.000000 5878354.000000 
68230932.000000 5441152.000000 
62929656.000000 5916158.000000 
62865396.000000 5955600.000000 
68154492.000000 5481726.000000 
59878394.000000 6570748.000000 
62450150.000000 6329610.000000 
59819418.000000 6584108.000000 
59829412.000000 6574672.000000 
57215826.000000 6759340.000000 
56769382.000000 6869326.000000 
55552580.000000 7126132.000000 
54457882.000000 7602394.000000 
57319596.000000 6758672.000000 
55448826.000000 7126790.000000 
56665612.000000 6869994.000000 
54968644.000000 7237114.000000 
54489076.000000 7601736.000000 
54447616.000000 7612060.000000 
56655346.000000 6879952.000000 
57205842.000000 6769298.000000 
54864890.000000 7237772.000000 
54854624.000000 7247730.000000 
55438842.000000 7136748.000000 
73216250.000000 4353682.000000 
62345640.000000 6330140.000000 
70195296.000000 4633280.000000 
77324696.000000 4193428.000000 
60528076.000000 6533212.000000 
61323958.000000 6469456.000000 
61045164.000000 6473392.000000 
85748502.000000 3956920.000000 
73074260.000000 4396132.000000 
70118086.000000 4672162.000000 
59673426.000000 6638318.000000 
70246406.000000 4597970.000000 
57954762.000000 6754950.000000 
73274550.000000 4313108.000000 
60425448.000000 6533796.000000 
61220268.000000 6470140.000000 
70456970.000000 4514412.000000 
59570798.000000 6638902.000000 
60368592.000000 6534922.000000 
70515174.000000 4473898.000000 
70316622.000000 4557632.000000 
68353180.000000 4866828.000000 
68411684.000000 4827474.000000 
68738026.000000 4789830.000000 
59537096.000000 6644444.000000 
58410904.000000 6686260.000000 
58400920.000000 6696218.000000 
60941474.000000 6474076.000000 
57851072.000000 6755634.000000 
60931480.000000 6483512.000000 

59888382.000000 7039708.000000 
68710992.000000 4830970.000000 
68426388.000000 4893778.000000 
57931116.000000 8105172.000000 
59788176.000000 7073368.000000 
59607476.000000 7137524.000000 
59707674.000000 7103836.000000 
58378306.000000 7368942.000000 
58560064.000000 7360968.000000 
58157110.000000 7389742.000000 
58338888.000000 7381838.000000 
59990182.000000 6817076.000000 
60494056.000000 6535466.000000 
61441404.000000 5895068.000000 
61957032.000000 5714300.000000 
62561424.000000 5435926.000000 
64309676.000000 5123194.000000 
64098826.000000 5185930.000000 
62309536.000000 5708748.000000 
62773368.000000 5373286.000000 
60207972.000000 6700692.000000 
60758528.000000 6142778.000000 
68446986.000000 4842370.000000 
70487064.000000 4825484.000000 
68172806.000000 4911436.000000 
77574568.000000 4649370.000000 

71153148.000000 4208196.000000 
68521366.000000 4315254.000000 
55813856.000000 7953998.000000 
61613806.000000 5565038.000000 
55882192.000000 7808564.000000 
55809220.000000 8018778.000000 
63216832.000000 4735294.000000 
60095620.000000 5572582.000000 
63102730.000000 5187864.000000 
55339056.000000 8118492.000000 
53873092.000000 9321436.000000 
68154874.000000 4379320.000000 
65859536.000000 4575082.000000 
66363480.000000 4553688.000000 
63731714.000000 4660752.000000 
59598452.000000 5597982.000000 
63227770.000000 4682146.000000 
62785222.000000 5533956.000000 
70786656.000000 4272262.000000 
54503264.000000 9110272.000000 
57950020.000000 5625540.000000 
55855276.000000 7907410.000000 
55179394.000000 8284604.000000 
54740712.000000 8854764.000000 
54504250.000000 9070508.000000 
54038650.000000 9170446.000000 
53577638.000000 9362674.000000 
56890506.000000 5641062.000000 
56386562.000000 5662354.000000 
55993746.000000 6472644.000000 
55932696.000000 7476168.000000 

76379134.000000 5828496.000000 
67011618.000000 6888756.000000 
71714578.000000 5958910.000000 
71334752.000000 6004062.000000 
74131318.000000 5832642.000000 
66242686.000000 6934322.000000 
86618516.000000 4921850.000000 
63150898.000000 8048980.000000 
64576614.000000 7204060.000000 
69668662.000000 6274628.000000 
69614788.000000 6636880.000000 
87087138.000000 4670286.000000 
95156690.000000 4064594.000000 
83582884.000000 5229784.000000 
89210748.000000 4491750.000000 
80755934.000000 5612178.000000 
82879568.000000 5434444.000000 
85706518.000000 5051438.000000 
83499592.000000 5405484.000000 
81375402.000000 5583218.000000 

80123308.000000 4359934.000000 
72817510.000000 5060578.000000 
72816876.000000 5080732.000000 
76797694.000000 4407880.000000 
76871274.000000 4387810.000000 
74358000.000000 4625022.000000 
74243000.000000 4645054.000000 
82492352.000000 4226058.000000 
83311070.000000 4122082.000000 
66461694.000000 6856680.000000 
70448820.000000 5151392.000000 
66027944.000000 7050960.000000 
65774158.000000 7070458.000000 
70090790.000000 5233750.000000 
67905376.000000 6068670.000000 
70269602.000000 5162780.000000 
70241790.000000 5182912.000000 
70062982.000000 5253876.000000 
67752758.000000 6100036.000000 
68673058.000000 5530686.000000 
68527534.000000 5541892.000000 
68499730.000000 5562016.000000 
68359818.000000 5691942.000000 
68387626.000000 5671812.000000 
67759852.000000 6079876.000000 
66378284.000000 6993968.000000 
64935272.000000 7599852.000000 
65080796.000000 7588646.000000 
63740348.000000 8137416.000000 
63815476.000000 7870266.000000 
63994636.000000 7858698.000000 
65707580.000000 7357526.000000 
65528334.000000 7369060.000000 
66705384.000000 6475068.000000 
66884630.000000 6463534.000000 
82288906.000000 4271280.000000 
115935610.000000 4094692.000000 

89701788.000000 3733418.000000 
90297164.000000 3654526.000000 
60670136.000000 5584728.000000 
67641318.000000 4401502.000000 
69614774.000000 4183728.000000 
85167444.000000 3785544.000000 
79439712.000000 3853866.000000 
59530400.000000 5945682.000000 
59232534.000000 5983406.000000 
60252520.000000 5697020.000000 
63748054.000000 5046822.000000 
61090464.000000 5512280.000000 
77496604.000000 3920952.000000 
75705694.000000 4129050.000000 
64374770.000000 4999910.000000 
60792638.000000 5550012.000000 
64576066.000000 4996048.000000 
64221306.000000 5035994.000000 
75889780.000000 4076740.000000 
75280956.000000 4137752.000000 
62190686.000000 5256742.000000 
63393294.000000 5086768.000000 
77227476.000000 4070668.000000 
73840718.000000 4160564.000000 
67671980.000000 4390640.000000 
78139150.000000 3859612.000000 
80078748.000000 3792344.000000 
59198600.000000 6075368.000000 
58701288.000000 6097488.000000 
60374226.000000 5662768.000000 
58403416.000000 6135194.000000 
60076394.000000 5700482.000000 
59954688.000000 5734734.000000 
64020004.000000 5039838.000000 
61289382.000000 5375262.000000 
65158326.000000 4836074.000000 
65697452.000000 4544286.000000 
65357196.000000 4584100.000000 
63315468.000000 5126442.000000 
62473422.000000 5213360.000000 
61520964.000000 5316870.000000 
62813924.000000 5173334.000000 
61861220.000000 5277056.000000 
64354230.000000 5011786.000000 
57223662.000000 6442622.000000 
57773878.000000 6331692.000000 
57545134.000000 6332462.000000 
56766038.000000 6609608.000000 
56994918.000000 6443392.000000 
57537442.000000 6341726.000000 
55781610.000000 6743372.000000 
56537284.000000 6610328.000000 
56010338.000000 6742612.000000 
55426400.000000 6853870.000000 
56529058.000000 6619786.000000 
55773918.000000 6752636.000000 
55197672.000000 6854630.000000 
55189698.000000 6863894.000000 
58393728.000000 6220820.000000 
56986944.000000 6452656.000000 
58385502.000000 6230278.000000 
54447616.000000 7612060.000000 
54489076.000000 7601736.000000 
54457882.000000 7602394.000000 
54662378.000000 7219090.000000 
54654404.000000 7228062.000000 
54818546.000000 7218330.000000 

75157908.000000 4326672.000000 
72523214.000000 4412272.000000 
72747328.000000 4384020.000000 
72295962.000000 4576454.000000 
72395078.000000 4548154.000000 
72049784.000000 4624510.000000 
75011980.000000 4368388.000000 
56737610.000000 8799220.000000 
68275812.000000 5101490.000000 
57387828.000000 7967234.000000 
62106404.000000 5364216.000000 
70185060.000000 4727908.000000 
71178746.000000 4630316.000000 
57447710.000000 7883752.000000 
57977428.000000 7412664.000000 
57486544.000000 7436082.000000 
59444680.000000 6937132.000000 
56836396.000000 8314198.000000 
57326940.000000 8291188.000000 
80004496.000000 4219484.000000 
63996686.000000 5348908.000000 
58906526.000000 7066840.000000 
59807722.000000 5807826.000000 
68224664.000000 5181832.000000 
64259818.000000 5292080.000000 
60297446.000000 5682868.000000 
59725984.000000 6195432.000000 
59622412.000000 6356856.000000 
80155488.000000 4204752.000000 
66321996.000000 5252880.000000 
61411072.000000 5367690.000000 
68501216.000000 4758332.000000 
60850476.000000 5404164.000000 
60341214.000000 5543114.000000 
60685032.000000 5446236.000000 

66381456.000000 5653646.000000 
66137250.000000 5668000.000000 
66725898.000000 5620306.000000 
66515414.000000 5634332.000000 
65983158.000000 5671818.000000 
65564794.000000 5687272.000000 
65563228.000000 5705942.000000 
67574188.000000 5257442.000000 
67186530.000000 5357154.000000 
69402632.000000 5186192.000000 
69076066.000000 5246930.000000 
82315520.000000 4513022.000000 
77561142.000000 4563266.000000 
67038868.000000 5597494.000000 
66694410.000000 5630844.000000 
66828664.000000 5612500.000000 
58723016.000000 7345262.000000 
66450484.000000 5646178.000000 
57964606.000000 7753852.000000 
58094102.000000 7741528.000000 
59553970.000000 7232524.000000 
59112040.000000 7303154.000000 
58879082.000000 7339484.000000 
58473514.000000 7503512.000000 
58378004.000000 7572972.000000 
57936262.000000 7782418.000000 
57806766.000000 7794742.000000 
54899322.000000 9110030.000000 
54681348.000000 9193236.000000 
56776402.000000 8064500.000000 
59376154.000000 7273862.000000 
58687520.000000 7380702.000000 
58531454.000000 7386480.000000 
57524268.000000 7914846.000000 
54902666.000000 9029916.000000 
55083992.000000 8988560.000000 
55640680.000000 8960410.000000 
56182206.000000 8347542.000000 
56034602.000000 8388570.000000 
70304338.000000 5059610.000000 
69978240.000000 5144522.000000 
56779818.000000 7983612.000000 
56961144.000000 7942256.000000 
54828952.000000 9152208.000000 
56721800.000000 8101570.000000 
56623850.000000 8168766.000000 
73506198.000000 4634318.000000 
70126700.000000 5073228.000000 
69800590.000000 5157950.000000 
73180100.000000 4719230.000000 
71104912.000000 4850250.000000 
71431010.000000 4765338.000000 
65115772.000000 5816390.000000 
65146794.000000 5797832.000000 
65426952.000000 5725572.000000 
84923256.000000 4449924.000000 
86121676.000000 4352438.000000 
67057772.000000 5362736.000000 
67445430.000000 5263024.000000 
87796104.000000 4304224.000000 
61698280.000000 5951766.000000 
59787334.000000 6636480.000000 
60353952.000000 6528074.000000 
59790778.000000 6555396.000000 
61542226.000000 5957460.000000 
88619204.000000 4262568.000000 
103634088.000000 4230514.000000 

56211930.000000 12059224.000000 
56434416.000000 8528116.000000 
63258068.000000 6244708.000000 
63887944.000000 6175772.000000 
61985968.000000 6510254.000000 
62056438.000000 6337862.000000 
62652592.000000 6269254.000000 
67950892.000000 5546524.000000 
75647776.000000 4774898.000000 
75643496.000000 4796988.000000 
63729984.000000 6210866.000000 
76029818.000000 4757908.000000 
78809004.000000 4689886.000000 
76030686.000000 4735816.000000 
73353598.000000 4812496.000000 
71585796.000000 4835902.000000 
65703980.000000 6007146.000000 
71493366.000000 4998404.000000 
75602666.000000 4799032.000000 
71324616.000000 5132544.000000 
68049736.000000 5407374.000000 
71140062.000000 5144304.000000 
71382986.000000 5125356.000000 
71532440.000000 4898130.000000 
71496100.000000 4974856.000000 
56515434.000000 8376086.000000 
65740390.000000 5911378.000000 
70521988.000000 5192388.000000 
69792752.000000 5218292.000000 
66238312.000000 5751846.000000 
66477346.000000 5714134.000000 
68089404.000000 5303554.000000 
67853988.000000 5595444.000000 
65707274.000000 5914066.000000 
60671280.000000 6722394.000000 
60965084.000000 6628028.000000 
60384442.000000 6737420.000000 
60090638.000000 6831786.000000 
64015862.000000 6038988.000000 
88233114.000000 4676974.000000 
58724424.000000 7915392.000000 
111730184.000000 4557678.000000 
62016292.000000 6504788.000000 
58682090.000000 8066592.000000 
57950952.000000 8070228.000000 
57462832.000000 8113496.000000 
59474020.000000 7047022.000000 
58859646.000000 7156276.000000 
59834380.000000 6936204.000000 
56848694.000000 8223302.000000 
57336814.000000 8180034.000000 

88202966.000000 3369130.000000 
76222632.000000 4208270.000000 
75688080.000000 4267590.000000 
80658646.000000 3487542.000000 
63571208.000000 5749278.000000 
63547630.000000 5767938.000000 
63903022.000000 5746388.000000 
86262886.000000 3455542.000000 
71404840.000000 4431078.000000 
75824964.000000 4215848.000000 
67790686.000000 5017798.000000 
68105832.000000 4997650.000000 
70934582.000000 4480812.000000 
70853048.000000 4485320.000000 
70645982.000000 4624040.000000 
67165670.000000 5062906.000000 
67480816.000000 5042758.000000 
91638830.000000 3280438.000000 
80187370.000000 3547922.000000 
71022728.000000 4456524.000000 
61435516.000000 5812166.000000 
60698204.000000 5859314.000000 
61228276.000000 5832438.000000 
86848542.000000 3451258.000000 
60955482.000000 5841298.000000 
70734116.000000 4599578.000000 
70941182.000000 4461092.000000 
61566860.000000 5794150.000000 
71485422.000000 4406994.000000 
61330272.000000 5814456.000000 
78131756.000000 3654810.000000 
60490964.000000 5879586.000000 
77747090.000000 3835226.000000 
78603032.000000 3594430.000000 
71535256.000000 4401558.000000 
72139608.000000 4342284.000000 
78602184.000000 3647742.000000 
66784454.000000 5103868.000000 
77243442.000000 3895588.000000 
78130908.000000 3708122.000000 
87059804.000000 3428438.000000 
87631898.000000 3385232.000000 
76904538.000000 3914080.000000 
68264630.000000 4995812.000000 
71427542.000000 4410878.000000 
67647166.000000 5040776.000000 
68011626.000000 5016050.000000 
76400890.000000 3974442.000000 
69272984.000000 4875746.000000 
88775060.000000 3325924.000000 
70037458.000000 4830672.000000 
72031894.000000 4351604.000000 
69705576.000000 4833420.000000 
68941102.000000 4878494.000000 
65963028.000000 5325374.000000 
65772592.000000 5358096.000000 
67394162.000000 5061014.000000 
64691504.000000 5617360.000000 
64353980.000000 5636894.000000 
66308078.000000 5182142.000000 
66780184.000000 5125400.000000 
57108648.000000 6921202.000000 
59848042.000000 6104760.000000 
59716698.000000 6122776.000000 
59796718.000000 6122674.000000 
58968922.000000 6215552.000000 
58138988.000000 6406126.000000 
58234204.000000 6401120.000000 
57995730.000000 6425990.000000 
59035568.000000 6201226.000000 
75611862.000000 4292260.000000 
59148326.000000 6170838.000000 
59893810.000000 6095506.000000 
56081666.000000 7142768.000000 
55917698.000000 7162592.000000 
56186296.000000 7126758.000000 
57534620.000000 6712952.000000 
57636458.000000 6693020.000000 
57634510.000000 6703656.000000 
57739122.000000 6688546.000000 
57147440.000000 6892408.000000 
56960570.000000 6937490.000000 
65739804.000000 5361282.000000 
65099174.000000 5417910.000000 
57741070.000000 6677910.000000 
56022328.000000 7146582.000000 
59214972.000000 6156512.000000 
58236152.000000 6390484.000000 
58913402.000000 6329470.000000 
58092894.000000 6410348.000000 
58770144.000000 6349334.000000 
57234258.000000 6773222.000000 
56219406.000000 6998530.000000 
56362664.000000 6978672.000000 
56469422.000000 6962814.000000 
57423256.000000 6728292.000000 
56326164.000000 6982672.000000 
57072914.000000 6927798.000000 
66303616.000000 5318638.000000 
64910230.000000 5450900.000000 
65902558.000000 5335178.000000 
65261162.000000 5389210.000000 
65072218.000000 5422200.000000 
65713614.000000 5368168.000000 

55942928.000000 8605078.000000 
56382002.000000 8505362.000000 
57499402.000000 7569446.000000 
57228704.000000 7610778.000000 
56662098.000000 8199806.000000 
56422174.000000 8237620.000000 
57501296.000000 7532528.000000 
57230480.000000 7573584.000000 
75521598.000000 4061466.000000 
66118342.000000 5416630.000000 
64969460.000000 5497102.000000 
56858322.000000 8138044.000000 
66448788.000000 4697736.000000 
66001880.000000 5423974.000000 
65528564.000000 5432212.000000 
56964326.000000 7864524.000000 
58256150.000000 6855454.000000 
57778382.000000 7019920.000000 
59409670.000000 6399430.000000 
57986398.000000 6896586.000000 
57507566.000000 7060976.000000 
60682602.000000 5657018.000000 
60212450.000000 5677388.000000 
59111378.000000 6417372.000000 
59914120.000000 6378922.000000 
59020298.000000 6831670.000000 
59615828.000000 6396864.000000 

84896724.000000 4634082.000000 
71201356.000000 4967724.000000 
71544342.000000 4893034.000000 
81964112.000000 4748532.000000 
77429026.000000 4832516.000000 
68356160.000000 5083388.000000 
68810556.000000 5075352.000000 
69479680.000000 5010494.000000 
82098722.000000 4734422.000000 
69393078.000000 5060980.000000 
59101068.000000 7354448.000000 
65429644.000000 5608778.000000 
58717594.000000 7428822.000000 
65879132.000000 5367114.000000 
67430536.000000 5350590.000000 
77514156.000000 4801926.000000 
57167804.000000 7598086.000000 
65571092.000000 5440958.000000 
65121604.000000 5682214.000000 
56308298.000000 7946508.000000 
56784330.000000 7672562.000000 
67140438.000000 5350824.000000 
56416566.000000 7796942.000000 
61722804.000000 6100452.000000 
60658272.000000 7055204.000000 
62107776.000000 5826960.000000 
55763798.000000 8564540.000000 
56841490.000000 7611222.000000 
61791770.000000 5901160.000000 
61738988.000000 6050706.000000 
60791976.000000 6986322.000000 
60409284.000000 7060874.000000 
56458016.000000 7685698.000000 
56313122.000000 7830262.000000 
56407124.000000 7818060.000000 
61407862.000000 6174728.000000 
55981984.000000 7959644.000000 
60733826.000000 7019612.000000 
60351134.000000 7094164.000000 
67942662.000000 5339032.000000 
68009016.000000 5308110.000000 
65504396.000000 5550440.000000 
68286454.000000 5264514.000000 
61126782.000000 6611346.000000 
60795656.000000 6735368.000000 
61200936.000000 6510112.000000 
65162618.000000 5624422.000000 
64862430.000000 5793202.000000 

78622788.000000 4152622.000000 
55474082.000000 6285894.000000 
55545644.000000 6266042.000000 
65123428.000000 4976308.000000 
55543696.000000 6276678.000000 
79046598.000000 4120440.000000 
78625586.000000 4141354.000000 
75609896.000000 4409672.000000 
64655146.000000 4997472.000000 
53602434.000000 8646218.000000 
64769576.000000 4989814.000000 
64301294.000000 5010978.000000 
71612880.000000 4672572.000000 
71924646.000000 4572190.000000 
66369742.000000 4824696.000000 
77345854.000000 4373622.000000 
67885126.000000 4721994.000000 
63399922.000000 5057336.000000 
76031300.000000 4390130.000000 
61190666.000000 5178518.000000 
72941360.000000 4513840.000000 
73987386.000000 4434776.000000 
72752978.000000 4533586.000000 
73802514.000000 4454608.000000 
62304824.000000 5125712.000000 
77496000.000000 4332090.000000 
77807928.000000 4231138.000000 
63060492.000000 5063624.000000 
88224082.000000 3820216.000000 
58192630.000000 5656278.000000 
58560732.000000 5642790.000000 
57725152.000000 5677442.000000 
58093254.000000 5663954.000000 
67140646.000000 4768184.000000 
66672356.000000 4789540.000000 
53404058.000000 9121450.000000 
67501250.000000 4728300.000000 
67969540.000000 4706944.000000 
63998680.000000 5046718.000000 
59977912.000000 5246302.000000 
59510426.000000 5267658.000000 
67198636.000000 4763164.000000 
60325054.000000 5206162.000000 
60792540.000000 5184806.000000 
53531552.000000 8665422.000000 
61850266.000000 5156760.000000 
62974778.000000 5088386.000000 
53488490.000000 8685282.000000 
59884342.000000 5258116.000000 
58467162.000000 5654750.000000 
57999684.000000 5675914.000000 
57631582.000000 5689402.000000 
59416856.000000 5279472.000000 
60231484.000000 5217830.000000 
60698970.000000 5196474.000000 
62606000.000000 5094674.000000 
57100432.000000 5997998.000000 
56451768.000000 6046684.000000 
54852314.000000 6922676.000000 
54310098.000000 7051224.000000 
56537132.000000 6019234.000000 
54907268.000000 6307044.000000 
53774244.000000 7151444.000000 
57231776.000000 5979982.000000 
54976882.000000 6297828.000000 
54474066.000000 7031396.000000 
53938212.000000 7131616.000000 
54978830.000000 6287192.000000 
56668476.000000 6001218.000000 
55888468.000000 6067920.000000 
54867702.000000 6889392.000000 
55955114.000000 6053594.000000 
56518414.000000 6032358.000000 
53251768.000000 9216898.000000 
57290836.000000 5938832.000000 
57518766.000000 5920850.000000 
53665652.000000 8400420.000000 

61091840.000000 5399860.000000 
62604878.000000 5130416.000000 
66658128.000000 4910102.000000 
64437180.000000 5030400.000000 
64737100.000000 5013988.000000 
67504404.000000 4872208.000000 
66667032.000000 4899470.000000 
64000770.000000 5051898.000000 
64651506.000000 5025292.000000 
64300690.000000 5035486.000000 
64215096.000000 5046790.000000 
66153662.000000 4931496.000000 
65733120.000000 4965046.000000 
65867958.000000 4954414.000000 
66162566.000000 4920864.000000 
60407826.000000 5447114.000000 
60568566.000000 5421014.000000 
60380200.000000 5448846.000000 
67874010.000000 4850690.000000 
60297620.000000 5479054.000000 
60315218.000000 5472256.000000 
61786126.000000 5176812.000000 
61619412.000000 5317490.000000 
60212202.000000 5486612.000000 
60284308.000000 5479306.000000 
62105824.000000 5151684.000000 
61545810.000000 5331812.000000 
61719648.000000 5207238.000000 
72797336.000000 4515258.000000 
71344530.000000 4524690.000000 
69278370.000000 4751474.000000 
67447646.000000 4890164.000000 
68121198.000000 4840268.000000 
67863270.000000 4869750.000000 
54667980.000000 6972750.000000 
54683368.000000 6939466.000000 
68663850.000000 4814132.000000 
70733556.000000 4593636.000000 
70508638.000000 4641382.000000 
71119612.000000 4572436.000000 
73186482.000000 4512514.000000 
55888468.000000 6067920.000000 
68146882.000000 4828322.000000 
70448368.000000 4643904.000000 
69444536.000000 4711858.000000 
55955114.000000 6053594.000000 
68836912.000000 4765722.000000 
58424668.000000 5752280.000000 
55764084.000000 6080232.000000 
55697438.000000 6094558.000000 
71059342.000000 4574958.000000 
58681966.000000 5732004.000000 
68285408.000000 4826262.000000 
60074586.000000 5668828.000000 
59909706.000000 5689116.000000 
58181014.000000 5753382.000000 
68698386.000000 4767782.000000 
57499902.000000 5787804.000000 
57242604.000000 5808080.000000 
58550622.000000 5750020.000000 
57014674.000000 5826062.000000 
57923716.000000 5773658.000000 
57242624.000000 5805820.000000 
56576830.000000 5983244.000000 
56445486.000000 6001260.000000 
55433842.000000 6274168.000000 
55435790.000000 6263532.000000 
57743556.000000 5786702.000000 
57007722.000000 5979948.000000 
58000854.000000 5766426.000000 
57743576.000000 5784442.000000 
55364228.000000 6283384.000000 
54798478.000000 6304610.000000 
54870040.000000 6284758.000000 
54868092.000000 6295394.000000 
54310098.000000 7051224.000000 
53672150.000000 7172446.000000 
54206940.000000 7072150.000000 
53938212.000000 7131616.000000 
54474066.000000 7031396.000000 
53774244.000000 7151444.000000 
73758414.000000 4452098.000000 
59882208.000000 5698980.000000 
60017740.000000 5678726.000000 
59469992.000000 5714368.000000 
59287212.000000 5724266.000000 

53052054.000000 9075966.000000 
88877102.000000 3530050.000000 
86223748.000000 3735250.000000 
68011496.000000 4649496.000000 
53477096.000000 8963488.000000 
53213570.000000 8984816.000000 
53366470.000000 8965452.000000 
67759586.000000 4723818.000000 
67788744.000000 4670346.000000 
53102944.000000 8986780.000000 
65071608.000000 4810682.000000 
53531014.000000 8886894.000000 
53794540.000000 8865566.000000 
53905166.000000 8863602.000000 
53641640.000000 8884930.000000 
57943324.000000 5545496.000000 
58286970.000000 5525372.000000 
57820556.000000 5546612.000000 
58193400.000000 5537332.000000 
57476910.000000 5566736.000000 
57726986.000000 5558572.000000 
57242624.000000 5805820.000000 
57242604.000000 5808080.000000 
56509456.000000 6311768.000000 
57014674.000000 5826062.000000 
56252158.000000 6331970.000000 
56938750.000000 6291818.000000 
57383340.000000 5578696.000000 
57010168.000000 6290390.000000 
56752870.000000 6310592.000000 
65294336.000000 4790520.000000 
54288962.000000 8830476.000000 
54376424.000000 8823574.000000 
54082096.000000 8844900.000000 
53994634.000000 8851802.000000 
65044196.000000 4838360.000000 
64818352.000000 4885024.000000 
65041080.000000 4864862.000000 
65297452.000000 4764018.000000 
65520180.000000 4743856.000000 
87870116.000000 3553806.000000 
74815348.000000 4147868.000000 
72877228.000000 4249846.000000 
73266904.000000 4181570.000000 
71702686.000000 4270854.000000 
62113900.000000 5410022.000000 
68971942.000000 4414914.000000 
70536028.000000 4322490.000000 
70815038.000000 4283146.000000 
61931190.000000 5419928.000000 
76426976.000000 4055354.000000 
74592600.000000 4168272.000000 
61795650.000000 5440182.000000 
79840230.000000 3811844.000000 
69204614.000000 4365172.000000 
76290734.000000 4094630.000000 
76901402.000000 4025096.000000 
72982110.000000 4248830.000000 
77880962.000000 3918046.000000 
68630888.000000 4433964.000000 
77037644.000000 3985820.000000 
62137572.000000 5394414.000000 
78997276.000000 3883356.000000 
68408152.000000 4454126.000000 
68175480.000000 4503868.000000 
68398216.000000 4483706.000000 
68981878.000000 4385334.000000 
72654468.000000 4270594.000000 
63019022.000000 5196740.000000 
70313292.000000 4342550.000000 
73044144.000000 4202318.000000 
62675380.000000 5216870.000000 
62346418.000000 5280782.000000 
62927530.000000 5208292.000000 
62583888.000000 5228422.000000 
62254926.000000 5292334.000000 
70592302.000000 4303206.000000 
64605344.000000 5136044.000000 
64354108.000000 5156078.000000 
64513852.000000 5147596.000000 
64262616.000000 5167630.000000 
64652834.000000 5099334.000000 
64744326.000000 5087782.000000 
85106616.000000 3746282.000000 
84139514.000000 3775122.000000 
87136192.000000 3708770.000000 
56143926.000000 6973988.000000 
54489076.000000 7601736.000000 
54457882.000000 7602394.000000 
55246316.000000 7108546.000000 
55402484.000000 7107786.000000 
54447616.000000 7612060.000000 
54818546.000000 7218330.000000 
55987732.000000 6974708.000000 
55979506.000000 6983874.000000 
55238624.000000 7117518.000000 
54654404.000000 7228062.000000 
54662378.000000 7219090.000000 

65374648.000000 4692846.000000 
65681790.000000 4583412.000000 
67496378.000000 4516450.000000 
67602788.000000 4479498.000000 
68896228.000000 4313302.000000 
76387760.000000 4099626.000000 
67452110.000000 4526082.000000 
67661120.000000 4416640.000000 
67902014.000000 4324620.000000 
102097812.000000 3943274.000000 
99941186.000000 3993686.000000 
65166532.000000 4833142.000000 
62416056.000000 4854304.000000 
65299700.000000 4766734.000000 
61810654.000000 5042154.000000 
62077768.000000 4954056.000000 
62148942.000000 4942402.000000 
63628574.000000 4836274.000000 
62371742.000000 4933074.000000 
59256578.000000 5745640.000000 
62638856.000000 4844976.000000 
56987744.000000 6883356.000000 
60313534.000000 5098428.000000 
56013388.000000 7049836.000000 
56104188.000000 6993652.000000 
59877114.000000 5198172.000000 
59717346.000000 5497154.000000 
58239158.000000 6161478.000000 
57215584.000000 6434728.000000 
56964512.000000 6982930.000000 
59361516.000000 5671580.000000 

65344652.000000 5644878.000000 
65974266.000000 5374194.000000 
65448202.000000 5386386.000000 
61377408.000000 6350834.000000 
58320268.000000 8836586.000000 
61477450.000000 6293218.000000 
60823224.000000 6980884.000000 
60813882.000000 6990860.000000 
61000276.000000 6732016.000000 
58660658.000000 8205690.000000 
58561492.000000 8262824.000000 
59285096.000000 7691642.000000 
59335264.000000 7606720.000000 
59435054.000000 7549298.000000 
63587178.000000 5785170.000000 
60650058.000000 7022148.000000 
62874332.000000 6054448.000000 
63060722.000000 5795990.000000 
68369866.000000 5061938.000000 
69905426.000000 4862016.000000 
67381850.000000 5274124.000000 
66799700.000000 5318956.000000 
69294670.000000 4907036.000000 
67561374.000000 5111138.000000 
70002110.000000 4699302.000000 
69972130.000000 4817576.000000 
70637522.000000 4678996.000000 
72769800.000000 4198762.000000 
72050408.000000 4294130.000000 
84325744.000000 4065406.000000 
76134284.000000 4073428.000000 
75469126.000000 4168712.000000 
59921504.000000 7088342.000000 
61988468.000000 6154684.000000 
60203636.000000 7066816.000000 
64765316.000000 5738168.000000 
65996438.000000 5330762.000000 
62282840.000000 6130158.000000 
62746850.000000 6129384.000000 
65441330.000000 5568474.000000 

71793816.000000 4321130.000000 
66127048.000000 4837124.000000 
67567026.000000 4625068.000000 
68252274.000000 4546884.000000 
66357084.000000 4675240.000000 
65252982.000000 4921416.000000 
65456252.000000 4905268.000000 
66560420.000000 4659092.000000 
66174506.000000 4737850.000000 
64413056.000000 4979100.000000 
64616326.000000 4962952.000000 
64339306.000000 5025932.000000 
64169758.000000 5041752.000000 
66344120.000000 4722030.000000 
68508356.000000 4472148.000000 
60828882.000000 6059518.000000 
61073134.000000 6023378.000000 
76083772.000000 3938304.000000 
68476398.000000 4493130.000000 
68723562.000000 4409114.000000 
68695114.000000 4430278.000000 
86137444.000000 3544736.000000 
70483256.000000 4407832.000000 
70734320.000000 4399286.000000 
63103596.000000 5293472.000000 
85019166.000000 3609364.000000 
74703362.000000 4224536.000000 
74839208.000000 4064042.000000 
60813110.000000 6162994.000000 
76430432.000000 3714814.000000 
76627494.000000 3656208.000000 
78682236.000000 3627720.000000 
60316694.000000 6243868.000000 
60226676.000000 6312192.000000 
61866222.000000 5594630.000000 
60491296.000000 6199408.000000 
61314482.000000 5860452.000000 
61025608.000000 6035178.000000 
63428346.000000 5143970.000000 
63609266.000000 5081648.000000 
61446076.000000 5644116.000000 
61168594.000000 5900772.000000 
61748496.000000 5599200.000000 
62051408.000000 5363678.000000 
61878382.000000 5379496.000000 
62267144.000000 5301124.000000 
62060396.000000 5317270.000000 
63601104.000000 5112120.000000 
63815746.000000 5049470.000000 
60031704.000000 6353990.000000 
59079238.000000 6657460.000000 
59576790.000000 6390794.000000 
53253058.000000 9234702.000000 
54059680.000000 8958342.000000 
57754464.000000 6759138.000000 
56154288.000000 7303278.000000 
53506668.000000 9031868.000000 
58437646.000000 6680446.000000 
54407374.000000 7952396.000000 
54223524.000000 7967242.000000 
59493932.000000 6592628.000000 
56612256.000000 6930138.000000 
56012164.000000 7527344.000000 
57295414.000000 6851090.000000 
54685792.000000 7629094.000000 
55368856.000000 7550126.000000 

57040118.000000 6928296.000000 
57168596.000000 6912664.000000 
70179280.000000 4400086.000000 
69954402.000000 4409444.000000 
72168766.000000 4288726.000000 
68265794.000000 4465832.000000 
66137760.000000 4647406.000000 
65914952.000000 4656748.000000 
66848544.000000 4644010.000000 
68042990.000000 4475202.000000 
71943892.000000 4298080.000000 
65312842.000000 4704510.000000 
65090034.000000 4713852.000000 
66963896.000000 4617052.000000 
67386474.000000 4522066.000000 
67163670.000000 4531436.000000 
56724876.000000 6969782.000000 
91322422.000000 4000448.000000 
82984950.000000 4067070.000000 
56844842.000000 6953542.000000 
90314734.000000 4005758.000000 
72892494.000000 4166906.000000 
70898466.000000 4379236.000000 
89434386.000000 4065766.000000 
89880728.000000 4064020.000000 
52468450.000000 9213286.000000 
63966004.000000 4809358.000000 
52466578.000000 9284608.000000 
64229776.000000 4721188.000000 
71629938.000000 4312224.000000 
69222988.000000 4422962.000000 
71405064.000000 4321578.000000 
68998110.000000 4432288.000000 
62638856.000000 4844976.000000 
92202770.000000 3940440.000000 
55126692.000000 7750216.000000 
91826560.000000 3949786.000000 
56198744.000000 7001486.000000 
59594624.000000 5531232.000000 
59717346.000000 5497154.000000 
55386654.000000 7512234.000000 
55826212.000000 7064268.000000 
55341656.000000 7720458.000000 
55875054.000000 7043524.000000 
55502522.000000 7106306.000000 
54831996.000000 7954856.000000 
62371742.000000 4933074.000000 
72627736.000000 4251418.000000 
54998200.000000 7762340.000000 
54842140.000000 7825114.000000 
54970632.000000 7812990.000000 
54674198.000000 7995900.000000 
54802690.000000 7983776.000000 
53707520.000000 8465230.000000 
54213752.000000 8285912.000000 
53406972.000000 8554890.000000 
53694154.000000 8505858.000000 
54171676.000000 8293254.000000 
54319238.000000 8252072.000000 
54022128.000000 8320246.000000 
52901342.000000 8677154.000000 
52914708.000000 8636646.000000 
53062270.000000 8595464.000000 
52617750.000000 9172814.000000 
53861864.000000 8359402.000000 
53712564.000000 8399874.000000 
54560724.000000 8229588.000000 
58167146.000000 6367508.000000 
58496160.000000 5940346.000000 
58198294.000000 5978070.000000 
57869280.000000 6405448.000000 
57363570.000000 6729902.000000 
82759122.000000 4076420.000000 
57240764.000000 6763476.000000 
72402840.000000 4260752.000000 
62148942.000000 4942402.000000 
82551958.000000 4100532.000000 
70675644.000000 4388582.000000 
72667598.000000 4176240.000000 
62077768.000000 4954056.000000 
61810654.000000 5042154.000000 
62416056.000000 4854304.000000 
59377498.000000 5578448.000000 
63668552.000000 4830268.000000 
64006980.000000 4730544.000000 
58940938.000000 5678164.000000 
63743208.000000 4818714.000000 
60313534.000000 5098428.000000 
61904458.000000 4974668.000000 
89938520.000000 4015112.000000 
59361516.000000 5671580.000000 
59877114.000000 5198172.000000 
61467898.000000 5074384.000000 
99519188.000000 3916782.000000 
99636182.000000 3827318.000000 
100395412.000000 3809386.000000 

63812904.000000 6007550.000000 
61775850.000000 6214460.000000 
70567938.000000 5368588.000000 
67854116.000000 5371752.000000 
67141582.000000 5624682.000000 
58024066.000000 6686288.000000 
57132052.000000 6925688.000000 
71362300.000000 5316634.000000 
78740122.000000 4911660.000000 
55917698.000000 7162592.000000 
79402096.000000 4877240.000000 
67241644.000000 5413104.000000 
58136762.000000 6676246.000000 
58047148.000000 6676564.000000 
63379436.000000 6025978.000000 
57147440.000000 6892408.000000 
56960570.000000 6937490.000000 
57234258.000000 6773222.000000 
62691688.000000 6078686.000000 
65528236.000000 5782236.000000 
63923766.000000 5988246.000000 
57423256.000000 6728292.000000 
60664290.000000 6655596.000000 
56219406.000000 6998530.000000 
64547588.000000 5913658.000000 
56081666.000000 7142768.000000 
56022328.000000 7146582.000000 
56326164.000000 6982672.000000 
56186296.000000 7126758.000000 
56469422.000000 6962814.000000 
60987076.000000 6654578.000000 
62147358.000000 6116418.000000 
56362664.000000 6978672.000000 
61302250.000000 6633116.000000 
64642906.000000 5884558.000000 
61660264.000000 6466266.000000 
64919058.000000 5815608.000000 
65619668.000000 5760656.000000 
61397894.000000 6602714.000000 
61748460.000000 6435332.000000 
65006928.000000 5785976.000000 
84397412.000000 4289902.000000 
83338892.000000 4505474.000000 
86827208.000000 4247304.000000 

