72378208.000000 8351756.000000 
70905816.000000 8372400.000000 
68865182.000000 8640464.000000 
101452256.000000 4746562.000000 
111546834.000000 4680558.000000 
78773044.000000 6753316.000000 
86143926.000000 4879698.000000 
86029486.000000 4993892.000000 
94040548.000000 4787564.000000 
90298136.000000 4839026.000000 
104196776.000000 4719992.000000 
83157148.000000 5573328.000000 
75395150.000000 7121962.000000 
80326670.000000 6078572.000000 
112825060.000000 4667412.000000 
104317236.000000 4706194.000000 
85509170.000000 5403916.000000 

79238412.000000 6037508.000000 
78439530.000000 6379358.000000 
72242892.000000 7379586.000000 
84182458.000000 5766070.000000 
86600178.000000 5231418.000000 
76628456.000000 6799516.000000 
74237530.000000 7153016.000000 
67918610.000000 8718276.000000 
67358088.000000 8819112.000000 
86035268.000000 5556808.000000 
92831054.000000 4664628.000000 
86684960.000000 5181574.000000 
90971622.000000 4786968.000000 
76923068.000000 6620188.000000 
82102456.000000 5879384.000000 
70259526.000000 7643726.000000 
70097072.000000 8164364.000000 
69175542.000000 8318326.000000 
68609668.000000 8510918.000000 
81872164.000000 5900912.000000 
85375228.000000 5707354.000000 
71152662.000000 7449938.000000 
96553670.000000 4370200.000000 
89477442.000000 4844872.000000 

119874196.000000 3455518.000000 
118924146.000000 3546400.000000 
84299812.000000 4498424.000000 
85122806.000000 4468598.000000 
86450574.000000 4413876.000000 
91736634.000000 3831650.000000 
96936102.000000 3583114.000000 
65834196.000000 7045176.000000 
62512008.000000 7397432.000000 
62572574.000000 7158756.000000 
69681994.000000 5892602.000000 
82772180.000000 4834970.000000 
83241792.000000 4815418.000000 
79904100.000000 4990060.000000 
76760982.000000 5003906.000000 
76669258.000000 5559720.000000 
96765258.000000 3776872.000000 
92104862.000000 3799354.000000 
89091458.000000 3996462.000000 

67853804.000000 6663808.000000 
67900958.000000 6652270.000000 
71963420.000000 5348766.000000 
80942288.000000 4397536.000000 
74752690.000000 5315452.000000 
69298192.000000 5448438.000000 
69295946.000000 6089652.000000 
67027784.000000 7041028.000000 
67011932.000000 7060910.000000 
99895538.000000 3438972.000000 
67001404.000000 7094896.000000 
66764426.000000 7974568.000000 
77848254.000000 5073642.000000 
64872880.000000 8011360.000000 
94979110.000000 3593490.000000 
86286162.000000 3797880.000000 

111722354.000000 3960050.000000 
69410246.000000 8728790.000000 
68469308.000000 10178444.000000 
86603092.000000 4810926.000000 
94188670.000000 4458062.000000 
76183046.000000 5588576.000000 
102241870.000000 4082890.000000 
69671438.000000 8564272.000000 
112982272.000000 3896730.000000 
93371506.000000 4574768.000000 
81340508.000000 5068682.000000 
110279636.000000 4048152.000000 
66553812.000000 12749242.000000 
71528812.000000 5952092.000000 
70844700.000000 5979574.000000 
80867132.000000 5164716.000000 
87042236.000000 4785220.000000 

86190718.000000 4334922.000000 
85703388.000000 5516688.000000 
91424970.000000 4187896.000000 
78006856.000000 6423062.000000 
75044176.000000 6683520.000000 
83179260.000000 5691476.000000 
83377806.000000 5633230.000000 
80045900.000000 6324468.000000 
81013168.000000 6213040.000000 
66361350.000000 11483926.000000 
63730964.000000 12056440.000000 
85830400.000000 4878980.000000 
64951920.000000 11693502.000000 
67856904.000000 7262482.000000 
81512888.000000 5721470.000000 
68596122.000000 6967950.000000 

97479354.000000 4640632.000000 
66947870.000000 6890950.000000 
68654142.000000 6694016.000000 
79027808.000000 5822870.000000 
94814258.000000 4728248.000000 
66403834.000000 8726754.000000 
66478646.000000 8581146.000000 
84046330.000000 4756922.000000 
83160570.000000 5095742.000000 
67165328.000000 6872322.000000 
68655070.000000 5963316.000000 
82370068.000000 5210892.000000 
66746696.000000 7652618.000000 
79089974.000000 5399470.000000 
128918780.000000 4585734.000000 

72649164.000000 4838652.000000 
71993910.000000 4979510.000000 
72139480.000000 4859978.000000 
98577076.000000 4381384.000000 
66536898.000000 5097782.000000 
65829062.000000 5134744.000000 
98124910.000000 4408908.000000 
77100846.000000 4585474.000000 
73682052.000000 4683554.000000 
75426754.000000 4681158.000000 
75336652.000000 4681962.000000 
65334780.000000 5166428.000000 
62789214.000000 8045642.000000 
64990326.000000 7657036.000000 

66816298.000000 7182470.000000 
65733174.000000 7526438.000000 
65391140.000000 8148626.000000 
65043082.000000 8217700.000000 
63229750.000000 8564552.000000 
81905662.000000 5327704.000000 
81746140.000000 5337570.000000 
81615120.000000 5416512.000000 
97073734.000000 4216800.000000 
73302868.000000 5880430.000000 
84157866.000000 5272292.000000 
79724934.000000 5474380.000000 
72591062.000000 6421074.000000 
71048466.000000 6486774.000000 
70459268.000000 6508228.000000 
79062836.000000 5575324.000000 
77733646.000000 5674258.000000 
86962592.000000 5067262.000000 
92490338.000000 4398120.000000 
87376348.000000 4932992.000000 
87530100.000000 4683648.000000 
88831326.000000 4424712.000000 
77381922.000000 5676944.000000 
111774212.000000 3919448.000000 
110625196.000000 3931030.000000 

68937422.000000 7690594.000000 
80521092.000000 5554560.000000 
77150740.000000 5992672.000000 
75966496.000000 6492052.000000 
70181866.000000 7405994.000000 
68641110.000000 7718324.000000 
70795382.000000 7332158.000000 
82332230.000000 5326634.000000 
98606474.000000 4142738.000000 
79939342.000000 5895304.000000 
76183610.000000 6486732.000000 
86979834.000000 4668222.000000 
73222256.000000 6690924.000000 
106682814.000000 3889544.000000 
93219556.000000 4383880.000000 
92962014.000000 4498670.000000 
83095160.000000 5194896.000000 
79384384.000000 5930600.000000 
71051964.000000 7165444.000000 
76724884.000000 6457840.000000 
91109574.000000 4595382.000000 
84341298.000000 5015826.000000 
69135276.000000 7620918.000000 
88818946.000000 4667204.000000 
75463066.000000 6508806.000000 
73309270.000000 6552820.000000 
106668036.000000 3907210.000000 
93975428.000000 4377532.000000 
92913664.000000 4516166.000000 

116774294.000000 3419286.000000 
118533052.000000 3372348.000000 
64238956.000000 6241892.000000 
66276034.000000 4991922.000000 
66577404.000000 4957368.000000 
68158520.000000 4775866.000000 
70262212.000000 4422332.000000 
78637686.000000 4112426.000000 
74834082.000000 4313650.000000 
83215084.000000 3987648.000000 
62375086.000000 8202068.000000 
64062770.000000 7722616.000000 
64128988.000000 7648838.000000 
62916976.000000 7859246.000000 
62831824.000000 7885926.000000 

71642076.000000 8569722.000000 
66117764.000000 10042764.000000 
68004352.000000 9744238.000000 
68978840.000000 9168338.000000 
79393358.000000 4483492.000000 
73866060.000000 4968274.000000 
76342010.000000 4611810.000000 
73140504.000000 5649134.000000 
72053592.000000 5665536.000000 
84621828.000000 4352522.000000 

78171288.000000 5180210.000000 
68704262.000000 8194644.000000 
75599428.000000 6321270.000000 
73535978.000000 6821954.000000 
71124492.000000 6826938.000000 
75151204.000000 6364824.000000 
70634444.000000 6870858.000000 
81812276.000000 4993298.000000 
77026650.000000 5942618.000000 
69735174.000000 7713174.000000 
69538840.000000 7787444.000000 
91812320.000000 4643602.000000 
65897746.000000 9364456.000000 
75848640.000000 6090058.000000 
74439628.000000 6819850.000000 
90060206.000000 4887470.000000 
99146354.000000 4356258.000000 
93466220.000000 4566756.000000 
67554240.000000 9280552.000000 
69761854.000000 7403752.000000 
88922110.000000 4932092.000000 

76971032.000000 5886026.000000 
81375402.000000 5583218.000000 
83499592.000000 5405484.000000 
84079292.000000 5053154.000000 
86202902.000000 4875230.000000 
92945222.000000 4177724.000000 
86696560.000000 4802138.000000 
89041562.000000 4476574.000000 
84742802.000000 5027850.000000 
104297434.000000 4009994.000000 
88884116.000000 4595810.000000 
124862356.000000 3927462.000000 
83665960.000000 5358582.000000 
85843148.000000 4951350.000000 
77227550.000000 5883478.000000 
72365622.000000 6088704.000000 
71081542.000000 7232596.000000 
78002160.000000 5734106.000000 
74504010.000000 5909006.000000 
82022038.000000 5424076.000000 
79874344.000000 5597802.000000 
75609754.000000 5895322.000000 
69422824.000000 8976558.000000 
70545292.000000 8643144.000000 

67986782.000000 7870934.000000 
66802266.000000 7992262.000000 
115935610.000000 4094692.000000 
68670956.000000 6805568.000000 
76194534.000000 5475180.000000 
76962230.000000 5221270.000000 
79910290.000000 4934556.000000 
75817136.000000 5484100.000000 
82766618.000000 4624686.000000 
83458294.000000 4143592.000000 
80401168.000000 4749224.000000 
73758362.000000 5953972.000000 

123275906.000000 3622752.000000 
82545286.000000 4898924.000000 
81602272.000000 5072842.000000 
79167130.000000 5467990.000000 
75548284.000000 7409302.000000 
72972898.000000 7553834.000000 
72725802.000000 7613864.000000 
71271696.000000 7854312.000000 
74481006.000000 7437878.000000 
74198102.000000 7497070.000000 
103497874.000000 3960728.000000 
89674520.000000 4682572.000000 
90093596.000000 4457540.000000 
97035178.000000 4378242.000000 
108134650.000000 3783132.000000 
107137184.000000 3855086.000000 
97853116.000000 4318706.000000 
89042196.000000 4798822.000000 
89966812.000000 4675582.000000 
75733204.000000 6808494.000000 

82910532.000000 4996202.000000 
68053232.000000 11076248.000000 
68485368.000000 11017384.000000 
67779940.000000 11375688.000000 
82334046.000000 5173548.000000 
82718198.000000 5172908.000000 
84363390.000000 4993424.000000 
85730636.000000 4792488.000000 
87158946.000000 4785284.000000 
85012892.000000 4929336.000000 
75422934.000000 5381888.000000 
70065940.000000 9315784.000000 
71975316.000000 6242856.000000 
87411238.000000 4476864.000000 
74314382.000000 6000430.000000 
71716320.000000 7763074.000000 

68452978.000000 7284622.000000 
66573332.000000 7510132.000000 
64969366.000000 8571066.000000 
79330722.000000 4813866.000000 
79480728.000000 4714354.000000 
77575058.000000 5064138.000000 
73852178.000000 5408584.000000 
73605558.000000 5427224.000000 
68923466.000000 6078484.000000 
68677056.000000 6127934.000000 
68632612.000000 6569730.000000 
85147090.000000 4198320.000000 
88430618.000000 3702772.000000 

68329050.000000 6948940.000000 
65939488.000000 9616930.000000 
76320488.000000 5783922.000000 
94370468.000000 4697118.000000 
93783012.000000 4737508.000000 
75029698.000000 5859880.000000 
73887136.000000 5898568.000000 
71412270.000000 6552918.000000 
72200240.000000 6437372.000000 
72183898.000000 6469468.000000 
72502382.000000 6130568.000000 
73185218.000000 6014992.000000 
72362482.000000 6365996.000000 
99746980.000000 4516292.000000 
90339926.000000 4953936.000000 
69495432.000000 6700472.000000 
69655552.000000 6602796.000000 
66857340.000000 7165874.000000 
67364118.000000 7023252.000000 
78899358.000000 5179390.000000 
76472704.000000 5694956.000000 
74715258.000000 5878786.000000 
77183276.000000 5650094.000000 

67053148.000000 10281328.000000 
66939854.000000 10313814.000000 
66764050.000000 10362544.000000 
66679588.000000 10620940.000000 
71468128.000000 6723310.000000 
92294150.000000 4152198.000000 
69807770.000000 7994054.000000 
108812444.000000 3205038.000000 
69007348.000000 9054198.000000 
67643534.000000 9086564.000000 
67550416.000000 9135294.000000 
67482550.000000 9472270.000000 
76885410.000000 6052908.000000 
73424940.000000 6232500.000000 
73868240.000000 6183958.000000 
93871568.000000 3853298.000000 
95985738.000000 3766432.000000 
90486956.000000 4199308.000000 
98066728.000000 3573076.000000 
78395490.000000 5816568.000000 
69988280.000000 7545988.000000 
84782084.000000 4831772.000000 
86068400.000000 4789786.000000 
77968894.000000 5871392.000000 
81580600.000000 4890548.000000 
86132012.000000 4718888.000000 
85611216.000000 4793334.000000 
103958276.000000 3295610.000000 
95483944.000000 3843678.000000 
80217588.000000 4903628.000000 
76893712.000000 5872892.000000 
100254592.000000 3426978.000000 
93216258.000000 4075370.000000 
79403496.000000 5748384.000000 
79625146.000000 5724974.000000 
86297042.000000 4338086.000000 

73359682.000000 5975042.000000 
75233388.000000 5550106.000000 
76222242.000000 5191046.000000 
74804228.000000 5652972.000000 
65129846.000000 7518820.000000 
76496872.000000 5072442.000000 
67531074.000000 6530066.000000 
65972542.000000 7157344.000000 
62129752.000000 7539206.000000 
62462194.000000 7521178.000000 
60970936.000000 8413972.000000 
82621854.000000 4339646.000000 
89143760.000000 4320664.000000 
81229710.000000 4801536.000000 
90244896.000000 4228038.000000 
92343778.000000 3898420.000000 
71742394.000000 6372426.000000 
72501084.000000 6303778.000000 
73868402.000000 5719578.000000 

96821488.000000 4853428.000000 
69380144.000000 10275020.000000 
79718694.000000 5648276.000000 
75891584.000000 5850160.000000 
70657268.000000 8749928.000000 
75018038.000000 6289614.000000 
67021718.000000 11552634.000000 
71385854.000000 8172196.000000 
69826738.000000 9564964.000000 
69362836.000000 11006330.000000 
73878078.000000 7233970.000000 
71604352.000000 7747150.000000 
86600798.000000 4988552.000000 
81637630.000000 5141774.000000 
95219572.000000 4895830.000000 
92929296.000000 4960796.000000 

73864202.000000 6079630.000000 
87430368.000000 4526728.000000 
86831052.000000 4672080.000000 
83638846.000000 4908824.000000 
104417804.000000 3917442.000000 
96310956.000000 3931750.000000 
75579812.000000 5438552.000000 
73759124.000000 6146926.000000 
74088922.000000 6063780.000000 
82332522.000000 4976860.000000 
82681308.000000 4909412.000000 
80401168.000000 5387060.000000 
85776348.000000 4778760.000000 
86216044.000000 4740366.000000 
87778524.000000 4458056.000000 
87179208.000000 4603408.000000 
83987632.000000 4841376.000000 
89677288.000000 4229384.000000 
89701842.000000 4024798.000000 
118927818.000000 3804712.000000 
94138026.000000 3955316.000000 
106358300.000000 3879468.000000 
106069622.000000 3898874.000000 
88255106.000000 4364478.000000 
65793928.000000 7421674.000000 
65685668.000000 7902856.000000 
71495504.000000 6608138.000000 
69179332.000000 7350312.000000 
108060966.000000 3864440.000000 
81720688.000000 5328502.000000 
81972588.000000 5190390.000000 

74325348.000000 5796082.000000 
107008192.000000 4065524.000000 
67966734.000000 7087720.000000 
94099592.000000 4352950.000000 
94948072.000000 4339054.000000 
89530256.000000 4493906.000000 
88658148.000000 4500428.000000 
95065292.000000 4284798.000000 
95913772.000000 4270902.000000 
83844392.000000 4943138.000000 
85689882.000000 4718572.000000 
79347288.000000 5123510.000000 
82099688.000000 5032408.000000 
84556304.000000 4770750.000000 
71688366.000000 6058256.000000 
72585510.000000 6029916.000000 
73461412.000000 5952096.000000 
70389084.000000 6181144.000000 
70791668.000000 6093732.000000 
77898456.000000 5203718.000000 
78800048.000000 5184586.000000 
82749838.000000 5001202.000000 
74641390.000000 5262086.000000 
66777534.000000 7219820.000000 
65715700.000000 7636608.000000 
105258812.000000 4192902.000000 
100099554.000000 4244190.000000 
88336902.000000 4543016.000000 
79718100.000000 5109720.000000 

63462134.000000 8879676.000000 
66641238.000000 7497266.000000 
93091040.000000 4385536.000000 
114345928.000000 3821144.000000 
70720534.000000 6291556.000000 
70796048.000000 6258448.000000 
97105576.000000 4269200.000000 
70352268.000000 6459602.000000 
70677490.000000 6328040.000000 
101122426.000000 3870394.000000 
88725630.000000 4396012.000000 
95086996.000000 4378380.000000 
112494100.000000 3851466.000000 
62453868.000000 12794992.000000 
64381894.000000 8854884.000000 
66060660.000000 7675000.000000 
68899750.000000 6901394.000000 
69462594.000000 6871444.000000 
69652352.000000 6721016.000000 
67015798.000000 6935768.000000 
77031046.000000 4477266.000000 
74829638.000000 5284212.000000 
75515328.000000 4957998.000000 

101494508.000000 4706096.000000 
64565538.000000 7914446.000000 
95235182.000000 5263470.000000 
95352020.000000 5009278.000000 
85203816.000000 5319722.000000 
75707974.000000 6084410.000000 
70282052.000000 6722972.000000 
72825070.000000 6582452.000000 
92517648.000000 5307570.000000 
83264384.000000 5459730.000000 
66307938.000000 7465286.000000 
68916406.000000 7348284.000000 
79551626.000000 5513646.000000 

68259244.000000 6082750.000000 
88024234.000000 4478204.000000 
101654218.000000 4148180.000000 
96424132.000000 4357450.000000 
65140566.000000 8549380.000000 
78777278.000000 5091046.000000 
75711450.000000 5171826.000000 
66410870.000000 6747894.000000 
65877704.000000 7393274.000000 
95282918.000000 4388028.000000 
108897386.000000 3830170.000000 
80304726.000000 4734044.000000 
69785102.000000 5563704.000000 
68928396.000000 5755598.000000 
66632044.000000 6342726.000000 
67326528.000000 6192120.000000 
65865002.000000 8353928.000000 
65737148.000000 8371454.000000 
80497876.000000 4573750.000000 
72121842.000000 5360086.000000 
71327246.000000 5554972.000000 

86148748.000000 4232312.000000 
86107118.000000 4311910.000000 
81126854.000000 4644334.000000 
76396824.000000 6432268.000000 
70062702.000000 6983136.000000 
72423204.000000 6464786.000000 
78280680.000000 5527474.000000 
77056222.000000 5808480.000000 
79721940.000000 5376718.000000 
77254970.000000 5621856.000000 
78431182.000000 5415220.000000 
108222646.000000 4181474.000000 
60336538.000000 12429586.000000 
67888652.000000 7865488.000000 
61772460.000000 9919554.000000 
61940550.000000 9782182.000000 
63569300.000000 8124416.000000 
61022788.000000 12353144.000000 
118681992.000000 4136612.000000 

84602520.000000 4386266.000000 
80572646.000000 4984632.000000 
82634800.000000 4932736.000000 
69866828.000000 5880528.000000 
95570000.000000 3969990.000000 
66353454.000000 6022672.000000 
76761874.000000 5704408.000000 
76057892.000000 5733528.000000 
77885450.000000 5152574.000000 

66347636.000000 6945736.000000 
83826752.000000 5299876.000000 
93145722.000000 4256204.000000 
74146854.000000 5418212.000000 
76683276.000000 5357220.000000 
86633976.000000 5032536.000000 
87742720.000000 4903328.000000 
91061846.000000 4278276.000000 
70561638.000000 6673424.000000 
63733824.000000 8767104.000000 
89640360.000000 4400606.000000 
99214520.000000 3857948.000000 
87729554.000000 5021674.000000 
90977126.000000 4380718.000000 
84972976.000000 5205850.000000 
89449090.000000 4862594.000000 
89625614.000000 4827638.000000 
66171546.000000 7860080.000000 

