91395072.000000 4882010.000000 
85170336.000000 5540916.000000 
73699556.000000 7940442.000000 
71942786.000000 8519090.000000 
70729302.000000 8552686.000000 
72505220.000000 8386020.000000 
78773044.000000 6753316.000000 
86029486.000000 4993892.000000 
92394292.000000 4768358.000000 
103159934.000000 4653780.000000 
81619622.000000 6153002.000000 
91017166.000000 4901394.000000 
92180052.000000 4869170.000000 
70296900.000000 9012922.000000 
69585704.000000 9213922.000000 
75395150.000000 7121962.000000 
81338452.000000 6328122.000000 
85509170.000000 5403916.000000 

75964700.000000 6307660.000000 
75707356.000000 6347612.000000 
80119790.000000 6016734.000000 
73775234.000000 6614402.000000 
71716076.000000 7261906.000000 
72806270.000000 7189250.000000 
84182458.000000 5766070.000000 
78908186.000000 6047360.000000 
76576174.000000 6121966.000000 
81609704.000000 5853108.000000 
80450262.000000 5878948.000000 
81818010.000000 5841918.000000 
92125058.000000 4667536.000000 
100921388.000000 4074490.000000 
106327894.000000 3880516.000000 
68974702.000000 8727064.000000 
83203450.000000 5804926.000000 
94399788.000000 4573154.000000 
96553670.000000 4370200.000000 
87029756.000000 4737922.000000 
84232856.000000 4776992.000000 
70097072.000000 8164364.000000 
70292002.000000 7989720.000000 

66645106.000000 11447254.000000 
69522184.000000 8137218.000000 
91593276.000000 3783378.000000 
91848648.000000 3742296.000000 
92646320.000000 3540922.000000 
92518624.000000 3692530.000000 
84419606.000000 4784180.000000 
84127356.000000 4853284.000000 
78382918.000000 5238596.000000 
72130032.000000 6588328.000000 
70267794.000000 7343176.000000 
86069736.000000 4692450.000000 
116293116.000000 3345446.000000 
114719600.000000 3462224.000000 
75275904.000000 5947430.000000 
74075918.000000 6431790.000000 
68655766.000000 8244348.000000 
67396000.000000 9510232.000000 
115123186.000000 3436686.000000 
85861390.000000 4742098.000000 
86623090.000000 3991178.000000 
86622434.000000 4046996.000000 
83799812.000000 5022770.000000 

112792852.000000 3456966.000000 
67701654.000000 5587016.000000 
69941796.000000 5363858.000000 
69378182.000000 5503304.000000 
71577050.000000 4630432.000000 
108929438.000000 3513078.000000 
96676026.000000 3566118.000000 
78098920.000000 4116918.000000 
76982896.000000 4487760.000000 
82629838.000000 3644586.000000 
88725028.000000 3573828.000000 
118902434.000000 3442382.000000 
65419680.000000 8031210.000000 
64983044.000000 9043840.000000 
65871690.000000 6837550.000000 
66944742.000000 6829842.000000 

68584804.000000 13656026.000000 
85793722.000000 4632428.000000 
88430090.000000 4354322.000000 
97276168.000000 4012100.000000 
97832318.000000 3984762.000000 
71942400.000000 8118936.000000 
73998236.000000 6594282.000000 
78922752.000000 6086576.000000 
74112880.000000 6373454.000000 
77376566.000000 6329672.000000 
115193100.000000 3654412.000000 
104589830.000000 3853326.000000 
103519138.000000 3870370.000000 
107272122.000000 3746758.000000 
100764984.000000 3913396.000000 
92777274.000000 4263940.000000 
71850974.000000 11636372.000000 
70126740.000000 13040968.000000 
78601856.000000 6285892.000000 
83525714.000000 4707566.000000 
83951662.000000 4665442.000000 
78966892.000000 5115856.000000 

68687338.000000 11311148.000000 
86115368.000000 5096316.000000 
84789362.000000 5123610.000000 
76828860.000000 6289698.000000 
91424970.000000 4187896.000000 
86190718.000000 4334922.000000 
88062960.000000 4280050.000000 
94857202.000000 4118726.000000 
77631812.000000 6199148.000000 
66361350.000000 11483926.000000 
63730964.000000 12056440.000000 
83631418.000000 5221660.000000 
83059710.000000 5434498.000000 
81514918.000000 6010706.000000 
74848254.000000 6341934.000000 
82109952.000000 5460072.000000 
75179554.000000 6328770.000000 
68854426.000000 6996090.000000 

80131684.000000 4373408.000000 
69305384.000000 9490662.000000 
87358330.000000 4097118.000000 
105004344.000000 4018788.000000 
67234944.000000 9524170.000000 
67059920.000000 9603248.000000 
77988482.000000 5253120.000000 
79279094.000000 4480986.000000 
79464292.000000 4446274.000000 
72384992.000000 6740440.000000 
75569642.000000 5418304.000000 
69913368.000000 9443656.000000 
71417902.000000 8436142.000000 
74187038.000000 6552012.000000 

87728340.000000 4255204.000000 
86600030.000000 4260328.000000 
79763146.000000 4467198.000000 
101076910.000000 4151778.000000 
124575474.000000 4098000.000000 
66536898.000000 5097782.000000 
65829062.000000 5134744.000000 
120215072.000000 4116778.000000 
71849700.000000 4850318.000000 
95421626.000000 4245720.000000 
83066684.000000 4329102.000000 
73478732.000000 4838070.000000 
73851532.000000 4612852.000000 
124723922.000000 4065286.000000 
65243926.000000 8007668.000000 
65120796.000000 8157890.000000 
63801308.000000 9038382.000000 
109316352.000000 4135818.000000 
112219758.000000 4120298.000000 
68463778.000000 4881124.000000 
68145740.000000 4890254.000000 
71341080.000000 4871624.000000 
106644338.000000 4150926.000000 
65616230.000000 6137624.000000 

86833682.000000 4714212.000000 
111774212.000000 3919448.000000 
122747660.000000 3912584.000000 
106268052.000000 4219500.000000 
123733838.000000 3902266.000000 
104516992.000000 4301552.000000 
91058840.000000 4577048.000000 
82410326.000000 5297250.000000 
63229750.000000 8564552.000000 
105274062.000000 4255906.000000 
70293490.000000 6872582.000000 
71600994.000000 6239248.000000 
72763234.000000 6137986.000000 
70019024.000000 6962262.000000 
69965004.000000 7021042.000000 
64423286.000000 7898644.000000 
73115508.000000 6110986.000000 
73770780.000000 6010508.000000 
77233118.000000 5745226.000000 
97431204.000000 4480716.000000 
79724934.000000 5474380.000000 
81880146.000000 5458268.000000 
79062836.000000 5575324.000000 
77733646.000000 5674258.000000 
98464564.000000 4398110.000000 
88913324.000000 4682064.000000 
86022588.000000 4954846.000000 
77186780.000000 5910584.000000 
75717774.000000 5969982.000000 

107079506.000000 3862020.000000 
85478756.000000 4357146.000000 
90951832.000000 4286436.000000 
107381502.000000 3854746.000000 
75756806.000000 6371094.000000 
79939342.000000 5895304.000000 
81511968.000000 5029980.000000 
73222256.000000 6690924.000000 
102887616.000000 3864600.000000 
98330230.000000 4009008.000000 
98587200.000000 3981936.000000 
98329682.000000 4080534.000000 
94186370.000000 4085462.000000 
64208246.000000 7267840.000000 
100443582.000000 3929000.000000 

97848218.000000 3596266.000000 
112098398.000000 3376086.000000 
72947090.000000 5294126.000000 
76470742.000000 5156436.000000 
64128988.000000 7648838.000000 
114526182.000000 3361738.000000 
114592866.000000 3315790.000000 
62423246.000000 8232036.000000 
78269960.000000 4235066.000000 
86625734.000000 3856500.000000 
71481664.000000 5590616.000000 
67785320.000000 5660550.000000 
64062770.000000 7722616.000000 
66749892.000000 7631276.000000 
62831824.000000 7885926.000000 
67415928.000000 7146178.000000 

69114114.000000 9579672.000000 
76342010.000000 4611810.000000 
79393358.000000 4483492.000000 
73140504.000000 5649134.000000 
72053592.000000 5665536.000000 
71294768.000000 6583852.000000 
82578272.000000 4454008.000000 
84621828.000000 4352522.000000 

96838324.000000 4233670.000000 
82297134.000000 4734660.000000 
80262670.000000 5542910.000000 
99496752.000000 4103054.000000 
73687602.000000 6772984.000000 
71276188.000000 6773664.000000 
70462780.000000 7600918.000000 
75894798.000000 6345378.000000 
75705046.000000 6484998.000000 
89034200.000000 4507906.000000 
77026650.000000 5942618.000000 
107217372.000000 3926056.000000 
66852870.000000 9139506.000000 
87651678.000000 4686140.000000 
93353982.000000 4382038.000000 
107095266.000000 3966038.000000 
101338852.000000 3973712.000000 
94707582.000000 4374044.000000 
82052642.000000 5350008.000000 
88196730.000000 4531308.000000 

70277668.000000 8570444.000000 
104297434.000000 4009994.000000 
74504010.000000 5909006.000000 
85541486.000000 5005258.000000 
82860178.000000 5284926.000000 
68176312.000000 8915262.000000 
92515266.000000 4526500.000000 
76971032.000000 5886026.000000 
88884116.000000 4595810.000000 
81375402.000000 5583218.000000 
110497754.000000 3954394.000000 
119249942.000000 3921474.000000 
78884350.000000 5848244.000000 
84079292.000000 5053154.000000 
99524362.000000 4255000.000000 
91781220.000000 4527678.000000 
82022038.000000 5424076.000000 
79874344.000000 5597802.000000 
70524024.000000 8525174.000000 
93208412.000000 4393644.000000 
90332694.000000 4568146.000000 
78027848.000000 5850270.000000 
72365622.000000 6088704.000000 
71490304.000000 6884708.000000 
79435398.000000 5755464.000000 
71081542.000000 7232596.000000 
75609754.000000 5895322.000000 

88359470.000000 4392196.000000 
82445100.000000 4638410.000000 
76194534.000000 5475180.000000 
82227410.000000 4733992.000000 
66650950.000000 7608636.000000 
68320780.000000 7317042.000000 
68670956.000000 6805568.000000 
120455822.000000 3985706.000000 
80401168.000000 4749224.000000 
75193392.000000 5817470.000000 
75817136.000000 5484100.000000 
79910290.000000 4934556.000000 
88771824.000000 4222658.000000 
73758362.000000 5953972.000000 
102242076.000000 4187444.000000 
82766618.000000 4624686.000000 
76962230.000000 5221270.000000 
99340442.000000 4215482.000000 
86489992.000000 4526106.000000 

86695894.000000 5100130.000000 
88091866.000000 4891588.000000 
71852708.000000 7840930.000000 
71271696.000000 7854312.000000 
74050690.000000 7515990.000000 
86961300.000000 5062790.000000 
81725440.000000 5691766.000000 
80596926.000000 5965772.000000 
75733204.000000 6808494.000000 
66219234.000000 7874966.000000 
67302764.000000 7855532.000000 
90318194.000000 4279222.000000 
99406556.000000 3495602.000000 
90174576.000000 4457730.000000 
79271888.000000 6778664.000000 
79680960.000000 6545552.000000 
89536956.000000 4813612.000000 
72405242.000000 7572674.000000 
74131350.000000 7034178.000000 
89966812.000000 4675582.000000 

87411238.000000 4476864.000000 
81988760.000000 5427810.000000 
82921584.000000 5264718.000000 
73716722.000000 7798324.000000 
71373358.000000 7970558.000000 
71263658.000000 7998288.000000 
84363390.000000 4993424.000000 
75655296.000000 7162584.000000 
76534152.000000 6337760.000000 
75705932.000000 6403850.000000 
77344700.000000 6072140.000000 
98139034.000000 4424686.000000 
77599928.000000 5539160.000000 
94042224.000000 4454362.000000 

68847088.000000 11328744.000000 
74522158.000000 5768044.000000 
73395416.000000 6623756.000000 
79330722.000000 4813866.000000 
76807620.000000 5527246.000000 
77942496.000000 5477792.000000 
79480728.000000 4714354.000000 
93512122.000000 3676050.000000 
78203178.000000 5008708.000000 
80365790.000000 4692598.000000 
88430618.000000 3702772.000000 
85966400.000000 3712516.000000 
80516664.000000 3915400.000000 
70729998.000000 6762692.000000 
69159572.000000 7816280.000000 

68329050.000000 6948940.000000 
66123584.000000 10657342.000000 
75315368.000000 5923038.000000 
74743502.000000 5971740.000000 
76878112.000000 5737764.000000 
112150190.000000 4326596.000000 
76320488.000000 5783922.000000 
83606842.000000 5233688.000000 
83749578.000000 5150254.000000 
77838916.000000 5604208.000000 
85370356.000000 4772116.000000 
73023306.000000 6913992.000000 
92148362.000000 4370710.000000 
116074958.000000 4136530.000000 
85336760.000000 5040602.000000 
80201792.000000 5239740.000000 
79403488.000000 5586346.000000 
68069088.000000 8273008.000000 
74003892.000000 6083962.000000 
77183276.000000 5650094.000000 

81493254.000000 5425484.000000 
108812444.000000 3205038.000000 
81095094.000000 5521730.000000 
102225768.000000 3409036.000000 
101685786.000000 3425454.000000 
103958276.000000 3295610.000000 
74444504.000000 6427742.000000 
81958178.000000 4715720.000000 
81755862.000000 4761942.000000 
79822132.000000 5675734.000000 
81580600.000000 4890548.000000 
71960090.000000 8599298.000000 
101551652.000000 3489316.000000 
81463448.000000 5516910.000000 
75736098.000000 5861346.000000 
84703950.000000 3503310.000000 
74258292.000000 6962716.000000 
73423706.000000 7265270.000000 

73868402.000000 5719578.000000 
91942512.000000 3975804.000000 
83194710.000000 4637520.000000 
79754416.000000 4689474.000000 
90470878.000000 4262942.000000 
73270728.000000 6356546.000000 
73862554.000000 6310684.000000 
76035326.000000 5604982.000000 
76496872.000000 5072442.000000 
89222730.000000 4276288.000000 
88951066.000000 4326946.000000 
67531074.000000 6530066.000000 
65137828.000000 7336090.000000 
82671854.000000 4683184.000000 
63780670.000000 12149008.000000 
88732246.000000 4398118.000000 
88467602.000000 4448988.000000 
89143760.000000 4320664.000000 

95150290.000000 4263870.000000 
79718694.000000 5648276.000000 
78721572.000000 5694510.000000 
87624434.000000 4566068.000000 
113798374.000000 3628916.000000 
97516990.000000 4056792.000000 
100409034.000000 4031536.000000 
75891584.000000 5850160.000000 
75018038.000000 6289614.000000 
67021718.000000 11552634.000000 
71385854.000000 8172196.000000 
69826738.000000 9564964.000000 
100552916.000000 3934220.000000 
82171162.000000 4818364.000000 
80352566.000000 5439034.000000 
88660986.000000 4549362.000000 
97385778.000000 4071916.000000 
90404658.000000 4510276.000000 
69501978.000000 10507260.000000 
73878078.000000 7233970.000000 
73689806.000000 7529938.000000 
85706848.000000 4766374.000000 
89266778.000000 4522112.000000 
93597900.000000 4483338.000000 

72350510.000000 7186504.000000 
85776348.000000 4778760.000000 
84682756.000000 4861160.000000 
67685164.000000 7698066.000000 
117417476.000000 3621324.000000 
75173766.000000 5433034.000000 
77616844.000000 5199872.000000 
75142156.000000 5444554.000000 
97288880.000000 3863770.000000 
77960782.000000 5132358.000000 
75486902.000000 5373104.000000 
74849676.000000 5516754.000000 
69627632.000000 7682084.000000 
82332522.000000 4976860.000000 
89233194.000000 4663478.000000 
86216044.000000 4740366.000000 
96847604.000000 4057402.000000 
96986582.000000 3934050.000000 
91017540.000000 4281262.000000 
95003414.000000 4109014.000000 
70173182.000000 7418864.000000 
109904312.000000 3681872.000000 
106974040.000000 3683248.000000 
106323062.000000 3773624.000000 
72838346.000000 6028394.000000 
93546388.000000 4197496.000000 

124312084.000000 4131872.000000 
82914760.000000 5098838.000000 
73222178.000000 6724176.000000 
73720996.000000 6714684.000000 
66387870.000000 8440462.000000 
66284250.000000 8451806.000000 
121268670.000000 4155756.000000 
121691782.000000 4145432.000000 
106655782.000000 4202996.000000 
75871374.000000 5443710.000000 
99506866.000000 4271752.000000 
108808512.000000 4190938.000000 
66664380.000000 7640576.000000 
67966734.000000 7087720.000000 
74866990.000000 6441972.000000 
86575880.000000 5073740.000000 
72691088.000000 6764976.000000 
97089638.000000 4363550.000000 
89019940.000000 4906596.000000 
77898456.000000 5203718.000000 
75655574.000000 5880120.000000 
87986044.000000 4932740.000000 
87846918.000000 4980088.000000 
83830126.000000 5078192.000000 
90550388.000000 4511744.000000 
89084758.000000 4628382.000000 
79718100.000000 5109720.000000 
75423648.000000 6151606.000000 

69595856.000000 6900202.000000 
70677490.000000 6328040.000000 
73049766.000000 6273538.000000 
69336430.000000 7112372.000000 
69070216.000000 7130462.000000 
72338904.000000 6286436.000000 
68188346.000000 7386146.000000 
69577056.000000 6934008.000000 
68391186.000000 7145148.000000 
105375998.000000 3529586.000000 
93350488.000000 3536304.000000 
92206692.000000 3941006.000000 
66060660.000000 7675000.000000 
77031046.000000 4477266.000000 
74829638.000000 5284212.000000 
75515328.000000 4957998.000000 

99371660.000000 4339936.000000 
106920030.000000 4243040.000000 
72206936.000000 5691348.000000 
74922670.000000 5639818.000000 
83438078.000000 5468524.000000 
66307938.000000 7465286.000000 
85762694.000000 4852026.000000 
82832234.000000 5540776.000000 
84501238.000000 4906746.000000 
104475794.000000 4263184.000000 
95846540.000000 4550482.000000 
67578682.000000 6890676.000000 

125584430.000000 4024750.000000 
80534296.000000 5171920.000000 
103391754.000000 4072072.000000 
66632044.000000 6342726.000000 
65140566.000000 8549380.000000 
66393586.000000 8383534.000000 
82944662.000000 4515158.000000 
85762842.000000 4239978.000000 
90955094.000000 4112280.000000 
96526212.000000 4083872.000000 
90051196.000000 4146508.000000 
82637738.000000 5089252.000000 
68353406.000000 5802958.000000 
79797792.000000 5355518.000000 
72121842.000000 5360086.000000 
71327246.000000 5554972.000000 
71296470.000000 5564250.000000 

74312794.000000 5465942.000000 
73039380.000000 6652884.000000 
68189152.000000 8896004.000000 
94868702.000000 4114742.000000 
90120818.000000 4272402.000000 
68190980.000000 8875414.000000 
68064162.000000 8911834.000000 
85881368.000000 4584900.000000 
69640178.000000 6982954.000000 
80152850.000000 5409948.000000 
80312900.000000 4998222.000000 
126908574.000000 3655282.000000 
105783952.000000 3697884.000000 
97660322.000000 3834610.000000 
93202080.000000 4184512.000000 
65330214.000000 9654304.000000 
89966964.000000 4383008.000000 
88581340.000000 4385774.000000 
72781604.000000 6731740.000000 

85876574.000000 4385592.000000 
84602520.000000 4386266.000000 
80914910.000000 4725692.000000 
94035834.000000 3960640.000000 
93478376.000000 4178560.000000 
96097988.000000 3906434.000000 
67632338.000000 6589234.000000 
71179856.000000 5708716.000000 
98363118.000000 3894714.000000 
90881514.000000 4210560.000000 
91836086.000000 4209508.000000 
93644590.000000 4040926.000000 
67275202.000000 9272480.000000 
77265588.000000 5397332.000000 
114619734.000000 3761952.000000 
78452700.000000 5238312.000000 
79423744.000000 5021468.000000 

81182796.000000 5677042.000000 
90002498.000000 3846642.000000 
82771420.000000 4893780.000000 
85080656.000000 4598690.000000 
70561638.000000 6673424.000000 
70995860.000000 6613260.000000 
70892866.000000 6654298.000000 
88661674.000000 3883650.000000 
81417094.000000 4972772.000000 
86827208.000000 4247304.000000 
93289786.000000 3773246.000000 
72784790.000000 6229740.000000 
75690504.000000 5859608.000000 
98572404.000000 3719512.000000 
67648978.000000 7062070.000000 
68188052.000000 6977020.000000 
69671594.000000 6797070.000000 
72132714.000000 6270540.000000 

