62616460.000000 25963576.000000 
66846766.000000 25441058.000000 
50723130.000000 30985304.000000 
51454760.000000 30615592.000000 
53355622.000000 27349644.000000 
52133238.000000 28611848.000000 
45143440.000000 37823624.000000 
44954484.000000 37830976.000000 
43637006.000000 39923146.000000 
57248842.000000 26967242.000000 
57603380.000000 26741500.000000 
48353502.000000 31578718.000000 
43231044.000000 41913760.000000 
43425586.000000 41869698.000000 
45631618.000000 36992276.000000 
45442662.000000 36999628.000000 
43486988.000000 40071426.000000 
43831236.000000 39868076.000000 
43975136.000000 39287314.000000 
44125154.000000 39139034.000000 
44319384.000000 39083964.000000 
46085738.000000 35869076.000000 
46573916.000000 35037728.000000 
48077292.000000 34974468.000000 
74037726.000000 24741604.000000 
70705162.000000 25144420.000000 

46527654.000000 37111980.000000 
45236200.000000 39903626.000000 
66351290.000000 23096080.000000 
44850296.000000 40305252.000000 
60591466.000000 24034004.000000 
60458802.000000 24036328.000000 
44944958.000000 39942688.000000 
57092256.000000 25014312.000000 
53678000.000000 28192776.000000 
53669672.000000 28195274.000000 
54568600.000000 27514558.000000 
50207946.000000 29449890.000000 
46755362.000000 31584934.000000 
45248930.000000 37262644.000000 
66038404.000000 23747316.000000 
77507938.000000 21444290.000000 
69257918.000000 21620434.000000 
68940568.000000 22417764.000000 

46441998.000000 43747832.000000 
47520804.000000 39434050.000000 
64054896.000000 21098662.000000 
72464692.000000 21039820.000000 
55856350.000000 27202706.000000 
55595196.000000 28351010.000000 
51640774.000000 30502968.000000 
51115306.000000 31578358.000000 
50622158.000000 32742288.000000 
49229156.000000 33262142.000000 
48929130.000000 33790622.000000 
60231496.000000 25194772.000000 
60520422.000000 24153262.000000 
56493678.000000 26234456.000000 
46698350.000000 40541190.000000 
63678994.000000 22937290.000000 
63555596.000000 23206422.000000 
60061054.000000 25427924.000000 
52698764.000000 29011586.000000 
54985200.000000 28693924.000000 
45595920.000000 45279036.000000 
48309954.000000 36984708.000000 
48864656.000000 35611712.000000 
52197122.000000 30174454.000000 
50592752.000000 32855460.000000 
51984084.000000 30429016.000000 
51503980.000000 31505236.000000 
49965874.000000 32928708.000000 
50805694.000000 32600194.000000 
42698284.000000 57912842.000000 
44262306.000000 49501518.000000 
45450276.000000 46966586.000000 

46936446.000000 40079932.000000 
48511468.000000 35058360.000000 
48309552.000000 35206266.000000 
48110030.000000 35565058.000000 
47683622.000000 36201586.000000 
60071430.000000 25250088.000000 
44551138.000000 44263826.000000 
45136736.000000 41733110.000000 
43331998.000000 47333904.000000 
69485084.000000 23470372.000000 
51146906.000000 31541156.000000 
49932598.000000 32136392.000000 
51335538.000000 31128018.000000 
54548100.000000 29600562.000000 
48541408.000000 32701920.000000 
53552760.000000 30595482.000000 
42731990.000000 57925194.000000 
49750138.000000 32472288.000000 
46671086.000000 41062638.000000 
47398170.000000 36689266.000000 
51043672.000000 32062240.000000 
69562712.000000 23239728.000000 
56526504.000000 27988308.000000 
72351778.000000 21171434.000000 
75512852.000000 20470258.000000 
75595352.000000 20383040.000000 
54983568.000000 28930320.000000 
58259362.000000 26036852.000000 
63534816.000000 23503472.000000 
62597642.000000 24832958.000000 

48587604.000000 42559580.000000 
46282612.000000 45634334.000000 
66298794.000000 26613450.000000 
55173940.000000 33604974.000000 
70602138.000000 26528270.000000 
53223264.000000 33674998.000000 
56691592.000000 31070720.000000 
51690144.000000 36233746.000000 
51303952.000000 36353996.000000 
50192588.000000 38681938.000000 
52196560.000000 35334862.000000 
47102818.000000 43236790.000000 
61198608.000000 28314348.000000 
63674184.000000 26839800.000000 
60242822.000000 30172090.000000 
76919428.000000 25721208.000000 
72024800.000000 25973142.000000 
69992534.000000 26531622.000000 
49104242.000000 41489742.000000 
46807050.000000 44366016.000000 
60130574.000000 30219834.000000 
57839920.000000 30580718.000000 
60778892.000000 29057416.000000 

43560280.000000 55360520.000000 
44382196.000000 51088958.000000 
44659052.000000 50826132.000000 
48263520.000000 46729358.000000 
39797762.000000 64968764.000000 
40028814.000000 64447788.000000 
49221696.000000 42623156.000000 
49189872.000000 43226692.000000 
46575638.000000 49996316.000000 
74991570.000000 22305034.000000 
42317724.000000 60590706.000000 
40723838.000000 64208800.000000 
41175582.000000 63772102.000000 
45329992.000000 50587144.000000 
46842158.000000 48791422.000000 
50042414.000000 37422502.000000 
49733362.000000 40753442.000000 
55721368.000000 27988664.000000 
64857508.000000 23968348.000000 
74439986.000000 22333732.000000 
51943000.000000 29875916.000000 
55481318.000000 28373192.000000 
58932814.000000 25620342.000000 
65561096.000000 23906448.000000 
50625832.000000 31925186.000000 
67082540.000000 23013900.000000 
53860648.000000 29243740.000000 
56488896.000000 25980114.000000 
60707906.000000 24922592.000000 
52408018.000000 29563044.000000 
56844084.000000 25953082.000000 
61954410.000000 24093888.000000 
61063094.000000 24895560.000000 
68503612.000000 22792460.000000 
67372498.000000 22910030.000000 
68949928.000000 22422426.000000 
50351072.000000 31973842.000000 
51569776.000000 31458882.000000 
49942440.000000 37670798.000000 
78565984.000000 22249074.000000 
74917366.000000 22308570.000000 

41787768.000000 60618386.000000 
41283174.000000 60766906.000000 
45258174.000000 48184836.000000 
43591982.000000 51268976.000000 
44963554.000000 50487254.000000 
48934088.000000 37482384.000000 
47228390.000000 37557536.000000 
45315112.000000 47839396.000000 
44339582.000000 50992956.000000 
46441952.000000 46689992.000000 
45837720.000000 46875466.000000 
49915324.000000 37149892.000000 
61855498.000000 22840834.000000 
87944234.000000 20749420.000000 
84979826.000000 20812280.000000 
53332788.000000 31140130.000000 
56528088.000000 25865762.000000 
63417598.000000 21415352.000000 
50360936.000000 36140060.000000 
51254006.000000 33045044.000000 
52725480.000000 32969854.000000 
65666982.000000 20996966.000000 
61463112.000000 24417886.000000 
61231650.000000 25103514.000000 
50826578.000000 35724142.000000 
52896794.000000 32278608.000000 
83905352.000000 20845668.000000 

43600370.000000 53952472.000000 
44820898.000000 44642234.000000 
44655094.000000 44758766.000000 
45584074.000000 39188554.000000 
51528074.000000 32353298.000000 
51455024.000000 32356324.000000 
54103576.000000 28288588.000000 
64502606.000000 23861236.000000 
61428954.000000 24031142.000000 
65616818.000000 23435838.000000 
47590736.000000 38103284.000000 
50586328.000000 33065818.000000 
47810608.000000 37574072.000000 
48988238.000000 36137110.000000 
51592450.000000 28568412.000000 
45188444.000000 39867176.000000 
44641536.000000 45750816.000000 
54886506.000000 28276190.000000 
55138836.000000 24817820.000000 
49818632.000000 33554256.000000 

74015290.000000 20560716.000000 
43590478.000000 47795802.000000 
43699438.000000 46917196.000000 
44016730.000000 43529072.000000 
44327400.000000 43278026.000000 
44449468.000000 43059706.000000 
72189946.000000 21133274.000000 
66511354.000000 21150836.000000 
63046432.000000 23242164.000000 
54220736.000000 29229278.000000 
57343234.000000 25200608.000000 
53184218.000000 34887388.000000 
61143656.000000 23620478.000000 
43908252.000000 46202634.000000 
43821650.000000 46692596.000000 
43177576.000000 48742682.000000 
43285178.000000 48037180.000000 
65699898.000000 22837674.000000 
57260104.000000 25582958.000000 
56822966.000000 26175324.000000 
48270012.000000 38908654.000000 
48728814.000000 37122176.000000 
53614488.000000 31702474.000000 
54182036.000000 31235886.000000 
62546268.000000 23262760.000000 
50616392.000000 36371788.000000 
55679190.000000 27278088.000000 
72492440.000000 20857132.000000 
65739058.000000 22129822.000000 
54685610.000000 29133056.000000 
78508242.000000 20544400.000000 
57964790.000000 24052814.000000 
52972138.000000 35764460.000000 
47371516.000000 39989098.000000 

51079122.000000 31649526.000000 
51475776.000000 31385818.000000 
71943284.000000 24985320.000000 
68826398.000000 25165046.000000 
67615460.000000 25299108.000000 
47660752.000000 42559512.000000 
54136150.000000 29438218.000000 
54589782.000000 29369328.000000 
47904296.000000 37500180.000000 
48201604.000000 37289136.000000 
50296924.000000 34933984.000000 
49329606.000000 35059842.000000 
45283594.000000 47696462.000000 
46120380.000000 45948988.000000 
43906098.000000 51866894.000000 
46913860.000000 45891816.000000 
47596152.000000 43140114.000000 
49249600.000000 36178468.000000 
48650110.000000 36850550.000000 
50405406.000000 34051200.000000 
50532430.000000 34043260.000000 
75634378.000000 24934996.000000 
52951676.000000 29584344.000000 
51630032.000000 31231384.000000 
45801744.000000 46190036.000000 
45231808.000000 49217464.000000 
47251808.000000 45647016.000000 
52384104.000000 30929732.000000 
57910490.000000 25475586.000000 
78993422.000000 24731572.000000 

69331830.000000 19432588.000000 
70262134.000000 19006742.000000 
78278184.000000 18594760.000000 
51841594.000000 27598834.000000 
52809346.000000 23610752.000000 
47465774.000000 33468656.000000 
48393380.000000 32346478.000000 
74188968.000000 18919322.000000 
57512946.000000 21142226.000000 
79621370.000000 18480918.000000 
79807068.000000 18052960.000000 
66664936.000000 20089608.000000 
51129684.000000 29110052.000000 
66185112.000000 20719290.000000 
66307738.000000 20159932.000000 
67026058.000000 19733118.000000 
57107882.000000 22586234.000000 
56272388.000000 22600610.000000 
81404724.000000 18044388.000000 
46403556.000000 38044182.000000 

45633868.000000 38431754.000000 
46301342.000000 34938314.000000 
47207150.000000 34913222.000000 
47497838.000000 29602492.000000 
46826238.000000 34929590.000000 
51783778.000000 27319094.000000 
69219514.000000 23509570.000000 
46083910.000000 37392928.000000 
56672998.000000 25962318.000000 
59897094.000000 25936720.000000 
45006136.000000 54486000.000000 

43165136.000000 54827426.000000 
43542740.000000 53141738.000000 
70014954.000000 24927836.000000 
72930494.000000 23887866.000000 
45453460.000000 47603348.000000 
71591522.000000 24282304.000000 
45442016.000000 49718736.000000 
45331792.000000 50976230.000000 
47347578.000000 39812440.000000 
59495526.000000 26288072.000000 
46427482.000000 45648734.000000 
46488878.000000 44427624.000000 
52788262.000000 31925814.000000 
60497252.000000 25596520.000000 
57873300.000000 26783934.000000 
54507224.000000 28861724.000000 
48813260.000000 33227420.000000 
48818306.000000 32916998.000000 
52888460.000000 31247034.000000 
48300794.000000 34902948.000000 
48305840.000000 34592526.000000 
50213774.000000 32644208.000000 
56190754.000000 28161866.000000 
53320526.000000 29517708.000000 
53102674.000000 29809226.000000 
43954132.000000 52827734.000000 
44692638.000000 51977930.000000 
47219876.000000 41320466.000000 
47899254.000000 38534496.000000 
51206598.000000 32519676.000000 
59904470.000000 25812456.000000 
52634254.000000 31975372.000000 
51282272.000000 32192756.000000 
53969388.000000 29387984.000000 
52408448.000000 32067860.000000 
53029578.000000 30512208.000000 
72718928.000000 24077954.000000 
69796970.000000 25183806.000000 
71376044.000000 24439080.000000 

45466974.000000 45547628.000000 
69498154.000000 24010114.000000 
78426466.000000 22589980.000000 
70683510.000000 22915498.000000 
46806296.000000 36885316.000000 
45868212.000000 38521990.000000 
46723186.000000 37620126.000000 
53030714.000000 27843634.000000 
52367012.000000 28250450.000000 
50349268.000000 28741360.000000 
69598492.000000 23249780.000000 
54893850.000000 24747748.000000 
55292796.000000 24598570.000000 
48706602.000000 30879386.000000 
53094672.000000 27753144.000000 
65920706.000000 24175764.000000 
67616396.000000 24037162.000000 
66735684.000000 24064244.000000 
46930674.000000 32115478.000000 
65333686.000000 24373366.000000 
72765790.000000 22757530.000000 
45011356.000000 48231782.000000 

80488466.000000 23071972.000000 
70901614.000000 23314374.000000 
42740148.000000 46096472.000000 
41536282.000000 47555824.000000 
41904594.000000 46972186.000000 
41833128.000000 47201070.000000 
42406696.000000 46347472.000000 
41480082.000000 51573280.000000 
63139000.000000 25447792.000000 
47077736.000000 42688748.000000 
45272228.000000 42966226.000000 
68111880.000000 23464286.000000 
67776898.000000 23528306.000000 
47968298.000000 40367050.000000 
48308242.000000 38051438.000000 
57939360.000000 31150886.000000 
49285604.000000 37165890.000000 
52203122.000000 34489082.000000 
47640828.000000 40869994.000000 
47954570.000000 40508540.000000 
49485018.000000 34764518.000000 
58485578.000000 28119190.000000 
58351692.000000 28992082.000000 
57263722.000000 32510986.000000 
55775584.000000 32645098.000000 
55088606.000000 32725960.000000 
50864492.000000 34567964.000000 
54220428.000000 33466578.000000 
53954016.000000 33497178.000000 
62543666.000000 28015532.000000 
43662600.000000 45128976.000000 
43741940.000000 44935364.000000 
49476546.000000 37132538.000000 
48090704.000000 39544050.000000 
49934084.000000 34650910.000000 
53290020.000000 33549524.000000 
53023608.000000 33580124.000000 
46857330.000000 42959554.000000 

48690292.000000 37938326.000000 
45507068.000000 41103344.000000 
46262282.000000 39725800.000000 
44950620.000000 42055064.000000 
50446936.000000 34154694.000000 
61161572.000000 29232658.000000 
55583008.000000 32800562.000000 
54692704.000000 33608552.000000 
57258756.000000 30369612.000000 
43969398.000000 42968600.000000 
48353046.000000 38658550.000000 
44134650.000000 42923978.000000 
64194196.000000 25023864.000000 
64194122.000000 26053196.000000 
62140648.000000 26478706.000000 
44550980.000000 42760548.000000 
56833826.000000 30735376.000000 
46001378.000000 40928036.000000 
58552222.000000 30091516.000000 
59498978.000000 29940068.000000 
45302744.000000 41384844.000000 
62858148.000000 26228198.000000 

41636674.000000 36511998.000000 
41456382.000000 40740630.000000 
40190210.000000 44124268.000000 
47238626.000000 29233056.000000 
38189818.000000 45890312.000000 
35921398.000000 51783038.000000 
35510548.000000 52515502.000000 
37019582.000000 51637784.000000 
43885582.000000 33291468.000000 
47937970.000000 28664124.000000 
45332970.000000 33170756.000000 
46141694.000000 31237234.000000 
49732708.000000 27430842.000000 
50124228.000000 25106492.000000 
45774406.000000 32428954.000000 
46082134.000000 32088568.000000 
49223334.000000 27901456.000000 
46437200.000000 29631828.000000 
46751828.000000 29290762.000000 
57847030.000000 24916066.000000 
58380166.000000 22592518.000000 
61615264.000000 22127038.000000 
58976050.000000 22526754.000000 
61019380.000000 22192802.000000 

53655810.000000 34179022.000000 
52025548.000000 34434968.000000 
71105072.000000 21182370.000000 
48898340.000000 36701106.000000 
48714366.000000 36929702.000000 
47018670.000000 37181856.000000 
51032576.000000 36046910.000000 
61367040.000000 25975880.000000 
54897736.000000 29225638.000000 
57662388.000000 26179042.000000 
54503764.000000 33876290.000000 
65076986.000000 24954908.000000 
57151434.000000 27812320.000000 
55647848.000000 28065894.000000 
67703864.000000 22773258.000000 
65914426.000000 22773804.000000 
63408962.000000 25350458.000000 

43708246.000000 42451140.000000 
60712690.000000 24867054.000000 
44624176.000000 39642814.000000 
47866442.000000 34034260.000000 
47687406.000000 34498614.000000 
46108980.000000 36057644.000000 
51151426.000000 32724198.000000 
52318820.000000 25303972.000000 
49662744.000000 32889350.000000 
51360570.000000 31306006.000000 
48437384.000000 33773118.000000 
53313350.000000 25157280.000000 
54858478.000000 24991266.000000 
58904350.000000 24876752.000000 
51611388.000000 26731332.000000 
46403562.000000 35385540.000000 
44826512.000000 36944570.000000 
72853250.000000 23802268.000000 
67237608.000000 23853034.000000 
64613108.000000 24091356.000000 
62708186.000000 24838548.000000 
65411994.000000 24011924.000000 

48586908.000000 33501676.000000 
58558276.000000 25274674.000000 
54578422.000000 26804858.000000 
44645200.000000 43707056.000000 
45688578.000000 41834022.000000 
48492330.000000 33928554.000000 
42424792.000000 45450172.000000 
40963936.000000 51079022.000000 
41282140.000000 46603960.000000 
43239020.000000 44194708.000000 
54067958.000000 28000156.000000 
46322880.000000 36309256.000000 
62919066.000000 24450718.000000 
63151420.000000 24272096.000000 
56202692.000000 26659926.000000 
47619920.000000 34004476.000000 
45578300.000000 42258228.000000 
47277470.000000 36208540.000000 
49017282.000000 30792180.000000 
49136058.000000 30585448.000000 
66305332.000000 23312660.000000 
45593206.000000 42167804.000000 
46062988.000000 37694666.000000 
46114142.000000 37509666.000000 
51167818.000000 28259930.000000 
49008898.000000 32186590.000000 
52498682.000000 28013048.000000 
51285986.000000 28078272.000000 
45727616.000000 40700518.000000 
65905694.000000 23455180.000000 
70378754.000000 23301830.000000 
48554812.000000 33923540.000000 
47874628.000000 33991380.000000 
45973676.000000 39214860.000000 
47589444.000000 34746814.000000 
45309720.000000 42806270.000000 

75593604.000000 21993636.000000 
47407052.000000 37505384.000000 
47167210.000000 38388116.000000 
50659442.000000 33333766.000000 
52862976.000000 28200900.000000 
52308392.000000 30646314.000000 
58860994.000000 24984272.000000 
59249620.000000 24941314.000000 
56945494.000000 26458480.000000 
52254538.000000 32180508.000000 
50822298.000000 32451034.000000 
59642204.000000 22698468.000000 
68105640.000000 22042332.000000 
58422110.000000 25257012.000000 
57872116.000000 26269194.000000 
61818806.000000 22208432.000000 
50504898.000000 36117680.000000 
49464352.000000 36944446.000000 
55241148.000000 26815756.000000 
49489786.000000 36906998.000000 

48182636.000000 42716554.000000 
45882700.000000 46877150.000000 
42251750.000000 67168384.000000 
42742342.000000 50769094.000000 
43311150.000000 50649158.000000 
42423004.000000 52218476.000000 
47335460.000000 43834388.000000 
46695896.000000 44231920.000000 
52062614.000000 33525846.000000 
48817278.000000 40388432.000000 
49411472.000000 37422926.000000 
49411248.000000 40204984.000000 
53219144.000000 26953766.000000 
47273218.000000 44023912.000000 
52215178.000000 30086968.000000 
42337568.000000 58811342.000000 
48599816.000000 42504222.000000 
45566782.000000 50560138.000000 
47906526.000000 43503578.000000 
51673024.000000 34828024.000000 
50876490.000000 35202270.000000 
49648016.000000 35258566.000000 
60164076.000000 26658542.000000 

65085278.000000 24532064.000000 
65099966.000000 24508794.000000 
60396466.000000 25241362.000000 
53011856.000000 31542292.000000 
53810558.000000 30777036.000000 
58179260.000000 28664508.000000 
57672110.000000 29224646.000000 
50701884.000000 32254474.000000 
62391730.000000 24781312.000000 
58876942.000000 26871870.000000 
58768270.000000 26901544.000000 
50471998.000000 33042814.000000 
44210526.000000 40232700.000000 
50286794.000000 34405466.000000 
45087126.000000 38558158.000000 
45010382.000000 38562282.000000 
52463688.000000 32138114.000000 
47263210.000000 36733176.000000 
49785210.000000 34555738.000000 
49492760.000000 34894866.000000 
48175020.000000 35317208.000000 
56803282.000000 30257608.000000 
43450358.000000 43775462.000000 
44047592.000000 43272710.000000 

45494412.000000 49349498.000000 
67439954.000000 22229052.000000 
59033232.000000 24128478.000000 
64882114.000000 22424980.000000 
63595716.000000 24013814.000000 
64572082.000000 23387100.000000 
46358396.000000 46442126.000000 
46113628.000000 48871706.000000 
50926856.000000 29453716.000000 
59099430.000000 24015352.000000 
51942622.000000 26395606.000000 
51629378.000000 26615500.000000 
50751084.000000 29879876.000000 
50149972.000000 30030722.000000 
49971506.000000 31656030.000000 
56605270.000000 24476892.000000 
56518548.000000 24585086.000000 
52366524.000000 25323944.000000 
46588664.000000 46391300.000000 
47970504.000000 44702142.000000 
47732400.000000 44769828.000000 
48736316.000000 39533584.000000 
51551830.000000 27423326.000000 
49087084.000000 34109176.000000 
51960338.000000 25921034.000000 
49877952.000000 31971388.000000 
44912914.000000 58198600.000000 
48804142.000000 39481216.000000 
45398238.000000 52714852.000000 

73544764.000000 23426190.000000 
54113862.000000 31287536.000000 
50428012.000000 32061210.000000 
48598646.000000 37922706.000000 
49853238.000000 37286494.000000 
78020062.000000 23103090.000000 
62145696.000000 23799768.000000 
54182880.000000 27378430.000000 
57086150.000000 25659382.000000 
49915008.000000 34317914.000000 
44729874.000000 51046294.000000 
45230058.000000 49018442.000000 

48116774.000000 42862836.000000 
54383668.000000 28170340.000000 
49449976.000000 33285926.000000 
52365258.000000 28205974.000000 
51467626.000000 33257492.000000 

38877724.000000 49793776.000000 
52135708.000000 27624068.000000 
49342544.000000 36018006.000000 
45254576.000000 39331848.000000 
45107010.000000 41132446.000000 
45929624.000000 37171538.000000 
49779534.000000 35237936.000000 
41163480.000000 46820834.000000 
43998794.000000 45673894.000000 
44804840.000000 41538692.000000 
44663360.000000 42175338.000000 
44551676.000000 43955706.000000 
39801124.000000 47085228.000000 
39266606.000000 49601992.000000 
42502514.000000 45954672.000000 
44238724.000000 44818886.000000 
51369568.000000 30504584.000000 
53483514.000000 27461010.000000 

64718704.000000 22131424.000000 
45882190.000000 40567210.000000 
46514054.000000 39328724.000000 
48456208.000000 39207684.000000 
49653440.000000 38590400.000000 
52111618.000000 33920502.000000 
51060268.000000 34383064.000000 
64792080.000000 20691710.000000 
58198422.000000 25968936.000000 
56295826.000000 26297840.000000 
53603766.000000 31421690.000000 
53586844.000000 31743292.000000 
69917248.000000 19813158.000000 
70294274.000000 19811186.000000 
68477328.000000 19837236.000000 
46124198.000000 39602626.000000 
50155870.000000 36909682.000000 
59232306.000000 23390258.000000 
53871188.000000 30979968.000000 
59971634.000000 23335088.000000 
55982242.000000 29260948.000000 
55116996.000000 29315434.000000 
53405468.000000 32809944.000000 
52628442.000000 33124196.000000 
54346282.000000 29625330.000000 
49600984.000000 38847970.000000 
45125470.000000 47282854.000000 
46198954.000000 39589102.000000 
45256668.000000 46292482.000000 
52860490.000000 33021380.000000 

57304736.000000 28019714.000000 
38256262.000000 48425328.000000 
38258660.000000 47846638.000000 
62736856.000000 26490902.000000 
39082824.000000 46952734.000000 
38609830.000000 47815558.000000 
39279730.000000 46219986.000000 
40916218.000000 44209244.000000 
42995098.000000 37689922.000000 
43072082.000000 34349968.000000 
47549888.000000 31379022.000000 
50886042.000000 29346218.000000 
48590522.000000 30980852.000000 
49988972.000000 30344174.000000 
55949124.000000 29085402.000000 
41967938.000000 42063964.000000 
40781572.000000 45996020.000000 
40726714.000000 46014374.000000 
59902680.000000 27303120.000000 
55725192.000000 29104916.000000 
49412386.000000 30382756.000000 

45983636.000000 32980970.000000 
49612500.000000 26709418.000000 
49186534.000000 28848510.000000 
73708694.000000 20340858.000000 
67413252.000000 21507462.000000 
66543882.000000 23263620.000000 
53234040.000000 23991908.000000 
51440466.000000 25919458.000000 
51135624.000000 26099084.000000 
45935792.000000 43520186.000000 
44526056.000000 44194522.000000 
50606868.000000 26689822.000000 
41996858.000000 45265700.000000 

