46235164.000000 35805394.000000 
64264226.000000 24926558.000000 
47681952.000000 34908000.000000 
67222714.000000 24378126.000000 
63140054.000000 25569702.000000 
62722504.000000 25627240.000000 
53426848.000000 27260526.000000 
71146360.000000 24371968.000000 
62715514.000000 25631526.000000 
45799758.000000 38289026.000000 
43637006.000000 39923146.000000 
52405292.000000 28459922.000000 
48353502.000000 31578718.000000 
72290796.000000 24053880.000000 
46723342.000000 34974046.000000 
43231044.000000 41913760.000000 
43425586.000000 41869698.000000 
43975136.000000 39287314.000000 
43486988.000000 40071426.000000 
43831236.000000 39868076.000000 
44125154.000000 39139034.000000 
51937398.000000 30706524.000000 
53355622.000000 27349644.000000 
54928666.000000 25683074.000000 
44319384.000000 39083964.000000 
46573916.000000 35037728.000000 
46085738.000000 35869076.000000 
66208934.000000 24862114.000000 

45248930.000000 37262644.000000 
69523006.000000 20934216.000000 
45236200.000000 39903626.000000 
55409492.000000 26444576.000000 
56671690.000000 25734576.000000 
56995388.000000 25166278.000000 
50062788.000000 31247778.000000 
44850296.000000 40305252.000000 
62160970.000000 23331032.000000 
66330164.000000 22210436.000000 
52175546.000000 27683906.000000 
67291310.000000 21797994.000000 
72338548.000000 20649436.000000 
69849598.000000 20883904.000000 
54774418.000000 27216300.000000 
44944958.000000 39942688.000000 
57092256.000000 25014312.000000 
54568600.000000 27514558.000000 
50207946.000000 29449890.000000 
46755362.000000 31584934.000000 
62450738.000000 23167114.000000 
60050068.000000 23366000.000000 
66159126.000000 22668112.000000 
69360182.000000 21504898.000000 
55151014.000000 26675746.000000 
59290008.000000 24499036.000000 
64725182.000000 22982822.000000 
68484900.000000 21654058.000000 
69257918.000000 21620434.000000 

41895782.000000 58820222.000000 
40807652.000000 62789358.000000 
55856350.000000 27202706.000000 
67954964.000000 21632152.000000 
47524656.000000 36224300.000000 
51640774.000000 30502968.000000 
51115306.000000 31578358.000000 
49229156.000000 33262142.000000 
60231496.000000 25194772.000000 
60520422.000000 24153262.000000 
56493678.000000 26234456.000000 
63678994.000000 22937290.000000 
64087216.000000 21902216.000000 
63555596.000000 23206422.000000 
64071134.000000 22606640.000000 
46356070.000000 39804030.000000 
60061054.000000 25427924.000000 
54159416.000000 28291598.000000 
42147394.000000 49408898.000000 
43547806.000000 46449672.000000 
44135888.000000 44767548.000000 
42179834.000000 46864566.000000 
43044882.000000 46554280.000000 
45112116.000000 44689790.000000 
46913542.000000 37387424.000000 
46708484.000000 38288994.000000 
47868380.000000 35895758.000000 
52197122.000000 30174454.000000 
41617884.000000 59200348.000000 
49295348.000000 32714542.000000 
48693222.000000 35687072.000000 
48822198.000000 34310598.000000 
48929130.000000 33790622.000000 
41546758.000000 61469350.000000 
53291406.000000 29342758.000000 
49875738.000000 32341448.000000 
51984084.000000 30429016.000000 
51503980.000000 31505236.000000 

61916408.000000 26681772.000000 
48511468.000000 35058360.000000 
48309552.000000 35206266.000000 
48110030.000000 35565058.000000 
47683622.000000 36201586.000000 
49932598.000000 32136392.000000 
39361900.000000 45096934.000000 
43168346.000000 43771824.000000 
45136736.000000 41733110.000000 
38226562.000000 52779954.000000 
51146906.000000 31541156.000000 
43332880.000000 42301588.000000 
46680548.000000 40554278.000000 
46604680.000000 40927908.000000 
46795318.000000 37171638.000000 
46224200.000000 41559502.000000 
69485084.000000 23470372.000000 
69054086.000000 23572538.000000 
61705206.000000 27046382.000000 
51335538.000000 31128018.000000 
54548100.000000 29600562.000000 
53001462.000000 30789430.000000 
49750138.000000 32472288.000000 
51043672.000000 32062240.000000 
46468484.000000 41551634.000000 
47398170.000000 36689266.000000 
48718896.000000 33408842.000000 
56526504.000000 27988308.000000 
59948156.000000 27349556.000000 
72351778.000000 21171434.000000 
62312910.000000 24498510.000000 
75512852.000000 20470258.000000 
75595352.000000 20383040.000000 
46779508.000000 39548826.000000 
62069282.000000 24912252.000000 

48587604.000000 42559580.000000 
50526554.000000 34777914.000000 
46789700.000000 43452546.000000 
58895098.000000 30535578.000000 
62988612.000000 27547554.000000 
63161882.000000 27004894.000000 
55173940.000000 33604974.000000 
63374294.000000 26851924.000000 
55969422.000000 31445012.000000 
56691592.000000 31070720.000000 
61569282.000000 28233328.000000 
57434050.000000 30851728.000000 
66298794.000000 26613450.000000 
76919428.000000 25721208.000000 
72024800.000000 25973142.000000 
69992534.000000 26531622.000000 
46354378.000000 45309330.000000 
45579008.000000 48537224.000000 
49359120.000000 39995452.000000 
61198608.000000 28314348.000000 
63243592.000000 26992830.000000 
61625450.000000 27838948.000000 
60130574.000000 30219834.000000 
60242822.000000 30172090.000000 
45955438.000000 45998010.000000 
50282604.000000 38304512.000000 
46480584.000000 44712322.000000 
63674184.000000 26839800.000000 
61743530.000000 27685918.000000 
49767862.000000 39442702.000000 
48846502.000000 41081532.000000 
47102818.000000 43236790.000000 
46578380.000000 44507094.000000 
45405170.000000 49772404.000000 
45931992.000000 48496932.000000 
46282612.000000 45634334.000000 
57839920.000000 30580718.000000 
60778892.000000 29057416.000000 
53593706.000000 34317298.000000 

84342362.000000 21856552.000000 
40028814.000000 64447788.000000 
44382196.000000 51088958.000000 
44659052.000000 50826132.000000 
49731092.000000 42871572.000000 
49189872.000000 43226692.000000 
49926172.000000 42619236.000000 
46575638.000000 49996316.000000 
74991570.000000 22305034.000000 
43849034.000000 57821292.000000 
43720540.000000 61359934.000000 
45329992.000000 50587144.000000 
46842158.000000 48791422.000000 
55721368.000000 27988664.000000 
64544518.000000 23773076.000000 
66139840.000000 23413456.000000 
73346888.000000 22330860.000000 
73425682.000000 22316248.000000 
76734128.000000 22090188.000000 
51943000.000000 29875916.000000 
55481318.000000 28373192.000000 
68795970.000000 22716488.000000 
50625832.000000 31925186.000000 
69117460.000000 22536876.000000 
53860648.000000 29243740.000000 
56488896.000000 25980114.000000 
52408018.000000 29563044.000000 
60707906.000000 24922592.000000 
56844084.000000 25953082.000000 
61954410.000000 24093888.000000 
61063094.000000 24895560.000000 
68503612.000000 22792460.000000 
67372498.000000 22910030.000000 
69159424.000000 22441344.000000 
50351072.000000 31973842.000000 
51569776.000000 31458882.000000 
49942440.000000 37670798.000000 
74917366.000000 22308570.000000 

41787768.000000 60618386.000000 
41283174.000000 60766906.000000 
44963554.000000 50487254.000000 
48934088.000000 37482384.000000 
47228390.000000 37557536.000000 
45315112.000000 47839396.000000 
44339582.000000 50992956.000000 
46441952.000000 46689992.000000 
49915324.000000 37149892.000000 
69354588.000000 20455296.000000 
81507032.000000 19474042.000000 
81807542.000000 19282734.000000 
79774570.000000 19605628.000000 
43682976.000000 59511594.000000 
59324210.000000 24252654.000000 
60370108.000000 22590520.000000 
56011814.000000 28852112.000000 
56238344.000000 28771026.000000 
50360936.000000 36140060.000000 
51946986.000000 34214190.000000 
53332788.000000 31140130.000000 
56528088.000000 25865762.000000 
65666982.000000 20996966.000000 
68300724.000000 20865122.000000 
74302424.000000 19964032.000000 
63417598.000000 21415352.000000 
55981426.000000 30662468.000000 
50826578.000000 35724142.000000 
78774766.000000 19756474.000000 
52712852.000000 33869934.000000 
52510890.000000 34048060.000000 
52896794.000000 32278608.000000 

68759792.000000 19777592.000000 
68480520.000000 19789962.000000 
67772504.000000 19843172.000000 
43600370.000000 53952472.000000 
44820898.000000 44642234.000000 
44655094.000000 44758766.000000 
56757450.000000 26357350.000000 
47354424.000000 39102222.000000 
45584074.000000 39188554.000000 
51999776.000000 30958336.000000 
51455024.000000 32356324.000000 
63467846.000000 20460436.000000 
65413230.000000 19959700.000000 
65184594.000000 19972322.000000 
47590736.000000 38103284.000000 
53069030.000000 30149012.000000 
50061360.000000 36438580.000000 
50586328.000000 33065818.000000 
51987680.000000 32035838.000000 
56953452.000000 23345134.000000 
57188038.000000 23330702.000000 
55001922.000000 27125090.000000 
54685086.000000 27404374.000000 
54014824.000000 27551870.000000 
54611548.000000 27413042.000000 
53962292.000000 27559626.000000 

49150792.000000 34839324.000000 
39106544.000000 52534570.000000 
43049820.000000 48239836.000000 
72189946.000000 21133274.000000 
65739058.000000 22129822.000000 
66511354.000000 21150836.000000 
63046432.000000 23242164.000000 
53815922.000000 28781922.000000 
54002142.000000 28231346.000000 
56196186.000000 26410228.000000 
57343234.000000 25200608.000000 
61143656.000000 23620478.000000 
43490484.000000 46185000.000000 
43285178.000000 48037180.000000 
65699898.000000 22837674.000000 
52982874.000000 33370114.000000 
48728814.000000 37122176.000000 
43970346.000000 39560928.000000 
44628258.000000 37865246.000000 
51892180.000000 33495420.000000 
72492440.000000 20857132.000000 
62546268.000000 23262760.000000 
51625206.000000 34826236.000000 
53216840.000000 31665010.000000 
55679190.000000 27278088.000000 
76968872.000000 20840886.000000 
78508242.000000 20544400.000000 
56805430.000000 25259818.000000 
57964790.000000 24052814.000000 
41001066.000000 48375692.000000 
40119670.000000 51847790.000000 
38806682.000000 53805942.000000 
38110790.000000 55274322.000000 
53785066.000000 30021850.000000 

55806122.000000 28954458.000000 
51079122.000000 31649526.000000 
51475776.000000 31385818.000000 
69452556.000000 23477794.000000 
68671700.000000 23581810.000000 
81364124.000000 22013078.000000 
55956640.000000 28143230.000000 
57488122.000000 27271492.000000 
73898830.000000 22152552.000000 
47904296.000000 37500180.000000 
48201604.000000 37289136.000000 
71189844.000000 22776586.000000 
54883816.000000 30249426.000000 
47596152.000000 43140114.000000 
56323910.000000 27629256.000000 
68459856.000000 23866032.000000 
71575584.000000 22674382.000000 
72493964.000000 22260770.000000 
71181940.000000 23100338.000000 
43906098.000000 51866894.000000 
46913860.000000 45891816.000000 
49249600.000000 36178468.000000 
48650110.000000 36850550.000000 
50405406.000000 34051200.000000 
83782668.000000 21402994.000000 
58824040.000000 24815020.000000 
50532430.000000 34043260.000000 
55652444.000000 28986150.000000 
53989374.000000 30571426.000000 
53750452.000000 30940314.000000 
60054764.000000 24056556.000000 
45801744.000000 46190036.000000 
45231808.000000 49217464.000000 
47251808.000000 45647016.000000 
52775298.000000 30991222.000000 
69544456.000000 23313848.000000 
57910490.000000 25475586.000000 

73931990.000000 19347292.000000 
74188968.000000 18919322.000000 
54997902.000000 24557468.000000 
47134208.000000 37305300.000000 
47302710.000000 37050344.000000 
46277148.000000 38186420.000000 
81404724.000000 18044388.000000 
79807068.000000 18052960.000000 
79621370.000000 18480918.000000 
47465774.000000 33468656.000000 
51565804.000000 27155986.000000 
58920286.000000 20788314.000000 
57512946.000000 21142226.000000 
51129684.000000 29110052.000000 
48154762.000000 33178676.000000 
48337762.000000 31722438.000000 
52407738.000000 25054700.000000 
66185112.000000 20719290.000000 
57944480.000000 20802246.000000 
56638412.000000 21156662.000000 
56272388.000000 22600610.000000 
46131048.000000 38477926.000000 
66307738.000000 20159932.000000 
67026058.000000 19733118.000000 
68525058.000000 19717162.000000 
46403556.000000 38044182.000000 

53444352.000000 27743610.000000 
47497838.000000 29602492.000000 
42539766.000000 40481574.000000 
40876326.000000 46569132.000000 
44650524.000000 35487854.000000 
37570236.000000 46784918.000000 
37401872.000000 47722166.000000 
42612572.000000 36839100.000000 
69219514.000000 23509570.000000 
53303210.000000 28815388.000000 
53202272.000000 28816530.000000 
45628886.000000 33888410.000000 
56672998.000000 25962318.000000 
59897094.000000 25936720.000000 

78676526.000000 21697274.000000 
76050130.000000 21753756.000000 
43165136.000000 54827426.000000 
43542740.000000 53141738.000000 
46518656.000000 47371908.000000 
45442016.000000 49718736.000000 
45331792.000000 50976230.000000 
69082218.000000 23872710.000000 
48278598.000000 36775008.000000 
75510006.000000 23779070.000000 
54951380.000000 28822932.000000 
53102674.000000 29809226.000000 
53320526.000000 29517708.000000 
56190754.000000 28161866.000000 
60497252.000000 25596520.000000 
59904470.000000 25812456.000000 
48813260.000000 33227420.000000 
64011926.000000 24489430.000000 
60644238.000000 24551338.000000 
56890112.000000 26001580.000000 
54909834.000000 29297864.000000 
52285814.000000 32090464.000000 
48818306.000000 32916998.000000 
52888460.000000 31247034.000000 
48305840.000000 34592526.000000 
50213774.000000 32644208.000000 
55167384.000000 28518526.000000 
53969388.000000 29387984.000000 
44692638.000000 51977930.000000 
47219876.000000 41320466.000000 
47899254.000000 38534496.000000 
51206598.000000 32519676.000000 
69810546.000000 23871394.000000 
67416610.000000 24257586.000000 
52634254.000000 31975372.000000 
51282272.000000 32192756.000000 
52408448.000000 32067860.000000 
53029578.000000 30512208.000000 

42297536.000000 44889242.000000 
72765790.000000 22757530.000000 
46806296.000000 36885316.000000 
45334304.000000 39354516.000000 
45518776.000000 39212630.000000 
45868212.000000 38521990.000000 
46723186.000000 37620126.000000 
60922544.000000 24428462.000000 
57002244.000000 26500100.000000 
44185562.000000 40001382.000000 
50349268.000000 28741360.000000 
69254918.000000 23949196.000000 
53094672.000000 27753144.000000 
57866672.000000 26256410.000000 
59577804.000000 25933980.000000 
65920706.000000 24175764.000000 
67616396.000000 24037162.000000 
66735684.000000 24064244.000000 
59682128.000000 25662916.000000 
46930674.000000 32115478.000000 
59058720.000000 26161198.000000 
65333686.000000 24373366.000000 
71306422.000000 23161266.000000 
70754478.000000 23322920.000000 

56306634.000000 29727112.000000 
47077736.000000 42688748.000000 
47265720.000000 38041326.000000 
47995212.000000 37516846.000000 
41904594.000000 46972186.000000 
41833128.000000 47201070.000000 
42406696.000000 46347472.000000 
57263802.000000 29644136.000000 
54772820.000000 32994754.000000 
60436276.000000 27826926.000000 
55081416.000000 30966532.000000 
60443314.000000 25931330.000000 
62804426.000000 24302082.000000 
54962554.000000 32356428.000000 
43147508.000000 46156190.000000 
45272228.000000 42966226.000000 
53687300.000000 33361194.000000 
79907674.000000 22195486.000000 
51124808.000000 34687992.000000 
60634948.000000 25162134.000000 
60808024.000000 24939042.000000 
63687698.000000 23115508.000000 
76078480.000000 23065922.000000 
85417256.000000 21567096.000000 
81993036.000000 21896406.000000 
76210096.000000 22438538.000000 
52203122.000000 34489082.000000 
49485018.000000 34764518.000000 
58485578.000000 28119190.000000 
58351692.000000 28992082.000000 
43662600.000000 45128976.000000 
43741940.000000 44935364.000000 
53290020.000000 33549524.000000 
53023608.000000 33580124.000000 
46857330.000000 42959554.000000 

63639322.000000 23229962.000000 
60195936.000000 25367658.000000 
59183568.000000 29798220.000000 
48690292.000000 37938326.000000 
50545522.000000 37909810.000000 
59403726.000000 29434316.000000 
45507068.000000 41103344.000000 
46262282.000000 39725800.000000 
65268530.000000 22788266.000000 
65549812.000000 22735242.000000 
44669702.000000 41592896.000000 
50916874.000000 34667564.000000 
55583008.000000 32800562.000000 
54692704.000000 33608552.000000 
54112718.000000 34295022.000000 
57258756.000000 30369612.000000 
59440690.000000 29130816.000000 
43969398.000000 42968600.000000 
58498548.000000 29938410.000000 
59424850.000000 29278802.000000 
48353046.000000 38658550.000000 
44134650.000000 42923978.000000 
67559756.000000 22719422.000000 
44550980.000000 42760548.000000 
56833826.000000 30735376.000000 
46001378.000000 40928036.000000 
45302744.000000 41384844.000000 

35921398.000000 51783038.000000 
42186264.000000 43123086.000000 
46303160.000000 34995132.000000 
44062994.000000 38075524.000000 
47188804.000000 32438852.000000 
47486422.000000 32096334.000000 
43319734.000000 42304752.000000 
73574706.000000 21409254.000000 
47976690.000000 30064644.000000 
37019582.000000 51637784.000000 
38527112.000000 47958928.000000 
39142746.000000 46419690.000000 
42101028.000000 45425640.000000 
46614516.000000 33264206.000000 
45888784.000000 35179378.000000 
49732708.000000 27430842.000000 
50124228.000000 25106492.000000 
48424826.000000 29820600.000000 
48739518.000000 29479558.000000 
49223334.000000 27901456.000000 
47725680.000000 31818196.000000 
58380166.000000 22592518.000000 
61615264.000000 22127038.000000 
58976050.000000 22526754.000000 
61019380.000000 22192802.000000 

75792992.000000 22583932.000000 
47018670.000000 37181856.000000 
60145314.000000 23920342.000000 
41978930.000000 39430686.000000 
41857488.000000 45960184.000000 
48342970.000000 36692410.000000 
49148190.000000 33272944.000000 
54897736.000000 29225638.000000 
57662388.000000 26179042.000000 
48900334.000000 35103006.000000 
48966484.000000 33875386.000000 
49503636.000000 32093688.000000 
51344410.000000 31525950.000000 
57151434.000000 27812320.000000 
55647848.000000 28065894.000000 
71539320.000000 22651632.000000 
67703864.000000 22773258.000000 
65914426.000000 22773804.000000 
41801912.000000 55063076.000000 

73306030.000000 23668846.000000 
67691588.000000 23719002.000000 
43708246.000000 42451140.000000 
66943940.000000 23816910.000000 
47687406.000000 34498614.000000 
49662744.000000 32889350.000000 
48437384.000000 33773118.000000 
46108980.000000 36057644.000000 
51151426.000000 32724198.000000 
52318820.000000 25303972.000000 
51360570.000000 31306006.000000 
46403562.000000 35385540.000000 
44826512.000000 36944570.000000 
53313350.000000 25157280.000000 
51611388.000000 26731332.000000 
54858478.000000 24991266.000000 
64736586.000000 23975350.000000 
60545800.000000 24047816.000000 
57287126.000000 24228314.000000 

48586908.000000 33501676.000000 
53978996.000000 24972312.000000 
52924372.000000 26301000.000000 
66638010.000000 22826968.000000 
45688578.000000 41834022.000000 
63880642.000000 23427468.000000 
48492330.000000 33928554.000000 
40963936.000000 51079022.000000 
41282140.000000 46603960.000000 
43239020.000000 44194708.000000 
47277470.000000 36208540.000000 
45578300.000000 42258228.000000 
47167132.000000 36617884.000000 
69824304.000000 22380238.000000 
62375544.000000 24057878.000000 
60246938.000000 24275270.000000 
49017282.000000 30792180.000000 
49136058.000000 30585448.000000 
66220082.000000 22874732.000000 
45593206.000000 42167804.000000 
48065014.000000 34586336.000000 
48554812.000000 33923540.000000 
52498682.000000 28013048.000000 
48382482.000000 33999774.000000 
45309720.000000 42806270.000000 
46062988.000000 37694666.000000 
46114142.000000 37509666.000000 
49008898.000000 32186590.000000 
45727616.000000 40700518.000000 
65390436.000000 22965616.000000 
45973676.000000 39214860.000000 
51285986.000000 28078272.000000 
44685086.000000 43799492.000000 
47182746.000000 36510090.000000 
52905570.000000 27436844.000000 
47589444.000000 34746814.000000 
51167818.000000 28259930.000000 

75593604.000000 21993636.000000 
74976624.000000 22066656.000000 
61818806.000000 22208432.000000 
45422236.000000 44289398.000000 
55241148.000000 26815756.000000 
50177212.000000 33478620.000000 
52862976.000000 28200900.000000 
61199770.000000 22709862.000000 
47324152.000000 38248344.000000 
49148046.000000 36784944.000000 
52308392.000000 30646314.000000 
52254538.000000 32180508.000000 
50822298.000000 32451034.000000 
50292018.000000 32872994.000000 
69259812.000000 22121558.000000 
49809764.000000 36026136.000000 
58422110.000000 25257012.000000 
57872116.000000 26269194.000000 
47167210.000000 38388116.000000 
47381618.000000 37542832.000000 
45742620.000000 38532940.000000 
59993666.000000 23174764.000000 

57366430.000000 26897988.000000 
61726728.000000 24744856.000000 
65935748.000000 22666120.000000 
48182636.000000 42716554.000000 
45882700.000000 46877150.000000 
42251750.000000 67168384.000000 
42742342.000000 50769094.000000 
42423004.000000 52218476.000000 
55599288.000000 29222492.000000 
53551580.000000 30312672.000000 
59031134.000000 26795316.000000 
52062614.000000 33525846.000000 
55476916.000000 29299032.000000 
52333694.000000 33427354.000000 
49411248.000000 40204984.000000 
68510776.000000 22647116.000000 
47273218.000000 44023912.000000 
42337568.000000 58811342.000000 
49268886.000000 41292744.000000 
48599816.000000 42504222.000000 
45566782.000000 50560138.000000 
47906526.000000 43503578.000000 
60286730.000000 25178726.000000 
69143250.000000 22505330.000000 
55740978.000000 29134958.000000 
56005706.000000 27194894.000000 
62481118.000000 22766804.000000 
51673024.000000 34828024.000000 
50876490.000000 35202270.000000 
49648016.000000 35258566.000000 
52928644.000000 32339026.000000 
53806448.000000 29514464.000000 
55892352.000000 28674250.000000 
59183858.000000 25991710.000000 

42752948.000000 45832382.000000 
43576742.000000 41554786.000000 
42768456.000000 43379866.000000 
59429770.000000 27857804.000000 
58179260.000000 28664508.000000 
57256268.000000 29968204.000000 
62391730.000000 24781312.000000 
60396466.000000 25241362.000000 
53011856.000000 31542292.000000 
53810558.000000 30777036.000000 
44964532.000000 39741042.000000 
57672110.000000 29224646.000000 
42673840.000000 48633530.000000 
50701884.000000 32254474.000000 
68934746.000000 24686388.000000 
49492760.000000 34894866.000000 
60206786.000000 27091130.000000 
45087126.000000 38558158.000000 
45010382.000000 38562282.000000 
52463688.000000 32138114.000000 
44210526.000000 40232700.000000 
47263210.000000 36733176.000000 
43793330.000000 40827420.000000 
43877488.000000 40703060.000000 
56803282.000000 30257608.000000 
49785210.000000 34555738.000000 
48175020.000000 35317208.000000 
42985332.000000 42641264.000000 
43069346.000000 42523184.000000 
59953660.000000 27776966.000000 
50471998.000000 33042814.000000 

67497198.000000 22372844.000000 
56348184.000000 25472112.000000 
56518548.000000 24585086.000000 
64882114.000000 22424980.000000 
44826902.000000 45964514.000000 
44535564.000000 46237648.000000 
54250690.000000 25497300.000000 
45177548.000000 38758388.000000 
64572082.000000 23387100.000000 
67979956.000000 22295850.000000 
63595716.000000 24013814.000000 
43178224.000000 48956256.000000 
48543664.000000 31057582.000000 
47650904.000000 31169794.000000 
51942622.000000 26395606.000000 
59099430.000000 24015352.000000 
57616808.000000 24480952.000000 
48752176.000000 27233118.000000 
51629378.000000 26615500.000000 
43337964.000000 48850978.000000 
42324696.000000 49051950.000000 
41837232.000000 54536408.000000 
44384438.000000 46338980.000000 
51960338.000000 25921034.000000 

73544764.000000 23426190.000000 
54495348.000000 31004670.000000 
54113862.000000 31287536.000000 
50428012.000000 32061210.000000 
48464330.000000 35719664.000000 
48449226.000000 37168970.000000 
44828358.000000 47663562.000000 
43993468.000000 50161002.000000 
44478548.000000 48461662.000000 
44338794.000000 49430864.000000 
43481210.000000 51499992.000000 
43597162.000000 51352702.000000 
44081586.000000 49666562.000000 
46376644.000000 45552496.000000 
78020062.000000 23103090.000000 
49052296.000000 32486750.000000 
50876322.000000 31536300.000000 
62145696.000000 23799768.000000 
56975260.000000 29859590.000000 
57086150.000000 25659382.000000 

48116774.000000 42862836.000000 
54383668.000000 28170340.000000 
49449976.000000 33285926.000000 
52365258.000000 28205974.000000 
51467626.000000 33257492.000000 

38877724.000000 49793776.000000 
51369568.000000 30504584.000000 
51866318.000000 25240120.000000 
51969758.000000 25203256.000000 
70935178.000000 23831902.000000 
49342544.000000 36018006.000000 
45254576.000000 39331848.000000 
45107010.000000 41132446.000000 
45929624.000000 37171538.000000 
49779534.000000 35237936.000000 
41163480.000000 46820834.000000 
43998794.000000 45673894.000000 
39801124.000000 47085228.000000 
39266606.000000 49601992.000000 
42502514.000000 45954672.000000 
44238724.000000 44818886.000000 
44963420.000000 44772670.000000 
53195112.000000 25084038.000000 
51302526.000000 31609912.000000 
56097168.000000 23934652.000000 
56201768.000000 23927384.000000 

51060268.000000 34383064.000000 
43920102.000000 48016766.000000 
41871540.000000 52628932.000000 
54909950.000000 28343378.000000 
52849380.000000 30527412.000000 
56183448.000000 25011972.000000 
52504634.000000 31248544.000000 
45563262.000000 35809018.000000 
43676310.000000 49479146.000000 
45513212.000000 38828892.000000 
45368546.000000 42386140.000000 
64792080.000000 20691710.000000 
44204792.000000 43874784.000000 
50204578.000000 34674220.000000 
50653062.000000 34613696.000000 
69917248.000000 19813158.000000 
70294274.000000 19811186.000000 
68477328.000000 19837236.000000 
51528676.000000 32548964.000000 
53561288.000000 29900088.000000 
56645966.000000 25007218.000000 
45407326.000000 39746094.000000 
59232306.000000 23390258.000000 
54346282.000000 29625330.000000 

46467622.000000 34255766.000000 
42298820.000000 43520296.000000 
38256262.000000 48425328.000000 
38258660.000000 47846638.000000 
38609830.000000 47815558.000000 
39082824.000000 46952734.000000 
41676718.000000 45305548.000000 
70725170.000000 25925626.000000 
65338018.000000 25947666.000000 
64984514.000000 26208620.000000 
50517178.000000 27382646.000000 
50217168.000000 27394586.000000 
49482510.000000 27647772.000000 
48463752.000000 33220558.000000 
49412386.000000 30382756.000000 
44973146.000000 36402052.000000 
44557958.000000 36430796.000000 
44154486.000000 37149384.000000 
43341034.000000 40786846.000000 
48590522.000000 30980852.000000 
59902680.000000 27303120.000000 
60629630.000000 26397480.000000 
60307982.000000 26655714.000000 

43834720.000000 44032794.000000 
45983636.000000 32980970.000000 
49612500.000000 26709418.000000 
49186534.000000 28848510.000000 
73708694.000000 20340858.000000 
67413252.000000 21507462.000000 
66543882.000000 23263620.000000 
53234040.000000 23991908.000000 
51440466.000000 25919458.000000 
51135624.000000 26099084.000000 
45537604.000000 40871932.000000 
45542304.000000 39564328.000000 
37890542.000000 57561292.000000 
40637608.000000 45927176.000000 
40846256.000000 45914168.000000 
50606868.000000 26689822.000000 
37873494.000000 58416546.000000 
41996858.000000 45265700.000000 
45360886.000000 43376578.000000 
45282184.000000 43860618.000000 
38645278.000000 52844082.000000 
36993662.000000 61923176.000000 

