59287894.000000 26369008.000000 
52405292.000000 28459922.000000 
50807826.000000 30454152.000000 
43831236.000000 39868076.000000 
44319384.000000 39083964.000000 
53355622.000000 27349644.000000 
52443094.000000 27526878.000000 
46274694.000000 35861724.000000 
58841070.000000 26473780.000000 
47766184.000000 34955678.000000 
53426848.000000 27260526.000000 
57549776.000000 26776982.000000 
48100322.000000 33426498.000000 
48353502.000000 31578718.000000 
43637006.000000 39923146.000000 
57248842.000000 26967242.000000 
57603380.000000 26741500.000000 
70637400.000000 24747762.000000 
45864032.000000 36922564.000000 
57195238.000000 27002724.000000 
60561904.000000 25813024.000000 
63140054.000000 25569702.000000 
51872106.000000 29151868.000000 
63315016.000000 24968036.000000 
45442662.000000 36999628.000000 
44169366.000000 39232244.000000 
46573916.000000 35037728.000000 
46085738.000000 35869076.000000 
74037726.000000 24741604.000000 

65112288.000000 23100330.000000 
69523006.000000 20934216.000000 
44944958.000000 39942688.000000 
51572140.000000 28660074.000000 
49224800.000000 29923858.000000 
53669672.000000 28195274.000000 
50207946.000000 29449890.000000 
45248930.000000 37262644.000000 
47839424.000000 32030816.000000 
47198368.000000 32829374.000000 
44850296.000000 40305252.000000 
64292404.000000 23223194.000000 
54024846.000000 27721206.000000 
68504678.000000 22110592.000000 
66164404.000000 23022106.000000 
66330164.000000 22210436.000000 
69360182.000000 21504898.000000 
60591466.000000 24034004.000000 
61218144.000000 24014002.000000 
62983192.000000 23424136.000000 
57092256.000000 25014312.000000 
53678000.000000 28192776.000000 
54565496.000000 27514464.000000 
54683170.000000 25443438.000000 
53631124.000000 28597334.000000 
59290008.000000 24499036.000000 
60458802.000000 24036328.000000 
69257918.000000 21620434.000000 

44847244.000000 46509874.000000 
42694678.000000 57210498.000000 
46735314.000000 38506608.000000 
46486286.000000 38545294.000000 
40146344.000000 58532712.000000 
43206890.000000 49078794.000000 
48309954.000000 36984708.000000 
51640774.000000 30502968.000000 
49229156.000000 33262142.000000 
46913542.000000 37387424.000000 
57541644.000000 25539270.000000 
63678994.000000 22937290.000000 
59116818.000000 24482760.000000 
58422738.000000 25472168.000000 
50079474.000000 32841664.000000 
45142560.000000 43689118.000000 
70141304.000000 22826790.000000 
54159416.000000 28291598.000000 
54296326.000000 27215112.000000 
53058150.000000 30273364.000000 
44150844.000000 46904650.000000 
44823336.000000 46672708.000000 
48929130.000000 33790622.000000 
50599502.000000 32514130.000000 
47578202.000000 37058882.000000 
48822198.000000 34310598.000000 
49602130.000000 32890492.000000 
53291406.000000 29342758.000000 
52865930.000000 30402818.000000 
51503980.000000 31505236.000000 
50430384.000000 32769202.000000 
42855500.000000 54574216.000000 
51156266.000000 31666898.000000 
51563770.000000 31407934.000000 

45048128.000000 39562518.000000 
40673416.000000 44785698.000000 
40871462.000000 44602986.000000 
41756638.000000 43933358.000000 
54869642.000000 29485198.000000 
51455680.000000 30692896.000000 
37751794.000000 53303684.000000 
43350292.000000 42432346.000000 
41208242.000000 44349592.000000 
39414134.000000 46009618.000000 
46118506.000000 37813478.000000 
42502782.000000 43722668.000000 
43627076.000000 40748696.000000 
47047068.000000 36994260.000000 
47988734.000000 34934320.000000 
50252300.000000 33601448.000000 
47088924.000000 34937990.000000 
48587454.000000 34534546.000000 
44511246.000000 40490374.000000 
63057654.000000 22243014.000000 
67364154.000000 22116658.000000 
51146906.000000 31541156.000000 
40592880.000000 45833284.000000 
53825386.000000 30129200.000000 
55333980.000000 27444896.000000 
48925264.000000 34350656.000000 
49192516.000000 33771458.000000 
50313646.000000 31720280.000000 
54109960.000000 29547768.000000 
59874280.000000 25812968.000000 
62312910.000000 24498510.000000 
62663266.000000 23982722.000000 
39130006.000000 49335956.000000 
62069282.000000 24912252.000000 

46789700.000000 43452546.000000 
60239478.000000 29622712.000000 
63374294.000000 26851924.000000 
45405170.000000 49772404.000000 
54849308.000000 32103636.000000 
51380722.000000 34683842.000000 
49491356.000000 36502032.000000 
56691592.000000 31070720.000000 
53223264.000000 33674998.000000 
50526554.000000 34777914.000000 
57434050.000000 30851728.000000 
66298794.000000 26613450.000000 
71988494.000000 25981426.000000 
49127250.000000 41965674.000000 
48611188.000000 43010392.000000 
49359120.000000 39995452.000000 
45579008.000000 48537224.000000 
45955438.000000 45998010.000000 
63161882.000000 27004894.000000 
62988612.000000 27547554.000000 
61380418.000000 27815766.000000 
63674184.000000 26839800.000000 
63243592.000000 26992830.000000 
46578380.000000 44507094.000000 
47102818.000000 43236790.000000 
46282612.000000 45634334.000000 
69992534.000000 26531622.000000 
46480584.000000 44712322.000000 
60130574.000000 30219834.000000 
45931992.000000 48496932.000000 
57839920.000000 30580718.000000 
60778892.000000 29057416.000000 

48618986.000000 38948252.000000 
50628286.000000 37134486.000000 
49942440.000000 37670798.000000 
50042414.000000 37422502.000000 
74991570.000000 22305034.000000 
45698784.000000 40379106.000000 
50792462.000000 36165090.000000 
54945650.000000 28483782.000000 
50816294.000000 34290426.000000 
62641094.000000 23967536.000000 
63971036.000000 23630926.000000 
61954410.000000 24093888.000000 
58932814.000000 25620342.000000 
53586662.000000 29291292.000000 
76832224.000000 22261918.000000 
60179436.000000 25322320.000000 
67082540.000000 23013900.000000 
44659052.000000 50826132.000000 
55721368.000000 27988664.000000 
51844536.000000 31410226.000000 
56488896.000000 25980114.000000 
78259096.000000 22261192.000000 
55882026.000000 27647940.000000 
51569776.000000 31458882.000000 
68005398.000000 22693716.000000 
66082288.000000 23261038.000000 
68649136.000000 22517220.000000 
68949928.000000 22422426.000000 
67372498.000000 22910030.000000 
73425682.000000 22316248.000000 
60707906.000000 24922592.000000 
61063094.000000 24895560.000000 
56844084.000000 25953082.000000 
78565984.000000 22249074.000000 
74917366.000000 22308570.000000 

61173784.000000 22832450.000000 
62391538.000000 22174498.000000 
44277658.000000 52786322.000000 
45274442.000000 51339280.000000 
46284050.000000 51306812.000000 
47546962.000000 45582648.000000 
48934088.000000 37482384.000000 
49764818.000000 36964684.000000 
48078010.000000 42141696.000000 
48638164.000000 37871294.000000 
56060078.000000 31026376.000000 
65266100.000000 20967882.000000 
68847714.000000 20425728.000000 
68300724.000000 20865122.000000 
63043628.000000 22027052.000000 
78854912.000000 20263570.000000 
51946986.000000 34214190.000000 
53332788.000000 31140130.000000 
48538654.000000 39056892.000000 
52691238.000000 33727248.000000 
52474304.000000 33908678.000000 
52742288.000000 32139626.000000 
56528088.000000 25865762.000000 
81903734.000000 20066118.000000 
50806440.000000 35551756.000000 
63417598.000000 21415352.000000 
56164208.000000 28937382.000000 

54687236.000000 28315294.000000 
54000154.000000 28421980.000000 
49324834.000000 36078038.000000 
61428954.000000 24031142.000000 
46507004.000000 37951906.000000 
46263962.000000 37981888.000000 
44519152.000000 41797906.000000 
64814338.000000 23098118.000000 
61631442.000000 24010542.000000 
63842206.000000 23488252.000000 
64150686.000000 23468136.000000 
48748022.000000 36192372.000000 
48988238.000000 36137110.000000 
51043940.000000 29441262.000000 
63127120.000000 23780884.000000 
49533924.000000 33483658.000000 
51180262.000000 29439030.000000 
63395490.000000 23747764.000000 
51592450.000000 28568412.000000 
66215046.000000 22797872.000000 
64523214.000000 23118482.000000 
56627542.000000 24748264.000000 
55138836.000000 24817820.000000 
47339254.000000 37741108.000000 
47097476.000000 37905328.000000 
47179452.000000 37775886.000000 

49150792.000000 34839324.000000 
44628258.000000 37865246.000000 
61583316.000000 21850968.000000 
51076876.000000 33675332.000000 
56214470.000000 25826592.000000 
52397920.000000 32422348.000000 
51758110.000000 33599508.000000 
49919518.000000 34463900.000000 
53815922.000000 28781922.000000 
54002142.000000 28231346.000000 
52853674.000000 29440534.000000 
52090866.000000 32820270.000000 
72228690.000000 21137894.000000 
66511354.000000 21150836.000000 
72492440.000000 20857132.000000 
57343234.000000 25200608.000000 
56196186.000000 26410228.000000 
50261248.000000 33945536.000000 
55679190.000000 27278088.000000 
51892180.000000 33495420.000000 
56805430.000000 25259818.000000 
57964790.000000 24052814.000000 
40812982.000000 48214660.000000 
40114488.000000 49683040.000000 
42548780.000000 46480594.000000 
57910256.000000 24719000.000000 
52677550.000000 31443136.000000 
44808216.000000 35703952.000000 
44698358.000000 37778932.000000 
43246674.000000 43883634.000000 
43867624.000000 42613604.000000 

53416758.000000 28932664.000000 
59580078.000000 22707704.000000 
51582410.000000 31235072.000000 
48875122.000000 37818676.000000 
47070868.000000 54011118.000000 
47298798.000000 43513644.000000 
47596152.000000 43140114.000000 
48912894.000000 34293650.000000 
52251372.000000 31034132.000000 
58829564.000000 25433208.000000 
51193956.000000 32984876.000000 
48739996.000000 38432234.000000 
51732692.000000 31085936.000000 
51263770.000000 32239692.000000 
50532430.000000 34043260.000000 
52951676.000000 29584344.000000 
52642422.000000 29871048.000000 
53838058.000000 27919072.000000 
56737992.000000 25453702.000000 

70262134.000000 19006742.000000 
46277148.000000 38186420.000000 
56272388.000000 22600610.000000 
51640370.000000 25064514.000000 
46131048.000000 38477926.000000 
52809346.000000 23610752.000000 
50224018.000000 31972462.000000 
51367264.000000 28612170.000000 
48393380.000000 32346478.000000 
47134208.000000 37305300.000000 
51565804.000000 27155986.000000 
52407738.000000 25054700.000000 
49926222.000000 32294106.000000 
66261794.000000 19911884.000000 
65098286.000000 20266276.000000 
56638412.000000 21156662.000000 
67026058.000000 19733118.000000 
74188968.000000 18919322.000000 
47465774.000000 33468656.000000 
51129684.000000 29110052.000000 
47302710.000000 37050344.000000 
57512946.000000 21142226.000000 
58920286.000000 20788314.000000 
68525058.000000 19717162.000000 
82465454.000000 18496978.000000 
46403556.000000 38044182.000000 

50949976.000000 28427858.000000 
49000922.000000 28732772.000000 
47497838.000000 29602492.000000 
43867866.000000 36641078.000000 
41816134.000000 39898436.000000 
41349916.000000 46495750.000000 
40501398.000000 47391240.000000 
44294900.000000 34469128.000000 
69219514.000000 23509570.000000 
45874982.000000 33832174.000000 
51014194.000000 25702972.000000 
47293718.000000 31519178.000000 

44251640.000000 56028380.000000 
47156666.000000 45830020.000000 
51053950.000000 30617520.000000 
46950788.000000 49034780.000000 
71827108.000000 24052612.000000 
47347578.000000 39812440.000000 
50963962.000000 32361178.000000 
54925116.000000 28301396.000000 
53320526.000000 29517708.000000 
56190754.000000 28161866.000000 
70133964.000000 24073974.000000 
57467274.000000 25785792.000000 
62925182.000000 24879352.000000 
54507224.000000 28861724.000000 
60844258.000000 25620114.000000 
62192124.000000 25009426.000000 
56890112.000000 26001580.000000 
50213774.000000 32644208.000000 
56520594.000000 27576972.000000 
67293774.000000 24781572.000000 
68606686.000000 24246202.000000 
44258420.000000 54087342.000000 
45293006.000000 52591850.000000 
44742900.000000 52901006.000000 
46062040.000000 51680992.000000 
48278598.000000 36775008.000000 
47899254.000000 38534496.000000 
48305840.000000 34592526.000000 
48818306.000000 32916998.000000 
53029578.000000 30512208.000000 
51867378.000000 30562186.000000 
53969388.000000 29387984.000000 

57063742.000000 26354716.000000 
56387000.000000 27227360.000000 
42218028.000000 46639266.000000 
42297536.000000 44889242.000000 
46241610.000000 37830112.000000 
46723186.000000 37620126.000000 
52279470.000000 27386400.000000 
50554252.000000 29056236.000000 
62873232.000000 24640056.000000 
46738710.000000 35710912.000000 
45349880.000000 39996848.000000 
59661422.000000 25581330.000000 
56639298.000000 26467168.000000 
48551194.000000 31169870.000000 
48706602.000000 30879386.000000 
46873634.000000 34984972.000000 
45868212.000000 38521990.000000 
46946942.000000 34209436.000000 
43505002.000000 43493244.000000 
45510606.000000 38800682.000000 
63962368.000000 23267322.000000 
65270576.000000 21927912.000000 
43469814.000000 43653498.000000 
44408714.000000 43237204.000000 
63811616.000000 23354766.000000 
61226698.000000 25251624.000000 

63597246.000000 21837610.000000 
56931788.000000 29583428.000000 
41750970.000000 51969454.000000 
59889664.000000 26989218.000000 
42406696.000000 46347472.000000 
60204066.000000 26600930.000000 
45678534.000000 41665094.000000 
51934072.000000 33216970.000000 
48932290.000000 34578424.000000 
51686250.000000 33413386.000000 
47118132.000000 37689402.000000 
43147508.000000 46156190.000000 
43741940.000000 44935364.000000 
54523728.000000 31444262.000000 
63146852.000000 24064420.000000 
46854460.000000 38245564.000000 
42405312.000000 51429500.000000 
53927544.000000 31725384.000000 
57621308.000000 28941548.000000 
54800088.000000 30000738.000000 
55294336.000000 29669804.000000 
57773582.000000 27573010.000000 
63139000.000000 25447792.000000 
62381724.000000 25583872.000000 
62366724.000000 26459348.000000 
52370328.000000 32758552.000000 

63805542.000000 23628832.000000 
63551388.000000 25814426.000000 
63551776.000000 25181246.000000 
49802430.000000 37774206.000000 
44550980.000000 42760548.000000 
60500672.000000 28169072.000000 
63377356.000000 26054010.000000 
54871300.000000 32233618.000000 
45702384.000000 40679360.000000 
50446936.000000 34154694.000000 
65439930.000000 23143400.000000 
61927654.000000 26993150.000000 
55474294.000000 31213900.000000 
59440690.000000 29130816.000000 
56998598.000000 29311026.000000 
59041922.000000 29160648.000000 
44669702.000000 41592896.000000 
48353046.000000 38658550.000000 
56544716.000000 29376146.000000 
60436816.000000 28891122.000000 
62140648.000000 26478706.000000 
53856776.000000 33518794.000000 
54004742.000000 33417348.000000 
67139818.000000 23132990.000000 
46262282.000000 39725800.000000 
45302744.000000 41384844.000000 
62858148.000000 26228198.000000 

35921398.000000 51783038.000000 
43874478.000000 39922818.000000 
43955136.000000 39912574.000000 
47238626.000000 29233056.000000 
41498384.000000 40396248.000000 
39539366.000000 46285274.000000 
39548126.000000 46250774.000000 
37019582.000000 51637784.000000 
39142746.000000 46419690.000000 
40276542.000000 44224890.000000 
46094300.000000 31642592.000000 
46723356.000000 29269692.000000 
47937970.000000 28664124.000000 
46141694.000000 31237234.000000 
49732708.000000 27430842.000000 
50124228.000000 25106492.000000 
45774406.000000 32428954.000000 
46082134.000000 32088568.000000 
45237930.000000 35984852.000000 
45584946.000000 33677734.000000 
49223334.000000 27901456.000000 
46437200.000000 29631828.000000 
58380166.000000 22592518.000000 
61615264.000000 22127038.000000 
58976050.000000 22526754.000000 
61019380.000000 22192802.000000 

44366148.000000 43100108.000000 
58129402.000000 27142070.000000 
54573854.000000 30964154.000000 
48179590.000000 35732972.000000 
44869620.000000 39349748.000000 
46261982.000000 36792516.000000 
52025548.000000 34434968.000000 
71105072.000000 21182370.000000 
62853548.000000 26092676.000000 
46102742.000000 38254056.000000 
61703094.000000 26404512.000000 
68078522.000000 23624494.000000 
64082848.000000 25883808.000000 
53434210.000000 32788346.000000 
56754638.000000 27408610.000000 
53856266.000000 31629166.000000 
65181714.000000 24174618.000000 
54897736.000000 29225638.000000 
55508586.000000 27784452.000000 

66052714.000000 23896342.000000 
53869082.000000 25146622.000000 
59171684.000000 24563624.000000 
49662744.000000 32889350.000000 
48437384.000000 33773118.000000 
47866442.000000 34034260.000000 
51151426.000000 32724198.000000 
58924780.000000 24571386.000000 
52318820.000000 25303972.000000 
51360570.000000 31306006.000000 
47687406.000000 34498614.000000 
45024684.000000 35579490.000000 
60589642.000000 24283498.000000 
62102772.000000 24118588.000000 
53313350.000000 25157280.000000 
57676716.000000 24966488.000000 
51611388.000000 26731332.000000 
54858478.000000 24991266.000000 
46403562.000000 35385540.000000 
58904350.000000 24876752.000000 
72853250.000000 23802268.000000 
67237608.000000 23853034.000000 
64613108.000000 24091356.000000 
65411994.000000 24011924.000000 

42338250.000000 45426660.000000 
54578422.000000 26804858.000000 
66638010.000000 22826968.000000 
46068608.000000 36183292.000000 
65390436.000000 22965616.000000 
64135444.000000 23524804.000000 
45973676.000000 39214860.000000 
48492330.000000 33928554.000000 
45972624.000000 39250454.000000 
47589444.000000 34746814.000000 
49017282.000000 30792180.000000 
47619920.000000 34004476.000000 
57520874.000000 25172180.000000 
44252882.000000 44778448.000000 
48550410.000000 32484392.000000 
62375544.000000 24057878.000000 
60246938.000000 24275270.000000 
57156378.000000 25635988.000000 
44685086.000000 43799492.000000 
56437142.000000 26095324.000000 
56360258.000000 26279652.000000 
48356866.000000 33942528.000000 
45309720.000000 42806270.000000 
45463018.000000 40082860.000000 
51167818.000000 28259930.000000 
49008898.000000 32186590.000000 
52498682.000000 28013048.000000 
48504518.000000 32667984.000000 
49136058.000000 30585448.000000 
47874628.000000 33991380.000000 
50117386.000000 29826080.000000 
51285986.000000 28078272.000000 
57798142.000000 24950006.000000 
57156024.000000 25874046.000000 
57059804.000000 25970436.000000 

45422236.000000 44289398.000000 
51833176.000000 31220826.000000 
55241148.000000 26815756.000000 
47286756.000000 38251276.000000 
50292018.000000 32872994.000000 
61818806.000000 22208432.000000 
59642204.000000 22698468.000000 
59243540.000000 25166662.000000 
50718580.000000 32586010.000000 
52489530.000000 27725918.000000 
58422110.000000 25257012.000000 
49984918.000000 34770882.000000 
47407052.000000 37505384.000000 
50822298.000000 32451034.000000 
52208178.000000 30608862.000000 
47324152.000000 38248344.000000 
48793046.000000 35663212.000000 
47167210.000000 38388116.000000 
50177212.000000 33478620.000000 
45742620.000000 38532940.000000 

61639812.000000 24805738.000000 
45137562.000000 51183042.000000 
45319916.000000 49549344.000000 
48812514.000000 41123664.000000 
49788386.000000 34344526.000000 
52096202.000000 29320646.000000 
49112662.000000 37355290.000000 
49326244.000000 35381586.000000 
49865966.000000 33924472.000000 
50616822.000000 33180716.000000 
49674968.000000 34677584.000000 
50404490.000000 33604408.000000 
51450166.000000 29886134.000000 
47612012.000000 43572386.000000 
47273218.000000 44023912.000000 
60286730.000000 25178726.000000 
52554340.000000 26473842.000000 
49648016.000000 35258566.000000 
51296494.000000 31661370.000000 
59183858.000000 25991710.000000 
51047224.000000 31735922.000000 

50701884.000000 32254474.000000 
50630544.000000 32879552.000000 
56669484.000000 30495664.000000 
42985332.000000 42641264.000000 
58974798.000000 28264760.000000 
47263210.000000 36733176.000000 
62391730.000000 24781312.000000 
60381778.000000 25264632.000000 
50377990.000000 33121200.000000 
57672110.000000 29224646.000000 
57563438.000000 29254320.000000 
50471998.000000 33042814.000000 
43877488.000000 40703060.000000 
45087126.000000 38558158.000000 
43069346.000000 42523184.000000 
53011856.000000 31542292.000000 
58179260.000000 28664508.000000 
53810558.000000 30777036.000000 
57203784.000000 30222750.000000 
59587744.000000 25803298.000000 
49492760.000000 34894866.000000 
56905736.000000 30242436.000000 
52463688.000000 32138114.000000 
44964532.000000 39741042.000000 
45010382.000000 38562282.000000 
49785210.000000 34555738.000000 
48175020.000000 35317208.000000 
44210526.000000 40232700.000000 

44747788.000000 50730974.000000 
46120140.000000 42109102.000000 
46021076.000000 42645222.000000 
43576100.000000 58583334.000000 
43751080.000000 53040044.000000 
59033232.000000 24128478.000000 
44773112.000000 49445948.000000 
44972484.000000 46329050.000000 
54250690.000000 25497300.000000 
55913730.000000 24434908.000000 
55820142.000000 24543108.000000 
47253166.000000 32215738.000000 
65711402.000000 23647860.000000 
51629378.000000 26615500.000000 
69441934.000000 23456586.000000 
45509256.000000 46295564.000000 
45602438.000000 42869042.000000 
47264456.000000 30648502.000000 
48752176.000000 27233118.000000 
48691420.000000 27597046.000000 
46399080.000000 37220666.000000 
46393830.000000 37339704.000000 
46016970.000000 42764256.000000 
51960338.000000 25921034.000000 

44338794.000000 49430864.000000 
43993468.000000 50161002.000000 
67218630.000000 25651446.000000 
72258672.000000 24456970.000000 
46864194.000000 46552606.000000 
47716066.000000 32571414.000000 
49617360.000000 32206220.000000 
50428012.000000 32061210.000000 
44828358.000000 47663562.000000 
47635418.000000 42786358.000000 
44478548.000000 48461662.000000 
61037830.000000 28581274.000000 
68535702.000000 25432486.000000 
62815560.000000 27392398.000000 
61698882.000000 27933094.000000 
66663186.000000 26067524.000000 
51084606.000000 29022302.000000 
50698092.000000 30004950.000000 
49052296.000000 32486750.000000 
57057064.000000 28594602.000000 
68924880.000000 24508460.000000 
63515332.000000 26432322.000000 
63651684.000000 26382668.000000 
61520040.000000 28101880.000000 
62252592.000000 27521598.000000 
68394268.000000 25578892.000000 
67354982.000000 25601792.000000 
66484344.000000 26236310.000000 
62388944.000000 27471944.000000 
80961966.000000 24291878.000000 
74987312.000000 24336280.000000 

48116774.000000 42862836.000000 
54383668.000000 28170340.000000 
49449976.000000 33285926.000000 
52365258.000000 28205974.000000 
51467626.000000 33257492.000000 

41135048.000000 54788270.000000 
51931508.000000 27515468.000000 
55577062.000000 26823580.000000 
51369568.000000 30504584.000000 
44541872.000000 49703742.000000 
47177642.000000 34419666.000000 
46598798.000000 35368842.000000 
46095124.000000 35391170.000000 
46015302.000000 41402562.000000 
43095780.000000 50449398.000000 
45987172.000000 47896492.000000 
42482196.000000 52603126.000000 
65680686.000000 26003030.000000 
45578264.000000 47904200.000000 
50802202.000000 31423500.000000 
53483514.000000 27461010.000000 

54704698.000000 28183186.000000 
42865106.000000 45925582.000000 
44995536.000000 45909714.000000 
61640088.000000 24213582.000000 
55716010.000000 26222984.000000 
62233370.000000 23099770.000000 
46681780.000000 34724716.000000 
51894310.000000 33377428.000000 
45532854.000000 42307384.000000 
51060268.000000 34383064.000000 
45580310.000000 40121600.000000 
45368546.000000 42386140.000000 
46514054.000000 39328724.000000 
52602000.000000 29517734.000000 
72031766.000000 21713616.000000 
66133448.000000 22180252.000000 
51369854.000000 34351104.000000 
75675032.000000 21572684.000000 
50653062.000000 34613696.000000 
64242084.000000 22710626.000000 
56645966.000000 25007218.000000 
56183448.000000 25011972.000000 
46124198.000000 39602626.000000 
54747458.000000 28132830.000000 
66665160.000000 22114464.000000 
46198954.000000 39589102.000000 

59441640.000000 25756496.000000 
41345730.000000 42382246.000000 
43821188.000000 33854130.000000 
46874134.000000 29177498.000000 
46139476.000000 29692512.000000 
49482510.000000 27647772.000000 
43440466.000000 39102060.000000 
40674202.000000 44104576.000000 
41967938.000000 42063964.000000 
42333628.000000 41370680.000000 

50595524.000000 26279972.000000 
45767818.000000 42440538.000000 
45983636.000000 32980970.000000 
49186534.000000 28848510.000000 
43587968.000000 42975074.000000 
49236926.000000 27935132.000000 
48810960.000000 30074224.000000 
53234040.000000 23991908.000000 
51135624.000000 26099084.000000 
48206980.000000 30719294.000000 
43375364.000000 43698808.000000 
39993960.000000 57214732.000000 
68994572.000000 23525786.000000 
45979636.000000 42106640.000000 
51146544.000000 24060924.000000 
65316490.000000 23525826.000000 
42351720.000000 45825534.000000 
42640788.000000 45104054.000000 
40846256.000000 45914168.000000 
47524740.000000 30742224.000000 
50296536.000000 27425992.000000 
40442344.000000 52121610.000000 
75927418.000000 22146218.000000 
73932590.000000 22436720.000000 

